44.0 APEX_CODE,FINEST;APEX_PROFILING,INFO;CALLOUT,INFO;DB,INFO;NBA,INFO;SYSTEM,DEBUG;VALIDATION,INFO;VISUALFORCE,INFO;WAVE,INFO;WORKFLOW,INFO
15:08:52.0 (118816)|USER_INFO|[EXTERNAL]|0051H000009gxp8|chanida.dev2@solvedbysoftwareco.com|Eastern Standard Time|GMT-05:00
15:08:52.0 (1875775)|ENTERING_MANAGED_PKG|tdc_tsw
15:08:52.0 (2282442)|ENTERING_MANAGED_PKG|tdc_tsw
15:08:52.0 (5593425)|SOQL_EXECUTE_BEGIN|[16]|Aggregations:0|SELECT id, name, Disable_Incoming_SMS_Sharing__c FROM User WHERE id = :tmpVar1
15:08:52.0 (12086843)|SOQL_EXECUTE_END|[16]|Rows:1
15:08:52.0 (17178330)|SOQL_EXECUTE_BEGIN|[37]|Aggregations:0|SELECT CreatedDate,Created_Date__c,Id,LastModifiedDate,MessageId__c,Message_Text_New__c,Name,OwnerId,Read__c,Related_Object_Id__c,Related_Object__c,Sender_Number__c, Sender_Name__c,ToNumber__c,Attachments_Ids__c FROM Message__c WHERE Name = 'Incoming' AND Read__c = false ORDER BY CreatedDate Desc limit 100
15:08:52.0 (37428368)|SOQL_EXECUTE_END|[37]|Rows:100
15:08:52.0 (54774616)|ENTERING_MANAGED_PKG|tdc_tsw
15:08:52.0 (56521251)|ENTERING_MANAGED_PKG|tdc_tsw
15:08:52.0 (57008947)|ENTERING_MANAGED_PKG|tdc_tsw
15:08:52.0 (58232991)|ENTERING_MANAGED_PKG|tdc_tsw
15:08:52.0 (60929977)|ENTERING_MANAGED_PKG|tdc_tsw
15:08:52.0 (61716942)|ENTERING_MANAGED_PKG|tdc_tsw
15:08:52.0 (61962773)|ENTERING_MANAGED_PKG|tdc_tsw
15:08:52.0 (62365418)|ENTERING_MANAGED_PKG|tdc_tsw
15:08:52.0 (63475489)|ENTERING_MANAGED_PKG|tdc_tsw
15:08:52.0 (64205156)|ENTERING_MANAGED_PKG|tdc_tsw
15:08:52.0 (64439005)|ENTERING_MANAGED_PKG|tdc_tsw
15:08:52.0 (64825220)|ENTERING_MANAGED_PKG|tdc_tsw
15:08:52.0 (66215432)|ENTERING_MANAGED_PKG|tdc_tsw
15:08:52.0 (66935188)|ENTERING_MANAGED_PKG|tdc_tsw
15:08:52.0 (67171902)|ENTERING_MANAGED_PKG|tdc_tsw
15:08:52.0 (67554384)|ENTERING_MANAGED_PKG|tdc_tsw
15:08:52.0 (68616068)|ENTERING_MANAGED_PKG|tdc_tsw
15:08:52.0 (69347302)|ENTERING_MANAGED_PKG|tdc_tsw
15:08:52.0 (69577469)|ENTERING_MANAGED_PKG|tdc_tsw
15:08:52.0 (69966379)|ENTERING_MANAGED_PKG|tdc_tsw
15:08:52.0 (71027555)|ENTERING_MANAGED_PKG|tdc_tsw
15:08:52.0 (71783711)|ENTERING_MANAGED_PKG|tdc_tsw
15:08:52.0 (72044545)|ENTERING_MANAGED_PKG|tdc_tsw
15:08:52.0 (72426957)|ENTERING_MANAGED_PKG|tdc_tsw
15:08:52.0 (73524385)|ENTERING_MANAGED_PKG|tdc_tsw
15:08:52.0 (74252099)|ENTERING_MANAGED_PKG|tdc_tsw
15:08:52.0 (74484093)|ENTERING_MANAGED_PKG|tdc_tsw
15:08:52.0 (74864890)|ENTERING_MANAGED_PKG|tdc_tsw
15:08:52.0 (75939335)|ENTERING_MANAGED_PKG|tdc_tsw
15:08:52.0 (76665261)|ENTERING_MANAGED_PKG|tdc_tsw
15:08:52.0 (76897084)|ENTERING_MANAGED_PKG|tdc_tsw
15:08:52.0 (77291196)|ENTERING_MANAGED_PKG|tdc_tsw
15:08:52.0 (78361481)|ENTERING_MANAGED_PKG|tdc_tsw
15:08:52.0 (79101258)|ENTERING_MANAGED_PKG|tdc_tsw
15:08:52.0 (79334550)|ENTERING_MANAGED_PKG|tdc_tsw
15:08:52.0 (79716455)|ENTERING_MANAGED_PKG|tdc_tsw
15:08:52.0 (80780388)|ENTERING_MANAGED_PKG|tdc_tsw
15:08:52.0 (81502390)|ENTERING_MANAGED_PKG|tdc_tsw
15:08:52.0 (81734675)|ENTERING_MANAGED_PKG|tdc_tsw
15:08:52.0 (82139148)|ENTERING_MANAGED_PKG|tdc_tsw
15:08:52.0 (83197735)|ENTERING_MANAGED_PKG|tdc_tsw
15:08:52.0 (83924067)|ENTERING_MANAGED_PKG|tdc_tsw
15:08:52.0 (84169807)|ENTERING_MANAGED_PKG|tdc_tsw
15:08:52.0 (84557389)|ENTERING_MANAGED_PKG|tdc_tsw
15:08:52.0 (85630858)|ENTERING_MANAGED_PKG|tdc_tsw
15:08:52.0 (86354407)|ENTERING_MANAGED_PKG|tdc_tsw
15:08:52.0 (86586040)|ENTERING_MANAGED_PKG|tdc_tsw
15:08:52.0 (86981060)|ENTERING_MANAGED_PKG|tdc_tsw
15:08:52.0 (88046492)|ENTERING_MANAGED_PKG|tdc_tsw
15:08:52.0 (88767240)|ENTERING_MANAGED_PKG|tdc_tsw
15:08:52.0 (89007160)|ENTERING_MANAGED_PKG|tdc_tsw
15:08:52.0 (89394303)|ENTERING_MANAGED_PKG|tdc_tsw
15:08:52.0 (90451761)|ENTERING_MANAGED_PKG|tdc_tsw
15:08:52.0 (91192703)|ENTERING_MANAGED_PKG|tdc_tsw
15:08:52.0 (91424075)|ENTERING_MANAGED_PKG|tdc_tsw
15:08:52.0 (91804021)|ENTERING_MANAGED_PKG|tdc_tsw
15:08:52.0 (92866591)|ENTERING_MANAGED_PKG|tdc_tsw
15:08:52.0 (93587988)|ENTERING_MANAGED_PKG|tdc_tsw
15:08:52.0 (93821358)|ENTERING_MANAGED_PKG|tdc_tsw
15:08:52.0 (94211272)|ENTERING_MANAGED_PKG|tdc_tsw
15:08:52.0 (95280767)|ENTERING_MANAGED_PKG|tdc_tsw
15:08:52.0 (96044882)|ENTERING_MANAGED_PKG|tdc_tsw
15:08:52.0 (96278151)|ENTERING_MANAGED_PKG|tdc_tsw
15:08:52.0 (96659357)|ENTERING_MANAGED_PKG|tdc_tsw
15:08:52.0 (97780580)|ENTERING_MANAGED_PKG|tdc_tsw
15:08:52.0 (98517747)|ENTERING_MANAGED_PKG|tdc_tsw
15:08:52.0 (98749846)|ENTERING_MANAGED_PKG|tdc_tsw
15:08:52.0 (99161681)|ENTERING_MANAGED_PKG|tdc_tsw
15:08:52.0 (100232161)|ENTERING_MANAGED_PKG|tdc_tsw
15:08:52.0 (100951687)|ENTERING_MANAGED_PKG|tdc_tsw
15:08:52.0 (101184161)|ENTERING_MANAGED_PKG|tdc_tsw
15:08:52.0 (101568861)|ENTERING_MANAGED_PKG|tdc_tsw
15:08:52.0 (102631828)|ENTERING_MANAGED_PKG|tdc_tsw
15:08:52.0 (103355021)|ENTERING_MANAGED_PKG|tdc_tsw
15:08:52.0 (103586246)|ENTERING_MANAGED_PKG|tdc_tsw
15:08:52.0 (103973915)|ENTERING_MANAGED_PKG|tdc_tsw
15:08:52.0 (105039818)|ENTERING_MANAGED_PKG|tdc_tsw
15:08:52.0 (105754893)|ENTERING_MANAGED_PKG|tdc_tsw
15:08:52.0 (105992700)|ENTERING_MANAGED_PKG|tdc_tsw
15:08:52.0 (106376978)|ENTERING_MANAGED_PKG|tdc_tsw
15:08:52.0 (107440427)|ENTERING_MANAGED_PKG|tdc_tsw
15:08:52.0 (108227071)|ENTERING_MANAGED_PKG|tdc_tsw
15:08:52.0 (108437458)|ENTERING_MANAGED_PKG|tdc_tsw
15:08:52.0 (108818513)|ENTERING_MANAGED_PKG|tdc_tsw
15:08:52.0 (109898391)|ENTERING_MANAGED_PKG|tdc_tsw
15:08:52.0 (110619137)|ENTERING_MANAGED_PKG|tdc_tsw
15:08:52.0 (110851854)|ENTERING_MANAGED_PKG|tdc_tsw
15:08:52.0 (111245850)|ENTERING_MANAGED_PKG|tdc_tsw
15:08:52.0 (112307972)|ENTERING_MANAGED_PKG|tdc_tsw
15:08:52.0 (113044269)|ENTERING_MANAGED_PKG|tdc_tsw
15:08:52.0 (113276390)|ENTERING_MANAGED_PKG|tdc_tsw
15:08:52.0 (113655927)|ENTERING_MANAGED_PKG|tdc_tsw
15:08:52.0 (114723341)|ENTERING_MANAGED_PKG|tdc_tsw
15:08:52.0 (115449842)|ENTERING_MANAGED_PKG|tdc_tsw
15:08:52.0 (115682155)|ENTERING_MANAGED_PKG|tdc_tsw
15:08:52.0 (116072711)|ENTERING_MANAGED_PKG|tdc_tsw
15:08:52.0 (117133674)|ENTERING_MANAGED_PKG|tdc_tsw
15:08:52.0 (117843938)|ENTERING_MANAGED_PKG|tdc_tsw
15:08:52.0 (118083264)|ENTERING_MANAGED_PKG|tdc_tsw
15:08:52.0 (118463859)|ENTERING_MANAGED_PKG|tdc_tsw
15:08:52.0 (119563103)|ENTERING_MANAGED_PKG|tdc_tsw
15:08:52.0 (120288203)|ENTERING_MANAGED_PKG|tdc_tsw
15:08:52.0 (120520439)|ENTERING_MANAGED_PKG|tdc_tsw
15:08:52.0 (120901394)|ENTERING_MANAGED_PKG|tdc_tsw
15:08:52.0 (121977173)|ENTERING_MANAGED_PKG|tdc_tsw
15:08:52.0 (122687306)|ENTERING_MANAGED_PKG|tdc_tsw
15:08:52.0 (122919179)|ENTERING_MANAGED_PKG|tdc_tsw
15:08:52.0 (123306945)|ENTERING_MANAGED_PKG|tdc_tsw
15:08:52.0 (124373928)|ENTERING_MANAGED_PKG|tdc_tsw
15:08:52.0 (125089438)|ENTERING_MANAGED_PKG|tdc_tsw
15:08:52.0 (125320538)|ENTERING_MANAGED_PKG|tdc_tsw
15:08:52.0 (125699945)|ENTERING_MANAGED_PKG|tdc_tsw
15:08:52.0 (126764332)|ENTERING_MANAGED_PKG|tdc_tsw
15:08:52.0 (127486057)|ENTERING_MANAGED_PKG|tdc_tsw
15:08:52.0 (127716837)|ENTERING_MANAGED_PKG|tdc_tsw
15:08:52.0 (128109422)|ENTERING_MANAGED_PKG|tdc_tsw
15:08:52.0 (129164206)|ENTERING_MANAGED_PKG|tdc_tsw
15:08:52.0 (129875338)|ENTERING_MANAGED_PKG|tdc_tsw
15:08:52.0 (130114265)|ENTERING_MANAGED_PKG|tdc_tsw
15:08:52.0 (130493442)|ENTERING_MANAGED_PKG|tdc_tsw
15:08:52.0 (131554640)|ENTERING_MANAGED_PKG|tdc_tsw
15:08:52.0 (132278918)|ENTERING_MANAGED_PKG|tdc_tsw
15:08:52.0 (132518808)|ENTERING_MANAGED_PKG|tdc_tsw
15:08:52.0 (132898595)|ENTERING_MANAGED_PKG|tdc_tsw
15:08:52.0 (133968474)|ENTERING_MANAGED_PKG|tdc_tsw
15:08:52.0 (134684363)|ENTERING_MANAGED_PKG|tdc_tsw
15:08:52.0 (134916040)|ENTERING_MANAGED_PKG|tdc_tsw
15:08:52.0 (135306147)|ENTERING_MANAGED_PKG|tdc_tsw
15:08:52.0 (136439218)|ENTERING_MANAGED_PKG|tdc_tsw
15:08:52.0 (137211645)|ENTERING_MANAGED_PKG|tdc_tsw
15:08:52.0 (137444581)|ENTERING_MANAGED_PKG|tdc_tsw
15:08:52.0 (137826090)|ENTERING_MANAGED_PKG|tdc_tsw
15:08:52.0 (138891456)|ENTERING_MANAGED_PKG|tdc_tsw
15:08:52.0 (139610773)|ENTERING_MANAGED_PKG|tdc_tsw
15:08:52.0 (139841842)|ENTERING_MANAGED_PKG|tdc_tsw
15:08:52.0 (140500481)|ENTERING_MANAGED_PKG|tdc_tsw
15:08:52.0 (141659447)|ENTERING_MANAGED_PKG|tdc_tsw
15:08:52.0 (142427830)|ENTERING_MANAGED_PKG|tdc_tsw
15:08:52.0 (142663426)|ENTERING_MANAGED_PKG|tdc_tsw
15:08:52.0 (143155343)|ENTERING_MANAGED_PKG|tdc_tsw
15:08:52.0 (144321277)|ENTERING_MANAGED_PKG|tdc_tsw
15:08:52.0 (145049506)|ENTERING_MANAGED_PKG|tdc_tsw
15:08:52.0 (145282657)|ENTERING_MANAGED_PKG|tdc_tsw
15:08:52.0 (145786094)|ENTERING_MANAGED_PKG|tdc_tsw
15:08:52.0 (146957551)|ENTERING_MANAGED_PKG|tdc_tsw
15:08:52.0 (147673717)|ENTERING_MANAGED_PKG|tdc_tsw
15:08:52.0 (147905308)|ENTERING_MANAGED_PKG|tdc_tsw
15:08:52.0 (148398367)|ENTERING_MANAGED_PKG|tdc_tsw
15:08:52.0 (149567123)|ENTERING_MANAGED_PKG|tdc_tsw
15:08:52.0 (150290661)|ENTERING_MANAGED_PKG|tdc_tsw
15:08:52.0 (150528951)|ENTERING_MANAGED_PKG|tdc_tsw
15:08:52.0 (151014598)|ENTERING_MANAGED_PKG|tdc_tsw
15:08:52.0 (152174394)|ENTERING_MANAGED_PKG|tdc_tsw
15:08:52.0 (152902945)|ENTERING_MANAGED_PKG|tdc_tsw
15:08:52.0 (153176467)|ENTERING_MANAGED_PKG|tdc_tsw
15:08:52.0 (153659035)|ENTERING_MANAGED_PKG|tdc_tsw
15:08:52.0 (154829689)|ENTERING_MANAGED_PKG|tdc_tsw
15:08:52.0 (155562864)|ENTERING_MANAGED_PKG|tdc_tsw
15:08:52.0 (155794870)|ENTERING_MANAGED_PKG|tdc_tsw
15:08:52.0 (156285886)|ENTERING_MANAGED_PKG|tdc_tsw
15:08:52.0 (157477024)|ENTERING_MANAGED_PKG|tdc_tsw
15:08:52.0 (158200951)|ENTERING_MANAGED_PKG|tdc_tsw
15:08:52.0 (158433831)|ENTERING_MANAGED_PKG|tdc_tsw
15:08:52.0 (158919820)|ENTERING_MANAGED_PKG|tdc_tsw
15:08:52.0 (160087126)|ENTERING_MANAGED_PKG|tdc_tsw
15:08:52.0 (160813566)|ENTERING_MANAGED_PKG|tdc_tsw
15:08:52.0 (161054237)|ENTERING_MANAGED_PKG|tdc_tsw
15:08:52.0 (161592283)|ENTERING_MANAGED_PKG|tdc_tsw
15:08:52.0 (162791801)|ENTERING_MANAGED_PKG|tdc_tsw
15:08:52.0 (163539565)|ENTERING_MANAGED_PKG|tdc_tsw
15:08:52.0 (163772524)|ENTERING_MANAGED_PKG|tdc_tsw
15:08:52.0 (164260245)|ENTERING_MANAGED_PKG|tdc_tsw
15:08:52.0 (165413476)|ENTERING_MANAGED_PKG|tdc_tsw
15:08:52.0 (166147019)|ENTERING_MANAGED_PKG|tdc_tsw
15:08:52.0 (166366322)|ENTERING_MANAGED_PKG|tdc_tsw
15:08:52.0 (166848371)|ENTERING_MANAGED_PKG|tdc_tsw
15:08:52.0 (168137648)|ENTERING_MANAGED_PKG|tdc_tsw
15:08:52.0 (168869722)|ENTERING_MANAGED_PKG|tdc_tsw
15:08:52.0 (169111366)|ENTERING_MANAGED_PKG|tdc_tsw
15:08:52.0 (169589772)|ENTERING_MANAGED_PKG|tdc_tsw
15:08:52.0 (170757708)|ENTERING_MANAGED_PKG|tdc_tsw
15:08:52.0 (171501262)|ENTERING_MANAGED_PKG|tdc_tsw
15:08:52.0 (171734779)|ENTERING_MANAGED_PKG|tdc_tsw
15:08:52.0 (172276088)|ENTERING_MANAGED_PKG|tdc_tsw
15:08:52.0 (173484965)|ENTERING_MANAGED_PKG|tdc_tsw
15:08:52.0 (174285147)|ENTERING_MANAGED_PKG|tdc_tsw
15:08:52.0 (174521957)|ENTERING_MANAGED_PKG|tdc_tsw
15:08:52.0 (175015121)|ENTERING_MANAGED_PKG|tdc_tsw
15:08:52.0 (176226322)|ENTERING_MANAGED_PKG|tdc_tsw
15:08:52.0 (176959764)|ENTERING_MANAGED_PKG|tdc_tsw
15:08:52.0 (177194160)|ENTERING_MANAGED_PKG|tdc_tsw
15:08:52.0 (177666245)|ENTERING_MANAGED_PKG|tdc_tsw
15:08:52.0 (178819543)|ENTERING_MANAGED_PKG|tdc_tsw
15:08:52.0 (179547038)|ENTERING_MANAGED_PKG|tdc_tsw
15:08:52.0 (179778847)|ENTERING_MANAGED_PKG|tdc_tsw
15:08:52.0 (180269125)|ENTERING_MANAGED_PKG|tdc_tsw
15:08:52.0 (181419720)|ENTERING_MANAGED_PKG|tdc_tsw
15:08:52.0 (182154289)|ENTERING_MANAGED_PKG|tdc_tsw
15:08:52.0 (182384835)|ENTERING_MANAGED_PKG|tdc_tsw
15:08:52.0 (182908697)|ENTERING_MANAGED_PKG|tdc_tsw
15:08:52.0 (184224555)|ENTERING_MANAGED_PKG|tdc_tsw
15:08:52.0 (185036978)|ENTERING_MANAGED_PKG|tdc_tsw
15:08:52.0 (185122375)|ENTERING_MANAGED_PKG|tdc_tsw
15:08:52.0 (185637516)|SOQL_EXECUTE_BEGIN|[200]|Aggregations:0|SELECT Name, NamespacePrefix, SystemModStamp FROM StaticResource WHERE Name LIKE :tmpVar1 LIMIT 10
15:08:52.0 (188663659)|SOQL_EXECUTE_END|[200]|Rows:1
15:08:52.0 (189442583)|ENTERING_MANAGED_PKG|tdc_tsw
15:08:52.0 (189794190)|SOQL_EXECUTE_BEGIN|[200]|Aggregations:0|SELECT Name, NamespacePrefix, SystemModStamp FROM StaticResource WHERE Name LIKE :tmpVar1 LIMIT 10
15:08:52.0 (192504890)|SOQL_EXECUTE_END|[200]|Rows:1
15:08:52.0 (192879648)|ENTERING_MANAGED_PKG|tdc_tsw
15:08:52.0 (195654690)|ENTERING_MANAGED_PKG|tdc_tsw
15:08:52.0 (196817575)|ENTERING_MANAGED_PKG|tdc_tsw
15:08:52.0 (197080699)|ENTERING_MANAGED_PKG|tdc_tsw
15:08:52.0 (197914085)|ENTERING_MANAGED_PKG|tdc_tsw
15:08:52.0 (198317421)|SOQL_EXECUTE_BEGIN|[200]|Aggregations:0|SELECT Name, NamespacePrefix, SystemModStamp FROM StaticResource WHERE Name LIKE :tmpVar1 LIMIT 10
15:08:52.0 (201227892)|SOQL_EXECUTE_END|[200]|Rows:1
15:08:52.212 (212790066)|USER_INFO|[EXTERNAL]|0051H000009gxp8|chanida.dev2@solvedbysoftwareco.com|Eastern Standard Time|GMT-05:00
15:08:52.212 (214724298)|ENTERING_MANAGED_PKG|tdc_tsw
15:08:52.212 (214925666)|ENTERING_MANAGED_PKG|tdc_tsw
15:08:52.212 (217437643)|SOQL_EXECUTE_BEGIN|[355]|Aggregations:0|SELECT id, name, Disable_Incoming_SMS_Sharing__c FROM User WHERE id = :tmpVar1
15:08:52.212 (223447725)|SOQL_EXECUTE_END|[355]|Rows:1
15:08:52.212 (224483921)|SOQL_EXECUTE_BEGIN|[367]|Aggregations:0|SELECT CreatedDate,Id,LastModifiedDate,Related_Object_Id__c FROM Message__c WHERE Name = 'Incoming' AND Read__c = false ORDER BY CreatedDate Desc limit 100
15:08:52.212 (234512628)|SOQL_EXECUTE_END|[367]|Rows:100
