44.0 APEX_CODE,FINEST;APEX_PROFILING,INFO;CALLOUT,INFO;DB,INFO;NBA,INFO;SYSTEM,DEBUG;VALIDATION,INFO;VISUALFORCE,INFO;WAVE,INFO;WORKFLOW,INFO
11:13:42.0 (116297)|USER_INFO|[EXTERNAL]|0051H000009gxp8|chanida.dev2@solvedbysoftwareco.com|Eastern Standard Time|GMT-05:00
11:13:42.0 (1655385)|ENTERING_MANAGED_PKG|tdc_tsw
11:13:42.0 (2031479)|ENTERING_MANAGED_PKG|tdc_tsw
11:13:42.0 (5313503)|SOQL_EXECUTE_BEGIN|[16]|Aggregations:0|SELECT id, name, Disable_Incoming_SMS_Sharing__c FROM User WHERE id = :tmpVar1
11:13:42.0 (12189108)|SOQL_EXECUTE_END|[16]|Rows:1
11:13:42.0 (17354395)|SOQL_EXECUTE_BEGIN|[37]|Aggregations:0|SELECT CreatedDate,Created_Date__c,Id,LastModifiedDate,MessageId__c,Message_Text_New__c,Name,OwnerId,Read__c,Related_Object_Id__c,Related_Object__c,Sender_Number__c, Sender_Name__c,ToNumber__c,Attachments_Ids__c FROM Message__c WHERE Name = 'Incoming' AND Read__c = false ORDER BY CreatedDate Desc limit 100
11:13:42.0 (31885721)|SOQL_EXECUTE_END|[37]|Rows:100
11:13:42.0 (80523147)|ENTERING_MANAGED_PKG|tdc_tsw
11:13:42.0 (82182384)|ENTERING_MANAGED_PKG|tdc_tsw
11:13:42.0 (82612904)|ENTERING_MANAGED_PKG|tdc_tsw
11:13:42.0 (83282314)|ENTERING_MANAGED_PKG|tdc_tsw
11:13:42.0 (85996704)|ENTERING_MANAGED_PKG|tdc_tsw
11:13:42.0 (86750016)|ENTERING_MANAGED_PKG|tdc_tsw
11:13:42.0 (86999692)|ENTERING_MANAGED_PKG|tdc_tsw
11:13:42.0 (87385453)|ENTERING_MANAGED_PKG|tdc_tsw
11:13:42.0 (88482785)|ENTERING_MANAGED_PKG|tdc_tsw
11:13:42.0 (89215699)|ENTERING_MANAGED_PKG|tdc_tsw
11:13:42.0 (89458978)|ENTERING_MANAGED_PKG|tdc_tsw
11:13:42.0 (89880669)|ENTERING_MANAGED_PKG|tdc_tsw
11:13:42.0 (90922235)|ENTERING_MANAGED_PKG|tdc_tsw
11:13:42.0 (91643886)|ENTERING_MANAGED_PKG|tdc_tsw
11:13:42.0 (91864444)|ENTERING_MANAGED_PKG|tdc_tsw
11:13:42.0 (92238472)|ENTERING_MANAGED_PKG|tdc_tsw
11:13:42.0 (93328236)|ENTERING_MANAGED_PKG|tdc_tsw
11:13:42.0 (94096789)|ENTERING_MANAGED_PKG|tdc_tsw
11:13:42.0 (94337521)|ENTERING_MANAGED_PKG|tdc_tsw
11:13:42.0 (94705924)|ENTERING_MANAGED_PKG|tdc_tsw
11:13:42.0 (95729147)|ENTERING_MANAGED_PKG|tdc_tsw
11:13:42.0 (96441116)|ENTERING_MANAGED_PKG|tdc_tsw
11:13:42.0 (96660378)|ENTERING_MANAGED_PKG|tdc_tsw
11:13:42.0 (97025095)|ENTERING_MANAGED_PKG|tdc_tsw
11:13:42.0 (98100448)|ENTERING_MANAGED_PKG|tdc_tsw
11:13:42.0 (98852505)|ENTERING_MANAGED_PKG|tdc_tsw
11:13:42.0 (99081540)|ENTERING_MANAGED_PKG|tdc_tsw
11:13:42.0 (99450757)|ENTERING_MANAGED_PKG|tdc_tsw
11:13:42.0 (100506601)|ENTERING_MANAGED_PKG|tdc_tsw
11:13:42.0 (101232345)|ENTERING_MANAGED_PKG|tdc_tsw
11:13:42.0 (101454060)|ENTERING_MANAGED_PKG|tdc_tsw
11:13:42.0 (101822345)|ENTERING_MANAGED_PKG|tdc_tsw
11:13:42.0 (102902834)|ENTERING_MANAGED_PKG|tdc_tsw
11:13:42.0 (103615943)|ENTERING_MANAGED_PKG|tdc_tsw
11:13:42.0 (103835938)|ENTERING_MANAGED_PKG|tdc_tsw
11:13:42.0 (104218851)|ENTERING_MANAGED_PKG|tdc_tsw
11:13:42.0 (105256799)|ENTERING_MANAGED_PKG|tdc_tsw
11:13:42.0 (105974770)|ENTERING_MANAGED_PKG|tdc_tsw
11:13:42.0 (106203650)|ENTERING_MANAGED_PKG|tdc_tsw
11:13:42.0 (106593830)|ENTERING_MANAGED_PKG|tdc_tsw
11:13:42.0 (107623644)|ENTERING_MANAGED_PKG|tdc_tsw
11:13:42.0 (108356302)|ENTERING_MANAGED_PKG|tdc_tsw
11:13:42.0 (108628348)|ENTERING_MANAGED_PKG|tdc_tsw
11:13:42.0 (109010110)|ENTERING_MANAGED_PKG|tdc_tsw
11:13:42.0 (110048349)|ENTERING_MANAGED_PKG|tdc_tsw
11:13:42.0 (110765230)|ENTERING_MANAGED_PKG|tdc_tsw
11:13:42.0 (110984733)|ENTERING_MANAGED_PKG|tdc_tsw
11:13:42.0 (111361107)|ENTERING_MANAGED_PKG|tdc_tsw
11:13:42.0 (112395616)|ENTERING_MANAGED_PKG|tdc_tsw
11:13:42.0 (113115864)|ENTERING_MANAGED_PKG|tdc_tsw
11:13:42.0 (113337103)|ENTERING_MANAGED_PKG|tdc_tsw
11:13:42.0 (113719472)|ENTERING_MANAGED_PKG|tdc_tsw
11:13:42.0 (114801891)|ENTERING_MANAGED_PKG|tdc_tsw
11:13:42.0 (115523923)|ENTERING_MANAGED_PKG|tdc_tsw
11:13:42.0 (115748078)|ENTERING_MANAGED_PKG|tdc_tsw
11:13:42.0 (116123643)|ENTERING_MANAGED_PKG|tdc_tsw
11:13:42.0 (117153522)|ENTERING_MANAGED_PKG|tdc_tsw
11:13:42.0 (117890341)|ENTERING_MANAGED_PKG|tdc_tsw
11:13:42.0 (118120515)|ENTERING_MANAGED_PKG|tdc_tsw
11:13:42.0 (118489333)|ENTERING_MANAGED_PKG|tdc_tsw
11:13:42.0 (119581422)|ENTERING_MANAGED_PKG|tdc_tsw
11:13:42.0 (120318382)|ENTERING_MANAGED_PKG|tdc_tsw
11:13:42.0 (120540380)|ENTERING_MANAGED_PKG|tdc_tsw
11:13:42.0 (120907532)|ENTERING_MANAGED_PKG|tdc_tsw
11:13:42.0 (122266385)|ENTERING_MANAGED_PKG|tdc_tsw
11:13:42.0 (122979562)|ENTERING_MANAGED_PKG|tdc_tsw
11:13:42.0 (123207528)|ENTERING_MANAGED_PKG|tdc_tsw
11:13:42.0 (123576310)|ENTERING_MANAGED_PKG|tdc_tsw
11:13:42.0 (124600397)|ENTERING_MANAGED_PKG|tdc_tsw
11:13:42.0 (125314981)|ENTERING_MANAGED_PKG|tdc_tsw
11:13:42.0 (125533432)|ENTERING_MANAGED_PKG|tdc_tsw
11:13:42.0 (125899664)|ENTERING_MANAGED_PKG|tdc_tsw
11:13:42.0 (126956758)|ENTERING_MANAGED_PKG|tdc_tsw
11:13:42.0 (127672926)|ENTERING_MANAGED_PKG|tdc_tsw
11:13:42.0 (127893412)|ENTERING_MANAGED_PKG|tdc_tsw
11:13:42.0 (128269100)|ENTERING_MANAGED_PKG|tdc_tsw
11:13:42.0 (129338528)|ENTERING_MANAGED_PKG|tdc_tsw
11:13:42.0 (130048178)|ENTERING_MANAGED_PKG|tdc_tsw
11:13:42.0 (130275443)|ENTERING_MANAGED_PKG|tdc_tsw
11:13:42.0 (130651897)|ENTERING_MANAGED_PKG|tdc_tsw
11:13:42.0 (131681991)|ENTERING_MANAGED_PKG|tdc_tsw
11:13:42.0 (132433404)|ENTERING_MANAGED_PKG|tdc_tsw
11:13:42.0 (132654323)|ENTERING_MANAGED_PKG|tdc_tsw
11:13:42.0 (133024139)|ENTERING_MANAGED_PKG|tdc_tsw
11:13:42.0 (134088373)|ENTERING_MANAGED_PKG|tdc_tsw
11:13:42.0 (134805359)|ENTERING_MANAGED_PKG|tdc_tsw
11:13:42.0 (135024949)|ENTERING_MANAGED_PKG|tdc_tsw
11:13:42.0 (135402353)|ENTERING_MANAGED_PKG|tdc_tsw
11:13:42.0 (136427088)|ENTERING_MANAGED_PKG|tdc_tsw
11:13:42.0 (137138809)|ENTERING_MANAGED_PKG|tdc_tsw
11:13:42.0 (137358220)|ENTERING_MANAGED_PKG|tdc_tsw
11:13:42.0 (137724362)|ENTERING_MANAGED_PKG|tdc_tsw
11:13:42.0 (138798598)|ENTERING_MANAGED_PKG|tdc_tsw
11:13:42.0 (139517299)|ENTERING_MANAGED_PKG|tdc_tsw
11:13:42.0 (139738343)|ENTERING_MANAGED_PKG|tdc_tsw
11:13:42.0 (140111627)|ENTERING_MANAGED_PKG|tdc_tsw
11:13:42.0 (141143460)|ENTERING_MANAGED_PKG|tdc_tsw
11:13:42.0 (141889886)|ENTERING_MANAGED_PKG|tdc_tsw
11:13:42.0 (142124063)|ENTERING_MANAGED_PKG|tdc_tsw
11:13:42.0 (142493605)|ENTERING_MANAGED_PKG|tdc_tsw
11:13:42.0 (143549876)|ENTERING_MANAGED_PKG|tdc_tsw
11:13:42.0 (144273042)|ENTERING_MANAGED_PKG|tdc_tsw
11:13:42.0 (144492567)|ENTERING_MANAGED_PKG|tdc_tsw
11:13:42.0 (144858932)|ENTERING_MANAGED_PKG|tdc_tsw
11:13:42.0 (145934118)|ENTERING_MANAGED_PKG|tdc_tsw
11:13:42.0 (146683874)|ENTERING_MANAGED_PKG|tdc_tsw
11:13:42.0 (146904131)|ENTERING_MANAGED_PKG|tdc_tsw
11:13:42.0 (147282539)|ENTERING_MANAGED_PKG|tdc_tsw
11:13:42.0 (148329276)|ENTERING_MANAGED_PKG|tdc_tsw
11:13:42.0 (149079563)|ENTERING_MANAGED_PKG|tdc_tsw
11:13:42.0 (149300809)|ENTERING_MANAGED_PKG|tdc_tsw
11:13:42.0 (149668118)|ENTERING_MANAGED_PKG|tdc_tsw
11:13:42.0 (150697912)|ENTERING_MANAGED_PKG|tdc_tsw
11:13:42.0 (151410899)|ENTERING_MANAGED_PKG|tdc_tsw
11:13:42.0 (151630517)|ENTERING_MANAGED_PKG|tdc_tsw
11:13:42.0 (151998143)|ENTERING_MANAGED_PKG|tdc_tsw
11:13:42.0 (153023719)|ENTERING_MANAGED_PKG|tdc_tsw
11:13:42.0 (153740014)|ENTERING_MANAGED_PKG|tdc_tsw
11:13:42.0 (154013562)|ENTERING_MANAGED_PKG|tdc_tsw
11:13:42.0 (154407505)|ENTERING_MANAGED_PKG|tdc_tsw
11:13:42.0 (155470941)|ENTERING_MANAGED_PKG|tdc_tsw
11:13:42.0 (156185867)|ENTERING_MANAGED_PKG|tdc_tsw
11:13:42.0 (156404874)|ENTERING_MANAGED_PKG|tdc_tsw
11:13:42.0 (156769953)|ENTERING_MANAGED_PKG|tdc_tsw
11:13:42.0 (157793007)|ENTERING_MANAGED_PKG|tdc_tsw
11:13:42.0 (158542476)|ENTERING_MANAGED_PKG|tdc_tsw
11:13:42.0 (158761733)|ENTERING_MANAGED_PKG|tdc_tsw
11:13:42.0 (159180204)|ENTERING_MANAGED_PKG|tdc_tsw
11:13:42.0 (160214547)|ENTERING_MANAGED_PKG|tdc_tsw
11:13:42.0 (160949334)|ENTERING_MANAGED_PKG|tdc_tsw
11:13:42.0 (161177371)|ENTERING_MANAGED_PKG|tdc_tsw
11:13:42.0 (161564065)|ENTERING_MANAGED_PKG|tdc_tsw
11:13:42.0 (162595771)|ENTERING_MANAGED_PKG|tdc_tsw
11:13:42.0 (163332043)|ENTERING_MANAGED_PKG|tdc_tsw
11:13:42.0 (163551704)|ENTERING_MANAGED_PKG|tdc_tsw
11:13:42.0 (163917720)|ENTERING_MANAGED_PKG|tdc_tsw
11:13:42.0 (164939323)|ENTERING_MANAGED_PKG|tdc_tsw
11:13:42.0 (165701350)|ENTERING_MANAGED_PKG|tdc_tsw
11:13:42.0 (165955843)|ENTERING_MANAGED_PKG|tdc_tsw
11:13:42.0 (166352923)|ENTERING_MANAGED_PKG|tdc_tsw
11:13:42.0 (167376407)|ENTERING_MANAGED_PKG|tdc_tsw
11:13:42.0 (168088430)|ENTERING_MANAGED_PKG|tdc_tsw
11:13:42.0 (168308667)|ENTERING_MANAGED_PKG|tdc_tsw
11:13:42.0 (168675128)|ENTERING_MANAGED_PKG|tdc_tsw
11:13:42.0 (169753486)|ENTERING_MANAGED_PKG|tdc_tsw
11:13:42.0 (170463494)|ENTERING_MANAGED_PKG|tdc_tsw
11:13:42.0 (170682187)|ENTERING_MANAGED_PKG|tdc_tsw
11:13:42.0 (171048585)|ENTERING_MANAGED_PKG|tdc_tsw
11:13:42.0 (172076540)|ENTERING_MANAGED_PKG|tdc_tsw
11:13:42.0 (172796403)|ENTERING_MANAGED_PKG|tdc_tsw
11:13:42.0 (173015848)|ENTERING_MANAGED_PKG|tdc_tsw
11:13:42.0 (173390601)|ENTERING_MANAGED_PKG|tdc_tsw
11:13:42.0 (174416578)|ENTERING_MANAGED_PKG|tdc_tsw
11:13:42.0 (175128906)|ENTERING_MANAGED_PKG|tdc_tsw
11:13:42.0 (175347900)|ENTERING_MANAGED_PKG|tdc_tsw
11:13:42.0 (175714905)|ENTERING_MANAGED_PKG|tdc_tsw
11:13:42.0 (176732480)|ENTERING_MANAGED_PKG|tdc_tsw
11:13:42.0 (177445106)|ENTERING_MANAGED_PKG|tdc_tsw
11:13:42.0 (177664740)|ENTERING_MANAGED_PKG|tdc_tsw
11:13:42.0 (178031810)|ENTERING_MANAGED_PKG|tdc_tsw
11:13:42.0 (179097115)|ENTERING_MANAGED_PKG|tdc_tsw
11:13:42.0 (179807552)|ENTERING_MANAGED_PKG|tdc_tsw
11:13:42.0 (180026158)|ENTERING_MANAGED_PKG|tdc_tsw
11:13:42.0 (180401847)|ENTERING_MANAGED_PKG|tdc_tsw
11:13:42.0 (181430155)|ENTERING_MANAGED_PKG|tdc_tsw
11:13:42.0 (182145407)|ENTERING_MANAGED_PKG|tdc_tsw
11:13:42.0 (182364324)|ENTERING_MANAGED_PKG|tdc_tsw
11:13:42.0 (182785078)|ENTERING_MANAGED_PKG|tdc_tsw
11:13:42.0 (183851525)|ENTERING_MANAGED_PKG|tdc_tsw
11:13:42.0 (184566091)|ENTERING_MANAGED_PKG|tdc_tsw
11:13:42.0 (184785794)|ENTERING_MANAGED_PKG|tdc_tsw
11:13:42.0 (185169008)|ENTERING_MANAGED_PKG|tdc_tsw
11:13:42.0 (186246827)|ENTERING_MANAGED_PKG|tdc_tsw
11:13:42.0 (186972219)|ENTERING_MANAGED_PKG|tdc_tsw
11:13:42.0 (187197915)|ENTERING_MANAGED_PKG|tdc_tsw
11:13:42.0 (187599434)|ENTERING_MANAGED_PKG|tdc_tsw
11:13:42.0 (188618226)|ENTERING_MANAGED_PKG|tdc_tsw
11:13:42.0 (189357876)|ENTERING_MANAGED_PKG|tdc_tsw
11:13:42.0 (189577549)|ENTERING_MANAGED_PKG|tdc_tsw
11:13:42.0 (189944122)|ENTERING_MANAGED_PKG|tdc_tsw
11:13:42.0 (190963789)|ENTERING_MANAGED_PKG|tdc_tsw
11:13:42.0 (191714310)|ENTERING_MANAGED_PKG|tdc_tsw
11:13:42.0 (191933742)|ENTERING_MANAGED_PKG|tdc_tsw
11:13:42.0 (192305960)|ENTERING_MANAGED_PKG|tdc_tsw
11:13:42.0 (193360109)|ENTERING_MANAGED_PKG|tdc_tsw
11:13:42.0 (194088979)|ENTERING_MANAGED_PKG|tdc_tsw
11:13:42.0 (194310235)|ENTERING_MANAGED_PKG|tdc_tsw
11:13:42.0 (194675299)|ENTERING_MANAGED_PKG|tdc_tsw
11:13:42.0 (195692631)|ENTERING_MANAGED_PKG|tdc_tsw
11:13:42.0 (196405809)|ENTERING_MANAGED_PKG|tdc_tsw
11:13:42.0 (196624407)|ENTERING_MANAGED_PKG|tdc_tsw
11:13:42.0 (196991423)|ENTERING_MANAGED_PKG|tdc_tsw
11:13:42.0 (198007815)|ENTERING_MANAGED_PKG|tdc_tsw
11:13:42.0 (198715724)|ENTERING_MANAGED_PKG|tdc_tsw
11:13:42.0 (198933764)|ENTERING_MANAGED_PKG|tdc_tsw
11:13:42.0 (199354081)|ENTERING_MANAGED_PKG|tdc_tsw
11:13:42.0 (200390424)|ENTERING_MANAGED_PKG|tdc_tsw
11:13:42.0 (201124824)|ENTERING_MANAGED_PKG|tdc_tsw
11:13:42.0 (201379374)|ENTERING_MANAGED_PKG|tdc_tsw
11:13:42.0 (201745615)|ENTERING_MANAGED_PKG|tdc_tsw
11:13:42.0 (202763115)|ENTERING_MANAGED_PKG|tdc_tsw
11:13:42.0 (203471006)|ENTERING_MANAGED_PKG|tdc_tsw
11:13:42.0 (203689144)|ENTERING_MANAGED_PKG|tdc_tsw
11:13:42.0 (204053509)|ENTERING_MANAGED_PKG|tdc_tsw
11:13:42.0 (205079747)|ENTERING_MANAGED_PKG|tdc_tsw
11:13:42.0 (205782106)|ENTERING_MANAGED_PKG|tdc_tsw
11:13:42.0 (205999586)|ENTERING_MANAGED_PKG|tdc_tsw
11:13:42.0 (206398085)|ENTERING_MANAGED_PKG|tdc_tsw
11:13:42.0 (207419461)|ENTERING_MANAGED_PKG|tdc_tsw
11:13:42.0 (208128410)|ENTERING_MANAGED_PKG|tdc_tsw
11:13:42.0 (208347534)|ENTERING_MANAGED_PKG|tdc_tsw
11:13:42.0 (208713664)|ENTERING_MANAGED_PKG|tdc_tsw
11:13:42.0 (209766946)|ENTERING_MANAGED_PKG|tdc_tsw
11:13:42.0 (210494662)|ENTERING_MANAGED_PKG|tdc_tsw
11:13:42.0 (210714557)|ENTERING_MANAGED_PKG|tdc_tsw
11:13:42.0 (211099142)|ENTERING_MANAGED_PKG|tdc_tsw
11:13:42.0 (212176691)|ENTERING_MANAGED_PKG|tdc_tsw
11:13:42.0 (212880266)|ENTERING_MANAGED_PKG|tdc_tsw
11:13:42.0 (213112588)|ENTERING_MANAGED_PKG|tdc_tsw
11:13:42.0 (213477066)|ENTERING_MANAGED_PKG|tdc_tsw
11:13:42.0 (214497130)|ENTERING_MANAGED_PKG|tdc_tsw
11:13:42.0 (215210986)|ENTERING_MANAGED_PKG|tdc_tsw
11:13:42.0 (215430092)|ENTERING_MANAGED_PKG|tdc_tsw
11:13:42.0 (215794622)|ENTERING_MANAGED_PKG|tdc_tsw
11:13:42.0 (216840486)|ENTERING_MANAGED_PKG|tdc_tsw
11:13:42.0 (217551836)|ENTERING_MANAGED_PKG|tdc_tsw
11:13:42.0 (217770958)|ENTERING_MANAGED_PKG|tdc_tsw
11:13:42.0 (218172720)|ENTERING_MANAGED_PKG|tdc_tsw
11:13:42.0 (219192669)|ENTERING_MANAGED_PKG|tdc_tsw
11:13:42.0 (219928506)|ENTERING_MANAGED_PKG|tdc_tsw
11:13:42.0 (220136055)|ENTERING_MANAGED_PKG|tdc_tsw
11:13:42.0 (220502917)|ENTERING_MANAGED_PKG|tdc_tsw
11:13:42.0 (221639833)|ENTERING_MANAGED_PKG|tdc_tsw
11:13:42.0 (222592572)|ENTERING_MANAGED_PKG|tdc_tsw
11:13:42.0 (222663758)|ENTERING_MANAGED_PKG|tdc_tsw
11:13:42.0 (223255665)|SOQL_EXECUTE_BEGIN|[200]|Aggregations:0|SELECT Name, NamespacePrefix, SystemModStamp FROM StaticResource WHERE Name LIKE :tmpVar1 LIMIT 10
11:13:42.0 (226437171)|SOQL_EXECUTE_END|[200]|Rows:1
11:13:42.0 (227224224)|ENTERING_MANAGED_PKG|tdc_tsw
11:13:42.0 (227577876)|SOQL_EXECUTE_BEGIN|[200]|Aggregations:0|SELECT Name, NamespacePrefix, SystemModStamp FROM StaticResource WHERE Name LIKE :tmpVar1 LIMIT 10
11:13:42.0 (229589647)|SOQL_EXECUTE_END|[200]|Rows:1
11:13:42.0 (229967316)|ENTERING_MANAGED_PKG|tdc_tsw
11:13:42.0 (232622963)|ENTERING_MANAGED_PKG|tdc_tsw
11:13:42.0 (233725206)|ENTERING_MANAGED_PKG|tdc_tsw
11:13:42.0 (233955572)|ENTERING_MANAGED_PKG|tdc_tsw
11:13:42.0 (234714431)|ENTERING_MANAGED_PKG|tdc_tsw
11:13:42.0 (235076917)|SOQL_EXECUTE_BEGIN|[200]|Aggregations:0|SELECT Name, NamespacePrefix, SystemModStamp FROM StaticResource WHERE Name LIKE :tmpVar1 LIMIT 10
11:13:42.0 (237238437)|SOQL_EXECUTE_END|[200]|Rows:1
11:13:42.248 (248217981)|USER_INFO|[EXTERNAL]|0051H000009gxp8|chanida.dev2@solvedbysoftwareco.com|Eastern Standard Time|GMT-05:00
11:13:42.248 (249652102)|ENTERING_MANAGED_PKG|tdc_tsw
11:13:42.248 (249819541)|ENTERING_MANAGED_PKG|tdc_tsw
11:13:42.248 (252262210)|SOQL_EXECUTE_BEGIN|[355]|Aggregations:0|SELECT id, name, Disable_Incoming_SMS_Sharing__c FROM User WHERE id = :tmpVar1
11:13:42.248 (258467222)|SOQL_EXECUTE_END|[355]|Rows:1
11:13:42.248 (259529048)|SOQL_EXECUTE_BEGIN|[367]|Aggregations:0|SELECT CreatedDate,Id,LastModifiedDate,Related_Object_Id__c FROM Message__c WHERE Name = 'Incoming' AND Read__c = false ORDER BY CreatedDate Desc limit 100
11:13:42.248 (268372686)|SOQL_EXECUTE_END|[367]|Rows:100
