44.0 APEX_CODE,FINEST;APEX_PROFILING,INFO;CALLOUT,INFO;DB,INFO;NBA,INFO;SYSTEM,DEBUG;VALIDATION,INFO;VISUALFORCE,INFO;WAVE,INFO;WORKFLOW,INFO
21:36:20.0 (132166)|USER_INFO|[EXTERNAL]|0051H000009gxp8|chanida.dev2@solvedbysoftwareco.com|Eastern Standard Time|GMT-05:00
21:36:20.0 (1925219)|ENTERING_MANAGED_PKG|tdc_tsw
21:36:20.0 (2513842)|ENTERING_MANAGED_PKG|tdc_tsw
21:36:20.0 (6789298)|SOQL_EXECUTE_BEGIN|[16]|Aggregations:0|SELECT id, name, Disable_Incoming_SMS_Sharing__c FROM User WHERE id = :tmpVar1
21:36:20.0 (16936109)|SOQL_EXECUTE_END|[16]|Rows:1
21:36:20.0 (22897829)|SOQL_EXECUTE_BEGIN|[37]|Aggregations:0|SELECT CreatedDate,Created_Date__c,Id,LastModifiedDate,MessageId__c,Message_Text_New__c,Name,OwnerId,Read__c,Related_Object_Id__c,Related_Object__c,Sender_Number__c, Sender_Name__c,ToNumber__c,Attachments_Ids__c FROM Message__c WHERE Name = 'Incoming' AND Read__c = false ORDER BY CreatedDate Desc limit 100
21:36:20.0 (33734888)|SOQL_EXECUTE_END|[37]|Rows:16
21:36:20.0 (37618035)|ENTERING_MANAGED_PKG|tdc_tsw
21:36:20.0 (39419657)|ENTERING_MANAGED_PKG|tdc_tsw
21:36:20.0 (39909756)|ENTERING_MANAGED_PKG|tdc_tsw
21:36:20.0 (40641480)|ENTERING_MANAGED_PKG|tdc_tsw
21:36:20.0 (43404945)|ENTERING_MANAGED_PKG|tdc_tsw
21:36:20.0 (44244444)|ENTERING_MANAGED_PKG|tdc_tsw
21:36:20.0 (44527569)|ENTERING_MANAGED_PKG|tdc_tsw
21:36:20.0 (44962816)|ENTERING_MANAGED_PKG|tdc_tsw
21:36:20.0 (46145686)|ENTERING_MANAGED_PKG|tdc_tsw
21:36:20.0 (46965640)|ENTERING_MANAGED_PKG|tdc_tsw
21:36:20.0 (47214554)|ENTERING_MANAGED_PKG|tdc_tsw
21:36:20.0 (47651955)|ENTERING_MANAGED_PKG|tdc_tsw
21:36:20.0 (48898943)|ENTERING_MANAGED_PKG|tdc_tsw
21:36:20.0 (49584492)|ENTERING_MANAGED_PKG|tdc_tsw
21:36:20.0 (49661829)|ENTERING_MANAGED_PKG|tdc_tsw
21:36:20.0 (50219667)|SOQL_EXECUTE_BEGIN|[200]|Aggregations:0|SELECT Name, NamespacePrefix, SystemModStamp FROM StaticResource WHERE Name LIKE :tmpVar1 LIMIT 10
21:36:20.0 (52820516)|SOQL_EXECUTE_END|[200]|Rows:1
21:36:20.0 (53560916)|ENTERING_MANAGED_PKG|tdc_tsw
21:36:20.0 (53943129)|SOQL_EXECUTE_BEGIN|[200]|Aggregations:0|SELECT Name, NamespacePrefix, SystemModStamp FROM StaticResource WHERE Name LIKE :tmpVar1 LIMIT 10
21:36:20.0 (56235257)|SOQL_EXECUTE_END|[200]|Rows:1
21:36:20.0 (56654705)|ENTERING_MANAGED_PKG|tdc_tsw
21:36:20.0 (59986737)|ENTERING_MANAGED_PKG|tdc_tsw
21:36:20.0 (61619251)|ENTERING_MANAGED_PKG|tdc_tsw
21:36:20.0 (61922890)|ENTERING_MANAGED_PKG|tdc_tsw
21:36:20.0 (62796517)|ENTERING_MANAGED_PKG|tdc_tsw
21:36:20.0 (63185741)|SOQL_EXECUTE_BEGIN|[200]|Aggregations:0|SELECT Name, NamespacePrefix, SystemModStamp FROM StaticResource WHERE Name LIKE :tmpVar1 LIMIT 10
21:36:20.0 (65427141)|SOQL_EXECUTE_END|[200]|Rows:1
21:36:20.70 (70362034)|USER_INFO|[EXTERNAL]|0051H000009gxp8|chanida.dev2@solvedbysoftwareco.com|Eastern Standard Time|GMT-05:00
21:36:20.70 (71672907)|ENTERING_MANAGED_PKG|tdc_tsw
21:36:20.70 (71851915)|ENTERING_MANAGED_PKG|tdc_tsw
21:36:20.70 (74315812)|SOQL_EXECUTE_BEGIN|[355]|Aggregations:0|SELECT id, name, Disable_Incoming_SMS_Sharing__c FROM User WHERE id = :tmpVar1
21:36:20.70 (80538270)|SOQL_EXECUTE_END|[355]|Rows:1
21:36:20.70 (81592758)|SOQL_EXECUTE_BEGIN|[367]|Aggregations:0|SELECT CreatedDate,Id,LastModifiedDate,Related_Object_Id__c FROM Message__c WHERE Name = 'Incoming' AND Read__c = false ORDER BY CreatedDate Desc limit 100
21:36:20.70 (88127592)|SOQL_EXECUTE_END|[367]|Rows:16
