44.0 APEX_CODE,FINEST;APEX_PROFILING,INFO;CALLOUT,INFO;DB,INFO;NBA,INFO;SYSTEM,DEBUG;VALIDATION,INFO;VISUALFORCE,INFO;WAVE,INFO;WORKFLOW,INFO
23:22:17.0 (127117)|USER_INFO|[EXTERNAL]|0051H000009gxp8|chanida.dev2@solvedbysoftwareco.com|Eastern Standard Time|GMT-05:00
23:22:17.0 (1956655)|ENTERING_MANAGED_PKG|tdc_tsw
23:22:17.0 (2352814)|ENTERING_MANAGED_PKG|tdc_tsw
23:22:17.0 (5500774)|SOQL_EXECUTE_BEGIN|[16]|Aggregations:0|SELECT id, name, Disable_Incoming_SMS_Sharing__c FROM User WHERE id = :tmpVar1
23:22:17.0 (11590311)|SOQL_EXECUTE_END|[16]|Rows:1
23:22:17.0 (16372945)|SOQL_EXECUTE_BEGIN|[37]|Aggregations:0|SELECT CreatedDate,Created_Date__c,Id,LastModifiedDate,MessageId__c,Message_Text_New__c,Name,OwnerId,Read__c,Related_Object_Id__c,Related_Object__c,Sender_Number__c, Sender_Name__c,ToNumber__c,Attachments_Ids__c FROM Message__c WHERE Name = 'Incoming' AND Read__c = false ORDER BY CreatedDate Desc limit 100
23:22:17.0 (30253097)|SOQL_EXECUTE_END|[37]|Rows:100
23:22:17.0 (46114259)|ENTERING_MANAGED_PKG|tdc_tsw
23:22:17.0 (47724615)|ENTERING_MANAGED_PKG|tdc_tsw
23:22:17.0 (48193292)|ENTERING_MANAGED_PKG|tdc_tsw
23:22:17.0 (48828745)|ENTERING_MANAGED_PKG|tdc_tsw
23:22:17.0 (51356284)|ENTERING_MANAGED_PKG|tdc_tsw
23:22:17.0 (52117686)|ENTERING_MANAGED_PKG|tdc_tsw
23:22:17.0 (52363733)|ENTERING_MANAGED_PKG|tdc_tsw
23:22:17.0 (52769941)|ENTERING_MANAGED_PKG|tdc_tsw
23:22:17.0 (53845178)|ENTERING_MANAGED_PKG|tdc_tsw
23:22:17.0 (54588386)|ENTERING_MANAGED_PKG|tdc_tsw
23:22:17.0 (54808044)|ENTERING_MANAGED_PKG|tdc_tsw
23:22:17.0 (55195213)|ENTERING_MANAGED_PKG|tdc_tsw
23:22:17.0 (56227119)|ENTERING_MANAGED_PKG|tdc_tsw
23:22:17.0 (56945286)|ENTERING_MANAGED_PKG|tdc_tsw
23:22:17.0 (57168726)|ENTERING_MANAGED_PKG|tdc_tsw
23:22:17.0 (57545363)|ENTERING_MANAGED_PKG|tdc_tsw
23:22:17.0 (58571869)|ENTERING_MANAGED_PKG|tdc_tsw
23:22:17.0 (59312544)|ENTERING_MANAGED_PKG|tdc_tsw
23:22:17.0 (59530369)|ENTERING_MANAGED_PKG|tdc_tsw
23:22:17.0 (59904108)|ENTERING_MANAGED_PKG|tdc_tsw
23:22:17.0 (60937896)|ENTERING_MANAGED_PKG|tdc_tsw
23:22:17.0 (61704951)|ENTERING_MANAGED_PKG|tdc_tsw
23:22:17.0 (61923176)|ENTERING_MANAGED_PKG|tdc_tsw
23:22:17.0 (62311247)|ENTERING_MANAGED_PKG|tdc_tsw
23:22:17.0 (63362213)|ENTERING_MANAGED_PKG|tdc_tsw
23:22:17.0 (64111818)|ENTERING_MANAGED_PKG|tdc_tsw
23:22:17.0 (64330852)|ENTERING_MANAGED_PKG|tdc_tsw
23:22:17.0 (64705683)|ENTERING_MANAGED_PKG|tdc_tsw
23:22:17.0 (65767525)|ENTERING_MANAGED_PKG|tdc_tsw
23:22:17.0 (66536985)|ENTERING_MANAGED_PKG|tdc_tsw
23:22:17.0 (66756123)|ENTERING_MANAGED_PKG|tdc_tsw
23:22:17.0 (67147197)|ENTERING_MANAGED_PKG|tdc_tsw
23:22:17.0 (68177632)|ENTERING_MANAGED_PKG|tdc_tsw
23:22:17.0 (68907419)|ENTERING_MANAGED_PKG|tdc_tsw
23:22:17.0 (69179217)|ENTERING_MANAGED_PKG|tdc_tsw
23:22:17.0 (69592230)|ENTERING_MANAGED_PKG|tdc_tsw
23:22:17.0 (70626402)|ENTERING_MANAGED_PKG|tdc_tsw
23:22:17.0 (71400426)|ENTERING_MANAGED_PKG|tdc_tsw
23:22:17.0 (71656805)|ENTERING_MANAGED_PKG|tdc_tsw
23:22:17.0 (72056991)|ENTERING_MANAGED_PKG|tdc_tsw
23:22:17.0 (73129311)|ENTERING_MANAGED_PKG|tdc_tsw
23:22:17.0 (73851184)|ENTERING_MANAGED_PKG|tdc_tsw
23:22:17.0 (74084466)|ENTERING_MANAGED_PKG|tdc_tsw
23:22:17.0 (74461085)|ENTERING_MANAGED_PKG|tdc_tsw
23:22:17.0 (75496787)|ENTERING_MANAGED_PKG|tdc_tsw
23:22:17.0 (76257005)|ENTERING_MANAGED_PKG|tdc_tsw
23:22:17.0 (76478273)|ENTERING_MANAGED_PKG|tdc_tsw
23:22:17.0 (76909438)|ENTERING_MANAGED_PKG|tdc_tsw
23:22:17.0 (77982364)|ENTERING_MANAGED_PKG|tdc_tsw
23:22:17.0 (78707864)|ENTERING_MANAGED_PKG|tdc_tsw
23:22:17.0 (79035873)|ENTERING_MANAGED_PKG|tdc_tsw
23:22:17.0 (79654690)|ENTERING_MANAGED_PKG|tdc_tsw
23:22:17.0 (80855899)|ENTERING_MANAGED_PKG|tdc_tsw
23:22:17.0 (81654488)|ENTERING_MANAGED_PKG|tdc_tsw
23:22:17.0 (81987686)|ENTERING_MANAGED_PKG|tdc_tsw
23:22:17.0 (82396174)|ENTERING_MANAGED_PKG|tdc_tsw
23:22:17.0 (83457405)|ENTERING_MANAGED_PKG|tdc_tsw
23:22:17.0 (84241772)|ENTERING_MANAGED_PKG|tdc_tsw
23:22:17.0 (84467645)|ENTERING_MANAGED_PKG|tdc_tsw
23:22:17.0 (84843218)|ENTERING_MANAGED_PKG|tdc_tsw
23:22:17.0 (85930444)|ENTERING_MANAGED_PKG|tdc_tsw
23:22:17.0 (86723132)|ENTERING_MANAGED_PKG|tdc_tsw
23:22:17.0 (86946746)|ENTERING_MANAGED_PKG|tdc_tsw
23:22:17.0 (87338006)|ENTERING_MANAGED_PKG|tdc_tsw
23:22:17.0 (88364182)|ENTERING_MANAGED_PKG|tdc_tsw
23:22:17.0 (89104932)|ENTERING_MANAGED_PKG|tdc_tsw
23:22:17.0 (89324118)|ENTERING_MANAGED_PKG|tdc_tsw
23:22:17.0 (89706176)|ENTERING_MANAGED_PKG|tdc_tsw
23:22:17.0 (90751650)|ENTERING_MANAGED_PKG|tdc_tsw
23:22:17.0 (91491533)|ENTERING_MANAGED_PKG|tdc_tsw
23:22:17.0 (91714801)|ENTERING_MANAGED_PKG|tdc_tsw
23:22:17.0 (92100525)|ENTERING_MANAGED_PKG|tdc_tsw
23:22:17.0 (93161681)|ENTERING_MANAGED_PKG|tdc_tsw
23:22:17.0 (93878921)|ENTERING_MANAGED_PKG|tdc_tsw
23:22:17.0 (94103911)|ENTERING_MANAGED_PKG|tdc_tsw
23:22:17.0 (94487008)|ENTERING_MANAGED_PKG|tdc_tsw
23:22:17.0 (95519281)|ENTERING_MANAGED_PKG|tdc_tsw
23:22:17.0 (96243998)|ENTERING_MANAGED_PKG|tdc_tsw
23:22:17.0 (96461940)|ENTERING_MANAGED_PKG|tdc_tsw
23:22:17.0 (96871135)|ENTERING_MANAGED_PKG|tdc_tsw
23:22:17.0 (97936219)|ENTERING_MANAGED_PKG|tdc_tsw
23:22:17.0 (98702095)|ENTERING_MANAGED_PKG|tdc_tsw
23:22:17.0 (98925298)|ENTERING_MANAGED_PKG|tdc_tsw
23:22:17.0 (99304813)|ENTERING_MANAGED_PKG|tdc_tsw
23:22:17.0 (100335467)|ENTERING_MANAGED_PKG|tdc_tsw
23:22:17.0 (101082187)|ENTERING_MANAGED_PKG|tdc_tsw
23:22:17.0 (101314393)|ENTERING_MANAGED_PKG|tdc_tsw
23:22:17.0 (101685728)|ENTERING_MANAGED_PKG|tdc_tsw
23:22:17.0 (102721595)|ENTERING_MANAGED_PKG|tdc_tsw
23:22:17.0 (103455010)|ENTERING_MANAGED_PKG|tdc_tsw
23:22:17.0 (103675476)|ENTERING_MANAGED_PKG|tdc_tsw
23:22:17.0 (104056391)|ENTERING_MANAGED_PKG|tdc_tsw
23:22:17.0 (105090508)|ENTERING_MANAGED_PKG|tdc_tsw
23:22:17.0 (105818162)|ENTERING_MANAGED_PKG|tdc_tsw
23:22:17.0 (106046956)|ENTERING_MANAGED_PKG|tdc_tsw
23:22:17.0 (106429869)|ENTERING_MANAGED_PKG|tdc_tsw
23:22:17.0 (107473253)|ENTERING_MANAGED_PKG|tdc_tsw
23:22:17.0 (108206555)|ENTERING_MANAGED_PKG|tdc_tsw
23:22:17.0 (108426283)|ENTERING_MANAGED_PKG|tdc_tsw
23:22:17.0 (108797306)|ENTERING_MANAGED_PKG|tdc_tsw
23:22:17.0 (109849970)|ENTERING_MANAGED_PKG|tdc_tsw
23:22:17.0 (110574369)|ENTERING_MANAGED_PKG|tdc_tsw
23:22:17.0 (110793361)|ENTERING_MANAGED_PKG|tdc_tsw
23:22:17.0 (111176449)|ENTERING_MANAGED_PKG|tdc_tsw
23:22:17.0 (112236606)|ENTERING_MANAGED_PKG|tdc_tsw
23:22:17.0 (112988598)|ENTERING_MANAGED_PKG|tdc_tsw
23:22:17.0 (113209255)|ENTERING_MANAGED_PKG|tdc_tsw
23:22:17.0 (113621922)|ENTERING_MANAGED_PKG|tdc_tsw
23:22:17.0 (114665412)|ENTERING_MANAGED_PKG|tdc_tsw
23:22:17.0 (115433662)|ENTERING_MANAGED_PKG|tdc_tsw
23:22:17.0 (115653212)|ENTERING_MANAGED_PKG|tdc_tsw
23:22:17.0 (116059416)|ENTERING_MANAGED_PKG|tdc_tsw
23:22:17.0 (117193923)|ENTERING_MANAGED_PKG|tdc_tsw
23:22:17.0 (117920052)|ENTERING_MANAGED_PKG|tdc_tsw
23:22:17.0 (118160919)|ENTERING_MANAGED_PKG|tdc_tsw
23:22:17.0 (118535506)|ENTERING_MANAGED_PKG|tdc_tsw
23:22:17.0 (119557258)|ENTERING_MANAGED_PKG|tdc_tsw
23:22:17.0 (120297109)|ENTERING_MANAGED_PKG|tdc_tsw
23:22:17.0 (120526925)|ENTERING_MANAGED_PKG|tdc_tsw
23:22:17.0 (120903723)|ENTERING_MANAGED_PKG|tdc_tsw
23:22:17.0 (121933705)|ENTERING_MANAGED_PKG|tdc_tsw
23:22:17.0 (122835321)|ENTERING_MANAGED_PKG|tdc_tsw
23:22:17.0 (123119070)|ENTERING_MANAGED_PKG|tdc_tsw
23:22:17.0 (123493220)|ENTERING_MANAGED_PKG|tdc_tsw
23:22:17.0 (124582606)|ENTERING_MANAGED_PKG|tdc_tsw
23:22:17.0 (125321522)|ENTERING_MANAGED_PKG|tdc_tsw
23:22:17.0 (125546321)|ENTERING_MANAGED_PKG|tdc_tsw
23:22:17.0 (125915504)|ENTERING_MANAGED_PKG|tdc_tsw
23:22:17.0 (126953271)|ENTERING_MANAGED_PKG|tdc_tsw
23:22:17.0 (127689182)|ENTERING_MANAGED_PKG|tdc_tsw
23:22:17.0 (127909215)|ENTERING_MANAGED_PKG|tdc_tsw
23:22:17.0 (128315255)|ENTERING_MANAGED_PKG|tdc_tsw
23:22:17.0 (129367451)|ENTERING_MANAGED_PKG|tdc_tsw
23:22:17.0 (130124597)|ENTERING_MANAGED_PKG|tdc_tsw
23:22:17.0 (130345368)|ENTERING_MANAGED_PKG|tdc_tsw
23:22:17.0 (130774873)|ENTERING_MANAGED_PKG|tdc_tsw
23:22:17.0 (131855431)|ENTERING_MANAGED_PKG|tdc_tsw
23:22:17.0 (132747403)|ENTERING_MANAGED_PKG|tdc_tsw
23:22:17.0 (133138347)|ENTERING_MANAGED_PKG|tdc_tsw
23:22:17.0 (134014269)|ENTERING_MANAGED_PKG|tdc_tsw
23:22:17.0 (135500553)|ENTERING_MANAGED_PKG|tdc_tsw
23:22:17.0 (136664136)|ENTERING_MANAGED_PKG|tdc_tsw
23:22:17.0 (136887370)|ENTERING_MANAGED_PKG|tdc_tsw
23:22:17.0 (137294284)|ENTERING_MANAGED_PKG|tdc_tsw
23:22:17.0 (138345537)|ENTERING_MANAGED_PKG|tdc_tsw
23:22:17.0 (139082561)|ENTERING_MANAGED_PKG|tdc_tsw
23:22:17.0 (139302195)|ENTERING_MANAGED_PKG|tdc_tsw
23:22:17.0 (139679210)|ENTERING_MANAGED_PKG|tdc_tsw
23:22:17.0 (140722036)|ENTERING_MANAGED_PKG|tdc_tsw
23:22:17.0 (141464632)|ENTERING_MANAGED_PKG|tdc_tsw
23:22:17.0 (141684637)|ENTERING_MANAGED_PKG|tdc_tsw
23:22:17.0 (142072524)|ENTERING_MANAGED_PKG|tdc_tsw
23:22:17.0 (143172684)|ENTERING_MANAGED_PKG|tdc_tsw
23:22:17.0 (143900030)|ENTERING_MANAGED_PKG|tdc_tsw
23:22:17.0 (144131458)|ENTERING_MANAGED_PKG|tdc_tsw
23:22:17.0 (144507729)|ENTERING_MANAGED_PKG|tdc_tsw
23:22:17.0 (145605962)|ENTERING_MANAGED_PKG|tdc_tsw
23:22:17.0 (146341753)|ENTERING_MANAGED_PKG|tdc_tsw
23:22:17.0 (146561405)|ENTERING_MANAGED_PKG|tdc_tsw
23:22:17.0 (146943174)|ENTERING_MANAGED_PKG|tdc_tsw
23:22:17.0 (148006480)|ENTERING_MANAGED_PKG|tdc_tsw
23:22:17.0 (148736520)|ENTERING_MANAGED_PKG|tdc_tsw
23:22:17.0 (148955517)|ENTERING_MANAGED_PKG|tdc_tsw
23:22:17.0 (149361881)|ENTERING_MANAGED_PKG|tdc_tsw
23:22:17.0 (150402513)|ENTERING_MANAGED_PKG|tdc_tsw
23:22:17.0 (151155525)|ENTERING_MANAGED_PKG|tdc_tsw
23:22:17.0 (151400593)|ENTERING_MANAGED_PKG|tdc_tsw
23:22:17.0 (151830927)|ENTERING_MANAGED_PKG|tdc_tsw
23:22:17.0 (152882885)|ENTERING_MANAGED_PKG|tdc_tsw
23:22:17.0 (153621566)|ENTERING_MANAGED_PKG|tdc_tsw
23:22:17.0 (153865506)|ENTERING_MANAGED_PKG|tdc_tsw
23:22:17.0 (154259045)|ENTERING_MANAGED_PKG|tdc_tsw
23:22:17.0 (155328511)|ENTERING_MANAGED_PKG|tdc_tsw
23:22:17.0 (156072144)|ENTERING_MANAGED_PKG|tdc_tsw
23:22:17.0 (156296149)|ENTERING_MANAGED_PKG|tdc_tsw
23:22:17.0 (156669832)|ENTERING_MANAGED_PKG|tdc_tsw
23:22:17.0 (157697411)|ENTERING_MANAGED_PKG|tdc_tsw
23:22:17.0 (158430243)|ENTERING_MANAGED_PKG|tdc_tsw
23:22:17.0 (158649363)|ENTERING_MANAGED_PKG|tdc_tsw
23:22:17.0 (159047224)|ENTERING_MANAGED_PKG|tdc_tsw
23:22:17.0 (160090354)|ENTERING_MANAGED_PKG|tdc_tsw
23:22:17.0 (160818191)|ENTERING_MANAGED_PKG|tdc_tsw
23:22:17.0 (161050297)|ENTERING_MANAGED_PKG|tdc_tsw
23:22:17.0 (161436924)|ENTERING_MANAGED_PKG|tdc_tsw
23:22:17.0 (162469911)|ENTERING_MANAGED_PKG|tdc_tsw
23:22:17.0 (163198569)|ENTERING_MANAGED_PKG|tdc_tsw
23:22:17.0 (163416400)|ENTERING_MANAGED_PKG|tdc_tsw
23:22:17.0 (164361351)|ENTERING_MANAGED_PKG|tdc_tsw
23:22:17.0 (165410450)|ENTERING_MANAGED_PKG|tdc_tsw
23:22:17.0 (166183028)|ENTERING_MANAGED_PKG|tdc_tsw
23:22:17.0 (166403435)|ENTERING_MANAGED_PKG|tdc_tsw
23:22:17.0 (166779745)|ENTERING_MANAGED_PKG|tdc_tsw
23:22:17.0 (167845896)|ENTERING_MANAGED_PKG|tdc_tsw
23:22:17.0 (168590129)|ENTERING_MANAGED_PKG|tdc_tsw
23:22:17.0 (168810010)|ENTERING_MANAGED_PKG|tdc_tsw
23:22:17.0 (169224309)|ENTERING_MANAGED_PKG|tdc_tsw
23:22:17.0 (170319593)|ENTERING_MANAGED_PKG|tdc_tsw
23:22:17.0 (171081914)|ENTERING_MANAGED_PKG|tdc_tsw
23:22:17.0 (171283729)|ENTERING_MANAGED_PKG|tdc_tsw
23:22:17.0 (171691464)|ENTERING_MANAGED_PKG|tdc_tsw
23:22:17.0 (181590729)|ENTERING_MANAGED_PKG|tdc_tsw
23:22:17.0 (182448873)|ENTERING_MANAGED_PKG|tdc_tsw
23:22:17.0 (182683371)|ENTERING_MANAGED_PKG|tdc_tsw
23:22:17.0 (183085197)|ENTERING_MANAGED_PKG|tdc_tsw
23:22:17.0 (184108294)|ENTERING_MANAGED_PKG|tdc_tsw
23:22:17.0 (184853037)|ENTERING_MANAGED_PKG|tdc_tsw
23:22:17.0 (185079338)|ENTERING_MANAGED_PKG|tdc_tsw
23:22:17.0 (185471434)|ENTERING_MANAGED_PKG|tdc_tsw
23:22:17.0 (186644766)|ENTERING_MANAGED_PKG|tdc_tsw
23:22:17.0 (187397666)|ENTERING_MANAGED_PKG|tdc_tsw
23:22:17.0 (187472975)|ENTERING_MANAGED_PKG|tdc_tsw
23:22:17.0 (187917870)|SOQL_EXECUTE_BEGIN|[200]|Aggregations:0|SELECT Name, NamespacePrefix, SystemModStamp FROM StaticResource WHERE Name LIKE :tmpVar1 LIMIT 10
23:22:17.0 (190593320)|SOQL_EXECUTE_END|[200]|Rows:1
23:22:17.0 (191394046)|ENTERING_MANAGED_PKG|tdc_tsw
23:22:17.0 (191761116)|SOQL_EXECUTE_BEGIN|[200]|Aggregations:0|SELECT Name, NamespacePrefix, SystemModStamp FROM StaticResource WHERE Name LIKE :tmpVar1 LIMIT 10
23:22:17.0 (193739203)|SOQL_EXECUTE_END|[200]|Rows:1
23:22:17.0 (194110474)|ENTERING_MANAGED_PKG|tdc_tsw
23:22:17.0 (197332981)|ENTERING_MANAGED_PKG|tdc_tsw
23:22:17.0 (198782050)|ENTERING_MANAGED_PKG|tdc_tsw
23:22:17.0 (199074703)|ENTERING_MANAGED_PKG|tdc_tsw
23:22:17.0 (199847802)|ENTERING_MANAGED_PKG|tdc_tsw
23:22:17.0 (200213133)|SOQL_EXECUTE_BEGIN|[200]|Aggregations:0|SELECT Name, NamespacePrefix, SystemModStamp FROM StaticResource WHERE Name LIKE :tmpVar1 LIMIT 10
23:22:17.0 (204730947)|SOQL_EXECUTE_END|[200]|Rows:1
23:22:17.214 (214873458)|USER_INFO|[EXTERNAL]|0051H000009gxp8|chanida.dev2@solvedbysoftwareco.com|Eastern Standard Time|GMT-05:00
23:22:17.214 (216736186)|ENTERING_MANAGED_PKG|tdc_tsw
23:22:17.214 (216916146)|ENTERING_MANAGED_PKG|tdc_tsw
23:22:17.214 (219182836)|SOQL_EXECUTE_BEGIN|[355]|Aggregations:0|SELECT id, name, Disable_Incoming_SMS_Sharing__c FROM User WHERE id = :tmpVar1
23:22:17.214 (224322762)|SOQL_EXECUTE_END|[355]|Rows:1
23:22:17.214 (225286117)|SOQL_EXECUTE_BEGIN|[367]|Aggregations:0|SELECT CreatedDate,Id,LastModifiedDate,Related_Object_Id__c FROM Message__c WHERE Name = 'Incoming' AND Read__c = false ORDER BY CreatedDate Desc limit 100
23:22:17.214 (233256368)|SOQL_EXECUTE_END|[367]|Rows:100
