44.0 APEX_CODE,FINEST;APEX_PROFILING,INFO;CALLOUT,INFO;DB,INFO;NBA,INFO;SYSTEM,DEBUG;VALIDATION,INFO;VISUALFORCE,INFO;WAVE,INFO;WORKFLOW,INFO
11:08:32.0 (105819)|USER_INFO|[EXTERNAL]|0051H000009gxp8|chanida.dev2@solvedbysoftwareco.com|Eastern Standard Time|GMT-05:00
11:08:32.0 (1622657)|ENTERING_MANAGED_PKG|tdc_tsw
11:08:32.0 (2024500)|ENTERING_MANAGED_PKG|tdc_tsw
11:08:32.0 (5674627)|SOQL_EXECUTE_BEGIN|[16]|Aggregations:0|SELECT id, name, Disable_Incoming_SMS_Sharing__c FROM User WHERE id = :tmpVar1
11:08:32.0 (13649194)|SOQL_EXECUTE_END|[16]|Rows:1
11:08:32.0 (19302917)|SOQL_EXECUTE_BEGIN|[37]|Aggregations:0|SELECT CreatedDate,Created_Date__c,Id,LastModifiedDate,MessageId__c,Message_Text_New__c,Name,OwnerId,Read__c,Related_Object_Id__c,Related_Object__c,Sender_Number__c, Sender_Name__c,ToNumber__c,Attachments_Ids__c FROM Message__c WHERE Name = 'Incoming' AND Read__c = false ORDER BY CreatedDate Desc limit 100
11:08:32.0 (38464574)|SOQL_EXECUTE_END|[37]|Rows:100
11:08:32.0 (57541001)|ENTERING_MANAGED_PKG|tdc_tsw
11:08:32.0 (59313193)|ENTERING_MANAGED_PKG|tdc_tsw
11:08:32.0 (59793339)|ENTERING_MANAGED_PKG|tdc_tsw
11:08:32.0 (60557162)|ENTERING_MANAGED_PKG|tdc_tsw
11:08:32.0 (63972740)|ENTERING_MANAGED_PKG|tdc_tsw
11:08:32.0 (64791793)|ENTERING_MANAGED_PKG|tdc_tsw
11:08:32.0 (65075322)|ENTERING_MANAGED_PKG|tdc_tsw
11:08:32.0 (65518300)|ENTERING_MANAGED_PKG|tdc_tsw
11:08:32.0 (66717209)|ENTERING_MANAGED_PKG|tdc_tsw
11:08:32.0 (67501846)|ENTERING_MANAGED_PKG|tdc_tsw
11:08:32.0 (67749994)|ENTERING_MANAGED_PKG|tdc_tsw
11:08:32.0 (68172831)|ENTERING_MANAGED_PKG|tdc_tsw
11:08:32.0 (69338141)|ENTERING_MANAGED_PKG|tdc_tsw
11:08:32.0 (70112425)|ENTERING_MANAGED_PKG|tdc_tsw
11:08:32.0 (70358687)|ENTERING_MANAGED_PKG|tdc_tsw
11:08:32.0 (70780250)|ENTERING_MANAGED_PKG|tdc_tsw
11:08:32.0 (71942422)|ENTERING_MANAGED_PKG|tdc_tsw
11:08:32.0 (72716228)|ENTERING_MANAGED_PKG|tdc_tsw
11:08:32.0 (72964723)|ENTERING_MANAGED_PKG|tdc_tsw
11:08:32.0 (73380378)|ENTERING_MANAGED_PKG|tdc_tsw
11:08:32.0 (74541875)|ENTERING_MANAGED_PKG|tdc_tsw
11:08:32.0 (75312549)|ENTERING_MANAGED_PKG|tdc_tsw
11:08:32.0 (75556085)|ENTERING_MANAGED_PKG|tdc_tsw
11:08:32.0 (75983697)|ENTERING_MANAGED_PKG|tdc_tsw
11:08:32.0 (77137111)|ENTERING_MANAGED_PKG|tdc_tsw
11:08:32.0 (77909673)|ENTERING_MANAGED_PKG|tdc_tsw
11:08:32.0 (78156518)|ENTERING_MANAGED_PKG|tdc_tsw
11:08:32.0 (78570364)|ENTERING_MANAGED_PKG|tdc_tsw
11:08:32.0 (79728468)|ENTERING_MANAGED_PKG|tdc_tsw
11:08:32.0 (80497742)|ENTERING_MANAGED_PKG|tdc_tsw
11:08:32.0 (80744471)|ENTERING_MANAGED_PKG|tdc_tsw
11:08:32.0 (81164092)|ENTERING_MANAGED_PKG|tdc_tsw
11:08:32.0 (82321009)|ENTERING_MANAGED_PKG|tdc_tsw
11:08:32.0 (83089177)|ENTERING_MANAGED_PKG|tdc_tsw
11:08:32.0 (83331597)|ENTERING_MANAGED_PKG|tdc_tsw
11:08:32.0 (83748127)|ENTERING_MANAGED_PKG|tdc_tsw
11:08:32.0 (84921631)|ENTERING_MANAGED_PKG|tdc_tsw
11:08:32.0 (85689503)|ENTERING_MANAGED_PKG|tdc_tsw
11:08:32.0 (85943033)|ENTERING_MANAGED_PKG|tdc_tsw
11:08:32.0 (86374107)|ENTERING_MANAGED_PKG|tdc_tsw
11:08:32.0 (87541946)|ENTERING_MANAGED_PKG|tdc_tsw
11:08:32.0 (88314167)|ENTERING_MANAGED_PKG|tdc_tsw
11:08:32.0 (88559838)|ENTERING_MANAGED_PKG|tdc_tsw
11:08:32.0 (88981949)|ENTERING_MANAGED_PKG|tdc_tsw
11:08:32.0 (90135692)|ENTERING_MANAGED_PKG|tdc_tsw
11:08:32.0 (90908440)|ENTERING_MANAGED_PKG|tdc_tsw
11:08:32.0 (91152969)|ENTERING_MANAGED_PKG|tdc_tsw
11:08:32.0 (91567168)|ENTERING_MANAGED_PKG|tdc_tsw
11:08:32.0 (92729409)|ENTERING_MANAGED_PKG|tdc_tsw
11:08:32.0 (93499186)|ENTERING_MANAGED_PKG|tdc_tsw
11:08:32.0 (93742403)|ENTERING_MANAGED_PKG|tdc_tsw
11:08:32.0 (94179775)|ENTERING_MANAGED_PKG|tdc_tsw
11:08:32.0 (95337813)|ENTERING_MANAGED_PKG|tdc_tsw
11:08:32.0 (96108629)|ENTERING_MANAGED_PKG|tdc_tsw
11:08:32.0 (96354016)|ENTERING_MANAGED_PKG|tdc_tsw
11:08:32.0 (96779157)|ENTERING_MANAGED_PKG|tdc_tsw
11:08:32.0 (97937677)|ENTERING_MANAGED_PKG|tdc_tsw
11:08:32.0 (98697561)|ENTERING_MANAGED_PKG|tdc_tsw
11:08:32.0 (98950140)|ENTERING_MANAGED_PKG|tdc_tsw
11:08:32.0 (99362869)|ENTERING_MANAGED_PKG|tdc_tsw
11:08:32.0 (100530271)|ENTERING_MANAGED_PKG|tdc_tsw
11:08:32.0 (101310306)|ENTERING_MANAGED_PKG|tdc_tsw
11:08:32.0 (101554405)|ENTERING_MANAGED_PKG|tdc_tsw
11:08:32.0 (101983370)|ENTERING_MANAGED_PKG|tdc_tsw
11:08:32.0 (103149139)|ENTERING_MANAGED_PKG|tdc_tsw
11:08:32.0 (103925998)|ENTERING_MANAGED_PKG|tdc_tsw
11:08:32.0 (104170688)|ENTERING_MANAGED_PKG|tdc_tsw
11:08:32.0 (104586299)|ENTERING_MANAGED_PKG|tdc_tsw
11:08:32.0 (105742172)|ENTERING_MANAGED_PKG|tdc_tsw
11:08:32.0 (106538247)|ENTERING_MANAGED_PKG|tdc_tsw
11:08:32.0 (106788581)|ENTERING_MANAGED_PKG|tdc_tsw
11:08:32.0 (107204622)|ENTERING_MANAGED_PKG|tdc_tsw
11:08:32.0 (108359585)|ENTERING_MANAGED_PKG|tdc_tsw
11:08:32.0 (109137847)|ENTERING_MANAGED_PKG|tdc_tsw
11:08:32.0 (109380922)|ENTERING_MANAGED_PKG|tdc_tsw
11:08:32.0 (109803694)|ENTERING_MANAGED_PKG|tdc_tsw
11:08:32.0 (110962542)|ENTERING_MANAGED_PKG|tdc_tsw
11:08:32.0 (111723002)|ENTERING_MANAGED_PKG|tdc_tsw
11:08:32.0 (111991235)|ENTERING_MANAGED_PKG|tdc_tsw
11:08:32.0 (112406720)|ENTERING_MANAGED_PKG|tdc_tsw
11:08:32.0 (113569785)|ENTERING_MANAGED_PKG|tdc_tsw
11:08:32.0 (114371213)|ENTERING_MANAGED_PKG|tdc_tsw
11:08:32.0 (114616097)|ENTERING_MANAGED_PKG|tdc_tsw
11:08:32.0 (115036283)|ENTERING_MANAGED_PKG|tdc_tsw
11:08:32.0 (116199026)|ENTERING_MANAGED_PKG|tdc_tsw
11:08:32.0 (116975751)|ENTERING_MANAGED_PKG|tdc_tsw
11:08:32.0 (117222234)|ENTERING_MANAGED_PKG|tdc_tsw
11:08:32.0 (117636358)|ENTERING_MANAGED_PKG|tdc_tsw
11:08:32.0 (118800925)|ENTERING_MANAGED_PKG|tdc_tsw
11:08:32.0 (119566361)|ENTERING_MANAGED_PKG|tdc_tsw
11:08:32.0 (119818953)|ENTERING_MANAGED_PKG|tdc_tsw
11:08:32.0 (120232063)|ENTERING_MANAGED_PKG|tdc_tsw
11:08:32.0 (121383741)|ENTERING_MANAGED_PKG|tdc_tsw
11:08:32.0 (122154775)|ENTERING_MANAGED_PKG|tdc_tsw
11:08:32.0 (122399148)|ENTERING_MANAGED_PKG|tdc_tsw
11:08:32.0 (122821370)|ENTERING_MANAGED_PKG|tdc_tsw
11:08:32.0 (123973248)|ENTERING_MANAGED_PKG|tdc_tsw
11:08:32.0 (124732605)|ENTERING_MANAGED_PKG|tdc_tsw
11:08:32.0 (124985177)|ENTERING_MANAGED_PKG|tdc_tsw
11:08:32.0 (125395331)|ENTERING_MANAGED_PKG|tdc_tsw
11:08:32.0 (126544914)|ENTERING_MANAGED_PKG|tdc_tsw
11:08:32.0 (127316427)|ENTERING_MANAGED_PKG|tdc_tsw
11:08:32.0 (127561760)|ENTERING_MANAGED_PKG|tdc_tsw
11:08:32.0 (127982795)|ENTERING_MANAGED_PKG|tdc_tsw
11:08:32.0 (129135142)|ENTERING_MANAGED_PKG|tdc_tsw
11:08:32.0 (129908627)|ENTERING_MANAGED_PKG|tdc_tsw
11:08:32.0 (130151298)|ENTERING_MANAGED_PKG|tdc_tsw
11:08:32.0 (130567285)|ENTERING_MANAGED_PKG|tdc_tsw
11:08:32.0 (131724365)|ENTERING_MANAGED_PKG|tdc_tsw
11:08:32.0 (132495412)|ENTERING_MANAGED_PKG|tdc_tsw
11:08:32.0 (132739870)|ENTERING_MANAGED_PKG|tdc_tsw
11:08:32.0 (133158926)|ENTERING_MANAGED_PKG|tdc_tsw
11:08:32.0 (134315069)|ENTERING_MANAGED_PKG|tdc_tsw
11:08:32.0 (135086185)|ENTERING_MANAGED_PKG|tdc_tsw
11:08:32.0 (135332519)|ENTERING_MANAGED_PKG|tdc_tsw
11:08:32.0 (135746871)|ENTERING_MANAGED_PKG|tdc_tsw
11:08:32.0 (136910573)|ENTERING_MANAGED_PKG|tdc_tsw
11:08:32.0 (137678346)|ENTERING_MANAGED_PKG|tdc_tsw
11:08:32.0 (137933199)|ENTERING_MANAGED_PKG|tdc_tsw
11:08:32.0 (138345186)|ENTERING_MANAGED_PKG|tdc_tsw
11:08:32.0 (139494209)|ENTERING_MANAGED_PKG|tdc_tsw
11:08:32.0 (140263364)|ENTERING_MANAGED_PKG|tdc_tsw
11:08:32.0 (140505232)|ENTERING_MANAGED_PKG|tdc_tsw
11:08:32.0 (140928262)|ENTERING_MANAGED_PKG|tdc_tsw
11:08:32.0 (142088002)|ENTERING_MANAGED_PKG|tdc_tsw
11:08:32.0 (142858009)|ENTERING_MANAGED_PKG|tdc_tsw
11:08:32.0 (143102796)|ENTERING_MANAGED_PKG|tdc_tsw
11:08:32.0 (143516563)|ENTERING_MANAGED_PKG|tdc_tsw
11:08:32.0 (144668627)|ENTERING_MANAGED_PKG|tdc_tsw
11:08:32.0 (145436447)|ENTERING_MANAGED_PKG|tdc_tsw
11:08:32.0 (145681408)|ENTERING_MANAGED_PKG|tdc_tsw
11:08:32.0 (146103043)|ENTERING_MANAGED_PKG|tdc_tsw
11:08:32.0 (147289505)|ENTERING_MANAGED_PKG|tdc_tsw
11:08:32.0 (148060904)|ENTERING_MANAGED_PKG|tdc_tsw
11:08:32.0 (148305880)|ENTERING_MANAGED_PKG|tdc_tsw
11:08:32.0 (148717636)|ENTERING_MANAGED_PKG|tdc_tsw
11:08:32.0 (149885512)|ENTERING_MANAGED_PKG|tdc_tsw
11:08:32.0 (150656519)|ENTERING_MANAGED_PKG|tdc_tsw
11:08:32.0 (150909377)|ENTERING_MANAGED_PKG|tdc_tsw
11:08:32.0 (151324413)|ENTERING_MANAGED_PKG|tdc_tsw
11:08:32.0 (152482861)|ENTERING_MANAGED_PKG|tdc_tsw
11:08:32.0 (153274669)|ENTERING_MANAGED_PKG|tdc_tsw
11:08:32.0 (153518243)|ENTERING_MANAGED_PKG|tdc_tsw
11:08:32.0 (153940524)|ENTERING_MANAGED_PKG|tdc_tsw
11:08:32.0 (155103629)|ENTERING_MANAGED_PKG|tdc_tsw
11:08:32.0 (155876643)|ENTERING_MANAGED_PKG|tdc_tsw
11:08:32.0 (156130779)|ENTERING_MANAGED_PKG|tdc_tsw
11:08:32.0 (156543610)|ENTERING_MANAGED_PKG|tdc_tsw
11:08:32.0 (157692946)|ENTERING_MANAGED_PKG|tdc_tsw
11:08:32.0 (158470001)|ENTERING_MANAGED_PKG|tdc_tsw
11:08:32.0 (158716201)|ENTERING_MANAGED_PKG|tdc_tsw
11:08:32.0 (159135565)|ENTERING_MANAGED_PKG|tdc_tsw
11:08:32.0 (160293183)|ENTERING_MANAGED_PKG|tdc_tsw
11:08:32.0 (161066643)|ENTERING_MANAGED_PKG|tdc_tsw
11:08:32.0 (161310313)|ENTERING_MANAGED_PKG|tdc_tsw
11:08:32.0 (161723645)|ENTERING_MANAGED_PKG|tdc_tsw
11:08:32.0 (162888461)|ENTERING_MANAGED_PKG|tdc_tsw
11:08:32.0 (163651001)|ENTERING_MANAGED_PKG|tdc_tsw
11:08:32.0 (163904830)|ENTERING_MANAGED_PKG|tdc_tsw
11:08:32.0 (164317843)|ENTERING_MANAGED_PKG|tdc_tsw
11:08:32.0 (165473890)|ENTERING_MANAGED_PKG|tdc_tsw
11:08:32.0 (166255267)|ENTERING_MANAGED_PKG|tdc_tsw
11:08:32.0 (166499818)|ENTERING_MANAGED_PKG|tdc_tsw
11:08:32.0 (166922584)|ENTERING_MANAGED_PKG|tdc_tsw
11:08:32.0 (168089268)|ENTERING_MANAGED_PKG|tdc_tsw
11:08:32.0 (168863551)|ENTERING_MANAGED_PKG|tdc_tsw
11:08:32.0 (169108973)|ENTERING_MANAGED_PKG|tdc_tsw
11:08:32.0 (169919231)|ENTERING_MANAGED_PKG|tdc_tsw
11:08:32.0 (171078890)|ENTERING_MANAGED_PKG|tdc_tsw
11:08:32.0 (171846940)|ENTERING_MANAGED_PKG|tdc_tsw
11:08:32.0 (172100960)|ENTERING_MANAGED_PKG|tdc_tsw
11:08:32.0 (172513177)|ENTERING_MANAGED_PKG|tdc_tsw
11:08:32.0 (173663714)|ENTERING_MANAGED_PKG|tdc_tsw
11:08:32.0 (174432871)|ENTERING_MANAGED_PKG|tdc_tsw
11:08:32.0 (174677995)|ENTERING_MANAGED_PKG|tdc_tsw
11:08:32.0 (175097702)|ENTERING_MANAGED_PKG|tdc_tsw
11:08:32.0 (176250169)|ENTERING_MANAGED_PKG|tdc_tsw
11:08:32.0 (177017723)|ENTERING_MANAGED_PKG|tdc_tsw
11:08:32.0 (177262157)|ENTERING_MANAGED_PKG|tdc_tsw
11:08:32.0 (177673285)|ENTERING_MANAGED_PKG|tdc_tsw
11:08:32.0 (178829002)|ENTERING_MANAGED_PKG|tdc_tsw
11:08:32.0 (179592714)|ENTERING_MANAGED_PKG|tdc_tsw
11:08:32.0 (179843948)|ENTERING_MANAGED_PKG|tdc_tsw
11:08:32.0 (180258603)|ENTERING_MANAGED_PKG|tdc_tsw
11:08:32.0 (181419289)|ENTERING_MANAGED_PKG|tdc_tsw
11:08:32.0 (182184035)|ENTERING_MANAGED_PKG|tdc_tsw
11:08:32.0 (182428393)|ENTERING_MANAGED_PKG|tdc_tsw
11:08:32.0 (182847652)|ENTERING_MANAGED_PKG|tdc_tsw
11:08:32.0 (183997813)|ENTERING_MANAGED_PKG|tdc_tsw
11:08:32.0 (184760216)|ENTERING_MANAGED_PKG|tdc_tsw
11:08:32.0 (185011886)|ENTERING_MANAGED_PKG|tdc_tsw
11:08:32.0 (185425418)|ENTERING_MANAGED_PKG|tdc_tsw
11:08:32.0 (186580131)|ENTERING_MANAGED_PKG|tdc_tsw
11:08:32.0 (187349928)|ENTERING_MANAGED_PKG|tdc_tsw
11:08:32.0 (187592661)|ENTERING_MANAGED_PKG|tdc_tsw
11:08:32.0 (188018087)|ENTERING_MANAGED_PKG|tdc_tsw
11:08:32.0 (189172221)|ENTERING_MANAGED_PKG|tdc_tsw
11:08:32.0 (189948127)|ENTERING_MANAGED_PKG|tdc_tsw
11:08:32.0 (190189490)|ENTERING_MANAGED_PKG|tdc_tsw
11:08:32.0 (190604811)|ENTERING_MANAGED_PKG|tdc_tsw
11:08:32.0 (191770008)|ENTERING_MANAGED_PKG|tdc_tsw
11:08:32.0 (192534164)|ENTERING_MANAGED_PKG|tdc_tsw
11:08:32.0 (192787305)|ENTERING_MANAGED_PKG|tdc_tsw
11:08:32.0 (193201352)|ENTERING_MANAGED_PKG|tdc_tsw
11:08:32.0 (194356513)|ENTERING_MANAGED_PKG|tdc_tsw
11:08:32.0 (195127989)|ENTERING_MANAGED_PKG|tdc_tsw
11:08:32.0 (195374346)|ENTERING_MANAGED_PKG|tdc_tsw
11:08:32.0 (195794706)|ENTERING_MANAGED_PKG|tdc_tsw
11:08:32.0 (196945783)|ENTERING_MANAGED_PKG|tdc_tsw
11:08:32.0 (197707623)|ENTERING_MANAGED_PKG|tdc_tsw
11:08:32.0 (197959351)|ENTERING_MANAGED_PKG|tdc_tsw
11:08:32.0 (198371848)|ENTERING_MANAGED_PKG|tdc_tsw
11:08:32.0 (199527708)|ENTERING_MANAGED_PKG|tdc_tsw
11:08:32.0 (200295885)|ENTERING_MANAGED_PKG|tdc_tsw
11:08:32.0 (200540389)|ENTERING_MANAGED_PKG|tdc_tsw
11:08:32.0 (200959744)|ENTERING_MANAGED_PKG|tdc_tsw
11:08:32.0 (202117238)|ENTERING_MANAGED_PKG|tdc_tsw
11:08:32.0 (202887065)|ENTERING_MANAGED_PKG|tdc_tsw
11:08:32.0 (203131889)|ENTERING_MANAGED_PKG|tdc_tsw
11:08:32.0 (203546588)|ENTERING_MANAGED_PKG|tdc_tsw
11:08:32.0 (204707237)|ENTERING_MANAGED_PKG|tdc_tsw
11:08:32.0 (205477314)|ENTERING_MANAGED_PKG|tdc_tsw
11:08:32.0 (205722790)|ENTERING_MANAGED_PKG|tdc_tsw
11:08:32.0 (206143639)|ENTERING_MANAGED_PKG|tdc_tsw
11:08:32.0 (207294830)|ENTERING_MANAGED_PKG|tdc_tsw
11:08:32.0 (208065402)|ENTERING_MANAGED_PKG|tdc_tsw
11:08:32.0 (208307258)|ENTERING_MANAGED_PKG|tdc_tsw
11:08:32.0 (208722045)|ENTERING_MANAGED_PKG|tdc_tsw
11:08:32.0 (209884055)|ENTERING_MANAGED_PKG|tdc_tsw
11:08:32.0 (210649192)|ENTERING_MANAGED_PKG|tdc_tsw
11:08:32.0 (210873560)|ENTERING_MANAGED_PKG|tdc_tsw
11:08:32.0 (211289209)|ENTERING_MANAGED_PKG|tdc_tsw
11:08:32.0 (212546308)|ENTERING_MANAGED_PKG|tdc_tsw
11:08:32.0 (213434763)|ENTERING_MANAGED_PKG|tdc_tsw
11:08:32.0 (213507604)|ENTERING_MANAGED_PKG|tdc_tsw
11:08:32.0 (214119737)|SOQL_EXECUTE_BEGIN|[200]|Aggregations:0|SELECT Name, NamespacePrefix, SystemModStamp FROM StaticResource WHERE Name LIKE :tmpVar1 LIMIT 10
11:08:32.0 (217717432)|SOQL_EXECUTE_END|[200]|Rows:1
11:08:32.0 (218586032)|ENTERING_MANAGED_PKG|tdc_tsw
11:08:32.0 (219058199)|SOQL_EXECUTE_BEGIN|[200]|Aggregations:0|SELECT Name, NamespacePrefix, SystemModStamp FROM StaticResource WHERE Name LIKE :tmpVar1 LIMIT 10
11:08:32.0 (221805044)|SOQL_EXECUTE_END|[200]|Rows:1
11:08:32.0 (222235389)|ENTERING_MANAGED_PKG|tdc_tsw
11:08:32.0 (225381290)|ENTERING_MANAGED_PKG|tdc_tsw
11:08:32.0 (226669025)|ENTERING_MANAGED_PKG|tdc_tsw
11:08:32.0 (226948725)|ENTERING_MANAGED_PKG|tdc_tsw
11:08:32.0 (227859495)|ENTERING_MANAGED_PKG|tdc_tsw
11:08:32.0 (228366295)|SOQL_EXECUTE_BEGIN|[200]|Aggregations:0|SELECT Name, NamespacePrefix, SystemModStamp FROM StaticResource WHERE Name LIKE :tmpVar1 LIMIT 10
11:08:32.0 (231358620)|SOQL_EXECUTE_END|[200]|Rows:1
11:08:32.242 (242831910)|USER_INFO|[EXTERNAL]|0051H000009gxp8|chanida.dev2@solvedbysoftwareco.com|Eastern Standard Time|GMT-05:00
11:08:32.242 (244237721)|ENTERING_MANAGED_PKG|tdc_tsw
11:08:32.242 (244469445)|ENTERING_MANAGED_PKG|tdc_tsw
11:08:32.242 (247193016)|SOQL_EXECUTE_BEGIN|[355]|Aggregations:0|SELECT id, name, Disable_Incoming_SMS_Sharing__c FROM User WHERE id = :tmpVar1
11:08:32.242 (254201029)|SOQL_EXECUTE_END|[355]|Rows:1
11:08:32.242 (255392511)|SOQL_EXECUTE_BEGIN|[367]|Aggregations:0|SELECT CreatedDate,Id,LastModifiedDate,Related_Object_Id__c FROM Message__c WHERE Name = 'Incoming' AND Read__c = false ORDER BY CreatedDate Desc limit 100
11:08:32.242 (265518603)|SOQL_EXECUTE_END|[367]|Rows:100
