38.0 APEX_CODE,FINEST;APEX_PROFILING,INFO;CALLOUT,INFO;DB,INFO;NBA,INFO;SYSTEM,DEBUG;VALIDATION,INFO;VISUALFORCE,INFO;WAVE,INFO;WORKFLOW,INFO
17:40:42.3 (3860034)|ENTERING_MANAGED_PKG|tdc_tsw
17:40:42.3 (4683690)|ENTERING_MANAGED_PKG|tdc_tsw
17:40:42.3 (7064496)|SOQL_EXECUTE_BEGIN|[66]|Aggregations:0|SELECT Id FROM Folder WHERE DeveloperName = 'SMS_APP' LIMIT 1
17:40:42.3 (11783848)|SOQL_EXECUTE_END|[66]|Rows:1
17:40:42.3 (12124109)|ENTERING_MANAGED_PKG|tdc_tsw
17:40:42.3 (12911640)|ENTERING_MANAGED_PKG|tdc_tsw
17:40:42.3 (13281791)|ENTERING_MANAGED_PKG|tdc_tsw
17:40:42.3 (41205560)|ENTERING_MANAGED_PKG|tdc_tsw
17:40:42.3 (41277736)|ENTERING_MANAGED_PKG|tdc_tsw
17:40:42.3 (111285168)|SOQL_EXECUTE_BEGIN|[1842]|Aggregations:0|SELECT Id, name FROM RecordType WHERE (sObjectType = :tmpVar1 AND name = :tmpVar2) LIMIT 1
17:40:42.3 (120339876)|SOQL_EXECUTE_END|[1842]|Rows:1
17:40:42.3 (127658874)|ENTERING_MANAGED_PKG|tdc_tsw
17:40:42.3 (168064977)|SOQL_EXECUTE_BEGIN|[275]|Aggregations:0|Select Id, tdc_tsw__account__c, tdc_tsw__campaign__c, tdc_tsw__case__c, tdc_tsw__contact__c, tdc_tsw__lead__c, tdc_tsw__message__c, tdc_tsw__opportunity__c, tdc_tsw__sms_template__c, tdc_tsw__question__c, tdc_tsw__survey_response__c, OwnerId, Related_Object__c,Is_Keyword_Based__c,Sender_Number__c,ToNumber__c, Related_Object_Id__c from Message__c where Name = 'Outgoing' and (Sender_Number__c =: cleantoNumber  OR Sender_Number__c LIKE : toNumberWithoutSymbol )  and (ToNumber__c =: cleanFromNumber  OR ToNumber__c LIKE : fromNumberWithoutSymbol )  Order By CreatedDate Desc Limit 1
17:40:42.3 (176433856)|SOQL_EXECUTE_END|[275]|Rows:1
17:40:42.3 (177480108)|SOQL_EXECUTE_BEGIN|[299]|Aggregations:0|SELECT Id FROM tdc_tsw__Message__c WHERE id =: relatedObjId
17:40:42.3 (181201104)|SOQL_EXECUTE_END|[299]|Rows:1
17:40:42.3 (181528781)|ENTERING_MANAGED_PKG|tdc_tsw
17:40:42.3 (184972001)|SOQL_EXECUTE_BEGIN|[923]|Aggregations:0|SELECT id, isActive FROM User WHERE id = :tmpVar1 LIMIT 1
17:40:42.3 (192132504)|SOQL_EXECUTE_END|[923]|Rows:1
17:40:42.3 (193564141)|ENTERING_MANAGED_PKG|tdc_tsw
17:40:42.3 (198117943)|ENTERING_MANAGED_PKG|tdc_tsw
17:40:42.3 (220404252)|DML_BEGIN|[557]|Op:Insert|Type:tdc_tsw__Message__c|Rows:1
17:40:42.3 (239140892)|ENTERING_MANAGED_PKG|tdc_tsw
17:40:42.241 (241539565)|CUMULATIVE_LIMIT_USAGE
17:40:42.241 (241539565)|LIMIT_USAGE_FOR_NS|(default)|
  Number of SOQL queries: 0 out of 100
  Number of query rows: 0 out of 50000
  Number of SOSL queries: 0 out of 20
  Number of DML statements: 0 out of 150
  Number of DML rows: 0 out of 10000
  Maximum CPU time: 0 out of 10000
  Maximum heap size: 0 out of 6000000
  Number of callouts: 0 out of 100
  Number of Email Invocations: 0 out of 10
  Number of future calls: 0 out of 50
  Number of queueable jobs added to the queue: 0 out of 50
  Number of Mobile Apex push calls: 0 out of 10

17:40:42.241 (241539565)|LIMIT_USAGE_FOR_NS|tdc_tsw|
  Number of SOQL queries: 5 out of 100
  Number of query rows: 5 out of 50000
  Number of SOSL queries: 0 out of 20
  Number of DML statements: 1 out of 150
  Number of DML rows: 1 out of 10000
  Maximum CPU time: 0 out of 10000
  Maximum heap size: 0 out of 6000000
  Number of callouts: 0 out of 100
  Number of Email Invocations: 0 out of 10
  Number of future calls: 0 out of 50
  Number of queueable jobs added to the queue: 0 out of 50
  Number of Mobile Apex push calls: 0 out of 10

17:40:42.241 (241539565)|CUMULATIVE_LIMIT_USAGE_END

17:40:42.3 (303323617)|ENTERING_MANAGED_PKG|tdc_tsw
17:40:42.3 (315022944)|ENTERING_MANAGED_PKG|tdc_tsw
17:40:42.3 (315798243)|ENTERING_MANAGED_PKG|tdc_tsw
17:40:42.3 (316093707)|ENTERING_MANAGED_PKG|tdc_tsw
17:40:42.3 (321779421)|SOQL_EXECUTE_BEGIN|[15]|Aggregations:0|SELECT Id, Email FROM User WHERE isActive = TRUE LIMIT 10000
17:40:42.3 (328445033)|SOQL_EXECUTE_END|[15]|Rows:9
17:40:42.3 (330278430)|SOQL_EXECUTE_BEGIN|[42]|Aggregations:0|SELECT Id, Sender_Name__c, Sender_Number__c FROM Message__c WHERE id = :tmpVar1
17:40:42.3 (334436135)|SOQL_EXECUTE_END|[42]|Rows:1
17:40:42.3 (336362330)|SOQL_EXECUTE_BEGIN|[70]|Aggregations:0|select Name from tdc_tsw__Message__c where id = 'a173B000000sdzDQAQ'
17:40:42.3 (339763827)|SOQL_EXECUTE_END|[70]|Rows:1
17:40:42.3 (340724211)|DML_BEGIN|[97]|Op:Update|Type:tdc_tsw__Message__c|Rows:1
17:40:42.3 (363095907)|DML_END|[97]
17:40:42.3 (368255755)|SOQL_EXECUTE_BEGIN|[236]|Aggregations:0|SELECT id, subject, developername, htmlValue, body FROM EmailTemplate WHERE developername = 'Incoming_Message_Alert' LIMIT 1
17:40:42.3 (426598263)|SOQL_EXECUTE_END|[236]|Rows:1
17:40:42.3 (454602464)|ENTERING_MANAGED_PKG|tdc_tsw
17:40:42.3 (454703096)|ENTERING_MANAGED_PKG|tdc_tsw
17:40:42.3 (493942378)|SOQL_EXECUTE_BEGIN|[758]|Aggregations:0|select tdc_tsw__ToNumber__c, tdc_tsw__Sender_Number__c, tdc_tsw__Sender_Name__c, Id, tdc_tsw__Related_Object_Id_URL__c, tdc_tsw__Message_Text_New__c from tdc_tsw__Message__c where id ='a173B000000se1nQAA' Limit 1
17:40:42.3 (505319418)|SOQL_EXECUTE_END|[758]|Rows:1
17:40:42.3 (506387939)|ENTERING_MANAGED_PKG|tdc_tsw
17:40:42.3 (507308673)|ENTERING_MANAGED_PKG|tdc_tsw
17:40:42.3 (508058133)|ENTERING_MANAGED_PKG|tdc_tsw
17:40:42.3 (508790531)|ENTERING_MANAGED_PKG|tdc_tsw
17:40:42.3 (509534823)|ENTERING_MANAGED_PKG|tdc_tsw
17:40:42.3 (510288758)|ENTERING_MANAGED_PKG|tdc_tsw
17:40:42.3 (510966995)|ENTERING_MANAGED_PKG|tdc_tsw
17:40:42.3 (537856119)|SOQL_EXECUTE_BEGIN|[758]|Aggregations:0|select tdc_tsw__ToNumber__c, tdc_tsw__Sender_Number__c, tdc_tsw__Sender_Name__c, tdc_tsw__Related_Object_Id_URL__c, tdc_tsw__Message_Text_New__c from tdc_tsw__Message__c where id ='a173B000000se1nQAA' Limit 1
17:40:42.3 (548797456)|SOQL_EXECUTE_END|[758]|Rows:1
17:40:42.3 (549622508)|ENTERING_MANAGED_PKG|tdc_tsw
17:40:42.3 (550417181)|ENTERING_MANAGED_PKG|tdc_tsw
17:40:42.3 (551159116)|ENTERING_MANAGED_PKG|tdc_tsw
17:40:42.3 (551884652)|ENTERING_MANAGED_PKG|tdc_tsw
17:40:42.3 (552630666)|ENTERING_MANAGED_PKG|tdc_tsw
17:40:42.3 (553520467)|SOQL_EXECUTE_BEGIN|[248]|Aggregations:0|SELECT Id, IsSandbox, Name FROM Organization LIMIT 1
17:40:42.3 (557629268)|SOQL_EXECUTE_END|[248]|Rows:1
17:40:42.3 (559012338)|ENTERING_MANAGED_PKG|tdc_tsw
17:40:42.3 (563174170)|SOQL_EXECUTE_BEGIN|[434]|Aggregations:0|SELECT id, name, First_Question__c, Question_Text__c, Question__c, Question_Label__c, Object__c, tdc_tsw__Survey__c, Survey__r.name FROM Question__c WHERE id = :tmpVar1
17:40:42.3 (566937628)|SOQL_EXECUTE_END|[434]|Rows:0
17:40:42.3 (567671633)|ENTERING_MANAGED_PKG|tdc_tsw
17:40:42.3 (583704679)|SOQL_EXECUTE_BEGIN|[628]|Aggregations:0|Select id, leadId, contactId from CampaignMember where Id In : Ids
17:40:42.3 (586621134)|SOQL_EXECUTE_END|[628]|Rows:0
17:40:42.587 (587515583)|CUMULATIVE_LIMIT_USAGE
17:40:42.587 (587515583)|LIMIT_USAGE_FOR_NS|(default)|
  Number of SOQL queries: 0 out of 100
  Number of query rows: 0 out of 50000
  Number of SOSL queries: 0 out of 20
  Number of DML statements: 0 out of 150
  Number of DML rows: 0 out of 10000
  Maximum CPU time: 180 out of 10000
  Maximum heap size: 0 out of 6000000
  Number of callouts: 0 out of 100
  Number of Email Invocations: 0 out of 10
  Number of future calls: 0 out of 50
  Number of queueable jobs added to the queue: 0 out of 50
  Number of Mobile Apex push calls: 0 out of 10

17:40:42.587 (587515583)|LIMIT_USAGE_FOR_NS|tdc_tsw|
  Number of SOQL queries: 14 out of 100
  Number of query rows: 20 out of 50000
  Number of SOSL queries: 0 out of 20
  Number of DML statements: 2 out of 150
  Number of DML rows: 2 out of 10000
  Maximum CPU time: 0 out of 10000
  Maximum heap size: 0 out of 6000000
  Number of callouts: 0 out of 100
  Number of Email Invocations: 0 out of 10
  Number of future calls: 0 out of 50
  Number of queueable jobs added to the queue: 0 out of 50
  Number of Mobile Apex push calls: 0 out of 10

17:40:42.587 (587515583)|CUMULATIVE_LIMIT_USAGE_END

17:40:42.676 (676764921)|PUSH_TRACE_FLAGS|[EXTERNAL]|01p3B000001izES|PhoneMatcher|APEX_CODE,FINEST;APEX_PROFILING,INFO;CALLOUT,INFO;DB,INFO;NBA,INFO;SYSTEM,DEBUG;VALIDATION,INFO;VISUALFORCE,INFO;WAVE,INFO;WORKFLOW,INFO
17:40:42.676 (676812454)|CODE_UNIT_STARTED|[EXTERNAL]|01p3B000001izES|PhoneMatcher.MatchContactOnPhoneNunber(List<tdc_tsw__Message__c>)
17:40:42.676 (676867341)|HEAP_ALLOCATE|[EXTERNAL]|Bytes:8
17:40:42.676 (676935551)|HEAP_ALLOCATE|[EXTERNAL]|Bytes:1
17:40:42.676 (676963695)|METHOD_ENTRY|[5]|01p3B000001izES|PhoneMatcher.PhoneMatcher()
17:40:42.676 (676974512)|STATEMENT_EXECUTE|[5]
17:40:42.676 (676983607)|STATEMENT_EXECUTE|[5]
17:40:42.676 (676990692)|METHOD_EXIT|[5]|PhoneMatcher
17:40:42.676 (677030492)|HEAP_ALLOCATE|[EXTERNAL]|Bytes:8
17:40:42.676 (677048417)|VARIABLE_SCOPE_BEGIN|[8]|messages|List<tdc_tsw__Message__c>|true|false
17:40:42.676 (679464507)|VARIABLE_ASSIGNMENT|[8]|messages|[{"LastModifiedDate":"2019-01-21T22:40:42.000Z","tdc_tsw__ToNumber__c":"+17065037067","tdc_tsw__Sender_Number__c":"+13038816946","tdc_tsw__Read__c":false,"tdc_tsw__Read_Status__c":"Unread","tdc_tsw__Task_Created__c":false,"Name":"Incoming","tdc_tsw__Event_Created__c":false,"tdc_tsw__Message_Text_New__c":"Chanida","tdc_tsw__Created_Date__c":"2019-01-21T22:40:42.000Z","CreatedById":"0051H000009gxp8QAA","tdc_tsw__Is_Keyword_Based__c":false,"OwnerId":"0051H000009gxp8QAA","tdc_tsw__Related_Object_Id_URL__c":"_HL_ENCODED_https:// (97 more) ...","RecordTypeId":"0121H000001Ie7fQAC","tdc_tsw__Delivered_SMS__c":"_IM1_/resource/tdc_t (27 more) ...","tdc_tsw__Important__c":false,"tdc_tsw__Delivered__c":false,"tdc_tsw__Related_Object__c":"tdc_tsw__Message__c","IsDeleted":false,"tdc_tsw__Incoming_Status__c":"Not Read","tdc_tsw__isCaseCreated__c":false,"tdc_tsw__Message__c":"a173B000000sdzIQAQ","tdc_tsw__Related_Object_Id__c":"a173B000000sdzDQAQ","SystemModstamp":"2019-01-21T22:40:42.000Z","tdc_tsw__Sender_Name__c":"Incoming","tdc_tsw__isLeadCreated__c":false,"CreatedDate":"2019-01-21T22:40:42.000Z","Id":"a173B000000se1nQAA","LastModifiedById":"0051H000009gxp8QAA","tdc_tsw__Delivery_Status__c":"Sent"}]|0x25108547
17:40:42.676 (679512517)|STATEMENT_EXECUTE|[8]
17:40:42.676 (679514945)|STATEMENT_EXECUTE|[9]
17:40:42.676 (679602911)|HEAP_ALLOCATE|[9]|Bytes:4
17:40:42.676 (679752748)|VARIABLE_SCOPE_BEGIN|[9]|template|tdc_tsw__Message_Template__c|true|false
17:40:42.676 (679781382)|VARIABLE_ASSIGNMENT|[9]|template|{}|0x567934be
17:40:42.676 (679792870)|STATEMENT_EXECUTE|[10]
17:40:42.676 (679881254)|HEAP_ALLOCATE|[10]|Bytes:18
17:40:42.676 (680022724)|VARIABLE_ASSIGNMENT|[10]|this.Name|"a173B000000se1nQAA"|0x567934be
17:40:42.676 (680038453)|STATEMENT_EXECUTE|[11]
17:40:42.676 (680045615)|VARIABLE_SCOPE_BEGIN|[11]|authorized|Boolean|false|false
17:40:42.676 (680061073)|HEAP_ALLOCATE|[11]|Bytes:5
17:40:42.676 (680089011)|VARIABLE_ASSIGNMENT|[11]|authorized|false
17:40:42.676 (680098084)|STATEMENT_EXECUTE|[12]
17:40:42.676 (680105074)|VARIABLE_SCOPE_BEGIN|[12]|requestingNumber|String|false|false
17:40:42.676 (680119088)|VARIABLE_ASSIGNMENT|[12]|requestingNumber|""
17:40:42.676 (680126188)|STATEMENT_EXECUTE|[13]
17:40:42.676 (680224527)|VARIABLE_ASSIGNMENT|[13]|requestingNumber|"+13038816946"
17:40:42.676 (680235952)|STATEMENT_EXECUTE|[14]
17:40:42.676 (680237897)|STATEMENT_EXECUTE|[15]
17:40:42.676 (680320653)|HEAP_ALLOCATE|[15]|Bytes:11
17:40:42.676 (680356284)|VARIABLE_ASSIGNMENT|[15]|requestingNumber|"13038816946"
17:40:42.676 (680365383)|STATEMENT_EXECUTE|[16]
17:40:42.676 (680409982)|HEAP_ALLOCATE|[16]|Bytes:10
17:40:42.676 (680438475)|VARIABLE_ASSIGNMENT|[16]|requestingNumber|"3038816946"
17:40:42.676 (680449033)|STATEMENT_EXECUTE|[19]
17:40:42.676 (680453574)|HEAP_ALLOCATE|[19]|Bytes:144
17:40:42.676 (680475299)|HEAP_ALLOCATE|[19]|Bytes:4
17:40:42.676 (680857755)|SOQL_EXECUTE_BEGIN|[19]|Aggregations:0|SELECT ID, SMS_Lookup_Access__c FROM Contact WHERE ((PhoneNumeric__c = :tmpVar1 OR MobileNumeric__c = :tmpVar2) AND SMS_Lookup_Access__c = TRUE)
17:40:42.676 (685105036)|SOQL_EXECUTE_END|[19]|Rows:1
17:40:42.676 (685141446)|HEAP_ALLOCATE|[19]|Bytes:8
17:40:42.676 (685164237)|HEAP_ALLOCATE|[19]|Bytes:57
17:40:42.676 (685248057)|HEAP_ALLOCATE|[19]|Bytes:8
17:40:42.676 (685272976)|VARIABLE_SCOPE_BEGIN|[19]|requestingContacts|List<Contact>|true|false
17:40:42.676 (685317348)|VARIABLE_ASSIGNMENT|[19]|requestingContacts|[{"Id":"0033B00000Q9yz1QAB","SMS_Lookup_Access__c":true}]|0x629f738c
17:40:42.676 (685410312)|STATEMENT_EXECUTE|[24]
17:40:42.676 (685415942)|STATEMENT_EXECUTE|[25]
17:40:42.676 (685475680)|HEAP_ALLOCATE|[25]|Bytes:4
17:40:42.676 (685542173)|VARIABLE_SCOPE_BEGIN|[25]|results|List<LookupResult__c>|true|false
17:40:42.676 (685582734)|HEAP_ALLOCATE|[EXTERNAL]|Bytes:4
17:40:42.676 (685601578)|VARIABLE_ASSIGNMENT|[25]|results|[]|0x1e442a84
17:40:42.676 (685617390)|STATEMENT_EXECUTE|[26]
17:40:42.676 (685624055)|VARIABLE_SCOPE_BEGIN|[26]|counter|Integer|false|false
17:40:42.676 (685638350)|HEAP_ALLOCATE|[26]|Bytes:4
17:40:42.676 (685650252)|VARIABLE_ASSIGNMENT|[26]|counter|1
17:40:42.676 (685662806)|STATEMENT_EXECUTE|[27]
17:40:42.676 (685802862)|HEAP_ALLOCATE|[27]|Bytes:9
17:40:42.676 (685816104)|VARIABLE_SCOPE_BEGIN|[27]|inMessage|String|false|false
17:40:42.676 (685837839)|VARIABLE_ASSIGNMENT|[27]|inMessage|"%Chanida%"
17:40:42.676 (685851257)|STATEMENT_EXECUTE|[28]
17:40:42.676 (685856608)|VARIABLE_SCOPE_BEGIN|[28]|outMessage|String|false|false
17:40:42.676 (685872889)|VARIABLE_ASSIGNMENT|[28]|outMessage|""
17:40:42.676 (685879666)|STATEMENT_EXECUTE|[29]
17:40:42.676 (685882862)|VARIABLE_SCOPE_BEGIN|[29]|phoneWithPrefix|String|false|false
17:40:42.676 (685901663)|VARIABLE_ASSIGNMENT|[29]|phoneWithPrefix|""
17:40:42.676 (685910582)|STATEMENT_EXECUTE|[30]
17:40:42.676 (685916885)|VARIABLE_SCOPE_BEGIN|[30]|phone|String|false|false
17:40:42.676 (685930984)|VARIABLE_ASSIGNMENT|[30]|phone|""
17:40:42.676 (685963322)|STATEMENT_EXECUTE|[31]
17:40:42.676 (685966606)|STATEMENT_EXECUTE|[32]
17:40:42.676 (686046161)|HEAP_ALLOCATE|[32]|Bytes:7
17:40:42.676 (686096826)|VARIABLE_ASSIGNMENT|[32]|phone|"Chanida"
17:40:42.676 (686119200)|STATEMENT_EXECUTE|[33]
17:40:42.676 (686126351)|HEAP_ALLOCATE|[33]|Bytes:1
17:40:42.676 (686204629)|HEAP_ALLOCATE|[33]|Bytes:7
17:40:42.676 (686235709)|HEAP_ALLOCATE|[33]|Bytes:8
17:40:42.676 (686253241)|VARIABLE_ASSIGNMENT|[33]|phoneWithPrefix|"1Chanida"
17:40:42.676 (686266389)|STATEMENT_EXECUTE|[35]
17:40:42.676 (686273062)|HEAP_ALLOCATE|[35]|Bytes:61
17:40:42.676 (686292711)|HEAP_ALLOCATE|[35]|Bytes:4
17:40:42.676 (686636848)|SOQL_EXECUTE_BEGIN|[35]|Aggregations:0|SELECT Name, Sent_Us__c FROM Account WHERE Name LIKE :tmpVar1
17:40:42.676 (694984786)|SOQL_EXECUTE_END|[35]|Rows:0
17:40:42.676 (695024476)|HEAP_ALLOCATE|[35]|Bytes:4
17:40:42.676 (695041386)|HEAP_ALLOCATE|[35]|Bytes:0
17:40:42.676 (695118034)|HEAP_ALLOCATE|[35]|Bytes:4
17:40:42.676 (695137655)|VARIABLE_SCOPE_BEGIN|[35]|accounts|List<Account>|true|false
17:40:42.676 (695160537)|VARIABLE_ASSIGNMENT|[35]|accounts|[]|0xfbacf22
17:40:42.676 (695347247)|HEAP_ALLOCATE|[38]|Bytes:5
17:40:42.676 (695392162)|VARIABLE_ASSIGNMENT|[38]|account|null|
17:40:42.676 (695403954)|STATEMENT_EXECUTE|[38]
17:40:42.676 (695407903)|STATEMENT_EXECUTE|[54]
17:40:42.676 (695413600)|HEAP_ALLOCATE|[54]|Bytes:215
17:40:42.676 (695434428)|HEAP_ALLOCATE|[54]|Bytes:4
17:40:42.676 (695462123)|HEAP_ALLOCATE|[54]|Bytes:7
17:40:42.676 (695476066)|HEAP_ALLOCATE|[54]|Bytes:7
17:40:42.676 (695512311)|HEAP_ALLOCATE|[54]|Bytes:7
17:40:42.676 (696266270)|SOQL_EXECUTE_BEGIN|[54]|Aggregations:0|SELECT ID, Phone, MobilePhone, Name, Email, AccountId FROM Contact WHERE (PhoneNumeric__c = :tmpVar1 OR MobileNumeric__c = :tmpVar2 OR PhoneNumeric__c = :tmpVar3 OR MobileNumeric__c = :tmpVar4 OR Name LIKE :tmpVar5)
17:40:42.676 (701456979)|SOQL_EXECUTE_END|[54]|Rows:1
17:40:42.676 (701486659)|HEAP_ALLOCATE|[54]|Bytes:8
17:40:42.676 (701509471)|HEAP_ALLOCATE|[54]|Bytes:168
17:40:42.676 (701545946)|HEAP_ALLOCATE|[54]|Bytes:8
17:40:42.676 (701562725)|VARIABLE_SCOPE_BEGIN|[54]|contacts|List<Contact>|true|false
17:40:42.676 (701628200)|VARIABLE_ASSIGNMENT|[54]|contacts|[{"Id":"0033B00000Q9yz1QAB","Phone":"3038816946","MobilePhone":"3038816946","Name":"Chanida Clarkston","Email":"chanida@solvedbysoft (10 more) ...","AccountId":"0013B00000XmNrpQAF"}]|0x561500d7
17:40:42.676 (701685897)|STATEMENT_EXECUTE|[59]
17:40:42.676 (701861552)|HEAP_ALLOCATE|[60]|Bytes:5
17:40:42.676 (701927781)|HEAP_ALLOCATE|[60]|Bytes:28
17:40:42.676 (701954802)|VARIABLE_SCOPE_BEGIN|[60]|contact|Contact|true|false
17:40:42.676 (702016807)|VARIABLE_ASSIGNMENT|[60]|contact|{"Id":"0033B00000Q9yz1QAB","Phone":"3038816946","MobilePhone":"3038816946","Name":"Chanida Clarkston","Email":"chanida@solvedbysoft (10 more) ...","AccountId":"0013B00000XmNrpQAF"}|0x1163d90e
17:40:42.676 (702033100)|STATEMENT_EXECUTE|[60]
17:40:42.676 (702035311)|STATEMENT_EXECUTE|[61]
17:40:42.676 (702077998)|VARIABLE_SCOPE_BEGIN|[61]|cPhone|String|false|false
17:40:42.676 (702097833)|VARIABLE_ASSIGNMENT|[61]|cPhone|"3038816946"
17:40:42.676 (702105678)|STATEMENT_EXECUTE|[62]
17:40:42.676 (702129499)|VARIABLE_SCOPE_BEGIN|[62]|cMobilePhone|String|false|false
17:40:42.676 (702147921)|VARIABLE_ASSIGNMENT|[62]|cMobilePhone|"3038816946"
17:40:42.676 (702155344)|STATEMENT_EXECUTE|[63]
17:40:42.676 (702181121)|HEAP_ALLOCATE|[63]|Bytes:15
17:40:42.676 (702230179)|HEAP_ALLOCATE|[63]|Bytes:8
17:40:42.676 (702245961)|HEAP_ALLOCATE|[63]|Bytes:9
17:40:42.676 (702272123)|HEAP_ALLOCATE|[63]|Bytes:69
17:40:42.676 (702290494)|HEAP_ALLOCATE|[63]|Bytes:8
17:40:42.676 (702331702)|HEAP_ALLOCATE|[63]|Bytes:38
17:40:42.676 (702350260)|HEAP_ALLOCATE|[63]|Bytes:107
17:40:42.676 (702360684)|HEAP_ALLOCATE|[63]|Bytes:107
17:40:42.676 (702378622)|VARIABLE_ASSIGNMENT|[63]|outMessage|"\nContact\nName: Chani (87 more) ..."
17:40:42.676 (702388971)|STATEMENT_EXECUTE|[64]
17:40:42.676 (702422244)|HEAP_ALLOCATE|[64]|Bytes:4
17:40:42.676 (702787757)|VARIABLE_ASSIGNMENT|[64]|this.SMS_History__c|"a173B000000se1nQAA"|0x30e11e5a
17:40:42.676 (702838633)|HEAP_ALLOCATE|[64]|Bytes:28
17:40:42.676 (702849345)|HEAP_ALLOCATE|[64]|Bytes:28
17:40:42.676 (702891395)|VARIABLE_ASSIGNMENT|[64]|this.Key__c|1|0x30e11e5a
17:40:42.676 (702929248)|HEAP_ALLOCATE|[64]|Bytes:18
17:40:42.676 (702966355)|VARIABLE_ASSIGNMENT|[64]|this.ObjectId__c|"0033B00000Q9yz1QAB"|0x30e11e5a
17:40:42.676 (703036959)|VARIABLE_ASSIGNMENT|[64]|this.Name|"Chanida Clarkston"|0x30e11e5a
17:40:42.676 (703127970)|HEAP_ALLOCATE|[EXTERNAL]|Bytes:4
17:40:42.676 (703144880)|STATEMENT_EXECUTE|[65]
17:40:42.676 (703150193)|HEAP_ALLOCATE|[65]|Bytes:4
17:40:42.676 (703164871)|VARIABLE_ASSIGNMENT|[65]|counter|2
17:40:42.676 (703197012)|STATEMENT_EXECUTE|[66]
17:40:42.676 (703200026)|STATEMENT_EXECUTE|[67]
17:40:42.676 (703204491)|HEAP_ALLOCATE|[67]|Bytes:107
17:40:42.676 (703228180)|HEAP_ALLOCATE|[67]|Bytes:4
17:40:42.676 (703531314)|SOQL_EXECUTE_BEGIN|[67]|Aggregations:0|SELECT Name, Sent_Us__c FROM Account WHERE (Account_Type__c = 'Business Account' AND ID = :tmpVar1) LIMIT 1
17:40:42.676 (713331093)|SOQL_EXECUTE_END|[67]|Rows:1
17:40:42.676 (713370117)|HEAP_ALLOCATE|[67]|Bytes:8
17:40:42.676 (713393431)|HEAP_ALLOCATE|[67]|Bytes:55
17:40:42.676 (713436913)|HEAP_ALLOCATE|[67]|Bytes:8
17:40:42.676 (713455718)|HEAP_ALLOCATE|[67]|Bytes:33
17:40:42.676 (713481860)|HEAP_ALLOCATE|[67]|Bytes:12
17:40:42.676 (713497681)|VARIABLE_SCOPE_BEGIN|[67]|account|Account|true|false
17:40:42.676 (713536848)|VARIABLE_ASSIGNMENT|[67]|account|{"Name":"K&P Administrative","Id":"0013B00000XmNrpQAF"}|0x54778d26
17:40:42.676 (713548676)|STATEMENT_EXECUTE|[71]
17:40:42.676 (713562010)|HEAP_ALLOCATE|[71]|Bytes:1
17:40:42.676 (713573673)|VARIABLE_SCOPE_BEGIN|[71]|sentUs|String|false|false
17:40:42.676 (713589826)|VARIABLE_ASSIGNMENT|[71]|sentUs|"0"
17:40:42.676 (713597233)|STATEMENT_EXECUTE|[72]
17:40:42.676 (713603350)|HEAP_ALLOCATE|[72]|Bytes:15
17:40:42.676 (713641578)|HEAP_ALLOCATE|[72]|Bytes:9
17:40:42.676 (713660285)|HEAP_ALLOCATE|[72]|Bytes:43
17:40:42.676 (713671712)|HEAP_ALLOCATE|[72]|Bytes:150
17:40:42.676 (713689530)|VARIABLE_ASSIGNMENT|[72]|outMessage|"\nContact\nName: Chani (130 more) ..."
17:40:42.676 (713721025)|HEAP_ALLOCATE|[60]|Bytes:5
17:40:42.676 (713746096)|VARIABLE_ASSIGNMENT|[60]|contact|null|
17:40:42.676 (713831925)|STATEMENT_EXECUTE|[77]
17:40:42.676 (713835562)|STATEMENT_EXECUTE|[78]
17:40:42.676 (713840163)|HEAP_ALLOCATE|[78]|Bytes:1
17:40:42.676 (713855142)|HEAP_ALLOCATE|[78]|Bytes:151
17:40:42.676 (713872091)|VARIABLE_ASSIGNMENT|[78]|outMessage|"\nContact\nName: Chani (131 more) ..."
17:40:42.676 (713883419)|STATEMENT_EXECUTE|[80]
17:40:42.676 (713888007)|HEAP_ALLOCATE|[80]|Bytes:201
17:40:42.676 (713910448)|HEAP_ALLOCATE|[80]|Bytes:4
17:40:42.676 (717927414)|SOQL_EXECUTE_BEGIN|[80]|Aggregations:0|SELECT ID, Phone, MobilePhone, Name, Email FROM Lead WHERE (PhoneNumeric__c = :tmpVar1 OR MobileNumeric__c = :tmpVar2 OR PhoneNumeric__c = :tmpVar3 OR MobileNumeric__c = :tmpVar4 OR Name LIKE :tmpVar5)
17:40:42.676 (723072954)|SOQL_EXECUTE_END|[80]|Rows:3
17:40:42.676 (723122461)|HEAP_ALLOCATE|[80]|Bytes:16
17:40:42.676 (723158881)|HEAP_ALLOCATE|[80]|Bytes:252
17:40:42.676 (723297286)|HEAP_ALLOCATE|[80]|Bytes:16
17:40:42.676 (723340050)|VARIABLE_SCOPE_BEGIN|[80]|leads|List<Lead>|true|false
17:40:42.676 (723428885)|VARIABLE_ASSIGNMENT|[80]|leads|[{"Id":"00Q3B000005aR71UAE","Name":"Chanida Clarskton"},{"Id":"00Q3B000005aR7BUAU","Phone":"3038816946","Name":"Chanida Clarkston","Email":"adinahc@gmail.com"},{"Id":"00Q3B000005aR76UAE","Phone":"3038816946","Name":"Chanida Clarkston","Email":"adinahc@gmail.com"}]|0x3f238b9e
17:40:42.676 (723567367)|STATEMENT_EXECUTE|[85]
17:40:42.676 (723751322)|HEAP_ALLOCATE|[86]|Bytes:5
17:40:42.676 (723801322)|HEAP_ALLOCATE|[86]|Bytes:12
17:40:42.676 (723821102)|VARIABLE_SCOPE_BEGIN|[86]|lead|Lead|true|false
17:40:42.676 (723847359)|VARIABLE_ASSIGNMENT|[86]|lead|{"Id":"00Q3B000005aR71UAE","Name":"Chanida Clarskton"}|0x631161ea
17:40:42.676 (723860239)|STATEMENT_EXECUTE|[86]
17:40:42.676 (723863719)|STATEMENT_EXECUTE|[87]
17:40:42.676 (723878669)|VARIABLE_SCOPE_BEGIN|[87]|lPhone|String|false|false
17:40:42.676 (723896247)|VARIABLE_ASSIGNMENT|[87]|lPhone|""
17:40:42.676 (723903339)|STATEMENT_EXECUTE|[88]
17:40:42.676 (723911524)|VARIABLE_SCOPE_BEGIN|[88]|lMobilePhone|String|false|false
17:40:42.676 (723925535)|VARIABLE_ASSIGNMENT|[88]|lMobilePhone|""
17:40:42.676 (723933199)|STATEMENT_EXECUTE|[89]
17:40:42.676 (723937980)|HEAP_ALLOCATE|[89]|Bytes:12
17:40:42.676 (723985359)|HEAP_ALLOCATE|[89]|Bytes:46
17:40:42.676 (724012217)|HEAP_ALLOCATE|[89]|Bytes:12
17:40:42.676 (724026794)|HEAP_ALLOCATE|[89]|Bytes:58
17:40:42.676 (724036100)|HEAP_ALLOCATE|[89]|Bytes:209
17:40:42.676 (724052956)|VARIABLE_ASSIGNMENT|[89]|outMessage|"\nContact\nName: Chani (189 more) ..."
17:40:42.676 (724062061)|STATEMENT_EXECUTE|[90]
17:40:42.676 (724093471)|HEAP_ALLOCATE|[90]|Bytes:4
17:40:42.676 (724274772)|VARIABLE_ASSIGNMENT|[90]|this.SMS_History__c|"a173B000000se1nQAA"|0x19ccbe8
17:40:42.676 (724310271)|HEAP_ALLOCATE|[90]|Bytes:28
17:40:42.676 (724319853)|HEAP_ALLOCATE|[90]|Bytes:28
17:40:42.676 (724359896)|VARIABLE_ASSIGNMENT|[90]|this.Key__c|2|0x19ccbe8
17:40:42.676 (724397566)|HEAP_ALLOCATE|[90]|Bytes:18
17:40:42.676 (724433791)|VARIABLE_ASSIGNMENT|[90]|this.ObjectId__c|"00Q3B000005aR71UAE"|0x19ccbe8
17:40:42.676 (724480160)|VARIABLE_ASSIGNMENT|[90]|this.Name|"Chanida Clarskton"|0x19ccbe8
17:40:42.676 (724559581)|HEAP_ALLOCATE|[EXTERNAL]|Bytes:4
17:40:42.676 (724574917)|STATEMENT_EXECUTE|[91]
17:40:42.676 (724580232)|HEAP_ALLOCATE|[91]|Bytes:4
17:40:42.676 (724595033)|VARIABLE_ASSIGNMENT|[91]|counter|3
17:40:42.676 (724616473)|HEAP_ALLOCATE|[86]|Bytes:5
17:40:42.676 (724636469)|HEAP_ALLOCATE|[86]|Bytes:20
17:40:42.676 (724649048)|VARIABLE_SCOPE_BEGIN|[86]|lead|Lead|true|false
17:40:42.676 (724676749)|VARIABLE_ASSIGNMENT|[86]|lead|{"Id":"00Q3B000005aR7BUAU","Phone":"3038816946","Name":"Chanida Clarkston","Email":"adinahc@gmail.com"}|0x43d26546
17:40:42.676 (724688364)|STATEMENT_EXECUTE|[86]
17:40:42.676 (724691857)|STATEMENT_EXECUTE|[87]
17:40:42.676 (724723144)|VARIABLE_SCOPE_BEGIN|[87]|lPhone|String|false|false
17:40:42.676 (724742864)|VARIABLE_ASSIGNMENT|[87]|lPhone|"3038816946"
17:40:42.676 (724751700)|STATEMENT_EXECUTE|[88]
17:40:42.676 (724758238)|VARIABLE_SCOPE_BEGIN|[88]|lMobilePhone|String|false|false
17:40:42.676 (724772271)|VARIABLE_ASSIGNMENT|[88]|lMobilePhone|""
17:40:42.676 (724779414)|STATEMENT_EXECUTE|[89]
17:40:42.676 (724792702)|HEAP_ALLOCATE|[89]|Bytes:56
17:40:42.676 (724821052)|HEAP_ALLOCATE|[89]|Bytes:25
17:40:42.676 (724830314)|HEAP_ALLOCATE|[89]|Bytes:81
17:40:42.676 (724838479)|HEAP_ALLOCATE|[89]|Bytes:290
17:40:42.676 (724854499)|VARIABLE_ASSIGNMENT|[89]|outMessage|"\nContact\nName: Chani (270 more) ..."
17:40:42.676 (724864279)|STATEMENT_EXECUTE|[90]
17:40:42.676 (724886245)|HEAP_ALLOCATE|[90]|Bytes:4
17:40:42.676 (725043903)|VARIABLE_ASSIGNMENT|[90]|this.SMS_History__c|"a173B000000se1nQAA"|0x2ba452e7
17:40:42.676 (725083839)|HEAP_ALLOCATE|[90]|Bytes:28
17:40:42.676 (725097049)|HEAP_ALLOCATE|[90]|Bytes:28
17:40:42.676 (725152903)|VARIABLE_ASSIGNMENT|[90]|this.Key__c|3|0x2ba452e7
17:40:42.676 (725185942)|HEAP_ALLOCATE|[90]|Bytes:18
17:40:42.676 (725245327)|VARIABLE_ASSIGNMENT|[90]|this.ObjectId__c|"00Q3B000005aR7BUAU"|0x2ba452e7
17:40:42.676 (725295455)|VARIABLE_ASSIGNMENT|[90]|this.Name|"Chanida Clarkston"|0x2ba452e7
17:40:42.676 (725324479)|HEAP_ALLOCATE|[EXTERNAL]|Bytes:4
17:40:42.676 (725334964)|STATEMENT_EXECUTE|[91]
17:40:42.676 (725340455)|HEAP_ALLOCATE|[91]|Bytes:4
17:40:42.676 (725353760)|VARIABLE_ASSIGNMENT|[91]|counter|4
17:40:42.676 (725373128)|HEAP_ALLOCATE|[86]|Bytes:5
17:40:42.676 (725392758)|HEAP_ALLOCATE|[86]|Bytes:20
17:40:42.676 (725404556)|VARIABLE_SCOPE_BEGIN|[86]|lead|Lead|true|false
17:40:42.676 (725431933)|VARIABLE_ASSIGNMENT|[86]|lead|{"Id":"00Q3B000005aR76UAE","Phone":"3038816946","Name":"Chanida Clarkston","Email":"adinahc@gmail.com"}|0x89d0ef
17:40:42.676 (725444589)|STATEMENT_EXECUTE|[86]
17:40:42.676 (725448547)|STATEMENT_EXECUTE|[87]
17:40:42.676 (725461200)|VARIABLE_SCOPE_BEGIN|[87]|lPhone|String|false|false
17:40:42.676 (725478723)|VARIABLE_ASSIGNMENT|[87]|lPhone|"3038816946"
17:40:42.676 (725485462)|STATEMENT_EXECUTE|[88]
17:40:42.676 (725491512)|VARIABLE_SCOPE_BEGIN|[88]|lMobilePhone|String|false|false
17:40:42.676 (725506081)|VARIABLE_ASSIGNMENT|[88]|lMobilePhone|""
17:40:42.676 (725513224)|STATEMENT_EXECUTE|[89]
17:40:42.676 (725526257)|HEAP_ALLOCATE|[89]|Bytes:56
17:40:42.676 (725540476)|HEAP_ALLOCATE|[89]|Bytes:25
17:40:42.676 (725547692)|HEAP_ALLOCATE|[89]|Bytes:81
17:40:42.676 (725555642)|HEAP_ALLOCATE|[89]|Bytes:371
17:40:42.676 (725570271)|VARIABLE_ASSIGNMENT|[89]|outMessage|"\nContact\nName: Chani (351 more) ..."
17:40:42.676 (725579688)|STATEMENT_EXECUTE|[90]
17:40:42.676 (725601479)|HEAP_ALLOCATE|[90]|Bytes:4
17:40:42.676 (725717921)|VARIABLE_ASSIGNMENT|[90]|this.SMS_History__c|"a173B000000se1nQAA"|0x672d989d
17:40:42.676 (725742883)|HEAP_ALLOCATE|[90]|Bytes:28
17:40:42.676 (725752031)|HEAP_ALLOCATE|[90]|Bytes:28
17:40:42.676 (725787031)|VARIABLE_ASSIGNMENT|[90]|this.Key__c|4|0x672d989d
17:40:42.676 (725806367)|HEAP_ALLOCATE|[90]|Bytes:18
17:40:42.676 (725839652)|VARIABLE_ASSIGNMENT|[90]|this.ObjectId__c|"00Q3B000005aR76UAE"|0x672d989d
17:40:42.676 (725881216)|VARIABLE_ASSIGNMENT|[90]|this.Name|"Chanida Clarkston"|0x672d989d
17:40:42.676 (725908470)|HEAP_ALLOCATE|[EXTERNAL]|Bytes:4
17:40:42.676 (725918476)|STATEMENT_EXECUTE|[91]
17:40:42.676 (725924001)|HEAP_ALLOCATE|[91]|Bytes:4
17:40:42.676 (725936298)|VARIABLE_ASSIGNMENT|[91]|counter|5
17:40:42.676 (725954915)|HEAP_ALLOCATE|[86]|Bytes:5
17:40:42.676 (725975288)|VARIABLE_ASSIGNMENT|[86]|lead|null|
17:40:42.676 (726045167)|STATEMENT_EXECUTE|[94]
17:40:42.676 (726049350)|STATEMENT_EXECUTE|[95]
17:40:42.676 (726208599)|VARIABLE_ASSIGNMENT|[95]|this.tdc_tsw__SMSBodyNew__c|"\nContact\nName: Chani (351 more) ..."|0x567934be
17:40:42.676 (726221319)|STATEMENT_EXECUTE|[97]
17:40:42.676 (726228481)|HEAP_ALLOCATE|[97]|Bytes:45
17:40:42.676 (726242240)|HEAP_ALLOCATE|[97]|Bytes:416
17:40:42.676 (726258332)|VARIABLE_ASSIGNMENT|[97]|outMessage|"\nContact\nName: Chani (396 more) ..."
17:40:42.676 (726375654)|HEAP_ALLOCATE|[98]|Bytes:5
17:40:42.676 (726401444)|HEAP_ALLOCATE|[98]|Bytes:20
17:40:42.676 (726417052)|VARIABLE_SCOPE_BEGIN|[98]|result|LookupResult__c|true|false
17:40:42.676 (726469996)|VARIABLE_ASSIGNMENT|[98]|result|{"SMS_History__c":"a173B000000se1nQAA","Key__c":1,"ObjectId__c":"0033B00000Q9yz1QAB","Name":"Chanida Clarkston"}|0x30e11e5a
17:40:42.676 (726489345)|STATEMENT_EXECUTE|[98]
17:40:42.676 (726491552)|STATEMENT_EXECUTE|[99]
17:40:42.676 (726530074)|HEAP_ALLOCATE|[99]|Bytes:28
17:40:42.676 (726583606)|HEAP_ALLOCATE|[99]|Bytes:1
17:40:42.676 (726604041)|HEAP_ALLOCATE|[99]|Bytes:2
17:40:42.676 (726656648)|HEAP_ALLOCATE|[99]|Bytes:21
17:40:42.676 (726680363)|HEAP_ALLOCATE|[99]|Bytes:437
17:40:42.676 (726715216)|VARIABLE_ASSIGNMENT|[99]|outMessage|"\nContact\nName: Chani (417 more) ..."
17:40:42.676 (726742868)|HEAP_ALLOCATE|[98]|Bytes:5
17:40:42.676 (726763883)|HEAP_ALLOCATE|[98]|Bytes:20
17:40:42.676 (726777407)|VARIABLE_SCOPE_BEGIN|[98]|result|LookupResult__c|true|false
17:40:42.676 (726807437)|VARIABLE_ASSIGNMENT|[98]|result|{"SMS_History__c":"a173B000000se1nQAA","Key__c":2,"ObjectId__c":"00Q3B000005aR71UAE","Name":"Chanida Clarskton"}|0x19ccbe8
17:40:42.676 (726818032)|STATEMENT_EXECUTE|[98]
17:40:42.676 (726821753)|STATEMENT_EXECUTE|[99]
17:40:42.676 (726837310)|HEAP_ALLOCATE|[99]|Bytes:28
17:40:42.676 (726863842)|HEAP_ALLOCATE|[99]|Bytes:1
17:40:42.676 (726888892)|HEAP_ALLOCATE|[99]|Bytes:21
17:40:42.676 (726899765)|HEAP_ALLOCATE|[99]|Bytes:458
17:40:42.676 (726915318)|VARIABLE_ASSIGNMENT|[99]|outMessage|"\nContact\nName: Chani (438 more) ..."
17:40:42.676 (726936796)|HEAP_ALLOCATE|[98]|Bytes:5
17:40:42.676 (726953737)|HEAP_ALLOCATE|[98]|Bytes:20
17:40:42.676 (726966651)|VARIABLE_SCOPE_BEGIN|[98]|result|LookupResult__c|true|false
17:40:42.676 (726994389)|VARIABLE_ASSIGNMENT|[98]|result|{"SMS_History__c":"a173B000000se1nQAA","Key__c":3,"ObjectId__c":"00Q3B000005aR7BUAU","Name":"Chanida Clarkston"}|0x2ba452e7
17:40:42.676 (727012389)|STATEMENT_EXECUTE|[98]
17:40:42.676 (727017642)|STATEMENT_EXECUTE|[99]
17:40:42.676 (727032976)|HEAP_ALLOCATE|[99]|Bytes:28
17:40:42.676 (727059048)|HEAP_ALLOCATE|[99]|Bytes:1
17:40:42.676 (727083038)|HEAP_ALLOCATE|[99]|Bytes:21
17:40:42.676 (727093999)|HEAP_ALLOCATE|[99]|Bytes:479
17:40:42.676 (727109786)|VARIABLE_ASSIGNMENT|[99]|outMessage|"\nContact\nName: Chani (459 more) ..."
17:40:42.676 (727130491)|HEAP_ALLOCATE|[98]|Bytes:5
17:40:42.676 (727147934)|HEAP_ALLOCATE|[98]|Bytes:20
17:40:42.676 (727161046)|VARIABLE_SCOPE_BEGIN|[98]|result|LookupResult__c|true|false
17:40:42.676 (727188440)|VARIABLE_ASSIGNMENT|[98]|result|{"SMS_History__c":"a173B000000se1nQAA","Key__c":4,"ObjectId__c":"00Q3B000005aR76UAE","Name":"Chanida Clarkston"}|0x672d989d
17:40:42.676 (727199764)|STATEMENT_EXECUTE|[98]
17:40:42.676 (727201763)|STATEMENT_EXECUTE|[99]
17:40:42.676 (727217957)|HEAP_ALLOCATE|[99]|Bytes:28
17:40:42.676 (727242088)|HEAP_ALLOCATE|[99]|Bytes:1
17:40:42.676 (727265782)|HEAP_ALLOCATE|[99]|Bytes:21
17:40:42.676 (727276704)|HEAP_ALLOCATE|[99]|Bytes:500
17:40:42.676 (727292345)|VARIABLE_ASSIGNMENT|[99]|outMessage|"\nContact\nName: Chani (480 more) ..."
17:40:42.676 (727311825)|HEAP_ALLOCATE|[98]|Bytes:5
17:40:42.676 (727331630)|VARIABLE_ASSIGNMENT|[98]|result|null|
17:40:42.676 (727342256)|STATEMENT_EXECUTE|[105]
17:40:42.676 (727374144)|HEAP_ALLOCATE|[105]|Bytes:8
17:40:42.676 (727387862)|DML_BEGIN|[105]|Op:Insert|Type:tdc_tsw__Message_Template__c|Rows:1
17:40:42.676 (727428788)|HEAP_ALLOCATE|[EXTERNAL]|Bytes:8
17:40:42.676 (762382645)|DML_END|[105]
17:40:42.676 (762412611)|STATEMENT_EXECUTE|[106]
17:40:42.676 (762423038)|HEAP_ALLOCATE|[106]|Bytes:71
17:40:42.676 (762452525)|HEAP_ALLOCATE|[106]|Bytes:4
17:40:42.676 (763190411)|SOQL_EXECUTE_BEGIN|[106]|Aggregations:0|SELECT ResponseTemplate__c FROM tdc_tsw__Message__c WHERE ID = :tmpVar1
17:40:42.676 (779027577)|SOQL_EXECUTE_END|[106]|Rows:1
17:40:42.676 (779072756)|HEAP_ALLOCATE|[106]|Bytes:8
17:40:42.676 (779100351)|HEAP_ALLOCATE|[106]|Bytes:29
17:40:42.676 (779147431)|HEAP_ALLOCATE|[106]|Bytes:8
17:40:42.676 (779184705)|HEAP_ALLOCATE|[106]|Bytes:8
17:40:42.676 (779207697)|VARIABLE_SCOPE_BEGIN|[106]|updateSMS|tdc_tsw__Message__c|true|false
17:40:42.676 (779252043)|VARIABLE_ASSIGNMENT|[106]|updateSMS|{"Id":"a173B000000se1nQAA"}|0x6196c51a
17:40:42.676 (779267960)|STATEMENT_EXECUTE|[110]
17:40:42.676 (779357222)|HEAP_ALLOCATE|[110]|Bytes:18
17:40:42.676 (779502082)|HEAP_ALLOCATE|[110]|Bytes:-4
17:40:42.676 (779524125)|VARIABLE_ASSIGNMENT|[110]|this.ResponseTemplate__c|"a153B000000pOY8QAM"|0x6196c51a
17:40:42.676 (779535565)|STATEMENT_EXECUTE|[111]
17:40:42.676 (779609952)|HEAP_ALLOCATE|[111]|Bytes:8
17:40:42.676 (779623454)|DML_BEGIN|[111]|Op:Update|Type:tdc_tsw__Message__c|Rows:1
17:40:42.676 (779666236)|HEAP_ALLOCATE|[EXTERNAL]|Bytes:8
17:40:42.676 (819807488)|DML_END|[111]
17:40:42.819 (819847543)|CUMULATIVE_LIMIT_USAGE
17:40:42.819 (819847543)|LIMIT_USAGE_FOR_NS|(default)|
  Number of SOQL queries: 6 out of 100
  Number of query rows: 7 out of 50000
  Number of SOSL queries: 0 out of 20
  Number of DML statements: 2 out of 150
  Number of DML rows: 2 out of 10000
  Maximum CPU time: 379 out of 10000
  Maximum heap size: 0 out of 6000000
  Number of callouts: 0 out of 100
  Number of Email Invocations: 0 out of 10
  Number of future calls: 0 out of 50
  Number of queueable jobs added to the queue: 0 out of 50
  Number of Mobile Apex push calls: 0 out of 10

17:40:42.819 (819847543)|LIMIT_USAGE_FOR_NS|tdc_tsw|
  Number of SOQL queries: 14 out of 100
  Number of query rows: 20 out of 50000
  Number of SOSL queries: 0 out of 20
  Number of DML statements: 2 out of 150
  Number of DML rows: 2 out of 10000
  Maximum CPU time: 0 out of 10000
  Maximum heap size: 0 out of 6000000
  Number of callouts: 0 out of 100
  Number of Email Invocations: 0 out of 10
  Number of future calls: 0 out of 50
  Number of queueable jobs added to the queue: 0 out of 50
  Number of Mobile Apex push calls: 0 out of 10

17:40:42.819 (819847543)|CUMULATIVE_LIMIT_USAGE_END

17:40:42.676 (819916703)|CODE_UNIT_FINISHED|PhoneMatcher.MatchContactOnPhoneNunber(List<tdc_tsw__Message__c>)
17:40:42.676 (819963908)|POP_TRACE_FLAGS|[EXTERNAL]|01p3B000001izES|PhoneMatcher|APEX_CODE,FINEST;APEX_PROFILING,INFO;CALLOUT,INFO;DB,INFO;NBA,INFO;SYSTEM,DEBUG;VALIDATION,INFO;VISUALFORCE,INFO;WAVE,INFO;WORKFLOW,INFO
17:40:42.841 (841218738)|ENTERING_MANAGED_PKG|tdc_tsw
17:40:42.841 (841427179)|ENTERING_MANAGED_PKG|tdc_tsw
17:40:42.841 (842672802)|ENTERING_MANAGED_PKG|tdc_tsw
17:40:42.841 (842804748)|ENTERING_MANAGED_PKG|tdc_tsw
17:40:42.841 (843286513)|ENTERING_MANAGED_PKG|tdc_tsw
17:40:42.841 (846493053)|SOQL_EXECUTE_BEGIN|[420]|Aggregations:0|SELECT SMSBodyNew__c FROM Message_Template__c WHERE id = :tmpVar1
17:40:42.841 (851463501)|SOQL_EXECUTE_END|[420]|Rows:1
17:40:42.841 (851722847)|ENTERING_MANAGED_PKG|tdc_tsw
17:40:42.841 (868311073)|ENTERING_MANAGED_PKG|tdc_tsw
17:40:42.841 (869246840)|ENTERING_MANAGED_PKG|tdc_tsw
17:40:42.903 (903291424)|CODE_UNIT_STARTED|[EXTERNAL]|01p3B000001jPFH|SMSTemplateCleanUp.RemoveSMSTemplate(List<tdc_tsw__Message__c>)
17:40:42.903 (903341666)|HEAP_ALLOCATE|[EXTERNAL]|Bytes:8
17:40:42.903 (903416279)|HEAP_ALLOCATE|[EXTERNAL]|Bytes:1
17:40:42.903 (903442365)|METHOD_ENTRY|[5]|01p3B000001jPFH|SMSTemplateCleanUp.SMSTemplateCleanUp()
17:40:42.903 (903451223)|STATEMENT_EXECUTE|[5]
17:40:42.903 (903458206)|STATEMENT_EXECUTE|[5]
17:40:42.903 (903464660)|METHOD_EXIT|[5]|SMSTemplateCleanUp
17:40:42.903 (903503598)|HEAP_ALLOCATE|[EXTERNAL]|Bytes:8
17:40:42.903 (903519227)|VARIABLE_SCOPE_BEGIN|[7]|messages|List<tdc_tsw__Message__c>|true|false
17:40:42.903 (905589363)|VARIABLE_ASSIGNMENT|[7]|messages|[{"LastModifiedDate":"2019-01-21T22:40:42.000Z","tdc_tsw__ToNumber__c":"+17065037067","tdc_tsw__Sender_Number__c":"+13038816946","tdc_tsw__Read__c":false,"tdc_tsw__Read_Status__c":"Unread","tdc_tsw__Task_Created__c":false,"Name":"Incoming","tdc_tsw__Event_Created__c":false,"tdc_tsw__Message_Text_New__c":"Chanida","tdc_tsw__Created_Date__c":"2019-01-21T22:40:42.000Z","CreatedById":"0051H000009gxp8QAA","tdc_tsw__Is_Keyword_Based__c":false,"OwnerId":"0051H000009gxp8QAA","tdc_tsw__Related_Object_Id_URL__c":"_HL_ENCODED_https:// (97 more) ...","RecordTypeId":"0121H000001Ie7fQAC","tdc_tsw__Delivered_SMS__c":"_IM1_/resource/tdc_t (27 more) ...","tdc_tsw__Important__c":false,"tdc_tsw__Delivered__c":false,"tdc_tsw__Related_Object__c":"tdc_tsw__Message__c","IsDeleted":false,"tdc_tsw__Incoming_Status__c":"Not Read","tdc_tsw__isCaseCreated__c":false,"tdc_tsw__Message__c":"a173B000000sdzIQAQ","tdc_tsw__Related_Object_Id__c":"a173B000000sdzDQAQ","ResponseTemplate__c":"a153B000000pOY8QAM","SystemModstamp":"2019-01-21T22:40:42.000Z","tdc_tsw__Sender_Name__c":"Incoming","tdc_tsw__isLeadCreated__c":false,"CreatedDate":"2019-01-21T22:40:42.000Z","Id":"a173B000000se1nQAA","LastModifiedById":"0051H000009gxp8QAA","tdc_tsw__Delivery_Status__c":"Sent"}]|0x1b35af2c
17:40:42.903 (905638801)|STATEMENT_EXECUTE|[7]
17:40:42.903 (905643009)|STATEMENT_EXECUTE|[8]
17:40:42.903 (905649505)|HEAP_ALLOCATE|[8]|Bytes:71
17:40:42.903 (905676715)|HEAP_ALLOCATE|[8]|Bytes:4
17:40:42.903 (906382999)|SOQL_EXECUTE_BEGIN|[8]|Aggregations:0|SELECT ID FROM tdc_tsw__Message_Template__c WHERE ID = :tmpVar1 LIMIT 1
17:40:42.903 (909449895)|SOQL_EXECUTE_END|[8]|Rows:1
17:40:42.903 (909488723)|HEAP_ALLOCATE|[8]|Bytes:8
17:40:42.903 (909512357)|HEAP_ALLOCATE|[8]|Bytes:29
17:40:42.903 (909562066)|HEAP_ALLOCATE|[8]|Bytes:8
17:40:42.903 (909580438)|HEAP_ALLOCATE|[8]|Bytes:54
17:40:42.903 (909607383)|HEAP_ALLOCATE|[8]|Bytes:8
17:40:42.903 (909623561)|VARIABLE_SCOPE_BEGIN|[8]|template|tdc_tsw__Message_Template__c|true|false
17:40:42.903 (909663251)|VARIABLE_ASSIGNMENT|[8]|template|{"Id":"a153B000000pOY8QAM"}|0x4aa7e7c5
17:40:42.903 (909673944)|STATEMENT_EXECUTE|[12]
17:40:42.903 (909747617)|HEAP_ALLOCATE|[12]|Bytes:8
17:40:42.903 (909767004)|HEAP_ALLOCATE|[12]|Bytes:8
17:40:42.903 (909778876)|DML_BEGIN|[12]|Op:Delete|Type:tdc_tsw__Message_Template__c|Rows:1
17:40:42.903 (909813419)|HEAP_ALLOCATE|[EXTERNAL]|Bytes:8
17:40:42.903 (1049567074)|DML_END|[12]
17:40:43.49 (1049612561)|CUMULATIVE_LIMIT_USAGE
17:40:43.49 (1049612561)|LIMIT_USAGE_FOR_NS|(default)|
  Number of SOQL queries: 7 out of 100
  Number of query rows: 8 out of 50000
  Number of SOSL queries: 0 out of 20
  Number of DML statements: 3 out of 150
  Number of DML rows: 3 out of 10000
  Maximum CPU time: 379 out of 10000
  Maximum heap size: 0 out of 6000000
  Number of callouts: 0 out of 100
  Number of Email Invocations: 0 out of 10
  Number of future calls: 0 out of 50
  Number of queueable jobs added to the queue: 0 out of 50
  Number of Mobile Apex push calls: 0 out of 10

17:40:43.49 (1049612561)|LIMIT_USAGE_FOR_NS|tdc_tsw|
  Number of SOQL queries: 15 out of 100
  Number of query rows: 21 out of 50000
  Number of SOSL queries: 0 out of 20
  Number of DML statements: 2 out of 150
  Number of DML rows: 2 out of 10000
  Maximum CPU time: 0 out of 10000
  Maximum heap size: 0 out of 6000000
  Number of callouts: 0 out of 100
  Number of Email Invocations: 0 out of 10
  Number of future calls: 1 out of 50
  Number of queueable jobs added to the queue: 0 out of 50
  Number of Mobile Apex push calls: 0 out of 10

17:40:43.49 (1049612561)|CUMULATIVE_LIMIT_USAGE_END

17:40:42.903 (1049672336)|CODE_UNIT_FINISHED|SMSTemplateCleanUp.RemoveSMSTemplate(List<tdc_tsw__Message__c>)
17:40:43.158 (1158510871)|DML_END|[557]
17:40:43.158 (1158792742)|ENTERING_MANAGED_PKG|tdc_tsw
17:40:43.158 (1162020864)|SOQL_EXECUTE_BEGIN|[1091]|Aggregations:0|SELECT id, name, Brief_Description__c, Keywords__c, Active__c FROM Survey__c WHERE (Active__c = TRUE AND Keywords__c != NULL) LIMIT 999
17:40:43.158 (1166668572)|SOQL_EXECUTE_END|[1091]|Rows:0
17:40:43.158 (1173925717)|ENTERING_MANAGED_PKG|tdc_tsw
17:40:43.158 (1174030814)|ENTERING_MANAGED_PKG|tdc_tsw
17:40:43.158 (1174127303)|ENTERING_MANAGED_PKG|tdc_tsw
17:40:43.158 (1175747658)|ENTERING_MANAGED_PKG|tdc_tsw
17:40:43.158 (1175896570)|ENTERING_MANAGED_PKG|tdc_tsw
17:40:43.158 (1175949357)|ENTERING_MANAGED_PKG|tdc_tsw
17:40:43.158 (1176089876)|ENTERING_MANAGED_PKG|tdc_tsw
17:40:43.158 (1176140953)|ENTERING_MANAGED_PKG|tdc_tsw
17:40:43.158 (1177567284)|ENTERING_MANAGED_PKG|tdc_tsw
17:40:43.158 (1178909476)|ENTERING_MANAGED_PKG|tdc_tsw
17:40:43.158 (1178980819)|ENTERING_MANAGED_PKG|tdc_tsw
17:40:43.158 (1179032926)|ENTERING_MANAGED_PKG|tdc_tsw
17:40:43.158 (1179153420)|ENTERING_MANAGED_PKG|tdc_tsw
17:40:43.158 (1179236142)|ENTERING_MANAGED_PKG|tdc_tsw
17:40:43.158 (1179279779)|ENTERING_MANAGED_PKG|tdc_tsw
17:40:43.158 (1179384921)|ENTERING_MANAGED_PKG|tdc_tsw
17:40:43.158 (1180515322)|ENTERING_MANAGED_PKG|tdc_tsw
17:40:43.158 (1182033946)|ENTERING_MANAGED_PKG|tdc_tsw
