44.0 APEX_CODE,FINEST;APEX_PROFILING,INFO;CALLOUT,INFO;DB,INFO;NBA,INFO;SYSTEM,DEBUG;VALIDATION,INFO;VISUALFORCE,INFO;WAVE,INFO;WORKFLOW,INFO
15:50:28.0 (508728)|USER_INFO|[EXTERNAL]|0051H000009gxp8|chanida.dev2@solvedbysoftwareco.com|Eastern Standard Time|GMT-05:00
15:50:28.0 (2700588)|ENTERING_MANAGED_PKG|tdc_tsw
15:50:28.0 (3133855)|ENTERING_MANAGED_PKG|tdc_tsw
15:50:28.0 (9031676)|SOQL_EXECUTE_BEGIN|[16]|Aggregations:0|SELECT id, name, Disable_Incoming_SMS_Sharing__c FROM User WHERE id = :tmpVar1
15:50:28.0 (21466534)|SOQL_EXECUTE_END|[16]|Rows:1
15:50:28.0 (30697887)|SOQL_EXECUTE_BEGIN|[37]|Aggregations:0|SELECT CreatedDate,Created_Date__c,Id,LastModifiedDate,MessageId__c,Message_Text_New__c,Name,OwnerId,Read__c,Related_Object_Id__c,Related_Object__c,Sender_Number__c, Sender_Name__c,ToNumber__c,Attachments_Ids__c FROM Message__c WHERE Name = 'Incoming' AND Read__c = false ORDER BY CreatedDate Desc limit 100
15:50:28.0 (48361755)|SOQL_EXECUTE_END|[37]|Rows:100
15:50:28.0 (66510500)|ENTERING_MANAGED_PKG|tdc_tsw
15:50:28.0 (68308465)|ENTERING_MANAGED_PKG|tdc_tsw
15:50:28.0 (68761105)|ENTERING_MANAGED_PKG|tdc_tsw
15:50:28.0 (69461193)|ENTERING_MANAGED_PKG|tdc_tsw
15:50:28.0 (72329031)|ENTERING_MANAGED_PKG|tdc_tsw
15:50:28.0 (73099750)|ENTERING_MANAGED_PKG|tdc_tsw
15:50:28.0 (73370647)|ENTERING_MANAGED_PKG|tdc_tsw
15:50:28.0 (73777855)|ENTERING_MANAGED_PKG|tdc_tsw
15:50:28.0 (74914674)|ENTERING_MANAGED_PKG|tdc_tsw
15:50:28.0 (75669774)|ENTERING_MANAGED_PKG|tdc_tsw
15:50:28.0 (75920560)|ENTERING_MANAGED_PKG|tdc_tsw
15:50:28.0 (76369375)|ENTERING_MANAGED_PKG|tdc_tsw
15:50:28.0 (77561728)|ENTERING_MANAGED_PKG|tdc_tsw
15:50:28.0 (78313820)|ENTERING_MANAGED_PKG|tdc_tsw
15:50:28.0 (78554539)|ENTERING_MANAGED_PKG|tdc_tsw
15:50:28.0 (78961709)|ENTERING_MANAGED_PKG|tdc_tsw
15:50:28.0 (80425721)|ENTERING_MANAGED_PKG|tdc_tsw
15:50:28.0 (81185764)|ENTERING_MANAGED_PKG|tdc_tsw
15:50:28.0 (81425632)|ENTERING_MANAGED_PKG|tdc_tsw
15:50:28.0 (81819290)|ENTERING_MANAGED_PKG|tdc_tsw
15:50:28.0 (82917081)|ENTERING_MANAGED_PKG|tdc_tsw
15:50:28.0 (83705409)|ENTERING_MANAGED_PKG|tdc_tsw
15:50:28.0 (83951153)|ENTERING_MANAGED_PKG|tdc_tsw
15:50:28.0 (84350509)|ENTERING_MANAGED_PKG|tdc_tsw
15:50:28.0 (85475035)|ENTERING_MANAGED_PKG|tdc_tsw
15:50:28.0 (86225555)|ENTERING_MANAGED_PKG|tdc_tsw
15:50:28.0 (86460381)|ENTERING_MANAGED_PKG|tdc_tsw
15:50:28.0 (86928357)|ENTERING_MANAGED_PKG|tdc_tsw
15:50:28.0 (88078074)|ENTERING_MANAGED_PKG|tdc_tsw
15:50:28.0 (88832862)|ENTERING_MANAGED_PKG|tdc_tsw
15:50:28.0 (89084985)|ENTERING_MANAGED_PKG|tdc_tsw
15:50:28.0 (89484585)|ENTERING_MANAGED_PKG|tdc_tsw
15:50:28.0 (90612439)|ENTERING_MANAGED_PKG|tdc_tsw
15:50:28.0 (91349981)|ENTERING_MANAGED_PKG|tdc_tsw
15:50:28.0 (91589791)|ENTERING_MANAGED_PKG|tdc_tsw
15:50:28.0 (91997610)|ENTERING_MANAGED_PKG|tdc_tsw
15:50:28.0 (93110356)|ENTERING_MANAGED_PKG|tdc_tsw
15:50:28.0 (93876016)|ENTERING_MANAGED_PKG|tdc_tsw
15:50:28.0 (94115730)|ENTERING_MANAGED_PKG|tdc_tsw
15:50:28.0 (94538110)|ENTERING_MANAGED_PKG|tdc_tsw
15:50:28.0 (95659477)|ENTERING_MANAGED_PKG|tdc_tsw
15:50:28.0 (96407940)|ENTERING_MANAGED_PKG|tdc_tsw
15:50:28.0 (96648075)|ENTERING_MANAGED_PKG|tdc_tsw
15:50:28.0 (97104125)|ENTERING_MANAGED_PKG|tdc_tsw
15:50:28.0 (98212955)|ENTERING_MANAGED_PKG|tdc_tsw
15:50:28.0 (98944392)|ENTERING_MANAGED_PKG|tdc_tsw
15:50:28.0 (99153038)|ENTERING_MANAGED_PKG|tdc_tsw
15:50:28.0 (99543389)|ENTERING_MANAGED_PKG|tdc_tsw
15:50:28.0 (100649588)|ENTERING_MANAGED_PKG|tdc_tsw
15:50:28.0 (101428860)|ENTERING_MANAGED_PKG|tdc_tsw
15:50:28.0 (101666890)|ENTERING_MANAGED_PKG|tdc_tsw
15:50:28.0 (102083844)|ENTERING_MANAGED_PKG|tdc_tsw
15:50:28.0 (103183055)|ENTERING_MANAGED_PKG|tdc_tsw
15:50:28.0 (103951442)|ENTERING_MANAGED_PKG|tdc_tsw
15:50:28.0 (104192498)|ENTERING_MANAGED_PKG|tdc_tsw
15:50:28.0 (104635201)|ENTERING_MANAGED_PKG|tdc_tsw
15:50:28.0 (105782942)|ENTERING_MANAGED_PKG|tdc_tsw
15:50:28.0 (106527831)|ENTERING_MANAGED_PKG|tdc_tsw
15:50:28.0 (106791641)|ENTERING_MANAGED_PKG|tdc_tsw
15:50:28.0 (107215498)|ENTERING_MANAGED_PKG|tdc_tsw
15:50:28.0 (108326801)|ENTERING_MANAGED_PKG|tdc_tsw
15:50:28.0 (109119787)|ENTERING_MANAGED_PKG|tdc_tsw
15:50:28.0 (109361464)|ENTERING_MANAGED_PKG|tdc_tsw
15:50:28.0 (109764545)|ENTERING_MANAGED_PKG|tdc_tsw
15:50:28.0 (110905825)|ENTERING_MANAGED_PKG|tdc_tsw
15:50:28.0 (111663763)|ENTERING_MANAGED_PKG|tdc_tsw
15:50:28.0 (111909840)|ENTERING_MANAGED_PKG|tdc_tsw
15:50:28.0 (112320419)|ENTERING_MANAGED_PKG|tdc_tsw
15:50:28.0 (113432975)|ENTERING_MANAGED_PKG|tdc_tsw
15:50:28.0 (114238457)|ENTERING_MANAGED_PKG|tdc_tsw
15:50:28.0 (114476411)|ENTERING_MANAGED_PKG|tdc_tsw
15:50:28.0 (115070296)|ENTERING_MANAGED_PKG|tdc_tsw
15:50:28.0 (116969271)|ENTERING_MANAGED_PKG|tdc_tsw
15:50:28.0 (118348154)|ENTERING_MANAGED_PKG|tdc_tsw
15:50:28.0 (118785985)|ENTERING_MANAGED_PKG|tdc_tsw
15:50:28.0 (119424060)|ENTERING_MANAGED_PKG|tdc_tsw
15:50:28.0 (121101479)|ENTERING_MANAGED_PKG|tdc_tsw
15:50:28.0 (122365692)|ENTERING_MANAGED_PKG|tdc_tsw
15:50:28.0 (122814131)|ENTERING_MANAGED_PKG|tdc_tsw
15:50:28.0 (123402926)|ENTERING_MANAGED_PKG|tdc_tsw
15:50:28.0 (125503441)|ENTERING_MANAGED_PKG|tdc_tsw
15:50:28.0 (126567145)|ENTERING_MANAGED_PKG|tdc_tsw
15:50:28.0 (126959811)|ENTERING_MANAGED_PKG|tdc_tsw
15:50:28.0 (127661073)|ENTERING_MANAGED_PKG|tdc_tsw
15:50:28.0 (129421294)|ENTERING_MANAGED_PKG|tdc_tsw
15:50:28.0 (130691318)|ENTERING_MANAGED_PKG|tdc_tsw
15:50:28.0 (131094352)|ENTERING_MANAGED_PKG|tdc_tsw
15:50:28.0 (131822293)|ENTERING_MANAGED_PKG|tdc_tsw
15:50:28.0 (133349175)|ENTERING_MANAGED_PKG|tdc_tsw
15:50:28.0 (134123806)|ENTERING_MANAGED_PKG|tdc_tsw
15:50:28.0 (134367338)|ENTERING_MANAGED_PKG|tdc_tsw
15:50:28.0 (134773129)|ENTERING_MANAGED_PKG|tdc_tsw
15:50:28.0 (135950698)|ENTERING_MANAGED_PKG|tdc_tsw
15:50:28.0 (136702972)|ENTERING_MANAGED_PKG|tdc_tsw
15:50:28.0 (136960640)|ENTERING_MANAGED_PKG|tdc_tsw
15:50:28.0 (137365467)|ENTERING_MANAGED_PKG|tdc_tsw
15:50:28.0 (138515525)|ENTERING_MANAGED_PKG|tdc_tsw
15:50:28.0 (139254190)|ENTERING_MANAGED_PKG|tdc_tsw
15:50:28.0 (139483345)|ENTERING_MANAGED_PKG|tdc_tsw
15:50:28.0 (139884898)|ENTERING_MANAGED_PKG|tdc_tsw
15:50:28.0 (141112012)|ENTERING_MANAGED_PKG|tdc_tsw
15:50:28.0 (141922654)|ENTERING_MANAGED_PKG|tdc_tsw
15:50:28.0 (142162757)|ENTERING_MANAGED_PKG|tdc_tsw
15:50:28.0 (142576043)|ENTERING_MANAGED_PKG|tdc_tsw
15:50:28.0 (143721298)|ENTERING_MANAGED_PKG|tdc_tsw
15:50:28.0 (144484731)|ENTERING_MANAGED_PKG|tdc_tsw
15:50:28.0 (144726238)|ENTERING_MANAGED_PKG|tdc_tsw
15:50:28.0 (145142870)|ENTERING_MANAGED_PKG|tdc_tsw
15:50:28.0 (146283840)|ENTERING_MANAGED_PKG|tdc_tsw
15:50:28.0 (147064289)|ENTERING_MANAGED_PKG|tdc_tsw
15:50:28.0 (147305972)|ENTERING_MANAGED_PKG|tdc_tsw
15:50:28.0 (147710216)|ENTERING_MANAGED_PKG|tdc_tsw
15:50:28.0 (148834019)|ENTERING_MANAGED_PKG|tdc_tsw
15:50:28.0 (149589647)|ENTERING_MANAGED_PKG|tdc_tsw
15:50:28.0 (149826584)|ENTERING_MANAGED_PKG|tdc_tsw
15:50:28.0 (150236632)|ENTERING_MANAGED_PKG|tdc_tsw
15:50:28.0 (151364126)|ENTERING_MANAGED_PKG|tdc_tsw
15:50:28.0 (152114881)|ENTERING_MANAGED_PKG|tdc_tsw
15:50:28.0 (152353991)|ENTERING_MANAGED_PKG|tdc_tsw
15:50:28.0 (152765863)|ENTERING_MANAGED_PKG|tdc_tsw
15:50:28.0 (153997162)|ENTERING_MANAGED_PKG|tdc_tsw
15:50:28.0 (154762821)|ENTERING_MANAGED_PKG|tdc_tsw
15:50:28.0 (155015434)|ENTERING_MANAGED_PKG|tdc_tsw
15:50:28.0 (155421155)|ENTERING_MANAGED_PKG|tdc_tsw
15:50:28.0 (156537640)|ENTERING_MANAGED_PKG|tdc_tsw
15:50:28.0 (157292021)|ENTERING_MANAGED_PKG|tdc_tsw
15:50:28.0 (157528858)|ENTERING_MANAGED_PKG|tdc_tsw
15:50:28.0 (157976265)|ENTERING_MANAGED_PKG|tdc_tsw
15:50:28.0 (159244806)|ENTERING_MANAGED_PKG|tdc_tsw
15:50:28.0 (160067027)|ENTERING_MANAGED_PKG|tdc_tsw
15:50:28.0 (160305305)|ENTERING_MANAGED_PKG|tdc_tsw
15:50:28.0 (160711361)|ENTERING_MANAGED_PKG|tdc_tsw
15:50:28.0 (161902481)|ENTERING_MANAGED_PKG|tdc_tsw
15:50:28.0 (162652019)|ENTERING_MANAGED_PKG|tdc_tsw
15:50:28.0 (162904235)|ENTERING_MANAGED_PKG|tdc_tsw
15:50:28.0 (163316594)|ENTERING_MANAGED_PKG|tdc_tsw
15:50:28.0 (164483934)|ENTERING_MANAGED_PKG|tdc_tsw
15:50:28.0 (165254439)|ENTERING_MANAGED_PKG|tdc_tsw
15:50:28.0 (165494779)|ENTERING_MANAGED_PKG|tdc_tsw
15:50:28.0 (165909385)|ENTERING_MANAGED_PKG|tdc_tsw
15:50:28.0 (167039496)|ENTERING_MANAGED_PKG|tdc_tsw
15:50:28.0 (167777601)|ENTERING_MANAGED_PKG|tdc_tsw
15:50:28.0 (168026833)|ENTERING_MANAGED_PKG|tdc_tsw
15:50:28.0 (168433125)|ENTERING_MANAGED_PKG|tdc_tsw
15:50:28.0 (169563883)|ENTERING_MANAGED_PKG|tdc_tsw
15:50:28.0 (170320507)|ENTERING_MANAGED_PKG|tdc_tsw
15:50:28.0 (170560348)|ENTERING_MANAGED_PKG|tdc_tsw
15:50:28.0 (170975629)|ENTERING_MANAGED_PKG|tdc_tsw
15:50:28.0 (172100556)|ENTERING_MANAGED_PKG|tdc_tsw
15:50:28.0 (172877990)|ENTERING_MANAGED_PKG|tdc_tsw
15:50:28.0 (173120084)|ENTERING_MANAGED_PKG|tdc_tsw
15:50:28.0 (173523554)|ENTERING_MANAGED_PKG|tdc_tsw
15:50:28.0 (174650353)|ENTERING_MANAGED_PKG|tdc_tsw
15:50:28.0 (175405372)|ENTERING_MANAGED_PKG|tdc_tsw
15:50:28.0 (175643653)|ENTERING_MANAGED_PKG|tdc_tsw
15:50:28.0 (176092116)|ENTERING_MANAGED_PKG|tdc_tsw
15:50:28.0 (177224491)|ENTERING_MANAGED_PKG|tdc_tsw
15:50:28.0 (178001492)|ENTERING_MANAGED_PKG|tdc_tsw
15:50:28.0 (178240695)|ENTERING_MANAGED_PKG|tdc_tsw
15:50:28.0 (178642739)|ENTERING_MANAGED_PKG|tdc_tsw
15:50:28.0 (179757435)|ENTERING_MANAGED_PKG|tdc_tsw
15:50:28.0 (180512540)|ENTERING_MANAGED_PKG|tdc_tsw
15:50:28.0 (180750485)|ENTERING_MANAGED_PKG|tdc_tsw
15:50:28.0 (181164151)|ENTERING_MANAGED_PKG|tdc_tsw
15:50:28.0 (182292837)|ENTERING_MANAGED_PKG|tdc_tsw
15:50:28.0 (183041038)|ENTERING_MANAGED_PKG|tdc_tsw
15:50:28.0 (183280145)|ENTERING_MANAGED_PKG|tdc_tsw
15:50:28.0 (183751116)|ENTERING_MANAGED_PKG|tdc_tsw
15:50:28.0 (184893169)|ENTERING_MANAGED_PKG|tdc_tsw
15:50:28.0 (185636190)|ENTERING_MANAGED_PKG|tdc_tsw
15:50:28.0 (185881426)|ENTERING_MANAGED_PKG|tdc_tsw
15:50:28.0 (186283668)|ENTERING_MANAGED_PKG|tdc_tsw
15:50:28.0 (187397187)|ENTERING_MANAGED_PKG|tdc_tsw
15:50:28.0 (190951538)|ENTERING_MANAGED_PKG|tdc_tsw
15:50:28.0 (191205521)|ENTERING_MANAGED_PKG|tdc_tsw
15:50:28.0 (191619178)|ENTERING_MANAGED_PKG|tdc_tsw
15:50:28.0 (192760191)|ENTERING_MANAGED_PKG|tdc_tsw
15:50:28.0 (193588889)|ENTERING_MANAGED_PKG|tdc_tsw
15:50:28.0 (193825995)|ENTERING_MANAGED_PKG|tdc_tsw
15:50:28.0 (194264421)|ENTERING_MANAGED_PKG|tdc_tsw
15:50:28.0 (195425791)|ENTERING_MANAGED_PKG|tdc_tsw
15:50:28.0 (196175153)|ENTERING_MANAGED_PKG|tdc_tsw
15:50:28.0 (196440672)|ENTERING_MANAGED_PKG|tdc_tsw
15:50:28.0 (196866120)|ENTERING_MANAGED_PKG|tdc_tsw
15:50:28.0 (198043130)|ENTERING_MANAGED_PKG|tdc_tsw
15:50:28.0 (198846928)|ENTERING_MANAGED_PKG|tdc_tsw
15:50:28.0 (199117550)|ENTERING_MANAGED_PKG|tdc_tsw
15:50:28.0 (199526708)|ENTERING_MANAGED_PKG|tdc_tsw
15:50:28.0 (200651560)|ENTERING_MANAGED_PKG|tdc_tsw
15:50:28.0 (201432189)|ENTERING_MANAGED_PKG|tdc_tsw
15:50:28.0 (201696895)|ENTERING_MANAGED_PKG|tdc_tsw
15:50:28.0 (202110860)|ENTERING_MANAGED_PKG|tdc_tsw
15:50:28.0 (203259903)|ENTERING_MANAGED_PKG|tdc_tsw
15:50:28.0 (204052966)|ENTERING_MANAGED_PKG|tdc_tsw
15:50:28.0 (204292809)|ENTERING_MANAGED_PKG|tdc_tsw
15:50:28.0 (205025437)|ENTERING_MANAGED_PKG|tdc_tsw
15:50:28.0 (206148354)|ENTERING_MANAGED_PKG|tdc_tsw
15:50:28.0 (206902332)|ENTERING_MANAGED_PKG|tdc_tsw
15:50:28.0 (207141519)|ENTERING_MANAGED_PKG|tdc_tsw
15:50:28.0 (207544890)|ENTERING_MANAGED_PKG|tdc_tsw
15:50:28.0 (208664206)|ENTERING_MANAGED_PKG|tdc_tsw
15:50:28.0 (209414496)|ENTERING_MANAGED_PKG|tdc_tsw
15:50:28.0 (209653940)|ENTERING_MANAGED_PKG|tdc_tsw
15:50:28.0 (210068379)|ENTERING_MANAGED_PKG|tdc_tsw
15:50:28.0 (211185501)|ENTERING_MANAGED_PKG|tdc_tsw
15:50:28.0 (211938468)|ENTERING_MANAGED_PKG|tdc_tsw
15:50:28.0 (212178565)|ENTERING_MANAGED_PKG|tdc_tsw
15:50:28.0 (212578975)|ENTERING_MANAGED_PKG|tdc_tsw
15:50:28.0 (213698292)|ENTERING_MANAGED_PKG|tdc_tsw
15:50:28.0 (214447529)|ENTERING_MANAGED_PKG|tdc_tsw
15:50:28.0 (214686659)|ENTERING_MANAGED_PKG|tdc_tsw
15:50:28.0 (215098189)|ENTERING_MANAGED_PKG|tdc_tsw
15:50:28.0 (216222843)|ENTERING_MANAGED_PKG|tdc_tsw
15:50:28.0 (217021718)|ENTERING_MANAGED_PKG|tdc_tsw
15:50:28.0 (217261238)|ENTERING_MANAGED_PKG|tdc_tsw
15:50:28.0 (217672299)|ENTERING_MANAGED_PKG|tdc_tsw
15:50:28.0 (218792751)|ENTERING_MANAGED_PKG|tdc_tsw
15:50:28.0 (219546375)|ENTERING_MANAGED_PKG|tdc_tsw
15:50:28.0 (219785391)|ENTERING_MANAGED_PKG|tdc_tsw
15:50:28.0 (220195091)|ENTERING_MANAGED_PKG|tdc_tsw
15:50:28.0 (221307987)|ENTERING_MANAGED_PKG|tdc_tsw
15:50:28.0 (222056058)|ENTERING_MANAGED_PKG|tdc_tsw
15:50:28.0 (222293590)|ENTERING_MANAGED_PKG|tdc_tsw
15:50:28.0 (222706527)|ENTERING_MANAGED_PKG|tdc_tsw
15:50:28.0 (223828903)|ENTERING_MANAGED_PKG|tdc_tsw
15:50:28.0 (224594637)|ENTERING_MANAGED_PKG|tdc_tsw
15:50:28.0 (224840304)|ENTERING_MANAGED_PKG|tdc_tsw
15:50:28.0 (225281186)|ENTERING_MANAGED_PKG|tdc_tsw
15:50:28.0 (226482989)|ENTERING_MANAGED_PKG|tdc_tsw
15:50:28.0 (227414902)|ENTERING_MANAGED_PKG|tdc_tsw
15:50:28.0 (227694547)|ENTERING_MANAGED_PKG|tdc_tsw
15:50:28.0 (228118547)|ENTERING_MANAGED_PKG|tdc_tsw
15:50:28.0 (229285068)|ENTERING_MANAGED_PKG|tdc_tsw
15:50:28.0 (230041849)|ENTERING_MANAGED_PKG|tdc_tsw
15:50:28.0 (230279998)|ENTERING_MANAGED_PKG|tdc_tsw
15:50:28.0 (230684181)|ENTERING_MANAGED_PKG|tdc_tsw
15:50:28.0 (231809265)|ENTERING_MANAGED_PKG|tdc_tsw
15:50:28.0 (232556829)|ENTERING_MANAGED_PKG|tdc_tsw
15:50:28.0 (232795352)|ENTERING_MANAGED_PKG|tdc_tsw
15:50:28.0 (233207061)|ENTERING_MANAGED_PKG|tdc_tsw
15:50:28.0 (234335222)|ENTERING_MANAGED_PKG|tdc_tsw
15:50:28.0 (235170281)|ENTERING_MANAGED_PKG|tdc_tsw
15:50:28.0 (235410677)|ENTERING_MANAGED_PKG|tdc_tsw
15:50:28.0 (235815026)|ENTERING_MANAGED_PKG|tdc_tsw
15:50:28.0 (236942941)|ENTERING_MANAGED_PKG|tdc_tsw
15:50:28.0 (237699355)|ENTERING_MANAGED_PKG|tdc_tsw
15:50:28.0 (237946335)|ENTERING_MANAGED_PKG|tdc_tsw
15:50:28.0 (238349009)|ENTERING_MANAGED_PKG|tdc_tsw
15:50:28.0 (239462862)|ENTERING_MANAGED_PKG|tdc_tsw
15:50:28.0 (240232129)|ENTERING_MANAGED_PKG|tdc_tsw
15:50:28.0 (240485272)|ENTERING_MANAGED_PKG|tdc_tsw
15:50:28.0 (240901447)|ENTERING_MANAGED_PKG|tdc_tsw
15:50:28.0 (242048534)|ENTERING_MANAGED_PKG|tdc_tsw
15:50:28.0 (242797958)|ENTERING_MANAGED_PKG|tdc_tsw
15:50:28.0 (243043598)|ENTERING_MANAGED_PKG|tdc_tsw
15:50:28.0 (243449276)|ENTERING_MANAGED_PKG|tdc_tsw
15:50:28.0 (244619622)|ENTERING_MANAGED_PKG|tdc_tsw
15:50:28.0 (245378775)|ENTERING_MANAGED_PKG|tdc_tsw
15:50:28.0 (245627324)|ENTERING_MANAGED_PKG|tdc_tsw
15:50:28.0 (246055638)|ENTERING_MANAGED_PKG|tdc_tsw
15:50:28.0 (248013644)|ENTERING_MANAGED_PKG|tdc_tsw
15:50:28.0 (248788813)|ENTERING_MANAGED_PKG|tdc_tsw
15:50:28.0 (248875624)|ENTERING_MANAGED_PKG|tdc_tsw
15:50:28.0 (249545556)|SOQL_EXECUTE_BEGIN|[200]|Aggregations:0|SELECT Name, NamespacePrefix, SystemModStamp FROM StaticResource WHERE Name LIKE :tmpVar1 LIMIT 10
15:50:28.0 (253043551)|SOQL_EXECUTE_END|[200]|Rows:1
15:50:28.0 (253915669)|ENTERING_MANAGED_PKG|tdc_tsw
15:50:28.0 (254327375)|SOQL_EXECUTE_BEGIN|[200]|Aggregations:0|SELECT Name, NamespacePrefix, SystemModStamp FROM StaticResource WHERE Name LIKE :tmpVar1 LIMIT 10
15:50:28.0 (256576152)|SOQL_EXECUTE_END|[200]|Rows:1
15:50:28.0 (256987903)|ENTERING_MANAGED_PKG|tdc_tsw
15:50:28.0 (261108748)|ENTERING_MANAGED_PKG|tdc_tsw
15:50:28.0 (262717486)|ENTERING_MANAGED_PKG|tdc_tsw
15:50:28.0 (263031502)|ENTERING_MANAGED_PKG|tdc_tsw
15:50:28.0 (263938359)|ENTERING_MANAGED_PKG|tdc_tsw
15:50:28.0 (264358195)|SOQL_EXECUTE_BEGIN|[200]|Aggregations:0|SELECT Name, NamespacePrefix, SystemModStamp FROM StaticResource WHERE Name LIKE :tmpVar1 LIMIT 10
15:50:28.0 (267006307)|SOQL_EXECUTE_END|[200]|Rows:1
15:50:28.295 (295117023)|USER_INFO|[EXTERNAL]|0051H000009gxp8|chanida.dev2@solvedbysoftwareco.com|Eastern Standard Time|GMT-05:00
15:50:28.295 (296533997)|ENTERING_MANAGED_PKG|tdc_tsw
15:50:28.295 (296764395)|ENTERING_MANAGED_PKG|tdc_tsw
15:50:28.295 (299428791)|SOQL_EXECUTE_BEGIN|[355]|Aggregations:0|SELECT id, name, Disable_Incoming_SMS_Sharing__c FROM User WHERE id = :tmpVar1
15:50:28.295 (306092198)|SOQL_EXECUTE_END|[355]|Rows:1
15:50:28.295 (307160568)|SOQL_EXECUTE_BEGIN|[367]|Aggregations:0|SELECT CreatedDate,Id,LastModifiedDate,Related_Object_Id__c FROM Message__c WHERE Name = 'Incoming' AND Read__c = false ORDER BY CreatedDate Desc limit 100
15:50:28.295 (316102386)|SOQL_EXECUTE_END|[367]|Rows:100
