44.0 APEX_CODE,FINEST;APEX_PROFILING,INFO;CALLOUT,INFO;DB,INFO;NBA,INFO;SYSTEM,DEBUG;VALIDATION,INFO;VISUALFORCE,INFO;WAVE,INFO;WORKFLOW,INFO
17:28:50.0 (579314)|USER_INFO|[EXTERNAL]|0051H000009gxp8|chanida.dev2@solvedbysoftwareco.com|Eastern Standard Time|GMT-05:00
17:28:50.0 (3151653)|ENTERING_MANAGED_PKG|tdc_tsw
17:28:50.0 (3537071)|ENTERING_MANAGED_PKG|tdc_tsw
17:28:50.0 (8730724)|SOQL_EXECUTE_BEGIN|[16]|Aggregations:0|SELECT id, name, Disable_Incoming_SMS_Sharing__c FROM User WHERE id = :tmpVar1
17:28:50.0 (16566109)|SOQL_EXECUTE_END|[16]|Rows:1
17:28:50.0 (24733386)|SOQL_EXECUTE_BEGIN|[37]|Aggregations:0|SELECT CreatedDate,Created_Date__c,Id,LastModifiedDate,MessageId__c,Message_Text_New__c,Name,OwnerId,Read__c,Related_Object_Id__c,Related_Object__c,Sender_Number__c, Sender_Name__c,ToNumber__c,Attachments_Ids__c FROM Message__c WHERE Name = 'Incoming' AND Read__c = false ORDER BY CreatedDate Desc limit 100
17:28:50.0 (38568114)|SOQL_EXECUTE_END|[37]|Rows:57
17:28:50.0 (48771200)|ENTERING_MANAGED_PKG|tdc_tsw
17:28:50.0 (50588063)|ENTERING_MANAGED_PKG|tdc_tsw
17:28:50.0 (51040344)|ENTERING_MANAGED_PKG|tdc_tsw
17:28:50.0 (51719470)|ENTERING_MANAGED_PKG|tdc_tsw
17:28:50.0 (54482484)|ENTERING_MANAGED_PKG|tdc_tsw
17:28:50.0 (55371698)|ENTERING_MANAGED_PKG|tdc_tsw
17:28:50.0 (55653408)|ENTERING_MANAGED_PKG|tdc_tsw
17:28:50.0 (56051557)|ENTERING_MANAGED_PKG|tdc_tsw
17:28:50.0 (57229402)|ENTERING_MANAGED_PKG|tdc_tsw
17:28:50.0 (58009665)|ENTERING_MANAGED_PKG|tdc_tsw
17:28:50.0 (58276337)|ENTERING_MANAGED_PKG|tdc_tsw
17:28:50.0 (58682776)|ENTERING_MANAGED_PKG|tdc_tsw
17:28:50.0 (59790655)|ENTERING_MANAGED_PKG|tdc_tsw
17:28:50.0 (60537700)|ENTERING_MANAGED_PKG|tdc_tsw
17:28:50.0 (60771530)|ENTERING_MANAGED_PKG|tdc_tsw
17:28:50.0 (61153393)|ENTERING_MANAGED_PKG|tdc_tsw
17:28:50.0 (62194767)|ENTERING_MANAGED_PKG|tdc_tsw
17:28:50.0 (62950420)|ENTERING_MANAGED_PKG|tdc_tsw
17:28:50.0 (63201546)|ENTERING_MANAGED_PKG|tdc_tsw
17:28:50.0 (63611653)|ENTERING_MANAGED_PKG|tdc_tsw
17:28:50.0 (64699787)|ENTERING_MANAGED_PKG|tdc_tsw
17:28:50.0 (65439764)|ENTERING_MANAGED_PKG|tdc_tsw
17:28:50.0 (65674795)|ENTERING_MANAGED_PKG|tdc_tsw
17:28:50.0 (66300831)|ENTERING_MANAGED_PKG|tdc_tsw
17:28:50.0 (68361824)|ENTERING_MANAGED_PKG|tdc_tsw
17:28:50.0 (69094844)|ENTERING_MANAGED_PKG|tdc_tsw
17:28:50.0 (69176001)|ENTERING_MANAGED_PKG|tdc_tsw
17:28:50.0 (69747979)|SOQL_EXECUTE_BEGIN|[200]|Aggregations:0|SELECT Name, NamespacePrefix, SystemModStamp FROM StaticResource WHERE Name LIKE :tmpVar1 LIMIT 10
17:28:50.0 (74927602)|SOQL_EXECUTE_END|[200]|Rows:1
17:28:50.0 (75908140)|ENTERING_MANAGED_PKG|tdc_tsw
17:28:50.0 (76401238)|SOQL_EXECUTE_BEGIN|[200]|Aggregations:0|SELECT Name, NamespacePrefix, SystemModStamp FROM StaticResource WHERE Name LIKE :tmpVar1 LIMIT 10
17:28:50.0 (78997113)|SOQL_EXECUTE_END|[200]|Rows:1
17:28:50.0 (79398775)|ENTERING_MANAGED_PKG|tdc_tsw
17:28:50.0 (83225997)|ENTERING_MANAGED_PKG|tdc_tsw
17:28:50.0 (84666596)|ENTERING_MANAGED_PKG|tdc_tsw
17:28:50.0 (84968386)|ENTERING_MANAGED_PKG|tdc_tsw
17:28:50.0 (85817378)|ENTERING_MANAGED_PKG|tdc_tsw
17:28:50.0 (86206499)|SOQL_EXECUTE_BEGIN|[200]|Aggregations:0|SELECT Name, NamespacePrefix, SystemModStamp FROM StaticResource WHERE Name LIKE :tmpVar1 LIMIT 10
17:28:50.0 (88923718)|SOQL_EXECUTE_END|[200]|Rows:1
17:28:50.94 (94503331)|USER_INFO|[EXTERNAL]|0051H000009gxp8|chanida.dev2@solvedbysoftwareco.com|Eastern Standard Time|GMT-05:00
17:28:50.94 (95925252)|ENTERING_MANAGED_PKG|tdc_tsw
17:28:50.94 (96209015)|ENTERING_MANAGED_PKG|tdc_tsw
17:28:50.94 (98750153)|SOQL_EXECUTE_BEGIN|[355]|Aggregations:0|SELECT id, name, Disable_Incoming_SMS_Sharing__c FROM User WHERE id = :tmpVar1
17:28:50.94 (104668601)|SOQL_EXECUTE_END|[355]|Rows:1
17:28:50.94 (105616064)|SOQL_EXECUTE_BEGIN|[367]|Aggregations:0|SELECT CreatedDate,Id,LastModifiedDate,Related_Object_Id__c FROM Message__c WHERE Name = 'Incoming' AND Read__c = false ORDER BY CreatedDate Desc limit 100
17:28:50.94 (112506122)|SOQL_EXECUTE_END|[367]|Rows:57
