44.0 APEX_CODE,FINEST;APEX_PROFILING,INFO;CALLOUT,INFO;DB,INFO;NBA,INFO;SYSTEM,DEBUG;VALIDATION,INFO;VISUALFORCE,INFO;WAVE,INFO;WORKFLOW,INFO
17:30:50.0 (119067)|USER_INFO|[EXTERNAL]|0051H000009gxp8|chanida.dev2@solvedbysoftwareco.com|Eastern Standard Time|GMT-05:00
17:30:50.0 (2099645)|ENTERING_MANAGED_PKG|tdc_tsw
17:30:50.0 (2532344)|ENTERING_MANAGED_PKG|tdc_tsw
17:30:50.0 (6186260)|SOQL_EXECUTE_BEGIN|[16]|Aggregations:0|SELECT id, name, Disable_Incoming_SMS_Sharing__c FROM User WHERE id = :tmpVar1
17:30:50.0 (13436306)|SOQL_EXECUTE_END|[16]|Rows:1
17:30:50.0 (18671765)|SOQL_EXECUTE_BEGIN|[37]|Aggregations:0|SELECT CreatedDate,Created_Date__c,Id,LastModifiedDate,MessageId__c,Message_Text_New__c,Name,OwnerId,Read__c,Related_Object_Id__c,Related_Object__c,Sender_Number__c, Sender_Name__c,ToNumber__c,Attachments_Ids__c FROM Message__c WHERE Name = 'Incoming' AND Read__c = false ORDER BY CreatedDate Desc limit 100
17:30:50.0 (33387609)|SOQL_EXECUTE_END|[37]|Rows:57
17:30:50.0 (44520581)|ENTERING_MANAGED_PKG|tdc_tsw
17:30:50.0 (46382565)|ENTERING_MANAGED_PKG|tdc_tsw
17:30:50.0 (46840745)|ENTERING_MANAGED_PKG|tdc_tsw
17:30:50.0 (47564400)|ENTERING_MANAGED_PKG|tdc_tsw
17:30:50.0 (50526589)|ENTERING_MANAGED_PKG|tdc_tsw
17:30:50.0 (51342106)|ENTERING_MANAGED_PKG|tdc_tsw
17:30:50.0 (51607204)|ENTERING_MANAGED_PKG|tdc_tsw
17:30:50.0 (52028559)|ENTERING_MANAGED_PKG|tdc_tsw
17:30:50.0 (53133597)|ENTERING_MANAGED_PKG|tdc_tsw
17:30:50.0 (53919229)|ENTERING_MANAGED_PKG|tdc_tsw
17:30:50.0 (54143328)|ENTERING_MANAGED_PKG|tdc_tsw
17:30:50.0 (54551674)|ENTERING_MANAGED_PKG|tdc_tsw
17:30:50.0 (55655872)|ENTERING_MANAGED_PKG|tdc_tsw
17:30:50.0 (56441824)|ENTERING_MANAGED_PKG|tdc_tsw
17:30:50.0 (56653073)|ENTERING_MANAGED_PKG|tdc_tsw
17:30:50.0 (57081901)|ENTERING_MANAGED_PKG|tdc_tsw
17:30:50.0 (58197877)|ENTERING_MANAGED_PKG|tdc_tsw
17:30:50.0 (58986716)|ENTERING_MANAGED_PKG|tdc_tsw
17:30:50.0 (59225010)|ENTERING_MANAGED_PKG|tdc_tsw
17:30:50.0 (59626540)|ENTERING_MANAGED_PKG|tdc_tsw
17:30:50.0 (60735659)|ENTERING_MANAGED_PKG|tdc_tsw
17:30:50.0 (61513892)|ENTERING_MANAGED_PKG|tdc_tsw
17:30:50.0 (61757666)|ENTERING_MANAGED_PKG|tdc_tsw
17:30:50.0 (62425494)|ENTERING_MANAGED_PKG|tdc_tsw
17:30:50.0 (63837273)|ENTERING_MANAGED_PKG|tdc_tsw
17:30:50.0 (64526320)|ENTERING_MANAGED_PKG|tdc_tsw
17:30:50.0 (64639238)|ENTERING_MANAGED_PKG|tdc_tsw
17:30:50.0 (65293850)|SOQL_EXECUTE_BEGIN|[200]|Aggregations:0|SELECT Name, NamespacePrefix, SystemModStamp FROM StaticResource WHERE Name LIKE :tmpVar1 LIMIT 10
17:30:50.0 (69158498)|SOQL_EXECUTE_END|[200]|Rows:1
17:30:50.0 (69949668)|ENTERING_MANAGED_PKG|tdc_tsw
17:30:50.0 (70321398)|SOQL_EXECUTE_BEGIN|[200]|Aggregations:0|SELECT Name, NamespacePrefix, SystemModStamp FROM StaticResource WHERE Name LIKE :tmpVar1 LIMIT 10
17:30:50.0 (72661688)|SOQL_EXECUTE_END|[200]|Rows:1
17:30:50.0 (73063474)|ENTERING_MANAGED_PKG|tdc_tsw
17:30:50.0 (76324914)|ENTERING_MANAGED_PKG|tdc_tsw
17:30:50.0 (77831630)|ENTERING_MANAGED_PKG|tdc_tsw
17:30:50.0 (78138422)|ENTERING_MANAGED_PKG|tdc_tsw
17:30:50.0 (78944771)|ENTERING_MANAGED_PKG|tdc_tsw
17:30:50.0 (79303138)|SOQL_EXECUTE_BEGIN|[200]|Aggregations:0|SELECT Name, NamespacePrefix, SystemModStamp FROM StaticResource WHERE Name LIKE :tmpVar1 LIMIT 10
17:30:50.0 (81870036)|SOQL_EXECUTE_END|[200]|Rows:1
17:30:50.88 (88052198)|USER_INFO|[EXTERNAL]|0051H000009gxp8|chanida.dev2@solvedbysoftwareco.com|Eastern Standard Time|GMT-05:00
17:30:50.88 (89432046)|ENTERING_MANAGED_PKG|tdc_tsw
17:30:50.88 (89594631)|ENTERING_MANAGED_PKG|tdc_tsw
17:30:50.88 (91886152)|SOQL_EXECUTE_BEGIN|[355]|Aggregations:0|SELECT id, name, Disable_Incoming_SMS_Sharing__c FROM User WHERE id = :tmpVar1
17:30:50.88 (98295169)|SOQL_EXECUTE_END|[355]|Rows:1
17:30:50.88 (99214410)|SOQL_EXECUTE_BEGIN|[367]|Aggregations:0|SELECT CreatedDate,Id,LastModifiedDate,Related_Object_Id__c FROM Message__c WHERE Name = 'Incoming' AND Read__c = false ORDER BY CreatedDate Desc limit 100
17:30:50.88 (106271352)|SOQL_EXECUTE_END|[367]|Rows:57
