44.0 APEX_CODE,FINEST;APEX_PROFILING,INFO;CALLOUT,INFO;DB,INFO;NBA,INFO;SYSTEM,DEBUG;VALIDATION,INFO;VISUALFORCE,INFO;WAVE,INFO;WORKFLOW,INFO
20:35:41.0 (139785)|USER_INFO|[EXTERNAL]|0051H000009gxp8|chanida.dev2@solvedbysoftwareco.com|Eastern Standard Time|GMT-05:00
20:35:41.0 (2247839)|ENTERING_MANAGED_PKG|tdc_tsw
20:35:41.0 (2403027)|ENTERING_MANAGED_PKG|tdc_tsw
20:35:41.0 (2899352)|ENTERING_MANAGED_PKG|tdc_tsw
20:35:41.0 (2940697)|ENTERING_MANAGED_PKG|tdc_tsw
20:35:41.0 (3783999)|ENTERING_MANAGED_PKG|tdc_tsw
20:35:41.0 (4583444)|ENTERING_MANAGED_PKG|tdc_tsw
20:35:41.0 (6060529)|ENTERING_MANAGED_PKG|tdc_tsw
20:35:41.0 (6139288)|ENTERING_MANAGED_PKG|tdc_tsw
20:35:41.0 (7304117)|ENTERING_MANAGED_PKG|tdc_tsw
20:35:41.0 (13481584)|SOQL_EXECUTE_BEGIN|[82]|Aggregations:0|SELECT CreatedDate, Id,Task_Created__c,Event_Created__c,isCaseCreated__c,Task_Id__c,Event_Id__c,Case__c, Important__c, Delivered__c, Message_Text_New__c, Name, Owner.Name, Read__c,MessageId__c, ToNumber__c, Related_Object_Id__c, Related_Object__c, Sender_Number__c, LastModifiedDate, Attachments_Ids__c FROM Message__c WHERE Contact__c =: recordId ORDER BY CreatedDate Desc limit 200
20:35:41.0 (25286963)|SOQL_EXECUTE_END|[82]|Rows:2
20:35:41.0 (26627045)|ENTERING_MANAGED_PKG|tdc_tsw
20:35:41.0 (26939973)|ENTERING_MANAGED_PKG|tdc_tsw
20:35:41.0 (27027617)|ENTERING_MANAGED_PKG|tdc_tsw
20:35:41.0 (27581465)|SOQL_EXECUTE_BEGIN|[200]|Aggregations:0|SELECT Name, NamespacePrefix, SystemModStamp FROM StaticResource WHERE Name LIKE :tmpVar1 LIMIT 10
20:35:41.0 (30083650)|SOQL_EXECUTE_END|[200]|Rows:1
20:35:41.0 (32178403)|ENTERING_MANAGED_PKG|tdc_tsw
20:35:41.0 (33823043)|ENTERING_MANAGED_PKG|tdc_tsw
20:35:41.0 (33872149)|ENTERING_MANAGED_PKG|tdc_tsw
20:35:41.0 (35711946)|ENTERING_MANAGED_PKG|tdc_tsw
20:35:41.0 (36821871)|ENTERING_MANAGED_PKG|tdc_tsw
20:35:41.0 (41204443)|SOQL_EXECUTE_BEGIN|[172]|Aggregations:0|SELECT id, name FROM ChatTranscript__c WHERE (Chat_Active__c = TRUE AND (Related_Object_Id__c = :tmpVar1 OR Related_Object_Id__c = :tmpVar2)) LIMIT 1
20:35:41.0 (44311207)|SOQL_EXECUTE_END|[172]|Rows:0
20:35:41.0 (44627246)|ENTERING_MANAGED_PKG|tdc_tsw
20:35:41.0 (44663234)|ENTERING_MANAGED_PKG|tdc_tsw
