44.0 APEX_CODE,FINEST;APEX_PROFILING,INFO;CALLOUT,INFO;DB,INFO;NBA,INFO;SYSTEM,DEBUG;VALIDATION,INFO;VISUALFORCE,INFO;WAVE,INFO;WORKFLOW,INFO
22:35:06.0 (311645)|USER_INFO|[EXTERNAL]|0051H000009gxp8|chanida.dev2@solvedbysoftwareco.com|Eastern Standard Time|GMT-05:00
22:35:06.0 (2399598)|ENTERING_MANAGED_PKG|tdc_tsw
22:35:06.0 (3028166)|ENTERING_MANAGED_PKG|tdc_tsw
22:35:06.0 (7914248)|SOQL_EXECUTE_BEGIN|[16]|Aggregations:0|SELECT id, name, Disable_Incoming_SMS_Sharing__c FROM User WHERE id = :tmpVar1
22:35:06.0 (18619745)|SOQL_EXECUTE_END|[16]|Rows:1
22:35:06.0 (26865507)|SOQL_EXECUTE_BEGIN|[37]|Aggregations:0|SELECT CreatedDate,Created_Date__c,Id,LastModifiedDate,MessageId__c,Message_Text_New__c,Name,OwnerId,Read__c,Related_Object_Id__c,Related_Object__c,Sender_Number__c, Sender_Name__c,ToNumber__c,Attachments_Ids__c FROM Message__c WHERE Name = 'Incoming' AND Read__c = false ORDER BY CreatedDate Desc limit 100
22:35:06.0 (48895673)|SOQL_EXECUTE_END|[37]|Rows:100
22:35:06.0 (72865191)|ENTERING_MANAGED_PKG|tdc_tsw
22:35:06.0 (75208946)|ENTERING_MANAGED_PKG|tdc_tsw
22:35:06.0 (75834298)|ENTERING_MANAGED_PKG|tdc_tsw
22:35:06.0 (76785763)|ENTERING_MANAGED_PKG|tdc_tsw
22:35:06.0 (80393661)|ENTERING_MANAGED_PKG|tdc_tsw
22:35:06.0 (81237915)|ENTERING_MANAGED_PKG|tdc_tsw
22:35:06.0 (81510482)|ENTERING_MANAGED_PKG|tdc_tsw
22:35:06.0 (81915017)|ENTERING_MANAGED_PKG|tdc_tsw
22:35:06.0 (82975031)|ENTERING_MANAGED_PKG|tdc_tsw
22:35:06.0 (83733118)|ENTERING_MANAGED_PKG|tdc_tsw
22:35:06.0 (83948104)|ENTERING_MANAGED_PKG|tdc_tsw
22:35:06.0 (84312948)|ENTERING_MANAGED_PKG|tdc_tsw
22:35:06.0 (85361028)|ENTERING_MANAGED_PKG|tdc_tsw
22:35:06.0 (86090609)|ENTERING_MANAGED_PKG|tdc_tsw
22:35:06.0 (86304823)|ENTERING_MANAGED_PKG|tdc_tsw
22:35:06.0 (86667998)|ENTERING_MANAGED_PKG|tdc_tsw
22:35:06.0 (87688693)|ENTERING_MANAGED_PKG|tdc_tsw
22:35:06.0 (88418129)|ENTERING_MANAGED_PKG|tdc_tsw
22:35:06.0 (88636387)|ENTERING_MANAGED_PKG|tdc_tsw
22:35:06.0 (89021334)|ENTERING_MANAGED_PKG|tdc_tsw
22:35:06.0 (90029761)|ENTERING_MANAGED_PKG|tdc_tsw
22:35:06.0 (90779941)|ENTERING_MANAGED_PKG|tdc_tsw
22:35:06.0 (90993963)|ENTERING_MANAGED_PKG|tdc_tsw
22:35:06.0 (91358461)|ENTERING_MANAGED_PKG|tdc_tsw
22:35:06.0 (92365478)|ENTERING_MANAGED_PKG|tdc_tsw
22:35:06.0 (93088883)|ENTERING_MANAGED_PKG|tdc_tsw
22:35:06.0 (93302693)|ENTERING_MANAGED_PKG|tdc_tsw
22:35:06.0 (93667106)|ENTERING_MANAGED_PKG|tdc_tsw
22:35:06.0 (94673523)|ENTERING_MANAGED_PKG|tdc_tsw
22:35:06.0 (95429959)|ENTERING_MANAGED_PKG|tdc_tsw
22:35:06.0 (95644772)|ENTERING_MANAGED_PKG|tdc_tsw
22:35:06.0 (96125227)|ENTERING_MANAGED_PKG|tdc_tsw
22:35:06.0 (97177898)|ENTERING_MANAGED_PKG|tdc_tsw
22:35:06.0 (97939472)|ENTERING_MANAGED_PKG|tdc_tsw
22:35:06.0 (98167027)|ENTERING_MANAGED_PKG|tdc_tsw
22:35:06.0 (98594917)|ENTERING_MANAGED_PKG|tdc_tsw
22:35:06.0 (99705697)|ENTERING_MANAGED_PKG|tdc_tsw
22:35:06.0 (100421479)|ENTERING_MANAGED_PKG|tdc_tsw
22:35:06.0 (100634867)|ENTERING_MANAGED_PKG|tdc_tsw
22:35:06.0 (101030708)|ENTERING_MANAGED_PKG|tdc_tsw
22:35:06.0 (102106465)|ENTERING_MANAGED_PKG|tdc_tsw
22:35:06.0 (102827291)|ENTERING_MANAGED_PKG|tdc_tsw
22:35:06.0 (103039320)|ENTERING_MANAGED_PKG|tdc_tsw
22:35:06.0 (103404817)|ENTERING_MANAGED_PKG|tdc_tsw
22:35:06.0 (104408030)|ENTERING_MANAGED_PKG|tdc_tsw
22:35:06.0 (105118082)|ENTERING_MANAGED_PKG|tdc_tsw
22:35:06.0 (105329720)|ENTERING_MANAGED_PKG|tdc_tsw
22:35:06.0 (105693040)|ENTERING_MANAGED_PKG|tdc_tsw
22:35:06.0 (106727289)|ENTERING_MANAGED_PKG|tdc_tsw
22:35:06.0 (107429461)|ENTERING_MANAGED_PKG|tdc_tsw
22:35:06.0 (107641303)|ENTERING_MANAGED_PKG|tdc_tsw
22:35:06.0 (108016616)|ENTERING_MANAGED_PKG|tdc_tsw
22:35:06.0 (109020792)|ENTERING_MANAGED_PKG|tdc_tsw
22:35:06.0 (109732339)|ENTERING_MANAGED_PKG|tdc_tsw
22:35:06.0 (109944962)|ENTERING_MANAGED_PKG|tdc_tsw
22:35:06.0 (110307229)|ENTERING_MANAGED_PKG|tdc_tsw
22:35:06.0 (111299921)|ENTERING_MANAGED_PKG|tdc_tsw
22:35:06.0 (112038461)|ENTERING_MANAGED_PKG|tdc_tsw
22:35:06.0 (112251855)|ENTERING_MANAGED_PKG|tdc_tsw
22:35:06.0 (112615797)|ENTERING_MANAGED_PKG|tdc_tsw
22:35:06.0 (113644029)|ENTERING_MANAGED_PKG|tdc_tsw
22:35:06.0 (114362454)|ENTERING_MANAGED_PKG|tdc_tsw
22:35:06.0 (114575473)|ENTERING_MANAGED_PKG|tdc_tsw
22:35:06.0 (114952701)|ENTERING_MANAGED_PKG|tdc_tsw
22:35:06.0 (116261698)|ENTERING_MANAGED_PKG|tdc_tsw
22:35:06.0 (116991313)|ENTERING_MANAGED_PKG|tdc_tsw
22:35:06.0 (117215989)|ENTERING_MANAGED_PKG|tdc_tsw
22:35:06.0 (117611706)|ENTERING_MANAGED_PKG|tdc_tsw
22:35:06.0 (118615665)|ENTERING_MANAGED_PKG|tdc_tsw
22:35:06.0 (119336784)|ENTERING_MANAGED_PKG|tdc_tsw
22:35:06.0 (119550010)|ENTERING_MANAGED_PKG|tdc_tsw
22:35:06.0 (119939981)|ENTERING_MANAGED_PKG|tdc_tsw
22:35:06.0 (120980819)|ENTERING_MANAGED_PKG|tdc_tsw
22:35:06.0 (121741656)|ENTERING_MANAGED_PKG|tdc_tsw
22:35:06.0 (121955573)|ENTERING_MANAGED_PKG|tdc_tsw
22:35:06.0 (122317126)|ENTERING_MANAGED_PKG|tdc_tsw
22:35:06.0 (123313129)|ENTERING_MANAGED_PKG|tdc_tsw
22:35:06.0 (124036373)|ENTERING_MANAGED_PKG|tdc_tsw
22:35:06.0 (124248457)|ENTERING_MANAGED_PKG|tdc_tsw
22:35:06.0 (124609461)|ENTERING_MANAGED_PKG|tdc_tsw
22:35:06.0 (125632605)|ENTERING_MANAGED_PKG|tdc_tsw
22:35:06.0 (126387687)|ENTERING_MANAGED_PKG|tdc_tsw
22:35:06.0 (126607661)|ENTERING_MANAGED_PKG|tdc_tsw
22:35:06.0 (126990789)|ENTERING_MANAGED_PKG|tdc_tsw
22:35:06.0 (127995442)|ENTERING_MANAGED_PKG|tdc_tsw
22:35:06.0 (128710862)|ENTERING_MANAGED_PKG|tdc_tsw
22:35:06.0 (128945716)|ENTERING_MANAGED_PKG|tdc_tsw
22:35:06.0 (129468802)|ENTERING_MANAGED_PKG|tdc_tsw
22:35:06.0 (130764823)|ENTERING_MANAGED_PKG|tdc_tsw
22:35:06.0 (131550017)|ENTERING_MANAGED_PKG|tdc_tsw
22:35:06.0 (131835327)|ENTERING_MANAGED_PKG|tdc_tsw
22:35:06.0 (132249296)|ENTERING_MANAGED_PKG|tdc_tsw
22:35:06.0 (133348996)|ENTERING_MANAGED_PKG|tdc_tsw
22:35:06.0 (134101543)|ENTERING_MANAGED_PKG|tdc_tsw
22:35:06.0 (134315332)|ENTERING_MANAGED_PKG|tdc_tsw
22:35:06.0 (134682580)|ENTERING_MANAGED_PKG|tdc_tsw
22:35:06.0 (135684338)|ENTERING_MANAGED_PKG|tdc_tsw
22:35:06.0 (136404825)|ENTERING_MANAGED_PKG|tdc_tsw
22:35:06.0 (136618133)|ENTERING_MANAGED_PKG|tdc_tsw
22:35:06.0 (137032574)|ENTERING_MANAGED_PKG|tdc_tsw
22:35:06.0 (138038551)|ENTERING_MANAGED_PKG|tdc_tsw
22:35:06.0 (138947214)|ENTERING_MANAGED_PKG|tdc_tsw
22:35:06.0 (139161205)|ENTERING_MANAGED_PKG|tdc_tsw
22:35:06.0 (139528267)|ENTERING_MANAGED_PKG|tdc_tsw
22:35:06.0 (140534919)|ENTERING_MANAGED_PKG|tdc_tsw
22:35:06.0 (141286611)|ENTERING_MANAGED_PKG|tdc_tsw
22:35:06.0 (141500117)|ENTERING_MANAGED_PKG|tdc_tsw
22:35:06.0 (141877875)|ENTERING_MANAGED_PKG|tdc_tsw
22:35:06.0 (142874160)|ENTERING_MANAGED_PKG|tdc_tsw
22:35:06.0 (143585642)|ENTERING_MANAGED_PKG|tdc_tsw
22:35:06.0 (143807313)|ENTERING_MANAGED_PKG|tdc_tsw
22:35:06.0 (144172429)|ENTERING_MANAGED_PKG|tdc_tsw
22:35:06.0 (145167493)|ENTERING_MANAGED_PKG|tdc_tsw
22:35:06.0 (145993089)|ENTERING_MANAGED_PKG|tdc_tsw
22:35:06.0 (146205751)|ENTERING_MANAGED_PKG|tdc_tsw
22:35:06.0 (146599150)|ENTERING_MANAGED_PKG|tdc_tsw
22:35:06.0 (147677896)|ENTERING_MANAGED_PKG|tdc_tsw
22:35:06.0 (148551545)|ENTERING_MANAGED_PKG|tdc_tsw
22:35:06.0 (148776392)|ENTERING_MANAGED_PKG|tdc_tsw
22:35:06.0 (149262402)|ENTERING_MANAGED_PKG|tdc_tsw
22:35:06.0 (150430460)|ENTERING_MANAGED_PKG|tdc_tsw
22:35:06.0 (151166328)|ENTERING_MANAGED_PKG|tdc_tsw
22:35:06.0 (151379622)|ENTERING_MANAGED_PKG|tdc_tsw
22:35:06.0 (151758587)|ENTERING_MANAGED_PKG|tdc_tsw
22:35:06.0 (152863559)|ENTERING_MANAGED_PKG|tdc_tsw
22:35:06.0 (153575691)|ENTERING_MANAGED_PKG|tdc_tsw
22:35:06.0 (153867144)|ENTERING_MANAGED_PKG|tdc_tsw
22:35:06.0 (154483709)|ENTERING_MANAGED_PKG|tdc_tsw
22:35:06.0 (156178337)|ENTERING_MANAGED_PKG|tdc_tsw
22:35:06.0 (157217211)|ENTERING_MANAGED_PKG|tdc_tsw
22:35:06.0 (157481587)|ENTERING_MANAGED_PKG|tdc_tsw
22:35:06.0 (158208404)|ENTERING_MANAGED_PKG|tdc_tsw
22:35:06.0 (159951861)|ENTERING_MANAGED_PKG|tdc_tsw
22:35:06.0 (161272530)|ENTERING_MANAGED_PKG|tdc_tsw
22:35:06.0 (161641912)|ENTERING_MANAGED_PKG|tdc_tsw
22:35:06.0 (162251395)|ENTERING_MANAGED_PKG|tdc_tsw
22:35:06.0 (163289933)|ENTERING_MANAGED_PKG|tdc_tsw
22:35:06.0 (164057450)|ENTERING_MANAGED_PKG|tdc_tsw
22:35:06.0 (164339907)|ENTERING_MANAGED_PKG|tdc_tsw
22:35:06.0 (164719945)|ENTERING_MANAGED_PKG|tdc_tsw
22:35:06.0 (165895826)|ENTERING_MANAGED_PKG|tdc_tsw
22:35:06.0 (166634514)|ENTERING_MANAGED_PKG|tdc_tsw
22:35:06.0 (166899815)|ENTERING_MANAGED_PKG|tdc_tsw
22:35:06.0 (167301440)|ENTERING_MANAGED_PKG|tdc_tsw
22:35:06.0 (168582521)|ENTERING_MANAGED_PKG|tdc_tsw
22:35:06.0 (169442346)|ENTERING_MANAGED_PKG|tdc_tsw
22:35:06.0 (169661129)|ENTERING_MANAGED_PKG|tdc_tsw
22:35:06.0 (170394065)|ENTERING_MANAGED_PKG|tdc_tsw
22:35:06.0 (175242892)|ENTERING_MANAGED_PKG|tdc_tsw
22:35:06.0 (176119344)|ENTERING_MANAGED_PKG|tdc_tsw
22:35:06.0 (176215277)|ENTERING_MANAGED_PKG|tdc_tsw
22:35:06.0 (176872942)|SOQL_EXECUTE_BEGIN|[200]|Aggregations:0|SELECT Name, NamespacePrefix, SystemModStamp FROM StaticResource WHERE Name LIKE :tmpVar1 LIMIT 10
22:35:06.0 (179621279)|SOQL_EXECUTE_END|[200]|Rows:1
22:35:06.0 (180498488)|ENTERING_MANAGED_PKG|tdc_tsw
22:35:06.0 (180892797)|SOQL_EXECUTE_BEGIN|[200]|Aggregations:0|SELECT Name, NamespacePrefix, SystemModStamp FROM StaticResource WHERE Name LIKE :tmpVar1 LIMIT 10
22:35:06.0 (183094905)|SOQL_EXECUTE_END|[200]|Rows:1
22:35:06.0 (183654473)|ENTERING_MANAGED_PKG|tdc_tsw
22:35:06.0 (188137920)|ENTERING_MANAGED_PKG|tdc_tsw
22:35:06.0 (189877696)|ENTERING_MANAGED_PKG|tdc_tsw
22:35:06.0 (190229407)|ENTERING_MANAGED_PKG|tdc_tsw
22:35:06.0 (191280385)|ENTERING_MANAGED_PKG|tdc_tsw
22:35:06.0 (191864902)|SOQL_EXECUTE_BEGIN|[200]|Aggregations:0|SELECT Name, NamespacePrefix, SystemModStamp FROM StaticResource WHERE Name LIKE :tmpVar1 LIMIT 10
22:35:06.0 (195079433)|SOQL_EXECUTE_END|[200]|Rows:1
22:35:06.207 (207340075)|USER_INFO|[EXTERNAL]|0051H000009gxp8|chanida.dev2@solvedbysoftwareco.com|Eastern Standard Time|GMT-05:00
22:35:06.207 (209318675)|ENTERING_MANAGED_PKG|tdc_tsw
22:35:06.207 (209623996)|ENTERING_MANAGED_PKG|tdc_tsw
22:35:06.207 (213053882)|SOQL_EXECUTE_BEGIN|[355]|Aggregations:0|SELECT id, name, Disable_Incoming_SMS_Sharing__c FROM User WHERE id = :tmpVar1
22:35:06.207 (220747539)|SOQL_EXECUTE_END|[355]|Rows:1
22:35:06.207 (221820441)|SOQL_EXECUTE_BEGIN|[367]|Aggregations:0|SELECT CreatedDate,Id,LastModifiedDate,Related_Object_Id__c FROM Message__c WHERE Name = 'Incoming' AND Read__c = false ORDER BY CreatedDate Desc limit 100
22:35:06.207 (230391742)|SOQL_EXECUTE_END|[367]|Rows:100
