44.0 APEX_CODE,FINEST;APEX_PROFILING,INFO;CALLOUT,INFO;DB,INFO;NBA,INFO;SYSTEM,DEBUG;VALIDATION,INFO;VISUALFORCE,INFO;WAVE,INFO;WORKFLOW,INFO
20:17:53.0 (171451)|USER_INFO|[EXTERNAL]|0051H000009gxp8|chanida.dev2@solvedbysoftwareco.com|Eastern Standard Time|GMT-05:00
20:17:53.0 (1717542)|ENTERING_MANAGED_PKG|tdc_tsw
20:17:53.0 (2307310)|ENTERING_MANAGED_PKG|tdc_tsw
20:17:53.0 (6342865)|SOQL_EXECUTE_BEGIN|[16]|Aggregations:0|SELECT id, name, Disable_Incoming_SMS_Sharing__c FROM User WHERE id = :tmpVar1
20:17:53.0 (14031328)|SOQL_EXECUTE_END|[16]|Rows:1
20:17:53.0 (19822731)|SOQL_EXECUTE_BEGIN|[37]|Aggregations:0|SELECT CreatedDate,Created_Date__c,Id,LastModifiedDate,MessageId__c,Message_Text_New__c,Name,OwnerId,Read__c,Related_Object_Id__c,Related_Object__c,Sender_Number__c, Sender_Name__c,ToNumber__c,Attachments_Ids__c FROM Message__c WHERE Name = 'Incoming' AND Read__c = false ORDER BY CreatedDate Desc limit 100
20:17:53.0 (36145416)|SOQL_EXECUTE_END|[37]|Rows:16
20:17:53.0 (40372409)|ENTERING_MANAGED_PKG|tdc_tsw
20:17:53.0 (42470231)|ENTERING_MANAGED_PKG|tdc_tsw
20:17:53.0 (43024555)|ENTERING_MANAGED_PKG|tdc_tsw
20:17:53.0 (43945614)|ENTERING_MANAGED_PKG|tdc_tsw
20:17:53.0 (47060762)|ENTERING_MANAGED_PKG|tdc_tsw
20:17:53.0 (47898169)|ENTERING_MANAGED_PKG|tdc_tsw
20:17:53.0 (48172022)|ENTERING_MANAGED_PKG|tdc_tsw
20:17:53.0 (48623842)|ENTERING_MANAGED_PKG|tdc_tsw
20:17:53.0 (49826651)|ENTERING_MANAGED_PKG|tdc_tsw
20:17:53.0 (50669944)|ENTERING_MANAGED_PKG|tdc_tsw
20:17:53.0 (50908783)|ENTERING_MANAGED_PKG|tdc_tsw
20:17:53.0 (51292080)|ENTERING_MANAGED_PKG|tdc_tsw
20:17:53.0 (52573176)|ENTERING_MANAGED_PKG|tdc_tsw
20:17:53.0 (53224852)|ENTERING_MANAGED_PKG|tdc_tsw
20:17:53.0 (53300511)|ENTERING_MANAGED_PKG|tdc_tsw
20:17:53.0 (53901630)|SOQL_EXECUTE_BEGIN|[200]|Aggregations:0|SELECT Name, NamespacePrefix, SystemModStamp FROM StaticResource WHERE Name LIKE :tmpVar1 LIMIT 10
20:17:53.0 (57173998)|SOQL_EXECUTE_END|[200]|Rows:1
20:17:53.0 (58066533)|ENTERING_MANAGED_PKG|tdc_tsw
20:17:53.0 (58472585)|SOQL_EXECUTE_BEGIN|[200]|Aggregations:0|SELECT Name, NamespacePrefix, SystemModStamp FROM StaticResource WHERE Name LIKE :tmpVar1 LIMIT 10
20:17:53.0 (60779017)|SOQL_EXECUTE_END|[200]|Rows:1
20:17:53.0 (61246901)|ENTERING_MANAGED_PKG|tdc_tsw
20:17:53.0 (65269419)|ENTERING_MANAGED_PKG|tdc_tsw
20:17:53.0 (67326916)|ENTERING_MANAGED_PKG|tdc_tsw
20:17:53.0 (67731690)|ENTERING_MANAGED_PKG|tdc_tsw
20:17:53.0 (68765368)|ENTERING_MANAGED_PKG|tdc_tsw
20:17:53.0 (69187162)|SOQL_EXECUTE_BEGIN|[200]|Aggregations:0|SELECT Name, NamespacePrefix, SystemModStamp FROM StaticResource WHERE Name LIKE :tmpVar1 LIMIT 10
20:17:53.0 (71512773)|SOQL_EXECUTE_END|[200]|Rows:1
20:17:53.85 (85866405)|USER_INFO|[EXTERNAL]|0051H000009gxp8|chanida.dev2@solvedbysoftwareco.com|Eastern Standard Time|GMT-05:00
20:17:53.85 (87318733)|ENTERING_MANAGED_PKG|tdc_tsw
20:17:53.85 (87617963)|ENTERING_MANAGED_PKG|tdc_tsw
20:17:53.85 (90498570)|SOQL_EXECUTE_BEGIN|[355]|Aggregations:0|SELECT id, name, Disable_Incoming_SMS_Sharing__c FROM User WHERE id = :tmpVar1
20:17:53.85 (96719971)|SOQL_EXECUTE_END|[355]|Rows:1
20:17:53.85 (97828708)|SOQL_EXECUTE_BEGIN|[367]|Aggregations:0|SELECT CreatedDate,Id,LastModifiedDate,Related_Object_Id__c FROM Message__c WHERE Name = 'Incoming' AND Read__c = false ORDER BY CreatedDate Desc limit 100
20:17:53.85 (104738411)|SOQL_EXECUTE_END|[367]|Rows:16
