44.0 APEX_CODE,FINEST;APEX_PROFILING,INFO;CALLOUT,INFO;DB,INFO;NBA,INFO;SYSTEM,DEBUG;VALIDATION,INFO;VISUALFORCE,INFO;WAVE,INFO;WORKFLOW,INFO
20:37:40.0 (124499)|USER_INFO|[EXTERNAL]|0051H000009gxp8|chanida.dev2@solvedbysoftwareco.com|Eastern Standard Time|GMT-05:00
20:37:40.0 (2561489)|ENTERING_MANAGED_PKG|tdc_tsw
20:37:40.0 (2722371)|ENTERING_MANAGED_PKG|tdc_tsw
20:37:40.0 (3271148)|ENTERING_MANAGED_PKG|tdc_tsw
20:37:40.0 (3320196)|ENTERING_MANAGED_PKG|tdc_tsw
20:37:40.0 (4157934)|ENTERING_MANAGED_PKG|tdc_tsw
20:37:40.0 (5051109)|ENTERING_MANAGED_PKG|tdc_tsw
20:37:40.0 (6659192)|ENTERING_MANAGED_PKG|tdc_tsw
20:37:40.0 (6751541)|ENTERING_MANAGED_PKG|tdc_tsw
20:37:40.0 (8073609)|ENTERING_MANAGED_PKG|tdc_tsw
20:37:40.0 (14997846)|SOQL_EXECUTE_BEGIN|[82]|Aggregations:0|SELECT CreatedDate, Id,Task_Created__c,Event_Created__c,isCaseCreated__c,Task_Id__c,Event_Id__c,Case__c, Important__c, Delivered__c, Message_Text_New__c, Name, Owner.Name, Read__c,MessageId__c, ToNumber__c, Related_Object_Id__c, Related_Object__c, Sender_Number__c, LastModifiedDate, Attachments_Ids__c FROM Message__c WHERE Contact__c =: recordId ORDER BY CreatedDate Desc limit 200
20:37:40.0 (29270952)|SOQL_EXECUTE_END|[82]|Rows:2
20:37:40.0 (30452773)|ENTERING_MANAGED_PKG|tdc_tsw
20:37:40.0 (30744504)|ENTERING_MANAGED_PKG|tdc_tsw
20:37:40.0 (30813041)|ENTERING_MANAGED_PKG|tdc_tsw
20:37:40.0 (31315245)|SOQL_EXECUTE_BEGIN|[200]|Aggregations:0|SELECT Name, NamespacePrefix, SystemModStamp FROM StaticResource WHERE Name LIKE :tmpVar1 LIMIT 10
20:37:40.0 (33985443)|SOQL_EXECUTE_END|[200]|Rows:1
20:37:40.0 (35861094)|ENTERING_MANAGED_PKG|tdc_tsw
20:37:40.0 (37347476)|ENTERING_MANAGED_PKG|tdc_tsw
20:37:40.0 (37398672)|ENTERING_MANAGED_PKG|tdc_tsw
20:37:40.0 (39201336)|ENTERING_MANAGED_PKG|tdc_tsw
20:37:40.0 (39988962)|ENTERING_MANAGED_PKG|tdc_tsw
20:37:40.0 (44435465)|SOQL_EXECUTE_BEGIN|[172]|Aggregations:0|SELECT id, name FROM ChatTranscript__c WHERE (Chat_Active__c = TRUE AND (Related_Object_Id__c = :tmpVar1 OR Related_Object_Id__c = :tmpVar2)) LIMIT 1
20:37:40.0 (52413131)|SOQL_EXECUTE_END|[172]|Rows:0
20:37:40.0 (52753032)|ENTERING_MANAGED_PKG|tdc_tsw
20:37:40.0 (52788941)|ENTERING_MANAGED_PKG|tdc_tsw
