44.0 APEX_CODE,FINEST;APEX_PROFILING,INFO;CALLOUT,INFO;DB,INFO;NBA,INFO;SYSTEM,DEBUG;VALIDATION,INFO;VISUALFORCE,INFO;WAVE,INFO;WORKFLOW,INFO
22:11:47.0 (225069)|USER_INFO|[EXTERNAL]|0051H000009gxp8|chanida.dev2@solvedbysoftwareco.com|Eastern Standard Time|GMT-05:00
22:11:47.0 (2339902)|ENTERING_MANAGED_PKG|tdc_tsw
22:11:47.0 (3138482)|ENTERING_MANAGED_PKG|tdc_tsw
22:11:47.0 (8367300)|SOQL_EXECUTE_BEGIN|[16]|Aggregations:0|SELECT id, name, Disable_Incoming_SMS_Sharing__c FROM User WHERE id = :tmpVar1
22:11:47.0 (19773663)|SOQL_EXECUTE_END|[16]|Rows:1
22:11:47.0 (28111331)|SOQL_EXECUTE_BEGIN|[37]|Aggregations:0|SELECT CreatedDate,Created_Date__c,Id,LastModifiedDate,MessageId__c,Message_Text_New__c,Name,OwnerId,Read__c,Related_Object_Id__c,Related_Object__c,Sender_Number__c, Sender_Name__c,ToNumber__c,Attachments_Ids__c FROM Message__c WHERE Name = 'Incoming' AND Read__c = false ORDER BY CreatedDate Desc limit 100
22:11:47.0 (48072498)|SOQL_EXECUTE_END|[37]|Rows:100
22:11:47.0 (69238784)|ENTERING_MANAGED_PKG|tdc_tsw
22:11:47.0 (71954150)|ENTERING_MANAGED_PKG|tdc_tsw
22:11:47.0 (72608637)|ENTERING_MANAGED_PKG|tdc_tsw
22:11:47.0 (73520670)|ENTERING_MANAGED_PKG|tdc_tsw
22:11:47.0 (76547250)|ENTERING_MANAGED_PKG|tdc_tsw
22:11:47.0 (77561663)|ENTERING_MANAGED_PKG|tdc_tsw
22:11:47.0 (77932174)|ENTERING_MANAGED_PKG|tdc_tsw
22:11:47.0 (78621242)|ENTERING_MANAGED_PKG|tdc_tsw
22:11:47.0 (79916138)|ENTERING_MANAGED_PKG|tdc_tsw
22:11:47.0 (80794085)|ENTERING_MANAGED_PKG|tdc_tsw
22:11:47.0 (81111542)|ENTERING_MANAGED_PKG|tdc_tsw
22:11:47.0 (81696545)|ENTERING_MANAGED_PKG|tdc_tsw
22:11:47.0 (82966057)|ENTERING_MANAGED_PKG|tdc_tsw
22:11:47.0 (84179333)|ENTERING_MANAGED_PKG|tdc_tsw
22:11:47.0 (84459625)|ENTERING_MANAGED_PKG|tdc_tsw
22:11:47.0 (84901466)|ENTERING_MANAGED_PKG|tdc_tsw
22:11:47.0 (86271298)|ENTERING_MANAGED_PKG|tdc_tsw
22:11:47.0 (87189186)|ENTERING_MANAGED_PKG|tdc_tsw
22:11:47.0 (87437416)|ENTERING_MANAGED_PKG|tdc_tsw
22:11:47.0 (87913129)|ENTERING_MANAGED_PKG|tdc_tsw
22:11:47.0 (89454510)|ENTERING_MANAGED_PKG|tdc_tsw
22:11:47.0 (90316947)|ENTERING_MANAGED_PKG|tdc_tsw
22:11:47.0 (90620764)|ENTERING_MANAGED_PKG|tdc_tsw
22:11:47.0 (91180768)|ENTERING_MANAGED_PKG|tdc_tsw
22:11:47.0 (92397297)|ENTERING_MANAGED_PKG|tdc_tsw
22:11:47.0 (93281766)|ENTERING_MANAGED_PKG|tdc_tsw
22:11:47.0 (93527360)|ENTERING_MANAGED_PKG|tdc_tsw
22:11:47.0 (94018675)|ENTERING_MANAGED_PKG|tdc_tsw
22:11:47.0 (95193185)|ENTERING_MANAGED_PKG|tdc_tsw
22:11:47.0 (96099031)|ENTERING_MANAGED_PKG|tdc_tsw
22:11:47.0 (96347327)|ENTERING_MANAGED_PKG|tdc_tsw
22:11:47.0 (96790943)|ENTERING_MANAGED_PKG|tdc_tsw
22:11:47.0 (98177309)|ENTERING_MANAGED_PKG|tdc_tsw
22:11:47.0 (99083770)|ENTERING_MANAGED_PKG|tdc_tsw
22:11:47.0 (99329676)|ENTERING_MANAGED_PKG|tdc_tsw
22:11:47.0 (99977836)|ENTERING_MANAGED_PKG|tdc_tsw
22:11:47.0 (101343730)|ENTERING_MANAGED_PKG|tdc_tsw
22:11:47.0 (102191523)|ENTERING_MANAGED_PKG|tdc_tsw
22:11:47.0 (102444151)|ENTERING_MANAGED_PKG|tdc_tsw
22:11:47.0 (102996522)|ENTERING_MANAGED_PKG|tdc_tsw
22:11:47.0 (104255651)|ENTERING_MANAGED_PKG|tdc_tsw
22:11:47.0 (105511663)|ENTERING_MANAGED_PKG|tdc_tsw
22:11:47.0 (105970248)|ENTERING_MANAGED_PKG|tdc_tsw
22:11:47.0 (106563715)|ENTERING_MANAGED_PKG|tdc_tsw
22:11:47.0 (107859203)|ENTERING_MANAGED_PKG|tdc_tsw
22:11:47.0 (108709255)|ENTERING_MANAGED_PKG|tdc_tsw
22:11:47.0 (108956004)|ENTERING_MANAGED_PKG|tdc_tsw
22:11:47.0 (109379612)|ENTERING_MANAGED_PKG|tdc_tsw
22:11:47.0 (110728187)|ENTERING_MANAGED_PKG|tdc_tsw
22:11:47.0 (111582036)|ENTERING_MANAGED_PKG|tdc_tsw
22:11:47.0 (111834411)|ENTERING_MANAGED_PKG|tdc_tsw
22:11:47.0 (112254548)|ENTERING_MANAGED_PKG|tdc_tsw
22:11:47.0 (113422499)|ENTERING_MANAGED_PKG|tdc_tsw
22:11:47.0 (114263078)|ENTERING_MANAGED_PKG|tdc_tsw
22:11:47.0 (114506998)|ENTERING_MANAGED_PKG|tdc_tsw
22:11:47.0 (114939933)|ENTERING_MANAGED_PKG|tdc_tsw
22:11:47.0 (116103424)|ENTERING_MANAGED_PKG|tdc_tsw
22:11:47.0 (116940331)|ENTERING_MANAGED_PKG|tdc_tsw
22:11:47.0 (117186370)|ENTERING_MANAGED_PKG|tdc_tsw
22:11:47.0 (117617485)|ENTERING_MANAGED_PKG|tdc_tsw
22:11:47.0 (118768182)|ENTERING_MANAGED_PKG|tdc_tsw
22:11:47.0 (119604069)|ENTERING_MANAGED_PKG|tdc_tsw
22:11:47.0 (119858110)|ENTERING_MANAGED_PKG|tdc_tsw
22:11:47.0 (120276931)|ENTERING_MANAGED_PKG|tdc_tsw
22:11:47.0 (121632046)|ENTERING_MANAGED_PKG|tdc_tsw
22:11:47.0 (122510946)|ENTERING_MANAGED_PKG|tdc_tsw
22:11:47.0 (122833976)|ENTERING_MANAGED_PKG|tdc_tsw
22:11:47.0 (123367201)|ENTERING_MANAGED_PKG|tdc_tsw
22:11:47.0 (124632105)|ENTERING_MANAGED_PKG|tdc_tsw
22:11:47.0 (125692440)|ENTERING_MANAGED_PKG|tdc_tsw
22:11:47.0 (125976819)|ENTERING_MANAGED_PKG|tdc_tsw
22:11:47.0 (126737982)|ENTERING_MANAGED_PKG|tdc_tsw
22:11:47.0 (128154280)|ENTERING_MANAGED_PKG|tdc_tsw
22:11:47.0 (129361660)|ENTERING_MANAGED_PKG|tdc_tsw
22:11:47.0 (129780665)|ENTERING_MANAGED_PKG|tdc_tsw
22:11:47.0 (130228276)|ENTERING_MANAGED_PKG|tdc_tsw
22:11:47.0 (131525028)|ENTERING_MANAGED_PKG|tdc_tsw
22:11:47.0 (132574468)|ENTERING_MANAGED_PKG|tdc_tsw
22:11:47.0 (132869994)|ENTERING_MANAGED_PKG|tdc_tsw
22:11:47.0 (133364553)|ENTERING_MANAGED_PKG|tdc_tsw
22:11:47.0 (134634385)|ENTERING_MANAGED_PKG|tdc_tsw
22:11:47.0 (135516804)|ENTERING_MANAGED_PKG|tdc_tsw
22:11:47.0 (135773913)|ENTERING_MANAGED_PKG|tdc_tsw
22:11:47.0 (136210751)|ENTERING_MANAGED_PKG|tdc_tsw
22:11:47.0 (137383332)|ENTERING_MANAGED_PKG|tdc_tsw
22:11:47.0 (138264429)|ENTERING_MANAGED_PKG|tdc_tsw
22:11:47.0 (138508981)|ENTERING_MANAGED_PKG|tdc_tsw
22:11:47.0 (138954916)|ENTERING_MANAGED_PKG|tdc_tsw
22:11:47.0 (140120207)|ENTERING_MANAGED_PKG|tdc_tsw
22:11:47.0 (140956895)|ENTERING_MANAGED_PKG|tdc_tsw
22:11:47.0 (141202822)|ENTERING_MANAGED_PKG|tdc_tsw
22:11:47.0 (141653216)|ENTERING_MANAGED_PKG|tdc_tsw
22:11:47.0 (142836427)|ENTERING_MANAGED_PKG|tdc_tsw
22:11:47.0 (143681884)|ENTERING_MANAGED_PKG|tdc_tsw
22:11:47.0 (143903806)|ENTERING_MANAGED_PKG|tdc_tsw
22:11:47.0 (144333660)|ENTERING_MANAGED_PKG|tdc_tsw
22:11:47.0 (145502323)|ENTERING_MANAGED_PKG|tdc_tsw
22:11:47.0 (146466332)|ENTERING_MANAGED_PKG|tdc_tsw
22:11:47.0 (146746624)|ENTERING_MANAGED_PKG|tdc_tsw
22:11:47.0 (147408984)|ENTERING_MANAGED_PKG|tdc_tsw
22:11:47.0 (148897180)|ENTERING_MANAGED_PKG|tdc_tsw
22:11:47.0 (149797274)|ENTERING_MANAGED_PKG|tdc_tsw
22:11:47.0 (150065409)|ENTERING_MANAGED_PKG|tdc_tsw
22:11:47.0 (150494554)|ENTERING_MANAGED_PKG|tdc_tsw
22:11:47.0 (151899157)|ENTERING_MANAGED_PKG|tdc_tsw
22:11:47.0 (153160772)|ENTERING_MANAGED_PKG|tdc_tsw
22:11:47.0 (153415114)|ENTERING_MANAGED_PKG|tdc_tsw
22:11:47.0 (154260152)|ENTERING_MANAGED_PKG|tdc_tsw
22:11:47.0 (155562662)|ENTERING_MANAGED_PKG|tdc_tsw
22:11:47.0 (156484520)|ENTERING_MANAGED_PKG|tdc_tsw
22:11:47.0 (156747781)|ENTERING_MANAGED_PKG|tdc_tsw
22:11:47.0 (157425135)|ENTERING_MANAGED_PKG|tdc_tsw
22:11:47.0 (159085241)|ENTERING_MANAGED_PKG|tdc_tsw
22:11:47.0 (159958524)|ENTERING_MANAGED_PKG|tdc_tsw
22:11:47.0 (160202951)|ENTERING_MANAGED_PKG|tdc_tsw
22:11:47.0 (161062662)|ENTERING_MANAGED_PKG|tdc_tsw
22:11:47.0 (162892572)|ENTERING_MANAGED_PKG|tdc_tsw
22:11:47.0 (163831776)|ENTERING_MANAGED_PKG|tdc_tsw
22:11:47.0 (163948461)|ENTERING_MANAGED_PKG|tdc_tsw
22:11:47.0 (164880579)|SOQL_EXECUTE_BEGIN|[200]|Aggregations:0|SELECT Name, NamespacePrefix, SystemModStamp FROM StaticResource WHERE Name LIKE :tmpVar1 LIMIT 10
22:11:47.0 (169322407)|SOQL_EXECUTE_END|[200]|Rows:1
22:11:47.0 (170360312)|ENTERING_MANAGED_PKG|tdc_tsw
22:11:47.0 (170833928)|SOQL_EXECUTE_BEGIN|[200]|Aggregations:0|SELECT Name, NamespacePrefix, SystemModStamp FROM StaticResource WHERE Name LIKE :tmpVar1 LIMIT 10
22:11:47.0 (173339336)|SOQL_EXECUTE_END|[200]|Rows:1
22:11:47.0 (173779118)|ENTERING_MANAGED_PKG|tdc_tsw
22:11:47.0 (177896477)|ENTERING_MANAGED_PKG|tdc_tsw
22:11:47.0 (179830376)|ENTERING_MANAGED_PKG|tdc_tsw
22:11:47.0 (180192157)|ENTERING_MANAGED_PKG|tdc_tsw
22:11:47.0 (181118408)|ENTERING_MANAGED_PKG|tdc_tsw
22:11:47.0 (181664188)|SOQL_EXECUTE_BEGIN|[200]|Aggregations:0|SELECT Name, NamespacePrefix, SystemModStamp FROM StaticResource WHERE Name LIKE :tmpVar1 LIMIT 10
22:11:47.0 (184492562)|SOQL_EXECUTE_END|[200]|Rows:1
22:11:47.193 (193462535)|USER_INFO|[EXTERNAL]|0051H000009gxp8|chanida.dev2@solvedbysoftwareco.com|Eastern Standard Time|GMT-05:00
22:11:47.193 (195745130)|ENTERING_MANAGED_PKG|tdc_tsw
22:11:47.193 (196010496)|ENTERING_MANAGED_PKG|tdc_tsw
22:11:47.193 (199727567)|SOQL_EXECUTE_BEGIN|[355]|Aggregations:0|SELECT id, name, Disable_Incoming_SMS_Sharing__c FROM User WHERE id = :tmpVar1
22:11:47.193 (207625366)|SOQL_EXECUTE_END|[355]|Rows:1
22:11:47.193 (209267394)|SOQL_EXECUTE_BEGIN|[367]|Aggregations:0|SELECT CreatedDate,Id,LastModifiedDate,Related_Object_Id__c FROM Message__c WHERE Name = 'Incoming' AND Read__c = false ORDER BY CreatedDate Desc limit 100
22:11:47.193 (219733849)|SOQL_EXECUTE_END|[367]|Rows:100
