29.0 APEX_CODE,FINEST;APEX_PROFILING,INFO;CALLOUT,INFO;DB,INFO;NBA,INFO;SYSTEM,DEBUG;VALIDATION,INFO;VISUALFORCE,INFO;WAVE,INFO;WORKFLOW,INFO
23:39:19.24 (24478615)|ENTERING_MANAGED_PKG|eContacts
23:39:19.24 (24904726)|ENTERING_MANAGED_PKG|eContacts
23:39:19.24 (25019298)|ENTERING_MANAGED_PKG|eContacts
23:39:19.24 (43472982)|SOQL_EXECUTE_BEGIN|[25]|Aggregations:0|SELECT eContacts__Secondary_Image__c,eContacts__Business_Card__c FROM Contact 
23:39:19.24 (48931609)|SOQL_EXECUTE_END|[25]|Rows:1
23:39:19.24 (49882086)|ENTERING_MANAGED_PKG|eContacts
23:39:19.24 (49940103)|ENTERING_MANAGED_PKG|eContacts
23:39:19.24 (49999290)|ENTERING_MANAGED_PKG|eContacts
23:39:19.24 (50122619)|ENTERING_MANAGED_PKG|eContacts
23:39:19.24 (50167563)|ENTERING_MANAGED_PKG|eContacts
23:39:19.24 (50219929)|ENTERING_MANAGED_PKG|eContacts
23:39:19.24 (50310808)|ENTERING_MANAGED_PKG|eContacts
23:39:19.55 (55596918)|CUMULATIVE_LIMIT_USAGE
23:39:19.55 (55596918)|LIMIT_USAGE_FOR_NS|(default)|
  Number of SOQL queries: 0 out of 100
  Number of query rows: 0 out of 50000
  Number of SOSL queries: 0 out of 20
  Number of DML statements: 0 out of 150
  Number of DML rows: 0 out of 10000
  Maximum CPU time: 0 out of 10000
  Maximum heap size: 0 out of 6000000
  Number of callouts: 0 out of 100
  Number of Email Invocations: 0 out of 10
  Number of future calls: 0 out of 50
  Number of queueable jobs added to the queue: 0 out of 50
  Number of Mobile Apex push calls: 0 out of 10

23:39:19.55 (55596918)|LIMIT_USAGE_FOR_NS|eContacts|
  Number of SOQL queries: 1 out of 100
  Number of query rows: 1 out of 50000
  Number of SOSL queries: 0 out of 20
  Number of DML statements: 0 out of 150
  Number of DML rows: 0 out of 10000
  Maximum CPU time: 0 out of 10000
  Maximum heap size: 0 out of 6000000
  Number of callouts: 0 out of 100
  Number of Email Invocations: 0 out of 10
  Number of future calls: 0 out of 50
  Number of queueable jobs added to the queue: 0 out of 50
  Number of Mobile Apex push calls: 0 out of 10

23:39:19.55 (55596918)|CUMULATIVE_LIMIT_USAGE_END

