44.0 APEX_CODE,FINEST;APEX_PROFILING,INFO;CALLOUT,INFO;DB,INFO;NBA,INFO;SYSTEM,DEBUG;VALIDATION,INFO;VISUALFORCE,INFO;WAVE,INFO;WORKFLOW,INFO
17:45:49.0 (127857)|USER_INFO|[EXTERNAL]|0051H000009gxp8|chanida.dev2@solvedbysoftwareco.com|Eastern Standard Time|GMT-05:00
17:45:49.0 (1724505)|ENTERING_MANAGED_PKG|tdc_tsw
17:45:49.0 (2127848)|ENTERING_MANAGED_PKG|tdc_tsw
17:45:49.0 (5565015)|SOQL_EXECUTE_BEGIN|[16]|Aggregations:0|SELECT id, name, Disable_Incoming_SMS_Sharing__c FROM User WHERE id = :tmpVar1
17:45:49.0 (12092788)|SOQL_EXECUTE_END|[16]|Rows:1
17:45:49.0 (18338194)|SOQL_EXECUTE_BEGIN|[37]|Aggregations:0|SELECT CreatedDate,Created_Date__c,Id,LastModifiedDate,MessageId__c,Message_Text_New__c,Name,OwnerId,Read__c,Related_Object_Id__c,Related_Object__c,Sender_Number__c, Sender_Name__c,ToNumber__c,Attachments_Ids__c FROM Message__c WHERE Name = 'Incoming' AND Read__c = false ORDER BY CreatedDate Desc limit 100
17:45:49.0 (31889713)|SOQL_EXECUTE_END|[37]|Rows:62
17:45:49.0 (42660366)|ENTERING_MANAGED_PKG|tdc_tsw
17:45:49.0 (44453868)|ENTERING_MANAGED_PKG|tdc_tsw
17:45:49.0 (44901340)|ENTERING_MANAGED_PKG|tdc_tsw
17:45:49.0 (45584279)|ENTERING_MANAGED_PKG|tdc_tsw
17:45:49.0 (48279914)|ENTERING_MANAGED_PKG|tdc_tsw
17:45:49.0 (49054351)|ENTERING_MANAGED_PKG|tdc_tsw
17:45:49.0 (49318434)|ENTERING_MANAGED_PKG|tdc_tsw
17:45:49.0 (49716541)|ENTERING_MANAGED_PKG|tdc_tsw
17:45:49.0 (50793761)|ENTERING_MANAGED_PKG|tdc_tsw
17:45:49.0 (51581202)|ENTERING_MANAGED_PKG|tdc_tsw
17:45:49.0 (51789145)|ENTERING_MANAGED_PKG|tdc_tsw
17:45:49.0 (52183361)|ENTERING_MANAGED_PKG|tdc_tsw
17:45:49.0 (53253744)|ENTERING_MANAGED_PKG|tdc_tsw
17:45:49.0 (57203799)|ENTERING_MANAGED_PKG|tdc_tsw
17:45:49.0 (57419967)|ENTERING_MANAGED_PKG|tdc_tsw
17:45:49.0 (57809719)|ENTERING_MANAGED_PKG|tdc_tsw
17:45:49.0 (58878872)|ENTERING_MANAGED_PKG|tdc_tsw
17:45:49.0 (59650999)|ENTERING_MANAGED_PKG|tdc_tsw
17:45:49.0 (59882868)|ENTERING_MANAGED_PKG|tdc_tsw
17:45:49.0 (60278320)|ENTERING_MANAGED_PKG|tdc_tsw
17:45:49.0 (61350780)|ENTERING_MANAGED_PKG|tdc_tsw
17:45:49.0 (62097362)|ENTERING_MANAGED_PKG|tdc_tsw
17:45:49.0 (62335904)|ENTERING_MANAGED_PKG|tdc_tsw
17:45:49.0 (62972063)|ENTERING_MANAGED_PKG|tdc_tsw
17:45:49.0 (64973260)|ENTERING_MANAGED_PKG|tdc_tsw
17:45:49.0 (65642651)|ENTERING_MANAGED_PKG|tdc_tsw
17:45:49.0 (65719017)|ENTERING_MANAGED_PKG|tdc_tsw
17:45:49.0 (66313147)|SOQL_EXECUTE_BEGIN|[200]|Aggregations:0|SELECT Name, NamespacePrefix, SystemModStamp FROM StaticResource WHERE Name LIKE :tmpVar1 LIMIT 10
17:45:49.0 (69457090)|SOQL_EXECUTE_END|[200]|Rows:1
17:45:49.0 (70195467)|ENTERING_MANAGED_PKG|tdc_tsw
17:45:49.0 (70537576)|SOQL_EXECUTE_BEGIN|[200]|Aggregations:0|SELECT Name, NamespacePrefix, SystemModStamp FROM StaticResource WHERE Name LIKE :tmpVar1 LIMIT 10
17:45:49.0 (72583324)|SOQL_EXECUTE_END|[200]|Rows:1
17:45:49.0 (72959674)|ENTERING_MANAGED_PKG|tdc_tsw
17:45:49.0 (76136984)|ENTERING_MANAGED_PKG|tdc_tsw
17:45:49.0 (77652172)|ENTERING_MANAGED_PKG|tdc_tsw
17:45:49.0 (77944911)|ENTERING_MANAGED_PKG|tdc_tsw
17:45:49.0 (78761986)|ENTERING_MANAGED_PKG|tdc_tsw
17:45:49.0 (79105846)|SOQL_EXECUTE_BEGIN|[200]|Aggregations:0|SELECT Name, NamespacePrefix, SystemModStamp FROM StaticResource WHERE Name LIKE :tmpVar1 LIMIT 10
17:45:49.0 (81237266)|SOQL_EXECUTE_END|[200]|Rows:1
17:45:49.86 (86810698)|USER_INFO|[EXTERNAL]|0051H000009gxp8|chanida.dev2@solvedbysoftwareco.com|Eastern Standard Time|GMT-05:00
17:45:49.86 (88276445)|ENTERING_MANAGED_PKG|tdc_tsw
17:45:49.86 (88502848)|ENTERING_MANAGED_PKG|tdc_tsw
17:45:49.86 (90973487)|SOQL_EXECUTE_BEGIN|[355]|Aggregations:0|SELECT id, name, Disable_Incoming_SMS_Sharing__c FROM User WHERE id = :tmpVar1
17:45:49.86 (96805310)|SOQL_EXECUTE_END|[355]|Rows:1
17:45:49.86 (97747180)|SOQL_EXECUTE_BEGIN|[367]|Aggregations:0|SELECT CreatedDate,Id,LastModifiedDate,Related_Object_Id__c FROM Message__c WHERE Name = 'Incoming' AND Read__c = false ORDER BY CreatedDate Desc limit 100
17:45:49.86 (104091075)|SOQL_EXECUTE_END|[367]|Rows:62
