44.0 APEX_CODE,FINEST;APEX_PROFILING,INFO;CALLOUT,INFO;DB,INFO;NBA,INFO;SYSTEM,DEBUG;VALIDATION,INFO;VISUALFORCE,INFO;WAVE,INFO;WORKFLOW,INFO
14:10:24.0 (123084)|USER_INFO|[EXTERNAL]|0051H000009gxp8|chanida.dev2@solvedbysoftwareco.com|Eastern Standard Time|GMT-05:00
14:10:24.0 (1666037)|ENTERING_MANAGED_PKG|tdc_tsw
14:10:24.0 (2089334)|ENTERING_MANAGED_PKG|tdc_tsw
14:10:24.0 (5784361)|SOQL_EXECUTE_BEGIN|[16]|Aggregations:0|SELECT id, name, Disable_Incoming_SMS_Sharing__c FROM User WHERE id = :tmpVar1
14:10:24.0 (14365093)|SOQL_EXECUTE_END|[16]|Rows:1
14:10:24.0 (20075185)|SOQL_EXECUTE_BEGIN|[37]|Aggregations:0|SELECT CreatedDate,Created_Date__c,Id,LastModifiedDate,MessageId__c,Message_Text_New__c,Name,OwnerId,Read__c,Related_Object_Id__c,Related_Object__c,Sender_Number__c, Sender_Name__c,ToNumber__c,Attachments_Ids__c FROM Message__c WHERE Name = 'Incoming' AND Read__c = false ORDER BY CreatedDate Desc limit 100
14:10:24.0 (38466929)|SOQL_EXECUTE_END|[37]|Rows:100
14:10:24.0 (57404484)|ENTERING_MANAGED_PKG|tdc_tsw
14:10:24.0 (59150302)|ENTERING_MANAGED_PKG|tdc_tsw
14:10:24.0 (59649308)|ENTERING_MANAGED_PKG|tdc_tsw
14:10:24.0 (60375958)|ENTERING_MANAGED_PKG|tdc_tsw
14:10:24.0 (63223119)|ENTERING_MANAGED_PKG|tdc_tsw
14:10:24.0 (64009112)|ENTERING_MANAGED_PKG|tdc_tsw
14:10:24.0 (64256502)|ENTERING_MANAGED_PKG|tdc_tsw
14:10:24.0 (64673225)|ENTERING_MANAGED_PKG|tdc_tsw
14:10:24.0 (65834548)|ENTERING_MANAGED_PKG|tdc_tsw
14:10:24.0 (66621230)|ENTERING_MANAGED_PKG|tdc_tsw
14:10:24.0 (66863296)|ENTERING_MANAGED_PKG|tdc_tsw
14:10:24.0 (67297960)|ENTERING_MANAGED_PKG|tdc_tsw
14:10:24.0 (68452930)|ENTERING_MANAGED_PKG|tdc_tsw
14:10:24.0 (69235252)|ENTERING_MANAGED_PKG|tdc_tsw
14:10:24.0 (69480145)|ENTERING_MANAGED_PKG|tdc_tsw
14:10:24.0 (69902320)|ENTERING_MANAGED_PKG|tdc_tsw
14:10:24.0 (71047733)|ENTERING_MANAGED_PKG|tdc_tsw
14:10:24.0 (71824649)|ENTERING_MANAGED_PKG|tdc_tsw
14:10:24.0 (72073428)|ENTERING_MANAGED_PKG|tdc_tsw
14:10:24.0 (72483833)|ENTERING_MANAGED_PKG|tdc_tsw
14:10:24.0 (73626537)|ENTERING_MANAGED_PKG|tdc_tsw
14:10:24.0 (74412992)|ENTERING_MANAGED_PKG|tdc_tsw
14:10:24.0 (74662164)|ENTERING_MANAGED_PKG|tdc_tsw
14:10:24.0 (75078941)|ENTERING_MANAGED_PKG|tdc_tsw
14:10:24.0 (76215802)|ENTERING_MANAGED_PKG|tdc_tsw
14:10:24.0 (77035161)|ENTERING_MANAGED_PKG|tdc_tsw
14:10:24.0 (77421437)|ENTERING_MANAGED_PKG|tdc_tsw
14:10:24.0 (78074649)|ENTERING_MANAGED_PKG|tdc_tsw
14:10:24.0 (80256984)|ENTERING_MANAGED_PKG|tdc_tsw
14:10:24.0 (81495212)|ENTERING_MANAGED_PKG|tdc_tsw
14:10:24.0 (81884755)|ENTERING_MANAGED_PKG|tdc_tsw
14:10:24.0 (82453160)|ENTERING_MANAGED_PKG|tdc_tsw
14:10:24.0 (83981797)|ENTERING_MANAGED_PKG|tdc_tsw
14:10:24.0 (85031171)|ENTERING_MANAGED_PKG|tdc_tsw
14:10:24.0 (85348231)|ENTERING_MANAGED_PKG|tdc_tsw
14:10:24.0 (85947723)|ENTERING_MANAGED_PKG|tdc_tsw
14:10:24.0 (87621367)|ENTERING_MANAGED_PKG|tdc_tsw
14:10:24.0 (88812515)|ENTERING_MANAGED_PKG|tdc_tsw
14:10:24.0 (89194604)|ENTERING_MANAGED_PKG|tdc_tsw
14:10:24.0 (89886302)|ENTERING_MANAGED_PKG|tdc_tsw
14:10:24.0 (91670768)|ENTERING_MANAGED_PKG|tdc_tsw
14:10:24.0 (92853612)|ENTERING_MANAGED_PKG|tdc_tsw
14:10:24.0 (93236834)|ENTERING_MANAGED_PKG|tdc_tsw
14:10:24.0 (93914170)|ENTERING_MANAGED_PKG|tdc_tsw
14:10:24.0 (95588009)|ENTERING_MANAGED_PKG|tdc_tsw
14:10:24.0 (96377784)|ENTERING_MANAGED_PKG|tdc_tsw
14:10:24.0 (96631831)|ENTERING_MANAGED_PKG|tdc_tsw
14:10:24.0 (97078462)|ENTERING_MANAGED_PKG|tdc_tsw
14:10:24.0 (98243023)|ENTERING_MANAGED_PKG|tdc_tsw
14:10:24.0 (99023308)|ENTERING_MANAGED_PKG|tdc_tsw
14:10:24.0 (99271820)|ENTERING_MANAGED_PKG|tdc_tsw
14:10:24.0 (99688379)|ENTERING_MANAGED_PKG|tdc_tsw
14:10:24.0 (100848480)|ENTERING_MANAGED_PKG|tdc_tsw
14:10:24.0 (101640122)|ENTERING_MANAGED_PKG|tdc_tsw
14:10:24.0 (101891692)|ENTERING_MANAGED_PKG|tdc_tsw
14:10:24.0 (102303622)|ENTERING_MANAGED_PKG|tdc_tsw
14:10:24.0 (103472662)|ENTERING_MANAGED_PKG|tdc_tsw
14:10:24.0 (104236768)|ENTERING_MANAGED_PKG|tdc_tsw
14:10:24.0 (104481999)|ENTERING_MANAGED_PKG|tdc_tsw
14:10:24.0 (104905741)|ENTERING_MANAGED_PKG|tdc_tsw
14:10:24.0 (106073680)|ENTERING_MANAGED_PKG|tdc_tsw
14:10:24.0 (106837657)|ENTERING_MANAGED_PKG|tdc_tsw
14:10:24.0 (107088086)|ENTERING_MANAGED_PKG|tdc_tsw
14:10:24.0 (107490593)|ENTERING_MANAGED_PKG|tdc_tsw
14:10:24.0 (108666957)|ENTERING_MANAGED_PKG|tdc_tsw
14:10:24.0 (109440925)|ENTERING_MANAGED_PKG|tdc_tsw
14:10:24.0 (109682486)|ENTERING_MANAGED_PKG|tdc_tsw
14:10:24.0 (110101586)|ENTERING_MANAGED_PKG|tdc_tsw
14:10:24.0 (111267561)|ENTERING_MANAGED_PKG|tdc_tsw
14:10:24.0 (112051694)|ENTERING_MANAGED_PKG|tdc_tsw
14:10:24.0 (112296863)|ENTERING_MANAGED_PKG|tdc_tsw
14:10:24.0 (112706993)|ENTERING_MANAGED_PKG|tdc_tsw
14:10:24.0 (113841726)|ENTERING_MANAGED_PKG|tdc_tsw
14:10:24.0 (114638827)|ENTERING_MANAGED_PKG|tdc_tsw
14:10:24.0 (114889256)|ENTERING_MANAGED_PKG|tdc_tsw
14:10:24.0 (115300930)|ENTERING_MANAGED_PKG|tdc_tsw
14:10:24.0 (116456562)|ENTERING_MANAGED_PKG|tdc_tsw
14:10:24.0 (117283615)|ENTERING_MANAGED_PKG|tdc_tsw
14:10:24.0 (117534713)|ENTERING_MANAGED_PKG|tdc_tsw
14:10:24.0 (117980421)|ENTERING_MANAGED_PKG|tdc_tsw
14:10:24.0 (119096322)|ENTERING_MANAGED_PKG|tdc_tsw
14:10:24.0 (119903119)|ENTERING_MANAGED_PKG|tdc_tsw
14:10:24.0 (120144205)|ENTERING_MANAGED_PKG|tdc_tsw
14:10:24.0 (120555585)|ENTERING_MANAGED_PKG|tdc_tsw
14:10:24.0 (121701477)|ENTERING_MANAGED_PKG|tdc_tsw
14:10:24.0 (122481118)|ENTERING_MANAGED_PKG|tdc_tsw
14:10:24.0 (122733771)|ENTERING_MANAGED_PKG|tdc_tsw
14:10:24.0 (123150717)|ENTERING_MANAGED_PKG|tdc_tsw
14:10:24.0 (124290884)|ENTERING_MANAGED_PKG|tdc_tsw
14:10:24.0 (125083154)|ENTERING_MANAGED_PKG|tdc_tsw
14:10:24.0 (125328138)|ENTERING_MANAGED_PKG|tdc_tsw
14:10:24.0 (125729495)|ENTERING_MANAGED_PKG|tdc_tsw
14:10:24.0 (126814177)|ENTERING_MANAGED_PKG|tdc_tsw
14:10:24.0 (127863359)|ENTERING_MANAGED_PKG|tdc_tsw
14:10:24.0 (128116274)|ENTERING_MANAGED_PKG|tdc_tsw
14:10:24.0 (128501431)|ENTERING_MANAGED_PKG|tdc_tsw
14:10:24.0 (129596170)|ENTERING_MANAGED_PKG|tdc_tsw
14:10:24.0 (130344607)|ENTERING_MANAGED_PKG|tdc_tsw
14:10:24.0 (130575759)|ENTERING_MANAGED_PKG|tdc_tsw
14:10:24.0 (130981621)|ENTERING_MANAGED_PKG|tdc_tsw
14:10:24.0 (132058139)|ENTERING_MANAGED_PKG|tdc_tsw
14:10:24.0 (132791832)|ENTERING_MANAGED_PKG|tdc_tsw
14:10:24.0 (133039636)|ENTERING_MANAGED_PKG|tdc_tsw
14:10:24.0 (133422157)|ENTERING_MANAGED_PKG|tdc_tsw
14:10:24.0 (134540912)|ENTERING_MANAGED_PKG|tdc_tsw
14:10:24.0 (135359572)|ENTERING_MANAGED_PKG|tdc_tsw
14:10:24.0 (135605104)|ENTERING_MANAGED_PKG|tdc_tsw
14:10:24.0 (136002466)|ENTERING_MANAGED_PKG|tdc_tsw
14:10:24.0 (137387736)|ENTERING_MANAGED_PKG|tdc_tsw
14:10:24.0 (138148580)|ENTERING_MANAGED_PKG|tdc_tsw
14:10:24.0 (138383907)|ENTERING_MANAGED_PKG|tdc_tsw
14:10:24.0 (138772424)|ENTERING_MANAGED_PKG|tdc_tsw
14:10:24.0 (139854920)|ENTERING_MANAGED_PKG|tdc_tsw
14:10:24.0 (140608501)|ENTERING_MANAGED_PKG|tdc_tsw
14:10:24.0 (140838560)|ENTERING_MANAGED_PKG|tdc_tsw
14:10:24.0 (141264102)|ENTERING_MANAGED_PKG|tdc_tsw
14:10:24.0 (142403014)|ENTERING_MANAGED_PKG|tdc_tsw
14:10:24.0 (143178327)|ENTERING_MANAGED_PKG|tdc_tsw
14:10:24.0 (143427595)|ENTERING_MANAGED_PKG|tdc_tsw
14:10:24.0 (143834798)|ENTERING_MANAGED_PKG|tdc_tsw
14:10:24.0 (145007080)|ENTERING_MANAGED_PKG|tdc_tsw
14:10:24.0 (145763828)|ENTERING_MANAGED_PKG|tdc_tsw
14:10:24.0 (146017025)|ENTERING_MANAGED_PKG|tdc_tsw
14:10:24.0 (146425106)|ENTERING_MANAGED_PKG|tdc_tsw
14:10:24.0 (147540977)|ENTERING_MANAGED_PKG|tdc_tsw
14:10:24.0 (148287333)|ENTERING_MANAGED_PKG|tdc_tsw
14:10:24.0 (148516232)|ENTERING_MANAGED_PKG|tdc_tsw
14:10:24.0 (148914950)|ENTERING_MANAGED_PKG|tdc_tsw
14:10:24.0 (149989279)|ENTERING_MANAGED_PKG|tdc_tsw
14:10:24.0 (150765772)|ENTERING_MANAGED_PKG|tdc_tsw
14:10:24.0 (151023332)|ENTERING_MANAGED_PKG|tdc_tsw
14:10:24.0 (151510074)|ENTERING_MANAGED_PKG|tdc_tsw
14:10:24.0 (152773327)|ENTERING_MANAGED_PKG|tdc_tsw
14:10:24.0 (153557057)|ENTERING_MANAGED_PKG|tdc_tsw
14:10:24.0 (153855217)|ENTERING_MANAGED_PKG|tdc_tsw
14:10:24.0 (154287600)|ENTERING_MANAGED_PKG|tdc_tsw
14:10:24.0 (155545148)|ENTERING_MANAGED_PKG|tdc_tsw
14:10:24.0 (156662487)|ENTERING_MANAGED_PKG|tdc_tsw
14:10:24.0 (156936225)|ENTERING_MANAGED_PKG|tdc_tsw
14:10:24.0 (157413187)|ENTERING_MANAGED_PKG|tdc_tsw
14:10:24.0 (158793101)|ENTERING_MANAGED_PKG|tdc_tsw
14:10:24.0 (159790895)|ENTERING_MANAGED_PKG|tdc_tsw
14:10:24.0 (160082916)|ENTERING_MANAGED_PKG|tdc_tsw
14:10:24.0 (160485295)|ENTERING_MANAGED_PKG|tdc_tsw
14:10:24.0 (161645301)|ENTERING_MANAGED_PKG|tdc_tsw
14:10:24.0 (162408431)|ENTERING_MANAGED_PKG|tdc_tsw
14:10:24.0 (162647805)|ENTERING_MANAGED_PKG|tdc_tsw
14:10:24.0 (163052866)|ENTERING_MANAGED_PKG|tdc_tsw
14:10:24.0 (164180289)|ENTERING_MANAGED_PKG|tdc_tsw
14:10:24.0 (164945483)|ENTERING_MANAGED_PKG|tdc_tsw
14:10:24.0 (165189643)|ENTERING_MANAGED_PKG|tdc_tsw
14:10:24.0 (165584498)|ENTERING_MANAGED_PKG|tdc_tsw
14:10:24.0 (166699785)|ENTERING_MANAGED_PKG|tdc_tsw
14:10:24.0 (167462038)|ENTERING_MANAGED_PKG|tdc_tsw
14:10:24.0 (167702471)|ENTERING_MANAGED_PKG|tdc_tsw
14:10:24.0 (168116917)|ENTERING_MANAGED_PKG|tdc_tsw
14:10:24.0 (169238183)|ENTERING_MANAGED_PKG|tdc_tsw
14:10:24.0 (169992233)|ENTERING_MANAGED_PKG|tdc_tsw
14:10:24.0 (170227962)|ENTERING_MANAGED_PKG|tdc_tsw
14:10:24.0 (170620120)|ENTERING_MANAGED_PKG|tdc_tsw
14:10:24.0 (171739392)|ENTERING_MANAGED_PKG|tdc_tsw
14:10:24.0 (172494544)|ENTERING_MANAGED_PKG|tdc_tsw
14:10:24.0 (172731239)|ENTERING_MANAGED_PKG|tdc_tsw
14:10:24.0 (173135164)|ENTERING_MANAGED_PKG|tdc_tsw
14:10:24.0 (174245072)|ENTERING_MANAGED_PKG|tdc_tsw
14:10:24.0 (175007425)|ENTERING_MANAGED_PKG|tdc_tsw
14:10:24.0 (175243552)|ENTERING_MANAGED_PKG|tdc_tsw
14:10:24.0 (175769094)|ENTERING_MANAGED_PKG|tdc_tsw
14:10:24.0 (177169162)|ENTERING_MANAGED_PKG|tdc_tsw
14:10:24.0 (178037022)|ENTERING_MANAGED_PKG|tdc_tsw
14:10:24.0 (178282552)|ENTERING_MANAGED_PKG|tdc_tsw
14:10:24.0 (178684689)|ENTERING_MANAGED_PKG|tdc_tsw
14:10:24.0 (179859913)|ENTERING_MANAGED_PKG|tdc_tsw
14:10:24.0 (180730038)|ENTERING_MANAGED_PKG|tdc_tsw
14:10:24.0 (180980763)|ENTERING_MANAGED_PKG|tdc_tsw
14:10:24.0 (181384898)|ENTERING_MANAGED_PKG|tdc_tsw
14:10:24.0 (182595856)|ENTERING_MANAGED_PKG|tdc_tsw
14:10:24.0 (183374003)|ENTERING_MANAGED_PKG|tdc_tsw
14:10:24.0 (183608360)|ENTERING_MANAGED_PKG|tdc_tsw
14:10:24.0 (184014345)|ENTERING_MANAGED_PKG|tdc_tsw
14:10:24.0 (185114777)|ENTERING_MANAGED_PKG|tdc_tsw
14:10:24.0 (186062893)|ENTERING_MANAGED_PKG|tdc_tsw
14:10:24.0 (186391426)|ENTERING_MANAGED_PKG|tdc_tsw
14:10:24.0 (186828328)|ENTERING_MANAGED_PKG|tdc_tsw
14:10:24.0 (188108698)|ENTERING_MANAGED_PKG|tdc_tsw
14:10:24.0 (188961232)|ENTERING_MANAGED_PKG|tdc_tsw
14:10:24.0 (189196843)|ENTERING_MANAGED_PKG|tdc_tsw
14:10:24.0 (189602095)|ENTERING_MANAGED_PKG|tdc_tsw
14:10:24.0 (190713919)|ENTERING_MANAGED_PKG|tdc_tsw
14:10:24.0 (191474052)|ENTERING_MANAGED_PKG|tdc_tsw
14:10:24.0 (191711562)|ENTERING_MANAGED_PKG|tdc_tsw
14:10:24.0 (192112840)|ENTERING_MANAGED_PKG|tdc_tsw
14:10:24.0 (193226794)|ENTERING_MANAGED_PKG|tdc_tsw
14:10:24.0 (193980422)|ENTERING_MANAGED_PKG|tdc_tsw
14:10:24.0 (194215332)|ENTERING_MANAGED_PKG|tdc_tsw
14:10:24.0 (194614128)|ENTERING_MANAGED_PKG|tdc_tsw
14:10:24.0 (195725575)|ENTERING_MANAGED_PKG|tdc_tsw
14:10:24.0 (196479223)|ENTERING_MANAGED_PKG|tdc_tsw
14:10:24.0 (196715930)|ENTERING_MANAGED_PKG|tdc_tsw
14:10:24.0 (197120593)|ENTERING_MANAGED_PKG|tdc_tsw
14:10:24.0 (198241266)|ENTERING_MANAGED_PKG|tdc_tsw
14:10:24.0 (198990238)|ENTERING_MANAGED_PKG|tdc_tsw
14:10:24.0 (199224938)|ENTERING_MANAGED_PKG|tdc_tsw
14:10:24.0 (199623862)|ENTERING_MANAGED_PKG|tdc_tsw
14:10:24.0 (200734872)|ENTERING_MANAGED_PKG|tdc_tsw
14:10:24.0 (201485058)|ENTERING_MANAGED_PKG|tdc_tsw
14:10:24.0 (201723036)|ENTERING_MANAGED_PKG|tdc_tsw
14:10:24.0 (202130371)|ENTERING_MANAGED_PKG|tdc_tsw
14:10:24.0 (203276443)|ENTERING_MANAGED_PKG|tdc_tsw
14:10:24.0 (204028116)|ENTERING_MANAGED_PKG|tdc_tsw
14:10:24.0 (204265748)|ENTERING_MANAGED_PKG|tdc_tsw
14:10:24.0 (204662050)|ENTERING_MANAGED_PKG|tdc_tsw
14:10:24.0 (205775932)|ENTERING_MANAGED_PKG|tdc_tsw
14:10:24.0 (206521950)|ENTERING_MANAGED_PKG|tdc_tsw
14:10:24.0 (206758201)|ENTERING_MANAGED_PKG|tdc_tsw
14:10:24.0 (207163416)|ENTERING_MANAGED_PKG|tdc_tsw
14:10:24.0 (208277059)|ENTERING_MANAGED_PKG|tdc_tsw
14:10:24.0 (209023920)|ENTERING_MANAGED_PKG|tdc_tsw
14:10:24.0 (209262312)|ENTERING_MANAGED_PKG|tdc_tsw
14:10:24.0 (209657169)|ENTERING_MANAGED_PKG|tdc_tsw
14:10:24.0 (210756910)|ENTERING_MANAGED_PKG|tdc_tsw
14:10:24.0 (211509654)|ENTERING_MANAGED_PKG|tdc_tsw
14:10:24.0 (211746236)|ENTERING_MANAGED_PKG|tdc_tsw
14:10:24.0 (212159603)|ENTERING_MANAGED_PKG|tdc_tsw
14:10:24.0 (213265090)|ENTERING_MANAGED_PKG|tdc_tsw
14:10:24.0 (214009905)|ENTERING_MANAGED_PKG|tdc_tsw
14:10:24.0 (214251695)|ENTERING_MANAGED_PKG|tdc_tsw
14:10:24.0 (214653950)|ENTERING_MANAGED_PKG|tdc_tsw
14:10:24.0 (215763275)|ENTERING_MANAGED_PKG|tdc_tsw
14:10:24.0 (216517440)|ENTERING_MANAGED_PKG|tdc_tsw
14:10:24.0 (216759484)|ENTERING_MANAGED_PKG|tdc_tsw
14:10:24.0 (217162379)|ENTERING_MANAGED_PKG|tdc_tsw
14:10:24.0 (218269170)|ENTERING_MANAGED_PKG|tdc_tsw
14:10:24.0 (219013808)|ENTERING_MANAGED_PKG|tdc_tsw
14:10:24.0 (219254376)|ENTERING_MANAGED_PKG|tdc_tsw
14:10:24.0 (219656934)|ENTERING_MANAGED_PKG|tdc_tsw
14:10:24.0 (221035819)|ENTERING_MANAGED_PKG|tdc_tsw
14:10:24.0 (221856651)|ENTERING_MANAGED_PKG|tdc_tsw
14:10:24.0 (222116365)|ENTERING_MANAGED_PKG|tdc_tsw
14:10:24.0 (222523734)|ENTERING_MANAGED_PKG|tdc_tsw
14:10:24.0 (223710055)|ENTERING_MANAGED_PKG|tdc_tsw
14:10:24.0 (224479274)|ENTERING_MANAGED_PKG|tdc_tsw
14:10:24.0 (224721371)|ENTERING_MANAGED_PKG|tdc_tsw
14:10:24.0 (225126628)|ENTERING_MANAGED_PKG|tdc_tsw
14:10:24.0 (226236668)|ENTERING_MANAGED_PKG|tdc_tsw
14:10:24.0 (227004306)|ENTERING_MANAGED_PKG|tdc_tsw
14:10:24.0 (227241329)|ENTERING_MANAGED_PKG|tdc_tsw
14:10:24.0 (227828068)|ENTERING_MANAGED_PKG|tdc_tsw
14:10:24.0 (229066910)|ENTERING_MANAGED_PKG|tdc_tsw
14:10:24.0 (229818617)|ENTERING_MANAGED_PKG|tdc_tsw
14:10:24.0 (230066336)|ENTERING_MANAGED_PKG|tdc_tsw
14:10:24.0 (230466518)|ENTERING_MANAGED_PKG|tdc_tsw
14:10:24.0 (231586475)|ENTERING_MANAGED_PKG|tdc_tsw
14:10:24.0 (232352089)|ENTERING_MANAGED_PKG|tdc_tsw
14:10:24.0 (232563703)|ENTERING_MANAGED_PKG|tdc_tsw
14:10:24.0 (232971388)|ENTERING_MANAGED_PKG|tdc_tsw
14:10:24.0 (234284869)|ENTERING_MANAGED_PKG|tdc_tsw
14:10:24.0 (235138350)|ENTERING_MANAGED_PKG|tdc_tsw
14:10:24.0 (235219660)|ENTERING_MANAGED_PKG|tdc_tsw
14:10:24.0 (235863037)|SOQL_EXECUTE_BEGIN|[200]|Aggregations:0|SELECT Name, NamespacePrefix, SystemModStamp FROM StaticResource WHERE Name LIKE :tmpVar1 LIMIT 10
14:10:24.0 (239987040)|SOQL_EXECUTE_END|[200]|Rows:1
14:10:24.0 (240828729)|ENTERING_MANAGED_PKG|tdc_tsw
14:10:24.0 (241225755)|SOQL_EXECUTE_BEGIN|[200]|Aggregations:0|SELECT Name, NamespacePrefix, SystemModStamp FROM StaticResource WHERE Name LIKE :tmpVar1 LIMIT 10
14:10:24.0 (243418417)|SOQL_EXECUTE_END|[200]|Rows:1
14:10:24.0 (243811447)|ENTERING_MANAGED_PKG|tdc_tsw
14:10:24.0 (247186266)|ENTERING_MANAGED_PKG|tdc_tsw
14:10:24.0 (248874612)|ENTERING_MANAGED_PKG|tdc_tsw
14:10:24.0 (249183414)|ENTERING_MANAGED_PKG|tdc_tsw
14:10:24.0 (250079669)|ENTERING_MANAGED_PKG|tdc_tsw
14:10:24.0 (250468077)|SOQL_EXECUTE_BEGIN|[200]|Aggregations:0|SELECT Name, NamespacePrefix, SystemModStamp FROM StaticResource WHERE Name LIKE :tmpVar1 LIMIT 10
14:10:24.0 (252715722)|SOQL_EXECUTE_END|[200]|Rows:1
14:10:24.272 (272029065)|USER_INFO|[EXTERNAL]|0051H000009gxp8|chanida.dev2@solvedbysoftwareco.com|Eastern Standard Time|GMT-05:00
14:10:24.272 (273393758)|ENTERING_MANAGED_PKG|tdc_tsw
14:10:24.272 (273567203)|ENTERING_MANAGED_PKG|tdc_tsw
14:10:24.272 (276045808)|SOQL_EXECUTE_BEGIN|[355]|Aggregations:0|SELECT id, name, Disable_Incoming_SMS_Sharing__c FROM User WHERE id = :tmpVar1
14:10:24.272 (282342936)|SOQL_EXECUTE_END|[355]|Rows:1
14:10:24.272 (283335693)|SOQL_EXECUTE_BEGIN|[367]|Aggregations:0|SELECT CreatedDate,Id,LastModifiedDate,Related_Object_Id__c FROM Message__c WHERE Name = 'Incoming' AND Read__c = false ORDER BY CreatedDate Desc limit 100
14:10:24.272 (291658955)|SOQL_EXECUTE_END|[367]|Rows:100
