44.0 APEX_CODE,FINEST;APEX_PROFILING,INFO;CALLOUT,INFO;DB,INFO;NBA,INFO;SYSTEM,DEBUG;VALIDATION,INFO;VISUALFORCE,INFO;WAVE,INFO;WORKFLOW,INFO
17:48:50.0 (132182)|USER_INFO|[EXTERNAL]|0051H000009gxp8|chanida.dev2@solvedbysoftwareco.com|Eastern Standard Time|GMT-05:00
17:48:50.0 (1692489)|ENTERING_MANAGED_PKG|tdc_tsw
17:48:50.0 (2153833)|ENTERING_MANAGED_PKG|tdc_tsw
17:48:50.0 (5952087)|SOQL_EXECUTE_BEGIN|[16]|Aggregations:0|SELECT id, name, Disable_Incoming_SMS_Sharing__c FROM User WHERE id = :tmpVar1
17:48:50.0 (14072571)|SOQL_EXECUTE_END|[16]|Rows:1
17:48:50.0 (20316318)|SOQL_EXECUTE_BEGIN|[37]|Aggregations:0|SELECT CreatedDate,Created_Date__c,Id,LastModifiedDate,MessageId__c,Message_Text_New__c,Name,OwnerId,Read__c,Related_Object_Id__c,Related_Object__c,Sender_Number__c, Sender_Name__c,ToNumber__c,Attachments_Ids__c FROM Message__c WHERE Name = 'Incoming' AND Read__c = false ORDER BY CreatedDate Desc limit 100
17:48:50.0 (37484395)|SOQL_EXECUTE_END|[37]|Rows:62
17:48:50.0 (50451912)|ENTERING_MANAGED_PKG|tdc_tsw
17:48:50.0 (52747121)|ENTERING_MANAGED_PKG|tdc_tsw
17:48:50.0 (53341253)|ENTERING_MANAGED_PKG|tdc_tsw
17:48:50.0 (54175866)|ENTERING_MANAGED_PKG|tdc_tsw
17:48:50.0 (57420297)|ENTERING_MANAGED_PKG|tdc_tsw
17:48:50.0 (58367777)|ENTERING_MANAGED_PKG|tdc_tsw
17:48:50.0 (58669805)|ENTERING_MANAGED_PKG|tdc_tsw
17:48:50.0 (59164125)|ENTERING_MANAGED_PKG|tdc_tsw
17:48:50.0 (60449091)|ENTERING_MANAGED_PKG|tdc_tsw
17:48:50.0 (61367094)|ENTERING_MANAGED_PKG|tdc_tsw
17:48:50.0 (61614201)|ENTERING_MANAGED_PKG|tdc_tsw
17:48:50.0 (62111041)|ENTERING_MANAGED_PKG|tdc_tsw
17:48:50.0 (63396244)|ENTERING_MANAGED_PKG|tdc_tsw
17:48:50.0 (64310960)|ENTERING_MANAGED_PKG|tdc_tsw
17:48:50.0 (64551567)|ENTERING_MANAGED_PKG|tdc_tsw
17:48:50.0 (65039999)|ENTERING_MANAGED_PKG|tdc_tsw
17:48:50.0 (66322498)|ENTERING_MANAGED_PKG|tdc_tsw
17:48:50.0 (67236496)|ENTERING_MANAGED_PKG|tdc_tsw
17:48:50.0 (67508566)|ENTERING_MANAGED_PKG|tdc_tsw
17:48:50.0 (67979508)|ENTERING_MANAGED_PKG|tdc_tsw
17:48:50.0 (69256582)|ENTERING_MANAGED_PKG|tdc_tsw
17:48:50.0 (70163760)|ENTERING_MANAGED_PKG|tdc_tsw
17:48:50.0 (70438000)|ENTERING_MANAGED_PKG|tdc_tsw
17:48:50.0 (71201228)|ENTERING_MANAGED_PKG|tdc_tsw
17:48:50.0 (72822118)|ENTERING_MANAGED_PKG|tdc_tsw
17:48:50.0 (73564936)|ENTERING_MANAGED_PKG|tdc_tsw
17:48:50.0 (73659539)|ENTERING_MANAGED_PKG|tdc_tsw
17:48:50.0 (74488027)|SOQL_EXECUTE_BEGIN|[200]|Aggregations:0|SELECT Name, NamespacePrefix, SystemModStamp FROM StaticResource WHERE Name LIKE :tmpVar1 LIMIT 10
17:48:50.0 (78083495)|SOQL_EXECUTE_END|[200]|Rows:1
17:48:50.0 (79020280)|ENTERING_MANAGED_PKG|tdc_tsw
17:48:50.0 (79426473)|SOQL_EXECUTE_BEGIN|[200]|Aggregations:0|SELECT Name, NamespacePrefix, SystemModStamp FROM StaticResource WHERE Name LIKE :tmpVar1 LIMIT 10
17:48:50.0 (81669984)|SOQL_EXECUTE_END|[200]|Rows:1
17:48:50.0 (82106010)|ENTERING_MANAGED_PKG|tdc_tsw
17:48:50.0 (85805737)|ENTERING_MANAGED_PKG|tdc_tsw
17:48:50.0 (87561067)|ENTERING_MANAGED_PKG|tdc_tsw
17:48:50.0 (87924869)|ENTERING_MANAGED_PKG|tdc_tsw
17:48:50.0 (88863698)|ENTERING_MANAGED_PKG|tdc_tsw
17:48:50.0 (89315838)|SOQL_EXECUTE_BEGIN|[200]|Aggregations:0|SELECT Name, NamespacePrefix, SystemModStamp FROM StaticResource WHERE Name LIKE :tmpVar1 LIMIT 10
17:48:50.0 (92084705)|SOQL_EXECUTE_END|[200]|Rows:1
17:48:50.98 (98386647)|USER_INFO|[EXTERNAL]|0051H000009gxp8|chanida.dev2@solvedbysoftwareco.com|Eastern Standard Time|GMT-05:00
17:48:50.98 (99941129)|ENTERING_MANAGED_PKG|tdc_tsw
17:48:50.98 (100192870)|ENTERING_MANAGED_PKG|tdc_tsw
17:48:50.98 (103096279)|SOQL_EXECUTE_BEGIN|[355]|Aggregations:0|SELECT id, name, Disable_Incoming_SMS_Sharing__c FROM User WHERE id = :tmpVar1
17:48:50.98 (109779272)|SOQL_EXECUTE_END|[355]|Rows:1
17:48:50.98 (111112407)|SOQL_EXECUTE_BEGIN|[367]|Aggregations:0|SELECT CreatedDate,Id,LastModifiedDate,Related_Object_Id__c FROM Message__c WHERE Name = 'Incoming' AND Read__c = false ORDER BY CreatedDate Desc limit 100
17:48:50.98 (118476358)|SOQL_EXECUTE_END|[367]|Rows:62
