44.0 APEX_CODE,FINEST;APEX_PROFILING,INFO;CALLOUT,INFO;DB,INFO;NBA,INFO;SYSTEM,DEBUG;VALIDATION,INFO;VISUALFORCE,INFO;WAVE,INFO;WORKFLOW,INFO
20:43:02.0 (110594)|USER_INFO|[EXTERNAL]|0051H000009gxp8|chanida.dev2@solvedbysoftwareco.com|Eastern Standard Time|GMT-05:00
20:43:02.0 (2065264)|ENTERING_MANAGED_PKG|tdc_tsw
20:43:02.0 (2425332)|ENTERING_MANAGED_PKG|tdc_tsw
20:43:02.0 (5617838)|SOQL_EXECUTE_BEGIN|[16]|Aggregations:0|SELECT id, name, Disable_Incoming_SMS_Sharing__c FROM User WHERE id = :tmpVar1
20:43:02.0 (12075249)|SOQL_EXECUTE_END|[16]|Rows:1
20:43:02.0 (17228447)|SOQL_EXECUTE_BEGIN|[37]|Aggregations:0|SELECT CreatedDate,Created_Date__c,Id,LastModifiedDate,MessageId__c,Message_Text_New__c,Name,OwnerId,Read__c,Related_Object_Id__c,Related_Object__c,Sender_Number__c, Sender_Name__c,ToNumber__c,Attachments_Ids__c FROM Message__c WHERE Name = 'Incoming' AND Read__c = false ORDER BY CreatedDate Desc limit 100
20:43:02.0 (32628815)|SOQL_EXECUTE_END|[37]|Rows:94
20:43:02.0 (48421742)|ENTERING_MANAGED_PKG|tdc_tsw
20:43:02.0 (50128102)|ENTERING_MANAGED_PKG|tdc_tsw
20:43:02.0 (50599905)|ENTERING_MANAGED_PKG|tdc_tsw
20:43:02.0 (51264713)|ENTERING_MANAGED_PKG|tdc_tsw
20:43:02.0 (53913026)|ENTERING_MANAGED_PKG|tdc_tsw
20:43:02.0 (54722414)|ENTERING_MANAGED_PKG|tdc_tsw
20:43:02.0 (54961605)|ENTERING_MANAGED_PKG|tdc_tsw
20:43:02.0 (55368724)|ENTERING_MANAGED_PKG|tdc_tsw
20:43:02.0 (56461161)|ENTERING_MANAGED_PKG|tdc_tsw
20:43:02.0 (57226129)|ENTERING_MANAGED_PKG|tdc_tsw
20:43:02.0 (57452202)|ENTERING_MANAGED_PKG|tdc_tsw
20:43:02.0 (57849195)|ENTERING_MANAGED_PKG|tdc_tsw
20:43:02.0 (58940060)|ENTERING_MANAGED_PKG|tdc_tsw
20:43:02.0 (59743620)|ENTERING_MANAGED_PKG|tdc_tsw
20:43:02.0 (59977187)|ENTERING_MANAGED_PKG|tdc_tsw
20:43:02.0 (60380560)|ENTERING_MANAGED_PKG|tdc_tsw
20:43:02.0 (61465891)|ENTERING_MANAGED_PKG|tdc_tsw
20:43:02.0 (62224854)|ENTERING_MANAGED_PKG|tdc_tsw
20:43:02.0 (62449084)|ENTERING_MANAGED_PKG|tdc_tsw
20:43:02.0 (62852278)|ENTERING_MANAGED_PKG|tdc_tsw
20:43:02.0 (63922530)|ENTERING_MANAGED_PKG|tdc_tsw
20:43:02.0 (64757079)|ENTERING_MANAGED_PKG|tdc_tsw
20:43:02.0 (64983310)|ENTERING_MANAGED_PKG|tdc_tsw
20:43:02.0 (65439598)|ENTERING_MANAGED_PKG|tdc_tsw
20:43:02.0 (66661062)|ENTERING_MANAGED_PKG|tdc_tsw
20:43:02.0 (67411011)|ENTERING_MANAGED_PKG|tdc_tsw
20:43:02.0 (67641672)|ENTERING_MANAGED_PKG|tdc_tsw
20:43:02.0 (68030241)|ENTERING_MANAGED_PKG|tdc_tsw
20:43:02.0 (69089003)|ENTERING_MANAGED_PKG|tdc_tsw
20:43:02.0 (69893249)|ENTERING_MANAGED_PKG|tdc_tsw
20:43:02.0 (70135754)|ENTERING_MANAGED_PKG|tdc_tsw
20:43:02.0 (70524806)|ENTERING_MANAGED_PKG|tdc_tsw
20:43:02.0 (71593692)|ENTERING_MANAGED_PKG|tdc_tsw
20:43:02.0 (72352360)|ENTERING_MANAGED_PKG|tdc_tsw
20:43:02.0 (72577274)|ENTERING_MANAGED_PKG|tdc_tsw
20:43:02.0 (72956694)|ENTERING_MANAGED_PKG|tdc_tsw
20:43:02.0 (74099488)|ENTERING_MANAGED_PKG|tdc_tsw
20:43:02.0 (74844694)|ENTERING_MANAGED_PKG|tdc_tsw
20:43:02.0 (75082210)|ENTERING_MANAGED_PKG|tdc_tsw
20:43:02.0 (75485976)|ENTERING_MANAGED_PKG|tdc_tsw
20:43:02.0 (76568974)|ENTERING_MANAGED_PKG|tdc_tsw
20:43:02.0 (77315017)|ENTERING_MANAGED_PKG|tdc_tsw
20:43:02.0 (77539632)|ENTERING_MANAGED_PKG|tdc_tsw
20:43:02.0 (77917394)|ENTERING_MANAGED_PKG|tdc_tsw
20:43:02.0 (78976193)|ENTERING_MANAGED_PKG|tdc_tsw
20:43:02.0 (79733813)|ENTERING_MANAGED_PKG|tdc_tsw
20:43:02.0 (79971453)|ENTERING_MANAGED_PKG|tdc_tsw
20:43:02.0 (80403557)|ENTERING_MANAGED_PKG|tdc_tsw
20:43:02.0 (81457155)|ENTERING_MANAGED_PKG|tdc_tsw
20:43:02.0 (82201482)|ENTERING_MANAGED_PKG|tdc_tsw
20:43:02.0 (82431835)|ENTERING_MANAGED_PKG|tdc_tsw
20:43:02.0 (82817446)|ENTERING_MANAGED_PKG|tdc_tsw
20:43:02.0 (83884610)|ENTERING_MANAGED_PKG|tdc_tsw
20:43:02.0 (84647996)|ENTERING_MANAGED_PKG|tdc_tsw
20:43:02.0 (84858141)|ENTERING_MANAGED_PKG|tdc_tsw
20:43:02.0 (85253374)|ENTERING_MANAGED_PKG|tdc_tsw
20:43:02.0 (86311924)|ENTERING_MANAGED_PKG|tdc_tsw
20:43:02.0 (87079417)|ENTERING_MANAGED_PKG|tdc_tsw
20:43:02.0 (87311419)|ENTERING_MANAGED_PKG|tdc_tsw
20:43:02.0 (87693377)|ENTERING_MANAGED_PKG|tdc_tsw
20:43:02.0 (88735115)|ENTERING_MANAGED_PKG|tdc_tsw
20:43:02.0 (89488571)|ENTERING_MANAGED_PKG|tdc_tsw
20:43:02.0 (89693829)|ENTERING_MANAGED_PKG|tdc_tsw
20:43:02.0 (90080537)|ENTERING_MANAGED_PKG|tdc_tsw
20:43:02.0 (91126295)|ENTERING_MANAGED_PKG|tdc_tsw
20:43:02.0 (91861804)|ENTERING_MANAGED_PKG|tdc_tsw
20:43:02.0 (92069431)|ENTERING_MANAGED_PKG|tdc_tsw
20:43:02.0 (92721373)|ENTERING_MANAGED_PKG|tdc_tsw
20:43:02.0 (93857979)|ENTERING_MANAGED_PKG|tdc_tsw
20:43:02.0 (94610067)|ENTERING_MANAGED_PKG|tdc_tsw
20:43:02.0 (94836969)|ENTERING_MANAGED_PKG|tdc_tsw
20:43:02.0 (95317497)|ENTERING_MANAGED_PKG|tdc_tsw
20:43:02.0 (96448696)|ENTERING_MANAGED_PKG|tdc_tsw
20:43:02.0 (97201491)|ENTERING_MANAGED_PKG|tdc_tsw
20:43:02.0 (97425944)|ENTERING_MANAGED_PKG|tdc_tsw
20:43:02.0 (97894353)|ENTERING_MANAGED_PKG|tdc_tsw
20:43:02.0 (99185164)|ENTERING_MANAGED_PKG|tdc_tsw
20:43:02.0 (100135423)|ENTERING_MANAGED_PKG|tdc_tsw
20:43:02.0 (100213114)|ENTERING_MANAGED_PKG|tdc_tsw
20:43:02.0 (100776138)|SOQL_EXECUTE_BEGIN|[200]|Aggregations:0|SELECT Name, NamespacePrefix, SystemModStamp FROM StaticResource WHERE Name LIKE :tmpVar1 LIMIT 10
20:43:02.0 (103920490)|SOQL_EXECUTE_END|[200]|Rows:1
20:43:02.0 (104749352)|ENTERING_MANAGED_PKG|tdc_tsw
20:43:02.0 (105106642)|SOQL_EXECUTE_BEGIN|[200]|Aggregations:0|SELECT Name, NamespacePrefix, SystemModStamp FROM StaticResource WHERE Name LIKE :tmpVar1 LIMIT 10
20:43:02.0 (107322999)|SOQL_EXECUTE_END|[200]|Rows:1
20:43:02.0 (107715639)|ENTERING_MANAGED_PKG|tdc_tsw
20:43:02.0 (110991978)|ENTERING_MANAGED_PKG|tdc_tsw
20:43:02.0 (112404344)|ENTERING_MANAGED_PKG|tdc_tsw
20:43:02.0 (112695392)|ENTERING_MANAGED_PKG|tdc_tsw
20:43:02.0 (113532749)|ENTERING_MANAGED_PKG|tdc_tsw
20:43:02.0 (113902773)|SOQL_EXECUTE_BEGIN|[200]|Aggregations:0|SELECT Name, NamespacePrefix, SystemModStamp FROM StaticResource WHERE Name LIKE :tmpVar1 LIMIT 10
20:43:02.0 (116604299)|SOQL_EXECUTE_END|[200]|Rows:1
20:43:02.124 (124443270)|USER_INFO|[EXTERNAL]|0051H000009gxp8|chanida.dev2@solvedbysoftwareco.com|Eastern Standard Time|GMT-05:00
20:43:02.124 (126301395)|ENTERING_MANAGED_PKG|tdc_tsw
20:43:02.124 (126507114)|ENTERING_MANAGED_PKG|tdc_tsw
20:43:02.124 (128966123)|SOQL_EXECUTE_BEGIN|[355]|Aggregations:0|SELECT id, name, Disable_Incoming_SMS_Sharing__c FROM User WHERE id = :tmpVar1
20:43:02.124 (134968684)|SOQL_EXECUTE_END|[355]|Rows:1
20:43:02.124 (135949199)|SOQL_EXECUTE_BEGIN|[367]|Aggregations:0|SELECT CreatedDate,Id,LastModifiedDate,Related_Object_Id__c FROM Message__c WHERE Name = 'Incoming' AND Read__c = false ORDER BY CreatedDate Desc limit 100
20:43:02.124 (143081884)|SOQL_EXECUTE_END|[367]|Rows:94
