38.0 APEX_CODE,FINEST;APEX_PROFILING,INFO;CALLOUT,INFO;DB,INFO;NBA,INFO;SYSTEM,DEBUG;VALIDATION,INFO;VISUALFORCE,INFO;WAVE,INFO;WORKFLOW,INFO
17:39:31.3 (3459958)|ENTERING_MANAGED_PKG|tdc_tsw
17:39:31.3 (4791975)|ENTERING_MANAGED_PKG|tdc_tsw
17:39:31.3 (4858866)|ENTERING_MANAGED_PKG|tdc_tsw
17:39:31.3 (4949250)|ENTERING_MANAGED_PKG|tdc_tsw
17:39:31.3 (5022345)|ENTERING_MANAGED_PKG|tdc_tsw
17:39:31.3 (5096519)|ENTERING_MANAGED_PKG|tdc_tsw
17:39:31.3 (5165755)|ENTERING_MANAGED_PKG|tdc_tsw
17:39:31.3 (5234399)|ENTERING_MANAGED_PKG|tdc_tsw
17:39:31.3 (5409663)|ENTERING_MANAGED_PKG|tdc_tsw
17:39:31.3 (5472622)|ENTERING_MANAGED_PKG|tdc_tsw
17:39:31.3 (5541106)|ENTERING_MANAGED_PKG|tdc_tsw
17:39:31.3 (5609385)|ENTERING_MANAGED_PKG|tdc_tsw
17:39:31.3 (5791326)|ENTERING_MANAGED_PKG|tdc_tsw
17:39:31.3 (6003923)|ENTERING_MANAGED_PKG|tdc_tsw
17:39:31.3 (6920774)|ENTERING_MANAGED_PKG|tdc_tsw
17:39:31.3 (6974150)|ENTERING_MANAGED_PKG|tdc_tsw
17:39:31.3 (7289160)|ENTERING_MANAGED_PKG|tdc_tsw
17:39:31.3 (7322357)|ENTERING_MANAGED_PKG|tdc_tsw
17:39:31.3 (12183742)|ENTERING_MANAGED_PKG|tdc_tsw
17:39:31.3 (12234662)|ENTERING_MANAGED_PKG|tdc_tsw
17:39:31.3 (12301197)|ENTERING_MANAGED_PKG|tdc_tsw
17:39:31.3 (12978090)|ENTERING_MANAGED_PKG|tdc_tsw
17:39:31.3 (13040537)|ENTERING_MANAGED_PKG|tdc_tsw
17:39:31.3 (13605154)|ENTERING_MANAGED_PKG|tdc_tsw
17:39:31.3 (13663422)|ENTERING_MANAGED_PKG|tdc_tsw
17:39:31.3 (13911651)|ENTERING_MANAGED_PKG|tdc_tsw
17:39:31.3 (13947905)|ENTERING_MANAGED_PKG|tdc_tsw
17:39:31.3 (14344367)|SOQL_EXECUTE_BEGIN|[1176]|Aggregations:0|SELECT id, name FROM Folder__c ORDER BY name ASC NULLS FIRST LIMIT 998
17:39:31.3 (17802712)|SOQL_EXECUTE_END|[1176]|Rows:0
17:39:31.3 (17910920)|ENTERING_MANAGED_PKG|tdc_tsw
17:39:31.3 (17973340)|ENTERING_MANAGED_PKG|tdc_tsw
17:39:31.3 (18049251)|ENTERING_MANAGED_PKG|tdc_tsw
17:39:31.3 (18140480)|ENTERING_MANAGED_PKG|tdc_tsw
17:39:31.3 (18233655)|ENTERING_MANAGED_PKG|tdc_tsw
17:39:31.3 (18276743)|ENTERING_MANAGED_PKG|tdc_tsw
17:39:31.3 (18691189)|ENTERING_MANAGED_PKG|tdc_tsw
17:39:31.3 (18727574)|ENTERING_MANAGED_PKG|tdc_tsw
17:39:31.3 (34361712)|ENTERING_MANAGED_PKG|tdc_tsw
17:39:31.3 (34412669)|ENTERING_MANAGED_PKG|tdc_tsw
17:39:31.3 (35264373)|ENTERING_MANAGED_PKG|tdc_tsw
17:39:31.3 (35321562)|ENTERING_MANAGED_PKG|tdc_tsw
17:39:31.3 (35395663)|ENTERING_MANAGED_PKG|tdc_tsw
17:39:31.3 (35473712)|ENTERING_MANAGED_PKG|tdc_tsw
17:39:31.3 (35545734)|ENTERING_MANAGED_PKG|tdc_tsw
17:39:31.3 (35618864)|ENTERING_MANAGED_PKG|tdc_tsw
17:39:31.3 (35688144)|ENTERING_MANAGED_PKG|tdc_tsw
17:39:31.3 (35769386)|ENTERING_MANAGED_PKG|tdc_tsw
17:39:31.3 (35840539)|ENTERING_MANAGED_PKG|tdc_tsw
17:39:31.3 (36091880)|ENTERING_MANAGED_PKG|tdc_tsw
17:39:31.3 (36503846)|ENTERING_MANAGED_PKG|tdc_tsw
17:39:31.3 (36684936)|ENTERING_MANAGED_PKG|tdc_tsw
17:39:31.3 (36875146)|ENTERING_MANAGED_PKG|tdc_tsw
17:39:31.3 (37374869)|ENTERING_MANAGED_PKG|tdc_tsw
17:39:31.3 (40733836)|ENTERING_MANAGED_PKG|tdc_tsw
17:39:31.3 (40920875)|ENTERING_MANAGED_PKG|tdc_tsw
17:39:31.3 (45554534)|SOQL_EXECUTE_BEGIN|[67]|Aggregations:0|SELECT Id, IsSandbox, OrganizationType, Name FROM Organization LIMIT 1
17:39:31.3 (52929259)|SOQL_EXECUTE_END|[67]|Rows:1
17:39:31.3 (53272566)|ENTERING_MANAGED_PKG|tdc_tsw
17:39:31.3 (53759397)|ENTERING_MANAGED_PKG|tdc_tsw
17:39:31.3 (53875251)|ENTERING_MANAGED_PKG|tdc_tsw
17:39:31.3 (73510077)|ENTERING_MANAGED_PKG|tdc_tsw
17:39:31.3 (77147192)|ENTERING_MANAGED_PKG|tdc_tsw
17:39:31.3 (77220214)|ENTERING_MANAGED_PKG|tdc_tsw
17:39:31.3 (78006674)|SOQL_EXECUTE_BEGIN|[488]|Aggregations:0|select id,name,SMSBodyNew__c  from Message_Template__c where  SMS_Survey__c = null  and ObjectName__c =: selectedObject order by name ASC Limit 999
17:39:31.3 (98658921)|SOQL_EXECUTE_END|[488]|Rows:0
17:39:31.117 (117956392)|CUMULATIVE_LIMIT_USAGE
17:39:31.117 (117956392)|LIMIT_USAGE_FOR_NS|(default)|
  Number of SOQL queries: 0 out of 100
  Number of query rows: 0 out of 50000
  Number of SOSL queries: 0 out of 20
  Number of DML statements: 0 out of 150
  Number of DML rows: 0 out of 10000
  Maximum CPU time: 0 out of 10000
  Maximum heap size: 0 out of 6000000
  Number of callouts: 0 out of 100
  Number of Email Invocations: 0 out of 10
  Number of future calls: 0 out of 50
  Number of queueable jobs added to the queue: 0 out of 50
  Number of Mobile Apex push calls: 0 out of 10

17:39:31.117 (117956392)|LIMIT_USAGE_FOR_NS|tdc_tsw|
  Number of SOQL queries: 3 out of 100
  Number of query rows: 1 out of 50000
  Number of SOSL queries: 0 out of 20
  Number of DML statements: 0 out of 150
  Number of DML rows: 0 out of 10000
  Maximum CPU time: 0 out of 10000
  Maximum heap size: 0 out of 6000000
  Number of callouts: 0 out of 100
  Number of Email Invocations: 0 out of 10
  Number of future calls: 0 out of 50
  Number of queueable jobs added to the queue: 0 out of 50
  Number of Mobile Apex push calls: 0 out of 10

17:39:31.117 (117956392)|CUMULATIVE_LIMIT_USAGE_END

