44.0 APEX_CODE,FINEST;APEX_PROFILING,INFO;CALLOUT,INFO;DB,INFO;NBA,INFO;SYSTEM,DEBUG;VALIDATION,INFO;VISUALFORCE,INFO;WAVE,INFO;WORKFLOW,INFO
22:28:56.0 (653914)|USER_INFO|[EXTERNAL]|0051H000009gxp8|chanida.dev2@solvedbysoftwareco.com|Eastern Standard Time|GMT-05:00
22:28:56.0 (3948871)|ENTERING_MANAGED_PKG|tdc_tsw
22:28:56.0 (4140644)|ENTERING_MANAGED_PKG|tdc_tsw
22:28:56.0 (5654647)|ENTERING_MANAGED_PKG|tdc_tsw
22:28:56.0 (5698520)|ENTERING_MANAGED_PKG|tdc_tsw
22:28:56.0 (7165962)|ENTERING_MANAGED_PKG|tdc_tsw
22:28:56.0 (8802331)|ENTERING_MANAGED_PKG|tdc_tsw
22:28:56.0 (11165749)|ENTERING_MANAGED_PKG|tdc_tsw
22:28:56.0 (11297117)|ENTERING_MANAGED_PKG|tdc_tsw
22:28:56.0 (12906308)|ENTERING_MANAGED_PKG|tdc_tsw
22:28:56.0 (22326540)|SOQL_EXECUTE_BEGIN|[82]|Aggregations:0|SELECT CreatedDate, Id,Task_Created__c,Event_Created__c,isCaseCreated__c,Task_Id__c,Event_Id__c,Case__c, Important__c, Delivered__c, Message_Text_New__c, Name, Owner.Name, Read__c,MessageId__c, ToNumber__c, Related_Object_Id__c, Related_Object__c, Sender_Number__c, LastModifiedDate, Attachments_Ids__c FROM Message__c WHERE Contact__c =: recordId ORDER BY CreatedDate Desc limit 200
22:28:56.0 (35229451)|SOQL_EXECUTE_END|[82]|Rows:2
22:28:56.0 (37397914)|ENTERING_MANAGED_PKG|tdc_tsw
22:28:56.0 (37685714)|ENTERING_MANAGED_PKG|tdc_tsw
22:28:56.0 (37765708)|ENTERING_MANAGED_PKG|tdc_tsw
22:28:56.0 (38390173)|SOQL_EXECUTE_BEGIN|[200]|Aggregations:0|SELECT Name, NamespacePrefix, SystemModStamp FROM StaticResource WHERE Name LIKE :tmpVar1 LIMIT 10
22:28:56.0 (41237421)|SOQL_EXECUTE_END|[200]|Rows:1
22:28:56.0 (43258961)|ENTERING_MANAGED_PKG|tdc_tsw
22:28:56.0 (45128819)|ENTERING_MANAGED_PKG|tdc_tsw
22:28:56.0 (45186056)|ENTERING_MANAGED_PKG|tdc_tsw
22:28:56.0 (46945500)|ENTERING_MANAGED_PKG|tdc_tsw
22:28:56.0 (47670583)|ENTERING_MANAGED_PKG|tdc_tsw
22:28:56.0 (53384973)|SOQL_EXECUTE_BEGIN|[172]|Aggregations:0|SELECT id, name FROM ChatTranscript__c WHERE (Chat_Active__c = TRUE AND (Related_Object_Id__c = :tmpVar1 OR Related_Object_Id__c = :tmpVar2)) LIMIT 1
22:28:56.0 (56553971)|SOQL_EXECUTE_END|[172]|Rows:0
22:28:56.0 (57652057)|ENTERING_MANAGED_PKG|tdc_tsw
22:28:56.0 (57692729)|ENTERING_MANAGED_PKG|tdc_tsw
