44.0 APEX_CODE,FINEST;APEX_PROFILING,INFO;CALLOUT,INFO;DB,INFO;NBA,INFO;SYSTEM,DEBUG;VALIDATION,INFO;VISUALFORCE,INFO;WAVE,INFO;WORKFLOW,INFO
22:19:37.0 (196258)|USER_INFO|[EXTERNAL]|0051H000009gxp8|chanida.dev2@solvedbysoftwareco.com|Eastern Standard Time|GMT-05:00
22:19:37.0 (1974234)|ENTERING_MANAGED_PKG|tdc_tsw
22:19:37.0 (2461607)|ENTERING_MANAGED_PKG|tdc_tsw
22:19:37.0 (6593416)|SOQL_EXECUTE_BEGIN|[16]|Aggregations:0|SELECT id, name, Disable_Incoming_SMS_Sharing__c FROM User WHERE id = :tmpVar1
22:19:37.0 (13885448)|SOQL_EXECUTE_END|[16]|Rows:1
22:19:37.0 (20085637)|SOQL_EXECUTE_BEGIN|[37]|Aggregations:0|SELECT CreatedDate,Created_Date__c,Id,LastModifiedDate,MessageId__c,Message_Text_New__c,Name,OwnerId,Read__c,Related_Object_Id__c,Related_Object__c,Sender_Number__c, Sender_Name__c,ToNumber__c,Attachments_Ids__c FROM Message__c WHERE Name = 'Incoming' AND Read__c = false ORDER BY CreatedDate Desc limit 100
22:19:37.0 (37342562)|SOQL_EXECUTE_END|[37]|Rows:100
22:19:37.0 (54564285)|ENTERING_MANAGED_PKG|tdc_tsw
22:19:37.0 (56559034)|ENTERING_MANAGED_PKG|tdc_tsw
22:19:37.0 (57095996)|ENTERING_MANAGED_PKG|tdc_tsw
22:19:37.0 (57797827)|ENTERING_MANAGED_PKG|tdc_tsw
22:19:37.0 (60753372)|ENTERING_MANAGED_PKG|tdc_tsw
22:19:37.0 (61531642)|ENTERING_MANAGED_PKG|tdc_tsw
22:19:37.0 (61765751)|ENTERING_MANAGED_PKG|tdc_tsw
22:19:37.0 (62172043)|ENTERING_MANAGED_PKG|tdc_tsw
22:19:37.0 (63279260)|ENTERING_MANAGED_PKG|tdc_tsw
22:19:37.0 (64086317)|ENTERING_MANAGED_PKG|tdc_tsw
22:19:37.0 (64321244)|ENTERING_MANAGED_PKG|tdc_tsw
22:19:37.0 (64722390)|ENTERING_MANAGED_PKG|tdc_tsw
22:19:37.0 (65822309)|ENTERING_MANAGED_PKG|tdc_tsw
22:19:37.0 (66578339)|ENTERING_MANAGED_PKG|tdc_tsw
22:19:37.0 (66811418)|ENTERING_MANAGED_PKG|tdc_tsw
22:19:37.0 (67223453)|ENTERING_MANAGED_PKG|tdc_tsw
22:19:37.0 (68328342)|ENTERING_MANAGED_PKG|tdc_tsw
22:19:37.0 (69099919)|ENTERING_MANAGED_PKG|tdc_tsw
22:19:37.0 (69332702)|ENTERING_MANAGED_PKG|tdc_tsw
22:19:37.0 (69728180)|ENTERING_MANAGED_PKG|tdc_tsw
22:19:37.0 (70821426)|ENTERING_MANAGED_PKG|tdc_tsw
22:19:37.0 (71574366)|ENTERING_MANAGED_PKG|tdc_tsw
22:19:37.0 (71805979)|ENTERING_MANAGED_PKG|tdc_tsw
22:19:37.0 (72229250)|ENTERING_MANAGED_PKG|tdc_tsw
22:19:37.0 (73327155)|ENTERING_MANAGED_PKG|tdc_tsw
22:19:37.0 (74081559)|ENTERING_MANAGED_PKG|tdc_tsw
22:19:37.0 (74319073)|ENTERING_MANAGED_PKG|tdc_tsw
22:19:37.0 (74720819)|ENTERING_MANAGED_PKG|tdc_tsw
22:19:37.0 (75854114)|ENTERING_MANAGED_PKG|tdc_tsw
22:19:37.0 (76628570)|ENTERING_MANAGED_PKG|tdc_tsw
22:19:37.0 (76859129)|ENTERING_MANAGED_PKG|tdc_tsw
22:19:37.0 (77263811)|ENTERING_MANAGED_PKG|tdc_tsw
22:19:37.0 (78342507)|ENTERING_MANAGED_PKG|tdc_tsw
22:19:37.0 (79094114)|ENTERING_MANAGED_PKG|tdc_tsw
22:19:37.0 (79324648)|ENTERING_MANAGED_PKG|tdc_tsw
22:19:37.0 (79724238)|ENTERING_MANAGED_PKG|tdc_tsw
22:19:37.0 (80847432)|ENTERING_MANAGED_PKG|tdc_tsw
22:19:37.0 (81603808)|ENTERING_MANAGED_PKG|tdc_tsw
22:19:37.0 (81834703)|ENTERING_MANAGED_PKG|tdc_tsw
22:19:37.0 (82258035)|ENTERING_MANAGED_PKG|tdc_tsw
22:19:37.0 (83365866)|ENTERING_MANAGED_PKG|tdc_tsw
22:19:37.0 (84110459)|ENTERING_MANAGED_PKG|tdc_tsw
22:19:37.0 (84340786)|ENTERING_MANAGED_PKG|tdc_tsw
22:19:37.0 (84792122)|ENTERING_MANAGED_PKG|tdc_tsw
22:19:37.0 (85880550)|ENTERING_MANAGED_PKG|tdc_tsw
22:19:37.0 (86657300)|ENTERING_MANAGED_PKG|tdc_tsw
22:19:37.0 (86887585)|ENTERING_MANAGED_PKG|tdc_tsw
22:19:37.0 (87298563)|ENTERING_MANAGED_PKG|tdc_tsw
22:19:37.0 (88487902)|ENTERING_MANAGED_PKG|tdc_tsw
22:19:37.0 (89253628)|ENTERING_MANAGED_PKG|tdc_tsw
22:19:37.0 (89486887)|ENTERING_MANAGED_PKG|tdc_tsw
22:19:37.0 (89887398)|ENTERING_MANAGED_PKG|tdc_tsw
22:19:37.0 (91049402)|ENTERING_MANAGED_PKG|tdc_tsw
22:19:37.0 (91799873)|ENTERING_MANAGED_PKG|tdc_tsw
22:19:37.0 (92041191)|ENTERING_MANAGED_PKG|tdc_tsw
22:19:37.0 (92434269)|ENTERING_MANAGED_PKG|tdc_tsw
22:19:37.0 (93596553)|ENTERING_MANAGED_PKG|tdc_tsw
22:19:37.0 (94410337)|ENTERING_MANAGED_PKG|tdc_tsw
22:19:37.0 (94651509)|ENTERING_MANAGED_PKG|tdc_tsw
22:19:37.0 (95081649)|ENTERING_MANAGED_PKG|tdc_tsw
22:19:37.0 (96181358)|ENTERING_MANAGED_PKG|tdc_tsw
22:19:37.0 (96946113)|ENTERING_MANAGED_PKG|tdc_tsw
22:19:37.0 (97177095)|ENTERING_MANAGED_PKG|tdc_tsw
22:19:37.0 (97566833)|ENTERING_MANAGED_PKG|tdc_tsw
22:19:37.0 (98734439)|ENTERING_MANAGED_PKG|tdc_tsw
22:19:37.0 (99507322)|ENTERING_MANAGED_PKG|tdc_tsw
22:19:37.0 (99738895)|ENTERING_MANAGED_PKG|tdc_tsw
22:19:37.0 (100142869)|ENTERING_MANAGED_PKG|tdc_tsw
22:19:37.0 (101229635)|ENTERING_MANAGED_PKG|tdc_tsw
22:19:37.0 (101984858)|ENTERING_MANAGED_PKG|tdc_tsw
22:19:37.0 (102214783)|ENTERING_MANAGED_PKG|tdc_tsw
22:19:37.0 (102612347)|ENTERING_MANAGED_PKG|tdc_tsw
22:19:37.0 (103733931)|ENTERING_MANAGED_PKG|tdc_tsw
22:19:37.0 (104495681)|ENTERING_MANAGED_PKG|tdc_tsw
22:19:37.0 (104733435)|ENTERING_MANAGED_PKG|tdc_tsw
22:19:37.0 (105132695)|ENTERING_MANAGED_PKG|tdc_tsw
22:19:37.0 (106219631)|ENTERING_MANAGED_PKG|tdc_tsw
22:19:37.0 (106976519)|ENTERING_MANAGED_PKG|tdc_tsw
22:19:37.0 (107206157)|ENTERING_MANAGED_PKG|tdc_tsw
22:19:37.0 (107599123)|ENTERING_MANAGED_PKG|tdc_tsw
22:19:37.0 (108691013)|ENTERING_MANAGED_PKG|tdc_tsw
22:19:37.0 (109471028)|ENTERING_MANAGED_PKG|tdc_tsw
22:19:37.0 (109701553)|ENTERING_MANAGED_PKG|tdc_tsw
22:19:37.0 (110101131)|ENTERING_MANAGED_PKG|tdc_tsw
22:19:37.0 (111199040)|ENTERING_MANAGED_PKG|tdc_tsw
22:19:37.0 (111954583)|ENTERING_MANAGED_PKG|tdc_tsw
22:19:37.0 (112181853)|ENTERING_MANAGED_PKG|tdc_tsw
22:19:37.0 (112574375)|ENTERING_MANAGED_PKG|tdc_tsw
22:19:37.0 (113666920)|ENTERING_MANAGED_PKG|tdc_tsw
22:19:37.0 (114428740)|ENTERING_MANAGED_PKG|tdc_tsw
22:19:37.0 (114659563)|ENTERING_MANAGED_PKG|tdc_tsw
22:19:37.0 (115068422)|ENTERING_MANAGED_PKG|tdc_tsw
22:19:37.0 (116156090)|ENTERING_MANAGED_PKG|tdc_tsw
22:19:37.0 (116953035)|ENTERING_MANAGED_PKG|tdc_tsw
22:19:37.0 (117191760)|ENTERING_MANAGED_PKG|tdc_tsw
22:19:37.0 (117591931)|ENTERING_MANAGED_PKG|tdc_tsw
22:19:37.0 (118677500)|ENTERING_MANAGED_PKG|tdc_tsw
22:19:37.0 (119469941)|ENTERING_MANAGED_PKG|tdc_tsw
22:19:37.0 (119701376)|ENTERING_MANAGED_PKG|tdc_tsw
22:19:37.0 (120113832)|ENTERING_MANAGED_PKG|tdc_tsw
22:19:37.0 (121245959)|ENTERING_MANAGED_PKG|tdc_tsw
22:19:37.0 (122010785)|ENTERING_MANAGED_PKG|tdc_tsw
22:19:37.0 (122255740)|ENTERING_MANAGED_PKG|tdc_tsw
22:19:37.0 (122653598)|ENTERING_MANAGED_PKG|tdc_tsw
22:19:37.0 (123781549)|ENTERING_MANAGED_PKG|tdc_tsw
22:19:37.0 (124544230)|ENTERING_MANAGED_PKG|tdc_tsw
22:19:37.0 (124777230)|ENTERING_MANAGED_PKG|tdc_tsw
22:19:37.0 (125200519)|ENTERING_MANAGED_PKG|tdc_tsw
22:19:37.0 (126291702)|ENTERING_MANAGED_PKG|tdc_tsw
22:19:37.0 (127041450)|ENTERING_MANAGED_PKG|tdc_tsw
22:19:37.0 (127274818)|ENTERING_MANAGED_PKG|tdc_tsw
22:19:37.0 (127702177)|ENTERING_MANAGED_PKG|tdc_tsw
22:19:37.0 (128829227)|ENTERING_MANAGED_PKG|tdc_tsw
22:19:37.0 (129594504)|ENTERING_MANAGED_PKG|tdc_tsw
22:19:37.0 (129827541)|ENTERING_MANAGED_PKG|tdc_tsw
22:19:37.0 (130235182)|ENTERING_MANAGED_PKG|tdc_tsw
22:19:37.0 (131325975)|ENTERING_MANAGED_PKG|tdc_tsw
22:19:37.0 (132465947)|ENTERING_MANAGED_PKG|tdc_tsw
22:19:37.0 (132677196)|ENTERING_MANAGED_PKG|tdc_tsw
22:19:37.0 (133150541)|ENTERING_MANAGED_PKG|tdc_tsw
22:19:37.0 (134253558)|ENTERING_MANAGED_PKG|tdc_tsw
22:19:37.0 (135021803)|ENTERING_MANAGED_PKG|tdc_tsw
22:19:37.0 (135251739)|ENTERING_MANAGED_PKG|tdc_tsw
22:19:37.0 (135651400)|ENTERING_MANAGED_PKG|tdc_tsw
22:19:37.0 (136763333)|ENTERING_MANAGED_PKG|tdc_tsw
22:19:37.0 (137540422)|ENTERING_MANAGED_PKG|tdc_tsw
22:19:37.0 (137746665)|ENTERING_MANAGED_PKG|tdc_tsw
22:19:37.0 (138153948)|ENTERING_MANAGED_PKG|tdc_tsw
22:19:37.0 (139288911)|ENTERING_MANAGED_PKG|tdc_tsw
22:19:37.0 (140093492)|ENTERING_MANAGED_PKG|tdc_tsw
22:19:37.0 (140329991)|ENTERING_MANAGED_PKG|tdc_tsw
22:19:37.0 (141060869)|ENTERING_MANAGED_PKG|tdc_tsw
22:19:37.0 (142310855)|ENTERING_MANAGED_PKG|tdc_tsw
22:19:37.0 (143093387)|ENTERING_MANAGED_PKG|tdc_tsw
22:19:37.0 (143350568)|ENTERING_MANAGED_PKG|tdc_tsw
22:19:37.0 (143841607)|ENTERING_MANAGED_PKG|tdc_tsw
22:19:37.0 (145209072)|ENTERING_MANAGED_PKG|tdc_tsw
22:19:37.0 (146185242)|ENTERING_MANAGED_PKG|tdc_tsw
22:19:37.0 (146275297)|ENTERING_MANAGED_PKG|tdc_tsw
22:19:37.0 (146879530)|SOQL_EXECUTE_BEGIN|[200]|Aggregations:0|SELECT Name, NamespacePrefix, SystemModStamp FROM StaticResource WHERE Name LIKE :tmpVar1 LIMIT 10
22:19:37.0 (150551004)|SOQL_EXECUTE_END|[200]|Rows:1
22:19:37.0 (151386636)|ENTERING_MANAGED_PKG|tdc_tsw
22:19:37.0 (151757095)|SOQL_EXECUTE_BEGIN|[200]|Aggregations:0|SELECT Name, NamespacePrefix, SystemModStamp FROM StaticResource WHERE Name LIKE :tmpVar1 LIMIT 10
22:19:37.0 (154408546)|SOQL_EXECUTE_END|[200]|Rows:1
22:19:37.0 (154801573)|ENTERING_MANAGED_PKG|tdc_tsw
22:19:37.0 (158340361)|ENTERING_MANAGED_PKG|tdc_tsw
22:19:37.0 (159901816)|ENTERING_MANAGED_PKG|tdc_tsw
22:19:37.0 (160211614)|ENTERING_MANAGED_PKG|tdc_tsw
22:19:37.0 (161084259)|ENTERING_MANAGED_PKG|tdc_tsw
22:19:37.0 (161517247)|SOQL_EXECUTE_BEGIN|[200]|Aggregations:0|SELECT Name, NamespacePrefix, SystemModStamp FROM StaticResource WHERE Name LIKE :tmpVar1 LIMIT 10
22:19:37.0 (164450936)|SOQL_EXECUTE_END|[200]|Rows:1
22:19:37.174 (174542952)|USER_INFO|[EXTERNAL]|0051H000009gxp8|chanida.dev2@solvedbysoftwareco.com|Eastern Standard Time|GMT-05:00
22:19:37.174 (176755197)|ENTERING_MANAGED_PKG|tdc_tsw
22:19:37.174 (177037695)|ENTERING_MANAGED_PKG|tdc_tsw
22:19:37.174 (179738664)|SOQL_EXECUTE_BEGIN|[355]|Aggregations:0|SELECT id, name, Disable_Incoming_SMS_Sharing__c FROM User WHERE id = :tmpVar1
22:19:37.174 (186277462)|SOQL_EXECUTE_END|[355]|Rows:1
22:19:37.174 (187350953)|SOQL_EXECUTE_BEGIN|[367]|Aggregations:0|SELECT CreatedDate,Id,LastModifiedDate,Related_Object_Id__c FROM Message__c WHERE Name = 'Incoming' AND Read__c = false ORDER BY CreatedDate Desc limit 100
22:19:37.174 (195633096)|SOQL_EXECUTE_END|[367]|Rows:100
