44.0 APEX_CODE,FINEST;APEX_PROFILING,INFO;CALLOUT,INFO;DB,INFO;NBA,INFO;SYSTEM,DEBUG;VALIDATION,INFO;VISUALFORCE,INFO;WAVE,INFO;WORKFLOW,INFO
20:10:32.0 (133559)|USER_INFO|[EXTERNAL]|0051H000009gxp8|chanida.dev2@solvedbysoftwareco.com|Eastern Standard Time|GMT-05:00
20:10:32.0 (1593437)|ENTERING_MANAGED_PKG|tdc_tsw
20:10:32.0 (2107229)|ENTERING_MANAGED_PKG|tdc_tsw
20:10:32.0 (5859200)|SOQL_EXECUTE_BEGIN|[16]|Aggregations:0|SELECT id, name, Disable_Incoming_SMS_Sharing__c FROM User WHERE id = :tmpVar1
20:10:32.0 (12934486)|SOQL_EXECUTE_END|[16]|Rows:1
20:10:32.0 (19204231)|SOQL_EXECUTE_BEGIN|[37]|Aggregations:0|SELECT CreatedDate,Created_Date__c,Id,LastModifiedDate,MessageId__c,Message_Text_New__c,Name,OwnerId,Read__c,Related_Object_Id__c,Related_Object__c,Sender_Number__c, Sender_Name__c,ToNumber__c,Attachments_Ids__c FROM Message__c WHERE Name = 'Incoming' AND Read__c = false ORDER BY CreatedDate Desc limit 100
20:10:32.0 (34015041)|SOQL_EXECUTE_END|[37]|Rows:84
20:10:32.0 (91990623)|ENTERING_MANAGED_PKG|tdc_tsw
20:10:32.0 (93745543)|ENTERING_MANAGED_PKG|tdc_tsw
20:10:32.0 (94239082)|ENTERING_MANAGED_PKG|tdc_tsw
20:10:32.0 (94933579)|ENTERING_MANAGED_PKG|tdc_tsw
20:10:32.0 (97813525)|ENTERING_MANAGED_PKG|tdc_tsw
20:10:32.0 (98642995)|ENTERING_MANAGED_PKG|tdc_tsw
20:10:32.0 (98882350)|ENTERING_MANAGED_PKG|tdc_tsw
20:10:32.0 (99299080)|ENTERING_MANAGED_PKG|tdc_tsw
20:10:32.0 (100445595)|ENTERING_MANAGED_PKG|tdc_tsw
20:10:32.0 (101221115)|ENTERING_MANAGED_PKG|tdc_tsw
20:10:32.0 (101460917)|ENTERING_MANAGED_PKG|tdc_tsw
20:10:32.0 (101862995)|ENTERING_MANAGED_PKG|tdc_tsw
20:10:32.0 (102974682)|ENTERING_MANAGED_PKG|tdc_tsw
20:10:32.0 (103741908)|ENTERING_MANAGED_PKG|tdc_tsw
20:10:32.0 (103976991)|ENTERING_MANAGED_PKG|tdc_tsw
20:10:32.0 (104381997)|ENTERING_MANAGED_PKG|tdc_tsw
20:10:32.0 (105493370)|ENTERING_MANAGED_PKG|tdc_tsw
20:10:32.0 (106267842)|ENTERING_MANAGED_PKG|tdc_tsw
20:10:32.0 (106479316)|ENTERING_MANAGED_PKG|tdc_tsw
20:10:32.0 (106873492)|ENTERING_MANAGED_PKG|tdc_tsw
20:10:32.0 (107970674)|ENTERING_MANAGED_PKG|tdc_tsw
20:10:32.0 (108746559)|ENTERING_MANAGED_PKG|tdc_tsw
20:10:32.0 (108976682)|ENTERING_MANAGED_PKG|tdc_tsw
20:10:32.0 (109400333)|ENTERING_MANAGED_PKG|tdc_tsw
20:10:32.0 (110530588)|ENTERING_MANAGED_PKG|tdc_tsw
20:10:32.0 (111303279)|ENTERING_MANAGED_PKG|tdc_tsw
20:10:32.0 (111510582)|ENTERING_MANAGED_PKG|tdc_tsw
20:10:32.0 (111909087)|ENTERING_MANAGED_PKG|tdc_tsw
20:10:32.0 (113032972)|ENTERING_MANAGED_PKG|tdc_tsw
20:10:32.0 (113798803)|ENTERING_MANAGED_PKG|tdc_tsw
20:10:32.0 (114010946)|ENTERING_MANAGED_PKG|tdc_tsw
20:10:32.0 (114697905)|ENTERING_MANAGED_PKG|tdc_tsw
20:10:32.0 (115910856)|ENTERING_MANAGED_PKG|tdc_tsw
20:10:32.0 (116684176)|ENTERING_MANAGED_PKG|tdc_tsw
20:10:32.0 (116915277)|ENTERING_MANAGED_PKG|tdc_tsw
20:10:32.0 (117427605)|ENTERING_MANAGED_PKG|tdc_tsw
20:10:32.0 (118628817)|ENTERING_MANAGED_PKG|tdc_tsw
20:10:32.0 (119405711)|ENTERING_MANAGED_PKG|tdc_tsw
20:10:32.0 (119640116)|ENTERING_MANAGED_PKG|tdc_tsw
20:10:32.0 (120175126)|ENTERING_MANAGED_PKG|tdc_tsw
20:10:32.0 (125724782)|ENTERING_MANAGED_PKG|tdc_tsw
20:10:32.0 (126670982)|ENTERING_MANAGED_PKG|tdc_tsw
20:10:32.0 (126752224)|ENTERING_MANAGED_PKG|tdc_tsw
20:10:32.0 (127394946)|SOQL_EXECUTE_BEGIN|[200]|Aggregations:0|SELECT Name, NamespacePrefix, SystemModStamp FROM StaticResource WHERE Name LIKE :tmpVar1 LIMIT 10
20:10:32.0 (130569777)|SOQL_EXECUTE_END|[200]|Rows:1
20:10:32.0 (131415987)|ENTERING_MANAGED_PKG|tdc_tsw
20:10:32.0 (131842075)|SOQL_EXECUTE_BEGIN|[200]|Aggregations:0|SELECT Name, NamespacePrefix, SystemModStamp FROM StaticResource WHERE Name LIKE :tmpVar1 LIMIT 10
20:10:32.0 (134308286)|SOQL_EXECUTE_END|[200]|Rows:1
20:10:32.0 (134756371)|ENTERING_MANAGED_PKG|tdc_tsw
20:10:32.0 (139583859)|ENTERING_MANAGED_PKG|tdc_tsw
20:10:32.0 (141605281)|ENTERING_MANAGED_PKG|tdc_tsw
20:10:32.0 (141915734)|ENTERING_MANAGED_PKG|tdc_tsw
20:10:32.0 (142892356)|ENTERING_MANAGED_PKG|tdc_tsw
20:10:32.0 (143489886)|SOQL_EXECUTE_BEGIN|[200]|Aggregations:0|SELECT Name, NamespacePrefix, SystemModStamp FROM StaticResource WHERE Name LIKE :tmpVar1 LIMIT 10
20:10:32.0 (146698354)|SOQL_EXECUTE_END|[200]|Rows:1
20:10:32.160 (160412911)|USER_INFO|[EXTERNAL]|0051H000009gxp8|chanida.dev2@solvedbysoftwareco.com|Eastern Standard Time|GMT-05:00
20:10:32.160 (161876019)|ENTERING_MANAGED_PKG|tdc_tsw
20:10:32.160 (162109709)|ENTERING_MANAGED_PKG|tdc_tsw
20:10:32.160 (165219179)|SOQL_EXECUTE_BEGIN|[355]|Aggregations:0|SELECT id, name, Disable_Incoming_SMS_Sharing__c FROM User WHERE id = :tmpVar1
20:10:32.160 (171806164)|SOQL_EXECUTE_END|[355]|Rows:1
20:10:32.160 (172808131)|SOQL_EXECUTE_BEGIN|[367]|Aggregations:0|SELECT CreatedDate,Id,LastModifiedDate,Related_Object_Id__c FROM Message__c WHERE Name = 'Incoming' AND Read__c = false ORDER BY CreatedDate Desc limit 100
20:10:32.160 (180227149)|SOQL_EXECUTE_END|[367]|Rows:84
