44.0 APEX_CODE,FINEST;APEX_PROFILING,INFO;CALLOUT,INFO;DB,INFO;NBA,INFO;SYSTEM,DEBUG;VALIDATION,INFO;VISUALFORCE,INFO;WAVE,INFO;WORKFLOW,INFO
17:58:26.0 (182751)|USER_INFO|[EXTERNAL]|0051H000009gxp8|chanida.dev2@solvedbysoftwareco.com|Eastern Standard Time|GMT-05:00
17:58:26.0 (1734150)|ENTERING_MANAGED_PKG|tdc_tsw
17:58:26.0 (2222246)|ENTERING_MANAGED_PKG|tdc_tsw
17:58:26.0 (5781668)|SOQL_EXECUTE_BEGIN|[16]|Aggregations:0|SELECT id, name, Disable_Incoming_SMS_Sharing__c FROM User WHERE id = :tmpVar1
17:58:26.0 (14062594)|SOQL_EXECUTE_END|[16]|Rows:1
17:58:26.0 (19218170)|SOQL_EXECUTE_BEGIN|[37]|Aggregations:0|SELECT CreatedDate,Created_Date__c,Id,LastModifiedDate,MessageId__c,Message_Text_New__c,Name,OwnerId,Read__c,Related_Object_Id__c,Related_Object__c,Sender_Number__c, Sender_Name__c,ToNumber__c,Attachments_Ids__c FROM Message__c WHERE Name = 'Incoming' AND Read__c = false ORDER BY CreatedDate Desc limit 100
17:58:26.0 (32149036)|SOQL_EXECUTE_END|[37]|Rows:63
17:58:26.0 (43045392)|ENTERING_MANAGED_PKG|tdc_tsw
17:58:26.0 (44743752)|ENTERING_MANAGED_PKG|tdc_tsw
17:58:26.0 (45247132)|ENTERING_MANAGED_PKG|tdc_tsw
17:58:26.0 (45921665)|ENTERING_MANAGED_PKG|tdc_tsw
17:58:26.0 (48733855)|ENTERING_MANAGED_PKG|tdc_tsw
17:58:26.0 (49551002)|ENTERING_MANAGED_PKG|tdc_tsw
17:58:26.0 (49808157)|ENTERING_MANAGED_PKG|tdc_tsw
17:58:26.0 (50218317)|ENTERING_MANAGED_PKG|tdc_tsw
17:58:26.0 (51284699)|ENTERING_MANAGED_PKG|tdc_tsw
17:58:26.0 (52054699)|ENTERING_MANAGED_PKG|tdc_tsw
17:58:26.0 (52257353)|ENTERING_MANAGED_PKG|tdc_tsw
17:58:26.0 (52643402)|ENTERING_MANAGED_PKG|tdc_tsw
17:58:26.0 (53695061)|ENTERING_MANAGED_PKG|tdc_tsw
17:58:26.0 (54470499)|ENTERING_MANAGED_PKG|tdc_tsw
17:58:26.0 (54672981)|ENTERING_MANAGED_PKG|tdc_tsw
17:58:26.0 (55065786)|ENTERING_MANAGED_PKG|tdc_tsw
17:58:26.0 (56423036)|ENTERING_MANAGED_PKG|tdc_tsw
17:58:26.0 (57247365)|ENTERING_MANAGED_PKG|tdc_tsw
17:58:26.0 (57478086)|ENTERING_MANAGED_PKG|tdc_tsw
17:58:26.0 (57938353)|ENTERING_MANAGED_PKG|tdc_tsw
17:58:26.0 (59314472)|ENTERING_MANAGED_PKG|tdc_tsw
17:58:26.0 (60081441)|ENTERING_MANAGED_PKG|tdc_tsw
17:58:26.0 (60309562)|ENTERING_MANAGED_PKG|tdc_tsw
17:58:26.0 (61054553)|ENTERING_MANAGED_PKG|tdc_tsw
17:58:26.0 (62374223)|ENTERING_MANAGED_PKG|tdc_tsw
17:58:26.0 (63369280)|ENTERING_MANAGED_PKG|tdc_tsw
17:58:26.0 (63445770)|ENTERING_MANAGED_PKG|tdc_tsw
17:58:26.0 (64068052)|SOQL_EXECUTE_BEGIN|[200]|Aggregations:0|SELECT Name, NamespacePrefix, SystemModStamp FROM StaticResource WHERE Name LIKE :tmpVar1 LIMIT 10
17:58:26.0 (67361314)|SOQL_EXECUTE_END|[200]|Rows:1
17:58:26.0 (68212750)|ENTERING_MANAGED_PKG|tdc_tsw
17:58:26.0 (68602024)|SOQL_EXECUTE_BEGIN|[200]|Aggregations:0|SELECT Name, NamespacePrefix, SystemModStamp FROM StaticResource WHERE Name LIKE :tmpVar1 LIMIT 10
17:58:26.0 (70724337)|SOQL_EXECUTE_END|[200]|Rows:1
17:58:26.0 (71106885)|ENTERING_MANAGED_PKG|tdc_tsw
17:58:26.0 (74391743)|ENTERING_MANAGED_PKG|tdc_tsw
17:58:26.0 (75835349)|ENTERING_MANAGED_PKG|tdc_tsw
17:58:26.0 (76147473)|ENTERING_MANAGED_PKG|tdc_tsw
17:58:26.0 (76972851)|ENTERING_MANAGED_PKG|tdc_tsw
17:58:26.0 (77362530)|SOQL_EXECUTE_BEGIN|[200]|Aggregations:0|SELECT Name, NamespacePrefix, SystemModStamp FROM StaticResource WHERE Name LIKE :tmpVar1 LIMIT 10
17:58:26.0 (79705818)|SOQL_EXECUTE_END|[200]|Rows:1
17:58:26.85 (85045657)|USER_INFO|[EXTERNAL]|0051H000009gxp8|chanida.dev2@solvedbysoftwareco.com|Eastern Standard Time|GMT-05:00
17:58:26.85 (86389784)|ENTERING_MANAGED_PKG|tdc_tsw
17:58:26.85 (86600164)|ENTERING_MANAGED_PKG|tdc_tsw
17:58:26.85 (89082445)|SOQL_EXECUTE_BEGIN|[355]|Aggregations:0|SELECT id, name, Disable_Incoming_SMS_Sharing__c FROM User WHERE id = :tmpVar1
17:58:26.85 (96886727)|SOQL_EXECUTE_END|[355]|Rows:1
17:58:26.85 (98132741)|SOQL_EXECUTE_BEGIN|[367]|Aggregations:0|SELECT CreatedDate,Id,LastModifiedDate,Related_Object_Id__c FROM Message__c WHERE Name = 'Incoming' AND Read__c = false ORDER BY CreatedDate Desc limit 100
17:58:26.85 (104807505)|SOQL_EXECUTE_END|[367]|Rows:63
