44.0 APEX_CODE,FINEST;APEX_PROFILING,INFO;CALLOUT,INFO;DB,INFO;NBA,INFO;SYSTEM,DEBUG;VALIDATION,INFO;VISUALFORCE,INFO;WAVE,INFO;WORKFLOW,INFO
22:56:56.0 (191576)|USER_INFO|[EXTERNAL]|0051H000009gxp8|chanida.dev2@solvedbysoftwareco.com|Eastern Standard Time|GMT-05:00
22:56:56.0 (2740996)|ENTERING_MANAGED_PKG|tdc_tsw
22:56:56.0 (2916606)|ENTERING_MANAGED_PKG|tdc_tsw
22:56:56.0 (3562284)|ENTERING_MANAGED_PKG|tdc_tsw
22:56:56.0 (3634687)|ENTERING_MANAGED_PKG|tdc_tsw
22:56:56.0 (4483372)|ENTERING_MANAGED_PKG|tdc_tsw
22:56:56.0 (5214135)|ENTERING_MANAGED_PKG|tdc_tsw
22:56:56.0 (6731454)|ENTERING_MANAGED_PKG|tdc_tsw
22:56:56.0 (6822105)|ENTERING_MANAGED_PKG|tdc_tsw
22:56:56.0 (8036285)|ENTERING_MANAGED_PKG|tdc_tsw
22:56:56.0 (14559446)|SOQL_EXECUTE_BEGIN|[82]|Aggregations:0|SELECT CreatedDate, Id,Task_Created__c,Event_Created__c,isCaseCreated__c,Task_Id__c,Event_Id__c,Case__c, Important__c, Delivered__c, Message_Text_New__c, Name, Owner.Name, Read__c,MessageId__c, ToNumber__c, Related_Object_Id__c, Related_Object__c, Sender_Number__c, LastModifiedDate, Attachments_Ids__c FROM Message__c WHERE Contact__c =: recordId ORDER BY CreatedDate Desc limit 200
22:56:56.0 (26881352)|SOQL_EXECUTE_END|[82]|Rows:2
22:56:56.0 (36034417)|ENTERING_MANAGED_PKG|tdc_tsw
22:56:56.0 (36334485)|ENTERING_MANAGED_PKG|tdc_tsw
22:56:56.0 (36414275)|ENTERING_MANAGED_PKG|tdc_tsw
22:56:56.0 (37050012)|SOQL_EXECUTE_BEGIN|[200]|Aggregations:0|SELECT Name, NamespacePrefix, SystemModStamp FROM StaticResource WHERE Name LIKE :tmpVar1 LIMIT 10
22:56:56.0 (40568028)|SOQL_EXECUTE_END|[200]|Rows:1
22:56:56.0 (43003453)|ENTERING_MANAGED_PKG|tdc_tsw
22:56:56.0 (44989283)|ENTERING_MANAGED_PKG|tdc_tsw
22:56:56.0 (45038525)|ENTERING_MANAGED_PKG|tdc_tsw
22:56:56.0 (46965398)|ENTERING_MANAGED_PKG|tdc_tsw
22:56:56.0 (47719239)|ENTERING_MANAGED_PKG|tdc_tsw
22:56:56.0 (52418159)|SOQL_EXECUTE_BEGIN|[172]|Aggregations:0|SELECT id, name FROM ChatTranscript__c WHERE (Chat_Active__c = TRUE AND (Related_Object_Id__c = :tmpVar1 OR Related_Object_Id__c = :tmpVar2)) LIMIT 1
22:56:56.0 (55946253)|SOQL_EXECUTE_END|[172]|Rows:0
22:56:56.0 (56307749)|ENTERING_MANAGED_PKG|tdc_tsw
22:56:56.0 (56347160)|ENTERING_MANAGED_PKG|tdc_tsw
