44.0 APEX_CODE,FINEST;APEX_PROFILING,INFO;CALLOUT,INFO;DB,INFO;NBA,INFO;SYSTEM,DEBUG;VALIDATION,INFO;VISUALFORCE,INFO;WAVE,INFO;WORKFLOW,INFO
23:22:56.0 (124778)|USER_INFO|[EXTERNAL]|0051H000009gxp8|chanida.dev2@solvedbysoftwareco.com|Eastern Standard Time|GMT-05:00
23:22:56.0 (2544572)|ENTERING_MANAGED_PKG|tdc_tsw
23:22:56.0 (2706218)|ENTERING_MANAGED_PKG|tdc_tsw
23:22:56.0 (3106544)|ENTERING_MANAGED_PKG|tdc_tsw
23:22:56.0 (3164396)|ENTERING_MANAGED_PKG|tdc_tsw
23:22:56.0 (3866224)|ENTERING_MANAGED_PKG|tdc_tsw
23:22:56.0 (4479501)|ENTERING_MANAGED_PKG|tdc_tsw
23:22:56.0 (5772948)|ENTERING_MANAGED_PKG|tdc_tsw
23:22:56.0 (5859237)|ENTERING_MANAGED_PKG|tdc_tsw
23:22:56.0 (6992713)|ENTERING_MANAGED_PKG|tdc_tsw
23:22:56.0 (13344873)|SOQL_EXECUTE_BEGIN|[82]|Aggregations:0|SELECT CreatedDate, Id,Task_Created__c,Event_Created__c,isCaseCreated__c,Task_Id__c,Event_Id__c,Case__c, Important__c, Delivered__c, Message_Text_New__c, Name, Owner.Name, Read__c,MessageId__c, ToNumber__c, Related_Object_Id__c, Related_Object__c, Sender_Number__c, LastModifiedDate, Attachments_Ids__c FROM Message__c WHERE Contact__c =: recordId ORDER BY CreatedDate Desc limit 200
23:22:56.0 (25987769)|SOQL_EXECUTE_END|[82]|Rows:2
23:22:56.0 (27311183)|ENTERING_MANAGED_PKG|tdc_tsw
23:22:56.0 (27594269)|ENTERING_MANAGED_PKG|tdc_tsw
23:22:56.0 (27669097)|ENTERING_MANAGED_PKG|tdc_tsw
23:22:56.0 (28197885)|SOQL_EXECUTE_BEGIN|[200]|Aggregations:0|SELECT Name, NamespacePrefix, SystemModStamp FROM StaticResource WHERE Name LIKE :tmpVar1 LIMIT 10
23:22:56.0 (30734080)|SOQL_EXECUTE_END|[200]|Rows:1
23:22:56.0 (32560738)|ENTERING_MANAGED_PKG|tdc_tsw
23:22:56.0 (33966268)|ENTERING_MANAGED_PKG|tdc_tsw
23:22:56.0 (34013127)|ENTERING_MANAGED_PKG|tdc_tsw
23:22:56.0 (35760648)|ENTERING_MANAGED_PKG|tdc_tsw
23:22:56.0 (36503021)|ENTERING_MANAGED_PKG|tdc_tsw
23:22:56.0 (40745930)|SOQL_EXECUTE_BEGIN|[172]|Aggregations:0|SELECT id, name FROM ChatTranscript__c WHERE (Chat_Active__c = TRUE AND (Related_Object_Id__c = :tmpVar1 OR Related_Object_Id__c = :tmpVar2)) LIMIT 1
23:22:56.0 (43980813)|SOQL_EXECUTE_END|[172]|Rows:0
23:22:56.0 (44216271)|ENTERING_MANAGED_PKG|tdc_tsw
23:22:56.0 (44250028)|ENTERING_MANAGED_PKG|tdc_tsw
