44.0 APEX_CODE,FINEST;APEX_PROFILING,INFO;CALLOUT,INFO;DB,INFO;NBA,INFO;SYSTEM,DEBUG;VALIDATION,INFO;VISUALFORCE,INFO;WAVE,INFO;WORKFLOW,INFO
00:02:52.0 (716394)|USER_INFO|[EXTERNAL]|0051H000009gxp8|chanida.dev2@solvedbysoftwareco.com|Eastern Standard Time|GMT-05:00
00:02:52.0 (3865223)|ENTERING_MANAGED_PKG|tdc_tsw
00:02:52.0 (4052935)|ENTERING_MANAGED_PKG|tdc_tsw
00:02:52.0 (5827793)|ENTERING_MANAGED_PKG|tdc_tsw
00:02:52.0 (5895634)|ENTERING_MANAGED_PKG|tdc_tsw
00:02:52.0 (7722429)|ENTERING_MANAGED_PKG|tdc_tsw
00:02:52.0 (9922272)|ENTERING_MANAGED_PKG|tdc_tsw
00:02:52.0 (12101272)|ENTERING_MANAGED_PKG|tdc_tsw
00:02:52.0 (12197104)|ENTERING_MANAGED_PKG|tdc_tsw
00:02:52.0 (13715322)|ENTERING_MANAGED_PKG|tdc_tsw
00:02:52.0 (22533942)|SOQL_EXECUTE_BEGIN|[82]|Aggregations:0|SELECT CreatedDate, Id,Task_Created__c,Event_Created__c,isCaseCreated__c,Task_Id__c,Event_Id__c,Case__c, Important__c, Delivered__c, Message_Text_New__c, Name, Owner.Name, Read__c,MessageId__c, ToNumber__c, Related_Object_Id__c, Related_Object__c, Sender_Number__c, LastModifiedDate, Attachments_Ids__c FROM Message__c WHERE Contact__c =: recordId ORDER BY CreatedDate Desc limit 200
00:02:52.0 (37179205)|SOQL_EXECUTE_END|[82]|Rows:2
00:02:52.0 (39468095)|ENTERING_MANAGED_PKG|tdc_tsw
00:02:52.0 (39754318)|ENTERING_MANAGED_PKG|tdc_tsw
00:02:52.0 (39835419)|ENTERING_MANAGED_PKG|tdc_tsw
00:02:52.0 (40478580)|SOQL_EXECUTE_BEGIN|[200]|Aggregations:0|SELECT Name, NamespacePrefix, SystemModStamp FROM StaticResource WHERE Name LIKE :tmpVar1 LIMIT 10
00:02:52.0 (43630774)|SOQL_EXECUTE_END|[200]|Rows:1
00:02:52.0 (46054179)|ENTERING_MANAGED_PKG|tdc_tsw
00:02:52.0 (47798601)|ENTERING_MANAGED_PKG|tdc_tsw
00:02:52.0 (47845620)|ENTERING_MANAGED_PKG|tdc_tsw
00:02:52.0 (50325466)|ENTERING_MANAGED_PKG|tdc_tsw
00:02:52.0 (51229155)|ENTERING_MANAGED_PKG|tdc_tsw
00:02:52.0 (57202399)|SOQL_EXECUTE_BEGIN|[172]|Aggregations:0|SELECT id, name FROM ChatTranscript__c WHERE (Chat_Active__c = TRUE AND (Related_Object_Id__c = :tmpVar1 OR Related_Object_Id__c = :tmpVar2)) LIMIT 1
00:02:52.0 (60749250)|SOQL_EXECUTE_END|[172]|Rows:0
00:02:52.0 (61942629)|ENTERING_MANAGED_PKG|tdc_tsw
00:02:52.0 (61997667)|ENTERING_MANAGED_PKG|tdc_tsw
