44.0 APEX_CODE,FINEST;APEX_PROFILING,INFO;CALLOUT,INFO;DB,INFO;NBA,INFO;SYSTEM,DEBUG;VALIDATION,INFO;VISUALFORCE,INFO;WAVE,INFO;WORKFLOW,INFO
23:10:47.0 (145798)|USER_INFO|[EXTERNAL]|0051H000009gxp8|chanida.dev2@solvedbysoftwareco.com|Eastern Standard Time|GMT-05:00
23:10:47.0 (2133560)|ENTERING_MANAGED_PKG|tdc_tsw
23:10:47.0 (2597024)|ENTERING_MANAGED_PKG|tdc_tsw
23:10:47.0 (6462911)|SOQL_EXECUTE_BEGIN|[16]|Aggregations:0|SELECT id, name, Disable_Incoming_SMS_Sharing__c FROM User WHERE id = :tmpVar1
23:10:47.0 (14836251)|SOQL_EXECUTE_END|[16]|Rows:1
23:10:47.0 (20366143)|SOQL_EXECUTE_BEGIN|[37]|Aggregations:0|SELECT CreatedDate,Created_Date__c,Id,LastModifiedDate,MessageId__c,Message_Text_New__c,Name,OwnerId,Read__c,Related_Object_Id__c,Related_Object__c,Sender_Number__c, Sender_Name__c,ToNumber__c,Attachments_Ids__c FROM Message__c WHERE Name = 'Incoming' AND Read__c = false ORDER BY CreatedDate Desc limit 100
23:10:47.0 (38635018)|SOQL_EXECUTE_END|[37]|Rows:100
23:10:47.0 (58259747)|ENTERING_MANAGED_PKG|tdc_tsw
23:10:47.0 (60077159)|ENTERING_MANAGED_PKG|tdc_tsw
23:10:47.0 (60558447)|ENTERING_MANAGED_PKG|tdc_tsw
23:10:47.0 (61229905)|ENTERING_MANAGED_PKG|tdc_tsw
23:10:47.0 (64230859)|ENTERING_MANAGED_PKG|tdc_tsw
23:10:47.0 (65009604)|ENTERING_MANAGED_PKG|tdc_tsw
23:10:47.0 (65252670)|ENTERING_MANAGED_PKG|tdc_tsw
23:10:47.0 (65630775)|ENTERING_MANAGED_PKG|tdc_tsw
23:10:47.0 (66656060)|ENTERING_MANAGED_PKG|tdc_tsw
23:10:47.0 (67387173)|ENTERING_MANAGED_PKG|tdc_tsw
23:10:47.0 (67605682)|ENTERING_MANAGED_PKG|tdc_tsw
23:10:47.0 (67978958)|ENTERING_MANAGED_PKG|tdc_tsw
23:10:47.0 (68998252)|ENTERING_MANAGED_PKG|tdc_tsw
23:10:47.0 (69730136)|ENTERING_MANAGED_PKG|tdc_tsw
23:10:47.0 (69949107)|ENTERING_MANAGED_PKG|tdc_tsw
23:10:47.0 (70329304)|ENTERING_MANAGED_PKG|tdc_tsw
23:10:47.0 (71347252)|ENTERING_MANAGED_PKG|tdc_tsw
23:10:47.0 (72088111)|ENTERING_MANAGED_PKG|tdc_tsw
23:10:47.0 (72305511)|ENTERING_MANAGED_PKG|tdc_tsw
23:10:47.0 (72678517)|ENTERING_MANAGED_PKG|tdc_tsw
23:10:47.0 (73709958)|ENTERING_MANAGED_PKG|tdc_tsw
23:10:47.0 (74485565)|ENTERING_MANAGED_PKG|tdc_tsw
23:10:47.0 (74715317)|ENTERING_MANAGED_PKG|tdc_tsw
23:10:47.0 (75120790)|ENTERING_MANAGED_PKG|tdc_tsw
23:10:47.0 (76251298)|ENTERING_MANAGED_PKG|tdc_tsw
23:10:47.0 (77010911)|ENTERING_MANAGED_PKG|tdc_tsw
23:10:47.0 (77265490)|ENTERING_MANAGED_PKG|tdc_tsw
23:10:47.0 (77666849)|ENTERING_MANAGED_PKG|tdc_tsw
23:10:47.0 (78766667)|ENTERING_MANAGED_PKG|tdc_tsw
23:10:47.0 (79530853)|ENTERING_MANAGED_PKG|tdc_tsw
23:10:47.0 (79761729)|ENTERING_MANAGED_PKG|tdc_tsw
23:10:47.0 (80168596)|ENTERING_MANAGED_PKG|tdc_tsw
23:10:47.0 (81256768)|ENTERING_MANAGED_PKG|tdc_tsw
23:10:47.0 (82012884)|ENTERING_MANAGED_PKG|tdc_tsw
23:10:47.0 (82252184)|ENTERING_MANAGED_PKG|tdc_tsw
23:10:47.0 (82649933)|ENTERING_MANAGED_PKG|tdc_tsw
23:10:47.0 (83755464)|ENTERING_MANAGED_PKG|tdc_tsw
23:10:47.0 (84516857)|ENTERING_MANAGED_PKG|tdc_tsw
23:10:47.0 (84746825)|ENTERING_MANAGED_PKG|tdc_tsw
23:10:47.0 (85177910)|ENTERING_MANAGED_PKG|tdc_tsw
23:10:47.0 (86282955)|ENTERING_MANAGED_PKG|tdc_tsw
23:10:47.0 (87088194)|ENTERING_MANAGED_PKG|tdc_tsw
23:10:47.0 (87328132)|ENTERING_MANAGED_PKG|tdc_tsw
23:10:47.0 (87727067)|ENTERING_MANAGED_PKG|tdc_tsw
23:10:47.0 (88818743)|ENTERING_MANAGED_PKG|tdc_tsw
23:10:47.0 (89643226)|ENTERING_MANAGED_PKG|tdc_tsw
23:10:47.0 (89875861)|ENTERING_MANAGED_PKG|tdc_tsw
23:10:47.0 (90291121)|ENTERING_MANAGED_PKG|tdc_tsw
23:10:47.0 (91452801)|ENTERING_MANAGED_PKG|tdc_tsw
23:10:47.0 (92219820)|ENTERING_MANAGED_PKG|tdc_tsw
23:10:47.0 (92475995)|ENTERING_MANAGED_PKG|tdc_tsw
23:10:47.0 (92875788)|ENTERING_MANAGED_PKG|tdc_tsw
23:10:47.0 (93979014)|ENTERING_MANAGED_PKG|tdc_tsw
23:10:47.0 (94746508)|ENTERING_MANAGED_PKG|tdc_tsw
23:10:47.0 (94976712)|ENTERING_MANAGED_PKG|tdc_tsw
23:10:47.0 (95379867)|ENTERING_MANAGED_PKG|tdc_tsw
23:10:47.0 (96463217)|ENTERING_MANAGED_PKG|tdc_tsw
23:10:47.0 (97236761)|ENTERING_MANAGED_PKG|tdc_tsw
23:10:47.0 (97469809)|ENTERING_MANAGED_PKG|tdc_tsw
23:10:47.0 (97866909)|ENTERING_MANAGED_PKG|tdc_tsw
23:10:47.0 (98972007)|ENTERING_MANAGED_PKG|tdc_tsw
23:10:47.0 (99738425)|ENTERING_MANAGED_PKG|tdc_tsw
23:10:47.0 (99970786)|ENTERING_MANAGED_PKG|tdc_tsw
23:10:47.0 (100382063)|ENTERING_MANAGED_PKG|tdc_tsw
23:10:47.0 (101480642)|ENTERING_MANAGED_PKG|tdc_tsw
23:10:47.0 (102242059)|ENTERING_MANAGED_PKG|tdc_tsw
23:10:47.0 (102472225)|ENTERING_MANAGED_PKG|tdc_tsw
23:10:47.0 (102868704)|ENTERING_MANAGED_PKG|tdc_tsw
23:10:47.0 (103979447)|ENTERING_MANAGED_PKG|tdc_tsw
23:10:47.0 (104736422)|ENTERING_MANAGED_PKG|tdc_tsw
23:10:47.0 (104967915)|ENTERING_MANAGED_PKG|tdc_tsw
23:10:47.0 (105374614)|ENTERING_MANAGED_PKG|tdc_tsw
23:10:47.0 (106462974)|ENTERING_MANAGED_PKG|tdc_tsw
23:10:47.0 (107222656)|ENTERING_MANAGED_PKG|tdc_tsw
23:10:47.0 (107503669)|ENTERING_MANAGED_PKG|tdc_tsw
23:10:47.0 (107971076)|ENTERING_MANAGED_PKG|tdc_tsw
23:10:47.0 (109074530)|ENTERING_MANAGED_PKG|tdc_tsw
23:10:47.0 (109825977)|ENTERING_MANAGED_PKG|tdc_tsw
23:10:47.0 (110083398)|ENTERING_MANAGED_PKG|tdc_tsw
23:10:47.0 (110481700)|ENTERING_MANAGED_PKG|tdc_tsw
23:10:47.0 (111566713)|ENTERING_MANAGED_PKG|tdc_tsw
23:10:47.0 (112358042)|ENTERING_MANAGED_PKG|tdc_tsw
23:10:47.0 (112589391)|ENTERING_MANAGED_PKG|tdc_tsw
23:10:47.0 (112985630)|ENTERING_MANAGED_PKG|tdc_tsw
23:10:47.0 (114176130)|ENTERING_MANAGED_PKG|tdc_tsw
23:10:47.0 (114930890)|ENTERING_MANAGED_PKG|tdc_tsw
23:10:47.0 (115170401)|ENTERING_MANAGED_PKG|tdc_tsw
23:10:47.0 (115568732)|ENTERING_MANAGED_PKG|tdc_tsw
23:10:47.0 (116768263)|ENTERING_MANAGED_PKG|tdc_tsw
23:10:47.0 (117532494)|ENTERING_MANAGED_PKG|tdc_tsw
23:10:47.0 (117762764)|ENTERING_MANAGED_PKG|tdc_tsw
23:10:47.0 (118169453)|ENTERING_MANAGED_PKG|tdc_tsw
23:10:47.0 (119259787)|ENTERING_MANAGED_PKG|tdc_tsw
23:10:47.0 (120011761)|ENTERING_MANAGED_PKG|tdc_tsw
23:10:47.0 (120251593)|ENTERING_MANAGED_PKG|tdc_tsw
23:10:47.0 (120926451)|ENTERING_MANAGED_PKG|tdc_tsw
23:10:47.0 (122033732)|ENTERING_MANAGED_PKG|tdc_tsw
23:10:47.0 (122790213)|ENTERING_MANAGED_PKG|tdc_tsw
23:10:47.0 (123029772)|ENTERING_MANAGED_PKG|tdc_tsw
23:10:47.0 (123424992)|ENTERING_MANAGED_PKG|tdc_tsw
23:10:47.0 (124516743)|ENTERING_MANAGED_PKG|tdc_tsw
23:10:47.0 (125276321)|ENTERING_MANAGED_PKG|tdc_tsw
23:10:47.0 (125513248)|ENTERING_MANAGED_PKG|tdc_tsw
23:10:47.0 (126161273)|ENTERING_MANAGED_PKG|tdc_tsw
23:10:47.0 (127891971)|ENTERING_MANAGED_PKG|tdc_tsw
23:10:47.0 (129111699)|ENTERING_MANAGED_PKG|tdc_tsw
23:10:47.0 (129484827)|ENTERING_MANAGED_PKG|tdc_tsw
23:10:47.0 (130126192)|ENTERING_MANAGED_PKG|tdc_tsw
23:10:47.0 (131805041)|ENTERING_MANAGED_PKG|tdc_tsw
23:10:47.0 (132984000)|ENTERING_MANAGED_PKG|tdc_tsw
23:10:47.0 (133312850)|ENTERING_MANAGED_PKG|tdc_tsw
23:10:47.0 (133790030)|ENTERING_MANAGED_PKG|tdc_tsw
23:10:47.0 (135081067)|ENTERING_MANAGED_PKG|tdc_tsw
23:10:47.0 (135903527)|ENTERING_MANAGED_PKG|tdc_tsw
23:10:47.0 (136149182)|ENTERING_MANAGED_PKG|tdc_tsw
23:10:47.0 (136541507)|ENTERING_MANAGED_PKG|tdc_tsw
23:10:47.0 (137741467)|ENTERING_MANAGED_PKG|tdc_tsw
23:10:47.0 (138868779)|ENTERING_MANAGED_PKG|tdc_tsw
23:10:47.0 (139202607)|ENTERING_MANAGED_PKG|tdc_tsw
23:10:47.0 (139660860)|ENTERING_MANAGED_PKG|tdc_tsw
23:10:47.0 (140922340)|ENTERING_MANAGED_PKG|tdc_tsw
23:10:47.0 (141777475)|ENTERING_MANAGED_PKG|tdc_tsw
23:10:47.0 (142016882)|ENTERING_MANAGED_PKG|tdc_tsw
23:10:47.0 (142433560)|ENTERING_MANAGED_PKG|tdc_tsw
23:10:47.0 (143557252)|ENTERING_MANAGED_PKG|tdc_tsw
23:10:47.0 (144292057)|ENTERING_MANAGED_PKG|tdc_tsw
23:10:47.0 (144511702)|ENTERING_MANAGED_PKG|tdc_tsw
23:10:47.0 (144885801)|ENTERING_MANAGED_PKG|tdc_tsw
23:10:47.0 (145914855)|ENTERING_MANAGED_PKG|tdc_tsw
23:10:47.0 (146643829)|ENTERING_MANAGED_PKG|tdc_tsw
23:10:47.0 (146863960)|ENTERING_MANAGED_PKG|tdc_tsw
23:10:47.0 (147246799)|ENTERING_MANAGED_PKG|tdc_tsw
23:10:47.0 (148278829)|ENTERING_MANAGED_PKG|tdc_tsw
23:10:47.0 (148997686)|ENTERING_MANAGED_PKG|tdc_tsw
23:10:47.0 (149226921)|ENTERING_MANAGED_PKG|tdc_tsw
23:10:47.0 (149603242)|ENTERING_MANAGED_PKG|tdc_tsw
23:10:47.0 (150629773)|ENTERING_MANAGED_PKG|tdc_tsw
23:10:47.0 (151355296)|ENTERING_MANAGED_PKG|tdc_tsw
23:10:47.0 (151576388)|ENTERING_MANAGED_PKG|tdc_tsw
23:10:47.0 (151950755)|ENTERING_MANAGED_PKG|tdc_tsw
23:10:47.0 (152977337)|ENTERING_MANAGED_PKG|tdc_tsw
23:10:47.0 (153698370)|ENTERING_MANAGED_PKG|tdc_tsw
23:10:47.0 (153917965)|ENTERING_MANAGED_PKG|tdc_tsw
23:10:47.0 (154300884)|ENTERING_MANAGED_PKG|tdc_tsw
23:10:47.0 (155332480)|ENTERING_MANAGED_PKG|tdc_tsw
23:10:47.0 (156056434)|ENTERING_MANAGED_PKG|tdc_tsw
23:10:47.0 (156280630)|ENTERING_MANAGED_PKG|tdc_tsw
23:10:47.0 (156653606)|ENTERING_MANAGED_PKG|tdc_tsw
23:10:47.0 (157678635)|ENTERING_MANAGED_PKG|tdc_tsw
23:10:47.0 (158405295)|ENTERING_MANAGED_PKG|tdc_tsw
23:10:47.0 (158625689)|ENTERING_MANAGED_PKG|tdc_tsw
23:10:47.0 (159001054)|ENTERING_MANAGED_PKG|tdc_tsw
23:10:47.0 (160031958)|ENTERING_MANAGED_PKG|tdc_tsw
23:10:47.0 (160751210)|ENTERING_MANAGED_PKG|tdc_tsw
23:10:47.0 (160969103)|ENTERING_MANAGED_PKG|tdc_tsw
23:10:47.0 (161356153)|ENTERING_MANAGED_PKG|tdc_tsw
23:10:47.0 (162379254)|ENTERING_MANAGED_PKG|tdc_tsw
23:10:47.0 (163103926)|ENTERING_MANAGED_PKG|tdc_tsw
23:10:47.0 (163323684)|ENTERING_MANAGED_PKG|tdc_tsw
23:10:47.0 (163699148)|ENTERING_MANAGED_PKG|tdc_tsw
23:10:47.0 (164729073)|ENTERING_MANAGED_PKG|tdc_tsw
23:10:47.0 (165461366)|ENTERING_MANAGED_PKG|tdc_tsw
23:10:47.0 (165681315)|ENTERING_MANAGED_PKG|tdc_tsw
23:10:47.0 (166065358)|ENTERING_MANAGED_PKG|tdc_tsw
23:10:47.0 (167099643)|ENTERING_MANAGED_PKG|tdc_tsw
23:10:47.0 (167860694)|ENTERING_MANAGED_PKG|tdc_tsw
23:10:47.0 (168107188)|ENTERING_MANAGED_PKG|tdc_tsw
23:10:47.0 (168909681)|ENTERING_MANAGED_PKG|tdc_tsw
23:10:47.0 (170010343)|ENTERING_MANAGED_PKG|tdc_tsw
23:10:47.0 (170776039)|ENTERING_MANAGED_PKG|tdc_tsw
23:10:47.0 (171009216)|ENTERING_MANAGED_PKG|tdc_tsw
23:10:47.0 (171415503)|ENTERING_MANAGED_PKG|tdc_tsw
23:10:47.0 (172516577)|ENTERING_MANAGED_PKG|tdc_tsw
23:10:47.0 (173280593)|ENTERING_MANAGED_PKG|tdc_tsw
23:10:47.0 (173515674)|ENTERING_MANAGED_PKG|tdc_tsw
23:10:47.0 (173914506)|ENTERING_MANAGED_PKG|tdc_tsw
23:10:47.0 (175010453)|ENTERING_MANAGED_PKG|tdc_tsw
23:10:47.0 (175770214)|ENTERING_MANAGED_PKG|tdc_tsw
23:10:47.0 (176004023)|ENTERING_MANAGED_PKG|tdc_tsw
23:10:47.0 (176414521)|ENTERING_MANAGED_PKG|tdc_tsw
23:10:47.0 (177510879)|ENTERING_MANAGED_PKG|tdc_tsw
23:10:47.0 (178269464)|ENTERING_MANAGED_PKG|tdc_tsw
23:10:47.0 (178502787)|ENTERING_MANAGED_PKG|tdc_tsw
23:10:47.0 (178905655)|ENTERING_MANAGED_PKG|tdc_tsw
23:10:47.0 (180003537)|ENTERING_MANAGED_PKG|tdc_tsw
23:10:47.0 (180766594)|ENTERING_MANAGED_PKG|tdc_tsw
23:10:47.0 (180975122)|ENTERING_MANAGED_PKG|tdc_tsw
23:10:47.0 (181383103)|ENTERING_MANAGED_PKG|tdc_tsw
23:10:47.0 (182420809)|ENTERING_MANAGED_PKG|tdc_tsw
23:10:47.0 (183158407)|ENTERING_MANAGED_PKG|tdc_tsw
23:10:47.0 (183378533)|ENTERING_MANAGED_PKG|tdc_tsw
23:10:47.0 (183752762)|ENTERING_MANAGED_PKG|tdc_tsw
23:10:47.0 (184777416)|ENTERING_MANAGED_PKG|tdc_tsw
23:10:47.0 (185511803)|ENTERING_MANAGED_PKG|tdc_tsw
23:10:47.0 (185731992)|ENTERING_MANAGED_PKG|tdc_tsw
23:10:47.0 (186115144)|ENTERING_MANAGED_PKG|tdc_tsw
23:10:47.0 (187337255)|ENTERING_MANAGED_PKG|tdc_tsw
23:10:47.0 (188487352)|ENTERING_MANAGED_PKG|tdc_tsw
23:10:47.0 (188574294)|ENTERING_MANAGED_PKG|tdc_tsw
23:10:47.0 (189282047)|SOQL_EXECUTE_BEGIN|[200]|Aggregations:0|SELECT Name, NamespacePrefix, SystemModStamp FROM StaticResource WHERE Name LIKE :tmpVar1 LIMIT 10
23:10:47.0 (192984015)|SOQL_EXECUTE_END|[200]|Rows:1
23:10:47.0 (194060553)|ENTERING_MANAGED_PKG|tdc_tsw
23:10:47.0 (194545742)|SOQL_EXECUTE_BEGIN|[200]|Aggregations:0|SELECT Name, NamespacePrefix, SystemModStamp FROM StaticResource WHERE Name LIKE :tmpVar1 LIMIT 10
23:10:47.0 (197772097)|SOQL_EXECUTE_END|[200]|Rows:1
23:10:47.0 (198330761)|ENTERING_MANAGED_PKG|tdc_tsw
23:10:47.0 (202067129)|ENTERING_MANAGED_PKG|tdc_tsw
23:10:47.0 (203657046)|ENTERING_MANAGED_PKG|tdc_tsw
23:10:47.0 (203957050)|ENTERING_MANAGED_PKG|tdc_tsw
23:10:47.0 (204787504)|ENTERING_MANAGED_PKG|tdc_tsw
23:10:47.0 (205197052)|SOQL_EXECUTE_BEGIN|[200]|Aggregations:0|SELECT Name, NamespacePrefix, SystemModStamp FROM StaticResource WHERE Name LIKE :tmpVar1 LIMIT 10
23:10:47.0 (207846728)|SOQL_EXECUTE_END|[200]|Rows:1
23:10:47.218 (218636113)|USER_INFO|[EXTERNAL]|0051H000009gxp8|chanida.dev2@solvedbysoftwareco.com|Eastern Standard Time|GMT-05:00
23:10:47.218 (220469877)|ENTERING_MANAGED_PKG|tdc_tsw
23:10:47.218 (220668461)|ENTERING_MANAGED_PKG|tdc_tsw
23:10:47.218 (223157233)|SOQL_EXECUTE_BEGIN|[355]|Aggregations:0|SELECT id, name, Disable_Incoming_SMS_Sharing__c FROM User WHERE id = :tmpVar1
23:10:47.218 (230620860)|SOQL_EXECUTE_END|[355]|Rows:1
23:10:47.218 (231570510)|SOQL_EXECUTE_BEGIN|[367]|Aggregations:0|SELECT CreatedDate,Id,LastModifiedDate,Related_Object_Id__c FROM Message__c WHERE Name = 'Incoming' AND Read__c = false ORDER BY CreatedDate Desc limit 100
23:10:47.218 (241431778)|SOQL_EXECUTE_END|[367]|Rows:100
