44.0 APEX_CODE,FINEST;APEX_PROFILING,INFO;CALLOUT,INFO;DB,INFO;NBA,INFO;SYSTEM,DEBUG;VALIDATION,INFO;VISUALFORCE,INFO;WAVE,INFO;WORKFLOW,INFO
22:10:17.0 (295589)|USER_INFO|[EXTERNAL]|0051H000009gxp8|chanida.dev2@solvedbysoftwareco.com|Eastern Standard Time|GMT-05:00
22:10:17.0 (2287486)|ENTERING_MANAGED_PKG|tdc_tsw
22:10:17.0 (2914291)|ENTERING_MANAGED_PKG|tdc_tsw
22:10:17.0 (7834119)|SOQL_EXECUTE_BEGIN|[16]|Aggregations:0|SELECT id, name, Disable_Incoming_SMS_Sharing__c FROM User WHERE id = :tmpVar1
22:10:17.0 (15662039)|SOQL_EXECUTE_END|[16]|Rows:1
22:10:17.0 (22089819)|SOQL_EXECUTE_BEGIN|[37]|Aggregations:0|SELECT CreatedDate,Created_Date__c,Id,LastModifiedDate,MessageId__c,Message_Text_New__c,Name,OwnerId,Read__c,Related_Object_Id__c,Related_Object__c,Sender_Number__c, Sender_Name__c,ToNumber__c,Attachments_Ids__c FROM Message__c WHERE Name = 'Incoming' AND Read__c = false ORDER BY CreatedDate Desc limit 100
22:10:17.0 (39789417)|SOQL_EXECUTE_END|[37]|Rows:100
22:10:17.0 (55657568)|ENTERING_MANAGED_PKG|tdc_tsw
22:10:17.0 (57946541)|ENTERING_MANAGED_PKG|tdc_tsw
22:10:17.0 (58493640)|ENTERING_MANAGED_PKG|tdc_tsw
22:10:17.0 (59541955)|ENTERING_MANAGED_PKG|tdc_tsw
22:10:17.0 (62234817)|ENTERING_MANAGED_PKG|tdc_tsw
22:10:17.0 (63116918)|ENTERING_MANAGED_PKG|tdc_tsw
22:10:17.0 (63353744)|ENTERING_MANAGED_PKG|tdc_tsw
22:10:17.0 (63750193)|ENTERING_MANAGED_PKG|tdc_tsw
22:10:17.0 (65054628)|ENTERING_MANAGED_PKG|tdc_tsw
22:10:17.0 (65945722)|ENTERING_MANAGED_PKG|tdc_tsw
22:10:17.0 (66172469)|ENTERING_MANAGED_PKG|tdc_tsw
22:10:17.0 (66554983)|ENTERING_MANAGED_PKG|tdc_tsw
22:10:17.0 (67573009)|ENTERING_MANAGED_PKG|tdc_tsw
22:10:17.0 (68346235)|ENTERING_MANAGED_PKG|tdc_tsw
22:10:17.0 (68563096)|ENTERING_MANAGED_PKG|tdc_tsw
22:10:17.0 (68937480)|ENTERING_MANAGED_PKG|tdc_tsw
22:10:17.0 (69963420)|ENTERING_MANAGED_PKG|tdc_tsw
22:10:17.0 (70727729)|ENTERING_MANAGED_PKG|tdc_tsw
22:10:17.0 (70952465)|ENTERING_MANAGED_PKG|tdc_tsw
22:10:17.0 (71325732)|ENTERING_MANAGED_PKG|tdc_tsw
22:10:17.0 (72344339)|ENTERING_MANAGED_PKG|tdc_tsw
22:10:17.0 (73115811)|ENTERING_MANAGED_PKG|tdc_tsw
22:10:17.0 (73333208)|ENTERING_MANAGED_PKG|tdc_tsw
22:10:17.0 (73694806)|ENTERING_MANAGED_PKG|tdc_tsw
22:10:17.0 (74704755)|ENTERING_MANAGED_PKG|tdc_tsw
22:10:17.0 (75471377)|ENTERING_MANAGED_PKG|tdc_tsw
22:10:17.0 (75687930)|ENTERING_MANAGED_PKG|tdc_tsw
22:10:17.0 (76063641)|ENTERING_MANAGED_PKG|tdc_tsw
22:10:17.0 (77089541)|ENTERING_MANAGED_PKG|tdc_tsw
22:10:17.0 (77843400)|ENTERING_MANAGED_PKG|tdc_tsw
22:10:17.0 (78090602)|ENTERING_MANAGED_PKG|tdc_tsw
22:10:17.0 (78454503)|ENTERING_MANAGED_PKG|tdc_tsw
22:10:17.0 (79458190)|ENTERING_MANAGED_PKG|tdc_tsw
22:10:17.0 (80219213)|ENTERING_MANAGED_PKG|tdc_tsw
22:10:17.0 (80437810)|ENTERING_MANAGED_PKG|tdc_tsw
22:10:17.0 (80802545)|ENTERING_MANAGED_PKG|tdc_tsw
22:10:17.0 (81814837)|ENTERING_MANAGED_PKG|tdc_tsw
22:10:17.0 (82573093)|ENTERING_MANAGED_PKG|tdc_tsw
22:10:17.0 (82788775)|ENTERING_MANAGED_PKG|tdc_tsw
22:10:17.0 (83178218)|ENTERING_MANAGED_PKG|tdc_tsw
22:10:17.0 (84189517)|ENTERING_MANAGED_PKG|tdc_tsw
22:10:17.0 (84953856)|ENTERING_MANAGED_PKG|tdc_tsw
22:10:17.0 (85168571)|ENTERING_MANAGED_PKG|tdc_tsw
22:10:17.0 (85530724)|ENTERING_MANAGED_PKG|tdc_tsw
22:10:17.0 (86583005)|ENTERING_MANAGED_PKG|tdc_tsw
22:10:17.0 (87355648)|ENTERING_MANAGED_PKG|tdc_tsw
22:10:17.0 (87572263)|ENTERING_MANAGED_PKG|tdc_tsw
22:10:17.0 (87960926)|ENTERING_MANAGED_PKG|tdc_tsw
22:10:17.0 (88971183)|ENTERING_MANAGED_PKG|tdc_tsw
22:10:17.0 (89732842)|ENTERING_MANAGED_PKG|tdc_tsw
22:10:17.0 (89957727)|ENTERING_MANAGED_PKG|tdc_tsw
22:10:17.0 (90321503)|ENTERING_MANAGED_PKG|tdc_tsw
22:10:17.0 (91326955)|ENTERING_MANAGED_PKG|tdc_tsw
22:10:17.0 (92083669)|ENTERING_MANAGED_PKG|tdc_tsw
22:10:17.0 (92299948)|ENTERING_MANAGED_PKG|tdc_tsw
22:10:17.0 (92663103)|ENTERING_MANAGED_PKG|tdc_tsw
22:10:17.0 (93669511)|ENTERING_MANAGED_PKG|tdc_tsw
22:10:17.0 (94437377)|ENTERING_MANAGED_PKG|tdc_tsw
22:10:17.0 (94653405)|ENTERING_MANAGED_PKG|tdc_tsw
22:10:17.0 (95025781)|ENTERING_MANAGED_PKG|tdc_tsw
22:10:17.0 (96038329)|ENTERING_MANAGED_PKG|tdc_tsw
22:10:17.0 (96796284)|ENTERING_MANAGED_PKG|tdc_tsw
22:10:17.0 (97023572)|ENTERING_MANAGED_PKG|tdc_tsw
22:10:17.0 (97387619)|ENTERING_MANAGED_PKG|tdc_tsw
22:10:17.0 (98417975)|ENTERING_MANAGED_PKG|tdc_tsw
22:10:17.0 (99195372)|ENTERING_MANAGED_PKG|tdc_tsw
22:10:17.0 (99432605)|ENTERING_MANAGED_PKG|tdc_tsw
22:10:17.0 (99802173)|ENTERING_MANAGED_PKG|tdc_tsw
22:10:17.0 (100835924)|ENTERING_MANAGED_PKG|tdc_tsw
22:10:17.0 (101628075)|ENTERING_MANAGED_PKG|tdc_tsw
22:10:17.0 (101847747)|ENTERING_MANAGED_PKG|tdc_tsw
22:10:17.0 (102235438)|ENTERING_MANAGED_PKG|tdc_tsw
22:10:17.0 (103263192)|ENTERING_MANAGED_PKG|tdc_tsw
22:10:17.0 (104032093)|ENTERING_MANAGED_PKG|tdc_tsw
22:10:17.0 (104249917)|ENTERING_MANAGED_PKG|tdc_tsw
22:10:17.0 (104638455)|ENTERING_MANAGED_PKG|tdc_tsw
22:10:17.0 (105685717)|ENTERING_MANAGED_PKG|tdc_tsw
22:10:17.0 (106479862)|ENTERING_MANAGED_PKG|tdc_tsw
22:10:17.0 (106701946)|ENTERING_MANAGED_PKG|tdc_tsw
22:10:17.0 (107089773)|ENTERING_MANAGED_PKG|tdc_tsw
22:10:17.0 (108137444)|ENTERING_MANAGED_PKG|tdc_tsw
22:10:17.0 (108957467)|ENTERING_MANAGED_PKG|tdc_tsw
22:10:17.0 (109175919)|ENTERING_MANAGED_PKG|tdc_tsw
22:10:17.0 (109555037)|ENTERING_MANAGED_PKG|tdc_tsw
22:10:17.0 (110569833)|ENTERING_MANAGED_PKG|tdc_tsw
22:10:17.0 (111350825)|ENTERING_MANAGED_PKG|tdc_tsw
22:10:17.0 (111549429)|ENTERING_MANAGED_PKG|tdc_tsw
22:10:17.0 (111923249)|ENTERING_MANAGED_PKG|tdc_tsw
22:10:17.0 (112939800)|ENTERING_MANAGED_PKG|tdc_tsw
22:10:17.0 (113699533)|ENTERING_MANAGED_PKG|tdc_tsw
22:10:17.0 (113932060)|ENTERING_MANAGED_PKG|tdc_tsw
22:10:17.0 (114308770)|ENTERING_MANAGED_PKG|tdc_tsw
22:10:17.0 (115328385)|ENTERING_MANAGED_PKG|tdc_tsw
22:10:17.0 (116107896)|ENTERING_MANAGED_PKG|tdc_tsw
22:10:17.0 (116301997)|ENTERING_MANAGED_PKG|tdc_tsw
22:10:17.0 (116670117)|ENTERING_MANAGED_PKG|tdc_tsw
22:10:17.0 (117687120)|ENTERING_MANAGED_PKG|tdc_tsw
22:10:17.0 (118466180)|ENTERING_MANAGED_PKG|tdc_tsw
22:10:17.0 (118685568)|ENTERING_MANAGED_PKG|tdc_tsw
22:10:17.0 (119417812)|ENTERING_MANAGED_PKG|tdc_tsw
22:10:17.0 (120523341)|ENTERING_MANAGED_PKG|tdc_tsw
22:10:17.0 (121314236)|ENTERING_MANAGED_PKG|tdc_tsw
22:10:17.0 (121532025)|ENTERING_MANAGED_PKG|tdc_tsw
22:10:17.0 (121997543)|ENTERING_MANAGED_PKG|tdc_tsw
22:10:17.0 (123086573)|ENTERING_MANAGED_PKG|tdc_tsw
22:10:17.0 (123843086)|ENTERING_MANAGED_PKG|tdc_tsw
22:10:17.0 (124078148)|ENTERING_MANAGED_PKG|tdc_tsw
22:10:17.0 (124527193)|ENTERING_MANAGED_PKG|tdc_tsw
22:10:17.0 (125911056)|ENTERING_MANAGED_PKG|tdc_tsw
22:10:17.0 (126805018)|ENTERING_MANAGED_PKG|tdc_tsw
22:10:17.0 (126919288)|ENTERING_MANAGED_PKG|tdc_tsw
22:10:17.0 (127661327)|SOQL_EXECUTE_BEGIN|[200]|Aggregations:0|SELECT Name, NamespacePrefix, SystemModStamp FROM StaticResource WHERE Name LIKE :tmpVar1 LIMIT 10
22:10:17.0 (131553777)|SOQL_EXECUTE_END|[200]|Rows:1
22:10:17.0 (133072109)|ENTERING_MANAGED_PKG|tdc_tsw
22:10:17.0 (133887467)|SOQL_EXECUTE_BEGIN|[200]|Aggregations:0|SELECT Name, NamespacePrefix, SystemModStamp FROM StaticResource WHERE Name LIKE :tmpVar1 LIMIT 10
22:10:17.0 (137572482)|SOQL_EXECUTE_END|[200]|Rows:1
22:10:17.0 (138316425)|ENTERING_MANAGED_PKG|tdc_tsw
22:10:17.0 (144412241)|ENTERING_MANAGED_PKG|tdc_tsw
22:10:17.0 (146026340)|ENTERING_MANAGED_PKG|tdc_tsw
22:10:17.0 (146387858)|ENTERING_MANAGED_PKG|tdc_tsw
22:10:17.0 (147375451)|ENTERING_MANAGED_PKG|tdc_tsw
22:10:17.0 (148156659)|SOQL_EXECUTE_BEGIN|[200]|Aggregations:0|SELECT Name, NamespacePrefix, SystemModStamp FROM StaticResource WHERE Name LIKE :tmpVar1 LIMIT 10
22:10:17.0 (151769445)|SOQL_EXECUTE_END|[200]|Rows:1
22:10:17.162 (162226904)|USER_INFO|[EXTERNAL]|0051H000009gxp8|chanida.dev2@solvedbysoftwareco.com|Eastern Standard Time|GMT-05:00
22:10:17.162 (164438967)|ENTERING_MANAGED_PKG|tdc_tsw
22:10:17.162 (164742791)|ENTERING_MANAGED_PKG|tdc_tsw
22:10:17.162 (167817938)|SOQL_EXECUTE_BEGIN|[355]|Aggregations:0|SELECT id, name, Disable_Incoming_SMS_Sharing__c FROM User WHERE id = :tmpVar1
22:10:17.162 (175166229)|SOQL_EXECUTE_END|[355]|Rows:1
22:10:17.162 (177665245)|SOQL_EXECUTE_BEGIN|[367]|Aggregations:0|SELECT CreatedDate,Id,LastModifiedDate,Related_Object_Id__c FROM Message__c WHERE Name = 'Incoming' AND Read__c = false ORDER BY CreatedDate Desc limit 100
22:10:17.162 (191205576)|SOQL_EXECUTE_END|[367]|Rows:100
