44.0 APEX_CODE,FINEST;APEX_PROFILING,INFO;CALLOUT,INFO;DB,INFO;NBA,INFO;SYSTEM,DEBUG;VALIDATION,INFO;VISUALFORCE,INFO;WAVE,INFO;WORKFLOW,INFO
20:14:02.0 (597660)|USER_INFO|[EXTERNAL]|0051H000009gxp8|chanida.dev2@solvedbysoftwareco.com|Eastern Standard Time|GMT-05:00
20:14:02.0 (2776304)|ENTERING_MANAGED_PKG|tdc_tsw
20:14:02.0 (3210420)|ENTERING_MANAGED_PKG|tdc_tsw
20:14:02.0 (7287890)|SOQL_EXECUTE_BEGIN|[16]|Aggregations:0|SELECT id, name, Disable_Incoming_SMS_Sharing__c FROM User WHERE id = :tmpVar1
20:14:02.0 (14604626)|SOQL_EXECUTE_END|[16]|Rows:1
20:14:02.0 (20839190)|SOQL_EXECUTE_BEGIN|[37]|Aggregations:0|SELECT CreatedDate,Created_Date__c,Id,LastModifiedDate,MessageId__c,Message_Text_New__c,Name,OwnerId,Read__c,Related_Object_Id__c,Related_Object__c,Sender_Number__c, Sender_Name__c,ToNumber__c,Attachments_Ids__c FROM Message__c WHERE Name = 'Incoming' AND Read__c = false ORDER BY CreatedDate Desc limit 100
20:14:02.0 (38853185)|SOQL_EXECUTE_END|[37]|Rows:86
20:14:02.0 (56886410)|ENTERING_MANAGED_PKG|tdc_tsw
20:14:02.0 (58518393)|ENTERING_MANAGED_PKG|tdc_tsw
20:14:02.0 (59000675)|ENTERING_MANAGED_PKG|tdc_tsw
20:14:02.0 (59631337)|ENTERING_MANAGED_PKG|tdc_tsw
20:14:02.0 (62405330)|ENTERING_MANAGED_PKG|tdc_tsw
20:14:02.0 (63189774)|ENTERING_MANAGED_PKG|tdc_tsw
20:14:02.0 (63424314)|ENTERING_MANAGED_PKG|tdc_tsw
20:14:02.0 (63821579)|ENTERING_MANAGED_PKG|tdc_tsw
20:14:02.0 (65240164)|ENTERING_MANAGED_PKG|tdc_tsw
20:14:02.0 (66422944)|ENTERING_MANAGED_PKG|tdc_tsw
20:14:02.0 (66700582)|ENTERING_MANAGED_PKG|tdc_tsw
20:14:02.0 (67108086)|ENTERING_MANAGED_PKG|tdc_tsw
20:14:02.0 (68169942)|ENTERING_MANAGED_PKG|tdc_tsw
20:14:02.0 (68906473)|ENTERING_MANAGED_PKG|tdc_tsw
20:14:02.0 (69131031)|ENTERING_MANAGED_PKG|tdc_tsw
20:14:02.0 (69508459)|ENTERING_MANAGED_PKG|tdc_tsw
20:14:02.0 (70562412)|ENTERING_MANAGED_PKG|tdc_tsw
20:14:02.0 (71308787)|ENTERING_MANAGED_PKG|tdc_tsw
20:14:02.0 (71544038)|ENTERING_MANAGED_PKG|tdc_tsw
20:14:02.0 (71930845)|ENTERING_MANAGED_PKG|tdc_tsw
20:14:02.0 (72978640)|ENTERING_MANAGED_PKG|tdc_tsw
20:14:02.0 (74069292)|ENTERING_MANAGED_PKG|tdc_tsw
20:14:02.0 (74437202)|ENTERING_MANAGED_PKG|tdc_tsw
20:14:02.0 (74993950)|ENTERING_MANAGED_PKG|tdc_tsw
20:14:02.0 (76325525)|ENTERING_MANAGED_PKG|tdc_tsw
20:14:02.0 (77200462)|ENTERING_MANAGED_PKG|tdc_tsw
20:14:02.0 (77440239)|ENTERING_MANAGED_PKG|tdc_tsw
20:14:02.0 (77963234)|ENTERING_MANAGED_PKG|tdc_tsw
20:14:02.0 (79240784)|ENTERING_MANAGED_PKG|tdc_tsw
20:14:02.0 (79990651)|ENTERING_MANAGED_PKG|tdc_tsw
20:14:02.0 (80191149)|ENTERING_MANAGED_PKG|tdc_tsw
20:14:02.0 (80570940)|ENTERING_MANAGED_PKG|tdc_tsw
20:14:02.0 (81886484)|ENTERING_MANAGED_PKG|tdc_tsw
20:14:02.0 (82732221)|ENTERING_MANAGED_PKG|tdc_tsw
20:14:02.0 (82949717)|ENTERING_MANAGED_PKG|tdc_tsw
20:14:02.0 (83695589)|ENTERING_MANAGED_PKG|tdc_tsw
20:14:02.0 (84881857)|ENTERING_MANAGED_PKG|tdc_tsw
20:14:02.0 (85619750)|ENTERING_MANAGED_PKG|tdc_tsw
20:14:02.0 (85853895)|ENTERING_MANAGED_PKG|tdc_tsw
20:14:02.0 (86336989)|ENTERING_MANAGED_PKG|tdc_tsw
20:14:02.0 (87595233)|ENTERING_MANAGED_PKG|tdc_tsw
20:14:02.0 (88347727)|ENTERING_MANAGED_PKG|tdc_tsw
20:14:02.0 (88575443)|ENTERING_MANAGED_PKG|tdc_tsw
20:14:02.0 (89096509)|ENTERING_MANAGED_PKG|tdc_tsw
20:14:02.0 (91318597)|ENTERING_MANAGED_PKG|tdc_tsw
20:14:02.0 (92086776)|ENTERING_MANAGED_PKG|tdc_tsw
20:14:02.0 (92166028)|ENTERING_MANAGED_PKG|tdc_tsw
20:14:02.0 (92758726)|SOQL_EXECUTE_BEGIN|[200]|Aggregations:0|SELECT Name, NamespacePrefix, SystemModStamp FROM StaticResource WHERE Name LIKE :tmpVar1 LIMIT 10
20:14:02.0 (95864824)|SOQL_EXECUTE_END|[200]|Rows:1
20:14:02.0 (96724462)|ENTERING_MANAGED_PKG|tdc_tsw
20:14:02.0 (97223568)|SOQL_EXECUTE_BEGIN|[200]|Aggregations:0|SELECT Name, NamespacePrefix, SystemModStamp FROM StaticResource WHERE Name LIKE :tmpVar1 LIMIT 10
20:14:02.0 (99775078)|SOQL_EXECUTE_END|[200]|Rows:1
20:14:02.0 (100174830)|ENTERING_MANAGED_PKG|tdc_tsw
20:14:02.0 (103885899)|ENTERING_MANAGED_PKG|tdc_tsw
20:14:02.0 (105334772)|ENTERING_MANAGED_PKG|tdc_tsw
20:14:02.0 (105623905)|ENTERING_MANAGED_PKG|tdc_tsw
20:14:02.0 (106486283)|ENTERING_MANAGED_PKG|tdc_tsw
20:14:02.0 (106911914)|SOQL_EXECUTE_BEGIN|[200]|Aggregations:0|SELECT Name, NamespacePrefix, SystemModStamp FROM StaticResource WHERE Name LIKE :tmpVar1 LIMIT 10
20:14:02.0 (109434573)|SOQL_EXECUTE_END|[200]|Rows:1
20:14:02.128 (128335050)|USER_INFO|[EXTERNAL]|0051H000009gxp8|chanida.dev2@solvedbysoftwareco.com|Eastern Standard Time|GMT-05:00
20:14:02.128 (130249962)|ENTERING_MANAGED_PKG|tdc_tsw
20:14:02.128 (130528463)|ENTERING_MANAGED_PKG|tdc_tsw
20:14:02.128 (133463218)|SOQL_EXECUTE_BEGIN|[355]|Aggregations:0|SELECT id, name, Disable_Incoming_SMS_Sharing__c FROM User WHERE id = :tmpVar1
20:14:02.128 (140464447)|SOQL_EXECUTE_END|[355]|Rows:1
20:14:02.128 (141455679)|SOQL_EXECUTE_BEGIN|[367]|Aggregations:0|SELECT CreatedDate,Id,LastModifiedDate,Related_Object_Id__c FROM Message__c WHERE Name = 'Incoming' AND Read__c = false ORDER BY CreatedDate Desc limit 100
20:14:02.128 (148851476)|SOQL_EXECUTE_END|[367]|Rows:86
