44.0 APEX_CODE,FINEST;APEX_PROFILING,INFO;CALLOUT,INFO;DB,INFO;NBA,INFO;SYSTEM,DEBUG;VALIDATION,INFO;VISUALFORCE,INFO;WAVE,INFO;WORKFLOW,INFO
18:12:56.0 (180266)|USER_INFO|[EXTERNAL]|0051H000009gxp8|chanida.dev2@solvedbysoftwareco.com|Eastern Standard Time|GMT-05:00
18:12:56.0 (1955906)|ENTERING_MANAGED_PKG|tdc_tsw
18:12:56.0 (2405397)|ENTERING_MANAGED_PKG|tdc_tsw
18:12:56.0 (6394354)|SOQL_EXECUTE_BEGIN|[16]|Aggregations:0|SELECT id, name, Disable_Incoming_SMS_Sharing__c FROM User WHERE id = :tmpVar1
18:12:56.0 (13733621)|SOQL_EXECUTE_END|[16]|Rows:1
18:12:56.0 (19151232)|SOQL_EXECUTE_BEGIN|[37]|Aggregations:0|SELECT CreatedDate,Created_Date__c,Id,LastModifiedDate,MessageId__c,Message_Text_New__c,Name,OwnerId,Read__c,Related_Object_Id__c,Related_Object__c,Sender_Number__c, Sender_Name__c,ToNumber__c,Attachments_Ids__c FROM Message__c WHERE Name = 'Incoming' AND Read__c = false ORDER BY CreatedDate Desc limit 100
18:12:56.0 (32640975)|SOQL_EXECUTE_END|[37]|Rows:65
18:12:56.0 (43820890)|ENTERING_MANAGED_PKG|tdc_tsw
18:12:56.0 (45647333)|ENTERING_MANAGED_PKG|tdc_tsw
18:12:56.0 (46161940)|ENTERING_MANAGED_PKG|tdc_tsw
18:12:56.0 (46910015)|ENTERING_MANAGED_PKG|tdc_tsw
18:12:56.0 (49807593)|ENTERING_MANAGED_PKG|tdc_tsw
18:12:56.0 (50816066)|ENTERING_MANAGED_PKG|tdc_tsw
18:12:56.0 (51170394)|ENTERING_MANAGED_PKG|tdc_tsw
18:12:56.0 (51605153)|ENTERING_MANAGED_PKG|tdc_tsw
18:12:56.0 (52675701)|ENTERING_MANAGED_PKG|tdc_tsw
18:12:56.0 (53468736)|ENTERING_MANAGED_PKG|tdc_tsw
18:12:56.0 (53762119)|ENTERING_MANAGED_PKG|tdc_tsw
18:12:56.0 (54277425)|ENTERING_MANAGED_PKG|tdc_tsw
18:12:56.0 (55767911)|ENTERING_MANAGED_PKG|tdc_tsw
18:12:56.0 (56707567)|ENTERING_MANAGED_PKG|tdc_tsw
18:12:56.0 (56909251)|ENTERING_MANAGED_PKG|tdc_tsw
18:12:56.0 (57294249)|ENTERING_MANAGED_PKG|tdc_tsw
18:12:56.0 (58408443)|ENTERING_MANAGED_PKG|tdc_tsw
18:12:56.0 (59295448)|ENTERING_MANAGED_PKG|tdc_tsw
18:12:56.0 (59709528)|ENTERING_MANAGED_PKG|tdc_tsw
18:12:56.0 (60133172)|ENTERING_MANAGED_PKG|tdc_tsw
18:12:56.0 (61396855)|ENTERING_MANAGED_PKG|tdc_tsw
18:12:56.0 (62148886)|ENTERING_MANAGED_PKG|tdc_tsw
18:12:56.0 (62374207)|ENTERING_MANAGED_PKG|tdc_tsw
18:12:56.0 (63027456)|ENTERING_MANAGED_PKG|tdc_tsw
18:12:56.0 (68436028)|ENTERING_MANAGED_PKG|tdc_tsw
18:12:56.0 (69255813)|ENTERING_MANAGED_PKG|tdc_tsw
18:12:56.0 (69347211)|ENTERING_MANAGED_PKG|tdc_tsw
18:12:56.0 (69960231)|SOQL_EXECUTE_BEGIN|[200]|Aggregations:0|SELECT Name, NamespacePrefix, SystemModStamp FROM StaticResource WHERE Name LIKE :tmpVar1 LIMIT 10
18:12:56.0 (73068630)|SOQL_EXECUTE_END|[200]|Rows:1
18:12:56.0 (73865554)|ENTERING_MANAGED_PKG|tdc_tsw
18:12:56.0 (74197579)|SOQL_EXECUTE_BEGIN|[200]|Aggregations:0|SELECT Name, NamespacePrefix, SystemModStamp FROM StaticResource WHERE Name LIKE :tmpVar1 LIMIT 10
18:12:56.0 (76205099)|SOQL_EXECUTE_END|[200]|Rows:1
18:12:56.0 (76595102)|ENTERING_MANAGED_PKG|tdc_tsw
18:12:56.0 (79925360)|ENTERING_MANAGED_PKG|tdc_tsw
18:12:56.0 (81355516)|ENTERING_MANAGED_PKG|tdc_tsw
18:12:56.0 (81677312)|ENTERING_MANAGED_PKG|tdc_tsw
18:12:56.0 (82541350)|ENTERING_MANAGED_PKG|tdc_tsw
18:12:56.0 (82911280)|SOQL_EXECUTE_BEGIN|[200]|Aggregations:0|SELECT Name, NamespacePrefix, SystemModStamp FROM StaticResource WHERE Name LIKE :tmpVar1 LIMIT 10
18:12:56.0 (85540226)|SOQL_EXECUTE_END|[200]|Rows:1
18:12:56.91 (91901368)|USER_INFO|[EXTERNAL]|0051H000009gxp8|chanida.dev2@solvedbysoftwareco.com|Eastern Standard Time|GMT-05:00
18:12:56.91 (93551996)|ENTERING_MANAGED_PKG|tdc_tsw
18:12:56.91 (93833238)|ENTERING_MANAGED_PKG|tdc_tsw
18:12:56.91 (96839373)|SOQL_EXECUTE_BEGIN|[355]|Aggregations:0|SELECT id, name, Disable_Incoming_SMS_Sharing__c FROM User WHERE id = :tmpVar1
18:12:56.91 (103461123)|SOQL_EXECUTE_END|[355]|Rows:1
18:12:56.91 (104472417)|SOQL_EXECUTE_BEGIN|[367]|Aggregations:0|SELECT CreatedDate,Id,LastModifiedDate,Related_Object_Id__c FROM Message__c WHERE Name = 'Incoming' AND Read__c = false ORDER BY CreatedDate Desc limit 100
18:12:56.91 (110885755)|SOQL_EXECUTE_END|[367]|Rows:65
