44.0 APEX_CODE,FINEST;APEX_PROFILING,INFO;CALLOUT,INFO;DB,INFO;NBA,INFO;SYSTEM,DEBUG;VALIDATION,INFO;VISUALFORCE,INFO;WAVE,INFO;WORKFLOW,INFO
22:36:17.0 (196593)|USER_INFO|[EXTERNAL]|0051H000009gxp8|chanida.dev2@solvedbysoftwareco.com|Eastern Standard Time|GMT-05:00
22:36:17.0 (2190543)|ENTERING_MANAGED_PKG|tdc_tsw
22:36:17.0 (2650414)|ENTERING_MANAGED_PKG|tdc_tsw
22:36:17.0 (6273207)|SOQL_EXECUTE_BEGIN|[16]|Aggregations:0|SELECT id, name, Disable_Incoming_SMS_Sharing__c FROM User WHERE id = :tmpVar1
22:36:17.0 (19633405)|SOQL_EXECUTE_END|[16]|Rows:1
22:36:17.0 (25619214)|SOQL_EXECUTE_BEGIN|[37]|Aggregations:0|SELECT CreatedDate,Created_Date__c,Id,LastModifiedDate,MessageId__c,Message_Text_New__c,Name,OwnerId,Read__c,Related_Object_Id__c,Related_Object__c,Sender_Number__c, Sender_Name__c,ToNumber__c,Attachments_Ids__c FROM Message__c WHERE Name = 'Incoming' AND Read__c = false ORDER BY CreatedDate Desc limit 100
22:36:17.0 (43064855)|SOQL_EXECUTE_END|[37]|Rows:100
22:36:17.0 (59100336)|ENTERING_MANAGED_PKG|tdc_tsw
22:36:17.0 (60840122)|ENTERING_MANAGED_PKG|tdc_tsw
22:36:17.0 (61323403)|ENTERING_MANAGED_PKG|tdc_tsw
22:36:17.0 (62006551)|ENTERING_MANAGED_PKG|tdc_tsw
22:36:17.0 (64762986)|ENTERING_MANAGED_PKG|tdc_tsw
22:36:17.0 (65506102)|ENTERING_MANAGED_PKG|tdc_tsw
22:36:17.0 (65723823)|ENTERING_MANAGED_PKG|tdc_tsw
22:36:17.0 (66101388)|ENTERING_MANAGED_PKG|tdc_tsw
22:36:17.0 (67124370)|ENTERING_MANAGED_PKG|tdc_tsw
22:36:17.0 (67846961)|ENTERING_MANAGED_PKG|tdc_tsw
22:36:17.0 (68061447)|ENTERING_MANAGED_PKG|tdc_tsw
22:36:17.0 (68442728)|ENTERING_MANAGED_PKG|tdc_tsw
22:36:17.0 (69461974)|ENTERING_MANAGED_PKG|tdc_tsw
22:36:17.0 (70175711)|ENTERING_MANAGED_PKG|tdc_tsw
22:36:17.0 (70396764)|ENTERING_MANAGED_PKG|tdc_tsw
22:36:17.0 (70770177)|ENTERING_MANAGED_PKG|tdc_tsw
22:36:17.0 (71788473)|ENTERING_MANAGED_PKG|tdc_tsw
22:36:17.0 (72512620)|ENTERING_MANAGED_PKG|tdc_tsw
22:36:17.0 (72726605)|ENTERING_MANAGED_PKG|tdc_tsw
22:36:17.0 (73101130)|ENTERING_MANAGED_PKG|tdc_tsw
22:36:17.0 (74113876)|ENTERING_MANAGED_PKG|tdc_tsw
22:36:17.0 (74831445)|ENTERING_MANAGED_PKG|tdc_tsw
22:36:17.0 (75045299)|ENTERING_MANAGED_PKG|tdc_tsw
22:36:17.0 (75426587)|ENTERING_MANAGED_PKG|tdc_tsw
22:36:17.0 (76439320)|ENTERING_MANAGED_PKG|tdc_tsw
22:36:17.0 (77147052)|ENTERING_MANAGED_PKG|tdc_tsw
22:36:17.0 (77367687)|ENTERING_MANAGED_PKG|tdc_tsw
22:36:17.0 (77738584)|ENTERING_MANAGED_PKG|tdc_tsw
22:36:17.0 (78757480)|ENTERING_MANAGED_PKG|tdc_tsw
22:36:17.0 (79476496)|ENTERING_MANAGED_PKG|tdc_tsw
22:36:17.0 (79690289)|ENTERING_MANAGED_PKG|tdc_tsw
22:36:17.0 (80060988)|ENTERING_MANAGED_PKG|tdc_tsw
22:36:17.0 (81073495)|ENTERING_MANAGED_PKG|tdc_tsw
22:36:17.0 (81789455)|ENTERING_MANAGED_PKG|tdc_tsw
22:36:17.0 (82002139)|ENTERING_MANAGED_PKG|tdc_tsw
22:36:17.0 (82379688)|ENTERING_MANAGED_PKG|tdc_tsw
22:36:17.0 (83397071)|ENTERING_MANAGED_PKG|tdc_tsw
22:36:17.0 (84108130)|ENTERING_MANAGED_PKG|tdc_tsw
22:36:17.0 (84321794)|ENTERING_MANAGED_PKG|tdc_tsw
22:36:17.0 (84710795)|ENTERING_MANAGED_PKG|tdc_tsw
22:36:17.0 (85723589)|ENTERING_MANAGED_PKG|tdc_tsw
22:36:17.0 (86442939)|ENTERING_MANAGED_PKG|tdc_tsw
22:36:17.0 (86656700)|ENTERING_MANAGED_PKG|tdc_tsw
22:36:17.0 (87027268)|ENTERING_MANAGED_PKG|tdc_tsw
22:36:17.0 (88036974)|ENTERING_MANAGED_PKG|tdc_tsw
22:36:17.0 (88753254)|ENTERING_MANAGED_PKG|tdc_tsw
22:36:17.0 (88967700)|ENTERING_MANAGED_PKG|tdc_tsw
22:36:17.0 (89339826)|ENTERING_MANAGED_PKG|tdc_tsw
22:36:17.0 (90352947)|ENTERING_MANAGED_PKG|tdc_tsw
22:36:17.0 (91060500)|ENTERING_MANAGED_PKG|tdc_tsw
22:36:17.0 (91276311)|ENTERING_MANAGED_PKG|tdc_tsw
22:36:17.0 (91656345)|ENTERING_MANAGED_PKG|tdc_tsw
22:36:17.0 (92664068)|ENTERING_MANAGED_PKG|tdc_tsw
22:36:17.0 (93381364)|ENTERING_MANAGED_PKG|tdc_tsw
22:36:17.0 (93595735)|ENTERING_MANAGED_PKG|tdc_tsw
22:36:17.0 (93964953)|ENTERING_MANAGED_PKG|tdc_tsw
22:36:17.0 (94974764)|ENTERING_MANAGED_PKG|tdc_tsw
22:36:17.0 (95692781)|ENTERING_MANAGED_PKG|tdc_tsw
22:36:17.0 (95905610)|ENTERING_MANAGED_PKG|tdc_tsw
22:36:17.0 (96276061)|ENTERING_MANAGED_PKG|tdc_tsw
22:36:17.0 (97284880)|ENTERING_MANAGED_PKG|tdc_tsw
22:36:17.0 (98001077)|ENTERING_MANAGED_PKG|tdc_tsw
22:36:17.0 (98215212)|ENTERING_MANAGED_PKG|tdc_tsw
22:36:17.0 (98592305)|ENTERING_MANAGED_PKG|tdc_tsw
22:36:17.0 (99600261)|ENTERING_MANAGED_PKG|tdc_tsw
22:36:17.0 (100309018)|ENTERING_MANAGED_PKG|tdc_tsw
22:36:17.0 (100529725)|ENTERING_MANAGED_PKG|tdc_tsw
22:36:17.0 (100905150)|ENTERING_MANAGED_PKG|tdc_tsw
22:36:17.0 (101917595)|ENTERING_MANAGED_PKG|tdc_tsw
22:36:17.0 (102635951)|ENTERING_MANAGED_PKG|tdc_tsw
22:36:17.0 (102852034)|ENTERING_MANAGED_PKG|tdc_tsw
22:36:17.0 (103218651)|ENTERING_MANAGED_PKG|tdc_tsw
22:36:17.0 (104238587)|ENTERING_MANAGED_PKG|tdc_tsw
22:36:17.0 (104959732)|ENTERING_MANAGED_PKG|tdc_tsw
22:36:17.0 (105173162)|ENTERING_MANAGED_PKG|tdc_tsw
22:36:17.0 (105548961)|ENTERING_MANAGED_PKG|tdc_tsw
22:36:17.0 (106554263)|ENTERING_MANAGED_PKG|tdc_tsw
22:36:17.0 (107264939)|ENTERING_MANAGED_PKG|tdc_tsw
22:36:17.0 (107485741)|ENTERING_MANAGED_PKG|tdc_tsw
22:36:17.0 (107852386)|ENTERING_MANAGED_PKG|tdc_tsw
22:36:17.0 (108858730)|ENTERING_MANAGED_PKG|tdc_tsw
22:36:17.0 (109603048)|ENTERING_MANAGED_PKG|tdc_tsw
22:36:17.0 (109817239)|ENTERING_MANAGED_PKG|tdc_tsw
22:36:17.0 (110200633)|ENTERING_MANAGED_PKG|tdc_tsw
22:36:17.0 (111220740)|ENTERING_MANAGED_PKG|tdc_tsw
22:36:17.0 (111938010)|ENTERING_MANAGED_PKG|tdc_tsw
22:36:17.0 (112151054)|ENTERING_MANAGED_PKG|tdc_tsw
22:36:17.0 (112532960)|ENTERING_MANAGED_PKG|tdc_tsw
22:36:17.0 (113543899)|ENTERING_MANAGED_PKG|tdc_tsw
22:36:17.0 (114249649)|ENTERING_MANAGED_PKG|tdc_tsw
22:36:17.0 (114470919)|ENTERING_MANAGED_PKG|tdc_tsw
22:36:17.0 (114848976)|ENTERING_MANAGED_PKG|tdc_tsw
22:36:17.0 (115857813)|ENTERING_MANAGED_PKG|tdc_tsw
22:36:17.0 (116571991)|ENTERING_MANAGED_PKG|tdc_tsw
22:36:17.0 (116786270)|ENTERING_MANAGED_PKG|tdc_tsw
22:36:17.0 (117157249)|ENTERING_MANAGED_PKG|tdc_tsw
22:36:17.0 (118168229)|ENTERING_MANAGED_PKG|tdc_tsw
22:36:17.0 (118884594)|ENTERING_MANAGED_PKG|tdc_tsw
22:36:17.0 (119098933)|ENTERING_MANAGED_PKG|tdc_tsw
22:36:17.0 (119477673)|ENTERING_MANAGED_PKG|tdc_tsw
22:36:17.0 (120490244)|ENTERING_MANAGED_PKG|tdc_tsw
22:36:17.0 (121200158)|ENTERING_MANAGED_PKG|tdc_tsw
22:36:17.0 (121422108)|ENTERING_MANAGED_PKG|tdc_tsw
22:36:17.0 (121791948)|ENTERING_MANAGED_PKG|tdc_tsw
22:36:17.0 (122808780)|ENTERING_MANAGED_PKG|tdc_tsw
22:36:17.0 (123523092)|ENTERING_MANAGED_PKG|tdc_tsw
22:36:17.0 (123737064)|ENTERING_MANAGED_PKG|tdc_tsw
22:36:17.0 (124125868)|ENTERING_MANAGED_PKG|tdc_tsw
22:36:17.0 (125141381)|ENTERING_MANAGED_PKG|tdc_tsw
22:36:17.0 (125858375)|ENTERING_MANAGED_PKG|tdc_tsw
22:36:17.0 (126075483)|ENTERING_MANAGED_PKG|tdc_tsw
22:36:17.0 (126458785)|ENTERING_MANAGED_PKG|tdc_tsw
22:36:17.0 (127471136)|ENTERING_MANAGED_PKG|tdc_tsw
22:36:17.0 (128178210)|ENTERING_MANAGED_PKG|tdc_tsw
22:36:17.0 (128399265)|ENTERING_MANAGED_PKG|tdc_tsw
22:36:17.0 (128774157)|ENTERING_MANAGED_PKG|tdc_tsw
22:36:17.0 (129784196)|ENTERING_MANAGED_PKG|tdc_tsw
22:36:17.0 (130505084)|ENTERING_MANAGED_PKG|tdc_tsw
22:36:17.0 (130719414)|ENTERING_MANAGED_PKG|tdc_tsw
22:36:17.0 (131090743)|ENTERING_MANAGED_PKG|tdc_tsw
22:36:17.0 (132102177)|ENTERING_MANAGED_PKG|tdc_tsw
22:36:17.0 (132828125)|ENTERING_MANAGED_PKG|tdc_tsw
22:36:17.0 (133041988)|ENTERING_MANAGED_PKG|tdc_tsw
22:36:17.0 (133420468)|ENTERING_MANAGED_PKG|tdc_tsw
22:36:17.0 (134431449)|ENTERING_MANAGED_PKG|tdc_tsw
22:36:17.0 (135140929)|ENTERING_MANAGED_PKG|tdc_tsw
22:36:17.0 (135365661)|ENTERING_MANAGED_PKG|tdc_tsw
22:36:17.0 (135739111)|ENTERING_MANAGED_PKG|tdc_tsw
22:36:17.0 (136754357)|ENTERING_MANAGED_PKG|tdc_tsw
22:36:17.0 (137468440)|ENTERING_MANAGED_PKG|tdc_tsw
22:36:17.0 (137683791)|ENTERING_MANAGED_PKG|tdc_tsw
22:36:17.0 (138055981)|ENTERING_MANAGED_PKG|tdc_tsw
22:36:17.0 (139070410)|ENTERING_MANAGED_PKG|tdc_tsw
22:36:17.0 (139788048)|ENTERING_MANAGED_PKG|tdc_tsw
22:36:17.0 (139981935)|ENTERING_MANAGED_PKG|tdc_tsw
22:36:17.0 (140359853)|ENTERING_MANAGED_PKG|tdc_tsw
22:36:17.0 (141375155)|ENTERING_MANAGED_PKG|tdc_tsw
22:36:17.0 (142093611)|ENTERING_MANAGED_PKG|tdc_tsw
22:36:17.0 (142308839)|ENTERING_MANAGED_PKG|tdc_tsw
22:36:17.0 (142688906)|ENTERING_MANAGED_PKG|tdc_tsw
22:36:17.0 (143705619)|ENTERING_MANAGED_PKG|tdc_tsw
22:36:17.0 (144431179)|ENTERING_MANAGED_PKG|tdc_tsw
22:36:17.0 (144623951)|ENTERING_MANAGED_PKG|tdc_tsw
22:36:17.0 (144996318)|ENTERING_MANAGED_PKG|tdc_tsw
22:36:17.0 (146008143)|ENTERING_MANAGED_PKG|tdc_tsw
22:36:17.0 (146731459)|ENTERING_MANAGED_PKG|tdc_tsw
22:36:17.0 (146945769)|ENTERING_MANAGED_PKG|tdc_tsw
22:36:17.0 (147584150)|ENTERING_MANAGED_PKG|tdc_tsw
22:36:17.0 (148815383)|ENTERING_MANAGED_PKG|tdc_tsw
22:36:17.0 (149503296)|ENTERING_MANAGED_PKG|tdc_tsw
22:36:17.0 (149576710)|ENTERING_MANAGED_PKG|tdc_tsw
22:36:17.0 (150177234)|SOQL_EXECUTE_BEGIN|[200]|Aggregations:0|SELECT Name, NamespacePrefix, SystemModStamp FROM StaticResource WHERE Name LIKE :tmpVar1 LIMIT 10
22:36:17.0 (153754025)|SOQL_EXECUTE_END|[200]|Rows:1
22:36:17.0 (154608818)|ENTERING_MANAGED_PKG|tdc_tsw
22:36:17.0 (155088652)|SOQL_EXECUTE_BEGIN|[200]|Aggregations:0|SELECT Name, NamespacePrefix, SystemModStamp FROM StaticResource WHERE Name LIKE :tmpVar1 LIMIT 10
22:36:17.0 (157457537)|SOQL_EXECUTE_END|[200]|Rows:1
22:36:17.0 (157833220)|ENTERING_MANAGED_PKG|tdc_tsw
22:36:17.0 (161022308)|ENTERING_MANAGED_PKG|tdc_tsw
22:36:17.0 (162457756)|ENTERING_MANAGED_PKG|tdc_tsw
22:36:17.0 (162739788)|ENTERING_MANAGED_PKG|tdc_tsw
22:36:17.0 (163807560)|ENTERING_MANAGED_PKG|tdc_tsw
22:36:17.0 (164168565)|SOQL_EXECUTE_BEGIN|[200]|Aggregations:0|SELECT Name, NamespacePrefix, SystemModStamp FROM StaticResource WHERE Name LIKE :tmpVar1 LIMIT 10
22:36:17.0 (166485863)|SOQL_EXECUTE_END|[200]|Rows:1
22:36:17.175 (175736405)|USER_INFO|[EXTERNAL]|0051H000009gxp8|chanida.dev2@solvedbysoftwareco.com|Eastern Standard Time|GMT-05:00
22:36:17.175 (177428076)|ENTERING_MANAGED_PKG|tdc_tsw
22:36:17.175 (177597904)|ENTERING_MANAGED_PKG|tdc_tsw
22:36:17.175 (179797425)|SOQL_EXECUTE_BEGIN|[355]|Aggregations:0|SELECT id, name, Disable_Incoming_SMS_Sharing__c FROM User WHERE id = :tmpVar1
22:36:17.175 (185045515)|SOQL_EXECUTE_END|[355]|Rows:1
22:36:17.175 (185935246)|SOQL_EXECUTE_BEGIN|[367]|Aggregations:0|SELECT CreatedDate,Id,LastModifiedDate,Related_Object_Id__c FROM Message__c WHERE Name = 'Incoming' AND Read__c = false ORDER BY CreatedDate Desc limit 100
22:36:17.175 (194080830)|SOQL_EXECUTE_END|[367]|Rows:100
