44.0 APEX_CODE,FINEST;APEX_PROFILING,INFO;CALLOUT,INFO;DB,INFO;NBA,INFO;SYSTEM,DEBUG;VALIDATION,INFO;VISUALFORCE,INFO;WAVE,INFO;WORKFLOW,INFO
20:35:47.0 (116894)|USER_INFO|[EXTERNAL]|0051H000009gxp8|chanida.dev2@solvedbysoftwareco.com|Eastern Standard Time|GMT-05:00
20:35:47.0 (1559842)|ENTERING_MANAGED_PKG|tdc_tsw
20:35:47.0 (2027547)|ENTERING_MANAGED_PKG|tdc_tsw
20:35:47.0 (5972901)|SOQL_EXECUTE_BEGIN|[16]|Aggregations:0|SELECT id, name, Disable_Incoming_SMS_Sharing__c FROM User WHERE id = :tmpVar1
20:35:47.0 (13631037)|SOQL_EXECUTE_END|[16]|Rows:1
20:35:47.0 (19794906)|SOQL_EXECUTE_BEGIN|[37]|Aggregations:0|SELECT CreatedDate,Created_Date__c,Id,LastModifiedDate,MessageId__c,Message_Text_New__c,Name,OwnerId,Read__c,Related_Object_Id__c,Related_Object__c,Sender_Number__c, Sender_Name__c,ToNumber__c,Attachments_Ids__c FROM Message__c WHERE Name = 'Incoming' AND Read__c = false ORDER BY CreatedDate Desc limit 100
20:35:47.0 (31366205)|SOQL_EXECUTE_END|[37]|Rows:16
20:35:47.0 (39149572)|ENTERING_MANAGED_PKG|tdc_tsw
20:35:47.0 (41022654)|ENTERING_MANAGED_PKG|tdc_tsw
20:35:47.0 (41520980)|ENTERING_MANAGED_PKG|tdc_tsw
20:35:47.0 (42315464)|ENTERING_MANAGED_PKG|tdc_tsw
20:35:47.0 (45692653)|ENTERING_MANAGED_PKG|tdc_tsw
20:35:47.0 (46636057)|ENTERING_MANAGED_PKG|tdc_tsw
20:35:47.0 (46937487)|ENTERING_MANAGED_PKG|tdc_tsw
20:35:47.0 (47454534)|ENTERING_MANAGED_PKG|tdc_tsw
20:35:47.0 (48803996)|ENTERING_MANAGED_PKG|tdc_tsw
20:35:47.0 (49724967)|ENTERING_MANAGED_PKG|tdc_tsw
20:35:47.0 (50005956)|ENTERING_MANAGED_PKG|tdc_tsw
20:35:47.0 (50504462)|ENTERING_MANAGED_PKG|tdc_tsw
20:35:47.0 (51922332)|ENTERING_MANAGED_PKG|tdc_tsw
20:35:47.0 (52657442)|ENTERING_MANAGED_PKG|tdc_tsw
20:35:47.0 (52738463)|ENTERING_MANAGED_PKG|tdc_tsw
20:35:47.0 (53375223)|SOQL_EXECUTE_BEGIN|[200]|Aggregations:0|SELECT Name, NamespacePrefix, SystemModStamp FROM StaticResource WHERE Name LIKE :tmpVar1 LIMIT 10
20:35:47.0 (56652126)|SOQL_EXECUTE_END|[200]|Rows:1
20:35:47.0 (57442435)|ENTERING_MANAGED_PKG|tdc_tsw
20:35:47.0 (57813256)|SOQL_EXECUTE_BEGIN|[200]|Aggregations:0|SELECT Name, NamespacePrefix, SystemModStamp FROM StaticResource WHERE Name LIKE :tmpVar1 LIMIT 10
20:35:47.0 (60305578)|SOQL_EXECUTE_END|[200]|Rows:1
20:35:47.0 (60690837)|ENTERING_MANAGED_PKG|tdc_tsw
20:35:47.0 (63805786)|ENTERING_MANAGED_PKG|tdc_tsw
20:35:47.0 (65336399)|ENTERING_MANAGED_PKG|tdc_tsw
20:35:47.0 (65619403)|ENTERING_MANAGED_PKG|tdc_tsw
20:35:47.0 (66451699)|ENTERING_MANAGED_PKG|tdc_tsw
20:35:47.0 (66811044)|SOQL_EXECUTE_BEGIN|[200]|Aggregations:0|SELECT Name, NamespacePrefix, SystemModStamp FROM StaticResource WHERE Name LIKE :tmpVar1 LIMIT 10
20:35:47.0 (69107117)|SOQL_EXECUTE_END|[200]|Rows:1
20:35:47.74 (74314736)|USER_INFO|[EXTERNAL]|0051H000009gxp8|chanida.dev2@solvedbysoftwareco.com|Eastern Standard Time|GMT-05:00
20:35:47.74 (75706669)|ENTERING_MANAGED_PKG|tdc_tsw
20:35:47.74 (75867306)|ENTERING_MANAGED_PKG|tdc_tsw
20:35:47.74 (78135033)|SOQL_EXECUTE_BEGIN|[355]|Aggregations:0|SELECT id, name, Disable_Incoming_SMS_Sharing__c FROM User WHERE id = :tmpVar1
20:35:47.74 (83826295)|SOQL_EXECUTE_END|[355]|Rows:1
20:35:47.74 (84790581)|SOQL_EXECUTE_BEGIN|[367]|Aggregations:0|SELECT CreatedDate,Id,LastModifiedDate,Related_Object_Id__c FROM Message__c WHERE Name = 'Incoming' AND Read__c = false ORDER BY CreatedDate Desc limit 100
20:35:47.74 (90574753)|SOQL_EXECUTE_END|[367]|Rows:16
