44.0 APEX_CODE,FINEST;APEX_PROFILING,INFO;CALLOUT,INFO;DB,INFO;NBA,INFO;SYSTEM,DEBUG;VALIDATION,INFO;VISUALFORCE,INFO;WAVE,INFO;WORKFLOW,INFO
23:21:16.0 (185110)|USER_INFO|[EXTERNAL]|0051H000009gxp8|chanida.dev2@solvedbysoftwareco.com|Eastern Standard Time|GMT-05:00
23:21:16.0 (2576201)|ENTERING_MANAGED_PKG|tdc_tsw
23:21:16.0 (2761300)|ENTERING_MANAGED_PKG|tdc_tsw
23:21:16.0 (3339905)|ENTERING_MANAGED_PKG|tdc_tsw
23:21:16.0 (3386108)|ENTERING_MANAGED_PKG|tdc_tsw
23:21:16.0 (4252994)|ENTERING_MANAGED_PKG|tdc_tsw
23:21:16.0 (5067707)|ENTERING_MANAGED_PKG|tdc_tsw
23:21:16.0 (6444944)|ENTERING_MANAGED_PKG|tdc_tsw
23:21:16.0 (6524540)|ENTERING_MANAGED_PKG|tdc_tsw
23:21:16.0 (7660047)|ENTERING_MANAGED_PKG|tdc_tsw
23:21:16.0 (14555248)|SOQL_EXECUTE_BEGIN|[82]|Aggregations:0|SELECT CreatedDate, Id,Task_Created__c,Event_Created__c,isCaseCreated__c,Task_Id__c,Event_Id__c,Case__c, Important__c, Delivered__c, Message_Text_New__c, Name, Owner.Name, Read__c,MessageId__c, ToNumber__c, Related_Object_Id__c, Related_Object__c, Sender_Number__c, LastModifiedDate, Attachments_Ids__c FROM Message__c WHERE Contact__c =: recordId ORDER BY CreatedDate Desc limit 200
23:21:16.0 (25328284)|SOQL_EXECUTE_END|[82]|Rows:2
23:21:16.0 (26788889)|ENTERING_MANAGED_PKG|tdc_tsw
23:21:16.0 (27073734)|ENTERING_MANAGED_PKG|tdc_tsw
23:21:16.0 (27144531)|ENTERING_MANAGED_PKG|tdc_tsw
23:21:16.0 (27672749)|SOQL_EXECUTE_BEGIN|[200]|Aggregations:0|SELECT Name, NamespacePrefix, SystemModStamp FROM StaticResource WHERE Name LIKE :tmpVar1 LIMIT 10
23:21:16.0 (30201117)|SOQL_EXECUTE_END|[200]|Rows:1
23:21:16.0 (32126441)|ENTERING_MANAGED_PKG|tdc_tsw
23:21:16.0 (33621091)|ENTERING_MANAGED_PKG|tdc_tsw
23:21:16.0 (33665865)|ENTERING_MANAGED_PKG|tdc_tsw
23:21:16.0 (35414597)|ENTERING_MANAGED_PKG|tdc_tsw
23:21:16.0 (36143808)|ENTERING_MANAGED_PKG|tdc_tsw
23:21:16.0 (40340652)|SOQL_EXECUTE_BEGIN|[172]|Aggregations:0|SELECT id, name FROM ChatTranscript__c WHERE (Chat_Active__c = TRUE AND (Related_Object_Id__c = :tmpVar1 OR Related_Object_Id__c = :tmpVar2)) LIMIT 1
23:21:16.0 (43117969)|SOQL_EXECUTE_END|[172]|Rows:0
23:21:16.0 (43459657)|ENTERING_MANAGED_PKG|tdc_tsw
23:21:16.0 (43495780)|ENTERING_MANAGED_PKG|tdc_tsw
