44.0 APEX_CODE,FINEST;APEX_PROFILING,INFO;CALLOUT,INFO;DB,INFO;NBA,INFO;SYSTEM,DEBUG;VALIDATION,INFO;VISUALFORCE,INFO;WAVE,INFO;WORKFLOW,INFO
22:20:37.0 (177308)|USER_INFO|[EXTERNAL]|0051H000009gxp8|chanida.dev2@solvedbysoftwareco.com|Eastern Standard Time|GMT-05:00
22:20:37.0 (1984474)|ENTERING_MANAGED_PKG|tdc_tsw
22:20:37.0 (2589344)|ENTERING_MANAGED_PKG|tdc_tsw
22:20:37.0 (6394360)|SOQL_EXECUTE_BEGIN|[16]|Aggregations:0|SELECT id, name, Disable_Incoming_SMS_Sharing__c FROM User WHERE id = :tmpVar1
22:20:37.0 (13752763)|SOQL_EXECUTE_END|[16]|Rows:1
22:20:37.0 (19710035)|SOQL_EXECUTE_BEGIN|[37]|Aggregations:0|SELECT CreatedDate,Created_Date__c,Id,LastModifiedDate,MessageId__c,Message_Text_New__c,Name,OwnerId,Read__c,Related_Object_Id__c,Related_Object__c,Sender_Number__c, Sender_Name__c,ToNumber__c,Attachments_Ids__c FROM Message__c WHERE Name = 'Incoming' AND Read__c = false ORDER BY CreatedDate Desc limit 100
22:20:37.0 (40757773)|SOQL_EXECUTE_END|[37]|Rows:100
22:20:37.0 (57677874)|ENTERING_MANAGED_PKG|tdc_tsw
22:20:37.0 (59575077)|ENTERING_MANAGED_PKG|tdc_tsw
22:20:37.0 (60127151)|ENTERING_MANAGED_PKG|tdc_tsw
22:20:37.0 (60823855)|ENTERING_MANAGED_PKG|tdc_tsw
22:20:37.0 (63612933)|ENTERING_MANAGED_PKG|tdc_tsw
22:20:37.0 (64412242)|ENTERING_MANAGED_PKG|tdc_tsw
22:20:37.0 (64647185)|ENTERING_MANAGED_PKG|tdc_tsw
22:20:37.0 (65067692)|ENTERING_MANAGED_PKG|tdc_tsw
22:20:37.0 (66176909)|ENTERING_MANAGED_PKG|tdc_tsw
22:20:37.0 (66915404)|ENTERING_MANAGED_PKG|tdc_tsw
22:20:37.0 (67154401)|ENTERING_MANAGED_PKG|tdc_tsw
22:20:37.0 (67551400)|ENTERING_MANAGED_PKG|tdc_tsw
22:20:37.0 (68649518)|ENTERING_MANAGED_PKG|tdc_tsw
22:20:37.0 (69403861)|ENTERING_MANAGED_PKG|tdc_tsw
22:20:37.0 (69630930)|ENTERING_MANAGED_PKG|tdc_tsw
22:20:37.0 (70036500)|ENTERING_MANAGED_PKG|tdc_tsw
22:20:37.0 (71133011)|ENTERING_MANAGED_PKG|tdc_tsw
22:20:37.0 (71876479)|ENTERING_MANAGED_PKG|tdc_tsw
22:20:37.0 (72110786)|ENTERING_MANAGED_PKG|tdc_tsw
22:20:37.0 (72505705)|ENTERING_MANAGED_PKG|tdc_tsw
22:20:37.0 (73594219)|ENTERING_MANAGED_PKG|tdc_tsw
22:20:37.0 (74340318)|ENTERING_MANAGED_PKG|tdc_tsw
22:20:37.0 (74569260)|ENTERING_MANAGED_PKG|tdc_tsw
22:20:37.0 (74970824)|ENTERING_MANAGED_PKG|tdc_tsw
22:20:37.0 (76063861)|ENTERING_MANAGED_PKG|tdc_tsw
22:20:37.0 (76797042)|ENTERING_MANAGED_PKG|tdc_tsw
22:20:37.0 (77033247)|ENTERING_MANAGED_PKG|tdc_tsw
22:20:37.0 (77426213)|ENTERING_MANAGED_PKG|tdc_tsw
22:20:37.0 (78580493)|ENTERING_MANAGED_PKG|tdc_tsw
22:20:37.0 (79357199)|ENTERING_MANAGED_PKG|tdc_tsw
22:20:37.0 (79601197)|ENTERING_MANAGED_PKG|tdc_tsw
22:20:37.0 (80029460)|ENTERING_MANAGED_PKG|tdc_tsw
22:20:37.0 (81181741)|ENTERING_MANAGED_PKG|tdc_tsw
22:20:37.0 (81958317)|ENTERING_MANAGED_PKG|tdc_tsw
22:20:37.0 (82197275)|ENTERING_MANAGED_PKG|tdc_tsw
22:20:37.0 (82613728)|ENTERING_MANAGED_PKG|tdc_tsw
22:20:37.0 (83765552)|ENTERING_MANAGED_PKG|tdc_tsw
22:20:37.0 (84541578)|ENTERING_MANAGED_PKG|tdc_tsw
22:20:37.0 (84785281)|ENTERING_MANAGED_PKG|tdc_tsw
22:20:37.0 (85222765)|ENTERING_MANAGED_PKG|tdc_tsw
22:20:37.0 (86382712)|ENTERING_MANAGED_PKG|tdc_tsw
22:20:37.0 (87159617)|ENTERING_MANAGED_PKG|tdc_tsw
22:20:37.0 (87404053)|ENTERING_MANAGED_PKG|tdc_tsw
22:20:37.0 (87818875)|ENTERING_MANAGED_PKG|tdc_tsw
22:20:37.0 (88986172)|ENTERING_MANAGED_PKG|tdc_tsw
22:20:37.0 (89754423)|ENTERING_MANAGED_PKG|tdc_tsw
22:20:37.0 (90005807)|ENTERING_MANAGED_PKG|tdc_tsw
22:20:37.0 (90423955)|ENTERING_MANAGED_PKG|tdc_tsw
22:20:37.0 (91577532)|ENTERING_MANAGED_PKG|tdc_tsw
22:20:37.0 (92357705)|ENTERING_MANAGED_PKG|tdc_tsw
22:20:37.0 (92599809)|ENTERING_MANAGED_PKG|tdc_tsw
22:20:37.0 (93018701)|ENTERING_MANAGED_PKG|tdc_tsw
22:20:37.0 (94187200)|ENTERING_MANAGED_PKG|tdc_tsw
22:20:37.0 (94962928)|ENTERING_MANAGED_PKG|tdc_tsw
22:20:37.0 (95203797)|ENTERING_MANAGED_PKG|tdc_tsw
22:20:37.0 (95616376)|ENTERING_MANAGED_PKG|tdc_tsw
22:20:37.0 (96767990)|ENTERING_MANAGED_PKG|tdc_tsw
22:20:37.0 (97549380)|ENTERING_MANAGED_PKG|tdc_tsw
22:20:37.0 (97787313)|ENTERING_MANAGED_PKG|tdc_tsw
22:20:37.0 (98211750)|ENTERING_MANAGED_PKG|tdc_tsw
22:20:37.0 (99367424)|ENTERING_MANAGED_PKG|tdc_tsw
22:20:37.0 (100143352)|ENTERING_MANAGED_PKG|tdc_tsw
22:20:37.0 (100384887)|ENTERING_MANAGED_PKG|tdc_tsw
22:20:37.0 (100797631)|ENTERING_MANAGED_PKG|tdc_tsw
22:20:37.0 (101948249)|ENTERING_MANAGED_PKG|tdc_tsw
22:20:37.0 (102717393)|ENTERING_MANAGED_PKG|tdc_tsw
22:20:37.0 (102968631)|ENTERING_MANAGED_PKG|tdc_tsw
22:20:37.0 (103383601)|ENTERING_MANAGED_PKG|tdc_tsw
22:20:37.0 (104540191)|ENTERING_MANAGED_PKG|tdc_tsw
22:20:37.0 (105320586)|ENTERING_MANAGED_PKG|tdc_tsw
22:20:37.0 (105558093)|ENTERING_MANAGED_PKG|tdc_tsw
22:20:37.0 (105991941)|ENTERING_MANAGED_PKG|tdc_tsw
22:20:37.0 (107137996)|ENTERING_MANAGED_PKG|tdc_tsw
22:20:37.0 (107906850)|ENTERING_MANAGED_PKG|tdc_tsw
22:20:37.0 (108149915)|ENTERING_MANAGED_PKG|tdc_tsw
22:20:37.0 (108567449)|ENTERING_MANAGED_PKG|tdc_tsw
22:20:37.0 (109720281)|ENTERING_MANAGED_PKG|tdc_tsw
22:20:37.0 (110501123)|ENTERING_MANAGED_PKG|tdc_tsw
22:20:37.0 (110742099)|ENTERING_MANAGED_PKG|tdc_tsw
22:20:37.0 (111161051)|ENTERING_MANAGED_PKG|tdc_tsw
22:20:37.0 (112310942)|ENTERING_MANAGED_PKG|tdc_tsw
22:20:37.0 (113124963)|ENTERING_MANAGED_PKG|tdc_tsw
22:20:37.0 (113364431)|ENTERING_MANAGED_PKG|tdc_tsw
22:20:37.0 (113778084)|ENTERING_MANAGED_PKG|tdc_tsw
22:20:37.0 (114927231)|ENTERING_MANAGED_PKG|tdc_tsw
22:20:37.0 (115711837)|ENTERING_MANAGED_PKG|tdc_tsw
22:20:37.0 (115958679)|ENTERING_MANAGED_PKG|tdc_tsw
22:20:37.0 (116368668)|ENTERING_MANAGED_PKG|tdc_tsw
22:20:37.0 (117522188)|ENTERING_MANAGED_PKG|tdc_tsw
22:20:37.0 (118297718)|ENTERING_MANAGED_PKG|tdc_tsw
22:20:37.0 (118540683)|ENTERING_MANAGED_PKG|tdc_tsw
22:20:37.0 (118959519)|ENTERING_MANAGED_PKG|tdc_tsw
22:20:37.0 (120111321)|ENTERING_MANAGED_PKG|tdc_tsw
22:20:37.0 (120879411)|ENTERING_MANAGED_PKG|tdc_tsw
22:20:37.0 (121131056)|ENTERING_MANAGED_PKG|tdc_tsw
22:20:37.0 (121544822)|ENTERING_MANAGED_PKG|tdc_tsw
22:20:37.0 (122690662)|ENTERING_MANAGED_PKG|tdc_tsw
22:20:37.0 (123463990)|ENTERING_MANAGED_PKG|tdc_tsw
22:20:37.0 (123757066)|ENTERING_MANAGED_PKG|tdc_tsw
22:20:37.0 (124194155)|ENTERING_MANAGED_PKG|tdc_tsw
22:20:37.0 (125360194)|ENTERING_MANAGED_PKG|tdc_tsw
22:20:37.0 (126137734)|ENTERING_MANAGED_PKG|tdc_tsw
22:20:37.0 (126380054)|ENTERING_MANAGED_PKG|tdc_tsw
22:20:37.0 (126796144)|ENTERING_MANAGED_PKG|tdc_tsw
22:20:37.0 (127965127)|ENTERING_MANAGED_PKG|tdc_tsw
22:20:37.0 (128711821)|ENTERING_MANAGED_PKG|tdc_tsw
22:20:37.0 (128945748)|ENTERING_MANAGED_PKG|tdc_tsw
22:20:37.0 (129339674)|ENTERING_MANAGED_PKG|tdc_tsw
22:20:37.0 (130425853)|ENTERING_MANAGED_PKG|tdc_tsw
22:20:37.0 (131170692)|ENTERING_MANAGED_PKG|tdc_tsw
22:20:37.0 (131399474)|ENTERING_MANAGED_PKG|tdc_tsw
22:20:37.0 (131791959)|ENTERING_MANAGED_PKG|tdc_tsw
22:20:37.0 (132874594)|ENTERING_MANAGED_PKG|tdc_tsw
22:20:37.0 (133616540)|ENTERING_MANAGED_PKG|tdc_tsw
22:20:37.0 (133844667)|ENTERING_MANAGED_PKG|tdc_tsw
22:20:37.0 (134248994)|ENTERING_MANAGED_PKG|tdc_tsw
22:20:37.0 (135333914)|ENTERING_MANAGED_PKG|tdc_tsw
22:20:37.0 (136077524)|ENTERING_MANAGED_PKG|tdc_tsw
22:20:37.0 (136284740)|ENTERING_MANAGED_PKG|tdc_tsw
22:20:37.0 (136677075)|ENTERING_MANAGED_PKG|tdc_tsw
22:20:37.0 (137764353)|ENTERING_MANAGED_PKG|tdc_tsw
22:20:37.0 (138514911)|ENTERING_MANAGED_PKG|tdc_tsw
22:20:37.0 (138741971)|ENTERING_MANAGED_PKG|tdc_tsw
22:20:37.0 (139147922)|ENTERING_MANAGED_PKG|tdc_tsw
22:20:37.0 (140237638)|ENTERING_MANAGED_PKG|tdc_tsw
22:20:37.0 (140984078)|ENTERING_MANAGED_PKG|tdc_tsw
22:20:37.0 (141186471)|ENTERING_MANAGED_PKG|tdc_tsw
22:20:37.0 (141579624)|ENTERING_MANAGED_PKG|tdc_tsw
22:20:37.0 (142671225)|ENTERING_MANAGED_PKG|tdc_tsw
22:20:37.0 (143775536)|ENTERING_MANAGED_PKG|tdc_tsw
22:20:37.0 (144025980)|ENTERING_MANAGED_PKG|tdc_tsw
22:20:37.0 (144785398)|ENTERING_MANAGED_PKG|tdc_tsw
22:20:37.0 (146062727)|ENTERING_MANAGED_PKG|tdc_tsw
22:20:37.0 (146836106)|ENTERING_MANAGED_PKG|tdc_tsw
22:20:37.0 (147082850)|ENTERING_MANAGED_PKG|tdc_tsw
22:20:37.0 (147598597)|ENTERING_MANAGED_PKG|tdc_tsw
22:20:37.0 (148978955)|ENTERING_MANAGED_PKG|tdc_tsw
22:20:37.0 (149830149)|ENTERING_MANAGED_PKG|tdc_tsw
22:20:37.0 (149917063)|ENTERING_MANAGED_PKG|tdc_tsw
22:20:37.0 (150548307)|SOQL_EXECUTE_BEGIN|[200]|Aggregations:0|SELECT Name, NamespacePrefix, SystemModStamp FROM StaticResource WHERE Name LIKE :tmpVar1 LIMIT 10
22:20:37.0 (153902354)|SOQL_EXECUTE_END|[200]|Rows:1
22:20:37.0 (154814410)|ENTERING_MANAGED_PKG|tdc_tsw
22:20:37.0 (155228025)|SOQL_EXECUTE_BEGIN|[200]|Aggregations:0|SELECT Name, NamespacePrefix, SystemModStamp FROM StaticResource WHERE Name LIKE :tmpVar1 LIMIT 10
22:20:37.0 (157542594)|SOQL_EXECUTE_END|[200]|Rows:1
22:20:37.0 (158160541)|ENTERING_MANAGED_PKG|tdc_tsw
22:20:37.0 (161797400)|ENTERING_MANAGED_PKG|tdc_tsw
22:20:37.0 (163610056)|ENTERING_MANAGED_PKG|tdc_tsw
22:20:37.0 (163919623)|ENTERING_MANAGED_PKG|tdc_tsw
22:20:37.0 (164810209)|ENTERING_MANAGED_PKG|tdc_tsw
22:20:37.0 (165236069)|SOQL_EXECUTE_BEGIN|[200]|Aggregations:0|SELECT Name, NamespacePrefix, SystemModStamp FROM StaticResource WHERE Name LIKE :tmpVar1 LIMIT 10
22:20:37.0 (168021376)|SOQL_EXECUTE_END|[200]|Rows:1
22:20:37.177 (177498585)|USER_INFO|[EXTERNAL]|0051H000009gxp8|chanida.dev2@solvedbysoftwareco.com|Eastern Standard Time|GMT-05:00
22:20:37.177 (179101891)|ENTERING_MANAGED_PKG|tdc_tsw
22:20:37.177 (179323411)|ENTERING_MANAGED_PKG|tdc_tsw
22:20:37.177 (182044618)|SOQL_EXECUTE_BEGIN|[355]|Aggregations:0|SELECT id, name, Disable_Incoming_SMS_Sharing__c FROM User WHERE id = :tmpVar1
22:20:37.177 (188341088)|SOQL_EXECUTE_END|[355]|Rows:1
22:20:37.177 (189375081)|SOQL_EXECUTE_BEGIN|[367]|Aggregations:0|SELECT CreatedDate,Id,LastModifiedDate,Related_Object_Id__c FROM Message__c WHERE Name = 'Incoming' AND Read__c = false ORDER BY CreatedDate Desc limit 100
22:20:37.177 (198053802)|SOQL_EXECUTE_END|[367]|Rows:100
