44.0 APEX_CODE,FINEST;APEX_PROFILING,INFO;CALLOUT,INFO;DB,INFO;NBA,INFO;SYSTEM,DEBUG;VALIDATION,INFO;VISUALFORCE,INFO;WAVE,INFO;WORKFLOW,INFO
22:49:07.0 (153047)|USER_INFO|[EXTERNAL]|0051H000009gxp8|chanida.dev2@solvedbysoftwareco.com|Eastern Standard Time|GMT-05:00
22:49:07.0 (1820009)|ENTERING_MANAGED_PKG|tdc_tsw
22:49:07.0 (2267178)|ENTERING_MANAGED_PKG|tdc_tsw
22:49:07.0 (12865367)|SOQL_EXECUTE_BEGIN|[16]|Aggregations:0|SELECT id, name, Disable_Incoming_SMS_Sharing__c FROM User WHERE id = :tmpVar1
22:49:07.0 (21969890)|SOQL_EXECUTE_END|[16]|Rows:1
22:49:07.0 (28054972)|SOQL_EXECUTE_BEGIN|[37]|Aggregations:0|SELECT CreatedDate,Created_Date__c,Id,LastModifiedDate,MessageId__c,Message_Text_New__c,Name,OwnerId,Read__c,Related_Object_Id__c,Related_Object__c,Sender_Number__c, Sender_Name__c,ToNumber__c,Attachments_Ids__c FROM Message__c WHERE Name = 'Incoming' AND Read__c = false ORDER BY CreatedDate Desc limit 100
22:49:07.0 (45863707)|SOQL_EXECUTE_END|[37]|Rows:100
22:49:07.0 (64634101)|ENTERING_MANAGED_PKG|tdc_tsw
22:49:07.0 (66756464)|ENTERING_MANAGED_PKG|tdc_tsw
22:49:07.0 (67358126)|ENTERING_MANAGED_PKG|tdc_tsw
22:49:07.0 (68144621)|ENTERING_MANAGED_PKG|tdc_tsw
22:49:07.0 (71439348)|ENTERING_MANAGED_PKG|tdc_tsw
22:49:07.0 (72657207)|ENTERING_MANAGED_PKG|tdc_tsw
22:49:07.0 (72944389)|ENTERING_MANAGED_PKG|tdc_tsw
22:49:07.0 (73441954)|ENTERING_MANAGED_PKG|tdc_tsw
22:49:07.0 (75379131)|ENTERING_MANAGED_PKG|tdc_tsw
22:49:07.0 (76971739)|ENTERING_MANAGED_PKG|tdc_tsw
22:49:07.0 (77276917)|ENTERING_MANAGED_PKG|tdc_tsw
22:49:07.0 (77814689)|ENTERING_MANAGED_PKG|tdc_tsw
22:49:07.0 (79385210)|ENTERING_MANAGED_PKG|tdc_tsw
22:49:07.0 (80803743)|ENTERING_MANAGED_PKG|tdc_tsw
22:49:07.0 (81077832)|ENTERING_MANAGED_PKG|tdc_tsw
22:49:07.0 (81612924)|ENTERING_MANAGED_PKG|tdc_tsw
22:49:07.0 (83590271)|ENTERING_MANAGED_PKG|tdc_tsw
22:49:07.0 (84864717)|ENTERING_MANAGED_PKG|tdc_tsw
22:49:07.0 (85209132)|ENTERING_MANAGED_PKG|tdc_tsw
22:49:07.0 (85870070)|ENTERING_MANAGED_PKG|tdc_tsw
22:49:07.0 (87627330)|ENTERING_MANAGED_PKG|tdc_tsw
22:49:07.0 (89319505)|ENTERING_MANAGED_PKG|tdc_tsw
22:49:07.0 (89838838)|ENTERING_MANAGED_PKG|tdc_tsw
22:49:07.0 (90734701)|ENTERING_MANAGED_PKG|tdc_tsw
22:49:07.0 (92528935)|ENTERING_MANAGED_PKG|tdc_tsw
22:49:07.0 (94243323)|ENTERING_MANAGED_PKG|tdc_tsw
22:49:07.0 (94761382)|ENTERING_MANAGED_PKG|tdc_tsw
22:49:07.0 (95342179)|ENTERING_MANAGED_PKG|tdc_tsw
22:49:07.0 (97434350)|ENTERING_MANAGED_PKG|tdc_tsw
22:49:07.0 (98575091)|ENTERING_MANAGED_PKG|tdc_tsw
22:49:07.0 (98936682)|ENTERING_MANAGED_PKG|tdc_tsw
22:49:07.0 (99641653)|ENTERING_MANAGED_PKG|tdc_tsw
22:49:07.0 (101256319)|ENTERING_MANAGED_PKG|tdc_tsw
22:49:07.0 (102813125)|ENTERING_MANAGED_PKG|tdc_tsw
22:49:07.0 (103330025)|ENTERING_MANAGED_PKG|tdc_tsw
22:49:07.0 (104262494)|ENTERING_MANAGED_PKG|tdc_tsw
22:49:07.0 (106063712)|ENTERING_MANAGED_PKG|tdc_tsw
22:49:07.0 (107404490)|ENTERING_MANAGED_PKG|tdc_tsw
22:49:07.0 (107767317)|ENTERING_MANAGED_PKG|tdc_tsw
22:49:07.0 (108281386)|ENTERING_MANAGED_PKG|tdc_tsw
22:49:07.0 (110670597)|ENTERING_MANAGED_PKG|tdc_tsw
22:49:07.0 (112361946)|ENTERING_MANAGED_PKG|tdc_tsw
22:49:07.0 (112869654)|ENTERING_MANAGED_PKG|tdc_tsw
22:49:07.0 (113715591)|ENTERING_MANAGED_PKG|tdc_tsw
22:49:07.0 (115191845)|ENTERING_MANAGED_PKG|tdc_tsw
22:49:07.0 (116379410)|ENTERING_MANAGED_PKG|tdc_tsw
22:49:07.0 (116816715)|ENTERING_MANAGED_PKG|tdc_tsw
22:49:07.0 (117619914)|ENTERING_MANAGED_PKG|tdc_tsw
22:49:07.0 (119397067)|ENTERING_MANAGED_PKG|tdc_tsw
22:49:07.0 (120888620)|ENTERING_MANAGED_PKG|tdc_tsw
22:49:07.0 (121335020)|ENTERING_MANAGED_PKG|tdc_tsw
22:49:07.0 (122158141)|ENTERING_MANAGED_PKG|tdc_tsw
22:49:07.0 (123981688)|ENTERING_MANAGED_PKG|tdc_tsw
22:49:07.0 (124923646)|ENTERING_MANAGED_PKG|tdc_tsw
22:49:07.0 (125253322)|ENTERING_MANAGED_PKG|tdc_tsw
22:49:07.0 (125869547)|ENTERING_MANAGED_PKG|tdc_tsw
22:49:07.0 (127327854)|ENTERING_MANAGED_PKG|tdc_tsw
22:49:07.0 (128763994)|ENTERING_MANAGED_PKG|tdc_tsw
22:49:07.0 (129162646)|ENTERING_MANAGED_PKG|tdc_tsw
22:49:07.0 (129962983)|ENTERING_MANAGED_PKG|tdc_tsw
22:49:07.0 (131928064)|ENTERING_MANAGED_PKG|tdc_tsw
22:49:07.0 (133145308)|ENTERING_MANAGED_PKG|tdc_tsw
22:49:07.0 (133412000)|ENTERING_MANAGED_PKG|tdc_tsw
22:49:07.0 (134171091)|ENTERING_MANAGED_PKG|tdc_tsw
22:49:07.0 (136183048)|ENTERING_MANAGED_PKG|tdc_tsw
22:49:07.0 (137636535)|ENTERING_MANAGED_PKG|tdc_tsw
22:49:07.0 (138385788)|ENTERING_MANAGED_PKG|tdc_tsw
22:49:07.0 (138827549)|ENTERING_MANAGED_PKG|tdc_tsw
22:49:07.0 (139993098)|ENTERING_MANAGED_PKG|tdc_tsw
22:49:07.0 (140801919)|ENTERING_MANAGED_PKG|tdc_tsw
22:49:07.0 (141043450)|ENTERING_MANAGED_PKG|tdc_tsw
22:49:07.0 (141469121)|ENTERING_MANAGED_PKG|tdc_tsw
22:49:07.0 (142604579)|ENTERING_MANAGED_PKG|tdc_tsw
22:49:07.0 (143397456)|ENTERING_MANAGED_PKG|tdc_tsw
22:49:07.0 (143635182)|ENTERING_MANAGED_PKG|tdc_tsw
22:49:07.0 (144048724)|ENTERING_MANAGED_PKG|tdc_tsw
22:49:07.0 (145178181)|ENTERING_MANAGED_PKG|tdc_tsw
22:49:07.0 (145967051)|ENTERING_MANAGED_PKG|tdc_tsw
22:49:07.0 (146204379)|ENTERING_MANAGED_PKG|tdc_tsw
22:49:07.0 (146622749)|ENTERING_MANAGED_PKG|tdc_tsw
22:49:07.0 (147746507)|ENTERING_MANAGED_PKG|tdc_tsw
22:49:07.0 (148564913)|ENTERING_MANAGED_PKG|tdc_tsw
22:49:07.0 (148804089)|ENTERING_MANAGED_PKG|tdc_tsw
22:49:07.0 (149213072)|ENTERING_MANAGED_PKG|tdc_tsw
22:49:07.0 (150372684)|ENTERING_MANAGED_PKG|tdc_tsw
22:49:07.0 (151151786)|ENTERING_MANAGED_PKG|tdc_tsw
22:49:07.0 (151400325)|ENTERING_MANAGED_PKG|tdc_tsw
22:49:07.0 (151808101)|ENTERING_MANAGED_PKG|tdc_tsw
22:49:07.0 (152929945)|ENTERING_MANAGED_PKG|tdc_tsw
22:49:07.0 (153714074)|ENTERING_MANAGED_PKG|tdc_tsw
22:49:07.0 (153951126)|ENTERING_MANAGED_PKG|tdc_tsw
22:49:07.0 (154369274)|ENTERING_MANAGED_PKG|tdc_tsw
22:49:07.0 (155496492)|ENTERING_MANAGED_PKG|tdc_tsw
22:49:07.0 (156283299)|ENTERING_MANAGED_PKG|tdc_tsw
22:49:07.0 (156531087)|ENTERING_MANAGED_PKG|tdc_tsw
22:49:07.0 (156942284)|ENTERING_MANAGED_PKG|tdc_tsw
22:49:07.0 (158060749)|ENTERING_MANAGED_PKG|tdc_tsw
22:49:07.0 (158848193)|ENTERING_MANAGED_PKG|tdc_tsw
22:49:07.0 (159086371)|ENTERING_MANAGED_PKG|tdc_tsw
22:49:07.0 (159514584)|ENTERING_MANAGED_PKG|tdc_tsw
22:49:07.0 (160645276)|ENTERING_MANAGED_PKG|tdc_tsw
22:49:07.0 (161453236)|ENTERING_MANAGED_PKG|tdc_tsw
22:49:07.0 (161692672)|ENTERING_MANAGED_PKG|tdc_tsw
22:49:07.0 (162104776)|ENTERING_MANAGED_PKG|tdc_tsw
22:49:07.0 (163243311)|ENTERING_MANAGED_PKG|tdc_tsw
22:49:07.0 (164020654)|ENTERING_MANAGED_PKG|tdc_tsw
22:49:07.0 (164262302)|ENTERING_MANAGED_PKG|tdc_tsw
22:49:07.0 (164678374)|ENTERING_MANAGED_PKG|tdc_tsw
22:49:07.0 (165805972)|ENTERING_MANAGED_PKG|tdc_tsw
22:49:07.0 (166590878)|ENTERING_MANAGED_PKG|tdc_tsw
22:49:07.0 (166828247)|ENTERING_MANAGED_PKG|tdc_tsw
22:49:07.0 (167246785)|ENTERING_MANAGED_PKG|tdc_tsw
22:49:07.0 (168372773)|ENTERING_MANAGED_PKG|tdc_tsw
22:49:07.0 (169148659)|ENTERING_MANAGED_PKG|tdc_tsw
22:49:07.0 (169393366)|ENTERING_MANAGED_PKG|tdc_tsw
22:49:07.0 (169806041)|ENTERING_MANAGED_PKG|tdc_tsw
22:49:07.0 (170933280)|ENTERING_MANAGED_PKG|tdc_tsw
22:49:07.0 (171721368)|ENTERING_MANAGED_PKG|tdc_tsw
22:49:07.0 (171960728)|ENTERING_MANAGED_PKG|tdc_tsw
22:49:07.0 (172387013)|ENTERING_MANAGED_PKG|tdc_tsw
22:49:07.0 (173540955)|ENTERING_MANAGED_PKG|tdc_tsw
22:49:07.0 (174338337)|ENTERING_MANAGED_PKG|tdc_tsw
22:49:07.0 (174575550)|ENTERING_MANAGED_PKG|tdc_tsw
22:49:07.0 (174992187)|ENTERING_MANAGED_PKG|tdc_tsw
22:49:07.0 (176119953)|ENTERING_MANAGED_PKG|tdc_tsw
22:49:07.0 (176910041)|ENTERING_MANAGED_PKG|tdc_tsw
22:49:07.0 (177146524)|ENTERING_MANAGED_PKG|tdc_tsw
22:49:07.0 (177566499)|ENTERING_MANAGED_PKG|tdc_tsw
22:49:07.0 (178697259)|ENTERING_MANAGED_PKG|tdc_tsw
22:49:07.0 (179477047)|ENTERING_MANAGED_PKG|tdc_tsw
22:49:07.0 (179714809)|ENTERING_MANAGED_PKG|tdc_tsw
22:49:07.0 (180129104)|ENTERING_MANAGED_PKG|tdc_tsw
22:49:07.0 (181268103)|ENTERING_MANAGED_PKG|tdc_tsw
22:49:07.0 (182045269)|ENTERING_MANAGED_PKG|tdc_tsw
22:49:07.0 (182289595)|ENTERING_MANAGED_PKG|tdc_tsw
22:49:07.0 (182702728)|ENTERING_MANAGED_PKG|tdc_tsw
22:49:07.0 (183839835)|ENTERING_MANAGED_PKG|tdc_tsw
22:49:07.0 (184637440)|ENTERING_MANAGED_PKG|tdc_tsw
22:49:07.0 (184875446)|ENTERING_MANAGED_PKG|tdc_tsw
22:49:07.0 (185295393)|ENTERING_MANAGED_PKG|tdc_tsw
22:49:07.0 (186420331)|ENTERING_MANAGED_PKG|tdc_tsw
22:49:07.0 (187200125)|ENTERING_MANAGED_PKG|tdc_tsw
22:49:07.0 (187444090)|ENTERING_MANAGED_PKG|tdc_tsw
22:49:07.0 (187854362)|ENTERING_MANAGED_PKG|tdc_tsw
22:49:07.0 (188981048)|ENTERING_MANAGED_PKG|tdc_tsw
22:49:07.0 (189766006)|ENTERING_MANAGED_PKG|tdc_tsw
22:49:07.0 (190004499)|ENTERING_MANAGED_PKG|tdc_tsw
22:49:07.0 (190428869)|ENTERING_MANAGED_PKG|tdc_tsw
22:49:07.0 (191606664)|ENTERING_MANAGED_PKG|tdc_tsw
22:49:07.0 (192393928)|ENTERING_MANAGED_PKG|tdc_tsw
22:49:07.0 (192607123)|ENTERING_MANAGED_PKG|tdc_tsw
22:49:07.0 (193020801)|ENTERING_MANAGED_PKG|tdc_tsw
22:49:07.0 (194148287)|ENTERING_MANAGED_PKG|tdc_tsw
22:49:07.0 (194938519)|ENTERING_MANAGED_PKG|tdc_tsw
22:49:07.0 (195176007)|ENTERING_MANAGED_PKG|tdc_tsw
22:49:07.0 (195597623)|ENTERING_MANAGED_PKG|tdc_tsw
22:49:07.0 (196726087)|ENTERING_MANAGED_PKG|tdc_tsw
22:49:07.0 (197521352)|ENTERING_MANAGED_PKG|tdc_tsw
22:49:07.0 (197731184)|ENTERING_MANAGED_PKG|tdc_tsw
22:49:07.0 (198153163)|ENTERING_MANAGED_PKG|tdc_tsw
22:49:07.0 (200204016)|ENTERING_MANAGED_PKG|tdc_tsw
22:49:07.0 (201064471)|ENTERING_MANAGED_PKG|tdc_tsw
22:49:07.0 (201146888)|ENTERING_MANAGED_PKG|tdc_tsw
22:49:07.0 (201801284)|SOQL_EXECUTE_BEGIN|[200]|Aggregations:0|SELECT Name, NamespacePrefix, SystemModStamp FROM StaticResource WHERE Name LIKE :tmpVar1 LIMIT 10
22:49:07.0 (205030812)|SOQL_EXECUTE_END|[200]|Rows:1
22:49:07.0 (206144847)|ENTERING_MANAGED_PKG|tdc_tsw
22:49:07.0 (206559956)|SOQL_EXECUTE_BEGIN|[200]|Aggregations:0|SELECT Name, NamespacePrefix, SystemModStamp FROM StaticResource WHERE Name LIKE :tmpVar1 LIMIT 10
22:49:07.0 (208833742)|SOQL_EXECUTE_END|[200]|Rows:1
22:49:07.0 (209235086)|ENTERING_MANAGED_PKG|tdc_tsw
22:49:07.0 (212820094)|ENTERING_MANAGED_PKG|tdc_tsw
22:49:07.0 (214443655)|ENTERING_MANAGED_PKG|tdc_tsw
22:49:07.0 (214960118)|ENTERING_MANAGED_PKG|tdc_tsw
22:49:07.0 (216203702)|ENTERING_MANAGED_PKG|tdc_tsw
22:49:07.0 (216761792)|SOQL_EXECUTE_BEGIN|[200]|Aggregations:0|SELECT Name, NamespacePrefix, SystemModStamp FROM StaticResource WHERE Name LIKE :tmpVar1 LIMIT 10
22:49:07.0 (219962532)|SOQL_EXECUTE_END|[200]|Rows:1
22:49:07.230 (230064713)|USER_INFO|[EXTERNAL]|0051H000009gxp8|chanida.dev2@solvedbysoftwareco.com|Eastern Standard Time|GMT-05:00
22:49:07.230 (231544341)|ENTERING_MANAGED_PKG|tdc_tsw
22:49:07.230 (231721424)|ENTERING_MANAGED_PKG|tdc_tsw
22:49:07.230 (234302054)|SOQL_EXECUTE_BEGIN|[355]|Aggregations:0|SELECT id, name, Disable_Incoming_SMS_Sharing__c FROM User WHERE id = :tmpVar1
22:49:07.230 (240733904)|SOQL_EXECUTE_END|[355]|Rows:1
22:49:07.230 (241792150)|SOQL_EXECUTE_BEGIN|[367]|Aggregations:0|SELECT CreatedDate,Id,LastModifiedDate,Related_Object_Id__c FROM Message__c WHERE Name = 'Incoming' AND Read__c = false ORDER BY CreatedDate Desc limit 100
22:49:07.230 (250112290)|SOQL_EXECUTE_END|[367]|Rows:100
