44.0 APEX_CODE,FINEST;APEX_PROFILING,INFO;CALLOUT,INFO;DB,INFO;NBA,INFO;SYSTEM,DEBUG;VALIDATION,INFO;VISUALFORCE,INFO;WAVE,INFO;WORKFLOW,INFO
00:06:23.0 (145482)|USER_INFO|[EXTERNAL]|0051H000009gxp8|chanida.dev2@solvedbysoftwareco.com|Eastern Standard Time|GMT-05:00
00:06:23.0 (3093034)|ENTERING_MANAGED_PKG|tdc_tsw
00:06:23.0 (3267195)|ENTERING_MANAGED_PKG|tdc_tsw
00:06:23.0 (3680692)|ENTERING_MANAGED_PKG|tdc_tsw
00:06:23.0 (3725245)|ENTERING_MANAGED_PKG|tdc_tsw
00:06:23.0 (4504509)|ENTERING_MANAGED_PKG|tdc_tsw
00:06:23.0 (5254736)|ENTERING_MANAGED_PKG|tdc_tsw
00:06:23.0 (6632848)|ENTERING_MANAGED_PKG|tdc_tsw
00:06:23.0 (6716387)|ENTERING_MANAGED_PKG|tdc_tsw
00:06:23.0 (7851963)|ENTERING_MANAGED_PKG|tdc_tsw
00:06:23.0 (13795838)|SOQL_EXECUTE_BEGIN|[82]|Aggregations:0|SELECT CreatedDate, Id,Task_Created__c,Event_Created__c,isCaseCreated__c,Task_Id__c,Event_Id__c,Case__c, Important__c, Delivered__c, Message_Text_New__c, Name, Owner.Name, Read__c,MessageId__c, ToNumber__c, Related_Object_Id__c, Related_Object__c, Sender_Number__c, LastModifiedDate, Attachments_Ids__c FROM Message__c WHERE Contact__c =: recordId ORDER BY CreatedDate Desc limit 200
00:06:23.0 (25121773)|SOQL_EXECUTE_END|[82]|Rows:2
00:06:23.0 (26540838)|ENTERING_MANAGED_PKG|tdc_tsw
00:06:23.0 (26827947)|ENTERING_MANAGED_PKG|tdc_tsw
00:06:23.0 (26899996)|ENTERING_MANAGED_PKG|tdc_tsw
00:06:23.0 (27462550)|SOQL_EXECUTE_BEGIN|[200]|Aggregations:0|SELECT Name, NamespacePrefix, SystemModStamp FROM StaticResource WHERE Name LIKE :tmpVar1 LIMIT 10
00:06:23.0 (30328466)|SOQL_EXECUTE_END|[200]|Rows:1
00:06:23.0 (31937701)|ENTERING_MANAGED_PKG|tdc_tsw
00:06:23.0 (33471918)|ENTERING_MANAGED_PKG|tdc_tsw
00:06:23.0 (33517724)|ENTERING_MANAGED_PKG|tdc_tsw
00:06:23.0 (36684296)|ENTERING_MANAGED_PKG|tdc_tsw
00:06:23.0 (37872419)|ENTERING_MANAGED_PKG|tdc_tsw
00:06:23.0 (43330815)|SOQL_EXECUTE_BEGIN|[172]|Aggregations:0|SELECT id, name FROM ChatTranscript__c WHERE (Chat_Active__c = TRUE AND (Related_Object_Id__c = :tmpVar1 OR Related_Object_Id__c = :tmpVar2)) LIMIT 1
00:06:23.0 (46795315)|SOQL_EXECUTE_END|[172]|Rows:0
00:06:23.0 (47069623)|ENTERING_MANAGED_PKG|tdc_tsw
00:06:23.0 (47106364)|ENTERING_MANAGED_PKG|tdc_tsw
