44.0 APEX_CODE,FINEST;APEX_PROFILING,INFO;CALLOUT,INFO;DB,INFO;NBA,INFO;SYSTEM,DEBUG;VALIDATION,INFO;VISUALFORCE,INFO;WAVE,INFO;WORKFLOW,INFO
14:08:17.0 (110619)|USER_INFO|[EXTERNAL]|0051H000009gxp8|chanida.dev2@solvedbysoftwareco.com|Eastern Standard Time|GMT-05:00
14:08:17.0 (2416224)|ENTERING_MANAGED_PKG|tdc_tsw
14:08:17.0 (2546511)|ENTERING_MANAGED_PKG|tdc_tsw
14:08:17.0 (2961831)|ENTERING_MANAGED_PKG|tdc_tsw
14:08:17.0 (3001227)|ENTERING_MANAGED_PKG|tdc_tsw
14:08:17.0 (3714949)|ENTERING_MANAGED_PKG|tdc_tsw
14:08:17.0 (4348428)|ENTERING_MANAGED_PKG|tdc_tsw
14:08:17.0 (5696832)|ENTERING_MANAGED_PKG|tdc_tsw
14:08:17.0 (5763840)|ENTERING_MANAGED_PKG|tdc_tsw
14:08:17.0 (6890087)|ENTERING_MANAGED_PKG|tdc_tsw
14:08:17.0 (12703266)|SOQL_EXECUTE_BEGIN|[82]|Aggregations:0|SELECT CreatedDate, Id,Task_Created__c,Event_Created__c,isCaseCreated__c,Task_Id__c,Event_Id__c,Case__c, Important__c, Delivered__c, Message_Text_New__c, Name, Owner.Name, Read__c,MessageId__c, ToNumber__c, Related_Object_Id__c, Related_Object__c, Sender_Number__c, LastModifiedDate, Attachments_Ids__c FROM Message__c WHERE Contact__c =: recordId ORDER BY CreatedDate Desc limit 200
14:08:17.0 (24419600)|SOQL_EXECUTE_END|[82]|Rows:7
14:08:17.0 (26234715)|ENTERING_MANAGED_PKG|tdc_tsw
14:08:17.0 (26504818)|ENTERING_MANAGED_PKG|tdc_tsw
14:08:17.0 (26575867)|ENTERING_MANAGED_PKG|tdc_tsw
14:08:17.0 (27142959)|SOQL_EXECUTE_BEGIN|[200]|Aggregations:0|SELECT Name, NamespacePrefix, SystemModStamp FROM StaticResource WHERE Name LIKE :tmpVar1 LIMIT 10
14:08:17.0 (29628139)|SOQL_EXECUTE_END|[200]|Rows:1
14:08:17.0 (31165949)|ENTERING_MANAGED_PKG|tdc_tsw
14:08:17.0 (32588066)|ENTERING_MANAGED_PKG|tdc_tsw
14:08:17.0 (32633425)|ENTERING_MANAGED_PKG|tdc_tsw
14:08:17.0 (34709625)|ENTERING_MANAGED_PKG|tdc_tsw
14:08:17.0 (35441839)|ENTERING_MANAGED_PKG|tdc_tsw
14:08:17.0 (36628663)|ENTERING_MANAGED_PKG|tdc_tsw
14:08:17.0 (37364224)|ENTERING_MANAGED_PKG|tdc_tsw
14:08:17.0 (38627271)|ENTERING_MANAGED_PKG|tdc_tsw
14:08:17.0 (39359356)|ENTERING_MANAGED_PKG|tdc_tsw
14:08:17.0 (40414574)|ENTERING_MANAGED_PKG|tdc_tsw
14:08:17.0 (41175219)|ENTERING_MANAGED_PKG|tdc_tsw
14:08:17.0 (42392052)|ENTERING_MANAGED_PKG|tdc_tsw
14:08:17.0 (43099118)|ENTERING_MANAGED_PKG|tdc_tsw
14:08:17.0 (44133870)|ENTERING_MANAGED_PKG|tdc_tsw
14:08:17.0 (44860529)|ENTERING_MANAGED_PKG|tdc_tsw
14:08:17.0 (49918998)|SOQL_EXECUTE_BEGIN|[172]|Aggregations:0|SELECT id, name FROM ChatTranscript__c WHERE (Chat_Active__c = TRUE AND (Related_Object_Id__c = :tmpVar1 OR Related_Object_Id__c = :tmpVar2)) LIMIT 1
14:08:17.0 (53546399)|SOQL_EXECUTE_END|[172]|Rows:0
14:08:17.0 (53879114)|ENTERING_MANAGED_PKG|tdc_tsw
14:08:17.0 (53913710)|ENTERING_MANAGED_PKG|tdc_tsw
