44.0 APEX_CODE,FINEST;APEX_PROFILING,INFO;CALLOUT,INFO;DB,INFO;NBA,INFO;SYSTEM,DEBUG;VALIDATION,INFO;VISUALFORCE,INFO;WAVE,INFO;WORKFLOW,INFO
16:44:44.0 (126975)|USER_INFO|[EXTERNAL]|0051H000009gxp8|chanida.dev2@solvedbysoftwareco.com|Eastern Standard Time|GMT-05:00
16:44:44.0 (2121008)|ENTERING_MANAGED_PKG|tdc_tsw
16:44:44.0 (2612594)|ENTERING_MANAGED_PKG|tdc_tsw
16:44:44.0 (7502468)|SOQL_EXECUTE_BEGIN|[16]|Aggregations:0|SELECT id, name, Disable_Incoming_SMS_Sharing__c FROM User WHERE id = :tmpVar1
16:44:44.0 (18368993)|SOQL_EXECUTE_END|[16]|Rows:1
16:44:44.0 (24279081)|SOQL_EXECUTE_BEGIN|[37]|Aggregations:0|SELECT CreatedDate,Created_Date__c,Id,LastModifiedDate,MessageId__c,Message_Text_New__c,Name,OwnerId,Read__c,Related_Object_Id__c,Related_Object__c,Sender_Number__c, Sender_Name__c,ToNumber__c,Attachments_Ids__c FROM Message__c WHERE Name = 'Incoming' AND Read__c = false ORDER BY CreatedDate Desc limit 100
16:44:44.0 (42910580)|SOQL_EXECUTE_END|[37]|Rows:100
16:44:44.0 (60451636)|ENTERING_MANAGED_PKG|tdc_tsw
16:44:44.0 (62337648)|ENTERING_MANAGED_PKG|tdc_tsw
16:44:44.0 (62797936)|ENTERING_MANAGED_PKG|tdc_tsw
16:44:44.0 (63527929)|ENTERING_MANAGED_PKG|tdc_tsw
16:44:44.0 (66267253)|ENTERING_MANAGED_PKG|tdc_tsw
16:44:44.0 (67113041)|ENTERING_MANAGED_PKG|tdc_tsw
16:44:44.0 (67398364)|ENTERING_MANAGED_PKG|tdc_tsw
16:44:44.0 (67851307)|ENTERING_MANAGED_PKG|tdc_tsw
16:44:44.0 (69067708)|ENTERING_MANAGED_PKG|tdc_tsw
16:44:44.0 (69864469)|ENTERING_MANAGED_PKG|tdc_tsw
16:44:44.0 (70111155)|ENTERING_MANAGED_PKG|tdc_tsw
16:44:44.0 (70525172)|ENTERING_MANAGED_PKG|tdc_tsw
16:44:44.0 (71659713)|ENTERING_MANAGED_PKG|tdc_tsw
16:44:44.0 (72403238)|ENTERING_MANAGED_PKG|tdc_tsw
16:44:44.0 (72655909)|ENTERING_MANAGED_PKG|tdc_tsw
16:44:44.0 (73031402)|ENTERING_MANAGED_PKG|tdc_tsw
16:44:44.0 (74129489)|ENTERING_MANAGED_PKG|tdc_tsw
16:44:44.0 (74844323)|ENTERING_MANAGED_PKG|tdc_tsw
16:44:44.0 (75066740)|ENTERING_MANAGED_PKG|tdc_tsw
16:44:44.0 (75443029)|ENTERING_MANAGED_PKG|tdc_tsw
16:44:44.0 (76493950)|ENTERING_MANAGED_PKG|tdc_tsw
16:44:44.0 (77236000)|ENTERING_MANAGED_PKG|tdc_tsw
16:44:44.0 (77473967)|ENTERING_MANAGED_PKG|tdc_tsw
16:44:44.0 (77887954)|ENTERING_MANAGED_PKG|tdc_tsw
16:44:44.0 (79055101)|ENTERING_MANAGED_PKG|tdc_tsw
16:44:44.0 (79812521)|ENTERING_MANAGED_PKG|tdc_tsw
16:44:44.0 (80046030)|ENTERING_MANAGED_PKG|tdc_tsw
16:44:44.0 (80470171)|ENTERING_MANAGED_PKG|tdc_tsw
16:44:44.0 (81568016)|ENTERING_MANAGED_PKG|tdc_tsw
16:44:44.0 (82345614)|ENTERING_MANAGED_PKG|tdc_tsw
16:44:44.0 (82608869)|ENTERING_MANAGED_PKG|tdc_tsw
16:44:44.0 (83016983)|ENTERING_MANAGED_PKG|tdc_tsw
16:44:44.0 (84121300)|ENTERING_MANAGED_PKG|tdc_tsw
16:44:44.0 (84889318)|ENTERING_MANAGED_PKG|tdc_tsw
16:44:44.0 (85131107)|ENTERING_MANAGED_PKG|tdc_tsw
16:44:44.0 (85531585)|ENTERING_MANAGED_PKG|tdc_tsw
16:44:44.0 (86669215)|ENTERING_MANAGED_PKG|tdc_tsw
16:44:44.0 (87403239)|ENTERING_MANAGED_PKG|tdc_tsw
16:44:44.0 (87643482)|ENTERING_MANAGED_PKG|tdc_tsw
16:44:44.0 (88061471)|ENTERING_MANAGED_PKG|tdc_tsw
16:44:44.0 (89184512)|ENTERING_MANAGED_PKG|tdc_tsw
16:44:44.0 (89948179)|ENTERING_MANAGED_PKG|tdc_tsw
16:44:44.0 (90203249)|ENTERING_MANAGED_PKG|tdc_tsw
16:44:44.0 (90628681)|ENTERING_MANAGED_PKG|tdc_tsw
16:44:44.0 (91730310)|ENTERING_MANAGED_PKG|tdc_tsw
16:44:44.0 (92456544)|ENTERING_MANAGED_PKG|tdc_tsw
16:44:44.0 (92697481)|ENTERING_MANAGED_PKG|tdc_tsw
16:44:44.0 (93097700)|ENTERING_MANAGED_PKG|tdc_tsw
16:44:44.0 (94212343)|ENTERING_MANAGED_PKG|tdc_tsw
16:44:44.0 (94969137)|ENTERING_MANAGED_PKG|tdc_tsw
16:44:44.0 (95203149)|ENTERING_MANAGED_PKG|tdc_tsw
16:44:44.0 (95611964)|ENTERING_MANAGED_PKG|tdc_tsw
16:44:44.0 (96734545)|ENTERING_MANAGED_PKG|tdc_tsw
16:44:44.0 (97478840)|ENTERING_MANAGED_PKG|tdc_tsw
16:44:44.0 (97720951)|ENTERING_MANAGED_PKG|tdc_tsw
16:44:44.0 (98119598)|ENTERING_MANAGED_PKG|tdc_tsw
16:44:44.0 (99216645)|ENTERING_MANAGED_PKG|tdc_tsw
16:44:44.0 (99978148)|ENTERING_MANAGED_PKG|tdc_tsw
16:44:44.0 (100212132)|ENTERING_MANAGED_PKG|tdc_tsw
16:44:44.0 (100617420)|ENTERING_MANAGED_PKG|tdc_tsw
16:44:44.0 (101728852)|ENTERING_MANAGED_PKG|tdc_tsw
16:44:44.0 (102472196)|ENTERING_MANAGED_PKG|tdc_tsw
16:44:44.0 (102716411)|ENTERING_MANAGED_PKG|tdc_tsw
16:44:44.0 (103189472)|ENTERING_MANAGED_PKG|tdc_tsw
16:44:44.0 (104364795)|ENTERING_MANAGED_PKG|tdc_tsw
16:44:44.0 (105167536)|ENTERING_MANAGED_PKG|tdc_tsw
16:44:44.0 (105406577)|ENTERING_MANAGED_PKG|tdc_tsw
16:44:44.0 (105816321)|ENTERING_MANAGED_PKG|tdc_tsw
16:44:44.0 (106914949)|ENTERING_MANAGED_PKG|tdc_tsw
16:44:44.0 (107687528)|ENTERING_MANAGED_PKG|tdc_tsw
16:44:44.0 (107895902)|ENTERING_MANAGED_PKG|tdc_tsw
16:44:44.0 (108295432)|ENTERING_MANAGED_PKG|tdc_tsw
16:44:44.0 (109418815)|ENTERING_MANAGED_PKG|tdc_tsw
16:44:44.0 (110167275)|ENTERING_MANAGED_PKG|tdc_tsw
16:44:44.0 (110400966)|ENTERING_MANAGED_PKG|tdc_tsw
16:44:44.0 (110812055)|ENTERING_MANAGED_PKG|tdc_tsw
16:44:44.0 (111907074)|ENTERING_MANAGED_PKG|tdc_tsw
16:44:44.0 (112656883)|ENTERING_MANAGED_PKG|tdc_tsw
16:44:44.0 (112893539)|ENTERING_MANAGED_PKG|tdc_tsw
16:44:44.0 (113292520)|ENTERING_MANAGED_PKG|tdc_tsw
16:44:44.0 (114386226)|ENTERING_MANAGED_PKG|tdc_tsw
16:44:44.0 (115155606)|ENTERING_MANAGED_PKG|tdc_tsw
16:44:44.0 (115391912)|ENTERING_MANAGED_PKG|tdc_tsw
16:44:44.0 (115803933)|ENTERING_MANAGED_PKG|tdc_tsw
16:44:44.0 (116931769)|ENTERING_MANAGED_PKG|tdc_tsw
16:44:44.0 (117750908)|ENTERING_MANAGED_PKG|tdc_tsw
16:44:44.0 (118026422)|ENTERING_MANAGED_PKG|tdc_tsw
16:44:44.0 (118489364)|ENTERING_MANAGED_PKG|tdc_tsw
16:44:44.0 (119645024)|ENTERING_MANAGED_PKG|tdc_tsw
16:44:44.0 (120379197)|ENTERING_MANAGED_PKG|tdc_tsw
16:44:44.0 (120628753)|ENTERING_MANAGED_PKG|tdc_tsw
16:44:44.0 (121031437)|ENTERING_MANAGED_PKG|tdc_tsw
16:44:44.0 (122130118)|ENTERING_MANAGED_PKG|tdc_tsw
16:44:44.0 (122869728)|ENTERING_MANAGED_PKG|tdc_tsw
16:44:44.0 (123104029)|ENTERING_MANAGED_PKG|tdc_tsw
16:44:44.0 (123513794)|ENTERING_MANAGED_PKG|tdc_tsw
16:44:44.0 (124612694)|ENTERING_MANAGED_PKG|tdc_tsw
16:44:44.0 (125682683)|ENTERING_MANAGED_PKG|tdc_tsw
16:44:44.0 (125918533)|ENTERING_MANAGED_PKG|tdc_tsw
16:44:44.0 (126316060)|ENTERING_MANAGED_PKG|tdc_tsw
16:44:44.0 (127413150)|ENTERING_MANAGED_PKG|tdc_tsw
16:44:44.0 (128179482)|ENTERING_MANAGED_PKG|tdc_tsw
16:44:44.0 (128420772)|ENTERING_MANAGED_PKG|tdc_tsw
16:44:44.0 (128853181)|ENTERING_MANAGED_PKG|tdc_tsw
16:44:44.0 (130039743)|ENTERING_MANAGED_PKG|tdc_tsw
16:44:44.0 (130820316)|ENTERING_MANAGED_PKG|tdc_tsw
16:44:44.0 (131050648)|ENTERING_MANAGED_PKG|tdc_tsw
16:44:44.0 (131452813)|ENTERING_MANAGED_PKG|tdc_tsw
16:44:44.0 (132550265)|ENTERING_MANAGED_PKG|tdc_tsw
16:44:44.0 (133286799)|ENTERING_MANAGED_PKG|tdc_tsw
16:44:44.0 (133512507)|ENTERING_MANAGED_PKG|tdc_tsw
16:44:44.0 (133911020)|ENTERING_MANAGED_PKG|tdc_tsw
16:44:44.0 (135000063)|ENTERING_MANAGED_PKG|tdc_tsw
16:44:44.0 (135742817)|ENTERING_MANAGED_PKG|tdc_tsw
16:44:44.0 (135975325)|ENTERING_MANAGED_PKG|tdc_tsw
16:44:44.0 (136372768)|ENTERING_MANAGED_PKG|tdc_tsw
16:44:44.0 (137470297)|ENTERING_MANAGED_PKG|tdc_tsw
16:44:44.0 (138212183)|ENTERING_MANAGED_PKG|tdc_tsw
16:44:44.0 (138454879)|ENTERING_MANAGED_PKG|tdc_tsw
16:44:44.0 (138860726)|ENTERING_MANAGED_PKG|tdc_tsw
16:44:44.0 (139960107)|ENTERING_MANAGED_PKG|tdc_tsw
16:44:44.0 (140703490)|ENTERING_MANAGED_PKG|tdc_tsw
16:44:44.0 (140939117)|ENTERING_MANAGED_PKG|tdc_tsw
16:44:44.0 (141335111)|ENTERING_MANAGED_PKG|tdc_tsw
16:44:44.0 (142422626)|ENTERING_MANAGED_PKG|tdc_tsw
16:44:44.0 (143168877)|ENTERING_MANAGED_PKG|tdc_tsw
16:44:44.0 (143441321)|ENTERING_MANAGED_PKG|tdc_tsw
16:44:44.0 (143871916)|ENTERING_MANAGED_PKG|tdc_tsw
16:44:44.0 (144995574)|ENTERING_MANAGED_PKG|tdc_tsw
16:44:44.0 (145847245)|ENTERING_MANAGED_PKG|tdc_tsw
16:44:44.0 (146128035)|ENTERING_MANAGED_PKG|tdc_tsw
16:44:44.0 (146530369)|ENTERING_MANAGED_PKG|tdc_tsw
16:44:44.0 (147672642)|ENTERING_MANAGED_PKG|tdc_tsw
16:44:44.0 (148426689)|ENTERING_MANAGED_PKG|tdc_tsw
16:44:44.0 (148669223)|ENTERING_MANAGED_PKG|tdc_tsw
16:44:44.0 (149111050)|ENTERING_MANAGED_PKG|tdc_tsw
16:44:44.0 (150212186)|ENTERING_MANAGED_PKG|tdc_tsw
16:44:44.0 (151000320)|ENTERING_MANAGED_PKG|tdc_tsw
16:44:44.0 (151236128)|ENTERING_MANAGED_PKG|tdc_tsw
16:44:44.0 (151642282)|ENTERING_MANAGED_PKG|tdc_tsw
16:44:44.0 (152741882)|ENTERING_MANAGED_PKG|tdc_tsw
16:44:44.0 (153489031)|ENTERING_MANAGED_PKG|tdc_tsw
16:44:44.0 (153731880)|ENTERING_MANAGED_PKG|tdc_tsw
16:44:44.0 (154132331)|ENTERING_MANAGED_PKG|tdc_tsw
16:44:44.0 (155293171)|ENTERING_MANAGED_PKG|tdc_tsw
16:44:44.0 (156046425)|ENTERING_MANAGED_PKG|tdc_tsw
16:44:44.0 (156282656)|ENTERING_MANAGED_PKG|tdc_tsw
16:44:44.0 (156690030)|ENTERING_MANAGED_PKG|tdc_tsw
16:44:44.0 (157788462)|ENTERING_MANAGED_PKG|tdc_tsw
16:44:44.0 (158525215)|ENTERING_MANAGED_PKG|tdc_tsw
16:44:44.0 (158766554)|ENTERING_MANAGED_PKG|tdc_tsw
16:44:44.0 (159166714)|ENTERING_MANAGED_PKG|tdc_tsw
16:44:44.0 (160311296)|ENTERING_MANAGED_PKG|tdc_tsw
16:44:44.0 (161132312)|ENTERING_MANAGED_PKG|tdc_tsw
16:44:44.0 (161367437)|ENTERING_MANAGED_PKG|tdc_tsw
16:44:44.0 (161815305)|ENTERING_MANAGED_PKG|tdc_tsw
16:44:44.0 (162957657)|ENTERING_MANAGED_PKG|tdc_tsw
16:44:44.0 (163740324)|ENTERING_MANAGED_PKG|tdc_tsw
16:44:44.0 (163978565)|ENTERING_MANAGED_PKG|tdc_tsw
16:44:44.0 (164378299)|ENTERING_MANAGED_PKG|tdc_tsw
16:44:44.0 (165555404)|ENTERING_MANAGED_PKG|tdc_tsw
16:44:44.0 (166306921)|ENTERING_MANAGED_PKG|tdc_tsw
16:44:44.0 (166541246)|ENTERING_MANAGED_PKG|tdc_tsw
16:44:44.0 (166959145)|ENTERING_MANAGED_PKG|tdc_tsw
16:44:44.0 (168061466)|ENTERING_MANAGED_PKG|tdc_tsw
16:44:44.0 (168817414)|ENTERING_MANAGED_PKG|tdc_tsw
16:44:44.0 (169073672)|ENTERING_MANAGED_PKG|tdc_tsw
16:44:44.0 (169564573)|ENTERING_MANAGED_PKG|tdc_tsw
16:44:44.0 (170701117)|ENTERING_MANAGED_PKG|tdc_tsw
16:44:44.0 (171443525)|ENTERING_MANAGED_PKG|tdc_tsw
16:44:44.0 (171688505)|ENTERING_MANAGED_PKG|tdc_tsw
16:44:44.0 (172085476)|ENTERING_MANAGED_PKG|tdc_tsw
16:44:44.0 (173208532)|ENTERING_MANAGED_PKG|tdc_tsw
16:44:44.0 (173988357)|ENTERING_MANAGED_PKG|tdc_tsw
16:44:44.0 (174221161)|ENTERING_MANAGED_PKG|tdc_tsw
16:44:44.0 (174662685)|ENTERING_MANAGED_PKG|tdc_tsw
16:44:44.0 (175769142)|ENTERING_MANAGED_PKG|tdc_tsw
16:44:44.0 (176513186)|ENTERING_MANAGED_PKG|tdc_tsw
16:44:44.0 (176751496)|ENTERING_MANAGED_PKG|tdc_tsw
16:44:44.0 (177193217)|ENTERING_MANAGED_PKG|tdc_tsw
16:44:44.0 (178292798)|ENTERING_MANAGED_PKG|tdc_tsw
16:44:44.0 (179034838)|ENTERING_MANAGED_PKG|tdc_tsw
16:44:44.0 (179274429)|ENTERING_MANAGED_PKG|tdc_tsw
16:44:44.0 (179684855)|ENTERING_MANAGED_PKG|tdc_tsw
16:44:44.0 (180796114)|ENTERING_MANAGED_PKG|tdc_tsw
16:44:44.0 (181539222)|ENTERING_MANAGED_PKG|tdc_tsw
16:44:44.0 (181781866)|ENTERING_MANAGED_PKG|tdc_tsw
16:44:44.0 (182178920)|ENTERING_MANAGED_PKG|tdc_tsw
16:44:44.0 (183278816)|ENTERING_MANAGED_PKG|tdc_tsw
16:44:44.0 (184028832)|ENTERING_MANAGED_PKG|tdc_tsw
16:44:44.0 (184264839)|ENTERING_MANAGED_PKG|tdc_tsw
16:44:44.0 (184669643)|ENTERING_MANAGED_PKG|tdc_tsw
16:44:44.0 (185764878)|ENTERING_MANAGED_PKG|tdc_tsw
16:44:44.0 (186501127)|ENTERING_MANAGED_PKG|tdc_tsw
16:44:44.0 (186759325)|ENTERING_MANAGED_PKG|tdc_tsw
16:44:44.0 (187201026)|ENTERING_MANAGED_PKG|tdc_tsw
16:44:44.0 (188299475)|ENTERING_MANAGED_PKG|tdc_tsw
16:44:44.0 (189045277)|ENTERING_MANAGED_PKG|tdc_tsw
16:44:44.0 (189278947)|ENTERING_MANAGED_PKG|tdc_tsw
16:44:44.0 (189684195)|ENTERING_MANAGED_PKG|tdc_tsw
16:44:44.0 (190783921)|ENTERING_MANAGED_PKG|tdc_tsw
16:44:44.0 (191524274)|ENTERING_MANAGED_PKG|tdc_tsw
16:44:44.0 (191766604)|ENTERING_MANAGED_PKG|tdc_tsw
16:44:44.0 (192160734)|ENTERING_MANAGED_PKG|tdc_tsw
16:44:44.0 (193255768)|ENTERING_MANAGED_PKG|tdc_tsw
16:44:44.0 (194001197)|ENTERING_MANAGED_PKG|tdc_tsw
16:44:44.0 (194234191)|ENTERING_MANAGED_PKG|tdc_tsw
16:44:44.0 (194639491)|ENTERING_MANAGED_PKG|tdc_tsw
16:44:44.0 (195774317)|ENTERING_MANAGED_PKG|tdc_tsw
16:44:44.0 (196513201)|ENTERING_MANAGED_PKG|tdc_tsw
16:44:44.0 (196758292)|ENTERING_MANAGED_PKG|tdc_tsw
16:44:44.0 (197156828)|ENTERING_MANAGED_PKG|tdc_tsw
16:44:44.0 (198315809)|ENTERING_MANAGED_PKG|tdc_tsw
16:44:44.0 (199089928)|ENTERING_MANAGED_PKG|tdc_tsw
16:44:44.0 (199320478)|ENTERING_MANAGED_PKG|tdc_tsw
16:44:44.0 (199725159)|ENTERING_MANAGED_PKG|tdc_tsw
16:44:44.0 (200816412)|ENTERING_MANAGED_PKG|tdc_tsw
16:44:44.0 (201552737)|ENTERING_MANAGED_PKG|tdc_tsw
16:44:44.0 (201789730)|ENTERING_MANAGED_PKG|tdc_tsw
16:44:44.0 (202185413)|ENTERING_MANAGED_PKG|tdc_tsw
16:44:44.0 (203274828)|ENTERING_MANAGED_PKG|tdc_tsw
16:44:44.0 (204014445)|ENTERING_MANAGED_PKG|tdc_tsw
16:44:44.0 (204247653)|ENTERING_MANAGED_PKG|tdc_tsw
16:44:44.0 (204652848)|ENTERING_MANAGED_PKG|tdc_tsw
16:44:44.0 (205759668)|ENTERING_MANAGED_PKG|tdc_tsw
16:44:44.0 (206495247)|ENTERING_MANAGED_PKG|tdc_tsw
16:44:44.0 (206738671)|ENTERING_MANAGED_PKG|tdc_tsw
16:44:44.0 (207138759)|ENTERING_MANAGED_PKG|tdc_tsw
16:44:44.0 (208233311)|ENTERING_MANAGED_PKG|tdc_tsw
16:44:44.0 (209020078)|ENTERING_MANAGED_PKG|tdc_tsw
16:44:44.0 (209255092)|ENTERING_MANAGED_PKG|tdc_tsw
16:44:44.0 (209658123)|ENTERING_MANAGED_PKG|tdc_tsw
16:44:44.0 (210756059)|ENTERING_MANAGED_PKG|tdc_tsw
16:44:44.0 (211492235)|ENTERING_MANAGED_PKG|tdc_tsw
16:44:44.0 (211732826)|ENTERING_MANAGED_PKG|tdc_tsw
16:44:44.0 (212131662)|ENTERING_MANAGED_PKG|tdc_tsw
16:44:44.0 (213227488)|ENTERING_MANAGED_PKG|tdc_tsw
16:44:44.0 (213988979)|ENTERING_MANAGED_PKG|tdc_tsw
16:44:44.0 (214221288)|ENTERING_MANAGED_PKG|tdc_tsw
16:44:44.0 (214626655)|ENTERING_MANAGED_PKG|tdc_tsw
16:44:44.0 (215721377)|ENTERING_MANAGED_PKG|tdc_tsw
16:44:44.0 (216459887)|ENTERING_MANAGED_PKG|tdc_tsw
16:44:44.0 (216701074)|ENTERING_MANAGED_PKG|tdc_tsw
16:44:44.0 (217123469)|ENTERING_MANAGED_PKG|tdc_tsw
16:44:44.0 (218271008)|ENTERING_MANAGED_PKG|tdc_tsw
16:44:44.0 (219025446)|ENTERING_MANAGED_PKG|tdc_tsw
16:44:44.0 (219261517)|ENTERING_MANAGED_PKG|tdc_tsw
16:44:44.0 (219666807)|ENTERING_MANAGED_PKG|tdc_tsw
16:44:44.0 (225317981)|ENTERING_MANAGED_PKG|tdc_tsw
16:44:44.0 (226181466)|ENTERING_MANAGED_PKG|tdc_tsw
16:44:44.0 (226266569)|ENTERING_MANAGED_PKG|tdc_tsw
16:44:44.0 (226934613)|SOQL_EXECUTE_BEGIN|[200]|Aggregations:0|SELECT Name, NamespacePrefix, SystemModStamp FROM StaticResource WHERE Name LIKE :tmpVar1 LIMIT 10
16:44:44.0 (230173149)|SOQL_EXECUTE_END|[200]|Rows:1
16:44:44.0 (231252246)|ENTERING_MANAGED_PKG|tdc_tsw
16:44:44.0 (231799544)|SOQL_EXECUTE_BEGIN|[200]|Aggregations:0|SELECT Name, NamespacePrefix, SystemModStamp FROM StaticResource WHERE Name LIKE :tmpVar1 LIMIT 10
16:44:44.0 (235196762)|SOQL_EXECUTE_END|[200]|Rows:1
16:44:44.0 (235632322)|ENTERING_MANAGED_PKG|tdc_tsw
16:44:44.0 (239250166)|ENTERING_MANAGED_PKG|tdc_tsw
16:44:44.0 (240794049)|ENTERING_MANAGED_PKG|tdc_tsw
16:44:44.0 (241117939)|ENTERING_MANAGED_PKG|tdc_tsw
16:44:44.0 (242043280)|ENTERING_MANAGED_PKG|tdc_tsw
16:44:44.0 (242543638)|SOQL_EXECUTE_BEGIN|[200]|Aggregations:0|SELECT Name, NamespacePrefix, SystemModStamp FROM StaticResource WHERE Name LIKE :tmpVar1 LIMIT 10
16:44:44.0 (246322974)|SOQL_EXECUTE_END|[200]|Rows:1
16:44:44.271 (271949646)|USER_INFO|[EXTERNAL]|0051H000009gxp8|chanida.dev2@solvedbysoftwareco.com|Eastern Standard Time|GMT-05:00
16:44:44.271 (273616971)|ENTERING_MANAGED_PKG|tdc_tsw
16:44:44.271 (273858368)|ENTERING_MANAGED_PKG|tdc_tsw
16:44:44.271 (276551645)|SOQL_EXECUTE_BEGIN|[355]|Aggregations:0|SELECT id, name, Disable_Incoming_SMS_Sharing__c FROM User WHERE id = :tmpVar1
16:44:44.271 (282990996)|SOQL_EXECUTE_END|[355]|Rows:1
16:44:44.271 (284191382)|SOQL_EXECUTE_BEGIN|[367]|Aggregations:0|SELECT CreatedDate,Id,LastModifiedDate,Related_Object_Id__c FROM Message__c WHERE Name = 'Incoming' AND Read__c = false ORDER BY CreatedDate Desc limit 100
16:44:44.271 (293682359)|SOQL_EXECUTE_END|[367]|Rows:100
