44.0 APEX_CODE,FINEST;APEX_PROFILING,INFO;CALLOUT,INFO;DB,INFO;NBA,INFO;SYSTEM,DEBUG;VALIDATION,INFO;VISUALFORCE,INFO;WAVE,INFO;WORKFLOW,INFO
16:49:01.0 (127016)|USER_INFO|[EXTERNAL]|0051H000009gxp8|chanida.dev2@solvedbysoftwareco.com|Eastern Standard Time|GMT-05:00
16:49:01.0 (1641100)|ENTERING_MANAGED_PKG|tdc_tsw
16:49:01.0 (2077127)|ENTERING_MANAGED_PKG|tdc_tsw
16:49:01.0 (5783999)|SOQL_EXECUTE_BEGIN|[16]|Aggregations:0|SELECT id, name, Disable_Incoming_SMS_Sharing__c FROM User WHERE id = :tmpVar1
16:49:01.0 (12726280)|SOQL_EXECUTE_END|[16]|Rows:1
16:49:01.0 (17957487)|SOQL_EXECUTE_BEGIN|[37]|Aggregations:0|SELECT CreatedDate,Created_Date__c,Id,LastModifiedDate,MessageId__c,Message_Text_New__c,Name,OwnerId,Read__c,Related_Object_Id__c,Related_Object__c,Sender_Number__c, Sender_Name__c,ToNumber__c,Attachments_Ids__c FROM Message__c WHERE Name = 'Incoming' AND Read__c = false ORDER BY CreatedDate Desc limit 100
16:49:01.0 (35414862)|SOQL_EXECUTE_END|[37]|Rows:100
16:49:01.0 (52593427)|ENTERING_MANAGED_PKG|tdc_tsw
16:49:01.0 (54687304)|ENTERING_MANAGED_PKG|tdc_tsw
16:49:01.0 (55163164)|ENTERING_MANAGED_PKG|tdc_tsw
16:49:01.0 (55854129)|ENTERING_MANAGED_PKG|tdc_tsw
16:49:01.0 (58691961)|ENTERING_MANAGED_PKG|tdc_tsw
16:49:01.0 (59590055)|ENTERING_MANAGED_PKG|tdc_tsw
16:49:01.0 (59900524)|ENTERING_MANAGED_PKG|tdc_tsw
16:49:01.0 (60379667)|ENTERING_MANAGED_PKG|tdc_tsw
16:49:01.0 (61627703)|ENTERING_MANAGED_PKG|tdc_tsw
16:49:01.0 (62507732)|ENTERING_MANAGED_PKG|tdc_tsw
16:49:01.0 (62777795)|ENTERING_MANAGED_PKG|tdc_tsw
16:49:01.0 (63240700)|ENTERING_MANAGED_PKG|tdc_tsw
16:49:01.0 (64492132)|ENTERING_MANAGED_PKG|tdc_tsw
16:49:01.0 (65355891)|ENTERING_MANAGED_PKG|tdc_tsw
16:49:01.0 (65622824)|ENTERING_MANAGED_PKG|tdc_tsw
16:49:01.0 (66077057)|ENTERING_MANAGED_PKG|tdc_tsw
16:49:01.0 (67318495)|ENTERING_MANAGED_PKG|tdc_tsw
16:49:01.0 (68193263)|ENTERING_MANAGED_PKG|tdc_tsw
16:49:01.0 (68464049)|ENTERING_MANAGED_PKG|tdc_tsw
16:49:01.0 (68933551)|ENTERING_MANAGED_PKG|tdc_tsw
16:49:01.0 (70227526)|ENTERING_MANAGED_PKG|tdc_tsw
16:49:01.0 (71092835)|ENTERING_MANAGED_PKG|tdc_tsw
16:49:01.0 (71367931)|ENTERING_MANAGED_PKG|tdc_tsw
16:49:01.0 (71829836)|ENTERING_MANAGED_PKG|tdc_tsw
16:49:01.0 (73100414)|ENTERING_MANAGED_PKG|tdc_tsw
16:49:01.0 (73966810)|ENTERING_MANAGED_PKG|tdc_tsw
16:49:01.0 (74238763)|ENTERING_MANAGED_PKG|tdc_tsw
16:49:01.0 (74706042)|ENTERING_MANAGED_PKG|tdc_tsw
16:49:01.0 (76026616)|ENTERING_MANAGED_PKG|tdc_tsw
16:49:01.0 (76915402)|ENTERING_MANAGED_PKG|tdc_tsw
16:49:01.0 (77190477)|ENTERING_MANAGED_PKG|tdc_tsw
16:49:01.0 (77650015)|ENTERING_MANAGED_PKG|tdc_tsw
16:49:01.0 (78995869)|ENTERING_MANAGED_PKG|tdc_tsw
16:49:01.0 (79864388)|ENTERING_MANAGED_PKG|tdc_tsw
16:49:01.0 (80134379)|ENTERING_MANAGED_PKG|tdc_tsw
16:49:01.0 (80601345)|ENTERING_MANAGED_PKG|tdc_tsw
16:49:01.0 (81854297)|ENTERING_MANAGED_PKG|tdc_tsw
16:49:01.0 (82735537)|ENTERING_MANAGED_PKG|tdc_tsw
16:49:01.0 (83008218)|ENTERING_MANAGED_PKG|tdc_tsw
16:49:01.0 (83495346)|ENTERING_MANAGED_PKG|tdc_tsw
16:49:01.0 (84751981)|ENTERING_MANAGED_PKG|tdc_tsw
16:49:01.0 (85627636)|ENTERING_MANAGED_PKG|tdc_tsw
16:49:01.0 (85894901)|ENTERING_MANAGED_PKG|tdc_tsw
16:49:01.0 (86373727)|ENTERING_MANAGED_PKG|tdc_tsw
16:49:01.0 (87626572)|ENTERING_MANAGED_PKG|tdc_tsw
16:49:01.0 (88494937)|ENTERING_MANAGED_PKG|tdc_tsw
16:49:01.0 (88762479)|ENTERING_MANAGED_PKG|tdc_tsw
16:49:01.0 (89236594)|ENTERING_MANAGED_PKG|tdc_tsw
16:49:01.0 (90490189)|ENTERING_MANAGED_PKG|tdc_tsw
16:49:01.0 (91360727)|ENTERING_MANAGED_PKG|tdc_tsw
16:49:01.0 (91631281)|ENTERING_MANAGED_PKG|tdc_tsw
16:49:01.0 (92095446)|ENTERING_MANAGED_PKG|tdc_tsw
16:49:01.0 (93672489)|ENTERING_MANAGED_PKG|tdc_tsw
16:49:01.0 (94550183)|ENTERING_MANAGED_PKG|tdc_tsw
16:49:01.0 (94817586)|ENTERING_MANAGED_PKG|tdc_tsw
16:49:01.0 (95289163)|ENTERING_MANAGED_PKG|tdc_tsw
16:49:01.0 (96545336)|ENTERING_MANAGED_PKG|tdc_tsw
16:49:01.0 (97420629)|ENTERING_MANAGED_PKG|tdc_tsw
16:49:01.0 (97689649)|ENTERING_MANAGED_PKG|tdc_tsw
16:49:01.0 (98154978)|ENTERING_MANAGED_PKG|tdc_tsw
16:49:01.0 (99432132)|ENTERING_MANAGED_PKG|tdc_tsw
16:49:01.0 (100306419)|ENTERING_MANAGED_PKG|tdc_tsw
16:49:01.0 (100575234)|ENTERING_MANAGED_PKG|tdc_tsw
16:49:01.0 (101036371)|ENTERING_MANAGED_PKG|tdc_tsw
16:49:01.0 (102299171)|ENTERING_MANAGED_PKG|tdc_tsw
16:49:01.0 (103156015)|ENTERING_MANAGED_PKG|tdc_tsw
16:49:01.0 (103434763)|ENTERING_MANAGED_PKG|tdc_tsw
16:49:01.0 (103893584)|ENTERING_MANAGED_PKG|tdc_tsw
16:49:01.0 (105209964)|ENTERING_MANAGED_PKG|tdc_tsw
16:49:01.0 (106068846)|ENTERING_MANAGED_PKG|tdc_tsw
16:49:01.0 (106345914)|ENTERING_MANAGED_PKG|tdc_tsw
16:49:01.0 (106806708)|ENTERING_MANAGED_PKG|tdc_tsw
16:49:01.0 (108065307)|ENTERING_MANAGED_PKG|tdc_tsw
16:49:01.0 (108928334)|ENTERING_MANAGED_PKG|tdc_tsw
16:49:01.0 (109202394)|ENTERING_MANAGED_PKG|tdc_tsw
16:49:01.0 (109662412)|ENTERING_MANAGED_PKG|tdc_tsw
16:49:01.0 (110911638)|ENTERING_MANAGED_PKG|tdc_tsw
16:49:01.0 (111902133)|ENTERING_MANAGED_PKG|tdc_tsw
16:49:01.0 (112227398)|ENTERING_MANAGED_PKG|tdc_tsw
16:49:01.0 (112733196)|ENTERING_MANAGED_PKG|tdc_tsw
16:49:01.0 (113973762)|ENTERING_MANAGED_PKG|tdc_tsw
16:49:01.0 (114877897)|ENTERING_MANAGED_PKG|tdc_tsw
16:49:01.0 (115113244)|ENTERING_MANAGED_PKG|tdc_tsw
16:49:01.0 (115585503)|ENTERING_MANAGED_PKG|tdc_tsw
16:49:01.0 (116849892)|ENTERING_MANAGED_PKG|tdc_tsw
16:49:01.0 (117712526)|ENTERING_MANAGED_PKG|tdc_tsw
16:49:01.0 (117978512)|ENTERING_MANAGED_PKG|tdc_tsw
16:49:01.0 (118451186)|ENTERING_MANAGED_PKG|tdc_tsw
16:49:01.0 (119706719)|ENTERING_MANAGED_PKG|tdc_tsw
16:49:01.0 (120568224)|ENTERING_MANAGED_PKG|tdc_tsw
16:49:01.0 (120837142)|ENTERING_MANAGED_PKG|tdc_tsw
16:49:01.0 (121306783)|ENTERING_MANAGED_PKG|tdc_tsw
16:49:01.0 (122592988)|ENTERING_MANAGED_PKG|tdc_tsw
16:49:01.0 (123448805)|ENTERING_MANAGED_PKG|tdc_tsw
16:49:01.0 (123716087)|ENTERING_MANAGED_PKG|tdc_tsw
16:49:01.0 (124182305)|ENTERING_MANAGED_PKG|tdc_tsw
16:49:01.0 (125430847)|ENTERING_MANAGED_PKG|tdc_tsw
16:49:01.0 (126291573)|ENTERING_MANAGED_PKG|tdc_tsw
16:49:01.0 (126559446)|ENTERING_MANAGED_PKG|tdc_tsw
16:49:01.0 (127015359)|ENTERING_MANAGED_PKG|tdc_tsw
16:49:01.0 (128270496)|ENTERING_MANAGED_PKG|tdc_tsw
16:49:01.0 (129125709)|ENTERING_MANAGED_PKG|tdc_tsw
16:49:01.0 (129398377)|ENTERING_MANAGED_PKG|tdc_tsw
16:49:01.0 (129860633)|ENTERING_MANAGED_PKG|tdc_tsw
16:49:01.0 (131115950)|ENTERING_MANAGED_PKG|tdc_tsw
16:49:01.0 (131977833)|ENTERING_MANAGED_PKG|tdc_tsw
16:49:01.0 (132257736)|ENTERING_MANAGED_PKG|tdc_tsw
16:49:01.0 (132741774)|ENTERING_MANAGED_PKG|tdc_tsw
16:49:01.0 (133994080)|ENTERING_MANAGED_PKG|tdc_tsw
16:49:01.0 (134856042)|ENTERING_MANAGED_PKG|tdc_tsw
16:49:01.0 (135125715)|ENTERING_MANAGED_PKG|tdc_tsw
16:49:01.0 (135595244)|ENTERING_MANAGED_PKG|tdc_tsw
16:49:01.0 (136841349)|ENTERING_MANAGED_PKG|tdc_tsw
16:49:01.0 (137708755)|ENTERING_MANAGED_PKG|tdc_tsw
16:49:01.0 (137973992)|ENTERING_MANAGED_PKG|tdc_tsw
16:49:01.0 (138441418)|ENTERING_MANAGED_PKG|tdc_tsw
16:49:01.0 (139681011)|ENTERING_MANAGED_PKG|tdc_tsw
16:49:01.0 (140538106)|ENTERING_MANAGED_PKG|tdc_tsw
16:49:01.0 (140804691)|ENTERING_MANAGED_PKG|tdc_tsw
16:49:01.0 (141273308)|ENTERING_MANAGED_PKG|tdc_tsw
16:49:01.0 (142514297)|ENTERING_MANAGED_PKG|tdc_tsw
16:49:01.0 (143380503)|ENTERING_MANAGED_PKG|tdc_tsw
16:49:01.0 (143649303)|ENTERING_MANAGED_PKG|tdc_tsw
16:49:01.0 (144108453)|ENTERING_MANAGED_PKG|tdc_tsw
16:49:01.0 (145362435)|ENTERING_MANAGED_PKG|tdc_tsw
16:49:01.0 (146214621)|ENTERING_MANAGED_PKG|tdc_tsw
16:49:01.0 (146487180)|ENTERING_MANAGED_PKG|tdc_tsw
16:49:01.0 (146947517)|ENTERING_MANAGED_PKG|tdc_tsw
16:49:01.0 (148205332)|ENTERING_MANAGED_PKG|tdc_tsw
16:49:01.0 (149064733)|ENTERING_MANAGED_PKG|tdc_tsw
16:49:01.0 (149340546)|ENTERING_MANAGED_PKG|tdc_tsw
16:49:01.0 (149802028)|ENTERING_MANAGED_PKG|tdc_tsw
16:49:01.0 (151056290)|ENTERING_MANAGED_PKG|tdc_tsw
16:49:01.0 (151914745)|ENTERING_MANAGED_PKG|tdc_tsw
16:49:01.0 (152191381)|ENTERING_MANAGED_PKG|tdc_tsw
16:49:01.0 (152647543)|ENTERING_MANAGED_PKG|tdc_tsw
16:49:01.0 (153898113)|ENTERING_MANAGED_PKG|tdc_tsw
16:49:01.0 (154759693)|ENTERING_MANAGED_PKG|tdc_tsw
16:49:01.0 (155025892)|ENTERING_MANAGED_PKG|tdc_tsw
16:49:01.0 (155492509)|ENTERING_MANAGED_PKG|tdc_tsw
16:49:01.0 (156731216)|ENTERING_MANAGED_PKG|tdc_tsw
16:49:01.0 (157595691)|ENTERING_MANAGED_PKG|tdc_tsw
16:49:01.0 (157861828)|ENTERING_MANAGED_PKG|tdc_tsw
16:49:01.0 (158334994)|ENTERING_MANAGED_PKG|tdc_tsw
16:49:01.0 (159631226)|ENTERING_MANAGED_PKG|tdc_tsw
16:49:01.0 (160568467)|ENTERING_MANAGED_PKG|tdc_tsw
16:49:01.0 (160838308)|ENTERING_MANAGED_PKG|tdc_tsw
16:49:01.0 (161443662)|ENTERING_MANAGED_PKG|tdc_tsw
16:49:01.0 (162733375)|ENTERING_MANAGED_PKG|tdc_tsw
16:49:01.0 (163591358)|ENTERING_MANAGED_PKG|tdc_tsw
16:49:01.0 (163859293)|ENTERING_MANAGED_PKG|tdc_tsw
16:49:01.0 (164329560)|ENTERING_MANAGED_PKG|tdc_tsw
16:49:01.0 (165568442)|ENTERING_MANAGED_PKG|tdc_tsw
16:49:01.0 (166445791)|ENTERING_MANAGED_PKG|tdc_tsw
16:49:01.0 (166712241)|ENTERING_MANAGED_PKG|tdc_tsw
16:49:01.0 (167182751)|ENTERING_MANAGED_PKG|tdc_tsw
16:49:01.0 (168493567)|ENTERING_MANAGED_PKG|tdc_tsw
16:49:01.0 (169359572)|ENTERING_MANAGED_PKG|tdc_tsw
16:49:01.0 (169624060)|ENTERING_MANAGED_PKG|tdc_tsw
16:49:01.0 (170147373)|ENTERING_MANAGED_PKG|tdc_tsw
16:49:01.0 (171499800)|ENTERING_MANAGED_PKG|tdc_tsw
16:49:01.0 (172393678)|ENTERING_MANAGED_PKG|tdc_tsw
16:49:01.0 (172662103)|ENTERING_MANAGED_PKG|tdc_tsw
16:49:01.0 (173124880)|ENTERING_MANAGED_PKG|tdc_tsw
16:49:01.0 (174391827)|ENTERING_MANAGED_PKG|tdc_tsw
16:49:01.0 (175304755)|ENTERING_MANAGED_PKG|tdc_tsw
16:49:01.0 (175588233)|ENTERING_MANAGED_PKG|tdc_tsw
16:49:01.0 (176151163)|ENTERING_MANAGED_PKG|tdc_tsw
16:49:01.0 (177489178)|ENTERING_MANAGED_PKG|tdc_tsw
16:49:01.0 (178395660)|ENTERING_MANAGED_PKG|tdc_tsw
16:49:01.0 (178680965)|ENTERING_MANAGED_PKG|tdc_tsw
16:49:01.0 (179180919)|ENTERING_MANAGED_PKG|tdc_tsw
16:49:01.0 (180514709)|ENTERING_MANAGED_PKG|tdc_tsw
16:49:01.0 (181424988)|ENTERING_MANAGED_PKG|tdc_tsw
16:49:01.0 (181707008)|ENTERING_MANAGED_PKG|tdc_tsw
16:49:01.0 (182204630)|ENTERING_MANAGED_PKG|tdc_tsw
16:49:01.0 (183543423)|ENTERING_MANAGED_PKG|tdc_tsw
16:49:01.0 (184447076)|ENTERING_MANAGED_PKG|tdc_tsw
16:49:01.0 (184726554)|ENTERING_MANAGED_PKG|tdc_tsw
16:49:01.0 (185223352)|ENTERING_MANAGED_PKG|tdc_tsw
16:49:01.0 (186565393)|ENTERING_MANAGED_PKG|tdc_tsw
16:49:01.0 (187466806)|ENTERING_MANAGED_PKG|tdc_tsw
16:49:01.0 (187749875)|ENTERING_MANAGED_PKG|tdc_tsw
16:49:01.0 (188253792)|ENTERING_MANAGED_PKG|tdc_tsw
16:49:01.0 (189585832)|ENTERING_MANAGED_PKG|tdc_tsw
16:49:01.0 (190487137)|ENTERING_MANAGED_PKG|tdc_tsw
16:49:01.0 (190765497)|ENTERING_MANAGED_PKG|tdc_tsw
16:49:01.0 (191268941)|ENTERING_MANAGED_PKG|tdc_tsw
16:49:01.0 (192603140)|ENTERING_MANAGED_PKG|tdc_tsw
16:49:01.0 (193503311)|ENTERING_MANAGED_PKG|tdc_tsw
16:49:01.0 (193787331)|ENTERING_MANAGED_PKG|tdc_tsw
16:49:01.0 (194283561)|ENTERING_MANAGED_PKG|tdc_tsw
16:49:01.0 (195611817)|ENTERING_MANAGED_PKG|tdc_tsw
16:49:01.0 (196511508)|ENTERING_MANAGED_PKG|tdc_tsw
16:49:01.0 (196793958)|ENTERING_MANAGED_PKG|tdc_tsw
16:49:01.0 (197292147)|ENTERING_MANAGED_PKG|tdc_tsw
16:49:01.0 (198626967)|ENTERING_MANAGED_PKG|tdc_tsw
16:49:01.0 (199531088)|ENTERING_MANAGED_PKG|tdc_tsw
16:49:01.0 (199814514)|ENTERING_MANAGED_PKG|tdc_tsw
16:49:01.0 (200318384)|ENTERING_MANAGED_PKG|tdc_tsw
16:49:01.0 (201668813)|ENTERING_MANAGED_PKG|tdc_tsw
16:49:01.0 (202575398)|ENTERING_MANAGED_PKG|tdc_tsw
16:49:01.0 (202851296)|ENTERING_MANAGED_PKG|tdc_tsw
16:49:01.0 (203356583)|ENTERING_MANAGED_PKG|tdc_tsw
16:49:01.0 (204689816)|ENTERING_MANAGED_PKG|tdc_tsw
16:49:01.0 (205597231)|ENTERING_MANAGED_PKG|tdc_tsw
16:49:01.0 (205877827)|ENTERING_MANAGED_PKG|tdc_tsw
16:49:01.0 (206376875)|ENTERING_MANAGED_PKG|tdc_tsw
16:49:01.0 (207686006)|ENTERING_MANAGED_PKG|tdc_tsw
16:49:01.0 (208611068)|ENTERING_MANAGED_PKG|tdc_tsw
16:49:01.0 (208894799)|ENTERING_MANAGED_PKG|tdc_tsw
16:49:01.0 (209385793)|ENTERING_MANAGED_PKG|tdc_tsw
16:49:01.0 (210717138)|ENTERING_MANAGED_PKG|tdc_tsw
16:49:01.0 (211613733)|ENTERING_MANAGED_PKG|tdc_tsw
16:49:01.0 (211892328)|ENTERING_MANAGED_PKG|tdc_tsw
16:49:01.0 (212389220)|ENTERING_MANAGED_PKG|tdc_tsw
16:49:01.0 (213716239)|ENTERING_MANAGED_PKG|tdc_tsw
16:49:01.0 (214608867)|ENTERING_MANAGED_PKG|tdc_tsw
16:49:01.0 (214890145)|ENTERING_MANAGED_PKG|tdc_tsw
16:49:01.0 (215385450)|ENTERING_MANAGED_PKG|tdc_tsw
16:49:01.0 (216706920)|ENTERING_MANAGED_PKG|tdc_tsw
16:49:01.0 (217606687)|ENTERING_MANAGED_PKG|tdc_tsw
16:49:01.0 (217891007)|ENTERING_MANAGED_PKG|tdc_tsw
16:49:01.0 (218705149)|ENTERING_MANAGED_PKG|tdc_tsw
16:49:01.0 (219957556)|ENTERING_MANAGED_PKG|tdc_tsw
16:49:01.0 (220816836)|ENTERING_MANAGED_PKG|tdc_tsw
16:49:01.0 (221086016)|ENTERING_MANAGED_PKG|tdc_tsw
16:49:01.0 (221550556)|ENTERING_MANAGED_PKG|tdc_tsw
16:49:01.0 (222790127)|ENTERING_MANAGED_PKG|tdc_tsw
16:49:01.0 (223649754)|ENTERING_MANAGED_PKG|tdc_tsw
16:49:01.0 (223912820)|ENTERING_MANAGED_PKG|tdc_tsw
16:49:01.0 (224388978)|ENTERING_MANAGED_PKG|tdc_tsw
16:49:01.0 (225637196)|ENTERING_MANAGED_PKG|tdc_tsw
16:49:01.0 (226502916)|ENTERING_MANAGED_PKG|tdc_tsw
16:49:01.0 (226771814)|ENTERING_MANAGED_PKG|tdc_tsw
16:49:01.0 (227238591)|ENTERING_MANAGED_PKG|tdc_tsw
16:49:01.0 (232158044)|ENTERING_MANAGED_PKG|tdc_tsw
16:49:01.0 (233008245)|ENTERING_MANAGED_PKG|tdc_tsw
16:49:01.0 (233090122)|ENTERING_MANAGED_PKG|tdc_tsw
16:49:01.0 (233716351)|SOQL_EXECUTE_BEGIN|[200]|Aggregations:0|SELECT Name, NamespacePrefix, SystemModStamp FROM StaticResource WHERE Name LIKE :tmpVar1 LIMIT 10
16:49:01.0 (237126921)|SOQL_EXECUTE_END|[200]|Rows:1
16:49:01.0 (238122691)|ENTERING_MANAGED_PKG|tdc_tsw
16:49:01.0 (238585556)|SOQL_EXECUTE_BEGIN|[200]|Aggregations:0|SELECT Name, NamespacePrefix, SystemModStamp FROM StaticResource WHERE Name LIKE :tmpVar1 LIMIT 10
16:49:01.0 (241155175)|SOQL_EXECUTE_END|[200]|Rows:1
16:49:01.0 (241679645)|ENTERING_MANAGED_PKG|tdc_tsw
16:49:01.0 (246156613)|ENTERING_MANAGED_PKG|tdc_tsw
16:49:01.0 (248073178)|ENTERING_MANAGED_PKG|tdc_tsw
16:49:01.0 (248538667)|ENTERING_MANAGED_PKG|tdc_tsw
16:49:01.0 (249739064)|ENTERING_MANAGED_PKG|tdc_tsw
16:49:01.0 (250303691)|SOQL_EXECUTE_BEGIN|[200]|Aggregations:0|SELECT Name, NamespacePrefix, SystemModStamp FROM StaticResource WHERE Name LIKE :tmpVar1 LIMIT 10
16:49:01.0 (253442280)|SOQL_EXECUTE_END|[200]|Rows:1
16:49:01.264 (264434341)|USER_INFO|[EXTERNAL]|0051H000009gxp8|chanida.dev2@solvedbysoftwareco.com|Eastern Standard Time|GMT-05:00
16:49:01.264 (265876066)|ENTERING_MANAGED_PKG|tdc_tsw
16:49:01.264 (266129302)|ENTERING_MANAGED_PKG|tdc_tsw
16:49:01.264 (268987820)|SOQL_EXECUTE_BEGIN|[355]|Aggregations:0|SELECT id, name, Disable_Incoming_SMS_Sharing__c FROM User WHERE id = :tmpVar1
16:49:01.264 (275681439)|SOQL_EXECUTE_END|[355]|Rows:1
16:49:01.264 (276745829)|SOQL_EXECUTE_BEGIN|[367]|Aggregations:0|SELECT CreatedDate,Id,LastModifiedDate,Related_Object_Id__c FROM Message__c WHERE Name = 'Incoming' AND Read__c = false ORDER BY CreatedDate Desc limit 100
16:49:01.264 (316086888)|SOQL_EXECUTE_END|[367]|Rows:100
