44.0 APEX_CODE,FINEST;APEX_PROFILING,INFO;CALLOUT,INFO;DB,INFO;NBA,INFO;SYSTEM,DEBUG;VALIDATION,INFO;VISUALFORCE,INFO;WAVE,INFO;WORKFLOW,INFO
17:22:49.0 (126129)|USER_INFO|[EXTERNAL]|0051H000009gxp8|chanida.dev2@solvedbysoftwareco.com|Eastern Standard Time|GMT-05:00
17:22:49.0 (2639891)|ENTERING_MANAGED_PKG|tdc_tsw
17:22:49.0 (3099840)|ENTERING_MANAGED_PKG|tdc_tsw
17:22:49.0 (7050343)|SOQL_EXECUTE_BEGIN|[16]|Aggregations:0|SELECT id, name, Disable_Incoming_SMS_Sharing__c FROM User WHERE id = :tmpVar1
17:22:49.0 (15806022)|SOQL_EXECUTE_END|[16]|Rows:1
17:22:49.0 (21611992)|SOQL_EXECUTE_BEGIN|[37]|Aggregations:0|SELECT CreatedDate,Created_Date__c,Id,LastModifiedDate,MessageId__c,Message_Text_New__c,Name,OwnerId,Read__c,Related_Object_Id__c,Related_Object__c,Sender_Number__c, Sender_Name__c,ToNumber__c,Attachments_Ids__c FROM Message__c WHERE Name = 'Incoming' AND Read__c = false ORDER BY CreatedDate Desc limit 100
17:22:49.0 (37157077)|SOQL_EXECUTE_END|[37]|Rows:57
17:22:49.0 (47469441)|ENTERING_MANAGED_PKG|tdc_tsw
17:22:49.0 (49605634)|ENTERING_MANAGED_PKG|tdc_tsw
17:22:49.0 (50112182)|ENTERING_MANAGED_PKG|tdc_tsw
17:22:49.0 (50833762)|ENTERING_MANAGED_PKG|tdc_tsw
17:22:49.0 (53701670)|ENTERING_MANAGED_PKG|tdc_tsw
17:22:49.0 (54477856)|ENTERING_MANAGED_PKG|tdc_tsw
17:22:49.0 (54744840)|ENTERING_MANAGED_PKG|tdc_tsw
17:22:49.0 (55158348)|ENTERING_MANAGED_PKG|tdc_tsw
17:22:49.0 (56292576)|ENTERING_MANAGED_PKG|tdc_tsw
17:22:49.0 (57071677)|ENTERING_MANAGED_PKG|tdc_tsw
17:22:49.0 (57283700)|ENTERING_MANAGED_PKG|tdc_tsw
17:22:49.0 (57705864)|ENTERING_MANAGED_PKG|tdc_tsw
17:22:49.0 (58849119)|ENTERING_MANAGED_PKG|tdc_tsw
17:22:49.0 (59628291)|ENTERING_MANAGED_PKG|tdc_tsw
17:22:49.0 (59848891)|ENTERING_MANAGED_PKG|tdc_tsw
17:22:49.0 (60259506)|ENTERING_MANAGED_PKG|tdc_tsw
17:22:49.0 (61385455)|ENTERING_MANAGED_PKG|tdc_tsw
17:22:49.0 (62167120)|ENTERING_MANAGED_PKG|tdc_tsw
17:22:49.0 (62407854)|ENTERING_MANAGED_PKG|tdc_tsw
17:22:49.0 (62824013)|ENTERING_MANAGED_PKG|tdc_tsw
17:22:49.0 (63940409)|ENTERING_MANAGED_PKG|tdc_tsw
17:22:49.0 (64708796)|ENTERING_MANAGED_PKG|tdc_tsw
17:22:49.0 (64949686)|ENTERING_MANAGED_PKG|tdc_tsw
17:22:49.0 (65612389)|ENTERING_MANAGED_PKG|tdc_tsw
17:22:49.0 (67073895)|ENTERING_MANAGED_PKG|tdc_tsw
17:22:49.0 (67767572)|ENTERING_MANAGED_PKG|tdc_tsw
17:22:49.0 (67843603)|ENTERING_MANAGED_PKG|tdc_tsw
17:22:49.0 (68471625)|SOQL_EXECUTE_BEGIN|[200]|Aggregations:0|SELECT Name, NamespacePrefix, SystemModStamp FROM StaticResource WHERE Name LIKE :tmpVar1 LIMIT 10
17:22:49.0 (71947097)|SOQL_EXECUTE_END|[200]|Rows:1
17:22:49.0 (72748676)|ENTERING_MANAGED_PKG|tdc_tsw
17:22:49.0 (73122775)|SOQL_EXECUTE_BEGIN|[200]|Aggregations:0|SELECT Name, NamespacePrefix, SystemModStamp FROM StaticResource WHERE Name LIKE :tmpVar1 LIMIT 10
17:22:49.0 (75304188)|SOQL_EXECUTE_END|[200]|Rows:1
17:22:49.0 (75698146)|ENTERING_MANAGED_PKG|tdc_tsw
17:22:49.0 (79058135)|ENTERING_MANAGED_PKG|tdc_tsw
17:22:49.0 (80616106)|ENTERING_MANAGED_PKG|tdc_tsw
17:22:49.0 (80927712)|ENTERING_MANAGED_PKG|tdc_tsw
17:22:49.0 (81812122)|ENTERING_MANAGED_PKG|tdc_tsw
17:22:49.0 (82194400)|SOQL_EXECUTE_BEGIN|[200]|Aggregations:0|SELECT Name, NamespacePrefix, SystemModStamp FROM StaticResource WHERE Name LIKE :tmpVar1 LIMIT 10
17:22:49.0 (84520480)|SOQL_EXECUTE_END|[200]|Rows:1
17:22:49.90 (90281102)|USER_INFO|[EXTERNAL]|0051H000009gxp8|chanida.dev2@solvedbysoftwareco.com|Eastern Standard Time|GMT-05:00
17:22:49.90 (92191528)|ENTERING_MANAGED_PKG|tdc_tsw
17:22:49.90 (92381723)|ENTERING_MANAGED_PKG|tdc_tsw
17:22:49.90 (94885128)|SOQL_EXECUTE_BEGIN|[355]|Aggregations:0|SELECT id, name, Disable_Incoming_SMS_Sharing__c FROM User WHERE id = :tmpVar1
17:22:49.90 (101329024)|SOQL_EXECUTE_END|[355]|Rows:1
17:22:49.90 (102339708)|SOQL_EXECUTE_BEGIN|[367]|Aggregations:0|SELECT CreatedDate,Id,LastModifiedDate,Related_Object_Id__c FROM Message__c WHERE Name = 'Incoming' AND Read__c = false ORDER BY CreatedDate Desc limit 100
17:22:49.90 (109095393)|SOQL_EXECUTE_END|[367]|Rows:57
