44.0 APEX_CODE,FINEST;APEX_PROFILING,INFO;CALLOUT,INFO;DB,INFO;NBA,INFO;SYSTEM,DEBUG;VALIDATION,INFO;VISUALFORCE,INFO;WAVE,INFO;WORKFLOW,INFO
14:47:44.0 (164133)|USER_INFO|[EXTERNAL]|0051H000009gxp8|chanida.dev2@solvedbysoftwareco.com|Eastern Standard Time|GMT-05:00
14:47:44.0 (2010110)|ENTERING_MANAGED_PKG|tdc_tsw
14:47:44.0 (2464983)|ENTERING_MANAGED_PKG|tdc_tsw
14:47:44.0 (6995779)|SOQL_EXECUTE_BEGIN|[16]|Aggregations:0|SELECT id, name, Disable_Incoming_SMS_Sharing__c FROM User WHERE id = :tmpVar1
14:47:44.0 (13700053)|SOQL_EXECUTE_END|[16]|Rows:1
14:47:44.0 (19141996)|SOQL_EXECUTE_BEGIN|[37]|Aggregations:0|SELECT CreatedDate,Created_Date__c,Id,LastModifiedDate,MessageId__c,Message_Text_New__c,Name,OwnerId,Read__c,Related_Object_Id__c,Related_Object__c,Sender_Number__c, Sender_Name__c,ToNumber__c,Attachments_Ids__c FROM Message__c WHERE Name = 'Incoming' AND Read__c = false ORDER BY CreatedDate Desc limit 100
14:47:44.0 (38746316)|SOQL_EXECUTE_END|[37]|Rows:100
14:47:44.0 (56209862)|ENTERING_MANAGED_PKG|tdc_tsw
14:47:44.0 (57952392)|ENTERING_MANAGED_PKG|tdc_tsw
14:47:44.0 (58434200)|ENTERING_MANAGED_PKG|tdc_tsw
14:47:44.0 (59123122)|ENTERING_MANAGED_PKG|tdc_tsw
14:47:44.0 (61752286)|ENTERING_MANAGED_PKG|tdc_tsw
14:47:44.0 (62525792)|ENTERING_MANAGED_PKG|tdc_tsw
14:47:44.0 (62763094)|ENTERING_MANAGED_PKG|tdc_tsw
14:47:44.0 (63168656)|ENTERING_MANAGED_PKG|tdc_tsw
14:47:44.0 (64291461)|ENTERING_MANAGED_PKG|tdc_tsw
14:47:44.0 (65040764)|ENTERING_MANAGED_PKG|tdc_tsw
14:47:44.0 (65286846)|ENTERING_MANAGED_PKG|tdc_tsw
14:47:44.0 (65687081)|ENTERING_MANAGED_PKG|tdc_tsw
14:47:44.0 (66760984)|ENTERING_MANAGED_PKG|tdc_tsw
14:47:44.0 (67470913)|ENTERING_MANAGED_PKG|tdc_tsw
14:47:44.0 (67707835)|ENTERING_MANAGED_PKG|tdc_tsw
14:47:44.0 (68110013)|ENTERING_MANAGED_PKG|tdc_tsw
14:47:44.0 (69221113)|ENTERING_MANAGED_PKG|tdc_tsw
14:47:44.0 (69977878)|ENTERING_MANAGED_PKG|tdc_tsw
14:47:44.0 (70218424)|ENTERING_MANAGED_PKG|tdc_tsw
14:47:44.0 (70616418)|ENTERING_MANAGED_PKG|tdc_tsw
14:47:44.0 (71714202)|ENTERING_MANAGED_PKG|tdc_tsw
14:47:44.0 (72451423)|ENTERING_MANAGED_PKG|tdc_tsw
14:47:44.0 (72674666)|ENTERING_MANAGED_PKG|tdc_tsw
14:47:44.0 (73046366)|ENTERING_MANAGED_PKG|tdc_tsw
14:47:44.0 (74089717)|ENTERING_MANAGED_PKG|tdc_tsw
14:47:44.0 (74846797)|ENTERING_MANAGED_PKG|tdc_tsw
14:47:44.0 (75081285)|ENTERING_MANAGED_PKG|tdc_tsw
14:47:44.0 (75486680)|ENTERING_MANAGED_PKG|tdc_tsw
14:47:44.0 (76584933)|ENTERING_MANAGED_PKG|tdc_tsw
14:47:44.0 (77352967)|ENTERING_MANAGED_PKG|tdc_tsw
14:47:44.0 (77589715)|ENTERING_MANAGED_PKG|tdc_tsw
14:47:44.0 (77988715)|ENTERING_MANAGED_PKG|tdc_tsw
14:47:44.0 (79069885)|ENTERING_MANAGED_PKG|tdc_tsw
14:47:44.0 (79776001)|ENTERING_MANAGED_PKG|tdc_tsw
14:47:44.0 (79998776)|ENTERING_MANAGED_PKG|tdc_tsw
14:47:44.0 (80381461)|ENTERING_MANAGED_PKG|tdc_tsw
14:47:44.0 (81422571)|ENTERING_MANAGED_PKG|tdc_tsw
14:47:44.0 (82163438)|ENTERING_MANAGED_PKG|tdc_tsw
14:47:44.0 (82405488)|ENTERING_MANAGED_PKG|tdc_tsw
14:47:44.0 (82826112)|ENTERING_MANAGED_PKG|tdc_tsw
14:47:44.0 (83927933)|ENTERING_MANAGED_PKG|tdc_tsw
14:47:44.0 (84672530)|ENTERING_MANAGED_PKG|tdc_tsw
14:47:44.0 (84909451)|ENTERING_MANAGED_PKG|tdc_tsw
14:47:44.0 (85314034)|ENTERING_MANAGED_PKG|tdc_tsw
14:47:44.0 (86339486)|ENTERING_MANAGED_PKG|tdc_tsw
14:47:44.0 (87046719)|ENTERING_MANAGED_PKG|tdc_tsw
14:47:44.0 (87264545)|ENTERING_MANAGED_PKG|tdc_tsw
14:47:44.0 (87647755)|ENTERING_MANAGED_PKG|tdc_tsw
14:47:44.0 (88690066)|ENTERING_MANAGED_PKG|tdc_tsw
14:47:44.0 (89428030)|ENTERING_MANAGED_PKG|tdc_tsw
14:47:44.0 (89664389)|ENTERING_MANAGED_PKG|tdc_tsw
14:47:44.0 (90067183)|ENTERING_MANAGED_PKG|tdc_tsw
14:47:44.0 (91163457)|ENTERING_MANAGED_PKG|tdc_tsw
14:47:44.0 (91911431)|ENTERING_MANAGED_PKG|tdc_tsw
14:47:44.0 (92145407)|ENTERING_MANAGED_PKG|tdc_tsw
14:47:44.0 (92552030)|ENTERING_MANAGED_PKG|tdc_tsw
14:47:44.0 (93651549)|ENTERING_MANAGED_PKG|tdc_tsw
14:47:44.0 (94358071)|ENTERING_MANAGED_PKG|tdc_tsw
14:47:44.0 (94581074)|ENTERING_MANAGED_PKG|tdc_tsw
14:47:44.0 (94954050)|ENTERING_MANAGED_PKG|tdc_tsw
14:47:44.0 (95982418)|ENTERING_MANAGED_PKG|tdc_tsw
14:47:44.0 (96695212)|ENTERING_MANAGED_PKG|tdc_tsw
14:47:44.0 (96919016)|ENTERING_MANAGED_PKG|tdc_tsw
14:47:44.0 (97318277)|ENTERING_MANAGED_PKG|tdc_tsw
14:47:44.0 (98363766)|ENTERING_MANAGED_PKG|tdc_tsw
14:47:44.0 (99066072)|ENTERING_MANAGED_PKG|tdc_tsw
14:47:44.0 (99302973)|ENTERING_MANAGED_PKG|tdc_tsw
14:47:44.0 (99674407)|ENTERING_MANAGED_PKG|tdc_tsw
14:47:44.0 (100699017)|ENTERING_MANAGED_PKG|tdc_tsw
14:47:44.0 (101442424)|ENTERING_MANAGED_PKG|tdc_tsw
14:47:44.0 (101675861)|ENTERING_MANAGED_PKG|tdc_tsw
14:47:44.0 (102073648)|ENTERING_MANAGED_PKG|tdc_tsw
14:47:44.0 (103174388)|ENTERING_MANAGED_PKG|tdc_tsw
14:47:44.0 (103922316)|ENTERING_MANAGED_PKG|tdc_tsw
14:47:44.0 (104166784)|ENTERING_MANAGED_PKG|tdc_tsw
14:47:44.0 (104575668)|ENTERING_MANAGED_PKG|tdc_tsw
14:47:44.0 (105687490)|ENTERING_MANAGED_PKG|tdc_tsw
14:47:44.0 (106407620)|ENTERING_MANAGED_PKG|tdc_tsw
14:47:44.0 (106630384)|ENTERING_MANAGED_PKG|tdc_tsw
14:47:44.0 (107002533)|ENTERING_MANAGED_PKG|tdc_tsw
14:47:44.0 (108038538)|ENTERING_MANAGED_PKG|tdc_tsw
14:47:44.0 (108765091)|ENTERING_MANAGED_PKG|tdc_tsw
14:47:44.0 (108987854)|ENTERING_MANAGED_PKG|tdc_tsw
14:47:44.0 (109368637)|ENTERING_MANAGED_PKG|tdc_tsw
14:47:44.0 (110392617)|ENTERING_MANAGED_PKG|tdc_tsw
14:47:44.0 (111096718)|ENTERING_MANAGED_PKG|tdc_tsw
14:47:44.0 (111329038)|ENTERING_MANAGED_PKG|tdc_tsw
14:47:44.0 (111701962)|ENTERING_MANAGED_PKG|tdc_tsw
14:47:44.0 (112728519)|ENTERING_MANAGED_PKG|tdc_tsw
14:47:44.0 (113432881)|ENTERING_MANAGED_PKG|tdc_tsw
14:47:44.0 (113657368)|ENTERING_MANAGED_PKG|tdc_tsw
14:47:44.0 (114028688)|ENTERING_MANAGED_PKG|tdc_tsw
14:47:44.0 (115058833)|ENTERING_MANAGED_PKG|tdc_tsw
14:47:44.0 (115764325)|ENTERING_MANAGED_PKG|tdc_tsw
14:47:44.0 (115986802)|ENTERING_MANAGED_PKG|tdc_tsw
14:47:44.0 (116369767)|ENTERING_MANAGED_PKG|tdc_tsw
14:47:44.0 (117425845)|ENTERING_MANAGED_PKG|tdc_tsw
14:47:44.0 (118126491)|ENTERING_MANAGED_PKG|tdc_tsw
14:47:44.0 (118362152)|ENTERING_MANAGED_PKG|tdc_tsw
14:47:44.0 (118734057)|ENTERING_MANAGED_PKG|tdc_tsw
14:47:44.0 (119753398)|ENTERING_MANAGED_PKG|tdc_tsw
14:47:44.0 (120467212)|ENTERING_MANAGED_PKG|tdc_tsw
14:47:44.0 (120690126)|ENTERING_MANAGED_PKG|tdc_tsw
14:47:44.0 (121067918)|ENTERING_MANAGED_PKG|tdc_tsw
14:47:44.0 (122091347)|ENTERING_MANAGED_PKG|tdc_tsw
14:47:44.0 (122804885)|ENTERING_MANAGED_PKG|tdc_tsw
14:47:44.0 (123027218)|ENTERING_MANAGED_PKG|tdc_tsw
14:47:44.0 (123412937)|ENTERING_MANAGED_PKG|tdc_tsw
14:47:44.0 (124433140)|ENTERING_MANAGED_PKG|tdc_tsw
14:47:44.0 (125151598)|ENTERING_MANAGED_PKG|tdc_tsw
14:47:44.0 (125394701)|ENTERING_MANAGED_PKG|tdc_tsw
14:47:44.0 (125792573)|ENTERING_MANAGED_PKG|tdc_tsw
14:47:44.0 (126886051)|ENTERING_MANAGED_PKG|tdc_tsw
14:47:44.0 (127634949)|ENTERING_MANAGED_PKG|tdc_tsw
14:47:44.0 (127868282)|ENTERING_MANAGED_PKG|tdc_tsw
14:47:44.0 (128275631)|ENTERING_MANAGED_PKG|tdc_tsw
14:47:44.0 (129376008)|ENTERING_MANAGED_PKG|tdc_tsw
14:47:44.0 (130106666)|ENTERING_MANAGED_PKG|tdc_tsw
14:47:44.0 (130336415)|ENTERING_MANAGED_PKG|tdc_tsw
14:47:44.0 (130708753)|ENTERING_MANAGED_PKG|tdc_tsw
14:47:44.0 (131734383)|ENTERING_MANAGED_PKG|tdc_tsw
14:47:44.0 (132466993)|ENTERING_MANAGED_PKG|tdc_tsw
14:47:44.0 (132703340)|ENTERING_MANAGED_PKG|tdc_tsw
14:47:44.0 (133114908)|ENTERING_MANAGED_PKG|tdc_tsw
14:47:44.0 (134226335)|ENTERING_MANAGED_PKG|tdc_tsw
14:47:44.0 (134958460)|ENTERING_MANAGED_PKG|tdc_tsw
14:47:44.0 (135180153)|ENTERING_MANAGED_PKG|tdc_tsw
14:47:44.0 (135560625)|ENTERING_MANAGED_PKG|tdc_tsw
14:47:44.0 (136620600)|ENTERING_MANAGED_PKG|tdc_tsw
14:47:44.0 (137327217)|ENTERING_MANAGED_PKG|tdc_tsw
14:47:44.0 (137550522)|ENTERING_MANAGED_PKG|tdc_tsw
14:47:44.0 (137923250)|ENTERING_MANAGED_PKG|tdc_tsw
14:47:44.0 (138948498)|ENTERING_MANAGED_PKG|tdc_tsw
14:47:44.0 (139652390)|ENTERING_MANAGED_PKG|tdc_tsw
14:47:44.0 (139875288)|ENTERING_MANAGED_PKG|tdc_tsw
14:47:44.0 (140256004)|ENTERING_MANAGED_PKG|tdc_tsw
14:47:44.0 (141280348)|ENTERING_MANAGED_PKG|tdc_tsw
14:47:44.0 (141983771)|ENTERING_MANAGED_PKG|tdc_tsw
14:47:44.0 (142212774)|ENTERING_MANAGED_PKG|tdc_tsw
14:47:44.0 (142588044)|ENTERING_MANAGED_PKG|tdc_tsw
14:47:44.0 (143614026)|ENTERING_MANAGED_PKG|tdc_tsw
14:47:44.0 (144324979)|ENTERING_MANAGED_PKG|tdc_tsw
14:47:44.0 (144547656)|ENTERING_MANAGED_PKG|tdc_tsw
14:47:44.0 (144920527)|ENTERING_MANAGED_PKG|tdc_tsw
14:47:44.0 (146274739)|ENTERING_MANAGED_PKG|tdc_tsw
14:47:44.0 (146980141)|ENTERING_MANAGED_PKG|tdc_tsw
14:47:44.0 (147207844)|ENTERING_MANAGED_PKG|tdc_tsw
14:47:44.0 (147582140)|ENTERING_MANAGED_PKG|tdc_tsw
14:47:44.0 (148612197)|ENTERING_MANAGED_PKG|tdc_tsw
14:47:44.0 (149322571)|ENTERING_MANAGED_PKG|tdc_tsw
14:47:44.0 (149545442)|ENTERING_MANAGED_PKG|tdc_tsw
14:47:44.0 (149917567)|ENTERING_MANAGED_PKG|tdc_tsw
14:47:44.0 (150946215)|ENTERING_MANAGED_PKG|tdc_tsw
14:47:44.0 (151681841)|ENTERING_MANAGED_PKG|tdc_tsw
14:47:44.0 (151905064)|ENTERING_MANAGED_PKG|tdc_tsw
14:47:44.0 (152292090)|ENTERING_MANAGED_PKG|tdc_tsw
14:47:44.0 (153320870)|ENTERING_MANAGED_PKG|tdc_tsw
14:47:44.0 (154024505)|ENTERING_MANAGED_PKG|tdc_tsw
14:47:44.0 (154254721)|ENTERING_MANAGED_PKG|tdc_tsw
14:47:44.0 (154628967)|ENTERING_MANAGED_PKG|tdc_tsw
14:47:44.0 (155654676)|ENTERING_MANAGED_PKG|tdc_tsw
14:47:44.0 (156363707)|ENTERING_MANAGED_PKG|tdc_tsw
14:47:44.0 (156586863)|ENTERING_MANAGED_PKG|tdc_tsw
14:47:44.0 (156958199)|ENTERING_MANAGED_PKG|tdc_tsw
14:47:44.0 (158003934)|ENTERING_MANAGED_PKG|tdc_tsw
14:47:44.0 (158750449)|ENTERING_MANAGED_PKG|tdc_tsw
14:47:44.0 (158983883)|ENTERING_MANAGED_PKG|tdc_tsw
14:47:44.0 (159426796)|ENTERING_MANAGED_PKG|tdc_tsw
14:47:44.0 (160457867)|ENTERING_MANAGED_PKG|tdc_tsw
14:47:44.0 (161163443)|ENTERING_MANAGED_PKG|tdc_tsw
14:47:44.0 (161401863)|ENTERING_MANAGED_PKG|tdc_tsw
14:47:44.0 (161772616)|ENTERING_MANAGED_PKG|tdc_tsw
14:47:44.0 (162795466)|ENTERING_MANAGED_PKG|tdc_tsw
14:47:44.0 (163503436)|ENTERING_MANAGED_PKG|tdc_tsw
14:47:44.0 (163725430)|ENTERING_MANAGED_PKG|tdc_tsw
14:47:44.0 (164097593)|ENTERING_MANAGED_PKG|tdc_tsw
14:47:44.0 (165123304)|ENTERING_MANAGED_PKG|tdc_tsw
14:47:44.0 (165835035)|ENTERING_MANAGED_PKG|tdc_tsw
14:47:44.0 (166057558)|ENTERING_MANAGED_PKG|tdc_tsw
14:47:44.0 (166437606)|ENTERING_MANAGED_PKG|tdc_tsw
14:47:44.0 (167459853)|ENTERING_MANAGED_PKG|tdc_tsw
14:47:44.0 (168156924)|ENTERING_MANAGED_PKG|tdc_tsw
14:47:44.0 (168388469)|ENTERING_MANAGED_PKG|tdc_tsw
14:47:44.0 (168760549)|ENTERING_MANAGED_PKG|tdc_tsw
14:47:44.0 (169779821)|ENTERING_MANAGED_PKG|tdc_tsw
14:47:44.0 (170488046)|ENTERING_MANAGED_PKG|tdc_tsw
14:47:44.0 (170710293)|ENTERING_MANAGED_PKG|tdc_tsw
14:47:44.0 (171082251)|ENTERING_MANAGED_PKG|tdc_tsw
14:47:44.0 (172106297)|ENTERING_MANAGED_PKG|tdc_tsw
14:47:44.0 (172814171)|ENTERING_MANAGED_PKG|tdc_tsw
14:47:44.0 (173036605)|ENTERING_MANAGED_PKG|tdc_tsw
14:47:44.0 (173417149)|ENTERING_MANAGED_PKG|tdc_tsw
14:47:44.0 (174438871)|ENTERING_MANAGED_PKG|tdc_tsw
14:47:44.0 (175138714)|ENTERING_MANAGED_PKG|tdc_tsw
14:47:44.0 (175368013)|ENTERING_MANAGED_PKG|tdc_tsw
14:47:44.0 (175741121)|ENTERING_MANAGED_PKG|tdc_tsw
14:47:44.0 (176765331)|ENTERING_MANAGED_PKG|tdc_tsw
14:47:44.0 (177478377)|ENTERING_MANAGED_PKG|tdc_tsw
14:47:44.0 (177700869)|ENTERING_MANAGED_PKG|tdc_tsw
14:47:44.0 (178076343)|ENTERING_MANAGED_PKG|tdc_tsw
14:47:44.0 (179104812)|ENTERING_MANAGED_PKG|tdc_tsw
14:47:44.0 (179815281)|ENTERING_MANAGED_PKG|tdc_tsw
14:47:44.0 (180037380)|ENTERING_MANAGED_PKG|tdc_tsw
14:47:44.0 (180417413)|ENTERING_MANAGED_PKG|tdc_tsw
14:47:44.0 (181440038)|ENTERING_MANAGED_PKG|tdc_tsw
14:47:44.0 (182139824)|ENTERING_MANAGED_PKG|tdc_tsw
14:47:44.0 (182368988)|ENTERING_MANAGED_PKG|tdc_tsw
14:47:44.0 (182752243)|ENTERING_MANAGED_PKG|tdc_tsw
14:47:44.0 (183782513)|ENTERING_MANAGED_PKG|tdc_tsw
14:47:44.0 (184492824)|ENTERING_MANAGED_PKG|tdc_tsw
14:47:44.0 (184715460)|ENTERING_MANAGED_PKG|tdc_tsw
14:47:44.0 (185086779)|ENTERING_MANAGED_PKG|tdc_tsw
14:47:44.0 (186124247)|ENTERING_MANAGED_PKG|tdc_tsw
14:47:44.0 (186832083)|ENTERING_MANAGED_PKG|tdc_tsw
14:47:44.0 (187053145)|ENTERING_MANAGED_PKG|tdc_tsw
14:47:44.0 (187435173)|ENTERING_MANAGED_PKG|tdc_tsw
14:47:44.0 (188462174)|ENTERING_MANAGED_PKG|tdc_tsw
14:47:44.0 (189166563)|ENTERING_MANAGED_PKG|tdc_tsw
14:47:44.0 (189397070)|ENTERING_MANAGED_PKG|tdc_tsw
14:47:44.0 (189770244)|ENTERING_MANAGED_PKG|tdc_tsw
14:47:44.0 (190797023)|ENTERING_MANAGED_PKG|tdc_tsw
14:47:44.0 (191501724)|ENTERING_MANAGED_PKG|tdc_tsw
14:47:44.0 (191723859)|ENTERING_MANAGED_PKG|tdc_tsw
14:47:44.0 (192097588)|ENTERING_MANAGED_PKG|tdc_tsw
14:47:44.0 (193127028)|ENTERING_MANAGED_PKG|tdc_tsw
14:47:44.0 (193833889)|ENTERING_MANAGED_PKG|tdc_tsw
14:47:44.0 (194055714)|ENTERING_MANAGED_PKG|tdc_tsw
14:47:44.0 (194438198)|ENTERING_MANAGED_PKG|tdc_tsw
14:47:44.0 (195466350)|ENTERING_MANAGED_PKG|tdc_tsw
14:47:44.0 (196164198)|ENTERING_MANAGED_PKG|tdc_tsw
14:47:44.0 (196393517)|ENTERING_MANAGED_PKG|tdc_tsw
14:47:44.0 (196765321)|ENTERING_MANAGED_PKG|tdc_tsw
14:47:44.0 (197788565)|ENTERING_MANAGED_PKG|tdc_tsw
14:47:44.0 (198507676)|ENTERING_MANAGED_PKG|tdc_tsw
14:47:44.0 (198730810)|ENTERING_MANAGED_PKG|tdc_tsw
14:47:44.0 (199103520)|ENTERING_MANAGED_PKG|tdc_tsw
14:47:44.0 (200134321)|ENTERING_MANAGED_PKG|tdc_tsw
14:47:44.0 (200841492)|ENTERING_MANAGED_PKG|tdc_tsw
14:47:44.0 (201062096)|ENTERING_MANAGED_PKG|tdc_tsw
14:47:44.0 (201441537)|ENTERING_MANAGED_PKG|tdc_tsw
14:47:44.0 (202470256)|ENTERING_MANAGED_PKG|tdc_tsw
14:47:44.0 (203173220)|ENTERING_MANAGED_PKG|tdc_tsw
14:47:44.0 (203402056)|ENTERING_MANAGED_PKG|tdc_tsw
14:47:44.0 (203776525)|ENTERING_MANAGED_PKG|tdc_tsw
14:47:44.0 (204844327)|ENTERING_MANAGED_PKG|tdc_tsw
14:47:44.0 (205601735)|ENTERING_MANAGED_PKG|tdc_tsw
14:47:44.0 (205838066)|ENTERING_MANAGED_PKG|tdc_tsw
14:47:44.0 (206247929)|ENTERING_MANAGED_PKG|tdc_tsw
14:47:44.0 (245373209)|ENTERING_MANAGED_PKG|tdc_tsw
14:47:44.0 (246354470)|ENTERING_MANAGED_PKG|tdc_tsw
14:47:44.0 (246625996)|ENTERING_MANAGED_PKG|tdc_tsw
14:47:44.0 (247074755)|ENTERING_MANAGED_PKG|tdc_tsw
14:47:44.0 (248272845)|ENTERING_MANAGED_PKG|tdc_tsw
14:47:44.0 (249050966)|ENTERING_MANAGED_PKG|tdc_tsw
14:47:44.0 (249293467)|ENTERING_MANAGED_PKG|tdc_tsw
14:47:44.0 (249684458)|ENTERING_MANAGED_PKG|tdc_tsw
14:47:44.0 (250776123)|ENTERING_MANAGED_PKG|tdc_tsw
14:47:44.0 (251555930)|ENTERING_MANAGED_PKG|tdc_tsw
14:47:44.0 (251797868)|ENTERING_MANAGED_PKG|tdc_tsw
14:47:44.0 (252216957)|ENTERING_MANAGED_PKG|tdc_tsw
14:47:44.0 (253343019)|ENTERING_MANAGED_PKG|tdc_tsw
14:47:44.0 (254075605)|ENTERING_MANAGED_PKG|tdc_tsw
14:47:44.0 (254316102)|ENTERING_MANAGED_PKG|tdc_tsw
14:47:44.0 (254706122)|ENTERING_MANAGED_PKG|tdc_tsw
14:47:44.0 (255786210)|ENTERING_MANAGED_PKG|tdc_tsw
14:47:44.0 (256540554)|ENTERING_MANAGED_PKG|tdc_tsw
14:47:44.0 (256767787)|ENTERING_MANAGED_PKG|tdc_tsw
14:47:44.0 (257150464)|ENTERING_MANAGED_PKG|tdc_tsw
14:47:44.0 (258410239)|ENTERING_MANAGED_PKG|tdc_tsw
14:47:44.0 (259302092)|ENTERING_MANAGED_PKG|tdc_tsw
14:47:44.0 (259389388)|ENTERING_MANAGED_PKG|tdc_tsw
14:47:44.0 (259959709)|SOQL_EXECUTE_BEGIN|[200]|Aggregations:0|SELECT Name, NamespacePrefix, SystemModStamp FROM StaticResource WHERE Name LIKE :tmpVar1 LIMIT 10
14:47:44.0 (266129656)|SOQL_EXECUTE_END|[200]|Rows:1
14:47:44.0 (267017512)|ENTERING_MANAGED_PKG|tdc_tsw
14:47:44.0 (267457244)|SOQL_EXECUTE_BEGIN|[200]|Aggregations:0|SELECT Name, NamespacePrefix, SystemModStamp FROM StaticResource WHERE Name LIKE :tmpVar1 LIMIT 10
14:47:44.0 (269836936)|SOQL_EXECUTE_END|[200]|Rows:1
14:47:44.0 (270222254)|ENTERING_MANAGED_PKG|tdc_tsw
14:47:44.0 (275328460)|ENTERING_MANAGED_PKG|tdc_tsw
14:47:44.0 (276930671)|ENTERING_MANAGED_PKG|tdc_tsw
14:47:44.0 (277253134)|ENTERING_MANAGED_PKG|tdc_tsw
14:47:44.0 (278234710)|ENTERING_MANAGED_PKG|tdc_tsw
14:47:44.0 (278740453)|SOQL_EXECUTE_BEGIN|[200]|Aggregations:0|SELECT Name, NamespacePrefix, SystemModStamp FROM StaticResource WHERE Name LIKE :tmpVar1 LIMIT 10
14:47:44.0 (281918826)|SOQL_EXECUTE_END|[200]|Rows:1
14:47:44.307 (307993170)|USER_INFO|[EXTERNAL]|0051H000009gxp8|chanida.dev2@solvedbysoftwareco.com|Eastern Standard Time|GMT-05:00
14:47:44.307 (309457091)|ENTERING_MANAGED_PKG|tdc_tsw
14:47:44.307 (309702647)|ENTERING_MANAGED_PKG|tdc_tsw
14:47:44.307 (312367860)|SOQL_EXECUTE_BEGIN|[355]|Aggregations:0|SELECT id, name, Disable_Incoming_SMS_Sharing__c FROM User WHERE id = :tmpVar1
14:47:44.307 (318406837)|SOQL_EXECUTE_END|[355]|Rows:1
14:47:44.307 (319511192)|SOQL_EXECUTE_BEGIN|[367]|Aggregations:0|SELECT CreatedDate,Id,LastModifiedDate,Related_Object_Id__c FROM Message__c WHERE Name = 'Incoming' AND Read__c = false ORDER BY CreatedDate Desc limit 100
14:47:44.307 (328709659)|SOQL_EXECUTE_END|[367]|Rows:100
