44.0 APEX_CODE,FINEST;APEX_PROFILING,INFO;CALLOUT,INFO;DB,INFO;NBA,INFO;SYSTEM,DEBUG;VALIDATION,INFO;VISUALFORCE,INFO;WAVE,INFO;WORKFLOW,INFO
13:49:10.0 (115395)|USER_INFO|[EXTERNAL]|0051H000009gxp8|chanida.dev2@solvedbysoftwareco.com|Eastern Standard Time|GMT-05:00
13:49:10.0 (2745714)|ENTERING_MANAGED_PKG|tdc_tsw
13:49:10.0 (2891109)|ENTERING_MANAGED_PKG|tdc_tsw
13:49:10.0 (3362121)|ENTERING_MANAGED_PKG|tdc_tsw
13:49:10.0 (3419495)|ENTERING_MANAGED_PKG|tdc_tsw
13:49:10.0 (4431556)|ENTERING_MANAGED_PKG|tdc_tsw
13:49:10.0 (5109339)|ENTERING_MANAGED_PKG|tdc_tsw
13:49:10.0 (7171804)|ENTERING_MANAGED_PKG|tdc_tsw
13:49:10.0 (7240537)|ENTERING_MANAGED_PKG|tdc_tsw
13:49:10.0 (9046792)|ENTERING_MANAGED_PKG|tdc_tsw
13:49:10.0 (18177659)|SOQL_EXECUTE_BEGIN|[82]|Aggregations:0|SELECT CreatedDate, Id,Task_Created__c,Event_Created__c,isCaseCreated__c,Task_Id__c,Event_Id__c,Case__c, Important__c, Delivered__c, Message_Text_New__c, Name, Owner.Name, Read__c,MessageId__c, ToNumber__c, Related_Object_Id__c, Related_Object__c, Sender_Number__c, LastModifiedDate, Attachments_Ids__c FROM Message__c WHERE Lead__c =: recordId ORDER BY CreatedDate Desc limit 200
13:49:10.0 (34264965)|SOQL_EXECUTE_END|[82]|Rows:7
13:49:10.0 (36347955)|ENTERING_MANAGED_PKG|tdc_tsw
13:49:10.0 (36731097)|ENTERING_MANAGED_PKG|tdc_tsw
13:49:10.0 (36840862)|ENTERING_MANAGED_PKG|tdc_tsw
13:49:10.0 (37686181)|SOQL_EXECUTE_BEGIN|[200]|Aggregations:0|SELECT Name, NamespacePrefix, SystemModStamp FROM StaticResource WHERE Name LIKE :tmpVar1 LIMIT 10
13:49:10.0 (43724660)|SOQL_EXECUTE_END|[200]|Rows:1
13:49:10.0 (46069947)|ENTERING_MANAGED_PKG|tdc_tsw
13:49:10.0 (47767160)|ENTERING_MANAGED_PKG|tdc_tsw
13:49:10.0 (47843822)|ENTERING_MANAGED_PKG|tdc_tsw
13:49:10.0 (50157596)|ENTERING_MANAGED_PKG|tdc_tsw
13:49:10.0 (51095229)|ENTERING_MANAGED_PKG|tdc_tsw
13:49:10.0 (52634835)|ENTERING_MANAGED_PKG|tdc_tsw
13:49:10.0 (53387810)|ENTERING_MANAGED_PKG|tdc_tsw
13:49:10.0 (54462994)|ENTERING_MANAGED_PKG|tdc_tsw
13:49:10.0 (55272200)|ENTERING_MANAGED_PKG|tdc_tsw
13:49:10.0 (56362013)|ENTERING_MANAGED_PKG|tdc_tsw
13:49:10.0 (57127250)|ENTERING_MANAGED_PKG|tdc_tsw
13:49:10.0 (58197387)|ENTERING_MANAGED_PKG|tdc_tsw
13:49:10.0 (58976687)|ENTERING_MANAGED_PKG|tdc_tsw
13:49:10.0 (60173298)|ENTERING_MANAGED_PKG|tdc_tsw
13:49:10.0 (60911895)|ENTERING_MANAGED_PKG|tdc_tsw
13:49:10.0 (66270627)|SOQL_EXECUTE_BEGIN|[172]|Aggregations:0|SELECT id, name FROM ChatTranscript__c WHERE (Chat_Active__c = TRUE AND (Related_Object_Id__c = :tmpVar1 OR Related_Object_Id__c = :tmpVar2)) LIMIT 1
13:49:10.0 (69511878)|SOQL_EXECUTE_END|[172]|Rows:0
13:49:10.0 (69865582)|ENTERING_MANAGED_PKG|tdc_tsw
13:49:10.0 (69901903)|ENTERING_MANAGED_PKG|tdc_tsw
