44.0 APEX_CODE,FINEST;APEX_PROFILING,INFO;CALLOUT,INFO;DB,INFO;NBA,INFO;SYSTEM,DEBUG;VALIDATION,INFO;VISUALFORCE,INFO;WAVE,INFO;WORKFLOW,INFO
23:40:48.0 (158235)|USER_INFO|[EXTERNAL]|0051H000009gxp8|chanida.dev2@solvedbysoftwareco.com|Eastern Standard Time|GMT-05:00
23:40:48.0 (1793375)|ENTERING_MANAGED_PKG|tdc_tsw
23:40:48.0 (2209628)|ENTERING_MANAGED_PKG|tdc_tsw
23:40:48.0 (5754230)|SOQL_EXECUTE_BEGIN|[16]|Aggregations:0|SELECT id, name, Disable_Incoming_SMS_Sharing__c FROM User WHERE id = :tmpVar1
23:40:48.0 (12542560)|SOQL_EXECUTE_END|[16]|Rows:1
23:40:48.0 (18496001)|SOQL_EXECUTE_BEGIN|[37]|Aggregations:0|SELECT CreatedDate,Created_Date__c,Id,LastModifiedDate,MessageId__c,Message_Text_New__c,Name,OwnerId,Read__c,Related_Object_Id__c,Related_Object__c,Sender_Number__c, Sender_Name__c,ToNumber__c,Attachments_Ids__c FROM Message__c WHERE Name = 'Incoming' AND Read__c = false ORDER BY CreatedDate Desc limit 100
23:40:48.0 (35130357)|SOQL_EXECUTE_END|[37]|Rows:100
23:40:48.0 (51996868)|ENTERING_MANAGED_PKG|tdc_tsw
23:40:48.0 (53685481)|ENTERING_MANAGED_PKG|tdc_tsw
23:40:48.0 (54146647)|ENTERING_MANAGED_PKG|tdc_tsw
23:40:48.0 (54802339)|ENTERING_MANAGED_PKG|tdc_tsw
23:40:48.0 (57445317)|ENTERING_MANAGED_PKG|tdc_tsw
23:40:48.0 (58202197)|ENTERING_MANAGED_PKG|tdc_tsw
23:40:48.0 (58440540)|ENTERING_MANAGED_PKG|tdc_tsw
23:40:48.0 (58832104)|ENTERING_MANAGED_PKG|tdc_tsw
23:40:48.0 (59971660)|ENTERING_MANAGED_PKG|tdc_tsw
23:40:48.0 (60878015)|ENTERING_MANAGED_PKG|tdc_tsw
23:40:48.0 (61125537)|ENTERING_MANAGED_PKG|tdc_tsw
23:40:48.0 (61520733)|ENTERING_MANAGED_PKG|tdc_tsw
23:40:48.0 (62637304)|ENTERING_MANAGED_PKG|tdc_tsw
23:40:48.0 (64022112)|ENTERING_MANAGED_PKG|tdc_tsw
23:40:48.0 (64251487)|ENTERING_MANAGED_PKG|tdc_tsw
23:40:48.0 (64647403)|ENTERING_MANAGED_PKG|tdc_tsw
23:40:48.0 (65713861)|ENTERING_MANAGED_PKG|tdc_tsw
23:40:48.0 (66463553)|ENTERING_MANAGED_PKG|tdc_tsw
23:40:48.0 (66690997)|ENTERING_MANAGED_PKG|tdc_tsw
23:40:48.0 (67078566)|ENTERING_MANAGED_PKG|tdc_tsw
23:40:48.0 (68144010)|ENTERING_MANAGED_PKG|tdc_tsw
23:40:48.0 (68887030)|ENTERING_MANAGED_PKG|tdc_tsw
23:40:48.0 (69113366)|ENTERING_MANAGED_PKG|tdc_tsw
23:40:48.0 (69514750)|ENTERING_MANAGED_PKG|tdc_tsw
23:40:48.0 (70579602)|ENTERING_MANAGED_PKG|tdc_tsw
23:40:48.0 (71341830)|ENTERING_MANAGED_PKG|tdc_tsw
23:40:48.0 (71569655)|ENTERING_MANAGED_PKG|tdc_tsw
23:40:48.0 (71955628)|ENTERING_MANAGED_PKG|tdc_tsw
23:40:48.0 (73017902)|ENTERING_MANAGED_PKG|tdc_tsw
23:40:48.0 (73778467)|ENTERING_MANAGED_PKG|tdc_tsw
23:40:48.0 (74003724)|ENTERING_MANAGED_PKG|tdc_tsw
23:40:48.0 (74397928)|ENTERING_MANAGED_PKG|tdc_tsw
23:40:48.0 (75455145)|ENTERING_MANAGED_PKG|tdc_tsw
23:40:48.0 (76193701)|ENTERING_MANAGED_PKG|tdc_tsw
23:40:48.0 (76426753)|ENTERING_MANAGED_PKG|tdc_tsw
23:40:48.0 (76813073)|ENTERING_MANAGED_PKG|tdc_tsw
23:40:48.0 (77874517)|ENTERING_MANAGED_PKG|tdc_tsw
23:40:48.0 (78622455)|ENTERING_MANAGED_PKG|tdc_tsw
23:40:48.0 (78876828)|ENTERING_MANAGED_PKG|tdc_tsw
23:40:48.0 (79282138)|ENTERING_MANAGED_PKG|tdc_tsw
23:40:48.0 (80383899)|ENTERING_MANAGED_PKG|tdc_tsw
23:40:48.0 (81150252)|ENTERING_MANAGED_PKG|tdc_tsw
23:40:48.0 (81385435)|ENTERING_MANAGED_PKG|tdc_tsw
23:40:48.0 (81798200)|ENTERING_MANAGED_PKG|tdc_tsw
23:40:48.0 (82862610)|ENTERING_MANAGED_PKG|tdc_tsw
23:40:48.0 (83640144)|ENTERING_MANAGED_PKG|tdc_tsw
23:40:48.0 (83867497)|ENTERING_MANAGED_PKG|tdc_tsw
23:40:48.0 (84255039)|ENTERING_MANAGED_PKG|tdc_tsw
23:40:48.0 (85319390)|ENTERING_MANAGED_PKG|tdc_tsw
23:40:48.0 (86055440)|ENTERING_MANAGED_PKG|tdc_tsw
23:40:48.0 (86288518)|ENTERING_MANAGED_PKG|tdc_tsw
23:40:48.0 (86674725)|ENTERING_MANAGED_PKG|tdc_tsw
23:40:48.0 (87731533)|ENTERING_MANAGED_PKG|tdc_tsw
23:40:48.0 (88468777)|ENTERING_MANAGED_PKG|tdc_tsw
23:40:48.0 (88695698)|ENTERING_MANAGED_PKG|tdc_tsw
23:40:48.0 (89082400)|ENTERING_MANAGED_PKG|tdc_tsw
23:40:48.0 (90226809)|ENTERING_MANAGED_PKG|tdc_tsw
23:40:48.0 (91040135)|ENTERING_MANAGED_PKG|tdc_tsw
23:40:48.0 (91273011)|ENTERING_MANAGED_PKG|tdc_tsw
23:40:48.0 (91661894)|ENTERING_MANAGED_PKG|tdc_tsw
23:40:48.0 (92723970)|ENTERING_MANAGED_PKG|tdc_tsw
23:40:48.0 (93465673)|ENTERING_MANAGED_PKG|tdc_tsw
23:40:48.0 (93691823)|ENTERING_MANAGED_PKG|tdc_tsw
23:40:48.0 (94106214)|ENTERING_MANAGED_PKG|tdc_tsw
23:40:48.0 (95170041)|ENTERING_MANAGED_PKG|tdc_tsw
23:40:48.0 (95916315)|ENTERING_MANAGED_PKG|tdc_tsw
23:40:48.0 (96142184)|ENTERING_MANAGED_PKG|tdc_tsw
23:40:48.0 (96552255)|ENTERING_MANAGED_PKG|tdc_tsw
23:40:48.0 (97626437)|ENTERING_MANAGED_PKG|tdc_tsw
23:40:48.0 (98379743)|ENTERING_MANAGED_PKG|tdc_tsw
23:40:48.0 (98606446)|ENTERING_MANAGED_PKG|tdc_tsw
23:40:48.0 (98988605)|ENTERING_MANAGED_PKG|tdc_tsw
23:40:48.0 (100045763)|ENTERING_MANAGED_PKG|tdc_tsw
23:40:48.0 (100786929)|ENTERING_MANAGED_PKG|tdc_tsw
23:40:48.0 (101012974)|ENTERING_MANAGED_PKG|tdc_tsw
23:40:48.0 (101408457)|ENTERING_MANAGED_PKG|tdc_tsw
23:40:48.0 (102522021)|ENTERING_MANAGED_PKG|tdc_tsw
23:40:48.0 (103257161)|ENTERING_MANAGED_PKG|tdc_tsw
23:40:48.0 (103506111)|ENTERING_MANAGED_PKG|tdc_tsw
23:40:48.0 (103907670)|ENTERING_MANAGED_PKG|tdc_tsw
23:40:48.0 (105058650)|ENTERING_MANAGED_PKG|tdc_tsw
23:40:48.0 (105839473)|ENTERING_MANAGED_PKG|tdc_tsw
23:40:48.0 (106067747)|ENTERING_MANAGED_PKG|tdc_tsw
23:40:48.0 (106460642)|ENTERING_MANAGED_PKG|tdc_tsw
23:40:48.0 (107642335)|ENTERING_MANAGED_PKG|tdc_tsw
23:40:48.0 (108451580)|ENTERING_MANAGED_PKG|tdc_tsw
23:40:48.0 (108678656)|ENTERING_MANAGED_PKG|tdc_tsw
23:40:48.0 (109085944)|ENTERING_MANAGED_PKG|tdc_tsw
23:40:48.0 (110145998)|ENTERING_MANAGED_PKG|tdc_tsw
23:40:48.0 (110885540)|ENTERING_MANAGED_PKG|tdc_tsw
23:40:48.0 (111111067)|ENTERING_MANAGED_PKG|tdc_tsw
23:40:48.0 (111500294)|ENTERING_MANAGED_PKG|tdc_tsw
23:40:48.0 (112620771)|ENTERING_MANAGED_PKG|tdc_tsw
23:40:48.0 (113366943)|ENTERING_MANAGED_PKG|tdc_tsw
23:40:48.0 (113595085)|ENTERING_MANAGED_PKG|tdc_tsw
23:40:48.0 (113978209)|ENTERING_MANAGED_PKG|tdc_tsw
23:40:48.0 (115036505)|ENTERING_MANAGED_PKG|tdc_tsw
23:40:48.0 (115848761)|ENTERING_MANAGED_PKG|tdc_tsw
23:40:48.0 (116076103)|ENTERING_MANAGED_PKG|tdc_tsw
23:40:48.0 (116467923)|ENTERING_MANAGED_PKG|tdc_tsw
23:40:48.0 (117546306)|ENTERING_MANAGED_PKG|tdc_tsw
23:40:48.0 (118315785)|ENTERING_MANAGED_PKG|tdc_tsw
23:40:48.0 (118543642)|ENTERING_MANAGED_PKG|tdc_tsw
23:40:48.0 (118925733)|ENTERING_MANAGED_PKG|tdc_tsw
23:40:48.0 (119986396)|ENTERING_MANAGED_PKG|tdc_tsw
23:40:48.0 (120756392)|ENTERING_MANAGED_PKG|tdc_tsw
23:40:48.0 (120983742)|ENTERING_MANAGED_PKG|tdc_tsw
23:40:48.0 (121377533)|ENTERING_MANAGED_PKG|tdc_tsw
23:40:48.0 (122437547)|ENTERING_MANAGED_PKG|tdc_tsw
23:40:48.0 (123184086)|ENTERING_MANAGED_PKG|tdc_tsw
23:40:48.0 (123418738)|ENTERING_MANAGED_PKG|tdc_tsw
23:40:48.0 (123800197)|ENTERING_MANAGED_PKG|tdc_tsw
23:40:48.0 (124870806)|ENTERING_MANAGED_PKG|tdc_tsw
23:40:48.0 (125612694)|ENTERING_MANAGED_PKG|tdc_tsw
23:40:48.0 (125839151)|ENTERING_MANAGED_PKG|tdc_tsw
23:40:48.0 (126233431)|ENTERING_MANAGED_PKG|tdc_tsw
23:40:48.0 (127300012)|ENTERING_MANAGED_PKG|tdc_tsw
23:40:48.0 (128038331)|ENTERING_MANAGED_PKG|tdc_tsw
23:40:48.0 (128278157)|ENTERING_MANAGED_PKG|tdc_tsw
23:40:48.0 (128674059)|ENTERING_MANAGED_PKG|tdc_tsw
23:40:48.0 (129736943)|ENTERING_MANAGED_PKG|tdc_tsw
23:40:48.0 (130479224)|ENTERING_MANAGED_PKG|tdc_tsw
23:40:48.0 (130706337)|ENTERING_MANAGED_PKG|tdc_tsw
23:40:48.0 (131086147)|ENTERING_MANAGED_PKG|tdc_tsw
23:40:48.0 (132173487)|ENTERING_MANAGED_PKG|tdc_tsw
23:40:48.0 (132928326)|ENTERING_MANAGED_PKG|tdc_tsw
23:40:48.0 (133155013)|ENTERING_MANAGED_PKG|tdc_tsw
23:40:48.0 (133546622)|ENTERING_MANAGED_PKG|tdc_tsw
23:40:48.0 (134615439)|ENTERING_MANAGED_PKG|tdc_tsw
23:40:48.0 (135363731)|ENTERING_MANAGED_PKG|tdc_tsw
23:40:48.0 (135592209)|ENTERING_MANAGED_PKG|tdc_tsw
23:40:48.0 (135995993)|ENTERING_MANAGED_PKG|tdc_tsw
23:40:48.0 (137062896)|ENTERING_MANAGED_PKG|tdc_tsw
23:40:48.0 (137808490)|ENTERING_MANAGED_PKG|tdc_tsw
23:40:48.0 (138034605)|ENTERING_MANAGED_PKG|tdc_tsw
23:40:48.0 (138430181)|ENTERING_MANAGED_PKG|tdc_tsw
23:40:48.0 (139498942)|ENTERING_MANAGED_PKG|tdc_tsw
23:40:48.0 (140567690)|ENTERING_MANAGED_PKG|tdc_tsw
23:40:48.0 (140802649)|ENTERING_MANAGED_PKG|tdc_tsw
23:40:48.0 (141191372)|ENTERING_MANAGED_PKG|tdc_tsw
23:40:48.0 (142254383)|ENTERING_MANAGED_PKG|tdc_tsw
23:40:48.0 (143002309)|ENTERING_MANAGED_PKG|tdc_tsw
23:40:48.0 (143229495)|ENTERING_MANAGED_PKG|tdc_tsw
23:40:48.0 (143623438)|ENTERING_MANAGED_PKG|tdc_tsw
23:40:48.0 (144699706)|ENTERING_MANAGED_PKG|tdc_tsw
23:40:48.0 (145449469)|ENTERING_MANAGED_PKG|tdc_tsw
23:40:48.0 (145682074)|ENTERING_MANAGED_PKG|tdc_tsw
23:40:48.0 (146072185)|ENTERING_MANAGED_PKG|tdc_tsw
23:40:48.0 (147154097)|ENTERING_MANAGED_PKG|tdc_tsw
23:40:48.0 (147903333)|ENTERING_MANAGED_PKG|tdc_tsw
23:40:48.0 (148129081)|ENTERING_MANAGED_PKG|tdc_tsw
23:40:48.0 (148523757)|ENTERING_MANAGED_PKG|tdc_tsw
23:40:48.0 (149583105)|ENTERING_MANAGED_PKG|tdc_tsw
23:40:48.0 (150327981)|ENTERING_MANAGED_PKG|tdc_tsw
23:40:48.0 (150555483)|ENTERING_MANAGED_PKG|tdc_tsw
23:40:48.0 (150955232)|ENTERING_MANAGED_PKG|tdc_tsw
23:40:48.0 (152054578)|ENTERING_MANAGED_PKG|tdc_tsw
23:40:48.0 (152805484)|ENTERING_MANAGED_PKG|tdc_tsw
23:40:48.0 (153033745)|ENTERING_MANAGED_PKG|tdc_tsw
23:40:48.0 (153436317)|ENTERING_MANAGED_PKG|tdc_tsw
23:40:48.0 (154521574)|ENTERING_MANAGED_PKG|tdc_tsw
23:40:48.0 (155260895)|ENTERING_MANAGED_PKG|tdc_tsw
23:40:48.0 (155508719)|ENTERING_MANAGED_PKG|tdc_tsw
23:40:48.0 (155902189)|ENTERING_MANAGED_PKG|tdc_tsw
23:40:48.0 (156967883)|ENTERING_MANAGED_PKG|tdc_tsw
23:40:48.0 (157714429)|ENTERING_MANAGED_PKG|tdc_tsw
23:40:48.0 (157947691)|ENTERING_MANAGED_PKG|tdc_tsw
23:40:48.0 (158411125)|ENTERING_MANAGED_PKG|tdc_tsw
23:40:48.0 (159474720)|ENTERING_MANAGED_PKG|tdc_tsw
23:40:48.0 (160214777)|ENTERING_MANAGED_PKG|tdc_tsw
23:40:48.0 (160450441)|ENTERING_MANAGED_PKG|tdc_tsw
23:40:48.0 (160837408)|ENTERING_MANAGED_PKG|tdc_tsw
23:40:48.0 (161900086)|ENTERING_MANAGED_PKG|tdc_tsw
23:40:48.0 (162685837)|ENTERING_MANAGED_PKG|tdc_tsw
23:40:48.0 (162951520)|ENTERING_MANAGED_PKG|tdc_tsw
23:40:48.0 (163348705)|ENTERING_MANAGED_PKG|tdc_tsw
23:40:48.0 (164409219)|ENTERING_MANAGED_PKG|tdc_tsw
23:40:48.0 (165141146)|ENTERING_MANAGED_PKG|tdc_tsw
23:40:48.0 (165375232)|ENTERING_MANAGED_PKG|tdc_tsw
23:40:48.0 (165761469)|ENTERING_MANAGED_PKG|tdc_tsw
23:40:48.0 (166822655)|ENTERING_MANAGED_PKG|tdc_tsw
23:40:48.0 (167562097)|ENTERING_MANAGED_PKG|tdc_tsw
23:40:48.0 (167817053)|ENTERING_MANAGED_PKG|tdc_tsw
23:40:48.0 (168243018)|ENTERING_MANAGED_PKG|tdc_tsw
23:40:48.0 (169353053)|ENTERING_MANAGED_PKG|tdc_tsw
23:40:48.0 (170097549)|ENTERING_MANAGED_PKG|tdc_tsw
23:40:48.0 (170332732)|ENTERING_MANAGED_PKG|tdc_tsw
23:40:48.0 (170720972)|ENTERING_MANAGED_PKG|tdc_tsw
23:40:48.0 (171788119)|ENTERING_MANAGED_PKG|tdc_tsw
23:40:48.0 (172532530)|ENTERING_MANAGED_PKG|tdc_tsw
23:40:48.0 (172760074)|ENTERING_MANAGED_PKG|tdc_tsw
23:40:48.0 (173147918)|ENTERING_MANAGED_PKG|tdc_tsw
23:40:48.0 (174216589)|ENTERING_MANAGED_PKG|tdc_tsw
23:40:48.0 (174960928)|ENTERING_MANAGED_PKG|tdc_tsw
23:40:48.0 (175187224)|ENTERING_MANAGED_PKG|tdc_tsw
23:40:48.0 (175583186)|ENTERING_MANAGED_PKG|tdc_tsw
23:40:48.0 (176651469)|ENTERING_MANAGED_PKG|tdc_tsw
23:40:48.0 (177395423)|ENTERING_MANAGED_PKG|tdc_tsw
23:40:48.0 (177601375)|ENTERING_MANAGED_PKG|tdc_tsw
23:40:48.0 (177996155)|ENTERING_MANAGED_PKG|tdc_tsw
23:40:48.0 (179060698)|ENTERING_MANAGED_PKG|tdc_tsw
23:40:48.0 (179808463)|ENTERING_MANAGED_PKG|tdc_tsw
23:40:48.0 (180035402)|ENTERING_MANAGED_PKG|tdc_tsw
23:40:48.0 (180432959)|ENTERING_MANAGED_PKG|tdc_tsw
23:40:48.0 (181490937)|ENTERING_MANAGED_PKG|tdc_tsw
23:40:48.0 (182263825)|ENTERING_MANAGED_PKG|tdc_tsw
23:40:48.0 (182501547)|ENTERING_MANAGED_PKG|tdc_tsw
23:40:48.0 (182890594)|ENTERING_MANAGED_PKG|tdc_tsw
23:40:48.0 (184109703)|ENTERING_MANAGED_PKG|tdc_tsw
23:40:48.0 (185070477)|ENTERING_MANAGED_PKG|tdc_tsw
23:40:48.0 (185143627)|ENTERING_MANAGED_PKG|tdc_tsw
23:40:48.0 (185787286)|SOQL_EXECUTE_BEGIN|[200]|Aggregations:0|SELECT Name, NamespacePrefix, SystemModStamp FROM StaticResource WHERE Name LIKE :tmpVar1 LIMIT 10
23:40:48.0 (189098365)|SOQL_EXECUTE_END|[200]|Rows:1
23:40:48.0 (189925457)|ENTERING_MANAGED_PKG|tdc_tsw
23:40:48.0 (190336474)|SOQL_EXECUTE_BEGIN|[200]|Aggregations:0|SELECT Name, NamespacePrefix, SystemModStamp FROM StaticResource WHERE Name LIKE :tmpVar1 LIMIT 10
23:40:48.0 (192531203)|SOQL_EXECUTE_END|[200]|Rows:1
23:40:48.0 (192914133)|ENTERING_MANAGED_PKG|tdc_tsw
23:40:48.0 (196302166)|ENTERING_MANAGED_PKG|tdc_tsw
23:40:48.0 (200864789)|ENTERING_MANAGED_PKG|tdc_tsw
23:40:48.0 (201179194)|ENTERING_MANAGED_PKG|tdc_tsw
23:40:48.0 (202155704)|ENTERING_MANAGED_PKG|tdc_tsw
23:40:48.0 (202608666)|SOQL_EXECUTE_BEGIN|[200]|Aggregations:0|SELECT Name, NamespacePrefix, SystemModStamp FROM StaticResource WHERE Name LIKE :tmpVar1 LIMIT 10
23:40:48.0 (204981962)|SOQL_EXECUTE_END|[200]|Rows:1
23:40:48.214 (214540406)|USER_INFO|[EXTERNAL]|0051H000009gxp8|chanida.dev2@solvedbysoftwareco.com|Eastern Standard Time|GMT-05:00
23:40:48.214 (216132414)|ENTERING_MANAGED_PKG|tdc_tsw
23:40:48.214 (216350704)|ENTERING_MANAGED_PKG|tdc_tsw
23:40:48.214 (219012754)|SOQL_EXECUTE_BEGIN|[355]|Aggregations:0|SELECT id, name, Disable_Incoming_SMS_Sharing__c FROM User WHERE id = :tmpVar1
23:40:48.214 (225171383)|SOQL_EXECUTE_END|[355]|Rows:1
23:40:48.214 (226154813)|SOQL_EXECUTE_BEGIN|[367]|Aggregations:0|SELECT CreatedDate,Id,LastModifiedDate,Related_Object_Id__c FROM Message__c WHERE Name = 'Incoming' AND Read__c = false ORDER BY CreatedDate Desc limit 100
23:40:48.214 (233940642)|SOQL_EXECUTE_END|[367]|Rows:100
