44.0 APEX_CODE,FINEST;APEX_PROFILING,INFO;CALLOUT,INFO;DB,INFO;NBA,INFO;SYSTEM,DEBUG;VALIDATION,INFO;VISUALFORCE,INFO;WAVE,INFO;WORKFLOW,INFO
22:30:47.0 (260562)|USER_INFO|[EXTERNAL]|0051H000009gxp8|chanida.dev2@solvedbysoftwareco.com|Eastern Standard Time|GMT-05:00
22:30:47.0 (2236256)|ENTERING_MANAGED_PKG|tdc_tsw
22:30:47.0 (2770724)|ENTERING_MANAGED_PKG|tdc_tsw
22:30:47.0 (7238943)|SOQL_EXECUTE_BEGIN|[16]|Aggregations:0|SELECT id, name, Disable_Incoming_SMS_Sharing__c FROM User WHERE id = :tmpVar1
22:30:47.0 (15336537)|SOQL_EXECUTE_END|[16]|Rows:1
22:30:47.0 (22861846)|SOQL_EXECUTE_BEGIN|[37]|Aggregations:0|SELECT CreatedDate,Created_Date__c,Id,LastModifiedDate,MessageId__c,Message_Text_New__c,Name,OwnerId,Read__c,Related_Object_Id__c,Related_Object__c,Sender_Number__c, Sender_Name__c,ToNumber__c,Attachments_Ids__c FROM Message__c WHERE Name = 'Incoming' AND Read__c = false ORDER BY CreatedDate Desc limit 100
22:30:47.0 (44450665)|SOQL_EXECUTE_END|[37]|Rows:100
22:30:47.0 (67425643)|ENTERING_MANAGED_PKG|tdc_tsw
22:30:47.0 (69673106)|ENTERING_MANAGED_PKG|tdc_tsw
22:30:47.0 (70291084)|ENTERING_MANAGED_PKG|tdc_tsw
22:30:47.0 (71236362)|ENTERING_MANAGED_PKG|tdc_tsw
22:30:47.0 (74699167)|ENTERING_MANAGED_PKG|tdc_tsw
22:30:47.0 (75775441)|ENTERING_MANAGED_PKG|tdc_tsw
22:30:47.0 (76105466)|ENTERING_MANAGED_PKG|tdc_tsw
22:30:47.0 (76725730)|ENTERING_MANAGED_PKG|tdc_tsw
22:30:47.0 (78236182)|ENTERING_MANAGED_PKG|tdc_tsw
22:30:47.0 (79257887)|ENTERING_MANAGED_PKG|tdc_tsw
22:30:47.0 (79600964)|ENTERING_MANAGED_PKG|tdc_tsw
22:30:47.0 (80193480)|ENTERING_MANAGED_PKG|tdc_tsw
22:30:47.0 (81690177)|ENTERING_MANAGED_PKG|tdc_tsw
22:30:47.0 (82807591)|ENTERING_MANAGED_PKG|tdc_tsw
22:30:47.0 (83158920)|ENTERING_MANAGED_PKG|tdc_tsw
22:30:47.0 (83760170)|ENTERING_MANAGED_PKG|tdc_tsw
22:30:47.0 (85298080)|ENTERING_MANAGED_PKG|tdc_tsw
22:30:47.0 (86330239)|ENTERING_MANAGED_PKG|tdc_tsw
22:30:47.0 (86662648)|ENTERING_MANAGED_PKG|tdc_tsw
22:30:47.0 (87290673)|ENTERING_MANAGED_PKG|tdc_tsw
22:30:47.0 (88862914)|ENTERING_MANAGED_PKG|tdc_tsw
22:30:47.0 (89852887)|ENTERING_MANAGED_PKG|tdc_tsw
22:30:47.0 (90191173)|ENTERING_MANAGED_PKG|tdc_tsw
22:30:47.0 (90753042)|ENTERING_MANAGED_PKG|tdc_tsw
22:30:47.0 (92227328)|ENTERING_MANAGED_PKG|tdc_tsw
22:30:47.0 (93390473)|ENTERING_MANAGED_PKG|tdc_tsw
22:30:47.0 (93729179)|ENTERING_MANAGED_PKG|tdc_tsw
22:30:47.0 (94221036)|ENTERING_MANAGED_PKG|tdc_tsw
22:30:47.0 (95588537)|ENTERING_MANAGED_PKG|tdc_tsw
22:30:47.0 (96639661)|ENTERING_MANAGED_PKG|tdc_tsw
22:30:47.0 (96955345)|ENTERING_MANAGED_PKG|tdc_tsw
22:30:47.0 (97557566)|ENTERING_MANAGED_PKG|tdc_tsw
22:30:47.0 (99069791)|ENTERING_MANAGED_PKG|tdc_tsw
22:30:47.0 (100128935)|ENTERING_MANAGED_PKG|tdc_tsw
22:30:47.0 (100441848)|ENTERING_MANAGED_PKG|tdc_tsw
22:30:47.0 (101032448)|ENTERING_MANAGED_PKG|tdc_tsw
22:30:47.0 (102525525)|ENTERING_MANAGED_PKG|tdc_tsw
22:30:47.0 (103605360)|ENTERING_MANAGED_PKG|tdc_tsw
22:30:47.0 (103944169)|ENTERING_MANAGED_PKG|tdc_tsw
22:30:47.0 (104566200)|ENTERING_MANAGED_PKG|tdc_tsw
22:30:47.0 (106323057)|ENTERING_MANAGED_PKG|tdc_tsw
22:30:47.0 (107380099)|ENTERING_MANAGED_PKG|tdc_tsw
22:30:47.0 (107725754)|ENTERING_MANAGED_PKG|tdc_tsw
22:30:47.0 (108256267)|ENTERING_MANAGED_PKG|tdc_tsw
22:30:47.0 (109869133)|ENTERING_MANAGED_PKG|tdc_tsw
22:30:47.0 (110835633)|ENTERING_MANAGED_PKG|tdc_tsw
22:30:47.0 (111155113)|ENTERING_MANAGED_PKG|tdc_tsw
22:30:47.0 (111737904)|ENTERING_MANAGED_PKG|tdc_tsw
22:30:47.0 (113253704)|ENTERING_MANAGED_PKG|tdc_tsw
22:30:47.0 (114336390)|ENTERING_MANAGED_PKG|tdc_tsw
22:30:47.0 (114682505)|ENTERING_MANAGED_PKG|tdc_tsw
22:30:47.0 (115289162)|ENTERING_MANAGED_PKG|tdc_tsw
22:30:47.0 (116896815)|ENTERING_MANAGED_PKG|tdc_tsw
22:30:47.0 (117979833)|ENTERING_MANAGED_PKG|tdc_tsw
22:30:47.0 (118309804)|ENTERING_MANAGED_PKG|tdc_tsw
22:30:47.0 (118801787)|ENTERING_MANAGED_PKG|tdc_tsw
22:30:47.0 (120367610)|ENTERING_MANAGED_PKG|tdc_tsw
22:30:47.0 (121269187)|ENTERING_MANAGED_PKG|tdc_tsw
22:30:47.0 (121599602)|ENTERING_MANAGED_PKG|tdc_tsw
22:30:47.0 (122167395)|ENTERING_MANAGED_PKG|tdc_tsw
22:30:47.0 (123693377)|ENTERING_MANAGED_PKG|tdc_tsw
22:30:47.0 (124811319)|ENTERING_MANAGED_PKG|tdc_tsw
22:30:47.0 (125140475)|ENTERING_MANAGED_PKG|tdc_tsw
22:30:47.0 (125730554)|ENTERING_MANAGED_PKG|tdc_tsw
22:30:47.0 (127156962)|ENTERING_MANAGED_PKG|tdc_tsw
22:30:47.0 (128205154)|ENTERING_MANAGED_PKG|tdc_tsw
22:30:47.0 (128569046)|ENTERING_MANAGED_PKG|tdc_tsw
22:30:47.0 (129144999)|ENTERING_MANAGED_PKG|tdc_tsw
22:30:47.0 (130672448)|ENTERING_MANAGED_PKG|tdc_tsw
22:30:47.0 (131604677)|ENTERING_MANAGED_PKG|tdc_tsw
22:30:47.0 (131930755)|ENTERING_MANAGED_PKG|tdc_tsw
22:30:47.0 (132583109)|ENTERING_MANAGED_PKG|tdc_tsw
22:30:47.0 (134136796)|ENTERING_MANAGED_PKG|tdc_tsw
22:30:47.0 (135134109)|ENTERING_MANAGED_PKG|tdc_tsw
22:30:47.0 (135438861)|ENTERING_MANAGED_PKG|tdc_tsw
22:30:47.0 (136078727)|ENTERING_MANAGED_PKG|tdc_tsw
22:30:47.0 (137706581)|ENTERING_MANAGED_PKG|tdc_tsw
22:30:47.0 (138740579)|ENTERING_MANAGED_PKG|tdc_tsw
22:30:47.0 (139060608)|ENTERING_MANAGED_PKG|tdc_tsw
22:30:47.0 (139639298)|ENTERING_MANAGED_PKG|tdc_tsw
22:30:47.0 (141301364)|ENTERING_MANAGED_PKG|tdc_tsw
22:30:47.0 (142378986)|ENTERING_MANAGED_PKG|tdc_tsw
22:30:47.0 (142735575)|ENTERING_MANAGED_PKG|tdc_tsw
22:30:47.0 (143184699)|ENTERING_MANAGED_PKG|tdc_tsw
22:30:47.0 (144709846)|ENTERING_MANAGED_PKG|tdc_tsw
22:30:47.0 (145808950)|ENTERING_MANAGED_PKG|tdc_tsw
22:30:47.0 (146168716)|ENTERING_MANAGED_PKG|tdc_tsw
22:30:47.0 (146849783)|ENTERING_MANAGED_PKG|tdc_tsw
22:30:47.0 (148309397)|ENTERING_MANAGED_PKG|tdc_tsw
22:30:47.0 (149432181)|ENTERING_MANAGED_PKG|tdc_tsw
22:30:47.0 (149757874)|ENTERING_MANAGED_PKG|tdc_tsw
22:30:47.0 (150268983)|ENTERING_MANAGED_PKG|tdc_tsw
22:30:47.0 (151711389)|ENTERING_MANAGED_PKG|tdc_tsw
22:30:47.0 (152721854)|ENTERING_MANAGED_PKG|tdc_tsw
22:30:47.0 (153069028)|ENTERING_MANAGED_PKG|tdc_tsw
22:30:47.0 (153696153)|ENTERING_MANAGED_PKG|tdc_tsw
22:30:47.0 (155307873)|ENTERING_MANAGED_PKG|tdc_tsw
22:30:47.0 (156227856)|ENTERING_MANAGED_PKG|tdc_tsw
22:30:47.0 (156461556)|ENTERING_MANAGED_PKG|tdc_tsw
22:30:47.0 (157036882)|ENTERING_MANAGED_PKG|tdc_tsw
22:30:47.0 (158681995)|ENTERING_MANAGED_PKG|tdc_tsw
22:30:47.0 (159775987)|ENTERING_MANAGED_PKG|tdc_tsw
22:30:47.0 (160022320)|ENTERING_MANAGED_PKG|tdc_tsw
22:30:47.0 (160700834)|ENTERING_MANAGED_PKG|tdc_tsw
22:30:47.0 (162210651)|ENTERING_MANAGED_PKG|tdc_tsw
22:30:47.0 (163329026)|ENTERING_MANAGED_PKG|tdc_tsw
22:30:47.0 (163662962)|ENTERING_MANAGED_PKG|tdc_tsw
22:30:47.0 (164188708)|ENTERING_MANAGED_PKG|tdc_tsw
22:30:47.0 (165826368)|ENTERING_MANAGED_PKG|tdc_tsw
22:30:47.0 (166890266)|ENTERING_MANAGED_PKG|tdc_tsw
22:30:47.0 (167219293)|ENTERING_MANAGED_PKG|tdc_tsw
22:30:47.0 (167808274)|ENTERING_MANAGED_PKG|tdc_tsw
22:30:47.0 (169366886)|ENTERING_MANAGED_PKG|tdc_tsw
22:30:47.0 (170444857)|ENTERING_MANAGED_PKG|tdc_tsw
22:30:47.0 (170784073)|ENTERING_MANAGED_PKG|tdc_tsw
22:30:47.0 (171355794)|ENTERING_MANAGED_PKG|tdc_tsw
22:30:47.0 (172827781)|ENTERING_MANAGED_PKG|tdc_tsw
22:30:47.0 (173790068)|ENTERING_MANAGED_PKG|tdc_tsw
22:30:47.0 (174153297)|ENTERING_MANAGED_PKG|tdc_tsw
22:30:47.0 (174763912)|ENTERING_MANAGED_PKG|tdc_tsw
22:30:47.0 (176926531)|ENTERING_MANAGED_PKG|tdc_tsw
22:30:47.0 (178024243)|ENTERING_MANAGED_PKG|tdc_tsw
22:30:47.0 (178354141)|ENTERING_MANAGED_PKG|tdc_tsw
22:30:47.0 (178953867)|ENTERING_MANAGED_PKG|tdc_tsw
22:30:47.0 (180422800)|ENTERING_MANAGED_PKG|tdc_tsw
22:30:47.0 (181450029)|ENTERING_MANAGED_PKG|tdc_tsw
22:30:47.0 (181762062)|ENTERING_MANAGED_PKG|tdc_tsw
22:30:47.0 (182352282)|ENTERING_MANAGED_PKG|tdc_tsw
22:30:47.0 (184004020)|ENTERING_MANAGED_PKG|tdc_tsw
22:30:47.0 (185323825)|ENTERING_MANAGED_PKG|tdc_tsw
22:30:47.0 (185651528)|ENTERING_MANAGED_PKG|tdc_tsw
22:30:47.0 (186264867)|ENTERING_MANAGED_PKG|tdc_tsw
22:30:47.0 (187833900)|ENTERING_MANAGED_PKG|tdc_tsw
22:30:47.0 (188812791)|ENTERING_MANAGED_PKG|tdc_tsw
22:30:47.0 (189086028)|ENTERING_MANAGED_PKG|tdc_tsw
22:30:47.0 (189700542)|ENTERING_MANAGED_PKG|tdc_tsw
22:30:47.0 (191307743)|ENTERING_MANAGED_PKG|tdc_tsw
22:30:47.0 (192297731)|ENTERING_MANAGED_PKG|tdc_tsw
22:30:47.0 (192619263)|ENTERING_MANAGED_PKG|tdc_tsw
22:30:47.0 (193511904)|ENTERING_MANAGED_PKG|tdc_tsw
22:30:47.0 (195220611)|ENTERING_MANAGED_PKG|tdc_tsw
22:30:47.0 (196306140)|ENTERING_MANAGED_PKG|tdc_tsw
22:30:47.0 (196647379)|ENTERING_MANAGED_PKG|tdc_tsw
22:30:47.0 (197245692)|ENTERING_MANAGED_PKG|tdc_tsw
22:30:47.0 (198951383)|ENTERING_MANAGED_PKG|tdc_tsw
22:30:47.0 (199854754)|ENTERING_MANAGED_PKG|tdc_tsw
22:30:47.0 (199960455)|ENTERING_MANAGED_PKG|tdc_tsw
22:30:47.0 (200726974)|SOQL_EXECUTE_BEGIN|[200]|Aggregations:0|SELECT Name, NamespacePrefix, SystemModStamp FROM StaticResource WHERE Name LIKE :tmpVar1 LIMIT 10
22:30:47.0 (204442084)|SOQL_EXECUTE_END|[200]|Rows:1
22:30:47.0 (205289561)|ENTERING_MANAGED_PKG|tdc_tsw
22:30:47.0 (205686374)|SOQL_EXECUTE_BEGIN|[200]|Aggregations:0|SELECT Name, NamespacePrefix, SystemModStamp FROM StaticResource WHERE Name LIKE :tmpVar1 LIMIT 10
22:30:47.0 (208084088)|SOQL_EXECUTE_END|[200]|Rows:1
22:30:47.0 (208549157)|ENTERING_MANAGED_PKG|tdc_tsw
22:30:47.0 (212523657)|ENTERING_MANAGED_PKG|tdc_tsw
22:30:47.0 (214747124)|ENTERING_MANAGED_PKG|tdc_tsw
22:30:47.0 (215261784)|ENTERING_MANAGED_PKG|tdc_tsw
22:30:47.0 (216378860)|ENTERING_MANAGED_PKG|tdc_tsw
22:30:47.0 (217015674)|SOQL_EXECUTE_BEGIN|[200]|Aggregations:0|SELECT Name, NamespacePrefix, SystemModStamp FROM StaticResource WHERE Name LIKE :tmpVar1 LIMIT 10
22:30:47.0 (220535769)|SOQL_EXECUTE_END|[200]|Rows:1
22:30:47.231 (231382993)|USER_INFO|[EXTERNAL]|0051H000009gxp8|chanida.dev2@solvedbysoftwareco.com|Eastern Standard Time|GMT-05:00
22:30:47.231 (233036720)|ENTERING_MANAGED_PKG|tdc_tsw
22:30:47.231 (233316365)|ENTERING_MANAGED_PKG|tdc_tsw
22:30:47.231 (236516015)|SOQL_EXECUTE_BEGIN|[355]|Aggregations:0|SELECT id, name, Disable_Incoming_SMS_Sharing__c FROM User WHERE id = :tmpVar1
22:30:47.231 (244058246)|SOQL_EXECUTE_END|[355]|Rows:1
22:30:47.231 (245428212)|SOQL_EXECUTE_BEGIN|[367]|Aggregations:0|SELECT CreatedDate,Id,LastModifiedDate,Related_Object_Id__c FROM Message__c WHERE Name = 'Incoming' AND Read__c = false ORDER BY CreatedDate Desc limit 100
22:30:47.231 (256175853)|SOQL_EXECUTE_END|[367]|Rows:100
