44.0 APEX_CODE,FINEST;APEX_PROFILING,INFO;CALLOUT,INFO;DB,INFO;NBA,INFO;SYSTEM,DEBUG;VALIDATION,INFO;VISUALFORCE,INFO;WAVE,INFO;WORKFLOW,INFO
21:42:50.0 (110715)|USER_INFO|[EXTERNAL]|0051H000009gxp8|chanida.dev2@solvedbysoftwareco.com|Eastern Standard Time|GMT-05:00
21:42:50.0 (1686310)|ENTERING_MANAGED_PKG|tdc_tsw
21:42:50.0 (2164007)|ENTERING_MANAGED_PKG|tdc_tsw
21:42:50.0 (6140174)|SOQL_EXECUTE_BEGIN|[16]|Aggregations:0|SELECT id, name, Disable_Incoming_SMS_Sharing__c FROM User WHERE id = :tmpVar1
21:42:50.0 (13659384)|SOQL_EXECUTE_END|[16]|Rows:1
21:42:50.0 (23820584)|SOQL_EXECUTE_BEGIN|[37]|Aggregations:0|SELECT CreatedDate,Created_Date__c,Id,LastModifiedDate,MessageId__c,Message_Text_New__c,Name,OwnerId,Read__c,Related_Object_Id__c,Related_Object__c,Sender_Number__c, Sender_Name__c,ToNumber__c,Attachments_Ids__c FROM Message__c WHERE Name = 'Incoming' AND Read__c = false ORDER BY CreatedDate Desc limit 100
21:42:50.0 (34078006)|SOQL_EXECUTE_END|[37]|Rows:16
21:42:50.0 (37691245)|ENTERING_MANAGED_PKG|tdc_tsw
21:42:50.0 (39299789)|ENTERING_MANAGED_PKG|tdc_tsw
21:42:50.0 (39745495)|ENTERING_MANAGED_PKG|tdc_tsw
21:42:50.0 (40409027)|ENTERING_MANAGED_PKG|tdc_tsw
21:42:50.0 (43140105)|ENTERING_MANAGED_PKG|tdc_tsw
21:42:50.0 (43930793)|ENTERING_MANAGED_PKG|tdc_tsw
21:42:50.0 (44182454)|ENTERING_MANAGED_PKG|tdc_tsw
21:42:50.0 (44611641)|ENTERING_MANAGED_PKG|tdc_tsw
21:42:50.0 (45896425)|ENTERING_MANAGED_PKG|tdc_tsw
21:42:50.0 (46844589)|ENTERING_MANAGED_PKG|tdc_tsw
21:42:50.0 (47105413)|ENTERING_MANAGED_PKG|tdc_tsw
21:42:50.0 (47518010)|ENTERING_MANAGED_PKG|tdc_tsw
21:42:50.0 (48705822)|ENTERING_MANAGED_PKG|tdc_tsw
21:42:50.0 (49352593)|ENTERING_MANAGED_PKG|tdc_tsw
21:42:50.0 (49421246)|ENTERING_MANAGED_PKG|tdc_tsw
21:42:50.0 (49947485)|SOQL_EXECUTE_BEGIN|[200]|Aggregations:0|SELECT Name, NamespacePrefix, SystemModStamp FROM StaticResource WHERE Name LIKE :tmpVar1 LIMIT 10
21:42:50.0 (52572934)|SOQL_EXECUTE_END|[200]|Rows:1
21:42:50.0 (53270501)|ENTERING_MANAGED_PKG|tdc_tsw
21:42:50.0 (53639632)|SOQL_EXECUTE_BEGIN|[200]|Aggregations:0|SELECT Name, NamespacePrefix, SystemModStamp FROM StaticResource WHERE Name LIKE :tmpVar1 LIMIT 10
21:42:50.0 (55928728)|SOQL_EXECUTE_END|[200]|Rows:1
21:42:50.0 (56317474)|ENTERING_MANAGED_PKG|tdc_tsw
21:42:50.0 (59376582)|ENTERING_MANAGED_PKG|tdc_tsw
21:42:50.0 (60885017)|ENTERING_MANAGED_PKG|tdc_tsw
21:42:50.0 (61167684)|ENTERING_MANAGED_PKG|tdc_tsw
21:42:50.0 (62019455)|ENTERING_MANAGED_PKG|tdc_tsw
21:42:50.0 (62374929)|SOQL_EXECUTE_BEGIN|[200]|Aggregations:0|SELECT Name, NamespacePrefix, SystemModStamp FROM StaticResource WHERE Name LIKE :tmpVar1 LIMIT 10
21:42:50.0 (64492473)|SOQL_EXECUTE_END|[200]|Rows:1
21:42:50.70 (70376942)|USER_INFO|[EXTERNAL]|0051H000009gxp8|chanida.dev2@solvedbysoftwareco.com|Eastern Standard Time|GMT-05:00
21:42:50.70 (71935322)|ENTERING_MANAGED_PKG|tdc_tsw
21:42:50.70 (72087156)|ENTERING_MANAGED_PKG|tdc_tsw
21:42:50.70 (74290936)|SOQL_EXECUTE_BEGIN|[355]|Aggregations:0|SELECT id, name, Disable_Incoming_SMS_Sharing__c FROM User WHERE id = :tmpVar1
21:42:50.70 (79903068)|SOQL_EXECUTE_END|[355]|Rows:1
21:42:50.70 (80824102)|SOQL_EXECUTE_BEGIN|[367]|Aggregations:0|SELECT CreatedDate,Id,LastModifiedDate,Related_Object_Id__c FROM Message__c WHERE Name = 'Incoming' AND Read__c = false ORDER BY CreatedDate Desc limit 100
21:42:50.70 (88034564)|SOQL_EXECUTE_END|[367]|Rows:16
