44.0 APEX_CODE,FINEST;APEX_PROFILING,INFO;CALLOUT,INFO;DB,INFO;NBA,INFO;SYSTEM,DEBUG;VALIDATION,INFO;VISUALFORCE,INFO;WAVE,INFO;WORKFLOW,INFO
20:51:03.0 (166501)|USER_INFO|[EXTERNAL]|0051H000009gxp8|chanida.dev2@solvedbysoftwareco.com|Eastern Standard Time|GMT-05:00
20:51:03.0 (1703171)|ENTERING_MANAGED_PKG|tdc_tsw
20:51:03.0 (2254150)|ENTERING_MANAGED_PKG|tdc_tsw
20:51:03.0 (6665316)|SOQL_EXECUTE_BEGIN|[16]|Aggregations:0|SELECT id, name, Disable_Incoming_SMS_Sharing__c FROM User WHERE id = :tmpVar1
20:51:03.0 (15068610)|SOQL_EXECUTE_END|[16]|Rows:1
20:51:03.0 (21877736)|SOQL_EXECUTE_BEGIN|[37]|Aggregations:0|SELECT CreatedDate,Created_Date__c,Id,LastModifiedDate,MessageId__c,Message_Text_New__c,Name,OwnerId,Read__c,Related_Object_Id__c,Related_Object__c,Sender_Number__c, Sender_Name__c,ToNumber__c,Attachments_Ids__c FROM Message__c WHERE Name = 'Incoming' AND Read__c = false ORDER BY CreatedDate Desc limit 100
20:51:03.0 (34337420)|SOQL_EXECUTE_END|[37]|Rows:16
20:51:03.0 (38822607)|ENTERING_MANAGED_PKG|tdc_tsw
20:51:03.0 (40822496)|ENTERING_MANAGED_PKG|tdc_tsw
20:51:03.0 (41340896)|ENTERING_MANAGED_PKG|tdc_tsw
20:51:03.0 (42203349)|ENTERING_MANAGED_PKG|tdc_tsw
20:51:03.0 (45434906)|ENTERING_MANAGED_PKG|tdc_tsw
20:51:03.0 (46414190)|ENTERING_MANAGED_PKG|tdc_tsw
20:51:03.0 (46732958)|ENTERING_MANAGED_PKG|tdc_tsw
20:51:03.0 (47244896)|ENTERING_MANAGED_PKG|tdc_tsw
20:51:03.0 (48662138)|ENTERING_MANAGED_PKG|tdc_tsw
20:51:03.0 (49448571)|ENTERING_MANAGED_PKG|tdc_tsw
20:51:03.0 (49700505)|ENTERING_MANAGED_PKG|tdc_tsw
20:51:03.0 (50109482)|ENTERING_MANAGED_PKG|tdc_tsw
20:51:03.0 (51346446)|ENTERING_MANAGED_PKG|tdc_tsw
20:51:03.0 (52032871)|ENTERING_MANAGED_PKG|tdc_tsw
20:51:03.0 (52110649)|ENTERING_MANAGED_PKG|tdc_tsw
20:51:03.0 (52730833)|SOQL_EXECUTE_BEGIN|[200]|Aggregations:0|SELECT Name, NamespacePrefix, SystemModStamp FROM StaticResource WHERE Name LIKE :tmpVar1 LIMIT 10
20:51:03.0 (56068931)|SOQL_EXECUTE_END|[200]|Rows:1
20:51:03.0 (56936760)|ENTERING_MANAGED_PKG|tdc_tsw
20:51:03.0 (57317681)|SOQL_EXECUTE_BEGIN|[200]|Aggregations:0|SELECT Name, NamespacePrefix, SystemModStamp FROM StaticResource WHERE Name LIKE :tmpVar1 LIMIT 10
20:51:03.0 (59508864)|SOQL_EXECUTE_END|[200]|Rows:1
20:51:03.0 (59911506)|ENTERING_MANAGED_PKG|tdc_tsw
20:51:03.0 (63280357)|ENTERING_MANAGED_PKG|tdc_tsw
20:51:03.0 (64822173)|ENTERING_MANAGED_PKG|tdc_tsw
20:51:03.0 (65143269)|ENTERING_MANAGED_PKG|tdc_tsw
20:51:03.0 (65994186)|ENTERING_MANAGED_PKG|tdc_tsw
20:51:03.0 (66381432)|SOQL_EXECUTE_BEGIN|[200]|Aggregations:0|SELECT Name, NamespacePrefix, SystemModStamp FROM StaticResource WHERE Name LIKE :tmpVar1 LIMIT 10
20:51:03.0 (68699774)|SOQL_EXECUTE_END|[200]|Rows:1
20:51:03.73 (73960175)|USER_INFO|[EXTERNAL]|0051H000009gxp8|chanida.dev2@solvedbysoftwareco.com|Eastern Standard Time|GMT-05:00
20:51:03.73 (75610397)|ENTERING_MANAGED_PKG|tdc_tsw
20:51:03.73 (75799855)|ENTERING_MANAGED_PKG|tdc_tsw
20:51:03.73 (78467547)|SOQL_EXECUTE_BEGIN|[355]|Aggregations:0|SELECT id, name, Disable_Incoming_SMS_Sharing__c FROM User WHERE id = :tmpVar1
20:51:03.73 (86171454)|SOQL_EXECUTE_END|[355]|Rows:1
20:51:03.73 (87611481)|SOQL_EXECUTE_BEGIN|[367]|Aggregations:0|SELECT CreatedDate,Id,LastModifiedDate,Related_Object_Id__c FROM Message__c WHERE Name = 'Incoming' AND Read__c = false ORDER BY CreatedDate Desc limit 100
20:51:03.73 (94681908)|SOQL_EXECUTE_END|[367]|Rows:16
