44.0 APEX_CODE,FINEST;APEX_PROFILING,INFO;CALLOUT,INFO;DB,INFO;NBA,INFO;SYSTEM,DEBUG;VALIDATION,INFO;VISUALFORCE,INFO;WAVE,INFO;WORKFLOW,INFO
23:24:56.0 (205291)|USER_INFO|[EXTERNAL]|0051H000009gxp8|chanida.dev2@solvedbysoftwareco.com|Eastern Standard Time|GMT-05:00
23:24:56.0 (2529820)|ENTERING_MANAGED_PKG|tdc_tsw
23:24:56.0 (2696340)|ENTERING_MANAGED_PKG|tdc_tsw
23:24:56.0 (3180778)|ENTERING_MANAGED_PKG|tdc_tsw
23:24:56.0 (3224704)|ENTERING_MANAGED_PKG|tdc_tsw
23:24:56.0 (4059420)|ENTERING_MANAGED_PKG|tdc_tsw
23:24:56.0 (4746815)|ENTERING_MANAGED_PKG|tdc_tsw
23:24:56.0 (6177242)|ENTERING_MANAGED_PKG|tdc_tsw
23:24:56.0 (6259187)|ENTERING_MANAGED_PKG|tdc_tsw
23:24:56.0 (7374468)|ENTERING_MANAGED_PKG|tdc_tsw
23:24:56.0 (13225609)|SOQL_EXECUTE_BEGIN|[82]|Aggregations:0|SELECT CreatedDate, Id,Task_Created__c,Event_Created__c,isCaseCreated__c,Task_Id__c,Event_Id__c,Case__c, Important__c, Delivered__c, Message_Text_New__c, Name, Owner.Name, Read__c,MessageId__c, ToNumber__c, Related_Object_Id__c, Related_Object__c, Sender_Number__c, LastModifiedDate, Attachments_Ids__c FROM Message__c WHERE Contact__c =: recordId ORDER BY CreatedDate Desc limit 200
23:24:56.0 (24583531)|SOQL_EXECUTE_END|[82]|Rows:2
23:24:56.0 (25882744)|ENTERING_MANAGED_PKG|tdc_tsw
23:24:56.0 (26164323)|ENTERING_MANAGED_PKG|tdc_tsw
23:24:56.0 (26238849)|ENTERING_MANAGED_PKG|tdc_tsw
23:24:56.0 (26805913)|SOQL_EXECUTE_BEGIN|[200]|Aggregations:0|SELECT Name, NamespacePrefix, SystemModStamp FROM StaticResource WHERE Name LIKE :tmpVar1 LIMIT 10
23:24:56.0 (29328313)|SOQL_EXECUTE_END|[200]|Rows:1
23:24:56.0 (31271927)|ENTERING_MANAGED_PKG|tdc_tsw
23:24:56.0 (32712456)|ENTERING_MANAGED_PKG|tdc_tsw
23:24:56.0 (32757585)|ENTERING_MANAGED_PKG|tdc_tsw
23:24:56.0 (34502219)|ENTERING_MANAGED_PKG|tdc_tsw
23:24:56.0 (35218008)|ENTERING_MANAGED_PKG|tdc_tsw
23:24:56.0 (39409443)|SOQL_EXECUTE_BEGIN|[172]|Aggregations:0|SELECT id, name FROM ChatTranscript__c WHERE (Chat_Active__c = TRUE AND (Related_Object_Id__c = :tmpVar1 OR Related_Object_Id__c = :tmpVar2)) LIMIT 1
23:24:56.0 (42753679)|SOQL_EXECUTE_END|[172]|Rows:0
23:24:56.0 (43075361)|ENTERING_MANAGED_PKG|tdc_tsw
23:24:56.0 (43109300)|ENTERING_MANAGED_PKG|tdc_tsw
