44.0 APEX_CODE,FINEST;APEX_PROFILING,INFO;CALLOUT,INFO;DB,INFO;NBA,INFO;SYSTEM,DEBUG;VALIDATION,INFO;VISUALFORCE,INFO;WAVE,INFO;WORKFLOW,INFO
20:57:40.0 (106359)|USER_INFO|[EXTERNAL]|0051H000009gxp8|chanida.dev2@solvedbysoftwareco.com|Eastern Standard Time|GMT-05:00
20:57:40.0 (2107348)|ENTERING_MANAGED_PKG|tdc_tsw
20:57:40.0 (2250986)|ENTERING_MANAGED_PKG|tdc_tsw
20:57:40.0 (2883264)|ENTERING_MANAGED_PKG|tdc_tsw
20:57:40.0 (2922411)|ENTERING_MANAGED_PKG|tdc_tsw
20:57:40.0 (3772386)|ENTERING_MANAGED_PKG|tdc_tsw
20:57:40.0 (4804770)|ENTERING_MANAGED_PKG|tdc_tsw
20:57:40.0 (6799080)|ENTERING_MANAGED_PKG|tdc_tsw
20:57:40.0 (6867784)|ENTERING_MANAGED_PKG|tdc_tsw
20:57:40.0 (7992955)|ENTERING_MANAGED_PKG|tdc_tsw
20:57:40.0 (13929063)|SOQL_EXECUTE_BEGIN|[82]|Aggregations:0|SELECT CreatedDate, Id,Task_Created__c,Event_Created__c,isCaseCreated__c,Task_Id__c,Event_Id__c,Case__c, Important__c, Delivered__c, Message_Text_New__c, Name, Owner.Name, Read__c,MessageId__c, ToNumber__c, Related_Object_Id__c, Related_Object__c, Sender_Number__c, LastModifiedDate, Attachments_Ids__c FROM Message__c WHERE Contact__c =: recordId ORDER BY CreatedDate Desc limit 200
20:57:40.0 (26823930)|SOQL_EXECUTE_END|[82]|Rows:2
20:57:40.0 (28546417)|ENTERING_MANAGED_PKG|tdc_tsw
20:57:40.0 (28981662)|ENTERING_MANAGED_PKG|tdc_tsw
20:57:40.0 (29092233)|ENTERING_MANAGED_PKG|tdc_tsw
20:57:40.0 (29921842)|SOQL_EXECUTE_BEGIN|[200]|Aggregations:0|SELECT Name, NamespacePrefix, SystemModStamp FROM StaticResource WHERE Name LIKE :tmpVar1 LIMIT 10
20:57:40.0 (37792500)|SOQL_EXECUTE_END|[200]|Rows:1
20:57:40.0 (39668074)|ENTERING_MANAGED_PKG|tdc_tsw
20:57:40.0 (41121209)|ENTERING_MANAGED_PKG|tdc_tsw
20:57:40.0 (41166765)|ENTERING_MANAGED_PKG|tdc_tsw
20:57:40.0 (42946441)|ENTERING_MANAGED_PKG|tdc_tsw
20:57:40.0 (43698730)|ENTERING_MANAGED_PKG|tdc_tsw
20:57:40.0 (47855868)|SOQL_EXECUTE_BEGIN|[172]|Aggregations:0|SELECT id, name FROM ChatTranscript__c WHERE (Chat_Active__c = TRUE AND (Related_Object_Id__c = :tmpVar1 OR Related_Object_Id__c = :tmpVar2)) LIMIT 1
20:57:40.0 (51398091)|SOQL_EXECUTE_END|[172]|Rows:0
20:57:40.0 (51736539)|ENTERING_MANAGED_PKG|tdc_tsw
20:57:40.0 (51769676)|ENTERING_MANAGED_PKG|tdc_tsw
