44.0 APEX_CODE,FINEST;APEX_PROFILING,INFO;CALLOUT,INFO;DB,INFO;NBA,INFO;SYSTEM,DEBUG;VALIDATION,INFO;VISUALFORCE,INFO;WAVE,INFO;WORKFLOW,INFO
11:12:31.0 (164589)|USER_INFO|[EXTERNAL]|0051H000009gxp8|chanida.dev2@solvedbysoftwareco.com|Eastern Standard Time|GMT-05:00
11:12:31.0 (1902018)|ENTERING_MANAGED_PKG|tdc_tsw
11:12:31.0 (3383079)|ENTERING_MANAGED_PKG|tdc_tsw
11:12:31.0 (7580567)|SOQL_EXECUTE_BEGIN|[16]|Aggregations:0|SELECT id, name, Disable_Incoming_SMS_Sharing__c FROM User WHERE id = :tmpVar1
11:12:31.0 (15584016)|SOQL_EXECUTE_END|[16]|Rows:1
11:12:31.0 (21462320)|SOQL_EXECUTE_BEGIN|[37]|Aggregations:0|SELECT CreatedDate,Created_Date__c,Id,LastModifiedDate,MessageId__c,Message_Text_New__c,Name,OwnerId,Read__c,Related_Object_Id__c,Related_Object__c,Sender_Number__c, Sender_Name__c,ToNumber__c,Attachments_Ids__c FROM Message__c WHERE Name = 'Incoming' AND Read__c = false ORDER BY CreatedDate Desc limit 100
11:12:31.0 (42298837)|SOQL_EXECUTE_END|[37]|Rows:100
11:12:31.0 (63877251)|ENTERING_MANAGED_PKG|tdc_tsw
11:12:31.0 (65592124)|ENTERING_MANAGED_PKG|tdc_tsw
11:12:31.0 (66043734)|ENTERING_MANAGED_PKG|tdc_tsw
11:12:31.0 (66720277)|ENTERING_MANAGED_PKG|tdc_tsw
11:12:31.0 (69480201)|ENTERING_MANAGED_PKG|tdc_tsw
11:12:31.0 (70292543)|ENTERING_MANAGED_PKG|tdc_tsw
11:12:31.0 (70564935)|ENTERING_MANAGED_PKG|tdc_tsw
11:12:31.0 (71033182)|ENTERING_MANAGED_PKG|tdc_tsw
11:12:31.0 (72192603)|ENTERING_MANAGED_PKG|tdc_tsw
11:12:31.0 (72965619)|ENTERING_MANAGED_PKG|tdc_tsw
11:12:31.0 (73224729)|ENTERING_MANAGED_PKG|tdc_tsw
11:12:31.0 (73626340)|ENTERING_MANAGED_PKG|tdc_tsw
11:12:31.0 (74752086)|ENTERING_MANAGED_PKG|tdc_tsw
11:12:31.0 (75528683)|ENTERING_MANAGED_PKG|tdc_tsw
11:12:31.0 (75763044)|ENTERING_MANAGED_PKG|tdc_tsw
11:12:31.0 (76171135)|ENTERING_MANAGED_PKG|tdc_tsw
11:12:31.0 (77309921)|ENTERING_MANAGED_PKG|tdc_tsw
11:12:31.0 (78074615)|ENTERING_MANAGED_PKG|tdc_tsw
11:12:31.0 (78317789)|ENTERING_MANAGED_PKG|tdc_tsw
11:12:31.0 (78716867)|ENTERING_MANAGED_PKG|tdc_tsw
11:12:31.0 (79848532)|ENTERING_MANAGED_PKG|tdc_tsw
11:12:31.0 (80633325)|ENTERING_MANAGED_PKG|tdc_tsw
11:12:31.0 (80869176)|ENTERING_MANAGED_PKG|tdc_tsw
11:12:31.0 (81289252)|ENTERING_MANAGED_PKG|tdc_tsw
11:12:31.0 (82403435)|ENTERING_MANAGED_PKG|tdc_tsw
11:12:31.0 (83150261)|ENTERING_MANAGED_PKG|tdc_tsw
11:12:31.0 (83394048)|ENTERING_MANAGED_PKG|tdc_tsw
11:12:31.0 (83791578)|ENTERING_MANAGED_PKG|tdc_tsw
11:12:31.0 (84913024)|ENTERING_MANAGED_PKG|tdc_tsw
11:12:31.0 (85669749)|ENTERING_MANAGED_PKG|tdc_tsw
11:12:31.0 (85906315)|ENTERING_MANAGED_PKG|tdc_tsw
11:12:31.0 (86312128)|ENTERING_MANAGED_PKG|tdc_tsw
11:12:31.0 (87472389)|ENTERING_MANAGED_PKG|tdc_tsw
11:12:31.0 (88302381)|ENTERING_MANAGED_PKG|tdc_tsw
11:12:31.0 (88539453)|ENTERING_MANAGED_PKG|tdc_tsw
11:12:31.0 (88935180)|ENTERING_MANAGED_PKG|tdc_tsw
11:12:31.0 (90054668)|ENTERING_MANAGED_PKG|tdc_tsw
11:12:31.0 (90822514)|ENTERING_MANAGED_PKG|tdc_tsw
11:12:31.0 (91055069)|ENTERING_MANAGED_PKG|tdc_tsw
11:12:31.0 (91477076)|ENTERING_MANAGED_PKG|tdc_tsw
11:12:31.0 (92594657)|ENTERING_MANAGED_PKG|tdc_tsw
11:12:31.0 (93362414)|ENTERING_MANAGED_PKG|tdc_tsw
11:12:31.0 (93598397)|ENTERING_MANAGED_PKG|tdc_tsw
11:12:31.0 (93995544)|ENTERING_MANAGED_PKG|tdc_tsw
11:12:31.0 (95111491)|ENTERING_MANAGED_PKG|tdc_tsw
11:12:31.0 (95883735)|ENTERING_MANAGED_PKG|tdc_tsw
11:12:31.0 (96117377)|ENTERING_MANAGED_PKG|tdc_tsw
11:12:31.0 (96525936)|ENTERING_MANAGED_PKG|tdc_tsw
11:12:31.0 (97639937)|ENTERING_MANAGED_PKG|tdc_tsw
11:12:31.0 (98389524)|ENTERING_MANAGED_PKG|tdc_tsw
11:12:31.0 (98624481)|ENTERING_MANAGED_PKG|tdc_tsw
11:12:31.0 (99020692)|ENTERING_MANAGED_PKG|tdc_tsw
11:12:31.0 (100143512)|ENTERING_MANAGED_PKG|tdc_tsw
11:12:31.0 (100901674)|ENTERING_MANAGED_PKG|tdc_tsw
11:12:31.0 (101133341)|ENTERING_MANAGED_PKG|tdc_tsw
11:12:31.0 (101544749)|ENTERING_MANAGED_PKG|tdc_tsw
11:12:31.0 (102661288)|ENTERING_MANAGED_PKG|tdc_tsw
11:12:31.0 (103429110)|ENTERING_MANAGED_PKG|tdc_tsw
11:12:31.0 (103664179)|ENTERING_MANAGED_PKG|tdc_tsw
11:12:31.0 (104061021)|ENTERING_MANAGED_PKG|tdc_tsw
11:12:31.0 (105218559)|ENTERING_MANAGED_PKG|tdc_tsw
11:12:31.0 (105970578)|ENTERING_MANAGED_PKG|tdc_tsw
11:12:31.0 (106210894)|ENTERING_MANAGED_PKG|tdc_tsw
11:12:31.0 (106605504)|ENTERING_MANAGED_PKG|tdc_tsw
11:12:31.0 (107710925)|ENTERING_MANAGED_PKG|tdc_tsw
11:12:31.0 (108459911)|ENTERING_MANAGED_PKG|tdc_tsw
11:12:31.0 (108694332)|ENTERING_MANAGED_PKG|tdc_tsw
11:12:31.0 (109097645)|ENTERING_MANAGED_PKG|tdc_tsw
11:12:31.0 (110226850)|ENTERING_MANAGED_PKG|tdc_tsw
11:12:31.0 (110973721)|ENTERING_MANAGED_PKG|tdc_tsw
11:12:31.0 (111214815)|ENTERING_MANAGED_PKG|tdc_tsw
11:12:31.0 (111610795)|ENTERING_MANAGED_PKG|tdc_tsw
11:12:31.0 (112712429)|ENTERING_MANAGED_PKG|tdc_tsw
11:12:31.0 (113465960)|ENTERING_MANAGED_PKG|tdc_tsw
11:12:31.0 (113700717)|ENTERING_MANAGED_PKG|tdc_tsw
11:12:31.0 (114097080)|ENTERING_MANAGED_PKG|tdc_tsw
11:12:31.0 (115196411)|ENTERING_MANAGED_PKG|tdc_tsw
11:12:31.0 (115939444)|ENTERING_MANAGED_PKG|tdc_tsw
11:12:31.0 (116180215)|ENTERING_MANAGED_PKG|tdc_tsw
11:12:31.0 (116575734)|ENTERING_MANAGED_PKG|tdc_tsw
11:12:31.0 (117682690)|ENTERING_MANAGED_PKG|tdc_tsw
11:12:31.0 (118470613)|ENTERING_MANAGED_PKG|tdc_tsw
11:12:31.0 (118702646)|ENTERING_MANAGED_PKG|tdc_tsw
11:12:31.0 (119098327)|ENTERING_MANAGED_PKG|tdc_tsw
11:12:31.0 (120215848)|ENTERING_MANAGED_PKG|tdc_tsw
11:12:31.0 (120960682)|ENTERING_MANAGED_PKG|tdc_tsw
11:12:31.0 (121200913)|ENTERING_MANAGED_PKG|tdc_tsw
11:12:31.0 (121595934)|ENTERING_MANAGED_PKG|tdc_tsw
11:12:31.0 (122788254)|ENTERING_MANAGED_PKG|tdc_tsw
11:12:31.0 (123547173)|ENTERING_MANAGED_PKG|tdc_tsw
11:12:31.0 (123780655)|ENTERING_MANAGED_PKG|tdc_tsw
11:12:31.0 (124186752)|ENTERING_MANAGED_PKG|tdc_tsw
11:12:31.0 (125303473)|ENTERING_MANAGED_PKG|tdc_tsw
11:12:31.0 (126051245)|ENTERING_MANAGED_PKG|tdc_tsw
11:12:31.0 (126290365)|ENTERING_MANAGED_PKG|tdc_tsw
11:12:31.0 (126687219)|ENTERING_MANAGED_PKG|tdc_tsw
11:12:31.0 (127786205)|ENTERING_MANAGED_PKG|tdc_tsw
11:12:31.0 (128537044)|ENTERING_MANAGED_PKG|tdc_tsw
11:12:31.0 (128773031)|ENTERING_MANAGED_PKG|tdc_tsw
11:12:31.0 (129174897)|ENTERING_MANAGED_PKG|tdc_tsw
11:12:31.0 (130283593)|ENTERING_MANAGED_PKG|tdc_tsw
11:12:31.0 (131029651)|ENTERING_MANAGED_PKG|tdc_tsw
11:12:31.0 (131271327)|ENTERING_MANAGED_PKG|tdc_tsw
11:12:31.0 (131668484)|ENTERING_MANAGED_PKG|tdc_tsw
11:12:31.0 (132771940)|ENTERING_MANAGED_PKG|tdc_tsw
11:12:31.0 (133525053)|ENTERING_MANAGED_PKG|tdc_tsw
11:12:31.0 (133759385)|ENTERING_MANAGED_PKG|tdc_tsw
11:12:31.0 (134161179)|ENTERING_MANAGED_PKG|tdc_tsw
11:12:31.0 (135272024)|ENTERING_MANAGED_PKG|tdc_tsw
11:12:31.0 (136019497)|ENTERING_MANAGED_PKG|tdc_tsw
11:12:31.0 (136261889)|ENTERING_MANAGED_PKG|tdc_tsw
11:12:31.0 (136660751)|ENTERING_MANAGED_PKG|tdc_tsw
11:12:31.0 (137768401)|ENTERING_MANAGED_PKG|tdc_tsw
11:12:31.0 (138520381)|ENTERING_MANAGED_PKG|tdc_tsw
11:12:31.0 (138755022)|ENTERING_MANAGED_PKG|tdc_tsw
11:12:31.0 (139158115)|ENTERING_MANAGED_PKG|tdc_tsw
11:12:31.0 (140288532)|ENTERING_MANAGED_PKG|tdc_tsw
11:12:31.0 (141055818)|ENTERING_MANAGED_PKG|tdc_tsw
11:12:31.0 (141301599)|ENTERING_MANAGED_PKG|tdc_tsw
11:12:31.0 (141780019)|ENTERING_MANAGED_PKG|tdc_tsw
11:12:31.0 (142892620)|ENTERING_MANAGED_PKG|tdc_tsw
11:12:31.0 (143651249)|ENTERING_MANAGED_PKG|tdc_tsw
11:12:31.0 (143887169)|ENTERING_MANAGED_PKG|tdc_tsw
11:12:31.0 (144290828)|ENTERING_MANAGED_PKG|tdc_tsw
11:12:31.0 (145405699)|ENTERING_MANAGED_PKG|tdc_tsw
11:12:31.0 (146165457)|ENTERING_MANAGED_PKG|tdc_tsw
11:12:31.0 (146399920)|ENTERING_MANAGED_PKG|tdc_tsw
11:12:31.0 (146796052)|ENTERING_MANAGED_PKG|tdc_tsw
11:12:31.0 (147912201)|ENTERING_MANAGED_PKG|tdc_tsw
11:12:31.0 (148663246)|ENTERING_MANAGED_PKG|tdc_tsw
11:12:31.0 (148898045)|ENTERING_MANAGED_PKG|tdc_tsw
11:12:31.0 (149300893)|ENTERING_MANAGED_PKG|tdc_tsw
11:12:31.0 (150407911)|ENTERING_MANAGED_PKG|tdc_tsw
11:12:31.0 (151163690)|ENTERING_MANAGED_PKG|tdc_tsw
11:12:31.0 (151398596)|ENTERING_MANAGED_PKG|tdc_tsw
11:12:31.0 (151796139)|ENTERING_MANAGED_PKG|tdc_tsw
11:12:31.0 (152902026)|ENTERING_MANAGED_PKG|tdc_tsw
11:12:31.0 (153652490)|ENTERING_MANAGED_PKG|tdc_tsw
11:12:31.0 (153886644)|ENTERING_MANAGED_PKG|tdc_tsw
11:12:31.0 (154292263)|ENTERING_MANAGED_PKG|tdc_tsw
11:12:31.0 (155497722)|ENTERING_MANAGED_PKG|tdc_tsw
11:12:31.0 (156266630)|ENTERING_MANAGED_PKG|tdc_tsw
11:12:31.0 (156499904)|ENTERING_MANAGED_PKG|tdc_tsw
11:12:31.0 (156899365)|ENTERING_MANAGED_PKG|tdc_tsw
11:12:31.0 (157995125)|ENTERING_MANAGED_PKG|tdc_tsw
11:12:31.0 (158746643)|ENTERING_MANAGED_PKG|tdc_tsw
11:12:31.0 (158980730)|ENTERING_MANAGED_PKG|tdc_tsw
11:12:31.0 (159385610)|ENTERING_MANAGED_PKG|tdc_tsw
11:12:31.0 (160492245)|ENTERING_MANAGED_PKG|tdc_tsw
11:12:31.0 (161248325)|ENTERING_MANAGED_PKG|tdc_tsw
11:12:31.0 (161481785)|ENTERING_MANAGED_PKG|tdc_tsw
11:12:31.0 (161877491)|ENTERING_MANAGED_PKG|tdc_tsw
11:12:31.0 (162987528)|ENTERING_MANAGED_PKG|tdc_tsw
11:12:31.0 (163746261)|ENTERING_MANAGED_PKG|tdc_tsw
11:12:31.0 (163979744)|ENTERING_MANAGED_PKG|tdc_tsw
11:12:31.0 (164383938)|ENTERING_MANAGED_PKG|tdc_tsw
11:12:31.0 (165495259)|ENTERING_MANAGED_PKG|tdc_tsw
11:12:31.0 (166280922)|ENTERING_MANAGED_PKG|tdc_tsw
11:12:31.0 (166515571)|ENTERING_MANAGED_PKG|tdc_tsw
11:12:31.0 (166913859)|ENTERING_MANAGED_PKG|tdc_tsw
11:12:31.0 (168027661)|ENTERING_MANAGED_PKG|tdc_tsw
11:12:31.0 (168786798)|ENTERING_MANAGED_PKG|tdc_tsw
11:12:31.0 (169019070)|ENTERING_MANAGED_PKG|tdc_tsw
11:12:31.0 (169425725)|ENTERING_MANAGED_PKG|tdc_tsw
11:12:31.0 (170535286)|ENTERING_MANAGED_PKG|tdc_tsw
11:12:31.0 (171603562)|ENTERING_MANAGED_PKG|tdc_tsw
11:12:31.0 (171839173)|ENTERING_MANAGED_PKG|tdc_tsw
11:12:31.0 (172312278)|ENTERING_MANAGED_PKG|tdc_tsw
11:12:31.0 (173420766)|ENTERING_MANAGED_PKG|tdc_tsw
11:12:31.0 (174170431)|ENTERING_MANAGED_PKG|tdc_tsw
11:12:31.0 (174405686)|ENTERING_MANAGED_PKG|tdc_tsw
11:12:31.0 (174802076)|ENTERING_MANAGED_PKG|tdc_tsw
11:12:31.0 (175905112)|ENTERING_MANAGED_PKG|tdc_tsw
11:12:31.0 (176659269)|ENTERING_MANAGED_PKG|tdc_tsw
11:12:31.0 (176892341)|ENTERING_MANAGED_PKG|tdc_tsw
11:12:31.0 (177297633)|ENTERING_MANAGED_PKG|tdc_tsw
11:12:31.0 (178439329)|ENTERING_MANAGED_PKG|tdc_tsw
11:12:31.0 (179192881)|ENTERING_MANAGED_PKG|tdc_tsw
11:12:31.0 (179425589)|ENTERING_MANAGED_PKG|tdc_tsw
11:12:31.0 (179821557)|ENTERING_MANAGED_PKG|tdc_tsw
11:12:31.0 (180926886)|ENTERING_MANAGED_PKG|tdc_tsw
11:12:31.0 (181679265)|ENTERING_MANAGED_PKG|tdc_tsw
11:12:31.0 (181913535)|ENTERING_MANAGED_PKG|tdc_tsw
11:12:31.0 (182318062)|ENTERING_MANAGED_PKG|tdc_tsw
11:12:31.0 (183417250)|ENTERING_MANAGED_PKG|tdc_tsw
11:12:31.0 (184165906)|ENTERING_MANAGED_PKG|tdc_tsw
11:12:31.0 (184400479)|ENTERING_MANAGED_PKG|tdc_tsw
11:12:31.0 (184795202)|ENTERING_MANAGED_PKG|tdc_tsw
11:12:31.0 (185900571)|ENTERING_MANAGED_PKG|tdc_tsw
11:12:31.0 (186665383)|ENTERING_MANAGED_PKG|tdc_tsw
11:12:31.0 (186897637)|ENTERING_MANAGED_PKG|tdc_tsw
11:12:31.0 (187303494)|ENTERING_MANAGED_PKG|tdc_tsw
11:12:31.0 (188414840)|ENTERING_MANAGED_PKG|tdc_tsw
11:12:31.0 (189178104)|ENTERING_MANAGED_PKG|tdc_tsw
11:12:31.0 (189414434)|ENTERING_MANAGED_PKG|tdc_tsw
11:12:31.0 (189823396)|ENTERING_MANAGED_PKG|tdc_tsw
11:12:31.0 (190944577)|ENTERING_MANAGED_PKG|tdc_tsw
11:12:31.0 (191714641)|ENTERING_MANAGED_PKG|tdc_tsw
11:12:31.0 (191951461)|ENTERING_MANAGED_PKG|tdc_tsw
11:12:31.0 (192355066)|ENTERING_MANAGED_PKG|tdc_tsw
11:12:31.0 (193468389)|ENTERING_MANAGED_PKG|tdc_tsw
11:12:31.0 (194232259)|ENTERING_MANAGED_PKG|tdc_tsw
11:12:31.0 (194468697)|ENTERING_MANAGED_PKG|tdc_tsw
11:12:31.0 (194867364)|ENTERING_MANAGED_PKG|tdc_tsw
11:12:31.0 (196067431)|ENTERING_MANAGED_PKG|tdc_tsw
11:12:31.0 (196866969)|ENTERING_MANAGED_PKG|tdc_tsw
11:12:31.0 (197103266)|ENTERING_MANAGED_PKG|tdc_tsw
11:12:31.0 (197534425)|ENTERING_MANAGED_PKG|tdc_tsw
11:12:31.0 (198694409)|ENTERING_MANAGED_PKG|tdc_tsw
11:12:31.0 (199472385)|ENTERING_MANAGED_PKG|tdc_tsw
11:12:31.0 (199711008)|ENTERING_MANAGED_PKG|tdc_tsw
11:12:31.0 (200111022)|ENTERING_MANAGED_PKG|tdc_tsw
11:12:31.0 (201283101)|ENTERING_MANAGED_PKG|tdc_tsw
11:12:31.0 (202071160)|ENTERING_MANAGED_PKG|tdc_tsw
11:12:31.0 (202319294)|ENTERING_MANAGED_PKG|tdc_tsw
11:12:31.0 (202723641)|ENTERING_MANAGED_PKG|tdc_tsw
11:12:31.0 (203876335)|ENTERING_MANAGED_PKG|tdc_tsw
11:12:31.0 (204678095)|ENTERING_MANAGED_PKG|tdc_tsw
11:12:31.0 (204918072)|ENTERING_MANAGED_PKG|tdc_tsw
11:12:31.0 (205344322)|ENTERING_MANAGED_PKG|tdc_tsw
11:12:31.0 (206480618)|ENTERING_MANAGED_PKG|tdc_tsw
11:12:31.0 (207267936)|ENTERING_MANAGED_PKG|tdc_tsw
11:12:31.0 (207502038)|ENTERING_MANAGED_PKG|tdc_tsw
11:12:31.0 (207900943)|ENTERING_MANAGED_PKG|tdc_tsw
11:12:31.0 (209020300)|ENTERING_MANAGED_PKG|tdc_tsw
11:12:31.0 (209795149)|ENTERING_MANAGED_PKG|tdc_tsw
11:12:31.0 (210029785)|ENTERING_MANAGED_PKG|tdc_tsw
11:12:31.0 (210435702)|ENTERING_MANAGED_PKG|tdc_tsw
11:12:31.0 (211604247)|ENTERING_MANAGED_PKG|tdc_tsw
11:12:31.0 (212932369)|ENTERING_MANAGED_PKG|tdc_tsw
11:12:31.0 (213311069)|ENTERING_MANAGED_PKG|tdc_tsw
11:12:31.0 (213980920)|ENTERING_MANAGED_PKG|tdc_tsw
11:12:31.0 (215303359)|ENTERING_MANAGED_PKG|tdc_tsw
11:12:31.0 (216179072)|ENTERING_MANAGED_PKG|tdc_tsw
11:12:31.0 (216258299)|ENTERING_MANAGED_PKG|tdc_tsw
11:12:31.0 (216881655)|SOQL_EXECUTE_BEGIN|[200]|Aggregations:0|SELECT Name, NamespacePrefix, SystemModStamp FROM StaticResource WHERE Name LIKE :tmpVar1 LIMIT 10
11:12:31.0 (220515113)|SOQL_EXECUTE_END|[200]|Rows:1
11:12:31.0 (221864132)|ENTERING_MANAGED_PKG|tdc_tsw
11:12:31.0 (222474692)|SOQL_EXECUTE_BEGIN|[200]|Aggregations:0|SELECT Name, NamespacePrefix, SystemModStamp FROM StaticResource WHERE Name LIKE :tmpVar1 LIMIT 10
11:12:31.0 (225587032)|SOQL_EXECUTE_END|[200]|Rows:1
11:12:31.0 (226212363)|ENTERING_MANAGED_PKG|tdc_tsw
11:12:31.0 (229290010)|ENTERING_MANAGED_PKG|tdc_tsw
11:12:31.0 (230552910)|ENTERING_MANAGED_PKG|tdc_tsw
11:12:31.0 (230827488)|ENTERING_MANAGED_PKG|tdc_tsw
11:12:31.0 (231758432)|ENTERING_MANAGED_PKG|tdc_tsw
11:12:31.0 (232196688)|SOQL_EXECUTE_BEGIN|[200]|Aggregations:0|SELECT Name, NamespacePrefix, SystemModStamp FROM StaticResource WHERE Name LIKE :tmpVar1 LIMIT 10
11:12:31.0 (234762029)|SOQL_EXECUTE_END|[200]|Rows:1
11:12:31.247 (247955853)|USER_INFO|[EXTERNAL]|0051H000009gxp8|chanida.dev2@solvedbysoftwareco.com|Eastern Standard Time|GMT-05:00
11:12:31.247 (249614361)|ENTERING_MANAGED_PKG|tdc_tsw
11:12:31.247 (249922250)|ENTERING_MANAGED_PKG|tdc_tsw
11:12:31.247 (254026381)|SOQL_EXECUTE_BEGIN|[355]|Aggregations:0|SELECT id, name, Disable_Incoming_SMS_Sharing__c FROM User WHERE id = :tmpVar1
11:12:31.247 (262054584)|SOQL_EXECUTE_END|[355]|Rows:1
11:12:31.247 (263908573)|SOQL_EXECUTE_BEGIN|[367]|Aggregations:0|SELECT CreatedDate,Id,LastModifiedDate,Related_Object_Id__c FROM Message__c WHERE Name = 'Incoming' AND Read__c = false ORDER BY CreatedDate Desc limit 100
11:12:31.247 (275115708)|SOQL_EXECUTE_END|[367]|Rows:100
