44.0 APEX_CODE,FINEST;APEX_PROFILING,INFO;CALLOUT,INFO;DB,INFO;NBA,INFO;SYSTEM,DEBUG;VALIDATION,INFO;VISUALFORCE,INFO;WAVE,INFO;WORKFLOW,INFO
21:27:19.0 (119261)|USER_INFO|[EXTERNAL]|0051H000009gxp8|chanida.dev2@solvedbysoftwareco.com|Eastern Standard Time|GMT-05:00
21:27:19.0 (1916190)|ENTERING_MANAGED_PKG|tdc_tsw
21:27:19.0 (2494410)|ENTERING_MANAGED_PKG|tdc_tsw
21:27:19.0 (6982261)|SOQL_EXECUTE_BEGIN|[16]|Aggregations:0|SELECT id, name, Disable_Incoming_SMS_Sharing__c FROM User WHERE id = :tmpVar1
21:27:19.0 (16511856)|SOQL_EXECUTE_END|[16]|Rows:1
21:27:19.0 (22419685)|SOQL_EXECUTE_BEGIN|[37]|Aggregations:0|SELECT CreatedDate,Created_Date__c,Id,LastModifiedDate,MessageId__c,Message_Text_New__c,Name,OwnerId,Read__c,Related_Object_Id__c,Related_Object__c,Sender_Number__c, Sender_Name__c,ToNumber__c,Attachments_Ids__c FROM Message__c WHERE Name = 'Incoming' AND Read__c = false ORDER BY CreatedDate Desc limit 100
21:27:19.0 (34981943)|SOQL_EXECUTE_END|[37]|Rows:16
21:27:19.0 (39052605)|ENTERING_MANAGED_PKG|tdc_tsw
21:27:19.0 (40985478)|ENTERING_MANAGED_PKG|tdc_tsw
21:27:19.0 (41494337)|ENTERING_MANAGED_PKG|tdc_tsw
21:27:19.0 (42269917)|ENTERING_MANAGED_PKG|tdc_tsw
21:27:19.0 (45351807)|ENTERING_MANAGED_PKG|tdc_tsw
21:27:19.0 (46243797)|ENTERING_MANAGED_PKG|tdc_tsw
21:27:19.0 (46537984)|ENTERING_MANAGED_PKG|tdc_tsw
21:27:19.0 (47097081)|ENTERING_MANAGED_PKG|tdc_tsw
21:27:19.0 (48358119)|ENTERING_MANAGED_PKG|tdc_tsw
21:27:19.0 (49232437)|ENTERING_MANAGED_PKG|tdc_tsw
21:27:19.0 (49494024)|ENTERING_MANAGED_PKG|tdc_tsw
21:27:19.0 (49946634)|ENTERING_MANAGED_PKG|tdc_tsw
21:27:19.0 (51272303)|ENTERING_MANAGED_PKG|tdc_tsw
21:27:19.0 (51994225)|ENTERING_MANAGED_PKG|tdc_tsw
21:27:19.0 (52079503)|ENTERING_MANAGED_PKG|tdc_tsw
21:27:19.0 (52735573)|SOQL_EXECUTE_BEGIN|[200]|Aggregations:0|SELECT Name, NamespacePrefix, SystemModStamp FROM StaticResource WHERE Name LIKE :tmpVar1 LIMIT 10
21:27:19.0 (56159330)|SOQL_EXECUTE_END|[200]|Rows:1
21:27:19.0 (56919335)|ENTERING_MANAGED_PKG|tdc_tsw
21:27:19.0 (57323358)|SOQL_EXECUTE_BEGIN|[200]|Aggregations:0|SELECT Name, NamespacePrefix, SystemModStamp FROM StaticResource WHERE Name LIKE :tmpVar1 LIMIT 10
21:27:19.0 (59665382)|SOQL_EXECUTE_END|[200]|Rows:1
21:27:19.0 (60095228)|ENTERING_MANAGED_PKG|tdc_tsw
21:27:19.0 (63601443)|ENTERING_MANAGED_PKG|tdc_tsw
21:27:19.0 (65846360)|ENTERING_MANAGED_PKG|tdc_tsw
21:27:19.0 (66173029)|ENTERING_MANAGED_PKG|tdc_tsw
21:27:19.0 (67096126)|ENTERING_MANAGED_PKG|tdc_tsw
21:27:19.0 (67588329)|SOQL_EXECUTE_BEGIN|[200]|Aggregations:0|SELECT Name, NamespacePrefix, SystemModStamp FROM StaticResource WHERE Name LIKE :tmpVar1 LIMIT 10
21:27:19.0 (70006488)|SOQL_EXECUTE_END|[200]|Rows:1
21:27:19.75 (75391529)|USER_INFO|[EXTERNAL]|0051H000009gxp8|chanida.dev2@solvedbysoftwareco.com|Eastern Standard Time|GMT-05:00
21:27:19.75 (76914803)|ENTERING_MANAGED_PKG|tdc_tsw
21:27:19.75 (77122544)|ENTERING_MANAGED_PKG|tdc_tsw
21:27:19.75 (80051493)|SOQL_EXECUTE_BEGIN|[355]|Aggregations:0|SELECT id, name, Disable_Incoming_SMS_Sharing__c FROM User WHERE id = :tmpVar1
21:27:19.75 (87135845)|SOQL_EXECUTE_END|[355]|Rows:1
21:27:19.75 (88319066)|SOQL_EXECUTE_BEGIN|[367]|Aggregations:0|SELECT CreatedDate,Id,LastModifiedDate,Related_Object_Id__c FROM Message__c WHERE Name = 'Incoming' AND Read__c = false ORDER BY CreatedDate Desc limit 100
21:27:19.75 (94971404)|SOQL_EXECUTE_END|[367]|Rows:16
