44.0 APEX_CODE,FINEST;APEX_PROFILING,INFO;CALLOUT,INFO;DB,INFO;NBA,INFO;SYSTEM,DEBUG;VALIDATION,INFO;VISUALFORCE,INFO;WAVE,INFO;WORKFLOW,INFO
16:52:00.0 (173314)|USER_INFO|[EXTERNAL]|0051H000009gxp8|chanida.dev2@solvedbysoftwareco.com|Eastern Standard Time|GMT-05:00
16:52:00.0 (2743613)|ENTERING_MANAGED_PKG|tdc_tsw
16:52:00.0 (3198569)|ENTERING_MANAGED_PKG|tdc_tsw
16:52:00.0 (7315511)|SOQL_EXECUTE_BEGIN|[16]|Aggregations:0|SELECT id, name, Disable_Incoming_SMS_Sharing__c FROM User WHERE id = :tmpVar1
16:52:00.0 (15542390)|SOQL_EXECUTE_END|[16]|Rows:1
16:52:00.0 (21936139)|SOQL_EXECUTE_BEGIN|[37]|Aggregations:0|SELECT CreatedDate,Created_Date__c,Id,LastModifiedDate,MessageId__c,Message_Text_New__c,Name,OwnerId,Read__c,Related_Object_Id__c,Related_Object__c,Sender_Number__c, Sender_Name__c,ToNumber__c,Attachments_Ids__c FROM Message__c WHERE Name = 'Incoming' AND Read__c = false ORDER BY CreatedDate Desc limit 100
16:52:00.0 (42248429)|SOQL_EXECUTE_END|[37]|Rows:100
16:52:00.0 (59679568)|ENTERING_MANAGED_PKG|tdc_tsw
16:52:00.0 (61361478)|ENTERING_MANAGED_PKG|tdc_tsw
16:52:00.0 (61815505)|ENTERING_MANAGED_PKG|tdc_tsw
16:52:00.0 (62513096)|ENTERING_MANAGED_PKG|tdc_tsw
16:52:00.0 (65225251)|ENTERING_MANAGED_PKG|tdc_tsw
16:52:00.0 (65991979)|ENTERING_MANAGED_PKG|tdc_tsw
16:52:00.0 (66254585)|ENTERING_MANAGED_PKG|tdc_tsw
16:52:00.0 (66643974)|ENTERING_MANAGED_PKG|tdc_tsw
16:52:00.0 (67723437)|ENTERING_MANAGED_PKG|tdc_tsw
16:52:00.0 (68459686)|ENTERING_MANAGED_PKG|tdc_tsw
16:52:00.0 (68689111)|ENTERING_MANAGED_PKG|tdc_tsw
16:52:00.0 (69073686)|ENTERING_MANAGED_PKG|tdc_tsw
16:52:00.0 (70136906)|ENTERING_MANAGED_PKG|tdc_tsw
16:52:00.0 (70872740)|ENTERING_MANAGED_PKG|tdc_tsw
16:52:00.0 (71099377)|ENTERING_MANAGED_PKG|tdc_tsw
16:52:00.0 (71487224)|ENTERING_MANAGED_PKG|tdc_tsw
16:52:00.0 (72556667)|ENTERING_MANAGED_PKG|tdc_tsw
16:52:00.0 (73296916)|ENTERING_MANAGED_PKG|tdc_tsw
16:52:00.0 (73522942)|ENTERING_MANAGED_PKG|tdc_tsw
16:52:00.0 (73916367)|ENTERING_MANAGED_PKG|tdc_tsw
16:52:00.0 (74985862)|ENTERING_MANAGED_PKG|tdc_tsw
16:52:00.0 (75717706)|ENTERING_MANAGED_PKG|tdc_tsw
16:52:00.0 (75947167)|ENTERING_MANAGED_PKG|tdc_tsw
16:52:00.0 (76329937)|ENTERING_MANAGED_PKG|tdc_tsw
16:52:00.0 (77393428)|ENTERING_MANAGED_PKG|tdc_tsw
16:52:00.0 (78129713)|ENTERING_MANAGED_PKG|tdc_tsw
16:52:00.0 (78355442)|ENTERING_MANAGED_PKG|tdc_tsw
16:52:00.0 (78746312)|ENTERING_MANAGED_PKG|tdc_tsw
16:52:00.0 (79809406)|ENTERING_MANAGED_PKG|tdc_tsw
16:52:00.0 (80534460)|ENTERING_MANAGED_PKG|tdc_tsw
16:52:00.0 (80770932)|ENTERING_MANAGED_PKG|tdc_tsw
16:52:00.0 (81156066)|ENTERING_MANAGED_PKG|tdc_tsw
16:52:00.0 (82226487)|ENTERING_MANAGED_PKG|tdc_tsw
16:52:00.0 (82966383)|ENTERING_MANAGED_PKG|tdc_tsw
16:52:00.0 (83193736)|ENTERING_MANAGED_PKG|tdc_tsw
16:52:00.0 (83578358)|ENTERING_MANAGED_PKG|tdc_tsw
16:52:00.0 (84660825)|ENTERING_MANAGED_PKG|tdc_tsw
16:52:00.0 (85409690)|ENTERING_MANAGED_PKG|tdc_tsw
16:52:00.0 (85640165)|ENTERING_MANAGED_PKG|tdc_tsw
16:52:00.0 (86053711)|ENTERING_MANAGED_PKG|tdc_tsw
16:52:00.0 (87126087)|ENTERING_MANAGED_PKG|tdc_tsw
16:52:00.0 (87858081)|ENTERING_MANAGED_PKG|tdc_tsw
16:52:00.0 (88087567)|ENTERING_MANAGED_PKG|tdc_tsw
16:52:00.0 (88472253)|ENTERING_MANAGED_PKG|tdc_tsw
16:52:00.0 (89550491)|ENTERING_MANAGED_PKG|tdc_tsw
16:52:00.0 (90288513)|ENTERING_MANAGED_PKG|tdc_tsw
16:52:00.0 (90517353)|ENTERING_MANAGED_PKG|tdc_tsw
16:52:00.0 (90908701)|ENTERING_MANAGED_PKG|tdc_tsw
16:52:00.0 (91978029)|ENTERING_MANAGED_PKG|tdc_tsw
16:52:00.0 (92719081)|ENTERING_MANAGED_PKG|tdc_tsw
16:52:00.0 (92949040)|ENTERING_MANAGED_PKG|tdc_tsw
16:52:00.0 (93334045)|ENTERING_MANAGED_PKG|tdc_tsw
16:52:00.0 (94405993)|ENTERING_MANAGED_PKG|tdc_tsw
16:52:00.0 (95138355)|ENTERING_MANAGED_PKG|tdc_tsw
16:52:00.0 (95367696)|ENTERING_MANAGED_PKG|tdc_tsw
16:52:00.0 (95766928)|ENTERING_MANAGED_PKG|tdc_tsw
16:52:00.0 (96834739)|ENTERING_MANAGED_PKG|tdc_tsw
16:52:00.0 (97558781)|ENTERING_MANAGED_PKG|tdc_tsw
16:52:00.0 (97794668)|ENTERING_MANAGED_PKG|tdc_tsw
16:52:00.0 (98178688)|ENTERING_MANAGED_PKG|tdc_tsw
16:52:00.0 (99240850)|ENTERING_MANAGED_PKG|tdc_tsw
16:52:00.0 (99971294)|ENTERING_MANAGED_PKG|tdc_tsw
16:52:00.0 (100198053)|ENTERING_MANAGED_PKG|tdc_tsw
16:52:00.0 (100584098)|ENTERING_MANAGED_PKG|tdc_tsw
16:52:00.0 (101654115)|ENTERING_MANAGED_PKG|tdc_tsw
16:52:00.0 (102389810)|ENTERING_MANAGED_PKG|tdc_tsw
16:52:00.0 (102618363)|ENTERING_MANAGED_PKG|tdc_tsw
16:52:00.0 (103009337)|ENTERING_MANAGED_PKG|tdc_tsw
16:52:00.0 (104074125)|ENTERING_MANAGED_PKG|tdc_tsw
16:52:00.0 (104808067)|ENTERING_MANAGED_PKG|tdc_tsw
16:52:00.0 (105037060)|ENTERING_MANAGED_PKG|tdc_tsw
16:52:00.0 (105424447)|ENTERING_MANAGED_PKG|tdc_tsw
16:52:00.0 (106503468)|ENTERING_MANAGED_PKG|tdc_tsw
16:52:00.0 (107245882)|ENTERING_MANAGED_PKG|tdc_tsw
16:52:00.0 (107471820)|ENTERING_MANAGED_PKG|tdc_tsw
16:52:00.0 (107863187)|ENTERING_MANAGED_PKG|tdc_tsw
16:52:00.0 (108938058)|ENTERING_MANAGED_PKG|tdc_tsw
16:52:00.0 (109668708)|ENTERING_MANAGED_PKG|tdc_tsw
16:52:00.0 (109903573)|ENTERING_MANAGED_PKG|tdc_tsw
16:52:00.0 (110290871)|ENTERING_MANAGED_PKG|tdc_tsw
16:52:00.0 (111371004)|ENTERING_MANAGED_PKG|tdc_tsw
16:52:00.0 (112144971)|ENTERING_MANAGED_PKG|tdc_tsw
16:52:00.0 (112374111)|ENTERING_MANAGED_PKG|tdc_tsw
16:52:00.0 (112764836)|ENTERING_MANAGED_PKG|tdc_tsw
16:52:00.0 (113833646)|ENTERING_MANAGED_PKG|tdc_tsw
16:52:00.0 (114564176)|ENTERING_MANAGED_PKG|tdc_tsw
16:52:00.0 (114801670)|ENTERING_MANAGED_PKG|tdc_tsw
16:52:00.0 (115186852)|ENTERING_MANAGED_PKG|tdc_tsw
16:52:00.0 (116272631)|ENTERING_MANAGED_PKG|tdc_tsw
16:52:00.0 (117005781)|ENTERING_MANAGED_PKG|tdc_tsw
16:52:00.0 (117233370)|ENTERING_MANAGED_PKG|tdc_tsw
16:52:00.0 (117614636)|ENTERING_MANAGED_PKG|tdc_tsw
16:52:00.0 (118727642)|ENTERING_MANAGED_PKG|tdc_tsw
16:52:00.0 (119491087)|ENTERING_MANAGED_PKG|tdc_tsw
16:52:00.0 (119694936)|ENTERING_MANAGED_PKG|tdc_tsw
16:52:00.0 (120087832)|ENTERING_MANAGED_PKG|tdc_tsw
16:52:00.0 (121161136)|ENTERING_MANAGED_PKG|tdc_tsw
16:52:00.0 (121898816)|ENTERING_MANAGED_PKG|tdc_tsw
16:52:00.0 (122127460)|ENTERING_MANAGED_PKG|tdc_tsw
16:52:00.0 (122511975)|ENTERING_MANAGED_PKG|tdc_tsw
16:52:00.0 (123574237)|ENTERING_MANAGED_PKG|tdc_tsw
16:52:00.0 (124324823)|ENTERING_MANAGED_PKG|tdc_tsw
16:52:00.0 (124553837)|ENTERING_MANAGED_PKG|tdc_tsw
16:52:00.0 (124946975)|ENTERING_MANAGED_PKG|tdc_tsw
16:52:00.0 (126012123)|ENTERING_MANAGED_PKG|tdc_tsw
16:52:00.0 (126742736)|ENTERING_MANAGED_PKG|tdc_tsw
16:52:00.0 (126968017)|ENTERING_MANAGED_PKG|tdc_tsw
16:52:00.0 (127354493)|ENTERING_MANAGED_PKG|tdc_tsw
16:52:00.0 (128421781)|ENTERING_MANAGED_PKG|tdc_tsw
16:52:00.0 (129168885)|ENTERING_MANAGED_PKG|tdc_tsw
16:52:00.0 (129397641)|ENTERING_MANAGED_PKG|tdc_tsw
16:52:00.0 (129794138)|ENTERING_MANAGED_PKG|tdc_tsw
16:52:00.0 (130857406)|ENTERING_MANAGED_PKG|tdc_tsw
16:52:00.0 (131583946)|ENTERING_MANAGED_PKG|tdc_tsw
16:52:00.0 (131825308)|ENTERING_MANAGED_PKG|tdc_tsw
16:52:00.0 (132208630)|ENTERING_MANAGED_PKG|tdc_tsw
16:52:00.0 (133276321)|ENTERING_MANAGED_PKG|tdc_tsw
16:52:00.0 (134007320)|ENTERING_MANAGED_PKG|tdc_tsw
16:52:00.0 (134235363)|ENTERING_MANAGED_PKG|tdc_tsw
16:52:00.0 (134616927)|ENTERING_MANAGED_PKG|tdc_tsw
16:52:00.0 (135683732)|ENTERING_MANAGED_PKG|tdc_tsw
16:52:00.0 (136416476)|ENTERING_MANAGED_PKG|tdc_tsw
16:52:00.0 (136641907)|ENTERING_MANAGED_PKG|tdc_tsw
16:52:00.0 (137033637)|ENTERING_MANAGED_PKG|tdc_tsw
16:52:00.0 (138119729)|ENTERING_MANAGED_PKG|tdc_tsw
16:52:00.0 (138861506)|ENTERING_MANAGED_PKG|tdc_tsw
16:52:00.0 (139090736)|ENTERING_MANAGED_PKG|tdc_tsw
16:52:00.0 (139492288)|ENTERING_MANAGED_PKG|tdc_tsw
16:52:00.0 (140622768)|ENTERING_MANAGED_PKG|tdc_tsw
16:52:00.0 (141390416)|ENTERING_MANAGED_PKG|tdc_tsw
16:52:00.0 (141636172)|ENTERING_MANAGED_PKG|tdc_tsw
16:52:00.0 (142054461)|ENTERING_MANAGED_PKG|tdc_tsw
16:52:00.0 (143157501)|ENTERING_MANAGED_PKG|tdc_tsw
16:52:00.0 (143896018)|ENTERING_MANAGED_PKG|tdc_tsw
16:52:00.0 (144124124)|ENTERING_MANAGED_PKG|tdc_tsw
16:52:00.0 (144509364)|ENTERING_MANAGED_PKG|tdc_tsw
16:52:00.0 (145578499)|ENTERING_MANAGED_PKG|tdc_tsw
16:52:00.0 (146309789)|ENTERING_MANAGED_PKG|tdc_tsw
16:52:00.0 (146555652)|ENTERING_MANAGED_PKG|tdc_tsw
16:52:00.0 (146948466)|ENTERING_MANAGED_PKG|tdc_tsw
16:52:00.0 (148013413)|ENTERING_MANAGED_PKG|tdc_tsw
16:52:00.0 (148744241)|ENTERING_MANAGED_PKG|tdc_tsw
16:52:00.0 (148972037)|ENTERING_MANAGED_PKG|tdc_tsw
16:52:00.0 (149356312)|ENTERING_MANAGED_PKG|tdc_tsw
16:52:00.0 (150427685)|ENTERING_MANAGED_PKG|tdc_tsw
16:52:00.0 (151162197)|ENTERING_MANAGED_PKG|tdc_tsw
16:52:00.0 (151388506)|ENTERING_MANAGED_PKG|tdc_tsw
16:52:00.0 (151780773)|ENTERING_MANAGED_PKG|tdc_tsw
16:52:00.0 (152846498)|ENTERING_MANAGED_PKG|tdc_tsw
16:52:00.0 (153589098)|ENTERING_MANAGED_PKG|tdc_tsw
16:52:00.0 (153826129)|ENTERING_MANAGED_PKG|tdc_tsw
16:52:00.0 (154207351)|ENTERING_MANAGED_PKG|tdc_tsw
16:52:00.0 (155272817)|ENTERING_MANAGED_PKG|tdc_tsw
16:52:00.0 (156010831)|ENTERING_MANAGED_PKG|tdc_tsw
16:52:00.0 (156236123)|ENTERING_MANAGED_PKG|tdc_tsw
16:52:00.0 (156620083)|ENTERING_MANAGED_PKG|tdc_tsw
16:52:00.0 (157679584)|ENTERING_MANAGED_PKG|tdc_tsw
16:52:00.0 (158418429)|ENTERING_MANAGED_PKG|tdc_tsw
16:52:00.0 (158641132)|ENTERING_MANAGED_PKG|tdc_tsw
16:52:00.0 (159032437)|ENTERING_MANAGED_PKG|tdc_tsw
16:52:00.0 (160089227)|ENTERING_MANAGED_PKG|tdc_tsw
16:52:00.0 (160825897)|ENTERING_MANAGED_PKG|tdc_tsw
16:52:00.0 (161051349)|ENTERING_MANAGED_PKG|tdc_tsw
16:52:00.0 (161435652)|ENTERING_MANAGED_PKG|tdc_tsw
16:52:00.0 (162499888)|ENTERING_MANAGED_PKG|tdc_tsw
16:52:00.0 (163234769)|ENTERING_MANAGED_PKG|tdc_tsw
16:52:00.0 (163462535)|ENTERING_MANAGED_PKG|tdc_tsw
16:52:00.0 (163921218)|ENTERING_MANAGED_PKG|tdc_tsw
16:52:00.0 (164983000)|ENTERING_MANAGED_PKG|tdc_tsw
16:52:00.0 (165715219)|ENTERING_MANAGED_PKG|tdc_tsw
16:52:00.0 (165944481)|ENTERING_MANAGED_PKG|tdc_tsw
16:52:00.0 (166329153)|ENTERING_MANAGED_PKG|tdc_tsw
16:52:00.0 (167409786)|ENTERING_MANAGED_PKG|tdc_tsw
16:52:00.0 (168174338)|ENTERING_MANAGED_PKG|tdc_tsw
16:52:00.0 (168400338)|ENTERING_MANAGED_PKG|tdc_tsw
16:52:00.0 (168792450)|ENTERING_MANAGED_PKG|tdc_tsw
16:52:00.0 (169854590)|ENTERING_MANAGED_PKG|tdc_tsw
16:52:00.0 (170579597)|ENTERING_MANAGED_PKG|tdc_tsw
16:52:00.0 (170814158)|ENTERING_MANAGED_PKG|tdc_tsw
16:52:00.0 (171195735)|ENTERING_MANAGED_PKG|tdc_tsw
16:52:00.0 (175600387)|ENTERING_MANAGED_PKG|tdc_tsw
16:52:00.0 (176338595)|ENTERING_MANAGED_PKG|tdc_tsw
16:52:00.0 (176558463)|ENTERING_MANAGED_PKG|tdc_tsw
16:52:00.0 (177265503)|ENTERING_MANAGED_PKG|tdc_tsw
16:52:00.0 (178336780)|ENTERING_MANAGED_PKG|tdc_tsw
16:52:00.0 (179080586)|ENTERING_MANAGED_PKG|tdc_tsw
16:52:00.0 (179310699)|ENTERING_MANAGED_PKG|tdc_tsw
16:52:00.0 (179694014)|ENTERING_MANAGED_PKG|tdc_tsw
16:52:00.0 (180773315)|ENTERING_MANAGED_PKG|tdc_tsw
16:52:00.0 (181501705)|ENTERING_MANAGED_PKG|tdc_tsw
16:52:00.0 (181735909)|ENTERING_MANAGED_PKG|tdc_tsw
16:52:00.0 (182120804)|ENTERING_MANAGED_PKG|tdc_tsw
16:52:00.0 (183189791)|ENTERING_MANAGED_PKG|tdc_tsw
16:52:00.0 (183924126)|ENTERING_MANAGED_PKG|tdc_tsw
16:52:00.0 (184151799)|ENTERING_MANAGED_PKG|tdc_tsw
16:52:00.0 (184535885)|ENTERING_MANAGED_PKG|tdc_tsw
16:52:00.0 (185600602)|ENTERING_MANAGED_PKG|tdc_tsw
16:52:00.0 (186354595)|ENTERING_MANAGED_PKG|tdc_tsw
16:52:00.0 (186584393)|ENTERING_MANAGED_PKG|tdc_tsw
16:52:00.0 (186977487)|ENTERING_MANAGED_PKG|tdc_tsw
16:52:00.0 (188047459)|ENTERING_MANAGED_PKG|tdc_tsw
16:52:00.0 (188792026)|ENTERING_MANAGED_PKG|tdc_tsw
16:52:00.0 (189022458)|ENTERING_MANAGED_PKG|tdc_tsw
16:52:00.0 (189410194)|ENTERING_MANAGED_PKG|tdc_tsw
16:52:00.0 (190480433)|ENTERING_MANAGED_PKG|tdc_tsw
16:52:00.0 (191219332)|ENTERING_MANAGED_PKG|tdc_tsw
16:52:00.0 (191446946)|ENTERING_MANAGED_PKG|tdc_tsw
16:52:00.0 (191841291)|ENTERING_MANAGED_PKG|tdc_tsw
16:52:00.0 (192900050)|ENTERING_MANAGED_PKG|tdc_tsw
16:52:00.0 (193624296)|ENTERING_MANAGED_PKG|tdc_tsw
16:52:00.0 (193860047)|ENTERING_MANAGED_PKG|tdc_tsw
16:52:00.0 (194245136)|ENTERING_MANAGED_PKG|tdc_tsw
16:52:00.0 (195456550)|ENTERING_MANAGED_PKG|tdc_tsw
16:52:00.0 (196227982)|ENTERING_MANAGED_PKG|tdc_tsw
16:52:00.0 (196301715)|ENTERING_MANAGED_PKG|tdc_tsw
16:52:00.0 (196838791)|SOQL_EXECUTE_BEGIN|[200]|Aggregations:0|SELECT Name, NamespacePrefix, SystemModStamp FROM StaticResource WHERE Name LIKE :tmpVar1 LIMIT 10
16:52:00.0 (200119784)|SOQL_EXECUTE_END|[200]|Rows:1
16:52:00.0 (201264015)|ENTERING_MANAGED_PKG|tdc_tsw
16:52:00.0 (201940134)|SOQL_EXECUTE_BEGIN|[200]|Aggregations:0|SELECT Name, NamespacePrefix, SystemModStamp FROM StaticResource WHERE Name LIKE :tmpVar1 LIMIT 10
16:52:00.0 (205282813)|SOQL_EXECUTE_END|[200]|Rows:1
16:52:00.0 (205823002)|ENTERING_MANAGED_PKG|tdc_tsw
16:52:00.0 (226040355)|ENTERING_MANAGED_PKG|tdc_tsw
16:52:00.0 (227682405)|ENTERING_MANAGED_PKG|tdc_tsw
16:52:00.0 (228069508)|ENTERING_MANAGED_PKG|tdc_tsw
16:52:00.0 (229138429)|ENTERING_MANAGED_PKG|tdc_tsw
16:52:00.0 (229574849)|SOQL_EXECUTE_BEGIN|[200]|Aggregations:0|SELECT Name, NamespacePrefix, SystemModStamp FROM StaticResource WHERE Name LIKE :tmpVar1 LIMIT 10
16:52:00.0 (232496202)|SOQL_EXECUTE_END|[200]|Rows:1
16:52:00.244 (244061239)|USER_INFO|[EXTERNAL]|0051H000009gxp8|chanida.dev2@solvedbysoftwareco.com|Eastern Standard Time|GMT-05:00
16:52:00.244 (245864462)|ENTERING_MANAGED_PKG|tdc_tsw
16:52:00.244 (246092577)|ENTERING_MANAGED_PKG|tdc_tsw
16:52:00.244 (248814717)|SOQL_EXECUTE_BEGIN|[355]|Aggregations:0|SELECT id, name, Disable_Incoming_SMS_Sharing__c FROM User WHERE id = :tmpVar1
16:52:00.244 (255362056)|SOQL_EXECUTE_END|[355]|Rows:1
16:52:00.244 (256634527)|SOQL_EXECUTE_BEGIN|[367]|Aggregations:0|SELECT CreatedDate,Id,LastModifiedDate,Related_Object_Id__c FROM Message__c WHERE Name = 'Incoming' AND Read__c = false ORDER BY CreatedDate Desc limit 100
16:52:00.244 (266923677)|SOQL_EXECUTE_END|[367]|Rows:100
