44.0 APEX_CODE,FINEST;APEX_PROFILING,INFO;CALLOUT,INFO;DB,INFO;NBA,INFO;SYSTEM,DEBUG;VALIDATION,INFO;VISUALFORCE,INFO;WAVE,INFO;WORKFLOW,INFO
10:43:15.0 (96360)|USER_INFO|[EXTERNAL]|0051H000009gxp8|chanida.dev2@solvedbysoftwareco.com|Eastern Standard Time|GMT-05:00
10:43:15.0 (1611704)|ENTERING_MANAGED_PKG|tdc_tsw
10:43:15.0 (1917349)|ENTERING_MANAGED_PKG|tdc_tsw
10:43:15.0 (5088542)|SOQL_EXECUTE_BEGIN|[16]|Aggregations:0|SELECT id, name, Disable_Incoming_SMS_Sharing__c FROM User WHERE id = :tmpVar1
10:43:15.0 (11296989)|SOQL_EXECUTE_END|[16]|Rows:1
10:43:15.0 (16486955)|SOQL_EXECUTE_BEGIN|[37]|Aggregations:0|SELECT CreatedDate,Created_Date__c,Id,LastModifiedDate,MessageId__c,Message_Text_New__c,Name,OwnerId,Read__c,Related_Object_Id__c,Related_Object__c,Sender_Number__c, Sender_Name__c,ToNumber__c,Attachments_Ids__c FROM Message__c WHERE Name = 'Incoming' AND Read__c = false ORDER BY CreatedDate Desc limit 100
10:43:15.0 (33077377)|SOQL_EXECUTE_END|[37]|Rows:100
10:43:15.0 (50885333)|ENTERING_MANAGED_PKG|tdc_tsw
10:43:15.0 (52478272)|ENTERING_MANAGED_PKG|tdc_tsw
10:43:15.0 (52951894)|ENTERING_MANAGED_PKG|tdc_tsw
10:43:15.0 (53591568)|ENTERING_MANAGED_PKG|tdc_tsw
10:43:15.0 (56427382)|ENTERING_MANAGED_PKG|tdc_tsw
10:43:15.0 (57271099)|ENTERING_MANAGED_PKG|tdc_tsw
10:43:15.0 (57519281)|ENTERING_MANAGED_PKG|tdc_tsw
10:43:15.0 (57930076)|ENTERING_MANAGED_PKG|tdc_tsw
10:43:15.0 (59000193)|ENTERING_MANAGED_PKG|tdc_tsw
10:43:15.0 (59740545)|ENTERING_MANAGED_PKG|tdc_tsw
10:43:15.0 (59990171)|ENTERING_MANAGED_PKG|tdc_tsw
10:43:15.0 (60385387)|ENTERING_MANAGED_PKG|tdc_tsw
10:43:15.0 (61451243)|ENTERING_MANAGED_PKG|tdc_tsw
10:43:15.0 (62196572)|ENTERING_MANAGED_PKG|tdc_tsw
10:43:15.0 (62426111)|ENTERING_MANAGED_PKG|tdc_tsw
10:43:15.0 (62821630)|ENTERING_MANAGED_PKG|tdc_tsw
10:43:15.0 (63881881)|ENTERING_MANAGED_PKG|tdc_tsw
10:43:15.0 (64624219)|ENTERING_MANAGED_PKG|tdc_tsw
10:43:15.0 (64861886)|ENTERING_MANAGED_PKG|tdc_tsw
10:43:15.0 (65247112)|ENTERING_MANAGED_PKG|tdc_tsw
10:43:15.0 (66323041)|ENTERING_MANAGED_PKG|tdc_tsw
10:43:15.0 (67063811)|ENTERING_MANAGED_PKG|tdc_tsw
10:43:15.0 (67292756)|ENTERING_MANAGED_PKG|tdc_tsw
10:43:15.0 (67674421)|ENTERING_MANAGED_PKG|tdc_tsw
10:43:15.0 (68730312)|ENTERING_MANAGED_PKG|tdc_tsw
10:43:15.0 (69478500)|ENTERING_MANAGED_PKG|tdc_tsw
10:43:15.0 (69707296)|ENTERING_MANAGED_PKG|tdc_tsw
10:43:15.0 (70099033)|ENTERING_MANAGED_PKG|tdc_tsw
10:43:15.0 (71153569)|ENTERING_MANAGED_PKG|tdc_tsw
10:43:15.0 (71899921)|ENTERING_MANAGED_PKG|tdc_tsw
10:43:15.0 (72127469)|ENTERING_MANAGED_PKG|tdc_tsw
10:43:15.0 (72508215)|ENTERING_MANAGED_PKG|tdc_tsw
10:43:15.0 (73568480)|ENTERING_MANAGED_PKG|tdc_tsw
10:43:15.0 (74304695)|ENTERING_MANAGED_PKG|tdc_tsw
10:43:15.0 (74532684)|ENTERING_MANAGED_PKG|tdc_tsw
10:43:15.0 (74935860)|ENTERING_MANAGED_PKG|tdc_tsw
10:43:15.0 (76307104)|ENTERING_MANAGED_PKG|tdc_tsw
10:43:15.0 (77047911)|ENTERING_MANAGED_PKG|tdc_tsw
10:43:15.0 (77276780)|ENTERING_MANAGED_PKG|tdc_tsw
10:43:15.0 (77676378)|ENTERING_MANAGED_PKG|tdc_tsw
10:43:15.0 (78752943)|ENTERING_MANAGED_PKG|tdc_tsw
10:43:15.0 (79496760)|ENTERING_MANAGED_PKG|tdc_tsw
10:43:15.0 (79726209)|ENTERING_MANAGED_PKG|tdc_tsw
10:43:15.0 (80116272)|ENTERING_MANAGED_PKG|tdc_tsw
10:43:15.0 (81191791)|ENTERING_MANAGED_PKG|tdc_tsw
10:43:15.0 (81945028)|ENTERING_MANAGED_PKG|tdc_tsw
10:43:15.0 (82173882)|ENTERING_MANAGED_PKG|tdc_tsw
10:43:15.0 (82558852)|ENTERING_MANAGED_PKG|tdc_tsw
10:43:15.0 (83639996)|ENTERING_MANAGED_PKG|tdc_tsw
10:43:15.0 (84384659)|ENTERING_MANAGED_PKG|tdc_tsw
10:43:15.0 (84616141)|ENTERING_MANAGED_PKG|tdc_tsw
10:43:15.0 (85022966)|ENTERING_MANAGED_PKG|tdc_tsw
10:43:15.0 (86092122)|ENTERING_MANAGED_PKG|tdc_tsw
10:43:15.0 (86828929)|ENTERING_MANAGED_PKG|tdc_tsw
10:43:15.0 (87057591)|ENTERING_MANAGED_PKG|tdc_tsw
10:43:15.0 (87464764)|ENTERING_MANAGED_PKG|tdc_tsw
10:43:15.0 (88549905)|ENTERING_MANAGED_PKG|tdc_tsw
10:43:15.0 (89304504)|ENTERING_MANAGED_PKG|tdc_tsw
10:43:15.0 (89533500)|ENTERING_MANAGED_PKG|tdc_tsw
10:43:15.0 (89924772)|ENTERING_MANAGED_PKG|tdc_tsw
10:43:15.0 (90985829)|ENTERING_MANAGED_PKG|tdc_tsw
10:43:15.0 (91726873)|ENTERING_MANAGED_PKG|tdc_tsw
10:43:15.0 (91967535)|ENTERING_MANAGED_PKG|tdc_tsw
10:43:15.0 (92349696)|ENTERING_MANAGED_PKG|tdc_tsw
10:43:15.0 (93406415)|ENTERING_MANAGED_PKG|tdc_tsw
10:43:15.0 (94160459)|ENTERING_MANAGED_PKG|tdc_tsw
10:43:15.0 (94389379)|ENTERING_MANAGED_PKG|tdc_tsw
10:43:15.0 (94771582)|ENTERING_MANAGED_PKG|tdc_tsw
10:43:15.0 (95917831)|ENTERING_MANAGED_PKG|tdc_tsw
10:43:15.0 (96684806)|ENTERING_MANAGED_PKG|tdc_tsw
10:43:15.0 (96939460)|ENTERING_MANAGED_PKG|tdc_tsw
10:43:15.0 (97343565)|ENTERING_MANAGED_PKG|tdc_tsw
10:43:15.0 (98417429)|ENTERING_MANAGED_PKG|tdc_tsw
10:43:15.0 (99186599)|ENTERING_MANAGED_PKG|tdc_tsw
10:43:15.0 (99417783)|ENTERING_MANAGED_PKG|tdc_tsw
10:43:15.0 (99813665)|ENTERING_MANAGED_PKG|tdc_tsw
10:43:15.0 (100882271)|ENTERING_MANAGED_PKG|tdc_tsw
10:43:15.0 (101617491)|ENTERING_MANAGED_PKG|tdc_tsw
10:43:15.0 (101860962)|ENTERING_MANAGED_PKG|tdc_tsw
10:43:15.0 (102246321)|ENTERING_MANAGED_PKG|tdc_tsw
10:43:15.0 (103307120)|ENTERING_MANAGED_PKG|tdc_tsw
10:43:15.0 (104080789)|ENTERING_MANAGED_PKG|tdc_tsw
10:43:15.0 (104309624)|ENTERING_MANAGED_PKG|tdc_tsw
10:43:15.0 (104693159)|ENTERING_MANAGED_PKG|tdc_tsw
10:43:15.0 (105754804)|ENTERING_MANAGED_PKG|tdc_tsw
10:43:15.0 (106495535)|ENTERING_MANAGED_PKG|tdc_tsw
10:43:15.0 (106724836)|ENTERING_MANAGED_PKG|tdc_tsw
10:43:15.0 (107120026)|ENTERING_MANAGED_PKG|tdc_tsw
10:43:15.0 (108183489)|ENTERING_MANAGED_PKG|tdc_tsw
10:43:15.0 (108933435)|ENTERING_MANAGED_PKG|tdc_tsw
10:43:15.0 (109163809)|ENTERING_MANAGED_PKG|tdc_tsw
10:43:15.0 (109550615)|ENTERING_MANAGED_PKG|tdc_tsw
10:43:15.0 (110619534)|ENTERING_MANAGED_PKG|tdc_tsw
10:43:15.0 (111361637)|ENTERING_MANAGED_PKG|tdc_tsw
10:43:15.0 (111589491)|ENTERING_MANAGED_PKG|tdc_tsw
10:43:15.0 (111986385)|ENTERING_MANAGED_PKG|tdc_tsw
10:43:15.0 (113048401)|ENTERING_MANAGED_PKG|tdc_tsw
10:43:15.0 (113782248)|ENTERING_MANAGED_PKG|tdc_tsw
10:43:15.0 (114013621)|ENTERING_MANAGED_PKG|tdc_tsw
10:43:15.0 (114397019)|ENTERING_MANAGED_PKG|tdc_tsw
10:43:15.0 (115453220)|ENTERING_MANAGED_PKG|tdc_tsw
10:43:15.0 (116194584)|ENTERING_MANAGED_PKG|tdc_tsw
10:43:15.0 (116423983)|ENTERING_MANAGED_PKG|tdc_tsw
10:43:15.0 (116814716)|ENTERING_MANAGED_PKG|tdc_tsw
10:43:15.0 (117873068)|ENTERING_MANAGED_PKG|tdc_tsw
10:43:15.0 (118602192)|ENTERING_MANAGED_PKG|tdc_tsw
10:43:15.0 (118838186)|ENTERING_MANAGED_PKG|tdc_tsw
10:43:15.0 (119220117)|ENTERING_MANAGED_PKG|tdc_tsw
10:43:15.0 (120282444)|ENTERING_MANAGED_PKG|tdc_tsw
10:43:15.0 (121026978)|ENTERING_MANAGED_PKG|tdc_tsw
10:43:15.0 (121256884)|ENTERING_MANAGED_PKG|tdc_tsw
10:43:15.0 (121639857)|ENTERING_MANAGED_PKG|tdc_tsw
10:43:15.0 (122698097)|ENTERING_MANAGED_PKG|tdc_tsw
10:43:15.0 (123435937)|ENTERING_MANAGED_PKG|tdc_tsw
10:43:15.0 (123665288)|ENTERING_MANAGED_PKG|tdc_tsw
10:43:15.0 (124053750)|ENTERING_MANAGED_PKG|tdc_tsw
10:43:15.0 (125113995)|ENTERING_MANAGED_PKG|tdc_tsw
10:43:15.0 (125937614)|ENTERING_MANAGED_PKG|tdc_tsw
10:43:15.0 (126167162)|ENTERING_MANAGED_PKG|tdc_tsw
10:43:15.0 (126549440)|ENTERING_MANAGED_PKG|tdc_tsw
10:43:15.0 (127607623)|ENTERING_MANAGED_PKG|tdc_tsw
10:43:15.0 (128345843)|ENTERING_MANAGED_PKG|tdc_tsw
10:43:15.0 (128585355)|ENTERING_MANAGED_PKG|tdc_tsw
10:43:15.0 (128977180)|ENTERING_MANAGED_PKG|tdc_tsw
10:43:15.0 (130030065)|ENTERING_MANAGED_PKG|tdc_tsw
10:43:15.0 (130759911)|ENTERING_MANAGED_PKG|tdc_tsw
10:43:15.0 (130993101)|ENTERING_MANAGED_PKG|tdc_tsw
10:43:15.0 (131376088)|ENTERING_MANAGED_PKG|tdc_tsw
10:43:15.0 (132433492)|ENTERING_MANAGED_PKG|tdc_tsw
10:43:15.0 (133172111)|ENTERING_MANAGED_PKG|tdc_tsw
10:43:15.0 (133401294)|ENTERING_MANAGED_PKG|tdc_tsw
10:43:15.0 (133792835)|ENTERING_MANAGED_PKG|tdc_tsw
10:43:15.0 (134917733)|ENTERING_MANAGED_PKG|tdc_tsw
10:43:15.0 (135651686)|ENTERING_MANAGED_PKG|tdc_tsw
10:43:15.0 (135888801)|ENTERING_MANAGED_PKG|tdc_tsw
10:43:15.0 (136271090)|ENTERING_MANAGED_PKG|tdc_tsw
10:43:15.0 (137329152)|ENTERING_MANAGED_PKG|tdc_tsw
10:43:15.0 (138064441)|ENTERING_MANAGED_PKG|tdc_tsw
10:43:15.0 (138307373)|ENTERING_MANAGED_PKG|tdc_tsw
10:43:15.0 (138690151)|ENTERING_MANAGED_PKG|tdc_tsw
10:43:15.0 (139755599)|ENTERING_MANAGED_PKG|tdc_tsw
10:43:15.0 (140492954)|ENTERING_MANAGED_PKG|tdc_tsw
10:43:15.0 (140721986)|ENTERING_MANAGED_PKG|tdc_tsw
10:43:15.0 (141112520)|ENTERING_MANAGED_PKG|tdc_tsw
10:43:15.0 (142170452)|ENTERING_MANAGED_PKG|tdc_tsw
10:43:15.0 (142903143)|ENTERING_MANAGED_PKG|tdc_tsw
10:43:15.0 (143130274)|ENTERING_MANAGED_PKG|tdc_tsw
10:43:15.0 (143512855)|ENTERING_MANAGED_PKG|tdc_tsw
10:43:15.0 (144588117)|ENTERING_MANAGED_PKG|tdc_tsw
10:43:15.0 (145379908)|ENTERING_MANAGED_PKG|tdc_tsw
10:43:15.0 (145608708)|ENTERING_MANAGED_PKG|tdc_tsw
10:43:15.0 (146001421)|ENTERING_MANAGED_PKG|tdc_tsw
10:43:15.0 (147060285)|ENTERING_MANAGED_PKG|tdc_tsw
10:43:15.0 (147799452)|ENTERING_MANAGED_PKG|tdc_tsw
10:43:15.0 (148027670)|ENTERING_MANAGED_PKG|tdc_tsw
10:43:15.0 (148411228)|ENTERING_MANAGED_PKG|tdc_tsw
10:43:15.0 (149463231)|ENTERING_MANAGED_PKG|tdc_tsw
10:43:15.0 (150203592)|ENTERING_MANAGED_PKG|tdc_tsw
10:43:15.0 (150433251)|ENTERING_MANAGED_PKG|tdc_tsw
10:43:15.0 (150825379)|ENTERING_MANAGED_PKG|tdc_tsw
10:43:15.0 (151887384)|ENTERING_MANAGED_PKG|tdc_tsw
10:43:15.0 (152620779)|ENTERING_MANAGED_PKG|tdc_tsw
10:43:15.0 (152859707)|ENTERING_MANAGED_PKG|tdc_tsw
10:43:15.0 (153243744)|ENTERING_MANAGED_PKG|tdc_tsw
10:43:15.0 (154307952)|ENTERING_MANAGED_PKG|tdc_tsw
10:43:15.0 (155049532)|ENTERING_MANAGED_PKG|tdc_tsw
10:43:15.0 (155278648)|ENTERING_MANAGED_PKG|tdc_tsw
10:43:15.0 (155811649)|ENTERING_MANAGED_PKG|tdc_tsw
10:43:15.0 (156875647)|ENTERING_MANAGED_PKG|tdc_tsw
10:43:15.0 (157618874)|ENTERING_MANAGED_PKG|tdc_tsw
10:43:15.0 (157856631)|ENTERING_MANAGED_PKG|tdc_tsw
10:43:15.0 (158238195)|ENTERING_MANAGED_PKG|tdc_tsw
10:43:15.0 (159290563)|ENTERING_MANAGED_PKG|tdc_tsw
10:43:15.0 (160028400)|ENTERING_MANAGED_PKG|tdc_tsw
10:43:15.0 (160257051)|ENTERING_MANAGED_PKG|tdc_tsw
10:43:15.0 (160640385)|ENTERING_MANAGED_PKG|tdc_tsw
10:43:15.0 (161706868)|ENTERING_MANAGED_PKG|tdc_tsw
10:43:15.0 (162460121)|ENTERING_MANAGED_PKG|tdc_tsw
10:43:15.0 (162688395)|ENTERING_MANAGED_PKG|tdc_tsw
10:43:15.0 (163150111)|ENTERING_MANAGED_PKG|tdc_tsw
10:43:15.0 (164262307)|ENTERING_MANAGED_PKG|tdc_tsw
10:43:15.0 (165001735)|ENTERING_MANAGED_PKG|tdc_tsw
10:43:15.0 (165231949)|ENTERING_MANAGED_PKG|tdc_tsw
10:43:15.0 (165616147)|ENTERING_MANAGED_PKG|tdc_tsw
10:43:15.0 (166792172)|ENTERING_MANAGED_PKG|tdc_tsw
10:43:15.0 (167549014)|ENTERING_MANAGED_PKG|tdc_tsw
10:43:15.0 (167786217)|ENTERING_MANAGED_PKG|tdc_tsw
10:43:15.0 (168171762)|ENTERING_MANAGED_PKG|tdc_tsw
10:43:15.0 (169233300)|ENTERING_MANAGED_PKG|tdc_tsw
10:43:15.0 (169976572)|ENTERING_MANAGED_PKG|tdc_tsw
10:43:15.0 (170205203)|ENTERING_MANAGED_PKG|tdc_tsw
10:43:15.0 (170588050)|ENTERING_MANAGED_PKG|tdc_tsw
10:43:15.0 (171651265)|ENTERING_MANAGED_PKG|tdc_tsw
10:43:15.0 (172387820)|ENTERING_MANAGED_PKG|tdc_tsw
10:43:15.0 (172617608)|ENTERING_MANAGED_PKG|tdc_tsw
10:43:15.0 (173006201)|ENTERING_MANAGED_PKG|tdc_tsw
10:43:15.0 (174063213)|ENTERING_MANAGED_PKG|tdc_tsw
10:43:15.0 (174866766)|ENTERING_MANAGED_PKG|tdc_tsw
10:43:15.0 (175096724)|ENTERING_MANAGED_PKG|tdc_tsw
10:43:15.0 (175479068)|ENTERING_MANAGED_PKG|tdc_tsw
10:43:15.0 (176589315)|ENTERING_MANAGED_PKG|tdc_tsw
10:43:15.0 (177329537)|ENTERING_MANAGED_PKG|tdc_tsw
10:43:15.0 (177558162)|ENTERING_MANAGED_PKG|tdc_tsw
10:43:15.0 (177949278)|ENTERING_MANAGED_PKG|tdc_tsw
10:43:15.0 (179006729)|ENTERING_MANAGED_PKG|tdc_tsw
10:43:15.0 (179737487)|ENTERING_MANAGED_PKG|tdc_tsw
10:43:15.0 (179971685)|ENTERING_MANAGED_PKG|tdc_tsw
10:43:15.0 (180352277)|ENTERING_MANAGED_PKG|tdc_tsw
10:43:15.0 (181406966)|ENTERING_MANAGED_PKG|tdc_tsw
10:43:15.0 (182140305)|ENTERING_MANAGED_PKG|tdc_tsw
10:43:15.0 (182368646)|ENTERING_MANAGED_PKG|tdc_tsw
10:43:15.0 (182750593)|ENTERING_MANAGED_PKG|tdc_tsw
10:43:15.0 (183815406)|ENTERING_MANAGED_PKG|tdc_tsw
10:43:15.0 (184541017)|ENTERING_MANAGED_PKG|tdc_tsw
10:43:15.0 (184770037)|ENTERING_MANAGED_PKG|tdc_tsw
10:43:15.0 (185160173)|ENTERING_MANAGED_PKG|tdc_tsw
10:43:15.0 (186217170)|ENTERING_MANAGED_PKG|tdc_tsw
10:43:15.0 (186951096)|ENTERING_MANAGED_PKG|tdc_tsw
10:43:15.0 (187178755)|ENTERING_MANAGED_PKG|tdc_tsw
10:43:15.0 (187559098)|ENTERING_MANAGED_PKG|tdc_tsw
10:43:15.0 (188614275)|ENTERING_MANAGED_PKG|tdc_tsw
10:43:15.0 (189373453)|ENTERING_MANAGED_PKG|tdc_tsw
10:43:15.0 (189602099)|ENTERING_MANAGED_PKG|tdc_tsw
10:43:15.0 (190016581)|ENTERING_MANAGED_PKG|tdc_tsw
10:43:15.0 (191079468)|ENTERING_MANAGED_PKG|tdc_tsw
10:43:15.0 (191816188)|ENTERING_MANAGED_PKG|tdc_tsw
10:43:15.0 (192044040)|ENTERING_MANAGED_PKG|tdc_tsw
10:43:15.0 (192429845)|ENTERING_MANAGED_PKG|tdc_tsw
10:43:15.0 (193484467)|ENTERING_MANAGED_PKG|tdc_tsw
10:43:15.0 (194225632)|ENTERING_MANAGED_PKG|tdc_tsw
10:43:15.0 (194431421)|ENTERING_MANAGED_PKG|tdc_tsw
10:43:15.0 (194840280)|ENTERING_MANAGED_PKG|tdc_tsw
10:43:15.0 (195907949)|ENTERING_MANAGED_PKG|tdc_tsw
10:43:15.0 (196647780)|ENTERING_MANAGED_PKG|tdc_tsw
10:43:15.0 (196886110)|ENTERING_MANAGED_PKG|tdc_tsw
10:43:15.0 (197268316)|ENTERING_MANAGED_PKG|tdc_tsw
10:43:15.0 (198386939)|ENTERING_MANAGED_PKG|tdc_tsw
10:43:15.0 (199344730)|ENTERING_MANAGED_PKG|tdc_tsw
10:43:15.0 (199412495)|ENTERING_MANAGED_PKG|tdc_tsw
10:43:15.0 (200011425)|SOQL_EXECUTE_BEGIN|[200]|Aggregations:0|SELECT Name, NamespacePrefix, SystemModStamp FROM StaticResource WHERE Name LIKE :tmpVar1 LIMIT 10
10:43:15.0 (203594556)|SOQL_EXECUTE_END|[200]|Rows:1
10:43:15.0 (204415254)|ENTERING_MANAGED_PKG|tdc_tsw
10:43:15.0 (204780673)|SOQL_EXECUTE_BEGIN|[200]|Aggregations:0|SELECT Name, NamespacePrefix, SystemModStamp FROM StaticResource WHERE Name LIKE :tmpVar1 LIMIT 10
10:43:15.0 (207085611)|SOQL_EXECUTE_END|[200]|Rows:1
10:43:15.0 (207530080)|ENTERING_MANAGED_PKG|tdc_tsw
10:43:15.0 (210633983)|ENTERING_MANAGED_PKG|tdc_tsw
10:43:15.0 (211991105)|ENTERING_MANAGED_PKG|tdc_tsw
10:43:15.0 (212291528)|ENTERING_MANAGED_PKG|tdc_tsw
10:43:15.0 (213216654)|ENTERING_MANAGED_PKG|tdc_tsw
10:43:15.0 (213690663)|SOQL_EXECUTE_BEGIN|[200]|Aggregations:0|SELECT Name, NamespacePrefix, SystemModStamp FROM StaticResource WHERE Name LIKE :tmpVar1 LIMIT 10
10:43:15.0 (216600641)|SOQL_EXECUTE_END|[200]|Rows:1
10:43:15.226 (226869565)|USER_INFO|[EXTERNAL]|0051H000009gxp8|chanida.dev2@solvedbysoftwareco.com|Eastern Standard Time|GMT-05:00
10:43:15.226 (228747300)|ENTERING_MANAGED_PKG|tdc_tsw
10:43:15.226 (228954426)|ENTERING_MANAGED_PKG|tdc_tsw
10:43:15.226 (231413396)|SOQL_EXECUTE_BEGIN|[355]|Aggregations:0|SELECT id, name, Disable_Incoming_SMS_Sharing__c FROM User WHERE id = :tmpVar1
10:43:15.226 (237519685)|SOQL_EXECUTE_END|[355]|Rows:1
10:43:15.226 (238577118)|SOQL_EXECUTE_BEGIN|[367]|Aggregations:0|SELECT CreatedDate,Id,LastModifiedDate,Related_Object_Id__c FROM Message__c WHERE Name = 'Incoming' AND Read__c = false ORDER BY CreatedDate Desc limit 100
10:43:15.226 (246722186)|SOQL_EXECUTE_END|[367]|Rows:100
