44.0 APEX_CODE,FINEST;APEX_PROFILING,INFO;CALLOUT,INFO;DB,INFO;NBA,INFO;SYSTEM,DEBUG;VALIDATION,INFO;VISUALFORCE,INFO;WAVE,INFO;WORKFLOW,INFO
20:35:11.0 (108138)|USER_INFO|[EXTERNAL]|0051H000009gxp8|chanida.dev2@solvedbysoftwareco.com|Eastern Standard Time|GMT-05:00
20:35:11.0 (2346880)|ENTERING_MANAGED_PKG|tdc_tsw
20:35:11.0 (2509846)|ENTERING_MANAGED_PKG|tdc_tsw
20:35:11.0 (3035228)|ENTERING_MANAGED_PKG|tdc_tsw
20:35:11.0 (3077640)|ENTERING_MANAGED_PKG|tdc_tsw
20:35:11.0 (3854614)|ENTERING_MANAGED_PKG|tdc_tsw
20:35:11.0 (4733287)|ENTERING_MANAGED_PKG|tdc_tsw
20:35:11.0 (6206555)|ENTERING_MANAGED_PKG|tdc_tsw
20:35:11.0 (6283321)|ENTERING_MANAGED_PKG|tdc_tsw
20:35:11.0 (7450526)|ENTERING_MANAGED_PKG|tdc_tsw
20:35:11.0 (16557960)|SOQL_EXECUTE_BEGIN|[82]|Aggregations:0|SELECT CreatedDate, Id,Task_Created__c,Event_Created__c,isCaseCreated__c,Task_Id__c,Event_Id__c,Case__c, Important__c, Delivered__c, Message_Text_New__c, Name, Owner.Name, Read__c,MessageId__c, ToNumber__c, Related_Object_Id__c, Related_Object__c, Sender_Number__c, LastModifiedDate, Attachments_Ids__c FROM Message__c WHERE Contact__c =: recordId ORDER BY CreatedDate Desc limit 200
20:35:11.0 (29363018)|SOQL_EXECUTE_END|[82]|Rows:2
20:35:11.0 (30889510)|ENTERING_MANAGED_PKG|tdc_tsw
20:35:11.0 (31175268)|ENTERING_MANAGED_PKG|tdc_tsw
20:35:11.0 (31257110)|ENTERING_MANAGED_PKG|tdc_tsw
20:35:11.0 (31842516)|SOQL_EXECUTE_BEGIN|[200]|Aggregations:0|SELECT Name, NamespacePrefix, SystemModStamp FROM StaticResource WHERE Name LIKE :tmpVar1 LIMIT 10
20:35:11.0 (34462581)|SOQL_EXECUTE_END|[200]|Rows:1
20:35:11.0 (36478839)|ENTERING_MANAGED_PKG|tdc_tsw
20:35:11.0 (38118033)|ENTERING_MANAGED_PKG|tdc_tsw
20:35:11.0 (38179551)|ENTERING_MANAGED_PKG|tdc_tsw
20:35:11.0 (40406163)|ENTERING_MANAGED_PKG|tdc_tsw
20:35:11.0 (41225335)|ENTERING_MANAGED_PKG|tdc_tsw
20:35:11.0 (45580850)|SOQL_EXECUTE_BEGIN|[172]|Aggregations:0|SELECT id, name FROM ChatTranscript__c WHERE (Chat_Active__c = TRUE AND (Related_Object_Id__c = :tmpVar1 OR Related_Object_Id__c = :tmpVar2)) LIMIT 1
20:35:11.0 (48741526)|SOQL_EXECUTE_END|[172]|Rows:0
20:35:11.0 (49071644)|ENTERING_MANAGED_PKG|tdc_tsw
20:35:11.0 (49108037)|ENTERING_MANAGED_PKG|tdc_tsw
