44.0 APEX_CODE,FINEST;APEX_PROFILING,INFO;CALLOUT,INFO;DB,INFO;NBA,INFO;SYSTEM,DEBUG;VALIDATION,INFO;VISUALFORCE,INFO;WAVE,INFO;WORKFLOW,INFO
23:44:42.0 (184245)|USER_INFO|[EXTERNAL]|0051H000009gxp8|chanida.dev2@solvedbysoftwareco.com|Eastern Standard Time|GMT-05:00
23:44:42.0 (1936221)|ENTERING_MANAGED_PKG|tdc_tsw
23:44:42.0 (2551493)|ENTERING_MANAGED_PKG|tdc_tsw
23:44:42.0 (7013808)|SOQL_EXECUTE_BEGIN|[16]|Aggregations:0|SELECT id, name, Disable_Incoming_SMS_Sharing__c FROM User WHERE id = :tmpVar1
23:44:42.0 (13783701)|SOQL_EXECUTE_END|[16]|Rows:1
23:44:42.0 (19336405)|SOQL_EXECUTE_BEGIN|[37]|Aggregations:0|SELECT CreatedDate,Created_Date__c,Id,LastModifiedDate,MessageId__c,Message_Text_New__c,Name,OwnerId,Read__c,Related_Object_Id__c,Related_Object__c,Sender_Number__c, Sender_Name__c,ToNumber__c,Attachments_Ids__c FROM Message__c WHERE Name = 'Incoming' AND Read__c = false ORDER BY CreatedDate Desc limit 100
23:44:42.0 (35492555)|SOQL_EXECUTE_END|[37]|Rows:100
23:44:42.0 (53843892)|ENTERING_MANAGED_PKG|tdc_tsw
23:44:42.0 (55648692)|ENTERING_MANAGED_PKG|tdc_tsw
23:44:42.0 (56152534)|ENTERING_MANAGED_PKG|tdc_tsw
23:44:42.0 (56846426)|ENTERING_MANAGED_PKG|tdc_tsw
23:44:42.0 (59670699)|ENTERING_MANAGED_PKG|tdc_tsw
23:44:42.0 (60534570)|ENTERING_MANAGED_PKG|tdc_tsw
23:44:42.0 (60774859)|ENTERING_MANAGED_PKG|tdc_tsw
23:44:42.0 (61219451)|ENTERING_MANAGED_PKG|tdc_tsw
23:44:42.0 (62396912)|ENTERING_MANAGED_PKG|tdc_tsw
23:44:42.0 (63211557)|ENTERING_MANAGED_PKG|tdc_tsw
23:44:42.0 (63473589)|ENTERING_MANAGED_PKG|tdc_tsw
23:44:42.0 (63927717)|ENTERING_MANAGED_PKG|tdc_tsw
23:44:42.0 (65093399)|ENTERING_MANAGED_PKG|tdc_tsw
23:44:42.0 (65951936)|ENTERING_MANAGED_PKG|tdc_tsw
23:44:42.0 (66197206)|ENTERING_MANAGED_PKG|tdc_tsw
23:44:42.0 (66622713)|ENTERING_MANAGED_PKG|tdc_tsw
23:44:42.0 (67813725)|ENTERING_MANAGED_PKG|tdc_tsw
23:44:42.0 (68627371)|ENTERING_MANAGED_PKG|tdc_tsw
23:44:42.0 (68874163)|ENTERING_MANAGED_PKG|tdc_tsw
23:44:42.0 (69341402)|ENTERING_MANAGED_PKG|tdc_tsw
23:44:42.0 (70580768)|ENTERING_MANAGED_PKG|tdc_tsw
23:44:42.0 (71415116)|ENTERING_MANAGED_PKG|tdc_tsw
23:44:42.0 (71671051)|ENTERING_MANAGED_PKG|tdc_tsw
23:44:42.0 (72106279)|ENTERING_MANAGED_PKG|tdc_tsw
23:44:42.0 (73257475)|ENTERING_MANAGED_PKG|tdc_tsw
23:44:42.0 (74102242)|ENTERING_MANAGED_PKG|tdc_tsw
23:44:42.0 (74394300)|ENTERING_MANAGED_PKG|tdc_tsw
23:44:42.0 (74868554)|ENTERING_MANAGED_PKG|tdc_tsw
23:44:42.0 (76086352)|ENTERING_MANAGED_PKG|tdc_tsw
23:44:42.0 (76904001)|ENTERING_MANAGED_PKG|tdc_tsw
23:44:42.0 (77173635)|ENTERING_MANAGED_PKG|tdc_tsw
23:44:42.0 (77619977)|ENTERING_MANAGED_PKG|tdc_tsw
23:44:42.0 (78823196)|ENTERING_MANAGED_PKG|tdc_tsw
23:44:42.0 (79690791)|ENTERING_MANAGED_PKG|tdc_tsw
23:44:42.0 (79933934)|ENTERING_MANAGED_PKG|tdc_tsw
23:44:42.0 (80383486)|ENTERING_MANAGED_PKG|tdc_tsw
23:44:42.0 (81599914)|ENTERING_MANAGED_PKG|tdc_tsw
23:44:42.0 (82761753)|ENTERING_MANAGED_PKG|tdc_tsw
23:44:42.0 (83112486)|ENTERING_MANAGED_PKG|tdc_tsw
23:44:42.0 (83839544)|ENTERING_MANAGED_PKG|tdc_tsw
23:44:42.0 (85470171)|ENTERING_MANAGED_PKG|tdc_tsw
23:44:42.0 (86360298)|ENTERING_MANAGED_PKG|tdc_tsw
23:44:42.0 (86612755)|ENTERING_MANAGED_PKG|tdc_tsw
23:44:42.0 (87043782)|ENTERING_MANAGED_PKG|tdc_tsw
23:44:42.0 (88207729)|ENTERING_MANAGED_PKG|tdc_tsw
23:44:42.0 (89339339)|ENTERING_MANAGED_PKG|tdc_tsw
23:44:42.0 (89630686)|ENTERING_MANAGED_PKG|tdc_tsw
23:44:42.0 (90053771)|ENTERING_MANAGED_PKG|tdc_tsw
23:44:42.0 (91229053)|ENTERING_MANAGED_PKG|tdc_tsw
23:44:42.0 (92052138)|ENTERING_MANAGED_PKG|tdc_tsw
23:44:42.0 (92289701)|ENTERING_MANAGED_PKG|tdc_tsw
23:44:42.0 (92753946)|ENTERING_MANAGED_PKG|tdc_tsw
23:44:42.0 (93981280)|ENTERING_MANAGED_PKG|tdc_tsw
23:44:42.0 (94822004)|ENTERING_MANAGED_PKG|tdc_tsw
23:44:42.0 (95069448)|ENTERING_MANAGED_PKG|tdc_tsw
23:44:42.0 (95511078)|ENTERING_MANAGED_PKG|tdc_tsw
23:44:42.0 (96708509)|ENTERING_MANAGED_PKG|tdc_tsw
23:44:42.0 (97488506)|ENTERING_MANAGED_PKG|tdc_tsw
23:44:42.0 (97762304)|ENTERING_MANAGED_PKG|tdc_tsw
23:44:42.0 (98194247)|ENTERING_MANAGED_PKG|tdc_tsw
23:44:42.0 (99344893)|ENTERING_MANAGED_PKG|tdc_tsw
23:44:42.0 (100137264)|ENTERING_MANAGED_PKG|tdc_tsw
23:44:42.0 (100392068)|ENTERING_MANAGED_PKG|tdc_tsw
23:44:42.0 (100816348)|ENTERING_MANAGED_PKG|tdc_tsw
23:44:42.0 (101983839)|ENTERING_MANAGED_PKG|tdc_tsw
23:44:42.0 (102815260)|ENTERING_MANAGED_PKG|tdc_tsw
23:44:42.0 (103073527)|ENTERING_MANAGED_PKG|tdc_tsw
23:44:42.0 (103485234)|ENTERING_MANAGED_PKG|tdc_tsw
23:44:42.0 (104663516)|ENTERING_MANAGED_PKG|tdc_tsw
23:44:42.0 (105490435)|ENTERING_MANAGED_PKG|tdc_tsw
23:44:42.0 (105748634)|ENTERING_MANAGED_PKG|tdc_tsw
23:44:42.0 (106159420)|ENTERING_MANAGED_PKG|tdc_tsw
23:44:42.0 (107317711)|ENTERING_MANAGED_PKG|tdc_tsw
23:44:42.0 (108153186)|ENTERING_MANAGED_PKG|tdc_tsw
23:44:42.0 (108392493)|ENTERING_MANAGED_PKG|tdc_tsw
23:44:42.0 (108813710)|ENTERING_MANAGED_PKG|tdc_tsw
23:44:42.0 (109956638)|ENTERING_MANAGED_PKG|tdc_tsw
23:44:42.0 (110747970)|ENTERING_MANAGED_PKG|tdc_tsw
23:44:42.0 (110987283)|ENTERING_MANAGED_PKG|tdc_tsw
23:44:42.0 (111412636)|ENTERING_MANAGED_PKG|tdc_tsw
23:44:42.0 (112576027)|ENTERING_MANAGED_PKG|tdc_tsw
23:44:42.0 (113431592)|ENTERING_MANAGED_PKG|tdc_tsw
23:44:42.0 (113681816)|ENTERING_MANAGED_PKG|tdc_tsw
23:44:42.0 (114107880)|ENTERING_MANAGED_PKG|tdc_tsw
23:44:42.0 (115238219)|ENTERING_MANAGED_PKG|tdc_tsw
23:44:42.0 (116059046)|ENTERING_MANAGED_PKG|tdc_tsw
23:44:42.0 (116299677)|ENTERING_MANAGED_PKG|tdc_tsw
23:44:42.0 (116721926)|ENTERING_MANAGED_PKG|tdc_tsw
23:44:42.0 (117928429)|ENTERING_MANAGED_PKG|tdc_tsw
23:44:42.0 (118726539)|ENTERING_MANAGED_PKG|tdc_tsw
23:44:42.0 (118966512)|ENTERING_MANAGED_PKG|tdc_tsw
23:44:42.0 (119380563)|ENTERING_MANAGED_PKG|tdc_tsw
23:44:42.0 (120557579)|ENTERING_MANAGED_PKG|tdc_tsw
23:44:42.0 (121340011)|ENTERING_MANAGED_PKG|tdc_tsw
23:44:42.0 (121603859)|ENTERING_MANAGED_PKG|tdc_tsw
23:44:42.0 (122036611)|ENTERING_MANAGED_PKG|tdc_tsw
23:44:42.0 (123195264)|ENTERING_MANAGED_PKG|tdc_tsw
23:44:42.0 (124018710)|ENTERING_MANAGED_PKG|tdc_tsw
23:44:42.0 (124258605)|ENTERING_MANAGED_PKG|tdc_tsw
23:44:42.0 (124679692)|ENTERING_MANAGED_PKG|tdc_tsw
23:44:42.0 (125810742)|ENTERING_MANAGED_PKG|tdc_tsw
23:44:42.0 (126615743)|ENTERING_MANAGED_PKG|tdc_tsw
23:44:42.0 (126855383)|ENTERING_MANAGED_PKG|tdc_tsw
23:44:42.0 (127263465)|ENTERING_MANAGED_PKG|tdc_tsw
23:44:42.0 (128445758)|ENTERING_MANAGED_PKG|tdc_tsw
23:44:42.0 (129248994)|ENTERING_MANAGED_PKG|tdc_tsw
23:44:42.0 (129524475)|ENTERING_MANAGED_PKG|tdc_tsw
23:44:42.0 (129948868)|ENTERING_MANAGED_PKG|tdc_tsw
23:44:42.0 (131114598)|ENTERING_MANAGED_PKG|tdc_tsw
23:44:42.0 (131942030)|ENTERING_MANAGED_PKG|tdc_tsw
23:44:42.0 (132217024)|ENTERING_MANAGED_PKG|tdc_tsw
23:44:42.0 (132667686)|ENTERING_MANAGED_PKG|tdc_tsw
23:44:42.0 (133842287)|ENTERING_MANAGED_PKG|tdc_tsw
23:44:42.0 (134648631)|ENTERING_MANAGED_PKG|tdc_tsw
23:44:42.0 (134958063)|ENTERING_MANAGED_PKG|tdc_tsw
23:44:42.0 (135388474)|ENTERING_MANAGED_PKG|tdc_tsw
23:44:42.0 (136578984)|ENTERING_MANAGED_PKG|tdc_tsw
23:44:42.0 (137370553)|ENTERING_MANAGED_PKG|tdc_tsw
23:44:42.0 (137620806)|ENTERING_MANAGED_PKG|tdc_tsw
23:44:42.0 (138074611)|ENTERING_MANAGED_PKG|tdc_tsw
23:44:42.0 (139256988)|ENTERING_MANAGED_PKG|tdc_tsw
23:44:42.0 (140099142)|ENTERING_MANAGED_PKG|tdc_tsw
23:44:42.0 (140359947)|ENTERING_MANAGED_PKG|tdc_tsw
23:44:42.0 (140804559)|ENTERING_MANAGED_PKG|tdc_tsw
23:44:42.0 (141950000)|ENTERING_MANAGED_PKG|tdc_tsw
23:44:42.0 (142812490)|ENTERING_MANAGED_PKG|tdc_tsw
23:44:42.0 (143053263)|ENTERING_MANAGED_PKG|tdc_tsw
23:44:42.0 (143464008)|ENTERING_MANAGED_PKG|tdc_tsw
23:44:42.0 (144662978)|ENTERING_MANAGED_PKG|tdc_tsw
23:44:42.0 (145472300)|ENTERING_MANAGED_PKG|tdc_tsw
23:44:42.0 (145718662)|ENTERING_MANAGED_PKG|tdc_tsw
23:44:42.0 (146170525)|ENTERING_MANAGED_PKG|tdc_tsw
23:44:42.0 (147354005)|ENTERING_MANAGED_PKG|tdc_tsw
23:44:42.0 (148191135)|ENTERING_MANAGED_PKG|tdc_tsw
23:44:42.0 (148451433)|ENTERING_MANAGED_PKG|tdc_tsw
23:44:42.0 (148893778)|ENTERING_MANAGED_PKG|tdc_tsw
23:44:42.0 (150096418)|ENTERING_MANAGED_PKG|tdc_tsw
23:44:42.0 (150930066)|ENTERING_MANAGED_PKG|tdc_tsw
23:44:42.0 (151172606)|ENTERING_MANAGED_PKG|tdc_tsw
23:44:42.0 (151603703)|ENTERING_MANAGED_PKG|tdc_tsw
23:44:42.0 (152789584)|ENTERING_MANAGED_PKG|tdc_tsw
23:44:42.0 (153605919)|ENTERING_MANAGED_PKG|tdc_tsw
23:44:42.0 (153846194)|ENTERING_MANAGED_PKG|tdc_tsw
23:44:42.0 (154306195)|ENTERING_MANAGED_PKG|tdc_tsw
23:44:42.0 (155454940)|ENTERING_MANAGED_PKG|tdc_tsw
23:44:42.0 (156249074)|ENTERING_MANAGED_PKG|tdc_tsw
23:44:42.0 (156517843)|ENTERING_MANAGED_PKG|tdc_tsw
23:44:42.0 (156943574)|ENTERING_MANAGED_PKG|tdc_tsw
23:44:42.0 (158112597)|ENTERING_MANAGED_PKG|tdc_tsw
23:44:42.0 (158931026)|ENTERING_MANAGED_PKG|tdc_tsw
23:44:42.0 (159194712)|ENTERING_MANAGED_PKG|tdc_tsw
23:44:42.0 (159625684)|ENTERING_MANAGED_PKG|tdc_tsw
23:44:42.0 (160816430)|ENTERING_MANAGED_PKG|tdc_tsw
23:44:42.0 (161665046)|ENTERING_MANAGED_PKG|tdc_tsw
23:44:42.0 (161936315)|ENTERING_MANAGED_PKG|tdc_tsw
23:44:42.0 (162369187)|ENTERING_MANAGED_PKG|tdc_tsw
23:44:42.0 (163540108)|ENTERING_MANAGED_PKG|tdc_tsw
23:44:42.0 (164352981)|ENTERING_MANAGED_PKG|tdc_tsw
23:44:42.0 (164602278)|ENTERING_MANAGED_PKG|tdc_tsw
23:44:42.0 (165018132)|ENTERING_MANAGED_PKG|tdc_tsw
23:44:42.0 (166227054)|ENTERING_MANAGED_PKG|tdc_tsw
23:44:42.0 (167026595)|ENTERING_MANAGED_PKG|tdc_tsw
23:44:42.0 (167263862)|ENTERING_MANAGED_PKG|tdc_tsw
23:44:42.0 (167696618)|ENTERING_MANAGED_PKG|tdc_tsw
23:44:42.0 (168882598)|ENTERING_MANAGED_PKG|tdc_tsw
23:44:42.0 (169718656)|ENTERING_MANAGED_PKG|tdc_tsw
23:44:42.0 (169958968)|ENTERING_MANAGED_PKG|tdc_tsw
23:44:42.0 (170438310)|ENTERING_MANAGED_PKG|tdc_tsw
23:44:42.0 (171642835)|ENTERING_MANAGED_PKG|tdc_tsw
23:44:42.0 (172435171)|ENTERING_MANAGED_PKG|tdc_tsw
23:44:42.0 (172683799)|ENTERING_MANAGED_PKG|tdc_tsw
23:44:42.0 (173120505)|ENTERING_MANAGED_PKG|tdc_tsw
23:44:42.0 (174268443)|ENTERING_MANAGED_PKG|tdc_tsw
23:44:42.0 (175100264)|ENTERING_MANAGED_PKG|tdc_tsw
23:44:42.0 (175338503)|ENTERING_MANAGED_PKG|tdc_tsw
23:44:42.0 (175767909)|ENTERING_MANAGED_PKG|tdc_tsw
23:44:42.0 (176975855)|ENTERING_MANAGED_PKG|tdc_tsw
23:44:42.0 (177768603)|ENTERING_MANAGED_PKG|tdc_tsw
23:44:42.0 (178007999)|ENTERING_MANAGED_PKG|tdc_tsw
23:44:42.0 (178426286)|ENTERING_MANAGED_PKG|tdc_tsw
23:44:42.0 (179659407)|ENTERING_MANAGED_PKG|tdc_tsw
23:44:42.0 (180458566)|ENTERING_MANAGED_PKG|tdc_tsw
23:44:42.0 (180731062)|ENTERING_MANAGED_PKG|tdc_tsw
23:44:42.0 (181148332)|ENTERING_MANAGED_PKG|tdc_tsw
23:44:42.0 (182313138)|ENTERING_MANAGED_PKG|tdc_tsw
23:44:42.0 (183123475)|ENTERING_MANAGED_PKG|tdc_tsw
23:44:42.0 (183362262)|ENTERING_MANAGED_PKG|tdc_tsw
23:44:42.0 (183802198)|ENTERING_MANAGED_PKG|tdc_tsw
23:44:42.0 (184963869)|ENTERING_MANAGED_PKG|tdc_tsw
23:44:42.0 (186027416)|ENTERING_MANAGED_PKG|tdc_tsw
23:44:42.0 (186394685)|ENTERING_MANAGED_PKG|tdc_tsw
23:44:42.0 (187074637)|ENTERING_MANAGED_PKG|tdc_tsw
23:44:42.0 (188901401)|ENTERING_MANAGED_PKG|tdc_tsw
23:44:42.0 (189934066)|ENTERING_MANAGED_PKG|tdc_tsw
23:44:42.0 (190195243)|ENTERING_MANAGED_PKG|tdc_tsw
23:44:42.0 (190626275)|ENTERING_MANAGED_PKG|tdc_tsw
23:44:42.0 (191814862)|ENTERING_MANAGED_PKG|tdc_tsw
23:44:42.0 (192616500)|ENTERING_MANAGED_PKG|tdc_tsw
23:44:42.0 (192856612)|ENTERING_MANAGED_PKG|tdc_tsw
23:44:42.0 (193293719)|ENTERING_MANAGED_PKG|tdc_tsw
23:44:42.0 (194470622)|ENTERING_MANAGED_PKG|tdc_tsw
23:44:42.0 (195270609)|ENTERING_MANAGED_PKG|tdc_tsw
23:44:42.0 (195523214)|ENTERING_MANAGED_PKG|tdc_tsw
23:44:42.0 (195943972)|ENTERING_MANAGED_PKG|tdc_tsw
23:44:42.0 (197137393)|ENTERING_MANAGED_PKG|tdc_tsw
23:44:42.0 (197960076)|ENTERING_MANAGED_PKG|tdc_tsw
23:44:42.0 (198262454)|ENTERING_MANAGED_PKG|tdc_tsw
23:44:42.0 (198717971)|ENTERING_MANAGED_PKG|tdc_tsw
23:44:42.0 (199901786)|ENTERING_MANAGED_PKG|tdc_tsw
23:44:42.0 (200723368)|ENTERING_MANAGED_PKG|tdc_tsw
23:44:42.0 (200979767)|ENTERING_MANAGED_PKG|tdc_tsw
23:44:42.0 (201420178)|ENTERING_MANAGED_PKG|tdc_tsw
23:44:42.0 (206249240)|ENTERING_MANAGED_PKG|tdc_tsw
23:44:42.0 (207048955)|ENTERING_MANAGED_PKG|tdc_tsw
23:44:42.0 (207125925)|ENTERING_MANAGED_PKG|tdc_tsw
23:44:42.0 (207646426)|SOQL_EXECUTE_BEGIN|[200]|Aggregations:0|SELECT Name, NamespacePrefix, SystemModStamp FROM StaticResource WHERE Name LIKE :tmpVar1 LIMIT 10
23:44:42.0 (210181650)|SOQL_EXECUTE_END|[200]|Rows:1
23:44:42.0 (210993866)|ENTERING_MANAGED_PKG|tdc_tsw
23:44:42.0 (211353087)|SOQL_EXECUTE_BEGIN|[200]|Aggregations:0|SELECT Name, NamespacePrefix, SystemModStamp FROM StaticResource WHERE Name LIKE :tmpVar1 LIMIT 10
23:44:42.0 (213880515)|SOQL_EXECUTE_END|[200]|Rows:1
23:44:42.0 (214290730)|ENTERING_MANAGED_PKG|tdc_tsw
23:44:42.0 (229863440)|ENTERING_MANAGED_PKG|tdc_tsw
23:44:42.0 (231522481)|ENTERING_MANAGED_PKG|tdc_tsw
23:44:42.0 (231844055)|ENTERING_MANAGED_PKG|tdc_tsw
23:44:42.0 (232792995)|ENTERING_MANAGED_PKG|tdc_tsw
23:44:42.0 (233184674)|SOQL_EXECUTE_BEGIN|[200]|Aggregations:0|SELECT Name, NamespacePrefix, SystemModStamp FROM StaticResource WHERE Name LIKE :tmpVar1 LIMIT 10
23:44:42.0 (235710835)|SOQL_EXECUTE_END|[200]|Rows:1
23:44:42.252 (252850088)|USER_INFO|[EXTERNAL]|0051H000009gxp8|chanida.dev2@solvedbysoftwareco.com|Eastern Standard Time|GMT-05:00
23:44:42.252 (254442950)|ENTERING_MANAGED_PKG|tdc_tsw
23:44:42.252 (254671180)|ENTERING_MANAGED_PKG|tdc_tsw
23:44:42.252 (257096757)|SOQL_EXECUTE_BEGIN|[355]|Aggregations:0|SELECT id, name, Disable_Incoming_SMS_Sharing__c FROM User WHERE id = :tmpVar1
23:44:42.252 (262828056)|SOQL_EXECUTE_END|[355]|Rows:1
23:44:42.252 (263802447)|SOQL_EXECUTE_BEGIN|[367]|Aggregations:0|SELECT CreatedDate,Id,LastModifiedDate,Related_Object_Id__c FROM Message__c WHERE Name = 'Incoming' AND Read__c = false ORDER BY CreatedDate Desc limit 100
23:44:42.252 (271855145)|SOQL_EXECUTE_END|[367]|Rows:100
