44.0 APEX_CODE,FINEST;APEX_PROFILING,INFO;CALLOUT,INFO;DB,INFO;NBA,INFO;SYSTEM,DEBUG;VALIDATION,INFO;VISUALFORCE,INFO;WAVE,INFO;WORKFLOW,INFO
22:52:47.0 (198159)|USER_INFO|[EXTERNAL]|0051H000009gxp8|chanida.dev2@solvedbysoftwareco.com|Eastern Standard Time|GMT-05:00
22:52:47.0 (1939901)|ENTERING_MANAGED_PKG|tdc_tsw
22:52:47.0 (2559898)|ENTERING_MANAGED_PKG|tdc_tsw
22:52:47.0 (6694831)|SOQL_EXECUTE_BEGIN|[16]|Aggregations:0|SELECT id, name, Disable_Incoming_SMS_Sharing__c FROM User WHERE id = :tmpVar1
22:52:47.0 (13887886)|SOQL_EXECUTE_END|[16]|Rows:1
22:52:47.0 (19350623)|SOQL_EXECUTE_BEGIN|[37]|Aggregations:0|SELECT CreatedDate,Created_Date__c,Id,LastModifiedDate,MessageId__c,Message_Text_New__c,Name,OwnerId,Read__c,Related_Object_Id__c,Related_Object__c,Sender_Number__c, Sender_Name__c,ToNumber__c,Attachments_Ids__c FROM Message__c WHERE Name = 'Incoming' AND Read__c = false ORDER BY CreatedDate Desc limit 100
22:52:47.0 (35495942)|SOQL_EXECUTE_END|[37]|Rows:100
22:52:47.0 (52545675)|ENTERING_MANAGED_PKG|tdc_tsw
22:52:47.0 (54583398)|ENTERING_MANAGED_PKG|tdc_tsw
22:52:47.0 (55118675)|ENTERING_MANAGED_PKG|tdc_tsw
22:52:47.0 (55832184)|ENTERING_MANAGED_PKG|tdc_tsw
22:52:47.0 (58928810)|ENTERING_MANAGED_PKG|tdc_tsw
22:52:47.0 (59697162)|ENTERING_MANAGED_PKG|tdc_tsw
22:52:47.0 (59930050)|ENTERING_MANAGED_PKG|tdc_tsw
22:52:47.0 (60332527)|ENTERING_MANAGED_PKG|tdc_tsw
22:52:47.0 (61419699)|ENTERING_MANAGED_PKG|tdc_tsw
22:52:47.0 (62174257)|ENTERING_MANAGED_PKG|tdc_tsw
22:52:47.0 (62400856)|ENTERING_MANAGED_PKG|tdc_tsw
22:52:47.0 (63123374)|ENTERING_MANAGED_PKG|tdc_tsw
22:52:47.0 (64209780)|ENTERING_MANAGED_PKG|tdc_tsw
22:52:47.0 (64961943)|ENTERING_MANAGED_PKG|tdc_tsw
22:52:47.0 (65186861)|ENTERING_MANAGED_PKG|tdc_tsw
22:52:47.0 (65580952)|ENTERING_MANAGED_PKG|tdc_tsw
22:52:47.0 (66669011)|ENTERING_MANAGED_PKG|tdc_tsw
22:52:47.0 (67417932)|ENTERING_MANAGED_PKG|tdc_tsw
22:52:47.0 (67644836)|ENTERING_MANAGED_PKG|tdc_tsw
22:52:47.0 (68058108)|ENTERING_MANAGED_PKG|tdc_tsw
22:52:47.0 (69133336)|ENTERING_MANAGED_PKG|tdc_tsw
22:52:47.0 (69885150)|ENTERING_MANAGED_PKG|tdc_tsw
22:52:47.0 (70108950)|ENTERING_MANAGED_PKG|tdc_tsw
22:52:47.0 (70504725)|ENTERING_MANAGED_PKG|tdc_tsw
22:52:47.0 (71678588)|ENTERING_MANAGED_PKG|tdc_tsw
22:52:47.0 (72422710)|ENTERING_MANAGED_PKG|tdc_tsw
22:52:47.0 (72655006)|ENTERING_MANAGED_PKG|tdc_tsw
22:52:47.0 (73046593)|ENTERING_MANAGED_PKG|tdc_tsw
22:52:47.0 (74139828)|ENTERING_MANAGED_PKG|tdc_tsw
22:52:47.0 (74888535)|ENTERING_MANAGED_PKG|tdc_tsw
22:52:47.0 (75135335)|ENTERING_MANAGED_PKG|tdc_tsw
22:52:47.0 (75528380)|ENTERING_MANAGED_PKG|tdc_tsw
22:52:47.0 (76601550)|ENTERING_MANAGED_PKG|tdc_tsw
22:52:47.0 (77350959)|ENTERING_MANAGED_PKG|tdc_tsw
22:52:47.0 (77577379)|ENTERING_MANAGED_PKG|tdc_tsw
22:52:47.0 (77977638)|ENTERING_MANAGED_PKG|tdc_tsw
22:52:47.0 (79055874)|ENTERING_MANAGED_PKG|tdc_tsw
22:52:47.0 (79807787)|ENTERING_MANAGED_PKG|tdc_tsw
22:52:47.0 (80033551)|ENTERING_MANAGED_PKG|tdc_tsw
22:52:47.0 (80440099)|ENTERING_MANAGED_PKG|tdc_tsw
22:52:47.0 (81511276)|ENTERING_MANAGED_PKG|tdc_tsw
22:52:47.0 (82260039)|ENTERING_MANAGED_PKG|tdc_tsw
22:52:47.0 (82488455)|ENTERING_MANAGED_PKG|tdc_tsw
22:52:47.0 (82891066)|ENTERING_MANAGED_PKG|tdc_tsw
22:52:47.0 (83963198)|ENTERING_MANAGED_PKG|tdc_tsw
22:52:47.0 (84714129)|ENTERING_MANAGED_PKG|tdc_tsw
22:52:47.0 (84943054)|ENTERING_MANAGED_PKG|tdc_tsw
22:52:47.0 (85335559)|ENTERING_MANAGED_PKG|tdc_tsw
22:52:47.0 (86429639)|ENTERING_MANAGED_PKG|tdc_tsw
22:52:47.0 (87178512)|ENTERING_MANAGED_PKG|tdc_tsw
22:52:47.0 (87403632)|ENTERING_MANAGED_PKG|tdc_tsw
22:52:47.0 (87803527)|ENTERING_MANAGED_PKG|tdc_tsw
22:52:47.0 (88857060)|ENTERING_MANAGED_PKG|tdc_tsw
22:52:47.0 (89601850)|ENTERING_MANAGED_PKG|tdc_tsw
22:52:47.0 (89834172)|ENTERING_MANAGED_PKG|tdc_tsw
22:52:47.0 (90226049)|ENTERING_MANAGED_PKG|tdc_tsw
22:52:47.0 (91306278)|ENTERING_MANAGED_PKG|tdc_tsw
22:52:47.0 (92051373)|ENTERING_MANAGED_PKG|tdc_tsw
22:52:47.0 (92278126)|ENTERING_MANAGED_PKG|tdc_tsw
22:52:47.0 (92687589)|ENTERING_MANAGED_PKG|tdc_tsw
22:52:47.0 (93759344)|ENTERING_MANAGED_PKG|tdc_tsw
22:52:47.0 (94503557)|ENTERING_MANAGED_PKG|tdc_tsw
22:52:47.0 (94737245)|ENTERING_MANAGED_PKG|tdc_tsw
22:52:47.0 (95124491)|ENTERING_MANAGED_PKG|tdc_tsw
22:52:47.0 (96193258)|ENTERING_MANAGED_PKG|tdc_tsw
22:52:47.0 (96939128)|ENTERING_MANAGED_PKG|tdc_tsw
22:52:47.0 (97165470)|ENTERING_MANAGED_PKG|tdc_tsw
22:52:47.0 (97563175)|ENTERING_MANAGED_PKG|tdc_tsw
22:52:47.0 (98636581)|ENTERING_MANAGED_PKG|tdc_tsw
22:52:47.0 (99398313)|ENTERING_MANAGED_PKG|tdc_tsw
22:52:47.0 (99638592)|ENTERING_MANAGED_PKG|tdc_tsw
22:52:47.0 (100047175)|ENTERING_MANAGED_PKG|tdc_tsw
22:52:47.0 (101122981)|ENTERING_MANAGED_PKG|tdc_tsw
22:52:47.0 (101871628)|ENTERING_MANAGED_PKG|tdc_tsw
22:52:47.0 (102098610)|ENTERING_MANAGED_PKG|tdc_tsw
22:52:47.0 (102494689)|ENTERING_MANAGED_PKG|tdc_tsw
22:52:47.0 (103571132)|ENTERING_MANAGED_PKG|tdc_tsw
22:52:47.0 (104330166)|ENTERING_MANAGED_PKG|tdc_tsw
22:52:47.0 (104565592)|ENTERING_MANAGED_PKG|tdc_tsw
22:52:47.0 (104970254)|ENTERING_MANAGED_PKG|tdc_tsw
22:52:47.0 (106071734)|ENTERING_MANAGED_PKG|tdc_tsw
22:52:47.0 (106868138)|ENTERING_MANAGED_PKG|tdc_tsw
22:52:47.0 (107094977)|ENTERING_MANAGED_PKG|tdc_tsw
22:52:47.0 (107487599)|ENTERING_MANAGED_PKG|tdc_tsw
22:52:47.0 (108561047)|ENTERING_MANAGED_PKG|tdc_tsw
22:52:47.0 (109309566)|ENTERING_MANAGED_PKG|tdc_tsw
22:52:47.0 (109536101)|ENTERING_MANAGED_PKG|tdc_tsw
22:52:47.0 (109932103)|ENTERING_MANAGED_PKG|tdc_tsw
22:52:47.0 (110998438)|ENTERING_MANAGED_PKG|tdc_tsw
22:52:47.0 (111746045)|ENTERING_MANAGED_PKG|tdc_tsw
22:52:47.0 (111976935)|ENTERING_MANAGED_PKG|tdc_tsw
22:52:47.0 (112374052)|ENTERING_MANAGED_PKG|tdc_tsw
22:52:47.0 (113452121)|ENTERING_MANAGED_PKG|tdc_tsw
22:52:47.0 (114197824)|ENTERING_MANAGED_PKG|tdc_tsw
22:52:47.0 (114425483)|ENTERING_MANAGED_PKG|tdc_tsw
22:52:47.0 (114827318)|ENTERING_MANAGED_PKG|tdc_tsw
22:52:47.0 (115892617)|ENTERING_MANAGED_PKG|tdc_tsw
22:52:47.0 (116644108)|ENTERING_MANAGED_PKG|tdc_tsw
22:52:47.0 (116879070)|ENTERING_MANAGED_PKG|tdc_tsw
22:52:47.0 (117274190)|ENTERING_MANAGED_PKG|tdc_tsw
22:52:47.0 (118347030)|ENTERING_MANAGED_PKG|tdc_tsw
22:52:47.0 (119097596)|ENTERING_MANAGED_PKG|tdc_tsw
22:52:47.0 (119323334)|ENTERING_MANAGED_PKG|tdc_tsw
22:52:47.0 (119720430)|ENTERING_MANAGED_PKG|tdc_tsw
22:52:47.0 (120793287)|ENTERING_MANAGED_PKG|tdc_tsw
22:52:47.0 (121543028)|ENTERING_MANAGED_PKG|tdc_tsw
22:52:47.0 (121776845)|ENTERING_MANAGED_PKG|tdc_tsw
22:52:47.0 (122173267)|ENTERING_MANAGED_PKG|tdc_tsw
22:52:47.0 (123255113)|ENTERING_MANAGED_PKG|tdc_tsw
22:52:47.0 (124009805)|ENTERING_MANAGED_PKG|tdc_tsw
22:52:47.0 (124235530)|ENTERING_MANAGED_PKG|tdc_tsw
22:52:47.0 (124630152)|ENTERING_MANAGED_PKG|tdc_tsw
22:52:47.0 (125751158)|ENTERING_MANAGED_PKG|tdc_tsw
22:52:47.0 (126494276)|ENTERING_MANAGED_PKG|tdc_tsw
22:52:47.0 (126729405)|ENTERING_MANAGED_PKG|tdc_tsw
22:52:47.0 (127121265)|ENTERING_MANAGED_PKG|tdc_tsw
22:52:47.0 (128197626)|ENTERING_MANAGED_PKG|tdc_tsw
22:52:47.0 (128946045)|ENTERING_MANAGED_PKG|tdc_tsw
22:52:47.0 (129171226)|ENTERING_MANAGED_PKG|tdc_tsw
22:52:47.0 (129563576)|ENTERING_MANAGED_PKG|tdc_tsw
22:52:47.0 (130641007)|ENTERING_MANAGED_PKG|tdc_tsw
22:52:47.0 (131392291)|ENTERING_MANAGED_PKG|tdc_tsw
22:52:47.0 (131617471)|ENTERING_MANAGED_PKG|tdc_tsw
22:52:47.0 (132018672)|ENTERING_MANAGED_PKG|tdc_tsw
22:52:47.0 (133097478)|ENTERING_MANAGED_PKG|tdc_tsw
22:52:47.0 (133847828)|ENTERING_MANAGED_PKG|tdc_tsw
22:52:47.0 (134074060)|ENTERING_MANAGED_PKG|tdc_tsw
22:52:47.0 (134467720)|ENTERING_MANAGED_PKG|tdc_tsw
22:52:47.0 (135539674)|ENTERING_MANAGED_PKG|tdc_tsw
22:52:47.0 (136284713)|ENTERING_MANAGED_PKG|tdc_tsw
22:52:47.0 (136511582)|ENTERING_MANAGED_PKG|tdc_tsw
22:52:47.0 (136912112)|ENTERING_MANAGED_PKG|tdc_tsw
22:52:47.0 (137986541)|ENTERING_MANAGED_PKG|tdc_tsw
22:52:47.0 (138741381)|ENTERING_MANAGED_PKG|tdc_tsw
22:52:47.0 (138965576)|ENTERING_MANAGED_PKG|tdc_tsw
22:52:47.0 (139369113)|ENTERING_MANAGED_PKG|tdc_tsw
22:52:47.0 (140461142)|ENTERING_MANAGED_PKG|tdc_tsw
22:52:47.0 (141252993)|ENTERING_MANAGED_PKG|tdc_tsw
22:52:47.0 (141481307)|ENTERING_MANAGED_PKG|tdc_tsw
22:52:47.0 (141898300)|ENTERING_MANAGED_PKG|tdc_tsw
22:52:47.0 (142989776)|ENTERING_MANAGED_PKG|tdc_tsw
22:52:47.0 (143738631)|ENTERING_MANAGED_PKG|tdc_tsw
22:52:47.0 (143968622)|ENTERING_MANAGED_PKG|tdc_tsw
22:52:47.0 (144365815)|ENTERING_MANAGED_PKG|tdc_tsw
22:52:47.0 (145506854)|ENTERING_MANAGED_PKG|tdc_tsw
22:52:47.0 (146273136)|ENTERING_MANAGED_PKG|tdc_tsw
22:52:47.0 (146499933)|ENTERING_MANAGED_PKG|tdc_tsw
22:52:47.0 (146903543)|ENTERING_MANAGED_PKG|tdc_tsw
22:52:47.0 (147996620)|ENTERING_MANAGED_PKG|tdc_tsw
22:52:47.0 (148752085)|ENTERING_MANAGED_PKG|tdc_tsw
22:52:47.0 (148956638)|ENTERING_MANAGED_PKG|tdc_tsw
22:52:47.0 (149364132)|ENTERING_MANAGED_PKG|tdc_tsw
22:52:47.0 (150447742)|ENTERING_MANAGED_PKG|tdc_tsw
22:52:47.0 (151196989)|ENTERING_MANAGED_PKG|tdc_tsw
22:52:47.0 (151424679)|ENTERING_MANAGED_PKG|tdc_tsw
22:52:47.0 (151823514)|ENTERING_MANAGED_PKG|tdc_tsw
22:52:47.0 (152902047)|ENTERING_MANAGED_PKG|tdc_tsw
22:52:47.0 (153646751)|ENTERING_MANAGED_PKG|tdc_tsw
22:52:47.0 (153854980)|ENTERING_MANAGED_PKG|tdc_tsw
22:52:47.0 (154250410)|ENTERING_MANAGED_PKG|tdc_tsw
22:52:47.0 (155454680)|ENTERING_MANAGED_PKG|tdc_tsw
22:52:47.0 (156260091)|ENTERING_MANAGED_PKG|tdc_tsw
22:52:47.0 (156333310)|ENTERING_MANAGED_PKG|tdc_tsw
22:52:47.0 (157036897)|SOQL_EXECUTE_BEGIN|[200]|Aggregations:0|SELECT Name, NamespacePrefix, SystemModStamp FROM StaticResource WHERE Name LIKE :tmpVar1 LIMIT 10
22:52:47.0 (160889307)|SOQL_EXECUTE_END|[200]|Rows:1
22:52:47.0 (161921299)|ENTERING_MANAGED_PKG|tdc_tsw
22:52:47.0 (162397526)|SOQL_EXECUTE_BEGIN|[200]|Aggregations:0|SELECT Name, NamespacePrefix, SystemModStamp FROM StaticResource WHERE Name LIKE :tmpVar1 LIMIT 10
22:52:47.0 (165203287)|SOQL_EXECUTE_END|[200]|Rows:1
22:52:47.0 (165585824)|ENTERING_MANAGED_PKG|tdc_tsw
22:52:47.0 (169057314)|ENTERING_MANAGED_PKG|tdc_tsw
22:52:47.0 (170544748)|ENTERING_MANAGED_PKG|tdc_tsw
22:52:47.0 (170841990)|ENTERING_MANAGED_PKG|tdc_tsw
22:52:47.0 (171631290)|ENTERING_MANAGED_PKG|tdc_tsw
22:52:47.0 (172041684)|SOQL_EXECUTE_BEGIN|[200]|Aggregations:0|SELECT Name, NamespacePrefix, SystemModStamp FROM StaticResource WHERE Name LIKE :tmpVar1 LIMIT 10
22:52:47.0 (174273320)|SOQL_EXECUTE_END|[200]|Rows:1
22:52:47.219 (219491823)|USER_INFO|[EXTERNAL]|0051H000009gxp8|chanida.dev2@solvedbysoftwareco.com|Eastern Standard Time|GMT-05:00
22:52:47.219 (221119201)|ENTERING_MANAGED_PKG|tdc_tsw
22:52:47.219 (221360854)|ENTERING_MANAGED_PKG|tdc_tsw
22:52:47.219 (224042419)|SOQL_EXECUTE_BEGIN|[355]|Aggregations:0|SELECT id, name, Disable_Incoming_SMS_Sharing__c FROM User WHERE id = :tmpVar1
22:52:47.219 (230540102)|SOQL_EXECUTE_END|[355]|Rows:1
22:52:47.219 (231739381)|SOQL_EXECUTE_BEGIN|[367]|Aggregations:0|SELECT CreatedDate,Id,LastModifiedDate,Related_Object_Id__c FROM Message__c WHERE Name = 'Incoming' AND Read__c = false ORDER BY CreatedDate Desc limit 100
22:52:47.219 (240082147)|SOQL_EXECUTE_END|[367]|Rows:100
