44.0 APEX_CODE,FINEST;APEX_PROFILING,INFO;CALLOUT,INFO;DB,INFO;NBA,INFO;SYSTEM,DEBUG;VALIDATION,INFO;VISUALFORCE,INFO;WAVE,INFO;WORKFLOW,INFO
17:10:59.0 (127361)|USER_INFO|[EXTERNAL]|0051H000009gxp8|chanida.dev2@solvedbysoftwareco.com|Eastern Standard Time|GMT-05:00
17:10:59.0 (1604548)|ENTERING_MANAGED_PKG|tdc_tsw
17:10:59.0 (2061437)|ENTERING_MANAGED_PKG|tdc_tsw
17:10:59.0 (5909477)|SOQL_EXECUTE_BEGIN|[16]|Aggregations:0|SELECT id, name, Disable_Incoming_SMS_Sharing__c FROM User WHERE id = :tmpVar1
17:10:59.0 (13043826)|SOQL_EXECUTE_END|[16]|Rows:1
17:10:59.0 (18915342)|SOQL_EXECUTE_BEGIN|[37]|Aggregations:0|SELECT CreatedDate,Created_Date__c,Id,LastModifiedDate,MessageId__c,Message_Text_New__c,Name,OwnerId,Read__c,Related_Object_Id__c,Related_Object__c,Sender_Number__c, Sender_Name__c,ToNumber__c,Attachments_Ids__c FROM Message__c WHERE Name = 'Incoming' AND Read__c = false ORDER BY CreatedDate Desc limit 100
17:10:59.0 (30106916)|SOQL_EXECUTE_END|[37]|Rows:14
17:10:59.0 (33891116)|ENTERING_MANAGED_PKG|tdc_tsw
17:10:59.0 (35905820)|ENTERING_MANAGED_PKG|tdc_tsw
17:10:59.0 (36405760)|ENTERING_MANAGED_PKG|tdc_tsw
17:10:59.0 (37169416)|ENTERING_MANAGED_PKG|tdc_tsw
17:10:59.0 (40083206)|ENTERING_MANAGED_PKG|tdc_tsw
17:10:59.0 (40977690)|ENTERING_MANAGED_PKG|tdc_tsw
17:10:59.0 (41306570)|ENTERING_MANAGED_PKG|tdc_tsw
17:10:59.0 (41790200)|ENTERING_MANAGED_PKG|tdc_tsw
17:10:59.0 (43197412)|ENTERING_MANAGED_PKG|tdc_tsw
17:10:59.0 (43867057)|ENTERING_MANAGED_PKG|tdc_tsw
17:10:59.0 (43954806)|ENTERING_MANAGED_PKG|tdc_tsw
17:10:59.0 (44606983)|SOQL_EXECUTE_BEGIN|[200]|Aggregations:0|SELECT Name, NamespacePrefix, SystemModStamp FROM StaticResource WHERE Name LIKE :tmpVar1 LIMIT 10
17:10:59.0 (47953971)|SOQL_EXECUTE_END|[200]|Rows:1
17:10:59.0 (48802318)|ENTERING_MANAGED_PKG|tdc_tsw
17:10:59.0 (49183695)|SOQL_EXECUTE_BEGIN|[200]|Aggregations:0|SELECT Name, NamespacePrefix, SystemModStamp FROM StaticResource WHERE Name LIKE :tmpVar1 LIMIT 10
17:10:59.0 (51299461)|SOQL_EXECUTE_END|[200]|Rows:1
17:10:59.0 (51730408)|ENTERING_MANAGED_PKG|tdc_tsw
17:10:59.0 (55261022)|ENTERING_MANAGED_PKG|tdc_tsw
17:10:59.0 (56936688)|ENTERING_MANAGED_PKG|tdc_tsw
17:10:59.0 (57287642)|ENTERING_MANAGED_PKG|tdc_tsw
17:10:59.0 (58147794)|ENTERING_MANAGED_PKG|tdc_tsw
17:10:59.0 (58549156)|SOQL_EXECUTE_BEGIN|[200]|Aggregations:0|SELECT Name, NamespacePrefix, SystemModStamp FROM StaticResource WHERE Name LIKE :tmpVar1 LIMIT 10
17:10:59.0 (62961600)|SOQL_EXECUTE_END|[200]|Rows:1
17:10:59.68 (68174380)|USER_INFO|[EXTERNAL]|0051H000009gxp8|chanida.dev2@solvedbysoftwareco.com|Eastern Standard Time|GMT-05:00
17:10:59.68 (69827236)|ENTERING_MANAGED_PKG|tdc_tsw
17:10:59.68 (70009553)|ENTERING_MANAGED_PKG|tdc_tsw
17:10:59.68 (72390509)|SOQL_EXECUTE_BEGIN|[355]|Aggregations:0|SELECT id, name, Disable_Incoming_SMS_Sharing__c FROM User WHERE id = :tmpVar1
17:10:59.68 (78077946)|SOQL_EXECUTE_END|[355]|Rows:1
17:10:59.68 (79045284)|SOQL_EXECUTE_BEGIN|[367]|Aggregations:0|SELECT CreatedDate,Id,LastModifiedDate,Related_Object_Id__c FROM Message__c WHERE Name = 'Incoming' AND Read__c = false ORDER BY CreatedDate Desc limit 100
17:10:59.68 (84745564)|SOQL_EXECUTE_END|[367]|Rows:14
