44.0 APEX_CODE,FINEST;APEX_PROFILING,INFO;CALLOUT,INFO;DB,INFO;NBA,INFO;SYSTEM,DEBUG;VALIDATION,INFO;VISUALFORCE,INFO;WAVE,INFO;WORKFLOW,INFO
13:51:02.0 (118145)|USER_INFO|[EXTERNAL]|0051H000009gxp8|chanida.dev2@solvedbysoftwareco.com|Eastern Standard Time|GMT-05:00
13:51:02.0 (1643164)|ENTERING_MANAGED_PKG|tdc_tsw
13:51:02.0 (1999079)|ENTERING_MANAGED_PKG|tdc_tsw
13:51:02.0 (5219013)|SOQL_EXECUTE_BEGIN|[16]|Aggregations:0|SELECT id, name, Disable_Incoming_SMS_Sharing__c FROM User WHERE id = :tmpVar1
13:51:02.0 (12585568)|SOQL_EXECUTE_END|[16]|Rows:1
13:51:02.0 (21190847)|SOQL_EXECUTE_BEGIN|[37]|Aggregations:0|SELECT CreatedDate,Created_Date__c,Id,LastModifiedDate,MessageId__c,Message_Text_New__c,Name,OwnerId,Read__c,Related_Object_Id__c,Related_Object__c,Sender_Number__c, Sender_Name__c,ToNumber__c,Attachments_Ids__c FROM Message__c WHERE Name = 'Incoming' AND Read__c = false ORDER BY CreatedDate Desc limit 100
13:51:02.0 (45088789)|SOQL_EXECUTE_END|[37]|Rows:100
13:51:02.0 (62252343)|ENTERING_MANAGED_PKG|tdc_tsw
13:51:02.0 (64076621)|ENTERING_MANAGED_PKG|tdc_tsw
13:51:02.0 (64558352)|ENTERING_MANAGED_PKG|tdc_tsw
13:51:02.0 (65210520)|ENTERING_MANAGED_PKG|tdc_tsw
13:51:02.0 (68039658)|ENTERING_MANAGED_PKG|tdc_tsw
13:51:02.0 (68778580)|ENTERING_MANAGED_PKG|tdc_tsw
13:51:02.0 (69005685)|ENTERING_MANAGED_PKG|tdc_tsw
13:51:02.0 (69386129)|ENTERING_MANAGED_PKG|tdc_tsw
13:51:02.0 (70432788)|ENTERING_MANAGED_PKG|tdc_tsw
13:51:02.0 (71153735)|ENTERING_MANAGED_PKG|tdc_tsw
13:51:02.0 (71378484)|ENTERING_MANAGED_PKG|tdc_tsw
13:51:02.0 (71760194)|ENTERING_MANAGED_PKG|tdc_tsw
13:51:02.0 (72789911)|ENTERING_MANAGED_PKG|tdc_tsw
13:51:02.0 (73502237)|ENTERING_MANAGED_PKG|tdc_tsw
13:51:02.0 (73711315)|ENTERING_MANAGED_PKG|tdc_tsw
13:51:02.0 (74090577)|ENTERING_MANAGED_PKG|tdc_tsw
13:51:02.0 (75134176)|ENTERING_MANAGED_PKG|tdc_tsw
13:51:02.0 (75857191)|ENTERING_MANAGED_PKG|tdc_tsw
13:51:02.0 (76080241)|ENTERING_MANAGED_PKG|tdc_tsw
13:51:02.0 (76456669)|ENTERING_MANAGED_PKG|tdc_tsw
13:51:02.0 (77485664)|ENTERING_MANAGED_PKG|tdc_tsw
13:51:02.0 (78197331)|ENTERING_MANAGED_PKG|tdc_tsw
13:51:02.0 (78421275)|ENTERING_MANAGED_PKG|tdc_tsw
13:51:02.0 (78810233)|ENTERING_MANAGED_PKG|tdc_tsw
13:51:02.0 (79842587)|ENTERING_MANAGED_PKG|tdc_tsw
13:51:02.0 (80539816)|ENTERING_MANAGED_PKG|tdc_tsw
13:51:02.0 (80770572)|ENTERING_MANAGED_PKG|tdc_tsw
13:51:02.0 (81140584)|ENTERING_MANAGED_PKG|tdc_tsw
13:51:02.0 (82163962)|ENTERING_MANAGED_PKG|tdc_tsw
13:51:02.0 (82868903)|ENTERING_MANAGED_PKG|tdc_tsw
13:51:02.0 (83091561)|ENTERING_MANAGED_PKG|tdc_tsw
13:51:02.0 (83463940)|ENTERING_MANAGED_PKG|tdc_tsw
13:51:02.0 (84488353)|ENTERING_MANAGED_PKG|tdc_tsw
13:51:02.0 (85187842)|ENTERING_MANAGED_PKG|tdc_tsw
13:51:02.0 (85410502)|ENTERING_MANAGED_PKG|tdc_tsw
13:51:02.0 (85794031)|ENTERING_MANAGED_PKG|tdc_tsw
13:51:02.0 (86817326)|ENTERING_MANAGED_PKG|tdc_tsw
13:51:02.0 (87752428)|ENTERING_MANAGED_PKG|tdc_tsw
13:51:02.0 (87979187)|ENTERING_MANAGED_PKG|tdc_tsw
13:51:02.0 (88366272)|ENTERING_MANAGED_PKG|tdc_tsw
13:51:02.0 (89403367)|ENTERING_MANAGED_PKG|tdc_tsw
13:51:02.0 (90116548)|ENTERING_MANAGED_PKG|tdc_tsw
13:51:02.0 (90342539)|ENTERING_MANAGED_PKG|tdc_tsw
13:51:02.0 (90723783)|ENTERING_MANAGED_PKG|tdc_tsw
13:51:02.0 (91763301)|ENTERING_MANAGED_PKG|tdc_tsw
13:51:02.0 (92467571)|ENTERING_MANAGED_PKG|tdc_tsw
13:51:02.0 (92697856)|ENTERING_MANAGED_PKG|tdc_tsw
13:51:02.0 (93071566)|ENTERING_MANAGED_PKG|tdc_tsw
13:51:02.0 (94102114)|ENTERING_MANAGED_PKG|tdc_tsw
13:51:02.0 (94815386)|ENTERING_MANAGED_PKG|tdc_tsw
13:51:02.0 (95048838)|ENTERING_MANAGED_PKG|tdc_tsw
13:51:02.0 (95419387)|ENTERING_MANAGED_PKG|tdc_tsw
13:51:02.0 (96440749)|ENTERING_MANAGED_PKG|tdc_tsw
13:51:02.0 (97142355)|ENTERING_MANAGED_PKG|tdc_tsw
13:51:02.0 (97365653)|ENTERING_MANAGED_PKG|tdc_tsw
13:51:02.0 (97744222)|ENTERING_MANAGED_PKG|tdc_tsw
13:51:02.0 (98765921)|ENTERING_MANAGED_PKG|tdc_tsw
13:51:02.0 (99471473)|ENTERING_MANAGED_PKG|tdc_tsw
13:51:02.0 (99703209)|ENTERING_MANAGED_PKG|tdc_tsw
13:51:02.0 (100076775)|ENTERING_MANAGED_PKG|tdc_tsw
13:51:02.0 (101108977)|ENTERING_MANAGED_PKG|tdc_tsw
13:51:02.0 (101813202)|ENTERING_MANAGED_PKG|tdc_tsw
13:51:02.0 (102034273)|ENTERING_MANAGED_PKG|tdc_tsw
13:51:02.0 (102405218)|ENTERING_MANAGED_PKG|tdc_tsw
13:51:02.0 (103425786)|ENTERING_MANAGED_PKG|tdc_tsw
13:51:02.0 (104130497)|ENTERING_MANAGED_PKG|tdc_tsw
13:51:02.0 (104353296)|ENTERING_MANAGED_PKG|tdc_tsw
13:51:02.0 (104731232)|ENTERING_MANAGED_PKG|tdc_tsw
13:51:02.0 (105757229)|ENTERING_MANAGED_PKG|tdc_tsw
13:51:02.0 (106603994)|ENTERING_MANAGED_PKG|tdc_tsw
13:51:02.0 (106890734)|ENTERING_MANAGED_PKG|tdc_tsw
13:51:02.0 (107398028)|ENTERING_MANAGED_PKG|tdc_tsw
13:51:02.0 (108797937)|ENTERING_MANAGED_PKG|tdc_tsw
13:51:02.0 (109721077)|ENTERING_MANAGED_PKG|tdc_tsw
13:51:02.0 (109970309)|ENTERING_MANAGED_PKG|tdc_tsw
13:51:02.0 (110346676)|ENTERING_MANAGED_PKG|tdc_tsw
13:51:02.0 (111380369)|ENTERING_MANAGED_PKG|tdc_tsw
13:51:02.0 (112107228)|ENTERING_MANAGED_PKG|tdc_tsw
13:51:02.0 (112334255)|ENTERING_MANAGED_PKG|tdc_tsw
13:51:02.0 (112718664)|ENTERING_MANAGED_PKG|tdc_tsw
13:51:02.0 (113749397)|ENTERING_MANAGED_PKG|tdc_tsw
13:51:02.0 (114492220)|ENTERING_MANAGED_PKG|tdc_tsw
13:51:02.0 (114722145)|ENTERING_MANAGED_PKG|tdc_tsw
13:51:02.0 (115096017)|ENTERING_MANAGED_PKG|tdc_tsw
13:51:02.0 (116122571)|ENTERING_MANAGED_PKG|tdc_tsw
13:51:02.0 (116833617)|ENTERING_MANAGED_PKG|tdc_tsw
13:51:02.0 (117056287)|ENTERING_MANAGED_PKG|tdc_tsw
13:51:02.0 (117430760)|ENTERING_MANAGED_PKG|tdc_tsw
13:51:02.0 (118462123)|ENTERING_MANAGED_PKG|tdc_tsw
13:51:02.0 (119169693)|ENTERING_MANAGED_PKG|tdc_tsw
13:51:02.0 (119392533)|ENTERING_MANAGED_PKG|tdc_tsw
13:51:02.0 (119774704)|ENTERING_MANAGED_PKG|tdc_tsw
13:51:02.0 (120798645)|ENTERING_MANAGED_PKG|tdc_tsw
13:51:02.0 (121500571)|ENTERING_MANAGED_PKG|tdc_tsw
13:51:02.0 (121731516)|ENTERING_MANAGED_PKG|tdc_tsw
13:51:02.0 (122106011)|ENTERING_MANAGED_PKG|tdc_tsw
13:51:02.0 (123131235)|ENTERING_MANAGED_PKG|tdc_tsw
13:51:02.0 (123841272)|ENTERING_MANAGED_PKG|tdc_tsw
13:51:02.0 (124065444)|ENTERING_MANAGED_PKG|tdc_tsw
13:51:02.0 (124441270)|ENTERING_MANAGED_PKG|tdc_tsw
13:51:02.0 (125464065)|ENTERING_MANAGED_PKG|tdc_tsw
13:51:02.0 (126170117)|ENTERING_MANAGED_PKG|tdc_tsw
13:51:02.0 (126391729)|ENTERING_MANAGED_PKG|tdc_tsw
13:51:02.0 (126772307)|ENTERING_MANAGED_PKG|tdc_tsw
13:51:02.0 (127794226)|ENTERING_MANAGED_PKG|tdc_tsw
13:51:02.0 (128522199)|ENTERING_MANAGED_PKG|tdc_tsw
13:51:02.0 (128760693)|ENTERING_MANAGED_PKG|tdc_tsw
13:51:02.0 (129135963)|ENTERING_MANAGED_PKG|tdc_tsw
13:51:02.0 (130163238)|ENTERING_MANAGED_PKG|tdc_tsw
13:51:02.0 (130871368)|ENTERING_MANAGED_PKG|tdc_tsw
13:51:02.0 (131093742)|ENTERING_MANAGED_PKG|tdc_tsw
13:51:02.0 (131466166)|ENTERING_MANAGED_PKG|tdc_tsw
13:51:02.0 (132814542)|ENTERING_MANAGED_PKG|tdc_tsw
13:51:02.0 (133514397)|ENTERING_MANAGED_PKG|tdc_tsw
13:51:02.0 (133745440)|ENTERING_MANAGED_PKG|tdc_tsw
13:51:02.0 (134118809)|ENTERING_MANAGED_PKG|tdc_tsw
13:51:02.0 (135140565)|ENTERING_MANAGED_PKG|tdc_tsw
13:51:02.0 (135848643)|ENTERING_MANAGED_PKG|tdc_tsw
13:51:02.0 (136070314)|ENTERING_MANAGED_PKG|tdc_tsw
13:51:02.0 (136442689)|ENTERING_MANAGED_PKG|tdc_tsw
13:51:02.0 (137466680)|ENTERING_MANAGED_PKG|tdc_tsw
13:51:02.0 (138169956)|ENTERING_MANAGED_PKG|tdc_tsw
13:51:02.0 (138392746)|ENTERING_MANAGED_PKG|tdc_tsw
13:51:02.0 (138774510)|ENTERING_MANAGED_PKG|tdc_tsw
13:51:02.0 (139798156)|ENTERING_MANAGED_PKG|tdc_tsw
13:51:02.0 (140500827)|ENTERING_MANAGED_PKG|tdc_tsw
13:51:02.0 (140735112)|ENTERING_MANAGED_PKG|tdc_tsw
13:51:02.0 (141108932)|ENTERING_MANAGED_PKG|tdc_tsw
13:51:02.0 (142130375)|ENTERING_MANAGED_PKG|tdc_tsw
13:51:02.0 (142833246)|ENTERING_MANAGED_PKG|tdc_tsw
13:51:02.0 (143054958)|ENTERING_MANAGED_PKG|tdc_tsw
13:51:02.0 (143428761)|ENTERING_MANAGED_PKG|tdc_tsw
13:51:02.0 (144462091)|ENTERING_MANAGED_PKG|tdc_tsw
13:51:02.0 (145173630)|ENTERING_MANAGED_PKG|tdc_tsw
13:51:02.0 (145396645)|ENTERING_MANAGED_PKG|tdc_tsw
13:51:02.0 (145780683)|ENTERING_MANAGED_PKG|tdc_tsw
13:51:02.0 (146806283)|ENTERING_MANAGED_PKG|tdc_tsw
13:51:02.0 (147504869)|ENTERING_MANAGED_PKG|tdc_tsw
13:51:02.0 (147737344)|ENTERING_MANAGED_PKG|tdc_tsw
13:51:02.0 (148112817)|ENTERING_MANAGED_PKG|tdc_tsw
13:51:02.0 (149133653)|ENTERING_MANAGED_PKG|tdc_tsw
13:51:02.0 (149841662)|ENTERING_MANAGED_PKG|tdc_tsw
13:51:02.0 (150064520)|ENTERING_MANAGED_PKG|tdc_tsw
13:51:02.0 (150438096)|ENTERING_MANAGED_PKG|tdc_tsw
13:51:02.0 (151460349)|ENTERING_MANAGED_PKG|tdc_tsw
13:51:02.0 (152167853)|ENTERING_MANAGED_PKG|tdc_tsw
13:51:02.0 (152390446)|ENTERING_MANAGED_PKG|tdc_tsw
13:51:02.0 (152776600)|ENTERING_MANAGED_PKG|tdc_tsw
13:51:02.0 (153804717)|ENTERING_MANAGED_PKG|tdc_tsw
13:51:02.0 (154509740)|ENTERING_MANAGED_PKG|tdc_tsw
13:51:02.0 (154741906)|ENTERING_MANAGED_PKG|tdc_tsw
13:51:02.0 (155116949)|ENTERING_MANAGED_PKG|tdc_tsw
13:51:02.0 (156141005)|ENTERING_MANAGED_PKG|tdc_tsw
13:51:02.0 (156850815)|ENTERING_MANAGED_PKG|tdc_tsw
13:51:02.0 (157073965)|ENTERING_MANAGED_PKG|tdc_tsw
13:51:02.0 (157447698)|ENTERING_MANAGED_PKG|tdc_tsw
13:51:02.0 (158482285)|ENTERING_MANAGED_PKG|tdc_tsw
13:51:02.0 (159197094)|ENTERING_MANAGED_PKG|tdc_tsw
13:51:02.0 (159420588)|ENTERING_MANAGED_PKG|tdc_tsw
13:51:02.0 (159803938)|ENTERING_MANAGED_PKG|tdc_tsw
13:51:02.0 (160845495)|ENTERING_MANAGED_PKG|tdc_tsw
13:51:02.0 (161556097)|ENTERING_MANAGED_PKG|tdc_tsw
13:51:02.0 (161788254)|ENTERING_MANAGED_PKG|tdc_tsw
13:51:02.0 (162161700)|ENTERING_MANAGED_PKG|tdc_tsw
13:51:02.0 (163187075)|ENTERING_MANAGED_PKG|tdc_tsw
13:51:02.0 (163900333)|ENTERING_MANAGED_PKG|tdc_tsw
13:51:02.0 (164124997)|ENTERING_MANAGED_PKG|tdc_tsw
13:51:02.0 (164578926)|ENTERING_MANAGED_PKG|tdc_tsw
13:51:02.0 (165613531)|ENTERING_MANAGED_PKG|tdc_tsw
13:51:02.0 (166320084)|ENTERING_MANAGED_PKG|tdc_tsw
13:51:02.0 (166542069)|ENTERING_MANAGED_PKG|tdc_tsw
13:51:02.0 (166920601)|ENTERING_MANAGED_PKG|tdc_tsw
13:51:02.0 (167938840)|ENTERING_MANAGED_PKG|tdc_tsw
13:51:02.0 (168663565)|ENTERING_MANAGED_PKG|tdc_tsw
13:51:02.0 (168887185)|ENTERING_MANAGED_PKG|tdc_tsw
13:51:02.0 (169258682)|ENTERING_MANAGED_PKG|tdc_tsw
13:51:02.0 (170282467)|ENTERING_MANAGED_PKG|tdc_tsw
13:51:02.0 (170995928)|ENTERING_MANAGED_PKG|tdc_tsw
13:51:02.0 (171218016)|ENTERING_MANAGED_PKG|tdc_tsw
13:51:02.0 (171592473)|ENTERING_MANAGED_PKG|tdc_tsw
13:51:02.0 (172617861)|ENTERING_MANAGED_PKG|tdc_tsw
13:51:02.0 (173329634)|ENTERING_MANAGED_PKG|tdc_tsw
13:51:02.0 (173550936)|ENTERING_MANAGED_PKG|tdc_tsw
13:51:02.0 (173930611)|ENTERING_MANAGED_PKG|tdc_tsw
13:51:02.0 (174952545)|ENTERING_MANAGED_PKG|tdc_tsw
13:51:02.0 (175654832)|ENTERING_MANAGED_PKG|tdc_tsw
13:51:02.0 (175879896)|ENTERING_MANAGED_PKG|tdc_tsw
13:51:02.0 (176254696)|ENTERING_MANAGED_PKG|tdc_tsw
13:51:02.0 (177290314)|ENTERING_MANAGED_PKG|tdc_tsw
13:51:02.0 (178005590)|ENTERING_MANAGED_PKG|tdc_tsw
13:51:02.0 (178230020)|ENTERING_MANAGED_PKG|tdc_tsw
13:51:02.0 (178604575)|ENTERING_MANAGED_PKG|tdc_tsw
13:51:02.0 (179634660)|ENTERING_MANAGED_PKG|tdc_tsw
13:51:02.0 (180349383)|ENTERING_MANAGED_PKG|tdc_tsw
13:51:02.0 (180572879)|ENTERING_MANAGED_PKG|tdc_tsw
13:51:02.0 (180952738)|ENTERING_MANAGED_PKG|tdc_tsw
13:51:02.0 (181983398)|ENTERING_MANAGED_PKG|tdc_tsw
13:51:02.0 (182697414)|ENTERING_MANAGED_PKG|tdc_tsw
13:51:02.0 (182922094)|ENTERING_MANAGED_PKG|tdc_tsw
13:51:02.0 (183295994)|ENTERING_MANAGED_PKG|tdc_tsw
13:51:02.0 (184324399)|ENTERING_MANAGED_PKG|tdc_tsw
13:51:02.0 (185036481)|ENTERING_MANAGED_PKG|tdc_tsw
13:51:02.0 (185260377)|ENTERING_MANAGED_PKG|tdc_tsw
13:51:02.0 (185634609)|ENTERING_MANAGED_PKG|tdc_tsw
13:51:02.0 (186667109)|ENTERING_MANAGED_PKG|tdc_tsw
13:51:02.0 (187375496)|ENTERING_MANAGED_PKG|tdc_tsw
13:51:02.0 (187599902)|ENTERING_MANAGED_PKG|tdc_tsw
13:51:02.0 (187982177)|ENTERING_MANAGED_PKG|tdc_tsw
13:51:02.0 (189008020)|ENTERING_MANAGED_PKG|tdc_tsw
13:51:02.0 (189716922)|ENTERING_MANAGED_PKG|tdc_tsw
13:51:02.0 (189939866)|ENTERING_MANAGED_PKG|tdc_tsw
13:51:02.0 (190316478)|ENTERING_MANAGED_PKG|tdc_tsw
13:51:02.0 (191346610)|ENTERING_MANAGED_PKG|tdc_tsw
13:51:02.0 (192058286)|ENTERING_MANAGED_PKG|tdc_tsw
13:51:02.0 (192283438)|ENTERING_MANAGED_PKG|tdc_tsw
13:51:02.0 (192662588)|ENTERING_MANAGED_PKG|tdc_tsw
13:51:02.0 (193706235)|ENTERING_MANAGED_PKG|tdc_tsw
13:51:02.0 (194402320)|ENTERING_MANAGED_PKG|tdc_tsw
13:51:02.0 (194625649)|ENTERING_MANAGED_PKG|tdc_tsw
13:51:02.0 (195002798)|ENTERING_MANAGED_PKG|tdc_tsw
13:51:02.0 (196028334)|ENTERING_MANAGED_PKG|tdc_tsw
13:51:02.0 (196748925)|ENTERING_MANAGED_PKG|tdc_tsw
13:51:02.0 (196972125)|ENTERING_MANAGED_PKG|tdc_tsw
13:51:02.0 (197345060)|ENTERING_MANAGED_PKG|tdc_tsw
13:51:02.0 (198369412)|ENTERING_MANAGED_PKG|tdc_tsw
13:51:02.0 (199079280)|ENTERING_MANAGED_PKG|tdc_tsw
13:51:02.0 (199302098)|ENTERING_MANAGED_PKG|tdc_tsw
13:51:02.0 (199685427)|ENTERING_MANAGED_PKG|tdc_tsw
13:51:02.0 (200708993)|ENTERING_MANAGED_PKG|tdc_tsw
13:51:02.0 (201409598)|ENTERING_MANAGED_PKG|tdc_tsw
13:51:02.0 (201633558)|ENTERING_MANAGED_PKG|tdc_tsw
13:51:02.0 (202012329)|ENTERING_MANAGED_PKG|tdc_tsw
13:51:02.0 (203032768)|ENTERING_MANAGED_PKG|tdc_tsw
13:51:02.0 (203797605)|ENTERING_MANAGED_PKG|tdc_tsw
13:51:02.0 (204021520)|ENTERING_MANAGED_PKG|tdc_tsw
13:51:02.0 (204396463)|ENTERING_MANAGED_PKG|tdc_tsw
13:51:02.0 (205420077)|ENTERING_MANAGED_PKG|tdc_tsw
13:51:02.0 (206130710)|ENTERING_MANAGED_PKG|tdc_tsw
13:51:02.0 (206329996)|ENTERING_MANAGED_PKG|tdc_tsw
13:51:02.0 (206709996)|ENTERING_MANAGED_PKG|tdc_tsw
13:51:02.0 (207889460)|ENTERING_MANAGED_PKG|tdc_tsw
13:51:02.0 (208841732)|ENTERING_MANAGED_PKG|tdc_tsw
13:51:02.0 (208916685)|ENTERING_MANAGED_PKG|tdc_tsw
13:51:02.0 (209574519)|SOQL_EXECUTE_BEGIN|[200]|Aggregations:0|SELECT Name, NamespacePrefix, SystemModStamp FROM StaticResource WHERE Name LIKE :tmpVar1 LIMIT 10
13:51:02.0 (213829362)|SOQL_EXECUTE_END|[200]|Rows:1
13:51:02.0 (214733372)|ENTERING_MANAGED_PKG|tdc_tsw
13:51:02.0 (215128834)|SOQL_EXECUTE_BEGIN|[200]|Aggregations:0|SELECT Name, NamespacePrefix, SystemModStamp FROM StaticResource WHERE Name LIKE :tmpVar1 LIMIT 10
13:51:02.0 (218335874)|SOQL_EXECUTE_END|[200]|Rows:1
13:51:02.0 (218739348)|ENTERING_MANAGED_PKG|tdc_tsw
13:51:02.0 (223129363)|ENTERING_MANAGED_PKG|tdc_tsw
13:51:02.0 (224850217)|ENTERING_MANAGED_PKG|tdc_tsw
13:51:02.0 (225138261)|ENTERING_MANAGED_PKG|tdc_tsw
13:51:02.0 (225962917)|ENTERING_MANAGED_PKG|tdc_tsw
13:51:02.0 (226342908)|SOQL_EXECUTE_BEGIN|[200]|Aggregations:0|SELECT Name, NamespacePrefix, SystemModStamp FROM StaticResource WHERE Name LIKE :tmpVar1 LIMIT 10
13:51:02.0 (229126105)|SOQL_EXECUTE_END|[200]|Rows:1
13:51:02.251 (251909030)|USER_INFO|[EXTERNAL]|0051H000009gxp8|chanida.dev2@solvedbysoftwareco.com|Eastern Standard Time|GMT-05:00
13:51:02.251 (253366858)|ENTERING_MANAGED_PKG|tdc_tsw
13:51:02.251 (253591352)|ENTERING_MANAGED_PKG|tdc_tsw
13:51:02.251 (256118973)|SOQL_EXECUTE_BEGIN|[355]|Aggregations:0|SELECT id, name, Disable_Incoming_SMS_Sharing__c FROM User WHERE id = :tmpVar1
13:51:02.251 (262336955)|SOQL_EXECUTE_END|[355]|Rows:1
13:51:02.251 (263285741)|SOQL_EXECUTE_BEGIN|[367]|Aggregations:0|SELECT CreatedDate,Id,LastModifiedDate,Related_Object_Id__c FROM Message__c WHERE Name = 'Incoming' AND Read__c = false ORDER BY CreatedDate Desc limit 100
13:51:02.251 (272257422)|SOQL_EXECUTE_END|[367]|Rows:100
