44.0 APEX_CODE,FINEST;APEX_PROFILING,INFO;CALLOUT,INFO;DB,INFO;NBA,INFO;SYSTEM,DEBUG;VALIDATION,INFO;VISUALFORCE,INFO;WAVE,INFO;WORKFLOW,INFO
21:52:20.0 (109774)|USER_INFO|[EXTERNAL]|0051H000009gxp8|chanida.dev2@solvedbysoftwareco.com|Eastern Standard Time|GMT-05:00
21:52:20.0 (1462297)|ENTERING_MANAGED_PKG|tdc_tsw
21:52:20.0 (1868823)|ENTERING_MANAGED_PKG|tdc_tsw
21:52:20.0 (5403874)|SOQL_EXECUTE_BEGIN|[16]|Aggregations:0|SELECT id, name, Disable_Incoming_SMS_Sharing__c FROM User WHERE id = :tmpVar1
21:52:20.0 (11498168)|SOQL_EXECUTE_END|[16]|Rows:1
21:52:20.0 (16488230)|SOQL_EXECUTE_BEGIN|[37]|Aggregations:0|SELECT CreatedDate,Created_Date__c,Id,LastModifiedDate,MessageId__c,Message_Text_New__c,Name,OwnerId,Read__c,Related_Object_Id__c,Related_Object__c,Sender_Number__c, Sender_Name__c,ToNumber__c,Attachments_Ids__c FROM Message__c WHERE Name = 'Incoming' AND Read__c = false ORDER BY CreatedDate Desc limit 100
21:52:20.0 (25892113)|SOQL_EXECUTE_END|[37]|Rows:16
21:52:20.0 (29391936)|ENTERING_MANAGED_PKG|tdc_tsw
21:52:20.0 (30932073)|ENTERING_MANAGED_PKG|tdc_tsw
21:52:20.0 (31352608)|ENTERING_MANAGED_PKG|tdc_tsw
21:52:20.0 (32004499)|ENTERING_MANAGED_PKG|tdc_tsw
21:52:20.0 (34545647)|ENTERING_MANAGED_PKG|tdc_tsw
21:52:20.0 (35322421)|ENTERING_MANAGED_PKG|tdc_tsw
21:52:20.0 (35590696)|ENTERING_MANAGED_PKG|tdc_tsw
21:52:20.0 (35998232)|ENTERING_MANAGED_PKG|tdc_tsw
21:52:20.0 (37075601)|ENTERING_MANAGED_PKG|tdc_tsw
21:52:20.0 (37839189)|ENTERING_MANAGED_PKG|tdc_tsw
21:52:20.0 (38067944)|ENTERING_MANAGED_PKG|tdc_tsw
21:52:20.0 (38455821)|ENTERING_MANAGED_PKG|tdc_tsw
21:52:20.0 (39633773)|ENTERING_MANAGED_PKG|tdc_tsw
21:52:20.0 (40265144)|ENTERING_MANAGED_PKG|tdc_tsw
21:52:20.0 (40333203)|ENTERING_MANAGED_PKG|tdc_tsw
21:52:20.0 (40813136)|SOQL_EXECUTE_BEGIN|[200]|Aggregations:0|SELECT Name, NamespacePrefix, SystemModStamp FROM StaticResource WHERE Name LIKE :tmpVar1 LIMIT 10
21:52:20.0 (43130493)|SOQL_EXECUTE_END|[200]|Rows:1
21:52:20.0 (43809302)|ENTERING_MANAGED_PKG|tdc_tsw
21:52:20.0 (44146885)|SOQL_EXECUTE_BEGIN|[200]|Aggregations:0|SELECT Name, NamespacePrefix, SystemModStamp FROM StaticResource WHERE Name LIKE :tmpVar1 LIMIT 10
21:52:20.0 (46174674)|SOQL_EXECUTE_END|[200]|Rows:1
21:52:20.0 (46571017)|ENTERING_MANAGED_PKG|tdc_tsw
21:52:20.0 (49463705)|ENTERING_MANAGED_PKG|tdc_tsw
21:52:20.0 (50911153)|ENTERING_MANAGED_PKG|tdc_tsw
21:52:20.0 (51184527)|ENTERING_MANAGED_PKG|tdc_tsw
21:52:20.0 (52046381)|ENTERING_MANAGED_PKG|tdc_tsw
21:52:20.0 (52455921)|SOQL_EXECUTE_BEGIN|[200]|Aggregations:0|SELECT Name, NamespacePrefix, SystemModStamp FROM StaticResource WHERE Name LIKE :tmpVar1 LIMIT 10
21:52:20.0 (54468210)|SOQL_EXECUTE_END|[200]|Rows:1
21:52:20.59 (59393268)|USER_INFO|[EXTERNAL]|0051H000009gxp8|chanida.dev2@solvedbysoftwareco.com|Eastern Standard Time|GMT-05:00
21:52:20.59 (60689674)|ENTERING_MANAGED_PKG|tdc_tsw
21:52:20.59 (60857596)|ENTERING_MANAGED_PKG|tdc_tsw
21:52:20.59 (63309939)|SOQL_EXECUTE_BEGIN|[355]|Aggregations:0|SELECT id, name, Disable_Incoming_SMS_Sharing__c FROM User WHERE id = :tmpVar1
21:52:20.59 (69343962)|SOQL_EXECUTE_END|[355]|Rows:1
21:52:20.59 (70371650)|SOQL_EXECUTE_BEGIN|[367]|Aggregations:0|SELECT CreatedDate,Id,LastModifiedDate,Related_Object_Id__c FROM Message__c WHERE Name = 'Incoming' AND Read__c = false ORDER BY CreatedDate Desc limit 100
21:52:20.59 (76025317)|SOQL_EXECUTE_END|[367]|Rows:16
