44.0 APEX_CODE,FINEST;APEX_PROFILING,INFO;CALLOUT,INFO;DB,INFO;NBA,INFO;SYSTEM,DEBUG;VALIDATION,INFO;VISUALFORCE,INFO;WAVE,INFO;WORKFLOW,INFO
21:45:50.0 (109437)|USER_INFO|[EXTERNAL]|0051H000009gxp8|chanida.dev2@solvedbysoftwareco.com|Eastern Standard Time|GMT-05:00
21:45:50.0 (1558460)|ENTERING_MANAGED_PKG|tdc_tsw
21:45:50.0 (2040951)|ENTERING_MANAGED_PKG|tdc_tsw
21:45:50.0 (5684511)|SOQL_EXECUTE_BEGIN|[16]|Aggregations:0|SELECT id, name, Disable_Incoming_SMS_Sharing__c FROM User WHERE id = :tmpVar1
21:45:50.0 (11903411)|SOQL_EXECUTE_END|[16]|Rows:1
21:45:50.0 (16937867)|SOQL_EXECUTE_BEGIN|[37]|Aggregations:0|SELECT CreatedDate,Created_Date__c,Id,LastModifiedDate,MessageId__c,Message_Text_New__c,Name,OwnerId,Read__c,Related_Object_Id__c,Related_Object__c,Sender_Number__c, Sender_Name__c,ToNumber__c,Attachments_Ids__c FROM Message__c WHERE Name = 'Incoming' AND Read__c = false ORDER BY CreatedDate Desc limit 100
21:45:50.0 (27990960)|SOQL_EXECUTE_END|[37]|Rows:16
21:45:50.0 (31486123)|ENTERING_MANAGED_PKG|tdc_tsw
21:45:50.0 (33050304)|ENTERING_MANAGED_PKG|tdc_tsw
21:45:50.0 (33482788)|ENTERING_MANAGED_PKG|tdc_tsw
21:45:50.0 (34138821)|ENTERING_MANAGED_PKG|tdc_tsw
21:45:50.0 (36736855)|ENTERING_MANAGED_PKG|tdc_tsw
21:45:50.0 (37509557)|ENTERING_MANAGED_PKG|tdc_tsw
21:45:50.0 (37759318)|ENTERING_MANAGED_PKG|tdc_tsw
21:45:50.0 (38151062)|ENTERING_MANAGED_PKG|tdc_tsw
21:45:50.0 (39228760)|ENTERING_MANAGED_PKG|tdc_tsw
21:45:50.0 (39977005)|ENTERING_MANAGED_PKG|tdc_tsw
21:45:50.0 (40210357)|ENTERING_MANAGED_PKG|tdc_tsw
21:45:50.0 (40597291)|ENTERING_MANAGED_PKG|tdc_tsw
21:45:50.0 (41725640)|ENTERING_MANAGED_PKG|tdc_tsw
21:45:50.0 (42353489)|ENTERING_MANAGED_PKG|tdc_tsw
21:45:50.0 (42428181)|ENTERING_MANAGED_PKG|tdc_tsw
21:45:50.0 (42897312)|SOQL_EXECUTE_BEGIN|[200]|Aggregations:0|SELECT Name, NamespacePrefix, SystemModStamp FROM StaticResource WHERE Name LIKE :tmpVar1 LIMIT 10
21:45:50.0 (45329639)|SOQL_EXECUTE_END|[200]|Rows:1
21:45:50.0 (45990091)|ENTERING_MANAGED_PKG|tdc_tsw
21:45:50.0 (46335811)|SOQL_EXECUTE_BEGIN|[200]|Aggregations:0|SELECT Name, NamespacePrefix, SystemModStamp FROM StaticResource WHERE Name LIKE :tmpVar1 LIMIT 10
21:45:50.0 (51511264)|SOQL_EXECUTE_END|[200]|Rows:1
21:45:50.0 (51887065)|ENTERING_MANAGED_PKG|tdc_tsw
21:45:50.0 (54821572)|ENTERING_MANAGED_PKG|tdc_tsw
21:45:50.0 (57802323)|ENTERING_MANAGED_PKG|tdc_tsw
21:45:50.0 (58115053)|ENTERING_MANAGED_PKG|tdc_tsw
21:45:50.0 (58932796)|ENTERING_MANAGED_PKG|tdc_tsw
21:45:50.0 (59314264)|SOQL_EXECUTE_BEGIN|[200]|Aggregations:0|SELECT Name, NamespacePrefix, SystemModStamp FROM StaticResource WHERE Name LIKE :tmpVar1 LIMIT 10
21:45:50.0 (61487742)|SOQL_EXECUTE_END|[200]|Rows:1
21:45:50.66 (66380033)|USER_INFO|[EXTERNAL]|0051H000009gxp8|chanida.dev2@solvedbysoftwareco.com|Eastern Standard Time|GMT-05:00
21:45:50.66 (67692267)|ENTERING_MANAGED_PKG|tdc_tsw
21:45:50.66 (67834153)|ENTERING_MANAGED_PKG|tdc_tsw
21:45:50.66 (69977228)|SOQL_EXECUTE_BEGIN|[355]|Aggregations:0|SELECT id, name, Disable_Incoming_SMS_Sharing__c FROM User WHERE id = :tmpVar1
21:45:50.66 (75163430)|SOQL_EXECUTE_END|[355]|Rows:1
21:45:50.66 (76037172)|SOQL_EXECUTE_BEGIN|[367]|Aggregations:0|SELECT CreatedDate,Id,LastModifiedDate,Related_Object_Id__c FROM Message__c WHERE Name = 'Incoming' AND Read__c = false ORDER BY CreatedDate Desc limit 100
21:45:50.66 (81068317)|SOQL_EXECUTE_END|[367]|Rows:16
