44.0 APEX_CODE,FINEST;APEX_PROFILING,INFO;CALLOUT,INFO;DB,INFO;NBA,INFO;SYSTEM,DEBUG;VALIDATION,INFO;VISUALFORCE,INFO;WAVE,INFO;WORKFLOW,INFO
21:25:03.0 (118508)|USER_INFO|[EXTERNAL]|0051H000009gxp8|chanida.dev2@solvedbysoftwareco.com|Eastern Standard Time|GMT-05:00
21:25:03.0 (1749769)|ENTERING_MANAGED_PKG|tdc_tsw
21:25:03.0 (2240295)|ENTERING_MANAGED_PKG|tdc_tsw
21:25:03.0 (6149801)|SOQL_EXECUTE_BEGIN|[16]|Aggregations:0|SELECT id, name, Disable_Incoming_SMS_Sharing__c FROM User WHERE id = :tmpVar1
21:25:03.0 (13262589)|SOQL_EXECUTE_END|[16]|Rows:1
21:25:03.0 (18903186)|SOQL_EXECUTE_BEGIN|[37]|Aggregations:0|SELECT CreatedDate,Created_Date__c,Id,LastModifiedDate,MessageId__c,Message_Text_New__c,Name,OwnerId,Read__c,Related_Object_Id__c,Related_Object__c,Sender_Number__c, Sender_Name__c,ToNumber__c,Attachments_Ids__c FROM Message__c WHERE Name = 'Incoming' AND Read__c = false ORDER BY CreatedDate Desc limit 100
21:25:03.0 (32009116)|SOQL_EXECUTE_END|[37]|Rows:16
21:25:03.0 (35886063)|ENTERING_MANAGED_PKG|tdc_tsw
21:25:03.0 (37500000)|ENTERING_MANAGED_PKG|tdc_tsw
21:25:03.0 (37950121)|ENTERING_MANAGED_PKG|tdc_tsw
21:25:03.0 (38667041)|ENTERING_MANAGED_PKG|tdc_tsw
21:25:03.0 (41894577)|ENTERING_MANAGED_PKG|tdc_tsw
21:25:03.0 (43273484)|ENTERING_MANAGED_PKG|tdc_tsw
21:25:03.0 (43678159)|ENTERING_MANAGED_PKG|tdc_tsw
21:25:03.0 (44372796)|ENTERING_MANAGED_PKG|tdc_tsw
21:25:03.0 (46132965)|ENTERING_MANAGED_PKG|tdc_tsw
21:25:03.0 (47383647)|ENTERING_MANAGED_PKG|tdc_tsw
21:25:03.0 (47740324)|ENTERING_MANAGED_PKG|tdc_tsw
21:25:03.0 (48402961)|ENTERING_MANAGED_PKG|tdc_tsw
21:25:03.0 (50364687)|ENTERING_MANAGED_PKG|tdc_tsw
21:25:03.0 (51433011)|ENTERING_MANAGED_PKG|tdc_tsw
21:25:03.0 (51544031)|ENTERING_MANAGED_PKG|tdc_tsw
21:25:03.0 (52513648)|SOQL_EXECUTE_BEGIN|[200]|Aggregations:0|SELECT Name, NamespacePrefix, SystemModStamp FROM StaticResource WHERE Name LIKE :tmpVar1 LIMIT 10
21:25:03.0 (56765678)|SOQL_EXECUTE_END|[200]|Rows:1
21:25:03.0 (57912985)|ENTERING_MANAGED_PKG|tdc_tsw
21:25:03.0 (58372835)|SOQL_EXECUTE_BEGIN|[200]|Aggregations:0|SELECT Name, NamespacePrefix, SystemModStamp FROM StaticResource WHERE Name LIKE :tmpVar1 LIMIT 10
21:25:03.0 (61216561)|SOQL_EXECUTE_END|[200]|Rows:1
21:25:03.0 (61681158)|ENTERING_MANAGED_PKG|tdc_tsw
21:25:03.0 (65112592)|ENTERING_MANAGED_PKG|tdc_tsw
21:25:03.0 (66615484)|ENTERING_MANAGED_PKG|tdc_tsw
21:25:03.0 (66914746)|ENTERING_MANAGED_PKG|tdc_tsw
21:25:03.0 (67929104)|ENTERING_MANAGED_PKG|tdc_tsw
21:25:03.0 (68413641)|SOQL_EXECUTE_BEGIN|[200]|Aggregations:0|SELECT Name, NamespacePrefix, SystemModStamp FROM StaticResource WHERE Name LIKE :tmpVar1 LIMIT 10
21:25:03.0 (71973735)|SOQL_EXECUTE_END|[200]|Rows:1
21:25:03.77 (77364344)|USER_INFO|[EXTERNAL]|0051H000009gxp8|chanida.dev2@solvedbysoftwareco.com|Eastern Standard Time|GMT-05:00
21:25:03.77 (78706105)|ENTERING_MANAGED_PKG|tdc_tsw
21:25:03.77 (78917535)|ENTERING_MANAGED_PKG|tdc_tsw
21:25:03.77 (81410258)|SOQL_EXECUTE_BEGIN|[355]|Aggregations:0|SELECT id, name, Disable_Incoming_SMS_Sharing__c FROM User WHERE id = :tmpVar1
21:25:03.77 (87981042)|SOQL_EXECUTE_END|[355]|Rows:1
21:25:03.77 (89155066)|SOQL_EXECUTE_BEGIN|[367]|Aggregations:0|SELECT CreatedDate,Id,LastModifiedDate,Related_Object_Id__c FROM Message__c WHERE Name = 'Incoming' AND Read__c = false ORDER BY CreatedDate Desc limit 100
21:25:03.77 (95307314)|SOQL_EXECUTE_END|[367]|Rows:16
