44.0 APEX_CODE,FINEST;APEX_PROFILING,INFO;CALLOUT,INFO;DB,INFO;NBA,INFO;SYSTEM,DEBUG;VALIDATION,INFO;VISUALFORCE,INFO;WAVE,INFO;WORKFLOW,INFO
21:38:03.0 (122564)|USER_INFO|[EXTERNAL]|0051H000009gxp8|chanida.dev2@solvedbysoftwareco.com|Eastern Standard Time|GMT-05:00
21:38:03.0 (1697865)|ENTERING_MANAGED_PKG|tdc_tsw
21:38:03.0 (2452553)|ENTERING_MANAGED_PKG|tdc_tsw
21:38:03.0 (6280918)|SOQL_EXECUTE_BEGIN|[16]|Aggregations:0|SELECT id, name, Disable_Incoming_SMS_Sharing__c FROM User WHERE id = :tmpVar1
21:38:03.0 (13673771)|SOQL_EXECUTE_END|[16]|Rows:1
21:38:03.0 (19314153)|SOQL_EXECUTE_BEGIN|[37]|Aggregations:0|SELECT CreatedDate,Created_Date__c,Id,LastModifiedDate,MessageId__c,Message_Text_New__c,Name,OwnerId,Read__c,Related_Object_Id__c,Related_Object__c,Sender_Number__c, Sender_Name__c,ToNumber__c,Attachments_Ids__c FROM Message__c WHERE Name = 'Incoming' AND Read__c = false ORDER BY CreatedDate Desc limit 100
21:38:03.0 (29914058)|SOQL_EXECUTE_END|[37]|Rows:16
21:38:03.0 (33754503)|ENTERING_MANAGED_PKG|tdc_tsw
21:38:03.0 (35507672)|ENTERING_MANAGED_PKG|tdc_tsw
21:38:03.0 (35955652)|ENTERING_MANAGED_PKG|tdc_tsw
21:38:03.0 (36641900)|ENTERING_MANAGED_PKG|tdc_tsw
21:38:03.0 (39551550)|ENTERING_MANAGED_PKG|tdc_tsw
21:38:03.0 (40364082)|ENTERING_MANAGED_PKG|tdc_tsw
21:38:03.0 (40628206)|ENTERING_MANAGED_PKG|tdc_tsw
21:38:03.0 (41056224)|ENTERING_MANAGED_PKG|tdc_tsw
21:38:03.0 (42186678)|ENTERING_MANAGED_PKG|tdc_tsw
21:38:03.0 (42964937)|ENTERING_MANAGED_PKG|tdc_tsw
21:38:03.0 (43199812)|ENTERING_MANAGED_PKG|tdc_tsw
21:38:03.0 (43606225)|ENTERING_MANAGED_PKG|tdc_tsw
21:38:03.0 (44817476)|ENTERING_MANAGED_PKG|tdc_tsw
21:38:03.0 (45827674)|ENTERING_MANAGED_PKG|tdc_tsw
21:38:03.0 (45901638)|ENTERING_MANAGED_PKG|tdc_tsw
21:38:03.0 (46527635)|SOQL_EXECUTE_BEGIN|[200]|Aggregations:0|SELECT Name, NamespacePrefix, SystemModStamp FROM StaticResource WHERE Name LIKE :tmpVar1 LIMIT 10
21:38:03.0 (49952837)|SOQL_EXECUTE_END|[200]|Rows:1
21:38:03.0 (50740157)|ENTERING_MANAGED_PKG|tdc_tsw
21:38:03.0 (51127642)|SOQL_EXECUTE_BEGIN|[200]|Aggregations:0|SELECT Name, NamespacePrefix, SystemModStamp FROM StaticResource WHERE Name LIKE :tmpVar1 LIMIT 10
21:38:03.0 (53295226)|SOQL_EXECUTE_END|[200]|Rows:1
21:38:03.0 (53686022)|ENTERING_MANAGED_PKG|tdc_tsw
21:38:03.0 (56986287)|ENTERING_MANAGED_PKG|tdc_tsw
21:38:03.0 (58495964)|ENTERING_MANAGED_PKG|tdc_tsw
21:38:03.0 (58804340)|ENTERING_MANAGED_PKG|tdc_tsw
21:38:03.0 (59804221)|ENTERING_MANAGED_PKG|tdc_tsw
21:38:03.0 (60262162)|SOQL_EXECUTE_BEGIN|[200]|Aggregations:0|SELECT Name, NamespacePrefix, SystemModStamp FROM StaticResource WHERE Name LIKE :tmpVar1 LIMIT 10
21:38:03.0 (62919735)|SOQL_EXECUTE_END|[200]|Rows:1
21:38:03.78 (78865466)|USER_INFO|[EXTERNAL]|0051H000009gxp8|chanida.dev2@solvedbysoftwareco.com|Eastern Standard Time|GMT-05:00
21:38:03.78 (80265247)|ENTERING_MANAGED_PKG|tdc_tsw
21:38:03.78 (80494337)|ENTERING_MANAGED_PKG|tdc_tsw
21:38:03.78 (83123620)|SOQL_EXECUTE_BEGIN|[355]|Aggregations:0|SELECT id, name, Disable_Incoming_SMS_Sharing__c FROM User WHERE id = :tmpVar1
21:38:03.78 (89420242)|SOQL_EXECUTE_END|[355]|Rows:1
21:38:03.78 (90597359)|SOQL_EXECUTE_BEGIN|[367]|Aggregations:0|SELECT CreatedDate,Id,LastModifiedDate,Related_Object_Id__c FROM Message__c WHERE Name = 'Incoming' AND Read__c = false ORDER BY CreatedDate Desc limit 100
21:38:03.78 (96867014)|SOQL_EXECUTE_END|[367]|Rows:16
