44.0 APEX_CODE,FINEST;APEX_PROFILING,INFO;CALLOUT,INFO;DB,INFO;NBA,INFO;SYSTEM,DEBUG;VALIDATION,INFO;VISUALFORCE,INFO;WAVE,INFO;WORKFLOW,INFO
21:51:46.0 (148696)|USER_INFO|[EXTERNAL]|0051H000009gxp8|chanida.dev2@solvedbysoftwareco.com|Eastern Standard Time|GMT-05:00
21:51:46.0 (1746210)|ENTERING_MANAGED_PKG|tdc_tsw
21:51:46.0 (2347413)|ENTERING_MANAGED_PKG|tdc_tsw
21:51:46.0 (6656336)|SOQL_EXECUTE_BEGIN|[16]|Aggregations:0|SELECT id, name, Disable_Incoming_SMS_Sharing__c FROM User WHERE id = :tmpVar1
21:51:46.0 (16494900)|SOQL_EXECUTE_END|[16]|Rows:1
21:51:46.0 (23179439)|SOQL_EXECUTE_BEGIN|[37]|Aggregations:0|SELECT CreatedDate,Created_Date__c,Id,LastModifiedDate,MessageId__c,Message_Text_New__c,Name,OwnerId,Read__c,Related_Object_Id__c,Related_Object__c,Sender_Number__c, Sender_Name__c,ToNumber__c,Attachments_Ids__c FROM Message__c WHERE Name = 'Incoming' AND Read__c = false ORDER BY CreatedDate Desc limit 100
21:51:46.0 (37524299)|SOQL_EXECUTE_END|[37]|Rows:16
21:51:46.0 (42275959)|ENTERING_MANAGED_PKG|tdc_tsw
21:51:46.0 (44471324)|ENTERING_MANAGED_PKG|tdc_tsw
21:51:46.0 (45035164)|ENTERING_MANAGED_PKG|tdc_tsw
21:51:46.0 (45934460)|ENTERING_MANAGED_PKG|tdc_tsw
21:51:46.0 (49232850)|ENTERING_MANAGED_PKG|tdc_tsw
21:51:46.0 (50236856)|ENTERING_MANAGED_PKG|tdc_tsw
21:51:46.0 (50571707)|ENTERING_MANAGED_PKG|tdc_tsw
21:51:46.0 (51096899)|ENTERING_MANAGED_PKG|tdc_tsw
21:51:46.0 (52522615)|ENTERING_MANAGED_PKG|tdc_tsw
21:51:46.0 (53509707)|ENTERING_MANAGED_PKG|tdc_tsw
21:51:46.0 (53804673)|ENTERING_MANAGED_PKG|tdc_tsw
21:51:46.0 (54327200)|ENTERING_MANAGED_PKG|tdc_tsw
21:51:46.0 (55821422)|ENTERING_MANAGED_PKG|tdc_tsw
21:51:46.0 (56590538)|ENTERING_MANAGED_PKG|tdc_tsw
21:51:46.0 (56683491)|ENTERING_MANAGED_PKG|tdc_tsw
21:51:46.0 (57455099)|SOQL_EXECUTE_BEGIN|[200]|Aggregations:0|SELECT Name, NamespacePrefix, SystemModStamp FROM StaticResource WHERE Name LIKE :tmpVar1 LIMIT 10
21:51:46.0 (61096334)|SOQL_EXECUTE_END|[200]|Rows:1
21:51:46.0 (61997871)|ENTERING_MANAGED_PKG|tdc_tsw
21:51:46.0 (62456251)|SOQL_EXECUTE_BEGIN|[200]|Aggregations:0|SELECT Name, NamespacePrefix, SystemModStamp FROM StaticResource WHERE Name LIKE :tmpVar1 LIMIT 10
21:51:46.0 (64942211)|SOQL_EXECUTE_END|[200]|Rows:1
21:51:46.0 (65424555)|ENTERING_MANAGED_PKG|tdc_tsw
21:51:46.0 (69340328)|ENTERING_MANAGED_PKG|tdc_tsw
21:51:46.0 (71284623)|ENTERING_MANAGED_PKG|tdc_tsw
21:51:46.0 (71658582)|ENTERING_MANAGED_PKG|tdc_tsw
21:51:46.0 (72648302)|ENTERING_MANAGED_PKG|tdc_tsw
21:51:46.0 (73113396)|SOQL_EXECUTE_BEGIN|[200]|Aggregations:0|SELECT Name, NamespacePrefix, SystemModStamp FROM StaticResource WHERE Name LIKE :tmpVar1 LIMIT 10
21:51:46.0 (75697547)|SOQL_EXECUTE_END|[200]|Rows:1
21:51:46.94 (94045923)|USER_INFO|[EXTERNAL]|0051H000009gxp8|chanida.dev2@solvedbysoftwareco.com|Eastern Standard Time|GMT-05:00
21:51:46.94 (95541114)|ENTERING_MANAGED_PKG|tdc_tsw
21:51:46.94 (95798329)|ENTERING_MANAGED_PKG|tdc_tsw
21:51:46.94 (98877491)|SOQL_EXECUTE_BEGIN|[355]|Aggregations:0|SELECT id, name, Disable_Incoming_SMS_Sharing__c FROM User WHERE id = :tmpVar1
21:51:46.94 (106465525)|SOQL_EXECUTE_END|[355]|Rows:1
21:51:46.94 (107715240)|SOQL_EXECUTE_BEGIN|[367]|Aggregations:0|SELECT CreatedDate,Id,LastModifiedDate,Related_Object_Id__c FROM Message__c WHERE Name = 'Incoming' AND Read__c = false ORDER BY CreatedDate Desc limit 100
21:51:46.94 (114246611)|SOQL_EXECUTE_END|[367]|Rows:16
