44.0 APEX_CODE,FINEST;APEX_PROFILING,INFO;CALLOUT,INFO;DB,INFO;NBA,INFO;SYSTEM,DEBUG;VALIDATION,INFO;VISUALFORCE,INFO;WAVE,INFO;WORKFLOW,INFO
20:21:11.0 (138494)|USER_INFO|[EXTERNAL]|0051H000009gxp8|chanida.dev2@solvedbysoftwareco.com|Eastern Standard Time|GMT-05:00
20:21:11.0 (2257616)|ENTERING_MANAGED_PKG|tdc_tsw
20:21:11.0 (2423823)|ENTERING_MANAGED_PKG|tdc_tsw
20:21:11.0 (8529785)|ENTERING_MANAGED_PKG|tdc_tsw
20:21:11.0 (8574980)|ENTERING_MANAGED_PKG|tdc_tsw
20:21:11.0 (11585081)|ENTERING_MANAGED_PKG|tdc_tsw
20:21:11.0 (18594367)|ENTERING_MANAGED_PKG|tdc_tsw
20:21:11.0 (20043735)|ENTERING_MANAGED_PKG|tdc_tsw
20:21:11.0 (20121114)|ENTERING_MANAGED_PKG|tdc_tsw
20:21:11.0 (21251889)|ENTERING_MANAGED_PKG|tdc_tsw
20:21:11.0 (27242798)|SOQL_EXECUTE_BEGIN|[82]|Aggregations:0|SELECT CreatedDate, Id,Task_Created__c,Event_Created__c,isCaseCreated__c,Task_Id__c,Event_Id__c,Case__c, Important__c, Delivered__c, Message_Text_New__c, Name, Owner.Name, Read__c,MessageId__c, ToNumber__c, Related_Object_Id__c, Related_Object__c, Sender_Number__c, LastModifiedDate, Attachments_Ids__c FROM Message__c WHERE Contact__c =: recordId ORDER BY CreatedDate Desc limit 200
20:21:11.0 (39164670)|SOQL_EXECUTE_END|[82]|Rows:2
20:21:11.0 (43704170)|ENTERING_MANAGED_PKG|tdc_tsw
20:21:11.0 (44020204)|ENTERING_MANAGED_PKG|tdc_tsw
20:21:11.0 (44098146)|ENTERING_MANAGED_PKG|tdc_tsw
20:21:11.0 (44661693)|SOQL_EXECUTE_BEGIN|[200]|Aggregations:0|SELECT Name, NamespacePrefix, SystemModStamp FROM StaticResource WHERE Name LIKE :tmpVar1 LIMIT 10
20:21:11.0 (47233073)|SOQL_EXECUTE_END|[200]|Rows:1
20:21:11.0 (49202385)|ENTERING_MANAGED_PKG|tdc_tsw
20:21:11.0 (50780580)|ENTERING_MANAGED_PKG|tdc_tsw
20:21:11.0 (50828138)|ENTERING_MANAGED_PKG|tdc_tsw
20:21:11.0 (52610648)|ENTERING_MANAGED_PKG|tdc_tsw
20:21:11.0 (53369849)|ENTERING_MANAGED_PKG|tdc_tsw
20:21:11.0 (57496495)|SOQL_EXECUTE_BEGIN|[172]|Aggregations:0|SELECT id, name FROM ChatTranscript__c WHERE (Chat_Active__c = TRUE AND (Related_Object_Id__c = :tmpVar1 OR Related_Object_Id__c = :tmpVar2)) LIMIT 1
20:21:11.0 (60831914)|SOQL_EXECUTE_END|[172]|Rows:0
20:21:11.0 (64153474)|ENTERING_MANAGED_PKG|tdc_tsw
20:21:11.0 (64192799)|ENTERING_MANAGED_PKG|tdc_tsw
