44.0 APEX_CODE,FINEST;APEX_PROFILING,INFO;CALLOUT,INFO;DB,INFO;NBA,INFO;SYSTEM,DEBUG;VALIDATION,INFO;VISUALFORCE,INFO;WAVE,INFO;WORKFLOW,INFO
15:52:58.0 (146044)|USER_INFO|[EXTERNAL]|0051H000009gxp8|chanida.dev2@solvedbysoftwareco.com|Eastern Standard Time|GMT-05:00
15:52:58.0 (2099235)|ENTERING_MANAGED_PKG|tdc_tsw
15:52:58.0 (2530167)|ENTERING_MANAGED_PKG|tdc_tsw
15:52:58.0 (6373938)|SOQL_EXECUTE_BEGIN|[16]|Aggregations:0|SELECT id, name, Disable_Incoming_SMS_Sharing__c FROM User WHERE id = :tmpVar1
15:52:58.0 (13882076)|SOQL_EXECUTE_END|[16]|Rows:1
15:52:58.0 (19802613)|SOQL_EXECUTE_BEGIN|[37]|Aggregations:0|SELECT CreatedDate,Created_Date__c,Id,LastModifiedDate,MessageId__c,Message_Text_New__c,Name,OwnerId,Read__c,Related_Object_Id__c,Related_Object__c,Sender_Number__c, Sender_Name__c,ToNumber__c,Attachments_Ids__c FROM Message__c WHERE Name = 'Incoming' AND Read__c = false ORDER BY CreatedDate Desc limit 100
15:52:58.0 (38150971)|SOQL_EXECUTE_END|[37]|Rows:100
15:52:58.0 (56387051)|ENTERING_MANAGED_PKG|tdc_tsw
15:52:58.0 (58433617)|ENTERING_MANAGED_PKG|tdc_tsw
15:52:58.0 (58891778)|ENTERING_MANAGED_PKG|tdc_tsw
15:52:58.0 (59639686)|ENTERING_MANAGED_PKG|tdc_tsw
15:52:58.0 (62551535)|ENTERING_MANAGED_PKG|tdc_tsw
15:52:58.0 (63326458)|ENTERING_MANAGED_PKG|tdc_tsw
15:52:58.0 (63595454)|ENTERING_MANAGED_PKG|tdc_tsw
15:52:58.0 (64014450)|ENTERING_MANAGED_PKG|tdc_tsw
15:52:58.0 (65180782)|ENTERING_MANAGED_PKG|tdc_tsw
15:52:58.0 (65946339)|ENTERING_MANAGED_PKG|tdc_tsw
15:52:58.0 (66220504)|ENTERING_MANAGED_PKG|tdc_tsw
15:52:58.0 (66633815)|ENTERING_MANAGED_PKG|tdc_tsw
15:52:58.0 (67867760)|ENTERING_MANAGED_PKG|tdc_tsw
15:52:58.0 (68643650)|ENTERING_MANAGED_PKG|tdc_tsw
15:52:58.0 (68885999)|ENTERING_MANAGED_PKG|tdc_tsw
15:52:58.0 (69328208)|ENTERING_MANAGED_PKG|tdc_tsw
15:52:58.0 (70469142)|ENTERING_MANAGED_PKG|tdc_tsw
15:52:58.0 (71286580)|ENTERING_MANAGED_PKG|tdc_tsw
15:52:58.0 (71538508)|ENTERING_MANAGED_PKG|tdc_tsw
15:52:58.0 (71945859)|ENTERING_MANAGED_PKG|tdc_tsw
15:52:58.0 (108622324)|ENTERING_MANAGED_PKG|tdc_tsw
15:52:58.0 (109899713)|ENTERING_MANAGED_PKG|tdc_tsw
15:52:58.0 (110297542)|ENTERING_MANAGED_PKG|tdc_tsw
15:52:58.0 (111012630)|ENTERING_MANAGED_PKG|tdc_tsw
15:52:58.0 (112844437)|ENTERING_MANAGED_PKG|tdc_tsw
15:52:58.0 (113951714)|ENTERING_MANAGED_PKG|tdc_tsw
15:52:58.0 (114398878)|ENTERING_MANAGED_PKG|tdc_tsw
15:52:58.0 (114894816)|ENTERING_MANAGED_PKG|tdc_tsw
15:52:58.0 (116120522)|ENTERING_MANAGED_PKG|tdc_tsw
15:52:58.0 (116927374)|ENTERING_MANAGED_PKG|tdc_tsw
15:52:58.0 (117193108)|ENTERING_MANAGED_PKG|tdc_tsw
15:52:58.0 (117644287)|ENTERING_MANAGED_PKG|tdc_tsw
15:52:58.0 (118806053)|ENTERING_MANAGED_PKG|tdc_tsw
15:52:58.0 (119584981)|ENTERING_MANAGED_PKG|tdc_tsw
15:52:58.0 (119828382)|ENTERING_MANAGED_PKG|tdc_tsw
15:52:58.0 (120244877)|ENTERING_MANAGED_PKG|tdc_tsw
15:52:58.0 (121387986)|ENTERING_MANAGED_PKG|tdc_tsw
15:52:58.0 (122162242)|ENTERING_MANAGED_PKG|tdc_tsw
15:52:58.0 (122406986)|ENTERING_MANAGED_PKG|tdc_tsw
15:52:58.0 (122839041)|ENTERING_MANAGED_PKG|tdc_tsw
15:52:58.0 (123998850)|ENTERING_MANAGED_PKG|tdc_tsw
15:52:58.0 (124784729)|ENTERING_MANAGED_PKG|tdc_tsw
15:52:58.0 (125040515)|ENTERING_MANAGED_PKG|tdc_tsw
15:52:58.0 (125464419)|ENTERING_MANAGED_PKG|tdc_tsw
15:52:58.0 (126668948)|ENTERING_MANAGED_PKG|tdc_tsw
15:52:58.0 (127779007)|ENTERING_MANAGED_PKG|tdc_tsw
15:52:58.0 (128011708)|ENTERING_MANAGED_PKG|tdc_tsw
15:52:58.0 (128445772)|ENTERING_MANAGED_PKG|tdc_tsw
15:52:58.0 (129618396)|ENTERING_MANAGED_PKG|tdc_tsw
15:52:58.0 (130394727)|ENTERING_MANAGED_PKG|tdc_tsw
15:52:58.0 (130640387)|ENTERING_MANAGED_PKG|tdc_tsw
15:52:58.0 (131109383)|ENTERING_MANAGED_PKG|tdc_tsw
15:52:58.0 (132313113)|ENTERING_MANAGED_PKG|tdc_tsw
15:52:58.0 (133085904)|ENTERING_MANAGED_PKG|tdc_tsw
15:52:58.0 (133341936)|ENTERING_MANAGED_PKG|tdc_tsw
15:52:58.0 (133801302)|ENTERING_MANAGED_PKG|tdc_tsw
15:52:58.0 (134954205)|ENTERING_MANAGED_PKG|tdc_tsw
15:52:58.0 (135783201)|ENTERING_MANAGED_PKG|tdc_tsw
15:52:58.0 (136032065)|ENTERING_MANAGED_PKG|tdc_tsw
15:52:58.0 (136451655)|ENTERING_MANAGED_PKG|tdc_tsw
15:52:58.0 (137625574)|ENTERING_MANAGED_PKG|tdc_tsw
15:52:58.0 (138400380)|ENTERING_MANAGED_PKG|tdc_tsw
15:52:58.0 (138646104)|ENTERING_MANAGED_PKG|tdc_tsw
15:52:58.0 (139059079)|ENTERING_MANAGED_PKG|tdc_tsw
15:52:58.0 (140221888)|ENTERING_MANAGED_PKG|tdc_tsw
15:52:58.0 (141007700)|ENTERING_MANAGED_PKG|tdc_tsw
15:52:58.0 (141261212)|ENTERING_MANAGED_PKG|tdc_tsw
15:52:58.0 (141671276)|ENTERING_MANAGED_PKG|tdc_tsw
15:52:58.0 (142872738)|ENTERING_MANAGED_PKG|tdc_tsw
15:52:58.0 (143645063)|ENTERING_MANAGED_PKG|tdc_tsw
15:52:58.0 (143887995)|ENTERING_MANAGED_PKG|tdc_tsw
15:52:58.0 (144312885)|ENTERING_MANAGED_PKG|tdc_tsw
15:52:58.0 (145462723)|ENTERING_MANAGED_PKG|tdc_tsw
15:52:58.0 (146230963)|ENTERING_MANAGED_PKG|tdc_tsw
15:52:58.0 (146477271)|ENTERING_MANAGED_PKG|tdc_tsw
15:52:58.0 (146896718)|ENTERING_MANAGED_PKG|tdc_tsw
15:52:58.0 (148086463)|ENTERING_MANAGED_PKG|tdc_tsw
15:52:58.0 (148877875)|ENTERING_MANAGED_PKG|tdc_tsw
15:52:58.0 (149128605)|ENTERING_MANAGED_PKG|tdc_tsw
15:52:58.0 (149641262)|ENTERING_MANAGED_PKG|tdc_tsw
15:52:58.0 (150789295)|ENTERING_MANAGED_PKG|tdc_tsw
15:52:58.0 (151619911)|ENTERING_MANAGED_PKG|tdc_tsw
15:52:58.0 (151871337)|ENTERING_MANAGED_PKG|tdc_tsw
15:52:58.0 (152324057)|ENTERING_MANAGED_PKG|tdc_tsw
15:52:58.0 (153510884)|ENTERING_MANAGED_PKG|tdc_tsw
15:52:58.0 (154313187)|ENTERING_MANAGED_PKG|tdc_tsw
15:52:58.0 (154557506)|ENTERING_MANAGED_PKG|tdc_tsw
15:52:58.0 (154970286)|ENTERING_MANAGED_PKG|tdc_tsw
15:52:58.0 (156129504)|ENTERING_MANAGED_PKG|tdc_tsw
15:52:58.0 (156887452)|ENTERING_MANAGED_PKG|tdc_tsw
15:52:58.0 (157137744)|ENTERING_MANAGED_PKG|tdc_tsw
15:52:58.0 (157575117)|ENTERING_MANAGED_PKG|tdc_tsw
15:52:58.0 (158730483)|ENTERING_MANAGED_PKG|tdc_tsw
15:52:58.0 (159501207)|ENTERING_MANAGED_PKG|tdc_tsw
15:52:58.0 (159745447)|ENTERING_MANAGED_PKG|tdc_tsw
15:52:58.0 (160168713)|ENTERING_MANAGED_PKG|tdc_tsw
15:52:58.0 (161315442)|ENTERING_MANAGED_PKG|tdc_tsw
15:52:58.0 (162075812)|ENTERING_MANAGED_PKG|tdc_tsw
15:52:58.0 (162327222)|ENTERING_MANAGED_PKG|tdc_tsw
15:52:58.0 (162738919)|ENTERING_MANAGED_PKG|tdc_tsw
15:52:58.0 (163882367)|ENTERING_MANAGED_PKG|tdc_tsw
15:52:58.0 (164657789)|ENTERING_MANAGED_PKG|tdc_tsw
15:52:58.0 (164901648)|ENTERING_MANAGED_PKG|tdc_tsw
15:52:58.0 (165318492)|ENTERING_MANAGED_PKG|tdc_tsw
15:52:58.0 (166480589)|ENTERING_MANAGED_PKG|tdc_tsw
15:52:58.0 (167269274)|ENTERING_MANAGED_PKG|tdc_tsw
15:52:58.0 (167528272)|ENTERING_MANAGED_PKG|tdc_tsw
15:52:58.0 (167938816)|ENTERING_MANAGED_PKG|tdc_tsw
15:52:58.0 (169082984)|ENTERING_MANAGED_PKG|tdc_tsw
15:52:58.0 (169852620)|ENTERING_MANAGED_PKG|tdc_tsw
15:52:58.0 (170096896)|ENTERING_MANAGED_PKG|tdc_tsw
15:52:58.0 (170515810)|ENTERING_MANAGED_PKG|tdc_tsw
15:52:58.0 (171649381)|ENTERING_MANAGED_PKG|tdc_tsw
15:52:58.0 (172394716)|ENTERING_MANAGED_PKG|tdc_tsw
15:52:58.0 (172630908)|ENTERING_MANAGED_PKG|tdc_tsw
15:52:58.0 (173054321)|ENTERING_MANAGED_PKG|tdc_tsw
15:52:58.0 (174229689)|ENTERING_MANAGED_PKG|tdc_tsw
15:52:58.0 (174994751)|ENTERING_MANAGED_PKG|tdc_tsw
15:52:58.0 (175242772)|ENTERING_MANAGED_PKG|tdc_tsw
15:52:58.0 (175654497)|ENTERING_MANAGED_PKG|tdc_tsw
15:52:58.0 (176795870)|ENTERING_MANAGED_PKG|tdc_tsw
15:52:58.0 (177561409)|ENTERING_MANAGED_PKG|tdc_tsw
15:52:58.0 (177806994)|ENTERING_MANAGED_PKG|tdc_tsw
15:52:58.0 (178260717)|ENTERING_MANAGED_PKG|tdc_tsw
15:52:58.0 (179412646)|ENTERING_MANAGED_PKG|tdc_tsw
15:52:58.0 (180179797)|ENTERING_MANAGED_PKG|tdc_tsw
15:52:58.0 (180438756)|ENTERING_MANAGED_PKG|tdc_tsw
15:52:58.0 (180854109)|ENTERING_MANAGED_PKG|tdc_tsw
15:52:58.0 (182020146)|ENTERING_MANAGED_PKG|tdc_tsw
15:52:58.0 (182789379)|ENTERING_MANAGED_PKG|tdc_tsw
15:52:58.0 (183029700)|ENTERING_MANAGED_PKG|tdc_tsw
15:52:58.0 (183449164)|ENTERING_MANAGED_PKG|tdc_tsw
15:52:58.0 (184590899)|ENTERING_MANAGED_PKG|tdc_tsw
15:52:58.0 (185352127)|ENTERING_MANAGED_PKG|tdc_tsw
15:52:58.0 (185596980)|ENTERING_MANAGED_PKG|tdc_tsw
15:52:58.0 (186006697)|ENTERING_MANAGED_PKG|tdc_tsw
15:52:58.0 (187152531)|ENTERING_MANAGED_PKG|tdc_tsw
15:52:58.0 (187914260)|ENTERING_MANAGED_PKG|tdc_tsw
15:52:58.0 (188163936)|ENTERING_MANAGED_PKG|tdc_tsw
15:52:58.0 (188574343)|ENTERING_MANAGED_PKG|tdc_tsw
15:52:58.0 (189718841)|ENTERING_MANAGED_PKG|tdc_tsw
15:52:58.0 (190485402)|ENTERING_MANAGED_PKG|tdc_tsw
15:52:58.0 (190729837)|ENTERING_MANAGED_PKG|tdc_tsw
15:52:58.0 (191144786)|ENTERING_MANAGED_PKG|tdc_tsw
15:52:58.0 (192443746)|ENTERING_MANAGED_PKG|tdc_tsw
15:52:58.0 (193222456)|ENTERING_MANAGED_PKG|tdc_tsw
15:52:58.0 (193464351)|ENTERING_MANAGED_PKG|tdc_tsw
15:52:58.0 (193875740)|ENTERING_MANAGED_PKG|tdc_tsw
15:52:58.0 (195017580)|ENTERING_MANAGED_PKG|tdc_tsw
15:52:58.0 (195781777)|ENTERING_MANAGED_PKG|tdc_tsw
15:52:58.0 (196027113)|ENTERING_MANAGED_PKG|tdc_tsw
15:52:58.0 (196446061)|ENTERING_MANAGED_PKG|tdc_tsw
15:52:58.0 (197590815)|ENTERING_MANAGED_PKG|tdc_tsw
15:52:58.0 (198362858)|ENTERING_MANAGED_PKG|tdc_tsw
15:52:58.0 (198606835)|ENTERING_MANAGED_PKG|tdc_tsw
15:52:58.0 (199015804)|ENTERING_MANAGED_PKG|tdc_tsw
15:52:58.0 (200168372)|ENTERING_MANAGED_PKG|tdc_tsw
15:52:58.0 (200920491)|ENTERING_MANAGED_PKG|tdc_tsw
15:52:58.0 (201172635)|ENTERING_MANAGED_PKG|tdc_tsw
15:52:58.0 (201585432)|ENTERING_MANAGED_PKG|tdc_tsw
15:52:58.0 (202733255)|ENTERING_MANAGED_PKG|tdc_tsw
15:52:58.0 (203506311)|ENTERING_MANAGED_PKG|tdc_tsw
15:52:58.0 (203748102)|ENTERING_MANAGED_PKG|tdc_tsw
15:52:58.0 (204167046)|ENTERING_MANAGED_PKG|tdc_tsw
15:52:58.0 (205311992)|ENTERING_MANAGED_PKG|tdc_tsw
15:52:58.0 (206070113)|ENTERING_MANAGED_PKG|tdc_tsw
15:52:58.0 (206322586)|ENTERING_MANAGED_PKG|tdc_tsw
15:52:58.0 (206801980)|ENTERING_MANAGED_PKG|tdc_tsw
15:52:58.0 (207947524)|ENTERING_MANAGED_PKG|tdc_tsw
15:52:58.0 (208720131)|ENTERING_MANAGED_PKG|tdc_tsw
15:52:58.0 (208965363)|ENTERING_MANAGED_PKG|tdc_tsw
15:52:58.0 (209449080)|ENTERING_MANAGED_PKG|tdc_tsw
15:52:58.0 (210624691)|ENTERING_MANAGED_PKG|tdc_tsw
15:52:58.0 (211420124)|ENTERING_MANAGED_PKG|tdc_tsw
15:52:58.0 (211662736)|ENTERING_MANAGED_PKG|tdc_tsw
15:52:58.0 (212075772)|ENTERING_MANAGED_PKG|tdc_tsw
15:52:58.0 (213375363)|ENTERING_MANAGED_PKG|tdc_tsw
15:52:58.0 (214169331)|ENTERING_MANAGED_PKG|tdc_tsw
15:52:58.0 (214424614)|ENTERING_MANAGED_PKG|tdc_tsw
15:52:58.0 (214836910)|ENTERING_MANAGED_PKG|tdc_tsw
15:52:58.0 (216008101)|ENTERING_MANAGED_PKG|tdc_tsw
15:52:58.0 (216783062)|ENTERING_MANAGED_PKG|tdc_tsw
15:52:58.0 (217033846)|ENTERING_MANAGED_PKG|tdc_tsw
15:52:58.0 (217485634)|ENTERING_MANAGED_PKG|tdc_tsw
15:52:58.0 (218655370)|ENTERING_MANAGED_PKG|tdc_tsw
15:52:58.0 (219430231)|ENTERING_MANAGED_PKG|tdc_tsw
15:52:58.0 (219675344)|ENTERING_MANAGED_PKG|tdc_tsw
15:52:58.0 (220088073)|ENTERING_MANAGED_PKG|tdc_tsw
15:52:58.0 (221256586)|ENTERING_MANAGED_PKG|tdc_tsw
15:52:58.0 (222021807)|ENTERING_MANAGED_PKG|tdc_tsw
15:52:58.0 (222283276)|ENTERING_MANAGED_PKG|tdc_tsw
15:52:58.0 (222696528)|ENTERING_MANAGED_PKG|tdc_tsw
15:52:58.0 (223867554)|ENTERING_MANAGED_PKG|tdc_tsw
15:52:58.0 (224656342)|ENTERING_MANAGED_PKG|tdc_tsw
15:52:58.0 (224898882)|ENTERING_MANAGED_PKG|tdc_tsw
15:52:58.0 (225332187)|ENTERING_MANAGED_PKG|tdc_tsw
15:52:58.0 (226513234)|ENTERING_MANAGED_PKG|tdc_tsw
15:52:58.0 (227293106)|ENTERING_MANAGED_PKG|tdc_tsw
15:52:58.0 (227534786)|ENTERING_MANAGED_PKG|tdc_tsw
15:52:58.0 (227951940)|ENTERING_MANAGED_PKG|tdc_tsw
15:52:58.0 (229152223)|ENTERING_MANAGED_PKG|tdc_tsw
15:52:58.0 (229915764)|ENTERING_MANAGED_PKG|tdc_tsw
15:52:58.0 (230163975)|ENTERING_MANAGED_PKG|tdc_tsw
15:52:58.0 (230576837)|ENTERING_MANAGED_PKG|tdc_tsw
15:52:58.0 (231730470)|ENTERING_MANAGED_PKG|tdc_tsw
15:52:58.0 (232699699)|ENTERING_MANAGED_PKG|tdc_tsw
15:52:58.0 (232971143)|ENTERING_MANAGED_PKG|tdc_tsw
15:52:58.0 (233422137)|ENTERING_MANAGED_PKG|tdc_tsw
15:52:58.0 (234570291)|ENTERING_MANAGED_PKG|tdc_tsw
15:52:58.0 (235343457)|ENTERING_MANAGED_PKG|tdc_tsw
15:52:58.0 (235585768)|ENTERING_MANAGED_PKG|tdc_tsw
15:52:58.0 (235999945)|ENTERING_MANAGED_PKG|tdc_tsw
15:52:58.0 (237155265)|ENTERING_MANAGED_PKG|tdc_tsw
15:52:58.0 (237930191)|ENTERING_MANAGED_PKG|tdc_tsw
15:52:58.0 (238210909)|ENTERING_MANAGED_PKG|tdc_tsw
15:52:58.0 (238686738)|ENTERING_MANAGED_PKG|tdc_tsw
15:52:58.0 (239873862)|ENTERING_MANAGED_PKG|tdc_tsw
15:52:58.0 (240645954)|ENTERING_MANAGED_PKG|tdc_tsw
15:52:58.0 (240892478)|ENTERING_MANAGED_PKG|tdc_tsw
15:52:58.0 (241321399)|ENTERING_MANAGED_PKG|tdc_tsw
15:52:58.0 (242511453)|ENTERING_MANAGED_PKG|tdc_tsw
15:52:58.0 (243294969)|ENTERING_MANAGED_PKG|tdc_tsw
15:52:58.0 (243544979)|ENTERING_MANAGED_PKG|tdc_tsw
15:52:58.0 (243961814)|ENTERING_MANAGED_PKG|tdc_tsw
15:52:58.0 (245136086)|ENTERING_MANAGED_PKG|tdc_tsw
15:52:58.0 (245918512)|ENTERING_MANAGED_PKG|tdc_tsw
15:52:58.0 (246172607)|ENTERING_MANAGED_PKG|tdc_tsw
15:52:58.0 (246591830)|ENTERING_MANAGED_PKG|tdc_tsw
15:52:58.0 (247790437)|ENTERING_MANAGED_PKG|tdc_tsw
15:52:58.0 (248580287)|ENTERING_MANAGED_PKG|tdc_tsw
15:52:58.0 (248830778)|ENTERING_MANAGED_PKG|tdc_tsw
15:52:58.0 (249300937)|ENTERING_MANAGED_PKG|tdc_tsw
15:52:58.0 (250462207)|ENTERING_MANAGED_PKG|tdc_tsw
15:52:58.0 (251246995)|ENTERING_MANAGED_PKG|tdc_tsw
15:52:58.0 (251495960)|ENTERING_MANAGED_PKG|tdc_tsw
15:52:58.0 (252239687)|ENTERING_MANAGED_PKG|tdc_tsw
15:52:58.0 (253405064)|ENTERING_MANAGED_PKG|tdc_tsw
15:52:58.0 (254216286)|ENTERING_MANAGED_PKG|tdc_tsw
15:52:58.0 (254468943)|ENTERING_MANAGED_PKG|tdc_tsw
15:52:58.0 (254887975)|ENTERING_MANAGED_PKG|tdc_tsw
15:52:58.0 (256049956)|ENTERING_MANAGED_PKG|tdc_tsw
15:52:58.0 (256837906)|ENTERING_MANAGED_PKG|tdc_tsw
15:52:58.0 (257082167)|ENTERING_MANAGED_PKG|tdc_tsw
15:52:58.0 (257500917)|ENTERING_MANAGED_PKG|tdc_tsw
15:52:58.0 (258643054)|ENTERING_MANAGED_PKG|tdc_tsw
15:52:58.0 (259408156)|ENTERING_MANAGED_PKG|tdc_tsw
15:52:58.0 (259649585)|ENTERING_MANAGED_PKG|tdc_tsw
15:52:58.0 (260061675)|ENTERING_MANAGED_PKG|tdc_tsw
15:52:58.0 (261275984)|ENTERING_MANAGED_PKG|tdc_tsw
15:52:58.0 (262042817)|ENTERING_MANAGED_PKG|tdc_tsw
15:52:58.0 (262295896)|ENTERING_MANAGED_PKG|tdc_tsw
15:52:58.0 (262715870)|ENTERING_MANAGED_PKG|tdc_tsw
15:52:58.0 (263862091)|ENTERING_MANAGED_PKG|tdc_tsw
15:52:58.0 (264673948)|ENTERING_MANAGED_PKG|tdc_tsw
15:52:58.0 (264918347)|ENTERING_MANAGED_PKG|tdc_tsw
15:52:58.0 (265340728)|ENTERING_MANAGED_PKG|tdc_tsw
15:52:58.0 (266483547)|ENTERING_MANAGED_PKG|tdc_tsw
15:52:58.0 (267253199)|ENTERING_MANAGED_PKG|tdc_tsw
15:52:58.0 (267498822)|ENTERING_MANAGED_PKG|tdc_tsw
15:52:58.0 (267935797)|ENTERING_MANAGED_PKG|tdc_tsw
15:52:58.0 (269288836)|ENTERING_MANAGED_PKG|tdc_tsw
15:52:58.0 (270157681)|ENTERING_MANAGED_PKG|tdc_tsw
15:52:58.0 (270233467)|ENTERING_MANAGED_PKG|tdc_tsw
15:52:58.0 (270865658)|SOQL_EXECUTE_BEGIN|[200]|Aggregations:0|SELECT Name, NamespacePrefix, SystemModStamp FROM StaticResource WHERE Name LIKE :tmpVar1 LIMIT 10
15:52:58.0 (275009834)|SOQL_EXECUTE_END|[200]|Rows:1
15:52:58.0 (275956783)|ENTERING_MANAGED_PKG|tdc_tsw
15:52:58.0 (276448549)|SOQL_EXECUTE_BEGIN|[200]|Aggregations:0|SELECT Name, NamespacePrefix, SystemModStamp FROM StaticResource WHERE Name LIKE :tmpVar1 LIMIT 10
15:52:58.0 (278968654)|SOQL_EXECUTE_END|[200]|Rows:1
15:52:58.0 (279460675)|ENTERING_MANAGED_PKG|tdc_tsw
15:52:58.0 (283564246)|ENTERING_MANAGED_PKG|tdc_tsw
15:52:58.0 (285597160)|ENTERING_MANAGED_PKG|tdc_tsw
15:52:58.0 (285953544)|ENTERING_MANAGED_PKG|tdc_tsw
15:52:58.0 (286923818)|ENTERING_MANAGED_PKG|tdc_tsw
15:52:58.0 (287442166)|SOQL_EXECUTE_BEGIN|[200]|Aggregations:0|SELECT Name, NamespacePrefix, SystemModStamp FROM StaticResource WHERE Name LIKE :tmpVar1 LIMIT 10
15:52:58.0 (290334678)|SOQL_EXECUTE_END|[200]|Rows:1
15:52:58.303 (303620067)|USER_INFO|[EXTERNAL]|0051H000009gxp8|chanida.dev2@solvedbysoftwareco.com|Eastern Standard Time|GMT-05:00
15:52:58.303 (305102661)|ENTERING_MANAGED_PKG|tdc_tsw
15:52:58.303 (305355280)|ENTERING_MANAGED_PKG|tdc_tsw
15:52:58.303 (308378354)|SOQL_EXECUTE_BEGIN|[355]|Aggregations:0|SELECT id, name, Disable_Incoming_SMS_Sharing__c FROM User WHERE id = :tmpVar1
15:52:58.303 (315813250)|SOQL_EXECUTE_END|[355]|Rows:1
15:52:58.303 (317002835)|SOQL_EXECUTE_BEGIN|[367]|Aggregations:0|SELECT CreatedDate,Id,LastModifiedDate,Related_Object_Id__c FROM Message__c WHERE Name = 'Incoming' AND Read__c = false ORDER BY CreatedDate Desc limit 100
15:52:58.303 (326826375)|SOQL_EXECUTE_END|[367]|Rows:100
