44.0 APEX_CODE,FINEST;APEX_PROFILING,INFO;CALLOUT,INFO;DB,INFO;NBA,INFO;SYSTEM,DEBUG;VALIDATION,INFO;VISUALFORCE,INFO;WAVE,INFO;WORKFLOW,INFO
23:23:47.0 (126262)|USER_INFO|[EXTERNAL]|0051H000009gxp8|chanida.dev2@solvedbysoftwareco.com|Eastern Standard Time|GMT-05:00
23:23:47.0 (1789439)|ENTERING_MANAGED_PKG|tdc_tsw
23:23:47.0 (2221077)|ENTERING_MANAGED_PKG|tdc_tsw
23:23:47.0 (5860653)|SOQL_EXECUTE_BEGIN|[16]|Aggregations:0|SELECT id, name, Disable_Incoming_SMS_Sharing__c FROM User WHERE id = :tmpVar1
23:23:47.0 (13244271)|SOQL_EXECUTE_END|[16]|Rows:1
23:23:47.0 (18504514)|SOQL_EXECUTE_BEGIN|[37]|Aggregations:0|SELECT CreatedDate,Created_Date__c,Id,LastModifiedDate,MessageId__c,Message_Text_New__c,Name,OwnerId,Read__c,Related_Object_Id__c,Related_Object__c,Sender_Number__c, Sender_Name__c,ToNumber__c,Attachments_Ids__c FROM Message__c WHERE Name = 'Incoming' AND Read__c = false ORDER BY CreatedDate Desc limit 100
23:23:47.0 (35984130)|SOQL_EXECUTE_END|[37]|Rows:100
23:23:47.0 (62360012)|ENTERING_MANAGED_PKG|tdc_tsw
23:23:47.0 (64855342)|ENTERING_MANAGED_PKG|tdc_tsw
23:23:47.0 (65446453)|ENTERING_MANAGED_PKG|tdc_tsw
23:23:47.0 (66593285)|ENTERING_MANAGED_PKG|tdc_tsw
23:23:47.0 (70341203)|ENTERING_MANAGED_PKG|tdc_tsw
23:23:47.0 (71202154)|ENTERING_MANAGED_PKG|tdc_tsw
23:23:47.0 (71447586)|ENTERING_MANAGED_PKG|tdc_tsw
23:23:47.0 (71876472)|ENTERING_MANAGED_PKG|tdc_tsw
23:23:47.0 (73063551)|ENTERING_MANAGED_PKG|tdc_tsw
23:23:47.0 (73850743)|ENTERING_MANAGED_PKG|tdc_tsw
23:23:47.0 (74089090)|ENTERING_MANAGED_PKG|tdc_tsw
23:23:47.0 (74499842)|ENTERING_MANAGED_PKG|tdc_tsw
23:23:47.0 (75619085)|ENTERING_MANAGED_PKG|tdc_tsw
23:23:47.0 (76398985)|ENTERING_MANAGED_PKG|tdc_tsw
23:23:47.0 (76640895)|ENTERING_MANAGED_PKG|tdc_tsw
23:23:47.0 (77041113)|ENTERING_MANAGED_PKG|tdc_tsw
23:23:47.0 (78250304)|ENTERING_MANAGED_PKG|tdc_tsw
23:23:47.0 (79141239)|ENTERING_MANAGED_PKG|tdc_tsw
23:23:47.0 (79405710)|ENTERING_MANAGED_PKG|tdc_tsw
23:23:47.0 (79820013)|ENTERING_MANAGED_PKG|tdc_tsw
23:23:47.0 (80929933)|ENTERING_MANAGED_PKG|tdc_tsw
23:23:47.0 (81776791)|ENTERING_MANAGED_PKG|tdc_tsw
23:23:47.0 (82048150)|ENTERING_MANAGED_PKG|tdc_tsw
23:23:47.0 (82516682)|ENTERING_MANAGED_PKG|tdc_tsw
23:23:47.0 (83652652)|ENTERING_MANAGED_PKG|tdc_tsw
23:23:47.0 (84501714)|ENTERING_MANAGED_PKG|tdc_tsw
23:23:47.0 (84747634)|ENTERING_MANAGED_PKG|tdc_tsw
23:23:47.0 (85160733)|ENTERING_MANAGED_PKG|tdc_tsw
23:23:47.0 (86307583)|ENTERING_MANAGED_PKG|tdc_tsw
23:23:47.0 (87129750)|ENTERING_MANAGED_PKG|tdc_tsw
23:23:47.0 (87366139)|ENTERING_MANAGED_PKG|tdc_tsw
23:23:47.0 (87774278)|ENTERING_MANAGED_PKG|tdc_tsw
23:23:47.0 (88961544)|ENTERING_MANAGED_PKG|tdc_tsw
23:23:47.0 (89801597)|ENTERING_MANAGED_PKG|tdc_tsw
23:23:47.0 (90087853)|ENTERING_MANAGED_PKG|tdc_tsw
23:23:47.0 (90636630)|ENTERING_MANAGED_PKG|tdc_tsw
23:23:47.0 (91761184)|ENTERING_MANAGED_PKG|tdc_tsw
23:23:47.0 (92553351)|ENTERING_MANAGED_PKG|tdc_tsw
23:23:47.0 (92788368)|ENTERING_MANAGED_PKG|tdc_tsw
23:23:47.0 (93213502)|ENTERING_MANAGED_PKG|tdc_tsw
23:23:47.0 (94323038)|ENTERING_MANAGED_PKG|tdc_tsw
23:23:47.0 (95098443)|ENTERING_MANAGED_PKG|tdc_tsw
23:23:47.0 (95330722)|ENTERING_MANAGED_PKG|tdc_tsw
23:23:47.0 (95739499)|ENTERING_MANAGED_PKG|tdc_tsw
23:23:47.0 (96842520)|ENTERING_MANAGED_PKG|tdc_tsw
23:23:47.0 (97612543)|ENTERING_MANAGED_PKG|tdc_tsw
23:23:47.0 (97845740)|ENTERING_MANAGED_PKG|tdc_tsw
23:23:47.0 (98246179)|ENTERING_MANAGED_PKG|tdc_tsw
23:23:47.0 (99413140)|ENTERING_MANAGED_PKG|tdc_tsw
23:23:47.0 (100193061)|ENTERING_MANAGED_PKG|tdc_tsw
23:23:47.0 (100423469)|ENTERING_MANAGED_PKG|tdc_tsw
23:23:47.0 (100834801)|ENTERING_MANAGED_PKG|tdc_tsw
23:23:47.0 (101948961)|ENTERING_MANAGED_PKG|tdc_tsw
23:23:47.0 (102716651)|ENTERING_MANAGED_PKG|tdc_tsw
23:23:47.0 (102948339)|ENTERING_MANAGED_PKG|tdc_tsw
23:23:47.0 (103345092)|ENTERING_MANAGED_PKG|tdc_tsw
23:23:47.0 (104492865)|ENTERING_MANAGED_PKG|tdc_tsw
23:23:47.0 (105265780)|ENTERING_MANAGED_PKG|tdc_tsw
23:23:47.0 (105498777)|ENTERING_MANAGED_PKG|tdc_tsw
23:23:47.0 (105998225)|ENTERING_MANAGED_PKG|tdc_tsw
23:23:47.0 (107236938)|ENTERING_MANAGED_PKG|tdc_tsw
23:23:47.0 (108012780)|ENTERING_MANAGED_PKG|tdc_tsw
23:23:47.0 (108244230)|ENTERING_MANAGED_PKG|tdc_tsw
23:23:47.0 (108704725)|ENTERING_MANAGED_PKG|tdc_tsw
23:23:47.0 (109829794)|ENTERING_MANAGED_PKG|tdc_tsw
23:23:47.0 (110647125)|ENTERING_MANAGED_PKG|tdc_tsw
23:23:47.0 (110892753)|ENTERING_MANAGED_PKG|tdc_tsw
23:23:47.0 (111307801)|ENTERING_MANAGED_PKG|tdc_tsw
23:23:47.0 (112478902)|ENTERING_MANAGED_PKG|tdc_tsw
23:23:47.0 (113294031)|ENTERING_MANAGED_PKG|tdc_tsw
23:23:47.0 (113551990)|ENTERING_MANAGED_PKG|tdc_tsw
23:23:47.0 (113973017)|ENTERING_MANAGED_PKG|tdc_tsw
23:23:47.0 (115183230)|ENTERING_MANAGED_PKG|tdc_tsw
23:23:47.0 (116023109)|ENTERING_MANAGED_PKG|tdc_tsw
23:23:47.0 (116263766)|ENTERING_MANAGED_PKG|tdc_tsw
23:23:47.0 (116703925)|ENTERING_MANAGED_PKG|tdc_tsw
23:23:47.0 (117886556)|ENTERING_MANAGED_PKG|tdc_tsw
23:23:47.0 (118731993)|ENTERING_MANAGED_PKG|tdc_tsw
23:23:47.0 (118992484)|ENTERING_MANAGED_PKG|tdc_tsw
23:23:47.0 (119411976)|ENTERING_MANAGED_PKG|tdc_tsw
23:23:47.0 (120520715)|ENTERING_MANAGED_PKG|tdc_tsw
23:23:47.0 (121663467)|ENTERING_MANAGED_PKG|tdc_tsw
23:23:47.0 (121899499)|ENTERING_MANAGED_PKG|tdc_tsw
23:23:47.0 (122302887)|ENTERING_MANAGED_PKG|tdc_tsw
23:23:47.0 (123682349)|ENTERING_MANAGED_PKG|tdc_tsw
23:23:47.0 (124520708)|ENTERING_MANAGED_PKG|tdc_tsw
23:23:47.0 (124771170)|ENTERING_MANAGED_PKG|tdc_tsw
23:23:47.0 (125160881)|ENTERING_MANAGED_PKG|tdc_tsw
23:23:47.0 (126260396)|ENTERING_MANAGED_PKG|tdc_tsw
23:23:47.0 (127031913)|ENTERING_MANAGED_PKG|tdc_tsw
23:23:47.0 (127270457)|ENTERING_MANAGED_PKG|tdc_tsw
23:23:47.0 (127672121)|ENTERING_MANAGED_PKG|tdc_tsw
23:23:47.0 (128778996)|ENTERING_MANAGED_PKG|tdc_tsw
23:23:47.0 (129550432)|ENTERING_MANAGED_PKG|tdc_tsw
23:23:47.0 (129780656)|ENTERING_MANAGED_PKG|tdc_tsw
23:23:47.0 (130182917)|ENTERING_MANAGED_PKG|tdc_tsw
23:23:47.0 (131436998)|ENTERING_MANAGED_PKG|tdc_tsw
23:23:47.0 (132227830)|ENTERING_MANAGED_PKG|tdc_tsw
23:23:47.0 (132459398)|ENTERING_MANAGED_PKG|tdc_tsw
23:23:47.0 (132883363)|ENTERING_MANAGED_PKG|tdc_tsw
23:23:47.0 (134095390)|ENTERING_MANAGED_PKG|tdc_tsw
23:23:47.0 (134940868)|ENTERING_MANAGED_PKG|tdc_tsw
23:23:47.0 (135172772)|ENTERING_MANAGED_PKG|tdc_tsw
23:23:47.0 (135577616)|ENTERING_MANAGED_PKG|tdc_tsw
23:23:47.0 (136663729)|ENTERING_MANAGED_PKG|tdc_tsw
23:23:47.0 (137417768)|ENTERING_MANAGED_PKG|tdc_tsw
23:23:47.0 (137663199)|ENTERING_MANAGED_PKG|tdc_tsw
23:23:47.0 (138144541)|ENTERING_MANAGED_PKG|tdc_tsw
23:23:47.0 (139226213)|ENTERING_MANAGED_PKG|tdc_tsw
23:23:47.0 (140002187)|ENTERING_MANAGED_PKG|tdc_tsw
23:23:47.0 (140233259)|ENTERING_MANAGED_PKG|tdc_tsw
23:23:47.0 (140639653)|ENTERING_MANAGED_PKG|tdc_tsw
23:23:47.0 (141731413)|ENTERING_MANAGED_PKG|tdc_tsw
23:23:47.0 (142480346)|ENTERING_MANAGED_PKG|tdc_tsw
23:23:47.0 (142779857)|ENTERING_MANAGED_PKG|tdc_tsw
23:23:47.0 (143175501)|ENTERING_MANAGED_PKG|tdc_tsw
23:23:47.0 (144268747)|ENTERING_MANAGED_PKG|tdc_tsw
23:23:47.0 (145044749)|ENTERING_MANAGED_PKG|tdc_tsw
23:23:47.0 (145283555)|ENTERING_MANAGED_PKG|tdc_tsw
23:23:47.0 (145691157)|ENTERING_MANAGED_PKG|tdc_tsw
23:23:47.0 (146795041)|ENTERING_MANAGED_PKG|tdc_tsw
23:23:47.0 (147604087)|ENTERING_MANAGED_PKG|tdc_tsw
23:23:47.0 (147848428)|ENTERING_MANAGED_PKG|tdc_tsw
23:23:47.0 (148271310)|ENTERING_MANAGED_PKG|tdc_tsw
23:23:47.0 (149478971)|ENTERING_MANAGED_PKG|tdc_tsw
23:23:47.0 (150277615)|ENTERING_MANAGED_PKG|tdc_tsw
23:23:47.0 (150514511)|ENTERING_MANAGED_PKG|tdc_tsw
23:23:47.0 (150927967)|ENTERING_MANAGED_PKG|tdc_tsw
23:23:47.0 (152120056)|ENTERING_MANAGED_PKG|tdc_tsw
23:23:47.0 (152917232)|ENTERING_MANAGED_PKG|tdc_tsw
23:23:47.0 (153150510)|ENTERING_MANAGED_PKG|tdc_tsw
23:23:47.0 (153573047)|ENTERING_MANAGED_PKG|tdc_tsw
23:23:47.0 (154751896)|ENTERING_MANAGED_PKG|tdc_tsw
23:23:47.0 (155541117)|ENTERING_MANAGED_PKG|tdc_tsw
23:23:47.0 (155777840)|ENTERING_MANAGED_PKG|tdc_tsw
23:23:47.0 (156181002)|ENTERING_MANAGED_PKG|tdc_tsw
23:23:47.0 (157290834)|ENTERING_MANAGED_PKG|tdc_tsw
23:23:47.0 (158071921)|ENTERING_MANAGED_PKG|tdc_tsw
23:23:47.0 (158303017)|ENTERING_MANAGED_PKG|tdc_tsw
23:23:47.0 (158715811)|ENTERING_MANAGED_PKG|tdc_tsw
23:23:47.0 (159886783)|ENTERING_MANAGED_PKG|tdc_tsw
23:23:47.0 (160667322)|ENTERING_MANAGED_PKG|tdc_tsw
23:23:47.0 (160899012)|ENTERING_MANAGED_PKG|tdc_tsw
23:23:47.0 (161305046)|ENTERING_MANAGED_PKG|tdc_tsw
23:23:47.0 (162439234)|ENTERING_MANAGED_PKG|tdc_tsw
23:23:47.0 (163215000)|ENTERING_MANAGED_PKG|tdc_tsw
23:23:47.0 (163447077)|ENTERING_MANAGED_PKG|tdc_tsw
23:23:47.0 (163858185)|ENTERING_MANAGED_PKG|tdc_tsw
23:23:47.0 (164981905)|ENTERING_MANAGED_PKG|tdc_tsw
23:23:47.0 (165761916)|ENTERING_MANAGED_PKG|tdc_tsw
23:23:47.0 (165995123)|ENTERING_MANAGED_PKG|tdc_tsw
23:23:47.0 (166403071)|ENTERING_MANAGED_PKG|tdc_tsw
23:23:47.0 (167537582)|ENTERING_MANAGED_PKG|tdc_tsw
23:23:47.0 (168309316)|ENTERING_MANAGED_PKG|tdc_tsw
23:23:47.0 (168554018)|ENTERING_MANAGED_PKG|tdc_tsw
23:23:47.0 (168956659)|ENTERING_MANAGED_PKG|tdc_tsw
23:23:47.0 (170072123)|ENTERING_MANAGED_PKG|tdc_tsw
23:23:47.0 (170871581)|ENTERING_MANAGED_PKG|tdc_tsw
23:23:47.0 (171105445)|ENTERING_MANAGED_PKG|tdc_tsw
23:23:47.0 (171509016)|ENTERING_MANAGED_PKG|tdc_tsw
23:23:47.0 (172637057)|ENTERING_MANAGED_PKG|tdc_tsw
23:23:47.0 (173410623)|ENTERING_MANAGED_PKG|tdc_tsw
23:23:47.0 (173650151)|ENTERING_MANAGED_PKG|tdc_tsw
23:23:47.0 (174050161)|ENTERING_MANAGED_PKG|tdc_tsw
23:23:47.0 (175161265)|ENTERING_MANAGED_PKG|tdc_tsw
23:23:47.0 (175942494)|ENTERING_MANAGED_PKG|tdc_tsw
23:23:47.0 (176181050)|ENTERING_MANAGED_PKG|tdc_tsw
23:23:47.0 (176663332)|ENTERING_MANAGED_PKG|tdc_tsw
23:23:47.0 (177756547)|ENTERING_MANAGED_PKG|tdc_tsw
23:23:47.0 (178517192)|ENTERING_MANAGED_PKG|tdc_tsw
23:23:47.0 (178755311)|ENTERING_MANAGED_PKG|tdc_tsw
23:23:47.0 (179158588)|ENTERING_MANAGED_PKG|tdc_tsw
23:23:47.0 (180295094)|ENTERING_MANAGED_PKG|tdc_tsw
23:23:47.0 (181137743)|ENTERING_MANAGED_PKG|tdc_tsw
23:23:47.0 (181370709)|ENTERING_MANAGED_PKG|tdc_tsw
23:23:47.0 (181785726)|ENTERING_MANAGED_PKG|tdc_tsw
23:23:47.0 (182881780)|ENTERING_MANAGED_PKG|tdc_tsw
23:23:47.0 (183645295)|ENTERING_MANAGED_PKG|tdc_tsw
23:23:47.0 (183876847)|ENTERING_MANAGED_PKG|tdc_tsw
23:23:47.0 (184276834)|ENTERING_MANAGED_PKG|tdc_tsw
23:23:47.0 (185426140)|ENTERING_MANAGED_PKG|tdc_tsw
23:23:47.0 (188012772)|ENTERING_MANAGED_PKG|tdc_tsw
23:23:47.0 (188250338)|ENTERING_MANAGED_PKG|tdc_tsw
23:23:47.0 (188664725)|ENTERING_MANAGED_PKG|tdc_tsw
23:23:47.0 (189769230)|ENTERING_MANAGED_PKG|tdc_tsw
23:23:47.0 (190552218)|ENTERING_MANAGED_PKG|tdc_tsw
23:23:47.0 (190785911)|ENTERING_MANAGED_PKG|tdc_tsw
23:23:47.0 (191271981)|ENTERING_MANAGED_PKG|tdc_tsw
23:23:47.0 (192531218)|ENTERING_MANAGED_PKG|tdc_tsw
23:23:47.0 (193324110)|ENTERING_MANAGED_PKG|tdc_tsw
23:23:47.0 (193633545)|ENTERING_MANAGED_PKG|tdc_tsw
23:23:47.0 (194036250)|ENTERING_MANAGED_PKG|tdc_tsw
23:23:47.0 (195174461)|ENTERING_MANAGED_PKG|tdc_tsw
23:23:47.0 (195970135)|ENTERING_MANAGED_PKG|tdc_tsw
23:23:47.0 (196199450)|ENTERING_MANAGED_PKG|tdc_tsw
23:23:47.0 (196606574)|ENTERING_MANAGED_PKG|tdc_tsw
23:23:47.0 (197706102)|ENTERING_MANAGED_PKG|tdc_tsw
23:23:47.0 (198467417)|ENTERING_MANAGED_PKG|tdc_tsw
23:23:47.0 (198682494)|ENTERING_MANAGED_PKG|tdc_tsw
23:23:47.0 (199080126)|ENTERING_MANAGED_PKG|tdc_tsw
23:23:47.0 (200180696)|ENTERING_MANAGED_PKG|tdc_tsw
23:23:47.0 (200953122)|ENTERING_MANAGED_PKG|tdc_tsw
23:23:47.0 (201184216)|ENTERING_MANAGED_PKG|tdc_tsw
23:23:47.0 (201590856)|ENTERING_MANAGED_PKG|tdc_tsw
23:23:47.0 (202689729)|ENTERING_MANAGED_PKG|tdc_tsw
23:23:47.0 (203448285)|ENTERING_MANAGED_PKG|tdc_tsw
23:23:47.0 (203681783)|ENTERING_MANAGED_PKG|tdc_tsw
23:23:47.0 (204106535)|ENTERING_MANAGED_PKG|tdc_tsw
23:23:47.0 (205305800)|ENTERING_MANAGED_PKG|tdc_tsw
23:23:47.0 (206095804)|ENTERING_MANAGED_PKG|tdc_tsw
23:23:47.0 (206177666)|ENTERING_MANAGED_PKG|tdc_tsw
23:23:47.0 (206696210)|SOQL_EXECUTE_BEGIN|[200]|Aggregations:0|SELECT Name, NamespacePrefix, SystemModStamp FROM StaticResource WHERE Name LIKE :tmpVar1 LIMIT 10
23:23:47.0 (209744978)|SOQL_EXECUTE_END|[200]|Rows:1
23:23:47.0 (210551358)|ENTERING_MANAGED_PKG|tdc_tsw
23:23:47.0 (210907044)|SOQL_EXECUTE_BEGIN|[200]|Aggregations:0|SELECT Name, NamespacePrefix, SystemModStamp FROM StaticResource WHERE Name LIKE :tmpVar1 LIMIT 10
23:23:47.0 (213477327)|SOQL_EXECUTE_END|[200]|Rows:1
23:23:47.0 (214121802)|ENTERING_MANAGED_PKG|tdc_tsw
23:23:47.0 (219065287)|ENTERING_MANAGED_PKG|tdc_tsw
23:23:47.0 (222025235)|ENTERING_MANAGED_PKG|tdc_tsw
23:23:47.0 (222512795)|ENTERING_MANAGED_PKG|tdc_tsw
23:23:47.0 (223800895)|ENTERING_MANAGED_PKG|tdc_tsw
23:23:47.0 (224498005)|SOQL_EXECUTE_BEGIN|[200]|Aggregations:0|SELECT Name, NamespacePrefix, SystemModStamp FROM StaticResource WHERE Name LIKE :tmpVar1 LIMIT 10
23:23:47.0 (227853748)|SOQL_EXECUTE_END|[200]|Rows:1
23:23:47.240 (240461751)|USER_INFO|[EXTERNAL]|0051H000009gxp8|chanida.dev2@solvedbysoftwareco.com|Eastern Standard Time|GMT-05:00
23:23:47.240 (242451511)|ENTERING_MANAGED_PKG|tdc_tsw
23:23:47.240 (242696500)|ENTERING_MANAGED_PKG|tdc_tsw
23:23:47.240 (245311917)|SOQL_EXECUTE_BEGIN|[355]|Aggregations:0|SELECT id, name, Disable_Incoming_SMS_Sharing__c FROM User WHERE id = :tmpVar1
23:23:47.240 (251807195)|SOQL_EXECUTE_END|[355]|Rows:1
23:23:47.240 (253572418)|SOQL_EXECUTE_BEGIN|[367]|Aggregations:0|SELECT CreatedDate,Id,LastModifiedDate,Related_Object_Id__c FROM Message__c WHERE Name = 'Incoming' AND Read__c = false ORDER BY CreatedDate Desc limit 100
23:23:47.240 (263261940)|SOQL_EXECUTE_END|[367]|Rows:100
