44.0 APEX_CODE,FINEST;APEX_PROFILING,INFO;CALLOUT,INFO;DB,INFO;NBA,INFO;SYSTEM,DEBUG;VALIDATION,INFO;VISUALFORCE,INFO;WAVE,INFO;WORKFLOW,INFO
10:41:31.0 (116446)|USER_INFO|[EXTERNAL]|0051H000009gxp8|chanida.dev2@solvedbysoftwareco.com|Eastern Standard Time|GMT-05:00
10:41:31.0 (1594238)|ENTERING_MANAGED_PKG|tdc_tsw
10:41:31.0 (2030495)|ENTERING_MANAGED_PKG|tdc_tsw
10:41:31.0 (5780940)|SOQL_EXECUTE_BEGIN|[16]|Aggregations:0|SELECT id, name, Disable_Incoming_SMS_Sharing__c FROM User WHERE id = :tmpVar1
10:41:31.0 (13155923)|SOQL_EXECUTE_END|[16]|Rows:1
10:41:31.0 (18467855)|SOQL_EXECUTE_BEGIN|[37]|Aggregations:0|SELECT CreatedDate,Created_Date__c,Id,LastModifiedDate,MessageId__c,Message_Text_New__c,Name,OwnerId,Read__c,Related_Object_Id__c,Related_Object__c,Sender_Number__c, Sender_Name__c,ToNumber__c,Attachments_Ids__c FROM Message__c WHERE Name = 'Incoming' AND Read__c = false ORDER BY CreatedDate Desc limit 100
10:41:31.0 (35481781)|SOQL_EXECUTE_END|[37]|Rows:100
10:41:31.0 (53774760)|ENTERING_MANAGED_PKG|tdc_tsw
10:41:31.0 (55439559)|ENTERING_MANAGED_PKG|tdc_tsw
10:41:31.0 (55954982)|ENTERING_MANAGED_PKG|tdc_tsw
10:41:31.0 (56652206)|ENTERING_MANAGED_PKG|tdc_tsw
10:41:31.0 (59441200)|ENTERING_MANAGED_PKG|tdc_tsw
10:41:31.0 (60236662)|ENTERING_MANAGED_PKG|tdc_tsw
10:41:31.0 (60479960)|ENTERING_MANAGED_PKG|tdc_tsw
10:41:31.0 (60902682)|ENTERING_MANAGED_PKG|tdc_tsw
10:41:31.0 (62530079)|ENTERING_MANAGED_PKG|tdc_tsw
10:41:31.0 (63306349)|ENTERING_MANAGED_PKG|tdc_tsw
10:41:31.0 (63553463)|ENTERING_MANAGED_PKG|tdc_tsw
10:41:31.0 (63960111)|ENTERING_MANAGED_PKG|tdc_tsw
10:41:31.0 (65080069)|ENTERING_MANAGED_PKG|tdc_tsw
10:41:31.0 (65849709)|ENTERING_MANAGED_PKG|tdc_tsw
10:41:31.0 (66089661)|ENTERING_MANAGED_PKG|tdc_tsw
10:41:31.0 (66493400)|ENTERING_MANAGED_PKG|tdc_tsw
10:41:31.0 (67614179)|ENTERING_MANAGED_PKG|tdc_tsw
10:41:31.0 (68386829)|ENTERING_MANAGED_PKG|tdc_tsw
10:41:31.0 (68633384)|ENTERING_MANAGED_PKG|tdc_tsw
10:41:31.0 (69038429)|ENTERING_MANAGED_PKG|tdc_tsw
10:41:31.0 (70154072)|ENTERING_MANAGED_PKG|tdc_tsw
10:41:31.0 (70916507)|ENTERING_MANAGED_PKG|tdc_tsw
10:41:31.0 (71154768)|ENTERING_MANAGED_PKG|tdc_tsw
10:41:31.0 (71564491)|ENTERING_MANAGED_PKG|tdc_tsw
10:41:31.0 (72707430)|ENTERING_MANAGED_PKG|tdc_tsw
10:41:31.0 (73464226)|ENTERING_MANAGED_PKG|tdc_tsw
10:41:31.0 (73725822)|ENTERING_MANAGED_PKG|tdc_tsw
10:41:31.0 (74149441)|ENTERING_MANAGED_PKG|tdc_tsw
10:41:31.0 (75267207)|ENTERING_MANAGED_PKG|tdc_tsw
10:41:31.0 (76029730)|ENTERING_MANAGED_PKG|tdc_tsw
10:41:31.0 (76267907)|ENTERING_MANAGED_PKG|tdc_tsw
10:41:31.0 (76679837)|ENTERING_MANAGED_PKG|tdc_tsw
10:41:31.0 (77794970)|ENTERING_MANAGED_PKG|tdc_tsw
10:41:31.0 (78558766)|ENTERING_MANAGED_PKG|tdc_tsw
10:41:31.0 (78798686)|ENTERING_MANAGED_PKG|tdc_tsw
10:41:31.0 (79241436)|ENTERING_MANAGED_PKG|tdc_tsw
10:41:31.0 (80357892)|ENTERING_MANAGED_PKG|tdc_tsw
10:41:31.0 (81134808)|ENTERING_MANAGED_PKG|tdc_tsw
10:41:31.0 (81374400)|ENTERING_MANAGED_PKG|tdc_tsw
10:41:31.0 (81811254)|ENTERING_MANAGED_PKG|tdc_tsw
10:41:31.0 (82927878)|ENTERING_MANAGED_PKG|tdc_tsw
10:41:31.0 (83714724)|ENTERING_MANAGED_PKG|tdc_tsw
10:41:31.0 (83952653)|ENTERING_MANAGED_PKG|tdc_tsw
10:41:31.0 (84355110)|ENTERING_MANAGED_PKG|tdc_tsw
10:41:31.0 (85470587)|ENTERING_MANAGED_PKG|tdc_tsw
10:41:31.0 (86238499)|ENTERING_MANAGED_PKG|tdc_tsw
10:41:31.0 (86476264)|ENTERING_MANAGED_PKG|tdc_tsw
10:41:31.0 (86886010)|ENTERING_MANAGED_PKG|tdc_tsw
10:41:31.0 (88005925)|ENTERING_MANAGED_PKG|tdc_tsw
10:41:31.0 (88766509)|ENTERING_MANAGED_PKG|tdc_tsw
10:41:31.0 (89005508)|ENTERING_MANAGED_PKG|tdc_tsw
10:41:31.0 (89433673)|ENTERING_MANAGED_PKG|tdc_tsw
10:41:31.0 (90552191)|ENTERING_MANAGED_PKG|tdc_tsw
10:41:31.0 (91307754)|ENTERING_MANAGED_PKG|tdc_tsw
10:41:31.0 (91552253)|ENTERING_MANAGED_PKG|tdc_tsw
10:41:31.0 (91946284)|ENTERING_MANAGED_PKG|tdc_tsw
10:41:31.0 (93089558)|ENTERING_MANAGED_PKG|tdc_tsw
10:41:31.0 (93853767)|ENTERING_MANAGED_PKG|tdc_tsw
10:41:31.0 (94086735)|ENTERING_MANAGED_PKG|tdc_tsw
10:41:31.0 (94472269)|ENTERING_MANAGED_PKG|tdc_tsw
10:41:31.0 (95646270)|ENTERING_MANAGED_PKG|tdc_tsw
10:41:31.0 (96408587)|ENTERING_MANAGED_PKG|tdc_tsw
10:41:31.0 (96654161)|ENTERING_MANAGED_PKG|tdc_tsw
10:41:31.0 (97056971)|ENTERING_MANAGED_PKG|tdc_tsw
10:41:31.0 (98178645)|ENTERING_MANAGED_PKG|tdc_tsw
10:41:31.0 (98939905)|ENTERING_MANAGED_PKG|tdc_tsw
10:41:31.0 (99179333)|ENTERING_MANAGED_PKG|tdc_tsw
10:41:31.0 (99590073)|ENTERING_MANAGED_PKG|tdc_tsw
10:41:31.0 (100834197)|ENTERING_MANAGED_PKG|tdc_tsw
10:41:31.0 (101605921)|ENTERING_MANAGED_PKG|tdc_tsw
10:41:31.0 (101843498)|ENTERING_MANAGED_PKG|tdc_tsw
10:41:31.0 (102246395)|ENTERING_MANAGED_PKG|tdc_tsw
10:41:31.0 (103377978)|ENTERING_MANAGED_PKG|tdc_tsw
10:41:31.0 (104143636)|ENTERING_MANAGED_PKG|tdc_tsw
10:41:31.0 (104381085)|ENTERING_MANAGED_PKG|tdc_tsw
10:41:31.0 (104782158)|ENTERING_MANAGED_PKG|tdc_tsw
10:41:31.0 (106291181)|ENTERING_MANAGED_PKG|tdc_tsw
10:41:31.0 (107106977)|ENTERING_MANAGED_PKG|tdc_tsw
10:41:31.0 (107347497)|ENTERING_MANAGED_PKG|tdc_tsw
10:41:31.0 (111248852)|ENTERING_MANAGED_PKG|tdc_tsw
10:41:31.0 (112381077)|ENTERING_MANAGED_PKG|tdc_tsw
10:41:31.0 (113189387)|ENTERING_MANAGED_PKG|tdc_tsw
10:41:31.0 (113431085)|ENTERING_MANAGED_PKG|tdc_tsw
10:41:31.0 (113841135)|ENTERING_MANAGED_PKG|tdc_tsw
10:41:31.0 (114957080)|ENTERING_MANAGED_PKG|tdc_tsw
10:41:31.0 (115851257)|ENTERING_MANAGED_PKG|tdc_tsw
10:41:31.0 (116166904)|ENTERING_MANAGED_PKG|tdc_tsw
10:41:31.0 (116713702)|ENTERING_MANAGED_PKG|tdc_tsw
10:41:31.0 (118135520)|ENTERING_MANAGED_PKG|tdc_tsw
10:41:31.0 (118994948)|ENTERING_MANAGED_PKG|tdc_tsw
10:41:31.0 (119234399)|ENTERING_MANAGED_PKG|tdc_tsw
10:41:31.0 (119645496)|ENTERING_MANAGED_PKG|tdc_tsw
10:41:31.0 (120793359)|ENTERING_MANAGED_PKG|tdc_tsw
10:41:31.0 (121555332)|ENTERING_MANAGED_PKG|tdc_tsw
10:41:31.0 (121795490)|ENTERING_MANAGED_PKG|tdc_tsw
10:41:31.0 (122197884)|ENTERING_MANAGED_PKG|tdc_tsw
10:41:31.0 (123388436)|ENTERING_MANAGED_PKG|tdc_tsw
10:41:31.0 (124149718)|ENTERING_MANAGED_PKG|tdc_tsw
10:41:31.0 (124390835)|ENTERING_MANAGED_PKG|tdc_tsw
10:41:31.0 (124805744)|ENTERING_MANAGED_PKG|tdc_tsw
10:41:31.0 (125921931)|ENTERING_MANAGED_PKG|tdc_tsw
10:41:31.0 (126683534)|ENTERING_MANAGED_PKG|tdc_tsw
10:41:31.0 (126923290)|ENTERING_MANAGED_PKG|tdc_tsw
10:41:31.0 (127335799)|ENTERING_MANAGED_PKG|tdc_tsw
10:41:31.0 (128450222)|ENTERING_MANAGED_PKG|tdc_tsw
10:41:31.0 (129238519)|ENTERING_MANAGED_PKG|tdc_tsw
10:41:31.0 (129476358)|ENTERING_MANAGED_PKG|tdc_tsw
10:41:31.0 (129885928)|ENTERING_MANAGED_PKG|tdc_tsw
10:41:31.0 (131058295)|ENTERING_MANAGED_PKG|tdc_tsw
10:41:31.0 (131869236)|ENTERING_MANAGED_PKG|tdc_tsw
10:41:31.0 (132109792)|ENTERING_MANAGED_PKG|tdc_tsw
10:41:31.0 (132513667)|ENTERING_MANAGED_PKG|tdc_tsw
10:41:31.0 (133654196)|ENTERING_MANAGED_PKG|tdc_tsw
10:41:31.0 (134410442)|ENTERING_MANAGED_PKG|tdc_tsw
10:41:31.0 (134657390)|ENTERING_MANAGED_PKG|tdc_tsw
10:41:31.0 (135079608)|ENTERING_MANAGED_PKG|tdc_tsw
10:41:31.0 (136195227)|ENTERING_MANAGED_PKG|tdc_tsw
10:41:31.0 (137008364)|ENTERING_MANAGED_PKG|tdc_tsw
10:41:31.0 (137251237)|ENTERING_MANAGED_PKG|tdc_tsw
10:41:31.0 (137664251)|ENTERING_MANAGED_PKG|tdc_tsw
10:41:31.0 (138822581)|ENTERING_MANAGED_PKG|tdc_tsw
10:41:31.0 (139586624)|ENTERING_MANAGED_PKG|tdc_tsw
10:41:31.0 (139844247)|ENTERING_MANAGED_PKG|tdc_tsw
10:41:31.0 (140250273)|ENTERING_MANAGED_PKG|tdc_tsw
10:41:31.0 (141510384)|ENTERING_MANAGED_PKG|tdc_tsw
10:41:31.0 (142300414)|ENTERING_MANAGED_PKG|tdc_tsw
10:41:31.0 (142567178)|ENTERING_MANAGED_PKG|tdc_tsw
10:41:31.0 (143031123)|ENTERING_MANAGED_PKG|tdc_tsw
10:41:31.0 (144371691)|ENTERING_MANAGED_PKG|tdc_tsw
10:41:31.0 (145151632)|ENTERING_MANAGED_PKG|tdc_tsw
10:41:31.0 (145416282)|ENTERING_MANAGED_PKG|tdc_tsw
10:41:31.0 (145877292)|ENTERING_MANAGED_PKG|tdc_tsw
10:41:31.0 (147087130)|ENTERING_MANAGED_PKG|tdc_tsw
10:41:31.0 (147945041)|ENTERING_MANAGED_PKG|tdc_tsw
10:41:31.0 (148184451)|ENTERING_MANAGED_PKG|tdc_tsw
10:41:31.0 (148631272)|ENTERING_MANAGED_PKG|tdc_tsw
10:41:31.0 (149853121)|ENTERING_MANAGED_PKG|tdc_tsw
10:41:31.0 (150667843)|ENTERING_MANAGED_PKG|tdc_tsw
10:41:31.0 (150909171)|ENTERING_MANAGED_PKG|tdc_tsw
10:41:31.0 (151339413)|ENTERING_MANAGED_PKG|tdc_tsw
10:41:31.0 (152458550)|ENTERING_MANAGED_PKG|tdc_tsw
10:41:31.0 (153245132)|ENTERING_MANAGED_PKG|tdc_tsw
10:41:31.0 (153490254)|ENTERING_MANAGED_PKG|tdc_tsw
10:41:31.0 (153930825)|ENTERING_MANAGED_PKG|tdc_tsw
10:41:31.0 (155053777)|ENTERING_MANAGED_PKG|tdc_tsw
10:41:31.0 (155815318)|ENTERING_MANAGED_PKG|tdc_tsw
10:41:31.0 (156052398)|ENTERING_MANAGED_PKG|tdc_tsw
10:41:31.0 (156482975)|ENTERING_MANAGED_PKG|tdc_tsw
10:41:31.0 (157612049)|ENTERING_MANAGED_PKG|tdc_tsw
10:41:31.0 (158392354)|ENTERING_MANAGED_PKG|tdc_tsw
10:41:31.0 (158660774)|ENTERING_MANAGED_PKG|tdc_tsw
10:41:31.0 (159064979)|ENTERING_MANAGED_PKG|tdc_tsw
10:41:31.0 (160234302)|ENTERING_MANAGED_PKG|tdc_tsw
10:41:31.0 (161049927)|ENTERING_MANAGED_PKG|tdc_tsw
10:41:31.0 (161291555)|ENTERING_MANAGED_PKG|tdc_tsw
10:41:31.0 (161736264)|ENTERING_MANAGED_PKG|tdc_tsw
10:41:31.0 (162884162)|ENTERING_MANAGED_PKG|tdc_tsw
10:41:31.0 (163805217)|ENTERING_MANAGED_PKG|tdc_tsw
10:41:31.0 (164047655)|ENTERING_MANAGED_PKG|tdc_tsw
10:41:31.0 (164451991)|ENTERING_MANAGED_PKG|tdc_tsw
10:41:31.0 (165604775)|ENTERING_MANAGED_PKG|tdc_tsw
10:41:31.0 (166442323)|ENTERING_MANAGED_PKG|tdc_tsw
10:41:31.0 (166694385)|ENTERING_MANAGED_PKG|tdc_tsw
10:41:31.0 (167099356)|ENTERING_MANAGED_PKG|tdc_tsw
10:41:31.0 (168246858)|ENTERING_MANAGED_PKG|tdc_tsw
10:41:31.0 (169035001)|ENTERING_MANAGED_PKG|tdc_tsw
10:41:31.0 (169294599)|ENTERING_MANAGED_PKG|tdc_tsw
10:41:31.0 (169812755)|ENTERING_MANAGED_PKG|tdc_tsw
10:41:31.0 (170957311)|ENTERING_MANAGED_PKG|tdc_tsw
10:41:31.0 (171749671)|ENTERING_MANAGED_PKG|tdc_tsw
10:41:31.0 (171990729)|ENTERING_MANAGED_PKG|tdc_tsw
10:41:31.0 (172447005)|ENTERING_MANAGED_PKG|tdc_tsw
10:41:31.0 (173661445)|ENTERING_MANAGED_PKG|tdc_tsw
10:41:31.0 (174484153)|ENTERING_MANAGED_PKG|tdc_tsw
10:41:31.0 (174729922)|ENTERING_MANAGED_PKG|tdc_tsw
10:41:31.0 (175156290)|ENTERING_MANAGED_PKG|tdc_tsw
10:41:31.0 (176368579)|ENTERING_MANAGED_PKG|tdc_tsw
10:41:31.0 (177160495)|ENTERING_MANAGED_PKG|tdc_tsw
10:41:31.0 (177400647)|ENTERING_MANAGED_PKG|tdc_tsw
10:41:31.0 (177809921)|ENTERING_MANAGED_PKG|tdc_tsw
10:41:31.0 (178928448)|ENTERING_MANAGED_PKG|tdc_tsw
10:41:31.0 (179697615)|ENTERING_MANAGED_PKG|tdc_tsw
10:41:31.0 (179935427)|ENTERING_MANAGED_PKG|tdc_tsw
10:41:31.0 (180339769)|ENTERING_MANAGED_PKG|tdc_tsw
10:41:31.0 (181510621)|ENTERING_MANAGED_PKG|tdc_tsw
10:41:31.0 (182341538)|ENTERING_MANAGED_PKG|tdc_tsw
10:41:31.0 (182610332)|ENTERING_MANAGED_PKG|tdc_tsw
10:41:31.0 (183014741)|ENTERING_MANAGED_PKG|tdc_tsw
10:41:31.0 (184187980)|ENTERING_MANAGED_PKG|tdc_tsw
10:41:31.0 (184964639)|ENTERING_MANAGED_PKG|tdc_tsw
10:41:31.0 (185202965)|ENTERING_MANAGED_PKG|tdc_tsw
10:41:31.0 (185614606)|ENTERING_MANAGED_PKG|tdc_tsw
10:41:31.0 (186772250)|ENTERING_MANAGED_PKG|tdc_tsw
10:41:31.0 (187558809)|ENTERING_MANAGED_PKG|tdc_tsw
10:41:31.0 (187799873)|ENTERING_MANAGED_PKG|tdc_tsw
10:41:31.0 (188200906)|ENTERING_MANAGED_PKG|tdc_tsw
10:41:31.0 (189410707)|ENTERING_MANAGED_PKG|tdc_tsw
10:41:31.0 (190180986)|ENTERING_MANAGED_PKG|tdc_tsw
10:41:31.0 (190445848)|ENTERING_MANAGED_PKG|tdc_tsw
10:41:31.0 (190896585)|ENTERING_MANAGED_PKG|tdc_tsw
10:41:31.0 (192049175)|ENTERING_MANAGED_PKG|tdc_tsw
10:41:31.0 (192834720)|ENTERING_MANAGED_PKG|tdc_tsw
10:41:31.0 (193071610)|ENTERING_MANAGED_PKG|tdc_tsw
10:41:31.0 (193481447)|ENTERING_MANAGED_PKG|tdc_tsw
10:41:31.0 (194635188)|ENTERING_MANAGED_PKG|tdc_tsw
10:41:31.0 (195434218)|ENTERING_MANAGED_PKG|tdc_tsw
10:41:31.0 (195683232)|ENTERING_MANAGED_PKG|tdc_tsw
10:41:31.0 (196149624)|ENTERING_MANAGED_PKG|tdc_tsw
10:41:31.0 (197272493)|ENTERING_MANAGED_PKG|tdc_tsw
10:41:31.0 (198063244)|ENTERING_MANAGED_PKG|tdc_tsw
10:41:31.0 (198303852)|ENTERING_MANAGED_PKG|tdc_tsw
10:41:31.0 (198734065)|ENTERING_MANAGED_PKG|tdc_tsw
10:41:31.0 (199852002)|ENTERING_MANAGED_PKG|tdc_tsw
10:41:31.0 (200621961)|ENTERING_MANAGED_PKG|tdc_tsw
10:41:31.0 (200861231)|ENTERING_MANAGED_PKG|tdc_tsw
10:41:31.0 (201265879)|ENTERING_MANAGED_PKG|tdc_tsw
10:41:31.0 (202450983)|ENTERING_MANAGED_PKG|tdc_tsw
10:41:31.0 (203222081)|ENTERING_MANAGED_PKG|tdc_tsw
10:41:31.0 (203460352)|ENTERING_MANAGED_PKG|tdc_tsw
10:41:31.0 (203871124)|ENTERING_MANAGED_PKG|tdc_tsw
10:41:31.0 (205050143)|ENTERING_MANAGED_PKG|tdc_tsw
10:41:31.0 (205876796)|ENTERING_MANAGED_PKG|tdc_tsw
10:41:31.0 (206125354)|ENTERING_MANAGED_PKG|tdc_tsw
10:41:31.0 (206584615)|ENTERING_MANAGED_PKG|tdc_tsw
10:41:31.0 (207707899)|ENTERING_MANAGED_PKG|tdc_tsw
10:41:31.0 (208469262)|ENTERING_MANAGED_PKG|tdc_tsw
10:41:31.0 (208718914)|ENTERING_MANAGED_PKG|tdc_tsw
10:41:31.0 (209132335)|ENTERING_MANAGED_PKG|tdc_tsw
10:41:31.0 (210299839)|ENTERING_MANAGED_PKG|tdc_tsw
10:41:31.0 (211068695)|ENTERING_MANAGED_PKG|tdc_tsw
10:41:31.0 (211283875)|ENTERING_MANAGED_PKG|tdc_tsw
10:41:31.0 (211755619)|ENTERING_MANAGED_PKG|tdc_tsw
10:41:31.0 (212886498)|ENTERING_MANAGED_PKG|tdc_tsw
10:41:31.0 (213664518)|ENTERING_MANAGED_PKG|tdc_tsw
10:41:31.0 (213905710)|ENTERING_MANAGED_PKG|tdc_tsw
10:41:31.0 (214309797)|ENTERING_MANAGED_PKG|tdc_tsw
10:41:31.0 (215537404)|ENTERING_MANAGED_PKG|tdc_tsw
10:41:31.0 (216422845)|ENTERING_MANAGED_PKG|tdc_tsw
10:41:31.0 (216501105)|ENTERING_MANAGED_PKG|tdc_tsw
10:41:31.0 (217046529)|SOQL_EXECUTE_BEGIN|[200]|Aggregations:0|SELECT Name, NamespacePrefix, SystemModStamp FROM StaticResource WHERE Name LIKE :tmpVar1 LIMIT 10
10:41:31.0 (220609902)|SOQL_EXECUTE_END|[200]|Rows:1
10:41:31.0 (221346475)|ENTERING_MANAGED_PKG|tdc_tsw
10:41:31.0 (221734545)|SOQL_EXECUTE_BEGIN|[200]|Aggregations:0|SELECT Name, NamespacePrefix, SystemModStamp FROM StaticResource WHERE Name LIKE :tmpVar1 LIMIT 10
10:41:31.0 (224538742)|SOQL_EXECUTE_END|[200]|Rows:1
10:41:31.0 (224950198)|ENTERING_MANAGED_PKG|tdc_tsw
10:41:31.0 (227894743)|ENTERING_MANAGED_PKG|tdc_tsw
10:41:31.0 (229133522)|ENTERING_MANAGED_PKG|tdc_tsw
10:41:31.0 (229399447)|ENTERING_MANAGED_PKG|tdc_tsw
10:41:31.0 (230642338)|ENTERING_MANAGED_PKG|tdc_tsw
10:41:31.0 (231101794)|SOQL_EXECUTE_BEGIN|[200]|Aggregations:0|SELECT Name, NamespacePrefix, SystemModStamp FROM StaticResource WHERE Name LIKE :tmpVar1 LIMIT 10
10:41:31.0 (233789536)|SOQL_EXECUTE_END|[200]|Rows:1
10:41:31.246 (246433844)|USER_INFO|[EXTERNAL]|0051H000009gxp8|chanida.dev2@solvedbysoftwareco.com|Eastern Standard Time|GMT-05:00
10:41:31.246 (248643442)|ENTERING_MANAGED_PKG|tdc_tsw
10:41:31.246 (248878926)|ENTERING_MANAGED_PKG|tdc_tsw
10:41:31.246 (251488593)|SOQL_EXECUTE_BEGIN|[355]|Aggregations:0|SELECT id, name, Disable_Incoming_SMS_Sharing__c FROM User WHERE id = :tmpVar1
10:41:31.246 (257091585)|SOQL_EXECUTE_END|[355]|Rows:1
10:41:31.246 (258104952)|SOQL_EXECUTE_BEGIN|[367]|Aggregations:0|SELECT CreatedDate,Id,LastModifiedDate,Related_Object_Id__c FROM Message__c WHERE Name = 'Incoming' AND Read__c = false ORDER BY CreatedDate Desc limit 100
10:41:31.246 (266788153)|SOQL_EXECUTE_END|[367]|Rows:100
