44.0 APEX_CODE,FINEST;APEX_PROFILING,INFO;CALLOUT,INFO;DB,INFO;NBA,INFO;SYSTEM,DEBUG;VALIDATION,INFO;VISUALFORCE,INFO;WAVE,INFO;WORKFLOW,INFO
20:21:02.0 (158197)|USER_INFO|[EXTERNAL]|0051H000009gxp8|chanida.dev2@solvedbysoftwareco.com|Eastern Standard Time|GMT-05:00
20:21:02.0 (2019582)|ENTERING_MANAGED_PKG|tdc_tsw
20:21:02.0 (2505205)|ENTERING_MANAGED_PKG|tdc_tsw
20:21:02.0 (6765813)|SOQL_EXECUTE_BEGIN|[16]|Aggregations:0|SELECT id, name, Disable_Incoming_SMS_Sharing__c FROM User WHERE id = :tmpVar1
20:21:02.0 (13908174)|SOQL_EXECUTE_END|[16]|Rows:1
20:21:02.0 (20970779)|SOQL_EXECUTE_BEGIN|[37]|Aggregations:0|SELECT CreatedDate,Created_Date__c,Id,LastModifiedDate,MessageId__c,Message_Text_New__c,Name,OwnerId,Read__c,Related_Object_Id__c,Related_Object__c,Sender_Number__c, Sender_Name__c,ToNumber__c,Attachments_Ids__c FROM Message__c WHERE Name = 'Incoming' AND Read__c = false ORDER BY CreatedDate Desc limit 100
20:21:02.0 (36573176)|SOQL_EXECUTE_END|[37]|Rows:86
20:21:02.0 (51761299)|ENTERING_MANAGED_PKG|tdc_tsw
20:21:02.0 (53651421)|ENTERING_MANAGED_PKG|tdc_tsw
20:21:02.0 (54230289)|ENTERING_MANAGED_PKG|tdc_tsw
20:21:02.0 (55011224)|ENTERING_MANAGED_PKG|tdc_tsw
20:21:02.0 (58196204)|ENTERING_MANAGED_PKG|tdc_tsw
20:21:02.0 (59236774)|ENTERING_MANAGED_PKG|tdc_tsw
20:21:02.0 (59528263)|ENTERING_MANAGED_PKG|tdc_tsw
20:21:02.0 (60006762)|ENTERING_MANAGED_PKG|tdc_tsw
20:21:02.0 (61303797)|ENTERING_MANAGED_PKG|tdc_tsw
20:21:02.0 (62199891)|ENTERING_MANAGED_PKG|tdc_tsw
20:21:02.0 (62480222)|ENTERING_MANAGED_PKG|tdc_tsw
20:21:02.0 (62948715)|ENTERING_MANAGED_PKG|tdc_tsw
20:21:02.0 (64235979)|ENTERING_MANAGED_PKG|tdc_tsw
20:21:02.0 (65132993)|ENTERING_MANAGED_PKG|tdc_tsw
20:21:02.0 (65414139)|ENTERING_MANAGED_PKG|tdc_tsw
20:21:02.0 (65879107)|ENTERING_MANAGED_PKG|tdc_tsw
20:21:02.0 (67151532)|ENTERING_MANAGED_PKG|tdc_tsw
20:21:02.0 (68050983)|ENTERING_MANAGED_PKG|tdc_tsw
20:21:02.0 (68326169)|ENTERING_MANAGED_PKG|tdc_tsw
20:21:02.0 (68802538)|ENTERING_MANAGED_PKG|tdc_tsw
20:21:02.0 (70077874)|ENTERING_MANAGED_PKG|tdc_tsw
20:21:02.0 (70969318)|ENTERING_MANAGED_PKG|tdc_tsw
20:21:02.0 (71211890)|ENTERING_MANAGED_PKG|tdc_tsw
20:21:02.0 (71680688)|ENTERING_MANAGED_PKG|tdc_tsw
20:21:02.0 (72949303)|ENTERING_MANAGED_PKG|tdc_tsw
20:21:02.0 (73853844)|ENTERING_MANAGED_PKG|tdc_tsw
20:21:02.0 (74125177)|ENTERING_MANAGED_PKG|tdc_tsw
20:21:02.0 (74606185)|ENTERING_MANAGED_PKG|tdc_tsw
20:21:02.0 (75886865)|ENTERING_MANAGED_PKG|tdc_tsw
20:21:02.0 (76783952)|ENTERING_MANAGED_PKG|tdc_tsw
20:21:02.0 (77023064)|ENTERING_MANAGED_PKG|tdc_tsw
20:21:02.0 (77507244)|ENTERING_MANAGED_PKG|tdc_tsw
20:21:02.0 (78779051)|ENTERING_MANAGED_PKG|tdc_tsw
20:21:02.0 (79691080)|ENTERING_MANAGED_PKG|tdc_tsw
20:21:02.0 (79932292)|ENTERING_MANAGED_PKG|tdc_tsw
20:21:02.0 (80723281)|ENTERING_MANAGED_PKG|tdc_tsw
20:21:02.0 (82131675)|ENTERING_MANAGED_PKG|tdc_tsw
20:21:02.0 (83024800)|ENTERING_MANAGED_PKG|tdc_tsw
20:21:02.0 (83300537)|ENTERING_MANAGED_PKG|tdc_tsw
20:21:02.0 (83892828)|ENTERING_MANAGED_PKG|tdc_tsw
20:21:02.0 (85295083)|ENTERING_MANAGED_PKG|tdc_tsw
20:21:02.0 (86187334)|ENTERING_MANAGED_PKG|tdc_tsw
20:21:02.0 (86466699)|ENTERING_MANAGED_PKG|tdc_tsw
20:21:02.0 (87046521)|ENTERING_MANAGED_PKG|tdc_tsw
20:21:02.0 (88726018)|ENTERING_MANAGED_PKG|tdc_tsw
20:21:02.0 (89770779)|ENTERING_MANAGED_PKG|tdc_tsw
20:21:02.0 (89867044)|ENTERING_MANAGED_PKG|tdc_tsw
20:21:02.0 (90551182)|SOQL_EXECUTE_BEGIN|[200]|Aggregations:0|SELECT Name, NamespacePrefix, SystemModStamp FROM StaticResource WHERE Name LIKE :tmpVar1 LIMIT 10
20:21:02.0 (93900523)|SOQL_EXECUTE_END|[200]|Rows:1
20:21:02.0 (94755656)|ENTERING_MANAGED_PKG|tdc_tsw
20:21:02.0 (95102641)|SOQL_EXECUTE_BEGIN|[200]|Aggregations:0|SELECT Name, NamespacePrefix, SystemModStamp FROM StaticResource WHERE Name LIKE :tmpVar1 LIMIT 10
20:21:02.0 (97163394)|SOQL_EXECUTE_END|[200]|Rows:1
20:21:02.0 (97584731)|ENTERING_MANAGED_PKG|tdc_tsw
20:21:02.0 (101533538)|ENTERING_MANAGED_PKG|tdc_tsw
20:21:02.0 (103229855)|ENTERING_MANAGED_PKG|tdc_tsw
20:21:02.0 (103747247)|ENTERING_MANAGED_PKG|tdc_tsw
20:21:02.0 (104654781)|ENTERING_MANAGED_PKG|tdc_tsw
20:21:02.0 (105025315)|SOQL_EXECUTE_BEGIN|[200]|Aggregations:0|SELECT Name, NamespacePrefix, SystemModStamp FROM StaticResource WHERE Name LIKE :tmpVar1 LIMIT 10
20:21:02.0 (107472793)|SOQL_EXECUTE_END|[200]|Rows:1
20:21:02.113 (113524698)|USER_INFO|[EXTERNAL]|0051H000009gxp8|chanida.dev2@solvedbysoftwareco.com|Eastern Standard Time|GMT-05:00
20:21:02.113 (114855489)|ENTERING_MANAGED_PKG|tdc_tsw
20:21:02.113 (115048553)|ENTERING_MANAGED_PKG|tdc_tsw
20:21:02.113 (117441760)|SOQL_EXECUTE_BEGIN|[355]|Aggregations:0|SELECT id, name, Disable_Incoming_SMS_Sharing__c FROM User WHERE id = :tmpVar1
20:21:02.113 (123386938)|SOQL_EXECUTE_END|[355]|Rows:1
20:21:02.113 (124711697)|SOQL_EXECUTE_BEGIN|[367]|Aggregations:0|SELECT CreatedDate,Id,LastModifiedDate,Related_Object_Id__c FROM Message__c WHERE Name = 'Incoming' AND Read__c = false ORDER BY CreatedDate Desc limit 100
20:21:02.113 (132920358)|SOQL_EXECUTE_END|[367]|Rows:86
