44.0 APEX_CODE,FINEST;APEX_PROFILING,INFO;CALLOUT,INFO;DB,INFO;NBA,INFO;SYSTEM,DEBUG;VALIDATION,INFO;VISUALFORCE,INFO;WAVE,INFO;WORKFLOW,INFO
11:04:00.0 (541708)|USER_INFO|[EXTERNAL]|0051H000009gxp8|chanida.dev2@solvedbysoftwareco.com|Eastern Standard Time|GMT-05:00
11:04:00.0 (3154591)|ENTERING_MANAGED_PKG|tdc_tsw
11:04:00.0 (3466686)|ENTERING_MANAGED_PKG|tdc_tsw
11:04:00.0 (8516772)|SOQL_EXECUTE_BEGIN|[16]|Aggregations:0|SELECT id, name, Disable_Incoming_SMS_Sharing__c FROM User WHERE id = :tmpVar1
11:04:00.0 (17004746)|SOQL_EXECUTE_END|[16]|Rows:1
11:04:00.0 (25678582)|SOQL_EXECUTE_BEGIN|[37]|Aggregations:0|SELECT CreatedDate,Created_Date__c,Id,LastModifiedDate,MessageId__c,Message_Text_New__c,Name,OwnerId,Read__c,Related_Object_Id__c,Related_Object__c,Sender_Number__c, Sender_Name__c,ToNumber__c,Attachments_Ids__c FROM Message__c WHERE Name = 'Incoming' AND Read__c = false ORDER BY CreatedDate Desc limit 100
11:04:00.0 (44050899)|SOQL_EXECUTE_END|[37]|Rows:100
11:04:00.0 (62095445)|ENTERING_MANAGED_PKG|tdc_tsw
11:04:00.0 (63943190)|ENTERING_MANAGED_PKG|tdc_tsw
11:04:00.0 (64474290)|ENTERING_MANAGED_PKG|tdc_tsw
11:04:00.0 (65169935)|ENTERING_MANAGED_PKG|tdc_tsw
11:04:00.0 (67864110)|ENTERING_MANAGED_PKG|tdc_tsw
11:04:00.0 (68681850)|ENTERING_MANAGED_PKG|tdc_tsw
11:04:00.0 (68918827)|ENTERING_MANAGED_PKG|tdc_tsw
11:04:00.0 (69346337)|ENTERING_MANAGED_PKG|tdc_tsw
11:04:00.0 (70540303)|ENTERING_MANAGED_PKG|tdc_tsw
11:04:00.0 (71308339)|ENTERING_MANAGED_PKG|tdc_tsw
11:04:00.0 (71561335)|ENTERING_MANAGED_PKG|tdc_tsw
11:04:00.0 (71959544)|ENTERING_MANAGED_PKG|tdc_tsw
11:04:00.0 (73080860)|ENTERING_MANAGED_PKG|tdc_tsw
11:04:00.0 (73830883)|ENTERING_MANAGED_PKG|tdc_tsw
11:04:00.0 (74095345)|ENTERING_MANAGED_PKG|tdc_tsw
11:04:00.0 (74490685)|ENTERING_MANAGED_PKG|tdc_tsw
11:04:00.0 (75636019)|ENTERING_MANAGED_PKG|tdc_tsw
11:04:00.0 (76411164)|ENTERING_MANAGED_PKG|tdc_tsw
11:04:00.0 (76646678)|ENTERING_MANAGED_PKG|tdc_tsw
11:04:00.0 (77073255)|ENTERING_MANAGED_PKG|tdc_tsw
11:04:00.0 (78210418)|ENTERING_MANAGED_PKG|tdc_tsw
11:04:00.0 (78963793)|ENTERING_MANAGED_PKG|tdc_tsw
11:04:00.0 (79204279)|ENTERING_MANAGED_PKG|tdc_tsw
11:04:00.0 (79597902)|ENTERING_MANAGED_PKG|tdc_tsw
11:04:00.0 (80724361)|ENTERING_MANAGED_PKG|tdc_tsw
11:04:00.0 (81494848)|ENTERING_MANAGED_PKG|tdc_tsw
11:04:00.0 (81734591)|ENTERING_MANAGED_PKG|tdc_tsw
11:04:00.0 (82137854)|ENTERING_MANAGED_PKG|tdc_tsw
11:04:00.0 (83277585)|ENTERING_MANAGED_PKG|tdc_tsw
11:04:00.0 (84023944)|ENTERING_MANAGED_PKG|tdc_tsw
11:04:00.0 (84262674)|ENTERING_MANAGED_PKG|tdc_tsw
11:04:00.0 (84653986)|ENTERING_MANAGED_PKG|tdc_tsw
11:04:00.0 (85754105)|ENTERING_MANAGED_PKG|tdc_tsw
11:04:00.0 (86524151)|ENTERING_MANAGED_PKG|tdc_tsw
11:04:00.0 (86780275)|ENTERING_MANAGED_PKG|tdc_tsw
11:04:00.0 (87182202)|ENTERING_MANAGED_PKG|tdc_tsw
11:04:00.0 (88376945)|ENTERING_MANAGED_PKG|tdc_tsw
11:04:00.0 (89188200)|ENTERING_MANAGED_PKG|tdc_tsw
11:04:00.0 (89421438)|ENTERING_MANAGED_PKG|tdc_tsw
11:04:00.0 (89825357)|ENTERING_MANAGED_PKG|tdc_tsw
11:04:00.0 (90918056)|ENTERING_MANAGED_PKG|tdc_tsw
11:04:00.0 (91699367)|ENTERING_MANAGED_PKG|tdc_tsw
11:04:00.0 (91934796)|ENTERING_MANAGED_PKG|tdc_tsw
11:04:00.0 (92371810)|ENTERING_MANAGED_PKG|tdc_tsw
11:04:00.0 (93535533)|ENTERING_MANAGED_PKG|tdc_tsw
11:04:00.0 (94295079)|ENTERING_MANAGED_PKG|tdc_tsw
11:04:00.0 (94528207)|ENTERING_MANAGED_PKG|tdc_tsw
11:04:00.0 (94941849)|ENTERING_MANAGED_PKG|tdc_tsw
11:04:00.0 (96102347)|ENTERING_MANAGED_PKG|tdc_tsw
11:04:00.0 (96867957)|ENTERING_MANAGED_PKG|tdc_tsw
11:04:00.0 (97107620)|ENTERING_MANAGED_PKG|tdc_tsw
11:04:00.0 (97506735)|ENTERING_MANAGED_PKG|tdc_tsw
11:04:00.0 (98610505)|ENTERING_MANAGED_PKG|tdc_tsw
11:04:00.0 (99398480)|ENTERING_MANAGED_PKG|tdc_tsw
11:04:00.0 (99632479)|ENTERING_MANAGED_PKG|tdc_tsw
11:04:00.0 (100024497)|ENTERING_MANAGED_PKG|tdc_tsw
11:04:00.0 (101133271)|ENTERING_MANAGED_PKG|tdc_tsw
11:04:00.0 (101881386)|ENTERING_MANAGED_PKG|tdc_tsw
11:04:00.0 (102123171)|ENTERING_MANAGED_PKG|tdc_tsw
11:04:00.0 (102526929)|ENTERING_MANAGED_PKG|tdc_tsw
11:04:00.0 (103642553)|ENTERING_MANAGED_PKG|tdc_tsw
11:04:00.0 (104481598)|ENTERING_MANAGED_PKG|tdc_tsw
11:04:00.0 (104715418)|ENTERING_MANAGED_PKG|tdc_tsw
11:04:00.0 (105137088)|ENTERING_MANAGED_PKG|tdc_tsw
11:04:00.0 (106247052)|ENTERING_MANAGED_PKG|tdc_tsw
11:04:00.0 (106993549)|ENTERING_MANAGED_PKG|tdc_tsw
11:04:00.0 (107239578)|ENTERING_MANAGED_PKG|tdc_tsw
11:04:00.0 (107633480)|ENTERING_MANAGED_PKG|tdc_tsw
11:04:00.0 (108711454)|ENTERING_MANAGED_PKG|tdc_tsw
11:04:00.0 (109466431)|ENTERING_MANAGED_PKG|tdc_tsw
11:04:00.0 (109723906)|ENTERING_MANAGED_PKG|tdc_tsw
11:04:00.0 (110127779)|ENTERING_MANAGED_PKG|tdc_tsw
11:04:00.0 (111224375)|ENTERING_MANAGED_PKG|tdc_tsw
11:04:00.0 (112003546)|ENTERING_MANAGED_PKG|tdc_tsw
11:04:00.0 (112244728)|ENTERING_MANAGED_PKG|tdc_tsw
11:04:00.0 (112664158)|ENTERING_MANAGED_PKG|tdc_tsw
11:04:00.0 (113749733)|ENTERING_MANAGED_PKG|tdc_tsw
11:04:00.0 (114545807)|ENTERING_MANAGED_PKG|tdc_tsw
11:04:00.0 (114785969)|ENTERING_MANAGED_PKG|tdc_tsw
11:04:00.0 (115199177)|ENTERING_MANAGED_PKG|tdc_tsw
11:04:00.0 (116333919)|ENTERING_MANAGED_PKG|tdc_tsw
11:04:00.0 (117137743)|ENTERING_MANAGED_PKG|tdc_tsw
11:04:00.0 (117371051)|ENTERING_MANAGED_PKG|tdc_tsw
11:04:00.0 (117764149)|ENTERING_MANAGED_PKG|tdc_tsw
11:04:00.0 (118858092)|ENTERING_MANAGED_PKG|tdc_tsw
11:04:00.0 (119706672)|ENTERING_MANAGED_PKG|tdc_tsw
11:04:00.0 (119940388)|ENTERING_MANAGED_PKG|tdc_tsw
11:04:00.0 (120366408)|ENTERING_MANAGED_PKG|tdc_tsw
11:04:00.0 (121557234)|ENTERING_MANAGED_PKG|tdc_tsw
11:04:00.0 (122360667)|ENTERING_MANAGED_PKG|tdc_tsw
11:04:00.0 (122600963)|ENTERING_MANAGED_PKG|tdc_tsw
11:04:00.0 (123021354)|ENTERING_MANAGED_PKG|tdc_tsw
11:04:00.0 (124186676)|ENTERING_MANAGED_PKG|tdc_tsw
11:04:00.0 (124933967)|ENTERING_MANAGED_PKG|tdc_tsw
11:04:00.0 (125216340)|ENTERING_MANAGED_PKG|tdc_tsw
11:04:00.0 (125642004)|ENTERING_MANAGED_PKG|tdc_tsw
11:04:00.0 (126731145)|ENTERING_MANAGED_PKG|tdc_tsw
11:04:00.0 (127521540)|ENTERING_MANAGED_PKG|tdc_tsw
11:04:00.0 (127755195)|ENTERING_MANAGED_PKG|tdc_tsw
11:04:00.0 (128157082)|ENTERING_MANAGED_PKG|tdc_tsw
11:04:00.0 (129318708)|ENTERING_MANAGED_PKG|tdc_tsw
11:04:00.0 (130082793)|ENTERING_MANAGED_PKG|tdc_tsw
11:04:00.0 (130315837)|ENTERING_MANAGED_PKG|tdc_tsw
11:04:00.0 (130714323)|ENTERING_MANAGED_PKG|tdc_tsw
11:04:00.0 (131884776)|ENTERING_MANAGED_PKG|tdc_tsw
11:04:00.0 (132673166)|ENTERING_MANAGED_PKG|tdc_tsw
11:04:00.0 (132905996)|ENTERING_MANAGED_PKG|tdc_tsw
11:04:00.0 (133332826)|ENTERING_MANAGED_PKG|tdc_tsw
11:04:00.0 (134450625)|ENTERING_MANAGED_PKG|tdc_tsw
11:04:00.0 (135224332)|ENTERING_MANAGED_PKG|tdc_tsw
11:04:00.0 (135456646)|ENTERING_MANAGED_PKG|tdc_tsw
11:04:00.0 (135850373)|ENTERING_MANAGED_PKG|tdc_tsw
11:04:00.0 (136934008)|ENTERING_MANAGED_PKG|tdc_tsw
11:04:00.0 (137709410)|ENTERING_MANAGED_PKG|tdc_tsw
11:04:00.0 (137941350)|ENTERING_MANAGED_PKG|tdc_tsw
11:04:00.0 (138385676)|ENTERING_MANAGED_PKG|tdc_tsw
11:04:00.0 (139501104)|ENTERING_MANAGED_PKG|tdc_tsw
11:04:00.0 (140331372)|ENTERING_MANAGED_PKG|tdc_tsw
11:04:00.0 (140572939)|ENTERING_MANAGED_PKG|tdc_tsw
11:04:00.0 (140965295)|ENTERING_MANAGED_PKG|tdc_tsw
11:04:00.0 (142130943)|ENTERING_MANAGED_PKG|tdc_tsw
11:04:00.0 (142890723)|ENTERING_MANAGED_PKG|tdc_tsw
11:04:00.0 (143129658)|ENTERING_MANAGED_PKG|tdc_tsw
11:04:00.0 (143532862)|ENTERING_MANAGED_PKG|tdc_tsw
11:04:00.0 (144672684)|ENTERING_MANAGED_PKG|tdc_tsw
11:04:00.0 (145443692)|ENTERING_MANAGED_PKG|tdc_tsw
11:04:00.0 (145680377)|ENTERING_MANAGED_PKG|tdc_tsw
11:04:00.0 (146113246)|ENTERING_MANAGED_PKG|tdc_tsw
11:04:00.0 (147229257)|ENTERING_MANAGED_PKG|tdc_tsw
11:04:00.0 (148009929)|ENTERING_MANAGED_PKG|tdc_tsw
11:04:00.0 (148248475)|ENTERING_MANAGED_PKG|tdc_tsw
11:04:00.0 (148640530)|ENTERING_MANAGED_PKG|tdc_tsw
11:04:00.0 (149781357)|ENTERING_MANAGED_PKG|tdc_tsw
11:04:00.0 (150557755)|ENTERING_MANAGED_PKG|tdc_tsw
11:04:00.0 (150796938)|ENTERING_MANAGED_PKG|tdc_tsw
11:04:00.0 (151205182)|ENTERING_MANAGED_PKG|tdc_tsw
11:04:00.0 (152326749)|ENTERING_MANAGED_PKG|tdc_tsw
11:04:00.0 (153114593)|ENTERING_MANAGED_PKG|tdc_tsw
11:04:00.0 (153372781)|ENTERING_MANAGED_PKG|tdc_tsw
11:04:00.0 (153771219)|ENTERING_MANAGED_PKG|tdc_tsw
11:04:00.0 (154890304)|ENTERING_MANAGED_PKG|tdc_tsw
11:04:00.0 (155675693)|ENTERING_MANAGED_PKG|tdc_tsw
11:04:00.0 (155915351)|ENTERING_MANAGED_PKG|tdc_tsw
11:04:00.0 (156349644)|ENTERING_MANAGED_PKG|tdc_tsw
11:04:00.0 (160968984)|ENTERING_MANAGED_PKG|tdc_tsw
11:04:00.0 (161751960)|ENTERING_MANAGED_PKG|tdc_tsw
11:04:00.0 (161987016)|ENTERING_MANAGED_PKG|tdc_tsw
11:04:00.0 (162391747)|ENTERING_MANAGED_PKG|tdc_tsw
11:04:00.0 (163480653)|ENTERING_MANAGED_PKG|tdc_tsw
11:04:00.0 (164252464)|ENTERING_MANAGED_PKG|tdc_tsw
11:04:00.0 (164486195)|ENTERING_MANAGED_PKG|tdc_tsw
11:04:00.0 (164880359)|ENTERING_MANAGED_PKG|tdc_tsw
11:04:00.0 (166083524)|ENTERING_MANAGED_PKG|tdc_tsw
11:04:00.0 (166896883)|ENTERING_MANAGED_PKG|tdc_tsw
11:04:00.0 (167143701)|ENTERING_MANAGED_PKG|tdc_tsw
11:04:00.0 (167541491)|ENTERING_MANAGED_PKG|tdc_tsw
11:04:00.0 (168725423)|ENTERING_MANAGED_PKG|tdc_tsw
11:04:00.0 (169564399)|ENTERING_MANAGED_PKG|tdc_tsw
11:04:00.0 (169797601)|ENTERING_MANAGED_PKG|tdc_tsw
11:04:00.0 (170202298)|ENTERING_MANAGED_PKG|tdc_tsw
11:04:00.0 (171287410)|ENTERING_MANAGED_PKG|tdc_tsw
11:04:00.0 (172119192)|ENTERING_MANAGED_PKG|tdc_tsw
11:04:00.0 (172354030)|ENTERING_MANAGED_PKG|tdc_tsw
11:04:00.0 (172754246)|ENTERING_MANAGED_PKG|tdc_tsw
11:04:00.0 (173878075)|ENTERING_MANAGED_PKG|tdc_tsw
11:04:00.0 (174645668)|ENTERING_MANAGED_PKG|tdc_tsw
11:04:00.0 (174884865)|ENTERING_MANAGED_PKG|tdc_tsw
11:04:00.0 (175344587)|ENTERING_MANAGED_PKG|tdc_tsw
11:04:00.0 (176472589)|ENTERING_MANAGED_PKG|tdc_tsw
11:04:00.0 (177235038)|ENTERING_MANAGED_PKG|tdc_tsw
11:04:00.0 (177467180)|ENTERING_MANAGED_PKG|tdc_tsw
11:04:00.0 (177890432)|ENTERING_MANAGED_PKG|tdc_tsw
11:04:00.0 (179024768)|ENTERING_MANAGED_PKG|tdc_tsw
11:04:00.0 (179837222)|ENTERING_MANAGED_PKG|tdc_tsw
11:04:00.0 (180079799)|ENTERING_MANAGED_PKG|tdc_tsw
11:04:00.0 (180531584)|ENTERING_MANAGED_PKG|tdc_tsw
11:04:00.0 (181680090)|ENTERING_MANAGED_PKG|tdc_tsw
11:04:00.0 (182489607)|ENTERING_MANAGED_PKG|tdc_tsw
11:04:00.0 (182724733)|ENTERING_MANAGED_PKG|tdc_tsw
11:04:00.0 (183166631)|ENTERING_MANAGED_PKG|tdc_tsw
11:04:00.0 (184253850)|ENTERING_MANAGED_PKG|tdc_tsw
11:04:00.0 (185011960)|ENTERING_MANAGED_PKG|tdc_tsw
11:04:00.0 (185251540)|ENTERING_MANAGED_PKG|tdc_tsw
11:04:00.0 (185668637)|ENTERING_MANAGED_PKG|tdc_tsw
11:04:00.0 (186755648)|ENTERING_MANAGED_PKG|tdc_tsw
11:04:00.0 (187510953)|ENTERING_MANAGED_PKG|tdc_tsw
11:04:00.0 (187745119)|ENTERING_MANAGED_PKG|tdc_tsw
11:04:00.0 (188147287)|ENTERING_MANAGED_PKG|tdc_tsw
11:04:00.0 (189231715)|ENTERING_MANAGED_PKG|tdc_tsw
11:04:00.0 (189983609)|ENTERING_MANAGED_PKG|tdc_tsw
11:04:00.0 (190222144)|ENTERING_MANAGED_PKG|tdc_tsw
11:04:00.0 (190646985)|ENTERING_MANAGED_PKG|tdc_tsw
11:04:00.0 (191732058)|ENTERING_MANAGED_PKG|tdc_tsw
11:04:00.0 (192516884)|ENTERING_MANAGED_PKG|tdc_tsw
11:04:00.0 (192751203)|ENTERING_MANAGED_PKG|tdc_tsw
11:04:00.0 (193154272)|ENTERING_MANAGED_PKG|tdc_tsw
11:04:00.0 (194238098)|ENTERING_MANAGED_PKG|tdc_tsw
11:04:00.0 (194989807)|ENTERING_MANAGED_PKG|tdc_tsw
11:04:00.0 (195228626)|ENTERING_MANAGED_PKG|tdc_tsw
11:04:00.0 (195658152)|ENTERING_MANAGED_PKG|tdc_tsw
11:04:00.0 (196768837)|ENTERING_MANAGED_PKG|tdc_tsw
11:04:00.0 (197529840)|ENTERING_MANAGED_PKG|tdc_tsw
11:04:00.0 (197763315)|ENTERING_MANAGED_PKG|tdc_tsw
11:04:00.0 (198165484)|ENTERING_MANAGED_PKG|tdc_tsw
11:04:00.0 (199284345)|ENTERING_MANAGED_PKG|tdc_tsw
11:04:00.0 (200039047)|ENTERING_MANAGED_PKG|tdc_tsw
11:04:00.0 (200287239)|ENTERING_MANAGED_PKG|tdc_tsw
11:04:00.0 (200686614)|ENTERING_MANAGED_PKG|tdc_tsw
11:04:00.0 (201805408)|ENTERING_MANAGED_PKG|tdc_tsw
11:04:00.0 (202561874)|ENTERING_MANAGED_PKG|tdc_tsw
11:04:00.0 (202795043)|ENTERING_MANAGED_PKG|tdc_tsw
11:04:00.0 (203223017)|ENTERING_MANAGED_PKG|tdc_tsw
11:04:00.0 (204311951)|ENTERING_MANAGED_PKG|tdc_tsw
11:04:00.0 (205095725)|ENTERING_MANAGED_PKG|tdc_tsw
11:04:00.0 (205355523)|ENTERING_MANAGED_PKG|tdc_tsw
11:04:00.0 (205749271)|ENTERING_MANAGED_PKG|tdc_tsw
11:04:00.0 (206846211)|ENTERING_MANAGED_PKG|tdc_tsw
11:04:00.0 (207636424)|ENTERING_MANAGED_PKG|tdc_tsw
11:04:00.0 (207869044)|ENTERING_MANAGED_PKG|tdc_tsw
11:04:00.0 (208270993)|ENTERING_MANAGED_PKG|tdc_tsw
11:04:00.0 (209365137)|ENTERING_MANAGED_PKG|tdc_tsw
11:04:00.0 (210120696)|ENTERING_MANAGED_PKG|tdc_tsw
11:04:00.0 (210373968)|ENTERING_MANAGED_PKG|tdc_tsw
11:04:00.0 (210768180)|ENTERING_MANAGED_PKG|tdc_tsw
11:04:00.0 (211857208)|ENTERING_MANAGED_PKG|tdc_tsw
11:04:00.0 (212607720)|ENTERING_MANAGED_PKG|tdc_tsw
11:04:00.0 (212839800)|ENTERING_MANAGED_PKG|tdc_tsw
11:04:00.0 (213267278)|ENTERING_MANAGED_PKG|tdc_tsw
11:04:00.0 (214351614)|ENTERING_MANAGED_PKG|tdc_tsw
11:04:00.0 (215144731)|ENTERING_MANAGED_PKG|tdc_tsw
11:04:00.0 (215355144)|ENTERING_MANAGED_PKG|tdc_tsw
11:04:00.0 (215902944)|ENTERING_MANAGED_PKG|tdc_tsw
11:04:00.0 (218370676)|ENTERING_MANAGED_PKG|tdc_tsw
11:04:00.0 (219277662)|ENTERING_MANAGED_PKG|tdc_tsw
11:04:00.0 (219374128)|ENTERING_MANAGED_PKG|tdc_tsw
11:04:00.0 (220081775)|SOQL_EXECUTE_BEGIN|[200]|Aggregations:0|SELECT Name, NamespacePrefix, SystemModStamp FROM StaticResource WHERE Name LIKE :tmpVar1 LIMIT 10
11:04:00.0 (226521009)|SOQL_EXECUTE_END|[200]|Rows:1
11:04:00.0 (227420147)|ENTERING_MANAGED_PKG|tdc_tsw
11:04:00.0 (227872576)|SOQL_EXECUTE_BEGIN|[200]|Aggregations:0|SELECT Name, NamespacePrefix, SystemModStamp FROM StaticResource WHERE Name LIKE :tmpVar1 LIMIT 10
11:04:00.0 (230756089)|SOQL_EXECUTE_END|[200]|Rows:1
11:04:00.0 (231193186)|ENTERING_MANAGED_PKG|tdc_tsw
11:04:00.0 (234671056)|ENTERING_MANAGED_PKG|tdc_tsw
11:04:00.0 (235848621)|ENTERING_MANAGED_PKG|tdc_tsw
11:04:00.0 (236122357)|ENTERING_MANAGED_PKG|tdc_tsw
11:04:00.0 (237029561)|ENTERING_MANAGED_PKG|tdc_tsw
11:04:00.0 (237492599)|SOQL_EXECUTE_BEGIN|[200]|Aggregations:0|SELECT Name, NamespacePrefix, SystemModStamp FROM StaticResource WHERE Name LIKE :tmpVar1 LIMIT 10
11:04:00.0 (240391678)|SOQL_EXECUTE_END|[200]|Rows:1
11:04:00.251 (251200356)|USER_INFO|[EXTERNAL]|0051H000009gxp8|chanida.dev2@solvedbysoftwareco.com|Eastern Standard Time|GMT-05:00
11:04:00.251 (252764226)|ENTERING_MANAGED_PKG|tdc_tsw
11:04:00.251 (252966235)|ENTERING_MANAGED_PKG|tdc_tsw
11:04:00.251 (255351059)|SOQL_EXECUTE_BEGIN|[355]|Aggregations:0|SELECT id, name, Disable_Incoming_SMS_Sharing__c FROM User WHERE id = :tmpVar1
11:04:00.251 (261712162)|SOQL_EXECUTE_END|[355]|Rows:1
11:04:00.251 (262659908)|SOQL_EXECUTE_BEGIN|[367]|Aggregations:0|SELECT CreatedDate,Id,LastModifiedDate,Related_Object_Id__c FROM Message__c WHERE Name = 'Incoming' AND Read__c = false ORDER BY CreatedDate Desc limit 100
11:04:00.251 (271548627)|SOQL_EXECUTE_END|[367]|Rows:100
