44.0 APEX_CODE,FINEST;APEX_PROFILING,INFO;CALLOUT,INFO;DB,INFO;NBA,INFO;SYSTEM,DEBUG;VALIDATION,INFO;VISUALFORCE,INFO;WAVE,INFO;WORKFLOW,INFO
10:52:01.0 (138311)|USER_INFO|[EXTERNAL]|0051H000009gxp8|chanida.dev2@solvedbysoftwareco.com|Eastern Standard Time|GMT-05:00
10:52:01.0 (1647251)|ENTERING_MANAGED_PKG|tdc_tsw
10:52:01.0 (2008881)|ENTERING_MANAGED_PKG|tdc_tsw
10:52:01.0 (5294461)|SOQL_EXECUTE_BEGIN|[16]|Aggregations:0|SELECT id, name, Disable_Incoming_SMS_Sharing__c FROM User WHERE id = :tmpVar1
10:52:01.0 (11573265)|SOQL_EXECUTE_END|[16]|Rows:1
10:52:01.0 (16704643)|SOQL_EXECUTE_BEGIN|[37]|Aggregations:0|SELECT CreatedDate,Created_Date__c,Id,LastModifiedDate,MessageId__c,Message_Text_New__c,Name,OwnerId,Read__c,Related_Object_Id__c,Related_Object__c,Sender_Number__c, Sender_Name__c,ToNumber__c,Attachments_Ids__c FROM Message__c WHERE Name = 'Incoming' AND Read__c = false ORDER BY CreatedDate Desc limit 100
10:52:01.0 (32972027)|SOQL_EXECUTE_END|[37]|Rows:100
10:52:01.0 (49564333)|ENTERING_MANAGED_PKG|tdc_tsw
10:52:01.0 (51081805)|ENTERING_MANAGED_PKG|tdc_tsw
10:52:01.0 (51539467)|ENTERING_MANAGED_PKG|tdc_tsw
10:52:01.0 (52179658)|ENTERING_MANAGED_PKG|tdc_tsw
10:52:01.0 (54703011)|ENTERING_MANAGED_PKG|tdc_tsw
10:52:01.0 (55447205)|ENTERING_MANAGED_PKG|tdc_tsw
10:52:01.0 (55688186)|ENTERING_MANAGED_PKG|tdc_tsw
10:52:01.0 (56084970)|ENTERING_MANAGED_PKG|tdc_tsw
10:52:01.0 (57140040)|ENTERING_MANAGED_PKG|tdc_tsw
10:52:01.0 (57865334)|ENTERING_MANAGED_PKG|tdc_tsw
10:52:01.0 (58098158)|ENTERING_MANAGED_PKG|tdc_tsw
10:52:01.0 (58477273)|ENTERING_MANAGED_PKG|tdc_tsw
10:52:01.0 (59522876)|ENTERING_MANAGED_PKG|tdc_tsw
10:52:01.0 (60245236)|ENTERING_MANAGED_PKG|tdc_tsw
10:52:01.0 (60471311)|ENTERING_MANAGED_PKG|tdc_tsw
10:52:01.0 (60849416)|ENTERING_MANAGED_PKG|tdc_tsw
10:52:01.0 (61890539)|ENTERING_MANAGED_PKG|tdc_tsw
10:52:01.0 (62618096)|ENTERING_MANAGED_PKG|tdc_tsw
10:52:01.0 (62844367)|ENTERING_MANAGED_PKG|tdc_tsw
10:52:01.0 (63231373)|ENTERING_MANAGED_PKG|tdc_tsw
10:52:01.0 (64271018)|ENTERING_MANAGED_PKG|tdc_tsw
10:52:01.0 (64984810)|ENTERING_MANAGED_PKG|tdc_tsw
10:52:01.0 (65219699)|ENTERING_MANAGED_PKG|tdc_tsw
10:52:01.0 (65597368)|ENTERING_MANAGED_PKG|tdc_tsw
10:52:01.0 (66635096)|ENTERING_MANAGED_PKG|tdc_tsw
10:52:01.0 (67357199)|ENTERING_MANAGED_PKG|tdc_tsw
10:52:01.0 (67581221)|ENTERING_MANAGED_PKG|tdc_tsw
10:52:01.0 (67958221)|ENTERING_MANAGED_PKG|tdc_tsw
10:52:01.0 (69001074)|ENTERING_MANAGED_PKG|tdc_tsw
10:52:01.0 (69722884)|ENTERING_MANAGED_PKG|tdc_tsw
10:52:01.0 (69946067)|ENTERING_MANAGED_PKG|tdc_tsw
10:52:01.0 (70328413)|ENTERING_MANAGED_PKG|tdc_tsw
10:52:01.0 (71388663)|ENTERING_MANAGED_PKG|tdc_tsw
10:52:01.0 (72120112)|ENTERING_MANAGED_PKG|tdc_tsw
10:52:01.0 (72344577)|ENTERING_MANAGED_PKG|tdc_tsw
10:52:01.0 (72723612)|ENTERING_MANAGED_PKG|tdc_tsw
10:52:01.0 (73768011)|ENTERING_MANAGED_PKG|tdc_tsw
10:52:01.0 (74496539)|ENTERING_MANAGED_PKG|tdc_tsw
10:52:01.0 (74721926)|ENTERING_MANAGED_PKG|tdc_tsw
10:52:01.0 (75123467)|ENTERING_MANAGED_PKG|tdc_tsw
10:52:01.0 (76167809)|ENTERING_MANAGED_PKG|tdc_tsw
10:52:01.0 (76878535)|ENTERING_MANAGED_PKG|tdc_tsw
10:52:01.0 (77109989)|ENTERING_MANAGED_PKG|tdc_tsw
10:52:01.0 (77487969)|ENTERING_MANAGED_PKG|tdc_tsw
10:52:01.0 (78532925)|ENTERING_MANAGED_PKG|tdc_tsw
10:52:01.0 (79251692)|ENTERING_MANAGED_PKG|tdc_tsw
10:52:01.0 (79476275)|ENTERING_MANAGED_PKG|tdc_tsw
10:52:01.0 (79852363)|ENTERING_MANAGED_PKG|tdc_tsw
10:52:01.0 (80898181)|ENTERING_MANAGED_PKG|tdc_tsw
10:52:01.0 (81614823)|ENTERING_MANAGED_PKG|tdc_tsw
10:52:01.0 (81839242)|ENTERING_MANAGED_PKG|tdc_tsw
10:52:01.0 (82223345)|ENTERING_MANAGED_PKG|tdc_tsw
10:52:01.0 (83266366)|ENTERING_MANAGED_PKG|tdc_tsw
10:52:01.0 (83976431)|ENTERING_MANAGED_PKG|tdc_tsw
10:52:01.0 (84207588)|ENTERING_MANAGED_PKG|tdc_tsw
10:52:01.0 (84584754)|ENTERING_MANAGED_PKG|tdc_tsw
10:52:01.0 (85628594)|ENTERING_MANAGED_PKG|tdc_tsw
10:52:01.0 (86346655)|ENTERING_MANAGED_PKG|tdc_tsw
10:52:01.0 (86569926)|ENTERING_MANAGED_PKG|tdc_tsw
10:52:01.0 (86946838)|ENTERING_MANAGED_PKG|tdc_tsw
10:52:01.0 (87990879)|ENTERING_MANAGED_PKG|tdc_tsw
10:52:01.0 (88716932)|ENTERING_MANAGED_PKG|tdc_tsw
10:52:01.0 (88940387)|ENTERING_MANAGED_PKG|tdc_tsw
10:52:01.0 (89323220)|ENTERING_MANAGED_PKG|tdc_tsw
10:52:01.0 (90360661)|ENTERING_MANAGED_PKG|tdc_tsw
10:52:01.0 (91085406)|ENTERING_MANAGED_PKG|tdc_tsw
10:52:01.0 (91308163)|ENTERING_MANAGED_PKG|tdc_tsw
10:52:01.0 (91681583)|ENTERING_MANAGED_PKG|tdc_tsw
10:52:01.0 (92717209)|ENTERING_MANAGED_PKG|tdc_tsw
10:52:01.0 (93441938)|ENTERING_MANAGED_PKG|tdc_tsw
10:52:01.0 (93665750)|ENTERING_MANAGED_PKG|tdc_tsw
10:52:01.0 (94045884)|ENTERING_MANAGED_PKG|tdc_tsw
10:52:01.0 (95397283)|ENTERING_MANAGED_PKG|tdc_tsw
10:52:01.0 (96120338)|ENTERING_MANAGED_PKG|tdc_tsw
10:52:01.0 (96344742)|ENTERING_MANAGED_PKG|tdc_tsw
10:52:01.0 (96724556)|ENTERING_MANAGED_PKG|tdc_tsw
10:52:01.0 (97769348)|ENTERING_MANAGED_PKG|tdc_tsw
10:52:01.0 (98492226)|ENTERING_MANAGED_PKG|tdc_tsw
10:52:01.0 (98716209)|ENTERING_MANAGED_PKG|tdc_tsw
10:52:01.0 (99105204)|ENTERING_MANAGED_PKG|tdc_tsw
10:52:01.0 (100143121)|ENTERING_MANAGED_PKG|tdc_tsw
10:52:01.0 (100880195)|ENTERING_MANAGED_PKG|tdc_tsw
10:52:01.0 (101111213)|ENTERING_MANAGED_PKG|tdc_tsw
10:52:01.0 (101486436)|ENTERING_MANAGED_PKG|tdc_tsw
10:52:01.0 (102525711)|ENTERING_MANAGED_PKG|tdc_tsw
10:52:01.0 (103245081)|ENTERING_MANAGED_PKG|tdc_tsw
10:52:01.0 (103469363)|ENTERING_MANAGED_PKG|tdc_tsw
10:52:01.0 (103846596)|ENTERING_MANAGED_PKG|tdc_tsw
10:52:01.0 (104886442)|ENTERING_MANAGED_PKG|tdc_tsw
10:52:01.0 (105603688)|ENTERING_MANAGED_PKG|tdc_tsw
10:52:01.0 (105828113)|ENTERING_MANAGED_PKG|tdc_tsw
10:52:01.0 (106214455)|ENTERING_MANAGED_PKG|tdc_tsw
10:52:01.0 (107251814)|ENTERING_MANAGED_PKG|tdc_tsw
10:52:01.0 (107961728)|ENTERING_MANAGED_PKG|tdc_tsw
10:52:01.0 (108193127)|ENTERING_MANAGED_PKG|tdc_tsw
10:52:01.0 (108569994)|ENTERING_MANAGED_PKG|tdc_tsw
10:52:01.0 (109608595)|ENTERING_MANAGED_PKG|tdc_tsw
10:52:01.0 (110321936)|ENTERING_MANAGED_PKG|tdc_tsw
10:52:01.0 (110550258)|ENTERING_MANAGED_PKG|tdc_tsw
10:52:01.0 (110926503)|ENTERING_MANAGED_PKG|tdc_tsw
10:52:01.0 (111968285)|ENTERING_MANAGED_PKG|tdc_tsw
10:52:01.0 (112686991)|ENTERING_MANAGED_PKG|tdc_tsw
10:52:01.0 (112910082)|ENTERING_MANAGED_PKG|tdc_tsw
10:52:01.0 (113291142)|ENTERING_MANAGED_PKG|tdc_tsw
10:52:01.0 (114331919)|ENTERING_MANAGED_PKG|tdc_tsw
10:52:01.0 (115046769)|ENTERING_MANAGED_PKG|tdc_tsw
10:52:01.0 (115271706)|ENTERING_MANAGED_PKG|tdc_tsw
10:52:01.0 (115646848)|ENTERING_MANAGED_PKG|tdc_tsw
10:52:01.0 (116693952)|ENTERING_MANAGED_PKG|tdc_tsw
10:52:01.0 (117414344)|ENTERING_MANAGED_PKG|tdc_tsw
10:52:01.0 (117640496)|ENTERING_MANAGED_PKG|tdc_tsw
10:52:01.0 (118021732)|ENTERING_MANAGED_PKG|tdc_tsw
10:52:01.0 (119067495)|ENTERING_MANAGED_PKG|tdc_tsw
10:52:01.0 (119776826)|ENTERING_MANAGED_PKG|tdc_tsw
10:52:01.0 (119999880)|ENTERING_MANAGED_PKG|tdc_tsw
10:52:01.0 (120383508)|ENTERING_MANAGED_PKG|tdc_tsw
10:52:01.0 (121423146)|ENTERING_MANAGED_PKG|tdc_tsw
10:52:01.0 (122143761)|ENTERING_MANAGED_PKG|tdc_tsw
10:52:01.0 (122368944)|ENTERING_MANAGED_PKG|tdc_tsw
10:52:01.0 (122745490)|ENTERING_MANAGED_PKG|tdc_tsw
10:52:01.0 (123783004)|ENTERING_MANAGED_PKG|tdc_tsw
10:52:01.0 (124505767)|ENTERING_MANAGED_PKG|tdc_tsw
10:52:01.0 (124730308)|ENTERING_MANAGED_PKG|tdc_tsw
10:52:01.0 (125117933)|ENTERING_MANAGED_PKG|tdc_tsw
10:52:01.0 (126159728)|ENTERING_MANAGED_PKG|tdc_tsw
10:52:01.0 (126874318)|ENTERING_MANAGED_PKG|tdc_tsw
10:52:01.0 (127104930)|ENTERING_MANAGED_PKG|tdc_tsw
10:52:01.0 (127482310)|ENTERING_MANAGED_PKG|tdc_tsw
10:52:01.0 (128520510)|ENTERING_MANAGED_PKG|tdc_tsw
10:52:01.0 (129238385)|ENTERING_MANAGED_PKG|tdc_tsw
10:52:01.0 (129461980)|ENTERING_MANAGED_PKG|tdc_tsw
10:52:01.0 (129840725)|ENTERING_MANAGED_PKG|tdc_tsw
10:52:01.0 (130884297)|ENTERING_MANAGED_PKG|tdc_tsw
10:52:01.0 (131604102)|ENTERING_MANAGED_PKG|tdc_tsw
10:52:01.0 (131827982)|ENTERING_MANAGED_PKG|tdc_tsw
10:52:01.0 (132213241)|ENTERING_MANAGED_PKG|tdc_tsw
10:52:01.0 (133249938)|ENTERING_MANAGED_PKG|tdc_tsw
10:52:01.0 (133959278)|ENTERING_MANAGED_PKG|tdc_tsw
10:52:01.0 (134189976)|ENTERING_MANAGED_PKG|tdc_tsw
10:52:01.0 (134568028)|ENTERING_MANAGED_PKG|tdc_tsw
10:52:01.0 (135607858)|ENTERING_MANAGED_PKG|tdc_tsw
10:52:01.0 (136325159)|ENTERING_MANAGED_PKG|tdc_tsw
10:52:01.0 (136549774)|ENTERING_MANAGED_PKG|tdc_tsw
10:52:01.0 (136926224)|ENTERING_MANAGED_PKG|tdc_tsw
10:52:01.0 (137969917)|ENTERING_MANAGED_PKG|tdc_tsw
10:52:01.0 (138691694)|ENTERING_MANAGED_PKG|tdc_tsw
10:52:01.0 (138915947)|ENTERING_MANAGED_PKG|tdc_tsw
10:52:01.0 (139301287)|ENTERING_MANAGED_PKG|tdc_tsw
10:52:01.0 (140352618)|ENTERING_MANAGED_PKG|tdc_tsw
10:52:01.0 (141075370)|ENTERING_MANAGED_PKG|tdc_tsw
10:52:01.0 (141301570)|ENTERING_MANAGED_PKG|tdc_tsw
10:52:01.0 (141680710)|ENTERING_MANAGED_PKG|tdc_tsw
10:52:01.0 (142724180)|ENTERING_MANAGED_PKG|tdc_tsw
10:52:01.0 (143450127)|ENTERING_MANAGED_PKG|tdc_tsw
10:52:01.0 (143675181)|ENTERING_MANAGED_PKG|tdc_tsw
10:52:01.0 (144060102)|ENTERING_MANAGED_PKG|tdc_tsw
10:52:01.0 (145107488)|ENTERING_MANAGED_PKG|tdc_tsw
10:52:01.0 (145824905)|ENTERING_MANAGED_PKG|tdc_tsw
10:52:01.0 (146059472)|ENTERING_MANAGED_PKG|tdc_tsw
10:52:01.0 (146441304)|ENTERING_MANAGED_PKG|tdc_tsw
10:52:01.0 (147498234)|ENTERING_MANAGED_PKG|tdc_tsw
10:52:01.0 (148222099)|ENTERING_MANAGED_PKG|tdc_tsw
10:52:01.0 (148446833)|ENTERING_MANAGED_PKG|tdc_tsw
10:52:01.0 (148825307)|ENTERING_MANAGED_PKG|tdc_tsw
10:52:01.0 (149874671)|ENTERING_MANAGED_PKG|tdc_tsw
10:52:01.0 (150598134)|ENTERING_MANAGED_PKG|tdc_tsw
10:52:01.0 (150823467)|ENTERING_MANAGED_PKG|tdc_tsw
10:52:01.0 (151281482)|ENTERING_MANAGED_PKG|tdc_tsw
10:52:01.0 (152331577)|ENTERING_MANAGED_PKG|tdc_tsw
10:52:01.0 (153057060)|ENTERING_MANAGED_PKG|tdc_tsw
10:52:01.0 (153283984)|ENTERING_MANAGED_PKG|tdc_tsw
10:52:01.0 (153660367)|ENTERING_MANAGED_PKG|tdc_tsw
10:52:01.0 (154705203)|ENTERING_MANAGED_PKG|tdc_tsw
10:52:01.0 (155428079)|ENTERING_MANAGED_PKG|tdc_tsw
10:52:01.0 (155653060)|ENTERING_MANAGED_PKG|tdc_tsw
10:52:01.0 (156028860)|ENTERING_MANAGED_PKG|tdc_tsw
10:52:01.0 (157075812)|ENTERING_MANAGED_PKG|tdc_tsw
10:52:01.0 (157786787)|ENTERING_MANAGED_PKG|tdc_tsw
10:52:01.0 (158009907)|ENTERING_MANAGED_PKG|tdc_tsw
10:52:01.0 (158393863)|ENTERING_MANAGED_PKG|tdc_tsw
10:52:01.0 (159434634)|ENTERING_MANAGED_PKG|tdc_tsw
10:52:01.0 (160155877)|ENTERING_MANAGED_PKG|tdc_tsw
10:52:01.0 (160380126)|ENTERING_MANAGED_PKG|tdc_tsw
10:52:01.0 (160757573)|ENTERING_MANAGED_PKG|tdc_tsw
10:52:01.0 (161797061)|ENTERING_MANAGED_PKG|tdc_tsw
10:52:01.0 (162519004)|ENTERING_MANAGED_PKG|tdc_tsw
10:52:01.0 (162743237)|ENTERING_MANAGED_PKG|tdc_tsw
10:52:01.0 (163128703)|ENTERING_MANAGED_PKG|tdc_tsw
10:52:01.0 (164173880)|ENTERING_MANAGED_PKG|tdc_tsw
10:52:01.0 (164885209)|ENTERING_MANAGED_PKG|tdc_tsw
10:52:01.0 (165117255)|ENTERING_MANAGED_PKG|tdc_tsw
10:52:01.0 (165493922)|ENTERING_MANAGED_PKG|tdc_tsw
10:52:01.0 (166536009)|ENTERING_MANAGED_PKG|tdc_tsw
10:52:01.0 (167255766)|ENTERING_MANAGED_PKG|tdc_tsw
10:52:01.0 (167480702)|ENTERING_MANAGED_PKG|tdc_tsw
10:52:01.0 (167858257)|ENTERING_MANAGED_PKG|tdc_tsw
10:52:01.0 (168910872)|ENTERING_MANAGED_PKG|tdc_tsw
10:52:01.0 (169631876)|ENTERING_MANAGED_PKG|tdc_tsw
10:52:01.0 (169856794)|ENTERING_MANAGED_PKG|tdc_tsw
10:52:01.0 (170246327)|ENTERING_MANAGED_PKG|tdc_tsw
10:52:01.0 (171290734)|ENTERING_MANAGED_PKG|tdc_tsw
10:52:01.0 (171999232)|ENTERING_MANAGED_PKG|tdc_tsw
10:52:01.0 (172228747)|ENTERING_MANAGED_PKG|tdc_tsw
10:52:01.0 (172602637)|ENTERING_MANAGED_PKG|tdc_tsw
10:52:01.0 (173643403)|ENTERING_MANAGED_PKG|tdc_tsw
10:52:01.0 (174363610)|ENTERING_MANAGED_PKG|tdc_tsw
10:52:01.0 (174587920)|ENTERING_MANAGED_PKG|tdc_tsw
10:52:01.0 (174965167)|ENTERING_MANAGED_PKG|tdc_tsw
10:52:01.0 (176006114)|ENTERING_MANAGED_PKG|tdc_tsw
10:52:01.0 (176718280)|ENTERING_MANAGED_PKG|tdc_tsw
10:52:01.0 (176940598)|ENTERING_MANAGED_PKG|tdc_tsw
10:52:01.0 (177325271)|ENTERING_MANAGED_PKG|tdc_tsw
10:52:01.0 (178364160)|ENTERING_MANAGED_PKG|tdc_tsw
10:52:01.0 (179083947)|ENTERING_MANAGED_PKG|tdc_tsw
10:52:01.0 (179306826)|ENTERING_MANAGED_PKG|tdc_tsw
10:52:01.0 (179683006)|ENTERING_MANAGED_PKG|tdc_tsw
10:52:01.0 (180718790)|ENTERING_MANAGED_PKG|tdc_tsw
10:52:01.0 (181438001)|ENTERING_MANAGED_PKG|tdc_tsw
10:52:01.0 (181661859)|ENTERING_MANAGED_PKG|tdc_tsw
10:52:01.0 (182043834)|ENTERING_MANAGED_PKG|tdc_tsw
10:52:01.0 (183083978)|ENTERING_MANAGED_PKG|tdc_tsw
10:52:01.0 (183795508)|ENTERING_MANAGED_PKG|tdc_tsw
10:52:01.0 (184018693)|ENTERING_MANAGED_PKG|tdc_tsw
10:52:01.0 (184403529)|ENTERING_MANAGED_PKG|tdc_tsw
10:52:01.0 (185441114)|ENTERING_MANAGED_PKG|tdc_tsw
10:52:01.0 (186163963)|ENTERING_MANAGED_PKG|tdc_tsw
10:52:01.0 (186387779)|ENTERING_MANAGED_PKG|tdc_tsw
10:52:01.0 (186766909)|ENTERING_MANAGED_PKG|tdc_tsw
10:52:01.0 (187807170)|ENTERING_MANAGED_PKG|tdc_tsw
10:52:01.0 (188529785)|ENTERING_MANAGED_PKG|tdc_tsw
10:52:01.0 (188731383)|ENTERING_MANAGED_PKG|tdc_tsw
10:52:01.0 (189116356)|ENTERING_MANAGED_PKG|tdc_tsw
10:52:01.0 (190166706)|ENTERING_MANAGED_PKG|tdc_tsw
10:52:01.0 (190888323)|ENTERING_MANAGED_PKG|tdc_tsw
10:52:01.0 (191124549)|ENTERING_MANAGED_PKG|tdc_tsw
10:52:01.0 (191503012)|ENTERING_MANAGED_PKG|tdc_tsw
10:52:01.0 (192660948)|ENTERING_MANAGED_PKG|tdc_tsw
10:52:01.0 (193424288)|ENTERING_MANAGED_PKG|tdc_tsw
10:52:01.0 (193493404)|ENTERING_MANAGED_PKG|tdc_tsw
10:52:01.0 (194082511)|SOQL_EXECUTE_BEGIN|[200]|Aggregations:0|SELECT Name, NamespacePrefix, SystemModStamp FROM StaticResource WHERE Name LIKE :tmpVar1 LIMIT 10
10:52:01.0 (197625839)|SOQL_EXECUTE_END|[200]|Rows:1
10:52:01.0 (198416378)|ENTERING_MANAGED_PKG|tdc_tsw
10:52:01.0 (198812452)|SOQL_EXECUTE_BEGIN|[200]|Aggregations:0|SELECT Name, NamespacePrefix, SystemModStamp FROM StaticResource WHERE Name LIKE :tmpVar1 LIMIT 10
10:52:01.0 (201160384)|SOQL_EXECUTE_END|[200]|Rows:1
10:52:01.0 (201539508)|ENTERING_MANAGED_PKG|tdc_tsw
10:52:01.0 (204339171)|ENTERING_MANAGED_PKG|tdc_tsw
10:52:01.0 (205599893)|ENTERING_MANAGED_PKG|tdc_tsw
10:52:01.0 (205904945)|ENTERING_MANAGED_PKG|tdc_tsw
10:52:01.0 (206815839)|ENTERING_MANAGED_PKG|tdc_tsw
10:52:01.0 (207219074)|SOQL_EXECUTE_BEGIN|[200]|Aggregations:0|SELECT Name, NamespacePrefix, SystemModStamp FROM StaticResource WHERE Name LIKE :tmpVar1 LIMIT 10
10:52:01.0 (210012654)|SOQL_EXECUTE_END|[200]|Rows:1
10:52:01.220 (220448744)|USER_INFO|[EXTERNAL]|0051H000009gxp8|chanida.dev2@solvedbysoftwareco.com|Eastern Standard Time|GMT-05:00
10:52:01.220 (221975375)|ENTERING_MANAGED_PKG|tdc_tsw
10:52:01.220 (222199248)|ENTERING_MANAGED_PKG|tdc_tsw
10:52:01.220 (224559881)|SOQL_EXECUTE_BEGIN|[355]|Aggregations:0|SELECT id, name, Disable_Incoming_SMS_Sharing__c FROM User WHERE id = :tmpVar1
10:52:01.220 (229963876)|SOQL_EXECUTE_END|[355]|Rows:1
10:52:01.220 (230863252)|SOQL_EXECUTE_BEGIN|[367]|Aggregations:0|SELECT CreatedDate,Id,LastModifiedDate,Related_Object_Id__c FROM Message__c WHERE Name = 'Incoming' AND Read__c = false ORDER BY CreatedDate Desc limit 100
10:52:01.220 (238564854)|SOQL_EXECUTE_END|[367]|Rows:100
