44.0 APEX_CODE,FINEST;APEX_PROFILING,INFO;CALLOUT,INFO;DB,INFO;NBA,INFO;SYSTEM,DEBUG;VALIDATION,INFO;VISUALFORCE,INFO;WAVE,INFO;WORKFLOW,INFO
14:37:47.0 (116699)|USER_INFO|[EXTERNAL]|0051H000009gxp8|chanida.dev2@solvedbysoftwareco.com|Eastern Standard Time|GMT-05:00
14:37:47.0 (1680449)|ENTERING_MANAGED_PKG|tdc_tsw
14:37:47.0 (2054087)|ENTERING_MANAGED_PKG|tdc_tsw
14:37:47.0 (5594966)|SOQL_EXECUTE_BEGIN|[16]|Aggregations:0|SELECT id, name, Disable_Incoming_SMS_Sharing__c FROM User WHERE id = :tmpVar1
14:37:47.0 (12725526)|SOQL_EXECUTE_END|[16]|Rows:1
14:37:47.0 (18088829)|SOQL_EXECUTE_BEGIN|[37]|Aggregations:0|SELECT CreatedDate,Created_Date__c,Id,LastModifiedDate,MessageId__c,Message_Text_New__c,Name,OwnerId,Read__c,Related_Object_Id__c,Related_Object__c,Sender_Number__c, Sender_Name__c,ToNumber__c,Attachments_Ids__c FROM Message__c WHERE Name = 'Incoming' AND Read__c = false ORDER BY CreatedDate Desc limit 100
14:37:47.0 (35762725)|SOQL_EXECUTE_END|[37]|Rows:100
14:37:47.0 (53605933)|ENTERING_MANAGED_PKG|tdc_tsw
14:37:47.0 (55260121)|ENTERING_MANAGED_PKG|tdc_tsw
14:37:47.0 (55773176)|ENTERING_MANAGED_PKG|tdc_tsw
14:37:47.0 (56488046)|ENTERING_MANAGED_PKG|tdc_tsw
14:37:47.0 (59233722)|ENTERING_MANAGED_PKG|tdc_tsw
14:37:47.0 (60072944)|ENTERING_MANAGED_PKG|tdc_tsw
14:37:47.0 (60325862)|ENTERING_MANAGED_PKG|tdc_tsw
14:37:47.0 (60793955)|ENTERING_MANAGED_PKG|tdc_tsw
14:37:47.0 (61957264)|ENTERING_MANAGED_PKG|tdc_tsw
14:37:47.0 (62731727)|ENTERING_MANAGED_PKG|tdc_tsw
14:37:47.0 (62977567)|ENTERING_MANAGED_PKG|tdc_tsw
14:37:47.0 (63389923)|ENTERING_MANAGED_PKG|tdc_tsw
14:37:47.0 (64582230)|ENTERING_MANAGED_PKG|tdc_tsw
14:37:47.0 (65346234)|ENTERING_MANAGED_PKG|tdc_tsw
14:37:47.0 (65630010)|ENTERING_MANAGED_PKG|tdc_tsw
14:37:47.0 (66066846)|ENTERING_MANAGED_PKG|tdc_tsw
14:37:47.0 (67216806)|ENTERING_MANAGED_PKG|tdc_tsw
14:37:47.0 (67998212)|ENTERING_MANAGED_PKG|tdc_tsw
14:37:47.0 (68252470)|ENTERING_MANAGED_PKG|tdc_tsw
14:37:47.0 (68672611)|ENTERING_MANAGED_PKG|tdc_tsw
14:37:47.0 (69826636)|ENTERING_MANAGED_PKG|tdc_tsw
14:37:47.0 (70599048)|ENTERING_MANAGED_PKG|tdc_tsw
14:37:47.0 (70842956)|ENTERING_MANAGED_PKG|tdc_tsw
14:37:47.0 (71256834)|ENTERING_MANAGED_PKG|tdc_tsw
14:37:47.0 (72435363)|ENTERING_MANAGED_PKG|tdc_tsw
14:37:47.0 (73207450)|ENTERING_MANAGED_PKG|tdc_tsw
14:37:47.0 (73455481)|ENTERING_MANAGED_PKG|tdc_tsw
14:37:47.0 (73904145)|ENTERING_MANAGED_PKG|tdc_tsw
14:37:47.0 (75093636)|ENTERING_MANAGED_PKG|tdc_tsw
14:37:47.0 (75867537)|ENTERING_MANAGED_PKG|tdc_tsw
14:37:47.0 (76111600)|ENTERING_MANAGED_PKG|tdc_tsw
14:37:47.0 (76519908)|ENTERING_MANAGED_PKG|tdc_tsw
14:37:47.0 (77671276)|ENTERING_MANAGED_PKG|tdc_tsw
14:37:47.0 (78433509)|ENTERING_MANAGED_PKG|tdc_tsw
14:37:47.0 (78693994)|ENTERING_MANAGED_PKG|tdc_tsw
14:37:47.0 (79099920)|ENTERING_MANAGED_PKG|tdc_tsw
14:37:47.0 (80261997)|ENTERING_MANAGED_PKG|tdc_tsw
14:37:47.0 (81040862)|ENTERING_MANAGED_PKG|tdc_tsw
14:37:47.0 (81261379)|ENTERING_MANAGED_PKG|tdc_tsw
14:37:47.0 (81705388)|ENTERING_MANAGED_PKG|tdc_tsw
14:37:47.0 (82865097)|ENTERING_MANAGED_PKG|tdc_tsw
14:37:47.0 (83638846)|ENTERING_MANAGED_PKG|tdc_tsw
14:37:47.0 (83885582)|ENTERING_MANAGED_PKG|tdc_tsw
14:37:47.0 (84298366)|ENTERING_MANAGED_PKG|tdc_tsw
14:37:47.0 (85448893)|ENTERING_MANAGED_PKG|tdc_tsw
14:37:47.0 (86220118)|ENTERING_MANAGED_PKG|tdc_tsw
14:37:47.0 (86465808)|ENTERING_MANAGED_PKG|tdc_tsw
14:37:47.0 (86883186)|ENTERING_MANAGED_PKG|tdc_tsw
14:37:47.0 (88029402)|ENTERING_MANAGED_PKG|tdc_tsw
14:37:47.0 (88806422)|ENTERING_MANAGED_PKG|tdc_tsw
14:37:47.0 (89052265)|ENTERING_MANAGED_PKG|tdc_tsw
14:37:47.0 (89545386)|ENTERING_MANAGED_PKG|tdc_tsw
14:37:47.0 (90702374)|ENTERING_MANAGED_PKG|tdc_tsw
14:37:47.0 (91463754)|ENTERING_MANAGED_PKG|tdc_tsw
14:37:47.0 (91714716)|ENTERING_MANAGED_PKG|tdc_tsw
14:37:47.0 (92125558)|ENTERING_MANAGED_PKG|tdc_tsw
14:37:47.0 (93272472)|ENTERING_MANAGED_PKG|tdc_tsw
14:37:47.0 (94038865)|ENTERING_MANAGED_PKG|tdc_tsw
14:37:47.0 (94284280)|ENTERING_MANAGED_PKG|tdc_tsw
14:37:47.0 (94704322)|ENTERING_MANAGED_PKG|tdc_tsw
14:37:47.0 (95871910)|ENTERING_MANAGED_PKG|tdc_tsw
14:37:47.0 (96655453)|ENTERING_MANAGED_PKG|tdc_tsw
14:37:47.0 (96902149)|ENTERING_MANAGED_PKG|tdc_tsw
14:37:47.0 (97312403)|ENTERING_MANAGED_PKG|tdc_tsw
14:37:47.0 (98461803)|ENTERING_MANAGED_PKG|tdc_tsw
14:37:47.0 (99245320)|ENTERING_MANAGED_PKG|tdc_tsw
14:37:47.0 (99491442)|ENTERING_MANAGED_PKG|tdc_tsw
14:37:47.0 (99913322)|ENTERING_MANAGED_PKG|tdc_tsw
14:37:47.0 (101050714)|ENTERING_MANAGED_PKG|tdc_tsw
14:37:47.0 (101822959)|ENTERING_MANAGED_PKG|tdc_tsw
14:37:47.0 (102068045)|ENTERING_MANAGED_PKG|tdc_tsw
14:37:47.0 (102486096)|ENTERING_MANAGED_PKG|tdc_tsw
14:37:47.0 (103637408)|ENTERING_MANAGED_PKG|tdc_tsw
14:37:47.0 (104391026)|ENTERING_MANAGED_PKG|tdc_tsw
14:37:47.0 (104645452)|ENTERING_MANAGED_PKG|tdc_tsw
14:37:47.0 (105054637)|ENTERING_MANAGED_PKG|tdc_tsw
14:37:47.0 (106191218)|ENTERING_MANAGED_PKG|tdc_tsw
14:37:47.0 (107273798)|ENTERING_MANAGED_PKG|tdc_tsw
14:37:47.0 (107520174)|ENTERING_MANAGED_PKG|tdc_tsw
14:37:47.0 (107936984)|ENTERING_MANAGED_PKG|tdc_tsw
14:37:47.0 (109080266)|ENTERING_MANAGED_PKG|tdc_tsw
14:37:47.0 (109874476)|ENTERING_MANAGED_PKG|tdc_tsw
14:37:47.0 (110120338)|ENTERING_MANAGED_PKG|tdc_tsw
14:37:47.0 (110532079)|ENTERING_MANAGED_PKG|tdc_tsw
14:37:47.0 (111736119)|ENTERING_MANAGED_PKG|tdc_tsw
14:37:47.0 (112494413)|ENTERING_MANAGED_PKG|tdc_tsw
14:37:47.0 (112750894)|ENTERING_MANAGED_PKG|tdc_tsw
14:37:47.0 (113168568)|ENTERING_MANAGED_PKG|tdc_tsw
14:37:47.0 (114335619)|ENTERING_MANAGED_PKG|tdc_tsw
14:37:47.0 (115101796)|ENTERING_MANAGED_PKG|tdc_tsw
14:37:47.0 (115347783)|ENTERING_MANAGED_PKG|tdc_tsw
14:37:47.0 (115767202)|ENTERING_MANAGED_PKG|tdc_tsw
14:37:47.0 (116940660)|ENTERING_MANAGED_PKG|tdc_tsw
14:37:47.0 (117721798)|ENTERING_MANAGED_PKG|tdc_tsw
14:37:47.0 (117968425)|ENTERING_MANAGED_PKG|tdc_tsw
14:37:47.0 (118410050)|ENTERING_MANAGED_PKG|tdc_tsw
14:37:47.0 (119571253)|ENTERING_MANAGED_PKG|tdc_tsw
14:37:47.0 (120345216)|ENTERING_MANAGED_PKG|tdc_tsw
14:37:47.0 (120600371)|ENTERING_MANAGED_PKG|tdc_tsw
14:37:47.0 (121012504)|ENTERING_MANAGED_PKG|tdc_tsw
14:37:47.0 (122159134)|ENTERING_MANAGED_PKG|tdc_tsw
14:37:47.0 (122938986)|ENTERING_MANAGED_PKG|tdc_tsw
14:37:47.0 (123185821)|ENTERING_MANAGED_PKG|tdc_tsw
14:37:47.0 (123606801)|ENTERING_MANAGED_PKG|tdc_tsw
14:37:47.0 (124749529)|ENTERING_MANAGED_PKG|tdc_tsw
14:37:47.0 (125513868)|ENTERING_MANAGED_PKG|tdc_tsw
14:37:47.0 (125766664)|ENTERING_MANAGED_PKG|tdc_tsw
14:37:47.0 (126176432)|ENTERING_MANAGED_PKG|tdc_tsw
14:37:47.0 (127329111)|ENTERING_MANAGED_PKG|tdc_tsw
14:37:47.0 (128102386)|ENTERING_MANAGED_PKG|tdc_tsw
14:37:47.0 (128347519)|ENTERING_MANAGED_PKG|tdc_tsw
14:37:47.0 (128780137)|ENTERING_MANAGED_PKG|tdc_tsw
14:37:47.0 (129933963)|ENTERING_MANAGED_PKG|tdc_tsw
14:37:47.0 (130718499)|ENTERING_MANAGED_PKG|tdc_tsw
14:37:47.0 (130964799)|ENTERING_MANAGED_PKG|tdc_tsw
14:37:47.0 (131379453)|ENTERING_MANAGED_PKG|tdc_tsw
14:37:47.0 (132527511)|ENTERING_MANAGED_PKG|tdc_tsw
14:37:47.0 (133302986)|ENTERING_MANAGED_PKG|tdc_tsw
14:37:47.0 (133558960)|ENTERING_MANAGED_PKG|tdc_tsw
14:37:47.0 (133973357)|ENTERING_MANAGED_PKG|tdc_tsw
14:37:47.0 (135120344)|ENTERING_MANAGED_PKG|tdc_tsw
14:37:47.0 (135892054)|ENTERING_MANAGED_PKG|tdc_tsw
14:37:47.0 (136136427)|ENTERING_MANAGED_PKG|tdc_tsw
14:37:47.0 (136562978)|ENTERING_MANAGED_PKG|tdc_tsw
14:37:47.0 (137727650)|ENTERING_MANAGED_PKG|tdc_tsw
14:37:47.0 (138527923)|ENTERING_MANAGED_PKG|tdc_tsw
14:37:47.0 (138788785)|ENTERING_MANAGED_PKG|tdc_tsw
14:37:47.0 (139206927)|ENTERING_MANAGED_PKG|tdc_tsw
14:37:47.0 (140359739)|ENTERING_MANAGED_PKG|tdc_tsw
14:37:47.0 (141125312)|ENTERING_MANAGED_PKG|tdc_tsw
14:37:47.0 (141371368)|ENTERING_MANAGED_PKG|tdc_tsw
14:37:47.0 (141793666)|ENTERING_MANAGED_PKG|tdc_tsw
14:37:47.0 (142985449)|ENTERING_MANAGED_PKG|tdc_tsw
14:37:47.0 (143768226)|ENTERING_MANAGED_PKG|tdc_tsw
14:37:47.0 (144015229)|ENTERING_MANAGED_PKG|tdc_tsw
14:37:47.0 (144425475)|ENTERING_MANAGED_PKG|tdc_tsw
14:37:47.0 (145580615)|ENTERING_MANAGED_PKG|tdc_tsw
14:37:47.0 (146341159)|ENTERING_MANAGED_PKG|tdc_tsw
14:37:47.0 (146594868)|ENTERING_MANAGED_PKG|tdc_tsw
14:37:47.0 (147006476)|ENTERING_MANAGED_PKG|tdc_tsw
14:37:47.0 (148150944)|ENTERING_MANAGED_PKG|tdc_tsw
14:37:47.0 (148914528)|ENTERING_MANAGED_PKG|tdc_tsw
14:37:47.0 (149157076)|ENTERING_MANAGED_PKG|tdc_tsw
14:37:47.0 (149574590)|ENTERING_MANAGED_PKG|tdc_tsw
14:37:47.0 (150717759)|ENTERING_MANAGED_PKG|tdc_tsw
14:37:47.0 (151477246)|ENTERING_MANAGED_PKG|tdc_tsw
14:37:47.0 (151730163)|ENTERING_MANAGED_PKG|tdc_tsw
14:37:47.0 (152140868)|ENTERING_MANAGED_PKG|tdc_tsw
14:37:47.0 (153316981)|ENTERING_MANAGED_PKG|tdc_tsw
14:37:47.0 (154091446)|ENTERING_MANAGED_PKG|tdc_tsw
14:37:47.0 (154337582)|ENTERING_MANAGED_PKG|tdc_tsw
14:37:47.0 (154757069)|ENTERING_MANAGED_PKG|tdc_tsw
14:37:47.0 (155901574)|ENTERING_MANAGED_PKG|tdc_tsw
14:37:47.0 (156670756)|ENTERING_MANAGED_PKG|tdc_tsw
14:37:47.0 (156914770)|ENTERING_MANAGED_PKG|tdc_tsw
14:37:47.0 (157323456)|ENTERING_MANAGED_PKG|tdc_tsw
14:37:47.0 (158471086)|ENTERING_MANAGED_PKG|tdc_tsw
14:37:47.0 (159245836)|ENTERING_MANAGED_PKG|tdc_tsw
14:37:47.0 (159492060)|ENTERING_MANAGED_PKG|tdc_tsw
14:37:47.0 (159910548)|ENTERING_MANAGED_PKG|tdc_tsw
14:37:47.0 (161053198)|ENTERING_MANAGED_PKG|tdc_tsw
14:37:47.0 (161842173)|ENTERING_MANAGED_PKG|tdc_tsw
14:37:47.0 (162088412)|ENTERING_MANAGED_PKG|tdc_tsw
14:37:47.0 (162500171)|ENTERING_MANAGED_PKG|tdc_tsw
14:37:47.0 (163655584)|ENTERING_MANAGED_PKG|tdc_tsw
14:37:47.0 (164413626)|ENTERING_MANAGED_PKG|tdc_tsw
14:37:47.0 (164667612)|ENTERING_MANAGED_PKG|tdc_tsw
14:37:47.0 (165177078)|ENTERING_MANAGED_PKG|tdc_tsw
14:37:47.0 (166334969)|ENTERING_MANAGED_PKG|tdc_tsw
14:37:47.0 (167100467)|ENTERING_MANAGED_PKG|tdc_tsw
14:37:47.0 (167346499)|ENTERING_MANAGED_PKG|tdc_tsw
14:37:47.0 (167767261)|ENTERING_MANAGED_PKG|tdc_tsw
14:37:47.0 (168927306)|ENTERING_MANAGED_PKG|tdc_tsw
14:37:47.0 (169703917)|ENTERING_MANAGED_PKG|tdc_tsw
14:37:47.0 (169948618)|ENTERING_MANAGED_PKG|tdc_tsw
14:37:47.0 (170359337)|ENTERING_MANAGED_PKG|tdc_tsw
14:37:47.0 (171503632)|ENTERING_MANAGED_PKG|tdc_tsw
14:37:47.0 (172269769)|ENTERING_MANAGED_PKG|tdc_tsw
14:37:47.0 (172526290)|ENTERING_MANAGED_PKG|tdc_tsw
14:37:47.0 (172949072)|ENTERING_MANAGED_PKG|tdc_tsw
14:37:47.0 (174101089)|ENTERING_MANAGED_PKG|tdc_tsw
14:37:47.0 (174881240)|ENTERING_MANAGED_PKG|tdc_tsw
14:37:47.0 (175124639)|ENTERING_MANAGED_PKG|tdc_tsw
14:37:47.0 (175541545)|ENTERING_MANAGED_PKG|tdc_tsw
14:37:47.0 (176690524)|ENTERING_MANAGED_PKG|tdc_tsw
14:37:47.0 (177451543)|ENTERING_MANAGED_PKG|tdc_tsw
14:37:47.0 (177710608)|ENTERING_MANAGED_PKG|tdc_tsw
14:37:47.0 (178120657)|ENTERING_MANAGED_PKG|tdc_tsw
14:37:47.0 (179281195)|ENTERING_MANAGED_PKG|tdc_tsw
14:37:47.0 (180062908)|ENTERING_MANAGED_PKG|tdc_tsw
14:37:47.0 (180308431)|ENTERING_MANAGED_PKG|tdc_tsw
14:37:47.0 (180728496)|ENTERING_MANAGED_PKG|tdc_tsw
14:37:47.0 (181867086)|ENTERING_MANAGED_PKG|tdc_tsw
14:37:47.0 (182636130)|ENTERING_MANAGED_PKG|tdc_tsw
14:37:47.0 (182880153)|ENTERING_MANAGED_PKG|tdc_tsw
14:37:47.0 (183289369)|ENTERING_MANAGED_PKG|tdc_tsw
14:37:47.0 (184434864)|ENTERING_MANAGED_PKG|tdc_tsw
14:37:47.0 (185203480)|ENTERING_MANAGED_PKG|tdc_tsw
14:37:47.0 (185446768)|ENTERING_MANAGED_PKG|tdc_tsw
14:37:47.0 (185865081)|ENTERING_MANAGED_PKG|tdc_tsw
14:37:47.0 (187010571)|ENTERING_MANAGED_PKG|tdc_tsw
14:37:47.0 (187776920)|ENTERING_MANAGED_PKG|tdc_tsw
14:37:47.0 (188020619)|ENTERING_MANAGED_PKG|tdc_tsw
14:37:47.0 (188430582)|ENTERING_MANAGED_PKG|tdc_tsw
14:37:47.0 (189605084)|ENTERING_MANAGED_PKG|tdc_tsw
14:37:47.0 (190359533)|ENTERING_MANAGED_PKG|tdc_tsw
14:37:47.0 (190663460)|ENTERING_MANAGED_PKG|tdc_tsw
14:37:47.0 (191088519)|ENTERING_MANAGED_PKG|tdc_tsw
14:37:47.0 (192237678)|ENTERING_MANAGED_PKG|tdc_tsw
14:37:47.0 (193008408)|ENTERING_MANAGED_PKG|tdc_tsw
14:37:47.0 (193255510)|ENTERING_MANAGED_PKG|tdc_tsw
14:37:47.0 (193697876)|ENTERING_MANAGED_PKG|tdc_tsw
14:37:47.0 (194845850)|ENTERING_MANAGED_PKG|tdc_tsw
14:37:47.0 (195603691)|ENTERING_MANAGED_PKG|tdc_tsw
14:37:47.0 (195849991)|ENTERING_MANAGED_PKG|tdc_tsw
14:37:47.0 (196261433)|ENTERING_MANAGED_PKG|tdc_tsw
14:37:47.0 (197437598)|ENTERING_MANAGED_PKG|tdc_tsw
14:37:47.0 (198205215)|ENTERING_MANAGED_PKG|tdc_tsw
14:37:47.0 (198450853)|ENTERING_MANAGED_PKG|tdc_tsw
14:37:47.0 (198869275)|ENTERING_MANAGED_PKG|tdc_tsw
14:37:47.0 (200012822)|ENTERING_MANAGED_PKG|tdc_tsw
14:37:47.0 (200774305)|ENTERING_MANAGED_PKG|tdc_tsw
14:37:47.0 (201019419)|ENTERING_MANAGED_PKG|tdc_tsw
14:37:47.0 (201441358)|ENTERING_MANAGED_PKG|tdc_tsw
14:37:47.0 (202630849)|ENTERING_MANAGED_PKG|tdc_tsw
14:37:47.0 (203393252)|ENTERING_MANAGED_PKG|tdc_tsw
14:37:47.0 (203647730)|ENTERING_MANAGED_PKG|tdc_tsw
14:37:47.0 (204058268)|ENTERING_MANAGED_PKG|tdc_tsw
14:37:47.0 (205201046)|ENTERING_MANAGED_PKG|tdc_tsw
14:37:47.0 (205970246)|ENTERING_MANAGED_PKG|tdc_tsw
14:37:47.0 (206220945)|ENTERING_MANAGED_PKG|tdc_tsw
14:37:47.0 (206641029)|ENTERING_MANAGED_PKG|tdc_tsw
14:37:47.0 (207790552)|ENTERING_MANAGED_PKG|tdc_tsw
14:37:47.0 (208563467)|ENTERING_MANAGED_PKG|tdc_tsw
14:37:47.0 (208809874)|ENTERING_MANAGED_PKG|tdc_tsw
14:37:47.0 (209222057)|ENTERING_MANAGED_PKG|tdc_tsw
14:37:47.0 (210361666)|ENTERING_MANAGED_PKG|tdc_tsw
14:37:47.0 (211126228)|ENTERING_MANAGED_PKG|tdc_tsw
14:37:47.0 (211372146)|ENTERING_MANAGED_PKG|tdc_tsw
14:37:47.0 (211789016)|ENTERING_MANAGED_PKG|tdc_tsw
14:37:47.0 (212932852)|ENTERING_MANAGED_PKG|tdc_tsw
14:37:47.0 (213703450)|ENTERING_MANAGED_PKG|tdc_tsw
14:37:47.0 (213949766)|ENTERING_MANAGED_PKG|tdc_tsw
14:37:47.0 (214359555)|ENTERING_MANAGED_PKG|tdc_tsw
14:37:47.0 (215505306)|ENTERING_MANAGED_PKG|tdc_tsw
14:37:47.0 (216280586)|ENTERING_MANAGED_PKG|tdc_tsw
14:37:47.0 (216526494)|ENTERING_MANAGED_PKG|tdc_tsw
14:37:47.0 (216944928)|ENTERING_MANAGED_PKG|tdc_tsw
14:37:47.0 (218684052)|ENTERING_MANAGED_PKG|tdc_tsw
14:37:47.0 (219456649)|ENTERING_MANAGED_PKG|tdc_tsw
14:37:47.0 (219708449)|ENTERING_MANAGED_PKG|tdc_tsw
14:37:47.0 (220121187)|ENTERING_MANAGED_PKG|tdc_tsw
14:37:47.0 (221285460)|ENTERING_MANAGED_PKG|tdc_tsw
14:37:47.0 (222054675)|ENTERING_MANAGED_PKG|tdc_tsw
14:37:47.0 (222300995)|ENTERING_MANAGED_PKG|tdc_tsw
14:37:47.0 (222723975)|ENTERING_MANAGED_PKG|tdc_tsw
14:37:47.0 (223890686)|ENTERING_MANAGED_PKG|tdc_tsw
14:37:47.0 (224672735)|ENTERING_MANAGED_PKG|tdc_tsw
14:37:47.0 (224919600)|ENTERING_MANAGED_PKG|tdc_tsw
14:37:47.0 (225330775)|ENTERING_MANAGED_PKG|tdc_tsw
14:37:47.0 (226666063)|ENTERING_MANAGED_PKG|tdc_tsw
14:37:47.0 (227578905)|ENTERING_MANAGED_PKG|tdc_tsw
14:37:47.0 (227655551)|ENTERING_MANAGED_PKG|tdc_tsw
14:37:47.0 (228339607)|SOQL_EXECUTE_BEGIN|[200]|Aggregations:0|SELECT Name, NamespacePrefix, SystemModStamp FROM StaticResource WHERE Name LIKE :tmpVar1 LIMIT 10
14:37:47.0 (232095881)|SOQL_EXECUTE_END|[200]|Rows:1
14:37:47.0 (232918179)|ENTERING_MANAGED_PKG|tdc_tsw
14:37:47.0 (233300358)|SOQL_EXECUTE_BEGIN|[200]|Aggregations:0|SELECT Name, NamespacePrefix, SystemModStamp FROM StaticResource WHERE Name LIKE :tmpVar1 LIMIT 10
14:37:47.0 (235431317)|SOQL_EXECUTE_END|[200]|Rows:1
14:37:47.0 (235868742)|ENTERING_MANAGED_PKG|tdc_tsw
14:37:47.0 (239357951)|ENTERING_MANAGED_PKG|tdc_tsw
14:37:47.0 (241028791)|ENTERING_MANAGED_PKG|tdc_tsw
14:37:47.0 (241330636)|ENTERING_MANAGED_PKG|tdc_tsw
14:37:47.0 (242171676)|ENTERING_MANAGED_PKG|tdc_tsw
14:37:47.0 (242585192)|SOQL_EXECUTE_BEGIN|[200]|Aggregations:0|SELECT Name, NamespacePrefix, SystemModStamp FROM StaticResource WHERE Name LIKE :tmpVar1 LIMIT 10
14:37:47.0 (244891775)|SOQL_EXECUTE_END|[200]|Rows:1
14:37:47.257 (257122899)|USER_INFO|[EXTERNAL]|0051H000009gxp8|chanida.dev2@solvedbysoftwareco.com|Eastern Standard Time|GMT-05:00
14:37:47.257 (258589748)|ENTERING_MANAGED_PKG|tdc_tsw
14:37:47.257 (258825384)|ENTERING_MANAGED_PKG|tdc_tsw
14:37:47.257 (261559242)|SOQL_EXECUTE_BEGIN|[355]|Aggregations:0|SELECT id, name, Disable_Incoming_SMS_Sharing__c FROM User WHERE id = :tmpVar1
14:37:47.257 (267992419)|SOQL_EXECUTE_END|[355]|Rows:1
14:37:47.257 (269005785)|SOQL_EXECUTE_BEGIN|[367]|Aggregations:0|SELECT CreatedDate,Id,LastModifiedDate,Related_Object_Id__c FROM Message__c WHERE Name = 'Incoming' AND Read__c = false ORDER BY CreatedDate Desc limit 100
14:37:47.257 (277602185)|SOQL_EXECUTE_END|[367]|Rows:100
