44.0 APEX_CODE,FINEST;APEX_PROFILING,INFO;CALLOUT,INFO;DB,INFO;NBA,INFO;SYSTEM,DEBUG;VALIDATION,INFO;VISUALFORCE,INFO;WAVE,INFO;WORKFLOW,INFO
21:15:19.0 (125927)|USER_INFO|[EXTERNAL]|0051H000009gxp8|chanida.dev2@solvedbysoftwareco.com|Eastern Standard Time|GMT-05:00
21:15:19.0 (1711843)|ENTERING_MANAGED_PKG|tdc_tsw
21:15:19.0 (2196583)|ENTERING_MANAGED_PKG|tdc_tsw
21:15:19.0 (6501266)|SOQL_EXECUTE_BEGIN|[16]|Aggregations:0|SELECT id, name, Disable_Incoming_SMS_Sharing__c FROM User WHERE id = :tmpVar1
21:15:19.0 (14983699)|SOQL_EXECUTE_END|[16]|Rows:1
21:15:19.0 (21663771)|SOQL_EXECUTE_BEGIN|[37]|Aggregations:0|SELECT CreatedDate,Created_Date__c,Id,LastModifiedDate,MessageId__c,Message_Text_New__c,Name,OwnerId,Read__c,Related_Object_Id__c,Related_Object__c,Sender_Number__c, Sender_Name__c,ToNumber__c,Attachments_Ids__c FROM Message__c WHERE Name = 'Incoming' AND Read__c = false ORDER BY CreatedDate Desc limit 100
21:15:19.0 (33496369)|SOQL_EXECUTE_END|[37]|Rows:16
21:15:19.0 (38202937)|ENTERING_MANAGED_PKG|tdc_tsw
21:15:19.0 (40242701)|ENTERING_MANAGED_PKG|tdc_tsw
21:15:19.0 (40782422)|ENTERING_MANAGED_PKG|tdc_tsw
21:15:19.0 (41610123)|ENTERING_MANAGED_PKG|tdc_tsw
21:15:19.0 (44918142)|ENTERING_MANAGED_PKG|tdc_tsw
21:15:19.0 (45926637)|ENTERING_MANAGED_PKG|tdc_tsw
21:15:19.0 (46251993)|ENTERING_MANAGED_PKG|tdc_tsw
21:15:19.0 (46776526)|ENTERING_MANAGED_PKG|tdc_tsw
21:15:19.0 (48236172)|ENTERING_MANAGED_PKG|tdc_tsw
21:15:19.0 (49231412)|ENTERING_MANAGED_PKG|tdc_tsw
21:15:19.0 (49526614)|ENTERING_MANAGED_PKG|tdc_tsw
21:15:19.0 (50062407)|ENTERING_MANAGED_PKG|tdc_tsw
21:15:19.0 (51629740)|ENTERING_MANAGED_PKG|tdc_tsw
21:15:19.0 (52462421)|ENTERING_MANAGED_PKG|tdc_tsw
21:15:19.0 (52558870)|ENTERING_MANAGED_PKG|tdc_tsw
21:15:19.0 (53342164)|SOQL_EXECUTE_BEGIN|[200]|Aggregations:0|SELECT Name, NamespacePrefix, SystemModStamp FROM StaticResource WHERE Name LIKE :tmpVar1 LIMIT 10
21:15:19.0 (56917170)|SOQL_EXECUTE_END|[200]|Rows:1
21:15:19.0 (57918980)|ENTERING_MANAGED_PKG|tdc_tsw
21:15:19.0 (58400660)|SOQL_EXECUTE_BEGIN|[200]|Aggregations:0|SELECT Name, NamespacePrefix, SystemModStamp FROM StaticResource WHERE Name LIKE :tmpVar1 LIMIT 10
21:15:19.0 (60859429)|SOQL_EXECUTE_END|[200]|Rows:1
21:15:19.0 (61334344)|ENTERING_MANAGED_PKG|tdc_tsw
21:15:19.0 (65579795)|ENTERING_MANAGED_PKG|tdc_tsw
21:15:19.0 (67538222)|ENTERING_MANAGED_PKG|tdc_tsw
21:15:19.0 (67924945)|ENTERING_MANAGED_PKG|tdc_tsw
21:15:19.0 (69006551)|ENTERING_MANAGED_PKG|tdc_tsw
21:15:19.0 (69547556)|SOQL_EXECUTE_BEGIN|[200]|Aggregations:0|SELECT Name, NamespacePrefix, SystemModStamp FROM StaticResource WHERE Name LIKE :tmpVar1 LIMIT 10
21:15:19.0 (72720012)|SOQL_EXECUTE_END|[200]|Rows:1
21:15:19.78 (78377513)|USER_INFO|[EXTERNAL]|0051H000009gxp8|chanida.dev2@solvedbysoftwareco.com|Eastern Standard Time|GMT-05:00
21:15:19.78 (79741942)|ENTERING_MANAGED_PKG|tdc_tsw
21:15:19.78 (79964069)|ENTERING_MANAGED_PKG|tdc_tsw
21:15:19.78 (82752725)|SOQL_EXECUTE_BEGIN|[355]|Aggregations:0|SELECT id, name, Disable_Incoming_SMS_Sharing__c FROM User WHERE id = :tmpVar1
21:15:19.78 (89414946)|SOQL_EXECUTE_END|[355]|Rows:1
21:15:19.78 (90558125)|SOQL_EXECUTE_BEGIN|[367]|Aggregations:0|SELECT CreatedDate,Id,LastModifiedDate,Related_Object_Id__c FROM Message__c WHERE Name = 'Incoming' AND Read__c = false ORDER BY CreatedDate Desc limit 100
21:15:19.78 (97008887)|SOQL_EXECUTE_END|[367]|Rows:16
