44.0 APEX_CODE,FINEST;APEX_PROFILING,INFO;CALLOUT,INFO;DB,INFO;NBA,INFO;SYSTEM,DEBUG;VALIDATION,INFO;VISUALFORCE,INFO;WAVE,INFO;WORKFLOW,INFO
13:51:03.0 (100096)|USER_INFO|[EXTERNAL]|0051H000009gxp8|chanida.dev2@solvedbysoftwareco.com|Eastern Standard Time|GMT-05:00
13:51:03.0 (2680132)|ENTERING_MANAGED_PKG|tdc_tsw
13:51:03.0 (2820542)|ENTERING_MANAGED_PKG|tdc_tsw
13:51:03.0 (3322312)|ENTERING_MANAGED_PKG|tdc_tsw
13:51:03.0 (3366207)|ENTERING_MANAGED_PKG|tdc_tsw
13:51:03.0 (4083136)|ENTERING_MANAGED_PKG|tdc_tsw
13:51:03.0 (4812017)|ENTERING_MANAGED_PKG|tdc_tsw
13:51:03.0 (6320415)|ENTERING_MANAGED_PKG|tdc_tsw
13:51:03.0 (6387297)|ENTERING_MANAGED_PKG|tdc_tsw
13:51:03.0 (7549459)|ENTERING_MANAGED_PKG|tdc_tsw
13:51:03.0 (13613664)|SOQL_EXECUTE_BEGIN|[82]|Aggregations:0|SELECT CreatedDate, Id,Task_Created__c,Event_Created__c,isCaseCreated__c,Task_Id__c,Event_Id__c,Case__c, Important__c, Delivered__c, Message_Text_New__c, Name, Owner.Name, Read__c,MessageId__c, ToNumber__c, Related_Object_Id__c, Related_Object__c, Sender_Number__c, LastModifiedDate, Attachments_Ids__c FROM Message__c WHERE Contact__c =: recordId ORDER BY CreatedDate Desc limit 200
13:51:03.0 (26003814)|SOQL_EXECUTE_END|[82]|Rows:2
13:51:03.0 (27309989)|ENTERING_MANAGED_PKG|tdc_tsw
13:51:03.0 (27591552)|ENTERING_MANAGED_PKG|tdc_tsw
13:51:03.0 (27663353)|ENTERING_MANAGED_PKG|tdc_tsw
13:51:03.0 (28146808)|SOQL_EXECUTE_BEGIN|[200]|Aggregations:0|SELECT Name, NamespacePrefix, SystemModStamp FROM StaticResource WHERE Name LIKE :tmpVar1 LIMIT 10
13:51:03.0 (30730862)|SOQL_EXECUTE_END|[200]|Rows:1
13:51:03.0 (32648589)|ENTERING_MANAGED_PKG|tdc_tsw
13:51:03.0 (34213541)|ENTERING_MANAGED_PKG|tdc_tsw
13:51:03.0 (34263472)|ENTERING_MANAGED_PKG|tdc_tsw
13:51:03.0 (36487725)|ENTERING_MANAGED_PKG|tdc_tsw
13:51:03.0 (37261729)|ENTERING_MANAGED_PKG|tdc_tsw
13:51:03.0 (41883782)|SOQL_EXECUTE_BEGIN|[172]|Aggregations:0|SELECT id, name FROM ChatTranscript__c WHERE (Chat_Active__c = TRUE AND (Related_Object_Id__c = :tmpVar1 OR Related_Object_Id__c = :tmpVar2)) LIMIT 1
13:51:03.0 (45248547)|SOQL_EXECUTE_END|[172]|Rows:0
13:51:03.0 (45584036)|ENTERING_MANAGED_PKG|tdc_tsw
13:51:03.0 (45617648)|ENTERING_MANAGED_PKG|tdc_tsw
