44.0 APEX_CODE,FINEST;APEX_PROFILING,INFO;CALLOUT,INFO;DB,INFO;NBA,INFO;SYSTEM,DEBUG;VALIDATION,INFO;VISUALFORCE,INFO;WAVE,INFO;WORKFLOW,INFO
17:50:11.0 (185733)|USER_INFO|[EXTERNAL]|0051H000009gxp8|chanida.dev2@solvedbysoftwareco.com|Eastern Standard Time|GMT-05:00
17:50:11.0 (1789088)|ENTERING_MANAGED_PKG|tdc_tsw
17:50:11.0 (2322695)|ENTERING_MANAGED_PKG|tdc_tsw
17:50:11.0 (6553937)|SOQL_EXECUTE_BEGIN|[16]|Aggregations:0|SELECT id, name, Disable_Incoming_SMS_Sharing__c FROM User WHERE id = :tmpVar1
17:50:11.0 (14461144)|SOQL_EXECUTE_END|[16]|Rows:1
17:50:11.0 (20529755)|SOQL_EXECUTE_BEGIN|[37]|Aggregations:0|SELECT CreatedDate,Created_Date__c,Id,LastModifiedDate,MessageId__c,Message_Text_New__c,Name,OwnerId,Read__c,Related_Object_Id__c,Related_Object__c,Sender_Number__c, Sender_Name__c,ToNumber__c,Attachments_Ids__c FROM Message__c WHERE Name = 'Incoming' AND Read__c = false ORDER BY CreatedDate Desc limit 100
17:50:11.0 (31796352)|SOQL_EXECUTE_END|[37]|Rows:14
17:50:11.0 (35661659)|ENTERING_MANAGED_PKG|tdc_tsw
17:50:11.0 (37679553)|ENTERING_MANAGED_PKG|tdc_tsw
17:50:11.0 (38199177)|ENTERING_MANAGED_PKG|tdc_tsw
17:50:11.0 (39017273)|ENTERING_MANAGED_PKG|tdc_tsw
17:50:11.0 (42142608)|ENTERING_MANAGED_PKG|tdc_tsw
17:50:11.0 (43090009)|ENTERING_MANAGED_PKG|tdc_tsw
17:50:11.0 (43407702)|ENTERING_MANAGED_PKG|tdc_tsw
17:50:11.0 (43907214)|ENTERING_MANAGED_PKG|tdc_tsw
17:50:11.0 (45376416)|ENTERING_MANAGED_PKG|tdc_tsw
17:50:11.0 (46103020)|ENTERING_MANAGED_PKG|tdc_tsw
17:50:11.0 (46188931)|ENTERING_MANAGED_PKG|tdc_tsw
17:50:11.0 (46769102)|SOQL_EXECUTE_BEGIN|[200]|Aggregations:0|SELECT Name, NamespacePrefix, SystemModStamp FROM StaticResource WHERE Name LIKE :tmpVar1 LIMIT 10
17:50:11.0 (49700694)|SOQL_EXECUTE_END|[200]|Rows:1
17:50:11.0 (50546627)|ENTERING_MANAGED_PKG|tdc_tsw
17:50:11.0 (50956695)|SOQL_EXECUTE_BEGIN|[200]|Aggregations:0|SELECT Name, NamespacePrefix, SystemModStamp FROM StaticResource WHERE Name LIKE :tmpVar1 LIMIT 10
17:50:11.0 (55069330)|SOQL_EXECUTE_END|[200]|Rows:1
17:50:11.0 (55525192)|ENTERING_MANAGED_PKG|tdc_tsw
17:50:11.0 (59330101)|ENTERING_MANAGED_PKG|tdc_tsw
17:50:11.0 (61139027)|ENTERING_MANAGED_PKG|tdc_tsw
17:50:11.0 (61498549)|ENTERING_MANAGED_PKG|tdc_tsw
17:50:11.0 (62403642)|ENTERING_MANAGED_PKG|tdc_tsw
17:50:11.0 (62771735)|SOQL_EXECUTE_BEGIN|[200]|Aggregations:0|SELECT Name, NamespacePrefix, SystemModStamp FROM StaticResource WHERE Name LIKE :tmpVar1 LIMIT 10
17:50:11.0 (65150773)|SOQL_EXECUTE_END|[200]|Rows:1
17:50:11.77 (77014781)|USER_INFO|[EXTERNAL]|0051H000009gxp8|chanida.dev2@solvedbysoftwareco.com|Eastern Standard Time|GMT-05:00
17:50:11.77 (78513240)|ENTERING_MANAGED_PKG|tdc_tsw
17:50:11.77 (78726947)|ENTERING_MANAGED_PKG|tdc_tsw
17:50:11.77 (81536808)|SOQL_EXECUTE_BEGIN|[355]|Aggregations:0|SELECT id, name, Disable_Incoming_SMS_Sharing__c FROM User WHERE id = :tmpVar1
17:50:11.77 (88224154)|SOQL_EXECUTE_END|[355]|Rows:1
17:50:11.77 (89365215)|SOQL_EXECUTE_BEGIN|[367]|Aggregations:0|SELECT CreatedDate,Id,LastModifiedDate,Related_Object_Id__c FROM Message__c WHERE Name = 'Incoming' AND Read__c = false ORDER BY CreatedDate Desc limit 100
17:50:11.77 (96289019)|SOQL_EXECUTE_END|[367]|Rows:14
