44.0 APEX_CODE,FINEST;APEX_PROFILING,INFO;CALLOUT,INFO;DB,INFO;NBA,INFO;SYSTEM,DEBUG;VALIDATION,INFO;VISUALFORCE,INFO;WAVE,INFO;WORKFLOW,INFO
19:44:23.0 (161163)|USER_INFO|[EXTERNAL]|0051H000009gxp8|chanida.dev2@solvedbysoftwareco.com|Eastern Standard Time|GMT-05:00
19:44:23.0 (1563506)|ENTERING_MANAGED_PKG|tdc_tsw
19:44:23.0 (2009533)|ENTERING_MANAGED_PKG|tdc_tsw
19:44:23.0 (5416371)|SOQL_EXECUTE_BEGIN|[16]|Aggregations:0|SELECT id, name, Disable_Incoming_SMS_Sharing__c FROM User WHERE id = :tmpVar1
19:44:23.0 (11442713)|SOQL_EXECUTE_END|[16]|Rows:1
19:44:23.0 (16571155)|SOQL_EXECUTE_BEGIN|[37]|Aggregations:0|SELECT CreatedDate,Created_Date__c,Id,LastModifiedDate,MessageId__c,Message_Text_New__c,Name,OwnerId,Read__c,Related_Object_Id__c,Related_Object__c,Sender_Number__c, Sender_Name__c,ToNumber__c,Attachments_Ids__c FROM Message__c WHERE Name = 'Incoming' AND Read__c = false ORDER BY CreatedDate Desc limit 100
19:44:23.0 (25593792)|SOQL_EXECUTE_END|[37]|Rows:15
19:44:23.0 (28976711)|ENTERING_MANAGED_PKG|tdc_tsw
19:44:23.0 (30780522)|ENTERING_MANAGED_PKG|tdc_tsw
19:44:23.0 (31254549)|ENTERING_MANAGED_PKG|tdc_tsw
19:44:23.0 (31921670)|ENTERING_MANAGED_PKG|tdc_tsw
19:44:23.0 (34565121)|ENTERING_MANAGED_PKG|tdc_tsw
19:44:23.0 (35350658)|ENTERING_MANAGED_PKG|tdc_tsw
19:44:23.0 (35576014)|ENTERING_MANAGED_PKG|tdc_tsw
19:44:23.0 (35964483)|ENTERING_MANAGED_PKG|tdc_tsw
19:44:23.0 (37084854)|ENTERING_MANAGED_PKG|tdc_tsw
19:44:23.0 (37914956)|ENTERING_MANAGED_PKG|tdc_tsw
19:44:23.0 (38137342)|ENTERING_MANAGED_PKG|tdc_tsw
19:44:23.0 (38526774)|ENTERING_MANAGED_PKG|tdc_tsw
19:44:23.0 (39847391)|ENTERING_MANAGED_PKG|tdc_tsw
19:44:23.0 (40500665)|ENTERING_MANAGED_PKG|tdc_tsw
19:44:23.0 (40571959)|ENTERING_MANAGED_PKG|tdc_tsw
19:44:23.0 (41110150)|SOQL_EXECUTE_BEGIN|[200]|Aggregations:0|SELECT Name, NamespacePrefix, SystemModStamp FROM StaticResource WHERE Name LIKE :tmpVar1 LIMIT 10
19:44:23.0 (43774895)|SOQL_EXECUTE_END|[200]|Rows:1
19:44:23.0 (44605445)|ENTERING_MANAGED_PKG|tdc_tsw
19:44:23.0 (44977260)|SOQL_EXECUTE_BEGIN|[200]|Aggregations:0|SELECT Name, NamespacePrefix, SystemModStamp FROM StaticResource WHERE Name LIKE :tmpVar1 LIMIT 10
19:44:23.0 (48656567)|SOQL_EXECUTE_END|[200]|Rows:1
19:44:23.0 (49026818)|ENTERING_MANAGED_PKG|tdc_tsw
19:44:23.0 (52256556)|ENTERING_MANAGED_PKG|tdc_tsw
19:44:23.0 (54014722)|ENTERING_MANAGED_PKG|tdc_tsw
19:44:23.0 (54389842)|ENTERING_MANAGED_PKG|tdc_tsw
19:44:23.0 (55233733)|ENTERING_MANAGED_PKG|tdc_tsw
19:44:23.0 (55581199)|SOQL_EXECUTE_BEGIN|[200]|Aggregations:0|SELECT Name, NamespacePrefix, SystemModStamp FROM StaticResource WHERE Name LIKE :tmpVar1 LIMIT 10
19:44:23.0 (57706734)|SOQL_EXECUTE_END|[200]|Rows:1
19:44:23.66 (66919481)|USER_INFO|[EXTERNAL]|0051H000009gxp8|chanida.dev2@solvedbysoftwareco.com|Eastern Standard Time|GMT-05:00
19:44:23.66 (68211367)|ENTERING_MANAGED_PKG|tdc_tsw
19:44:23.66 (68384151)|ENTERING_MANAGED_PKG|tdc_tsw
19:44:23.66 (70632939)|SOQL_EXECUTE_BEGIN|[355]|Aggregations:0|SELECT id, name, Disable_Incoming_SMS_Sharing__c FROM User WHERE id = :tmpVar1
19:44:23.66 (75431347)|SOQL_EXECUTE_END|[355]|Rows:1
19:44:23.66 (76339598)|SOQL_EXECUTE_BEGIN|[367]|Aggregations:0|SELECT CreatedDate,Id,LastModifiedDate,Related_Object_Id__c FROM Message__c WHERE Name = 'Incoming' AND Read__c = false ORDER BY CreatedDate Desc limit 100
19:44:23.66 (81224664)|SOQL_EXECUTE_END|[367]|Rows:15
