44.0 APEX_CODE,FINEST;APEX_PROFILING,INFO;CALLOUT,INFO;DB,INFO;NBA,INFO;SYSTEM,DEBUG;VALIDATION,INFO;VISUALFORCE,INFO;WAVE,INFO;WORKFLOW,INFO
16:40:15.0 (171135)|USER_INFO|[EXTERNAL]|0051H000009gxp8|chanida.dev2@solvedbysoftwareco.com|Eastern Standard Time|GMT-05:00
16:40:15.0 (2437724)|ENTERING_MANAGED_PKG|tdc_tsw
16:40:15.0 (2918538)|ENTERING_MANAGED_PKG|tdc_tsw
16:40:15.0 (6738771)|SOQL_EXECUTE_BEGIN|[16]|Aggregations:0|SELECT id, name, Disable_Incoming_SMS_Sharing__c FROM User WHERE id = :tmpVar1
16:40:15.0 (14362589)|SOQL_EXECUTE_END|[16]|Rows:1
16:40:15.0 (20424920)|SOQL_EXECUTE_BEGIN|[37]|Aggregations:0|SELECT CreatedDate,Created_Date__c,Id,LastModifiedDate,MessageId__c,Message_Text_New__c,Name,OwnerId,Read__c,Related_Object_Id__c,Related_Object__c,Sender_Number__c, Sender_Name__c,ToNumber__c,Attachments_Ids__c FROM Message__c WHERE Name = 'Incoming' AND Read__c = false ORDER BY CreatedDate Desc limit 100
16:40:15.0 (40145732)|SOQL_EXECUTE_END|[37]|Rows:100
16:40:15.0 (57991857)|ENTERING_MANAGED_PKG|tdc_tsw
16:40:15.0 (59742521)|ENTERING_MANAGED_PKG|tdc_tsw
16:40:15.0 (60199852)|ENTERING_MANAGED_PKG|tdc_tsw
16:40:15.0 (61224588)|ENTERING_MANAGED_PKG|tdc_tsw
16:40:15.0 (64214266)|ENTERING_MANAGED_PKG|tdc_tsw
16:40:15.0 (65121672)|ENTERING_MANAGED_PKG|tdc_tsw
16:40:15.0 (65392221)|ENTERING_MANAGED_PKG|tdc_tsw
16:40:15.0 (65849078)|ENTERING_MANAGED_PKG|tdc_tsw
16:40:15.0 (67009793)|ENTERING_MANAGED_PKG|tdc_tsw
16:40:15.0 (67860870)|ENTERING_MANAGED_PKG|tdc_tsw
16:40:15.0 (68095606)|ENTERING_MANAGED_PKG|tdc_tsw
16:40:15.0 (68478992)|ENTERING_MANAGED_PKG|tdc_tsw
16:40:15.0 (69549723)|ENTERING_MANAGED_PKG|tdc_tsw
16:40:15.0 (70313411)|ENTERING_MANAGED_PKG|tdc_tsw
16:40:15.0 (70549783)|ENTERING_MANAGED_PKG|tdc_tsw
16:40:15.0 (70982649)|ENTERING_MANAGED_PKG|tdc_tsw
16:40:15.0 (72079205)|ENTERING_MANAGED_PKG|tdc_tsw
16:40:15.0 (72865066)|ENTERING_MANAGED_PKG|tdc_tsw
16:40:15.0 (73097233)|ENTERING_MANAGED_PKG|tdc_tsw
16:40:15.0 (73508609)|ENTERING_MANAGED_PKG|tdc_tsw
16:40:15.0 (74597559)|ENTERING_MANAGED_PKG|tdc_tsw
16:40:15.0 (75335828)|ENTERING_MANAGED_PKG|tdc_tsw
16:40:15.0 (75574231)|ENTERING_MANAGED_PKG|tdc_tsw
16:40:15.0 (75991557)|ENTERING_MANAGED_PKG|tdc_tsw
16:40:15.0 (77160118)|ENTERING_MANAGED_PKG|tdc_tsw
16:40:15.0 (78013340)|ENTERING_MANAGED_PKG|tdc_tsw
16:40:15.0 (78266059)|ENTERING_MANAGED_PKG|tdc_tsw
16:40:15.0 (78713560)|ENTERING_MANAGED_PKG|tdc_tsw
16:40:15.0 (79807842)|ENTERING_MANAGED_PKG|tdc_tsw
16:40:15.0 (80571252)|ENTERING_MANAGED_PKG|tdc_tsw
16:40:15.0 (80803457)|ENTERING_MANAGED_PKG|tdc_tsw
16:40:15.0 (81216058)|ENTERING_MANAGED_PKG|tdc_tsw
16:40:15.0 (82310681)|ENTERING_MANAGED_PKG|tdc_tsw
16:40:15.0 (83061380)|ENTERING_MANAGED_PKG|tdc_tsw
16:40:15.0 (83313079)|ENTERING_MANAGED_PKG|tdc_tsw
16:40:15.0 (83701758)|ENTERING_MANAGED_PKG|tdc_tsw
16:40:15.0 (85084672)|ENTERING_MANAGED_PKG|tdc_tsw
16:40:15.0 (86243440)|ENTERING_MANAGED_PKG|tdc_tsw
16:40:15.0 (86602021)|ENTERING_MANAGED_PKG|tdc_tsw
16:40:15.0 (87028564)|ENTERING_MANAGED_PKG|tdc_tsw
16:40:15.0 (88153611)|ENTERING_MANAGED_PKG|tdc_tsw
16:40:15.0 (89057245)|ENTERING_MANAGED_PKG|tdc_tsw
16:40:15.0 (89308683)|ENTERING_MANAGED_PKG|tdc_tsw
16:40:15.0 (89839164)|ENTERING_MANAGED_PKG|tdc_tsw
16:40:15.0 (91740707)|ENTERING_MANAGED_PKG|tdc_tsw
16:40:15.0 (92521609)|ENTERING_MANAGED_PKG|tdc_tsw
16:40:15.0 (92763073)|ENTERING_MANAGED_PKG|tdc_tsw
16:40:15.0 (93293511)|ENTERING_MANAGED_PKG|tdc_tsw
16:40:15.0 (94588065)|ENTERING_MANAGED_PKG|tdc_tsw
16:40:15.0 (95385297)|ENTERING_MANAGED_PKG|tdc_tsw
16:40:15.0 (95646835)|ENTERING_MANAGED_PKG|tdc_tsw
16:40:15.0 (96247893)|ENTERING_MANAGED_PKG|tdc_tsw
16:40:15.0 (97479525)|ENTERING_MANAGED_PKG|tdc_tsw
16:40:15.0 (98277426)|ENTERING_MANAGED_PKG|tdc_tsw
16:40:15.0 (98573997)|ENTERING_MANAGED_PKG|tdc_tsw
16:40:15.0 (99090152)|ENTERING_MANAGED_PKG|tdc_tsw
16:40:15.0 (100573346)|ENTERING_MANAGED_PKG|tdc_tsw
16:40:15.0 (101635608)|ENTERING_MANAGED_PKG|tdc_tsw
16:40:15.0 (101952432)|ENTERING_MANAGED_PKG|tdc_tsw
16:40:15.0 (102418344)|ENTERING_MANAGED_PKG|tdc_tsw
16:40:15.0 (103907240)|ENTERING_MANAGED_PKG|tdc_tsw
16:40:15.0 (105028187)|ENTERING_MANAGED_PKG|tdc_tsw
16:40:15.0 (105479607)|ENTERING_MANAGED_PKG|tdc_tsw
16:40:15.0 (106121207)|ENTERING_MANAGED_PKG|tdc_tsw
16:40:15.0 (107277501)|ENTERING_MANAGED_PKG|tdc_tsw
16:40:15.0 (108141415)|ENTERING_MANAGED_PKG|tdc_tsw
16:40:15.0 (108376099)|ENTERING_MANAGED_PKG|tdc_tsw
16:40:15.0 (108827226)|ENTERING_MANAGED_PKG|tdc_tsw
16:40:15.0 (109911148)|ENTERING_MANAGED_PKG|tdc_tsw
16:40:15.0 (110705225)|ENTERING_MANAGED_PKG|tdc_tsw
16:40:15.0 (110963715)|ENTERING_MANAGED_PKG|tdc_tsw
16:40:15.0 (111402075)|ENTERING_MANAGED_PKG|tdc_tsw
16:40:15.0 (112514152)|ENTERING_MANAGED_PKG|tdc_tsw
16:40:15.0 (113362394)|ENTERING_MANAGED_PKG|tdc_tsw
16:40:15.0 (113711118)|ENTERING_MANAGED_PKG|tdc_tsw
16:40:15.0 (114266407)|ENTERING_MANAGED_PKG|tdc_tsw
16:40:15.0 (115874826)|ENTERING_MANAGED_PKG|tdc_tsw
16:40:15.0 (117366232)|ENTERING_MANAGED_PKG|tdc_tsw
16:40:15.0 (117698280)|ENTERING_MANAGED_PKG|tdc_tsw
16:40:15.0 (118161472)|ENTERING_MANAGED_PKG|tdc_tsw
16:40:15.0 (119312983)|ENTERING_MANAGED_PKG|tdc_tsw
16:40:15.0 (120188237)|ENTERING_MANAGED_PKG|tdc_tsw
16:40:15.0 (120425815)|ENTERING_MANAGED_PKG|tdc_tsw
16:40:15.0 (120817594)|ENTERING_MANAGED_PKG|tdc_tsw
16:40:15.0 (121970004)|ENTERING_MANAGED_PKG|tdc_tsw
16:40:15.0 (122701526)|ENTERING_MANAGED_PKG|tdc_tsw
16:40:15.0 (122928662)|ENTERING_MANAGED_PKG|tdc_tsw
16:40:15.0 (123332899)|ENTERING_MANAGED_PKG|tdc_tsw
16:40:15.0 (124438628)|ENTERING_MANAGED_PKG|tdc_tsw
16:40:15.0 (125244882)|ENTERING_MANAGED_PKG|tdc_tsw
16:40:15.0 (125525645)|ENTERING_MANAGED_PKG|tdc_tsw
16:40:15.0 (125929828)|ENTERING_MANAGED_PKG|tdc_tsw
16:40:15.0 (127122810)|ENTERING_MANAGED_PKG|tdc_tsw
16:40:15.0 (127934929)|ENTERING_MANAGED_PKG|tdc_tsw
16:40:15.0 (128175913)|ENTERING_MANAGED_PKG|tdc_tsw
16:40:15.0 (128626302)|ENTERING_MANAGED_PKG|tdc_tsw
16:40:15.0 (129844445)|ENTERING_MANAGED_PKG|tdc_tsw
16:40:15.0 (130644175)|ENTERING_MANAGED_PKG|tdc_tsw
16:40:15.0 (130891677)|ENTERING_MANAGED_PKG|tdc_tsw
16:40:15.0 (131274346)|ENTERING_MANAGED_PKG|tdc_tsw
16:40:15.0 (132335330)|ENTERING_MANAGED_PKG|tdc_tsw
16:40:15.0 (133104692)|ENTERING_MANAGED_PKG|tdc_tsw
16:40:15.0 (133331127)|ENTERING_MANAGED_PKG|tdc_tsw
16:40:15.0 (133749263)|ENTERING_MANAGED_PKG|tdc_tsw
16:40:15.0 (134813957)|ENTERING_MANAGED_PKG|tdc_tsw
16:40:15.0 (135557208)|ENTERING_MANAGED_PKG|tdc_tsw
16:40:15.0 (135802533)|ENTERING_MANAGED_PKG|tdc_tsw
16:40:15.0 (136189567)|ENTERING_MANAGED_PKG|tdc_tsw
16:40:15.0 (137239772)|ENTERING_MANAGED_PKG|tdc_tsw
16:40:15.0 (138067753)|ENTERING_MANAGED_PKG|tdc_tsw
16:40:15.0 (138296391)|ENTERING_MANAGED_PKG|tdc_tsw
16:40:15.0 (138719983)|ENTERING_MANAGED_PKG|tdc_tsw
16:40:15.0 (139868972)|ENTERING_MANAGED_PKG|tdc_tsw
16:40:15.0 (140634550)|ENTERING_MANAGED_PKG|tdc_tsw
16:40:15.0 (140877835)|ENTERING_MANAGED_PKG|tdc_tsw
16:40:15.0 (141302958)|ENTERING_MANAGED_PKG|tdc_tsw
16:40:15.0 (142401354)|ENTERING_MANAGED_PKG|tdc_tsw
16:40:15.0 (143122879)|ENTERING_MANAGED_PKG|tdc_tsw
16:40:15.0 (143350513)|ENTERING_MANAGED_PKG|tdc_tsw
16:40:15.0 (143739583)|ENTERING_MANAGED_PKG|tdc_tsw
16:40:15.0 (144797981)|ENTERING_MANAGED_PKG|tdc_tsw
16:40:15.0 (145578506)|ENTERING_MANAGED_PKG|tdc_tsw
16:40:15.0 (145804474)|ENTERING_MANAGED_PKG|tdc_tsw
16:40:15.0 (146216782)|ENTERING_MANAGED_PKG|tdc_tsw
16:40:15.0 (147297739)|ENTERING_MANAGED_PKG|tdc_tsw
16:40:15.0 (148107934)|ENTERING_MANAGED_PKG|tdc_tsw
16:40:15.0 (148334216)|ENTERING_MANAGED_PKG|tdc_tsw
16:40:15.0 (148732976)|ENTERING_MANAGED_PKG|tdc_tsw
16:40:15.0 (149815732)|ENTERING_MANAGED_PKG|tdc_tsw
16:40:15.0 (150576775)|ENTERING_MANAGED_PKG|tdc_tsw
16:40:15.0 (150818627)|ENTERING_MANAGED_PKG|tdc_tsw
16:40:15.0 (151204086)|ENTERING_MANAGED_PKG|tdc_tsw
16:40:15.0 (152408893)|ENTERING_MANAGED_PKG|tdc_tsw
16:40:15.0 (153258100)|ENTERING_MANAGED_PKG|tdc_tsw
16:40:15.0 (153501617)|ENTERING_MANAGED_PKG|tdc_tsw
16:40:15.0 (153904476)|ENTERING_MANAGED_PKG|tdc_tsw
16:40:15.0 (155020907)|ENTERING_MANAGED_PKG|tdc_tsw
16:40:15.0 (155832506)|ENTERING_MANAGED_PKG|tdc_tsw
16:40:15.0 (156058118)|ENTERING_MANAGED_PKG|tdc_tsw
16:40:15.0 (156439774)|ENTERING_MANAGED_PKG|tdc_tsw
16:40:15.0 (157524737)|ENTERING_MANAGED_PKG|tdc_tsw
16:40:15.0 (158277086)|ENTERING_MANAGED_PKG|tdc_tsw
16:40:15.0 (158514445)|ENTERING_MANAGED_PKG|tdc_tsw
16:40:15.0 (158900902)|ENTERING_MANAGED_PKG|tdc_tsw
16:40:15.0 (159967292)|ENTERING_MANAGED_PKG|tdc_tsw
16:40:15.0 (160743567)|ENTERING_MANAGED_PKG|tdc_tsw
16:40:15.0 (160971048)|ENTERING_MANAGED_PKG|tdc_tsw
16:40:15.0 (161374344)|ENTERING_MANAGED_PKG|tdc_tsw
16:40:15.0 (162478545)|ENTERING_MANAGED_PKG|tdc_tsw
16:40:15.0 (163210514)|ENTERING_MANAGED_PKG|tdc_tsw
16:40:15.0 (163439286)|ENTERING_MANAGED_PKG|tdc_tsw
16:40:15.0 (163849950)|ENTERING_MANAGED_PKG|tdc_tsw
16:40:15.0 (164971024)|ENTERING_MANAGED_PKG|tdc_tsw
16:40:15.0 (165889223)|ENTERING_MANAGED_PKG|tdc_tsw
16:40:15.0 (166125547)|ENTERING_MANAGED_PKG|tdc_tsw
16:40:15.0 (166528720)|ENTERING_MANAGED_PKG|tdc_tsw
16:40:15.0 (167647795)|ENTERING_MANAGED_PKG|tdc_tsw
16:40:15.0 (168502623)|ENTERING_MANAGED_PKG|tdc_tsw
16:40:15.0 (168763557)|ENTERING_MANAGED_PKG|tdc_tsw
16:40:15.0 (169170417)|ENTERING_MANAGED_PKG|tdc_tsw
16:40:15.0 (170294844)|ENTERING_MANAGED_PKG|tdc_tsw
16:40:15.0 (171052962)|ENTERING_MANAGED_PKG|tdc_tsw
16:40:15.0 (171287038)|ENTERING_MANAGED_PKG|tdc_tsw
16:40:15.0 (171680889)|ENTERING_MANAGED_PKG|tdc_tsw
16:40:15.0 (172736797)|ENTERING_MANAGED_PKG|tdc_tsw
16:40:15.0 (173458390)|ENTERING_MANAGED_PKG|tdc_tsw
16:40:15.0 (173690338)|ENTERING_MANAGED_PKG|tdc_tsw
16:40:15.0 (174149269)|ENTERING_MANAGED_PKG|tdc_tsw
16:40:15.0 (175234281)|ENTERING_MANAGED_PKG|tdc_tsw
16:40:15.0 (176040304)|ENTERING_MANAGED_PKG|tdc_tsw
16:40:15.0 (176330527)|ENTERING_MANAGED_PKG|tdc_tsw
16:40:15.0 (176731793)|ENTERING_MANAGED_PKG|tdc_tsw
16:40:15.0 (177808001)|ENTERING_MANAGED_PKG|tdc_tsw
16:40:15.0 (178618197)|ENTERING_MANAGED_PKG|tdc_tsw
16:40:15.0 (178845959)|ENTERING_MANAGED_PKG|tdc_tsw
16:40:15.0 (179233806)|ENTERING_MANAGED_PKG|tdc_tsw
16:40:15.0 (180286550)|ENTERING_MANAGED_PKG|tdc_tsw
16:40:15.0 (181016379)|ENTERING_MANAGED_PKG|tdc_tsw
16:40:15.0 (181241551)|ENTERING_MANAGED_PKG|tdc_tsw
16:40:15.0 (181643719)|ENTERING_MANAGED_PKG|tdc_tsw
16:40:15.0 (182736892)|ENTERING_MANAGED_PKG|tdc_tsw
16:40:15.0 (183525883)|ENTERING_MANAGED_PKG|tdc_tsw
16:40:15.0 (183758947)|ENTERING_MANAGED_PKG|tdc_tsw
16:40:15.0 (184185309)|ENTERING_MANAGED_PKG|tdc_tsw
16:40:15.0 (185351336)|ENTERING_MANAGED_PKG|tdc_tsw
16:40:15.0 (186451492)|ENTERING_MANAGED_PKG|tdc_tsw
16:40:15.0 (186715857)|ENTERING_MANAGED_PKG|tdc_tsw
16:40:15.0 (187137368)|ENTERING_MANAGED_PKG|tdc_tsw
16:40:15.0 (188336746)|ENTERING_MANAGED_PKG|tdc_tsw
16:40:15.0 (189125048)|ENTERING_MANAGED_PKG|tdc_tsw
16:40:15.0 (189354857)|ENTERING_MANAGED_PKG|tdc_tsw
16:40:15.0 (189748595)|ENTERING_MANAGED_PKG|tdc_tsw
16:40:15.0 (190840427)|ENTERING_MANAGED_PKG|tdc_tsw
16:40:15.0 (191598786)|ENTERING_MANAGED_PKG|tdc_tsw
16:40:15.0 (191840977)|ENTERING_MANAGED_PKG|tdc_tsw
16:40:15.0 (192225265)|ENTERING_MANAGED_PKG|tdc_tsw
16:40:15.0 (193299632)|ENTERING_MANAGED_PKG|tdc_tsw
16:40:15.0 (194084234)|ENTERING_MANAGED_PKG|tdc_tsw
16:40:15.0 (194334117)|ENTERING_MANAGED_PKG|tdc_tsw
16:40:15.0 (194784732)|ENTERING_MANAGED_PKG|tdc_tsw
16:40:15.0 (196017950)|ENTERING_MANAGED_PKG|tdc_tsw
16:40:15.0 (196854814)|ENTERING_MANAGED_PKG|tdc_tsw
16:40:15.0 (197102790)|ENTERING_MANAGED_PKG|tdc_tsw
16:40:15.0 (197553679)|ENTERING_MANAGED_PKG|tdc_tsw
16:40:15.0 (198768152)|ENTERING_MANAGED_PKG|tdc_tsw
16:40:15.0 (199541430)|ENTERING_MANAGED_PKG|tdc_tsw
16:40:15.0 (199767235)|ENTERING_MANAGED_PKG|tdc_tsw
16:40:15.0 (200194836)|ENTERING_MANAGED_PKG|tdc_tsw
16:40:15.0 (201307364)|ENTERING_MANAGED_PKG|tdc_tsw
16:40:15.0 (202192530)|ENTERING_MANAGED_PKG|tdc_tsw
16:40:15.0 (202419744)|ENTERING_MANAGED_PKG|tdc_tsw
16:40:15.0 (202813384)|ENTERING_MANAGED_PKG|tdc_tsw
16:40:15.0 (203923023)|ENTERING_MANAGED_PKG|tdc_tsw
16:40:15.0 (204675717)|ENTERING_MANAGED_PKG|tdc_tsw
16:40:15.0 (204901462)|ENTERING_MANAGED_PKG|tdc_tsw
16:40:15.0 (205331196)|ENTERING_MANAGED_PKG|tdc_tsw
16:40:15.0 (206437286)|ENTERING_MANAGED_PKG|tdc_tsw
16:40:15.0 (207203187)|ENTERING_MANAGED_PKG|tdc_tsw
16:40:15.0 (207460991)|ENTERING_MANAGED_PKG|tdc_tsw
16:40:15.0 (207898544)|ENTERING_MANAGED_PKG|tdc_tsw
16:40:15.0 (209061877)|ENTERING_MANAGED_PKG|tdc_tsw
16:40:15.0 (209798845)|ENTERING_MANAGED_PKG|tdc_tsw
16:40:15.0 (210032809)|ENTERING_MANAGED_PKG|tdc_tsw
16:40:15.0 (210421747)|ENTERING_MANAGED_PKG|tdc_tsw
16:40:15.0 (211488304)|ENTERING_MANAGED_PKG|tdc_tsw
16:40:15.0 (212205965)|ENTERING_MANAGED_PKG|tdc_tsw
16:40:15.0 (212433114)|ENTERING_MANAGED_PKG|tdc_tsw
16:40:15.0 (212822422)|ENTERING_MANAGED_PKG|tdc_tsw
16:40:15.0 (213932655)|ENTERING_MANAGED_PKG|tdc_tsw
16:40:15.0 (214673312)|ENTERING_MANAGED_PKG|tdc_tsw
16:40:15.0 (214905679)|ENTERING_MANAGED_PKG|tdc_tsw
16:40:15.0 (215354243)|ENTERING_MANAGED_PKG|tdc_tsw
16:40:15.0 (216495736)|ENTERING_MANAGED_PKG|tdc_tsw
16:40:15.0 (217291470)|ENTERING_MANAGED_PKG|tdc_tsw
16:40:15.0 (217541449)|ENTERING_MANAGED_PKG|tdc_tsw
16:40:15.0 (217978096)|ENTERING_MANAGED_PKG|tdc_tsw
16:40:15.0 (219078834)|ENTERING_MANAGED_PKG|tdc_tsw
16:40:15.0 (219849190)|ENTERING_MANAGED_PKG|tdc_tsw
16:40:15.0 (220074221)|ENTERING_MANAGED_PKG|tdc_tsw
16:40:15.0 (220457152)|ENTERING_MANAGED_PKG|tdc_tsw
16:40:15.0 (221566561)|ENTERING_MANAGED_PKG|tdc_tsw
16:40:15.0 (222285743)|ENTERING_MANAGED_PKG|tdc_tsw
16:40:15.0 (222519596)|ENTERING_MANAGED_PKG|tdc_tsw
16:40:15.0 (222918960)|ENTERING_MANAGED_PKG|tdc_tsw
16:40:15.0 (223978246)|ENTERING_MANAGED_PKG|tdc_tsw
16:40:15.0 (224707508)|ENTERING_MANAGED_PKG|tdc_tsw
16:40:15.0 (224933454)|ENTERING_MANAGED_PKG|tdc_tsw
16:40:15.0 (225357814)|ENTERING_MANAGED_PKG|tdc_tsw
16:40:15.0 (226693360)|ENTERING_MANAGED_PKG|tdc_tsw
16:40:15.0 (227612005)|ENTERING_MANAGED_PKG|tdc_tsw
16:40:15.0 (227694462)|ENTERING_MANAGED_PKG|tdc_tsw
16:40:15.0 (228315508)|SOQL_EXECUTE_BEGIN|[200]|Aggregations:0|SELECT Name, NamespacePrefix, SystemModStamp FROM StaticResource WHERE Name LIKE :tmpVar1 LIMIT 10
16:40:15.0 (231614902)|SOQL_EXECUTE_END|[200]|Rows:1
16:40:15.0 (232518174)|ENTERING_MANAGED_PKG|tdc_tsw
16:40:15.0 (232972665)|SOQL_EXECUTE_BEGIN|[200]|Aggregations:0|SELECT Name, NamespacePrefix, SystemModStamp FROM StaticResource WHERE Name LIKE :tmpVar1 LIMIT 10
16:40:15.0 (236026187)|SOQL_EXECUTE_END|[200]|Rows:1
16:40:15.0 (236575210)|ENTERING_MANAGED_PKG|tdc_tsw
16:40:15.0 (252683207)|ENTERING_MANAGED_PKG|tdc_tsw
16:40:15.0 (254286414)|ENTERING_MANAGED_PKG|tdc_tsw
16:40:15.0 (254624927)|ENTERING_MANAGED_PKG|tdc_tsw
16:40:15.0 (255699312)|ENTERING_MANAGED_PKG|tdc_tsw
16:40:15.0 (256201295)|SOQL_EXECUTE_BEGIN|[200]|Aggregations:0|SELECT Name, NamespacePrefix, SystemModStamp FROM StaticResource WHERE Name LIKE :tmpVar1 LIMIT 10
16:40:15.0 (259602247)|SOQL_EXECUTE_END|[200]|Rows:1
16:40:15.271 (271232040)|USER_INFO|[EXTERNAL]|0051H000009gxp8|chanida.dev2@solvedbysoftwareco.com|Eastern Standard Time|GMT-05:00
16:40:15.271 (273535714)|ENTERING_MANAGED_PKG|tdc_tsw
16:40:15.271 (273755998)|ENTERING_MANAGED_PKG|tdc_tsw
16:40:15.271 (276319455)|SOQL_EXECUTE_BEGIN|[355]|Aggregations:0|SELECT id, name, Disable_Incoming_SMS_Sharing__c FROM User WHERE id = :tmpVar1
16:40:15.271 (281879812)|SOQL_EXECUTE_END|[355]|Rows:1
16:40:15.271 (282917087)|SOQL_EXECUTE_BEGIN|[367]|Aggregations:0|SELECT CreatedDate,Id,LastModifiedDate,Related_Object_Id__c FROM Message__c WHERE Name = 'Incoming' AND Read__c = false ORDER BY CreatedDate Desc limit 100
16:40:15.271 (292788368)|SOQL_EXECUTE_END|[367]|Rows:100
