44.0 APEX_CODE,FINEST;APEX_PROFILING,INFO;CALLOUT,INFO;DB,INFO;NBA,INFO;SYSTEM,DEBUG;VALIDATION,INFO;VISUALFORCE,INFO;WAVE,INFO;WORKFLOW,INFO
21:12:50.0 (99874)|USER_INFO|[EXTERNAL]|0051H000009gxp8|chanida.dev2@solvedbysoftwareco.com|Eastern Standard Time|GMT-05:00
21:12:50.0 (1427727)|ENTERING_MANAGED_PKG|tdc_tsw
21:12:50.0 (1829371)|ENTERING_MANAGED_PKG|tdc_tsw
21:12:50.0 (5046553)|SOQL_EXECUTE_BEGIN|[16]|Aggregations:0|SELECT id, name, Disable_Incoming_SMS_Sharing__c FROM User WHERE id = :tmpVar1
21:12:50.0 (11245137)|SOQL_EXECUTE_END|[16]|Rows:1
21:12:50.0 (16036629)|SOQL_EXECUTE_BEGIN|[37]|Aggregations:0|SELECT CreatedDate,Created_Date__c,Id,LastModifiedDate,MessageId__c,Message_Text_New__c,Name,OwnerId,Read__c,Related_Object_Id__c,Related_Object__c,Sender_Number__c, Sender_Name__c,ToNumber__c,Attachments_Ids__c FROM Message__c WHERE Name = 'Incoming' AND Read__c = false ORDER BY CreatedDate Desc limit 100
21:12:50.0 (25560264)|SOQL_EXECUTE_END|[37]|Rows:16
21:12:50.0 (28942039)|ENTERING_MANAGED_PKG|tdc_tsw
21:12:50.0 (30477023)|ENTERING_MANAGED_PKG|tdc_tsw
21:12:50.0 (30884945)|ENTERING_MANAGED_PKG|tdc_tsw
21:12:50.0 (31507609)|ENTERING_MANAGED_PKG|tdc_tsw
21:12:50.0 (34012695)|ENTERING_MANAGED_PKG|tdc_tsw
21:12:50.0 (34773219)|ENTERING_MANAGED_PKG|tdc_tsw
21:12:50.0 (35018418)|ENTERING_MANAGED_PKG|tdc_tsw
21:12:50.0 (35405407)|ENTERING_MANAGED_PKG|tdc_tsw
21:12:50.0 (36455047)|ENTERING_MANAGED_PKG|tdc_tsw
21:12:50.0 (37196223)|ENTERING_MANAGED_PKG|tdc_tsw
21:12:50.0 (37416517)|ENTERING_MANAGED_PKG|tdc_tsw
21:12:50.0 (37798555)|ENTERING_MANAGED_PKG|tdc_tsw
21:12:50.0 (38904945)|ENTERING_MANAGED_PKG|tdc_tsw
21:12:50.0 (39518117)|ENTERING_MANAGED_PKG|tdc_tsw
21:12:50.0 (39584423)|ENTERING_MANAGED_PKG|tdc_tsw
21:12:50.0 (40043009)|SOQL_EXECUTE_BEGIN|[200]|Aggregations:0|SELECT Name, NamespacePrefix, SystemModStamp FROM StaticResource WHERE Name LIKE :tmpVar1 LIMIT 10
21:12:50.0 (42434203)|SOQL_EXECUTE_END|[200]|Rows:1
21:12:50.0 (43162007)|ENTERING_MANAGED_PKG|tdc_tsw
21:12:50.0 (43498682)|SOQL_EXECUTE_BEGIN|[200]|Aggregations:0|SELECT Name, NamespacePrefix, SystemModStamp FROM StaticResource WHERE Name LIKE :tmpVar1 LIMIT 10
21:12:50.0 (45504979)|SOQL_EXECUTE_END|[200]|Rows:1
21:12:50.0 (45872196)|ENTERING_MANAGED_PKG|tdc_tsw
21:12:50.0 (48746444)|ENTERING_MANAGED_PKG|tdc_tsw
21:12:50.0 (50130192)|ENTERING_MANAGED_PKG|tdc_tsw
21:12:50.0 (50405275)|ENTERING_MANAGED_PKG|tdc_tsw
21:12:50.0 (51175662)|ENTERING_MANAGED_PKG|tdc_tsw
21:12:50.0 (51511302)|SOQL_EXECUTE_BEGIN|[200]|Aggregations:0|SELECT Name, NamespacePrefix, SystemModStamp FROM StaticResource WHERE Name LIKE :tmpVar1 LIMIT 10
21:12:50.0 (53538828)|SOQL_EXECUTE_END|[200]|Rows:1
21:12:50.67 (67415807)|USER_INFO|[EXTERNAL]|0051H000009gxp8|chanida.dev2@solvedbysoftwareco.com|Eastern Standard Time|GMT-05:00
21:12:50.67 (68623370)|ENTERING_MANAGED_PKG|tdc_tsw
21:12:50.67 (68767276)|ENTERING_MANAGED_PKG|tdc_tsw
21:12:50.67 (70863113)|SOQL_EXECUTE_BEGIN|[355]|Aggregations:0|SELECT id, name, Disable_Incoming_SMS_Sharing__c FROM User WHERE id = :tmpVar1
21:12:50.67 (76328127)|SOQL_EXECUTE_END|[355]|Rows:1
21:12:50.67 (77267625)|SOQL_EXECUTE_BEGIN|[367]|Aggregations:0|SELECT CreatedDate,Id,LastModifiedDate,Related_Object_Id__c FROM Message__c WHERE Name = 'Incoming' AND Read__c = false ORDER BY CreatedDate Desc limit 100
21:12:50.67 (83009988)|SOQL_EXECUTE_END|[367]|Rows:16
