44.0 APEX_CODE,FINEST;APEX_PROFILING,INFO;CALLOUT,INFO;DB,INFO;NBA,INFO;SYSTEM,DEBUG;VALIDATION,INFO;VISUALFORCE,INFO;WAVE,INFO;WORKFLOW,INFO
14:02:10.0 (152154)|USER_INFO|[EXTERNAL]|0051H000009gxp8|chanida.dev2@solvedbysoftwareco.com|Eastern Standard Time|GMT-05:00
14:02:10.0 (1810025)|ENTERING_MANAGED_PKG|tdc_tsw
14:02:10.0 (2331013)|ENTERING_MANAGED_PKG|tdc_tsw
14:02:10.0 (7222085)|SOQL_EXECUTE_BEGIN|[16]|Aggregations:0|SELECT id, name, Disable_Incoming_SMS_Sharing__c FROM User WHERE id = :tmpVar1
14:02:10.0 (17577268)|SOQL_EXECUTE_END|[16]|Rows:1
14:02:10.0 (25760895)|SOQL_EXECUTE_BEGIN|[37]|Aggregations:0|SELECT CreatedDate,Created_Date__c,Id,LastModifiedDate,MessageId__c,Message_Text_New__c,Name,OwnerId,Read__c,Related_Object_Id__c,Related_Object__c,Sender_Number__c, Sender_Name__c,ToNumber__c,Attachments_Ids__c FROM Message__c WHERE Name = 'Incoming' AND Read__c = false ORDER BY CreatedDate Desc limit 100
14:02:10.0 (45926040)|SOQL_EXECUTE_END|[37]|Rows:100
14:02:10.0 (64042385)|ENTERING_MANAGED_PKG|tdc_tsw
14:02:10.0 (65736969)|ENTERING_MANAGED_PKG|tdc_tsw
14:02:10.0 (66227035)|ENTERING_MANAGED_PKG|tdc_tsw
14:02:10.0 (66899288)|ENTERING_MANAGED_PKG|tdc_tsw
14:02:10.0 (69675856)|ENTERING_MANAGED_PKG|tdc_tsw
14:02:10.0 (70508658)|ENTERING_MANAGED_PKG|tdc_tsw
14:02:10.0 (70760719)|ENTERING_MANAGED_PKG|tdc_tsw
14:02:10.0 (71180826)|ENTERING_MANAGED_PKG|tdc_tsw
14:02:10.0 (72324943)|ENTERING_MANAGED_PKG|tdc_tsw
14:02:10.0 (73085216)|ENTERING_MANAGED_PKG|tdc_tsw
14:02:10.0 (73346986)|ENTERING_MANAGED_PKG|tdc_tsw
14:02:10.0 (73763223)|ENTERING_MANAGED_PKG|tdc_tsw
14:02:10.0 (74930837)|ENTERING_MANAGED_PKG|tdc_tsw
14:02:10.0 (75693151)|ENTERING_MANAGED_PKG|tdc_tsw
14:02:10.0 (75938135)|ENTERING_MANAGED_PKG|tdc_tsw
14:02:10.0 (76369722)|ENTERING_MANAGED_PKG|tdc_tsw
14:02:10.0 (77518129)|ENTERING_MANAGED_PKG|tdc_tsw
14:02:10.0 (78310789)|ENTERING_MANAGED_PKG|tdc_tsw
14:02:10.0 (78550272)|ENTERING_MANAGED_PKG|tdc_tsw
14:02:10.0 (78960578)|ENTERING_MANAGED_PKG|tdc_tsw
14:02:10.0 (80080497)|ENTERING_MANAGED_PKG|tdc_tsw
14:02:10.0 (80847218)|ENTERING_MANAGED_PKG|tdc_tsw
14:02:10.0 (81059771)|ENTERING_MANAGED_PKG|tdc_tsw
14:02:10.0 (81466963)|ENTERING_MANAGED_PKG|tdc_tsw
14:02:10.0 (82596605)|ENTERING_MANAGED_PKG|tdc_tsw
14:02:10.0 (83379087)|ENTERING_MANAGED_PKG|tdc_tsw
14:02:10.0 (83617556)|ENTERING_MANAGED_PKG|tdc_tsw
14:02:10.0 (84052181)|ENTERING_MANAGED_PKG|tdc_tsw
14:02:10.0 (85182298)|ENTERING_MANAGED_PKG|tdc_tsw
14:02:10.0 (85941629)|ENTERING_MANAGED_PKG|tdc_tsw
14:02:10.0 (86203640)|ENTERING_MANAGED_PKG|tdc_tsw
14:02:10.0 (86607412)|ENTERING_MANAGED_PKG|tdc_tsw
14:02:10.0 (87779156)|ENTERING_MANAGED_PKG|tdc_tsw
14:02:10.0 (88545967)|ENTERING_MANAGED_PKG|tdc_tsw
14:02:10.0 (88790506)|ENTERING_MANAGED_PKG|tdc_tsw
14:02:10.0 (89243847)|ENTERING_MANAGED_PKG|tdc_tsw
14:02:10.0 (90374510)|ENTERING_MANAGED_PKG|tdc_tsw
14:02:10.0 (91139074)|ENTERING_MANAGED_PKG|tdc_tsw
14:02:10.0 (91378856)|ENTERING_MANAGED_PKG|tdc_tsw
14:02:10.0 (91810273)|ENTERING_MANAGED_PKG|tdc_tsw
14:02:10.0 (92936471)|ENTERING_MANAGED_PKG|tdc_tsw
14:02:10.0 (93766399)|ENTERING_MANAGED_PKG|tdc_tsw
14:02:10.0 (94010303)|ENTERING_MANAGED_PKG|tdc_tsw
14:02:10.0 (94418544)|ENTERING_MANAGED_PKG|tdc_tsw
14:02:10.0 (95549152)|ENTERING_MANAGED_PKG|tdc_tsw
14:02:10.0 (96305093)|ENTERING_MANAGED_PKG|tdc_tsw
14:02:10.0 (96540659)|ENTERING_MANAGED_PKG|tdc_tsw
14:02:10.0 (96952081)|ENTERING_MANAGED_PKG|tdc_tsw
14:02:10.0 (98090395)|ENTERING_MANAGED_PKG|tdc_tsw
14:02:10.0 (98836783)|ENTERING_MANAGED_PKG|tdc_tsw
14:02:10.0 (99072428)|ENTERING_MANAGED_PKG|tdc_tsw
14:02:10.0 (99475054)|ENTERING_MANAGED_PKG|tdc_tsw
14:02:10.0 (100594281)|ENTERING_MANAGED_PKG|tdc_tsw
14:02:10.0 (101346461)|ENTERING_MANAGED_PKG|tdc_tsw
14:02:10.0 (101587283)|ENTERING_MANAGED_PKG|tdc_tsw
14:02:10.0 (102016802)|ENTERING_MANAGED_PKG|tdc_tsw
14:02:10.0 (103140968)|ENTERING_MANAGED_PKG|tdc_tsw
14:02:10.0 (103899671)|ENTERING_MANAGED_PKG|tdc_tsw
14:02:10.0 (104135811)|ENTERING_MANAGED_PKG|tdc_tsw
14:02:10.0 (104541419)|ENTERING_MANAGED_PKG|tdc_tsw
14:02:10.0 (105659738)|ENTERING_MANAGED_PKG|tdc_tsw
14:02:10.0 (106417769)|ENTERING_MANAGED_PKG|tdc_tsw
14:02:10.0 (106654880)|ENTERING_MANAGED_PKG|tdc_tsw
14:02:10.0 (107066457)|ENTERING_MANAGED_PKG|tdc_tsw
14:02:10.0 (108178883)|ENTERING_MANAGED_PKG|tdc_tsw
14:02:10.0 (108938346)|ENTERING_MANAGED_PKG|tdc_tsw
14:02:10.0 (109174172)|ENTERING_MANAGED_PKG|tdc_tsw
14:02:10.0 (109576655)|ENTERING_MANAGED_PKG|tdc_tsw
14:02:10.0 (110692526)|ENTERING_MANAGED_PKG|tdc_tsw
14:02:10.0 (111441417)|ENTERING_MANAGED_PKG|tdc_tsw
14:02:10.0 (111677644)|ENTERING_MANAGED_PKG|tdc_tsw
14:02:10.0 (112089446)|ENTERING_MANAGED_PKG|tdc_tsw
14:02:10.0 (113204496)|ENTERING_MANAGED_PKG|tdc_tsw
14:02:10.0 (113958439)|ENTERING_MANAGED_PKG|tdc_tsw
14:02:10.0 (114181231)|ENTERING_MANAGED_PKG|tdc_tsw
14:02:10.0 (114557835)|ENTERING_MANAGED_PKG|tdc_tsw
14:02:10.0 (115599658)|ENTERING_MANAGED_PKG|tdc_tsw
14:02:10.0 (116315842)|ENTERING_MANAGED_PKG|tdc_tsw
14:02:10.0 (116538470)|ENTERING_MANAGED_PKG|tdc_tsw
14:02:10.0 (116921781)|ENTERING_MANAGED_PKG|tdc_tsw
14:02:10.0 (117963893)|ENTERING_MANAGED_PKG|tdc_tsw
14:02:10.0 (118754189)|ENTERING_MANAGED_PKG|tdc_tsw
14:02:10.0 (118994852)|ENTERING_MANAGED_PKG|tdc_tsw
14:02:10.0 (119395802)|ENTERING_MANAGED_PKG|tdc_tsw
14:02:10.0 (120539156)|ENTERING_MANAGED_PKG|tdc_tsw
14:02:10.0 (121305869)|ENTERING_MANAGED_PKG|tdc_tsw
14:02:10.0 (121544638)|ENTERING_MANAGED_PKG|tdc_tsw
14:02:10.0 (121955687)|ENTERING_MANAGED_PKG|tdc_tsw
14:02:10.0 (123107260)|ENTERING_MANAGED_PKG|tdc_tsw
14:02:10.0 (123909079)|ENTERING_MANAGED_PKG|tdc_tsw
14:02:10.0 (124156282)|ENTERING_MANAGED_PKG|tdc_tsw
14:02:10.0 (124594554)|ENTERING_MANAGED_PKG|tdc_tsw
14:02:10.0 (125776291)|ENTERING_MANAGED_PKG|tdc_tsw
14:02:10.0 (126574581)|ENTERING_MANAGED_PKG|tdc_tsw
14:02:10.0 (126844241)|ENTERING_MANAGED_PKG|tdc_tsw
14:02:10.0 (127280430)|ENTERING_MANAGED_PKG|tdc_tsw
14:02:10.0 (128513214)|ENTERING_MANAGED_PKG|tdc_tsw
14:02:10.0 (129291719)|ENTERING_MANAGED_PKG|tdc_tsw
14:02:10.0 (129530692)|ENTERING_MANAGED_PKG|tdc_tsw
14:02:10.0 (129939303)|ENTERING_MANAGED_PKG|tdc_tsw
14:02:10.0 (131060986)|ENTERING_MANAGED_PKG|tdc_tsw
14:02:10.0 (131814931)|ENTERING_MANAGED_PKG|tdc_tsw
14:02:10.0 (132054065)|ENTERING_MANAGED_PKG|tdc_tsw
14:02:10.0 (132456940)|ENTERING_MANAGED_PKG|tdc_tsw
14:02:10.0 (133666080)|ENTERING_MANAGED_PKG|tdc_tsw
14:02:10.0 (134426899)|ENTERING_MANAGED_PKG|tdc_tsw
14:02:10.0 (134667781)|ENTERING_MANAGED_PKG|tdc_tsw
14:02:10.0 (135088289)|ENTERING_MANAGED_PKG|tdc_tsw
14:02:10.0 (136195469)|ENTERING_MANAGED_PKG|tdc_tsw
14:02:10.0 (136947526)|ENTERING_MANAGED_PKG|tdc_tsw
14:02:10.0 (137184993)|ENTERING_MANAGED_PKG|tdc_tsw
14:02:10.0 (137585102)|ENTERING_MANAGED_PKG|tdc_tsw
14:02:10.0 (138733769)|ENTERING_MANAGED_PKG|tdc_tsw
14:02:10.0 (139482163)|ENTERING_MANAGED_PKG|tdc_tsw
14:02:10.0 (139723958)|ENTERING_MANAGED_PKG|tdc_tsw
14:02:10.0 (140127914)|ENTERING_MANAGED_PKG|tdc_tsw
14:02:10.0 (141240811)|ENTERING_MANAGED_PKG|tdc_tsw
14:02:10.0 (141993120)|ENTERING_MANAGED_PKG|tdc_tsw
14:02:10.0 (142231561)|ENTERING_MANAGED_PKG|tdc_tsw
14:02:10.0 (142633639)|ENTERING_MANAGED_PKG|tdc_tsw
14:02:10.0 (143762746)|ENTERING_MANAGED_PKG|tdc_tsw
14:02:10.0 (144508547)|ENTERING_MANAGED_PKG|tdc_tsw
14:02:10.0 (144753205)|ENTERING_MANAGED_PKG|tdc_tsw
14:02:10.0 (145175862)|ENTERING_MANAGED_PKG|tdc_tsw
14:02:10.0 (146317227)|ENTERING_MANAGED_PKG|tdc_tsw
14:02:10.0 (147076567)|ENTERING_MANAGED_PKG|tdc_tsw
14:02:10.0 (147337978)|ENTERING_MANAGED_PKG|tdc_tsw
14:02:10.0 (147746368)|ENTERING_MANAGED_PKG|tdc_tsw
14:02:10.0 (148859400)|ENTERING_MANAGED_PKG|tdc_tsw
14:02:10.0 (149622366)|ENTERING_MANAGED_PKG|tdc_tsw
14:02:10.0 (149865049)|ENTERING_MANAGED_PKG|tdc_tsw
14:02:10.0 (150316376)|ENTERING_MANAGED_PKG|tdc_tsw
14:02:10.0 (154838817)|ENTERING_MANAGED_PKG|tdc_tsw
14:02:10.0 (155743233)|ENTERING_MANAGED_PKG|tdc_tsw
14:02:10.0 (156004535)|ENTERING_MANAGED_PKG|tdc_tsw
14:02:10.0 (156444983)|ENTERING_MANAGED_PKG|tdc_tsw
14:02:10.0 (157616604)|ENTERING_MANAGED_PKG|tdc_tsw
14:02:10.0 (158417378)|ENTERING_MANAGED_PKG|tdc_tsw
14:02:10.0 (158710930)|ENTERING_MANAGED_PKG|tdc_tsw
14:02:10.0 (159185633)|ENTERING_MANAGED_PKG|tdc_tsw
14:02:10.0 (160459965)|ENTERING_MANAGED_PKG|tdc_tsw
14:02:10.0 (161249431)|ENTERING_MANAGED_PKG|tdc_tsw
14:02:10.0 (161485817)|ENTERING_MANAGED_PKG|tdc_tsw
14:02:10.0 (161897915)|ENTERING_MANAGED_PKG|tdc_tsw
14:02:10.0 (163059175)|ENTERING_MANAGED_PKG|tdc_tsw
14:02:10.0 (163816716)|ENTERING_MANAGED_PKG|tdc_tsw
14:02:10.0 (164053744)|ENTERING_MANAGED_PKG|tdc_tsw
14:02:10.0 (164478855)|ENTERING_MANAGED_PKG|tdc_tsw
14:02:10.0 (165652999)|ENTERING_MANAGED_PKG|tdc_tsw
14:02:10.0 (166435434)|ENTERING_MANAGED_PKG|tdc_tsw
14:02:10.0 (166699990)|ENTERING_MANAGED_PKG|tdc_tsw
14:02:10.0 (167106554)|ENTERING_MANAGED_PKG|tdc_tsw
14:02:10.0 (168250217)|ENTERING_MANAGED_PKG|tdc_tsw
14:02:10.0 (169006806)|ENTERING_MANAGED_PKG|tdc_tsw
14:02:10.0 (169252524)|ENTERING_MANAGED_PKG|tdc_tsw
14:02:10.0 (169653315)|ENTERING_MANAGED_PKG|tdc_tsw
14:02:10.0 (170786674)|ENTERING_MANAGED_PKG|tdc_tsw
14:02:10.0 (171538306)|ENTERING_MANAGED_PKG|tdc_tsw
14:02:10.0 (171784766)|ENTERING_MANAGED_PKG|tdc_tsw
14:02:10.0 (172212531)|ENTERING_MANAGED_PKG|tdc_tsw
14:02:10.0 (173371828)|ENTERING_MANAGED_PKG|tdc_tsw
14:02:10.0 (174141891)|ENTERING_MANAGED_PKG|tdc_tsw
14:02:10.0 (174400844)|ENTERING_MANAGED_PKG|tdc_tsw
14:02:10.0 (174817016)|ENTERING_MANAGED_PKG|tdc_tsw
14:02:10.0 (175931304)|ENTERING_MANAGED_PKG|tdc_tsw
14:02:10.0 (176681482)|ENTERING_MANAGED_PKG|tdc_tsw
14:02:10.0 (176926059)|ENTERING_MANAGED_PKG|tdc_tsw
14:02:10.0 (177767645)|ENTERING_MANAGED_PKG|tdc_tsw
14:02:10.0 (178933183)|ENTERING_MANAGED_PKG|tdc_tsw
14:02:10.0 (179713947)|ENTERING_MANAGED_PKG|tdc_tsw
14:02:10.0 (179950795)|ENTERING_MANAGED_PKG|tdc_tsw
14:02:10.0 (180354742)|ENTERING_MANAGED_PKG|tdc_tsw
14:02:10.0 (181469159)|ENTERING_MANAGED_PKG|tdc_tsw
14:02:10.0 (182260594)|ENTERING_MANAGED_PKG|tdc_tsw
14:02:10.0 (182498615)|ENTERING_MANAGED_PKG|tdc_tsw
14:02:10.0 (182978817)|ENTERING_MANAGED_PKG|tdc_tsw
14:02:10.0 (184122052)|ENTERING_MANAGED_PKG|tdc_tsw
14:02:10.0 (184904642)|ENTERING_MANAGED_PKG|tdc_tsw
14:02:10.0 (185160185)|ENTERING_MANAGED_PKG|tdc_tsw
14:02:10.0 (185569690)|ENTERING_MANAGED_PKG|tdc_tsw
14:02:10.0 (186688519)|ENTERING_MANAGED_PKG|tdc_tsw
14:02:10.0 (187465419)|ENTERING_MANAGED_PKG|tdc_tsw
14:02:10.0 (187732296)|ENTERING_MANAGED_PKG|tdc_tsw
14:02:10.0 (188212677)|ENTERING_MANAGED_PKG|tdc_tsw
14:02:10.0 (189382427)|ENTERING_MANAGED_PKG|tdc_tsw
14:02:10.0 (190160393)|ENTERING_MANAGED_PKG|tdc_tsw
14:02:10.0 (190397839)|ENTERING_MANAGED_PKG|tdc_tsw
14:02:10.0 (190806347)|ENTERING_MANAGED_PKG|tdc_tsw
14:02:10.0 (191947215)|ENTERING_MANAGED_PKG|tdc_tsw
14:02:10.0 (192722953)|ENTERING_MANAGED_PKG|tdc_tsw
14:02:10.0 (192962935)|ENTERING_MANAGED_PKG|tdc_tsw
14:02:10.0 (193367180)|ENTERING_MANAGED_PKG|tdc_tsw
14:02:10.0 (194529815)|ENTERING_MANAGED_PKG|tdc_tsw
14:02:10.0 (195274586)|ENTERING_MANAGED_PKG|tdc_tsw
14:02:10.0 (195528026)|ENTERING_MANAGED_PKG|tdc_tsw
14:02:10.0 (195960083)|ENTERING_MANAGED_PKG|tdc_tsw
14:02:10.0 (197098581)|ENTERING_MANAGED_PKG|tdc_tsw
14:02:10.0 (197897565)|ENTERING_MANAGED_PKG|tdc_tsw
14:02:10.0 (198133406)|ENTERING_MANAGED_PKG|tdc_tsw
14:02:10.0 (198560288)|ENTERING_MANAGED_PKG|tdc_tsw
14:02:10.0 (199756741)|ENTERING_MANAGED_PKG|tdc_tsw
14:02:10.0 (200528644)|ENTERING_MANAGED_PKG|tdc_tsw
14:02:10.0 (200774893)|ENTERING_MANAGED_PKG|tdc_tsw
14:02:10.0 (201178319)|ENTERING_MANAGED_PKG|tdc_tsw
14:02:10.0 (202311868)|ENTERING_MANAGED_PKG|tdc_tsw
14:02:10.0 (203071325)|ENTERING_MANAGED_PKG|tdc_tsw
14:02:10.0 (203337328)|ENTERING_MANAGED_PKG|tdc_tsw
14:02:10.0 (203811370)|ENTERING_MANAGED_PKG|tdc_tsw
14:02:10.0 (204980126)|ENTERING_MANAGED_PKG|tdc_tsw
14:02:10.0 (205776907)|ENTERING_MANAGED_PKG|tdc_tsw
14:02:10.0 (206015825)|ENTERING_MANAGED_PKG|tdc_tsw
14:02:10.0 (206419307)|ENTERING_MANAGED_PKG|tdc_tsw
14:02:10.0 (207556005)|ENTERING_MANAGED_PKG|tdc_tsw
14:02:10.0 (208339955)|ENTERING_MANAGED_PKG|tdc_tsw
14:02:10.0 (208598714)|ENTERING_MANAGED_PKG|tdc_tsw
14:02:10.0 (209054717)|ENTERING_MANAGED_PKG|tdc_tsw
14:02:10.0 (210197100)|ENTERING_MANAGED_PKG|tdc_tsw
14:02:10.0 (210997867)|ENTERING_MANAGED_PKG|tdc_tsw
14:02:10.0 (211234656)|ENTERING_MANAGED_PKG|tdc_tsw
14:02:10.0 (211635667)|ENTERING_MANAGED_PKG|tdc_tsw
14:02:10.0 (212783620)|ENTERING_MANAGED_PKG|tdc_tsw
14:02:10.0 (213625290)|ENTERING_MANAGED_PKG|tdc_tsw
14:02:10.0 (213869039)|ENTERING_MANAGED_PKG|tdc_tsw
14:02:10.0 (214273164)|ENTERING_MANAGED_PKG|tdc_tsw
14:02:10.0 (215389981)|ENTERING_MANAGED_PKG|tdc_tsw
14:02:10.0 (216141492)|ENTERING_MANAGED_PKG|tdc_tsw
14:02:10.0 (216401951)|ENTERING_MANAGED_PKG|tdc_tsw
14:02:10.0 (216815776)|ENTERING_MANAGED_PKG|tdc_tsw
14:02:10.0 (217926683)|ENTERING_MANAGED_PKG|tdc_tsw
14:02:10.0 (218674273)|ENTERING_MANAGED_PKG|tdc_tsw
14:02:10.0 (218917813)|ENTERING_MANAGED_PKG|tdc_tsw
14:02:10.0 (219344638)|ENTERING_MANAGED_PKG|tdc_tsw
14:02:10.0 (220505173)|ENTERING_MANAGED_PKG|tdc_tsw
14:02:10.0 (221258433)|ENTERING_MANAGED_PKG|tdc_tsw
14:02:10.0 (221496805)|ENTERING_MANAGED_PKG|tdc_tsw
14:02:10.0 (221955580)|ENTERING_MANAGED_PKG|tdc_tsw
14:02:10.0 (223082999)|ENTERING_MANAGED_PKG|tdc_tsw
14:02:10.0 (223843800)|ENTERING_MANAGED_PKG|tdc_tsw
14:02:10.0 (224079013)|ENTERING_MANAGED_PKG|tdc_tsw
14:02:10.0 (224504868)|ENTERING_MANAGED_PKG|tdc_tsw
14:02:10.0 (225766895)|ENTERING_MANAGED_PKG|tdc_tsw
14:02:10.0 (226514840)|ENTERING_MANAGED_PKG|tdc_tsw
14:02:10.0 (226760462)|ENTERING_MANAGED_PKG|tdc_tsw
14:02:10.0 (227163243)|ENTERING_MANAGED_PKG|tdc_tsw
14:02:10.0 (228282603)|ENTERING_MANAGED_PKG|tdc_tsw
14:02:10.0 (229045399)|ENTERING_MANAGED_PKG|tdc_tsw
14:02:10.0 (229256464)|ENTERING_MANAGED_PKG|tdc_tsw
14:02:10.0 (229661548)|ENTERING_MANAGED_PKG|tdc_tsw
14:02:10.0 (230926085)|ENTERING_MANAGED_PKG|tdc_tsw
14:02:10.0 (231740825)|ENTERING_MANAGED_PKG|tdc_tsw
14:02:10.0 (231841539)|ENTERING_MANAGED_PKG|tdc_tsw
14:02:10.0 (232470749)|SOQL_EXECUTE_BEGIN|[200]|Aggregations:0|SELECT Name, NamespacePrefix, SystemModStamp FROM StaticResource WHERE Name LIKE :tmpVar1 LIMIT 10
14:02:10.0 (235725937)|SOQL_EXECUTE_END|[200]|Rows:1
14:02:10.0 (236629700)|ENTERING_MANAGED_PKG|tdc_tsw
14:02:10.0 (237121688)|SOQL_EXECUTE_BEGIN|[200]|Aggregations:0|SELECT Name, NamespacePrefix, SystemModStamp FROM StaticResource WHERE Name LIKE :tmpVar1 LIMIT 10
14:02:10.0 (239764385)|SOQL_EXECUTE_END|[200]|Rows:1
14:02:10.0 (240195547)|ENTERING_MANAGED_PKG|tdc_tsw
14:02:10.0 (243747116)|ENTERING_MANAGED_PKG|tdc_tsw
14:02:10.0 (245465865)|ENTERING_MANAGED_PKG|tdc_tsw
14:02:10.0 (245793364)|ENTERING_MANAGED_PKG|tdc_tsw
14:02:10.0 (246674328)|ENTERING_MANAGED_PKG|tdc_tsw
14:02:10.0 (247178009)|SOQL_EXECUTE_BEGIN|[200]|Aggregations:0|SELECT Name, NamespacePrefix, SystemModStamp FROM StaticResource WHERE Name LIKE :tmpVar1 LIMIT 10
14:02:10.0 (250229982)|SOQL_EXECUTE_END|[200]|Rows:1
14:02:10.262 (262193969)|USER_INFO|[EXTERNAL]|0051H000009gxp8|chanida.dev2@solvedbysoftwareco.com|Eastern Standard Time|GMT-05:00
14:02:10.262 (263634340)|ENTERING_MANAGED_PKG|tdc_tsw
14:02:10.262 (263917491)|ENTERING_MANAGED_PKG|tdc_tsw
14:02:10.262 (266775252)|SOQL_EXECUTE_BEGIN|[355]|Aggregations:0|SELECT id, name, Disable_Incoming_SMS_Sharing__c FROM User WHERE id = :tmpVar1
14:02:10.262 (273592113)|SOQL_EXECUTE_END|[355]|Rows:1
14:02:10.262 (274817497)|SOQL_EXECUTE_BEGIN|[367]|Aggregations:0|SELECT CreatedDate,Id,LastModifiedDate,Related_Object_Id__c FROM Message__c WHERE Name = 'Incoming' AND Read__c = false ORDER BY CreatedDate Desc limit 100
14:02:10.262 (284092070)|SOQL_EXECUTE_END|[367]|Rows:100
