44.0 APEX_CODE,FINEST;APEX_PROFILING,INFO;CALLOUT,INFO;DB,INFO;NBA,INFO;SYSTEM,DEBUG;VALIDATION,INFO;VISUALFORCE,INFO;WAVE,INFO;WORKFLOW,INFO
10:23:16.0 (608809)|USER_INFO|[EXTERNAL]|0051H000009gxp8|chanida.dev2@solvedbysoftwareco.com|Eastern Standard Time|GMT-05:00
10:23:16.0 (2993051)|ENTERING_MANAGED_PKG|tdc_tsw
10:23:16.0 (3492306)|ENTERING_MANAGED_PKG|tdc_tsw
10:23:16.0 (9479771)|SOQL_EXECUTE_BEGIN|[16]|Aggregations:0|SELECT id, name, Disable_Incoming_SMS_Sharing__c FROM User WHERE id = :tmpVar1
10:23:16.0 (18196418)|SOQL_EXECUTE_END|[16]|Rows:1
10:23:16.0 (28107379)|SOQL_EXECUTE_BEGIN|[37]|Aggregations:0|SELECT CreatedDate,Created_Date__c,Id,LastModifiedDate,MessageId__c,Message_Text_New__c,Name,OwnerId,Read__c,Related_Object_Id__c,Related_Object__c,Sender_Number__c, Sender_Name__c,ToNumber__c,Attachments_Ids__c FROM Message__c WHERE Name = 'Incoming' AND Read__c = false ORDER BY CreatedDate Desc limit 100
10:23:16.0 (48705718)|SOQL_EXECUTE_END|[37]|Rows:100
10:23:16.0 (67495717)|ENTERING_MANAGED_PKG|tdc_tsw
10:23:16.0 (69219136)|ENTERING_MANAGED_PKG|tdc_tsw
10:23:16.0 (69722304)|ENTERING_MANAGED_PKG|tdc_tsw
10:23:16.0 (70421086)|ENTERING_MANAGED_PKG|tdc_tsw
10:23:16.0 (73382692)|ENTERING_MANAGED_PKG|tdc_tsw
10:23:16.0 (74227313)|ENTERING_MANAGED_PKG|tdc_tsw
10:23:16.0 (74512682)|ENTERING_MANAGED_PKG|tdc_tsw
10:23:16.0 (75027897)|ENTERING_MANAGED_PKG|tdc_tsw
10:23:16.0 (76193089)|ENTERING_MANAGED_PKG|tdc_tsw
10:23:16.0 (76983516)|ENTERING_MANAGED_PKG|tdc_tsw
10:23:16.0 (77226200)|ENTERING_MANAGED_PKG|tdc_tsw
10:23:16.0 (77642601)|ENTERING_MANAGED_PKG|tdc_tsw
10:23:16.0 (78790377)|ENTERING_MANAGED_PKG|tdc_tsw
10:23:16.0 (79579546)|ENTERING_MANAGED_PKG|tdc_tsw
10:23:16.0 (79865626)|ENTERING_MANAGED_PKG|tdc_tsw
10:23:16.0 (80410024)|ENTERING_MANAGED_PKG|tdc_tsw
10:23:16.0 (81624965)|ENTERING_MANAGED_PKG|tdc_tsw
10:23:16.0 (82428189)|ENTERING_MANAGED_PKG|tdc_tsw
10:23:16.0 (82671700)|ENTERING_MANAGED_PKG|tdc_tsw
10:23:16.0 (83117921)|ENTERING_MANAGED_PKG|tdc_tsw
10:23:16.0 (84254442)|ENTERING_MANAGED_PKG|tdc_tsw
10:23:16.0 (85040814)|ENTERING_MANAGED_PKG|tdc_tsw
10:23:16.0 (85299006)|ENTERING_MANAGED_PKG|tdc_tsw
10:23:16.0 (85728513)|ENTERING_MANAGED_PKG|tdc_tsw
10:23:16.0 (87249550)|ENTERING_MANAGED_PKG|tdc_tsw
10:23:16.0 (88021984)|ENTERING_MANAGED_PKG|tdc_tsw
10:23:16.0 (88265334)|ENTERING_MANAGED_PKG|tdc_tsw
10:23:16.0 (88676675)|ENTERING_MANAGED_PKG|tdc_tsw
10:23:16.0 (89812917)|ENTERING_MANAGED_PKG|tdc_tsw
10:23:16.0 (90638794)|ENTERING_MANAGED_PKG|tdc_tsw
10:23:16.0 (90881710)|ENTERING_MANAGED_PKG|tdc_tsw
10:23:16.0 (91306235)|ENTERING_MANAGED_PKG|tdc_tsw
10:23:16.0 (92476907)|ENTERING_MANAGED_PKG|tdc_tsw
10:23:16.0 (93305928)|ENTERING_MANAGED_PKG|tdc_tsw
10:23:16.0 (93549212)|ENTERING_MANAGED_PKG|tdc_tsw
10:23:16.0 (93968518)|ENTERING_MANAGED_PKG|tdc_tsw
10:23:16.0 (95228376)|ENTERING_MANAGED_PKG|tdc_tsw
10:23:16.0 (96038400)|ENTERING_MANAGED_PKG|tdc_tsw
10:23:16.0 (96294614)|ENTERING_MANAGED_PKG|tdc_tsw
10:23:16.0 (96748655)|ENTERING_MANAGED_PKG|tdc_tsw
10:23:16.0 (97932025)|ENTERING_MANAGED_PKG|tdc_tsw
10:23:16.0 (98710948)|ENTERING_MANAGED_PKG|tdc_tsw
10:23:16.0 (98961352)|ENTERING_MANAGED_PKG|tdc_tsw
10:23:16.0 (99374301)|ENTERING_MANAGED_PKG|tdc_tsw
10:23:16.0 (100514968)|ENTERING_MANAGED_PKG|tdc_tsw
10:23:16.0 (101301061)|ENTERING_MANAGED_PKG|tdc_tsw
10:23:16.0 (101545432)|ENTERING_MANAGED_PKG|tdc_tsw
10:23:16.0 (101967412)|ENTERING_MANAGED_PKG|tdc_tsw
10:23:16.0 (103121605)|ENTERING_MANAGED_PKG|tdc_tsw
10:23:16.0 (103901152)|ENTERING_MANAGED_PKG|tdc_tsw
10:23:16.0 (104151588)|ENTERING_MANAGED_PKG|tdc_tsw
10:23:16.0 (104572059)|ENTERING_MANAGED_PKG|tdc_tsw
10:23:16.0 (105715441)|ENTERING_MANAGED_PKG|tdc_tsw
10:23:16.0 (106517874)|ENTERING_MANAGED_PKG|tdc_tsw
10:23:16.0 (106764188)|ENTERING_MANAGED_PKG|tdc_tsw
10:23:16.0 (107189333)|ENTERING_MANAGED_PKG|tdc_tsw
10:23:16.0 (108331149)|ENTERING_MANAGED_PKG|tdc_tsw
10:23:16.0 (109106261)|ENTERING_MANAGED_PKG|tdc_tsw
10:23:16.0 (109349484)|ENTERING_MANAGED_PKG|tdc_tsw
10:23:16.0 (109763822)|ENTERING_MANAGED_PKG|tdc_tsw
10:23:16.0 (110918761)|ENTERING_MANAGED_PKG|tdc_tsw
10:23:16.0 (111714897)|ENTERING_MANAGED_PKG|tdc_tsw
10:23:16.0 (111964130)|ENTERING_MANAGED_PKG|tdc_tsw
10:23:16.0 (112377762)|ENTERING_MANAGED_PKG|tdc_tsw
10:23:16.0 (113519632)|ENTERING_MANAGED_PKG|tdc_tsw
10:23:16.0 (114430308)|ENTERING_MANAGED_PKG|tdc_tsw
10:23:16.0 (114677550)|ENTERING_MANAGED_PKG|tdc_tsw
10:23:16.0 (115106085)|ENTERING_MANAGED_PKG|tdc_tsw
10:23:16.0 (116258691)|ENTERING_MANAGED_PKG|tdc_tsw
10:23:16.0 (117042762)|ENTERING_MANAGED_PKG|tdc_tsw
10:23:16.0 (117286087)|ENTERING_MANAGED_PKG|tdc_tsw
10:23:16.0 (117698651)|ENTERING_MANAGED_PKG|tdc_tsw
10:23:16.0 (118832881)|ENTERING_MANAGED_PKG|tdc_tsw
10:23:16.0 (119612301)|ENTERING_MANAGED_PKG|tdc_tsw
10:23:16.0 (119857297)|ENTERING_MANAGED_PKG|tdc_tsw
10:23:16.0 (120275846)|ENTERING_MANAGED_PKG|tdc_tsw
10:23:16.0 (121432242)|ENTERING_MANAGED_PKG|tdc_tsw
10:23:16.0 (122327526)|ENTERING_MANAGED_PKG|tdc_tsw
10:23:16.0 (122579567)|ENTERING_MANAGED_PKG|tdc_tsw
10:23:16.0 (123007684)|ENTERING_MANAGED_PKG|tdc_tsw
10:23:16.0 (124190005)|ENTERING_MANAGED_PKG|tdc_tsw
10:23:16.0 (125071446)|ENTERING_MANAGED_PKG|tdc_tsw
10:23:16.0 (125320026)|ENTERING_MANAGED_PKG|tdc_tsw
10:23:16.0 (125732816)|ENTERING_MANAGED_PKG|tdc_tsw
10:23:16.0 (126897476)|ENTERING_MANAGED_PKG|tdc_tsw
10:23:16.0 (127704908)|ENTERING_MANAGED_PKG|tdc_tsw
10:23:16.0 (127968812)|ENTERING_MANAGED_PKG|tdc_tsw
10:23:16.0 (128386732)|ENTERING_MANAGED_PKG|tdc_tsw
10:23:16.0 (129548188)|ENTERING_MANAGED_PKG|tdc_tsw
10:23:16.0 (130339641)|ENTERING_MANAGED_PKG|tdc_tsw
10:23:16.0 (130585619)|ENTERING_MANAGED_PKG|tdc_tsw
10:23:16.0 (131010883)|ENTERING_MANAGED_PKG|tdc_tsw
10:23:16.0 (132167854)|ENTERING_MANAGED_PKG|tdc_tsw
10:23:16.0 (132946440)|ENTERING_MANAGED_PKG|tdc_tsw
10:23:16.0 (133196991)|ENTERING_MANAGED_PKG|tdc_tsw
10:23:16.0 (133613284)|ENTERING_MANAGED_PKG|tdc_tsw
10:23:16.0 (134767681)|ENTERING_MANAGED_PKG|tdc_tsw
10:23:16.0 (135552715)|ENTERING_MANAGED_PKG|tdc_tsw
10:23:16.0 (135799170)|ENTERING_MANAGED_PKG|tdc_tsw
10:23:16.0 (136228576)|ENTERING_MANAGED_PKG|tdc_tsw
10:23:16.0 (137509272)|ENTERING_MANAGED_PKG|tdc_tsw
10:23:16.0 (138319107)|ENTERING_MANAGED_PKG|tdc_tsw
10:23:16.0 (138565719)|ENTERING_MANAGED_PKG|tdc_tsw
10:23:16.0 (139004204)|ENTERING_MANAGED_PKG|tdc_tsw
10:23:16.0 (140296163)|ENTERING_MANAGED_PKG|tdc_tsw
10:23:16.0 (141090494)|ENTERING_MANAGED_PKG|tdc_tsw
10:23:16.0 (141337052)|ENTERING_MANAGED_PKG|tdc_tsw
10:23:16.0 (141749792)|ENTERING_MANAGED_PKG|tdc_tsw
10:23:16.0 (142884680)|ENTERING_MANAGED_PKG|tdc_tsw
10:23:16.0 (143662149)|ENTERING_MANAGED_PKG|tdc_tsw
10:23:16.0 (143906842)|ENTERING_MANAGED_PKG|tdc_tsw
10:23:16.0 (144329559)|ENTERING_MANAGED_PKG|tdc_tsw
10:23:16.0 (145502594)|ENTERING_MANAGED_PKG|tdc_tsw
10:23:16.0 (146294061)|ENTERING_MANAGED_PKG|tdc_tsw
10:23:16.0 (146537319)|ENTERING_MANAGED_PKG|tdc_tsw
10:23:16.0 (146948319)|ENTERING_MANAGED_PKG|tdc_tsw
10:23:16.0 (148085951)|ENTERING_MANAGED_PKG|tdc_tsw
10:23:16.0 (148844529)|ENTERING_MANAGED_PKG|tdc_tsw
10:23:16.0 (149093727)|ENTERING_MANAGED_PKG|tdc_tsw
10:23:16.0 (149506592)|ENTERING_MANAGED_PKG|tdc_tsw
10:23:16.0 (150635742)|ENTERING_MANAGED_PKG|tdc_tsw
10:23:16.0 (151655666)|ENTERING_MANAGED_PKG|tdc_tsw
10:23:16.0 (152078113)|ENTERING_MANAGED_PKG|tdc_tsw
10:23:16.0 (152639233)|ENTERING_MANAGED_PKG|tdc_tsw
10:23:16.0 (154205803)|ENTERING_MANAGED_PKG|tdc_tsw
10:23:16.0 (155132527)|ENTERING_MANAGED_PKG|tdc_tsw
10:23:16.0 (155381473)|ENTERING_MANAGED_PKG|tdc_tsw
10:23:16.0 (155799943)|ENTERING_MANAGED_PKG|tdc_tsw
10:23:16.0 (156989950)|ENTERING_MANAGED_PKG|tdc_tsw
10:23:16.0 (157809660)|ENTERING_MANAGED_PKG|tdc_tsw
10:23:16.0 (158069310)|ENTERING_MANAGED_PKG|tdc_tsw
10:23:16.0 (158489375)|ENTERING_MANAGED_PKG|tdc_tsw
10:23:16.0 (159655796)|ENTERING_MANAGED_PKG|tdc_tsw
10:23:16.0 (160438773)|ENTERING_MANAGED_PKG|tdc_tsw
10:23:16.0 (160684706)|ENTERING_MANAGED_PKG|tdc_tsw
10:23:16.0 (161123162)|ENTERING_MANAGED_PKG|tdc_tsw
10:23:16.0 (162325036)|ENTERING_MANAGED_PKG|tdc_tsw
10:23:16.0 (163114692)|ENTERING_MANAGED_PKG|tdc_tsw
10:23:16.0 (163362122)|ENTERING_MANAGED_PKG|tdc_tsw
10:23:16.0 (163778811)|ENTERING_MANAGED_PKG|tdc_tsw
10:23:16.0 (165015589)|ENTERING_MANAGED_PKG|tdc_tsw
10:23:16.0 (165794670)|ENTERING_MANAGED_PKG|tdc_tsw
10:23:16.0 (166048488)|ENTERING_MANAGED_PKG|tdc_tsw
10:23:16.0 (166463412)|ENTERING_MANAGED_PKG|tdc_tsw
10:23:16.0 (167679837)|ENTERING_MANAGED_PKG|tdc_tsw
10:23:16.0 (168504098)|ENTERING_MANAGED_PKG|tdc_tsw
10:23:16.0 (168749559)|ENTERING_MANAGED_PKG|tdc_tsw
10:23:16.0 (169185491)|ENTERING_MANAGED_PKG|tdc_tsw
10:23:16.0 (170342589)|ENTERING_MANAGED_PKG|tdc_tsw
10:23:16.0 (171123399)|ENTERING_MANAGED_PKG|tdc_tsw
10:23:16.0 (171370371)|ENTERING_MANAGED_PKG|tdc_tsw
10:23:16.0 (171785384)|ENTERING_MANAGED_PKG|tdc_tsw
10:23:16.0 (172939969)|ENTERING_MANAGED_PKG|tdc_tsw
10:23:16.0 (173718912)|ENTERING_MANAGED_PKG|tdc_tsw
10:23:16.0 (173990856)|ENTERING_MANAGED_PKG|tdc_tsw
10:23:16.0 (174413881)|ENTERING_MANAGED_PKG|tdc_tsw
10:23:16.0 (175578287)|ENTERING_MANAGED_PKG|tdc_tsw
10:23:16.0 (176412547)|ENTERING_MANAGED_PKG|tdc_tsw
10:23:16.0 (176660864)|ENTERING_MANAGED_PKG|tdc_tsw
10:23:16.0 (177106322)|ENTERING_MANAGED_PKG|tdc_tsw
10:23:16.0 (178275274)|ENTERING_MANAGED_PKG|tdc_tsw
10:23:16.0 (179057608)|ENTERING_MANAGED_PKG|tdc_tsw
10:23:16.0 (179347039)|ENTERING_MANAGED_PKG|tdc_tsw
10:23:16.0 (179771257)|ENTERING_MANAGED_PKG|tdc_tsw
10:23:16.0 (181036467)|ENTERING_MANAGED_PKG|tdc_tsw
10:23:16.0 (181813597)|ENTERING_MANAGED_PKG|tdc_tsw
10:23:16.0 (182067804)|ENTERING_MANAGED_PKG|tdc_tsw
10:23:16.0 (182615067)|ENTERING_MANAGED_PKG|tdc_tsw
10:23:16.0 (183769016)|ENTERING_MANAGED_PKG|tdc_tsw
10:23:16.0 (184577631)|ENTERING_MANAGED_PKG|tdc_tsw
10:23:16.0 (184821589)|ENTERING_MANAGED_PKG|tdc_tsw
10:23:16.0 (185247482)|ENTERING_MANAGED_PKG|tdc_tsw
10:23:16.0 (186406337)|ENTERING_MANAGED_PKG|tdc_tsw
10:23:16.0 (187199301)|ENTERING_MANAGED_PKG|tdc_tsw
10:23:16.0 (187448433)|ENTERING_MANAGED_PKG|tdc_tsw
10:23:16.0 (187864880)|ENTERING_MANAGED_PKG|tdc_tsw
10:23:16.0 (189062694)|ENTERING_MANAGED_PKG|tdc_tsw
10:23:16.0 (189852163)|ENTERING_MANAGED_PKG|tdc_tsw
10:23:16.0 (190113154)|ENTERING_MANAGED_PKG|tdc_tsw
10:23:16.0 (190532651)|ENTERING_MANAGED_PKG|tdc_tsw
10:23:16.0 (191708896)|ENTERING_MANAGED_PKG|tdc_tsw
10:23:16.0 (192555379)|ENTERING_MANAGED_PKG|tdc_tsw
10:23:16.0 (192817945)|ENTERING_MANAGED_PKG|tdc_tsw
10:23:16.0 (193254055)|ENTERING_MANAGED_PKG|tdc_tsw
10:23:16.0 (194449550)|ENTERING_MANAGED_PKG|tdc_tsw
10:23:16.0 (195283794)|ENTERING_MANAGED_PKG|tdc_tsw
10:23:16.0 (195530500)|ENTERING_MANAGED_PKG|tdc_tsw
10:23:16.0 (195949470)|ENTERING_MANAGED_PKG|tdc_tsw
10:23:16.0 (197158541)|ENTERING_MANAGED_PKG|tdc_tsw
10:23:16.0 (197974461)|ENTERING_MANAGED_PKG|tdc_tsw
10:23:16.0 (198224986)|ENTERING_MANAGED_PKG|tdc_tsw
10:23:16.0 (198646636)|ENTERING_MANAGED_PKG|tdc_tsw
10:23:16.0 (199819831)|ENTERING_MANAGED_PKG|tdc_tsw
10:23:16.0 (200604852)|ENTERING_MANAGED_PKG|tdc_tsw
10:23:16.0 (200853362)|ENTERING_MANAGED_PKG|tdc_tsw
10:23:16.0 (201297173)|ENTERING_MANAGED_PKG|tdc_tsw
10:23:16.0 (202458309)|ENTERING_MANAGED_PKG|tdc_tsw
10:23:16.0 (203241245)|ENTERING_MANAGED_PKG|tdc_tsw
10:23:16.0 (203486063)|ENTERING_MANAGED_PKG|tdc_tsw
10:23:16.0 (203901312)|ENTERING_MANAGED_PKG|tdc_tsw
10:23:16.0 (205093723)|ENTERING_MANAGED_PKG|tdc_tsw
10:23:16.0 (205864545)|ENTERING_MANAGED_PKG|tdc_tsw
10:23:16.0 (206165787)|ENTERING_MANAGED_PKG|tdc_tsw
10:23:16.0 (206584451)|ENTERING_MANAGED_PKG|tdc_tsw
10:23:16.0 (207774027)|ENTERING_MANAGED_PKG|tdc_tsw
10:23:16.0 (208558945)|ENTERING_MANAGED_PKG|tdc_tsw
10:23:16.0 (208805241)|ENTERING_MANAGED_PKG|tdc_tsw
10:23:16.0 (209267193)|ENTERING_MANAGED_PKG|tdc_tsw
10:23:16.0 (210434183)|ENTERING_MANAGED_PKG|tdc_tsw
10:23:16.0 (211212010)|ENTERING_MANAGED_PKG|tdc_tsw
10:23:16.0 (211773132)|ENTERING_MANAGED_PKG|tdc_tsw
10:23:16.0 (212196289)|ENTERING_MANAGED_PKG|tdc_tsw
10:23:16.0 (213355060)|ENTERING_MANAGED_PKG|tdc_tsw
10:23:16.0 (214156484)|ENTERING_MANAGED_PKG|tdc_tsw
10:23:16.0 (214422345)|ENTERING_MANAGED_PKG|tdc_tsw
10:23:16.0 (214841808)|ENTERING_MANAGED_PKG|tdc_tsw
10:23:16.0 (216012149)|ENTERING_MANAGED_PKG|tdc_tsw
10:23:16.0 (216787867)|ENTERING_MANAGED_PKG|tdc_tsw
10:23:16.0 (217042145)|ENTERING_MANAGED_PKG|tdc_tsw
10:23:16.0 (217484790)|ENTERING_MANAGED_PKG|tdc_tsw
10:23:16.0 (218641293)|ENTERING_MANAGED_PKG|tdc_tsw
10:23:16.0 (219422272)|ENTERING_MANAGED_PKG|tdc_tsw
10:23:16.0 (219711259)|ENTERING_MANAGED_PKG|tdc_tsw
10:23:16.0 (220142760)|ENTERING_MANAGED_PKG|tdc_tsw
10:23:16.0 (221298432)|ENTERING_MANAGED_PKG|tdc_tsw
10:23:16.0 (222078111)|ENTERING_MANAGED_PKG|tdc_tsw
10:23:16.0 (222322766)|ENTERING_MANAGED_PKG|tdc_tsw
10:23:16.0 (222945458)|ENTERING_MANAGED_PKG|tdc_tsw
10:23:16.0 (225172369)|ENTERING_MANAGED_PKG|tdc_tsw
10:23:16.0 (226597161)|ENTERING_MANAGED_PKG|tdc_tsw
10:23:16.0 (227006776)|ENTERING_MANAGED_PKG|tdc_tsw
10:23:16.0 (227668588)|ENTERING_MANAGED_PKG|tdc_tsw
10:23:16.0 (229589284)|ENTERING_MANAGED_PKG|tdc_tsw
10:23:16.0 (231036312)|ENTERING_MANAGED_PKG|tdc_tsw
10:23:16.0 (231511340)|ENTERING_MANAGED_PKG|tdc_tsw
10:23:16.0 (232380979)|ENTERING_MANAGED_PKG|tdc_tsw
10:23:16.0 (235636464)|ENTERING_MANAGED_PKG|tdc_tsw
10:23:16.0 (236702877)|ENTERING_MANAGED_PKG|tdc_tsw
10:23:16.0 (236807657)|ENTERING_MANAGED_PKG|tdc_tsw
10:23:16.0 (237864881)|SOQL_EXECUTE_BEGIN|[200]|Aggregations:0|SELECT Name, NamespacePrefix, SystemModStamp FROM StaticResource WHERE Name LIKE :tmpVar1 LIMIT 10
10:23:16.0 (242757371)|SOQL_EXECUTE_END|[200]|Rows:1
10:23:16.0 (243777048)|ENTERING_MANAGED_PKG|tdc_tsw
10:23:16.0 (244283751)|SOQL_EXECUTE_BEGIN|[200]|Aggregations:0|SELECT Name, NamespacePrefix, SystemModStamp FROM StaticResource WHERE Name LIKE :tmpVar1 LIMIT 10
10:23:16.0 (246941564)|SOQL_EXECUTE_END|[200]|Rows:1
10:23:16.0 (247420359)|ENTERING_MANAGED_PKG|tdc_tsw
10:23:16.0 (251276481)|ENTERING_MANAGED_PKG|tdc_tsw
10:23:16.0 (252638210)|ENTERING_MANAGED_PKG|tdc_tsw
10:23:16.0 (252925313)|ENTERING_MANAGED_PKG|tdc_tsw
10:23:16.0 (253909769)|ENTERING_MANAGED_PKG|tdc_tsw
10:23:16.0 (254364728)|SOQL_EXECUTE_BEGIN|[200]|Aggregations:0|SELECT Name, NamespacePrefix, SystemModStamp FROM StaticResource WHERE Name LIKE :tmpVar1 LIMIT 10
10:23:16.0 (257073489)|SOQL_EXECUTE_END|[200]|Rows:1
10:23:16.269 (269312538)|USER_INFO|[EXTERNAL]|0051H000009gxp8|chanida.dev2@solvedbysoftwareco.com|Eastern Standard Time|GMT-05:00
10:23:16.269 (271216374)|ENTERING_MANAGED_PKG|tdc_tsw
10:23:16.269 (271519043)|ENTERING_MANAGED_PKG|tdc_tsw
10:23:16.269 (274641468)|SOQL_EXECUTE_BEGIN|[355]|Aggregations:0|SELECT id, name, Disable_Incoming_SMS_Sharing__c FROM User WHERE id = :tmpVar1
10:23:16.269 (281644411)|SOQL_EXECUTE_END|[355]|Rows:1
10:23:16.269 (282867752)|SOQL_EXECUTE_BEGIN|[367]|Aggregations:0|SELECT CreatedDate,Id,LastModifiedDate,Related_Object_Id__c FROM Message__c WHERE Name = 'Incoming' AND Read__c = false ORDER BY CreatedDate Desc limit 100
10:23:16.269 (293883605)|SOQL_EXECUTE_END|[367]|Rows:100
