44.0 APEX_CODE,FINEST;APEX_PROFILING,INFO;CALLOUT,INFO;DB,INFO;NBA,INFO;SYSTEM,DEBUG;VALIDATION,INFO;VISUALFORCE,INFO;WAVE,INFO;WORKFLOW,INFO
23:05:15.0 (583413)|USER_INFO|[EXTERNAL]|0051H000009gxp8|chanida.dev2@solvedbysoftwareco.com|Eastern Standard Time|GMT-05:00
23:05:15.0 (2590445)|ENTERING_MANAGED_PKG|tdc_tsw
23:05:15.0 (3091281)|ENTERING_MANAGED_PKG|tdc_tsw
23:05:15.0 (7881295)|SOQL_EXECUTE_BEGIN|[16]|Aggregations:0|SELECT id, name, Disable_Incoming_SMS_Sharing__c FROM User WHERE id = :tmpVar1
23:05:15.0 (17856977)|SOQL_EXECUTE_END|[16]|Rows:1
23:05:15.0 (25600993)|SOQL_EXECUTE_BEGIN|[37]|Aggregations:0|SELECT CreatedDate,Created_Date__c,Id,LastModifiedDate,MessageId__c,Message_Text_New__c,Name,OwnerId,Read__c,Related_Object_Id__c,Related_Object__c,Sender_Number__c, Sender_Name__c,ToNumber__c,Attachments_Ids__c FROM Message__c WHERE Name = 'Incoming' AND Read__c = false ORDER BY CreatedDate Desc limit 100
23:05:15.0 (41406729)|SOQL_EXECUTE_END|[37]|Rows:100
23:05:15.0 (62080555)|ENTERING_MANAGED_PKG|tdc_tsw
23:05:15.0 (64401695)|ENTERING_MANAGED_PKG|tdc_tsw
23:05:15.0 (64992695)|ENTERING_MANAGED_PKG|tdc_tsw
23:05:15.0 (65765926)|ENTERING_MANAGED_PKG|tdc_tsw
23:05:15.0 (69050845)|ENTERING_MANAGED_PKG|tdc_tsw
23:05:15.0 (69947067)|ENTERING_MANAGED_PKG|tdc_tsw
23:05:15.0 (70217523)|ENTERING_MANAGED_PKG|tdc_tsw
23:05:15.0 (70667138)|ENTERING_MANAGED_PKG|tdc_tsw
23:05:15.0 (71855440)|ENTERING_MANAGED_PKG|tdc_tsw
23:05:15.0 (72730315)|ENTERING_MANAGED_PKG|tdc_tsw
23:05:15.0 (73006831)|ENTERING_MANAGED_PKG|tdc_tsw
23:05:15.0 (73438798)|ENTERING_MANAGED_PKG|tdc_tsw
23:05:15.0 (74659990)|ENTERING_MANAGED_PKG|tdc_tsw
23:05:15.0 (75825504)|ENTERING_MANAGED_PKG|tdc_tsw
23:05:15.0 (76269182)|ENTERING_MANAGED_PKG|tdc_tsw
23:05:15.0 (77097908)|ENTERING_MANAGED_PKG|tdc_tsw
23:05:15.0 (81349769)|ENTERING_MANAGED_PKG|tdc_tsw
23:05:15.0 (82995789)|ENTERING_MANAGED_PKG|tdc_tsw
23:05:15.0 (83488295)|ENTERING_MANAGED_PKG|tdc_tsw
23:05:15.0 (83962774)|ENTERING_MANAGED_PKG|tdc_tsw
23:05:15.0 (85451808)|ENTERING_MANAGED_PKG|tdc_tsw
23:05:15.0 (86309286)|ENTERING_MANAGED_PKG|tdc_tsw
23:05:15.0 (86593158)|ENTERING_MANAGED_PKG|tdc_tsw
23:05:15.0 (87028153)|ENTERING_MANAGED_PKG|tdc_tsw
23:05:15.0 (88227365)|ENTERING_MANAGED_PKG|tdc_tsw
23:05:15.0 (89084909)|ENTERING_MANAGED_PKG|tdc_tsw
23:05:15.0 (89377649)|ENTERING_MANAGED_PKG|tdc_tsw
23:05:15.0 (89805679)|ENTERING_MANAGED_PKG|tdc_tsw
23:05:15.0 (91005538)|ENTERING_MANAGED_PKG|tdc_tsw
23:05:15.0 (91849895)|ENTERING_MANAGED_PKG|tdc_tsw
23:05:15.0 (92136213)|ENTERING_MANAGED_PKG|tdc_tsw
23:05:15.0 (92557504)|ENTERING_MANAGED_PKG|tdc_tsw
23:05:15.0 (93751690)|ENTERING_MANAGED_PKG|tdc_tsw
23:05:15.0 (94673000)|ENTERING_MANAGED_PKG|tdc_tsw
23:05:15.0 (94960380)|ENTERING_MANAGED_PKG|tdc_tsw
23:05:15.0 (95416353)|ENTERING_MANAGED_PKG|tdc_tsw
23:05:15.0 (96581685)|ENTERING_MANAGED_PKG|tdc_tsw
23:05:15.0 (97410304)|ENTERING_MANAGED_PKG|tdc_tsw
23:05:15.0 (97665553)|ENTERING_MANAGED_PKG|tdc_tsw
23:05:15.0 (98112443)|ENTERING_MANAGED_PKG|tdc_tsw
23:05:15.0 (99420840)|ENTERING_MANAGED_PKG|tdc_tsw
23:05:15.0 (100362815)|ENTERING_MANAGED_PKG|tdc_tsw
23:05:15.0 (100631617)|ENTERING_MANAGED_PKG|tdc_tsw
23:05:15.0 (101078639)|ENTERING_MANAGED_PKG|tdc_tsw
23:05:15.0 (102376535)|ENTERING_MANAGED_PKG|tdc_tsw
23:05:15.0 (103267204)|ENTERING_MANAGED_PKG|tdc_tsw
23:05:15.0 (103506215)|ENTERING_MANAGED_PKG|tdc_tsw
23:05:15.0 (103993824)|ENTERING_MANAGED_PKG|tdc_tsw
23:05:15.0 (105151436)|ENTERING_MANAGED_PKG|tdc_tsw
23:05:15.0 (106088188)|ENTERING_MANAGED_PKG|tdc_tsw
23:05:15.0 (106369685)|ENTERING_MANAGED_PKG|tdc_tsw
23:05:15.0 (106790130)|ENTERING_MANAGED_PKG|tdc_tsw
23:05:15.0 (108015443)|ENTERING_MANAGED_PKG|tdc_tsw
23:05:15.0 (108843849)|ENTERING_MANAGED_PKG|tdc_tsw
23:05:15.0 (109127331)|ENTERING_MANAGED_PKG|tdc_tsw
23:05:15.0 (109631968)|ENTERING_MANAGED_PKG|tdc_tsw
23:05:15.0 (110813821)|ENTERING_MANAGED_PKG|tdc_tsw
23:05:15.0 (111611209)|ENTERING_MANAGED_PKG|tdc_tsw
23:05:15.0 (111845064)|ENTERING_MANAGED_PKG|tdc_tsw
23:05:15.0 (112246987)|ENTERING_MANAGED_PKG|tdc_tsw
23:05:15.0 (113310989)|ENTERING_MANAGED_PKG|tdc_tsw
23:05:15.0 (114088349)|ENTERING_MANAGED_PKG|tdc_tsw
23:05:15.0 (114320650)|ENTERING_MANAGED_PKG|tdc_tsw
23:05:15.0 (114753955)|ENTERING_MANAGED_PKG|tdc_tsw
23:05:15.0 (115927331)|ENTERING_MANAGED_PKG|tdc_tsw
23:05:15.0 (116759811)|ENTERING_MANAGED_PKG|tdc_tsw
23:05:15.0 (117017855)|ENTERING_MANAGED_PKG|tdc_tsw
23:05:15.0 (117776791)|ENTERING_MANAGED_PKG|tdc_tsw
23:05:15.0 (118869063)|ENTERING_MANAGED_PKG|tdc_tsw
23:05:15.0 (119648840)|ENTERING_MANAGED_PKG|tdc_tsw
23:05:15.0 (119879255)|ENTERING_MANAGED_PKG|tdc_tsw
23:05:15.0 (120283099)|ENTERING_MANAGED_PKG|tdc_tsw
23:05:15.0 (121410773)|ENTERING_MANAGED_PKG|tdc_tsw
23:05:15.0 (122277006)|ENTERING_MANAGED_PKG|tdc_tsw
23:05:15.0 (122517295)|ENTERING_MANAGED_PKG|tdc_tsw
23:05:15.0 (122968722)|ENTERING_MANAGED_PKG|tdc_tsw
23:05:15.0 (124209212)|ENTERING_MANAGED_PKG|tdc_tsw
23:05:15.0 (124960388)|ENTERING_MANAGED_PKG|tdc_tsw
23:05:15.0 (125197988)|ENTERING_MANAGED_PKG|tdc_tsw
23:05:15.0 (125575897)|ENTERING_MANAGED_PKG|tdc_tsw
23:05:15.0 (126681423)|ENTERING_MANAGED_PKG|tdc_tsw
23:05:15.0 (127520006)|ENTERING_MANAGED_PKG|tdc_tsw
23:05:15.0 (127775062)|ENTERING_MANAGED_PKG|tdc_tsw
23:05:15.0 (128216143)|ENTERING_MANAGED_PKG|tdc_tsw
23:05:15.0 (129414017)|ENTERING_MANAGED_PKG|tdc_tsw
23:05:15.0 (130237964)|ENTERING_MANAGED_PKG|tdc_tsw
23:05:15.0 (130477347)|ENTERING_MANAGED_PKG|tdc_tsw
23:05:15.0 (130953140)|ENTERING_MANAGED_PKG|tdc_tsw
23:05:15.0 (132161932)|ENTERING_MANAGED_PKG|tdc_tsw
23:05:15.0 (133035642)|ENTERING_MANAGED_PKG|tdc_tsw
23:05:15.0 (133299785)|ENTERING_MANAGED_PKG|tdc_tsw
23:05:15.0 (133729226)|ENTERING_MANAGED_PKG|tdc_tsw
23:05:15.0 (134945591)|ENTERING_MANAGED_PKG|tdc_tsw
23:05:15.0 (135810676)|ENTERING_MANAGED_PKG|tdc_tsw
23:05:15.0 (136056188)|ENTERING_MANAGED_PKG|tdc_tsw
23:05:15.0 (136531436)|ENTERING_MANAGED_PKG|tdc_tsw
23:05:15.0 (137684439)|ENTERING_MANAGED_PKG|tdc_tsw
23:05:15.0 (138524401)|ENTERING_MANAGED_PKG|tdc_tsw
23:05:15.0 (138796599)|ENTERING_MANAGED_PKG|tdc_tsw
23:05:15.0 (139234054)|ENTERING_MANAGED_PKG|tdc_tsw
23:05:15.0 (140470149)|ENTERING_MANAGED_PKG|tdc_tsw
23:05:15.0 (141284115)|ENTERING_MANAGED_PKG|tdc_tsw
23:05:15.0 (141544424)|ENTERING_MANAGED_PKG|tdc_tsw
23:05:15.0 (141978062)|ENTERING_MANAGED_PKG|tdc_tsw
23:05:15.0 (143159558)|ENTERING_MANAGED_PKG|tdc_tsw
23:05:15.0 (143956023)|ENTERING_MANAGED_PKG|tdc_tsw
23:05:15.0 (144189304)|ENTERING_MANAGED_PKG|tdc_tsw
23:05:15.0 (144571673)|ENTERING_MANAGED_PKG|tdc_tsw
23:05:15.0 (145623384)|ENTERING_MANAGED_PKG|tdc_tsw
23:05:15.0 (146399701)|ENTERING_MANAGED_PKG|tdc_tsw
23:05:15.0 (146624528)|ENTERING_MANAGED_PKG|tdc_tsw
23:05:15.0 (147032133)|ENTERING_MANAGED_PKG|tdc_tsw
23:05:15.0 (148155268)|ENTERING_MANAGED_PKG|tdc_tsw
23:05:15.0 (148999502)|ENTERING_MANAGED_PKG|tdc_tsw
23:05:15.0 (149230097)|ENTERING_MANAGED_PKG|tdc_tsw
23:05:15.0 (149655510)|ENTERING_MANAGED_PKG|tdc_tsw
23:05:15.0 (150877419)|ENTERING_MANAGED_PKG|tdc_tsw
23:05:15.0 (151726858)|ENTERING_MANAGED_PKG|tdc_tsw
23:05:15.0 (151951428)|ENTERING_MANAGED_PKG|tdc_tsw
23:05:15.0 (152440334)|ENTERING_MANAGED_PKG|tdc_tsw
23:05:15.0 (153604401)|ENTERING_MANAGED_PKG|tdc_tsw
23:05:15.0 (154446601)|ENTERING_MANAGED_PKG|tdc_tsw
23:05:15.0 (154682539)|ENTERING_MANAGED_PKG|tdc_tsw
23:05:15.0 (155113126)|ENTERING_MANAGED_PKG|tdc_tsw
23:05:15.0 (156314181)|ENTERING_MANAGED_PKG|tdc_tsw
23:05:15.0 (157135577)|ENTERING_MANAGED_PKG|tdc_tsw
23:05:15.0 (157403184)|ENTERING_MANAGED_PKG|tdc_tsw
23:05:15.0 (157829463)|ENTERING_MANAGED_PKG|tdc_tsw
23:05:15.0 (159023001)|ENTERING_MANAGED_PKG|tdc_tsw
23:05:15.0 (159837260)|ENTERING_MANAGED_PKG|tdc_tsw
23:05:15.0 (160086766)|ENTERING_MANAGED_PKG|tdc_tsw
23:05:15.0 (160531648)|ENTERING_MANAGED_PKG|tdc_tsw
23:05:15.0 (161666981)|ENTERING_MANAGED_PKG|tdc_tsw
23:05:15.0 (162507918)|ENTERING_MANAGED_PKG|tdc_tsw
23:05:15.0 (162777817)|ENTERING_MANAGED_PKG|tdc_tsw
23:05:15.0 (163192585)|ENTERING_MANAGED_PKG|tdc_tsw
23:05:15.0 (164334018)|ENTERING_MANAGED_PKG|tdc_tsw
23:05:15.0 (165118193)|ENTERING_MANAGED_PKG|tdc_tsw
23:05:15.0 (165338923)|ENTERING_MANAGED_PKG|tdc_tsw
23:05:15.0 (165737355)|ENTERING_MANAGED_PKG|tdc_tsw
23:05:15.0 (166790022)|ENTERING_MANAGED_PKG|tdc_tsw
23:05:15.0 (167556485)|ENTERING_MANAGED_PKG|tdc_tsw
23:05:15.0 (167792126)|ENTERING_MANAGED_PKG|tdc_tsw
23:05:15.0 (168194371)|ENTERING_MANAGED_PKG|tdc_tsw
23:05:15.0 (169324092)|ENTERING_MANAGED_PKG|tdc_tsw
23:05:15.0 (170142047)|ENTERING_MANAGED_PKG|tdc_tsw
23:05:15.0 (170414770)|ENTERING_MANAGED_PKG|tdc_tsw
23:05:15.0 (170837155)|ENTERING_MANAGED_PKG|tdc_tsw
23:05:15.0 (172034214)|ENTERING_MANAGED_PKG|tdc_tsw
23:05:15.0 (172849304)|ENTERING_MANAGED_PKG|tdc_tsw
23:05:15.0 (173100541)|ENTERING_MANAGED_PKG|tdc_tsw
23:05:15.0 (173560065)|ENTERING_MANAGED_PKG|tdc_tsw
23:05:15.0 (174673096)|ENTERING_MANAGED_PKG|tdc_tsw
23:05:15.0 (175454227)|ENTERING_MANAGED_PKG|tdc_tsw
23:05:15.0 (175677282)|ENTERING_MANAGED_PKG|tdc_tsw
23:05:15.0 (176109872)|ENTERING_MANAGED_PKG|tdc_tsw
23:05:15.0 (177261910)|ENTERING_MANAGED_PKG|tdc_tsw
23:05:15.0 (178099601)|ENTERING_MANAGED_PKG|tdc_tsw
23:05:15.0 (178376605)|ENTERING_MANAGED_PKG|tdc_tsw
23:05:15.0 (178833140)|ENTERING_MANAGED_PKG|tdc_tsw
23:05:15.0 (180015336)|ENTERING_MANAGED_PKG|tdc_tsw
23:05:15.0 (180899729)|ENTERING_MANAGED_PKG|tdc_tsw
23:05:15.0 (181149871)|ENTERING_MANAGED_PKG|tdc_tsw
23:05:15.0 (181580598)|ENTERING_MANAGED_PKG|tdc_tsw
23:05:15.0 (182769347)|ENTERING_MANAGED_PKG|tdc_tsw
23:05:15.0 (183650471)|ENTERING_MANAGED_PKG|tdc_tsw
23:05:15.0 (183875073)|ENTERING_MANAGED_PKG|tdc_tsw
23:05:15.0 (184407975)|ENTERING_MANAGED_PKG|tdc_tsw
23:05:15.0 (185624946)|ENTERING_MANAGED_PKG|tdc_tsw
23:05:15.0 (186416830)|ENTERING_MANAGED_PKG|tdc_tsw
23:05:15.0 (186645083)|ENTERING_MANAGED_PKG|tdc_tsw
23:05:15.0 (187060665)|ENTERING_MANAGED_PKG|tdc_tsw
23:05:15.0 (192352426)|ENTERING_MANAGED_PKG|tdc_tsw
23:05:15.0 (193260391)|ENTERING_MANAGED_PKG|tdc_tsw
23:05:15.0 (193349126)|ENTERING_MANAGED_PKG|tdc_tsw
23:05:15.0 (193925714)|SOQL_EXECUTE_BEGIN|[200]|Aggregations:0|SELECT Name, NamespacePrefix, SystemModStamp FROM StaticResource WHERE Name LIKE :tmpVar1 LIMIT 10
23:05:15.0 (196810642)|SOQL_EXECUTE_END|[200]|Rows:1
23:05:15.0 (197705261)|ENTERING_MANAGED_PKG|tdc_tsw
23:05:15.0 (198142852)|SOQL_EXECUTE_BEGIN|[200]|Aggregations:0|SELECT Name, NamespacePrefix, SystemModStamp FROM StaticResource WHERE Name LIKE :tmpVar1 LIMIT 10
23:05:15.0 (200461796)|SOQL_EXECUTE_END|[200]|Rows:1
23:05:15.0 (200870938)|ENTERING_MANAGED_PKG|tdc_tsw
23:05:15.0 (205455267)|ENTERING_MANAGED_PKG|tdc_tsw
23:05:15.0 (207114274)|ENTERING_MANAGED_PKG|tdc_tsw
23:05:15.0 (207440969)|ENTERING_MANAGED_PKG|tdc_tsw
23:05:15.0 (208471304)|ENTERING_MANAGED_PKG|tdc_tsw
23:05:15.0 (208882786)|SOQL_EXECUTE_BEGIN|[200]|Aggregations:0|SELECT Name, NamespacePrefix, SystemModStamp FROM StaticResource WHERE Name LIKE :tmpVar1 LIMIT 10
23:05:15.0 (211756846)|SOQL_EXECUTE_END|[200]|Rows:1
23:05:15.222 (222586332)|USER_INFO|[EXTERNAL]|0051H000009gxp8|chanida.dev2@solvedbysoftwareco.com|Eastern Standard Time|GMT-05:00
23:05:15.222 (224065427)|ENTERING_MANAGED_PKG|tdc_tsw
23:05:15.222 (224265211)|ENTERING_MANAGED_PKG|tdc_tsw
23:05:15.222 (227318107)|SOQL_EXECUTE_BEGIN|[355]|Aggregations:0|SELECT id, name, Disable_Incoming_SMS_Sharing__c FROM User WHERE id = :tmpVar1
23:05:15.222 (235686243)|SOQL_EXECUTE_END|[355]|Rows:1
23:05:15.222 (236844457)|SOQL_EXECUTE_BEGIN|[367]|Aggregations:0|SELECT CreatedDate,Id,LastModifiedDate,Related_Object_Id__c FROM Message__c WHERE Name = 'Incoming' AND Read__c = false ORDER BY CreatedDate Desc limit 100
23:05:15.222 (245106453)|SOQL_EXECUTE_END|[367]|Rows:100
