33.0 APEX_CODE,FINEST;APEX_PROFILING,INFO;CALLOUT,INFO;DB,INFO;NBA,INFO;SYSTEM,DEBUG;VALIDATION,INFO;VISUALFORCE,INFO;WAVE,INFO;WORKFLOW,INFO
20:42:22.1 (1590821)|ENTERING_MANAGED_PKG|tdc_tsw
20:42:22.4 (4599759)|CUMULATIVE_LIMIT_USAGE
20:42:22.4 (4599759)|LIMIT_USAGE_FOR_NS|(default)|
  Number of SOQL queries: 0 out of 100
  Number of query rows: 0 out of 50000
  Number of SOSL queries: 0 out of 20
  Number of DML statements: 0 out of 150
  Number of DML rows: 0 out of 10000
  Maximum CPU time: 0 out of 10000
  Maximum heap size: 0 out of 6000000
  Number of callouts: 0 out of 100
  Number of Email Invocations: 0 out of 10
  Number of future calls: 0 out of 50
  Number of queueable jobs added to the queue: 0 out of 50
  Number of Mobile Apex push calls: 0 out of 10

20:42:22.4 (4599759)|CUMULATIVE_LIMIT_USAGE_END

20:42:22.9 (9809879)|CODE_UNIT_STARTED|[EXTERNAL]|01q3B000000BQrG|SMS360BeforeInsert on Message trigger event BeforeInsert|__sfdc_trigger/SMS360BeforeInsert
20:42:22.9 (9878768)|HEAP_ALLOCATE|[EXTERNAL]|Bytes:8
20:42:22.9 (9927486)|HEAP_ALLOCATE|[EXTERNAL]|Bytes:4
20:42:22.9 (9954924)|VARIABLE_SCOPE_BEGIN|[5]|this|SMS360BeforeInsert|true|false
20:42:22.9 (10074350)|VARIABLE_ASSIGNMENT|[5]|this|{}|0x700a19b0
20:42:22.9 (10146121)|HEAP_ALLOCATE|[EXTERNAL]|Bytes:4
20:42:22.9 (10166630)|VARIABLE_SCOPE_BEGIN|[5]|this|SMS360BeforeInsert|true|false
20:42:22.9 (10214477)|VARIABLE_ASSIGNMENT|[5]|this|{}|0x700a19b0
20:42:22.9 (10237230)|STATEMENT_EXECUTE|[5]
20:42:22.9 (10263593)|STATEMENT_EXECUTE|[6]
20:42:22.9 (10687849)|HEAP_ALLOCATE|[7]|Bytes:5
20:42:22.9 (10735605)|HEAP_ALLOCATE|[7]|Bytes:4
20:42:22.9 (10767285)|VARIABLE_SCOPE_BEGIN|[7]|message|tdc_tsw__Message__c|true|false
20:42:22.9 (26585800)|VARIABLE_ASSIGNMENT|[7]|message|{"tdc_tsw__ToNumber__c":"3038816946","IsDeleted":false,"tdc_tsw__Incoming_Status__c":"Not Read","tdc_tsw__isCaseCreated__c":false,"tdc_tsw__Read__c":false,"tdc_tsw__Read_Status__c":"Unread","tdc_tsw__Task_Created__c":false,"Name":"Outgoing","tdc_tsw__Event_Created__c":false,"tdc_tsw__Message_Text_New__c":"Test","tdc_tsw__Is_Keyword_Based__c":false,"OwnerId":"0051H000009gxp8QAA","tdc_tsw__Related_Object_Id_URL__c":"_HL_ENCODED_https:// (61 more) ...","tdc_tsw__isLeadCreated__c":false,"tdc_tsw__SMS_Template__c":"a153B000000pO6jQAE","tdc_tsw__Delivered_SMS__c":"_IM1_/resource/tdc_t (27 more) ...","tdc_tsw__Important__c":false,"tdc_tsw__Delivered__c":false,"tdc_tsw__Delivery_Status__c":"Sent"}|0x2b1833a3
20:42:22.9 (26656562)|STATEMENT_EXECUTE|[7]
20:42:22.9 (26700321)|HEAP_ALLOCATE|[8]|Bytes:8
20:42:22.9 (26775742)|STATEMENT_EXECUTE|[8]
20:42:22.9 (26795375)|HEAP_ALLOCATE|[7]|Bytes:5
20:42:22.9 (26831502)|VARIABLE_ASSIGNMENT|[7]|message|null|
20:42:22.26 (26857015)|CUMULATIVE_LIMIT_USAGE
20:42:22.26 (26857015)|LIMIT_USAGE_FOR_NS|(default)|
  Number of SOQL queries: 0 out of 100
  Number of query rows: 0 out of 50000
  Number of SOSL queries: 0 out of 20
  Number of DML statements: 0 out of 150
  Number of DML rows: 0 out of 10000
  Maximum CPU time: 0 out of 10000
  Maximum heap size: 0 out of 6000000
  Number of callouts: 0 out of 100
  Number of Email Invocations: 0 out of 10
  Number of future calls: 0 out of 50
  Number of queueable jobs added to the queue: 0 out of 50
  Number of Mobile Apex push calls: 0 out of 10

20:42:22.26 (26857015)|CUMULATIVE_LIMIT_USAGE_END

20:42:22.1 (93709566)|ENTERING_MANAGED_PKG|tdc_tsw
20:42:22.1 (95327221)|ENTERING_MANAGED_PKG|tdc_tsw
20:42:22.1 (96020748)|ENTERING_MANAGED_PKG|tdc_tsw
20:42:22.1 (96231329)|ENTERING_MANAGED_PKG|tdc_tsw
20:42:22.1 (103728379)|SOQL_EXECUTE_BEGIN|[15]|Aggregations:0|SELECT Id, Email FROM User WHERE isActive = TRUE LIMIT 10000
20:42:22.1 (112196163)|SOQL_EXECUTE_END|[15]|Rows:9
20:42:22.1 (129118643)|ENTERING_MANAGED_PKG|tdc_tsw
20:42:22.1 (133404596)|SOQL_EXECUTE_BEGIN|[434]|Aggregations:0|SELECT id, name, First_Question__c, Question_Text__c, Question__c, Question_Label__c, Object__c, tdc_tsw__Survey__c, Survey__r.name FROM Question__c WHERE id = :tmpVar1
20:42:22.1 (137859557)|SOQL_EXECUTE_END|[434]|Rows:0
20:42:22.1 (138583834)|ENTERING_MANAGED_PKG|tdc_tsw
20:42:22.1 (139640597)|SOQL_EXECUTE_BEGIN|[628]|Aggregations:0|Select id, leadId, contactId from CampaignMember where Id In : Ids
20:42:22.1 (142322444)|SOQL_EXECUTE_END|[628]|Rows:0
20:42:22.142 (142930543)|CUMULATIVE_LIMIT_USAGE
20:42:22.142 (142930543)|LIMIT_USAGE_FOR_NS|(default)|
  Number of SOQL queries: 0 out of 100
  Number of query rows: 0 out of 50000
  Number of SOSL queries: 0 out of 20
  Number of DML statements: 0 out of 150
  Number of DML rows: 0 out of 10000
  Maximum CPU time: 0 out of 10000
  Maximum heap size: 0 out of 6000000
  Number of callouts: 0 out of 100
  Number of Email Invocations: 0 out of 10
  Number of future calls: 0 out of 50
  Number of queueable jobs added to the queue: 0 out of 50
  Number of Mobile Apex push calls: 0 out of 10

20:42:22.142 (142930543)|LIMIT_USAGE_FOR_NS|tdc_tsw|
  Number of SOQL queries: 3 out of 100
  Number of query rows: 9 out of 50000
  Number of SOSL queries: 0 out of 20
  Number of DML statements: 0 out of 150
  Number of DML rows: 0 out of 10000
  Maximum CPU time: 0 out of 10000
  Maximum heap size: 0 out of 6000000
  Number of callouts: 0 out of 100
  Number of Email Invocations: 0 out of 10
  Number of future calls: 0 out of 50
  Number of queueable jobs added to the queue: 0 out of 50
  Number of Mobile Apex push calls: 0 out of 10

20:42:22.142 (142930543)|CUMULATIVE_LIMIT_USAGE_END

20:42:22.148 (148577126)|CODE_UNIT_STARTED|[EXTERNAL]|Workflow:01I1H000002TaFt
20:42:22.148 (163519155)|WF_RULE_EVAL_BEGIN|Workflow
20:42:22.148 (163563340)|WF_CRITERIA_BEGIN|[SMS History: Outgoing a173B000000saEB]|SMS_History_Master_Updater_Process3011H000000cFZw|01Q3B0000002YYM|ON_CREATE_ONLY|0
20:42:22.148 (163705748)|WF_FORMULA|Formula:ENCODED:[treatNullAsNull]true|Values:
20:42:22.148 (163719540)|WF_CRITERIA_END|true
20:42:22.148 (178592298)|WF_SPOOL_ACTION_BEGIN|Workflow
20:42:22.148 (178668764)|WF_ACTION| Flow Trigger: 1;
20:42:22.148 (178685065)|WF_RULE_EVAL_END
20:42:22.148 (190366588)|WF_FLOW_ACTION_BEGIN|09L3B0000009Hpc
20:42:22.148 (201464885)|WF_FLOW_ACTION_END|09L3B0000009Hpc
20:42:22.148 (201583052)|WF_ACTIONS_END| Flow Trigger: 1;
