44.0 APEX_CODE,FINEST;APEX_PROFILING,INFO;CALLOUT,INFO;DB,INFO;NBA,INFO;SYSTEM,DEBUG;VALIDATION,INFO;VISUALFORCE,INFO;WAVE,INFO;WORKFLOW,INFO
10:42:14.0 (150709)|USER_INFO|[EXTERNAL]|0051H000009gxp8|chanida.dev2@solvedbysoftwareco.com|Eastern Standard Time|GMT-05:00
10:42:14.0 (1779450)|ENTERING_MANAGED_PKG|tdc_tsw
10:42:14.0 (2206855)|ENTERING_MANAGED_PKG|tdc_tsw
10:42:14.0 (6317210)|SOQL_EXECUTE_BEGIN|[16]|Aggregations:0|SELECT id, name, Disable_Incoming_SMS_Sharing__c FROM User WHERE id = :tmpVar1
10:42:14.0 (14792193)|SOQL_EXECUTE_END|[16]|Rows:1
10:42:14.0 (20970276)|SOQL_EXECUTE_BEGIN|[37]|Aggregations:0|SELECT CreatedDate,Created_Date__c,Id,LastModifiedDate,MessageId__c,Message_Text_New__c,Name,OwnerId,Read__c,Related_Object_Id__c,Related_Object__c,Sender_Number__c, Sender_Name__c,ToNumber__c,Attachments_Ids__c FROM Message__c WHERE Name = 'Incoming' AND Read__c = false ORDER BY CreatedDate Desc limit 100
10:42:14.0 (41061285)|SOQL_EXECUTE_END|[37]|Rows:100
10:42:14.0 (59068533)|ENTERING_MANAGED_PKG|tdc_tsw
10:42:14.0 (60883113)|ENTERING_MANAGED_PKG|tdc_tsw
10:42:14.0 (61388999)|ENTERING_MANAGED_PKG|tdc_tsw
10:42:14.0 (62111552)|ENTERING_MANAGED_PKG|tdc_tsw
10:42:14.0 (65025615)|ENTERING_MANAGED_PKG|tdc_tsw
10:42:14.0 (65846767)|ENTERING_MANAGED_PKG|tdc_tsw
10:42:14.0 (66087631)|ENTERING_MANAGED_PKG|tdc_tsw
10:42:14.0 (66507117)|ENTERING_MANAGED_PKG|tdc_tsw
10:42:14.0 (67629122)|ENTERING_MANAGED_PKG|tdc_tsw
10:42:14.0 (68381276)|ENTERING_MANAGED_PKG|tdc_tsw
10:42:14.0 (68615259)|ENTERING_MANAGED_PKG|tdc_tsw
10:42:14.0 (69001250)|ENTERING_MANAGED_PKG|tdc_tsw
10:42:14.0 (70098628)|ENTERING_MANAGED_PKG|tdc_tsw
10:42:14.0 (70838767)|ENTERING_MANAGED_PKG|tdc_tsw
10:42:14.0 (71070022)|ENTERING_MANAGED_PKG|tdc_tsw
10:42:14.0 (71464221)|ENTERING_MANAGED_PKG|tdc_tsw
10:42:14.0 (72537187)|ENTERING_MANAGED_PKG|tdc_tsw
10:42:14.0 (73292181)|ENTERING_MANAGED_PKG|tdc_tsw
10:42:14.0 (73525227)|ENTERING_MANAGED_PKG|tdc_tsw
10:42:14.0 (73912298)|ENTERING_MANAGED_PKG|tdc_tsw
10:42:14.0 (74985906)|ENTERING_MANAGED_PKG|tdc_tsw
10:42:14.0 (75720725)|ENTERING_MANAGED_PKG|tdc_tsw
10:42:14.0 (75951415)|ENTERING_MANAGED_PKG|tdc_tsw
10:42:14.0 (76345269)|ENTERING_MANAGED_PKG|tdc_tsw
10:42:14.0 (77410116)|ENTERING_MANAGED_PKG|tdc_tsw
10:42:14.0 (78134483)|ENTERING_MANAGED_PKG|tdc_tsw
10:42:14.0 (78379203)|ENTERING_MANAGED_PKG|tdc_tsw
10:42:14.0 (78764926)|ENTERING_MANAGED_PKG|tdc_tsw
10:42:14.0 (79830773)|ENTERING_MANAGED_PKG|tdc_tsw
10:42:14.0 (80583197)|ENTERING_MANAGED_PKG|tdc_tsw
10:42:14.0 (80814185)|ENTERING_MANAGED_PKG|tdc_tsw
10:42:14.0 (81203461)|ENTERING_MANAGED_PKG|tdc_tsw
10:42:14.0 (82274975)|ENTERING_MANAGED_PKG|tdc_tsw
10:42:14.0 (83002210)|ENTERING_MANAGED_PKG|tdc_tsw
10:42:14.0 (83239399)|ENTERING_MANAGED_PKG|tdc_tsw
10:42:14.0 (83623943)|ENTERING_MANAGED_PKG|tdc_tsw
10:42:14.0 (85006189)|ENTERING_MANAGED_PKG|tdc_tsw
10:42:14.0 (85745524)|ENTERING_MANAGED_PKG|tdc_tsw
10:42:14.0 (85975241)|ENTERING_MANAGED_PKG|tdc_tsw
10:42:14.0 (86382037)|ENTERING_MANAGED_PKG|tdc_tsw
10:42:14.0 (87464073)|ENTERING_MANAGED_PKG|tdc_tsw
10:42:14.0 (88226786)|ENTERING_MANAGED_PKG|tdc_tsw
10:42:14.0 (88492253)|ENTERING_MANAGED_PKG|tdc_tsw
10:42:14.0 (88879226)|ENTERING_MANAGED_PKG|tdc_tsw
10:42:14.0 (89970237)|ENTERING_MANAGED_PKG|tdc_tsw
10:42:14.0 (90711525)|ENTERING_MANAGED_PKG|tdc_tsw
10:42:14.0 (90944328)|ENTERING_MANAGED_PKG|tdc_tsw
10:42:14.0 (91340263)|ENTERING_MANAGED_PKG|tdc_tsw
10:42:14.0 (92408987)|ENTERING_MANAGED_PKG|tdc_tsw
10:42:14.0 (93132441)|ENTERING_MANAGED_PKG|tdc_tsw
10:42:14.0 (93370063)|ENTERING_MANAGED_PKG|tdc_tsw
10:42:14.0 (93755280)|ENTERING_MANAGED_PKG|tdc_tsw
10:42:14.0 (94829020)|ENTERING_MANAGED_PKG|tdc_tsw
10:42:14.0 (95561002)|ENTERING_MANAGED_PKG|tdc_tsw
10:42:14.0 (95800018)|ENTERING_MANAGED_PKG|tdc_tsw
10:42:14.0 (96186777)|ENTERING_MANAGED_PKG|tdc_tsw
10:42:14.0 (97273469)|ENTERING_MANAGED_PKG|tdc_tsw
10:42:14.0 (97996877)|ENTERING_MANAGED_PKG|tdc_tsw
10:42:14.0 (98234865)|ENTERING_MANAGED_PKG|tdc_tsw
10:42:14.0 (98621812)|ENTERING_MANAGED_PKG|tdc_tsw
10:42:14.0 (99692329)|ENTERING_MANAGED_PKG|tdc_tsw
10:42:14.0 (100437552)|ENTERING_MANAGED_PKG|tdc_tsw
10:42:14.0 (100669595)|ENTERING_MANAGED_PKG|tdc_tsw
10:42:14.0 (101053048)|ENTERING_MANAGED_PKG|tdc_tsw
10:42:14.0 (102120004)|ENTERING_MANAGED_PKG|tdc_tsw
10:42:14.0 (102848085)|ENTERING_MANAGED_PKG|tdc_tsw
10:42:14.0 (103078848)|ENTERING_MANAGED_PKG|tdc_tsw
10:42:14.0 (103473331)|ENTERING_MANAGED_PKG|tdc_tsw
10:42:14.0 (104546453)|ENTERING_MANAGED_PKG|tdc_tsw
10:42:14.0 (105305708)|ENTERING_MANAGED_PKG|tdc_tsw
10:42:14.0 (105538918)|ENTERING_MANAGED_PKG|tdc_tsw
10:42:14.0 (105925254)|ENTERING_MANAGED_PKG|tdc_tsw
10:42:14.0 (107000590)|ENTERING_MANAGED_PKG|tdc_tsw
10:42:14.0 (107773343)|ENTERING_MANAGED_PKG|tdc_tsw
10:42:14.0 (108005304)|ENTERING_MANAGED_PKG|tdc_tsw
10:42:14.0 (108404553)|ENTERING_MANAGED_PKG|tdc_tsw
10:42:14.0 (109501121)|ENTERING_MANAGED_PKG|tdc_tsw
10:42:14.0 (110231227)|ENTERING_MANAGED_PKG|tdc_tsw
10:42:14.0 (110463093)|ENTERING_MANAGED_PKG|tdc_tsw
10:42:14.0 (110859030)|ENTERING_MANAGED_PKG|tdc_tsw
10:42:14.0 (111926217)|ENTERING_MANAGED_PKG|tdc_tsw
10:42:14.0 (112707950)|ENTERING_MANAGED_PKG|tdc_tsw
10:42:14.0 (112939513)|ENTERING_MANAGED_PKG|tdc_tsw
10:42:14.0 (113333124)|ENTERING_MANAGED_PKG|tdc_tsw
10:42:14.0 (114403402)|ENTERING_MANAGED_PKG|tdc_tsw
10:42:14.0 (115123822)|ENTERING_MANAGED_PKG|tdc_tsw
10:42:14.0 (115361339)|ENTERING_MANAGED_PKG|tdc_tsw
10:42:14.0 (115744325)|ENTERING_MANAGED_PKG|tdc_tsw
10:42:14.0 (116817116)|ENTERING_MANAGED_PKG|tdc_tsw
10:42:14.0 (117568393)|ENTERING_MANAGED_PKG|tdc_tsw
10:42:14.0 (117799123)|ENTERING_MANAGED_PKG|tdc_tsw
10:42:14.0 (118182723)|ENTERING_MANAGED_PKG|tdc_tsw
10:42:14.0 (119273646)|ENTERING_MANAGED_PKG|tdc_tsw
10:42:14.0 (119992490)|ENTERING_MANAGED_PKG|tdc_tsw
10:42:14.0 (120229156)|ENTERING_MANAGED_PKG|tdc_tsw
10:42:14.0 (120613547)|ENTERING_MANAGED_PKG|tdc_tsw
10:42:14.0 (121686746)|ENTERING_MANAGED_PKG|tdc_tsw
10:42:14.0 (122413856)|ENTERING_MANAGED_PKG|tdc_tsw
10:42:14.0 (122645250)|ENTERING_MANAGED_PKG|tdc_tsw
10:42:14.0 (123035005)|ENTERING_MANAGED_PKG|tdc_tsw
10:42:14.0 (124122824)|ENTERING_MANAGED_PKG|tdc_tsw
10:42:14.0 (124856169)|ENTERING_MANAGED_PKG|tdc_tsw
10:42:14.0 (125086309)|ENTERING_MANAGED_PKG|tdc_tsw
10:42:14.0 (125494484)|ENTERING_MANAGED_PKG|tdc_tsw
10:42:14.0 (126567769)|ENTERING_MANAGED_PKG|tdc_tsw
10:42:14.0 (127299130)|ENTERING_MANAGED_PKG|tdc_tsw
10:42:14.0 (127530099)|ENTERING_MANAGED_PKG|tdc_tsw
10:42:14.0 (127912119)|ENTERING_MANAGED_PKG|tdc_tsw
10:42:14.0 (128977644)|ENTERING_MANAGED_PKG|tdc_tsw
10:42:14.0 (129707077)|ENTERING_MANAGED_PKG|tdc_tsw
10:42:14.0 (129938277)|ENTERING_MANAGED_PKG|tdc_tsw
10:42:14.0 (130330903)|ENTERING_MANAGED_PKG|tdc_tsw
10:42:14.0 (131400039)|ENTERING_MANAGED_PKG|tdc_tsw
10:42:14.0 (132129042)|ENTERING_MANAGED_PKG|tdc_tsw
10:42:14.0 (132367575)|ENTERING_MANAGED_PKG|tdc_tsw
10:42:14.0 (132751669)|ENTERING_MANAGED_PKG|tdc_tsw
10:42:14.0 (133815986)|ENTERING_MANAGED_PKG|tdc_tsw
10:42:14.0 (134546588)|ENTERING_MANAGED_PKG|tdc_tsw
10:42:14.0 (134779581)|ENTERING_MANAGED_PKG|tdc_tsw
10:42:14.0 (135162679)|ENTERING_MANAGED_PKG|tdc_tsw
10:42:14.0 (136261657)|ENTERING_MANAGED_PKG|tdc_tsw
10:42:14.0 (136983040)|ENTERING_MANAGED_PKG|tdc_tsw
10:42:14.0 (137230240)|ENTERING_MANAGED_PKG|tdc_tsw
10:42:14.0 (137613026)|ENTERING_MANAGED_PKG|tdc_tsw
10:42:14.0 (138727017)|ENTERING_MANAGED_PKG|tdc_tsw
10:42:14.0 (139478845)|ENTERING_MANAGED_PKG|tdc_tsw
10:42:14.0 (139709865)|ENTERING_MANAGED_PKG|tdc_tsw
10:42:14.0 (140093754)|ENTERING_MANAGED_PKG|tdc_tsw
10:42:14.0 (141162525)|ENTERING_MANAGED_PKG|tdc_tsw
10:42:14.0 (141890644)|ENTERING_MANAGED_PKG|tdc_tsw
10:42:14.0 (142119961)|ENTERING_MANAGED_PKG|tdc_tsw
10:42:14.0 (142517340)|ENTERING_MANAGED_PKG|tdc_tsw
10:42:14.0 (143581352)|ENTERING_MANAGED_PKG|tdc_tsw
10:42:14.0 (144312895)|ENTERING_MANAGED_PKG|tdc_tsw
10:42:14.0 (144544682)|ENTERING_MANAGED_PKG|tdc_tsw
10:42:14.0 (144928346)|ENTERING_MANAGED_PKG|tdc_tsw
10:42:14.0 (145991744)|ENTERING_MANAGED_PKG|tdc_tsw
10:42:14.0 (146717155)|ENTERING_MANAGED_PKG|tdc_tsw
10:42:14.0 (146947367)|ENTERING_MANAGED_PKG|tdc_tsw
10:42:14.0 (147340853)|ENTERING_MANAGED_PKG|tdc_tsw
10:42:14.0 (148413321)|ENTERING_MANAGED_PKG|tdc_tsw
10:42:14.0 (149139132)|ENTERING_MANAGED_PKG|tdc_tsw
10:42:14.0 (149377431)|ENTERING_MANAGED_PKG|tdc_tsw
10:42:14.0 (149762269)|ENTERING_MANAGED_PKG|tdc_tsw
10:42:14.0 (150834849)|ENTERING_MANAGED_PKG|tdc_tsw
10:42:14.0 (151564452)|ENTERING_MANAGED_PKG|tdc_tsw
10:42:14.0 (151795489)|ENTERING_MANAGED_PKG|tdc_tsw
10:42:14.0 (152179021)|ENTERING_MANAGED_PKG|tdc_tsw
10:42:14.0 (153257163)|ENTERING_MANAGED_PKG|tdc_tsw
10:42:14.0 (153981505)|ENTERING_MANAGED_PKG|tdc_tsw
10:42:14.0 (154217367)|ENTERING_MANAGED_PKG|tdc_tsw
10:42:14.0 (154602918)|ENTERING_MANAGED_PKG|tdc_tsw
10:42:14.0 (155668026)|ENTERING_MANAGED_PKG|tdc_tsw
10:42:14.0 (156405065)|ENTERING_MANAGED_PKG|tdc_tsw
10:42:14.0 (156635932)|ENTERING_MANAGED_PKG|tdc_tsw
10:42:14.0 (157027741)|ENTERING_MANAGED_PKG|tdc_tsw
10:42:14.0 (158094984)|ENTERING_MANAGED_PKG|tdc_tsw
10:42:14.0 (158830565)|ENTERING_MANAGED_PKG|tdc_tsw
10:42:14.0 (159060313)|ENTERING_MANAGED_PKG|tdc_tsw
10:42:14.0 (159471712)|ENTERING_MANAGED_PKG|tdc_tsw
10:42:14.0 (160541575)|ENTERING_MANAGED_PKG|tdc_tsw
10:42:14.0 (161283806)|ENTERING_MANAGED_PKG|tdc_tsw
10:42:14.0 (161515512)|ENTERING_MANAGED_PKG|tdc_tsw
10:42:14.0 (161900922)|ENTERING_MANAGED_PKG|tdc_tsw
10:42:14.0 (162971783)|ENTERING_MANAGED_PKG|tdc_tsw
10:42:14.0 (163712005)|ENTERING_MANAGED_PKG|tdc_tsw
10:42:14.0 (163943611)|ENTERING_MANAGED_PKG|tdc_tsw
10:42:14.0 (164406052)|ENTERING_MANAGED_PKG|tdc_tsw
10:42:14.0 (165472405)|ENTERING_MANAGED_PKG|tdc_tsw
10:42:14.0 (166200803)|ENTERING_MANAGED_PKG|tdc_tsw
10:42:14.0 (166432900)|ENTERING_MANAGED_PKG|tdc_tsw
10:42:14.0 (166816322)|ENTERING_MANAGED_PKG|tdc_tsw
10:42:14.0 (167884232)|ENTERING_MANAGED_PKG|tdc_tsw
10:42:14.0 (168614388)|ENTERING_MANAGED_PKG|tdc_tsw
10:42:14.0 (168845632)|ENTERING_MANAGED_PKG|tdc_tsw
10:42:14.0 (169244068)|ENTERING_MANAGED_PKG|tdc_tsw
10:42:14.0 (170310712)|ENTERING_MANAGED_PKG|tdc_tsw
10:42:14.0 (171033327)|ENTERING_MANAGED_PKG|tdc_tsw
10:42:14.0 (171273585)|ENTERING_MANAGED_PKG|tdc_tsw
10:42:14.0 (171656779)|ENTERING_MANAGED_PKG|tdc_tsw
10:42:14.0 (172725730)|ENTERING_MANAGED_PKG|tdc_tsw
10:42:14.0 (173471436)|ENTERING_MANAGED_PKG|tdc_tsw
10:42:14.0 (173702028)|ENTERING_MANAGED_PKG|tdc_tsw
10:42:14.0 (174086247)|ENTERING_MANAGED_PKG|tdc_tsw
10:42:14.0 (175160586)|ENTERING_MANAGED_PKG|tdc_tsw
10:42:14.0 (175885590)|ENTERING_MANAGED_PKG|tdc_tsw
10:42:14.0 (176116972)|ENTERING_MANAGED_PKG|tdc_tsw
10:42:14.0 (176510659)|ENTERING_MANAGED_PKG|tdc_tsw
10:42:14.0 (177574922)|ENTERING_MANAGED_PKG|tdc_tsw
10:42:14.0 (178305988)|ENTERING_MANAGED_PKG|tdc_tsw
10:42:14.0 (178536441)|ENTERING_MANAGED_PKG|tdc_tsw
10:42:14.0 (178919381)|ENTERING_MANAGED_PKG|tdc_tsw
10:42:14.0 (179992418)|ENTERING_MANAGED_PKG|tdc_tsw
10:42:14.0 (180719925)|ENTERING_MANAGED_PKG|tdc_tsw
10:42:14.0 (180950016)|ENTERING_MANAGED_PKG|tdc_tsw
10:42:14.0 (181345656)|ENTERING_MANAGED_PKG|tdc_tsw
10:42:14.0 (182406529)|ENTERING_MANAGED_PKG|tdc_tsw
10:42:14.0 (183127611)|ENTERING_MANAGED_PKG|tdc_tsw
10:42:14.0 (183364129)|ENTERING_MANAGED_PKG|tdc_tsw
10:42:14.0 (183747163)|ENTERING_MANAGED_PKG|tdc_tsw
10:42:14.0 (184817970)|ENTERING_MANAGED_PKG|tdc_tsw
10:42:14.0 (185543883)|ENTERING_MANAGED_PKG|tdc_tsw
10:42:14.0 (185774691)|ENTERING_MANAGED_PKG|tdc_tsw
10:42:14.0 (186158865)|ENTERING_MANAGED_PKG|tdc_tsw
10:42:14.0 (187250310)|ENTERING_MANAGED_PKG|tdc_tsw
10:42:14.0 (187971824)|ENTERING_MANAGED_PKG|tdc_tsw
10:42:14.0 (188206354)|ENTERING_MANAGED_PKG|tdc_tsw
10:42:14.0 (188592802)|ENTERING_MANAGED_PKG|tdc_tsw
10:42:14.0 (189659482)|ENTERING_MANAGED_PKG|tdc_tsw
10:42:14.0 (190389952)|ENTERING_MANAGED_PKG|tdc_tsw
10:42:14.0 (190620291)|ENTERING_MANAGED_PKG|tdc_tsw
10:42:14.0 (191004193)|ENTERING_MANAGED_PKG|tdc_tsw
10:42:14.0 (192092559)|ENTERING_MANAGED_PKG|tdc_tsw
10:42:14.0 (192839057)|ENTERING_MANAGED_PKG|tdc_tsw
10:42:14.0 (193069155)|ENTERING_MANAGED_PKG|tdc_tsw
10:42:14.0 (193461493)|ENTERING_MANAGED_PKG|tdc_tsw
10:42:14.0 (194531230)|ENTERING_MANAGED_PKG|tdc_tsw
10:42:14.0 (195258985)|ENTERING_MANAGED_PKG|tdc_tsw
10:42:14.0 (195496916)|ENTERING_MANAGED_PKG|tdc_tsw
10:42:14.0 (195883158)|ENTERING_MANAGED_PKG|tdc_tsw
10:42:14.0 (196972603)|ENTERING_MANAGED_PKG|tdc_tsw
10:42:14.0 (197700733)|ENTERING_MANAGED_PKG|tdc_tsw
10:42:14.0 (197931037)|ENTERING_MANAGED_PKG|tdc_tsw
10:42:14.0 (198326042)|ENTERING_MANAGED_PKG|tdc_tsw
10:42:14.0 (199393593)|ENTERING_MANAGED_PKG|tdc_tsw
10:42:14.0 (200113207)|ENTERING_MANAGED_PKG|tdc_tsw
10:42:14.0 (200354029)|ENTERING_MANAGED_PKG|tdc_tsw
10:42:14.0 (200746851)|ENTERING_MANAGED_PKG|tdc_tsw
10:42:14.0 (201812258)|ENTERING_MANAGED_PKG|tdc_tsw
10:42:14.0 (202545252)|ENTERING_MANAGED_PKG|tdc_tsw
10:42:14.0 (202753144)|ENTERING_MANAGED_PKG|tdc_tsw
10:42:14.0 (203137787)|ENTERING_MANAGED_PKG|tdc_tsw
10:42:14.0 (204217180)|ENTERING_MANAGED_PKG|tdc_tsw
10:42:14.0 (204944198)|ENTERING_MANAGED_PKG|tdc_tsw
10:42:14.0 (205173376)|ENTERING_MANAGED_PKG|tdc_tsw
10:42:14.0 (205566759)|ENTERING_MANAGED_PKG|tdc_tsw
10:42:14.0 (206799654)|ENTERING_MANAGED_PKG|tdc_tsw
10:42:14.0 (207629926)|ENTERING_MANAGED_PKG|tdc_tsw
10:42:14.0 (207708334)|ENTERING_MANAGED_PKG|tdc_tsw
10:42:14.0 (211837726)|SOQL_EXECUTE_BEGIN|[200]|Aggregations:0|SELECT Name, NamespacePrefix, SystemModStamp FROM StaticResource WHERE Name LIKE :tmpVar1 LIMIT 10
10:42:14.0 (215190080)|SOQL_EXECUTE_END|[200]|Rows:1
10:42:14.0 (215976543)|ENTERING_MANAGED_PKG|tdc_tsw
10:42:14.0 (216389508)|SOQL_EXECUTE_BEGIN|[200]|Aggregations:0|SELECT Name, NamespacePrefix, SystemModStamp FROM StaticResource WHERE Name LIKE :tmpVar1 LIMIT 10
10:42:14.0 (218515465)|SOQL_EXECUTE_END|[200]|Rows:1
10:42:14.0 (218902362)|ENTERING_MANAGED_PKG|tdc_tsw
10:42:14.0 (221872901)|ENTERING_MANAGED_PKG|tdc_tsw
10:42:14.0 (223466812)|ENTERING_MANAGED_PKG|tdc_tsw
10:42:14.0 (223724082)|ENTERING_MANAGED_PKG|tdc_tsw
10:42:14.0 (224575841)|ENTERING_MANAGED_PKG|tdc_tsw
10:42:14.0 (225022958)|SOQL_EXECUTE_BEGIN|[200]|Aggregations:0|SELECT Name, NamespacePrefix, SystemModStamp FROM StaticResource WHERE Name LIKE :tmpVar1 LIMIT 10
10:42:14.0 (227690111)|SOQL_EXECUTE_END|[200]|Rows:1
10:42:14.238 (238106518)|USER_INFO|[EXTERNAL]|0051H000009gxp8|chanida.dev2@solvedbysoftwareco.com|Eastern Standard Time|GMT-05:00
10:42:14.238 (239471837)|ENTERING_MANAGED_PKG|tdc_tsw
10:42:14.238 (239682485)|ENTERING_MANAGED_PKG|tdc_tsw
10:42:14.238 (242139905)|SOQL_EXECUTE_BEGIN|[355]|Aggregations:0|SELECT id, name, Disable_Incoming_SMS_Sharing__c FROM User WHERE id = :tmpVar1
10:42:14.238 (248437441)|SOQL_EXECUTE_END|[355]|Rows:1
10:42:14.238 (249462340)|SOQL_EXECUTE_BEGIN|[367]|Aggregations:0|SELECT CreatedDate,Id,LastModifiedDate,Related_Object_Id__c FROM Message__c WHERE Name = 'Incoming' AND Read__c = false ORDER BY CreatedDate Desc limit 100
10:42:14.238 (257752408)|SOQL_EXECUTE_END|[367]|Rows:100
