44.0 APEX_CODE,FINEST;APEX_PROFILING,INFO;CALLOUT,INFO;DB,INFO;NBA,INFO;SYSTEM,DEBUG;VALIDATION,INFO;VISUALFORCE,INFO;WAVE,INFO;WORKFLOW,INFO
23:52:41.0 (451616)|USER_INFO|[EXTERNAL]|0051H000009gxp8|chanida.dev2@solvedbysoftwareco.com|Eastern Standard Time|GMT-05:00
23:52:41.0 (2571601)|ENTERING_MANAGED_PKG|tdc_tsw
23:52:41.0 (3004851)|ENTERING_MANAGED_PKG|tdc_tsw
23:52:41.0 (7761795)|SOQL_EXECUTE_BEGIN|[16]|Aggregations:0|SELECT id, name, Disable_Incoming_SMS_Sharing__c FROM User WHERE id = :tmpVar1
23:52:41.0 (15962036)|SOQL_EXECUTE_END|[16]|Rows:1
23:52:41.0 (23505937)|SOQL_EXECUTE_BEGIN|[37]|Aggregations:0|SELECT CreatedDate,Created_Date__c,Id,LastModifiedDate,MessageId__c,Message_Text_New__c,Name,OwnerId,Read__c,Related_Object_Id__c,Related_Object__c,Sender_Number__c, Sender_Name__c,ToNumber__c,Attachments_Ids__c FROM Message__c WHERE Name = 'Incoming' AND Read__c = false ORDER BY CreatedDate Desc limit 100
23:52:41.0 (40010232)|SOQL_EXECUTE_END|[37]|Rows:100
23:52:41.0 (57707945)|ENTERING_MANAGED_PKG|tdc_tsw
23:52:41.0 (59558049)|ENTERING_MANAGED_PKG|tdc_tsw
23:52:41.0 (60047478)|ENTERING_MANAGED_PKG|tdc_tsw
23:52:41.0 (60744973)|ENTERING_MANAGED_PKG|tdc_tsw
23:52:41.0 (63510762)|ENTERING_MANAGED_PKG|tdc_tsw
23:52:41.0 (64361234)|ENTERING_MANAGED_PKG|tdc_tsw
23:52:41.0 (64634383)|ENTERING_MANAGED_PKG|tdc_tsw
23:52:41.0 (65116289)|ENTERING_MANAGED_PKG|tdc_tsw
23:52:41.0 (66230066)|ENTERING_MANAGED_PKG|tdc_tsw
23:52:41.0 (67006653)|ENTERING_MANAGED_PKG|tdc_tsw
23:52:41.0 (67238917)|ENTERING_MANAGED_PKG|tdc_tsw
23:52:41.0 (67638061)|ENTERING_MANAGED_PKG|tdc_tsw
23:52:41.0 (68743488)|ENTERING_MANAGED_PKG|tdc_tsw
23:52:41.0 (69513467)|ENTERING_MANAGED_PKG|tdc_tsw
23:52:41.0 (69746858)|ENTERING_MANAGED_PKG|tdc_tsw
23:52:41.0 (70154835)|ENTERING_MANAGED_PKG|tdc_tsw
23:52:41.0 (71250120)|ENTERING_MANAGED_PKG|tdc_tsw
23:52:41.0 (72024076)|ENTERING_MANAGED_PKG|tdc_tsw
23:52:41.0 (72256791)|ENTERING_MANAGED_PKG|tdc_tsw
23:52:41.0 (72652502)|ENTERING_MANAGED_PKG|tdc_tsw
23:52:41.0 (73741207)|ENTERING_MANAGED_PKG|tdc_tsw
23:52:41.0 (74755070)|ENTERING_MANAGED_PKG|tdc_tsw
23:52:41.0 (75116092)|ENTERING_MANAGED_PKG|tdc_tsw
23:52:41.0 (75547750)|ENTERING_MANAGED_PKG|tdc_tsw
23:52:41.0 (76655846)|ENTERING_MANAGED_PKG|tdc_tsw
23:52:41.0 (77457100)|ENTERING_MANAGED_PKG|tdc_tsw
23:52:41.0 (77691398)|ENTERING_MANAGED_PKG|tdc_tsw
23:52:41.0 (78100367)|ENTERING_MANAGED_PKG|tdc_tsw
23:52:41.0 (79207362)|ENTERING_MANAGED_PKG|tdc_tsw
23:52:41.0 (79977802)|ENTERING_MANAGED_PKG|tdc_tsw
23:52:41.0 (80210462)|ENTERING_MANAGED_PKG|tdc_tsw
23:52:41.0 (80606608)|ENTERING_MANAGED_PKG|tdc_tsw
23:52:41.0 (81720676)|ENTERING_MANAGED_PKG|tdc_tsw
23:52:41.0 (82515799)|ENTERING_MANAGED_PKG|tdc_tsw
23:52:41.0 (82749245)|ENTERING_MANAGED_PKG|tdc_tsw
23:52:41.0 (83213632)|ENTERING_MANAGED_PKG|tdc_tsw
23:52:41.0 (84306852)|ENTERING_MANAGED_PKG|tdc_tsw
23:52:41.0 (85083564)|ENTERING_MANAGED_PKG|tdc_tsw
23:52:41.0 (85315711)|ENTERING_MANAGED_PKG|tdc_tsw
23:52:41.0 (85726054)|ENTERING_MANAGED_PKG|tdc_tsw
23:52:41.0 (86831139)|ENTERING_MANAGED_PKG|tdc_tsw
23:52:41.0 (87586393)|ENTERING_MANAGED_PKG|tdc_tsw
23:52:41.0 (87824494)|ENTERING_MANAGED_PKG|tdc_tsw
23:52:41.0 (88221479)|ENTERING_MANAGED_PKG|tdc_tsw
23:52:41.0 (89304239)|ENTERING_MANAGED_PKG|tdc_tsw
23:52:41.0 (90065967)|ENTERING_MANAGED_PKG|tdc_tsw
23:52:41.0 (90298947)|ENTERING_MANAGED_PKG|tdc_tsw
23:52:41.0 (90694478)|ENTERING_MANAGED_PKG|tdc_tsw
23:52:41.0 (91778897)|ENTERING_MANAGED_PKG|tdc_tsw
23:52:41.0 (92541557)|ENTERING_MANAGED_PKG|tdc_tsw
23:52:41.0 (92774445)|ENTERING_MANAGED_PKG|tdc_tsw
23:52:41.0 (93175928)|ENTERING_MANAGED_PKG|tdc_tsw
23:52:41.0 (94267352)|ENTERING_MANAGED_PKG|tdc_tsw
23:52:41.0 (95027912)|ENTERING_MANAGED_PKG|tdc_tsw
23:52:41.0 (95267796)|ENTERING_MANAGED_PKG|tdc_tsw
23:52:41.0 (95667227)|ENTERING_MANAGED_PKG|tdc_tsw
23:52:41.0 (97009203)|ENTERING_MANAGED_PKG|tdc_tsw
23:52:41.0 (97814577)|ENTERING_MANAGED_PKG|tdc_tsw
23:52:41.0 (98048058)|ENTERING_MANAGED_PKG|tdc_tsw
23:52:41.0 (98497201)|ENTERING_MANAGED_PKG|tdc_tsw
23:52:41.0 (99621391)|ENTERING_MANAGED_PKG|tdc_tsw
23:52:41.0 (100381424)|ENTERING_MANAGED_PKG|tdc_tsw
23:52:41.0 (100614246)|ENTERING_MANAGED_PKG|tdc_tsw
23:52:41.0 (101018157)|ENTERING_MANAGED_PKG|tdc_tsw
23:52:41.0 (102445777)|ENTERING_MANAGED_PKG|tdc_tsw
23:52:41.0 (103521560)|ENTERING_MANAGED_PKG|tdc_tsw
23:52:41.0 (103763059)|ENTERING_MANAGED_PKG|tdc_tsw
23:52:41.0 (104173874)|ENTERING_MANAGED_PKG|tdc_tsw
23:52:41.0 (105317833)|ENTERING_MANAGED_PKG|tdc_tsw
23:52:41.0 (106090322)|ENTERING_MANAGED_PKG|tdc_tsw
23:52:41.0 (106331295)|ENTERING_MANAGED_PKG|tdc_tsw
23:52:41.0 (106728284)|ENTERING_MANAGED_PKG|tdc_tsw
23:52:41.0 (107861093)|ENTERING_MANAGED_PKG|tdc_tsw
23:52:41.0 (108925636)|ENTERING_MANAGED_PKG|tdc_tsw
23:52:41.0 (109230536)|ENTERING_MANAGED_PKG|tdc_tsw
23:52:41.0 (109772305)|ENTERING_MANAGED_PKG|tdc_tsw
23:52:41.0 (110901642)|ENTERING_MANAGED_PKG|tdc_tsw
23:52:41.0 (111668606)|ENTERING_MANAGED_PKG|tdc_tsw
23:52:41.0 (111909628)|ENTERING_MANAGED_PKG|tdc_tsw
23:52:41.0 (112304535)|ENTERING_MANAGED_PKG|tdc_tsw
23:52:41.0 (113397065)|ENTERING_MANAGED_PKG|tdc_tsw
23:52:41.0 (114190923)|ENTERING_MANAGED_PKG|tdc_tsw
23:52:41.0 (114450012)|ENTERING_MANAGED_PKG|tdc_tsw
23:52:41.0 (114875097)|ENTERING_MANAGED_PKG|tdc_tsw
23:52:41.0 (115999441)|ENTERING_MANAGED_PKG|tdc_tsw
23:52:41.0 (116802233)|ENTERING_MANAGED_PKG|tdc_tsw
23:52:41.0 (117038002)|ENTERING_MANAGED_PKG|tdc_tsw
23:52:41.0 (117451900)|ENTERING_MANAGED_PKG|tdc_tsw
23:52:41.0 (118755124)|ENTERING_MANAGED_PKG|tdc_tsw
23:52:41.0 (119546620)|ENTERING_MANAGED_PKG|tdc_tsw
23:52:41.0 (119778514)|ENTERING_MANAGED_PKG|tdc_tsw
23:52:41.0 (120189950)|ENTERING_MANAGED_PKG|tdc_tsw
23:52:41.0 (121292810)|ENTERING_MANAGED_PKG|tdc_tsw
23:52:41.0 (122227827)|ENTERING_MANAGED_PKG|tdc_tsw
23:52:41.0 (122502056)|ENTERING_MANAGED_PKG|tdc_tsw
23:52:41.0 (122958442)|ENTERING_MANAGED_PKG|tdc_tsw
23:52:41.0 (124110630)|ENTERING_MANAGED_PKG|tdc_tsw
23:52:41.0 (124915712)|ENTERING_MANAGED_PKG|tdc_tsw
23:52:41.0 (125155135)|ENTERING_MANAGED_PKG|tdc_tsw
23:52:41.0 (125558359)|ENTERING_MANAGED_PKG|tdc_tsw
23:52:41.0 (126659041)|ENTERING_MANAGED_PKG|tdc_tsw
23:52:41.0 (127426927)|ENTERING_MANAGED_PKG|tdc_tsw
23:52:41.0 (127656345)|ENTERING_MANAGED_PKG|tdc_tsw
23:52:41.0 (128063925)|ENTERING_MANAGED_PKG|tdc_tsw
23:52:41.0 (129158429)|ENTERING_MANAGED_PKG|tdc_tsw
23:52:41.0 (129924572)|ENTERING_MANAGED_PKG|tdc_tsw
23:52:41.0 (130156439)|ENTERING_MANAGED_PKG|tdc_tsw
23:52:41.0 (130565618)|ENTERING_MANAGED_PKG|tdc_tsw
23:52:41.0 (131897161)|ENTERING_MANAGED_PKG|tdc_tsw
23:52:41.0 (132735389)|ENTERING_MANAGED_PKG|tdc_tsw
23:52:41.0 (132987720)|ENTERING_MANAGED_PKG|tdc_tsw
23:52:41.0 (133383533)|ENTERING_MANAGED_PKG|tdc_tsw
23:52:41.0 (134474943)|ENTERING_MANAGED_PKG|tdc_tsw
23:52:41.0 (135266861)|ENTERING_MANAGED_PKG|tdc_tsw
23:52:41.0 (135499672)|ENTERING_MANAGED_PKG|tdc_tsw
23:52:41.0 (135910388)|ENTERING_MANAGED_PKG|tdc_tsw
23:52:41.0 (137004717)|ENTERING_MANAGED_PKG|tdc_tsw
23:52:41.0 (137800190)|ENTERING_MANAGED_PKG|tdc_tsw
23:52:41.0 (138033297)|ENTERING_MANAGED_PKG|tdc_tsw
23:52:41.0 (138427203)|ENTERING_MANAGED_PKG|tdc_tsw
23:52:41.0 (139519643)|ENTERING_MANAGED_PKG|tdc_tsw
23:52:41.0 (140287105)|ENTERING_MANAGED_PKG|tdc_tsw
23:52:41.0 (140517542)|ENTERING_MANAGED_PKG|tdc_tsw
23:52:41.0 (140926190)|ENTERING_MANAGED_PKG|tdc_tsw
23:52:41.0 (142357169)|ENTERING_MANAGED_PKG|tdc_tsw
23:52:41.0 (143133578)|ENTERING_MANAGED_PKG|tdc_tsw
23:52:41.0 (143372523)|ENTERING_MANAGED_PKG|tdc_tsw
23:52:41.0 (144002416)|ENTERING_MANAGED_PKG|tdc_tsw
23:52:41.0 (145273230)|ENTERING_MANAGED_PKG|tdc_tsw
23:52:41.0 (146226609)|ENTERING_MANAGED_PKG|tdc_tsw
23:52:41.0 (146495133)|ENTERING_MANAGED_PKG|tdc_tsw
23:52:41.0 (146907659)|ENTERING_MANAGED_PKG|tdc_tsw
23:52:41.0 (148134200)|ENTERING_MANAGED_PKG|tdc_tsw
23:52:41.0 (148915722)|ENTERING_MANAGED_PKG|tdc_tsw
23:52:41.0 (149316011)|ENTERING_MANAGED_PKG|tdc_tsw
23:52:41.0 (149969861)|ENTERING_MANAGED_PKG|tdc_tsw
23:52:41.0 (151178547)|ENTERING_MANAGED_PKG|tdc_tsw
23:52:41.0 (152230031)|ENTERING_MANAGED_PKG|tdc_tsw
23:52:41.0 (152482993)|ENTERING_MANAGED_PKG|tdc_tsw
23:52:41.0 (152964903)|ENTERING_MANAGED_PKG|tdc_tsw
23:52:41.0 (154267554)|ENTERING_MANAGED_PKG|tdc_tsw
23:52:41.0 (155139980)|ENTERING_MANAGED_PKG|tdc_tsw
23:52:41.0 (155374450)|ENTERING_MANAGED_PKG|tdc_tsw
23:52:41.0 (155827791)|ENTERING_MANAGED_PKG|tdc_tsw
23:52:41.0 (157210438)|ENTERING_MANAGED_PKG|tdc_tsw
23:52:41.0 (158076951)|ENTERING_MANAGED_PKG|tdc_tsw
23:52:41.0 (158319274)|ENTERING_MANAGED_PKG|tdc_tsw
23:52:41.0 (158836928)|ENTERING_MANAGED_PKG|tdc_tsw
23:52:41.0 (160181438)|ENTERING_MANAGED_PKG|tdc_tsw
23:52:41.0 (160999051)|ENTERING_MANAGED_PKG|tdc_tsw
23:52:41.0 (161231964)|ENTERING_MANAGED_PKG|tdc_tsw
23:52:41.0 (161633142)|ENTERING_MANAGED_PKG|tdc_tsw
23:52:41.0 (166162835)|ENTERING_MANAGED_PKG|tdc_tsw
23:52:41.0 (166997235)|ENTERING_MANAGED_PKG|tdc_tsw
23:52:41.0 (167254255)|ENTERING_MANAGED_PKG|tdc_tsw
23:52:41.0 (167677410)|ENTERING_MANAGED_PKG|tdc_tsw
23:52:41.0 (168799494)|ENTERING_MANAGED_PKG|tdc_tsw
23:52:41.0 (169568797)|ENTERING_MANAGED_PKG|tdc_tsw
23:52:41.0 (169848356)|ENTERING_MANAGED_PKG|tdc_tsw
23:52:41.0 (170251696)|ENTERING_MANAGED_PKG|tdc_tsw
23:52:41.0 (171372074)|ENTERING_MANAGED_PKG|tdc_tsw
23:52:41.0 (172144393)|ENTERING_MANAGED_PKG|tdc_tsw
23:52:41.0 (172378133)|ENTERING_MANAGED_PKG|tdc_tsw
23:52:41.0 (172778749)|ENTERING_MANAGED_PKG|tdc_tsw
23:52:41.0 (174323170)|ENTERING_MANAGED_PKG|tdc_tsw
23:52:41.0 (175237046)|ENTERING_MANAGED_PKG|tdc_tsw
23:52:41.0 (175482975)|ENTERING_MANAGED_PKG|tdc_tsw
23:52:41.0 (175980658)|ENTERING_MANAGED_PKG|tdc_tsw
23:52:41.0 (177077638)|ENTERING_MANAGED_PKG|tdc_tsw
23:52:41.0 (177843221)|ENTERING_MANAGED_PKG|tdc_tsw
23:52:41.0 (178074902)|ENTERING_MANAGED_PKG|tdc_tsw
23:52:41.0 (178473855)|ENTERING_MANAGED_PKG|tdc_tsw
23:52:41.0 (179560726)|ENTERING_MANAGED_PKG|tdc_tsw
23:52:41.0 (180321602)|ENTERING_MANAGED_PKG|tdc_tsw
23:52:41.0 (180552946)|ENTERING_MANAGED_PKG|tdc_tsw
23:52:41.0 (180958374)|ENTERING_MANAGED_PKG|tdc_tsw
23:52:41.0 (182038332)|ENTERING_MANAGED_PKG|tdc_tsw
23:52:41.0 (182796389)|ENTERING_MANAGED_PKG|tdc_tsw
23:52:41.0 (183028498)|ENTERING_MANAGED_PKG|tdc_tsw
23:52:41.0 (183426848)|ENTERING_MANAGED_PKG|tdc_tsw
23:52:41.0 (184504954)|ENTERING_MANAGED_PKG|tdc_tsw
23:52:41.0 (185263636)|ENTERING_MANAGED_PKG|tdc_tsw
23:52:41.0 (185492676)|ENTERING_MANAGED_PKG|tdc_tsw
23:52:41.0 (185899578)|ENTERING_MANAGED_PKG|tdc_tsw
23:52:41.0 (186982016)|ENTERING_MANAGED_PKG|tdc_tsw
23:52:41.0 (187728504)|ENTERING_MANAGED_PKG|tdc_tsw
23:52:41.0 (187965335)|ENTERING_MANAGED_PKG|tdc_tsw
23:52:41.0 (188359607)|ENTERING_MANAGED_PKG|tdc_tsw
23:52:41.0 (189455363)|ENTERING_MANAGED_PKG|tdc_tsw
23:52:41.0 (190210181)|ENTERING_MANAGED_PKG|tdc_tsw
23:52:41.0 (190439566)|ENTERING_MANAGED_PKG|tdc_tsw
23:52:41.0 (190840847)|ENTERING_MANAGED_PKG|tdc_tsw
23:52:41.0 (191920289)|ENTERING_MANAGED_PKG|tdc_tsw
23:52:41.0 (192667111)|ENTERING_MANAGED_PKG|tdc_tsw
23:52:41.0 (192905757)|ENTERING_MANAGED_PKG|tdc_tsw
23:52:41.0 (193301323)|ENTERING_MANAGED_PKG|tdc_tsw
23:52:41.0 (194383731)|ENTERING_MANAGED_PKG|tdc_tsw
23:52:41.0 (195146098)|ENTERING_MANAGED_PKG|tdc_tsw
23:52:41.0 (195377575)|ENTERING_MANAGED_PKG|tdc_tsw
23:52:41.0 (195774995)|ENTERING_MANAGED_PKG|tdc_tsw
23:52:41.0 (196861667)|ENTERING_MANAGED_PKG|tdc_tsw
23:52:41.0 (197618783)|ENTERING_MANAGED_PKG|tdc_tsw
23:52:41.0 (197855548)|ENTERING_MANAGED_PKG|tdc_tsw
23:52:41.0 (198254212)|ENTERING_MANAGED_PKG|tdc_tsw
23:52:41.0 (199337339)|ENTERING_MANAGED_PKG|tdc_tsw
23:52:41.0 (200094955)|ENTERING_MANAGED_PKG|tdc_tsw
23:52:41.0 (200324732)|ENTERING_MANAGED_PKG|tdc_tsw
23:52:41.0 (200720816)|ENTERING_MANAGED_PKG|tdc_tsw
23:52:41.0 (201807313)|ENTERING_MANAGED_PKG|tdc_tsw
23:52:41.0 (202557285)|ENTERING_MANAGED_PKG|tdc_tsw
23:52:41.0 (202793846)|ENTERING_MANAGED_PKG|tdc_tsw
23:52:41.0 (203192967)|ENTERING_MANAGED_PKG|tdc_tsw
23:52:41.0 (204272510)|ENTERING_MANAGED_PKG|tdc_tsw
23:52:41.0 (205030323)|ENTERING_MANAGED_PKG|tdc_tsw
23:52:41.0 (205238252)|ENTERING_MANAGED_PKG|tdc_tsw
23:52:41.0 (205634096)|ENTERING_MANAGED_PKG|tdc_tsw
23:52:41.0 (206724075)|ENTERING_MANAGED_PKG|tdc_tsw
23:52:41.0 (207489684)|ENTERING_MANAGED_PKG|tdc_tsw
23:52:41.0 (207717841)|ENTERING_MANAGED_PKG|tdc_tsw
23:52:41.0 (208124777)|ENTERING_MANAGED_PKG|tdc_tsw
23:52:41.0 (210248404)|ENTERING_MANAGED_PKG|tdc_tsw
23:52:41.0 (211129754)|ENTERING_MANAGED_PKG|tdc_tsw
23:52:41.0 (211213967)|ENTERING_MANAGED_PKG|tdc_tsw
23:52:41.0 (211928232)|SOQL_EXECUTE_BEGIN|[200]|Aggregations:0|SELECT Name, NamespacePrefix, SystemModStamp FROM StaticResource WHERE Name LIKE :tmpVar1 LIMIT 10
23:52:41.0 (215811362)|SOQL_EXECUTE_END|[200]|Rows:1
23:52:41.0 (216832832)|ENTERING_MANAGED_PKG|tdc_tsw
23:52:41.0 (217303337)|SOQL_EXECUTE_BEGIN|[200]|Aggregations:0|SELECT Name, NamespacePrefix, SystemModStamp FROM StaticResource WHERE Name LIKE :tmpVar1 LIMIT 10
23:52:41.0 (220014321)|SOQL_EXECUTE_END|[200]|Rows:1
23:52:41.0 (220396874)|ENTERING_MANAGED_PKG|tdc_tsw
23:52:41.0 (224564281)|ENTERING_MANAGED_PKG|tdc_tsw
23:52:41.0 (226093104)|ENTERING_MANAGED_PKG|tdc_tsw
23:52:41.0 (226404224)|ENTERING_MANAGED_PKG|tdc_tsw
23:52:41.0 (227248745)|ENTERING_MANAGED_PKG|tdc_tsw
23:52:41.0 (227687230)|SOQL_EXECUTE_BEGIN|[200]|Aggregations:0|SELECT Name, NamespacePrefix, SystemModStamp FROM StaticResource WHERE Name LIKE :tmpVar1 LIMIT 10
23:52:41.0 (230383146)|SOQL_EXECUTE_END|[200]|Rows:1
23:52:41.240 (240817181)|USER_INFO|[EXTERNAL]|0051H000009gxp8|chanida.dev2@solvedbysoftwareco.com|Eastern Standard Time|GMT-05:00
23:52:41.240 (242212111)|ENTERING_MANAGED_PKG|tdc_tsw
23:52:41.240 (242403345)|ENTERING_MANAGED_PKG|tdc_tsw
23:52:41.240 (244949440)|SOQL_EXECUTE_BEGIN|[355]|Aggregations:0|SELECT id, name, Disable_Incoming_SMS_Sharing__c FROM User WHERE id = :tmpVar1
23:52:41.240 (251349640)|SOQL_EXECUTE_END|[355]|Rows:1
23:52:41.240 (252362868)|SOQL_EXECUTE_BEGIN|[367]|Aggregations:0|SELECT CreatedDate,Id,LastModifiedDate,Related_Object_Id__c FROM Message__c WHERE Name = 'Incoming' AND Read__c = false ORDER BY CreatedDate Desc limit 100
23:52:41.240 (260434257)|SOQL_EXECUTE_END|[367]|Rows:100
