44.0 APEX_CODE,FINEST;APEX_PROFILING,INFO;CALLOUT,INFO;DB,INFO;NBA,INFO;SYSTEM,DEBUG;VALIDATION,INFO;VISUALFORCE,INFO;WAVE,INFO;WORKFLOW,INFO
11:25:15.0 (218447)|USER_INFO|[EXTERNAL]|0051H000009gxp8|chanida.dev2@solvedbysoftwareco.com|Eastern Standard Time|GMT-05:00
11:25:15.0 (2174722)|ENTERING_MANAGED_PKG|tdc_tsw
11:25:15.0 (2763700)|ENTERING_MANAGED_PKG|tdc_tsw
11:25:15.0 (7187525)|SOQL_EXECUTE_BEGIN|[16]|Aggregations:0|SELECT id, name, Disable_Incoming_SMS_Sharing__c FROM User WHERE id = :tmpVar1
11:25:15.0 (15952097)|SOQL_EXECUTE_END|[16]|Rows:1
11:25:15.0 (21634306)|SOQL_EXECUTE_BEGIN|[37]|Aggregations:0|SELECT CreatedDate,Created_Date__c,Id,LastModifiedDate,MessageId__c,Message_Text_New__c,Name,OwnerId,Read__c,Related_Object_Id__c,Related_Object__c,Sender_Number__c, Sender_Name__c,ToNumber__c,Attachments_Ids__c FROM Message__c WHERE Name = 'Incoming' AND Read__c = false ORDER BY CreatedDate Desc limit 100
11:25:15.0 (40384341)|SOQL_EXECUTE_END|[37]|Rows:100
11:25:15.0 (57683187)|ENTERING_MANAGED_PKG|tdc_tsw
11:25:15.0 (59435961)|ENTERING_MANAGED_PKG|tdc_tsw
11:25:15.0 (59884382)|ENTERING_MANAGED_PKG|tdc_tsw
11:25:15.0 (60596444)|ENTERING_MANAGED_PKG|tdc_tsw
11:25:15.0 (63231829)|ENTERING_MANAGED_PKG|tdc_tsw
11:25:15.0 (64001917)|ENTERING_MANAGED_PKG|tdc_tsw
11:25:15.0 (64265340)|ENTERING_MANAGED_PKG|tdc_tsw
11:25:15.0 (64669155)|ENTERING_MANAGED_PKG|tdc_tsw
11:25:15.0 (65780348)|ENTERING_MANAGED_PKG|tdc_tsw
11:25:15.0 (66537066)|ENTERING_MANAGED_PKG|tdc_tsw
11:25:15.0 (66765239)|ENTERING_MANAGED_PKG|tdc_tsw
11:25:15.0 (67152525)|ENTERING_MANAGED_PKG|tdc_tsw
11:25:15.0 (68226387)|ENTERING_MANAGED_PKG|tdc_tsw
11:25:15.0 (68965517)|ENTERING_MANAGED_PKG|tdc_tsw
11:25:15.0 (69192001)|ENTERING_MANAGED_PKG|tdc_tsw
11:25:15.0 (69596089)|ENTERING_MANAGED_PKG|tdc_tsw
11:25:15.0 (70687654)|ENTERING_MANAGED_PKG|tdc_tsw
11:25:15.0 (71433132)|ENTERING_MANAGED_PKG|tdc_tsw
11:25:15.0 (71659382)|ENTERING_MANAGED_PKG|tdc_tsw
11:25:15.0 (72039732)|ENTERING_MANAGED_PKG|tdc_tsw
11:25:15.0 (73095896)|ENTERING_MANAGED_PKG|tdc_tsw
11:25:15.0 (73824611)|ENTERING_MANAGED_PKG|tdc_tsw
11:25:15.0 (74048812)|ENTERING_MANAGED_PKG|tdc_tsw
11:25:15.0 (74437077)|ENTERING_MANAGED_PKG|tdc_tsw
11:25:15.0 (75491487)|ENTERING_MANAGED_PKG|tdc_tsw
11:25:15.0 (76211193)|ENTERING_MANAGED_PKG|tdc_tsw
11:25:15.0 (76446847)|ENTERING_MANAGED_PKG|tdc_tsw
11:25:15.0 (76828540)|ENTERING_MANAGED_PKG|tdc_tsw
11:25:15.0 (77933565)|ENTERING_MANAGED_PKG|tdc_tsw
11:25:15.0 (78676566)|ENTERING_MANAGED_PKG|tdc_tsw
11:25:15.0 (78909455)|ENTERING_MANAGED_PKG|tdc_tsw
11:25:15.0 (79288444)|ENTERING_MANAGED_PKG|tdc_tsw
11:25:15.0 (80396661)|ENTERING_MANAGED_PKG|tdc_tsw
11:25:15.0 (81118978)|ENTERING_MANAGED_PKG|tdc_tsw
11:25:15.0 (81344553)|ENTERING_MANAGED_PKG|tdc_tsw
11:25:15.0 (81731434)|ENTERING_MANAGED_PKG|tdc_tsw
11:25:15.0 (82810659)|ENTERING_MANAGED_PKG|tdc_tsw
11:25:15.0 (83584603)|ENTERING_MANAGED_PKG|tdc_tsw
11:25:15.0 (83810796)|ENTERING_MANAGED_PKG|tdc_tsw
11:25:15.0 (84199645)|ENTERING_MANAGED_PKG|tdc_tsw
11:25:15.0 (85263681)|ENTERING_MANAGED_PKG|tdc_tsw
11:25:15.0 (85986141)|ENTERING_MANAGED_PKG|tdc_tsw
11:25:15.0 (86210192)|ENTERING_MANAGED_PKG|tdc_tsw
11:25:15.0 (86596120)|ENTERING_MANAGED_PKG|tdc_tsw
11:25:15.0 (87682783)|ENTERING_MANAGED_PKG|tdc_tsw
11:25:15.0 (88453954)|ENTERING_MANAGED_PKG|tdc_tsw
11:25:15.0 (88679782)|ENTERING_MANAGED_PKG|tdc_tsw
11:25:15.0 (89059100)|ENTERING_MANAGED_PKG|tdc_tsw
11:25:15.0 (90138635)|ENTERING_MANAGED_PKG|tdc_tsw
11:25:15.0 (90862790)|ENTERING_MANAGED_PKG|tdc_tsw
11:25:15.0 (91099428)|ENTERING_MANAGED_PKG|tdc_tsw
11:25:15.0 (91519384)|ENTERING_MANAGED_PKG|tdc_tsw
11:25:15.0 (92606095)|ENTERING_MANAGED_PKG|tdc_tsw
11:25:15.0 (93330381)|ENTERING_MANAGED_PKG|tdc_tsw
11:25:15.0 (93561637)|ENTERING_MANAGED_PKG|tdc_tsw
11:25:15.0 (93940628)|ENTERING_MANAGED_PKG|tdc_tsw
11:25:15.0 (94995551)|ENTERING_MANAGED_PKG|tdc_tsw
11:25:15.0 (95720052)|ENTERING_MANAGED_PKG|tdc_tsw
11:25:15.0 (95945716)|ENTERING_MANAGED_PKG|tdc_tsw
11:25:15.0 (96324205)|ENTERING_MANAGED_PKG|tdc_tsw
11:25:15.0 (97378200)|ENTERING_MANAGED_PKG|tdc_tsw
11:25:15.0 (98112885)|ENTERING_MANAGED_PKG|tdc_tsw
11:25:15.0 (98338241)|ENTERING_MANAGED_PKG|tdc_tsw
11:25:15.0 (98729759)|ENTERING_MANAGED_PKG|tdc_tsw
11:25:15.0 (99788986)|ENTERING_MANAGED_PKG|tdc_tsw
11:25:15.0 (100623012)|ENTERING_MANAGED_PKG|tdc_tsw
11:25:15.0 (100856571)|ENTERING_MANAGED_PKG|tdc_tsw
11:25:15.0 (101236184)|ENTERING_MANAGED_PKG|tdc_tsw
11:25:15.0 (102322156)|ENTERING_MANAGED_PKG|tdc_tsw
11:25:15.0 (103066200)|ENTERING_MANAGED_PKG|tdc_tsw
11:25:15.0 (103314376)|ENTERING_MANAGED_PKG|tdc_tsw
11:25:15.0 (103713846)|ENTERING_MANAGED_PKG|tdc_tsw
11:25:15.0 (104806698)|ENTERING_MANAGED_PKG|tdc_tsw
11:25:15.0 (105542715)|ENTERING_MANAGED_PKG|tdc_tsw
11:25:15.0 (105768204)|ENTERING_MANAGED_PKG|tdc_tsw
11:25:15.0 (106146108)|ENTERING_MANAGED_PKG|tdc_tsw
11:25:15.0 (107268184)|ENTERING_MANAGED_PKG|tdc_tsw
11:25:15.0 (108011436)|ENTERING_MANAGED_PKG|tdc_tsw
11:25:15.0 (108242702)|ENTERING_MANAGED_PKG|tdc_tsw
11:25:15.0 (108629391)|ENTERING_MANAGED_PKG|tdc_tsw
11:25:15.0 (109693852)|ENTERING_MANAGED_PKG|tdc_tsw
11:25:15.0 (110469260)|ENTERING_MANAGED_PKG|tdc_tsw
11:25:15.0 (110696224)|ENTERING_MANAGED_PKG|tdc_tsw
11:25:15.0 (111084143)|ENTERING_MANAGED_PKG|tdc_tsw
11:25:15.0 (112153562)|ENTERING_MANAGED_PKG|tdc_tsw
11:25:15.0 (112879482)|ENTERING_MANAGED_PKG|tdc_tsw
11:25:15.0 (113103897)|ENTERING_MANAGED_PKG|tdc_tsw
11:25:15.0 (113501592)|ENTERING_MANAGED_PKG|tdc_tsw
11:25:15.0 (114577745)|ENTERING_MANAGED_PKG|tdc_tsw
11:25:15.0 (115294594)|ENTERING_MANAGED_PKG|tdc_tsw
11:25:15.0 (115529865)|ENTERING_MANAGED_PKG|tdc_tsw
11:25:15.0 (115910224)|ENTERING_MANAGED_PKG|tdc_tsw
11:25:15.0 (116984862)|ENTERING_MANAGED_PKG|tdc_tsw
11:25:15.0 (117712956)|ENTERING_MANAGED_PKG|tdc_tsw
11:25:15.0 (117939126)|ENTERING_MANAGED_PKG|tdc_tsw
11:25:15.0 (118355071)|ENTERING_MANAGED_PKG|tdc_tsw
11:25:15.0 (119427144)|ENTERING_MANAGED_PKG|tdc_tsw
11:25:15.0 (120142675)|ENTERING_MANAGED_PKG|tdc_tsw
11:25:15.0 (120369069)|ENTERING_MANAGED_PKG|tdc_tsw
11:25:15.0 (120752996)|ENTERING_MANAGED_PKG|tdc_tsw
11:25:15.0 (121834413)|ENTERING_MANAGED_PKG|tdc_tsw
11:25:15.0 (122566598)|ENTERING_MANAGED_PKG|tdc_tsw
11:25:15.0 (122799459)|ENTERING_MANAGED_PKG|tdc_tsw
11:25:15.0 (123190501)|ENTERING_MANAGED_PKG|tdc_tsw
11:25:15.0 (124270513)|ENTERING_MANAGED_PKG|tdc_tsw
11:25:15.0 (125000118)|ENTERING_MANAGED_PKG|tdc_tsw
11:25:15.0 (125230831)|ENTERING_MANAGED_PKG|tdc_tsw
11:25:15.0 (125630095)|ENTERING_MANAGED_PKG|tdc_tsw
11:25:15.0 (126709650)|ENTERING_MANAGED_PKG|tdc_tsw
11:25:15.0 (127451924)|ENTERING_MANAGED_PKG|tdc_tsw
11:25:15.0 (127683166)|ENTERING_MANAGED_PKG|tdc_tsw
11:25:15.0 (128062021)|ENTERING_MANAGED_PKG|tdc_tsw
11:25:15.0 (129178334)|ENTERING_MANAGED_PKG|tdc_tsw
11:25:15.0 (129914605)|ENTERING_MANAGED_PKG|tdc_tsw
11:25:15.0 (130138951)|ENTERING_MANAGED_PKG|tdc_tsw
11:25:15.0 (130547309)|ENTERING_MANAGED_PKG|tdc_tsw
11:25:15.0 (131654732)|ENTERING_MANAGED_PKG|tdc_tsw
11:25:15.0 (132382226)|ENTERING_MANAGED_PKG|tdc_tsw
11:25:15.0 (132615273)|ENTERING_MANAGED_PKG|tdc_tsw
11:25:15.0 (132996821)|ENTERING_MANAGED_PKG|tdc_tsw
11:25:15.0 (134107937)|ENTERING_MANAGED_PKG|tdc_tsw
11:25:15.0 (134888775)|ENTERING_MANAGED_PKG|tdc_tsw
11:25:15.0 (135113317)|ENTERING_MANAGED_PKG|tdc_tsw
11:25:15.0 (135505904)|ENTERING_MANAGED_PKG|tdc_tsw
11:25:15.0 (136578693)|ENTERING_MANAGED_PKG|tdc_tsw
11:25:15.0 (137335158)|ENTERING_MANAGED_PKG|tdc_tsw
11:25:15.0 (137588835)|ENTERING_MANAGED_PKG|tdc_tsw
11:25:15.0 (137997465)|ENTERING_MANAGED_PKG|tdc_tsw
11:25:15.0 (139060104)|ENTERING_MANAGED_PKG|tdc_tsw
11:25:15.0 (139840771)|ENTERING_MANAGED_PKG|tdc_tsw
11:25:15.0 (140103504)|ENTERING_MANAGED_PKG|tdc_tsw
11:25:15.0 (140505696)|ENTERING_MANAGED_PKG|tdc_tsw
11:25:15.0 (141574252)|ENTERING_MANAGED_PKG|tdc_tsw
11:25:15.0 (142296701)|ENTERING_MANAGED_PKG|tdc_tsw
11:25:15.0 (142536901)|ENTERING_MANAGED_PKG|tdc_tsw
11:25:15.0 (142946498)|ENTERING_MANAGED_PKG|tdc_tsw
11:25:15.0 (144048617)|ENTERING_MANAGED_PKG|tdc_tsw
11:25:15.0 (144784688)|ENTERING_MANAGED_PKG|tdc_tsw
11:25:15.0 (145026107)|ENTERING_MANAGED_PKG|tdc_tsw
11:25:15.0 (145417211)|ENTERING_MANAGED_PKG|tdc_tsw
11:25:15.0 (146495064)|ENTERING_MANAGED_PKG|tdc_tsw
11:25:15.0 (147220868)|ENTERING_MANAGED_PKG|tdc_tsw
11:25:15.0 (147454849)|ENTERING_MANAGED_PKG|tdc_tsw
11:25:15.0 (147868401)|ENTERING_MANAGED_PKG|tdc_tsw
11:25:15.0 (148950776)|ENTERING_MANAGED_PKG|tdc_tsw
11:25:15.0 (149679816)|ENTERING_MANAGED_PKG|tdc_tsw
11:25:15.0 (149922812)|ENTERING_MANAGED_PKG|tdc_tsw
11:25:15.0 (150321414)|ENTERING_MANAGED_PKG|tdc_tsw
11:25:15.0 (151397079)|ENTERING_MANAGED_PKG|tdc_tsw
11:25:15.0 (152120051)|ENTERING_MANAGED_PKG|tdc_tsw
11:25:15.0 (152355529)|ENTERING_MANAGED_PKG|tdc_tsw
11:25:15.0 (152754192)|ENTERING_MANAGED_PKG|tdc_tsw
11:25:15.0 (153812349)|ENTERING_MANAGED_PKG|tdc_tsw
11:25:15.0 (154572094)|ENTERING_MANAGED_PKG|tdc_tsw
11:25:15.0 (154797897)|ENTERING_MANAGED_PKG|tdc_tsw
11:25:15.0 (155178005)|ENTERING_MANAGED_PKG|tdc_tsw
11:25:15.0 (156235372)|ENTERING_MANAGED_PKG|tdc_tsw
11:25:15.0 (156985864)|ENTERING_MANAGED_PKG|tdc_tsw
11:25:15.0 (157212519)|ENTERING_MANAGED_PKG|tdc_tsw
11:25:15.0 (157602259)|ENTERING_MANAGED_PKG|tdc_tsw
11:25:15.0 (158966401)|ENTERING_MANAGED_PKG|tdc_tsw
11:25:15.0 (159702069)|ENTERING_MANAGED_PKG|tdc_tsw
11:25:15.0 (159926888)|ENTERING_MANAGED_PKG|tdc_tsw
11:25:15.0 (160307541)|ENTERING_MANAGED_PKG|tdc_tsw
11:25:15.0 (161365957)|ENTERING_MANAGED_PKG|tdc_tsw
11:25:15.0 (162187940)|ENTERING_MANAGED_PKG|tdc_tsw
11:25:15.0 (162426613)|ENTERING_MANAGED_PKG|tdc_tsw
11:25:15.0 (162871043)|ENTERING_MANAGED_PKG|tdc_tsw
11:25:15.0 (163943169)|ENTERING_MANAGED_PKG|tdc_tsw
11:25:15.0 (164678143)|ENTERING_MANAGED_PKG|tdc_tsw
11:25:15.0 (164940811)|ENTERING_MANAGED_PKG|tdc_tsw
11:25:15.0 (165326093)|ENTERING_MANAGED_PKG|tdc_tsw
11:25:15.0 (166400595)|ENTERING_MANAGED_PKG|tdc_tsw
11:25:15.0 (167120364)|ENTERING_MANAGED_PKG|tdc_tsw
11:25:15.0 (167346505)|ENTERING_MANAGED_PKG|tdc_tsw
11:25:15.0 (167733315)|ENTERING_MANAGED_PKG|tdc_tsw
11:25:15.0 (168794698)|ENTERING_MANAGED_PKG|tdc_tsw
11:25:15.0 (169518706)|ENTERING_MANAGED_PKG|tdc_tsw
11:25:15.0 (169743978)|ENTERING_MANAGED_PKG|tdc_tsw
11:25:15.0 (170130698)|ENTERING_MANAGED_PKG|tdc_tsw
11:25:15.0 (171188831)|ENTERING_MANAGED_PKG|tdc_tsw
11:25:15.0 (171943818)|ENTERING_MANAGED_PKG|tdc_tsw
11:25:15.0 (172217169)|ENTERING_MANAGED_PKG|tdc_tsw
11:25:15.0 (172618276)|ENTERING_MANAGED_PKG|tdc_tsw
11:25:15.0 (173677162)|ENTERING_MANAGED_PKG|tdc_tsw
11:25:15.0 (174462269)|ENTERING_MANAGED_PKG|tdc_tsw
11:25:15.0 (174689600)|ENTERING_MANAGED_PKG|tdc_tsw
11:25:15.0 (175068824)|ENTERING_MANAGED_PKG|tdc_tsw
11:25:15.0 (176136533)|ENTERING_MANAGED_PKG|tdc_tsw
11:25:15.0 (176862343)|ENTERING_MANAGED_PKG|tdc_tsw
11:25:15.0 (177086662)|ENTERING_MANAGED_PKG|tdc_tsw
11:25:15.0 (177475367)|ENTERING_MANAGED_PKG|tdc_tsw
11:25:15.0 (178537990)|ENTERING_MANAGED_PKG|tdc_tsw
11:25:15.0 (179252441)|ENTERING_MANAGED_PKG|tdc_tsw
11:25:15.0 (179493553)|ENTERING_MANAGED_PKG|tdc_tsw
11:25:15.0 (179876759)|ENTERING_MANAGED_PKG|tdc_tsw
11:25:15.0 (181007327)|ENTERING_MANAGED_PKG|tdc_tsw
11:25:15.0 (181737162)|ENTERING_MANAGED_PKG|tdc_tsw
11:25:15.0 (181960984)|ENTERING_MANAGED_PKG|tdc_tsw
11:25:15.0 (182340107)|ENTERING_MANAGED_PKG|tdc_tsw
11:25:15.0 (183403896)|ENTERING_MANAGED_PKG|tdc_tsw
11:25:15.0 (184146198)|ENTERING_MANAGED_PKG|tdc_tsw
11:25:15.0 (184371173)|ENTERING_MANAGED_PKG|tdc_tsw
11:25:15.0 (184756823)|ENTERING_MANAGED_PKG|tdc_tsw
11:25:15.0 (185821371)|ENTERING_MANAGED_PKG|tdc_tsw
11:25:15.0 (186567752)|ENTERING_MANAGED_PKG|tdc_tsw
11:25:15.0 (186792796)|ENTERING_MANAGED_PKG|tdc_tsw
11:25:15.0 (187172069)|ENTERING_MANAGED_PKG|tdc_tsw
11:25:15.0 (188224280)|ENTERING_MANAGED_PKG|tdc_tsw
11:25:15.0 (188947748)|ENTERING_MANAGED_PKG|tdc_tsw
11:25:15.0 (189171692)|ENTERING_MANAGED_PKG|tdc_tsw
11:25:15.0 (189568481)|ENTERING_MANAGED_PKG|tdc_tsw
11:25:15.0 (190629156)|ENTERING_MANAGED_PKG|tdc_tsw
11:25:15.0 (191346647)|ENTERING_MANAGED_PKG|tdc_tsw
11:25:15.0 (191581457)|ENTERING_MANAGED_PKG|tdc_tsw
11:25:15.0 (191961740)|ENTERING_MANAGED_PKG|tdc_tsw
11:25:15.0 (193039372)|ENTERING_MANAGED_PKG|tdc_tsw
11:25:15.0 (193774010)|ENTERING_MANAGED_PKG|tdc_tsw
11:25:15.0 (194023657)|ENTERING_MANAGED_PKG|tdc_tsw
11:25:15.0 (194412913)|ENTERING_MANAGED_PKG|tdc_tsw
11:25:15.0 (195515127)|ENTERING_MANAGED_PKG|tdc_tsw
11:25:15.0 (196261661)|ENTERING_MANAGED_PKG|tdc_tsw
11:25:15.0 (196515285)|ENTERING_MANAGED_PKG|tdc_tsw
11:25:15.0 (196902087)|ENTERING_MANAGED_PKG|tdc_tsw
11:25:15.0 (197993052)|ENTERING_MANAGED_PKG|tdc_tsw
11:25:15.0 (198722941)|ENTERING_MANAGED_PKG|tdc_tsw
11:25:15.0 (198970019)|ENTERING_MANAGED_PKG|tdc_tsw
11:25:15.0 (199375037)|ENTERING_MANAGED_PKG|tdc_tsw
11:25:15.0 (200455795)|ENTERING_MANAGED_PKG|tdc_tsw
11:25:15.0 (201186956)|ENTERING_MANAGED_PKG|tdc_tsw
11:25:15.0 (201394706)|ENTERING_MANAGED_PKG|tdc_tsw
11:25:15.0 (201775628)|ENTERING_MANAGED_PKG|tdc_tsw
11:25:15.0 (202985893)|ENTERING_MANAGED_PKG|tdc_tsw
11:25:15.0 (203952463)|ENTERING_MANAGED_PKG|tdc_tsw
11:25:15.0 (204041330)|ENTERING_MANAGED_PKG|tdc_tsw
11:25:15.0 (204665098)|SOQL_EXECUTE_BEGIN|[200]|Aggregations:0|SELECT Name, NamespacePrefix, SystemModStamp FROM StaticResource WHERE Name LIKE :tmpVar1 LIMIT 10
11:25:15.0 (208235833)|SOQL_EXECUTE_END|[200]|Rows:1
11:25:15.0 (209035856)|ENTERING_MANAGED_PKG|tdc_tsw
11:25:15.0 (209392681)|SOQL_EXECUTE_BEGIN|[200]|Aggregations:0|SELECT Name, NamespacePrefix, SystemModStamp FROM StaticResource WHERE Name LIKE :tmpVar1 LIMIT 10
11:25:15.0 (211632075)|SOQL_EXECUTE_END|[200]|Rows:1
11:25:15.0 (212002480)|ENTERING_MANAGED_PKG|tdc_tsw
11:25:15.0 (214797918)|ENTERING_MANAGED_PKG|tdc_tsw
11:25:15.0 (215969325)|ENTERING_MANAGED_PKG|tdc_tsw
11:25:15.0 (216217775)|ENTERING_MANAGED_PKG|tdc_tsw
11:25:15.0 (217521277)|ENTERING_MANAGED_PKG|tdc_tsw
11:25:15.0 (218329485)|SOQL_EXECUTE_BEGIN|[200]|Aggregations:0|SELECT Name, NamespacePrefix, SystemModStamp FROM StaticResource WHERE Name LIKE :tmpVar1 LIMIT 10
11:25:15.0 (221336646)|SOQL_EXECUTE_END|[200]|Rows:1
11:25:15.231 (231478670)|USER_INFO|[EXTERNAL]|0051H000009gxp8|chanida.dev2@solvedbysoftwareco.com|Eastern Standard Time|GMT-05:00
11:25:15.231 (233438420)|ENTERING_MANAGED_PKG|tdc_tsw
11:25:15.231 (233655945)|ENTERING_MANAGED_PKG|tdc_tsw
11:25:15.231 (236261708)|SOQL_EXECUTE_BEGIN|[355]|Aggregations:0|SELECT id, name, Disable_Incoming_SMS_Sharing__c FROM User WHERE id = :tmpVar1
11:25:15.231 (242473334)|SOQL_EXECUTE_END|[355]|Rows:1
11:25:15.231 (243476456)|SOQL_EXECUTE_BEGIN|[367]|Aggregations:0|SELECT CreatedDate,Id,LastModifiedDate,Related_Object_Id__c FROM Message__c WHERE Name = 'Incoming' AND Read__c = false ORDER BY CreatedDate Desc limit 100
11:25:15.231 (252261062)|SOQL_EXECUTE_END|[367]|Rows:100
