44.0 APEX_CODE,FINEST;APEX_PROFILING,INFO;CALLOUT,INFO;DB,INFO;NBA,INFO;SYSTEM,DEBUG;VALIDATION,INFO;VISUALFORCE,INFO;WAVE,INFO;WORKFLOW,INFO
10:28:19.0 (121223)|USER_INFO|[EXTERNAL]|0051H000009gxp8|chanida.dev2@solvedbysoftwareco.com|Eastern Standard Time|GMT-05:00
10:28:19.0 (1873446)|ENTERING_MANAGED_PKG|tdc_tsw
10:28:19.0 (2277556)|ENTERING_MANAGED_PKG|tdc_tsw
10:28:19.0 (6086547)|SOQL_EXECUTE_BEGIN|[16]|Aggregations:0|SELECT id, name, Disable_Incoming_SMS_Sharing__c FROM User WHERE id = :tmpVar1
10:28:19.0 (14017928)|SOQL_EXECUTE_END|[16]|Rows:1
10:28:19.0 (21512576)|SOQL_EXECUTE_BEGIN|[37]|Aggregations:0|SELECT CreatedDate,Created_Date__c,Id,LastModifiedDate,MessageId__c,Message_Text_New__c,Name,OwnerId,Read__c,Related_Object_Id__c,Related_Object__c,Sender_Number__c, Sender_Name__c,ToNumber__c,Attachments_Ids__c FROM Message__c WHERE Name = 'Incoming' AND Read__c = false ORDER BY CreatedDate Desc limit 100
10:28:19.0 (41914104)|SOQL_EXECUTE_END|[37]|Rows:100
10:28:19.0 (62595202)|ENTERING_MANAGED_PKG|tdc_tsw
10:28:19.0 (64304204)|ENTERING_MANAGED_PKG|tdc_tsw
10:28:19.0 (64798417)|ENTERING_MANAGED_PKG|tdc_tsw
10:28:19.0 (65449938)|ENTERING_MANAGED_PKG|tdc_tsw
10:28:19.0 (68402285)|ENTERING_MANAGED_PKG|tdc_tsw
10:28:19.0 (69217301)|ENTERING_MANAGED_PKG|tdc_tsw
10:28:19.0 (69444156)|ENTERING_MANAGED_PKG|tdc_tsw
10:28:19.0 (69857068)|ENTERING_MANAGED_PKG|tdc_tsw
10:28:19.0 (70970401)|ENTERING_MANAGED_PKG|tdc_tsw
10:28:19.0 (71885120)|ENTERING_MANAGED_PKG|tdc_tsw
10:28:19.0 (72131790)|ENTERING_MANAGED_PKG|tdc_tsw
10:28:19.0 (72594500)|ENTERING_MANAGED_PKG|tdc_tsw
10:28:19.0 (73903073)|ENTERING_MANAGED_PKG|tdc_tsw
10:28:19.0 (74777679)|ENTERING_MANAGED_PKG|tdc_tsw
10:28:19.0 (75020669)|ENTERING_MANAGED_PKG|tdc_tsw
10:28:19.0 (75459581)|ENTERING_MANAGED_PKG|tdc_tsw
10:28:19.0 (76571801)|ENTERING_MANAGED_PKG|tdc_tsw
10:28:19.0 (77341238)|ENTERING_MANAGED_PKG|tdc_tsw
10:28:19.0 (77570516)|ENTERING_MANAGED_PKG|tdc_tsw
10:28:19.0 (77970903)|ENTERING_MANAGED_PKG|tdc_tsw
10:28:19.0 (79397328)|ENTERING_MANAGED_PKG|tdc_tsw
10:28:19.0 (80577523)|ENTERING_MANAGED_PKG|tdc_tsw
10:28:19.0 (80969924)|ENTERING_MANAGED_PKG|tdc_tsw
10:28:19.0 (81616684)|ENTERING_MANAGED_PKG|tdc_tsw
10:28:19.0 (83349580)|ENTERING_MANAGED_PKG|tdc_tsw
10:28:19.0 (84340857)|ENTERING_MANAGED_PKG|tdc_tsw
10:28:19.0 (84642813)|ENTERING_MANAGED_PKG|tdc_tsw
10:28:19.0 (85389641)|ENTERING_MANAGED_PKG|tdc_tsw
10:28:19.0 (86659618)|ENTERING_MANAGED_PKG|tdc_tsw
10:28:19.0 (87429974)|ENTERING_MANAGED_PKG|tdc_tsw
10:28:19.0 (87697263)|ENTERING_MANAGED_PKG|tdc_tsw
10:28:19.0 (88094431)|ENTERING_MANAGED_PKG|tdc_tsw
10:28:19.0 (89232829)|ENTERING_MANAGED_PKG|tdc_tsw
10:28:19.0 (90007843)|ENTERING_MANAGED_PKG|tdc_tsw
10:28:19.0 (90252360)|ENTERING_MANAGED_PKG|tdc_tsw
10:28:19.0 (90652123)|ENTERING_MANAGED_PKG|tdc_tsw
10:28:19.0 (91984940)|ENTERING_MANAGED_PKG|tdc_tsw
10:28:19.0 (92783379)|ENTERING_MANAGED_PKG|tdc_tsw
10:28:19.0 (93026112)|ENTERING_MANAGED_PKG|tdc_tsw
10:28:19.0 (93451291)|ENTERING_MANAGED_PKG|tdc_tsw
10:28:19.0 (94603417)|ENTERING_MANAGED_PKG|tdc_tsw
10:28:19.0 (95446633)|ENTERING_MANAGED_PKG|tdc_tsw
10:28:19.0 (95683962)|ENTERING_MANAGED_PKG|tdc_tsw
10:28:19.0 (96100906)|ENTERING_MANAGED_PKG|tdc_tsw
10:28:19.0 (97253976)|ENTERING_MANAGED_PKG|tdc_tsw
10:28:19.0 (98030561)|ENTERING_MANAGED_PKG|tdc_tsw
10:28:19.0 (98256749)|ENTERING_MANAGED_PKG|tdc_tsw
10:28:19.0 (98679699)|ENTERING_MANAGED_PKG|tdc_tsw
10:28:19.0 (99837590)|ENTERING_MANAGED_PKG|tdc_tsw
10:28:19.0 (100680423)|ENTERING_MANAGED_PKG|tdc_tsw
10:28:19.0 (100932298)|ENTERING_MANAGED_PKG|tdc_tsw
10:28:19.0 (101430232)|ENTERING_MANAGED_PKG|tdc_tsw
10:28:19.0 (102638922)|ENTERING_MANAGED_PKG|tdc_tsw
10:28:19.0 (103497295)|ENTERING_MANAGED_PKG|tdc_tsw
10:28:19.0 (103743577)|ENTERING_MANAGED_PKG|tdc_tsw
10:28:19.0 (104248585)|ENTERING_MANAGED_PKG|tdc_tsw
10:28:19.0 (105449590)|ENTERING_MANAGED_PKG|tdc_tsw
10:28:19.0 (106388085)|ENTERING_MANAGED_PKG|tdc_tsw
10:28:19.0 (106672757)|ENTERING_MANAGED_PKG|tdc_tsw
10:28:19.0 (107088251)|ENTERING_MANAGED_PKG|tdc_tsw
10:28:19.0 (108368824)|ENTERING_MANAGED_PKG|tdc_tsw
10:28:19.0 (109313164)|ENTERING_MANAGED_PKG|tdc_tsw
10:28:19.0 (109615151)|ENTERING_MANAGED_PKG|tdc_tsw
10:28:19.0 (110023828)|ENTERING_MANAGED_PKG|tdc_tsw
10:28:19.0 (111132017)|ENTERING_MANAGED_PKG|tdc_tsw
10:28:19.0 (111924925)|ENTERING_MANAGED_PKG|tdc_tsw
10:28:19.0 (112172706)|ENTERING_MANAGED_PKG|tdc_tsw
10:28:19.0 (112574902)|ENTERING_MANAGED_PKG|tdc_tsw
10:28:19.0 (113791328)|ENTERING_MANAGED_PKG|tdc_tsw
10:28:19.0 (114638531)|ENTERING_MANAGED_PKG|tdc_tsw
10:28:19.0 (114950221)|ENTERING_MANAGED_PKG|tdc_tsw
10:28:19.0 (115503526)|ENTERING_MANAGED_PKG|tdc_tsw
10:28:19.0 (116654605)|ENTERING_MANAGED_PKG|tdc_tsw
10:28:19.0 (117605368)|ENTERING_MANAGED_PKG|tdc_tsw
10:28:19.0 (117855279)|ENTERING_MANAGED_PKG|tdc_tsw
10:28:19.0 (118247529)|ENTERING_MANAGED_PKG|tdc_tsw
10:28:19.0 (119342984)|ENTERING_MANAGED_PKG|tdc_tsw
10:28:19.0 (120098598)|ENTERING_MANAGED_PKG|tdc_tsw
10:28:19.0 (120343013)|ENTERING_MANAGED_PKG|tdc_tsw
10:28:19.0 (120741312)|ENTERING_MANAGED_PKG|tdc_tsw
10:28:19.0 (121833628)|ENTERING_MANAGED_PKG|tdc_tsw
10:28:19.0 (122666125)|ENTERING_MANAGED_PKG|tdc_tsw
10:28:19.0 (122921995)|ENTERING_MANAGED_PKG|tdc_tsw
10:28:19.0 (123319231)|ENTERING_MANAGED_PKG|tdc_tsw
10:28:19.0 (124506342)|ENTERING_MANAGED_PKG|tdc_tsw
10:28:19.0 (125430337)|ENTERING_MANAGED_PKG|tdc_tsw
10:28:19.0 (125734784)|ENTERING_MANAGED_PKG|tdc_tsw
10:28:19.0 (126187197)|ENTERING_MANAGED_PKG|tdc_tsw
10:28:19.0 (127626414)|ENTERING_MANAGED_PKG|tdc_tsw
10:28:19.0 (128501776)|ENTERING_MANAGED_PKG|tdc_tsw
10:28:19.0 (128888813)|ENTERING_MANAGED_PKG|tdc_tsw
10:28:19.0 (129494113)|ENTERING_MANAGED_PKG|tdc_tsw
10:28:19.0 (130729328)|ENTERING_MANAGED_PKG|tdc_tsw
10:28:19.0 (131669029)|ENTERING_MANAGED_PKG|tdc_tsw
10:28:19.0 (131916069)|ENTERING_MANAGED_PKG|tdc_tsw
10:28:19.0 (132326333)|ENTERING_MANAGED_PKG|tdc_tsw
10:28:19.0 (133552561)|ENTERING_MANAGED_PKG|tdc_tsw
10:28:19.0 (134370634)|ENTERING_MANAGED_PKG|tdc_tsw
10:28:19.0 (134786605)|ENTERING_MANAGED_PKG|tdc_tsw
10:28:19.0 (135232282)|ENTERING_MANAGED_PKG|tdc_tsw
10:28:19.0 (136549698)|ENTERING_MANAGED_PKG|tdc_tsw
10:28:19.0 (137390515)|ENTERING_MANAGED_PKG|tdc_tsw
10:28:19.0 (137638672)|ENTERING_MANAGED_PKG|tdc_tsw
10:28:19.0 (138154017)|ENTERING_MANAGED_PKG|tdc_tsw
10:28:19.0 (139339115)|ENTERING_MANAGED_PKG|tdc_tsw
10:28:19.0 (140116201)|ENTERING_MANAGED_PKG|tdc_tsw
10:28:19.0 (140507656)|ENTERING_MANAGED_PKG|tdc_tsw
10:28:19.0 (140913958)|ENTERING_MANAGED_PKG|tdc_tsw
10:28:19.0 (142727279)|ENTERING_MANAGED_PKG|tdc_tsw
10:28:19.0 (143483313)|ENTERING_MANAGED_PKG|tdc_tsw
10:28:19.0 (143847791)|ENTERING_MANAGED_PKG|tdc_tsw
10:28:19.0 (144480259)|ENTERING_MANAGED_PKG|tdc_tsw
10:28:19.0 (146177814)|ENTERING_MANAGED_PKG|tdc_tsw
10:28:19.0 (147369997)|ENTERING_MANAGED_PKG|tdc_tsw
10:28:19.0 (147766687)|ENTERING_MANAGED_PKG|tdc_tsw
10:28:19.0 (148257080)|ENTERING_MANAGED_PKG|tdc_tsw
10:28:19.0 (150009290)|ENTERING_MANAGED_PKG|tdc_tsw
10:28:19.0 (150871605)|ENTERING_MANAGED_PKG|tdc_tsw
10:28:19.0 (151108675)|ENTERING_MANAGED_PKG|tdc_tsw
10:28:19.0 (151603373)|ENTERING_MANAGED_PKG|tdc_tsw
10:28:19.0 (152826119)|ENTERING_MANAGED_PKG|tdc_tsw
10:28:19.0 (153676074)|ENTERING_MANAGED_PKG|tdc_tsw
10:28:19.0 (153919711)|ENTERING_MANAGED_PKG|tdc_tsw
10:28:19.0 (154320391)|ENTERING_MANAGED_PKG|tdc_tsw
10:28:19.0 (155511423)|ENTERING_MANAGED_PKG|tdc_tsw
10:28:19.0 (156341336)|ENTERING_MANAGED_PKG|tdc_tsw
10:28:19.0 (156635667)|ENTERING_MANAGED_PKG|tdc_tsw
10:28:19.0 (157117770)|ENTERING_MANAGED_PKG|tdc_tsw
10:28:19.0 (158388720)|ENTERING_MANAGED_PKG|tdc_tsw
10:28:19.0 (159282976)|ENTERING_MANAGED_PKG|tdc_tsw
10:28:19.0 (159545114)|ENTERING_MANAGED_PKG|tdc_tsw
10:28:19.0 (159948607)|ENTERING_MANAGED_PKG|tdc_tsw
10:28:19.0 (161307322)|ENTERING_MANAGED_PKG|tdc_tsw
10:28:19.0 (162553718)|ENTERING_MANAGED_PKG|tdc_tsw
10:28:19.0 (162855354)|ENTERING_MANAGED_PKG|tdc_tsw
10:28:19.0 (163303954)|ENTERING_MANAGED_PKG|tdc_tsw
10:28:19.0 (164590612)|ENTERING_MANAGED_PKG|tdc_tsw
10:28:19.0 (165820406)|ENTERING_MANAGED_PKG|tdc_tsw
10:28:19.0 (166060204)|ENTERING_MANAGED_PKG|tdc_tsw
10:28:19.0 (166483363)|ENTERING_MANAGED_PKG|tdc_tsw
10:28:19.0 (167735183)|ENTERING_MANAGED_PKG|tdc_tsw
10:28:19.0 (168485611)|ENTERING_MANAGED_PKG|tdc_tsw
10:28:19.0 (168744290)|ENTERING_MANAGED_PKG|tdc_tsw
10:28:19.0 (169245271)|ENTERING_MANAGED_PKG|tdc_tsw
10:28:19.0 (170472665)|ENTERING_MANAGED_PKG|tdc_tsw
10:28:19.0 (171385127)|ENTERING_MANAGED_PKG|tdc_tsw
10:28:19.0 (171633453)|ENTERING_MANAGED_PKG|tdc_tsw
10:28:19.0 (172043071)|ENTERING_MANAGED_PKG|tdc_tsw
10:28:19.0 (173154270)|ENTERING_MANAGED_PKG|tdc_tsw
10:28:19.0 (173917989)|ENTERING_MANAGED_PKG|tdc_tsw
10:28:19.0 (174147949)|ENTERING_MANAGED_PKG|tdc_tsw
10:28:19.0 (174541039)|ENTERING_MANAGED_PKG|tdc_tsw
10:28:19.0 (175615730)|ENTERING_MANAGED_PKG|tdc_tsw
10:28:19.0 (176331210)|ENTERING_MANAGED_PKG|tdc_tsw
10:28:19.0 (176593673)|ENTERING_MANAGED_PKG|tdc_tsw
10:28:19.0 (177100683)|ENTERING_MANAGED_PKG|tdc_tsw
10:28:19.0 (178391206)|ENTERING_MANAGED_PKG|tdc_tsw
10:28:19.0 (179301826)|ENTERING_MANAGED_PKG|tdc_tsw
10:28:19.0 (179573457)|ENTERING_MANAGED_PKG|tdc_tsw
10:28:19.0 (180061464)|ENTERING_MANAGED_PKG|tdc_tsw
10:28:19.0 (181421243)|ENTERING_MANAGED_PKG|tdc_tsw
10:28:19.0 (182178447)|ENTERING_MANAGED_PKG|tdc_tsw
10:28:19.0 (182439350)|ENTERING_MANAGED_PKG|tdc_tsw
10:28:19.0 (182900373)|ENTERING_MANAGED_PKG|tdc_tsw
10:28:19.0 (184344057)|ENTERING_MANAGED_PKG|tdc_tsw
10:28:19.0 (185247572)|ENTERING_MANAGED_PKG|tdc_tsw
10:28:19.0 (185475249)|ENTERING_MANAGED_PKG|tdc_tsw
10:28:19.0 (185969919)|ENTERING_MANAGED_PKG|tdc_tsw
10:28:19.0 (187394065)|ENTERING_MANAGED_PKG|tdc_tsw
10:28:19.0 (188125309)|ENTERING_MANAGED_PKG|tdc_tsw
10:28:19.0 (188385774)|ENTERING_MANAGED_PKG|tdc_tsw
10:28:19.0 (188763982)|ENTERING_MANAGED_PKG|tdc_tsw
10:28:19.0 (190240478)|ENTERING_MANAGED_PKG|tdc_tsw
10:28:19.0 (190980043)|ENTERING_MANAGED_PKG|tdc_tsw
10:28:19.0 (191198774)|ENTERING_MANAGED_PKG|tdc_tsw
10:28:19.0 (191641221)|ENTERING_MANAGED_PKG|tdc_tsw
10:28:19.0 (192827024)|ENTERING_MANAGED_PKG|tdc_tsw
10:28:19.0 (193964537)|ENTERING_MANAGED_PKG|tdc_tsw
10:28:19.0 (194414061)|ENTERING_MANAGED_PKG|tdc_tsw
10:28:19.0 (195022950)|ENTERING_MANAGED_PKG|tdc_tsw
10:28:19.0 (196711311)|ENTERING_MANAGED_PKG|tdc_tsw
10:28:19.0 (197947660)|ENTERING_MANAGED_PKG|tdc_tsw
10:28:19.0 (198323682)|ENTERING_MANAGED_PKG|tdc_tsw
10:28:19.0 (198992521)|ENTERING_MANAGED_PKG|tdc_tsw
10:28:19.0 (200808555)|ENTERING_MANAGED_PKG|tdc_tsw
10:28:19.0 (202059893)|ENTERING_MANAGED_PKG|tdc_tsw
10:28:19.0 (202459386)|ENTERING_MANAGED_PKG|tdc_tsw
10:28:19.0 (203146124)|ENTERING_MANAGED_PKG|tdc_tsw
10:28:19.0 (204716904)|ENTERING_MANAGED_PKG|tdc_tsw
10:28:19.0 (205511055)|ENTERING_MANAGED_PKG|tdc_tsw
10:28:19.0 (205757628)|ENTERING_MANAGED_PKG|tdc_tsw
10:28:19.0 (206152613)|ENTERING_MANAGED_PKG|tdc_tsw
10:28:19.0 (207287619)|ENTERING_MANAGED_PKG|tdc_tsw
10:28:19.0 (208071141)|ENTERING_MANAGED_PKG|tdc_tsw
10:28:19.0 (208308852)|ENTERING_MANAGED_PKG|tdc_tsw
10:28:19.0 (208706937)|ENTERING_MANAGED_PKG|tdc_tsw
10:28:19.0 (209805368)|ENTERING_MANAGED_PKG|tdc_tsw
10:28:19.0 (210537055)|ENTERING_MANAGED_PKG|tdc_tsw
10:28:19.0 (210775935)|ENTERING_MANAGED_PKG|tdc_tsw
10:28:19.0 (211160483)|ENTERING_MANAGED_PKG|tdc_tsw
10:28:19.0 (212276156)|ENTERING_MANAGED_PKG|tdc_tsw
10:28:19.0 (213011003)|ENTERING_MANAGED_PKG|tdc_tsw
10:28:19.0 (213233377)|ENTERING_MANAGED_PKG|tdc_tsw
10:28:19.0 (213620965)|ENTERING_MANAGED_PKG|tdc_tsw
10:28:19.0 (214718107)|ENTERING_MANAGED_PKG|tdc_tsw
10:28:19.0 (215435171)|ENTERING_MANAGED_PKG|tdc_tsw
10:28:19.0 (215676375)|ENTERING_MANAGED_PKG|tdc_tsw
10:28:19.0 (216076251)|ENTERING_MANAGED_PKG|tdc_tsw
10:28:19.0 (217223948)|ENTERING_MANAGED_PKG|tdc_tsw
10:28:19.0 (217977055)|ENTERING_MANAGED_PKG|tdc_tsw
10:28:19.0 (218235436)|ENTERING_MANAGED_PKG|tdc_tsw
10:28:19.0 (218621531)|ENTERING_MANAGED_PKG|tdc_tsw
10:28:19.0 (219702145)|ENTERING_MANAGED_PKG|tdc_tsw
10:28:19.0 (220442519)|ENTERING_MANAGED_PKG|tdc_tsw
10:28:19.0 (220716849)|ENTERING_MANAGED_PKG|tdc_tsw
10:28:19.0 (221118093)|ENTERING_MANAGED_PKG|tdc_tsw
10:28:19.0 (222192220)|ENTERING_MANAGED_PKG|tdc_tsw
10:28:19.0 (222921372)|ENTERING_MANAGED_PKG|tdc_tsw
10:28:19.0 (223158429)|ENTERING_MANAGED_PKG|tdc_tsw
10:28:19.0 (223573684)|ENTERING_MANAGED_PKG|tdc_tsw
10:28:19.0 (224672447)|ENTERING_MANAGED_PKG|tdc_tsw
10:28:19.0 (225404106)|ENTERING_MANAGED_PKG|tdc_tsw
10:28:19.0 (225635095)|ENTERING_MANAGED_PKG|tdc_tsw
10:28:19.0 (226029440)|ENTERING_MANAGED_PKG|tdc_tsw
10:28:19.0 (227093762)|ENTERING_MANAGED_PKG|tdc_tsw
10:28:19.0 (227839260)|ENTERING_MANAGED_PKG|tdc_tsw
10:28:19.0 (228062988)|ENTERING_MANAGED_PKG|tdc_tsw
10:28:19.0 (228441024)|ENTERING_MANAGED_PKG|tdc_tsw
10:28:19.0 (229513492)|ENTERING_MANAGED_PKG|tdc_tsw
10:28:19.0 (230268750)|ENTERING_MANAGED_PKG|tdc_tsw
10:28:19.0 (230473164)|ENTERING_MANAGED_PKG|tdc_tsw
10:28:19.0 (230871258)|ENTERING_MANAGED_PKG|tdc_tsw
10:28:19.0 (231982749)|ENTERING_MANAGED_PKG|tdc_tsw
10:28:19.0 (232741958)|ENTERING_MANAGED_PKG|tdc_tsw
10:28:19.0 (232979248)|ENTERING_MANAGED_PKG|tdc_tsw
10:28:19.0 (233375622)|ENTERING_MANAGED_PKG|tdc_tsw
10:28:19.0 (234563603)|ENTERING_MANAGED_PKG|tdc_tsw
10:28:19.0 (235356910)|ENTERING_MANAGED_PKG|tdc_tsw
10:28:19.0 (235433439)|ENTERING_MANAGED_PKG|tdc_tsw
10:28:19.0 (235982011)|SOQL_EXECUTE_BEGIN|[200]|Aggregations:0|SELECT Name, NamespacePrefix, SystemModStamp FROM StaticResource WHERE Name LIKE :tmpVar1 LIMIT 10
10:28:19.0 (239237924)|SOQL_EXECUTE_END|[200]|Rows:1
10:28:19.0 (240017917)|ENTERING_MANAGED_PKG|tdc_tsw
10:28:19.0 (240375316)|SOQL_EXECUTE_BEGIN|[200]|Aggregations:0|SELECT Name, NamespacePrefix, SystemModStamp FROM StaticResource WHERE Name LIKE :tmpVar1 LIMIT 10
10:28:19.0 (242521366)|SOQL_EXECUTE_END|[200]|Rows:1
10:28:19.0 (242925611)|ENTERING_MANAGED_PKG|tdc_tsw
10:28:19.0 (245858207)|ENTERING_MANAGED_PKG|tdc_tsw
10:28:19.0 (247081189)|ENTERING_MANAGED_PKG|tdc_tsw
10:28:19.0 (247338261)|ENTERING_MANAGED_PKG|tdc_tsw
10:28:19.0 (248224688)|ENTERING_MANAGED_PKG|tdc_tsw
10:28:19.0 (248641844)|SOQL_EXECUTE_BEGIN|[200]|Aggregations:0|SELECT Name, NamespacePrefix, SystemModStamp FROM StaticResource WHERE Name LIKE :tmpVar1 LIMIT 10
10:28:19.0 (251340603)|SOQL_EXECUTE_END|[200]|Rows:1
10:28:19.262 (262723193)|USER_INFO|[EXTERNAL]|0051H000009gxp8|chanida.dev2@solvedbysoftwareco.com|Eastern Standard Time|GMT-05:00
10:28:19.262 (264098520)|ENTERING_MANAGED_PKG|tdc_tsw
10:28:19.262 (264297715)|ENTERING_MANAGED_PKG|tdc_tsw
10:28:19.262 (266773041)|SOQL_EXECUTE_BEGIN|[355]|Aggregations:0|SELECT id, name, Disable_Incoming_SMS_Sharing__c FROM User WHERE id = :tmpVar1
10:28:19.262 (273458098)|SOQL_EXECUTE_END|[355]|Rows:1
10:28:19.262 (274474172)|SOQL_EXECUTE_BEGIN|[367]|Aggregations:0|SELECT CreatedDate,Id,LastModifiedDate,Related_Object_Id__c FROM Message__c WHERE Name = 'Incoming' AND Read__c = false ORDER BY CreatedDate Desc limit 100
10:28:19.262 (284616874)|SOQL_EXECUTE_END|[367]|Rows:100
