44.0 APEX_CODE,FINEST;APEX_PROFILING,INFO;CALLOUT,INFO;DB,INFO;NBA,INFO;SYSTEM,DEBUG;VALIDATION,INFO;VISUALFORCE,INFO;WAVE,INFO;WORKFLOW,INFO
14:05:02.0 (128016)|USER_INFO|[EXTERNAL]|0051H000009gxp8|chanida.dev2@solvedbysoftwareco.com|Eastern Standard Time|GMT-05:00
14:05:02.0 (2031227)|ENTERING_MANAGED_PKG|tdc_tsw
14:05:02.0 (2317612)|ENTERING_MANAGED_PKG|tdc_tsw
14:05:02.0 (5746798)|SOQL_EXECUTE_BEGIN|[16]|Aggregations:0|SELECT id, name, Disable_Incoming_SMS_Sharing__c FROM User WHERE id = :tmpVar1
14:05:02.0 (13238445)|SOQL_EXECUTE_END|[16]|Rows:1
14:05:02.0 (19267587)|SOQL_EXECUTE_BEGIN|[37]|Aggregations:0|SELECT CreatedDate,Created_Date__c,Id,LastModifiedDate,MessageId__c,Message_Text_New__c,Name,OwnerId,Read__c,Related_Object_Id__c,Related_Object__c,Sender_Number__c, Sender_Name__c,ToNumber__c,Attachments_Ids__c FROM Message__c WHERE Name = 'Incoming' AND Read__c = false ORDER BY CreatedDate Desc limit 100
14:05:02.0 (38279913)|SOQL_EXECUTE_END|[37]|Rows:100
14:05:02.0 (55295132)|ENTERING_MANAGED_PKG|tdc_tsw
14:05:02.0 (57121347)|ENTERING_MANAGED_PKG|tdc_tsw
14:05:02.0 (57592544)|ENTERING_MANAGED_PKG|tdc_tsw
14:05:02.0 (58285184)|ENTERING_MANAGED_PKG|tdc_tsw
14:05:02.0 (61037505)|ENTERING_MANAGED_PKG|tdc_tsw
14:05:02.0 (61863433)|ENTERING_MANAGED_PKG|tdc_tsw
14:05:02.0 (62108391)|ENTERING_MANAGED_PKG|tdc_tsw
14:05:02.0 (62498360)|ENTERING_MANAGED_PKG|tdc_tsw
14:05:02.0 (63555108)|ENTERING_MANAGED_PKG|tdc_tsw
14:05:02.0 (64286863)|ENTERING_MANAGED_PKG|tdc_tsw
14:05:02.0 (64513606)|ENTERING_MANAGED_PKG|tdc_tsw
14:05:02.0 (64887787)|ENTERING_MANAGED_PKG|tdc_tsw
14:05:02.0 (65924934)|ENTERING_MANAGED_PKG|tdc_tsw
14:05:02.0 (66649229)|ENTERING_MANAGED_PKG|tdc_tsw
14:05:02.0 (66902000)|ENTERING_MANAGED_PKG|tdc_tsw
14:05:02.0 (67297338)|ENTERING_MANAGED_PKG|tdc_tsw
14:05:02.0 (68348052)|ENTERING_MANAGED_PKG|tdc_tsw
14:05:02.0 (69073829)|ENTERING_MANAGED_PKG|tdc_tsw
14:05:02.0 (69298572)|ENTERING_MANAGED_PKG|tdc_tsw
14:05:02.0 (69673999)|ENTERING_MANAGED_PKG|tdc_tsw
14:05:02.0 (70715288)|ENTERING_MANAGED_PKG|tdc_tsw
14:05:02.0 (71442802)|ENTERING_MANAGED_PKG|tdc_tsw
14:05:02.0 (71644743)|ENTERING_MANAGED_PKG|tdc_tsw
14:05:02.0 (72036170)|ENTERING_MANAGED_PKG|tdc_tsw
14:05:02.0 (73081255)|ENTERING_MANAGED_PKG|tdc_tsw
14:05:02.0 (73792035)|ENTERING_MANAGED_PKG|tdc_tsw
14:05:02.0 (74021277)|ENTERING_MANAGED_PKG|tdc_tsw
14:05:02.0 (74397000)|ENTERING_MANAGED_PKG|tdc_tsw
14:05:02.0 (75421286)|ENTERING_MANAGED_PKG|tdc_tsw
14:05:02.0 (76133041)|ENTERING_MANAGED_PKG|tdc_tsw
14:05:02.0 (76356265)|ENTERING_MANAGED_PKG|tdc_tsw
14:05:02.0 (76730106)|ENTERING_MANAGED_PKG|tdc_tsw
14:05:02.0 (77759701)|ENTERING_MANAGED_PKG|tdc_tsw
14:05:02.0 (78471086)|ENTERING_MANAGED_PKG|tdc_tsw
14:05:02.0 (78693104)|ENTERING_MANAGED_PKG|tdc_tsw
14:05:02.0 (79077127)|ENTERING_MANAGED_PKG|tdc_tsw
14:05:02.0 (80104602)|ENTERING_MANAGED_PKG|tdc_tsw
14:05:02.0 (80808555)|ENTERING_MANAGED_PKG|tdc_tsw
14:05:02.0 (81039322)|ENTERING_MANAGED_PKG|tdc_tsw
14:05:02.0 (81431379)|ENTERING_MANAGED_PKG|tdc_tsw
14:05:02.0 (82461978)|ENTERING_MANAGED_PKG|tdc_tsw
14:05:02.0 (83174028)|ENTERING_MANAGED_PKG|tdc_tsw
14:05:02.0 (83399466)|ENTERING_MANAGED_PKG|tdc_tsw
14:05:02.0 (83772395)|ENTERING_MANAGED_PKG|tdc_tsw
14:05:02.0 (84811971)|ENTERING_MANAGED_PKG|tdc_tsw
14:05:02.0 (85521634)|ENTERING_MANAGED_PKG|tdc_tsw
14:05:02.0 (85744708)|ENTERING_MANAGED_PKG|tdc_tsw
14:05:02.0 (86137733)|ENTERING_MANAGED_PKG|tdc_tsw
14:05:02.0 (87173720)|ENTERING_MANAGED_PKG|tdc_tsw
14:05:02.0 (87873317)|ENTERING_MANAGED_PKG|tdc_tsw
14:05:02.0 (88111592)|ENTERING_MANAGED_PKG|tdc_tsw
14:05:02.0 (88486767)|ENTERING_MANAGED_PKG|tdc_tsw
14:05:02.0 (89513161)|ENTERING_MANAGED_PKG|tdc_tsw
14:05:02.0 (90224677)|ENTERING_MANAGED_PKG|tdc_tsw
14:05:02.0 (90447775)|ENTERING_MANAGED_PKG|tdc_tsw
14:05:02.0 (90824353)|ENTERING_MANAGED_PKG|tdc_tsw
14:05:02.0 (91855625)|ENTERING_MANAGED_PKG|tdc_tsw
14:05:02.0 (92574351)|ENTERING_MANAGED_PKG|tdc_tsw
14:05:02.0 (92797130)|ENTERING_MANAGED_PKG|tdc_tsw
14:05:02.0 (93181691)|ENTERING_MANAGED_PKG|tdc_tsw
14:05:02.0 (94223204)|ENTERING_MANAGED_PKG|tdc_tsw
14:05:02.0 (94927292)|ENTERING_MANAGED_PKG|tdc_tsw
14:05:02.0 (95154378)|ENTERING_MANAGED_PKG|tdc_tsw
14:05:02.0 (95531148)|ENTERING_MANAGED_PKG|tdc_tsw
14:05:02.0 (96566990)|ENTERING_MANAGED_PKG|tdc_tsw
14:05:02.0 (97282349)|ENTERING_MANAGED_PKG|tdc_tsw
14:05:02.0 (97504612)|ENTERING_MANAGED_PKG|tdc_tsw
14:05:02.0 (97877870)|ENTERING_MANAGED_PKG|tdc_tsw
14:05:02.0 (98914312)|ENTERING_MANAGED_PKG|tdc_tsw
14:05:02.0 (99625145)|ENTERING_MANAGED_PKG|tdc_tsw
14:05:02.0 (99847355)|ENTERING_MANAGED_PKG|tdc_tsw
14:05:02.0 (100228932)|ENTERING_MANAGED_PKG|tdc_tsw
14:05:02.0 (101262938)|ENTERING_MANAGED_PKG|tdc_tsw
14:05:02.0 (101973370)|ENTERING_MANAGED_PKG|tdc_tsw
14:05:02.0 (102195735)|ENTERING_MANAGED_PKG|tdc_tsw
14:05:02.0 (102571547)|ENTERING_MANAGED_PKG|tdc_tsw
14:05:02.0 (103607174)|ENTERING_MANAGED_PKG|tdc_tsw
14:05:02.0 (104316594)|ENTERING_MANAGED_PKG|tdc_tsw
14:05:02.0 (104539954)|ENTERING_MANAGED_PKG|tdc_tsw
14:05:02.0 (104914909)|ENTERING_MANAGED_PKG|tdc_tsw
14:05:02.0 (105954320)|ENTERING_MANAGED_PKG|tdc_tsw
14:05:02.0 (106698497)|ENTERING_MANAGED_PKG|tdc_tsw
14:05:02.0 (106922055)|ENTERING_MANAGED_PKG|tdc_tsw
14:05:02.0 (107303019)|ENTERING_MANAGED_PKG|tdc_tsw
14:05:02.0 (108337602)|ENTERING_MANAGED_PKG|tdc_tsw
14:05:02.0 (109053870)|ENTERING_MANAGED_PKG|tdc_tsw
14:05:02.0 (109277577)|ENTERING_MANAGED_PKG|tdc_tsw
14:05:02.0 (109651770)|ENTERING_MANAGED_PKG|tdc_tsw
14:05:02.0 (110685180)|ENTERING_MANAGED_PKG|tdc_tsw
14:05:02.0 (111400121)|ENTERING_MANAGED_PKG|tdc_tsw
14:05:02.0 (111623362)|ENTERING_MANAGED_PKG|tdc_tsw
14:05:02.0 (112007142)|ENTERING_MANAGED_PKG|tdc_tsw
14:05:02.0 (113045841)|ENTERING_MANAGED_PKG|tdc_tsw
14:05:02.0 (113749933)|ENTERING_MANAGED_PKG|tdc_tsw
14:05:02.0 (113980916)|ENTERING_MANAGED_PKG|tdc_tsw
14:05:02.0 (114356350)|ENTERING_MANAGED_PKG|tdc_tsw
14:05:02.0 (115390065)|ENTERING_MANAGED_PKG|tdc_tsw
14:05:02.0 (116106259)|ENTERING_MANAGED_PKG|tdc_tsw
14:05:02.0 (116330076)|ENTERING_MANAGED_PKG|tdc_tsw
14:05:02.0 (116703613)|ENTERING_MANAGED_PKG|tdc_tsw
14:05:02.0 (117739206)|ENTERING_MANAGED_PKG|tdc_tsw
14:05:02.0 (118460222)|ENTERING_MANAGED_PKG|tdc_tsw
14:05:02.0 (118684481)|ENTERING_MANAGED_PKG|tdc_tsw
14:05:02.0 (119066877)|ENTERING_MANAGED_PKG|tdc_tsw
14:05:02.0 (120101044)|ENTERING_MANAGED_PKG|tdc_tsw
14:05:02.0 (120802816)|ENTERING_MANAGED_PKG|tdc_tsw
14:05:02.0 (121033879)|ENTERING_MANAGED_PKG|tdc_tsw
14:05:02.0 (121408202)|ENTERING_MANAGED_PKG|tdc_tsw
14:05:02.0 (122442226)|ENTERING_MANAGED_PKG|tdc_tsw
14:05:02.0 (123149866)|ENTERING_MANAGED_PKG|tdc_tsw
14:05:02.0 (123373689)|ENTERING_MANAGED_PKG|tdc_tsw
14:05:02.0 (123747224)|ENTERING_MANAGED_PKG|tdc_tsw
14:05:02.0 (124778331)|ENTERING_MANAGED_PKG|tdc_tsw
14:05:02.0 (125484079)|ENTERING_MANAGED_PKG|tdc_tsw
14:05:02.0 (125705819)|ENTERING_MANAGED_PKG|tdc_tsw
14:05:02.0 (126086725)|ENTERING_MANAGED_PKG|tdc_tsw
14:05:02.0 (127119964)|ENTERING_MANAGED_PKG|tdc_tsw
14:05:02.0 (127822608)|ENTERING_MANAGED_PKG|tdc_tsw
14:05:02.0 (128064333)|ENTERING_MANAGED_PKG|tdc_tsw
14:05:02.0 (128439611)|ENTERING_MANAGED_PKG|tdc_tsw
14:05:02.0 (129475366)|ENTERING_MANAGED_PKG|tdc_tsw
14:05:02.0 (130186684)|ENTERING_MANAGED_PKG|tdc_tsw
14:05:02.0 (130409670)|ENTERING_MANAGED_PKG|tdc_tsw
14:05:02.0 (130784990)|ENTERING_MANAGED_PKG|tdc_tsw
14:05:02.0 (131825082)|ENTERING_MANAGED_PKG|tdc_tsw
14:05:02.0 (132536032)|ENTERING_MANAGED_PKG|tdc_tsw
14:05:02.0 (132763690)|ENTERING_MANAGED_PKG|tdc_tsw
14:05:02.0 (133145559)|ENTERING_MANAGED_PKG|tdc_tsw
14:05:02.0 (134177678)|ENTERING_MANAGED_PKG|tdc_tsw
14:05:02.0 (134879936)|ENTERING_MANAGED_PKG|tdc_tsw
14:05:02.0 (135111938)|ENTERING_MANAGED_PKG|tdc_tsw
14:05:02.0 (135485292)|ENTERING_MANAGED_PKG|tdc_tsw
14:05:02.0 (136515727)|ENTERING_MANAGED_PKG|tdc_tsw
14:05:02.0 (137233123)|ENTERING_MANAGED_PKG|tdc_tsw
14:05:02.0 (137456575)|ENTERING_MANAGED_PKG|tdc_tsw
14:05:02.0 (137830439)|ENTERING_MANAGED_PKG|tdc_tsw
14:05:02.0 (138868254)|ENTERING_MANAGED_PKG|tdc_tsw
14:05:02.0 (172020615)|ENTERING_MANAGED_PKG|tdc_tsw
14:05:02.0 (172252327)|ENTERING_MANAGED_PKG|tdc_tsw
14:05:02.0 (172638755)|ENTERING_MANAGED_PKG|tdc_tsw
14:05:02.0 (173689125)|ENTERING_MANAGED_PKG|tdc_tsw
14:05:02.0 (174419892)|ENTERING_MANAGED_PKG|tdc_tsw
14:05:02.0 (174643930)|ENTERING_MANAGED_PKG|tdc_tsw
14:05:02.0 (175030679)|ENTERING_MANAGED_PKG|tdc_tsw
14:05:02.0 (176083182)|ENTERING_MANAGED_PKG|tdc_tsw
14:05:02.0 (176803534)|ENTERING_MANAGED_PKG|tdc_tsw
14:05:02.0 (177038427)|ENTERING_MANAGED_PKG|tdc_tsw
14:05:02.0 (177421463)|ENTERING_MANAGED_PKG|tdc_tsw
14:05:02.0 (178465992)|ENTERING_MANAGED_PKG|tdc_tsw
14:05:02.0 (179185456)|ENTERING_MANAGED_PKG|tdc_tsw
14:05:02.0 (179412703)|ENTERING_MANAGED_PKG|tdc_tsw
14:05:02.0 (179790726)|ENTERING_MANAGED_PKG|tdc_tsw
14:05:02.0 (180840163)|ENTERING_MANAGED_PKG|tdc_tsw
14:05:02.0 (181565139)|ENTERING_MANAGED_PKG|tdc_tsw
14:05:02.0 (181789383)|ENTERING_MANAGED_PKG|tdc_tsw
14:05:02.0 (182174051)|ENTERING_MANAGED_PKG|tdc_tsw
14:05:02.0 (183211813)|ENTERING_MANAGED_PKG|tdc_tsw
14:05:02.0 (183927238)|ENTERING_MANAGED_PKG|tdc_tsw
14:05:02.0 (184156380)|ENTERING_MANAGED_PKG|tdc_tsw
14:05:02.0 (184532531)|ENTERING_MANAGED_PKG|tdc_tsw
14:05:02.0 (185571962)|ENTERING_MANAGED_PKG|tdc_tsw
14:05:02.0 (186291017)|ENTERING_MANAGED_PKG|tdc_tsw
14:05:02.0 (186515815)|ENTERING_MANAGED_PKG|tdc_tsw
14:05:02.0 (186892151)|ENTERING_MANAGED_PKG|tdc_tsw
14:05:02.0 (187934941)|ENTERING_MANAGED_PKG|tdc_tsw
14:05:02.0 (188655385)|ENTERING_MANAGED_PKG|tdc_tsw
14:05:02.0 (188880016)|ENTERING_MANAGED_PKG|tdc_tsw
14:05:02.0 (189330981)|ENTERING_MANAGED_PKG|tdc_tsw
14:05:02.0 (190368428)|ENTERING_MANAGED_PKG|tdc_tsw
14:05:02.0 (191085016)|ENTERING_MANAGED_PKG|tdc_tsw
14:05:02.0 (191307380)|ENTERING_MANAGED_PKG|tdc_tsw
14:05:02.0 (191680765)|ENTERING_MANAGED_PKG|tdc_tsw
14:05:02.0 (192709535)|ENTERING_MANAGED_PKG|tdc_tsw
14:05:02.0 (193420685)|ENTERING_MANAGED_PKG|tdc_tsw
14:05:02.0 (193643420)|ENTERING_MANAGED_PKG|tdc_tsw
14:05:02.0 (194077011)|ENTERING_MANAGED_PKG|tdc_tsw
14:05:02.0 (195187495)|ENTERING_MANAGED_PKG|tdc_tsw
14:05:02.0 (195906410)|ENTERING_MANAGED_PKG|tdc_tsw
14:05:02.0 (196134013)|ENTERING_MANAGED_PKG|tdc_tsw
14:05:02.0 (196510310)|ENTERING_MANAGED_PKG|tdc_tsw
14:05:02.0 (197545781)|ENTERING_MANAGED_PKG|tdc_tsw
14:05:02.0 (198265679)|ENTERING_MANAGED_PKG|tdc_tsw
14:05:02.0 (198494134)|ENTERING_MANAGED_PKG|tdc_tsw
14:05:02.0 (198869843)|ENTERING_MANAGED_PKG|tdc_tsw
14:05:02.0 (199940006)|ENTERING_MANAGED_PKG|tdc_tsw
14:05:02.0 (200662116)|ENTERING_MANAGED_PKG|tdc_tsw
14:05:02.0 (200887804)|ENTERING_MANAGED_PKG|tdc_tsw
14:05:02.0 (201270317)|ENTERING_MANAGED_PKG|tdc_tsw
14:05:02.0 (202317988)|ENTERING_MANAGED_PKG|tdc_tsw
14:05:02.0 (203055478)|ENTERING_MANAGED_PKG|tdc_tsw
14:05:02.0 (203282815)|ENTERING_MANAGED_PKG|tdc_tsw
14:05:02.0 (203660245)|ENTERING_MANAGED_PKG|tdc_tsw
14:05:02.0 (204719042)|ENTERING_MANAGED_PKG|tdc_tsw
14:05:02.0 (205450089)|ENTERING_MANAGED_PKG|tdc_tsw
14:05:02.0 (205677923)|ENTERING_MANAGED_PKG|tdc_tsw
14:05:02.0 (206068522)|ENTERING_MANAGED_PKG|tdc_tsw
14:05:02.0 (207140649)|ENTERING_MANAGED_PKG|tdc_tsw
14:05:02.0 (207869177)|ENTERING_MANAGED_PKG|tdc_tsw
14:05:02.0 (208100977)|ENTERING_MANAGED_PKG|tdc_tsw
14:05:02.0 (208473719)|ENTERING_MANAGED_PKG|tdc_tsw
14:05:02.0 (209519669)|ENTERING_MANAGED_PKG|tdc_tsw
14:05:02.0 (210244045)|ENTERING_MANAGED_PKG|tdc_tsw
14:05:02.0 (210470630)|ENTERING_MANAGED_PKG|tdc_tsw
14:05:02.0 (210846957)|ENTERING_MANAGED_PKG|tdc_tsw
14:05:02.0 (211917054)|ENTERING_MANAGED_PKG|tdc_tsw
14:05:02.0 (212675241)|ENTERING_MANAGED_PKG|tdc_tsw
14:05:02.0 (212905672)|ENTERING_MANAGED_PKG|tdc_tsw
14:05:02.0 (213295628)|ENTERING_MANAGED_PKG|tdc_tsw
14:05:02.0 (214370364)|ENTERING_MANAGED_PKG|tdc_tsw
14:05:02.0 (215109986)|ENTERING_MANAGED_PKG|tdc_tsw
14:05:02.0 (215337539)|ENTERING_MANAGED_PKG|tdc_tsw
14:05:02.0 (215714815)|ENTERING_MANAGED_PKG|tdc_tsw
14:05:02.0 (216790702)|ENTERING_MANAGED_PKG|tdc_tsw
14:05:02.0 (217539815)|ENTERING_MANAGED_PKG|tdc_tsw
14:05:02.0 (217768958)|ENTERING_MANAGED_PKG|tdc_tsw
14:05:02.0 (218159773)|ENTERING_MANAGED_PKG|tdc_tsw
14:05:02.0 (219240690)|ENTERING_MANAGED_PKG|tdc_tsw
14:05:02.0 (219996890)|ENTERING_MANAGED_PKG|tdc_tsw
14:05:02.0 (220225213)|ENTERING_MANAGED_PKG|tdc_tsw
14:05:02.0 (220608582)|ENTERING_MANAGED_PKG|tdc_tsw
14:05:02.0 (221690024)|ENTERING_MANAGED_PKG|tdc_tsw
14:05:02.0 (222463834)|ENTERING_MANAGED_PKG|tdc_tsw
14:05:02.0 (222700392)|ENTERING_MANAGED_PKG|tdc_tsw
14:05:02.0 (223097741)|ENTERING_MANAGED_PKG|tdc_tsw
14:05:02.0 (224186827)|ENTERING_MANAGED_PKG|tdc_tsw
14:05:02.0 (224940974)|ENTERING_MANAGED_PKG|tdc_tsw
14:05:02.0 (225175945)|ENTERING_MANAGED_PKG|tdc_tsw
14:05:02.0 (225554708)|ENTERING_MANAGED_PKG|tdc_tsw
14:05:02.0 (226613950)|ENTERING_MANAGED_PKG|tdc_tsw
14:05:02.0 (227353555)|ENTERING_MANAGED_PKG|tdc_tsw
14:05:02.0 (227580275)|ENTERING_MANAGED_PKG|tdc_tsw
14:05:02.0 (227962368)|ENTERING_MANAGED_PKG|tdc_tsw
14:05:02.0 (229042112)|ENTERING_MANAGED_PKG|tdc_tsw
14:05:02.0 (229764217)|ENTERING_MANAGED_PKG|tdc_tsw
14:05:02.0 (229995892)|ENTERING_MANAGED_PKG|tdc_tsw
14:05:02.0 (230371357)|ENTERING_MANAGED_PKG|tdc_tsw
14:05:02.0 (231424747)|ENTERING_MANAGED_PKG|tdc_tsw
14:05:02.0 (232150514)|ENTERING_MANAGED_PKG|tdc_tsw
14:05:02.0 (232374839)|ENTERING_MANAGED_PKG|tdc_tsw
14:05:02.0 (232749837)|ENTERING_MANAGED_PKG|tdc_tsw
14:05:02.0 (233793057)|ENTERING_MANAGED_PKG|tdc_tsw
14:05:02.0 (234518677)|ENTERING_MANAGED_PKG|tdc_tsw
14:05:02.0 (234744178)|ENTERING_MANAGED_PKG|tdc_tsw
14:05:02.0 (235128382)|ENTERING_MANAGED_PKG|tdc_tsw
14:05:02.0 (236168493)|ENTERING_MANAGED_PKG|tdc_tsw
14:05:02.0 (236880572)|ENTERING_MANAGED_PKG|tdc_tsw
14:05:02.0 (237087742)|ENTERING_MANAGED_PKG|tdc_tsw
14:05:02.0 (237462796)|ENTERING_MANAGED_PKG|tdc_tsw
14:05:02.0 (238616332)|ENTERING_MANAGED_PKG|tdc_tsw
14:05:02.0 (239477626)|ENTERING_MANAGED_PKG|tdc_tsw
14:05:02.0 (239557163)|ENTERING_MANAGED_PKG|tdc_tsw
14:05:02.0 (240340869)|SOQL_EXECUTE_BEGIN|[200]|Aggregations:0|SELECT Name, NamespacePrefix, SystemModStamp FROM StaticResource WHERE Name LIKE :tmpVar1 LIMIT 10
14:05:02.0 (244669085)|SOQL_EXECUTE_END|[200]|Rows:1
14:05:02.0 (245710039)|ENTERING_MANAGED_PKG|tdc_tsw
14:05:02.0 (246175775)|SOQL_EXECUTE_BEGIN|[200]|Aggregations:0|SELECT Name, NamespacePrefix, SystemModStamp FROM StaticResource WHERE Name LIKE :tmpVar1 LIMIT 10
14:05:02.0 (249796005)|SOQL_EXECUTE_END|[200]|Rows:1
14:05:02.0 (250305275)|ENTERING_MANAGED_PKG|tdc_tsw
14:05:02.0 (253719834)|ENTERING_MANAGED_PKG|tdc_tsw
14:05:02.0 (255238501)|ENTERING_MANAGED_PKG|tdc_tsw
14:05:02.0 (255536036)|ENTERING_MANAGED_PKG|tdc_tsw
14:05:02.0 (256452897)|ENTERING_MANAGED_PKG|tdc_tsw
14:05:02.0 (256860307)|SOQL_EXECUTE_BEGIN|[200]|Aggregations:0|SELECT Name, NamespacePrefix, SystemModStamp FROM StaticResource WHERE Name LIKE :tmpVar1 LIMIT 10
14:05:02.0 (260199140)|SOQL_EXECUTE_END|[200]|Rows:1
14:05:02.271 (271512990)|USER_INFO|[EXTERNAL]|0051H000009gxp8|chanida.dev2@solvedbysoftwareco.com|Eastern Standard Time|GMT-05:00
14:05:02.271 (273382841)|ENTERING_MANAGED_PKG|tdc_tsw
14:05:02.271 (273581524)|ENTERING_MANAGED_PKG|tdc_tsw
14:05:02.271 (275955181)|SOQL_EXECUTE_BEGIN|[355]|Aggregations:0|SELECT id, name, Disable_Incoming_SMS_Sharing__c FROM User WHERE id = :tmpVar1
14:05:02.271 (282126104)|SOQL_EXECUTE_END|[355]|Rows:1
14:05:02.271 (283222835)|SOQL_EXECUTE_BEGIN|[367]|Aggregations:0|SELECT CreatedDate,Id,LastModifiedDate,Related_Object_Id__c FROM Message__c WHERE Name = 'Incoming' AND Read__c = false ORDER BY CreatedDate Desc limit 100
14:05:02.271 (294209471)|SOQL_EXECUTE_END|[367]|Rows:100
