44.0 APEX_CODE,FINEST;APEX_PROFILING,INFO;CALLOUT,INFO;DB,INFO;NBA,INFO;SYSTEM,DEBUG;VALIDATION,INFO;VISUALFORCE,INFO;WAVE,INFO;WORKFLOW,INFO
11:19:13.0 (127299)|USER_INFO|[EXTERNAL]|0051H000009gxp8|chanida.dev2@solvedbysoftwareco.com|Eastern Standard Time|GMT-05:00
11:19:13.0 (1741199)|ENTERING_MANAGED_PKG|tdc_tsw
11:19:13.0 (2144953)|ENTERING_MANAGED_PKG|tdc_tsw
11:19:13.0 (5704762)|SOQL_EXECUTE_BEGIN|[16]|Aggregations:0|SELECT id, name, Disable_Incoming_SMS_Sharing__c FROM User WHERE id = :tmpVar1
11:19:13.0 (13393669)|SOQL_EXECUTE_END|[16]|Rows:1
11:19:13.0 (19528176)|SOQL_EXECUTE_BEGIN|[37]|Aggregations:0|SELECT CreatedDate,Created_Date__c,Id,LastModifiedDate,MessageId__c,Message_Text_New__c,Name,OwnerId,Read__c,Related_Object_Id__c,Related_Object__c,Sender_Number__c, Sender_Name__c,ToNumber__c,Attachments_Ids__c FROM Message__c WHERE Name = 'Incoming' AND Read__c = false ORDER BY CreatedDate Desc limit 100
11:19:13.0 (37737403)|SOQL_EXECUTE_END|[37]|Rows:100
11:19:13.0 (60829932)|ENTERING_MANAGED_PKG|tdc_tsw
11:19:13.0 (63355993)|ENTERING_MANAGED_PKG|tdc_tsw
11:19:13.0 (64004791)|ENTERING_MANAGED_PKG|tdc_tsw
11:19:13.0 (65036758)|ENTERING_MANAGED_PKG|tdc_tsw
11:19:13.0 (68259851)|ENTERING_MANAGED_PKG|tdc_tsw
11:19:13.0 (69048044)|ENTERING_MANAGED_PKG|tdc_tsw
11:19:13.0 (69310477)|ENTERING_MANAGED_PKG|tdc_tsw
11:19:13.0 (69699629)|ENTERING_MANAGED_PKG|tdc_tsw
11:19:13.0 (70848621)|ENTERING_MANAGED_PKG|tdc_tsw
11:19:13.0 (71593862)|ENTERING_MANAGED_PKG|tdc_tsw
11:19:13.0 (71814811)|ENTERING_MANAGED_PKG|tdc_tsw
11:19:13.0 (72190907)|ENTERING_MANAGED_PKG|tdc_tsw
11:19:13.0 (73220090)|ENTERING_MANAGED_PKG|tdc_tsw
11:19:13.0 (73937522)|ENTERING_MANAGED_PKG|tdc_tsw
11:19:13.0 (74155743)|ENTERING_MANAGED_PKG|tdc_tsw
11:19:13.0 (74605163)|ENTERING_MANAGED_PKG|tdc_tsw
11:19:13.0 (76240216)|ENTERING_MANAGED_PKG|tdc_tsw
11:19:13.0 (77294668)|ENTERING_MANAGED_PKG|tdc_tsw
11:19:13.0 (77654206)|ENTERING_MANAGED_PKG|tdc_tsw
11:19:13.0 (78385714)|ENTERING_MANAGED_PKG|tdc_tsw
11:19:13.0 (79581965)|ENTERING_MANAGED_PKG|tdc_tsw
11:19:13.0 (80430047)|ENTERING_MANAGED_PKG|tdc_tsw
11:19:13.0 (80655241)|ENTERING_MANAGED_PKG|tdc_tsw
11:19:13.0 (81025226)|ENTERING_MANAGED_PKG|tdc_tsw
11:19:13.0 (82068803)|ENTERING_MANAGED_PKG|tdc_tsw
11:19:13.0 (82864739)|ENTERING_MANAGED_PKG|tdc_tsw
11:19:13.0 (83086178)|ENTERING_MANAGED_PKG|tdc_tsw
11:19:13.0 (83468525)|ENTERING_MANAGED_PKG|tdc_tsw
11:19:13.0 (84534726)|ENTERING_MANAGED_PKG|tdc_tsw
11:19:13.0 (85243152)|ENTERING_MANAGED_PKG|tdc_tsw
11:19:13.0 (85474950)|ENTERING_MANAGED_PKG|tdc_tsw
11:19:13.0 (85841452)|ENTERING_MANAGED_PKG|tdc_tsw
11:19:13.0 (86862391)|ENTERING_MANAGED_PKG|tdc_tsw
11:19:13.0 (87580342)|ENTERING_MANAGED_PKG|tdc_tsw
11:19:13.0 (87800240)|ENTERING_MANAGED_PKG|tdc_tsw
11:19:13.0 (88165795)|ENTERING_MANAGED_PKG|tdc_tsw
11:19:13.0 (89198809)|ENTERING_MANAGED_PKG|tdc_tsw
11:19:13.0 (89922976)|ENTERING_MANAGED_PKG|tdc_tsw
11:19:13.0 (90143088)|ENTERING_MANAGED_PKG|tdc_tsw
11:19:13.0 (90537208)|ENTERING_MANAGED_PKG|tdc_tsw
11:19:13.0 (91576459)|ENTERING_MANAGED_PKG|tdc_tsw
11:19:13.0 (92298144)|ENTERING_MANAGED_PKG|tdc_tsw
11:19:13.0 (92524076)|ENTERING_MANAGED_PKG|tdc_tsw
11:19:13.0 (92890195)|ENTERING_MANAGED_PKG|tdc_tsw
11:19:13.0 (93922800)|ENTERING_MANAGED_PKG|tdc_tsw
11:19:13.0 (94838836)|ENTERING_MANAGED_PKG|tdc_tsw
11:19:13.0 (95063195)|ENTERING_MANAGED_PKG|tdc_tsw
11:19:13.0 (95448095)|ENTERING_MANAGED_PKG|tdc_tsw
11:19:13.0 (96530124)|ENTERING_MANAGED_PKG|tdc_tsw
11:19:13.0 (97301679)|ENTERING_MANAGED_PKG|tdc_tsw
11:19:13.0 (97523249)|ENTERING_MANAGED_PKG|tdc_tsw
11:19:13.0 (97890700)|ENTERING_MANAGED_PKG|tdc_tsw
11:19:13.0 (99299029)|ENTERING_MANAGED_PKG|tdc_tsw
11:19:13.0 (100554041)|ENTERING_MANAGED_PKG|tdc_tsw
11:19:13.0 (100971509)|ENTERING_MANAGED_PKG|tdc_tsw
11:19:13.0 (101534940)|ENTERING_MANAGED_PKG|tdc_tsw
11:19:13.0 (102623053)|ENTERING_MANAGED_PKG|tdc_tsw
11:19:13.0 (103350965)|ENTERING_MANAGED_PKG|tdc_tsw
11:19:13.0 (103571940)|ENTERING_MANAGED_PKG|tdc_tsw
11:19:13.0 (103941531)|ENTERING_MANAGED_PKG|tdc_tsw
11:19:13.0 (104974657)|ENTERING_MANAGED_PKG|tdc_tsw
11:19:13.0 (105697502)|ENTERING_MANAGED_PKG|tdc_tsw
11:19:13.0 (105915708)|ENTERING_MANAGED_PKG|tdc_tsw
11:19:13.0 (106292379)|ENTERING_MANAGED_PKG|tdc_tsw
11:19:13.0 (107390460)|ENTERING_MANAGED_PKG|tdc_tsw
11:19:13.0 (108096099)|ENTERING_MANAGED_PKG|tdc_tsw
11:19:13.0 (108324406)|ENTERING_MANAGED_PKG|tdc_tsw
11:19:13.0 (108690622)|ENTERING_MANAGED_PKG|tdc_tsw
11:19:13.0 (109714946)|ENTERING_MANAGED_PKG|tdc_tsw
11:19:13.0 (110436178)|ENTERING_MANAGED_PKG|tdc_tsw
11:19:13.0 (110655877)|ENTERING_MANAGED_PKG|tdc_tsw
11:19:13.0 (111022138)|ENTERING_MANAGED_PKG|tdc_tsw
11:19:13.0 (112076274)|ENTERING_MANAGED_PKG|tdc_tsw
11:19:13.0 (112822542)|ENTERING_MANAGED_PKG|tdc_tsw
11:19:13.0 (113041259)|ENTERING_MANAGED_PKG|tdc_tsw
11:19:13.0 (113421375)|ENTERING_MANAGED_PKG|tdc_tsw
11:19:13.0 (114449627)|ENTERING_MANAGED_PKG|tdc_tsw
11:19:13.0 (115155683)|ENTERING_MANAGED_PKG|tdc_tsw
11:19:13.0 (115459608)|ENTERING_MANAGED_PKG|tdc_tsw
11:19:13.0 (116058512)|ENTERING_MANAGED_PKG|tdc_tsw
11:19:13.0 (117410699)|ENTERING_MANAGED_PKG|tdc_tsw
11:19:13.0 (118162295)|ENTERING_MANAGED_PKG|tdc_tsw
11:19:13.0 (118399319)|ENTERING_MANAGED_PKG|tdc_tsw
11:19:13.0 (118770433)|ENTERING_MANAGED_PKG|tdc_tsw
11:19:13.0 (119867356)|ENTERING_MANAGED_PKG|tdc_tsw
11:19:13.0 (120590228)|ENTERING_MANAGED_PKG|tdc_tsw
11:19:13.0 (120810105)|ENTERING_MANAGED_PKG|tdc_tsw
11:19:13.0 (121219409)|ENTERING_MANAGED_PKG|tdc_tsw
11:19:13.0 (122333470)|ENTERING_MANAGED_PKG|tdc_tsw
11:19:13.0 (123071260)|ENTERING_MANAGED_PKG|tdc_tsw
11:19:13.0 (123343186)|ENTERING_MANAGED_PKG|tdc_tsw
11:19:13.0 (123960390)|ENTERING_MANAGED_PKG|tdc_tsw
11:19:13.0 (125204689)|ENTERING_MANAGED_PKG|tdc_tsw
11:19:13.0 (125991311)|ENTERING_MANAGED_PKG|tdc_tsw
11:19:13.0 (126212488)|ENTERING_MANAGED_PKG|tdc_tsw
11:19:13.0 (126593779)|ENTERING_MANAGED_PKG|tdc_tsw
11:19:13.0 (127929163)|ENTERING_MANAGED_PKG|tdc_tsw
11:19:13.0 (128726126)|ENTERING_MANAGED_PKG|tdc_tsw
11:19:13.0 (128976202)|ENTERING_MANAGED_PKG|tdc_tsw
11:19:13.0 (129723461)|ENTERING_MANAGED_PKG|tdc_tsw
11:19:13.0 (130974728)|ENTERING_MANAGED_PKG|tdc_tsw
11:19:13.0 (131704203)|ENTERING_MANAGED_PKG|tdc_tsw
11:19:13.0 (131924629)|ENTERING_MANAGED_PKG|tdc_tsw
11:19:13.0 (132303396)|ENTERING_MANAGED_PKG|tdc_tsw
11:19:13.0 (133328911)|ENTERING_MANAGED_PKG|tdc_tsw
11:19:13.0 (134031272)|ENTERING_MANAGED_PKG|tdc_tsw
11:19:13.0 (134249335)|ENTERING_MANAGED_PKG|tdc_tsw
11:19:13.0 (134627262)|ENTERING_MANAGED_PKG|tdc_tsw
11:19:13.0 (135674538)|ENTERING_MANAGED_PKG|tdc_tsw
11:19:13.0 (136464691)|ENTERING_MANAGED_PKG|tdc_tsw
11:19:13.0 (136705278)|ENTERING_MANAGED_PKG|tdc_tsw
11:19:13.0 (137075680)|ENTERING_MANAGED_PKG|tdc_tsw
11:19:13.0 (138662756)|ENTERING_MANAGED_PKG|tdc_tsw
11:19:13.0 (139421258)|ENTERING_MANAGED_PKG|tdc_tsw
11:19:13.0 (139707024)|ENTERING_MANAGED_PKG|tdc_tsw
11:19:13.0 (140325448)|ENTERING_MANAGED_PKG|tdc_tsw
11:19:13.0 (141496623)|ENTERING_MANAGED_PKG|tdc_tsw
11:19:13.0 (142733892)|ENTERING_MANAGED_PKG|tdc_tsw
11:19:13.0 (142972061)|ENTERING_MANAGED_PKG|tdc_tsw
11:19:13.0 (143448511)|ENTERING_MANAGED_PKG|tdc_tsw
11:19:13.0 (144583599)|ENTERING_MANAGED_PKG|tdc_tsw
11:19:13.0 (145304150)|ENTERING_MANAGED_PKG|tdc_tsw
11:19:13.0 (145524560)|ENTERING_MANAGED_PKG|tdc_tsw
11:19:13.0 (145892457)|ENTERING_MANAGED_PKG|tdc_tsw
11:19:13.0 (146982846)|ENTERING_MANAGED_PKG|tdc_tsw
11:19:13.0 (148004686)|ENTERING_MANAGED_PKG|tdc_tsw
11:19:13.0 (148434560)|ENTERING_MANAGED_PKG|tdc_tsw
11:19:13.0 (148948911)|ENTERING_MANAGED_PKG|tdc_tsw
11:19:13.0 (150128604)|ENTERING_MANAGED_PKG|tdc_tsw
11:19:13.0 (150861991)|ENTERING_MANAGED_PKG|tdc_tsw
11:19:13.0 (151081257)|ENTERING_MANAGED_PKG|tdc_tsw
11:19:13.0 (151463516)|ENTERING_MANAGED_PKG|tdc_tsw
11:19:13.0 (152498188)|ENTERING_MANAGED_PKG|tdc_tsw
11:19:13.0 (153276903)|ENTERING_MANAGED_PKG|tdc_tsw
11:19:13.0 (153506274)|ENTERING_MANAGED_PKG|tdc_tsw
11:19:13.0 (153873527)|ENTERING_MANAGED_PKG|tdc_tsw
11:19:13.0 (154971807)|ENTERING_MANAGED_PKG|tdc_tsw
11:19:13.0 (155692037)|ENTERING_MANAGED_PKG|tdc_tsw
11:19:13.0 (155909864)|ENTERING_MANAGED_PKG|tdc_tsw
11:19:13.0 (156277393)|ENTERING_MANAGED_PKG|tdc_tsw
11:19:13.0 (157314033)|ENTERING_MANAGED_PKG|tdc_tsw
11:19:13.0 (158021091)|ENTERING_MANAGED_PKG|tdc_tsw
11:19:13.0 (158241504)|ENTERING_MANAGED_PKG|tdc_tsw
11:19:13.0 (158623377)|ENTERING_MANAGED_PKG|tdc_tsw
11:19:13.0 (159820286)|ENTERING_MANAGED_PKG|tdc_tsw
11:19:13.0 (160642000)|ENTERING_MANAGED_PKG|tdc_tsw
11:19:13.0 (160876322)|ENTERING_MANAGED_PKG|tdc_tsw
11:19:13.0 (161248462)|ENTERING_MANAGED_PKG|tdc_tsw
11:19:13.0 (162344573)|ENTERING_MANAGED_PKG|tdc_tsw
11:19:13.0 (163162162)|ENTERING_MANAGED_PKG|tdc_tsw
11:19:13.0 (163400340)|ENTERING_MANAGED_PKG|tdc_tsw
11:19:13.0 (163770945)|ENTERING_MANAGED_PKG|tdc_tsw
11:19:13.0 (164899658)|ENTERING_MANAGED_PKG|tdc_tsw
11:19:13.0 (165618233)|ENTERING_MANAGED_PKG|tdc_tsw
11:19:13.0 (165874155)|ENTERING_MANAGED_PKG|tdc_tsw
11:19:13.0 (166241120)|ENTERING_MANAGED_PKG|tdc_tsw
11:19:13.0 (167265010)|ENTERING_MANAGED_PKG|tdc_tsw
11:19:13.0 (168194529)|ENTERING_MANAGED_PKG|tdc_tsw
11:19:13.0 (168429567)|ENTERING_MANAGED_PKG|tdc_tsw
11:19:13.0 (168876466)|ENTERING_MANAGED_PKG|tdc_tsw
11:19:13.0 (170245086)|ENTERING_MANAGED_PKG|tdc_tsw
11:19:13.0 (170976916)|ENTERING_MANAGED_PKG|tdc_tsw
11:19:13.0 (171196175)|ENTERING_MANAGED_PKG|tdc_tsw
11:19:13.0 (171573014)|ENTERING_MANAGED_PKG|tdc_tsw
11:19:13.0 (172593560)|ENTERING_MANAGED_PKG|tdc_tsw
11:19:13.0 (173343049)|ENTERING_MANAGED_PKG|tdc_tsw
11:19:13.0 (173573445)|ENTERING_MANAGED_PKG|tdc_tsw
11:19:13.0 (174006986)|ENTERING_MANAGED_PKG|tdc_tsw
11:19:13.0 (175124015)|ENTERING_MANAGED_PKG|tdc_tsw
11:19:13.0 (175861874)|ENTERING_MANAGED_PKG|tdc_tsw
11:19:13.0 (176083114)|ENTERING_MANAGED_PKG|tdc_tsw
11:19:13.0 (176466339)|ENTERING_MANAGED_PKG|tdc_tsw
11:19:13.0 (177488043)|ENTERING_MANAGED_PKG|tdc_tsw
11:19:13.0 (178191285)|ENTERING_MANAGED_PKG|tdc_tsw
11:19:13.0 (178437085)|ENTERING_MANAGED_PKG|tdc_tsw
11:19:13.0 (178804465)|ENTERING_MANAGED_PKG|tdc_tsw
11:19:13.0 (179837537)|ENTERING_MANAGED_PKG|tdc_tsw
11:19:13.0 (180554845)|ENTERING_MANAGED_PKG|tdc_tsw
11:19:13.0 (180782024)|ENTERING_MANAGED_PKG|tdc_tsw
11:19:13.0 (181232826)|ENTERING_MANAGED_PKG|tdc_tsw
11:19:13.0 (182277289)|ENTERING_MANAGED_PKG|tdc_tsw
11:19:13.0 (183017848)|ENTERING_MANAGED_PKG|tdc_tsw
11:19:13.0 (183250634)|ENTERING_MANAGED_PKG|tdc_tsw
11:19:13.0 (183631543)|ENTERING_MANAGED_PKG|tdc_tsw
11:19:13.0 (184723457)|ENTERING_MANAGED_PKG|tdc_tsw
11:19:13.0 (185453710)|ENTERING_MANAGED_PKG|tdc_tsw
11:19:13.0 (185739373)|ENTERING_MANAGED_PKG|tdc_tsw
11:19:13.0 (186117578)|ENTERING_MANAGED_PKG|tdc_tsw
11:19:13.0 (187190433)|ENTERING_MANAGED_PKG|tdc_tsw
11:19:13.0 (187969543)|ENTERING_MANAGED_PKG|tdc_tsw
11:19:13.0 (188321374)|ENTERING_MANAGED_PKG|tdc_tsw
11:19:13.0 (188769981)|ENTERING_MANAGED_PKG|tdc_tsw
11:19:13.0 (189948065)|ENTERING_MANAGED_PKG|tdc_tsw
11:19:13.0 (190758545)|ENTERING_MANAGED_PKG|tdc_tsw
11:19:13.0 (190982602)|ENTERING_MANAGED_PKG|tdc_tsw
11:19:13.0 (191391699)|ENTERING_MANAGED_PKG|tdc_tsw
11:19:13.0 (192657378)|ENTERING_MANAGED_PKG|tdc_tsw
11:19:13.0 (193467345)|ENTERING_MANAGED_PKG|tdc_tsw
11:19:13.0 (193702557)|ENTERING_MANAGED_PKG|tdc_tsw
11:19:13.0 (194073490)|ENTERING_MANAGED_PKG|tdc_tsw
11:19:13.0 (195278181)|ENTERING_MANAGED_PKG|tdc_tsw
11:19:13.0 (196005358)|ENTERING_MANAGED_PKG|tdc_tsw
11:19:13.0 (196301240)|ENTERING_MANAGED_PKG|tdc_tsw
11:19:13.0 (196797355)|ENTERING_MANAGED_PKG|tdc_tsw
11:19:13.0 (197884585)|ENTERING_MANAGED_PKG|tdc_tsw
11:19:13.0 (198752489)|ENTERING_MANAGED_PKG|tdc_tsw
11:19:13.0 (198974050)|ENTERING_MANAGED_PKG|tdc_tsw
11:19:13.0 (199450331)|ENTERING_MANAGED_PKG|tdc_tsw
11:19:13.0 (200690038)|ENTERING_MANAGED_PKG|tdc_tsw
11:19:13.0 (201441210)|ENTERING_MANAGED_PKG|tdc_tsw
11:19:13.0 (201665482)|ENTERING_MANAGED_PKG|tdc_tsw
11:19:13.0 (202071402)|ENTERING_MANAGED_PKG|tdc_tsw
11:19:13.0 (203117637)|ENTERING_MANAGED_PKG|tdc_tsw
11:19:13.0 (203880481)|ENTERING_MANAGED_PKG|tdc_tsw
11:19:13.0 (204199295)|ENTERING_MANAGED_PKG|tdc_tsw
11:19:13.0 (204925339)|ENTERING_MANAGED_PKG|tdc_tsw
11:19:13.0 (206229407)|ENTERING_MANAGED_PKG|tdc_tsw
11:19:13.0 (207143164)|ENTERING_MANAGED_PKG|tdc_tsw
11:19:13.0 (207454078)|ENTERING_MANAGED_PKG|tdc_tsw
11:19:13.0 (207837850)|ENTERING_MANAGED_PKG|tdc_tsw
11:19:13.0 (209273536)|ENTERING_MANAGED_PKG|tdc_tsw
11:19:13.0 (210481400)|ENTERING_MANAGED_PKG|tdc_tsw
11:19:13.0 (210867825)|ENTERING_MANAGED_PKG|tdc_tsw
11:19:13.0 (211573319)|ENTERING_MANAGED_PKG|tdc_tsw
11:19:13.0 (212793761)|ENTERING_MANAGED_PKG|tdc_tsw
11:19:13.0 (213534016)|ENTERING_MANAGED_PKG|tdc_tsw
11:19:13.0 (213811926)|ENTERING_MANAGED_PKG|tdc_tsw
11:19:13.0 (214225924)|ENTERING_MANAGED_PKG|tdc_tsw
11:19:13.0 (215263839)|ENTERING_MANAGED_PKG|tdc_tsw
11:19:13.0 (215991560)|ENTERING_MANAGED_PKG|tdc_tsw
11:19:13.0 (216186890)|ENTERING_MANAGED_PKG|tdc_tsw
11:19:13.0 (216671208)|ENTERING_MANAGED_PKG|tdc_tsw
11:19:13.0 (218013836)|ENTERING_MANAGED_PKG|tdc_tsw
11:19:13.0 (218974071)|ENTERING_MANAGED_PKG|tdc_tsw
11:19:13.0 (219054582)|ENTERING_MANAGED_PKG|tdc_tsw
11:19:13.0 (219653376)|SOQL_EXECUTE_BEGIN|[200]|Aggregations:0|SELECT Name, NamespacePrefix, SystemModStamp FROM StaticResource WHERE Name LIKE :tmpVar1 LIMIT 10
11:19:13.0 (223106456)|SOQL_EXECUTE_END|[200]|Rows:1
11:19:13.0 (223991684)|ENTERING_MANAGED_PKG|tdc_tsw
11:19:13.0 (224474188)|SOQL_EXECUTE_BEGIN|[200]|Aggregations:0|SELECT Name, NamespacePrefix, SystemModStamp FROM StaticResource WHERE Name LIKE :tmpVar1 LIMIT 10
11:19:13.0 (227274373)|SOQL_EXECUTE_END|[200]|Rows:1
11:19:13.0 (227664339)|ENTERING_MANAGED_PKG|tdc_tsw
11:19:13.0 (230718411)|ENTERING_MANAGED_PKG|tdc_tsw
11:19:13.0 (232025460)|ENTERING_MANAGED_PKG|tdc_tsw
11:19:13.0 (232444816)|ENTERING_MANAGED_PKG|tdc_tsw
11:19:13.0 (233592335)|ENTERING_MANAGED_PKG|tdc_tsw
11:19:13.0 (234179284)|SOQL_EXECUTE_BEGIN|[200]|Aggregations:0|SELECT Name, NamespacePrefix, SystemModStamp FROM StaticResource WHERE Name LIKE :tmpVar1 LIMIT 10
11:19:13.0 (238401211)|SOQL_EXECUTE_END|[200]|Rows:1
11:19:13.253 (253698250)|USER_INFO|[EXTERNAL]|0051H000009gxp8|chanida.dev2@solvedbysoftwareco.com|Eastern Standard Time|GMT-05:00
11:19:13.253 (255567411)|ENTERING_MANAGED_PKG|tdc_tsw
11:19:13.253 (255808666)|ENTERING_MANAGED_PKG|tdc_tsw
11:19:13.253 (258416259)|SOQL_EXECUTE_BEGIN|[355]|Aggregations:0|SELECT id, name, Disable_Incoming_SMS_Sharing__c FROM User WHERE id = :tmpVar1
11:19:13.253 (264775793)|SOQL_EXECUTE_END|[355]|Rows:1
11:19:13.253 (265952572)|SOQL_EXECUTE_BEGIN|[367]|Aggregations:0|SELECT CreatedDate,Id,LastModifiedDate,Related_Object_Id__c FROM Message__c WHERE Name = 'Incoming' AND Read__c = false ORDER BY CreatedDate Desc limit 100
11:19:13.253 (274746443)|SOQL_EXECUTE_END|[367]|Rows:100
