44.0 APEX_CODE,FINEST;APEX_PROFILING,INFO;CALLOUT,INFO;DB,INFO;NBA,INFO;SYSTEM,DEBUG;VALIDATION,INFO;VISUALFORCE,INFO;WAVE,INFO;WORKFLOW,INFO
23:49:23.0 (187735)|USER_INFO|[EXTERNAL]|0051H000009gxp8|chanida.dev2@solvedbysoftwareco.com|Eastern Standard Time|GMT-05:00
23:49:23.0 (2712022)|ENTERING_MANAGED_PKG|tdc_tsw
23:49:23.0 (2874800)|ENTERING_MANAGED_PKG|tdc_tsw
23:49:23.0 (3432867)|ENTERING_MANAGED_PKG|tdc_tsw
23:49:23.0 (3481603)|ENTERING_MANAGED_PKG|tdc_tsw
23:49:23.0 (4299583)|ENTERING_MANAGED_PKG|tdc_tsw
23:49:23.0 (5074993)|ENTERING_MANAGED_PKG|tdc_tsw
23:49:23.0 (6501210)|ENTERING_MANAGED_PKG|tdc_tsw
23:49:23.0 (6581250)|ENTERING_MANAGED_PKG|tdc_tsw
23:49:23.0 (7777058)|ENTERING_MANAGED_PKG|tdc_tsw
23:49:23.0 (13870506)|SOQL_EXECUTE_BEGIN|[82]|Aggregations:0|SELECT CreatedDate, Id,Task_Created__c,Event_Created__c,isCaseCreated__c,Task_Id__c,Event_Id__c,Case__c, Important__c, Delivered__c, Message_Text_New__c, Name, Owner.Name, Read__c,MessageId__c, ToNumber__c, Related_Object_Id__c, Related_Object__c, Sender_Number__c, LastModifiedDate, Attachments_Ids__c FROM Message__c WHERE Contact__c =: recordId ORDER BY CreatedDate Desc limit 200
23:49:23.0 (27608031)|SOQL_EXECUTE_END|[82]|Rows:2
23:49:23.0 (29024801)|ENTERING_MANAGED_PKG|tdc_tsw
23:49:23.0 (29306892)|ENTERING_MANAGED_PKG|tdc_tsw
23:49:23.0 (29389881)|ENTERING_MANAGED_PKG|tdc_tsw
23:49:23.0 (29993756)|SOQL_EXECUTE_BEGIN|[200]|Aggregations:0|SELECT Name, NamespacePrefix, SystemModStamp FROM StaticResource WHERE Name LIKE :tmpVar1 LIMIT 10
23:49:23.0 (32650624)|SOQL_EXECUTE_END|[200]|Rows:1
23:49:23.0 (34341124)|ENTERING_MANAGED_PKG|tdc_tsw
23:49:23.0 (35895891)|ENTERING_MANAGED_PKG|tdc_tsw
23:49:23.0 (35946437)|ENTERING_MANAGED_PKG|tdc_tsw
23:49:23.0 (37899208)|ENTERING_MANAGED_PKG|tdc_tsw
23:49:23.0 (38659643)|ENTERING_MANAGED_PKG|tdc_tsw
23:49:23.0 (43010791)|SOQL_EXECUTE_BEGIN|[172]|Aggregations:0|SELECT id, name FROM ChatTranscript__c WHERE (Chat_Active__c = TRUE AND (Related_Object_Id__c = :tmpVar1 OR Related_Object_Id__c = :tmpVar2)) LIMIT 1
23:49:23.0 (46219923)|SOQL_EXECUTE_END|[172]|Rows:0
23:49:23.0 (46584147)|ENTERING_MANAGED_PKG|tdc_tsw
23:49:23.0 (46625335)|ENTERING_MANAGED_PKG|tdc_tsw
