44.0 APEX_CODE,FINEST;APEX_PROFILING,INFO;CALLOUT,INFO;DB,INFO;NBA,INFO;SYSTEM,DEBUG;VALIDATION,INFO;VISUALFORCE,INFO;WAVE,INFO;WORKFLOW,INFO
22:09:47.0 (333349)|USER_INFO|[EXTERNAL]|0051H000009gxp8|chanida.dev2@solvedbysoftwareco.com|Eastern Standard Time|GMT-05:00
22:09:47.0 (2315363)|ENTERING_MANAGED_PKG|tdc_tsw
22:09:47.0 (2944617)|ENTERING_MANAGED_PKG|tdc_tsw
22:09:47.0 (8929741)|SOQL_EXECUTE_BEGIN|[16]|Aggregations:0|SELECT id, name, Disable_Incoming_SMS_Sharing__c FROM User WHERE id = :tmpVar1
22:09:47.0 (17331608)|SOQL_EXECUTE_END|[16]|Rows:1
22:09:47.0 (23831622)|SOQL_EXECUTE_BEGIN|[37]|Aggregations:0|SELECT CreatedDate,Created_Date__c,Id,LastModifiedDate,MessageId__c,Message_Text_New__c,Name,OwnerId,Read__c,Related_Object_Id__c,Related_Object__c,Sender_Number__c, Sender_Name__c,ToNumber__c,Attachments_Ids__c FROM Message__c WHERE Name = 'Incoming' AND Read__c = false ORDER BY CreatedDate Desc limit 100
22:09:47.0 (41196257)|SOQL_EXECUTE_END|[37]|Rows:100
22:09:47.0 (57762884)|ENTERING_MANAGED_PKG|tdc_tsw
22:09:47.0 (60145635)|ENTERING_MANAGED_PKG|tdc_tsw
22:09:47.0 (60726130)|ENTERING_MANAGED_PKG|tdc_tsw
22:09:47.0 (61487655)|ENTERING_MANAGED_PKG|tdc_tsw
22:09:47.0 (64321749)|ENTERING_MANAGED_PKG|tdc_tsw
22:09:47.0 (65221571)|ENTERING_MANAGED_PKG|tdc_tsw
22:09:47.0 (65460081)|ENTERING_MANAGED_PKG|tdc_tsw
22:09:47.0 (65858097)|ENTERING_MANAGED_PKG|tdc_tsw
22:09:47.0 (66999927)|ENTERING_MANAGED_PKG|tdc_tsw
22:09:47.0 (67931085)|ENTERING_MANAGED_PKG|tdc_tsw
22:09:47.0 (68222011)|ENTERING_MANAGED_PKG|tdc_tsw
22:09:47.0 (68665608)|ENTERING_MANAGED_PKG|tdc_tsw
22:09:47.0 (70071716)|ENTERING_MANAGED_PKG|tdc_tsw
22:09:47.0 (70868564)|ENTERING_MANAGED_PKG|tdc_tsw
22:09:47.0 (71104670)|ENTERING_MANAGED_PKG|tdc_tsw
22:09:47.0 (71494989)|ENTERING_MANAGED_PKG|tdc_tsw
22:09:47.0 (72628905)|ENTERING_MANAGED_PKG|tdc_tsw
22:09:47.0 (73440677)|ENTERING_MANAGED_PKG|tdc_tsw
22:09:47.0 (73668241)|ENTERING_MANAGED_PKG|tdc_tsw
22:09:47.0 (74061294)|ENTERING_MANAGED_PKG|tdc_tsw
22:09:47.0 (75362466)|ENTERING_MANAGED_PKG|tdc_tsw
22:09:47.0 (76340851)|ENTERING_MANAGED_PKG|tdc_tsw
22:09:47.0 (76610576)|ENTERING_MANAGED_PKG|tdc_tsw
22:09:47.0 (77121145)|ENTERING_MANAGED_PKG|tdc_tsw
22:09:47.0 (78406834)|ENTERING_MANAGED_PKG|tdc_tsw
22:09:47.0 (79224178)|ENTERING_MANAGED_PKG|tdc_tsw
22:09:47.0 (79521997)|ENTERING_MANAGED_PKG|tdc_tsw
22:09:47.0 (80200954)|ENTERING_MANAGED_PKG|tdc_tsw
22:09:47.0 (81635234)|ENTERING_MANAGED_PKG|tdc_tsw
22:09:47.0 (82844692)|ENTERING_MANAGED_PKG|tdc_tsw
22:09:47.0 (83219916)|ENTERING_MANAGED_PKG|tdc_tsw
22:09:47.0 (83768907)|ENTERING_MANAGED_PKG|tdc_tsw
22:09:47.0 (85290040)|ENTERING_MANAGED_PKG|tdc_tsw
22:09:47.0 (86135484)|ENTERING_MANAGED_PKG|tdc_tsw
22:09:47.0 (86367667)|ENTERING_MANAGED_PKG|tdc_tsw
22:09:47.0 (86842913)|ENTERING_MANAGED_PKG|tdc_tsw
22:09:47.0 (88446124)|ENTERING_MANAGED_PKG|tdc_tsw
22:09:47.0 (89477580)|ENTERING_MANAGED_PKG|tdc_tsw
22:09:47.0 (89777178)|ENTERING_MANAGED_PKG|tdc_tsw
22:09:47.0 (90258153)|ENTERING_MANAGED_PKG|tdc_tsw
22:09:47.0 (91961590)|ENTERING_MANAGED_PKG|tdc_tsw
22:09:47.0 (92778037)|ENTERING_MANAGED_PKG|tdc_tsw
22:09:47.0 (93011422)|ENTERING_MANAGED_PKG|tdc_tsw
22:09:47.0 (93413405)|ENTERING_MANAGED_PKG|tdc_tsw
22:09:47.0 (94710029)|ENTERING_MANAGED_PKG|tdc_tsw
22:09:47.0 (95742192)|ENTERING_MANAGED_PKG|tdc_tsw
22:09:47.0 (96049381)|ENTERING_MANAGED_PKG|tdc_tsw
22:09:47.0 (96538010)|ENTERING_MANAGED_PKG|tdc_tsw
22:09:47.0 (97838056)|ENTERING_MANAGED_PKG|tdc_tsw
22:09:47.0 (98898587)|ENTERING_MANAGED_PKG|tdc_tsw
22:09:47.0 (99235852)|ENTERING_MANAGED_PKG|tdc_tsw
22:09:47.0 (99659404)|ENTERING_MANAGED_PKG|tdc_tsw
22:09:47.0 (100966588)|ENTERING_MANAGED_PKG|tdc_tsw
22:09:47.0 (101963549)|ENTERING_MANAGED_PKG|tdc_tsw
22:09:47.0 (102263284)|ENTERING_MANAGED_PKG|tdc_tsw
22:09:47.0 (102767012)|ENTERING_MANAGED_PKG|tdc_tsw
22:09:47.0 (104380067)|ENTERING_MANAGED_PKG|tdc_tsw
22:09:47.0 (105391961)|ENTERING_MANAGED_PKG|tdc_tsw
22:09:47.0 (105735481)|ENTERING_MANAGED_PKG|tdc_tsw
22:09:47.0 (106313085)|ENTERING_MANAGED_PKG|tdc_tsw
22:09:47.0 (107729399)|ENTERING_MANAGED_PKG|tdc_tsw
22:09:47.0 (108818937)|ENTERING_MANAGED_PKG|tdc_tsw
22:09:47.0 (109208870)|ENTERING_MANAGED_PKG|tdc_tsw
22:09:47.0 (109759090)|ENTERING_MANAGED_PKG|tdc_tsw
22:09:47.0 (111228700)|ENTERING_MANAGED_PKG|tdc_tsw
22:09:47.0 (112309773)|ENTERING_MANAGED_PKG|tdc_tsw
22:09:47.0 (112599921)|ENTERING_MANAGED_PKG|tdc_tsw
22:09:47.0 (113115842)|ENTERING_MANAGED_PKG|tdc_tsw
22:09:47.0 (114496489)|ENTERING_MANAGED_PKG|tdc_tsw
22:09:47.0 (115494905)|ENTERING_MANAGED_PKG|tdc_tsw
22:09:47.0 (115798318)|ENTERING_MANAGED_PKG|tdc_tsw
22:09:47.0 (116328811)|ENTERING_MANAGED_PKG|tdc_tsw
22:09:47.0 (117775815)|ENTERING_MANAGED_PKG|tdc_tsw
22:09:47.0 (118821597)|ENTERING_MANAGED_PKG|tdc_tsw
22:09:47.0 (119129361)|ENTERING_MANAGED_PKG|tdc_tsw
22:09:47.0 (119668436)|ENTERING_MANAGED_PKG|tdc_tsw
22:09:47.0 (121197080)|ENTERING_MANAGED_PKG|tdc_tsw
22:09:47.0 (122231704)|ENTERING_MANAGED_PKG|tdc_tsw
22:09:47.0 (122529574)|ENTERING_MANAGED_PKG|tdc_tsw
22:09:47.0 (123046346)|ENTERING_MANAGED_PKG|tdc_tsw
22:09:47.0 (124630776)|ENTERING_MANAGED_PKG|tdc_tsw
22:09:47.0 (125884389)|ENTERING_MANAGED_PKG|tdc_tsw
22:09:47.0 (126184797)|ENTERING_MANAGED_PKG|tdc_tsw
22:09:47.0 (126829183)|ENTERING_MANAGED_PKG|tdc_tsw
22:09:47.0 (128268669)|ENTERING_MANAGED_PKG|tdc_tsw
22:09:47.0 (129299379)|ENTERING_MANAGED_PKG|tdc_tsw
22:09:47.0 (129565603)|ENTERING_MANAGED_PKG|tdc_tsw
22:09:47.0 (130192817)|ENTERING_MANAGED_PKG|tdc_tsw
22:09:47.0 (131678720)|ENTERING_MANAGED_PKG|tdc_tsw
22:09:47.0 (132758362)|ENTERING_MANAGED_PKG|tdc_tsw
22:09:47.0 (133045492)|ENTERING_MANAGED_PKG|tdc_tsw
22:09:47.0 (133571110)|ENTERING_MANAGED_PKG|tdc_tsw
22:09:47.0 (134978891)|ENTERING_MANAGED_PKG|tdc_tsw
22:09:47.0 (136223412)|ENTERING_MANAGED_PKG|tdc_tsw
22:09:47.0 (136554759)|ENTERING_MANAGED_PKG|tdc_tsw
22:09:47.0 (137237770)|ENTERING_MANAGED_PKG|tdc_tsw
22:09:47.0 (139103134)|ENTERING_MANAGED_PKG|tdc_tsw
22:09:47.0 (140375498)|ENTERING_MANAGED_PKG|tdc_tsw
22:09:47.0 (140748252)|ENTERING_MANAGED_PKG|tdc_tsw
22:09:47.0 (141869549)|ENTERING_MANAGED_PKG|tdc_tsw
22:09:47.0 (143726523)|ENTERING_MANAGED_PKG|tdc_tsw
22:09:47.0 (144772615)|ENTERING_MANAGED_PKG|tdc_tsw
22:09:47.0 (145013210)|ENTERING_MANAGED_PKG|tdc_tsw
22:09:47.0 (145500870)|ENTERING_MANAGED_PKG|tdc_tsw
22:09:47.0 (146688699)|ENTERING_MANAGED_PKG|tdc_tsw
22:09:47.0 (147673334)|ENTERING_MANAGED_PKG|tdc_tsw
22:09:47.0 (148041715)|ENTERING_MANAGED_PKG|tdc_tsw
22:09:47.0 (148787609)|ENTERING_MANAGED_PKG|tdc_tsw
22:09:47.0 (150744461)|ENTERING_MANAGED_PKG|tdc_tsw
22:09:47.0 (151799185)|ENTERING_MANAGED_PKG|tdc_tsw
22:09:47.0 (151934041)|ENTERING_MANAGED_PKG|tdc_tsw
22:09:47.0 (152984447)|SOQL_EXECUTE_BEGIN|[200]|Aggregations:0|SELECT Name, NamespacePrefix, SystemModStamp FROM StaticResource WHERE Name LIKE :tmpVar1 LIMIT 10
22:09:47.0 (157262101)|SOQL_EXECUTE_END|[200]|Rows:1
22:09:47.0 (158383751)|ENTERING_MANAGED_PKG|tdc_tsw
22:09:47.0 (158896015)|SOQL_EXECUTE_BEGIN|[200]|Aggregations:0|SELECT Name, NamespacePrefix, SystemModStamp FROM StaticResource WHERE Name LIKE :tmpVar1 LIMIT 10
22:09:47.0 (161550630)|SOQL_EXECUTE_END|[200]|Rows:1
22:09:47.0 (161977171)|ENTERING_MANAGED_PKG|tdc_tsw
22:09:47.0 (166692997)|ENTERING_MANAGED_PKG|tdc_tsw
22:09:47.0 (168753850)|ENTERING_MANAGED_PKG|tdc_tsw
22:09:47.0 (169129092)|ENTERING_MANAGED_PKG|tdc_tsw
22:09:47.0 (170379857)|ENTERING_MANAGED_PKG|tdc_tsw
22:09:47.0 (171003715)|SOQL_EXECUTE_BEGIN|[200]|Aggregations:0|SELECT Name, NamespacePrefix, SystemModStamp FROM StaticResource WHERE Name LIKE :tmpVar1 LIMIT 10
22:09:47.0 (176136383)|SOQL_EXECUTE_END|[200]|Rows:1
22:09:47.195 (195910161)|USER_INFO|[EXTERNAL]|0051H000009gxp8|chanida.dev2@solvedbysoftwareco.com|Eastern Standard Time|GMT-05:00
22:09:47.195 (197821416)|ENTERING_MANAGED_PKG|tdc_tsw
22:09:47.195 (198196991)|ENTERING_MANAGED_PKG|tdc_tsw
22:09:47.195 (201507170)|SOQL_EXECUTE_BEGIN|[355]|Aggregations:0|SELECT id, name, Disable_Incoming_SMS_Sharing__c FROM User WHERE id = :tmpVar1
22:09:47.195 (209546061)|SOQL_EXECUTE_END|[355]|Rows:1
22:09:47.195 (210994434)|SOQL_EXECUTE_BEGIN|[367]|Aggregations:0|SELECT CreatedDate,Id,LastModifiedDate,Related_Object_Id__c FROM Message__c WHERE Name = 'Incoming' AND Read__c = false ORDER BY CreatedDate Desc limit 100
22:09:47.195 (222792016)|SOQL_EXECUTE_END|[367]|Rows:100
