44.0 APEX_CODE,FINEST;APEX_PROFILING,INFO;CALLOUT,INFO;DB,INFO;NBA,INFO;SYSTEM,DEBUG;VALIDATION,INFO;VISUALFORCE,INFO;WAVE,INFO;WORKFLOW,INFO
23:18:17.0 (210657)|USER_INFO|[EXTERNAL]|0051H000009gxp8|chanida.dev2@solvedbysoftwareco.com|Eastern Standard Time|GMT-05:00
23:18:17.0 (2458159)|ENTERING_MANAGED_PKG|tdc_tsw
23:18:17.0 (2959093)|ENTERING_MANAGED_PKG|tdc_tsw
23:18:17.0 (7143849)|SOQL_EXECUTE_BEGIN|[16]|Aggregations:0|SELECT id, name, Disable_Incoming_SMS_Sharing__c FROM User WHERE id = :tmpVar1
23:18:17.0 (14439992)|SOQL_EXECUTE_END|[16]|Rows:1
23:18:17.0 (22408758)|SOQL_EXECUTE_BEGIN|[37]|Aggregations:0|SELECT CreatedDate,Created_Date__c,Id,LastModifiedDate,MessageId__c,Message_Text_New__c,Name,OwnerId,Read__c,Related_Object_Id__c,Related_Object__c,Sender_Number__c, Sender_Name__c,ToNumber__c,Attachments_Ids__c FROM Message__c WHERE Name = 'Incoming' AND Read__c = false ORDER BY CreatedDate Desc limit 100
23:18:17.0 (39350734)|SOQL_EXECUTE_END|[37]|Rows:100
23:18:17.0 (55488379)|ENTERING_MANAGED_PKG|tdc_tsw
23:18:17.0 (57168585)|ENTERING_MANAGED_PKG|tdc_tsw
23:18:17.0 (57622349)|ENTERING_MANAGED_PKG|tdc_tsw
23:18:17.0 (58329446)|ENTERING_MANAGED_PKG|tdc_tsw
23:18:17.0 (60924715)|ENTERING_MANAGED_PKG|tdc_tsw
23:18:17.0 (61673096)|ENTERING_MANAGED_PKG|tdc_tsw
23:18:17.0 (61894805)|ENTERING_MANAGED_PKG|tdc_tsw
23:18:17.0 (62276846)|ENTERING_MANAGED_PKG|tdc_tsw
23:18:17.0 (63359991)|ENTERING_MANAGED_PKG|tdc_tsw
23:18:17.0 (64094470)|ENTERING_MANAGED_PKG|tdc_tsw
23:18:17.0 (64310777)|ENTERING_MANAGED_PKG|tdc_tsw
23:18:17.0 (64680386)|ENTERING_MANAGED_PKG|tdc_tsw
23:18:17.0 (65697722)|ENTERING_MANAGED_PKG|tdc_tsw
23:18:17.0 (66411187)|ENTERING_MANAGED_PKG|tdc_tsw
23:18:17.0 (66627473)|ENTERING_MANAGED_PKG|tdc_tsw
23:18:17.0 (67000562)|ENTERING_MANAGED_PKG|tdc_tsw
23:18:17.0 (68013481)|ENTERING_MANAGED_PKG|tdc_tsw
23:18:17.0 (68720513)|ENTERING_MANAGED_PKG|tdc_tsw
23:18:17.0 (68940829)|ENTERING_MANAGED_PKG|tdc_tsw
23:18:17.0 (69307927)|ENTERING_MANAGED_PKG|tdc_tsw
23:18:17.0 (70320636)|ENTERING_MANAGED_PKG|tdc_tsw
23:18:17.0 (71093486)|ENTERING_MANAGED_PKG|tdc_tsw
23:18:17.0 (71308534)|ENTERING_MANAGED_PKG|tdc_tsw
23:18:17.0 (71686118)|ENTERING_MANAGED_PKG|tdc_tsw
23:18:17.0 (72706205)|ENTERING_MANAGED_PKG|tdc_tsw
23:18:17.0 (73432391)|ENTERING_MANAGED_PKG|tdc_tsw
23:18:17.0 (73646201)|ENTERING_MANAGED_PKG|tdc_tsw
23:18:17.0 (74027769)|ENTERING_MANAGED_PKG|tdc_tsw
23:18:17.0 (75042508)|ENTERING_MANAGED_PKG|tdc_tsw
23:18:17.0 (75749882)|ENTERING_MANAGED_PKG|tdc_tsw
23:18:17.0 (75976050)|ENTERING_MANAGED_PKG|tdc_tsw
23:18:17.0 (76342837)|ENTERING_MANAGED_PKG|tdc_tsw
23:18:17.0 (77346316)|ENTERING_MANAGED_PKG|tdc_tsw
23:18:17.0 (78115993)|ENTERING_MANAGED_PKG|tdc_tsw
23:18:17.0 (78335453)|ENTERING_MANAGED_PKG|tdc_tsw
23:18:17.0 (78704588)|ENTERING_MANAGED_PKG|tdc_tsw
23:18:17.0 (79899307)|ENTERING_MANAGED_PKG|tdc_tsw
23:18:17.0 (80673921)|ENTERING_MANAGED_PKG|tdc_tsw
23:18:17.0 (80889391)|ENTERING_MANAGED_PKG|tdc_tsw
23:18:17.0 (81338868)|ENTERING_MANAGED_PKG|tdc_tsw
23:18:17.0 (82362597)|ENTERING_MANAGED_PKG|tdc_tsw
23:18:17.0 (83079264)|ENTERING_MANAGED_PKG|tdc_tsw
23:18:17.0 (83293093)|ENTERING_MANAGED_PKG|tdc_tsw
23:18:17.0 (83657896)|ENTERING_MANAGED_PKG|tdc_tsw
23:18:17.0 (84653884)|ENTERING_MANAGED_PKG|tdc_tsw
23:18:17.0 (85367482)|ENTERING_MANAGED_PKG|tdc_tsw
23:18:17.0 (85621076)|ENTERING_MANAGED_PKG|tdc_tsw
23:18:17.0 (86004693)|ENTERING_MANAGED_PKG|tdc_tsw
23:18:17.0 (87018393)|ENTERING_MANAGED_PKG|tdc_tsw
23:18:17.0 (87726379)|ENTERING_MANAGED_PKG|tdc_tsw
23:18:17.0 (87945061)|ENTERING_MANAGED_PKG|tdc_tsw
23:18:17.0 (88314729)|ENTERING_MANAGED_PKG|tdc_tsw
23:18:17.0 (89314181)|ENTERING_MANAGED_PKG|tdc_tsw
23:18:17.0 (90065616)|ENTERING_MANAGED_PKG|tdc_tsw
23:18:17.0 (90285370)|ENTERING_MANAGED_PKG|tdc_tsw
23:18:17.0 (90651371)|ENTERING_MANAGED_PKG|tdc_tsw
23:18:17.0 (91648475)|ENTERING_MANAGED_PKG|tdc_tsw
23:18:17.0 (92365366)|ENTERING_MANAGED_PKG|tdc_tsw
23:18:17.0 (92579585)|ENTERING_MANAGED_PKG|tdc_tsw
23:18:17.0 (92969007)|ENTERING_MANAGED_PKG|tdc_tsw
23:18:17.0 (93969406)|ENTERING_MANAGED_PKG|tdc_tsw
23:18:17.0 (94679560)|ENTERING_MANAGED_PKG|tdc_tsw
23:18:17.0 (94894234)|ENTERING_MANAGED_PKG|tdc_tsw
23:18:17.0 (95359029)|ENTERING_MANAGED_PKG|tdc_tsw
23:18:17.0 (96386419)|ENTERING_MANAGED_PKG|tdc_tsw
23:18:17.0 (97110015)|ENTERING_MANAGED_PKG|tdc_tsw
23:18:17.0 (97325050)|ENTERING_MANAGED_PKG|tdc_tsw
23:18:17.0 (97691489)|ENTERING_MANAGED_PKG|tdc_tsw
23:18:17.0 (98747604)|ENTERING_MANAGED_PKG|tdc_tsw
23:18:17.0 (99471023)|ENTERING_MANAGED_PKG|tdc_tsw
23:18:17.0 (99685376)|ENTERING_MANAGED_PKG|tdc_tsw
23:18:17.0 (100060520)|ENTERING_MANAGED_PKG|tdc_tsw
23:18:17.0 (101071719)|ENTERING_MANAGED_PKG|tdc_tsw
23:18:17.0 (101783094)|ENTERING_MANAGED_PKG|tdc_tsw
23:18:17.0 (102005987)|ENTERING_MANAGED_PKG|tdc_tsw
23:18:17.0 (102373427)|ENTERING_MANAGED_PKG|tdc_tsw
23:18:17.0 (103376193)|ENTERING_MANAGED_PKG|tdc_tsw
23:18:17.0 (104095728)|ENTERING_MANAGED_PKG|tdc_tsw
23:18:17.0 (104321221)|ENTERING_MANAGED_PKG|tdc_tsw
23:18:17.0 (104688633)|ENTERING_MANAGED_PKG|tdc_tsw
23:18:17.0 (105688322)|ENTERING_MANAGED_PKG|tdc_tsw
23:18:17.0 (106420980)|ENTERING_MANAGED_PKG|tdc_tsw
23:18:17.0 (106635633)|ENTERING_MANAGED_PKG|tdc_tsw
23:18:17.0 (107007836)|ENTERING_MANAGED_PKG|tdc_tsw
23:18:17.0 (108415124)|ENTERING_MANAGED_PKG|tdc_tsw
23:18:17.0 (109142654)|ENTERING_MANAGED_PKG|tdc_tsw
23:18:17.0 (109358773)|ENTERING_MANAGED_PKG|tdc_tsw
23:18:17.0 (109750801)|ENTERING_MANAGED_PKG|tdc_tsw
23:18:17.0 (110804828)|ENTERING_MANAGED_PKG|tdc_tsw
23:18:17.0 (111524931)|ENTERING_MANAGED_PKG|tdc_tsw
23:18:17.0 (111740001)|ENTERING_MANAGED_PKG|tdc_tsw
23:18:17.0 (112120473)|ENTERING_MANAGED_PKG|tdc_tsw
23:18:17.0 (113182614)|ENTERING_MANAGED_PKG|tdc_tsw
23:18:17.0 (113956978)|ENTERING_MANAGED_PKG|tdc_tsw
23:18:17.0 (114247549)|ENTERING_MANAGED_PKG|tdc_tsw
23:18:17.0 (114663285)|ENTERING_MANAGED_PKG|tdc_tsw
23:18:17.0 (115690803)|ENTERING_MANAGED_PKG|tdc_tsw
23:18:17.0 (116405361)|ENTERING_MANAGED_PKG|tdc_tsw
23:18:17.0 (116620616)|ENTERING_MANAGED_PKG|tdc_tsw
23:18:17.0 (116988351)|ENTERING_MANAGED_PKG|tdc_tsw
23:18:17.0 (117985742)|ENTERING_MANAGED_PKG|tdc_tsw
23:18:17.0 (118690857)|ENTERING_MANAGED_PKG|tdc_tsw
23:18:17.0 (118910935)|ENTERING_MANAGED_PKG|tdc_tsw
23:18:17.0 (119281432)|ENTERING_MANAGED_PKG|tdc_tsw
23:18:17.0 (120298913)|ENTERING_MANAGED_PKG|tdc_tsw
23:18:17.0 (121010347)|ENTERING_MANAGED_PKG|tdc_tsw
23:18:17.0 (121224915)|ENTERING_MANAGED_PKG|tdc_tsw
23:18:17.0 (121585144)|ENTERING_MANAGED_PKG|tdc_tsw
23:18:17.0 (122605498)|ENTERING_MANAGED_PKG|tdc_tsw
23:18:17.0 (123328809)|ENTERING_MANAGED_PKG|tdc_tsw
23:18:17.0 (123547697)|ENTERING_MANAGED_PKG|tdc_tsw
23:18:17.0 (123907101)|ENTERING_MANAGED_PKG|tdc_tsw
23:18:17.0 (124899832)|ENTERING_MANAGED_PKG|tdc_tsw
23:18:17.0 (125847280)|ENTERING_MANAGED_PKG|tdc_tsw
23:18:17.0 (126175787)|ENTERING_MANAGED_PKG|tdc_tsw
23:18:17.0 (126689290)|ENTERING_MANAGED_PKG|tdc_tsw
23:18:17.0 (128020866)|ENTERING_MANAGED_PKG|tdc_tsw
23:18:17.0 (128741960)|ENTERING_MANAGED_PKG|tdc_tsw
23:18:17.0 (128963403)|ENTERING_MANAGED_PKG|tdc_tsw
23:18:17.0 (129356852)|ENTERING_MANAGED_PKG|tdc_tsw
23:18:17.0 (130410170)|ENTERING_MANAGED_PKG|tdc_tsw
23:18:17.0 (131135279)|ENTERING_MANAGED_PKG|tdc_tsw
23:18:17.0 (131356673)|ENTERING_MANAGED_PKG|tdc_tsw
23:18:17.0 (131721228)|ENTERING_MANAGED_PKG|tdc_tsw
23:18:17.0 (132726950)|ENTERING_MANAGED_PKG|tdc_tsw
23:18:17.0 (133447625)|ENTERING_MANAGED_PKG|tdc_tsw
23:18:17.0 (133663860)|ENTERING_MANAGED_PKG|tdc_tsw
23:18:17.0 (134050769)|ENTERING_MANAGED_PKG|tdc_tsw
23:18:17.0 (135095573)|ENTERING_MANAGED_PKG|tdc_tsw
23:18:17.0 (135863733)|ENTERING_MANAGED_PKG|tdc_tsw
23:18:17.0 (136088330)|ENTERING_MANAGED_PKG|tdc_tsw
23:18:17.0 (136498822)|ENTERING_MANAGED_PKG|tdc_tsw
23:18:17.0 (137517010)|ENTERING_MANAGED_PKG|tdc_tsw
23:18:17.0 (138259905)|ENTERING_MANAGED_PKG|tdc_tsw
23:18:17.0 (138473949)|ENTERING_MANAGED_PKG|tdc_tsw
23:18:17.0 (138841276)|ENTERING_MANAGED_PKG|tdc_tsw
23:18:17.0 (139860204)|ENTERING_MANAGED_PKG|tdc_tsw
23:18:17.0 (140573606)|ENTERING_MANAGED_PKG|tdc_tsw
23:18:17.0 (140789431)|ENTERING_MANAGED_PKG|tdc_tsw
23:18:17.0 (141174214)|ENTERING_MANAGED_PKG|tdc_tsw
23:18:17.0 (142177891)|ENTERING_MANAGED_PKG|tdc_tsw
23:18:17.0 (142885704)|ENTERING_MANAGED_PKG|tdc_tsw
23:18:17.0 (143105142)|ENTERING_MANAGED_PKG|tdc_tsw
23:18:17.0 (143471983)|ENTERING_MANAGED_PKG|tdc_tsw
23:18:17.0 (144514945)|ENTERING_MANAGED_PKG|tdc_tsw
23:18:17.0 (145234839)|ENTERING_MANAGED_PKG|tdc_tsw
23:18:17.0 (145450365)|ENTERING_MANAGED_PKG|tdc_tsw
23:18:17.0 (145826381)|ENTERING_MANAGED_PKG|tdc_tsw
23:18:17.0 (146837171)|ENTERING_MANAGED_PKG|tdc_tsw
23:18:17.0 (147549434)|ENTERING_MANAGED_PKG|tdc_tsw
23:18:17.0 (147837960)|ENTERING_MANAGED_PKG|tdc_tsw
23:18:17.0 (148222189)|ENTERING_MANAGED_PKG|tdc_tsw
23:18:17.0 (149244196)|ENTERING_MANAGED_PKG|tdc_tsw
23:18:17.0 (149955932)|ENTERING_MANAGED_PKG|tdc_tsw
23:18:17.0 (150169862)|ENTERING_MANAGED_PKG|tdc_tsw
23:18:17.0 (150535792)|ENTERING_MANAGED_PKG|tdc_tsw
23:18:17.0 (151536504)|ENTERING_MANAGED_PKG|tdc_tsw
23:18:17.0 (152249633)|ENTERING_MANAGED_PKG|tdc_tsw
23:18:17.0 (152463749)|ENTERING_MANAGED_PKG|tdc_tsw
23:18:17.0 (152830112)|ENTERING_MANAGED_PKG|tdc_tsw
23:18:17.0 (153857550)|ENTERING_MANAGED_PKG|tdc_tsw
23:18:17.0 (154590378)|ENTERING_MANAGED_PKG|tdc_tsw
23:18:17.0 (154804823)|ENTERING_MANAGED_PKG|tdc_tsw
23:18:17.0 (155187794)|ENTERING_MANAGED_PKG|tdc_tsw
23:18:17.0 (156284082)|ENTERING_MANAGED_PKG|tdc_tsw
23:18:17.0 (156999190)|ENTERING_MANAGED_PKG|tdc_tsw
23:18:17.0 (157226233)|ENTERING_MANAGED_PKG|tdc_tsw
23:18:17.0 (157675308)|ENTERING_MANAGED_PKG|tdc_tsw
23:18:17.0 (158681527)|ENTERING_MANAGED_PKG|tdc_tsw
23:18:17.0 (159402203)|ENTERING_MANAGED_PKG|tdc_tsw
23:18:17.0 (159617212)|ENTERING_MANAGED_PKG|tdc_tsw
23:18:17.0 (160006983)|ENTERING_MANAGED_PKG|tdc_tsw
23:18:17.0 (161012518)|ENTERING_MANAGED_PKG|tdc_tsw
23:18:17.0 (161715732)|ENTERING_MANAGED_PKG|tdc_tsw
23:18:17.0 (161930108)|ENTERING_MANAGED_PKG|tdc_tsw
23:18:17.0 (162305354)|ENTERING_MANAGED_PKG|tdc_tsw
23:18:17.0 (163333368)|ENTERING_MANAGED_PKG|tdc_tsw
23:18:17.0 (164062585)|ENTERING_MANAGED_PKG|tdc_tsw
23:18:17.0 (164277936)|ENTERING_MANAGED_PKG|tdc_tsw
23:18:17.0 (164645652)|ENTERING_MANAGED_PKG|tdc_tsw
23:18:17.0 (165682661)|ENTERING_MANAGED_PKG|tdc_tsw
23:18:17.0 (166403624)|ENTERING_MANAGED_PKG|tdc_tsw
23:18:17.0 (166620207)|ENTERING_MANAGED_PKG|tdc_tsw
23:18:17.0 (167001494)|ENTERING_MANAGED_PKG|tdc_tsw
23:18:17.0 (168046895)|ENTERING_MANAGED_PKG|tdc_tsw
23:18:17.0 (168889462)|ENTERING_MANAGED_PKG|tdc_tsw
23:18:17.0 (169121096)|ENTERING_MANAGED_PKG|tdc_tsw
23:18:17.0 (169520226)|ENTERING_MANAGED_PKG|tdc_tsw
23:18:17.0 (170546805)|ENTERING_MANAGED_PKG|tdc_tsw
23:18:17.0 (171366922)|ENTERING_MANAGED_PKG|tdc_tsw
23:18:17.0 (171584050)|ENTERING_MANAGED_PKG|tdc_tsw
23:18:17.0 (171999152)|ENTERING_MANAGED_PKG|tdc_tsw
23:18:17.0 (173006396)|ENTERING_MANAGED_PKG|tdc_tsw
23:18:17.0 (173712723)|ENTERING_MANAGED_PKG|tdc_tsw
23:18:17.0 (173927666)|ENTERING_MANAGED_PKG|tdc_tsw
23:18:17.0 (174303922)|ENTERING_MANAGED_PKG|tdc_tsw
23:18:17.0 (175391172)|ENTERING_MANAGED_PKG|tdc_tsw
23:18:17.0 (176118510)|ENTERING_MANAGED_PKG|tdc_tsw
23:18:17.0 (176314201)|ENTERING_MANAGED_PKG|tdc_tsw
23:18:17.0 (176688738)|ENTERING_MANAGED_PKG|tdc_tsw
23:18:17.0 (177710523)|ENTERING_MANAGED_PKG|tdc_tsw
23:18:17.0 (178452179)|ENTERING_MANAGED_PKG|tdc_tsw
23:18:17.0 (178667464)|ENTERING_MANAGED_PKG|tdc_tsw
23:18:17.0 (179046971)|ENTERING_MANAGED_PKG|tdc_tsw
23:18:17.0 (180134748)|ENTERING_MANAGED_PKG|tdc_tsw
23:18:17.0 (180932469)|ENTERING_MANAGED_PKG|tdc_tsw
23:18:17.0 (181198082)|ENTERING_MANAGED_PKG|tdc_tsw
23:18:17.0 (181584532)|ENTERING_MANAGED_PKG|tdc_tsw
23:18:17.0 (182890856)|ENTERING_MANAGED_PKG|tdc_tsw
23:18:17.0 (183722228)|ENTERING_MANAGED_PKG|tdc_tsw
23:18:17.0 (183810819)|ENTERING_MANAGED_PKG|tdc_tsw
23:18:17.0 (184335713)|SOQL_EXECUTE_BEGIN|[200]|Aggregations:0|SELECT Name, NamespacePrefix, SystemModStamp FROM StaticResource WHERE Name LIKE :tmpVar1 LIMIT 10
23:18:17.0 (187739206)|SOQL_EXECUTE_END|[200]|Rows:1
23:18:17.0 (188458221)|ENTERING_MANAGED_PKG|tdc_tsw
23:18:17.0 (188829220)|SOQL_EXECUTE_BEGIN|[200]|Aggregations:0|SELECT Name, NamespacePrefix, SystemModStamp FROM StaticResource WHERE Name LIKE :tmpVar1 LIMIT 10
23:18:17.0 (191651243)|SOQL_EXECUTE_END|[200]|Rows:1
23:18:17.0 (192072139)|ENTERING_MANAGED_PKG|tdc_tsw
23:18:17.0 (195731222)|ENTERING_MANAGED_PKG|tdc_tsw
23:18:17.0 (197214551)|ENTERING_MANAGED_PKG|tdc_tsw
23:18:17.0 (197492491)|ENTERING_MANAGED_PKG|tdc_tsw
23:18:17.0 (198405946)|ENTERING_MANAGED_PKG|tdc_tsw
23:18:17.0 (198827691)|SOQL_EXECUTE_BEGIN|[200]|Aggregations:0|SELECT Name, NamespacePrefix, SystemModStamp FROM StaticResource WHERE Name LIKE :tmpVar1 LIMIT 10
23:18:17.0 (201655847)|SOQL_EXECUTE_END|[200]|Rows:1
23:18:17.211 (211787473)|USER_INFO|[EXTERNAL]|0051H000009gxp8|chanida.dev2@solvedbysoftwareco.com|Eastern Standard Time|GMT-05:00
23:18:17.211 (213539787)|ENTERING_MANAGED_PKG|tdc_tsw
23:18:17.211 (213716569)|ENTERING_MANAGED_PKG|tdc_tsw
23:18:17.211 (216171160)|SOQL_EXECUTE_BEGIN|[355]|Aggregations:0|SELECT id, name, Disable_Incoming_SMS_Sharing__c FROM User WHERE id = :tmpVar1
23:18:17.211 (223442549)|SOQL_EXECUTE_END|[355]|Rows:1
23:18:17.211 (224476122)|SOQL_EXECUTE_BEGIN|[367]|Aggregations:0|SELECT CreatedDate,Id,LastModifiedDate,Related_Object_Id__c FROM Message__c WHERE Name = 'Incoming' AND Read__c = false ORDER BY CreatedDate Desc limit 100
23:18:17.211 (233215840)|SOQL_EXECUTE_END|[367]|Rows:100
