44.0 APEX_CODE,FINEST;APEX_PROFILING,INFO;CALLOUT,INFO;DB,INFO;NBA,INFO;SYSTEM,DEBUG;VALIDATION,INFO;VISUALFORCE,INFO;WAVE,INFO;WORKFLOW,INFO
20:51:32.0 (124544)|USER_INFO|[EXTERNAL]|0051H000009gxp8|chanida.dev2@solvedbysoftwareco.com|Eastern Standard Time|GMT-05:00
20:51:32.0 (1782466)|ENTERING_MANAGED_PKG|tdc_tsw
20:51:32.0 (2198329)|ENTERING_MANAGED_PKG|tdc_tsw
20:51:32.0 (5647733)|SOQL_EXECUTE_BEGIN|[16]|Aggregations:0|SELECT id, name, Disable_Incoming_SMS_Sharing__c FROM User WHERE id = :tmpVar1
20:51:32.0 (12073888)|SOQL_EXECUTE_END|[16]|Rows:1
20:51:32.0 (17054611)|SOQL_EXECUTE_BEGIN|[37]|Aggregations:0|SELECT CreatedDate,Created_Date__c,Id,LastModifiedDate,MessageId__c,Message_Text_New__c,Name,OwnerId,Read__c,Related_Object_Id__c,Related_Object__c,Sender_Number__c, Sender_Name__c,ToNumber__c,Attachments_Ids__c FROM Message__c WHERE Name = 'Incoming' AND Read__c = false ORDER BY CreatedDate Desc limit 100
20:51:32.0 (31714831)|SOQL_EXECUTE_END|[37]|Rows:94
20:51:32.0 (47002759)|ENTERING_MANAGED_PKG|tdc_tsw
20:51:32.0 (48706064)|ENTERING_MANAGED_PKG|tdc_tsw
20:51:32.0 (49192690)|ENTERING_MANAGED_PKG|tdc_tsw
20:51:32.0 (49869200)|ENTERING_MANAGED_PKG|tdc_tsw
20:51:32.0 (52539258)|ENTERING_MANAGED_PKG|tdc_tsw
20:51:32.0 (53295188)|ENTERING_MANAGED_PKG|tdc_tsw
20:51:32.0 (53526918)|ENTERING_MANAGED_PKG|tdc_tsw
20:51:32.0 (53907575)|ENTERING_MANAGED_PKG|tdc_tsw
20:51:32.0 (54947610)|ENTERING_MANAGED_PKG|tdc_tsw
20:51:32.0 (55680374)|ENTERING_MANAGED_PKG|tdc_tsw
20:51:32.0 (55902658)|ENTERING_MANAGED_PKG|tdc_tsw
20:51:32.0 (56275963)|ENTERING_MANAGED_PKG|tdc_tsw
20:51:32.0 (57312240)|ENTERING_MANAGED_PKG|tdc_tsw
20:51:32.0 (58043668)|ENTERING_MANAGED_PKG|tdc_tsw
20:51:32.0 (58283610)|ENTERING_MANAGED_PKG|tdc_tsw
20:51:32.0 (58666613)|ENTERING_MANAGED_PKG|tdc_tsw
20:51:32.0 (59700134)|ENTERING_MANAGED_PKG|tdc_tsw
20:51:32.0 (60427185)|ENTERING_MANAGED_PKG|tdc_tsw
20:51:32.0 (60655745)|ENTERING_MANAGED_PKG|tdc_tsw
20:51:32.0 (61032872)|ENTERING_MANAGED_PKG|tdc_tsw
20:51:32.0 (62065804)|ENTERING_MANAGED_PKG|tdc_tsw
20:51:32.0 (62794973)|ENTERING_MANAGED_PKG|tdc_tsw
20:51:32.0 (63016065)|ENTERING_MANAGED_PKG|tdc_tsw
20:51:32.0 (63390478)|ENTERING_MANAGED_PKG|tdc_tsw
20:51:32.0 (64421788)|ENTERING_MANAGED_PKG|tdc_tsw
20:51:32.0 (65151229)|ENTERING_MANAGED_PKG|tdc_tsw
20:51:32.0 (65380357)|ENTERING_MANAGED_PKG|tdc_tsw
20:51:32.0 (65766729)|ENTERING_MANAGED_PKG|tdc_tsw
20:51:32.0 (66798994)|ENTERING_MANAGED_PKG|tdc_tsw
20:51:32.0 (67816922)|ENTERING_MANAGED_PKG|tdc_tsw
20:51:32.0 (68059265)|ENTERING_MANAGED_PKG|tdc_tsw
20:51:32.0 (68438436)|ENTERING_MANAGED_PKG|tdc_tsw
20:51:32.0 (69480606)|ENTERING_MANAGED_PKG|tdc_tsw
20:51:32.0 (70214560)|ENTERING_MANAGED_PKG|tdc_tsw
20:51:32.0 (70435516)|ENTERING_MANAGED_PKG|tdc_tsw
20:51:32.0 (70836390)|ENTERING_MANAGED_PKG|tdc_tsw
20:51:32.0 (71885923)|ENTERING_MANAGED_PKG|tdc_tsw
20:51:32.0 (72618144)|ENTERING_MANAGED_PKG|tdc_tsw
20:51:32.0 (72840362)|ENTERING_MANAGED_PKG|tdc_tsw
20:51:32.0 (73224737)|ENTERING_MANAGED_PKG|tdc_tsw
20:51:32.0 (74264228)|ENTERING_MANAGED_PKG|tdc_tsw
20:51:32.0 (75031000)|ENTERING_MANAGED_PKG|tdc_tsw
20:51:32.0 (75254428)|ENTERING_MANAGED_PKG|tdc_tsw
20:51:32.0 (75641549)|ENTERING_MANAGED_PKG|tdc_tsw
20:51:32.0 (76682394)|ENTERING_MANAGED_PKG|tdc_tsw
20:51:32.0 (77460106)|ENTERING_MANAGED_PKG|tdc_tsw
20:51:32.0 (77702407)|ENTERING_MANAGED_PKG|tdc_tsw
20:51:32.0 (78071552)|ENTERING_MANAGED_PKG|tdc_tsw
20:51:32.0 (79103746)|ENTERING_MANAGED_PKG|tdc_tsw
20:51:32.0 (79833177)|ENTERING_MANAGED_PKG|tdc_tsw
20:51:32.0 (80055509)|ENTERING_MANAGED_PKG|tdc_tsw
20:51:32.0 (80436165)|ENTERING_MANAGED_PKG|tdc_tsw
20:51:32.0 (81477504)|ENTERING_MANAGED_PKG|tdc_tsw
20:51:32.0 (82211372)|ENTERING_MANAGED_PKG|tdc_tsw
20:51:32.0 (82411145)|ENTERING_MANAGED_PKG|tdc_tsw
20:51:32.0 (82793301)|ENTERING_MANAGED_PKG|tdc_tsw
20:51:32.0 (83850912)|ENTERING_MANAGED_PKG|tdc_tsw
20:51:32.0 (84586652)|ENTERING_MANAGED_PKG|tdc_tsw
20:51:32.0 (84807381)|ENTERING_MANAGED_PKG|tdc_tsw
20:51:32.0 (85181354)|ENTERING_MANAGED_PKG|tdc_tsw
20:51:32.0 (86220068)|ENTERING_MANAGED_PKG|tdc_tsw
20:51:32.0 (86951927)|ENTERING_MANAGED_PKG|tdc_tsw
20:51:32.0 (87147364)|ENTERING_MANAGED_PKG|tdc_tsw
20:51:32.0 (87527682)|ENTERING_MANAGED_PKG|tdc_tsw
20:51:32.0 (88595075)|ENTERING_MANAGED_PKG|tdc_tsw
20:51:32.0 (89320766)|ENTERING_MANAGED_PKG|tdc_tsw
20:51:32.0 (89525384)|ENTERING_MANAGED_PKG|tdc_tsw
20:51:32.0 (90160366)|ENTERING_MANAGED_PKG|tdc_tsw
20:51:32.0 (91291630)|ENTERING_MANAGED_PKG|tdc_tsw
20:51:32.0 (92026231)|ENTERING_MANAGED_PKG|tdc_tsw
20:51:32.0 (92248262)|ENTERING_MANAGED_PKG|tdc_tsw
20:51:32.0 (92717066)|ENTERING_MANAGED_PKG|tdc_tsw
20:51:32.0 (93843765)|ENTERING_MANAGED_PKG|tdc_tsw
20:51:32.0 (94588542)|ENTERING_MANAGED_PKG|tdc_tsw
20:51:32.0 (94810553)|ENTERING_MANAGED_PKG|tdc_tsw
20:51:32.0 (95274178)|ENTERING_MANAGED_PKG|tdc_tsw
20:51:32.0 (96668945)|ENTERING_MANAGED_PKG|tdc_tsw
20:51:32.0 (97546596)|ENTERING_MANAGED_PKG|tdc_tsw
20:51:32.0 (97630681)|ENTERING_MANAGED_PKG|tdc_tsw
20:51:32.0 (98245462)|SOQL_EXECUTE_BEGIN|[200]|Aggregations:0|SELECT Name, NamespacePrefix, SystemModStamp FROM StaticResource WHERE Name LIKE :tmpVar1 LIMIT 10
20:51:32.0 (101475704)|SOQL_EXECUTE_END|[200]|Rows:1
20:51:32.0 (102282169)|ENTERING_MANAGED_PKG|tdc_tsw
20:51:32.0 (102627638)|SOQL_EXECUTE_BEGIN|[200]|Aggregations:0|SELECT Name, NamespacePrefix, SystemModStamp FROM StaticResource WHERE Name LIKE :tmpVar1 LIMIT 10
20:51:32.0 (104619580)|SOQL_EXECUTE_END|[200]|Rows:1
20:51:32.0 (104999970)|ENTERING_MANAGED_PKG|tdc_tsw
20:51:32.0 (108120663)|ENTERING_MANAGED_PKG|tdc_tsw
20:51:32.0 (109557912)|ENTERING_MANAGED_PKG|tdc_tsw
20:51:32.0 (109882393)|ENTERING_MANAGED_PKG|tdc_tsw
20:51:32.0 (110664143)|ENTERING_MANAGED_PKG|tdc_tsw
20:51:32.0 (111001266)|SOQL_EXECUTE_BEGIN|[200]|Aggregations:0|SELECT Name, NamespacePrefix, SystemModStamp FROM StaticResource WHERE Name LIKE :tmpVar1 LIMIT 10
20:51:32.0 (113312289)|SOQL_EXECUTE_END|[200]|Rows:1
20:51:32.120 (120905093)|USER_INFO|[EXTERNAL]|0051H000009gxp8|chanida.dev2@solvedbysoftwareco.com|Eastern Standard Time|GMT-05:00
20:51:32.120 (122258039)|ENTERING_MANAGED_PKG|tdc_tsw
20:51:32.120 (122458632)|ENTERING_MANAGED_PKG|tdc_tsw
20:51:32.120 (124737538)|SOQL_EXECUTE_BEGIN|[355]|Aggregations:0|SELECT id, name, Disable_Incoming_SMS_Sharing__c FROM User WHERE id = :tmpVar1
20:51:32.120 (130252254)|SOQL_EXECUTE_END|[355]|Rows:1
20:51:32.120 (131148804)|SOQL_EXECUTE_BEGIN|[367]|Aggregations:0|SELECT CreatedDate,Id,LastModifiedDate,Related_Object_Id__c FROM Message__c WHERE Name = 'Incoming' AND Read__c = false ORDER BY CreatedDate Desc limit 100
20:51:32.120 (139731572)|SOQL_EXECUTE_END|[367]|Rows:94
