44.0 APEX_CODE,FINEST;APEX_PROFILING,INFO;CALLOUT,INFO;DB,INFO;NBA,INFO;SYSTEM,DEBUG;VALIDATION,INFO;VISUALFORCE,INFO;WAVE,INFO;WORKFLOW,INFO
18:17:47.0 (188884)|USER_INFO|[EXTERNAL]|0051H000009gxp8|chanida.dev2@solvedbysoftwareco.com|Eastern Standard Time|GMT-05:00
18:17:47.0 (2031182)|ENTERING_MANAGED_PKG|tdc_tsw
18:17:47.0 (2733175)|ENTERING_MANAGED_PKG|tdc_tsw
18:17:47.0 (8389542)|SOQL_EXECUTE_BEGIN|[16]|Aggregations:0|SELECT id, name, Disable_Incoming_SMS_Sharing__c FROM User WHERE id = :tmpVar1
18:17:47.0 (22539899)|SOQL_EXECUTE_END|[16]|Rows:1
18:17:47.0 (28382617)|SOQL_EXECUTE_BEGIN|[37]|Aggregations:0|SELECT CreatedDate,Created_Date__c,Id,LastModifiedDate,MessageId__c,Message_Text_New__c,Name,OwnerId,Read__c,Related_Object_Id__c,Related_Object__c,Sender_Number__c, Sender_Name__c,ToNumber__c,Attachments_Ids__c FROM Message__c WHERE Name = 'Incoming' AND Read__c = false ORDER BY CreatedDate Desc limit 100
18:17:47.0 (41662734)|SOQL_EXECUTE_END|[37]|Rows:14
18:17:47.0 (47240584)|ENTERING_MANAGED_PKG|tdc_tsw
18:17:47.0 (49934053)|ENTERING_MANAGED_PKG|tdc_tsw
18:17:47.0 (50610568)|ENTERING_MANAGED_PKG|tdc_tsw
18:17:47.0 (51702931)|ENTERING_MANAGED_PKG|tdc_tsw
18:17:47.0 (55786509)|ENTERING_MANAGED_PKG|tdc_tsw
18:17:47.0 (57078660)|ENTERING_MANAGED_PKG|tdc_tsw
18:17:47.0 (57503913)|ENTERING_MANAGED_PKG|tdc_tsw
18:17:47.0 (58228097)|ENTERING_MANAGED_PKG|tdc_tsw
18:17:47.0 (60275567)|ENTERING_MANAGED_PKG|tdc_tsw
18:17:47.0 (61227162)|ENTERING_MANAGED_PKG|tdc_tsw
18:17:47.0 (61340894)|ENTERING_MANAGED_PKG|tdc_tsw
18:17:47.0 (62289195)|SOQL_EXECUTE_BEGIN|[200]|Aggregations:0|SELECT Name, NamespacePrefix, SystemModStamp FROM StaticResource WHERE Name LIKE :tmpVar1 LIMIT 10
18:17:47.0 (66477590)|SOQL_EXECUTE_END|[200]|Rows:1
18:17:47.0 (67269841)|ENTERING_MANAGED_PKG|tdc_tsw
18:17:47.0 (67626486)|SOQL_EXECUTE_BEGIN|[200]|Aggregations:0|SELECT Name, NamespacePrefix, SystemModStamp FROM StaticResource WHERE Name LIKE :tmpVar1 LIMIT 10
18:17:47.0 (69805633)|SOQL_EXECUTE_END|[200]|Rows:1
18:17:47.0 (70190050)|ENTERING_MANAGED_PKG|tdc_tsw
18:17:47.0 (73503805)|ENTERING_MANAGED_PKG|tdc_tsw
18:17:47.0 (75017300)|ENTERING_MANAGED_PKG|tdc_tsw
18:17:47.0 (75327919)|ENTERING_MANAGED_PKG|tdc_tsw
18:17:47.0 (76186827)|ENTERING_MANAGED_PKG|tdc_tsw
18:17:47.0 (76564949)|SOQL_EXECUTE_BEGIN|[200]|Aggregations:0|SELECT Name, NamespacePrefix, SystemModStamp FROM StaticResource WHERE Name LIKE :tmpVar1 LIMIT 10
18:17:47.0 (78971558)|SOQL_EXECUTE_END|[200]|Rows:1
18:17:47.96 (96467646)|USER_INFO|[EXTERNAL]|0051H000009gxp8|chanida.dev2@solvedbysoftwareco.com|Eastern Standard Time|GMT-05:00
18:17:47.96 (98206382)|ENTERING_MANAGED_PKG|tdc_tsw
18:17:47.96 (98503930)|ENTERING_MANAGED_PKG|tdc_tsw
18:17:47.96 (102140516)|SOQL_EXECUTE_BEGIN|[355]|Aggregations:0|SELECT id, name, Disable_Incoming_SMS_Sharing__c FROM User WHERE id = :tmpVar1
18:17:47.96 (111326877)|SOQL_EXECUTE_END|[355]|Rows:1
18:17:47.96 (112319197)|SOQL_EXECUTE_BEGIN|[367]|Aggregations:0|SELECT CreatedDate,Id,LastModifiedDate,Related_Object_Id__c FROM Message__c WHERE Name = 'Incoming' AND Read__c = false ORDER BY CreatedDate Desc limit 100
18:17:47.96 (118770340)|SOQL_EXECUTE_END|[367]|Rows:14
