44.0 APEX_CODE,FINEST;APEX_PROFILING,INFO;CALLOUT,INFO;DB,INFO;NBA,INFO;SYSTEM,DEBUG;VALIDATION,INFO;VISUALFORCE,INFO;WAVE,INFO;WORKFLOW,INFO
22:50:37.0 (252243)|USER_INFO|[EXTERNAL]|0051H000009gxp8|chanida.dev2@solvedbysoftwareco.com|Eastern Standard Time|GMT-05:00
22:50:37.0 (2031505)|ENTERING_MANAGED_PKG|tdc_tsw
22:50:37.0 (2556277)|ENTERING_MANAGED_PKG|tdc_tsw
22:50:37.0 (6714356)|SOQL_EXECUTE_BEGIN|[16]|Aggregations:0|SELECT id, name, Disable_Incoming_SMS_Sharing__c FROM User WHERE id = :tmpVar1
22:50:37.0 (13751979)|SOQL_EXECUTE_END|[16]|Rows:1
22:50:37.0 (19931784)|SOQL_EXECUTE_BEGIN|[37]|Aggregations:0|SELECT CreatedDate,Created_Date__c,Id,LastModifiedDate,MessageId__c,Message_Text_New__c,Name,OwnerId,Read__c,Related_Object_Id__c,Related_Object__c,Sender_Number__c, Sender_Name__c,ToNumber__c,Attachments_Ids__c FROM Message__c WHERE Name = 'Incoming' AND Read__c = false ORDER BY CreatedDate Desc limit 100
22:50:37.0 (35748160)|SOQL_EXECUTE_END|[37]|Rows:100
22:50:37.0 (53080684)|ENTERING_MANAGED_PKG|tdc_tsw
22:50:37.0 (54875045)|ENTERING_MANAGED_PKG|tdc_tsw
22:50:37.0 (55408970)|ENTERING_MANAGED_PKG|tdc_tsw
22:50:37.0 (56076628)|ENTERING_MANAGED_PKG|tdc_tsw
22:50:37.0 (58801153)|ENTERING_MANAGED_PKG|tdc_tsw
22:50:37.0 (59740512)|ENTERING_MANAGED_PKG|tdc_tsw
22:50:37.0 (60017354)|ENTERING_MANAGED_PKG|tdc_tsw
22:50:37.0 (60400569)|ENTERING_MANAGED_PKG|tdc_tsw
22:50:37.0 (61436892)|ENTERING_MANAGED_PKG|tdc_tsw
22:50:37.0 (62244921)|ENTERING_MANAGED_PKG|tdc_tsw
22:50:37.0 (62465073)|ENTERING_MANAGED_PKG|tdc_tsw
22:50:37.0 (62852547)|ENTERING_MANAGED_PKG|tdc_tsw
22:50:37.0 (63879200)|ENTERING_MANAGED_PKG|tdc_tsw
22:50:37.0 (64593906)|ENTERING_MANAGED_PKG|tdc_tsw
22:50:37.0 (64823641)|ENTERING_MANAGED_PKG|tdc_tsw
22:50:37.0 (65194987)|ENTERING_MANAGED_PKG|tdc_tsw
22:50:37.0 (66216811)|ENTERING_MANAGED_PKG|tdc_tsw
22:50:37.0 (66981197)|ENTERING_MANAGED_PKG|tdc_tsw
22:50:37.0 (67198406)|ENTERING_MANAGED_PKG|tdc_tsw
22:50:37.0 (67573472)|ENTERING_MANAGED_PKG|tdc_tsw
22:50:37.0 (68620850)|ENTERING_MANAGED_PKG|tdc_tsw
22:50:37.0 (69362043)|ENTERING_MANAGED_PKG|tdc_tsw
22:50:37.0 (69579346)|ENTERING_MANAGED_PKG|tdc_tsw
22:50:37.0 (69956846)|ENTERING_MANAGED_PKG|tdc_tsw
22:50:37.0 (71025166)|ENTERING_MANAGED_PKG|tdc_tsw
22:50:37.0 (71781866)|ENTERING_MANAGED_PKG|tdc_tsw
22:50:37.0 (71999889)|ENTERING_MANAGED_PKG|tdc_tsw
22:50:37.0 (72415775)|ENTERING_MANAGED_PKG|tdc_tsw
22:50:37.0 (73439183)|ENTERING_MANAGED_PKG|tdc_tsw
22:50:37.0 (74196600)|ENTERING_MANAGED_PKG|tdc_tsw
22:50:37.0 (74445698)|ENTERING_MANAGED_PKG|tdc_tsw
22:50:37.0 (74837774)|ENTERING_MANAGED_PKG|tdc_tsw
22:50:37.0 (75868109)|ENTERING_MANAGED_PKG|tdc_tsw
22:50:37.0 (76685214)|ENTERING_MANAGED_PKG|tdc_tsw
22:50:37.0 (76979349)|ENTERING_MANAGED_PKG|tdc_tsw
22:50:37.0 (77352225)|ENTERING_MANAGED_PKG|tdc_tsw
22:50:37.0 (78603636)|ENTERING_MANAGED_PKG|tdc_tsw
22:50:37.0 (79606053)|ENTERING_MANAGED_PKG|tdc_tsw
22:50:37.0 (79837070)|ENTERING_MANAGED_PKG|tdc_tsw
22:50:37.0 (80225601)|ENTERING_MANAGED_PKG|tdc_tsw
22:50:37.0 (81272499)|ENTERING_MANAGED_PKG|tdc_tsw
22:50:37.0 (82103964)|ENTERING_MANAGED_PKG|tdc_tsw
22:50:37.0 (82322156)|ENTERING_MANAGED_PKG|tdc_tsw
22:50:37.0 (82695400)|ENTERING_MANAGED_PKG|tdc_tsw
22:50:37.0 (83716611)|ENTERING_MANAGED_PKG|tdc_tsw
22:50:37.0 (84517650)|ENTERING_MANAGED_PKG|tdc_tsw
22:50:37.0 (84805194)|ENTERING_MANAGED_PKG|tdc_tsw
22:50:37.0 (85189397)|ENTERING_MANAGED_PKG|tdc_tsw
22:50:37.0 (86220909)|ENTERING_MANAGED_PKG|tdc_tsw
22:50:37.0 (86941106)|ENTERING_MANAGED_PKG|tdc_tsw
22:50:37.0 (87156797)|ENTERING_MANAGED_PKG|tdc_tsw
22:50:37.0 (87527920)|ENTERING_MANAGED_PKG|tdc_tsw
22:50:37.0 (88597842)|ENTERING_MANAGED_PKG|tdc_tsw
22:50:37.0 (89324014)|ENTERING_MANAGED_PKG|tdc_tsw
22:50:37.0 (89539807)|ENTERING_MANAGED_PKG|tdc_tsw
22:50:37.0 (89921227)|ENTERING_MANAGED_PKG|tdc_tsw
22:50:37.0 (90941666)|ENTERING_MANAGED_PKG|tdc_tsw
22:50:37.0 (91726634)|ENTERING_MANAGED_PKG|tdc_tsw
22:50:37.0 (91973669)|ENTERING_MANAGED_PKG|tdc_tsw
22:50:37.0 (92347697)|ENTERING_MANAGED_PKG|tdc_tsw
22:50:37.0 (93363174)|ENTERING_MANAGED_PKG|tdc_tsw
22:50:37.0 (94109434)|ENTERING_MANAGED_PKG|tdc_tsw
22:50:37.0 (94348615)|ENTERING_MANAGED_PKG|tdc_tsw
22:50:37.0 (94742347)|ENTERING_MANAGED_PKG|tdc_tsw
22:50:37.0 (95750946)|ENTERING_MANAGED_PKG|tdc_tsw
22:50:37.0 (96518818)|ENTERING_MANAGED_PKG|tdc_tsw
22:50:37.0 (96736376)|ENTERING_MANAGED_PKG|tdc_tsw
22:50:37.0 (97117551)|ENTERING_MANAGED_PKG|tdc_tsw
22:50:37.0 (98152073)|ENTERING_MANAGED_PKG|tdc_tsw
22:50:37.0 (99217897)|ENTERING_MANAGED_PKG|tdc_tsw
22:50:37.0 (99602754)|ENTERING_MANAGED_PKG|tdc_tsw
22:50:37.0 (100273609)|ENTERING_MANAGED_PKG|tdc_tsw
22:50:37.0 (101315737)|ENTERING_MANAGED_PKG|tdc_tsw
22:50:37.0 (102051241)|ENTERING_MANAGED_PKG|tdc_tsw
22:50:37.0 (102269277)|ENTERING_MANAGED_PKG|tdc_tsw
22:50:37.0 (102642891)|ENTERING_MANAGED_PKG|tdc_tsw
22:50:37.0 (103658565)|ENTERING_MANAGED_PKG|tdc_tsw
22:50:37.0 (104379943)|ENTERING_MANAGED_PKG|tdc_tsw
22:50:37.0 (104596418)|ENTERING_MANAGED_PKG|tdc_tsw
22:50:37.0 (104979154)|ENTERING_MANAGED_PKG|tdc_tsw
22:50:37.0 (106004875)|ENTERING_MANAGED_PKG|tdc_tsw
22:50:37.0 (106835701)|ENTERING_MANAGED_PKG|tdc_tsw
22:50:37.0 (107052136)|ENTERING_MANAGED_PKG|tdc_tsw
22:50:37.0 (107422885)|ENTERING_MANAGED_PKG|tdc_tsw
22:50:37.0 (108443201)|ENTERING_MANAGED_PKG|tdc_tsw
22:50:37.0 (109163915)|ENTERING_MANAGED_PKG|tdc_tsw
22:50:37.0 (109379572)|ENTERING_MANAGED_PKG|tdc_tsw
22:50:37.0 (109745795)|ENTERING_MANAGED_PKG|tdc_tsw
22:50:37.0 (110759725)|ENTERING_MANAGED_PKG|tdc_tsw
22:50:37.0 (111480873)|ENTERING_MANAGED_PKG|tdc_tsw
22:50:37.0 (111695752)|ENTERING_MANAGED_PKG|tdc_tsw
22:50:37.0 (112069998)|ENTERING_MANAGED_PKG|tdc_tsw
22:50:37.0 (113098142)|ENTERING_MANAGED_PKG|tdc_tsw
22:50:37.0 (113834394)|ENTERING_MANAGED_PKG|tdc_tsw
22:50:37.0 (114049822)|ENTERING_MANAGED_PKG|tdc_tsw
22:50:37.0 (114469342)|ENTERING_MANAGED_PKG|tdc_tsw
22:50:37.0 (115545045)|ENTERING_MANAGED_PKG|tdc_tsw
22:50:37.0 (116275836)|ENTERING_MANAGED_PKG|tdc_tsw
22:50:37.0 (116493305)|ENTERING_MANAGED_PKG|tdc_tsw
22:50:37.0 (116880131)|ENTERING_MANAGED_PKG|tdc_tsw
22:50:37.0 (117895252)|ENTERING_MANAGED_PKG|tdc_tsw
22:50:37.0 (118615952)|ENTERING_MANAGED_PKG|tdc_tsw
22:50:37.0 (118841211)|ENTERING_MANAGED_PKG|tdc_tsw
22:50:37.0 (119211788)|ENTERING_MANAGED_PKG|tdc_tsw
22:50:37.0 (120259623)|ENTERING_MANAGED_PKG|tdc_tsw
22:50:37.0 (120983141)|ENTERING_MANAGED_PKG|tdc_tsw
22:50:37.0 (121198388)|ENTERING_MANAGED_PKG|tdc_tsw
22:50:37.0 (121571226)|ENTERING_MANAGED_PKG|tdc_tsw
22:50:37.0 (122629163)|ENTERING_MANAGED_PKG|tdc_tsw
22:50:37.0 (123354097)|ENTERING_MANAGED_PKG|tdc_tsw
22:50:37.0 (123570808)|ENTERING_MANAGED_PKG|tdc_tsw
22:50:37.0 (124044660)|ENTERING_MANAGED_PKG|tdc_tsw
22:50:37.0 (125066247)|ENTERING_MANAGED_PKG|tdc_tsw
22:50:37.0 (125787693)|ENTERING_MANAGED_PKG|tdc_tsw
22:50:37.0 (126002745)|ENTERING_MANAGED_PKG|tdc_tsw
22:50:37.0 (126374697)|ENTERING_MANAGED_PKG|tdc_tsw
22:50:37.0 (127685595)|ENTERING_MANAGED_PKG|tdc_tsw
22:50:37.0 (128530427)|ENTERING_MANAGED_PKG|tdc_tsw
22:50:37.0 (128756200)|ENTERING_MANAGED_PKG|tdc_tsw
22:50:37.0 (129587056)|ENTERING_MANAGED_PKG|tdc_tsw
22:50:37.0 (130849492)|ENTERING_MANAGED_PKG|tdc_tsw
22:50:37.0 (131629883)|ENTERING_MANAGED_PKG|tdc_tsw
22:50:37.0 (131879211)|ENTERING_MANAGED_PKG|tdc_tsw
22:50:37.0 (132260338)|ENTERING_MANAGED_PKG|tdc_tsw
22:50:37.0 (133284141)|ENTERING_MANAGED_PKG|tdc_tsw
22:50:37.0 (134028401)|ENTERING_MANAGED_PKG|tdc_tsw
22:50:37.0 (134318667)|ENTERING_MANAGED_PKG|tdc_tsw
22:50:37.0 (134705920)|ENTERING_MANAGED_PKG|tdc_tsw
22:50:37.0 (135822828)|ENTERING_MANAGED_PKG|tdc_tsw
22:50:37.0 (136590724)|ENTERING_MANAGED_PKG|tdc_tsw
22:50:37.0 (136985552)|ENTERING_MANAGED_PKG|tdc_tsw
22:50:37.0 (137628271)|ENTERING_MANAGED_PKG|tdc_tsw
22:50:37.0 (138705013)|ENTERING_MANAGED_PKG|tdc_tsw
22:50:37.0 (139535756)|ENTERING_MANAGED_PKG|tdc_tsw
22:50:37.0 (139755057)|ENTERING_MANAGED_PKG|tdc_tsw
22:50:37.0 (140242694)|ENTERING_MANAGED_PKG|tdc_tsw
22:50:37.0 (141332776)|ENTERING_MANAGED_PKG|tdc_tsw
22:50:37.0 (142163895)|ENTERING_MANAGED_PKG|tdc_tsw
22:50:37.0 (142382966)|ENTERING_MANAGED_PKG|tdc_tsw
22:50:37.0 (142756519)|ENTERING_MANAGED_PKG|tdc_tsw
22:50:37.0 (143795892)|ENTERING_MANAGED_PKG|tdc_tsw
22:50:37.0 (144518212)|ENTERING_MANAGED_PKG|tdc_tsw
22:50:37.0 (144756940)|ENTERING_MANAGED_PKG|tdc_tsw
22:50:37.0 (145142963)|ENTERING_MANAGED_PKG|tdc_tsw
22:50:37.0 (146348732)|ENTERING_MANAGED_PKG|tdc_tsw
22:50:37.0 (147098120)|ENTERING_MANAGED_PKG|tdc_tsw
22:50:37.0 (147336199)|ENTERING_MANAGED_PKG|tdc_tsw
22:50:37.0 (147710848)|ENTERING_MANAGED_PKG|tdc_tsw
22:50:37.0 (148783008)|ENTERING_MANAGED_PKG|tdc_tsw
22:50:37.0 (149500600)|ENTERING_MANAGED_PKG|tdc_tsw
22:50:37.0 (149697872)|ENTERING_MANAGED_PKG|tdc_tsw
22:50:37.0 (150088948)|ENTERING_MANAGED_PKG|tdc_tsw
22:50:37.0 (151115083)|ENTERING_MANAGED_PKG|tdc_tsw
22:50:37.0 (151854594)|ENTERING_MANAGED_PKG|tdc_tsw
22:50:37.0 (152071629)|ENTERING_MANAGED_PKG|tdc_tsw
22:50:37.0 (152521943)|ENTERING_MANAGED_PKG|tdc_tsw
22:50:37.0 (153550628)|ENTERING_MANAGED_PKG|tdc_tsw
22:50:37.0 (154277517)|ENTERING_MANAGED_PKG|tdc_tsw
22:50:37.0 (154538764)|ENTERING_MANAGED_PKG|tdc_tsw
22:50:37.0 (154928920)|ENTERING_MANAGED_PKG|tdc_tsw
22:50:37.0 (156148323)|ENTERING_MANAGED_PKG|tdc_tsw
22:50:37.0 (157143277)|ENTERING_MANAGED_PKG|tdc_tsw
22:50:37.0 (157223703)|ENTERING_MANAGED_PKG|tdc_tsw
22:50:37.0 (157859322)|SOQL_EXECUTE_BEGIN|[200]|Aggregations:0|SELECT Name, NamespacePrefix, SystemModStamp FROM StaticResource WHERE Name LIKE :tmpVar1 LIMIT 10
22:50:37.0 (161617794)|SOQL_EXECUTE_END|[200]|Rows:1
22:50:37.0 (162423180)|ENTERING_MANAGED_PKG|tdc_tsw
22:50:37.0 (162845136)|SOQL_EXECUTE_BEGIN|[200]|Aggregations:0|SELECT Name, NamespacePrefix, SystemModStamp FROM StaticResource WHERE Name LIKE :tmpVar1 LIMIT 10
22:50:37.0 (165150155)|SOQL_EXECUTE_END|[200]|Rows:1
22:50:37.0 (165510630)|ENTERING_MANAGED_PKG|tdc_tsw
22:50:37.0 (168789838)|ENTERING_MANAGED_PKG|tdc_tsw
22:50:37.0 (170318806)|ENTERING_MANAGED_PKG|tdc_tsw
22:50:37.0 (170587564)|ENTERING_MANAGED_PKG|tdc_tsw
22:50:37.0 (171349699)|ENTERING_MANAGED_PKG|tdc_tsw
22:50:37.0 (171708113)|SOQL_EXECUTE_BEGIN|[200]|Aggregations:0|SELECT Name, NamespacePrefix, SystemModStamp FROM StaticResource WHERE Name LIKE :tmpVar1 LIMIT 10
22:50:37.0 (173740601)|SOQL_EXECUTE_END|[200]|Rows:1
22:50:37.196 (196131356)|USER_INFO|[EXTERNAL]|0051H000009gxp8|chanida.dev2@solvedbysoftwareco.com|Eastern Standard Time|GMT-05:00
22:50:37.196 (197664454)|ENTERING_MANAGED_PKG|tdc_tsw
22:50:37.196 (197879461)|ENTERING_MANAGED_PKG|tdc_tsw
22:50:37.196 (200374589)|SOQL_EXECUTE_BEGIN|[355]|Aggregations:0|SELECT id, name, Disable_Incoming_SMS_Sharing__c FROM User WHERE id = :tmpVar1
22:50:37.196 (206230848)|SOQL_EXECUTE_END|[355]|Rows:1
22:50:37.196 (207206798)|SOQL_EXECUTE_BEGIN|[367]|Aggregations:0|SELECT CreatedDate,Id,LastModifiedDate,Related_Object_Id__c FROM Message__c WHERE Name = 'Incoming' AND Read__c = false ORDER BY CreatedDate Desc limit 100
22:50:37.196 (214995864)|SOQL_EXECUTE_END|[367]|Rows:100
