44.0 APEX_CODE,FINEST;APEX_PROFILING,INFO;CALLOUT,INFO;DB,INFO;NBA,INFO;SYSTEM,DEBUG;VALIDATION,INFO;VISUALFORCE,INFO;WAVE,INFO;WORKFLOW,INFO
21:00:05.0 (591187)|USER_INFO|[EXTERNAL]|0051H000009gxp8|chanida.dev2@solvedbysoftwareco.com|Eastern Standard Time|GMT-05:00
21:00:05.0 (661220)|EXECUTION_STARTED
21:00:05.0 (668360)|CODE_UNIT_STARTED|[EXTERNAL]|VF: /apextemplate/apexremote
21:00:05.142 (142015039)|CUMULATIVE_LIMIT_USAGE
21:00:05.142 (142015039)|LIMIT_USAGE_FOR_NS|(default)|
  Number of SOQL queries: 0 out of 100
  Number of query rows: 0 out of 50000
  Number of SOSL queries: 0 out of 20
  Number of DML statements: 0 out of 150
  Number of DML rows: 0 out of 10000
  Maximum CPU time: 0 out of 10000
  Maximum heap size: 0 out of 6000000
  Number of callouts: 0 out of 100
  Number of Email Invocations: 0 out of 10
  Number of future calls: 0 out of 50
  Number of queueable jobs added to the queue: 0 out of 50
  Number of Mobile Apex push calls: 0 out of 10

21:00:05.142 (142015039)|CUMULATIVE_LIMIT_USAGE_END

21:00:05.0 (142149797)|CODE_UNIT_FINISHED|VF: /apextemplate/apexremote
21:00:05.0 (143934270)|EXECUTION_FINISHED
