44.0 APEX_CODE,FINEST;APEX_PROFILING,INFO;CALLOUT,INFO;DB,INFO;NBA,INFO;SYSTEM,DEBUG;VALIDATION,INFO;VISUALFORCE,INFO;WAVE,INFO;WORKFLOW,INFO
16:57:07.0 (103860)|USER_INFO|[EXTERNAL]|0051H000009gxp8|chanida.dev2@solvedbysoftwareco.com|Eastern Standard Time|GMT-05:00
16:57:07.0 (2056692)|ENTERING_MANAGED_PKG|tdc_tsw
16:57:07.0 (2489090)|ENTERING_MANAGED_PKG|tdc_tsw
16:57:07.0 (6139695)|SOQL_EXECUTE_BEGIN|[16]|Aggregations:0|SELECT id, name, Disable_Incoming_SMS_Sharing__c FROM User WHERE id = :tmpVar1
16:57:07.0 (13773049)|SOQL_EXECUTE_END|[16]|Rows:1
16:57:07.0 (19169321)|SOQL_EXECUTE_BEGIN|[37]|Aggregations:0|SELECT CreatedDate,Created_Date__c,Id,LastModifiedDate,MessageId__c,Message_Text_New__c,Name,OwnerId,Read__c,Related_Object_Id__c,Related_Object__c,Sender_Number__c, Sender_Name__c,ToNumber__c,Attachments_Ids__c FROM Message__c WHERE Name = 'Incoming' AND Read__c = false ORDER BY CreatedDate Desc limit 100
16:57:07.0 (33811922)|SOQL_EXECUTE_END|[37]|Rows:49
16:57:07.0 (44846457)|ENTERING_MANAGED_PKG|tdc_tsw
16:57:07.0 (46652671)|ENTERING_MANAGED_PKG|tdc_tsw
16:57:07.0 (47227682)|ENTERING_MANAGED_PKG|tdc_tsw
16:57:07.0 (47913929)|ENTERING_MANAGED_PKG|tdc_tsw
16:57:07.0 (50650968)|ENTERING_MANAGED_PKG|tdc_tsw
16:57:07.0 (51490655)|ENTERING_MANAGED_PKG|tdc_tsw
16:57:07.0 (51714000)|ENTERING_MANAGED_PKG|tdc_tsw
16:57:07.0 (52142482)|ENTERING_MANAGED_PKG|tdc_tsw
16:57:07.0 (53281909)|ENTERING_MANAGED_PKG|tdc_tsw
16:57:07.0 (54086973)|ENTERING_MANAGED_PKG|tdc_tsw
16:57:07.0 (54304229)|ENTERING_MANAGED_PKG|tdc_tsw
16:57:07.0 (54717587)|ENTERING_MANAGED_PKG|tdc_tsw
16:57:07.0 (55848815)|ENTERING_MANAGED_PKG|tdc_tsw
16:57:07.0 (56649799)|ENTERING_MANAGED_PKG|tdc_tsw
16:57:07.0 (56866091)|ENTERING_MANAGED_PKG|tdc_tsw
16:57:07.0 (57285137)|ENTERING_MANAGED_PKG|tdc_tsw
16:57:07.0 (58423608)|ENTERING_MANAGED_PKG|tdc_tsw
16:57:07.0 (59220519)|ENTERING_MANAGED_PKG|tdc_tsw
16:57:07.0 (59464553)|ENTERING_MANAGED_PKG|tdc_tsw
16:57:07.0 (59876201)|ENTERING_MANAGED_PKG|tdc_tsw
16:57:07.0 (61029023)|ENTERING_MANAGED_PKG|tdc_tsw
16:57:07.0 (61811854)|ENTERING_MANAGED_PKG|tdc_tsw
16:57:07.0 (62089007)|ENTERING_MANAGED_PKG|tdc_tsw
16:57:07.0 (62805657)|ENTERING_MANAGED_PKG|tdc_tsw
16:57:07.0 (64190857)|ENTERING_MANAGED_PKG|tdc_tsw
16:57:07.0 (64965886)|ENTERING_MANAGED_PKG|tdc_tsw
16:57:07.0 (65043971)|ENTERING_MANAGED_PKG|tdc_tsw
16:57:07.0 (65645846)|SOQL_EXECUTE_BEGIN|[200]|Aggregations:0|SELECT Name, NamespacePrefix, SystemModStamp FROM StaticResource WHERE Name LIKE :tmpVar1 LIMIT 10
16:57:07.0 (69318689)|SOQL_EXECUTE_END|[200]|Rows:1
16:57:07.0 (70115571)|ENTERING_MANAGED_PKG|tdc_tsw
16:57:07.0 (70494116)|SOQL_EXECUTE_BEGIN|[200]|Aggregations:0|SELECT Name, NamespacePrefix, SystemModStamp FROM StaticResource WHERE Name LIKE :tmpVar1 LIMIT 10
16:57:07.0 (72989459)|SOQL_EXECUTE_END|[200]|Rows:1
16:57:07.0 (73387685)|ENTERING_MANAGED_PKG|tdc_tsw
16:57:07.0 (76754086)|ENTERING_MANAGED_PKG|tdc_tsw
16:57:07.0 (78311746)|ENTERING_MANAGED_PKG|tdc_tsw
16:57:07.0 (78613591)|ENTERING_MANAGED_PKG|tdc_tsw
16:57:07.0 (79493175)|ENTERING_MANAGED_PKG|tdc_tsw
16:57:07.0 (79903304)|SOQL_EXECUTE_BEGIN|[200]|Aggregations:0|SELECT Name, NamespacePrefix, SystemModStamp FROM StaticResource WHERE Name LIKE :tmpVar1 LIMIT 10
16:57:07.0 (82992083)|SOQL_EXECUTE_END|[200]|Rows:1
16:57:07.157 (157719234)|USER_INFO|[EXTERNAL]|0051H000009gxp8|chanida.dev2@solvedbysoftwareco.com|Eastern Standard Time|GMT-05:00
16:57:07.157 (159149478)|ENTERING_MANAGED_PKG|tdc_tsw
16:57:07.157 (159375157)|ENTERING_MANAGED_PKG|tdc_tsw
16:57:07.157 (161804338)|SOQL_EXECUTE_BEGIN|[355]|Aggregations:0|SELECT id, name, Disable_Incoming_SMS_Sharing__c FROM User WHERE id = :tmpVar1
16:57:07.157 (168096477)|SOQL_EXECUTE_END|[355]|Rows:1
16:57:07.157 (169091085)|SOQL_EXECUTE_BEGIN|[367]|Aggregations:0|SELECT CreatedDate,Id,LastModifiedDate,Related_Object_Id__c FROM Message__c WHERE Name = 'Incoming' AND Read__c = false ORDER BY CreatedDate Desc limit 100
16:57:07.157 (175982328)|SOQL_EXECUTE_END|[367]|Rows:49
