44.0 APEX_CODE,FINEST;APEX_PROFILING,INFO;CALLOUT,INFO;DB,INFO;NBA,INFO;SYSTEM,DEBUG;VALIDATION,INFO;VISUALFORCE,INFO;WAVE,INFO;WORKFLOW,INFO
18:16:17.0 (139069)|USER_INFO|[EXTERNAL]|0051H000009gxp8|chanida.dev2@solvedbysoftwareco.com|Eastern Standard Time|GMT-05:00
18:16:17.0 (1593796)|ENTERING_MANAGED_PKG|tdc_tsw
18:16:17.0 (2083648)|ENTERING_MANAGED_PKG|tdc_tsw
18:16:17.0 (6028609)|SOQL_EXECUTE_BEGIN|[16]|Aggregations:0|SELECT id, name, Disable_Incoming_SMS_Sharing__c FROM User WHERE id = :tmpVar1
18:16:17.0 (12965394)|SOQL_EXECUTE_END|[16]|Rows:1
18:16:17.0 (19215039)|SOQL_EXECUTE_BEGIN|[37]|Aggregations:0|SELECT CreatedDate,Created_Date__c,Id,LastModifiedDate,MessageId__c,Message_Text_New__c,Name,OwnerId,Read__c,Related_Object_Id__c,Related_Object__c,Sender_Number__c, Sender_Name__c,ToNumber__c,Attachments_Ids__c FROM Message__c WHERE Name = 'Incoming' AND Read__c = false ORDER BY CreatedDate Desc limit 100
18:16:17.0 (32467968)|SOQL_EXECUTE_END|[37]|Rows:14
18:16:17.0 (36515534)|ENTERING_MANAGED_PKG|tdc_tsw
18:16:17.0 (38222079)|ENTERING_MANAGED_PKG|tdc_tsw
18:16:17.0 (38653850)|ENTERING_MANAGED_PKG|tdc_tsw
18:16:17.0 (39476774)|ENTERING_MANAGED_PKG|tdc_tsw
18:16:17.0 (42668124)|ENTERING_MANAGED_PKG|tdc_tsw
18:16:17.0 (43464264)|ENTERING_MANAGED_PKG|tdc_tsw
18:16:17.0 (43727612)|ENTERING_MANAGED_PKG|tdc_tsw
18:16:17.0 (44153305)|ENTERING_MANAGED_PKG|tdc_tsw
18:16:17.0 (45396520)|ENTERING_MANAGED_PKG|tdc_tsw
18:16:17.0 (46067495)|ENTERING_MANAGED_PKG|tdc_tsw
18:16:17.0 (46144599)|ENTERING_MANAGED_PKG|tdc_tsw
18:16:17.0 (46806797)|SOQL_EXECUTE_BEGIN|[200]|Aggregations:0|SELECT Name, NamespacePrefix, SystemModStamp FROM StaticResource WHERE Name LIKE :tmpVar1 LIMIT 10
18:16:17.0 (50384599)|SOQL_EXECUTE_END|[200]|Rows:1
18:16:17.0 (51207585)|ENTERING_MANAGED_PKG|tdc_tsw
18:16:17.0 (51615609)|SOQL_EXECUTE_BEGIN|[200]|Aggregations:0|SELECT Name, NamespacePrefix, SystemModStamp FROM StaticResource WHERE Name LIKE :tmpVar1 LIMIT 10
18:16:17.0 (53927768)|SOQL_EXECUTE_END|[200]|Rows:1
18:16:17.0 (54367858)|ENTERING_MANAGED_PKG|tdc_tsw
18:16:17.0 (57979455)|ENTERING_MANAGED_PKG|tdc_tsw
18:16:17.0 (59795118)|ENTERING_MANAGED_PKG|tdc_tsw
18:16:17.0 (60143720)|ENTERING_MANAGED_PKG|tdc_tsw
18:16:17.0 (61075103)|ENTERING_MANAGED_PKG|tdc_tsw
18:16:17.0 (61485130)|SOQL_EXECUTE_BEGIN|[200]|Aggregations:0|SELECT Name, NamespacePrefix, SystemModStamp FROM StaticResource WHERE Name LIKE :tmpVar1 LIMIT 10
18:16:17.0 (66100123)|SOQL_EXECUTE_END|[200]|Rows:1
18:16:17.71 (71621127)|USER_INFO|[EXTERNAL]|0051H000009gxp8|chanida.dev2@solvedbysoftwareco.com|Eastern Standard Time|GMT-05:00
18:16:17.71 (73082499)|ENTERING_MANAGED_PKG|tdc_tsw
18:16:17.71 (73255533)|ENTERING_MANAGED_PKG|tdc_tsw
18:16:17.71 (112524472)|SOQL_EXECUTE_BEGIN|[355]|Aggregations:0|SELECT id, name, Disable_Incoming_SMS_Sharing__c FROM User WHERE id = :tmpVar1
18:16:17.71 (119706450)|SOQL_EXECUTE_END|[355]|Rows:1
18:16:17.71 (120834760)|SOQL_EXECUTE_BEGIN|[367]|Aggregations:0|SELECT CreatedDate,Id,LastModifiedDate,Related_Object_Id__c FROM Message__c WHERE Name = 'Incoming' AND Read__c = false ORDER BY CreatedDate Desc limit 100
18:16:17.71 (127193784)|SOQL_EXECUTE_END|[367]|Rows:14
