44.0 APEX_CODE,FINEST;APEX_PROFILING,INFO;CALLOUT,INFO;DB,INFO;NBA,INFO;SYSTEM,DEBUG;VALIDATION,INFO;VISUALFORCE,INFO;WAVE,INFO;WORKFLOW,INFO
23:56:48.0 (183073)|USER_INFO|[EXTERNAL]|0051H000009gxp8|chanida.dev2@solvedbysoftwareco.com|Eastern Standard Time|GMT-05:00
23:56:48.0 (2156055)|ENTERING_MANAGED_PKG|tdc_tsw
23:56:48.0 (2608002)|ENTERING_MANAGED_PKG|tdc_tsw
23:56:48.0 (6650201)|SOQL_EXECUTE_BEGIN|[16]|Aggregations:0|SELECT id, name, Disable_Incoming_SMS_Sharing__c FROM User WHERE id = :tmpVar1
23:56:48.0 (14325849)|SOQL_EXECUTE_END|[16]|Rows:1
23:56:48.0 (19815249)|SOQL_EXECUTE_BEGIN|[37]|Aggregations:0|SELECT CreatedDate,Created_Date__c,Id,LastModifiedDate,MessageId__c,Message_Text_New__c,Name,OwnerId,Read__c,Related_Object_Id__c,Related_Object__c,Sender_Number__c, Sender_Name__c,ToNumber__c,Attachments_Ids__c FROM Message__c WHERE Name = 'Incoming' AND Read__c = false ORDER BY CreatedDate Desc limit 100
23:56:48.0 (37573365)|SOQL_EXECUTE_END|[37]|Rows:100
23:56:48.0 (55546901)|ENTERING_MANAGED_PKG|tdc_tsw
23:56:48.0 (57568169)|ENTERING_MANAGED_PKG|tdc_tsw
23:56:48.0 (58080570)|ENTERING_MANAGED_PKG|tdc_tsw
23:56:48.0 (58727643)|ENTERING_MANAGED_PKG|tdc_tsw
23:56:48.0 (61569778)|ENTERING_MANAGED_PKG|tdc_tsw
23:56:48.0 (62293525)|ENTERING_MANAGED_PKG|tdc_tsw
23:56:48.0 (62510358)|ENTERING_MANAGED_PKG|tdc_tsw
23:56:48.0 (62881624)|ENTERING_MANAGED_PKG|tdc_tsw
23:56:48.0 (63891858)|ENTERING_MANAGED_PKG|tdc_tsw
23:56:48.0 (64590462)|ENTERING_MANAGED_PKG|tdc_tsw
23:56:48.0 (64810946)|ENTERING_MANAGED_PKG|tdc_tsw
23:56:48.0 (65171317)|ENTERING_MANAGED_PKG|tdc_tsw
23:56:48.0 (66162230)|ENTERING_MANAGED_PKG|tdc_tsw
23:56:48.0 (66865396)|ENTERING_MANAGED_PKG|tdc_tsw
23:56:48.0 (67079818)|ENTERING_MANAGED_PKG|tdc_tsw
23:56:48.0 (67449810)|ENTERING_MANAGED_PKG|tdc_tsw
23:56:48.0 (68453385)|ENTERING_MANAGED_PKG|tdc_tsw
23:56:48.0 (69161945)|ENTERING_MANAGED_PKG|tdc_tsw
23:56:48.0 (69376244)|ENTERING_MANAGED_PKG|tdc_tsw
23:56:48.0 (69745346)|ENTERING_MANAGED_PKG|tdc_tsw
23:56:48.0 (70747646)|ENTERING_MANAGED_PKG|tdc_tsw
23:56:48.0 (71453941)|ENTERING_MANAGED_PKG|tdc_tsw
23:56:48.0 (71667351)|ENTERING_MANAGED_PKG|tdc_tsw
23:56:48.0 (72040309)|ENTERING_MANAGED_PKG|tdc_tsw
23:56:48.0 (73032301)|ENTERING_MANAGED_PKG|tdc_tsw
23:56:48.0 (73736340)|ENTERING_MANAGED_PKG|tdc_tsw
23:56:48.0 (73956443)|ENTERING_MANAGED_PKG|tdc_tsw
23:56:48.0 (74331535)|ENTERING_MANAGED_PKG|tdc_tsw
23:56:48.0 (75330841)|ENTERING_MANAGED_PKG|tdc_tsw
23:56:48.0 (76035108)|ENTERING_MANAGED_PKG|tdc_tsw
23:56:48.0 (76249183)|ENTERING_MANAGED_PKG|tdc_tsw
23:56:48.0 (76615559)|ENTERING_MANAGED_PKG|tdc_tsw
23:56:48.0 (77610134)|ENTERING_MANAGED_PKG|tdc_tsw
23:56:48.0 (78315694)|ENTERING_MANAGED_PKG|tdc_tsw
23:56:48.0 (78529631)|ENTERING_MANAGED_PKG|tdc_tsw
23:56:48.0 (78902867)|ENTERING_MANAGED_PKG|tdc_tsw
23:56:48.0 (79903971)|ENTERING_MANAGED_PKG|tdc_tsw
23:56:48.0 (80592503)|ENTERING_MANAGED_PKG|tdc_tsw
23:56:48.0 (80810219)|ENTERING_MANAGED_PKG|tdc_tsw
23:56:48.0 (81185523)|ENTERING_MANAGED_PKG|tdc_tsw
23:56:48.0 (82179113)|ENTERING_MANAGED_PKG|tdc_tsw
23:56:48.0 (82883227)|ENTERING_MANAGED_PKG|tdc_tsw
23:56:48.0 (83096299)|ENTERING_MANAGED_PKG|tdc_tsw
23:56:48.0 (83460576)|ENTERING_MANAGED_PKG|tdc_tsw
23:56:48.0 (84451323)|ENTERING_MANAGED_PKG|tdc_tsw
23:56:48.0 (85156992)|ENTERING_MANAGED_PKG|tdc_tsw
23:56:48.0 (85369933)|ENTERING_MANAGED_PKG|tdc_tsw
23:56:48.0 (85734429)|ENTERING_MANAGED_PKG|tdc_tsw
23:56:48.0 (86724786)|ENTERING_MANAGED_PKG|tdc_tsw
23:56:48.0 (87423606)|ENTERING_MANAGED_PKG|tdc_tsw
23:56:48.0 (87637067)|ENTERING_MANAGED_PKG|tdc_tsw
23:56:48.0 (88008067)|ENTERING_MANAGED_PKG|tdc_tsw
23:56:48.0 (88997321)|ENTERING_MANAGED_PKG|tdc_tsw
23:56:48.0 (89687061)|ENTERING_MANAGED_PKG|tdc_tsw
23:56:48.0 (89909025)|ENTERING_MANAGED_PKG|tdc_tsw
23:56:48.0 (90280046)|ENTERING_MANAGED_PKG|tdc_tsw
23:56:48.0 (91272486)|ENTERING_MANAGED_PKG|tdc_tsw
23:56:48.0 (91977979)|ENTERING_MANAGED_PKG|tdc_tsw
23:56:48.0 (92190439)|ENTERING_MANAGED_PKG|tdc_tsw
23:56:48.0 (92555617)|ENTERING_MANAGED_PKG|tdc_tsw
23:56:48.0 (93550788)|ENTERING_MANAGED_PKG|tdc_tsw
23:56:48.0 (94252707)|ENTERING_MANAGED_PKG|tdc_tsw
23:56:48.0 (94466072)|ENTERING_MANAGED_PKG|tdc_tsw
23:56:48.0 (94839162)|ENTERING_MANAGED_PKG|tdc_tsw
23:56:48.0 (95840594)|ENTERING_MANAGED_PKG|tdc_tsw
23:56:48.0 (96538617)|ENTERING_MANAGED_PKG|tdc_tsw
23:56:48.0 (96751182)|ENTERING_MANAGED_PKG|tdc_tsw
23:56:48.0 (97122902)|ENTERING_MANAGED_PKG|tdc_tsw
23:56:48.0 (98118219)|ENTERING_MANAGED_PKG|tdc_tsw
23:56:48.0 (98820191)|ENTERING_MANAGED_PKG|tdc_tsw
23:56:48.0 (99033006)|ENTERING_MANAGED_PKG|tdc_tsw
23:56:48.0 (99397401)|ENTERING_MANAGED_PKG|tdc_tsw
23:56:48.0 (100397781)|ENTERING_MANAGED_PKG|tdc_tsw
23:56:48.0 (101105865)|ENTERING_MANAGED_PKG|tdc_tsw
23:56:48.0 (101318865)|ENTERING_MANAGED_PKG|tdc_tsw
23:56:48.0 (101683085)|ENTERING_MANAGED_PKG|tdc_tsw
23:56:48.0 (102674845)|ENTERING_MANAGED_PKG|tdc_tsw
23:56:48.0 (103371613)|ENTERING_MANAGED_PKG|tdc_tsw
23:56:48.0 (103585028)|ENTERING_MANAGED_PKG|tdc_tsw
23:56:48.0 (103960375)|ENTERING_MANAGED_PKG|tdc_tsw
23:56:48.0 (104955481)|ENTERING_MANAGED_PKG|tdc_tsw
23:56:48.0 (105666025)|ENTERING_MANAGED_PKG|tdc_tsw
23:56:48.0 (105889757)|ENTERING_MANAGED_PKG|tdc_tsw
23:56:48.0 (106253134)|ENTERING_MANAGED_PKG|tdc_tsw
23:56:48.0 (107256009)|ENTERING_MANAGED_PKG|tdc_tsw
23:56:48.0 (107960009)|ENTERING_MANAGED_PKG|tdc_tsw
23:56:48.0 (108172017)|ENTERING_MANAGED_PKG|tdc_tsw
23:56:48.0 (108531956)|ENTERING_MANAGED_PKG|tdc_tsw
23:56:48.0 (109525323)|ENTERING_MANAGED_PKG|tdc_tsw
23:56:48.0 (110221619)|ENTERING_MANAGED_PKG|tdc_tsw
23:56:48.0 (110434281)|ENTERING_MANAGED_PKG|tdc_tsw
23:56:48.0 (110792194)|ENTERING_MANAGED_PKG|tdc_tsw
23:56:48.0 (111784682)|ENTERING_MANAGED_PKG|tdc_tsw
23:56:48.0 (112482409)|ENTERING_MANAGED_PKG|tdc_tsw
23:56:48.0 (112695456)|ENTERING_MANAGED_PKG|tdc_tsw
23:56:48.0 (113063425)|ENTERING_MANAGED_PKG|tdc_tsw
23:56:48.0 (114049540)|ENTERING_MANAGED_PKG|tdc_tsw
23:56:48.0 (114742978)|ENTERING_MANAGED_PKG|tdc_tsw
23:56:48.0 (114961875)|ENTERING_MANAGED_PKG|tdc_tsw
23:56:48.0 (115322595)|ENTERING_MANAGED_PKG|tdc_tsw
23:56:48.0 (116310019)|ENTERING_MANAGED_PKG|tdc_tsw
23:56:48.0 (117006210)|ENTERING_MANAGED_PKG|tdc_tsw
23:56:48.0 (117228157)|ENTERING_MANAGED_PKG|tdc_tsw
23:56:48.0 (117588091)|ENTERING_MANAGED_PKG|tdc_tsw
23:56:48.0 (118576352)|ENTERING_MANAGED_PKG|tdc_tsw
23:56:48.0 (119279887)|ENTERING_MANAGED_PKG|tdc_tsw
23:56:48.0 (119493942)|ENTERING_MANAGED_PKG|tdc_tsw
23:56:48.0 (119859609)|ENTERING_MANAGED_PKG|tdc_tsw
23:56:48.0 (120845708)|ENTERING_MANAGED_PKG|tdc_tsw
23:56:48.0 (121537824)|ENTERING_MANAGED_PKG|tdc_tsw
23:56:48.0 (121750670)|ENTERING_MANAGED_PKG|tdc_tsw
23:56:48.0 (122119567)|ENTERING_MANAGED_PKG|tdc_tsw
23:56:48.0 (123112726)|ENTERING_MANAGED_PKG|tdc_tsw
23:56:48.0 (123816899)|ENTERING_MANAGED_PKG|tdc_tsw
23:56:48.0 (124030376)|ENTERING_MANAGED_PKG|tdc_tsw
23:56:48.0 (124388244)|ENTERING_MANAGED_PKG|tdc_tsw
23:56:48.0 (125370261)|ENTERING_MANAGED_PKG|tdc_tsw
23:56:48.0 (126068463)|ENTERING_MANAGED_PKG|tdc_tsw
23:56:48.0 (126280996)|ENTERING_MANAGED_PKG|tdc_tsw
23:56:48.0 (126639925)|ENTERING_MANAGED_PKG|tdc_tsw
23:56:48.0 (127623323)|ENTERING_MANAGED_PKG|tdc_tsw
23:56:48.0 (128330810)|ENTERING_MANAGED_PKG|tdc_tsw
23:56:48.0 (128543264)|ENTERING_MANAGED_PKG|tdc_tsw
23:56:48.0 (128911312)|ENTERING_MANAGED_PKG|tdc_tsw
23:56:48.0 (129894960)|ENTERING_MANAGED_PKG|tdc_tsw
23:56:48.0 (130587248)|ENTERING_MANAGED_PKG|tdc_tsw
23:56:48.0 (130799771)|ENTERING_MANAGED_PKG|tdc_tsw
23:56:48.0 (131165523)|ENTERING_MANAGED_PKG|tdc_tsw
23:56:48.0 (132148808)|ENTERING_MANAGED_PKG|tdc_tsw
23:56:48.0 (132847475)|ENTERING_MANAGED_PKG|tdc_tsw
23:56:48.0 (133059961)|ENTERING_MANAGED_PKG|tdc_tsw
23:56:48.0 (133428381)|ENTERING_MANAGED_PKG|tdc_tsw
23:56:48.0 (134416968)|ENTERING_MANAGED_PKG|tdc_tsw
23:56:48.0 (135117747)|ENTERING_MANAGED_PKG|tdc_tsw
23:56:48.0 (135331777)|ENTERING_MANAGED_PKG|tdc_tsw
23:56:48.0 (135691295)|ENTERING_MANAGED_PKG|tdc_tsw
23:56:48.0 (136682783)|ENTERING_MANAGED_PKG|tdc_tsw
23:56:48.0 (137381109)|ENTERING_MANAGED_PKG|tdc_tsw
23:56:48.0 (137596020)|ENTERING_MANAGED_PKG|tdc_tsw
23:56:48.0 (137962753)|ENTERING_MANAGED_PKG|tdc_tsw
23:56:48.0 (138957399)|ENTERING_MANAGED_PKG|tdc_tsw
23:56:48.0 (139645691)|ENTERING_MANAGED_PKG|tdc_tsw
23:56:48.0 (139867185)|ENTERING_MANAGED_PKG|tdc_tsw
23:56:48.0 (140227045)|ENTERING_MANAGED_PKG|tdc_tsw
23:56:48.0 (141215479)|ENTERING_MANAGED_PKG|tdc_tsw
23:56:48.0 (141916767)|ENTERING_MANAGED_PKG|tdc_tsw
23:56:48.0 (142129621)|ENTERING_MANAGED_PKG|tdc_tsw
23:56:48.0 (142489408)|ENTERING_MANAGED_PKG|tdc_tsw
23:56:48.0 (143479851)|ENTERING_MANAGED_PKG|tdc_tsw
23:56:48.0 (144193414)|ENTERING_MANAGED_PKG|tdc_tsw
23:56:48.0 (144405933)|ENTERING_MANAGED_PKG|tdc_tsw
23:56:48.0 (144766664)|ENTERING_MANAGED_PKG|tdc_tsw
23:56:48.0 (145755597)|ENTERING_MANAGED_PKG|tdc_tsw
23:56:48.0 (146454906)|ENTERING_MANAGED_PKG|tdc_tsw
23:56:48.0 (146668653)|ENTERING_MANAGED_PKG|tdc_tsw
23:56:48.0 (147037446)|ENTERING_MANAGED_PKG|tdc_tsw
23:56:48.0 (148028880)|ENTERING_MANAGED_PKG|tdc_tsw
23:56:48.0 (148718086)|ENTERING_MANAGED_PKG|tdc_tsw
23:56:48.0 (148940227)|ENTERING_MANAGED_PKG|tdc_tsw
23:56:48.0 (149309363)|ENTERING_MANAGED_PKG|tdc_tsw
23:56:48.0 (150314049)|ENTERING_MANAGED_PKG|tdc_tsw
23:56:48.0 (151013430)|ENTERING_MANAGED_PKG|tdc_tsw
23:56:48.0 (151226834)|ENTERING_MANAGED_PKG|tdc_tsw
23:56:48.0 (151590978)|ENTERING_MANAGED_PKG|tdc_tsw
23:56:48.0 (152588021)|ENTERING_MANAGED_PKG|tdc_tsw
23:56:48.0 (153287988)|ENTERING_MANAGED_PKG|tdc_tsw
23:56:48.0 (153500098)|ENTERING_MANAGED_PKG|tdc_tsw
23:56:48.0 (153907626)|ENTERING_MANAGED_PKG|tdc_tsw
23:56:48.0 (154916452)|ENTERING_MANAGED_PKG|tdc_tsw
23:56:48.0 (155611967)|ENTERING_MANAGED_PKG|tdc_tsw
23:56:48.0 (155832375)|ENTERING_MANAGED_PKG|tdc_tsw
23:56:48.0 (156198001)|ENTERING_MANAGED_PKG|tdc_tsw
23:56:48.0 (157194710)|ENTERING_MANAGED_PKG|tdc_tsw
23:56:48.0 (158210093)|ENTERING_MANAGED_PKG|tdc_tsw
23:56:48.0 (158423818)|ENTERING_MANAGED_PKG|tdc_tsw
23:56:48.0 (158787929)|ENTERING_MANAGED_PKG|tdc_tsw
23:56:48.0 (159785854)|ENTERING_MANAGED_PKG|tdc_tsw
23:56:48.0 (160493058)|ENTERING_MANAGED_PKG|tdc_tsw
23:56:48.0 (160707737)|ENTERING_MANAGED_PKG|tdc_tsw
23:56:48.0 (161081462)|ENTERING_MANAGED_PKG|tdc_tsw
23:56:48.0 (162079375)|ENTERING_MANAGED_PKG|tdc_tsw
23:56:48.0 (162770932)|ENTERING_MANAGED_PKG|tdc_tsw
23:56:48.0 (162990341)|ENTERING_MANAGED_PKG|tdc_tsw
23:56:48.0 (163355491)|ENTERING_MANAGED_PKG|tdc_tsw
23:56:48.0 (164355735)|ENTERING_MANAGED_PKG|tdc_tsw
23:56:48.0 (165055805)|ENTERING_MANAGED_PKG|tdc_tsw
23:56:48.0 (165270323)|ENTERING_MANAGED_PKG|tdc_tsw
23:56:48.0 (165636991)|ENTERING_MANAGED_PKG|tdc_tsw
23:56:48.0 (166644725)|ENTERING_MANAGED_PKG|tdc_tsw
23:56:48.0 (167343113)|ENTERING_MANAGED_PKG|tdc_tsw
23:56:48.0 (167556804)|ENTERING_MANAGED_PKG|tdc_tsw
23:56:48.0 (167928838)|ENTERING_MANAGED_PKG|tdc_tsw
23:56:48.0 (168923528)|ENTERING_MANAGED_PKG|tdc_tsw
23:56:48.0 (169616740)|ENTERING_MANAGED_PKG|tdc_tsw
23:56:48.0 (169838484)|ENTERING_MANAGED_PKG|tdc_tsw
23:56:48.0 (170204208)|ENTERING_MANAGED_PKG|tdc_tsw
23:56:48.0 (171207088)|ENTERING_MANAGED_PKG|tdc_tsw
23:56:48.0 (171926002)|ENTERING_MANAGED_PKG|tdc_tsw
23:56:48.0 (172140867)|ENTERING_MANAGED_PKG|tdc_tsw
23:56:48.0 (172506628)|ENTERING_MANAGED_PKG|tdc_tsw
23:56:48.0 (173499992)|ENTERING_MANAGED_PKG|tdc_tsw
23:56:48.0 (174200222)|ENTERING_MANAGED_PKG|tdc_tsw
23:56:48.0 (174413918)|ENTERING_MANAGED_PKG|tdc_tsw
23:56:48.0 (174779237)|ENTERING_MANAGED_PKG|tdc_tsw
23:56:48.0 (175779478)|ENTERING_MANAGED_PKG|tdc_tsw
23:56:48.0 (176479088)|ENTERING_MANAGED_PKG|tdc_tsw
23:56:48.0 (176698794)|ENTERING_MANAGED_PKG|tdc_tsw
23:56:48.0 (177070652)|ENTERING_MANAGED_PKG|tdc_tsw
23:56:48.0 (178074245)|ENTERING_MANAGED_PKG|tdc_tsw
23:56:48.0 (178770566)|ENTERING_MANAGED_PKG|tdc_tsw
23:56:48.0 (178990212)|ENTERING_MANAGED_PKG|tdc_tsw
23:56:48.0 (179356307)|ENTERING_MANAGED_PKG|tdc_tsw
23:56:48.0 (180352425)|ENTERING_MANAGED_PKG|tdc_tsw
23:56:48.0 (181058681)|ENTERING_MANAGED_PKG|tdc_tsw
23:56:48.0 (181271422)|ENTERING_MANAGED_PKG|tdc_tsw
23:56:48.0 (181637816)|ENTERING_MANAGED_PKG|tdc_tsw
23:56:48.0 (182644438)|ENTERING_MANAGED_PKG|tdc_tsw
23:56:48.0 (183370253)|ENTERING_MANAGED_PKG|tdc_tsw
23:56:48.0 (183584589)|ENTERING_MANAGED_PKG|tdc_tsw
23:56:48.0 (183958903)|ENTERING_MANAGED_PKG|tdc_tsw
23:56:48.0 (184955131)|ENTERING_MANAGED_PKG|tdc_tsw
23:56:48.0 (185649571)|ENTERING_MANAGED_PKG|tdc_tsw
23:56:48.0 (185870729)|ENTERING_MANAGED_PKG|tdc_tsw
23:56:48.0 (186236571)|ENTERING_MANAGED_PKG|tdc_tsw
23:56:48.0 (187228458)|ENTERING_MANAGED_PKG|tdc_tsw
23:56:48.0 (187943690)|ENTERING_MANAGED_PKG|tdc_tsw
23:56:48.0 (188136447)|ENTERING_MANAGED_PKG|tdc_tsw
23:56:48.0 (188502176)|ENTERING_MANAGED_PKG|tdc_tsw
23:56:48.0 (189496551)|ENTERING_MANAGED_PKG|tdc_tsw
23:56:48.0 (190203823)|ENTERING_MANAGED_PKG|tdc_tsw
23:56:48.0 (190417767)|ENTERING_MANAGED_PKG|tdc_tsw
23:56:48.0 (190781345)|ENTERING_MANAGED_PKG|tdc_tsw
23:56:48.0 (191927063)|ENTERING_MANAGED_PKG|tdc_tsw
23:56:48.0 (192690178)|ENTERING_MANAGED_PKG|tdc_tsw
23:56:48.0 (192764687)|ENTERING_MANAGED_PKG|tdc_tsw
23:56:48.0 (193446341)|SOQL_EXECUTE_BEGIN|[200]|Aggregations:0|SELECT Name, NamespacePrefix, SystemModStamp FROM StaticResource WHERE Name LIKE :tmpVar1 LIMIT 10
23:56:48.0 (197351173)|SOQL_EXECUTE_END|[200]|Rows:1
23:56:48.0 (198767033)|ENTERING_MANAGED_PKG|tdc_tsw
23:56:48.0 (199499883)|SOQL_EXECUTE_BEGIN|[200]|Aggregations:0|SELECT Name, NamespacePrefix, SystemModStamp FROM StaticResource WHERE Name LIKE :tmpVar1 LIMIT 10
23:56:48.0 (203165230)|SOQL_EXECUTE_END|[200]|Rows:1
23:56:48.0 (203765063)|ENTERING_MANAGED_PKG|tdc_tsw
23:56:48.0 (208345536)|ENTERING_MANAGED_PKG|tdc_tsw
23:56:48.0 (210066191)|ENTERING_MANAGED_PKG|tdc_tsw
23:56:48.0 (210457437)|ENTERING_MANAGED_PKG|tdc_tsw
23:56:48.0 (211633455)|ENTERING_MANAGED_PKG|tdc_tsw
23:56:48.0 (212202949)|SOQL_EXECUTE_BEGIN|[200]|Aggregations:0|SELECT Name, NamespacePrefix, SystemModStamp FROM StaticResource WHERE Name LIKE :tmpVar1 LIMIT 10
23:56:48.0 (215172901)|SOQL_EXECUTE_END|[200]|Rows:1
23:56:48.228 (228568035)|USER_INFO|[EXTERNAL]|0051H000009gxp8|chanida.dev2@solvedbysoftwareco.com|Eastern Standard Time|GMT-05:00
23:56:48.228 (229992193)|ENTERING_MANAGED_PKG|tdc_tsw
23:56:48.228 (230270010)|ENTERING_MANAGED_PKG|tdc_tsw
23:56:48.228 (233360936)|SOQL_EXECUTE_BEGIN|[355]|Aggregations:0|SELECT id, name, Disable_Incoming_SMS_Sharing__c FROM User WHERE id = :tmpVar1
23:56:48.228 (240775324)|SOQL_EXECUTE_END|[355]|Rows:1
23:56:48.228 (242171015)|SOQL_EXECUTE_BEGIN|[367]|Aggregations:0|SELECT CreatedDate,Id,LastModifiedDate,Related_Object_Id__c FROM Message__c WHERE Name = 'Incoming' AND Read__c = false ORDER BY CreatedDate Desc limit 100
23:56:48.228 (253527087)|SOQL_EXECUTE_END|[367]|Rows:100
