44.0 APEX_CODE,FINEST;APEX_PROFILING,INFO;CALLOUT,INFO;DB,INFO;NBA,INFO;SYSTEM,DEBUG;VALIDATION,INFO;VISUALFORCE,INFO;WAVE,INFO;WORKFLOW,INFO
22:31:17.0 (195703)|USER_INFO|[EXTERNAL]|0051H000009gxp8|chanida.dev2@solvedbysoftwareco.com|Eastern Standard Time|GMT-05:00
22:31:17.0 (1977614)|ENTERING_MANAGED_PKG|tdc_tsw
22:31:17.0 (2421313)|ENTERING_MANAGED_PKG|tdc_tsw
22:31:17.0 (6082751)|SOQL_EXECUTE_BEGIN|[16]|Aggregations:0|SELECT id, name, Disable_Incoming_SMS_Sharing__c FROM User WHERE id = :tmpVar1
22:31:17.0 (13063554)|SOQL_EXECUTE_END|[16]|Rows:1
22:31:17.0 (18687283)|SOQL_EXECUTE_BEGIN|[37]|Aggregations:0|SELECT CreatedDate,Created_Date__c,Id,LastModifiedDate,MessageId__c,Message_Text_New__c,Name,OwnerId,Read__c,Related_Object_Id__c,Related_Object__c,Sender_Number__c, Sender_Name__c,ToNumber__c,Attachments_Ids__c FROM Message__c WHERE Name = 'Incoming' AND Read__c = false ORDER BY CreatedDate Desc limit 100
22:31:17.0 (34398650)|SOQL_EXECUTE_END|[37]|Rows:100
22:31:17.0 (51631566)|ENTERING_MANAGED_PKG|tdc_tsw
22:31:17.0 (53786740)|ENTERING_MANAGED_PKG|tdc_tsw
22:31:17.0 (54402285)|ENTERING_MANAGED_PKG|tdc_tsw
22:31:17.0 (55258715)|ENTERING_MANAGED_PKG|tdc_tsw
22:31:17.0 (58849509)|ENTERING_MANAGED_PKG|tdc_tsw
22:31:17.0 (59795814)|ENTERING_MANAGED_PKG|tdc_tsw
22:31:17.0 (60086706)|ENTERING_MANAGED_PKG|tdc_tsw
22:31:17.0 (60595378)|ENTERING_MANAGED_PKG|tdc_tsw
22:31:17.0 (62370867)|ENTERING_MANAGED_PKG|tdc_tsw
22:31:17.0 (63351866)|ENTERING_MANAGED_PKG|tdc_tsw
22:31:17.0 (63641526)|ENTERING_MANAGED_PKG|tdc_tsw
22:31:17.0 (64173332)|ENTERING_MANAGED_PKG|tdc_tsw
22:31:17.0 (65707927)|ENTERING_MANAGED_PKG|tdc_tsw
22:31:17.0 (66741048)|ENTERING_MANAGED_PKG|tdc_tsw
22:31:17.0 (67064579)|ENTERING_MANAGED_PKG|tdc_tsw
22:31:17.0 (67591825)|ENTERING_MANAGED_PKG|tdc_tsw
22:31:17.0 (69054100)|ENTERING_MANAGED_PKG|tdc_tsw
22:31:17.0 (70023705)|ENTERING_MANAGED_PKG|tdc_tsw
22:31:17.0 (70340215)|ENTERING_MANAGED_PKG|tdc_tsw
22:31:17.0 (70865740)|ENTERING_MANAGED_PKG|tdc_tsw
22:31:17.0 (74963160)|ENTERING_MANAGED_PKG|tdc_tsw
22:31:17.0 (75950486)|ENTERING_MANAGED_PKG|tdc_tsw
22:31:17.0 (76288756)|ENTERING_MANAGED_PKG|tdc_tsw
22:31:17.0 (76854270)|ENTERING_MANAGED_PKG|tdc_tsw
22:31:17.0 (78318345)|ENTERING_MANAGED_PKG|tdc_tsw
22:31:17.0 (79227299)|ENTERING_MANAGED_PKG|tdc_tsw
22:31:17.0 (79521763)|ENTERING_MANAGED_PKG|tdc_tsw
22:31:17.0 (80052746)|ENTERING_MANAGED_PKG|tdc_tsw
22:31:17.0 (81500251)|ENTERING_MANAGED_PKG|tdc_tsw
22:31:17.0 (82406270)|ENTERING_MANAGED_PKG|tdc_tsw
22:31:17.0 (82725154)|ENTERING_MANAGED_PKG|tdc_tsw
22:31:17.0 (83215835)|ENTERING_MANAGED_PKG|tdc_tsw
22:31:17.0 (84728210)|ENTERING_MANAGED_PKG|tdc_tsw
22:31:17.0 (85697968)|ENTERING_MANAGED_PKG|tdc_tsw
22:31:17.0 (85983489)|ENTERING_MANAGED_PKG|tdc_tsw
22:31:17.0 (86586268)|ENTERING_MANAGED_PKG|tdc_tsw
22:31:17.0 (88236005)|ENTERING_MANAGED_PKG|tdc_tsw
22:31:17.0 (89248426)|ENTERING_MANAGED_PKG|tdc_tsw
22:31:17.0 (89605370)|ENTERING_MANAGED_PKG|tdc_tsw
22:31:17.0 (90260029)|ENTERING_MANAGED_PKG|tdc_tsw
22:31:17.0 (91668610)|ENTERING_MANAGED_PKG|tdc_tsw
22:31:17.0 (92655902)|ENTERING_MANAGED_PKG|tdc_tsw
22:31:17.0 (92949164)|ENTERING_MANAGED_PKG|tdc_tsw
22:31:17.0 (93455382)|ENTERING_MANAGED_PKG|tdc_tsw
22:31:17.0 (95063368)|ENTERING_MANAGED_PKG|tdc_tsw
22:31:17.0 (95980668)|ENTERING_MANAGED_PKG|tdc_tsw
22:31:17.0 (96268024)|ENTERING_MANAGED_PKG|tdc_tsw
22:31:17.0 (96826070)|ENTERING_MANAGED_PKG|tdc_tsw
22:31:17.0 (98228837)|ENTERING_MANAGED_PKG|tdc_tsw
22:31:17.0 (99192638)|ENTERING_MANAGED_PKG|tdc_tsw
22:31:17.0 (99467685)|ENTERING_MANAGED_PKG|tdc_tsw
22:31:17.0 (100030827)|ENTERING_MANAGED_PKG|tdc_tsw
22:31:17.0 (101580794)|ENTERING_MANAGED_PKG|tdc_tsw
22:31:17.0 (102516223)|ENTERING_MANAGED_PKG|tdc_tsw
22:31:17.0 (102825346)|ENTERING_MANAGED_PKG|tdc_tsw
22:31:17.0 (103338841)|ENTERING_MANAGED_PKG|tdc_tsw
22:31:17.0 (104755125)|ENTERING_MANAGED_PKG|tdc_tsw
22:31:17.0 (105689130)|ENTERING_MANAGED_PKG|tdc_tsw
22:31:17.0 (105989924)|ENTERING_MANAGED_PKG|tdc_tsw
22:31:17.0 (106515218)|ENTERING_MANAGED_PKG|tdc_tsw
22:31:17.0 (107959737)|ENTERING_MANAGED_PKG|tdc_tsw
22:31:17.0 (109005154)|ENTERING_MANAGED_PKG|tdc_tsw
22:31:17.0 (109331453)|ENTERING_MANAGED_PKG|tdc_tsw
22:31:17.0 (109931668)|ENTERING_MANAGED_PKG|tdc_tsw
22:31:17.0 (111464912)|ENTERING_MANAGED_PKG|tdc_tsw
22:31:17.0 (112388117)|ENTERING_MANAGED_PKG|tdc_tsw
22:31:17.0 (112668682)|ENTERING_MANAGED_PKG|tdc_tsw
22:31:17.0 (113198049)|ENTERING_MANAGED_PKG|tdc_tsw
22:31:17.0 (114593312)|ENTERING_MANAGED_PKG|tdc_tsw
22:31:17.0 (115500734)|ENTERING_MANAGED_PKG|tdc_tsw
22:31:17.0 (115777502)|ENTERING_MANAGED_PKG|tdc_tsw
22:31:17.0 (116277955)|ENTERING_MANAGED_PKG|tdc_tsw
22:31:17.0 (117776601)|ENTERING_MANAGED_PKG|tdc_tsw
22:31:17.0 (118694467)|ENTERING_MANAGED_PKG|tdc_tsw
22:31:17.0 (118980258)|ENTERING_MANAGED_PKG|tdc_tsw
22:31:17.0 (119479529)|ENTERING_MANAGED_PKG|tdc_tsw
22:31:17.0 (120910814)|ENTERING_MANAGED_PKG|tdc_tsw
22:31:17.0 (121778458)|ENTERING_MANAGED_PKG|tdc_tsw
22:31:17.0 (122076478)|ENTERING_MANAGED_PKG|tdc_tsw
22:31:17.0 (122584535)|ENTERING_MANAGED_PKG|tdc_tsw
22:31:17.0 (124044658)|ENTERING_MANAGED_PKG|tdc_tsw
22:31:17.0 (125124520)|ENTERING_MANAGED_PKG|tdc_tsw
22:31:17.0 (125449552)|ENTERING_MANAGED_PKG|tdc_tsw
22:31:17.0 (125971260)|ENTERING_MANAGED_PKG|tdc_tsw
22:31:17.0 (127440574)|ENTERING_MANAGED_PKG|tdc_tsw
22:31:17.0 (128394298)|ENTERING_MANAGED_PKG|tdc_tsw
22:31:17.0 (128672934)|ENTERING_MANAGED_PKG|tdc_tsw
22:31:17.0 (129235422)|ENTERING_MANAGED_PKG|tdc_tsw
22:31:17.0 (130757827)|ENTERING_MANAGED_PKG|tdc_tsw
22:31:17.0 (131656797)|ENTERING_MANAGED_PKG|tdc_tsw
22:31:17.0 (131946312)|ENTERING_MANAGED_PKG|tdc_tsw
22:31:17.0 (132516363)|ENTERING_MANAGED_PKG|tdc_tsw
22:31:17.0 (133935289)|ENTERING_MANAGED_PKG|tdc_tsw
22:31:17.0 (134858372)|ENTERING_MANAGED_PKG|tdc_tsw
22:31:17.0 (135145841)|ENTERING_MANAGED_PKG|tdc_tsw
22:31:17.0 (135672026)|ENTERING_MANAGED_PKG|tdc_tsw
22:31:17.0 (137101624)|ENTERING_MANAGED_PKG|tdc_tsw
22:31:17.0 (138011560)|ENTERING_MANAGED_PKG|tdc_tsw
22:31:17.0 (138300386)|ENTERING_MANAGED_PKG|tdc_tsw
22:31:17.0 (138806186)|ENTERING_MANAGED_PKG|tdc_tsw
22:31:17.0 (140200750)|ENTERING_MANAGED_PKG|tdc_tsw
22:31:17.0 (141133094)|ENTERING_MANAGED_PKG|tdc_tsw
22:31:17.0 (141411547)|ENTERING_MANAGED_PKG|tdc_tsw
22:31:17.0 (141922446)|ENTERING_MANAGED_PKG|tdc_tsw
22:31:17.0 (143350040)|ENTERING_MANAGED_PKG|tdc_tsw
22:31:17.0 (144268193)|ENTERING_MANAGED_PKG|tdc_tsw
22:31:17.0 (144551291)|ENTERING_MANAGED_PKG|tdc_tsw
22:31:17.0 (145065366)|ENTERING_MANAGED_PKG|tdc_tsw
22:31:17.0 (146470316)|ENTERING_MANAGED_PKG|tdc_tsw
22:31:17.0 (147433194)|ENTERING_MANAGED_PKG|tdc_tsw
22:31:17.0 (147717851)|ENTERING_MANAGED_PKG|tdc_tsw
22:31:17.0 (148228857)|ENTERING_MANAGED_PKG|tdc_tsw
22:31:17.0 (149652399)|ENTERING_MANAGED_PKG|tdc_tsw
22:31:17.0 (150592809)|ENTERING_MANAGED_PKG|tdc_tsw
22:31:17.0 (150878417)|ENTERING_MANAGED_PKG|tdc_tsw
22:31:17.0 (151386276)|ENTERING_MANAGED_PKG|tdc_tsw
22:31:17.0 (152824898)|ENTERING_MANAGED_PKG|tdc_tsw
22:31:17.0 (153733089)|ENTERING_MANAGED_PKG|tdc_tsw
22:31:17.0 (154017710)|ENTERING_MANAGED_PKG|tdc_tsw
22:31:17.0 (154636795)|ENTERING_MANAGED_PKG|tdc_tsw
22:31:17.0 (156069484)|ENTERING_MANAGED_PKG|tdc_tsw
22:31:17.0 (156982435)|ENTERING_MANAGED_PKG|tdc_tsw
22:31:17.0 (157310226)|ENTERING_MANAGED_PKG|tdc_tsw
22:31:17.0 (157827477)|ENTERING_MANAGED_PKG|tdc_tsw
22:31:17.0 (159270351)|ENTERING_MANAGED_PKG|tdc_tsw
22:31:17.0 (160218441)|ENTERING_MANAGED_PKG|tdc_tsw
22:31:17.0 (160468891)|ENTERING_MANAGED_PKG|tdc_tsw
22:31:17.0 (161034965)|ENTERING_MANAGED_PKG|tdc_tsw
22:31:17.0 (162702608)|ENTERING_MANAGED_PKG|tdc_tsw
22:31:17.0 (163697512)|ENTERING_MANAGED_PKG|tdc_tsw
22:31:17.0 (163958720)|ENTERING_MANAGED_PKG|tdc_tsw
22:31:17.0 (164385604)|ENTERING_MANAGED_PKG|tdc_tsw
22:31:17.0 (165586342)|ENTERING_MANAGED_PKG|tdc_tsw
22:31:17.0 (166358437)|ENTERING_MANAGED_PKG|tdc_tsw
22:31:17.0 (166564492)|ENTERING_MANAGED_PKG|tdc_tsw
22:31:17.0 (166976621)|ENTERING_MANAGED_PKG|tdc_tsw
22:31:17.0 (168167350)|ENTERING_MANAGED_PKG|tdc_tsw
22:31:17.0 (169017382)|ENTERING_MANAGED_PKG|tdc_tsw
22:31:17.0 (169251174)|ENTERING_MANAGED_PKG|tdc_tsw
22:31:17.0 (169953009)|ENTERING_MANAGED_PKG|tdc_tsw
22:31:17.0 (171212809)|ENTERING_MANAGED_PKG|tdc_tsw
22:31:17.0 (171983684)|ENTERING_MANAGED_PKG|tdc_tsw
22:31:17.0 (172214249)|ENTERING_MANAGED_PKG|tdc_tsw
22:31:17.0 (172716044)|ENTERING_MANAGED_PKG|tdc_tsw
22:31:17.0 (174109860)|ENTERING_MANAGED_PKG|tdc_tsw
22:31:17.0 (174977488)|ENTERING_MANAGED_PKG|tdc_tsw
22:31:17.0 (175054801)|ENTERING_MANAGED_PKG|tdc_tsw
22:31:17.0 (175686280)|SOQL_EXECUTE_BEGIN|[200]|Aggregations:0|SELECT Name, NamespacePrefix, SystemModStamp FROM StaticResource WHERE Name LIKE :tmpVar1 LIMIT 10
22:31:17.0 (179042949)|SOQL_EXECUTE_END|[200]|Rows:1
22:31:17.0 (179832037)|ENTERING_MANAGED_PKG|tdc_tsw
22:31:17.0 (180222289)|SOQL_EXECUTE_BEGIN|[200]|Aggregations:0|SELECT Name, NamespacePrefix, SystemModStamp FROM StaticResource WHERE Name LIKE :tmpVar1 LIMIT 10
22:31:17.0 (182511042)|SOQL_EXECUTE_END|[200]|Rows:1
22:31:17.0 (182899369)|ENTERING_MANAGED_PKG|tdc_tsw
22:31:17.0 (186574722)|ENTERING_MANAGED_PKG|tdc_tsw
22:31:17.0 (188345478)|ENTERING_MANAGED_PKG|tdc_tsw
22:31:17.0 (188634600)|ENTERING_MANAGED_PKG|tdc_tsw
22:31:17.0 (189426236)|ENTERING_MANAGED_PKG|tdc_tsw
22:31:17.0 (189802662)|SOQL_EXECUTE_BEGIN|[200]|Aggregations:0|SELECT Name, NamespacePrefix, SystemModStamp FROM StaticResource WHERE Name LIKE :tmpVar1 LIMIT 10
22:31:17.0 (192129742)|SOQL_EXECUTE_END|[200]|Rows:1
22:31:17.209 (209480612)|USER_INFO|[EXTERNAL]|0051H000009gxp8|chanida.dev2@solvedbysoftwareco.com|Eastern Standard Time|GMT-05:00
22:31:17.209 (210966183)|ENTERING_MANAGED_PKG|tdc_tsw
22:31:17.209 (211171879)|ENTERING_MANAGED_PKG|tdc_tsw
22:31:17.209 (213666186)|SOQL_EXECUTE_BEGIN|[355]|Aggregations:0|SELECT id, name, Disable_Incoming_SMS_Sharing__c FROM User WHERE id = :tmpVar1
22:31:17.209 (219828636)|SOQL_EXECUTE_END|[355]|Rows:1
22:31:17.209 (220807796)|SOQL_EXECUTE_BEGIN|[367]|Aggregations:0|SELECT CreatedDate,Id,LastModifiedDate,Related_Object_Id__c FROM Message__c WHERE Name = 'Incoming' AND Read__c = false ORDER BY CreatedDate Desc limit 100
22:31:17.209 (229088131)|SOQL_EXECUTE_END|[367]|Rows:100
