44.0 APEX_CODE,FINEST;APEX_PROFILING,INFO;CALLOUT,INFO;DB,INFO;NBA,INFO;SYSTEM,DEBUG;VALIDATION,INFO;VISUALFORCE,INFO;WAVE,INFO;WORKFLOW,INFO
11:09:43.0 (164721)|USER_INFO|[EXTERNAL]|0051H000009gxp8|chanida.dev2@solvedbysoftwareco.com|Eastern Standard Time|GMT-05:00
11:09:43.0 (1847681)|ENTERING_MANAGED_PKG|tdc_tsw
11:09:43.0 (2237485)|ENTERING_MANAGED_PKG|tdc_tsw
11:09:43.0 (5864555)|SOQL_EXECUTE_BEGIN|[16]|Aggregations:0|SELECT id, name, Disable_Incoming_SMS_Sharing__c FROM User WHERE id = :tmpVar1
11:09:43.0 (13276656)|SOQL_EXECUTE_END|[16]|Rows:1
11:09:43.0 (18893604)|SOQL_EXECUTE_BEGIN|[37]|Aggregations:0|SELECT CreatedDate,Created_Date__c,Id,LastModifiedDate,MessageId__c,Message_Text_New__c,Name,OwnerId,Read__c,Related_Object_Id__c,Related_Object__c,Sender_Number__c, Sender_Name__c,ToNumber__c,Attachments_Ids__c FROM Message__c WHERE Name = 'Incoming' AND Read__c = false ORDER BY CreatedDate Desc limit 100
11:09:43.0 (34309943)|SOQL_EXECUTE_END|[37]|Rows:100
11:09:43.0 (51452216)|ENTERING_MANAGED_PKG|tdc_tsw
11:09:43.0 (53160884)|ENTERING_MANAGED_PKG|tdc_tsw
11:09:43.0 (53616703)|ENTERING_MANAGED_PKG|tdc_tsw
11:09:43.0 (54278824)|ENTERING_MANAGED_PKG|tdc_tsw
11:09:43.0 (57088709)|ENTERING_MANAGED_PKG|tdc_tsw
11:09:43.0 (57857229)|ENTERING_MANAGED_PKG|tdc_tsw
11:09:43.0 (58112416)|ENTERING_MANAGED_PKG|tdc_tsw
11:09:43.0 (58566060)|ENTERING_MANAGED_PKG|tdc_tsw
11:09:43.0 (59690999)|ENTERING_MANAGED_PKG|tdc_tsw
11:09:43.0 (60543006)|ENTERING_MANAGED_PKG|tdc_tsw
11:09:43.0 (60788705)|ENTERING_MANAGED_PKG|tdc_tsw
11:09:43.0 (61178610)|ENTERING_MANAGED_PKG|tdc_tsw
11:09:43.0 (62262788)|ENTERING_MANAGED_PKG|tdc_tsw
11:09:43.0 (63029453)|ENTERING_MANAGED_PKG|tdc_tsw
11:09:43.0 (63285911)|ENTERING_MANAGED_PKG|tdc_tsw
11:09:43.0 (63751145)|ENTERING_MANAGED_PKG|tdc_tsw
11:09:43.0 (64954015)|ENTERING_MANAGED_PKG|tdc_tsw
11:09:43.0 (65803924)|ENTERING_MANAGED_PKG|tdc_tsw
11:09:43.0 (66031266)|ENTERING_MANAGED_PKG|tdc_tsw
11:09:43.0 (66467981)|ENTERING_MANAGED_PKG|tdc_tsw
11:09:43.0 (67653505)|ENTERING_MANAGED_PKG|tdc_tsw
11:09:43.0 (68446387)|ENTERING_MANAGED_PKG|tdc_tsw
11:09:43.0 (68711484)|ENTERING_MANAGED_PKG|tdc_tsw
11:09:43.0 (69116220)|ENTERING_MANAGED_PKG|tdc_tsw
11:09:43.0 (70220403)|ENTERING_MANAGED_PKG|tdc_tsw
11:09:43.0 (70983135)|ENTERING_MANAGED_PKG|tdc_tsw
11:09:43.0 (71231156)|ENTERING_MANAGED_PKG|tdc_tsw
11:09:43.0 (71672602)|ENTERING_MANAGED_PKG|tdc_tsw
11:09:43.0 (72770890)|ENTERING_MANAGED_PKG|tdc_tsw
11:09:43.0 (73495132)|ENTERING_MANAGED_PKG|tdc_tsw
11:09:43.0 (73762155)|ENTERING_MANAGED_PKG|tdc_tsw
11:09:43.0 (74157459)|ENTERING_MANAGED_PKG|tdc_tsw
11:09:43.0 (75249587)|ENTERING_MANAGED_PKG|tdc_tsw
11:09:43.0 (76011328)|ENTERING_MANAGED_PKG|tdc_tsw
11:09:43.0 (76236450)|ENTERING_MANAGED_PKG|tdc_tsw
11:09:43.0 (76624243)|ENTERING_MANAGED_PKG|tdc_tsw
11:09:43.0 (77711881)|ENTERING_MANAGED_PKG|tdc_tsw
11:09:43.0 (78442754)|ENTERING_MANAGED_PKG|tdc_tsw
11:09:43.0 (78710302)|ENTERING_MANAGED_PKG|tdc_tsw
11:09:43.0 (79101707)|ENTERING_MANAGED_PKG|tdc_tsw
11:09:43.0 (80191052)|ENTERING_MANAGED_PKG|tdc_tsw
11:09:43.0 (80957364)|ENTERING_MANAGED_PKG|tdc_tsw
11:09:43.0 (81181894)|ENTERING_MANAGED_PKG|tdc_tsw
11:09:43.0 (81560661)|ENTERING_MANAGED_PKG|tdc_tsw
11:09:43.0 (82715551)|ENTERING_MANAGED_PKG|tdc_tsw
11:09:43.0 (83459488)|ENTERING_MANAGED_PKG|tdc_tsw
11:09:43.0 (83706376)|ENTERING_MANAGED_PKG|tdc_tsw
11:09:43.0 (84126721)|ENTERING_MANAGED_PKG|tdc_tsw
11:09:43.0 (85226297)|ENTERING_MANAGED_PKG|tdc_tsw
11:09:43.0 (85993278)|ENTERING_MANAGED_PKG|tdc_tsw
11:09:43.0 (86217492)|ENTERING_MANAGED_PKG|tdc_tsw
11:09:43.0 (86596023)|ENTERING_MANAGED_PKG|tdc_tsw
11:09:43.0 (87655213)|ENTERING_MANAGED_PKG|tdc_tsw
11:09:43.0 (88370081)|ENTERING_MANAGED_PKG|tdc_tsw
11:09:43.0 (88596029)|ENTERING_MANAGED_PKG|tdc_tsw
11:09:43.0 (88982563)|ENTERING_MANAGED_PKG|tdc_tsw
11:09:43.0 (90035404)|ENTERING_MANAGED_PKG|tdc_tsw
11:09:43.0 (90765429)|ENTERING_MANAGED_PKG|tdc_tsw
11:09:43.0 (90988547)|ENTERING_MANAGED_PKG|tdc_tsw
11:09:43.0 (91368937)|ENTERING_MANAGED_PKG|tdc_tsw
11:09:43.0 (92418572)|ENTERING_MANAGED_PKG|tdc_tsw
11:09:43.0 (93254897)|ENTERING_MANAGED_PKG|tdc_tsw
11:09:43.0 (93493293)|ENTERING_MANAGED_PKG|tdc_tsw
11:09:43.0 (93950048)|ENTERING_MANAGED_PKG|tdc_tsw
11:09:43.0 (95037414)|ENTERING_MANAGED_PKG|tdc_tsw
11:09:43.0 (96044193)|ENTERING_MANAGED_PKG|tdc_tsw
11:09:43.0 (96316703)|ENTERING_MANAGED_PKG|tdc_tsw
11:09:43.0 (96715386)|ENTERING_MANAGED_PKG|tdc_tsw
11:09:43.0 (97812634)|ENTERING_MANAGED_PKG|tdc_tsw
11:09:43.0 (98581886)|ENTERING_MANAGED_PKG|tdc_tsw
11:09:43.0 (98818797)|ENTERING_MANAGED_PKG|tdc_tsw
11:09:43.0 (99222256)|ENTERING_MANAGED_PKG|tdc_tsw
11:09:43.0 (100270848)|ENTERING_MANAGED_PKG|tdc_tsw
11:09:43.0 (101037827)|ENTERING_MANAGED_PKG|tdc_tsw
11:09:43.0 (101263401)|ENTERING_MANAGED_PKG|tdc_tsw
11:09:43.0 (101652329)|ENTERING_MANAGED_PKG|tdc_tsw
11:09:43.0 (102733910)|ENTERING_MANAGED_PKG|tdc_tsw
11:09:43.0 (103539115)|ENTERING_MANAGED_PKG|tdc_tsw
11:09:43.0 (103778890)|ENTERING_MANAGED_PKG|tdc_tsw
11:09:43.0 (104229000)|ENTERING_MANAGED_PKG|tdc_tsw
11:09:43.0 (105416081)|ENTERING_MANAGED_PKG|tdc_tsw
11:09:43.0 (106247392)|ENTERING_MANAGED_PKG|tdc_tsw
11:09:43.0 (106473704)|ENTERING_MANAGED_PKG|tdc_tsw
11:09:43.0 (106866837)|ENTERING_MANAGED_PKG|tdc_tsw
11:09:43.0 (107944270)|ENTERING_MANAGED_PKG|tdc_tsw
11:09:43.0 (108674217)|ENTERING_MANAGED_PKG|tdc_tsw
11:09:43.0 (108899918)|ENTERING_MANAGED_PKG|tdc_tsw
11:09:43.0 (109277326)|ENTERING_MANAGED_PKG|tdc_tsw
11:09:43.0 (110361920)|ENTERING_MANAGED_PKG|tdc_tsw
11:09:43.0 (111128064)|ENTERING_MANAGED_PKG|tdc_tsw
11:09:43.0 (111352783)|ENTERING_MANAGED_PKG|tdc_tsw
11:09:43.0 (111784064)|ENTERING_MANAGED_PKG|tdc_tsw
11:09:43.0 (112832136)|ENTERING_MANAGED_PKG|tdc_tsw
11:09:43.0 (113576733)|ENTERING_MANAGED_PKG|tdc_tsw
11:09:43.0 (113811746)|ENTERING_MANAGED_PKG|tdc_tsw
11:09:43.0 (114233031)|ENTERING_MANAGED_PKG|tdc_tsw
11:09:43.0 (115368245)|ENTERING_MANAGED_PKG|tdc_tsw
11:09:43.0 (116098282)|ENTERING_MANAGED_PKG|tdc_tsw
11:09:43.0 (116325524)|ENTERING_MANAGED_PKG|tdc_tsw
11:09:43.0 (116719431)|ENTERING_MANAGED_PKG|tdc_tsw
11:09:43.0 (117768391)|ENTERING_MANAGED_PKG|tdc_tsw
11:09:43.0 (118494120)|ENTERING_MANAGED_PKG|tdc_tsw
11:09:43.0 (118730605)|ENTERING_MANAGED_PKG|tdc_tsw
11:09:43.0 (119108190)|ENTERING_MANAGED_PKG|tdc_tsw
11:09:43.0 (120483746)|ENTERING_MANAGED_PKG|tdc_tsw
11:09:43.0 (121282351)|ENTERING_MANAGED_PKG|tdc_tsw
11:09:43.0 (121539059)|ENTERING_MANAGED_PKG|tdc_tsw
11:09:43.0 (121998915)|ENTERING_MANAGED_PKG|tdc_tsw
11:09:43.0 (123051412)|ENTERING_MANAGED_PKG|tdc_tsw
11:09:43.0 (123818005)|ENTERING_MANAGED_PKG|tdc_tsw
11:09:43.0 (124101543)|ENTERING_MANAGED_PKG|tdc_tsw
11:09:43.0 (124504019)|ENTERING_MANAGED_PKG|tdc_tsw
11:09:43.0 (125551033)|ENTERING_MANAGED_PKG|tdc_tsw
11:09:43.0 (126306964)|ENTERING_MANAGED_PKG|tdc_tsw
11:09:43.0 (126577577)|ENTERING_MANAGED_PKG|tdc_tsw
11:09:43.0 (126969441)|ENTERING_MANAGED_PKG|tdc_tsw
11:09:43.0 (128045599)|ENTERING_MANAGED_PKG|tdc_tsw
11:09:43.0 (128857425)|ENTERING_MANAGED_PKG|tdc_tsw
11:09:43.0 (129117655)|ENTERING_MANAGED_PKG|tdc_tsw
11:09:43.0 (129546754)|ENTERING_MANAGED_PKG|tdc_tsw
11:09:43.0 (130599086)|ENTERING_MANAGED_PKG|tdc_tsw
11:09:43.0 (131324755)|ENTERING_MANAGED_PKG|tdc_tsw
11:09:43.0 (131549847)|ENTERING_MANAGED_PKG|tdc_tsw
11:09:43.0 (131940387)|ENTERING_MANAGED_PKG|tdc_tsw
11:09:43.0 (133021896)|ENTERING_MANAGED_PKG|tdc_tsw
11:09:43.0 (133756505)|ENTERING_MANAGED_PKG|tdc_tsw
11:09:43.0 (133989502)|ENTERING_MANAGED_PKG|tdc_tsw
11:09:43.0 (134469611)|ENTERING_MANAGED_PKG|tdc_tsw
11:09:43.0 (135665950)|ENTERING_MANAGED_PKG|tdc_tsw
11:09:43.0 (136421019)|ENTERING_MANAGED_PKG|tdc_tsw
11:09:43.0 (136656810)|ENTERING_MANAGED_PKG|tdc_tsw
11:09:43.0 (137035412)|ENTERING_MANAGED_PKG|tdc_tsw
11:09:43.0 (138169059)|ENTERING_MANAGED_PKG|tdc_tsw
11:09:43.0 (138961023)|ENTERING_MANAGED_PKG|tdc_tsw
11:09:43.0 (139196307)|ENTERING_MANAGED_PKG|tdc_tsw
11:09:43.0 (139576408)|ENTERING_MANAGED_PKG|tdc_tsw
11:09:43.0 (140670800)|ENTERING_MANAGED_PKG|tdc_tsw
11:09:43.0 (141388280)|ENTERING_MANAGED_PKG|tdc_tsw
11:09:43.0 (141622439)|ENTERING_MANAGED_PKG|tdc_tsw
11:09:43.0 (142007146)|ENTERING_MANAGED_PKG|tdc_tsw
11:09:43.0 (143104474)|ENTERING_MANAGED_PKG|tdc_tsw
11:09:43.0 (143833343)|ENTERING_MANAGED_PKG|tdc_tsw
11:09:43.0 (144103267)|ENTERING_MANAGED_PKG|tdc_tsw
11:09:43.0 (144516818)|ENTERING_MANAGED_PKG|tdc_tsw
11:09:43.0 (145645141)|ENTERING_MANAGED_PKG|tdc_tsw
11:09:43.0 (146364632)|ENTERING_MANAGED_PKG|tdc_tsw
11:09:43.0 (146588793)|ENTERING_MANAGED_PKG|tdc_tsw
11:09:43.0 (146979490)|ENTERING_MANAGED_PKG|tdc_tsw
11:09:43.0 (148119162)|ENTERING_MANAGED_PKG|tdc_tsw
11:09:43.0 (148890849)|ENTERING_MANAGED_PKG|tdc_tsw
11:09:43.0 (149114674)|ENTERING_MANAGED_PKG|tdc_tsw
11:09:43.0 (149493422)|ENTERING_MANAGED_PKG|tdc_tsw
11:09:43.0 (150587956)|ENTERING_MANAGED_PKG|tdc_tsw
11:09:43.0 (151318146)|ENTERING_MANAGED_PKG|tdc_tsw
11:09:43.0 (151542155)|ENTERING_MANAGED_PKG|tdc_tsw
11:09:43.0 (151933440)|ENTERING_MANAGED_PKG|tdc_tsw
11:09:43.0 (153013313)|ENTERING_MANAGED_PKG|tdc_tsw
11:09:43.0 (153783689)|ENTERING_MANAGED_PKG|tdc_tsw
11:09:43.0 (154048895)|ENTERING_MANAGED_PKG|tdc_tsw
11:09:43.0 (154473430)|ENTERING_MANAGED_PKG|tdc_tsw
11:09:43.0 (155583981)|ENTERING_MANAGED_PKG|tdc_tsw
11:09:43.0 (156317448)|ENTERING_MANAGED_PKG|tdc_tsw
11:09:43.0 (156577096)|ENTERING_MANAGED_PKG|tdc_tsw
11:09:43.0 (156967350)|ENTERING_MANAGED_PKG|tdc_tsw
11:09:43.0 (158121475)|ENTERING_MANAGED_PKG|tdc_tsw
11:09:43.0 (158850891)|ENTERING_MANAGED_PKG|tdc_tsw
11:09:43.0 (159074916)|ENTERING_MANAGED_PKG|tdc_tsw
11:09:43.0 (159506120)|ENTERING_MANAGED_PKG|tdc_tsw
11:09:43.0 (160565632)|ENTERING_MANAGED_PKG|tdc_tsw
11:09:43.0 (161292145)|ENTERING_MANAGED_PKG|tdc_tsw
11:09:43.0 (161517021)|ENTERING_MANAGED_PKG|tdc_tsw
11:09:43.0 (161906620)|ENTERING_MANAGED_PKG|tdc_tsw
11:09:43.0 (162952073)|ENTERING_MANAGED_PKG|tdc_tsw
11:09:43.0 (163682425)|ENTERING_MANAGED_PKG|tdc_tsw
11:09:43.0 (163907339)|ENTERING_MANAGED_PKG|tdc_tsw
11:09:43.0 (164290027)|ENTERING_MANAGED_PKG|tdc_tsw
11:09:43.0 (165406137)|ENTERING_MANAGED_PKG|tdc_tsw
11:09:43.0 (166178433)|ENTERING_MANAGED_PKG|tdc_tsw
11:09:43.0 (166413870)|ENTERING_MANAGED_PKG|tdc_tsw
11:09:43.0 (166806952)|ENTERING_MANAGED_PKG|tdc_tsw
11:09:43.0 (167867389)|ENTERING_MANAGED_PKG|tdc_tsw
11:09:43.0 (168627792)|ENTERING_MANAGED_PKG|tdc_tsw
11:09:43.0 (168884248)|ENTERING_MANAGED_PKG|tdc_tsw
11:09:43.0 (169275883)|ENTERING_MANAGED_PKG|tdc_tsw
11:09:43.0 (170358011)|ENTERING_MANAGED_PKG|tdc_tsw
11:09:43.0 (171085805)|ENTERING_MANAGED_PKG|tdc_tsw
11:09:43.0 (171310089)|ENTERING_MANAGED_PKG|tdc_tsw
11:09:43.0 (171706148)|ENTERING_MANAGED_PKG|tdc_tsw
11:09:43.0 (172778139)|ENTERING_MANAGED_PKG|tdc_tsw
11:09:43.0 (173496289)|ENTERING_MANAGED_PKG|tdc_tsw
11:09:43.0 (173735338)|ENTERING_MANAGED_PKG|tdc_tsw
11:09:43.0 (174112228)|ENTERING_MANAGED_PKG|tdc_tsw
11:09:43.0 (175240291)|ENTERING_MANAGED_PKG|tdc_tsw
11:09:43.0 (175982760)|ENTERING_MANAGED_PKG|tdc_tsw
11:09:43.0 (176206550)|ENTERING_MANAGED_PKG|tdc_tsw
11:09:43.0 (176653989)|ENTERING_MANAGED_PKG|tdc_tsw
11:09:43.0 (177814951)|ENTERING_MANAGED_PKG|tdc_tsw
11:09:43.0 (178539456)|ENTERING_MANAGED_PKG|tdc_tsw
11:09:43.0 (178773090)|ENTERING_MANAGED_PKG|tdc_tsw
11:09:43.0 (179152571)|ENTERING_MANAGED_PKG|tdc_tsw
11:09:43.0 (180281714)|ENTERING_MANAGED_PKG|tdc_tsw
11:09:43.0 (181239929)|ENTERING_MANAGED_PKG|tdc_tsw
11:09:43.0 (181468276)|ENTERING_MANAGED_PKG|tdc_tsw
11:09:43.0 (181861055)|ENTERING_MANAGED_PKG|tdc_tsw
11:09:43.0 (182910214)|ENTERING_MANAGED_PKG|tdc_tsw
11:09:43.0 (183639026)|ENTERING_MANAGED_PKG|tdc_tsw
11:09:43.0 (183890294)|ENTERING_MANAGED_PKG|tdc_tsw
11:09:43.0 (184273445)|ENTERING_MANAGED_PKG|tdc_tsw
11:09:43.0 (185441188)|ENTERING_MANAGED_PKG|tdc_tsw
11:09:43.0 (186172152)|ENTERING_MANAGED_PKG|tdc_tsw
11:09:43.0 (186396620)|ENTERING_MANAGED_PKG|tdc_tsw
11:09:43.0 (186871737)|ENTERING_MANAGED_PKG|tdc_tsw
11:09:43.0 (187965730)|ENTERING_MANAGED_PKG|tdc_tsw
11:09:43.0 (188733222)|ENTERING_MANAGED_PKG|tdc_tsw
11:09:43.0 (188958009)|ENTERING_MANAGED_PKG|tdc_tsw
11:09:43.0 (189335924)|ENTERING_MANAGED_PKG|tdc_tsw
11:09:43.0 (190454159)|ENTERING_MANAGED_PKG|tdc_tsw
11:09:43.0 (191212557)|ENTERING_MANAGED_PKG|tdc_tsw
11:09:43.0 (191436523)|ENTERING_MANAGED_PKG|tdc_tsw
11:09:43.0 (191882252)|ENTERING_MANAGED_PKG|tdc_tsw
11:09:43.0 (192984303)|ENTERING_MANAGED_PKG|tdc_tsw
11:09:43.0 (193766267)|ENTERING_MANAGED_PKG|tdc_tsw
11:09:43.0 (194020382)|ENTERING_MANAGED_PKG|tdc_tsw
11:09:43.0 (194441814)|ENTERING_MANAGED_PKG|tdc_tsw
11:09:43.0 (195702791)|ENTERING_MANAGED_PKG|tdc_tsw
11:09:43.0 (196435226)|ENTERING_MANAGED_PKG|tdc_tsw
11:09:43.0 (196672222)|ENTERING_MANAGED_PKG|tdc_tsw
11:09:43.0 (197081765)|ENTERING_MANAGED_PKG|tdc_tsw
11:09:43.0 (198130109)|ENTERING_MANAGED_PKG|tdc_tsw
11:09:43.0 (198913151)|ENTERING_MANAGED_PKG|tdc_tsw
11:09:43.0 (199112459)|ENTERING_MANAGED_PKG|tdc_tsw
11:09:43.0 (199556940)|ENTERING_MANAGED_PKG|tdc_tsw
11:09:43.0 (200867742)|ENTERING_MANAGED_PKG|tdc_tsw
11:09:43.0 (201774207)|ENTERING_MANAGED_PKG|tdc_tsw
11:09:43.0 (201851961)|ENTERING_MANAGED_PKG|tdc_tsw
11:09:43.0 (202432485)|SOQL_EXECUTE_BEGIN|[200]|Aggregations:0|SELECT Name, NamespacePrefix, SystemModStamp FROM StaticResource WHERE Name LIKE :tmpVar1 LIMIT 10
11:09:43.0 (205578809)|SOQL_EXECUTE_END|[200]|Rows:1
11:09:43.0 (206335386)|ENTERING_MANAGED_PKG|tdc_tsw
11:09:43.0 (206719007)|SOQL_EXECUTE_BEGIN|[200]|Aggregations:0|SELECT Name, NamespacePrefix, SystemModStamp FROM StaticResource WHERE Name LIKE :tmpVar1 LIMIT 10
11:09:43.0 (211143489)|SOQL_EXECUTE_END|[200]|Rows:1
11:09:43.0 (211519583)|ENTERING_MANAGED_PKG|tdc_tsw
11:09:43.0 (214261876)|ENTERING_MANAGED_PKG|tdc_tsw
11:09:43.0 (215456816)|ENTERING_MANAGED_PKG|tdc_tsw
11:09:43.0 (215752141)|ENTERING_MANAGED_PKG|tdc_tsw
11:09:43.0 (216527464)|ENTERING_MANAGED_PKG|tdc_tsw
11:09:43.0 (216888766)|SOQL_EXECUTE_BEGIN|[200]|Aggregations:0|SELECT Name, NamespacePrefix, SystemModStamp FROM StaticResource WHERE Name LIKE :tmpVar1 LIMIT 10
11:09:43.0 (219178946)|SOQL_EXECUTE_END|[200]|Rows:1
11:09:43.229 (229612522)|USER_INFO|[EXTERNAL]|0051H000009gxp8|chanida.dev2@solvedbysoftwareco.com|Eastern Standard Time|GMT-05:00
11:09:43.229 (231294926)|ENTERING_MANAGED_PKG|tdc_tsw
11:09:43.229 (231460605)|ENTERING_MANAGED_PKG|tdc_tsw
11:09:43.229 (233887717)|SOQL_EXECUTE_BEGIN|[355]|Aggregations:0|SELECT id, name, Disable_Incoming_SMS_Sharing__c FROM User WHERE id = :tmpVar1
11:09:43.229 (239484608)|SOQL_EXECUTE_END|[355]|Rows:1
11:09:43.229 (240409241)|SOQL_EXECUTE_BEGIN|[367]|Aggregations:0|SELECT CreatedDate,Id,LastModifiedDate,Related_Object_Id__c FROM Message__c WHERE Name = 'Incoming' AND Read__c = false ORDER BY CreatedDate Desc limit 100
11:09:43.229 (249707731)|SOQL_EXECUTE_END|[367]|Rows:100
