44.0 APEX_CODE,FINEST;APEX_PROFILING,INFO;CALLOUT,INFO;DB,INFO;NBA,INFO;SYSTEM,DEBUG;VALIDATION,INFO;VISUALFORCE,INFO;WAVE,INFO;WORKFLOW,INFO
15:10:52.0 (134480)|USER_INFO|[EXTERNAL]|0051H000009gxp8|chanida.dev2@solvedbysoftwareco.com|Eastern Standard Time|GMT-05:00
15:10:52.0 (1749380)|ENTERING_MANAGED_PKG|tdc_tsw
15:10:52.0 (2166832)|ENTERING_MANAGED_PKG|tdc_tsw
15:10:52.0 (5738187)|SOQL_EXECUTE_BEGIN|[16]|Aggregations:0|SELECT id, name, Disable_Incoming_SMS_Sharing__c FROM User WHERE id = :tmpVar1
15:10:52.0 (12391767)|SOQL_EXECUTE_END|[16]|Rows:1
15:10:52.0 (17663570)|SOQL_EXECUTE_BEGIN|[37]|Aggregations:0|SELECT CreatedDate,Created_Date__c,Id,LastModifiedDate,MessageId__c,Message_Text_New__c,Name,OwnerId,Read__c,Related_Object_Id__c,Related_Object__c,Sender_Number__c, Sender_Name__c,ToNumber__c,Attachments_Ids__c FROM Message__c WHERE Name = 'Incoming' AND Read__c = false ORDER BY CreatedDate Desc limit 100
15:10:52.0 (33529899)|SOQL_EXECUTE_END|[37]|Rows:100
15:10:52.0 (50105626)|ENTERING_MANAGED_PKG|tdc_tsw
15:10:52.0 (51708932)|ENTERING_MANAGED_PKG|tdc_tsw
15:10:52.0 (52183359)|ENTERING_MANAGED_PKG|tdc_tsw
15:10:52.0 (52851157)|ENTERING_MANAGED_PKG|tdc_tsw
15:10:52.0 (55563066)|ENTERING_MANAGED_PKG|tdc_tsw
15:10:52.0 (56346312)|ENTERING_MANAGED_PKG|tdc_tsw
15:10:52.0 (56628023)|ENTERING_MANAGED_PKG|tdc_tsw
15:10:52.0 (57027800)|ENTERING_MANAGED_PKG|tdc_tsw
15:10:52.0 (58102567)|ENTERING_MANAGED_PKG|tdc_tsw
15:10:52.0 (58832856)|ENTERING_MANAGED_PKG|tdc_tsw
15:10:52.0 (59061939)|ENTERING_MANAGED_PKG|tdc_tsw
15:10:52.0 (59452493)|ENTERING_MANAGED_PKG|tdc_tsw
15:10:52.0 (60568026)|ENTERING_MANAGED_PKG|tdc_tsw
15:10:52.0 (61320155)|ENTERING_MANAGED_PKG|tdc_tsw
15:10:52.0 (61550390)|ENTERING_MANAGED_PKG|tdc_tsw
15:10:52.0 (61941932)|ENTERING_MANAGED_PKG|tdc_tsw
15:10:52.0 (63061883)|ENTERING_MANAGED_PKG|tdc_tsw
15:10:52.0 (63839940)|ENTERING_MANAGED_PKG|tdc_tsw
15:10:52.0 (64068809)|ENTERING_MANAGED_PKG|tdc_tsw
15:10:52.0 (64449009)|ENTERING_MANAGED_PKG|tdc_tsw
15:10:52.0 (65509378)|ENTERING_MANAGED_PKG|tdc_tsw
15:10:52.0 (66232677)|ENTERING_MANAGED_PKG|tdc_tsw
15:10:52.0 (66461916)|ENTERING_MANAGED_PKG|tdc_tsw
15:10:52.0 (66850856)|ENTERING_MANAGED_PKG|tdc_tsw
15:10:52.0 (67923226)|ENTERING_MANAGED_PKG|tdc_tsw
15:10:52.0 (68645389)|ENTERING_MANAGED_PKG|tdc_tsw
15:10:52.0 (68912863)|ENTERING_MANAGED_PKG|tdc_tsw
15:10:52.0 (69292303)|ENTERING_MANAGED_PKG|tdc_tsw
15:10:52.0 (70349952)|ENTERING_MANAGED_PKG|tdc_tsw
15:10:52.0 (71073532)|ENTERING_MANAGED_PKG|tdc_tsw
15:10:52.0 (71304860)|ENTERING_MANAGED_PKG|tdc_tsw
15:10:52.0 (71714690)|ENTERING_MANAGED_PKG|tdc_tsw
15:10:52.0 (72806073)|ENTERING_MANAGED_PKG|tdc_tsw
15:10:52.0 (73521007)|ENTERING_MANAGED_PKG|tdc_tsw
15:10:52.0 (73749815)|ENTERING_MANAGED_PKG|tdc_tsw
15:10:52.0 (74161465)|ENTERING_MANAGED_PKG|tdc_tsw
15:10:52.0 (75222320)|ENTERING_MANAGED_PKG|tdc_tsw
15:10:52.0 (75940258)|ENTERING_MANAGED_PKG|tdc_tsw
15:10:52.0 (76168750)|ENTERING_MANAGED_PKG|tdc_tsw
15:10:52.0 (76556858)|ENTERING_MANAGED_PKG|tdc_tsw
15:10:52.0 (77614552)|ENTERING_MANAGED_PKG|tdc_tsw
15:10:52.0 (78335003)|ENTERING_MANAGED_PKG|tdc_tsw
15:10:52.0 (78563681)|ENTERING_MANAGED_PKG|tdc_tsw
15:10:52.0 (78956895)|ENTERING_MANAGED_PKG|tdc_tsw
15:10:52.0 (80014488)|ENTERING_MANAGED_PKG|tdc_tsw
15:10:52.0 (80729692)|ENTERING_MANAGED_PKG|tdc_tsw
15:10:52.0 (80966159)|ENTERING_MANAGED_PKG|tdc_tsw
15:10:52.0 (81346699)|ENTERING_MANAGED_PKG|tdc_tsw
15:10:52.0 (82436156)|ENTERING_MANAGED_PKG|tdc_tsw
15:10:52.0 (83155559)|ENTERING_MANAGED_PKG|tdc_tsw
15:10:52.0 (83384119)|ENTERING_MANAGED_PKG|tdc_tsw
15:10:52.0 (83772999)|ENTERING_MANAGED_PKG|tdc_tsw
15:10:52.0 (84830780)|ENTERING_MANAGED_PKG|tdc_tsw
15:10:52.0 (85558138)|ENTERING_MANAGED_PKG|tdc_tsw
15:10:52.0 (85821055)|ENTERING_MANAGED_PKG|tdc_tsw
15:10:52.0 (86200822)|ENTERING_MANAGED_PKG|tdc_tsw
15:10:52.0 (87257732)|ENTERING_MANAGED_PKG|tdc_tsw
15:10:52.0 (87975653)|ENTERING_MANAGED_PKG|tdc_tsw
15:10:52.0 (88203920)|ENTERING_MANAGED_PKG|tdc_tsw
15:10:52.0 (88587905)|ENTERING_MANAGED_PKG|tdc_tsw
15:10:52.0 (89647642)|ENTERING_MANAGED_PKG|tdc_tsw
15:10:52.0 (90380415)|ENTERING_MANAGED_PKG|tdc_tsw
15:10:52.0 (90609041)|ENTERING_MANAGED_PKG|tdc_tsw
15:10:52.0 (91005799)|ENTERING_MANAGED_PKG|tdc_tsw
15:10:52.0 (92071532)|ENTERING_MANAGED_PKG|tdc_tsw
15:10:52.0 (92795865)|ENTERING_MANAGED_PKG|tdc_tsw
15:10:52.0 (93024759)|ENTERING_MANAGED_PKG|tdc_tsw
15:10:52.0 (93404127)|ENTERING_MANAGED_PKG|tdc_tsw
15:10:52.0 (94457412)|ENTERING_MANAGED_PKG|tdc_tsw
15:10:52.0 (95177428)|ENTERING_MANAGED_PKG|tdc_tsw
15:10:52.0 (95406984)|ENTERING_MANAGED_PKG|tdc_tsw
15:10:52.0 (95792845)|ENTERING_MANAGED_PKG|tdc_tsw
15:10:52.0 (96871068)|ENTERING_MANAGED_PKG|tdc_tsw
15:10:52.0 (97582855)|ENTERING_MANAGED_PKG|tdc_tsw
15:10:52.0 (97820007)|ENTERING_MANAGED_PKG|tdc_tsw
15:10:52.0 (98201369)|ENTERING_MANAGED_PKG|tdc_tsw
15:10:52.0 (99258004)|ENTERING_MANAGED_PKG|tdc_tsw
15:10:52.0 (99978332)|ENTERING_MANAGED_PKG|tdc_tsw
15:10:52.0 (100206201)|ENTERING_MANAGED_PKG|tdc_tsw
15:10:52.0 (100585920)|ENTERING_MANAGED_PKG|tdc_tsw
15:10:52.0 (101679709)|ENTERING_MANAGED_PKG|tdc_tsw
15:10:52.0 (102424211)|ENTERING_MANAGED_PKG|tdc_tsw
15:10:52.0 (102631394)|ENTERING_MANAGED_PKG|tdc_tsw
15:10:52.0 (103018847)|ENTERING_MANAGED_PKG|tdc_tsw
15:10:52.0 (104077379)|ENTERING_MANAGED_PKG|tdc_tsw
15:10:52.0 (104793907)|ENTERING_MANAGED_PKG|tdc_tsw
15:10:52.0 (105023179)|ENTERING_MANAGED_PKG|tdc_tsw
15:10:52.0 (105402167)|ENTERING_MANAGED_PKG|tdc_tsw
15:10:52.0 (106494144)|ENTERING_MANAGED_PKG|tdc_tsw
15:10:52.0 (107221222)|ENTERING_MANAGED_PKG|tdc_tsw
15:10:52.0 (107450352)|ENTERING_MANAGED_PKG|tdc_tsw
15:10:52.0 (107841007)|ENTERING_MANAGED_PKG|tdc_tsw
15:10:52.0 (108899757)|ENTERING_MANAGED_PKG|tdc_tsw
15:10:52.0 (109638620)|ENTERING_MANAGED_PKG|tdc_tsw
15:10:52.0 (109877339)|ENTERING_MANAGED_PKG|tdc_tsw
15:10:52.0 (110256119)|ENTERING_MANAGED_PKG|tdc_tsw
15:10:52.0 (111343208)|ENTERING_MANAGED_PKG|tdc_tsw
15:10:52.0 (112060277)|ENTERING_MANAGED_PKG|tdc_tsw
15:10:52.0 (112288898)|ENTERING_MANAGED_PKG|tdc_tsw
15:10:52.0 (112666723)|ENTERING_MANAGED_PKG|tdc_tsw
15:10:52.0 (113800628)|ENTERING_MANAGED_PKG|tdc_tsw
15:10:52.0 (114516922)|ENTERING_MANAGED_PKG|tdc_tsw
15:10:52.0 (114745735)|ENTERING_MANAGED_PKG|tdc_tsw
15:10:52.0 (115137000)|ENTERING_MANAGED_PKG|tdc_tsw
15:10:52.0 (116224889)|ENTERING_MANAGED_PKG|tdc_tsw
15:10:52.0 (116945248)|ENTERING_MANAGED_PKG|tdc_tsw
15:10:52.0 (117173844)|ENTERING_MANAGED_PKG|tdc_tsw
15:10:52.0 (117552423)|ENTERING_MANAGED_PKG|tdc_tsw
15:10:52.0 (118658709)|ENTERING_MANAGED_PKG|tdc_tsw
15:10:52.0 (119379034)|ENTERING_MANAGED_PKG|tdc_tsw
15:10:52.0 (119608215)|ENTERING_MANAGED_PKG|tdc_tsw
15:10:52.0 (120057426)|ENTERING_MANAGED_PKG|tdc_tsw
15:10:52.0 (121128552)|ENTERING_MANAGED_PKG|tdc_tsw
15:10:52.0 (121852493)|ENTERING_MANAGED_PKG|tdc_tsw
15:10:52.0 (122089504)|ENTERING_MANAGED_PKG|tdc_tsw
15:10:52.0 (122490184)|ENTERING_MANAGED_PKG|tdc_tsw
15:10:52.0 (123554368)|ENTERING_MANAGED_PKG|tdc_tsw
15:10:52.0 (124287962)|ENTERING_MANAGED_PKG|tdc_tsw
15:10:52.0 (124537397)|ENTERING_MANAGED_PKG|tdc_tsw
15:10:52.0 (124953580)|ENTERING_MANAGED_PKG|tdc_tsw
15:10:52.0 (126017748)|ENTERING_MANAGED_PKG|tdc_tsw
15:10:52.0 (127085644)|ENTERING_MANAGED_PKG|tdc_tsw
15:10:52.0 (127316358)|ENTERING_MANAGED_PKG|tdc_tsw
15:10:52.0 (127696555)|ENTERING_MANAGED_PKG|tdc_tsw
15:10:52.0 (128774534)|ENTERING_MANAGED_PKG|tdc_tsw
15:10:52.0 (129506840)|ENTERING_MANAGED_PKG|tdc_tsw
15:10:52.0 (129735555)|ENTERING_MANAGED_PKG|tdc_tsw
15:10:52.0 (130125923)|ENTERING_MANAGED_PKG|tdc_tsw
15:10:52.0 (131215082)|ENTERING_MANAGED_PKG|tdc_tsw
15:10:52.0 (131942246)|ENTERING_MANAGED_PKG|tdc_tsw
15:10:52.0 (132170987)|ENTERING_MANAGED_PKG|tdc_tsw
15:10:52.0 (132550188)|ENTERING_MANAGED_PKG|tdc_tsw
15:10:52.0 (133642501)|ENTERING_MANAGED_PKG|tdc_tsw
15:10:52.0 (134359977)|ENTERING_MANAGED_PKG|tdc_tsw
15:10:52.0 (134589986)|ENTERING_MANAGED_PKG|tdc_tsw
15:10:52.0 (135244883)|ENTERING_MANAGED_PKG|tdc_tsw
15:10:52.0 (136441270)|ENTERING_MANAGED_PKG|tdc_tsw
15:10:52.0 (137167209)|ENTERING_MANAGED_PKG|tdc_tsw
15:10:52.0 (137398334)|ENTERING_MANAGED_PKG|tdc_tsw
15:10:52.0 (137921860)|ENTERING_MANAGED_PKG|tdc_tsw
15:10:52.0 (139074631)|ENTERING_MANAGED_PKG|tdc_tsw
15:10:52.0 (139799952)|ENTERING_MANAGED_PKG|tdc_tsw
15:10:52.0 (140066408)|ENTERING_MANAGED_PKG|tdc_tsw
15:10:52.0 (140568750)|ENTERING_MANAGED_PKG|tdc_tsw
15:10:52.0 (141725423)|ENTERING_MANAGED_PKG|tdc_tsw
15:10:52.0 (142489270)|ENTERING_MANAGED_PKG|tdc_tsw
15:10:52.0 (142719947)|ENTERING_MANAGED_PKG|tdc_tsw
15:10:52.0 (143200663)|ENTERING_MANAGED_PKG|tdc_tsw
15:10:52.0 (144358625)|ENTERING_MANAGED_PKG|tdc_tsw
15:10:52.0 (145100657)|ENTERING_MANAGED_PKG|tdc_tsw
15:10:52.0 (145329790)|ENTERING_MANAGED_PKG|tdc_tsw
15:10:52.0 (145812453)|ENTERING_MANAGED_PKG|tdc_tsw
15:10:52.0 (147001586)|ENTERING_MANAGED_PKG|tdc_tsw
15:10:52.0 (147721581)|ENTERING_MANAGED_PKG|tdc_tsw
15:10:52.0 (147958293)|ENTERING_MANAGED_PKG|tdc_tsw
15:10:52.0 (148430992)|ENTERING_MANAGED_PKG|tdc_tsw
15:10:52.0 (149633160)|ENTERING_MANAGED_PKG|tdc_tsw
15:10:52.0 (150367917)|ENTERING_MANAGED_PKG|tdc_tsw
15:10:52.0 (150598609)|ENTERING_MANAGED_PKG|tdc_tsw
15:10:52.0 (151110465)|ENTERING_MANAGED_PKG|tdc_tsw
15:10:52.0 (152270722)|ENTERING_MANAGED_PKG|tdc_tsw
15:10:52.0 (152992665)|ENTERING_MANAGED_PKG|tdc_tsw
15:10:52.0 (153227352)|ENTERING_MANAGED_PKG|tdc_tsw
15:10:52.0 (153730460)|ENTERING_MANAGED_PKG|tdc_tsw
15:10:52.0 (155650539)|ENTERING_MANAGED_PKG|tdc_tsw
15:10:52.0 (156383870)|ENTERING_MANAGED_PKG|tdc_tsw
15:10:52.0 (156614826)|ENTERING_MANAGED_PKG|tdc_tsw
15:10:52.0 (157155566)|ENTERING_MANAGED_PKG|tdc_tsw
15:10:52.0 (158336559)|ENTERING_MANAGED_PKG|tdc_tsw
15:10:52.0 (159061891)|ENTERING_MANAGED_PKG|tdc_tsw
15:10:52.0 (159292112)|ENTERING_MANAGED_PKG|tdc_tsw
15:10:52.0 (159808658)|ENTERING_MANAGED_PKG|tdc_tsw
15:10:52.0 (160964116)|ENTERING_MANAGED_PKG|tdc_tsw
15:10:52.0 (161699777)|ENTERING_MANAGED_PKG|tdc_tsw
15:10:52.0 (161921835)|ENTERING_MANAGED_PKG|tdc_tsw
15:10:52.0 (162392767)|ENTERING_MANAGED_PKG|tdc_tsw
15:10:52.0 (163556267)|ENTERING_MANAGED_PKG|tdc_tsw
15:10:52.0 (164282419)|ENTERING_MANAGED_PKG|tdc_tsw
15:10:52.0 (164511109)|ENTERING_MANAGED_PKG|tdc_tsw
15:10:52.0 (164998408)|ENTERING_MANAGED_PKG|tdc_tsw
15:10:52.0 (166143344)|ENTERING_MANAGED_PKG|tdc_tsw
15:10:52.0 (166902427)|ENTERING_MANAGED_PKG|tdc_tsw
15:10:52.0 (167130274)|ENTERING_MANAGED_PKG|tdc_tsw
15:10:52.0 (167600118)|ENTERING_MANAGED_PKG|tdc_tsw
15:10:52.0 (168780317)|ENTERING_MANAGED_PKG|tdc_tsw
15:10:52.0 (169536666)|ENTERING_MANAGED_PKG|tdc_tsw
15:10:52.0 (169796211)|ENTERING_MANAGED_PKG|tdc_tsw
15:10:52.0 (170326710)|ENTERING_MANAGED_PKG|tdc_tsw
15:10:52.0 (171489020)|ENTERING_MANAGED_PKG|tdc_tsw
15:10:52.0 (172273877)|ENTERING_MANAGED_PKG|tdc_tsw
15:10:52.0 (172505892)|ENTERING_MANAGED_PKG|tdc_tsw
15:10:52.0 (172986286)|ENTERING_MANAGED_PKG|tdc_tsw
15:10:52.0 (174139129)|ENTERING_MANAGED_PKG|tdc_tsw
15:10:52.0 (174868166)|ENTERING_MANAGED_PKG|tdc_tsw
15:10:52.0 (175096599)|ENTERING_MANAGED_PKG|tdc_tsw
15:10:52.0 (175568051)|ENTERING_MANAGED_PKG|tdc_tsw
15:10:52.0 (176738973)|ENTERING_MANAGED_PKG|tdc_tsw
15:10:52.0 (177459498)|ENTERING_MANAGED_PKG|tdc_tsw
15:10:52.0 (177689317)|ENTERING_MANAGED_PKG|tdc_tsw
15:10:52.0 (178186983)|ENTERING_MANAGED_PKG|tdc_tsw
15:10:52.0 (179547794)|ENTERING_MANAGED_PKG|tdc_tsw
15:10:52.0 (180422733)|ENTERING_MANAGED_PKG|tdc_tsw
15:10:52.0 (180509426)|ENTERING_MANAGED_PKG|tdc_tsw
15:10:52.0 (181116808)|SOQL_EXECUTE_BEGIN|[200]|Aggregations:0|SELECT Name, NamespacePrefix, SystemModStamp FROM StaticResource WHERE Name LIKE :tmpVar1 LIMIT 10
15:10:52.0 (184298609)|SOQL_EXECUTE_END|[200]|Rows:1
15:10:52.0 (185079256)|ENTERING_MANAGED_PKG|tdc_tsw
15:10:52.0 (185441310)|SOQL_EXECUTE_BEGIN|[200]|Aggregations:0|SELECT Name, NamespacePrefix, SystemModStamp FROM StaticResource WHERE Name LIKE :tmpVar1 LIMIT 10
15:10:52.0 (187710817)|SOQL_EXECUTE_END|[200]|Rows:1
15:10:52.0 (188090292)|ENTERING_MANAGED_PKG|tdc_tsw
15:10:52.0 (190818132)|ENTERING_MANAGED_PKG|tdc_tsw
15:10:52.0 (191988099)|ENTERING_MANAGED_PKG|tdc_tsw
15:10:52.0 (192234647)|ENTERING_MANAGED_PKG|tdc_tsw
15:10:52.0 (193023672)|ENTERING_MANAGED_PKG|tdc_tsw
15:10:52.0 (193394979)|SOQL_EXECUTE_BEGIN|[200]|Aggregations:0|SELECT Name, NamespacePrefix, SystemModStamp FROM StaticResource WHERE Name LIKE :tmpVar1 LIMIT 10
15:10:52.0 (196216426)|SOQL_EXECUTE_END|[200]|Rows:1
15:10:52.205 (205216421)|USER_INFO|[EXTERNAL]|0051H000009gxp8|chanida.dev2@solvedbysoftwareco.com|Eastern Standard Time|GMT-05:00
15:10:52.205 (206492682)|ENTERING_MANAGED_PKG|tdc_tsw
15:10:52.205 (206657949)|ENTERING_MANAGED_PKG|tdc_tsw
15:10:52.205 (209082618)|SOQL_EXECUTE_BEGIN|[355]|Aggregations:0|SELECT id, name, Disable_Incoming_SMS_Sharing__c FROM User WHERE id = :tmpVar1
15:10:52.205 (215912124)|SOQL_EXECUTE_END|[355]|Rows:1
15:10:52.205 (216873624)|SOQL_EXECUTE_BEGIN|[367]|Aggregations:0|SELECT CreatedDate,Id,LastModifiedDate,Related_Object_Id__c FROM Message__c WHERE Name = 'Incoming' AND Read__c = false ORDER BY CreatedDate Desc limit 100
15:10:52.205 (224817918)|SOQL_EXECUTE_END|[367]|Rows:100
