44.0 APEX_CODE,FINEST;APEX_PROFILING,INFO;CALLOUT,INFO;DB,INFO;NBA,INFO;SYSTEM,DEBUG;VALIDATION,INFO;VISUALFORCE,INFO;WAVE,INFO;WORKFLOW,INFO
21:52:50.0 (110449)|USER_INFO|[EXTERNAL]|0051H000009gxp8|chanida.dev2@solvedbysoftwareco.com|Eastern Standard Time|GMT-05:00
21:52:50.0 (1574167)|ENTERING_MANAGED_PKG|tdc_tsw
21:52:50.0 (2021715)|ENTERING_MANAGED_PKG|tdc_tsw
21:52:50.0 (5725287)|SOQL_EXECUTE_BEGIN|[16]|Aggregations:0|SELECT id, name, Disable_Incoming_SMS_Sharing__c FROM User WHERE id = :tmpVar1
21:52:50.0 (12583832)|SOQL_EXECUTE_END|[16]|Rows:1
21:52:50.0 (17850233)|SOQL_EXECUTE_BEGIN|[37]|Aggregations:0|SELECT CreatedDate,Created_Date__c,Id,LastModifiedDate,MessageId__c,Message_Text_New__c,Name,OwnerId,Read__c,Related_Object_Id__c,Related_Object__c,Sender_Number__c, Sender_Name__c,ToNumber__c,Attachments_Ids__c FROM Message__c WHERE Name = 'Incoming' AND Read__c = false ORDER BY CreatedDate Desc limit 100
21:52:50.0 (28028878)|SOQL_EXECUTE_END|[37]|Rows:16
21:52:50.0 (32745648)|ENTERING_MANAGED_PKG|tdc_tsw
21:52:50.0 (34657866)|ENTERING_MANAGED_PKG|tdc_tsw
21:52:50.0 (35150247)|ENTERING_MANAGED_PKG|tdc_tsw
21:52:50.0 (36005569)|ENTERING_MANAGED_PKG|tdc_tsw
21:52:50.0 (39186459)|ENTERING_MANAGED_PKG|tdc_tsw
21:52:50.0 (40127367)|ENTERING_MANAGED_PKG|tdc_tsw
21:52:50.0 (40444035)|ENTERING_MANAGED_PKG|tdc_tsw
21:52:50.0 (40933491)|ENTERING_MANAGED_PKG|tdc_tsw
21:52:50.0 (42261501)|ENTERING_MANAGED_PKG|tdc_tsw
21:52:50.0 (43183429)|ENTERING_MANAGED_PKG|tdc_tsw
21:52:50.0 (43465825)|ENTERING_MANAGED_PKG|tdc_tsw
21:52:50.0 (43957024)|ENTERING_MANAGED_PKG|tdc_tsw
21:52:50.0 (45358614)|ENTERING_MANAGED_PKG|tdc_tsw
21:52:50.0 (46085523)|ENTERING_MANAGED_PKG|tdc_tsw
21:52:50.0 (46165620)|ENTERING_MANAGED_PKG|tdc_tsw
21:52:50.0 (46859560)|SOQL_EXECUTE_BEGIN|[200]|Aggregations:0|SELECT Name, NamespacePrefix, SystemModStamp FROM StaticResource WHERE Name LIKE :tmpVar1 LIMIT 10
21:52:50.0 (50252457)|SOQL_EXECUTE_END|[200]|Rows:1
21:52:50.0 (51140757)|ENTERING_MANAGED_PKG|tdc_tsw
21:52:50.0 (51565587)|SOQL_EXECUTE_BEGIN|[200]|Aggregations:0|SELECT Name, NamespacePrefix, SystemModStamp FROM StaticResource WHERE Name LIKE :tmpVar1 LIMIT 10
21:52:50.0 (53884223)|SOQL_EXECUTE_END|[200]|Rows:1
21:52:50.0 (54328934)|ENTERING_MANAGED_PKG|tdc_tsw
21:52:50.0 (58168913)|ENTERING_MANAGED_PKG|tdc_tsw
21:52:50.0 (60811131)|ENTERING_MANAGED_PKG|tdc_tsw
21:52:50.0 (61166784)|ENTERING_MANAGED_PKG|tdc_tsw
21:52:50.0 (62165817)|ENTERING_MANAGED_PKG|tdc_tsw
21:52:50.0 (62617860)|SOQL_EXECUTE_BEGIN|[200]|Aggregations:0|SELECT Name, NamespacePrefix, SystemModStamp FROM StaticResource WHERE Name LIKE :tmpVar1 LIMIT 10
21:52:50.0 (67336176)|SOQL_EXECUTE_END|[200]|Rows:1
21:52:50.72 (72567687)|USER_INFO|[EXTERNAL]|0051H000009gxp8|chanida.dev2@solvedbysoftwareco.com|Eastern Standard Time|GMT-05:00
21:52:50.72 (73884268)|ENTERING_MANAGED_PKG|tdc_tsw
21:52:50.72 (74112753)|ENTERING_MANAGED_PKG|tdc_tsw
21:52:50.72 (76623605)|SOQL_EXECUTE_BEGIN|[355]|Aggregations:0|SELECT id, name, Disable_Incoming_SMS_Sharing__c FROM User WHERE id = :tmpVar1
21:52:50.72 (83403168)|SOQL_EXECUTE_END|[355]|Rows:1
21:52:50.72 (84491983)|SOQL_EXECUTE_BEGIN|[367]|Aggregations:0|SELECT CreatedDate,Id,LastModifiedDate,Related_Object_Id__c FROM Message__c WHERE Name = 'Incoming' AND Read__c = false ORDER BY CreatedDate Desc limit 100
21:52:50.72 (90770932)|SOQL_EXECUTE_END|[367]|Rows:16
