44.0 APEX_CODE,FINEST;APEX_PROFILING,INFO;CALLOUT,INFO;DB,INFO;NBA,INFO;SYSTEM,DEBUG;VALIDATION,INFO;VISUALFORCE,INFO;WAVE,INFO;WORKFLOW,INFO
22:25:56.0 (318070)|USER_INFO|[EXTERNAL]|0051H000009gxp8|chanida.dev2@solvedbysoftwareco.com|Eastern Standard Time|GMT-05:00
22:25:56.0 (3182707)|ENTERING_MANAGED_PKG|tdc_tsw
22:25:56.0 (3389843)|ENTERING_MANAGED_PKG|tdc_tsw
22:25:56.0 (4256911)|ENTERING_MANAGED_PKG|tdc_tsw
22:25:56.0 (4320199)|ENTERING_MANAGED_PKG|tdc_tsw
22:25:56.0 (5416319)|ENTERING_MANAGED_PKG|tdc_tsw
22:25:56.0 (6522017)|ENTERING_MANAGED_PKG|tdc_tsw
22:25:56.0 (8240594)|ENTERING_MANAGED_PKG|tdc_tsw
22:25:56.0 (8340688)|ENTERING_MANAGED_PKG|tdc_tsw
22:25:56.0 (9760516)|ENTERING_MANAGED_PKG|tdc_tsw
22:25:56.0 (17080164)|SOQL_EXECUTE_BEGIN|[82]|Aggregations:0|SELECT CreatedDate, Id,Task_Created__c,Event_Created__c,isCaseCreated__c,Task_Id__c,Event_Id__c,Case__c, Important__c, Delivered__c, Message_Text_New__c, Name, Owner.Name, Read__c,MessageId__c, ToNumber__c, Related_Object_Id__c, Related_Object__c, Sender_Number__c, LastModifiedDate, Attachments_Ids__c FROM Message__c WHERE Contact__c =: recordId ORDER BY CreatedDate Desc limit 200
22:25:56.0 (31601754)|SOQL_EXECUTE_END|[82]|Rows:2
22:25:56.0 (33131747)|ENTERING_MANAGED_PKG|tdc_tsw
22:25:56.0 (33439045)|ENTERING_MANAGED_PKG|tdc_tsw
22:25:56.0 (33518331)|ENTERING_MANAGED_PKG|tdc_tsw
22:25:56.0 (34178241)|SOQL_EXECUTE_BEGIN|[200]|Aggregations:0|SELECT Name, NamespacePrefix, SystemModStamp FROM StaticResource WHERE Name LIKE :tmpVar1 LIMIT 10
22:25:56.0 (37046946)|SOQL_EXECUTE_END|[200]|Rows:1
22:25:56.0 (39269743)|ENTERING_MANAGED_PKG|tdc_tsw
22:25:56.0 (41168088)|ENTERING_MANAGED_PKG|tdc_tsw
22:25:56.0 (41220410)|ENTERING_MANAGED_PKG|tdc_tsw
22:25:56.0 (43234068)|ENTERING_MANAGED_PKG|tdc_tsw
22:25:56.0 (44106397)|ENTERING_MANAGED_PKG|tdc_tsw
22:25:56.0 (48885591)|SOQL_EXECUTE_BEGIN|[172]|Aggregations:0|SELECT id, name FROM ChatTranscript__c WHERE (Chat_Active__c = TRUE AND (Related_Object_Id__c = :tmpVar1 OR Related_Object_Id__c = :tmpVar2)) LIMIT 1
22:25:56.0 (52149486)|SOQL_EXECUTE_END|[172]|Rows:0
22:25:56.0 (52555931)|ENTERING_MANAGED_PKG|tdc_tsw
22:25:56.0 (52596845)|ENTERING_MANAGED_PKG|tdc_tsw
