44.0 APEX_CODE,FINEST;APEX_PROFILING,INFO;CALLOUT,INFO;DB,INFO;NBA,INFO;SYSTEM,DEBUG;VALIDATION,INFO;VISUALFORCE,INFO;WAVE,INFO;WORKFLOW,INFO
17:08:30.0 (167004)|USER_INFO|[EXTERNAL]|0051H000009gxp8|chanida.dev2@solvedbysoftwareco.com|Eastern Standard Time|GMT-05:00
17:08:30.0 (1982649)|ENTERING_MANAGED_PKG|tdc_tsw
17:08:30.0 (2417488)|ENTERING_MANAGED_PKG|tdc_tsw
17:08:30.0 (5977401)|SOQL_EXECUTE_BEGIN|[16]|Aggregations:0|SELECT id, name, Disable_Incoming_SMS_Sharing__c FROM User WHERE id = :tmpVar1
17:08:30.0 (12838858)|SOQL_EXECUTE_END|[16]|Rows:1
17:08:30.0 (17958254)|SOQL_EXECUTE_BEGIN|[37]|Aggregations:0|SELECT CreatedDate,Created_Date__c,Id,LastModifiedDate,MessageId__c,Message_Text_New__c,Name,OwnerId,Read__c,Related_Object_Id__c,Related_Object__c,Sender_Number__c, Sender_Name__c,ToNumber__c,Attachments_Ids__c FROM Message__c WHERE Name = 'Incoming' AND Read__c = false ORDER BY CreatedDate Desc limit 100
17:08:30.0 (33372495)|SOQL_EXECUTE_END|[37]|Rows:100
17:08:30.0 (52539086)|ENTERING_MANAGED_PKG|tdc_tsw
17:08:30.0 (54424749)|ENTERING_MANAGED_PKG|tdc_tsw
17:08:30.0 (54967352)|ENTERING_MANAGED_PKG|tdc_tsw
17:08:30.0 (55753311)|ENTERING_MANAGED_PKG|tdc_tsw
17:08:30.0 (58790980)|ENTERING_MANAGED_PKG|tdc_tsw
17:08:30.0 (59666390)|ENTERING_MANAGED_PKG|tdc_tsw
17:08:30.0 (59935298)|ENTERING_MANAGED_PKG|tdc_tsw
17:08:30.0 (60389370)|ENTERING_MANAGED_PKG|tdc_tsw
17:08:30.0 (61603455)|ENTERING_MANAGED_PKG|tdc_tsw
17:08:30.0 (62459589)|ENTERING_MANAGED_PKG|tdc_tsw
17:08:30.0 (62722758)|ENTERING_MANAGED_PKG|tdc_tsw
17:08:30.0 (63176724)|ENTERING_MANAGED_PKG|tdc_tsw
17:08:30.0 (64381859)|ENTERING_MANAGED_PKG|tdc_tsw
17:08:30.0 (65240044)|ENTERING_MANAGED_PKG|tdc_tsw
17:08:30.0 (65479704)|ENTERING_MANAGED_PKG|tdc_tsw
17:08:30.0 (66243648)|ENTERING_MANAGED_PKG|tdc_tsw
17:08:30.0 (67461190)|ENTERING_MANAGED_PKG|tdc_tsw
17:08:30.0 (68307054)|ENTERING_MANAGED_PKG|tdc_tsw
17:08:30.0 (68572047)|ENTERING_MANAGED_PKG|tdc_tsw
17:08:30.0 (69025677)|ENTERING_MANAGED_PKG|tdc_tsw
17:08:30.0 (70233643)|ENTERING_MANAGED_PKG|tdc_tsw
17:08:30.0 (71070519)|ENTERING_MANAGED_PKG|tdc_tsw
17:08:30.0 (71335788)|ENTERING_MANAGED_PKG|tdc_tsw
17:08:30.0 (71773891)|ENTERING_MANAGED_PKG|tdc_tsw
17:08:30.0 (73004255)|ENTERING_MANAGED_PKG|tdc_tsw
17:08:30.0 (73835276)|ENTERING_MANAGED_PKG|tdc_tsw
17:08:30.0 (74108884)|ENTERING_MANAGED_PKG|tdc_tsw
17:08:30.0 (74549662)|ENTERING_MANAGED_PKG|tdc_tsw
17:08:30.0 (75756757)|ENTERING_MANAGED_PKG|tdc_tsw
17:08:30.0 (76594272)|ENTERING_MANAGED_PKG|tdc_tsw
17:08:30.0 (76860448)|ENTERING_MANAGED_PKG|tdc_tsw
17:08:30.0 (77308444)|ENTERING_MANAGED_PKG|tdc_tsw
17:08:30.0 (78516395)|ENTERING_MANAGED_PKG|tdc_tsw
17:08:30.0 (79354447)|ENTERING_MANAGED_PKG|tdc_tsw
17:08:30.0 (79618683)|ENTERING_MANAGED_PKG|tdc_tsw
17:08:30.0 (80072504)|ENTERING_MANAGED_PKG|tdc_tsw
17:08:30.0 (81282274)|ENTERING_MANAGED_PKG|tdc_tsw
17:08:30.0 (82125147)|ENTERING_MANAGED_PKG|tdc_tsw
17:08:30.0 (82391182)|ENTERING_MANAGED_PKG|tdc_tsw
17:08:30.0 (82848783)|ENTERING_MANAGED_PKG|tdc_tsw
17:08:30.0 (84067725)|ENTERING_MANAGED_PKG|tdc_tsw
17:08:30.0 (84903739)|ENTERING_MANAGED_PKG|tdc_tsw
17:08:30.0 (85179077)|ENTERING_MANAGED_PKG|tdc_tsw
17:08:30.0 (85622791)|ENTERING_MANAGED_PKG|tdc_tsw
17:08:30.0 (86851525)|ENTERING_MANAGED_PKG|tdc_tsw
17:08:30.0 (87719001)|ENTERING_MANAGED_PKG|tdc_tsw
17:08:30.0 (87993218)|ENTERING_MANAGED_PKG|tdc_tsw
17:08:30.0 (88438642)|ENTERING_MANAGED_PKG|tdc_tsw
17:08:30.0 (89679351)|ENTERING_MANAGED_PKG|tdc_tsw
17:08:30.0 (90524540)|ENTERING_MANAGED_PKG|tdc_tsw
17:08:30.0 (90789530)|ENTERING_MANAGED_PKG|tdc_tsw
17:08:30.0 (91241857)|ENTERING_MANAGED_PKG|tdc_tsw
17:08:30.0 (92463087)|ENTERING_MANAGED_PKG|tdc_tsw
17:08:30.0 (93304406)|ENTERING_MANAGED_PKG|tdc_tsw
17:08:30.0 (93569750)|ENTERING_MANAGED_PKG|tdc_tsw
17:08:30.0 (94022368)|ENTERING_MANAGED_PKG|tdc_tsw
17:08:30.0 (95235878)|ENTERING_MANAGED_PKG|tdc_tsw
17:08:30.0 (96083829)|ENTERING_MANAGED_PKG|tdc_tsw
17:08:30.0 (96348028)|ENTERING_MANAGED_PKG|tdc_tsw
17:08:30.0 (96790277)|ENTERING_MANAGED_PKG|tdc_tsw
17:08:30.0 (98006456)|ENTERING_MANAGED_PKG|tdc_tsw
17:08:30.0 (98862139)|ENTERING_MANAGED_PKG|tdc_tsw
17:08:30.0 (99130583)|ENTERING_MANAGED_PKG|tdc_tsw
17:08:30.0 (99573265)|ENTERING_MANAGED_PKG|tdc_tsw
17:08:30.0 (100793600)|ENTERING_MANAGED_PKG|tdc_tsw
17:08:30.0 (101646166)|ENTERING_MANAGED_PKG|tdc_tsw
17:08:30.0 (101912762)|ENTERING_MANAGED_PKG|tdc_tsw
17:08:30.0 (102374485)|ENTERING_MANAGED_PKG|tdc_tsw
17:08:30.0 (103592380)|ENTERING_MANAGED_PKG|tdc_tsw
17:08:30.0 (104434584)|ENTERING_MANAGED_PKG|tdc_tsw
17:08:30.0 (104700637)|ENTERING_MANAGED_PKG|tdc_tsw
17:08:30.0 (105152732)|ENTERING_MANAGED_PKG|tdc_tsw
17:08:30.0 (106366210)|ENTERING_MANAGED_PKG|tdc_tsw
17:08:30.0 (107219674)|ENTERING_MANAGED_PKG|tdc_tsw
17:08:30.0 (107482471)|ENTERING_MANAGED_PKG|tdc_tsw
17:08:30.0 (107929024)|ENTERING_MANAGED_PKG|tdc_tsw
17:08:30.0 (109150805)|ENTERING_MANAGED_PKG|tdc_tsw
17:08:30.0 (109993883)|ENTERING_MANAGED_PKG|tdc_tsw
17:08:30.0 (110256414)|ENTERING_MANAGED_PKG|tdc_tsw
17:08:30.0 (110701019)|ENTERING_MANAGED_PKG|tdc_tsw
17:08:30.0 (111915853)|ENTERING_MANAGED_PKG|tdc_tsw
17:08:30.0 (112807198)|ENTERING_MANAGED_PKG|tdc_tsw
17:08:30.0 (113081261)|ENTERING_MANAGED_PKG|tdc_tsw
17:08:30.0 (113541142)|ENTERING_MANAGED_PKG|tdc_tsw
17:08:30.0 (114761172)|ENTERING_MANAGED_PKG|tdc_tsw
17:08:30.0 (115610497)|ENTERING_MANAGED_PKG|tdc_tsw
17:08:30.0 (115877426)|ENTERING_MANAGED_PKG|tdc_tsw
17:08:30.0 (116327588)|ENTERING_MANAGED_PKG|tdc_tsw
17:08:30.0 (117539805)|ENTERING_MANAGED_PKG|tdc_tsw
17:08:30.0 (118393290)|ENTERING_MANAGED_PKG|tdc_tsw
17:08:30.0 (118657665)|ENTERING_MANAGED_PKG|tdc_tsw
17:08:30.0 (119112504)|ENTERING_MANAGED_PKG|tdc_tsw
17:08:30.0 (120331902)|ENTERING_MANAGED_PKG|tdc_tsw
17:08:30.0 (121184877)|ENTERING_MANAGED_PKG|tdc_tsw
17:08:30.0 (121449312)|ENTERING_MANAGED_PKG|tdc_tsw
17:08:30.0 (121892769)|ENTERING_MANAGED_PKG|tdc_tsw
17:08:30.0 (123114127)|ENTERING_MANAGED_PKG|tdc_tsw
17:08:30.0 (123953048)|ENTERING_MANAGED_PKG|tdc_tsw
17:08:30.0 (124231070)|ENTERING_MANAGED_PKG|tdc_tsw
17:08:30.0 (124676976)|ENTERING_MANAGED_PKG|tdc_tsw
17:08:30.0 (125887771)|ENTERING_MANAGED_PKG|tdc_tsw
17:08:30.0 (126742650)|ENTERING_MANAGED_PKG|tdc_tsw
17:08:30.0 (127013454)|ENTERING_MANAGED_PKG|tdc_tsw
17:08:30.0 (127459191)|ENTERING_MANAGED_PKG|tdc_tsw
17:08:30.0 (128672823)|ENTERING_MANAGED_PKG|tdc_tsw
17:08:30.0 (129528426)|ENTERING_MANAGED_PKG|tdc_tsw
17:08:30.0 (129761633)|ENTERING_MANAGED_PKG|tdc_tsw
17:08:30.0 (130218826)|ENTERING_MANAGED_PKG|tdc_tsw
17:08:30.0 (131439534)|ENTERING_MANAGED_PKG|tdc_tsw
17:08:30.0 (132290078)|ENTERING_MANAGED_PKG|tdc_tsw
17:08:30.0 (132551945)|ENTERING_MANAGED_PKG|tdc_tsw
17:08:30.0 (133003181)|ENTERING_MANAGED_PKG|tdc_tsw
17:08:30.0 (134220483)|ENTERING_MANAGED_PKG|tdc_tsw
17:08:30.0 (135070075)|ENTERING_MANAGED_PKG|tdc_tsw
17:08:30.0 (135334290)|ENTERING_MANAGED_PKG|tdc_tsw
17:08:30.0 (135779253)|ENTERING_MANAGED_PKG|tdc_tsw
17:08:30.0 (137018084)|ENTERING_MANAGED_PKG|tdc_tsw
17:08:30.0 (137877926)|ENTERING_MANAGED_PKG|tdc_tsw
17:08:30.0 (138152449)|ENTERING_MANAGED_PKG|tdc_tsw
17:08:30.0 (138598875)|ENTERING_MANAGED_PKG|tdc_tsw
17:08:30.0 (139820712)|ENTERING_MANAGED_PKG|tdc_tsw
17:08:30.0 (140665187)|ENTERING_MANAGED_PKG|tdc_tsw
17:08:30.0 (140930747)|ENTERING_MANAGED_PKG|tdc_tsw
17:08:30.0 (141380133)|ENTERING_MANAGED_PKG|tdc_tsw
17:08:30.0 (142590624)|ENTERING_MANAGED_PKG|tdc_tsw
17:08:30.0 (143433155)|ENTERING_MANAGED_PKG|tdc_tsw
17:08:30.0 (143698694)|ENTERING_MANAGED_PKG|tdc_tsw
17:08:30.0 (144154110)|ENTERING_MANAGED_PKG|tdc_tsw
17:08:30.0 (145360914)|ENTERING_MANAGED_PKG|tdc_tsw
17:08:30.0 (146200819)|ENTERING_MANAGED_PKG|tdc_tsw
17:08:30.0 (146462471)|ENTERING_MANAGED_PKG|tdc_tsw
17:08:30.0 (146904739)|ENTERING_MANAGED_PKG|tdc_tsw
17:08:30.0 (148117284)|ENTERING_MANAGED_PKG|tdc_tsw
17:08:30.0 (148948291)|ENTERING_MANAGED_PKG|tdc_tsw
17:08:30.0 (149219532)|ENTERING_MANAGED_PKG|tdc_tsw
17:08:30.0 (149662910)|ENTERING_MANAGED_PKG|tdc_tsw
17:08:30.0 (150873505)|ENTERING_MANAGED_PKG|tdc_tsw
17:08:30.0 (151716203)|ENTERING_MANAGED_PKG|tdc_tsw
17:08:30.0 (151990157)|ENTERING_MANAGED_PKG|tdc_tsw
17:08:30.0 (152435429)|ENTERING_MANAGED_PKG|tdc_tsw
17:08:30.0 (153648201)|ENTERING_MANAGED_PKG|tdc_tsw
17:08:30.0 (154486562)|ENTERING_MANAGED_PKG|tdc_tsw
17:08:30.0 (154752334)|ENTERING_MANAGED_PKG|tdc_tsw
17:08:30.0 (155207224)|ENTERING_MANAGED_PKG|tdc_tsw
17:08:30.0 (156412061)|ENTERING_MANAGED_PKG|tdc_tsw
17:08:30.0 (157261454)|ENTERING_MANAGED_PKG|tdc_tsw
17:08:30.0 (157525952)|ENTERING_MANAGED_PKG|tdc_tsw
17:08:30.0 (157973443)|ENTERING_MANAGED_PKG|tdc_tsw
17:08:30.0 (159186693)|ENTERING_MANAGED_PKG|tdc_tsw
17:08:30.0 (160034029)|ENTERING_MANAGED_PKG|tdc_tsw
17:08:30.0 (160302860)|ENTERING_MANAGED_PKG|tdc_tsw
17:08:30.0 (160745126)|ENTERING_MANAGED_PKG|tdc_tsw
17:08:30.0 (161952909)|ENTERING_MANAGED_PKG|tdc_tsw
17:08:30.0 (162797660)|ENTERING_MANAGED_PKG|tdc_tsw
17:08:30.0 (163067083)|ENTERING_MANAGED_PKG|tdc_tsw
17:08:30.0 (163513627)|ENTERING_MANAGED_PKG|tdc_tsw
17:08:30.0 (164720321)|ENTERING_MANAGED_PKG|tdc_tsw
17:08:30.0 (165569433)|ENTERING_MANAGED_PKG|tdc_tsw
17:08:30.0 (165832185)|ENTERING_MANAGED_PKG|tdc_tsw
17:08:30.0 (166283083)|ENTERING_MANAGED_PKG|tdc_tsw
17:08:30.0 (167485678)|ENTERING_MANAGED_PKG|tdc_tsw
17:08:30.0 (168339188)|ENTERING_MANAGED_PKG|tdc_tsw
17:08:30.0 (168601662)|ENTERING_MANAGED_PKG|tdc_tsw
17:08:30.0 (169058026)|ENTERING_MANAGED_PKG|tdc_tsw
17:08:30.0 (170260620)|ENTERING_MANAGED_PKG|tdc_tsw
17:08:30.0 (171113703)|ENTERING_MANAGED_PKG|tdc_tsw
17:08:30.0 (171378173)|ENTERING_MANAGED_PKG|tdc_tsw
17:08:30.0 (171890628)|ENTERING_MANAGED_PKG|tdc_tsw
17:08:30.0 (173108199)|ENTERING_MANAGED_PKG|tdc_tsw
17:08:30.0 (173944989)|ENTERING_MANAGED_PKG|tdc_tsw
17:08:30.0 (174217732)|ENTERING_MANAGED_PKG|tdc_tsw
17:08:30.0 (174659238)|ENTERING_MANAGED_PKG|tdc_tsw
17:08:30.0 (175869119)|ENTERING_MANAGED_PKG|tdc_tsw
17:08:30.0 (176711524)|ENTERING_MANAGED_PKG|tdc_tsw
17:08:30.0 (176980433)|ENTERING_MANAGED_PKG|tdc_tsw
17:08:30.0 (177424007)|ENTERING_MANAGED_PKG|tdc_tsw
17:08:30.0 (178641607)|ENTERING_MANAGED_PKG|tdc_tsw
17:08:30.0 (179481128)|ENTERING_MANAGED_PKG|tdc_tsw
17:08:30.0 (179744816)|ENTERING_MANAGED_PKG|tdc_tsw
17:08:30.0 (180204765)|ENTERING_MANAGED_PKG|tdc_tsw
17:08:30.0 (181408656)|ENTERING_MANAGED_PKG|tdc_tsw
17:08:30.0 (182250483)|ENTERING_MANAGED_PKG|tdc_tsw
17:08:30.0 (182515637)|ENTERING_MANAGED_PKG|tdc_tsw
17:08:30.0 (182960675)|ENTERING_MANAGED_PKG|tdc_tsw
17:08:30.0 (184178964)|ENTERING_MANAGED_PKG|tdc_tsw
17:08:30.0 (185020601)|ENTERING_MANAGED_PKG|tdc_tsw
17:08:30.0 (185286308)|ENTERING_MANAGED_PKG|tdc_tsw
17:08:30.0 (185727911)|ENTERING_MANAGED_PKG|tdc_tsw
17:08:30.0 (186937465)|ENTERING_MANAGED_PKG|tdc_tsw
17:08:30.0 (187775340)|ENTERING_MANAGED_PKG|tdc_tsw
17:08:30.0 (188048259)|ENTERING_MANAGED_PKG|tdc_tsw
17:08:30.0 (188493760)|ENTERING_MANAGED_PKG|tdc_tsw
17:08:30.0 (189699981)|ENTERING_MANAGED_PKG|tdc_tsw
17:08:30.0 (190534976)|ENTERING_MANAGED_PKG|tdc_tsw
17:08:30.0 (191131036)|ENTERING_MANAGED_PKG|tdc_tsw
17:08:30.0 (191589980)|ENTERING_MANAGED_PKG|tdc_tsw
17:08:30.0 (192796759)|ENTERING_MANAGED_PKG|tdc_tsw
17:08:30.0 (193640994)|ENTERING_MANAGED_PKG|tdc_tsw
17:08:30.0 (193903053)|ENTERING_MANAGED_PKG|tdc_tsw
17:08:30.0 (194353299)|ENTERING_MANAGED_PKG|tdc_tsw
17:08:30.0 (195562785)|ENTERING_MANAGED_PKG|tdc_tsw
17:08:30.0 (196406930)|ENTERING_MANAGED_PKG|tdc_tsw
17:08:30.0 (196670099)|ENTERING_MANAGED_PKG|tdc_tsw
17:08:30.0 (197124370)|ENTERING_MANAGED_PKG|tdc_tsw
17:08:30.0 (198333224)|ENTERING_MANAGED_PKG|tdc_tsw
17:08:30.0 (199176795)|ENTERING_MANAGED_PKG|tdc_tsw
17:08:30.0 (199440532)|ENTERING_MANAGED_PKG|tdc_tsw
17:08:30.0 (199880843)|ENTERING_MANAGED_PKG|tdc_tsw
17:08:30.0 (201283792)|ENTERING_MANAGED_PKG|tdc_tsw
17:08:30.0 (202321968)|ENTERING_MANAGED_PKG|tdc_tsw
17:08:30.0 (202418564)|ENTERING_MANAGED_PKG|tdc_tsw
17:08:30.0 (203075399)|SOQL_EXECUTE_BEGIN|[200]|Aggregations:0|SELECT Name, NamespacePrefix, SystemModStamp FROM StaticResource WHERE Name LIKE :tmpVar1 LIMIT 10
17:08:30.0 (206665601)|SOQL_EXECUTE_END|[200]|Rows:1
17:08:30.0 (207613288)|ENTERING_MANAGED_PKG|tdc_tsw
17:08:30.0 (208054320)|SOQL_EXECUTE_BEGIN|[200]|Aggregations:0|SELECT Name, NamespacePrefix, SystemModStamp FROM StaticResource WHERE Name LIKE :tmpVar1 LIMIT 10
17:08:30.0 (213330531)|SOQL_EXECUTE_END|[200]|Rows:1
17:08:30.0 (213798068)|ENTERING_MANAGED_PKG|tdc_tsw
17:08:30.0 (218312884)|ENTERING_MANAGED_PKG|tdc_tsw
17:08:30.0 (220272059)|ENTERING_MANAGED_PKG|tdc_tsw
17:08:30.0 (220652086)|ENTERING_MANAGED_PKG|tdc_tsw
17:08:30.0 (221730831)|ENTERING_MANAGED_PKG|tdc_tsw
17:08:30.0 (222244672)|SOQL_EXECUTE_BEGIN|[200]|Aggregations:0|SELECT Name, NamespacePrefix, SystemModStamp FROM StaticResource WHERE Name LIKE :tmpVar1 LIMIT 10
17:08:30.0 (225317991)|SOQL_EXECUTE_END|[200]|Rows:1
17:08:30.237 (237632917)|USER_INFO|[EXTERNAL]|0051H000009gxp8|chanida.dev2@solvedbysoftwareco.com|Eastern Standard Time|GMT-05:00
17:08:30.237 (239059666)|ENTERING_MANAGED_PKG|tdc_tsw
17:08:30.237 (239299074)|ENTERING_MANAGED_PKG|tdc_tsw
17:08:30.237 (242332612)|SOQL_EXECUTE_BEGIN|[355]|Aggregations:0|SELECT id, name, Disable_Incoming_SMS_Sharing__c FROM User WHERE id = :tmpVar1
17:08:30.237 (249886754)|SOQL_EXECUTE_END|[355]|Rows:1
17:08:30.237 (251032241)|SOQL_EXECUTE_BEGIN|[367]|Aggregations:0|SELECT CreatedDate,Id,LastModifiedDate,Related_Object_Id__c FROM Message__c WHERE Name = 'Incoming' AND Read__c = false ORDER BY CreatedDate Desc limit 100
17:08:30.237 (260106925)|SOQL_EXECUTE_END|[367]|Rows:100
