36.0 APEX_CODE,FINEST;APEX_PROFILING,INFO;CALLOUT,INFO;DB,INFO;NBA,INFO;SYSTEM,DEBUG;VALIDATION,INFO;VISUALFORCE,INFO;WAVE,INFO;WORKFLOW,INFO
16:39:52.13 (13453877)|ENTERING_MANAGED_PKG|tdc_tsw
16:39:52.13 (13944835)|ENTERING_MANAGED_PKG|tdc_tsw
16:39:52.13 (15389532)|ENTERING_MANAGED_PKG|tdc_tsw
16:39:52.13 (15815856)|ENTERING_MANAGED_PKG|tdc_tsw
16:39:52.13 (15857914)|ENTERING_MANAGED_PKG|tdc_tsw
16:39:52.13 (35549109)|ENTERING_MANAGED_PKG|tdc_tsw
16:39:52.13 (38832619)|ENTERING_MANAGED_PKG|tdc_tsw
16:39:52.13 (38878328)|ENTERING_MANAGED_PKG|tdc_tsw
16:39:52.13 (38924819)|ENTERING_MANAGED_PKG|tdc_tsw
16:39:52.13 (39739642)|ENTERING_MANAGED_PKG|tdc_tsw
16:39:52.13 (40081197)|ENTERING_MANAGED_PKG|tdc_tsw
16:39:52.13 (40410224)|ENTERING_MANAGED_PKG|tdc_tsw
16:39:52.13 (42216982)|ENTERING_MANAGED_PKG|tdc_tsw
16:39:52.13 (42274730)|ENTERING_MANAGED_PKG|tdc_tsw
16:39:52.13 (42673792)|ENTERING_MANAGED_PKG|tdc_tsw
16:39:52.13 (45067555)|ENTERING_MANAGED_PKG|tdc_tsw
16:39:52.13 (45711227)|ENTERING_MANAGED_PKG|tdc_tsw
16:39:52.13 (45807771)|ENTERING_MANAGED_PKG|tdc_tsw
16:39:52.13 (45907314)|ENTERING_MANAGED_PKG|tdc_tsw
16:39:52.13 (46143536)|ENTERING_MANAGED_PKG|tdc_tsw
16:39:52.13 (46370839)|ENTERING_MANAGED_PKG|tdc_tsw
16:39:52.13 (46853149)|ENTERING_MANAGED_PKG|tdc_tsw
16:39:52.13 (46906663)|ENTERING_MANAGED_PKG|tdc_tsw
16:39:52.13 (46977313)|ENTERING_MANAGED_PKG|tdc_tsw
16:39:52.13 (47080996)|ENTERING_MANAGED_PKG|tdc_tsw
16:39:52.13 (47124885)|ENTERING_MANAGED_PKG|tdc_tsw
16:39:52.13 (47772385)|ENTERING_MANAGED_PKG|tdc_tsw
16:39:52.13 (47860501)|ENTERING_MANAGED_PKG|tdc_tsw
16:39:52.13 (47969371)|ENTERING_MANAGED_PKG|tdc_tsw
16:39:52.13 (48159740)|ENTERING_MANAGED_PKG|tdc_tsw
16:39:52.13 (48238461)|ENTERING_MANAGED_PKG|tdc_tsw
16:39:52.13 (48912026)|ENTERING_MANAGED_PKG|tdc_tsw
16:39:52.13 (49020198)|ENTERING_MANAGED_PKG|tdc_tsw
16:39:52.13 (49121525)|ENTERING_MANAGED_PKG|tdc_tsw
16:39:52.13 (49402470)|ENTERING_MANAGED_PKG|tdc_tsw
16:39:52.13 (49471035)|ENTERING_MANAGED_PKG|tdc_tsw
16:39:52.13 (49556195)|ENTERING_MANAGED_PKG|tdc_tsw
16:39:52.13 (49653003)|ENTERING_MANAGED_PKG|tdc_tsw
16:39:52.13 (49842312)|ENTERING_MANAGED_PKG|tdc_tsw
16:39:52.13 (50027816)|ENTERING_MANAGED_PKG|tdc_tsw
16:39:52.13 (50100368)|ENTERING_MANAGED_PKG|tdc_tsw
16:39:52.13 (50211634)|ENTERING_MANAGED_PKG|tdc_tsw
16:39:52.13 (50286296)|ENTERING_MANAGED_PKG|tdc_tsw
16:39:52.13 (50351132)|ENTERING_MANAGED_PKG|tdc_tsw
16:39:52.13 (50419959)|ENTERING_MANAGED_PKG|tdc_tsw
16:39:52.13 (50498204)|ENTERING_MANAGED_PKG|tdc_tsw
16:39:52.13 (50624716)|ENTERING_MANAGED_PKG|tdc_tsw
16:39:52.13 (50877362)|ENTERING_MANAGED_PKG|tdc_tsw
16:39:52.13 (50937233)|ENTERING_MANAGED_PKG|tdc_tsw
16:39:52.13 (51134277)|ENTERING_MANAGED_PKG|tdc_tsw
16:39:52.13 (51259639)|ENTERING_MANAGED_PKG|tdc_tsw
16:39:52.13 (51438240)|ENTERING_MANAGED_PKG|tdc_tsw
16:39:52.13 (51494051)|ENTERING_MANAGED_PKG|tdc_tsw
16:39:52.13 (51556486)|ENTERING_MANAGED_PKG|tdc_tsw
16:39:52.13 (51902342)|ENTERING_MANAGED_PKG|tdc_tsw
16:39:52.13 (188158105)|ENTERING_MANAGED_PKG|tdc_tsw
16:39:52.13 (188320378)|ENTERING_MANAGED_PKG|tdc_tsw
16:39:52.13 (190735885)|ENTERING_MANAGED_PKG|tdc_tsw
16:39:52.13 (190847971)|ENTERING_MANAGED_PKG|tdc_tsw
16:39:52.13 (191024158)|ENTERING_MANAGED_PKG|tdc_tsw
16:39:52.13 (191180281)|ENTERING_MANAGED_PKG|tdc_tsw
16:39:52.13 (191254770)|ENTERING_MANAGED_PKG|tdc_tsw
16:39:52.13 (191318051)|ENTERING_MANAGED_PKG|tdc_tsw
16:39:52.13 (191453311)|ENTERING_MANAGED_PKG|tdc_tsw
16:39:52.13 (191536277)|ENTERING_MANAGED_PKG|tdc_tsw
16:39:52.13 (191591548)|ENTERING_MANAGED_PKG|tdc_tsw
16:39:52.13 (191673735)|ENTERING_MANAGED_PKG|tdc_tsw
16:39:52.13 (191733348)|ENTERING_MANAGED_PKG|tdc_tsw
16:39:52.13 (191786373)|ENTERING_MANAGED_PKG|tdc_tsw
16:39:52.13 (192174380)|ENTERING_MANAGED_PKG|tdc_tsw
16:39:52.13 (192619276)|ENTERING_MANAGED_PKG|tdc_tsw
16:39:52.13 (192995808)|ENTERING_MANAGED_PKG|tdc_tsw
16:39:52.13 (204108855)|ENTERING_MANAGED_PKG|tdc_tsw
16:39:52.13 (205316013)|ENTERING_MANAGED_PKG|tdc_tsw
16:39:52.13 (205427085)|ENTERING_MANAGED_PKG|tdc_tsw
16:39:52.13 (205496272)|ENTERING_MANAGED_PKG|tdc_tsw
16:39:52.13 (205600698)|ENTERING_MANAGED_PKG|tdc_tsw
16:39:52.13 (205683990)|ENTERING_MANAGED_PKG|tdc_tsw
16:39:52.13 (205861416)|ENTERING_MANAGED_PKG|tdc_tsw
16:39:52.13 (206417078)|ENTERING_MANAGED_PKG|tdc_tsw
16:39:52.13 (206488224)|ENTERING_MANAGED_PKG|tdc_tsw
16:39:52.13 (206819081)|ENTERING_MANAGED_PKG|tdc_tsw
16:39:52.13 (206904853)|ENTERING_MANAGED_PKG|tdc_tsw
16:39:52.13 (207252339)|ENTERING_MANAGED_PKG|tdc_tsw
16:39:52.13 (207339106)|ENTERING_MANAGED_PKG|tdc_tsw
16:39:52.13 (207398004)|ENTERING_MANAGED_PKG|tdc_tsw
16:39:52.13 (207447763)|ENTERING_MANAGED_PKG|tdc_tsw
16:39:52.13 (207504967)|ENTERING_MANAGED_PKG|tdc_tsw
16:39:52.13 (207597570)|ENTERING_MANAGED_PKG|tdc_tsw
16:39:52.13 (207749029)|ENTERING_MANAGED_PKG|tdc_tsw
16:39:52.13 (207791466)|ENTERING_MANAGED_PKG|tdc_tsw
16:39:52.13 (207859502)|ENTERING_MANAGED_PKG|tdc_tsw
16:39:52.13 (208098700)|ENTERING_MANAGED_PKG|tdc_tsw
16:39:52.13 (208148153)|ENTERING_MANAGED_PKG|tdc_tsw
16:39:52.13 (208218745)|ENTERING_MANAGED_PKG|tdc_tsw
16:39:52.13 (208284091)|ENTERING_MANAGED_PKG|tdc_tsw
16:39:52.13 (208347024)|ENTERING_MANAGED_PKG|tdc_tsw
16:39:52.13 (208429208)|ENTERING_MANAGED_PKG|tdc_tsw
16:39:52.13 (208496876)|ENTERING_MANAGED_PKG|tdc_tsw
16:39:52.13 (208583182)|ENTERING_MANAGED_PKG|tdc_tsw
16:39:52.13 (208642985)|ENTERING_MANAGED_PKG|tdc_tsw
16:39:52.13 (208882977)|ENTERING_MANAGED_PKG|tdc_tsw
16:39:52.13 (209032376)|ENTERING_MANAGED_PKG|tdc_tsw
16:39:52.13 (209149753)|ENTERING_MANAGED_PKG|tdc_tsw
16:39:52.13 (209234621)|ENTERING_MANAGED_PKG|tdc_tsw
16:39:52.13 (209430785)|ENTERING_MANAGED_PKG|tdc_tsw
16:39:52.13 (502922322)|ENTERING_MANAGED_PKG|tdc_tsw
16:39:52.13 (503412853)|ENTERING_MANAGED_PKG|tdc_tsw
16:39:52.13 (503458351)|ENTERING_MANAGED_PKG|tdc_tsw
16:39:52.13 (503516402)|ENTERING_MANAGED_PKG|tdc_tsw
16:39:52.13 (503584059)|ENTERING_MANAGED_PKG|tdc_tsw
16:39:52.13 (503613652)|ENTERING_MANAGED_PKG|tdc_tsw
16:39:52.13 (503646263)|ENTERING_MANAGED_PKG|tdc_tsw
16:39:52.13 (503695191)|ENTERING_MANAGED_PKG|tdc_tsw
16:39:52.13 (503734004)|ENTERING_MANAGED_PKG|tdc_tsw
16:39:52.13 (503759473)|ENTERING_MANAGED_PKG|tdc_tsw
16:39:52.13 (503840857)|ENTERING_MANAGED_PKG|tdc_tsw
16:39:52.13 (503917095)|ENTERING_MANAGED_PKG|tdc_tsw
16:39:52.13 (503971732)|ENTERING_MANAGED_PKG|tdc_tsw
16:39:52.13 (504075142)|ENTERING_MANAGED_PKG|tdc_tsw
16:39:52.13 (504193028)|ENTERING_MANAGED_PKG|tdc_tsw
16:39:52.13 (508267848)|ENTERING_MANAGED_PKG|tdc_tsw
16:39:52.13 (508846570)|ENTERING_MANAGED_PKG|tdc_tsw
16:39:52.13 (515415949)|ENTERING_MANAGED_PKG|tdc_tsw
16:39:52.13 (516359474)|ENTERING_MANAGED_PKG|tdc_tsw
16:39:52.13 (522879651)|ENTERING_MANAGED_PKG|tdc_tsw
16:39:52.13 (523825461)|ENTERING_MANAGED_PKG|tdc_tsw
16:39:52.13 (530279548)|ENTERING_MANAGED_PKG|tdc_tsw
16:39:52.13 (531270804)|ENTERING_MANAGED_PKG|tdc_tsw
16:39:52.13 (537662318)|ENTERING_MANAGED_PKG|tdc_tsw
16:39:52.13 (538597853)|ENTERING_MANAGED_PKG|tdc_tsw
16:39:52.13 (545075113)|ENTERING_MANAGED_PKG|tdc_tsw
16:39:52.13 (546065923)|ENTERING_MANAGED_PKG|tdc_tsw
16:39:52.13 (552904006)|ENTERING_MANAGED_PKG|tdc_tsw
16:39:52.13 (553861804)|ENTERING_MANAGED_PKG|tdc_tsw
16:39:52.13 (560586728)|ENTERING_MANAGED_PKG|tdc_tsw
16:39:52.13 (561640258)|ENTERING_MANAGED_PKG|tdc_tsw
16:39:52.13 (571210917)|ENTERING_MANAGED_PKG|tdc_tsw
16:39:52.13 (572179377)|ENTERING_MANAGED_PKG|tdc_tsw
16:39:52.13 (578836173)|ENTERING_MANAGED_PKG|tdc_tsw
16:39:52.13 (579774260)|ENTERING_MANAGED_PKG|tdc_tsw
16:39:52.13 (586265641)|ENTERING_MANAGED_PKG|tdc_tsw
16:39:52.13 (587204583)|ENTERING_MANAGED_PKG|tdc_tsw
16:39:52.13 (593662081)|ENTERING_MANAGED_PKG|tdc_tsw
16:39:52.13 (594598150)|ENTERING_MANAGED_PKG|tdc_tsw
16:39:52.13 (600982660)|ENTERING_MANAGED_PKG|tdc_tsw
16:39:52.13 (601907528)|ENTERING_MANAGED_PKG|tdc_tsw
16:39:52.13 (608350112)|ENTERING_MANAGED_PKG|tdc_tsw
16:39:52.13 (609295319)|ENTERING_MANAGED_PKG|tdc_tsw
16:39:52.13 (615787491)|ENTERING_MANAGED_PKG|tdc_tsw
16:39:52.13 (616720131)|ENTERING_MANAGED_PKG|tdc_tsw
16:39:52.13 (623133583)|ENTERING_MANAGED_PKG|tdc_tsw
16:39:52.13 (624083926)|ENTERING_MANAGED_PKG|tdc_tsw
16:39:52.13 (630524706)|ENTERING_MANAGED_PKG|tdc_tsw
16:39:52.13 (631451621)|ENTERING_MANAGED_PKG|tdc_tsw
16:39:52.13 (637902291)|ENTERING_MANAGED_PKG|tdc_tsw
16:39:52.13 (638834321)|ENTERING_MANAGED_PKG|tdc_tsw
16:39:52.13 (645184085)|ENTERING_MANAGED_PKG|tdc_tsw
16:39:52.13 (646110295)|ENTERING_MANAGED_PKG|tdc_tsw
16:39:52.13 (652448892)|ENTERING_MANAGED_PKG|tdc_tsw
16:39:52.13 (653385316)|ENTERING_MANAGED_PKG|tdc_tsw
16:39:52.13 (660315446)|ENTERING_MANAGED_PKG|tdc_tsw
16:39:52.13 (661310657)|ENTERING_MANAGED_PKG|tdc_tsw
16:39:52.13 (667934753)|ENTERING_MANAGED_PKG|tdc_tsw
16:39:52.13 (668873028)|ENTERING_MANAGED_PKG|tdc_tsw
16:39:52.13 (675953628)|ENTERING_MANAGED_PKG|tdc_tsw
16:39:52.13 (677009760)|ENTERING_MANAGED_PKG|tdc_tsw
16:39:52.13 (683521687)|ENTERING_MANAGED_PKG|tdc_tsw
16:39:52.13 (684541735)|ENTERING_MANAGED_PKG|tdc_tsw
16:39:52.13 (691028870)|ENTERING_MANAGED_PKG|tdc_tsw
16:39:52.13 (691996163)|ENTERING_MANAGED_PKG|tdc_tsw
16:39:52.13 (698874628)|ENTERING_MANAGED_PKG|tdc_tsw
16:39:52.13 (699839219)|ENTERING_MANAGED_PKG|tdc_tsw
16:39:52.13 (706836531)|ENTERING_MANAGED_PKG|tdc_tsw
16:39:52.13 (707819115)|ENTERING_MANAGED_PKG|tdc_tsw
16:39:52.13 (715808252)|ENTERING_MANAGED_PKG|tdc_tsw
16:39:52.13 (716750790)|ENTERING_MANAGED_PKG|tdc_tsw
16:39:52.13 (723174826)|ENTERING_MANAGED_PKG|tdc_tsw
16:39:52.13 (724125387)|ENTERING_MANAGED_PKG|tdc_tsw
16:39:52.13 (733479646)|ENTERING_MANAGED_PKG|tdc_tsw
16:39:52.13 (734472107)|ENTERING_MANAGED_PKG|tdc_tsw
16:39:52.13 (741017791)|ENTERING_MANAGED_PKG|tdc_tsw
16:39:52.13 (741969439)|ENTERING_MANAGED_PKG|tdc_tsw
16:39:52.13 (748493455)|ENTERING_MANAGED_PKG|tdc_tsw
16:39:52.13 (749430856)|ENTERING_MANAGED_PKG|tdc_tsw
16:39:52.13 (756076778)|ENTERING_MANAGED_PKG|tdc_tsw
16:39:52.13 (757106259)|ENTERING_MANAGED_PKG|tdc_tsw
16:39:52.13 (763768788)|ENTERING_MANAGED_PKG|tdc_tsw
16:39:52.13 (764692188)|ENTERING_MANAGED_PKG|tdc_tsw
16:39:52.13 (772030454)|ENTERING_MANAGED_PKG|tdc_tsw
16:39:52.13 (773097100)|ENTERING_MANAGED_PKG|tdc_tsw
16:39:52.13 (780398376)|ENTERING_MANAGED_PKG|tdc_tsw
16:39:52.13 (781465778)|ENTERING_MANAGED_PKG|tdc_tsw
16:39:52.13 (788868745)|ENTERING_MANAGED_PKG|tdc_tsw
16:39:52.13 (789931154)|ENTERING_MANAGED_PKG|tdc_tsw
16:39:52.13 (797224189)|ENTERING_MANAGED_PKG|tdc_tsw
16:39:52.13 (798633085)|ENTERING_MANAGED_PKG|tdc_tsw
16:39:52.13 (805914376)|ENTERING_MANAGED_PKG|tdc_tsw
16:39:52.13 (806952355)|ENTERING_MANAGED_PKG|tdc_tsw
16:39:52.13 (814216159)|ENTERING_MANAGED_PKG|tdc_tsw
16:39:52.13 (815301539)|ENTERING_MANAGED_PKG|tdc_tsw
16:39:52.13 (824000801)|ENTERING_MANAGED_PKG|tdc_tsw
16:39:52.13 (825821529)|ENTERING_MANAGED_PKG|tdc_tsw
16:39:52.13 (834503809)|ENTERING_MANAGED_PKG|tdc_tsw
16:39:52.13 (835588089)|ENTERING_MANAGED_PKG|tdc_tsw
16:39:52.13 (842762293)|ENTERING_MANAGED_PKG|tdc_tsw
16:39:52.13 (843925014)|ENTERING_MANAGED_PKG|tdc_tsw
16:39:52.13 (852283294)|ENTERING_MANAGED_PKG|tdc_tsw
16:39:52.13 (853368265)|ENTERING_MANAGED_PKG|tdc_tsw
16:39:52.13 (860527196)|ENTERING_MANAGED_PKG|tdc_tsw
16:39:52.13 (861627999)|ENTERING_MANAGED_PKG|tdc_tsw
16:39:52.13 (869384755)|ENTERING_MANAGED_PKG|tdc_tsw
16:39:52.13 (870496787)|ENTERING_MANAGED_PKG|tdc_tsw
16:39:52.13 (877778179)|ENTERING_MANAGED_PKG|tdc_tsw
16:39:52.13 (878829387)|ENTERING_MANAGED_PKG|tdc_tsw
16:39:52.13 (886143267)|ENTERING_MANAGED_PKG|tdc_tsw
16:39:52.13 (887155937)|ENTERING_MANAGED_PKG|tdc_tsw
16:39:52.13 (893815373)|ENTERING_MANAGED_PKG|tdc_tsw
16:39:52.13 (894772537)|ENTERING_MANAGED_PKG|tdc_tsw
16:39:52.13 (901233626)|ENTERING_MANAGED_PKG|tdc_tsw
16:39:52.13 (902174157)|ENTERING_MANAGED_PKG|tdc_tsw
16:39:52.13 (908957163)|ENTERING_MANAGED_PKG|tdc_tsw
16:39:52.13 (912369107)|ENTERING_MANAGED_PKG|tdc_tsw
16:39:52.13 (912587018)|ENTERING_MANAGED_PKG|tdc_tsw
16:39:52.13 (912725784)|ENTERING_MANAGED_PKG|tdc_tsw
16:39:52.13 (912851701)|ENTERING_MANAGED_PKG|tdc_tsw
16:39:52.13 (912934180)|ENTERING_MANAGED_PKG|tdc_tsw
16:39:52.13 (912986302)|ENTERING_MANAGED_PKG|tdc_tsw
16:39:52.13 (913117084)|ENTERING_MANAGED_PKG|tdc_tsw
16:39:52.13 (913167219)|ENTERING_MANAGED_PKG|tdc_tsw
16:39:52.13 (913244707)|ENTERING_MANAGED_PKG|tdc_tsw
16:39:52.13 (913356776)|ENTERING_MANAGED_PKG|tdc_tsw
16:39:52.13 (914853466)|ENTERING_MANAGED_PKG|tdc_tsw
16:39:52.13 (915218135)|ENTERING_MANAGED_PKG|tdc_tsw
16:39:52.13 (921932667)|ENTERING_MANAGED_PKG|tdc_tsw
16:39:52.13 (923261181)|ENTERING_MANAGED_PKG|tdc_tsw
16:39:52.13 (930242087)|ENTERING_MANAGED_PKG|tdc_tsw
16:39:52.13 (931275402)|ENTERING_MANAGED_PKG|tdc_tsw
16:39:52.13 (938175779)|ENTERING_MANAGED_PKG|tdc_tsw
16:39:52.13 (939249339)|ENTERING_MANAGED_PKG|tdc_tsw
16:39:52.13 (946300935)|ENTERING_MANAGED_PKG|tdc_tsw
16:39:52.13 (947390619)|ENTERING_MANAGED_PKG|tdc_tsw
16:39:52.13 (955306707)|ENTERING_MANAGED_PKG|tdc_tsw
16:39:52.13 (956404726)|ENTERING_MANAGED_PKG|tdc_tsw
16:39:52.13 (963738881)|ENTERING_MANAGED_PKG|tdc_tsw
16:39:52.13 (964791689)|ENTERING_MANAGED_PKG|tdc_tsw
16:39:52.13 (971845845)|ENTERING_MANAGED_PKG|tdc_tsw
16:39:52.13 (972885329)|ENTERING_MANAGED_PKG|tdc_tsw
16:39:52.13 (980010992)|ENTERING_MANAGED_PKG|tdc_tsw
16:39:52.13 (981046032)|ENTERING_MANAGED_PKG|tdc_tsw
16:39:52.13 (987677976)|ENTERING_MANAGED_PKG|tdc_tsw
16:39:52.13 (988626810)|ENTERING_MANAGED_PKG|tdc_tsw
16:39:52.13 (995325163)|ENTERING_MANAGED_PKG|tdc_tsw
16:39:52.13 (996290073)|ENTERING_MANAGED_PKG|tdc_tsw
16:39:52.13 (1003160535)|ENTERING_MANAGED_PKG|tdc_tsw
16:39:52.13 (1004204976)|ENTERING_MANAGED_PKG|tdc_tsw
16:39:52.13 (1011469757)|ENTERING_MANAGED_PKG|tdc_tsw
16:39:52.13 (1012783140)|ENTERING_MANAGED_PKG|tdc_tsw
16:39:53.19 (1019200469)|ENTERING_MANAGED_PKG|tdc_tsw
16:39:53.19 (1020211922)|ENTERING_MANAGED_PKG|tdc_tsw
16:39:53.19 (1027600193)|ENTERING_MANAGED_PKG|tdc_tsw
16:39:53.19 (1028709178)|ENTERING_MANAGED_PKG|tdc_tsw
16:39:53.19 (1035870365)|ENTERING_MANAGED_PKG|tdc_tsw
16:39:53.19 (1036908261)|ENTERING_MANAGED_PKG|tdc_tsw
16:39:53.19 (1044160588)|ENTERING_MANAGED_PKG|tdc_tsw
16:39:53.19 (1045279572)|ENTERING_MANAGED_PKG|tdc_tsw
16:39:53.19 (1052289797)|ENTERING_MANAGED_PKG|tdc_tsw
16:39:53.19 (1053269503)|ENTERING_MANAGED_PKG|tdc_tsw
16:39:53.19 (1059814613)|ENTERING_MANAGED_PKG|tdc_tsw
16:39:53.19 (1060753170)|ENTERING_MANAGED_PKG|tdc_tsw
16:39:53.19 (1067486704)|ENTERING_MANAGED_PKG|tdc_tsw
16:39:53.19 (1068500673)|ENTERING_MANAGED_PKG|tdc_tsw
16:39:53.19 (1076462477)|ENTERING_MANAGED_PKG|tdc_tsw
16:39:53.19 (1077632432)|ENTERING_MANAGED_PKG|tdc_tsw
16:39:53.19 (1085414499)|ENTERING_MANAGED_PKG|tdc_tsw
16:39:53.19 (1086659285)|ENTERING_MANAGED_PKG|tdc_tsw
16:39:53.19 (1093617056)|ENTERING_MANAGED_PKG|tdc_tsw
16:39:53.19 (1094654828)|ENTERING_MANAGED_PKG|tdc_tsw
16:39:53.19 (1101580413)|ENTERING_MANAGED_PKG|tdc_tsw
16:39:53.19 (1102552052)|ENTERING_MANAGED_PKG|tdc_tsw
16:39:53.19 (1109060266)|ENTERING_MANAGED_PKG|tdc_tsw
16:39:53.19 (1110245686)|ENTERING_MANAGED_PKG|tdc_tsw
16:39:53.19 (1118951986)|ENTERING_MANAGED_PKG|tdc_tsw
16:39:53.19 (1120275578)|ENTERING_MANAGED_PKG|tdc_tsw
16:39:53.19 (1130287224)|ENTERING_MANAGED_PKG|tdc_tsw
16:39:53.19 (1131639628)|ENTERING_MANAGED_PKG|tdc_tsw
16:39:53.19 (1141606162)|ENTERING_MANAGED_PKG|tdc_tsw
16:39:53.19 (1143059764)|ENTERING_MANAGED_PKG|tdc_tsw
16:39:53.19 (1149664857)|ENTERING_MANAGED_PKG|tdc_tsw
16:39:53.19 (1150596721)|ENTERING_MANAGED_PKG|tdc_tsw
16:39:53.19 (1156890125)|ENTERING_MANAGED_PKG|tdc_tsw
16:39:53.19 (1157818547)|ENTERING_MANAGED_PKG|tdc_tsw
16:39:53.19 (1164095670)|ENTERING_MANAGED_PKG|tdc_tsw
16:39:53.19 (1165012722)|ENTERING_MANAGED_PKG|tdc_tsw
16:39:53.19 (1171429884)|ENTERING_MANAGED_PKG|tdc_tsw
16:39:53.19 (1172351925)|ENTERING_MANAGED_PKG|tdc_tsw
16:39:53.19 (1178957945)|ENTERING_MANAGED_PKG|tdc_tsw
16:39:53.19 (1179871902)|ENTERING_MANAGED_PKG|tdc_tsw
16:39:53.19 (1186152233)|ENTERING_MANAGED_PKG|tdc_tsw
16:39:53.19 (1187066098)|ENTERING_MANAGED_PKG|tdc_tsw
16:39:53.19 (1193354941)|ENTERING_MANAGED_PKG|tdc_tsw
16:39:53.19 (1194267111)|ENTERING_MANAGED_PKG|tdc_tsw
16:39:53.19 (1200665173)|ENTERING_MANAGED_PKG|tdc_tsw
16:39:53.19 (1201582633)|ENTERING_MANAGED_PKG|tdc_tsw
16:39:53.19 (1207874203)|ENTERING_MANAGED_PKG|tdc_tsw
16:39:53.19 (1208786768)|ENTERING_MANAGED_PKG|tdc_tsw
16:39:53.19 (1215076118)|ENTERING_MANAGED_PKG|tdc_tsw
16:39:53.19 (1215988330)|ENTERING_MANAGED_PKG|tdc_tsw
16:39:53.19 (1222236449)|ENTERING_MANAGED_PKG|tdc_tsw
16:39:53.19 (1223148931)|ENTERING_MANAGED_PKG|tdc_tsw
16:39:53.19 (1229612256)|ENTERING_MANAGED_PKG|tdc_tsw
16:39:53.19 (1230545064)|ENTERING_MANAGED_PKG|tdc_tsw
16:39:53.19 (1236882670)|ENTERING_MANAGED_PKG|tdc_tsw
16:39:53.19 (1237796328)|ENTERING_MANAGED_PKG|tdc_tsw
16:39:53.19 (1244068031)|ENTERING_MANAGED_PKG|tdc_tsw
16:39:53.19 (1244983001)|ENTERING_MANAGED_PKG|tdc_tsw
16:39:53.19 (1251240444)|ENTERING_MANAGED_PKG|tdc_tsw
16:39:53.19 (1252155738)|ENTERING_MANAGED_PKG|tdc_tsw
16:39:53.19 (1258410129)|ENTERING_MANAGED_PKG|tdc_tsw
16:39:53.19 (1259324533)|ENTERING_MANAGED_PKG|tdc_tsw
16:39:53.19 (1268415688)|ENTERING_MANAGED_PKG|tdc_tsw
16:39:53.19 (1269333118)|ENTERING_MANAGED_PKG|tdc_tsw
16:39:53.19 (1275607595)|ENTERING_MANAGED_PKG|tdc_tsw
16:39:53.19 (1276519827)|ENTERING_MANAGED_PKG|tdc_tsw
16:39:53.19 (1282803125)|ENTERING_MANAGED_PKG|tdc_tsw
16:39:53.19 (1283710388)|ENTERING_MANAGED_PKG|tdc_tsw
16:39:53.19 (1290107694)|ENTERING_MANAGED_PKG|tdc_tsw
16:39:53.19 (1291024242)|ENTERING_MANAGED_PKG|tdc_tsw
16:39:53.19 (1297321589)|ENTERING_MANAGED_PKG|tdc_tsw
16:39:53.19 (1298551348)|ENTERING_MANAGED_PKG|tdc_tsw
16:39:53.19 (1305025131)|ENTERING_MANAGED_PKG|tdc_tsw
16:39:53.19 (1305943659)|ENTERING_MANAGED_PKG|tdc_tsw
16:39:53.19 (1312224879)|ENTERING_MANAGED_PKG|tdc_tsw
16:39:53.19 (1314894535)|ENTERING_MANAGED_PKG|tdc_tsw
16:39:53.19 (1315024408)|ENTERING_MANAGED_PKG|tdc_tsw
16:39:53.19 (1315238887)|ENTERING_MANAGED_PKG|tdc_tsw
16:39:53.19 (1315290958)|ENTERING_MANAGED_PKG|tdc_tsw
16:39:53.19 (1315339562)|ENTERING_MANAGED_PKG|tdc_tsw
16:39:53.19 (1315382576)|ENTERING_MANAGED_PKG|tdc_tsw
16:39:53.19 (1315417274)|ENTERING_MANAGED_PKG|tdc_tsw
16:39:53.19 (1315512284)|ENTERING_MANAGED_PKG|tdc_tsw
16:39:53.19 (1315730852)|ENTERING_MANAGED_PKG|tdc_tsw
16:39:53.19 (1315765161)|ENTERING_MANAGED_PKG|tdc_tsw
16:39:53.19 (1315804354)|ENTERING_MANAGED_PKG|tdc_tsw
16:39:53.19 (1315840194)|ENTERING_MANAGED_PKG|tdc_tsw
16:39:53.19 (1315869148)|ENTERING_MANAGED_PKG|tdc_tsw
16:39:53.19 (1315952574)|ENTERING_MANAGED_PKG|tdc_tsw
16:39:53.19 (1316128146)|ENTERING_MANAGED_PKG|tdc_tsw
16:39:53.19 (1316163531)|ENTERING_MANAGED_PKG|tdc_tsw
16:39:53.19 (1316202127)|ENTERING_MANAGED_PKG|tdc_tsw
16:39:53.19 (1316237971)|ENTERING_MANAGED_PKG|tdc_tsw
16:39:53.19 (1316266918)|ENTERING_MANAGED_PKG|tdc_tsw
16:39:53.19 (1316350207)|ENTERING_MANAGED_PKG|tdc_tsw
16:39:53.19 (1316524006)|ENTERING_MANAGED_PKG|tdc_tsw
16:39:53.19 (1316557984)|ENTERING_MANAGED_PKG|tdc_tsw
16:39:53.19 (1316596447)|ENTERING_MANAGED_PKG|tdc_tsw
16:39:53.19 (1316631752)|ENTERING_MANAGED_PKG|tdc_tsw
16:39:53.19 (1316660195)|ENTERING_MANAGED_PKG|tdc_tsw
16:39:53.19 (1316748807)|ENTERING_MANAGED_PKG|tdc_tsw
16:39:53.19 (1316920394)|ENTERING_MANAGED_PKG|tdc_tsw
16:39:53.19 (1316954108)|ENTERING_MANAGED_PKG|tdc_tsw
16:39:53.19 (1316992507)|ENTERING_MANAGED_PKG|tdc_tsw
16:39:53.19 (1317027850)|ENTERING_MANAGED_PKG|tdc_tsw
16:39:53.19 (1317057335)|ENTERING_MANAGED_PKG|tdc_tsw
16:39:53.19 (1317139365)|ENTERING_MANAGED_PKG|tdc_tsw
16:39:53.19 (1317309466)|ENTERING_MANAGED_PKG|tdc_tsw
16:39:53.19 (1317342889)|ENTERING_MANAGED_PKG|tdc_tsw
16:39:53.19 (1317381505)|ENTERING_MANAGED_PKG|tdc_tsw
16:39:53.19 (1317416985)|ENTERING_MANAGED_PKG|tdc_tsw
16:39:53.19 (1317445742)|ENTERING_MANAGED_PKG|tdc_tsw
16:39:53.19 (1317527098)|ENTERING_MANAGED_PKG|tdc_tsw
16:39:53.19 (1317696522)|ENTERING_MANAGED_PKG|tdc_tsw
16:39:53.19 (1317736239)|ENTERING_MANAGED_PKG|tdc_tsw
16:39:53.19 (1317774248)|ENTERING_MANAGED_PKG|tdc_tsw
16:39:53.19 (1317809654)|ENTERING_MANAGED_PKG|tdc_tsw
16:39:53.19 (1317838017)|ENTERING_MANAGED_PKG|tdc_tsw
16:39:53.19 (1317919733)|ENTERING_MANAGED_PKG|tdc_tsw
16:39:53.19 (1318088305)|ENTERING_MANAGED_PKG|tdc_tsw
16:39:53.19 (1318122277)|ENTERING_MANAGED_PKG|tdc_tsw
16:39:53.19 (1318160381)|ENTERING_MANAGED_PKG|tdc_tsw
16:39:53.19 (1318195705)|ENTERING_MANAGED_PKG|tdc_tsw
16:39:53.19 (1318224447)|ENTERING_MANAGED_PKG|tdc_tsw
16:39:53.19 (1318305727)|ENTERING_MANAGED_PKG|tdc_tsw
16:39:53.19 (1318474507)|ENTERING_MANAGED_PKG|tdc_tsw
16:39:53.19 (1318507667)|ENTERING_MANAGED_PKG|tdc_tsw
16:39:53.19 (1318545808)|ENTERING_MANAGED_PKG|tdc_tsw
16:39:53.19 (1318581244)|ENTERING_MANAGED_PKG|tdc_tsw
16:39:53.19 (1318609738)|ENTERING_MANAGED_PKG|tdc_tsw
16:39:53.19 (1318689649)|ENTERING_MANAGED_PKG|tdc_tsw
16:39:53.19 (1318864358)|ENTERING_MANAGED_PKG|tdc_tsw
16:39:53.19 (1318897423)|ENTERING_MANAGED_PKG|tdc_tsw
16:39:53.19 (1318934989)|ENTERING_MANAGED_PKG|tdc_tsw
16:39:53.19 (1318970013)|ENTERING_MANAGED_PKG|tdc_tsw
16:39:53.19 (1318998703)|ENTERING_MANAGED_PKG|tdc_tsw
16:39:53.19 (1319078467)|ENTERING_MANAGED_PKG|tdc_tsw
16:39:53.19 (1319247523)|ENTERING_MANAGED_PKG|tdc_tsw
16:39:53.19 (1319280388)|ENTERING_MANAGED_PKG|tdc_tsw
16:39:53.19 (1319318279)|ENTERING_MANAGED_PKG|tdc_tsw
16:39:53.19 (1319353482)|ENTERING_MANAGED_PKG|tdc_tsw
16:39:53.19 (1319381988)|ENTERING_MANAGED_PKG|tdc_tsw
16:39:53.19 (1319461975)|ENTERING_MANAGED_PKG|tdc_tsw
16:39:53.19 (1319630471)|ENTERING_MANAGED_PKG|tdc_tsw
16:39:53.19 (1319663728)|ENTERING_MANAGED_PKG|tdc_tsw
16:39:53.19 (1319707379)|ENTERING_MANAGED_PKG|tdc_tsw
16:39:53.19 (1319744895)|ENTERING_MANAGED_PKG|tdc_tsw
16:39:53.19 (1319773952)|ENTERING_MANAGED_PKG|tdc_tsw
16:39:53.19 (1319853380)|ENTERING_MANAGED_PKG|tdc_tsw
16:39:53.19 (1320020807)|ENTERING_MANAGED_PKG|tdc_tsw
16:39:53.19 (1320054426)|ENTERING_MANAGED_PKG|tdc_tsw
16:39:53.19 (1320092365)|ENTERING_MANAGED_PKG|tdc_tsw
16:39:53.19 (1320127636)|ENTERING_MANAGED_PKG|tdc_tsw
16:39:53.19 (1320156268)|ENTERING_MANAGED_PKG|tdc_tsw
16:39:53.19 (1320236345)|ENTERING_MANAGED_PKG|tdc_tsw
16:39:53.19 (1320404153)|ENTERING_MANAGED_PKG|tdc_tsw
16:39:53.19 (1320437181)|ENTERING_MANAGED_PKG|tdc_tsw
16:39:53.19 (1320475340)|ENTERING_MANAGED_PKG|tdc_tsw
16:39:53.19 (1320510942)|ENTERING_MANAGED_PKG|tdc_tsw
16:39:53.19 (1320539347)|ENTERING_MANAGED_PKG|tdc_tsw
16:39:53.19 (1320619855)|ENTERING_MANAGED_PKG|tdc_tsw
16:39:53.19 (1320796771)|ENTERING_MANAGED_PKG|tdc_tsw
16:39:53.19 (1320830025)|ENTERING_MANAGED_PKG|tdc_tsw
16:39:53.19 (1320867862)|ENTERING_MANAGED_PKG|tdc_tsw
16:39:53.19 (1320902866)|ENTERING_MANAGED_PKG|tdc_tsw
16:39:53.19 (1320931689)|ENTERING_MANAGED_PKG|tdc_tsw
16:39:53.19 (1321012104)|ENTERING_MANAGED_PKG|tdc_tsw
16:39:53.19 (1321180939)|ENTERING_MANAGED_PKG|tdc_tsw
16:39:53.19 (1321214138)|ENTERING_MANAGED_PKG|tdc_tsw
16:39:53.19 (1321252128)|ENTERING_MANAGED_PKG|tdc_tsw
16:39:53.19 (1321287280)|ENTERING_MANAGED_PKG|tdc_tsw
16:39:53.19 (1321315345)|ENTERING_MANAGED_PKG|tdc_tsw
16:39:53.19 (1321395158)|ENTERING_MANAGED_PKG|tdc_tsw
16:39:53.19 (1321563253)|ENTERING_MANAGED_PKG|tdc_tsw
16:39:53.19 (1321596201)|ENTERING_MANAGED_PKG|tdc_tsw
16:39:53.19 (1321634291)|ENTERING_MANAGED_PKG|tdc_tsw
16:39:53.19 (1321669405)|ENTERING_MANAGED_PKG|tdc_tsw
16:39:53.19 (1321697858)|ENTERING_MANAGED_PKG|tdc_tsw
16:39:53.19 (1321784882)|ENTERING_MANAGED_PKG|tdc_tsw
16:39:53.19 (1321952579)|ENTERING_MANAGED_PKG|tdc_tsw
16:39:53.19 (1321985337)|ENTERING_MANAGED_PKG|tdc_tsw
16:39:53.19 (1322023361)|ENTERING_MANAGED_PKG|tdc_tsw
16:39:53.19 (1322058956)|ENTERING_MANAGED_PKG|tdc_tsw
16:39:53.19 (1322087694)|ENTERING_MANAGED_PKG|tdc_tsw
16:39:53.19 (1322168143)|ENTERING_MANAGED_PKG|tdc_tsw
16:39:53.19 (1322335558)|ENTERING_MANAGED_PKG|tdc_tsw
16:39:53.19 (1322368962)|ENTERING_MANAGED_PKG|tdc_tsw
16:39:53.19 (1322406661)|ENTERING_MANAGED_PKG|tdc_tsw
16:39:53.19 (1322441993)|ENTERING_MANAGED_PKG|tdc_tsw
16:39:53.19 (1322470462)|ENTERING_MANAGED_PKG|tdc_tsw
16:39:53.19 (1322550234)|ENTERING_MANAGED_PKG|tdc_tsw
16:39:53.19 (1322723143)|ENTERING_MANAGED_PKG|tdc_tsw
16:39:53.19 (1322756382)|ENTERING_MANAGED_PKG|tdc_tsw
16:39:53.19 (1322794151)|ENTERING_MANAGED_PKG|tdc_tsw
16:39:53.19 (1322829281)|ENTERING_MANAGED_PKG|tdc_tsw
16:39:53.19 (1322857794)|ENTERING_MANAGED_PKG|tdc_tsw
16:39:53.19 (1322938729)|ENTERING_MANAGED_PKG|tdc_tsw
16:39:53.19 (1323105982)|ENTERING_MANAGED_PKG|tdc_tsw
16:39:53.19 (1323140098)|ENTERING_MANAGED_PKG|tdc_tsw
16:39:53.19 (1323177589)|ENTERING_MANAGED_PKG|tdc_tsw
16:39:53.19 (1323212731)|ENTERING_MANAGED_PKG|tdc_tsw
16:39:53.19 (1323242001)|ENTERING_MANAGED_PKG|tdc_tsw
16:39:53.19 (1323322356)|ENTERING_MANAGED_PKG|tdc_tsw
16:39:53.19 (1323490302)|ENTERING_MANAGED_PKG|tdc_tsw
16:39:53.19 (1323523546)|ENTERING_MANAGED_PKG|tdc_tsw
16:39:53.19 (1323561339)|ENTERING_MANAGED_PKG|tdc_tsw
16:39:53.19 (1323596598)|ENTERING_MANAGED_PKG|tdc_tsw
16:39:53.19 (1323624983)|ENTERING_MANAGED_PKG|tdc_tsw
16:39:53.19 (1323709208)|ENTERING_MANAGED_PKG|tdc_tsw
16:39:53.19 (1323878871)|ENTERING_MANAGED_PKG|tdc_tsw
16:39:53.19 (1323912067)|ENTERING_MANAGED_PKG|tdc_tsw
16:39:53.19 (1323949866)|ENTERING_MANAGED_PKG|tdc_tsw
16:39:53.19 (1323984923)|ENTERING_MANAGED_PKG|tdc_tsw
16:39:53.19 (1324013193)|ENTERING_MANAGED_PKG|tdc_tsw
16:39:53.19 (1324094395)|ENTERING_MANAGED_PKG|tdc_tsw
16:39:53.19 (1324261658)|ENTERING_MANAGED_PKG|tdc_tsw
16:39:53.19 (1324294851)|ENTERING_MANAGED_PKG|tdc_tsw
16:39:53.19 (1324332576)|ENTERING_MANAGED_PKG|tdc_tsw
16:39:53.19 (1324367828)|ENTERING_MANAGED_PKG|tdc_tsw
16:39:53.19 (1324396378)|ENTERING_MANAGED_PKG|tdc_tsw
16:39:53.19 (1324476677)|ENTERING_MANAGED_PKG|tdc_tsw
16:39:53.19 (1324643959)|ENTERING_MANAGED_PKG|tdc_tsw
16:39:53.19 (1324677445)|ENTERING_MANAGED_PKG|tdc_tsw
16:39:53.19 (1324723429)|ENTERING_MANAGED_PKG|tdc_tsw
16:39:53.19 (1324760320)|ENTERING_MANAGED_PKG|tdc_tsw
16:39:53.19 (1324788761)|ENTERING_MANAGED_PKG|tdc_tsw
16:39:53.19 (1324869560)|ENTERING_MANAGED_PKG|tdc_tsw
16:39:53.19 (1325037625)|ENTERING_MANAGED_PKG|tdc_tsw
16:39:53.19 (1325071578)|ENTERING_MANAGED_PKG|tdc_tsw
16:39:53.19 (1325109592)|ENTERING_MANAGED_PKG|tdc_tsw
16:39:53.19 (1325144869)|ENTERING_MANAGED_PKG|tdc_tsw
16:39:53.19 (1325173443)|ENTERING_MANAGED_PKG|tdc_tsw
16:39:53.19 (1325253845)|ENTERING_MANAGED_PKG|tdc_tsw
16:39:53.19 (1325421265)|ENTERING_MANAGED_PKG|tdc_tsw
16:39:53.19 (1325454366)|ENTERING_MANAGED_PKG|tdc_tsw
16:39:53.19 (1325492100)|ENTERING_MANAGED_PKG|tdc_tsw
16:39:53.19 (1325527247)|ENTERING_MANAGED_PKG|tdc_tsw
16:39:53.19 (1325555875)|ENTERING_MANAGED_PKG|tdc_tsw
16:39:53.19 (1325636106)|ENTERING_MANAGED_PKG|tdc_tsw
16:39:53.19 (1325811031)|ENTERING_MANAGED_PKG|tdc_tsw
16:39:53.19 (1325844257)|ENTERING_MANAGED_PKG|tdc_tsw
16:39:53.19 (1325882116)|ENTERING_MANAGED_PKG|tdc_tsw
16:39:53.19 (1325917449)|ENTERING_MANAGED_PKG|tdc_tsw
16:39:53.19 (1325945887)|ENTERING_MANAGED_PKG|tdc_tsw
16:39:53.19 (1326027154)|ENTERING_MANAGED_PKG|tdc_tsw
16:39:53.19 (1326194915)|ENTERING_MANAGED_PKG|tdc_tsw
16:39:53.19 (1326227715)|ENTERING_MANAGED_PKG|tdc_tsw
16:39:53.19 (1326265578)|ENTERING_MANAGED_PKG|tdc_tsw
16:39:53.19 (1326301162)|ENTERING_MANAGED_PKG|tdc_tsw
16:39:53.19 (1326329703)|ENTERING_MANAGED_PKG|tdc_tsw
16:39:53.19 (1326410411)|ENTERING_MANAGED_PKG|tdc_tsw
16:39:53.19 (1326577205)|ENTERING_MANAGED_PKG|tdc_tsw
16:39:53.19 (1326610283)|ENTERING_MANAGED_PKG|tdc_tsw
16:39:53.19 (1326647928)|ENTERING_MANAGED_PKG|tdc_tsw
16:39:53.19 (1326682942)|ENTERING_MANAGED_PKG|tdc_tsw
16:39:53.19 (1326718713)|ENTERING_MANAGED_PKG|tdc_tsw
16:39:53.19 (1326800938)|ENTERING_MANAGED_PKG|tdc_tsw
16:39:53.19 (1326968696)|ENTERING_MANAGED_PKG|tdc_tsw
16:39:53.19 (1327001805)|ENTERING_MANAGED_PKG|tdc_tsw
16:39:53.19 (1327040491)|ENTERING_MANAGED_PKG|tdc_tsw
16:39:53.19 (1327075933)|ENTERING_MANAGED_PKG|tdc_tsw
16:39:53.19 (1327104444)|ENTERING_MANAGED_PKG|tdc_tsw
16:39:53.19 (1327185591)|ENTERING_MANAGED_PKG|tdc_tsw
16:39:53.19 (1327353261)|ENTERING_MANAGED_PKG|tdc_tsw
16:39:53.19 (1327386730)|ENTERING_MANAGED_PKG|tdc_tsw
16:39:53.19 (1327424269)|ENTERING_MANAGED_PKG|tdc_tsw
16:39:53.19 (1327459208)|ENTERING_MANAGED_PKG|tdc_tsw
16:39:53.19 (1327487557)|ENTERING_MANAGED_PKG|tdc_tsw
16:39:53.19 (1327569309)|ENTERING_MANAGED_PKG|tdc_tsw
16:39:53.19 (1327747721)|ENTERING_MANAGED_PKG|tdc_tsw
16:39:53.19 (1327781260)|ENTERING_MANAGED_PKG|tdc_tsw
16:39:53.19 (1327819025)|ENTERING_MANAGED_PKG|tdc_tsw
16:39:53.19 (1327854206)|ENTERING_MANAGED_PKG|tdc_tsw
16:39:53.19 (1327882798)|ENTERING_MANAGED_PKG|tdc_tsw
16:39:53.19 (1327963668)|ENTERING_MANAGED_PKG|tdc_tsw
16:39:53.19 (1328131616)|ENTERING_MANAGED_PKG|tdc_tsw
16:39:53.19 (1328165216)|ENTERING_MANAGED_PKG|tdc_tsw
16:39:53.19 (1328203142)|ENTERING_MANAGED_PKG|tdc_tsw
16:39:53.19 (1328238132)|ENTERING_MANAGED_PKG|tdc_tsw
16:39:53.19 (1328266889)|ENTERING_MANAGED_PKG|tdc_tsw
16:39:53.19 (1328348108)|ENTERING_MANAGED_PKG|tdc_tsw
16:39:53.19 (1328514713)|ENTERING_MANAGED_PKG|tdc_tsw
16:39:53.19 (1328547898)|ENTERING_MANAGED_PKG|tdc_tsw
16:39:53.19 (1328586086)|ENTERING_MANAGED_PKG|tdc_tsw
16:39:53.19 (1328621488)|ENTERING_MANAGED_PKG|tdc_tsw
16:39:53.19 (1328649901)|ENTERING_MANAGED_PKG|tdc_tsw
16:39:53.19 (1328742686)|ENTERING_MANAGED_PKG|tdc_tsw
16:39:53.19 (1328911150)|ENTERING_MANAGED_PKG|tdc_tsw
16:39:53.19 (1328944304)|ENTERING_MANAGED_PKG|tdc_tsw
16:39:53.19 (1328981673)|ENTERING_MANAGED_PKG|tdc_tsw
16:39:53.19 (1329017214)|ENTERING_MANAGED_PKG|tdc_tsw
16:39:53.19 (1329046626)|ENTERING_MANAGED_PKG|tdc_tsw
16:39:53.19 (1329127418)|ENTERING_MANAGED_PKG|tdc_tsw
16:39:53.19 (1329294814)|ENTERING_MANAGED_PKG|tdc_tsw
16:39:53.19 (1329328019)|ENTERING_MANAGED_PKG|tdc_tsw
16:39:53.19 (1329365728)|ENTERING_MANAGED_PKG|tdc_tsw
16:39:53.19 (1329400833)|ENTERING_MANAGED_PKG|tdc_tsw
16:39:53.19 (1329429344)|ENTERING_MANAGED_PKG|tdc_tsw
16:39:53.19 (1329510260)|ENTERING_MANAGED_PKG|tdc_tsw
16:39:53.19 (1329677597)|ENTERING_MANAGED_PKG|tdc_tsw
16:39:53.19 (1329720596)|ENTERING_MANAGED_PKG|tdc_tsw
16:39:53.19 (1329759346)|ENTERING_MANAGED_PKG|tdc_tsw
16:39:53.19 (1329794495)|ENTERING_MANAGED_PKG|tdc_tsw
16:39:53.19 (1329823579)|ENTERING_MANAGED_PKG|tdc_tsw
16:39:53.19 (1329904741)|ENTERING_MANAGED_PKG|tdc_tsw
16:39:53.19 (1330073106)|ENTERING_MANAGED_PKG|tdc_tsw
16:39:53.19 (1330106778)|ENTERING_MANAGED_PKG|tdc_tsw
16:39:53.19 (1330145210)|ENTERING_MANAGED_PKG|tdc_tsw
16:39:53.19 (1330180134)|ENTERING_MANAGED_PKG|tdc_tsw
16:39:53.19 (1330208433)|ENTERING_MANAGED_PKG|tdc_tsw
16:39:53.19 (1330290296)|ENTERING_MANAGED_PKG|tdc_tsw
16:39:53.19 (1330457506)|ENTERING_MANAGED_PKG|tdc_tsw
16:39:53.19 (1330490534)|ENTERING_MANAGED_PKG|tdc_tsw
16:39:53.19 (1330528271)|ENTERING_MANAGED_PKG|tdc_tsw
16:39:53.19 (1330563229)|ENTERING_MANAGED_PKG|tdc_tsw
16:39:53.19 (1330591396)|ENTERING_MANAGED_PKG|tdc_tsw
16:39:53.19 (1330671859)|ENTERING_MANAGED_PKG|tdc_tsw
16:39:53.19 (1330850955)|ENTERING_MANAGED_PKG|tdc_tsw
16:39:53.19 (1330884613)|ENTERING_MANAGED_PKG|tdc_tsw
16:39:53.19 (1330922383)|ENTERING_MANAGED_PKG|tdc_tsw
16:39:53.19 (1330957644)|ENTERING_MANAGED_PKG|tdc_tsw
16:39:53.19 (1330986474)|ENTERING_MANAGED_PKG|tdc_tsw
16:39:53.19 (1331066673)|ENTERING_MANAGED_PKG|tdc_tsw
16:39:53.19 (1331235167)|ENTERING_MANAGED_PKG|tdc_tsw
16:39:53.19 (1331268640)|ENTERING_MANAGED_PKG|tdc_tsw
16:39:53.19 (1331306531)|ENTERING_MANAGED_PKG|tdc_tsw
16:39:53.19 (1331341646)|ENTERING_MANAGED_PKG|tdc_tsw
16:39:53.19 (1331370243)|ENTERING_MANAGED_PKG|tdc_tsw
16:39:53.19 (1331451387)|ENTERING_MANAGED_PKG|tdc_tsw
16:39:53.19 (1331619563)|ENTERING_MANAGED_PKG|tdc_tsw
16:39:53.19 (1331652829)|ENTERING_MANAGED_PKG|tdc_tsw
16:39:53.19 (1331690694)|ENTERING_MANAGED_PKG|tdc_tsw
16:39:53.19 (1331735742)|ENTERING_MANAGED_PKG|tdc_tsw
16:39:53.19 (1331765272)|ENTERING_MANAGED_PKG|tdc_tsw
16:39:53.19 (1331847258)|ENTERING_MANAGED_PKG|tdc_tsw
16:39:53.19 (1332015192)|ENTERING_MANAGED_PKG|tdc_tsw
16:39:53.19 (1332049660)|ENTERING_MANAGED_PKG|tdc_tsw
16:39:53.19 (1332087916)|ENTERING_MANAGED_PKG|tdc_tsw
16:39:53.19 (1332122765)|ENTERING_MANAGED_PKG|tdc_tsw
16:39:53.19 (1332151406)|ENTERING_MANAGED_PKG|tdc_tsw
16:39:53.19 (1332232654)|ENTERING_MANAGED_PKG|tdc_tsw
16:39:53.19 (1332401013)|ENTERING_MANAGED_PKG|tdc_tsw
16:39:53.19 (1332434172)|ENTERING_MANAGED_PKG|tdc_tsw
16:39:53.19 (1332472223)|ENTERING_MANAGED_PKG|tdc_tsw
16:39:53.19 (1332507775)|ENTERING_MANAGED_PKG|tdc_tsw
16:39:53.19 (1332536335)|ENTERING_MANAGED_PKG|tdc_tsw
16:39:53.19 (1332617519)|ENTERING_MANAGED_PKG|tdc_tsw
16:39:53.19 (1332795061)|ENTERING_MANAGED_PKG|tdc_tsw
16:39:53.19 (1332828346)|ENTERING_MANAGED_PKG|tdc_tsw
16:39:53.19 (1332866200)|ENTERING_MANAGED_PKG|tdc_tsw
16:39:53.19 (1332901483)|ENTERING_MANAGED_PKG|tdc_tsw
16:39:53.19 (1332930344)|ENTERING_MANAGED_PKG|tdc_tsw
16:39:53.19 (1333011702)|ENTERING_MANAGED_PKG|tdc_tsw
16:39:53.19 (1333180242)|ENTERING_MANAGED_PKG|tdc_tsw
16:39:53.19 (1333213447)|ENTERING_MANAGED_PKG|tdc_tsw
16:39:53.19 (1333251418)|ENTERING_MANAGED_PKG|tdc_tsw
16:39:53.19 (1333286711)|ENTERING_MANAGED_PKG|tdc_tsw
16:39:53.19 (1333315678)|ENTERING_MANAGED_PKG|tdc_tsw
16:39:53.19 (1333396243)|ENTERING_MANAGED_PKG|tdc_tsw
16:39:53.19 (1333564306)|ENTERING_MANAGED_PKG|tdc_tsw
16:39:53.19 (1333597539)|ENTERING_MANAGED_PKG|tdc_tsw
16:39:53.19 (1333635369)|ENTERING_MANAGED_PKG|tdc_tsw
16:39:53.19 (1333670760)|ENTERING_MANAGED_PKG|tdc_tsw
16:39:53.19 (1333708162)|ENTERING_MANAGED_PKG|tdc_tsw
16:39:53.19 (1333792362)|ENTERING_MANAGED_PKG|tdc_tsw
16:39:53.19 (1333960764)|ENTERING_MANAGED_PKG|tdc_tsw
16:39:53.19 (1333993957)|ENTERING_MANAGED_PKG|tdc_tsw
16:39:53.19 (1334031516)|ENTERING_MANAGED_PKG|tdc_tsw
16:39:53.19 (1334067961)|ENTERING_MANAGED_PKG|tdc_tsw
16:39:53.19 (1334096765)|ENTERING_MANAGED_PKG|tdc_tsw
16:39:53.19 (1334176400)|ENTERING_MANAGED_PKG|tdc_tsw
16:39:53.19 (1334345692)|ENTERING_MANAGED_PKG|tdc_tsw
16:39:53.19 (1334379076)|ENTERING_MANAGED_PKG|tdc_tsw
16:39:53.19 (1334417103)|ENTERING_MANAGED_PKG|tdc_tsw
16:39:53.19 (1334452628)|ENTERING_MANAGED_PKG|tdc_tsw
16:39:53.19 (1334481197)|ENTERING_MANAGED_PKG|tdc_tsw
16:39:53.19 (1334561198)|ENTERING_MANAGED_PKG|tdc_tsw
16:39:53.19 (1338823042)|ENTERING_MANAGED_PKG|tdc_tsw
16:39:53.19 (1338911325)|ENTERING_MANAGED_PKG|tdc_tsw
16:39:53.19 (1339001172)|ENTERING_MANAGED_PKG|tdc_tsw
16:39:53.19 (1339064399)|ENTERING_MANAGED_PKG|tdc_tsw
16:39:53.19 (1339178567)|ENTERING_MANAGED_PKG|tdc_tsw
16:39:53.19 (1339226240)|ENTERING_MANAGED_PKG|tdc_tsw
16:39:53.19 (1339382684)|ENTERING_MANAGED_PKG|tdc_tsw
16:39:53.19 (1339431658)|ENTERING_MANAGED_PKG|tdc_tsw
16:39:53.19 (1339603932)|ENTERING_MANAGED_PKG|tdc_tsw
16:39:53.19 (1374407802)|SOQL_EXECUTE_BEGIN|[1842]|Aggregations:0|SELECT Id, name FROM RecordType WHERE (sObjectType = :tmpVar1 AND name = :tmpVar2) LIMIT 1
16:39:53.19 (1382260567)|SOQL_EXECUTE_END|[1842]|Rows:1
16:39:53.19 (1385509662)|ENTERING_MANAGED_PKG|tdc_tsw
16:39:53.19 (1390598605)|DML_BEGIN|[719]|Op:Insert|Type:tdc_tsw__Message__c|Rows:1
16:39:53.19 (1395842712)|ENTERING_MANAGED_PKG|tdc_tsw
16:39:53.397 (1397030010)|CUMULATIVE_LIMIT_USAGE
16:39:53.397 (1397030010)|LIMIT_USAGE_FOR_NS|(default)|
  Number of SOQL queries: 0 out of 200
  Number of query rows: 0 out of 50000
  Number of SOSL queries: 0 out of 20
  Number of DML statements: 0 out of 150
  Number of DML rows: 0 out of 10000
  Maximum CPU time: 702 out of 60000
  Maximum heap size: 0 out of 12000000
  Number of callouts: 0 out of 100
  Number of Email Invocations: 0 out of 10
  Number of future calls: 0 out of 50
  Number of queueable jobs added to the queue: 0 out of 1
  Number of Mobile Apex push calls: 0 out of 10

16:39:53.397 (1397030010)|LIMIT_USAGE_FOR_NS|tdc_tsw|
  Number of SOQL queries: 1 out of 200
  Number of query rows: 1 out of 50000
  Number of SOSL queries: 0 out of 20
  Number of DML statements: 1 out of 150
  Number of DML rows: 1 out of 10000
  Maximum CPU time: 0 out of 60000
  Maximum heap size: 0 out of 12000000
  Number of callouts: 2 out of 100
  Number of Email Invocations: 0 out of 10
  Number of future calls: 0 out of 50
  Number of queueable jobs added to the queue: 0 out of 1
  Number of Mobile Apex push calls: 0 out of 10

16:39:53.397 (1397030010)|CUMULATIVE_LIMIT_USAGE_END

16:39:53.400 (1400516398)|CODE_UNIT_STARTED|[EXTERNAL]|01q3B000000BSJB|IncomingSMS on Message trigger event BeforeInsert|__sfdc_trigger/IncomingSMS
16:39:53.400 (1400561145)|HEAP_ALLOCATE|[EXTERNAL]|Bytes:8
16:39:53.400 (1400604578)|HEAP_ALLOCATE|[EXTERNAL]|Bytes:1
16:39:53.400 (1400620202)|HEAP_ALLOCATE|[EXTERNAL]|Bytes:4
16:39:53.400 (1400630101)|VARIABLE_SCOPE_BEGIN|[1]|this|IncomingSMS|true|false
16:39:53.400 (1400675037)|VARIABLE_ASSIGNMENT|[1]|this|{}|0x4b125b2d
16:39:53.400 (1400729026)|HEAP_ALLOCATE|[EXTERNAL]|Bytes:4
16:39:53.400 (1400739412)|VARIABLE_SCOPE_BEGIN|[1]|this|IncomingSMS|true|false
16:39:53.400 (1400756919)|VARIABLE_ASSIGNMENT|[1]|this|{}|0x4b125b2d
16:39:53.400 (1400766671)|STATEMENT_EXECUTE|[1]
16:39:53.400 (1400789555)|STATEMENT_EXECUTE|[2]
16:39:53.400 (1400978564)|HEAP_ALLOCATE|[3]|Bytes:5
16:39:53.400 (1401006872)|HEAP_ALLOCATE|[3]|Bytes:4
16:39:53.400 (1401022917)|VARIABLE_SCOPE_BEGIN|[3]|sms|tdc_tsw__Message__c|true|false
16:39:53.400 (1407697180)|VARIABLE_ASSIGNMENT|[3]|sms|{"tdc_tsw__ToNumber__c":"+13038816946","tdc_tsw__Sender_Number__c":"17065037067","tdc_tsw__Read__c":false,"tdc_tsw__Message_Segment__c":1,"tdc_tsw__Read_Status__c":"Unread","tdc_tsw__Task_Created__c":false,"Name":"Outgoing","tdc_tsw__Event_Created__c":false,"tdc_tsw__Message_Text_New__c":"Select which informa (87 more) ...","tdc_tsw__MessageId__c":"SMfa98663393624bcd90 (14 more) ...","tdc_tsw__Is_Keyword_Based__c":false,"OwnerId":"0051H000009gxp8QAA","tdc_tsw__Related_Object_Id_URL__c":"_HL_ENCODED_https:// (82 more) ...","RecordTypeId":"0121H000001Ie7gQAC","tdc_tsw__Question__c":"a1K3B000001eOHjUAM","tdc_tsw__Delivered_SMS__c":"_IM1_/resource/tdc_t (27 more) ...","tdc_tsw__Important__c":false,"tdc_tsw__Delivered__c":false,"tdc_tsw__Related_Object__c":"Lead","IsDeleted":false,"tdc_tsw__Incoming_Status__c":"Not Read","tdc_tsw__isCaseCreated__c":false,"tdc_tsw__Lead__c":"00Q3B000005aQ27UAE","tdc_tsw__Related_Object_Id__c":"00Q3B000005aQ27UAE","tdc_tsw__isLeadCreated__c":false,"tdc_tsw__Template_Parse_Id__c":"00Q3B000005aQ27UAE","tdc_tsw__Delivery_Status__c":"Sent"}|0x411103f4
16:39:53.400 (1407739030)|STATEMENT_EXECUTE|[3]
16:39:53.400 (1407786813)|HEAP_ALLOCATE|[4]|Bytes:8
16:39:53.400 (1407823800)|STATEMENT_EXECUTE|[4]
16:39:53.400 (1407848856)|HEAP_ALLOCATE|[3]|Bytes:5
16:39:53.400 (1407876938)|VARIABLE_ASSIGNMENT|[3]|sms|null|
16:39:53.407 (1407891092)|CUMULATIVE_LIMIT_USAGE
16:39:53.407 (1407891092)|LIMIT_USAGE_FOR_NS|(default)|
  Number of SOQL queries: 0 out of 200
  Number of query rows: 0 out of 50000
  Number of SOSL queries: 0 out of 20
  Number of DML statements: 0 out of 150
  Number of DML rows: 0 out of 10000
  Maximum CPU time: 702 out of 60000
  Maximum heap size: 0 out of 12000000
  Number of callouts: 0 out of 100
  Number of Email Invocations: 0 out of 10
  Number of future calls: 0 out of 50
  Number of queueable jobs added to the queue: 0 out of 1
  Number of Mobile Apex push calls: 0 out of 10

16:39:53.407 (1407891092)|LIMIT_USAGE_FOR_NS|tdc_tsw|
  Number of SOQL queries: 1 out of 200
  Number of query rows: 1 out of 50000
  Number of SOSL queries: 0 out of 20
  Number of DML statements: 1 out of 150
  Number of DML rows: 1 out of 10000
  Maximum CPU time: 0 out of 60000
  Maximum heap size: 0 out of 12000000
  Number of callouts: 2 out of 100
  Number of Email Invocations: 0 out of 10
  Number of future calls: 0 out of 50
  Number of queueable jobs added to the queue: 0 out of 1
  Number of Mobile Apex push calls: 0 out of 10

16:39:53.407 (1407891092)|CUMULATIVE_LIMIT_USAGE_END

16:39:53.19 (1477481724)|ENTERING_MANAGED_PKG|tdc_tsw
16:39:53.19 (1477888054)|ENTERING_MANAGED_PKG|tdc_tsw
16:39:53.19 (1478413969)|ENTERING_MANAGED_PKG|tdc_tsw
16:39:53.19 (1478566325)|ENTERING_MANAGED_PKG|tdc_tsw
16:39:53.19 (1483694736)|SOQL_EXECUTE_BEGIN|[15]|Aggregations:0|SELECT Id, Email FROM User WHERE isActive = TRUE LIMIT 10000
16:39:53.19 (1490166482)|SOQL_EXECUTE_END|[15]|Rows:9
16:39:53.19 (1492978432)|ENTERING_MANAGED_PKG|tdc_tsw
16:39:53.19 (1497668318)|SOQL_EXECUTE_BEGIN|[434]|Aggregations:0|SELECT id, name, First_Question__c, Question_Text__c, Question__c, Question_Label__c, Object__c, tdc_tsw__Survey__c, Survey__r.name FROM Question__c WHERE id = :tmpVar1
16:39:53.19 (1504734718)|SOQL_EXECUTE_END|[434]|Rows:1
16:39:53.19 (1506322991)|ENTERING_MANAGED_PKG|tdc_tsw
16:39:53.19 (1506733728)|ENTERING_MANAGED_PKG|tdc_tsw
16:39:53.19 (1507612590)|ENTERING_MANAGED_PKG|tdc_tsw
16:39:53.19 (1507684607)|ENTERING_MANAGED_PKG|tdc_tsw
16:39:53.19 (1509300834)|DML_BEGIN|[467]|Op:Insert|Type:tdc_tsw__Survey_Response__c|Rows:1
16:39:53.19 (1542545603)|DML_END|[467]
16:39:53.19 (1543289385)|DML_BEGIN|[487]|Op:Update|Type:tdc_tsw__Message__c|Rows:1
16:39:53.19 (1577240585)|DML_END|[487]
16:39:53.19 (1577568881)|ENTERING_MANAGED_PKG|tdc_tsw
16:39:53.19 (1578789019)|SOQL_EXECUTE_BEGIN|[628]|Aggregations:0|Select id, leadId, contactId from CampaignMember where Id In : Ids
16:39:53.19 (1581459575)|SOQL_EXECUTE_END|[628]|Rows:0
16:39:53.582 (1582209745)|CUMULATIVE_LIMIT_USAGE
16:39:53.582 (1582209745)|LIMIT_USAGE_FOR_NS|(default)|
  Number of SOQL queries: 0 out of 200
  Number of query rows: 0 out of 50000
  Number of SOSL queries: 0 out of 20
  Number of DML statements: 0 out of 150
  Number of DML rows: 0 out of 10000
  Maximum CPU time: 702 out of 60000
  Maximum heap size: 0 out of 12000000
  Number of callouts: 0 out of 100
  Number of Email Invocations: 0 out of 10
  Number of future calls: 0 out of 50
  Number of queueable jobs added to the queue: 0 out of 1
  Number of Mobile Apex push calls: 0 out of 10

16:39:53.582 (1582209745)|LIMIT_USAGE_FOR_NS|tdc_tsw|
  Number of SOQL queries: 4 out of 200
  Number of query rows: 11 out of 50000
  Number of SOSL queries: 0 out of 20
  Number of DML statements: 3 out of 150
  Number of DML rows: 3 out of 10000
  Maximum CPU time: 0 out of 60000
  Maximum heap size: 0 out of 12000000
  Number of callouts: 2 out of 100
  Number of Email Invocations: 0 out of 10
  Number of future calls: 0 out of 50
  Number of queueable jobs added to the queue: 0 out of 1
  Number of Mobile Apex push calls: 0 out of 10

16:39:53.582 (1582209745)|CUMULATIVE_LIMIT_USAGE_END

16:39:53.19 (1618376353)|DML_END|[719]
16:39:53.19 (1618556931)|ENTERING_MANAGED_PKG|tdc_tsw
16:39:53.19 (1620956157)|DML_BEGIN|[1467]|Op:Update|Type:tdc_tsw__OrgSMSConfig__c|Rows:1
16:39:53.19 (1644144618)|DML_END|[1467]
