44.0 APEX_CODE,FINEST;APEX_PROFILING,INFO;CALLOUT,INFO;DB,INFO;NBA,INFO;SYSTEM,DEBUG;VALIDATION,INFO;VISUALFORCE,INFO;WAVE,INFO;WORKFLOW,INFO
20:01:23.0 (131200)|USER_INFO|[EXTERNAL]|0051H000009gxp8|chanida.dev2@solvedbysoftwareco.com|Eastern Standard Time|GMT-05:00
20:01:23.0 (1742855)|ENTERING_MANAGED_PKG|tdc_tsw
20:01:23.0 (2204359)|ENTERING_MANAGED_PKG|tdc_tsw
20:01:23.0 (6000073)|SOQL_EXECUTE_BEGIN|[16]|Aggregations:0|SELECT id, name, Disable_Incoming_SMS_Sharing__c FROM User WHERE id = :tmpVar1
20:01:23.0 (12909928)|SOQL_EXECUTE_END|[16]|Rows:1
20:01:23.0 (18404584)|SOQL_EXECUTE_BEGIN|[37]|Aggregations:0|SELECT CreatedDate,Created_Date__c,Id,LastModifiedDate,MessageId__c,Message_Text_New__c,Name,OwnerId,Read__c,Related_Object_Id__c,Related_Object__c,Sender_Number__c, Sender_Name__c,ToNumber__c,Attachments_Ids__c FROM Message__c WHERE Name = 'Incoming' AND Read__c = false ORDER BY CreatedDate Desc limit 100
20:01:23.0 (28303770)|SOQL_EXECUTE_END|[37]|Rows:15
20:01:23.0 (31936656)|ENTERING_MANAGED_PKG|tdc_tsw
20:01:23.0 (33770578)|ENTERING_MANAGED_PKG|tdc_tsw
20:01:23.0 (34300407)|ENTERING_MANAGED_PKG|tdc_tsw
20:01:23.0 (35013242)|ENTERING_MANAGED_PKG|tdc_tsw
20:01:23.0 (37806348)|ENTERING_MANAGED_PKG|tdc_tsw
20:01:23.0 (38605940)|ENTERING_MANAGED_PKG|tdc_tsw
20:01:23.0 (38824568)|ENTERING_MANAGED_PKG|tdc_tsw
20:01:23.0 (39251133)|ENTERING_MANAGED_PKG|tdc_tsw
20:01:23.0 (40404671)|ENTERING_MANAGED_PKG|tdc_tsw
20:01:23.0 (41185900)|ENTERING_MANAGED_PKG|tdc_tsw
20:01:23.0 (41426416)|ENTERING_MANAGED_PKG|tdc_tsw
20:01:23.0 (41838198)|ENTERING_MANAGED_PKG|tdc_tsw
20:01:23.0 (43075832)|ENTERING_MANAGED_PKG|tdc_tsw
20:01:23.0 (43743060)|ENTERING_MANAGED_PKG|tdc_tsw
20:01:23.0 (43825265)|ENTERING_MANAGED_PKG|tdc_tsw
20:01:23.0 (44460933)|SOQL_EXECUTE_BEGIN|[200]|Aggregations:0|SELECT Name, NamespacePrefix, SystemModStamp FROM StaticResource WHERE Name LIKE :tmpVar1 LIMIT 10
20:01:23.0 (48367188)|SOQL_EXECUTE_END|[200]|Rows:1
20:01:23.0 (49199038)|ENTERING_MANAGED_PKG|tdc_tsw
20:01:23.0 (49570584)|SOQL_EXECUTE_BEGIN|[200]|Aggregations:0|SELECT Name, NamespacePrefix, SystemModStamp FROM StaticResource WHERE Name LIKE :tmpVar1 LIMIT 10
20:01:23.0 (51727964)|SOQL_EXECUTE_END|[200]|Rows:1
20:01:23.0 (52137332)|ENTERING_MANAGED_PKG|tdc_tsw
20:01:23.0 (55460957)|ENTERING_MANAGED_PKG|tdc_tsw
20:01:23.0 (56959374)|ENTERING_MANAGED_PKG|tdc_tsw
20:01:23.0 (57281435)|ENTERING_MANAGED_PKG|tdc_tsw
20:01:23.0 (58141087)|ENTERING_MANAGED_PKG|tdc_tsw
20:01:23.0 (58538684)|SOQL_EXECUTE_BEGIN|[200]|Aggregations:0|SELECT Name, NamespacePrefix, SystemModStamp FROM StaticResource WHERE Name LIKE :tmpVar1 LIMIT 10
20:01:23.0 (60926631)|SOQL_EXECUTE_END|[200]|Rows:1
20:01:23.116 (116465766)|USER_INFO|[EXTERNAL]|0051H000009gxp8|chanida.dev2@solvedbysoftwareco.com|Eastern Standard Time|GMT-05:00
20:01:23.116 (117904173)|ENTERING_MANAGED_PKG|tdc_tsw
20:01:23.116 (118137847)|ENTERING_MANAGED_PKG|tdc_tsw
20:01:23.116 (120667052)|SOQL_EXECUTE_BEGIN|[355]|Aggregations:0|SELECT id, name, Disable_Incoming_SMS_Sharing__c FROM User WHERE id = :tmpVar1
20:01:23.116 (126903686)|SOQL_EXECUTE_END|[355]|Rows:1
20:01:23.116 (127868762)|SOQL_EXECUTE_BEGIN|[367]|Aggregations:0|SELECT CreatedDate,Id,LastModifiedDate,Related_Object_Id__c FROM Message__c WHERE Name = 'Incoming' AND Read__c = false ORDER BY CreatedDate Desc limit 100
20:01:23.116 (133489273)|SOQL_EXECUTE_END|[367]|Rows:15
