44.0 APEX_CODE,FINEST;APEX_PROFILING,INFO;CALLOUT,INFO;DB,INFO;NBA,INFO;SYSTEM,DEBUG;VALIDATION,INFO;VISUALFORCE,INFO;WAVE,INFO;WORKFLOW,INFO
17:26:49.0 (145801)|USER_INFO|[EXTERNAL]|0051H000009gxp8|chanida.dev2@solvedbysoftwareco.com|Eastern Standard Time|GMT-05:00
17:26:49.0 (1794255)|ENTERING_MANAGED_PKG|tdc_tsw
17:26:49.0 (2424830)|ENTERING_MANAGED_PKG|tdc_tsw
17:26:49.0 (6609542)|SOQL_EXECUTE_BEGIN|[16]|Aggregations:0|SELECT id, name, Disable_Incoming_SMS_Sharing__c FROM User WHERE id = :tmpVar1
17:26:49.0 (14026734)|SOQL_EXECUTE_END|[16]|Rows:1
17:26:49.0 (19379083)|SOQL_EXECUTE_BEGIN|[37]|Aggregations:0|SELECT CreatedDate,Created_Date__c,Id,LastModifiedDate,MessageId__c,Message_Text_New__c,Name,OwnerId,Read__c,Related_Object_Id__c,Related_Object__c,Sender_Number__c, Sender_Name__c,ToNumber__c,Attachments_Ids__c FROM Message__c WHERE Name = 'Incoming' AND Read__c = false ORDER BY CreatedDate Desc limit 100
17:26:49.0 (33031824)|SOQL_EXECUTE_END|[37]|Rows:57
17:26:49.0 (44691440)|ENTERING_MANAGED_PKG|tdc_tsw
17:26:49.0 (46446524)|ENTERING_MANAGED_PKG|tdc_tsw
17:26:49.0 (46884046)|ENTERING_MANAGED_PKG|tdc_tsw
17:26:49.0 (47565139)|ENTERING_MANAGED_PKG|tdc_tsw
17:26:49.0 (50470802)|ENTERING_MANAGED_PKG|tdc_tsw
17:26:49.0 (51324463)|ENTERING_MANAGED_PKG|tdc_tsw
17:26:49.0 (51615399)|ENTERING_MANAGED_PKG|tdc_tsw
17:26:49.0 (52055287)|ENTERING_MANAGED_PKG|tdc_tsw
17:26:49.0 (53213557)|ENTERING_MANAGED_PKG|tdc_tsw
17:26:49.0 (53995418)|ENTERING_MANAGED_PKG|tdc_tsw
17:26:49.0 (54204821)|ENTERING_MANAGED_PKG|tdc_tsw
17:26:49.0 (54644700)|ENTERING_MANAGED_PKG|tdc_tsw
17:26:49.0 (55745867)|ENTERING_MANAGED_PKG|tdc_tsw
17:26:49.0 (56512338)|ENTERING_MANAGED_PKG|tdc_tsw
17:26:49.0 (56722816)|ENTERING_MANAGED_PKG|tdc_tsw
17:26:49.0 (57124076)|ENTERING_MANAGED_PKG|tdc_tsw
17:26:49.0 (58269375)|ENTERING_MANAGED_PKG|tdc_tsw
17:26:49.0 (59047639)|ENTERING_MANAGED_PKG|tdc_tsw
17:26:49.0 (59284227)|ENTERING_MANAGED_PKG|tdc_tsw
17:26:49.0 (59748756)|ENTERING_MANAGED_PKG|tdc_tsw
17:26:49.0 (60883661)|ENTERING_MANAGED_PKG|tdc_tsw
17:26:49.0 (61665225)|ENTERING_MANAGED_PKG|tdc_tsw
17:26:49.0 (61899818)|ENTERING_MANAGED_PKG|tdc_tsw
17:26:49.0 (62617215)|ENTERING_MANAGED_PKG|tdc_tsw
17:26:49.0 (63985749)|ENTERING_MANAGED_PKG|tdc_tsw
17:26:49.0 (64752901)|ENTERING_MANAGED_PKG|tdc_tsw
17:26:49.0 (64829343)|ENTERING_MANAGED_PKG|tdc_tsw
17:26:49.0 (65368654)|SOQL_EXECUTE_BEGIN|[200]|Aggregations:0|SELECT Name, NamespacePrefix, SystemModStamp FROM StaticResource WHERE Name LIKE :tmpVar1 LIMIT 10
17:26:49.0 (68131772)|SOQL_EXECUTE_END|[200]|Rows:1
17:26:49.0 (68934328)|ENTERING_MANAGED_PKG|tdc_tsw
17:26:49.0 (69308010)|SOQL_EXECUTE_BEGIN|[200]|Aggregations:0|SELECT Name, NamespacePrefix, SystemModStamp FROM StaticResource WHERE Name LIKE :tmpVar1 LIMIT 10
17:26:49.0 (71579764)|SOQL_EXECUTE_END|[200]|Rows:1
17:26:49.0 (71977071)|ENTERING_MANAGED_PKG|tdc_tsw
17:26:49.0 (75841747)|ENTERING_MANAGED_PKG|tdc_tsw
17:26:49.0 (77856151)|ENTERING_MANAGED_PKG|tdc_tsw
17:26:49.0 (78237332)|ENTERING_MANAGED_PKG|tdc_tsw
17:26:49.0 (79208308)|ENTERING_MANAGED_PKG|tdc_tsw
17:26:49.0 (79670976)|SOQL_EXECUTE_BEGIN|[200]|Aggregations:0|SELECT Name, NamespacePrefix, SystemModStamp FROM StaticResource WHERE Name LIKE :tmpVar1 LIMIT 10
17:26:49.0 (82436451)|SOQL_EXECUTE_END|[200]|Rows:1
17:26:49.88 (88209046)|USER_INFO|[EXTERNAL]|0051H000009gxp8|chanida.dev2@solvedbysoftwareco.com|Eastern Standard Time|GMT-05:00
17:26:49.88 (89600532)|ENTERING_MANAGED_PKG|tdc_tsw
17:26:49.88 (89829038)|ENTERING_MANAGED_PKG|tdc_tsw
17:26:49.88 (92609804)|SOQL_EXECUTE_BEGIN|[355]|Aggregations:0|SELECT id, name, Disable_Incoming_SMS_Sharing__c FROM User WHERE id = :tmpVar1
17:26:49.88 (98816721)|SOQL_EXECUTE_END|[355]|Rows:1
17:26:49.88 (99851409)|SOQL_EXECUTE_BEGIN|[367]|Aggregations:0|SELECT CreatedDate,Id,LastModifiedDate,Related_Object_Id__c FROM Message__c WHERE Name = 'Incoming' AND Read__c = false ORDER BY CreatedDate Desc limit 100
17:26:49.88 (106572733)|SOQL_EXECUTE_END|[367]|Rows:57
