44.0 APEX_CODE,FINEST;APEX_PROFILING,INFO;CALLOUT,INFO;DB,INFO;NBA,INFO;SYSTEM,DEBUG;VALIDATION,INFO;VISUALFORCE,INFO;WAVE,INFO;WORKFLOW,INFO
23:07:26.0 (235435)|USER_INFO|[EXTERNAL]|0051H000009gxp8|chanida.dev2@solvedbysoftwareco.com|Eastern Standard Time|GMT-05:00
23:07:26.0 (3266067)|ENTERING_MANAGED_PKG|tdc_tsw
23:07:26.0 (3472970)|ENTERING_MANAGED_PKG|tdc_tsw
23:07:26.0 (10880945)|ENTERING_MANAGED_PKG|tdc_tsw
23:07:26.0 (10943024)|ENTERING_MANAGED_PKG|tdc_tsw
23:07:26.0 (14292321)|ENTERING_MANAGED_PKG|tdc_tsw
23:07:26.0 (19657575)|ENTERING_MANAGED_PKG|tdc_tsw
23:07:26.0 (21311282)|ENTERING_MANAGED_PKG|tdc_tsw
23:07:26.0 (21429546)|ENTERING_MANAGED_PKG|tdc_tsw
23:07:26.0 (23024036)|ENTERING_MANAGED_PKG|tdc_tsw
23:07:26.0 (32692794)|SOQL_EXECUTE_BEGIN|[82]|Aggregations:0|SELECT CreatedDate, Id,Task_Created__c,Event_Created__c,isCaseCreated__c,Task_Id__c,Event_Id__c,Case__c, Important__c, Delivered__c, Message_Text_New__c, Name, Owner.Name, Read__c,MessageId__c, ToNumber__c, Related_Object_Id__c, Related_Object__c, Sender_Number__c, LastModifiedDate, Attachments_Ids__c FROM Message__c WHERE Contact__c =: recordId ORDER BY CreatedDate Desc limit 200
23:07:26.0 (48342175)|SOQL_EXECUTE_END|[82]|Rows:2
23:07:26.0 (54169145)|ENTERING_MANAGED_PKG|tdc_tsw
23:07:26.0 (54647178)|ENTERING_MANAGED_PKG|tdc_tsw
23:07:26.0 (54762844)|ENTERING_MANAGED_PKG|tdc_tsw
23:07:26.0 (55724201)|SOQL_EXECUTE_BEGIN|[200]|Aggregations:0|SELECT Name, NamespacePrefix, SystemModStamp FROM StaticResource WHERE Name LIKE :tmpVar1 LIMIT 10
23:07:26.0 (60300622)|SOQL_EXECUTE_END|[200]|Rows:1
23:07:26.0 (63002971)|ENTERING_MANAGED_PKG|tdc_tsw
23:07:26.0 (64624065)|ENTERING_MANAGED_PKG|tdc_tsw
23:07:26.0 (64675939)|ENTERING_MANAGED_PKG|tdc_tsw
23:07:26.0 (66604375)|ENTERING_MANAGED_PKG|tdc_tsw
23:07:26.0 (67380770)|ENTERING_MANAGED_PKG|tdc_tsw
23:07:26.0 (71833553)|SOQL_EXECUTE_BEGIN|[172]|Aggregations:0|SELECT id, name FROM ChatTranscript__c WHERE (Chat_Active__c = TRUE AND (Related_Object_Id__c = :tmpVar1 OR Related_Object_Id__c = :tmpVar2)) LIMIT 1
23:07:26.0 (76493829)|SOQL_EXECUTE_END|[172]|Rows:0
23:07:26.0 (80553098)|ENTERING_MANAGED_PKG|tdc_tsw
23:07:26.0 (80608465)|ENTERING_MANAGED_PKG|tdc_tsw
