36.0 APEX_CODE,FINEST;APEX_PROFILING,INFO;CALLOUT,INFO;DB,INFO;NBA,INFO;SYSTEM,DEBUG;VALIDATION,INFO;VISUALFORCE,INFO;WAVE,INFO;WORKFLOW,INFO
23:50:36.14 (14991479)|ENTERING_MANAGED_PKG|tdc_tsw
23:50:36.14 (15589155)|ENTERING_MANAGED_PKG|tdc_tsw
23:50:36.14 (16582196)|ENTERING_MANAGED_PKG|tdc_tsw
23:50:36.14 (16904406)|ENTERING_MANAGED_PKG|tdc_tsw
23:50:36.14 (16952227)|ENTERING_MANAGED_PKG|tdc_tsw
23:50:36.14 (31253974)|ENTERING_MANAGED_PKG|tdc_tsw
23:50:36.14 (33394965)|ENTERING_MANAGED_PKG|tdc_tsw
23:50:36.14 (33445384)|ENTERING_MANAGED_PKG|tdc_tsw
23:50:36.14 (33486902)|ENTERING_MANAGED_PKG|tdc_tsw
23:50:36.14 (34157181)|ENTERING_MANAGED_PKG|tdc_tsw
23:50:36.14 (34401050)|ENTERING_MANAGED_PKG|tdc_tsw
23:50:36.14 (34659905)|ENTERING_MANAGED_PKG|tdc_tsw
23:50:36.14 (50370003)|ENTERING_MANAGED_PKG|tdc_tsw
23:50:36.14 (50438188)|ENTERING_MANAGED_PKG|tdc_tsw
23:50:36.14 (50912274)|ENTERING_MANAGED_PKG|tdc_tsw
23:50:36.14 (53099208)|ENTERING_MANAGED_PKG|tdc_tsw
23:50:36.14 (53624831)|ENTERING_MANAGED_PKG|tdc_tsw
23:50:36.14 (53692309)|ENTERING_MANAGED_PKG|tdc_tsw
23:50:36.14 (53774418)|ENTERING_MANAGED_PKG|tdc_tsw
23:50:36.14 (53953431)|ENTERING_MANAGED_PKG|tdc_tsw
23:50:36.14 (54145035)|ENTERING_MANAGED_PKG|tdc_tsw
23:50:36.14 (54676289)|ENTERING_MANAGED_PKG|tdc_tsw
23:50:36.14 (54737979)|ENTERING_MANAGED_PKG|tdc_tsw
23:50:36.14 (54839061)|ENTERING_MANAGED_PKG|tdc_tsw
23:50:36.14 (54930061)|ENTERING_MANAGED_PKG|tdc_tsw
23:50:36.14 (54962575)|ENTERING_MANAGED_PKG|tdc_tsw
23:50:36.14 (55206867)|ENTERING_MANAGED_PKG|tdc_tsw
23:50:36.14 (55279593)|ENTERING_MANAGED_PKG|tdc_tsw
23:50:36.14 (55363614)|ENTERING_MANAGED_PKG|tdc_tsw
23:50:36.14 (55547921)|ENTERING_MANAGED_PKG|tdc_tsw
23:50:36.14 (55625920)|ENTERING_MANAGED_PKG|tdc_tsw
23:50:36.14 (56332528)|ENTERING_MANAGED_PKG|tdc_tsw
23:50:36.14 (56424866)|ENTERING_MANAGED_PKG|tdc_tsw
23:50:36.14 (56520684)|ENTERING_MANAGED_PKG|tdc_tsw
23:50:36.14 (56824190)|ENTERING_MANAGED_PKG|tdc_tsw
23:50:36.14 (56900594)|ENTERING_MANAGED_PKG|tdc_tsw
23:50:36.14 (56984283)|ENTERING_MANAGED_PKG|tdc_tsw
23:50:36.14 (57088937)|ENTERING_MANAGED_PKG|tdc_tsw
23:50:36.14 (57267360)|ENTERING_MANAGED_PKG|tdc_tsw
23:50:36.14 (57460636)|ENTERING_MANAGED_PKG|tdc_tsw
23:50:36.14 (57535794)|ENTERING_MANAGED_PKG|tdc_tsw
23:50:36.14 (57637129)|ENTERING_MANAGED_PKG|tdc_tsw
23:50:36.14 (57714413)|ENTERING_MANAGED_PKG|tdc_tsw
23:50:36.14 (57779544)|ENTERING_MANAGED_PKG|tdc_tsw
23:50:36.14 (57845459)|ENTERING_MANAGED_PKG|tdc_tsw
23:50:36.14 (57928370)|ENTERING_MANAGED_PKG|tdc_tsw
23:50:36.14 (58093515)|ENTERING_MANAGED_PKG|tdc_tsw
23:50:36.14 (58277401)|ENTERING_MANAGED_PKG|tdc_tsw
23:50:36.14 (58332955)|ENTERING_MANAGED_PKG|tdc_tsw
23:50:36.14 (58511964)|ENTERING_MANAGED_PKG|tdc_tsw
23:50:36.14 (58623601)|ENTERING_MANAGED_PKG|tdc_tsw
23:50:36.14 (58743456)|ENTERING_MANAGED_PKG|tdc_tsw
23:50:36.14 (58789776)|ENTERING_MANAGED_PKG|tdc_tsw
23:50:36.14 (58844385)|ENTERING_MANAGED_PKG|tdc_tsw
23:50:36.14 (59206587)|ENTERING_MANAGED_PKG|tdc_tsw
23:50:36.14 (209112613)|ENTERING_MANAGED_PKG|tdc_tsw
23:50:36.14 (209246061)|ENTERING_MANAGED_PKG|tdc_tsw
23:50:36.14 (210228877)|ENTERING_MANAGED_PKG|tdc_tsw
23:50:36.14 (210298928)|ENTERING_MANAGED_PKG|tdc_tsw
23:50:36.14 (210380027)|ENTERING_MANAGED_PKG|tdc_tsw
23:50:36.14 (210461847)|ENTERING_MANAGED_PKG|tdc_tsw
23:50:36.14 (210505603)|ENTERING_MANAGED_PKG|tdc_tsw
23:50:36.14 (210545039)|ENTERING_MANAGED_PKG|tdc_tsw
23:50:36.14 (210603006)|ENTERING_MANAGED_PKG|tdc_tsw
23:50:36.14 (210644643)|ENTERING_MANAGED_PKG|tdc_tsw
23:50:36.14 (210679147)|ENTERING_MANAGED_PKG|tdc_tsw
23:50:36.14 (210752914)|ENTERING_MANAGED_PKG|tdc_tsw
23:50:36.14 (210801856)|ENTERING_MANAGED_PKG|tdc_tsw
23:50:36.14 (210848302)|ENTERING_MANAGED_PKG|tdc_tsw
23:50:36.14 (211136004)|ENTERING_MANAGED_PKG|tdc_tsw
23:50:36.14 (211517856)|ENTERING_MANAGED_PKG|tdc_tsw
23:50:36.14 (211883158)|ENTERING_MANAGED_PKG|tdc_tsw
23:50:36.14 (221007478)|ENTERING_MANAGED_PKG|tdc_tsw
23:50:36.14 (222078261)|ENTERING_MANAGED_PKG|tdc_tsw
23:50:36.14 (222178861)|ENTERING_MANAGED_PKG|tdc_tsw
23:50:36.14 (222236601)|ENTERING_MANAGED_PKG|tdc_tsw
23:50:36.14 (222327375)|ENTERING_MANAGED_PKG|tdc_tsw
23:50:36.14 (222401816)|ENTERING_MANAGED_PKG|tdc_tsw
23:50:36.14 (222558362)|ENTERING_MANAGED_PKG|tdc_tsw
23:50:36.14 (223082422)|ENTERING_MANAGED_PKG|tdc_tsw
23:50:36.14 (223146464)|ENTERING_MANAGED_PKG|tdc_tsw
23:50:36.14 (223426934)|ENTERING_MANAGED_PKG|tdc_tsw
23:50:36.14 (223486683)|ENTERING_MANAGED_PKG|tdc_tsw
23:50:36.14 (223825897)|ENTERING_MANAGED_PKG|tdc_tsw
23:50:36.14 (223897736)|ENTERING_MANAGED_PKG|tdc_tsw
23:50:36.14 (223949322)|ENTERING_MANAGED_PKG|tdc_tsw
23:50:36.14 (223991216)|ENTERING_MANAGED_PKG|tdc_tsw
23:50:36.14 (224040474)|ENTERING_MANAGED_PKG|tdc_tsw
23:50:36.14 (224133522)|ENTERING_MANAGED_PKG|tdc_tsw
23:50:36.14 (224240700)|ENTERING_MANAGED_PKG|tdc_tsw
23:50:36.14 (224275310)|ENTERING_MANAGED_PKG|tdc_tsw
23:50:36.14 (224328077)|ENTERING_MANAGED_PKG|tdc_tsw
23:50:36.14 (224531238)|ENTERING_MANAGED_PKG|tdc_tsw
23:50:36.14 (224574298)|ENTERING_MANAGED_PKG|tdc_tsw
23:50:36.14 (224627409)|ENTERING_MANAGED_PKG|tdc_tsw
23:50:36.14 (224674294)|ENTERING_MANAGED_PKG|tdc_tsw
23:50:36.14 (224723765)|ENTERING_MANAGED_PKG|tdc_tsw
23:50:36.14 (224789337)|ENTERING_MANAGED_PKG|tdc_tsw
23:50:36.14 (224839096)|ENTERING_MANAGED_PKG|tdc_tsw
23:50:36.14 (224912901)|ENTERING_MANAGED_PKG|tdc_tsw
23:50:36.14 (224959146)|ENTERING_MANAGED_PKG|tdc_tsw
23:50:36.14 (225156618)|ENTERING_MANAGED_PKG|tdc_tsw
23:50:36.14 (225304206)|ENTERING_MANAGED_PKG|tdc_tsw
23:50:36.14 (225410532)|ENTERING_MANAGED_PKG|tdc_tsw
23:50:36.14 (225485573)|ENTERING_MANAGED_PKG|tdc_tsw
23:50:36.14 (225616554)|ENTERING_MANAGED_PKG|tdc_tsw
23:50:36.14 (492693176)|ENTERING_MANAGED_PKG|tdc_tsw
23:50:36.14 (493149727)|ENTERING_MANAGED_PKG|tdc_tsw
23:50:36.14 (493189575)|ENTERING_MANAGED_PKG|tdc_tsw
23:50:36.14 (493243308)|ENTERING_MANAGED_PKG|tdc_tsw
23:50:36.14 (493295817)|ENTERING_MANAGED_PKG|tdc_tsw
23:50:36.14 (493321677)|ENTERING_MANAGED_PKG|tdc_tsw
23:50:36.14 (493342885)|ENTERING_MANAGED_PKG|tdc_tsw
23:50:36.14 (493377134)|ENTERING_MANAGED_PKG|tdc_tsw
23:50:36.14 (493400336)|ENTERING_MANAGED_PKG|tdc_tsw
23:50:36.14 (493419788)|ENTERING_MANAGED_PKG|tdc_tsw
23:50:36.14 (493478782)|ENTERING_MANAGED_PKG|tdc_tsw
23:50:36.14 (493544887)|ENTERING_MANAGED_PKG|tdc_tsw
23:50:36.14 (493588919)|ENTERING_MANAGED_PKG|tdc_tsw
23:50:36.14 (493681087)|ENTERING_MANAGED_PKG|tdc_tsw
23:50:36.14 (493788599)|ENTERING_MANAGED_PKG|tdc_tsw
23:50:36.14 (497978260)|ENTERING_MANAGED_PKG|tdc_tsw
23:50:36.14 (498599930)|ENTERING_MANAGED_PKG|tdc_tsw
23:50:36.14 (505434275)|ENTERING_MANAGED_PKG|tdc_tsw
23:50:36.14 (506417302)|ENTERING_MANAGED_PKG|tdc_tsw
23:50:36.14 (516909550)|ENTERING_MANAGED_PKG|tdc_tsw
23:50:36.14 (518449614)|ENTERING_MANAGED_PKG|tdc_tsw
23:50:36.14 (529530074)|ENTERING_MANAGED_PKG|tdc_tsw
23:50:36.14 (531120598)|ENTERING_MANAGED_PKG|tdc_tsw
23:50:36.14 (541186056)|ENTERING_MANAGED_PKG|tdc_tsw
23:50:36.14 (542499747)|ENTERING_MANAGED_PKG|tdc_tsw
23:50:36.14 (551434772)|ENTERING_MANAGED_PKG|tdc_tsw
23:50:36.14 (552653362)|ENTERING_MANAGED_PKG|tdc_tsw
23:50:36.14 (560728553)|ENTERING_MANAGED_PKG|tdc_tsw
23:50:36.14 (561956215)|ENTERING_MANAGED_PKG|tdc_tsw
23:50:36.14 (570213968)|ENTERING_MANAGED_PKG|tdc_tsw
23:50:36.14 (571421935)|ENTERING_MANAGED_PKG|tdc_tsw
23:50:36.14 (577900791)|ENTERING_MANAGED_PKG|tdc_tsw
23:50:36.14 (578859894)|ENTERING_MANAGED_PKG|tdc_tsw
23:50:36.14 (585338267)|ENTERING_MANAGED_PKG|tdc_tsw
23:50:36.14 (586293329)|ENTERING_MANAGED_PKG|tdc_tsw
23:50:36.14 (592556545)|ENTERING_MANAGED_PKG|tdc_tsw
23:50:36.14 (593530871)|ENTERING_MANAGED_PKG|tdc_tsw
23:50:36.14 (599740566)|ENTERING_MANAGED_PKG|tdc_tsw
23:50:36.14 (600657570)|ENTERING_MANAGED_PKG|tdc_tsw
23:50:36.14 (607160271)|ENTERING_MANAGED_PKG|tdc_tsw
23:50:36.14 (608216330)|ENTERING_MANAGED_PKG|tdc_tsw
23:50:36.14 (614841531)|ENTERING_MANAGED_PKG|tdc_tsw
23:50:36.14 (615807052)|ENTERING_MANAGED_PKG|tdc_tsw
23:50:36.14 (622516098)|ENTERING_MANAGED_PKG|tdc_tsw
23:50:36.14 (623520608)|ENTERING_MANAGED_PKG|tdc_tsw
23:50:36.14 (629684064)|ENTERING_MANAGED_PKG|tdc_tsw
23:50:36.14 (630585826)|ENTERING_MANAGED_PKG|tdc_tsw
23:50:36.14 (636749131)|ENTERING_MANAGED_PKG|tdc_tsw
23:50:36.14 (637646800)|ENTERING_MANAGED_PKG|tdc_tsw
23:50:36.14 (643811735)|ENTERING_MANAGED_PKG|tdc_tsw
23:50:36.14 (644708720)|ENTERING_MANAGED_PKG|tdc_tsw
23:50:36.14 (650856170)|ENTERING_MANAGED_PKG|tdc_tsw
23:50:36.14 (651754064)|ENTERING_MANAGED_PKG|tdc_tsw
23:50:36.14 (657907401)|ENTERING_MANAGED_PKG|tdc_tsw
23:50:36.14 (658802143)|ENTERING_MANAGED_PKG|tdc_tsw
23:50:36.14 (664960995)|ENTERING_MANAGED_PKG|tdc_tsw
23:50:36.14 (665857071)|ENTERING_MANAGED_PKG|tdc_tsw
23:50:36.14 (671998744)|ENTERING_MANAGED_PKG|tdc_tsw
23:50:36.14 (672892013)|ENTERING_MANAGED_PKG|tdc_tsw
23:50:36.14 (679061422)|ENTERING_MANAGED_PKG|tdc_tsw
23:50:36.14 (679954120)|ENTERING_MANAGED_PKG|tdc_tsw
23:50:36.14 (686122543)|ENTERING_MANAGED_PKG|tdc_tsw
23:50:36.14 (687011096)|ENTERING_MANAGED_PKG|tdc_tsw
23:50:36.14 (693467875)|ENTERING_MANAGED_PKG|tdc_tsw
23:50:36.14 (694362970)|ENTERING_MANAGED_PKG|tdc_tsw
23:50:36.14 (700524989)|ENTERING_MANAGED_PKG|tdc_tsw
23:50:36.14 (701424330)|ENTERING_MANAGED_PKG|tdc_tsw
23:50:36.14 (707582033)|ENTERING_MANAGED_PKG|tdc_tsw
23:50:36.14 (708478109)|ENTERING_MANAGED_PKG|tdc_tsw
23:50:36.14 (714654510)|ENTERING_MANAGED_PKG|tdc_tsw
23:50:36.14 (715558177)|ENTERING_MANAGED_PKG|tdc_tsw
23:50:36.14 (721708035)|ENTERING_MANAGED_PKG|tdc_tsw
23:50:36.14 (722601590)|ENTERING_MANAGED_PKG|tdc_tsw
23:50:36.14 (728758889)|ENTERING_MANAGED_PKG|tdc_tsw
23:50:36.14 (729657931)|ENTERING_MANAGED_PKG|tdc_tsw
23:50:36.14 (735809586)|ENTERING_MANAGED_PKG|tdc_tsw
23:50:36.14 (736712302)|ENTERING_MANAGED_PKG|tdc_tsw
23:50:36.14 (743193607)|ENTERING_MANAGED_PKG|tdc_tsw
23:50:36.14 (744089600)|ENTERING_MANAGED_PKG|tdc_tsw
23:50:36.14 (750252764)|ENTERING_MANAGED_PKG|tdc_tsw
23:50:36.14 (751156393)|ENTERING_MANAGED_PKG|tdc_tsw
23:50:36.14 (757329117)|ENTERING_MANAGED_PKG|tdc_tsw
23:50:36.14 (758225505)|ENTERING_MANAGED_PKG|tdc_tsw
23:50:36.14 (764385828)|ENTERING_MANAGED_PKG|tdc_tsw
23:50:36.14 (765282718)|ENTERING_MANAGED_PKG|tdc_tsw
23:50:36.14 (771439681)|ENTERING_MANAGED_PKG|tdc_tsw
23:50:36.14 (772343483)|ENTERING_MANAGED_PKG|tdc_tsw
23:50:36.14 (778501166)|ENTERING_MANAGED_PKG|tdc_tsw
23:50:36.14 (779396109)|ENTERING_MANAGED_PKG|tdc_tsw
23:50:36.14 (785599061)|ENTERING_MANAGED_PKG|tdc_tsw
23:50:36.14 (786495965)|ENTERING_MANAGED_PKG|tdc_tsw
23:50:36.14 (792657611)|ENTERING_MANAGED_PKG|tdc_tsw
23:50:36.14 (793554695)|ENTERING_MANAGED_PKG|tdc_tsw
23:50:36.14 (830169624)|ENTERING_MANAGED_PKG|tdc_tsw
23:50:36.14 (831166277)|ENTERING_MANAGED_PKG|tdc_tsw
23:50:36.14 (838192458)|ENTERING_MANAGED_PKG|tdc_tsw
23:50:36.14 (839216498)|ENTERING_MANAGED_PKG|tdc_tsw
23:50:36.14 (845678057)|ENTERING_MANAGED_PKG|tdc_tsw
23:50:36.14 (846604436)|ENTERING_MANAGED_PKG|tdc_tsw
23:50:36.14 (853098169)|ENTERING_MANAGED_PKG|tdc_tsw
23:50:36.14 (854018398)|ENTERING_MANAGED_PKG|tdc_tsw
23:50:36.14 (860517054)|ENTERING_MANAGED_PKG|tdc_tsw
23:50:36.14 (861475120)|ENTERING_MANAGED_PKG|tdc_tsw
23:50:36.14 (868252733)|ENTERING_MANAGED_PKG|tdc_tsw
23:50:36.14 (869277240)|ENTERING_MANAGED_PKG|tdc_tsw
23:50:36.14 (876063109)|ENTERING_MANAGED_PKG|tdc_tsw
23:50:36.14 (876982988)|ENTERING_MANAGED_PKG|tdc_tsw
23:50:36.14 (885125242)|ENTERING_MANAGED_PKG|tdc_tsw
23:50:36.14 (886090818)|ENTERING_MANAGED_PKG|tdc_tsw
23:50:36.14 (892373615)|ENTERING_MANAGED_PKG|tdc_tsw
23:50:36.14 (893289821)|ENTERING_MANAGED_PKG|tdc_tsw
23:50:36.14 (899771159)|ENTERING_MANAGED_PKG|tdc_tsw
23:50:36.14 (900810870)|ENTERING_MANAGED_PKG|tdc_tsw
23:50:36.14 (907391989)|ENTERING_MANAGED_PKG|tdc_tsw
23:50:36.14 (908364750)|ENTERING_MANAGED_PKG|tdc_tsw
23:50:36.14 (915106475)|ENTERING_MANAGED_PKG|tdc_tsw
23:50:36.14 (917869721)|ENTERING_MANAGED_PKG|tdc_tsw
23:50:36.14 (918104746)|ENTERING_MANAGED_PKG|tdc_tsw
23:50:36.14 (918226781)|ENTERING_MANAGED_PKG|tdc_tsw
23:50:36.14 (918342156)|ENTERING_MANAGED_PKG|tdc_tsw
23:50:36.14 (918419387)|ENTERING_MANAGED_PKG|tdc_tsw
23:50:36.14 (918465291)|ENTERING_MANAGED_PKG|tdc_tsw
23:50:36.14 (918582900)|ENTERING_MANAGED_PKG|tdc_tsw
23:50:36.14 (918629650)|ENTERING_MANAGED_PKG|tdc_tsw
23:50:36.14 (918704632)|ENTERING_MANAGED_PKG|tdc_tsw
23:50:36.14 (918820907)|ENTERING_MANAGED_PKG|tdc_tsw
23:50:36.14 (920272102)|ENTERING_MANAGED_PKG|tdc_tsw
23:50:36.14 (920673689)|ENTERING_MANAGED_PKG|tdc_tsw
23:50:36.14 (927122211)|ENTERING_MANAGED_PKG|tdc_tsw
23:50:36.14 (928059304)|ENTERING_MANAGED_PKG|tdc_tsw
23:50:36.14 (934715144)|ENTERING_MANAGED_PKG|tdc_tsw
23:50:36.14 (935720112)|ENTERING_MANAGED_PKG|tdc_tsw
23:50:36.14 (945700490)|ENTERING_MANAGED_PKG|tdc_tsw
23:50:36.14 (946762219)|ENTERING_MANAGED_PKG|tdc_tsw
23:50:36.14 (953148428)|ENTERING_MANAGED_PKG|tdc_tsw
23:50:36.14 (954067546)|ENTERING_MANAGED_PKG|tdc_tsw
23:50:36.14 (960512217)|ENTERING_MANAGED_PKG|tdc_tsw
23:50:36.14 (961463229)|ENTERING_MANAGED_PKG|tdc_tsw
23:50:36.14 (971847845)|ENTERING_MANAGED_PKG|tdc_tsw
23:50:36.14 (973386639)|ENTERING_MANAGED_PKG|tdc_tsw
23:50:36.14 (984162604)|ENTERING_MANAGED_PKG|tdc_tsw
23:50:36.14 (985716666)|ENTERING_MANAGED_PKG|tdc_tsw
23:50:36.14 (995926544)|ENTERING_MANAGED_PKG|tdc_tsw
23:50:36.14 (997226676)|ENTERING_MANAGED_PKG|tdc_tsw
23:50:36.14 (1006050589)|ENTERING_MANAGED_PKG|tdc_tsw
23:50:36.14 (1007215723)|ENTERING_MANAGED_PKG|tdc_tsw
23:50:37.15 (1015130044)|ENTERING_MANAGED_PKG|tdc_tsw
23:50:37.15 (1016291568)|ENTERING_MANAGED_PKG|tdc_tsw
23:50:37.15 (1024208797)|ENTERING_MANAGED_PKG|tdc_tsw
23:50:37.15 (1025359075)|ENTERING_MANAGED_PKG|tdc_tsw
23:50:37.15 (1032001241)|ENTERING_MANAGED_PKG|tdc_tsw
23:50:37.15 (1032929822)|ENTERING_MANAGED_PKG|tdc_tsw
23:50:37.15 (1039340670)|ENTERING_MANAGED_PKG|tdc_tsw
23:50:37.15 (1040276046)|ENTERING_MANAGED_PKG|tdc_tsw
23:50:37.15 (1047146794)|ENTERING_MANAGED_PKG|tdc_tsw
23:50:37.15 (1048086004)|ENTERING_MANAGED_PKG|tdc_tsw
23:50:37.15 (1054425492)|ENTERING_MANAGED_PKG|tdc_tsw
23:50:37.15 (1055358464)|ENTERING_MANAGED_PKG|tdc_tsw
23:50:37.15 (1062240138)|ENTERING_MANAGED_PKG|tdc_tsw
23:50:37.15 (1063168217)|ENTERING_MANAGED_PKG|tdc_tsw
23:50:37.15 (1070314237)|ENTERING_MANAGED_PKG|tdc_tsw
23:50:37.15 (1071290412)|ENTERING_MANAGED_PKG|tdc_tsw
23:50:37.15 (1077997513)|ENTERING_MANAGED_PKG|tdc_tsw
23:50:37.15 (1078998253)|ENTERING_MANAGED_PKG|tdc_tsw
23:50:37.15 (1086172729)|ENTERING_MANAGED_PKG|tdc_tsw
23:50:37.15 (1087104553)|ENTERING_MANAGED_PKG|tdc_tsw
23:50:37.15 (1094735115)|ENTERING_MANAGED_PKG|tdc_tsw
23:50:37.15 (1096152543)|ENTERING_MANAGED_PKG|tdc_tsw
23:50:37.15 (1102965003)|ENTERING_MANAGED_PKG|tdc_tsw
23:50:37.15 (1103903936)|ENTERING_MANAGED_PKG|tdc_tsw
23:50:37.15 (1110440542)|ENTERING_MANAGED_PKG|tdc_tsw
23:50:37.15 (1111427026)|ENTERING_MANAGED_PKG|tdc_tsw
23:50:37.15 (1118297590)|ENTERING_MANAGED_PKG|tdc_tsw
23:50:37.15 (1119285639)|ENTERING_MANAGED_PKG|tdc_tsw
23:50:37.15 (1125697889)|ENTERING_MANAGED_PKG|tdc_tsw
23:50:37.15 (1126624744)|ENTERING_MANAGED_PKG|tdc_tsw
23:50:37.15 (1133083922)|ENTERING_MANAGED_PKG|tdc_tsw
23:50:37.15 (1133999068)|ENTERING_MANAGED_PKG|tdc_tsw
23:50:37.15 (1140377517)|ENTERING_MANAGED_PKG|tdc_tsw
23:50:37.15 (1141422297)|ENTERING_MANAGED_PKG|tdc_tsw
23:50:37.15 (1148594699)|ENTERING_MANAGED_PKG|tdc_tsw
23:50:37.15 (1150208952)|ENTERING_MANAGED_PKG|tdc_tsw
23:50:37.15 (1157541852)|ENTERING_MANAGED_PKG|tdc_tsw
23:50:37.15 (1158550800)|ENTERING_MANAGED_PKG|tdc_tsw
23:50:37.15 (1165901508)|ENTERING_MANAGED_PKG|tdc_tsw
23:50:37.15 (1166857756)|ENTERING_MANAGED_PKG|tdc_tsw
23:50:37.15 (1173294044)|ENTERING_MANAGED_PKG|tdc_tsw
23:50:37.15 (1174290060)|ENTERING_MANAGED_PKG|tdc_tsw
23:50:37.15 (1180761923)|ENTERING_MANAGED_PKG|tdc_tsw
23:50:37.15 (1181686930)|ENTERING_MANAGED_PKG|tdc_tsw
23:50:37.15 (1188150040)|ENTERING_MANAGED_PKG|tdc_tsw
23:50:37.15 (1189067463)|ENTERING_MANAGED_PKG|tdc_tsw
23:50:37.15 (1196264077)|ENTERING_MANAGED_PKG|tdc_tsw
23:50:37.15 (1197396611)|ENTERING_MANAGED_PKG|tdc_tsw
23:50:37.15 (1203648733)|ENTERING_MANAGED_PKG|tdc_tsw
23:50:37.15 (1204559450)|ENTERING_MANAGED_PKG|tdc_tsw
23:50:37.15 (1210811308)|ENTERING_MANAGED_PKG|tdc_tsw
23:50:37.15 (1211719514)|ENTERING_MANAGED_PKG|tdc_tsw
23:50:37.15 (1218325941)|ENTERING_MANAGED_PKG|tdc_tsw
23:50:37.15 (1219240881)|ENTERING_MANAGED_PKG|tdc_tsw
23:50:37.15 (1225468598)|ENTERING_MANAGED_PKG|tdc_tsw
23:50:37.15 (1226376404)|ENTERING_MANAGED_PKG|tdc_tsw
23:50:37.15 (1232764026)|ENTERING_MANAGED_PKG|tdc_tsw
23:50:37.15 (1233691496)|ENTERING_MANAGED_PKG|tdc_tsw
23:50:37.15 (1240269925)|ENTERING_MANAGED_PKG|tdc_tsw
23:50:37.15 (1241181276)|ENTERING_MANAGED_PKG|tdc_tsw
23:50:37.15 (1247423414)|ENTERING_MANAGED_PKG|tdc_tsw
23:50:37.15 (1248340375)|ENTERING_MANAGED_PKG|tdc_tsw
23:50:37.15 (1254603629)|ENTERING_MANAGED_PKG|tdc_tsw
23:50:37.15 (1255511511)|ENTERING_MANAGED_PKG|tdc_tsw
23:50:37.15 (1261734045)|ENTERING_MANAGED_PKG|tdc_tsw
23:50:37.15 (1262638504)|ENTERING_MANAGED_PKG|tdc_tsw
23:50:37.15 (1269215326)|ENTERING_MANAGED_PKG|tdc_tsw
23:50:37.15 (1270334669)|ENTERING_MANAGED_PKG|tdc_tsw
23:50:37.15 (1278175103)|ENTERING_MANAGED_PKG|tdc_tsw
23:50:37.15 (1279315668)|ENTERING_MANAGED_PKG|tdc_tsw
23:50:37.15 (1287105940)|ENTERING_MANAGED_PKG|tdc_tsw
23:50:37.15 (1288232853)|ENTERING_MANAGED_PKG|tdc_tsw
23:50:37.15 (1295750056)|ENTERING_MANAGED_PKG|tdc_tsw
23:50:37.15 (1296815302)|ENTERING_MANAGED_PKG|tdc_tsw
23:50:37.15 (1303828190)|ENTERING_MANAGED_PKG|tdc_tsw
23:50:37.15 (1304917697)|ENTERING_MANAGED_PKG|tdc_tsw
23:50:37.15 (1311298636)|ENTERING_MANAGED_PKG|tdc_tsw
23:50:37.15 (1312248582)|ENTERING_MANAGED_PKG|tdc_tsw
23:50:37.15 (1319575318)|ENTERING_MANAGED_PKG|tdc_tsw
23:50:37.15 (1320729317)|ENTERING_MANAGED_PKG|tdc_tsw
23:50:37.15 (1329406004)|ENTERING_MANAGED_PKG|tdc_tsw
23:50:37.15 (1332939198)|ENTERING_MANAGED_PKG|tdc_tsw
23:50:37.15 (1333148394)|ENTERING_MANAGED_PKG|tdc_tsw
23:50:37.15 (1333480879)|ENTERING_MANAGED_PKG|tdc_tsw
23:50:37.15 (1333556932)|ENTERING_MANAGED_PKG|tdc_tsw
23:50:37.15 (1333624586)|ENTERING_MANAGED_PKG|tdc_tsw
23:50:37.15 (1333669731)|ENTERING_MANAGED_PKG|tdc_tsw
23:50:37.15 (1333705751)|ENTERING_MANAGED_PKG|tdc_tsw
23:50:37.15 (1333808241)|ENTERING_MANAGED_PKG|tdc_tsw
23:50:37.15 (1334018720)|ENTERING_MANAGED_PKG|tdc_tsw
23:50:37.15 (1334057141)|ENTERING_MANAGED_PKG|tdc_tsw
23:50:37.15 (1334103631)|ENTERING_MANAGED_PKG|tdc_tsw
23:50:37.15 (1334168309)|ENTERING_MANAGED_PKG|tdc_tsw
23:50:37.15 (1334203501)|ENTERING_MANAGED_PKG|tdc_tsw
23:50:37.15 (1334288515)|ENTERING_MANAGED_PKG|tdc_tsw
23:50:37.15 (1334463689)|ENTERING_MANAGED_PKG|tdc_tsw
23:50:37.15 (1334496059)|ENTERING_MANAGED_PKG|tdc_tsw
23:50:37.15 (1334533896)|ENTERING_MANAGED_PKG|tdc_tsw
23:50:37.15 (1334568362)|ENTERING_MANAGED_PKG|tdc_tsw
23:50:37.15 (1334596119)|ENTERING_MANAGED_PKG|tdc_tsw
23:50:37.15 (1334676867)|ENTERING_MANAGED_PKG|tdc_tsw
23:50:37.15 (1334846500)|ENTERING_MANAGED_PKG|tdc_tsw
23:50:37.15 (1334878548)|ENTERING_MANAGED_PKG|tdc_tsw
23:50:37.15 (1334916371)|ENTERING_MANAGED_PKG|tdc_tsw
23:50:37.15 (1334950626)|ENTERING_MANAGED_PKG|tdc_tsw
23:50:37.15 (1334977704)|ENTERING_MANAGED_PKG|tdc_tsw
23:50:37.15 (1335065056)|ENTERING_MANAGED_PKG|tdc_tsw
23:50:37.15 (1335235735)|ENTERING_MANAGED_PKG|tdc_tsw
23:50:37.15 (1335266924)|ENTERING_MANAGED_PKG|tdc_tsw
23:50:37.15 (1335304108)|ENTERING_MANAGED_PKG|tdc_tsw
23:50:37.15 (1335337889)|ENTERING_MANAGED_PKG|tdc_tsw
23:50:37.15 (1335365197)|ENTERING_MANAGED_PKG|tdc_tsw
23:50:37.15 (1335444497)|ENTERING_MANAGED_PKG|tdc_tsw
23:50:37.15 (1335610613)|ENTERING_MANAGED_PKG|tdc_tsw
23:50:37.15 (1335642224)|ENTERING_MANAGED_PKG|tdc_tsw
23:50:37.15 (1335679250)|ENTERING_MANAGED_PKG|tdc_tsw
23:50:37.15 (1335713379)|ENTERING_MANAGED_PKG|tdc_tsw
23:50:37.15 (1335740870)|ENTERING_MANAGED_PKG|tdc_tsw
23:50:37.15 (1335820117)|ENTERING_MANAGED_PKG|tdc_tsw
23:50:37.15 (1335985434)|ENTERING_MANAGED_PKG|tdc_tsw
23:50:37.15 (1336016738)|ENTERING_MANAGED_PKG|tdc_tsw
23:50:37.15 (1336060682)|ENTERING_MANAGED_PKG|tdc_tsw
23:50:37.15 (1336097414)|ENTERING_MANAGED_PKG|tdc_tsw
23:50:37.15 (1336124808)|ENTERING_MANAGED_PKG|tdc_tsw
23:50:37.15 (1336203897)|ENTERING_MANAGED_PKG|tdc_tsw
23:50:37.15 (1336368932)|ENTERING_MANAGED_PKG|tdc_tsw
23:50:37.15 (1336400548)|ENTERING_MANAGED_PKG|tdc_tsw
23:50:37.15 (1336437035)|ENTERING_MANAGED_PKG|tdc_tsw
23:50:37.15 (1336471309)|ENTERING_MANAGED_PKG|tdc_tsw
23:50:37.15 (1336498368)|ENTERING_MANAGED_PKG|tdc_tsw
23:50:37.15 (1336584590)|ENTERING_MANAGED_PKG|tdc_tsw
23:50:37.15 (1336808548)|ENTERING_MANAGED_PKG|tdc_tsw
23:50:37.15 (1336841759)|ENTERING_MANAGED_PKG|tdc_tsw
23:50:37.15 (1336879785)|ENTERING_MANAGED_PKG|tdc_tsw
23:50:37.15 (1336921636)|ENTERING_MANAGED_PKG|tdc_tsw
23:50:37.15 (1336950806)|ENTERING_MANAGED_PKG|tdc_tsw
23:50:37.15 (1337031772)|ENTERING_MANAGED_PKG|tdc_tsw
23:50:37.15 (1337209010)|ENTERING_MANAGED_PKG|tdc_tsw
23:50:37.15 (1337240175)|ENTERING_MANAGED_PKG|tdc_tsw
23:50:37.15 (1337277320)|ENTERING_MANAGED_PKG|tdc_tsw
23:50:37.15 (1337311228)|ENTERING_MANAGED_PKG|tdc_tsw
23:50:37.15 (1337338306)|ENTERING_MANAGED_PKG|tdc_tsw
23:50:37.15 (1337416398)|ENTERING_MANAGED_PKG|tdc_tsw
23:50:37.15 (1337581250)|ENTERING_MANAGED_PKG|tdc_tsw
23:50:37.15 (1337612452)|ENTERING_MANAGED_PKG|tdc_tsw
23:50:37.15 (1337649067)|ENTERING_MANAGED_PKG|tdc_tsw
23:50:37.15 (1337682968)|ENTERING_MANAGED_PKG|tdc_tsw
23:50:37.15 (1337710187)|ENTERING_MANAGED_PKG|tdc_tsw
23:50:37.15 (1337789046)|ENTERING_MANAGED_PKG|tdc_tsw
23:50:37.15 (1337953236)|ENTERING_MANAGED_PKG|tdc_tsw
23:50:37.15 (1337984543)|ENTERING_MANAGED_PKG|tdc_tsw
23:50:37.15 (1338021686)|ENTERING_MANAGED_PKG|tdc_tsw
23:50:37.15 (1338063155)|ENTERING_MANAGED_PKG|tdc_tsw
23:50:37.15 (1338091894)|ENTERING_MANAGED_PKG|tdc_tsw
23:50:37.15 (1338172039)|ENTERING_MANAGED_PKG|tdc_tsw
23:50:37.15 (1338337121)|ENTERING_MANAGED_PKG|tdc_tsw
23:50:37.15 (1338368377)|ENTERING_MANAGED_PKG|tdc_tsw
23:50:37.15 (1338404957)|ENTERING_MANAGED_PKG|tdc_tsw
23:50:37.15 (1338439076)|ENTERING_MANAGED_PKG|tdc_tsw
23:50:37.15 (1338466226)|ENTERING_MANAGED_PKG|tdc_tsw
23:50:37.15 (1338544450)|ENTERING_MANAGED_PKG|tdc_tsw
23:50:37.15 (1338708267)|ENTERING_MANAGED_PKG|tdc_tsw
23:50:37.15 (1338739911)|ENTERING_MANAGED_PKG|tdc_tsw
23:50:37.15 (1338777456)|ENTERING_MANAGED_PKG|tdc_tsw
23:50:37.15 (1338811743)|ENTERING_MANAGED_PKG|tdc_tsw
23:50:37.15 (1338838731)|ENTERING_MANAGED_PKG|tdc_tsw
23:50:37.15 (1338917103)|ENTERING_MANAGED_PKG|tdc_tsw
23:50:37.15 (1339087145)|ENTERING_MANAGED_PKG|tdc_tsw
23:50:37.15 (1339119330)|ENTERING_MANAGED_PKG|tdc_tsw
23:50:37.15 (1339156136)|ENTERING_MANAGED_PKG|tdc_tsw
23:50:37.15 (1339189678)|ENTERING_MANAGED_PKG|tdc_tsw
23:50:37.15 (1339217148)|ENTERING_MANAGED_PKG|tdc_tsw
23:50:37.15 (1339295840)|ENTERING_MANAGED_PKG|tdc_tsw
23:50:37.15 (1339460662)|ENTERING_MANAGED_PKG|tdc_tsw
23:50:37.15 (1339491921)|ENTERING_MANAGED_PKG|tdc_tsw
23:50:37.15 (1339528614)|ENTERING_MANAGED_PKG|tdc_tsw
23:50:37.15 (1339562597)|ENTERING_MANAGED_PKG|tdc_tsw
23:50:37.15 (1339589874)|ENTERING_MANAGED_PKG|tdc_tsw
23:50:37.15 (1339668078)|ENTERING_MANAGED_PKG|tdc_tsw
23:50:37.15 (1339831889)|ENTERING_MANAGED_PKG|tdc_tsw
23:50:37.15 (1339863075)|ENTERING_MANAGED_PKG|tdc_tsw
23:50:37.15 (1339899771)|ENTERING_MANAGED_PKG|tdc_tsw
23:50:37.15 (1339933325)|ENTERING_MANAGED_PKG|tdc_tsw
23:50:37.15 (1339960443)|ENTERING_MANAGED_PKG|tdc_tsw
23:50:37.15 (1340038773)|ENTERING_MANAGED_PKG|tdc_tsw
23:50:37.15 (1340211478)|ENTERING_MANAGED_PKG|tdc_tsw
23:50:37.15 (1340242849)|ENTERING_MANAGED_PKG|tdc_tsw
23:50:37.15 (1340279889)|ENTERING_MANAGED_PKG|tdc_tsw
23:50:37.15 (1340313798)|ENTERING_MANAGED_PKG|tdc_tsw
23:50:37.15 (1340340741)|ENTERING_MANAGED_PKG|tdc_tsw
23:50:37.15 (1340419412)|ENTERING_MANAGED_PKG|tdc_tsw
23:50:37.15 (1340583069)|ENTERING_MANAGED_PKG|tdc_tsw
23:50:37.15 (1340614294)|ENTERING_MANAGED_PKG|tdc_tsw
23:50:37.15 (1340650868)|ENTERING_MANAGED_PKG|tdc_tsw
23:50:37.15 (1340684925)|ENTERING_MANAGED_PKG|tdc_tsw
23:50:37.15 (1340711929)|ENTERING_MANAGED_PKG|tdc_tsw
23:50:37.15 (1340790505)|ENTERING_MANAGED_PKG|tdc_tsw
23:50:37.15 (1340953825)|ENTERING_MANAGED_PKG|tdc_tsw
23:50:37.15 (1340985186)|ENTERING_MANAGED_PKG|tdc_tsw
23:50:37.15 (1341021937)|ENTERING_MANAGED_PKG|tdc_tsw
23:50:37.15 (1341061537)|ENTERING_MANAGED_PKG|tdc_tsw
23:50:37.15 (1341089792)|ENTERING_MANAGED_PKG|tdc_tsw
23:50:37.15 (1341168401)|ENTERING_MANAGED_PKG|tdc_tsw
23:50:37.15 (1341332192)|ENTERING_MANAGED_PKG|tdc_tsw
23:50:37.15 (1341363746)|ENTERING_MANAGED_PKG|tdc_tsw
23:50:37.15 (1341400348)|ENTERING_MANAGED_PKG|tdc_tsw
23:50:37.15 (1341433801)|ENTERING_MANAGED_PKG|tdc_tsw
23:50:37.15 (1341461014)|ENTERING_MANAGED_PKG|tdc_tsw
23:50:37.15 (1341539770)|ENTERING_MANAGED_PKG|tdc_tsw
23:50:37.15 (1341703707)|ENTERING_MANAGED_PKG|tdc_tsw
23:50:37.15 (1341734813)|ENTERING_MANAGED_PKG|tdc_tsw
23:50:37.15 (1341771543)|ENTERING_MANAGED_PKG|tdc_tsw
23:50:37.15 (1341805361)|ENTERING_MANAGED_PKG|tdc_tsw
23:50:37.15 (1341832278)|ENTERING_MANAGED_PKG|tdc_tsw
23:50:37.15 (1341910204)|ENTERING_MANAGED_PKG|tdc_tsw
23:50:37.15 (1342081381)|ENTERING_MANAGED_PKG|tdc_tsw
23:50:37.15 (1342113692)|ENTERING_MANAGED_PKG|tdc_tsw
23:50:37.15 (1342150469)|ENTERING_MANAGED_PKG|tdc_tsw
23:50:37.15 (1342184499)|ENTERING_MANAGED_PKG|tdc_tsw
23:50:37.15 (1342211777)|ENTERING_MANAGED_PKG|tdc_tsw
23:50:37.15 (1342291406)|ENTERING_MANAGED_PKG|tdc_tsw
23:50:37.15 (1342544474)|ENTERING_MANAGED_PKG|tdc_tsw
23:50:37.15 (1342586614)|ENTERING_MANAGED_PKG|tdc_tsw
23:50:37.15 (1342635214)|ENTERING_MANAGED_PKG|tdc_tsw
23:50:37.15 (1342683452)|ENTERING_MANAGED_PKG|tdc_tsw
23:50:37.15 (1342730019)|ENTERING_MANAGED_PKG|tdc_tsw
23:50:37.15 (1342890749)|ENTERING_MANAGED_PKG|tdc_tsw
23:50:37.15 (1343140944)|ENTERING_MANAGED_PKG|tdc_tsw
23:50:37.15 (1343193869)|ENTERING_MANAGED_PKG|tdc_tsw
23:50:37.15 (1343255245)|ENTERING_MANAGED_PKG|tdc_tsw
23:50:37.15 (1343319633)|ENTERING_MANAGED_PKG|tdc_tsw
23:50:37.15 (1343370389)|ENTERING_MANAGED_PKG|tdc_tsw
23:50:37.15 (1343478918)|ENTERING_MANAGED_PKG|tdc_tsw
23:50:37.15 (1343649943)|ENTERING_MANAGED_PKG|tdc_tsw
23:50:37.15 (1343681236)|ENTERING_MANAGED_PKG|tdc_tsw
23:50:37.15 (1343718112)|ENTERING_MANAGED_PKG|tdc_tsw
23:50:37.15 (1343752484)|ENTERING_MANAGED_PKG|tdc_tsw
23:50:37.15 (1343780298)|ENTERING_MANAGED_PKG|tdc_tsw
23:50:37.15 (1343860499)|ENTERING_MANAGED_PKG|tdc_tsw
23:50:37.15 (1344026005)|ENTERING_MANAGED_PKG|tdc_tsw
23:50:37.15 (1344066356)|ENTERING_MANAGED_PKG|tdc_tsw
23:50:37.15 (1344106718)|ENTERING_MANAGED_PKG|tdc_tsw
23:50:37.15 (1344140876)|ENTERING_MANAGED_PKG|tdc_tsw
23:50:37.15 (1344168262)|ENTERING_MANAGED_PKG|tdc_tsw
23:50:37.15 (1344249203)|ENTERING_MANAGED_PKG|tdc_tsw
23:50:37.15 (1344415543)|ENTERING_MANAGED_PKG|tdc_tsw
23:50:37.15 (1344446717)|ENTERING_MANAGED_PKG|tdc_tsw
23:50:37.15 (1344483723)|ENTERING_MANAGED_PKG|tdc_tsw
23:50:37.15 (1344517539)|ENTERING_MANAGED_PKG|tdc_tsw
23:50:37.15 (1344544833)|ENTERING_MANAGED_PKG|tdc_tsw
23:50:37.15 (1344624106)|ENTERING_MANAGED_PKG|tdc_tsw
23:50:37.15 (1344789026)|ENTERING_MANAGED_PKG|tdc_tsw
23:50:37.15 (1344820135)|ENTERING_MANAGED_PKG|tdc_tsw
23:50:37.15 (1344856912)|ENTERING_MANAGED_PKG|tdc_tsw
23:50:37.15 (1344891026)|ENTERING_MANAGED_PKG|tdc_tsw
23:50:37.15 (1344918223)|ENTERING_MANAGED_PKG|tdc_tsw
23:50:37.15 (1345004877)|ENTERING_MANAGED_PKG|tdc_tsw
23:50:37.15 (1345180849)|ENTERING_MANAGED_PKG|tdc_tsw
23:50:37.15 (1345211831)|ENTERING_MANAGED_PKG|tdc_tsw
23:50:37.15 (1345248719)|ENTERING_MANAGED_PKG|tdc_tsw
23:50:37.15 (1345282799)|ENTERING_MANAGED_PKG|tdc_tsw
23:50:37.15 (1345309758)|ENTERING_MANAGED_PKG|tdc_tsw
23:50:37.15 (1345389033)|ENTERING_MANAGED_PKG|tdc_tsw
23:50:37.15 (1345554102)|ENTERING_MANAGED_PKG|tdc_tsw
23:50:37.15 (1345585055)|ENTERING_MANAGED_PKG|tdc_tsw
23:50:37.15 (1345621626)|ENTERING_MANAGED_PKG|tdc_tsw
23:50:37.15 (1345655672)|ENTERING_MANAGED_PKG|tdc_tsw
23:50:37.15 (1345682954)|ENTERING_MANAGED_PKG|tdc_tsw
23:50:37.15 (1345762241)|ENTERING_MANAGED_PKG|tdc_tsw
23:50:37.15 (1345925832)|ENTERING_MANAGED_PKG|tdc_tsw
23:50:37.15 (1345956524)|ENTERING_MANAGED_PKG|tdc_tsw
23:50:37.15 (1345993491)|ENTERING_MANAGED_PKG|tdc_tsw
23:50:37.15 (1346027509)|ENTERING_MANAGED_PKG|tdc_tsw
23:50:37.15 (1346063063)|ENTERING_MANAGED_PKG|tdc_tsw
23:50:37.15 (1346147419)|ENTERING_MANAGED_PKG|tdc_tsw
23:50:37.15 (1346310626)|ENTERING_MANAGED_PKG|tdc_tsw
23:50:37.15 (1346341768)|ENTERING_MANAGED_PKG|tdc_tsw
23:50:37.15 (1346378331)|ENTERING_MANAGED_PKG|tdc_tsw
23:50:37.15 (1346411993)|ENTERING_MANAGED_PKG|tdc_tsw
23:50:37.15 (1346439593)|ENTERING_MANAGED_PKG|tdc_tsw
23:50:37.15 (1346518870)|ENTERING_MANAGED_PKG|tdc_tsw
23:50:37.15 (1346683780)|ENTERING_MANAGED_PKG|tdc_tsw
23:50:37.15 (1346715092)|ENTERING_MANAGED_PKG|tdc_tsw
23:50:37.15 (1346751824)|ENTERING_MANAGED_PKG|tdc_tsw
23:50:37.15 (1346785518)|ENTERING_MANAGED_PKG|tdc_tsw
23:50:37.15 (1346813152)|ENTERING_MANAGED_PKG|tdc_tsw
23:50:37.15 (1346892561)|ENTERING_MANAGED_PKG|tdc_tsw
23:50:37.15 (1347063855)|ENTERING_MANAGED_PKG|tdc_tsw
23:50:37.15 (1347097789)|ENTERING_MANAGED_PKG|tdc_tsw
23:50:37.15 (1347135478)|ENTERING_MANAGED_PKG|tdc_tsw
23:50:37.15 (1347169457)|ENTERING_MANAGED_PKG|tdc_tsw
23:50:37.15 (1347196380)|ENTERING_MANAGED_PKG|tdc_tsw
23:50:37.15 (1347276030)|ENTERING_MANAGED_PKG|tdc_tsw
23:50:37.15 (1347440167)|ENTERING_MANAGED_PKG|tdc_tsw
23:50:37.15 (1347471038)|ENTERING_MANAGED_PKG|tdc_tsw
23:50:37.15 (1347507657)|ENTERING_MANAGED_PKG|tdc_tsw
23:50:37.15 (1347541842)|ENTERING_MANAGED_PKG|tdc_tsw
23:50:37.15 (1347569303)|ENTERING_MANAGED_PKG|tdc_tsw
23:50:37.15 (1347648328)|ENTERING_MANAGED_PKG|tdc_tsw
23:50:37.15 (1347812437)|ENTERING_MANAGED_PKG|tdc_tsw
23:50:37.15 (1347843499)|ENTERING_MANAGED_PKG|tdc_tsw
23:50:37.15 (1347880387)|ENTERING_MANAGED_PKG|tdc_tsw
23:50:37.15 (1347914297)|ENTERING_MANAGED_PKG|tdc_tsw
23:50:37.15 (1347941425)|ENTERING_MANAGED_PKG|tdc_tsw
23:50:37.15 (1348021088)|ENTERING_MANAGED_PKG|tdc_tsw
23:50:37.15 (1348195742)|ENTERING_MANAGED_PKG|tdc_tsw
23:50:37.15 (1348226934)|ENTERING_MANAGED_PKG|tdc_tsw
23:50:37.15 (1348263507)|ENTERING_MANAGED_PKG|tdc_tsw
23:50:37.15 (1348297189)|ENTERING_MANAGED_PKG|tdc_tsw
23:50:37.15 (1348324396)|ENTERING_MANAGED_PKG|tdc_tsw
23:50:37.15 (1348403720)|ENTERING_MANAGED_PKG|tdc_tsw
23:50:37.15 (1348567805)|ENTERING_MANAGED_PKG|tdc_tsw
23:50:37.15 (1348598980)|ENTERING_MANAGED_PKG|tdc_tsw
23:50:37.15 (1348635597)|ENTERING_MANAGED_PKG|tdc_tsw
23:50:37.15 (1348668806)|ENTERING_MANAGED_PKG|tdc_tsw
23:50:37.15 (1348696106)|ENTERING_MANAGED_PKG|tdc_tsw
23:50:37.15 (1348774485)|ENTERING_MANAGED_PKG|tdc_tsw
23:50:37.15 (1348937775)|ENTERING_MANAGED_PKG|tdc_tsw
23:50:37.15 (1348968749)|ENTERING_MANAGED_PKG|tdc_tsw
23:50:37.15 (1349005247)|ENTERING_MANAGED_PKG|tdc_tsw
23:50:37.15 (1349060543)|ENTERING_MANAGED_PKG|tdc_tsw
23:50:37.15 (1349110890)|ENTERING_MANAGED_PKG|tdc_tsw
23:50:37.15 (1349242572)|ENTERING_MANAGED_PKG|tdc_tsw
23:50:37.15 (1349432426)|ENTERING_MANAGED_PKG|tdc_tsw
23:50:37.15 (1349464352)|ENTERING_MANAGED_PKG|tdc_tsw
23:50:37.15 (1349501574)|ENTERING_MANAGED_PKG|tdc_tsw
23:50:37.15 (1349536229)|ENTERING_MANAGED_PKG|tdc_tsw
23:50:37.15 (1349563539)|ENTERING_MANAGED_PKG|tdc_tsw
23:50:37.15 (1349643742)|ENTERING_MANAGED_PKG|tdc_tsw
23:50:37.15 (1349808787)|ENTERING_MANAGED_PKG|tdc_tsw
23:50:37.15 (1349840195)|ENTERING_MANAGED_PKG|tdc_tsw
23:50:37.15 (1349877372)|ENTERING_MANAGED_PKG|tdc_tsw
23:50:37.15 (1349911273)|ENTERING_MANAGED_PKG|tdc_tsw
23:50:37.15 (1349938498)|ENTERING_MANAGED_PKG|tdc_tsw
23:50:37.15 (1350018659)|ENTERING_MANAGED_PKG|tdc_tsw
23:50:37.15 (1350193294)|ENTERING_MANAGED_PKG|tdc_tsw
23:50:37.15 (1350224446)|ENTERING_MANAGED_PKG|tdc_tsw
23:50:37.15 (1350261011)|ENTERING_MANAGED_PKG|tdc_tsw
23:50:37.15 (1350294918)|ENTERING_MANAGED_PKG|tdc_tsw
23:50:37.15 (1350322162)|ENTERING_MANAGED_PKG|tdc_tsw
23:50:37.15 (1350401142)|ENTERING_MANAGED_PKG|tdc_tsw
23:50:37.15 (1350566325)|ENTERING_MANAGED_PKG|tdc_tsw
23:50:37.15 (1350597771)|ENTERING_MANAGED_PKG|tdc_tsw
23:50:37.15 (1350634659)|ENTERING_MANAGED_PKG|tdc_tsw
23:50:37.15 (1350668786)|ENTERING_MANAGED_PKG|tdc_tsw
23:50:37.15 (1350696155)|ENTERING_MANAGED_PKG|tdc_tsw
23:50:37.15 (1350774622)|ENTERING_MANAGED_PKG|tdc_tsw
23:50:37.15 (1350937975)|ENTERING_MANAGED_PKG|tdc_tsw
23:50:37.15 (1350969169)|ENTERING_MANAGED_PKG|tdc_tsw
23:50:37.15 (1351006026)|ENTERING_MANAGED_PKG|tdc_tsw
23:50:37.15 (1351041060)|ENTERING_MANAGED_PKG|tdc_tsw
23:50:37.15 (1351073682)|ENTERING_MANAGED_PKG|tdc_tsw
23:50:37.15 (1351153702)|ENTERING_MANAGED_PKG|tdc_tsw
23:50:37.15 (1351383029)|ENTERING_MANAGED_PKG|tdc_tsw
23:50:37.15 (1351415546)|ENTERING_MANAGED_PKG|tdc_tsw
23:50:37.15 (1351453029)|ENTERING_MANAGED_PKG|tdc_tsw
23:50:37.15 (1351487190)|ENTERING_MANAGED_PKG|tdc_tsw
23:50:37.15 (1351514860)|ENTERING_MANAGED_PKG|tdc_tsw
23:50:37.15 (1351594968)|ENTERING_MANAGED_PKG|tdc_tsw
23:50:37.15 (1351759904)|ENTERING_MANAGED_PKG|tdc_tsw
23:50:37.15 (1351791023)|ENTERING_MANAGED_PKG|tdc_tsw
23:50:37.15 (1351828105)|ENTERING_MANAGED_PKG|tdc_tsw
23:50:37.15 (1351862261)|ENTERING_MANAGED_PKG|tdc_tsw
23:50:37.15 (1351889652)|ENTERING_MANAGED_PKG|tdc_tsw
23:50:37.15 (1351967767)|ENTERING_MANAGED_PKG|tdc_tsw
23:50:37.15 (1352146058)|ENTERING_MANAGED_PKG|tdc_tsw
23:50:37.15 (1352178441)|ENTERING_MANAGED_PKG|tdc_tsw
23:50:37.15 (1352215206)|ENTERING_MANAGED_PKG|tdc_tsw
23:50:37.15 (1352248831)|ENTERING_MANAGED_PKG|tdc_tsw
23:50:37.15 (1352275929)|ENTERING_MANAGED_PKG|tdc_tsw
23:50:37.15 (1352354479)|ENTERING_MANAGED_PKG|tdc_tsw
23:50:37.15 (1352518158)|ENTERING_MANAGED_PKG|tdc_tsw
23:50:37.15 (1352549338)|ENTERING_MANAGED_PKG|tdc_tsw
23:50:37.15 (1352585972)|ENTERING_MANAGED_PKG|tdc_tsw
23:50:37.15 (1352620297)|ENTERING_MANAGED_PKG|tdc_tsw
23:50:37.15 (1352647790)|ENTERING_MANAGED_PKG|tdc_tsw
23:50:37.15 (1352726294)|ENTERING_MANAGED_PKG|tdc_tsw
23:50:37.15 (1352889460)|ENTERING_MANAGED_PKG|tdc_tsw
23:50:37.15 (1352920617)|ENTERING_MANAGED_PKG|tdc_tsw
23:50:37.15 (1352957359)|ENTERING_MANAGED_PKG|tdc_tsw
23:50:37.15 (1352991714)|ENTERING_MANAGED_PKG|tdc_tsw
23:50:37.15 (1353018728)|ENTERING_MANAGED_PKG|tdc_tsw
23:50:37.15 (1353103818)|ENTERING_MANAGED_PKG|tdc_tsw
23:50:37.15 (1357973792)|ENTERING_MANAGED_PKG|tdc_tsw
23:50:37.15 (1358049729)|ENTERING_MANAGED_PKG|tdc_tsw
23:50:37.15 (1358143633)|ENTERING_MANAGED_PKG|tdc_tsw
23:50:37.15 (1358203720)|ENTERING_MANAGED_PKG|tdc_tsw
23:50:37.15 (1358325465)|ENTERING_MANAGED_PKG|tdc_tsw
23:50:37.15 (1358408393)|ENTERING_MANAGED_PKG|tdc_tsw
23:50:37.15 (1358573228)|ENTERING_MANAGED_PKG|tdc_tsw
23:50:37.15 (1358619724)|ENTERING_MANAGED_PKG|tdc_tsw
23:50:37.15 (1358784185)|ENTERING_MANAGED_PKG|tdc_tsw
23:50:37.15 (1401588327)|SOQL_EXECUTE_BEGIN|[1842]|Aggregations:0|SELECT Id, name FROM RecordType WHERE (sObjectType = :tmpVar1 AND name = :tmpVar2) LIMIT 1
23:50:37.15 (1409908122)|SOQL_EXECUTE_END|[1842]|Rows:1
23:50:37.15 (1415022127)|ENTERING_MANAGED_PKG|tdc_tsw
23:50:37.15 (1422753354)|DML_BEGIN|[719]|Op:Insert|Type:tdc_tsw__Message__c|Rows:1
23:50:37.15 (1430253860)|ENTERING_MANAGED_PKG|tdc_tsw
23:50:37.431 (1431999101)|CUMULATIVE_LIMIT_USAGE
23:50:37.431 (1431999101)|LIMIT_USAGE_FOR_NS|(default)|
  Number of SOQL queries: 0 out of 200
  Number of query rows: 0 out of 50000
  Number of SOSL queries: 0 out of 20
  Number of DML statements: 0 out of 150
  Number of DML rows: 0 out of 10000
  Maximum CPU time: 669 out of 60000
  Maximum heap size: 0 out of 12000000
  Number of callouts: 0 out of 100
  Number of Email Invocations: 0 out of 10
  Number of future calls: 0 out of 50
  Number of queueable jobs added to the queue: 0 out of 1
  Number of Mobile Apex push calls: 0 out of 10

23:50:37.431 (1431999101)|LIMIT_USAGE_FOR_NS|tdc_tsw|
  Number of SOQL queries: 1 out of 200
  Number of query rows: 1 out of 50000
  Number of SOSL queries: 0 out of 20
  Number of DML statements: 1 out of 150
  Number of DML rows: 1 out of 10000
  Maximum CPU time: 0 out of 60000
  Maximum heap size: 0 out of 12000000
  Number of callouts: 2 out of 100
  Number of Email Invocations: 0 out of 10
  Number of future calls: 0 out of 50
  Number of queueable jobs added to the queue: 0 out of 1
  Number of Mobile Apex push calls: 0 out of 10

23:50:37.431 (1431999101)|CUMULATIVE_LIMIT_USAGE_END

23:50:37.435 (1435902765)|CODE_UNIT_STARTED|[EXTERNAL]|01q3B000000BSJB|IncomingSMS on Message trigger event BeforeInsert|__sfdc_trigger/IncomingSMS
23:50:37.435 (1435959438)|HEAP_ALLOCATE|[EXTERNAL]|Bytes:8
23:50:37.435 (1436009468)|HEAP_ALLOCATE|[EXTERNAL]|Bytes:1
23:50:37.435 (1436030988)|HEAP_ALLOCATE|[EXTERNAL]|Bytes:4
23:50:37.435 (1436041133)|VARIABLE_SCOPE_BEGIN|[1]|this|IncomingSMS|true|false
23:50:37.435 (1436113875)|VARIABLE_ASSIGNMENT|[1]|this|{}|0x5b7a72c1
23:50:37.435 (1436170859)|HEAP_ALLOCATE|[EXTERNAL]|Bytes:4
23:50:37.435 (1436184070)|VARIABLE_SCOPE_BEGIN|[1]|this|IncomingSMS|true|false
23:50:37.435 (1436211867)|VARIABLE_ASSIGNMENT|[1]|this|{}|0x5b7a72c1
23:50:37.435 (1436226744)|STATEMENT_EXECUTE|[1]
23:50:37.435 (1436254118)|STATEMENT_EXECUTE|[2]
23:50:37.435 (1436490607)|HEAP_ALLOCATE|[3]|Bytes:5
23:50:37.435 (1436528750)|HEAP_ALLOCATE|[3]|Bytes:4
23:50:37.435 (1436547089)|VARIABLE_SCOPE_BEGIN|[3]|sms|tdc_tsw__Message__c|true|false
23:50:37.435 (1443932134)|VARIABLE_ASSIGNMENT|[3]|sms|{"tdc_tsw__ToNumber__c":"+13038816946","tdc_tsw__Sender_Number__c":"17065037067","tdc_tsw__Read__c":false,"tdc_tsw__Message_Segment__c":1,"tdc_tsw__Read_Status__c":"Unread","tdc_tsw__Task_Created__c":false,"Name":"Outgoing","tdc_tsw__Event_Created__c":false,"tdc_tsw__Message_Text_New__c":"No match found","tdc_tsw__MessageId__c":"SMc398954588de421d9a (14 more) ...","tdc_tsw__Is_Keyword_Based__c":false,"OwnerId":"0051H000009gxp8QAA","tdc_tsw__Related_Object_Id_URL__c":"_HL_ENCODED_https:// (97 more) ...","RecordTypeId":"0121H000001Ie7gQAC","tdc_tsw__Delivered_SMS__c":"_IM1_/resource/tdc_t (27 more) ...","tdc_tsw__Important__c":false,"tdc_tsw__Delivered__c":false,"tdc_tsw__Related_Object__c":"tdc_tsw__Message__c","IsDeleted":false,"tdc_tsw__Incoming_Status__c":"Not Read","tdc_tsw__isCaseCreated__c":false,"tdc_tsw__Message__c":"a173B000000seDyQAI","tdc_tsw__Related_Object_Id__c":"a173B000000seDyQAI","tdc_tsw__isLeadCreated__c":false,"tdc_tsw__SMS_Template__c":"a153B000000pOkwQAE","tdc_tsw__Template_Parse_Id__c":"a173B000000seDyQAI","tdc_tsw__Delivery_Status__c":"Sent"}|0x413523c1
23:50:37.435 (1443964063)|STATEMENT_EXECUTE|[3]
23:50:37.435 (1444007910)|HEAP_ALLOCATE|[4]|Bytes:8
23:50:37.435 (1444038664)|STATEMENT_EXECUTE|[4]
23:50:37.435 (1444067895)|HEAP_ALLOCATE|[3]|Bytes:5
23:50:37.435 (1444090022)|VARIABLE_ASSIGNMENT|[3]|sms|null|
23:50:37.444 (1444107039)|CUMULATIVE_LIMIT_USAGE
23:50:37.444 (1444107039)|LIMIT_USAGE_FOR_NS|(default)|
  Number of SOQL queries: 0 out of 200
  Number of query rows: 0 out of 50000
  Number of SOSL queries: 0 out of 20
  Number of DML statements: 0 out of 150
  Number of DML rows: 0 out of 10000
  Maximum CPU time: 669 out of 60000
  Maximum heap size: 0 out of 12000000
  Number of callouts: 0 out of 100
  Number of Email Invocations: 0 out of 10
  Number of future calls: 0 out of 50
  Number of queueable jobs added to the queue: 0 out of 1
  Number of Mobile Apex push calls: 0 out of 10

23:50:37.444 (1444107039)|LIMIT_USAGE_FOR_NS|tdc_tsw|
  Number of SOQL queries: 1 out of 200
  Number of query rows: 1 out of 50000
  Number of SOSL queries: 0 out of 20
  Number of DML statements: 1 out of 150
  Number of DML rows: 1 out of 10000
  Maximum CPU time: 0 out of 60000
  Maximum heap size: 0 out of 12000000
  Number of callouts: 2 out of 100
  Number of Email Invocations: 0 out of 10
  Number of future calls: 0 out of 50
  Number of queueable jobs added to the queue: 0 out of 1
  Number of Mobile Apex push calls: 0 out of 10

23:50:37.444 (1444107039)|CUMULATIVE_LIMIT_USAGE_END

23:50:37.15 (1499511761)|ENTERING_MANAGED_PKG|tdc_tsw
23:50:37.15 (1500064180)|ENTERING_MANAGED_PKG|tdc_tsw
23:50:37.15 (1500771767)|ENTERING_MANAGED_PKG|tdc_tsw
23:50:37.15 (1500993645)|ENTERING_MANAGED_PKG|tdc_tsw
23:50:37.15 (1508450594)|SOQL_EXECUTE_BEGIN|[15]|Aggregations:0|SELECT Id, Email FROM User WHERE isActive = TRUE LIMIT 10000
23:50:37.15 (1514224944)|SOQL_EXECUTE_END|[15]|Rows:9
23:50:37.15 (1516994447)|ENTERING_MANAGED_PKG|tdc_tsw
23:50:37.15 (1518624295)|SOQL_EXECUTE_BEGIN|[434]|Aggregations:0|SELECT id, name, First_Question__c, Question_Text__c, Question__c, Question_Label__c, Object__c, tdc_tsw__Survey__c, Survey__r.name FROM Question__c WHERE id = :tmpVar1
23:50:37.15 (1521921333)|SOQL_EXECUTE_END|[434]|Rows:0
23:50:37.15 (1522745799)|ENTERING_MANAGED_PKG|tdc_tsw
23:50:37.15 (1524028463)|SOQL_EXECUTE_BEGIN|[628]|Aggregations:0|Select id, leadId, contactId from CampaignMember where Id In : Ids
23:50:37.15 (1527078979)|SOQL_EXECUTE_END|[628]|Rows:0
23:50:37.527 (1527719059)|CUMULATIVE_LIMIT_USAGE
23:50:37.527 (1527719059)|LIMIT_USAGE_FOR_NS|(default)|
  Number of SOQL queries: 0 out of 200
  Number of query rows: 0 out of 50000
  Number of SOSL queries: 0 out of 20
  Number of DML statements: 0 out of 150
  Number of DML rows: 0 out of 10000
  Maximum CPU time: 850 out of 60000
  Maximum heap size: 0 out of 12000000
  Number of callouts: 0 out of 100
  Number of Email Invocations: 0 out of 10
  Number of future calls: 0 out of 50
  Number of queueable jobs added to the queue: 0 out of 1
  Number of Mobile Apex push calls: 0 out of 10

23:50:37.527 (1527719059)|LIMIT_USAGE_FOR_NS|tdc_tsw|
  Number of SOQL queries: 4 out of 200
  Number of query rows: 10 out of 50000
  Number of SOSL queries: 0 out of 20
  Number of DML statements: 1 out of 150
  Number of DML rows: 1 out of 10000
  Maximum CPU time: 0 out of 60000
  Maximum heap size: 0 out of 12000000
  Number of callouts: 2 out of 100
  Number of Email Invocations: 0 out of 10
  Number of future calls: 0 out of 50
  Number of queueable jobs added to the queue: 0 out of 1
  Number of Mobile Apex push calls: 0 out of 10

23:50:37.527 (1527719059)|CUMULATIVE_LIMIT_USAGE_END

23:50:37.15 (1563245630)|DML_END|[719]
23:50:37.15 (1563500782)|ENTERING_MANAGED_PKG|tdc_tsw
23:50:37.15 (1566617937)|DML_BEGIN|[1467]|Op:Update|Type:tdc_tsw__OrgSMSConfig__c|Rows:1
23:50:37.15 (1590655303)|DML_END|[1467]
