44.0 APEX_CODE,FINEST;APEX_PROFILING,INFO;CALLOUT,INFO;DB,INFO;NBA,INFO;SYSTEM,DEBUG;VALIDATION,INFO;VISUALFORCE,INFO;WAVE,INFO;WORKFLOW,INFO
22:51:37.0 (158307)|USER_INFO|[EXTERNAL]|0051H000009gxp8|chanida.dev2@solvedbysoftwareco.com|Eastern Standard Time|GMT-05:00
22:51:37.0 (1803853)|ENTERING_MANAGED_PKG|tdc_tsw
22:51:37.0 (2363236)|ENTERING_MANAGED_PKG|tdc_tsw
22:51:37.0 (6232940)|SOQL_EXECUTE_BEGIN|[16]|Aggregations:0|SELECT id, name, Disable_Incoming_SMS_Sharing__c FROM User WHERE id = :tmpVar1
22:51:37.0 (13976691)|SOQL_EXECUTE_END|[16]|Rows:1
22:51:37.0 (21485118)|SOQL_EXECUTE_BEGIN|[37]|Aggregations:0|SELECT CreatedDate,Created_Date__c,Id,LastModifiedDate,MessageId__c,Message_Text_New__c,Name,OwnerId,Read__c,Related_Object_Id__c,Related_Object__c,Sender_Number__c, Sender_Name__c,ToNumber__c,Attachments_Ids__c FROM Message__c WHERE Name = 'Incoming' AND Read__c = false ORDER BY CreatedDate Desc limit 100
22:51:37.0 (37897463)|SOQL_EXECUTE_END|[37]|Rows:100
22:51:37.0 (54957440)|ENTERING_MANAGED_PKG|tdc_tsw
22:51:37.0 (56795190)|ENTERING_MANAGED_PKG|tdc_tsw
22:51:37.0 (57272687)|ENTERING_MANAGED_PKG|tdc_tsw
22:51:37.0 (57938060)|ENTERING_MANAGED_PKG|tdc_tsw
22:51:37.0 (60898819)|ENTERING_MANAGED_PKG|tdc_tsw
22:51:37.0 (61707466)|ENTERING_MANAGED_PKG|tdc_tsw
22:51:37.0 (61958929)|ENTERING_MANAGED_PKG|tdc_tsw
22:51:37.0 (62365785)|ENTERING_MANAGED_PKG|tdc_tsw
22:51:37.0 (63478024)|ENTERING_MANAGED_PKG|tdc_tsw
22:51:37.0 (64344354)|ENTERING_MANAGED_PKG|tdc_tsw
22:51:37.0 (64578235)|ENTERING_MANAGED_PKG|tdc_tsw
22:51:37.0 (65020171)|ENTERING_MANAGED_PKG|tdc_tsw
22:51:37.0 (66130046)|ENTERING_MANAGED_PKG|tdc_tsw
22:51:37.0 (66921583)|ENTERING_MANAGED_PKG|tdc_tsw
22:51:37.0 (67150775)|ENTERING_MANAGED_PKG|tdc_tsw
22:51:37.0 (67549165)|ENTERING_MANAGED_PKG|tdc_tsw
22:51:37.0 (68658599)|ENTERING_MANAGED_PKG|tdc_tsw
22:51:37.0 (69443672)|ENTERING_MANAGED_PKG|tdc_tsw
22:51:37.0 (69669991)|ENTERING_MANAGED_PKG|tdc_tsw
22:51:37.0 (70086546)|ENTERING_MANAGED_PKG|tdc_tsw
22:51:37.0 (71191463)|ENTERING_MANAGED_PKG|tdc_tsw
22:51:37.0 (71972149)|ENTERING_MANAGED_PKG|tdc_tsw
22:51:37.0 (72201763)|ENTERING_MANAGED_PKG|tdc_tsw
22:51:37.0 (72598771)|ENTERING_MANAGED_PKG|tdc_tsw
22:51:37.0 (73704687)|ENTERING_MANAGED_PKG|tdc_tsw
22:51:37.0 (74478397)|ENTERING_MANAGED_PKG|tdc_tsw
22:51:37.0 (74708662)|ENTERING_MANAGED_PKG|tdc_tsw
22:51:37.0 (75110839)|ENTERING_MANAGED_PKG|tdc_tsw
22:51:37.0 (76204944)|ENTERING_MANAGED_PKG|tdc_tsw
22:51:37.0 (76994369)|ENTERING_MANAGED_PKG|tdc_tsw
22:51:37.0 (77221806)|ENTERING_MANAGED_PKG|tdc_tsw
22:51:37.0 (77619777)|ENTERING_MANAGED_PKG|tdc_tsw
22:51:37.0 (78758193)|ENTERING_MANAGED_PKG|tdc_tsw
22:51:37.0 (79532987)|ENTERING_MANAGED_PKG|tdc_tsw
22:51:37.0 (79779322)|ENTERING_MANAGED_PKG|tdc_tsw
22:51:37.0 (80180562)|ENTERING_MANAGED_PKG|tdc_tsw
22:51:37.0 (81287937)|ENTERING_MANAGED_PKG|tdc_tsw
22:51:37.0 (82075938)|ENTERING_MANAGED_PKG|tdc_tsw
22:51:37.0 (82309646)|ENTERING_MANAGED_PKG|tdc_tsw
22:51:37.0 (82717852)|ENTERING_MANAGED_PKG|tdc_tsw
22:51:37.0 (83823887)|ENTERING_MANAGED_PKG|tdc_tsw
22:51:37.0 (84599571)|ENTERING_MANAGED_PKG|tdc_tsw
22:51:37.0 (84847199)|ENTERING_MANAGED_PKG|tdc_tsw
22:51:37.0 (85242578)|ENTERING_MANAGED_PKG|tdc_tsw
22:51:37.0 (86499237)|ENTERING_MANAGED_PKG|tdc_tsw
22:51:37.0 (87294817)|ENTERING_MANAGED_PKG|tdc_tsw
22:51:37.0 (87534053)|ENTERING_MANAGED_PKG|tdc_tsw
22:51:37.0 (87945045)|ENTERING_MANAGED_PKG|tdc_tsw
22:51:37.0 (89049995)|ENTERING_MANAGED_PKG|tdc_tsw
22:51:37.0 (89827805)|ENTERING_MANAGED_PKG|tdc_tsw
22:51:37.0 (90057296)|ENTERING_MANAGED_PKG|tdc_tsw
22:51:37.0 (90454828)|ENTERING_MANAGED_PKG|tdc_tsw
22:51:37.0 (91555146)|ENTERING_MANAGED_PKG|tdc_tsw
22:51:37.0 (92342511)|ENTERING_MANAGED_PKG|tdc_tsw
22:51:37.0 (92573237)|ENTERING_MANAGED_PKG|tdc_tsw
22:51:37.0 (92985153)|ENTERING_MANAGED_PKG|tdc_tsw
22:51:37.0 (94077577)|ENTERING_MANAGED_PKG|tdc_tsw
22:51:37.0 (94861590)|ENTERING_MANAGED_PKG|tdc_tsw
22:51:37.0 (95091690)|ENTERING_MANAGED_PKG|tdc_tsw
22:51:37.0 (95487214)|ENTERING_MANAGED_PKG|tdc_tsw
22:51:37.0 (96591090)|ENTERING_MANAGED_PKG|tdc_tsw
22:51:37.0 (97379110)|ENTERING_MANAGED_PKG|tdc_tsw
22:51:37.0 (97616154)|ENTERING_MANAGED_PKG|tdc_tsw
22:51:37.0 (98023484)|ENTERING_MANAGED_PKG|tdc_tsw
22:51:37.0 (99126127)|ENTERING_MANAGED_PKG|tdc_tsw
22:51:37.0 (99921657)|ENTERING_MANAGED_PKG|tdc_tsw
22:51:37.0 (100158622)|ENTERING_MANAGED_PKG|tdc_tsw
22:51:37.0 (100554533)|ENTERING_MANAGED_PKG|tdc_tsw
22:51:37.0 (101648685)|ENTERING_MANAGED_PKG|tdc_tsw
22:51:37.0 (102425784)|ENTERING_MANAGED_PKG|tdc_tsw
22:51:37.0 (102656654)|ENTERING_MANAGED_PKG|tdc_tsw
22:51:37.0 (103058759)|ENTERING_MANAGED_PKG|tdc_tsw
22:51:37.0 (104157360)|ENTERING_MANAGED_PKG|tdc_tsw
22:51:37.0 (104974423)|ENTERING_MANAGED_PKG|tdc_tsw
22:51:37.0 (105207887)|ENTERING_MANAGED_PKG|tdc_tsw
22:51:37.0 (105609549)|ENTERING_MANAGED_PKG|tdc_tsw
22:51:37.0 (106696246)|ENTERING_MANAGED_PKG|tdc_tsw
22:51:37.0 (107471125)|ENTERING_MANAGED_PKG|tdc_tsw
22:51:37.0 (107703007)|ENTERING_MANAGED_PKG|tdc_tsw
22:51:37.0 (108107645)|ENTERING_MANAGED_PKG|tdc_tsw
22:51:37.0 (109196311)|ENTERING_MANAGED_PKG|tdc_tsw
22:51:37.0 (109988570)|ENTERING_MANAGED_PKG|tdc_tsw
22:51:37.0 (110216573)|ENTERING_MANAGED_PKG|tdc_tsw
22:51:37.0 (110612382)|ENTERING_MANAGED_PKG|tdc_tsw
22:51:37.0 (111701075)|ENTERING_MANAGED_PKG|tdc_tsw
22:51:37.0 (112475099)|ENTERING_MANAGED_PKG|tdc_tsw
22:51:37.0 (112705850)|ENTERING_MANAGED_PKG|tdc_tsw
22:51:37.0 (113102351)|ENTERING_MANAGED_PKG|tdc_tsw
22:51:37.0 (114190567)|ENTERING_MANAGED_PKG|tdc_tsw
22:51:37.0 (114965351)|ENTERING_MANAGED_PKG|tdc_tsw
22:51:37.0 (115194332)|ENTERING_MANAGED_PKG|tdc_tsw
22:51:37.0 (115595354)|ENTERING_MANAGED_PKG|tdc_tsw
22:51:37.0 (116690133)|ENTERING_MANAGED_PKG|tdc_tsw
22:51:37.0 (117467423)|ENTERING_MANAGED_PKG|tdc_tsw
22:51:37.0 (117694560)|ENTERING_MANAGED_PKG|tdc_tsw
22:51:37.0 (118091923)|ENTERING_MANAGED_PKG|tdc_tsw
22:51:37.0 (119176119)|ENTERING_MANAGED_PKG|tdc_tsw
22:51:37.0 (119949552)|ENTERING_MANAGED_PKG|tdc_tsw
22:51:37.0 (120178687)|ENTERING_MANAGED_PKG|tdc_tsw
22:51:37.0 (120579195)|ENTERING_MANAGED_PKG|tdc_tsw
22:51:37.0 (124811088)|ENTERING_MANAGED_PKG|tdc_tsw
22:51:37.0 (125591420)|ENTERING_MANAGED_PKG|tdc_tsw
22:51:37.0 (125847390)|ENTERING_MANAGED_PKG|tdc_tsw
22:51:37.0 (126251272)|ENTERING_MANAGED_PKG|tdc_tsw
22:51:37.0 (127347805)|ENTERING_MANAGED_PKG|tdc_tsw
22:51:37.0 (128189259)|ENTERING_MANAGED_PKG|tdc_tsw
22:51:37.0 (128422058)|ENTERING_MANAGED_PKG|tdc_tsw
22:51:37.0 (128834882)|ENTERING_MANAGED_PKG|tdc_tsw
22:51:37.0 (129986022)|ENTERING_MANAGED_PKG|tdc_tsw
22:51:37.0 (130803548)|ENTERING_MANAGED_PKG|tdc_tsw
22:51:37.0 (131036402)|ENTERING_MANAGED_PKG|tdc_tsw
22:51:37.0 (131463987)|ENTERING_MANAGED_PKG|tdc_tsw
22:51:37.0 (132604525)|ENTERING_MANAGED_PKG|tdc_tsw
22:51:37.0 (133383594)|ENTERING_MANAGED_PKG|tdc_tsw
22:51:37.0 (133614740)|ENTERING_MANAGED_PKG|tdc_tsw
22:51:37.0 (134019448)|ENTERING_MANAGED_PKG|tdc_tsw
22:51:37.0 (135109512)|ENTERING_MANAGED_PKG|tdc_tsw
22:51:37.0 (135889464)|ENTERING_MANAGED_PKG|tdc_tsw
22:51:37.0 (136119837)|ENTERING_MANAGED_PKG|tdc_tsw
22:51:37.0 (136517332)|ENTERING_MANAGED_PKG|tdc_tsw
22:51:37.0 (137605985)|ENTERING_MANAGED_PKG|tdc_tsw
22:51:37.0 (138382910)|ENTERING_MANAGED_PKG|tdc_tsw
22:51:37.0 (138610412)|ENTERING_MANAGED_PKG|tdc_tsw
22:51:37.0 (139028131)|ENTERING_MANAGED_PKG|tdc_tsw
22:51:37.0 (140134761)|ENTERING_MANAGED_PKG|tdc_tsw
22:51:37.0 (140911680)|ENTERING_MANAGED_PKG|tdc_tsw
22:51:37.0 (141140178)|ENTERING_MANAGED_PKG|tdc_tsw
22:51:37.0 (141541859)|ENTERING_MANAGED_PKG|tdc_tsw
22:51:37.0 (142656213)|ENTERING_MANAGED_PKG|tdc_tsw
22:51:37.0 (143442769)|ENTERING_MANAGED_PKG|tdc_tsw
22:51:37.0 (143674342)|ENTERING_MANAGED_PKG|tdc_tsw
22:51:37.0 (144087324)|ENTERING_MANAGED_PKG|tdc_tsw
22:51:37.0 (145197613)|ENTERING_MANAGED_PKG|tdc_tsw
22:51:37.0 (145985629)|ENTERING_MANAGED_PKG|tdc_tsw
22:51:37.0 (146213256)|ENTERING_MANAGED_PKG|tdc_tsw
22:51:37.0 (146612035)|ENTERING_MANAGED_PKG|tdc_tsw
22:51:37.0 (147720717)|ENTERING_MANAGED_PKG|tdc_tsw
22:51:37.0 (148496006)|ENTERING_MANAGED_PKG|tdc_tsw
22:51:37.0 (148727761)|ENTERING_MANAGED_PKG|tdc_tsw
22:51:37.0 (149132266)|ENTERING_MANAGED_PKG|tdc_tsw
22:51:37.0 (150539762)|ENTERING_MANAGED_PKG|tdc_tsw
22:51:37.0 (151316117)|ENTERING_MANAGED_PKG|tdc_tsw
22:51:37.0 (151546579)|ENTERING_MANAGED_PKG|tdc_tsw
22:51:37.0 (151953068)|ENTERING_MANAGED_PKG|tdc_tsw
22:51:37.0 (153045490)|ENTERING_MANAGED_PKG|tdc_tsw
22:51:37.0 (153943576)|ENTERING_MANAGED_PKG|tdc_tsw
22:51:37.0 (154175926)|ENTERING_MANAGED_PKG|tdc_tsw
22:51:37.0 (154574237)|ENTERING_MANAGED_PKG|tdc_tsw
22:51:37.0 (155668558)|ENTERING_MANAGED_PKG|tdc_tsw
22:51:37.0 (156453725)|ENTERING_MANAGED_PKG|tdc_tsw
22:51:37.0 (156661527)|ENTERING_MANAGED_PKG|tdc_tsw
22:51:37.0 (157093396)|ENTERING_MANAGED_PKG|tdc_tsw
22:51:37.0 (158193443)|ENTERING_MANAGED_PKG|tdc_tsw
22:51:37.0 (158978058)|ENTERING_MANAGED_PKG|tdc_tsw
22:51:37.0 (159207730)|ENTERING_MANAGED_PKG|tdc_tsw
22:51:37.0 (159604597)|ENTERING_MANAGED_PKG|tdc_tsw
22:51:37.0 (160695283)|ENTERING_MANAGED_PKG|tdc_tsw
22:51:37.0 (161480061)|ENTERING_MANAGED_PKG|tdc_tsw
22:51:37.0 (161684048)|ENTERING_MANAGED_PKG|tdc_tsw
22:51:37.0 (162086542)|ENTERING_MANAGED_PKG|tdc_tsw
22:51:37.0 (163266357)|ENTERING_MANAGED_PKG|tdc_tsw
22:51:37.0 (164152745)|ENTERING_MANAGED_PKG|tdc_tsw
22:51:37.0 (164227276)|ENTERING_MANAGED_PKG|tdc_tsw
22:51:37.0 (164832242)|SOQL_EXECUTE_BEGIN|[200]|Aggregations:0|SELECT Name, NamespacePrefix, SystemModStamp FROM StaticResource WHERE Name LIKE :tmpVar1 LIMIT 10
22:51:37.0 (167838110)|SOQL_EXECUTE_END|[200]|Rows:1
22:51:37.0 (168602307)|ENTERING_MANAGED_PKG|tdc_tsw
22:51:37.0 (168992162)|SOQL_EXECUTE_BEGIN|[200]|Aggregations:0|SELECT Name, NamespacePrefix, SystemModStamp FROM StaticResource WHERE Name LIKE :tmpVar1 LIMIT 10
22:51:37.0 (171121165)|SOQL_EXECUTE_END|[200]|Rows:1
22:51:37.0 (171505332)|ENTERING_MANAGED_PKG|tdc_tsw
22:51:37.0 (174794918)|ENTERING_MANAGED_PKG|tdc_tsw
22:51:37.0 (176324073)|ENTERING_MANAGED_PKG|tdc_tsw
22:51:37.0 (176605714)|ENTERING_MANAGED_PKG|tdc_tsw
22:51:37.0 (177384692)|ENTERING_MANAGED_PKG|tdc_tsw
22:51:37.0 (177782004)|SOQL_EXECUTE_BEGIN|[200]|Aggregations:0|SELECT Name, NamespacePrefix, SystemModStamp FROM StaticResource WHERE Name LIKE :tmpVar1 LIMIT 10
22:51:37.0 (180201458)|SOQL_EXECUTE_END|[200]|Rows:1
22:51:37.189 (189677026)|USER_INFO|[EXTERNAL]|0051H000009gxp8|chanida.dev2@solvedbysoftwareco.com|Eastern Standard Time|GMT-05:00
22:51:37.189 (191236422)|ENTERING_MANAGED_PKG|tdc_tsw
22:51:37.189 (191423024)|ENTERING_MANAGED_PKG|tdc_tsw
22:51:37.189 (193967633)|SOQL_EXECUTE_BEGIN|[355]|Aggregations:0|SELECT id, name, Disable_Incoming_SMS_Sharing__c FROM User WHERE id = :tmpVar1
22:51:37.189 (200147696)|SOQL_EXECUTE_END|[355]|Rows:1
22:51:37.189 (201119929)|SOQL_EXECUTE_BEGIN|[367]|Aggregations:0|SELECT CreatedDate,Id,LastModifiedDate,Related_Object_Id__c FROM Message__c WHERE Name = 'Incoming' AND Read__c = false ORDER BY CreatedDate Desc limit 100
22:51:37.189 (209636189)|SOQL_EXECUTE_END|[367]|Rows:100
