44.0 APEX_CODE,FINEST;APEX_PROFILING,INFO;CALLOUT,INFO;DB,INFO;NBA,INFO;SYSTEM,DEBUG;VALIDATION,INFO;VISUALFORCE,INFO;WAVE,INFO;WORKFLOW,INFO
20:32:02.0 (115365)|USER_INFO|[EXTERNAL]|0051H000009gxp8|chanida.dev2@solvedbysoftwareco.com|Eastern Standard Time|GMT-05:00
20:32:02.0 (1724772)|ENTERING_MANAGED_PKG|tdc_tsw
20:32:02.0 (2151020)|ENTERING_MANAGED_PKG|tdc_tsw
20:32:02.0 (6897163)|SOQL_EXECUTE_BEGIN|[16]|Aggregations:0|SELECT id, name, Disable_Incoming_SMS_Sharing__c FROM User WHERE id = :tmpVar1
20:32:02.0 (14071256)|SOQL_EXECUTE_END|[16]|Rows:1
20:32:02.0 (21733035)|SOQL_EXECUTE_BEGIN|[37]|Aggregations:0|SELECT CreatedDate,Created_Date__c,Id,LastModifiedDate,MessageId__c,Message_Text_New__c,Name,OwnerId,Read__c,Related_Object_Id__c,Related_Object__c,Sender_Number__c, Sender_Name__c,ToNumber__c,Attachments_Ids__c FROM Message__c WHERE Name = 'Incoming' AND Read__c = false ORDER BY CreatedDate Desc limit 100
20:32:02.0 (41732042)|SOQL_EXECUTE_END|[37]|Rows:94
20:32:02.0 (61581948)|ENTERING_MANAGED_PKG|tdc_tsw
20:32:02.0 (63476285)|ENTERING_MANAGED_PKG|tdc_tsw
20:32:02.0 (64038811)|ENTERING_MANAGED_PKG|tdc_tsw
20:32:02.0 (64873759)|ENTERING_MANAGED_PKG|tdc_tsw
20:32:02.0 (67897463)|ENTERING_MANAGED_PKG|tdc_tsw
20:32:02.0 (68862240)|ENTERING_MANAGED_PKG|tdc_tsw
20:32:02.0 (69145662)|ENTERING_MANAGED_PKG|tdc_tsw
20:32:02.0 (69683297)|ENTERING_MANAGED_PKG|tdc_tsw
20:32:02.0 (70966441)|ENTERING_MANAGED_PKG|tdc_tsw
20:32:02.0 (71853874)|ENTERING_MANAGED_PKG|tdc_tsw
20:32:02.0 (72113024)|ENTERING_MANAGED_PKG|tdc_tsw
20:32:02.0 (72537726)|ENTERING_MANAGED_PKG|tdc_tsw
20:32:02.0 (73956846)|ENTERING_MANAGED_PKG|tdc_tsw
20:32:02.0 (75388785)|ENTERING_MANAGED_PKG|tdc_tsw
20:32:02.0 (75831107)|ENTERING_MANAGED_PKG|tdc_tsw
20:32:02.0 (76450338)|ENTERING_MANAGED_PKG|tdc_tsw
20:32:02.0 (77710014)|ENTERING_MANAGED_PKG|tdc_tsw
20:32:02.0 (79121577)|ENTERING_MANAGED_PKG|tdc_tsw
20:32:02.0 (79446967)|ENTERING_MANAGED_PKG|tdc_tsw
20:32:02.0 (80007929)|ENTERING_MANAGED_PKG|tdc_tsw
20:32:02.0 (81311322)|ENTERING_MANAGED_PKG|tdc_tsw
20:32:02.0 (82296435)|ENTERING_MANAGED_PKG|tdc_tsw
20:32:02.0 (82554674)|ENTERING_MANAGED_PKG|tdc_tsw
20:32:02.0 (83108389)|ENTERING_MANAGED_PKG|tdc_tsw
20:32:02.0 (84613982)|ENTERING_MANAGED_PKG|tdc_tsw
20:32:02.0 (85549975)|ENTERING_MANAGED_PKG|tdc_tsw
20:32:02.0 (85789630)|ENTERING_MANAGED_PKG|tdc_tsw
20:32:02.0 (86208394)|ENTERING_MANAGED_PKG|tdc_tsw
20:32:02.0 (87573410)|ENTERING_MANAGED_PKG|tdc_tsw
20:32:02.0 (88529257)|ENTERING_MANAGED_PKG|tdc_tsw
20:32:02.0 (88771836)|ENTERING_MANAGED_PKG|tdc_tsw
20:32:02.0 (89414175)|ENTERING_MANAGED_PKG|tdc_tsw
20:32:02.0 (90700849)|ENTERING_MANAGED_PKG|tdc_tsw
20:32:02.0 (91507526)|ENTERING_MANAGED_PKG|tdc_tsw
20:32:02.0 (91750057)|ENTERING_MANAGED_PKG|tdc_tsw
20:32:02.0 (92213786)|ENTERING_MANAGED_PKG|tdc_tsw
20:32:02.0 (93614168)|ENTERING_MANAGED_PKG|tdc_tsw
20:32:02.0 (94439500)|ENTERING_MANAGED_PKG|tdc_tsw
20:32:02.0 (94842939)|ENTERING_MANAGED_PKG|tdc_tsw
20:32:02.0 (95478040)|ENTERING_MANAGED_PKG|tdc_tsw
20:32:02.0 (96793271)|ENTERING_MANAGED_PKG|tdc_tsw
20:32:02.0 (97582846)|ENTERING_MANAGED_PKG|tdc_tsw
20:32:02.0 (97822626)|ENTERING_MANAGED_PKG|tdc_tsw
20:32:02.0 (98230075)|ENTERING_MANAGED_PKG|tdc_tsw
20:32:02.0 (99370987)|ENTERING_MANAGED_PKG|tdc_tsw
20:32:02.0 (100148644)|ENTERING_MANAGED_PKG|tdc_tsw
20:32:02.0 (100393879)|ENTERING_MANAGED_PKG|tdc_tsw
20:32:02.0 (100906701)|ENTERING_MANAGED_PKG|tdc_tsw
20:32:02.0 (102491371)|ENTERING_MANAGED_PKG|tdc_tsw
20:32:02.0 (103499696)|ENTERING_MANAGED_PKG|tdc_tsw
20:32:02.0 (103747556)|ENTERING_MANAGED_PKG|tdc_tsw
20:32:02.0 (104320942)|ENTERING_MANAGED_PKG|tdc_tsw
20:32:02.0 (106114065)|ENTERING_MANAGED_PKG|tdc_tsw
20:32:02.0 (106959616)|ENTERING_MANAGED_PKG|tdc_tsw
20:32:02.0 (107194183)|ENTERING_MANAGED_PKG|tdc_tsw
20:32:02.0 (107680509)|ENTERING_MANAGED_PKG|tdc_tsw
20:32:02.0 (109783092)|ENTERING_MANAGED_PKG|tdc_tsw
20:32:02.0 (111203952)|ENTERING_MANAGED_PKG|tdc_tsw
20:32:02.0 (111524260)|ENTERING_MANAGED_PKG|tdc_tsw
20:32:02.0 (111940546)|ENTERING_MANAGED_PKG|tdc_tsw
20:32:02.0 (113094497)|ENTERING_MANAGED_PKG|tdc_tsw
20:32:02.0 (113914798)|ENTERING_MANAGED_PKG|tdc_tsw
20:32:02.0 (114127402)|ENTERING_MANAGED_PKG|tdc_tsw
20:32:02.0 (114591458)|ENTERING_MANAGED_PKG|tdc_tsw
20:32:02.0 (116187163)|ENTERING_MANAGED_PKG|tdc_tsw
20:32:02.0 (117123806)|ENTERING_MANAGED_PKG|tdc_tsw
20:32:02.0 (117339764)|ENTERING_MANAGED_PKG|tdc_tsw
20:32:02.0 (118057746)|ENTERING_MANAGED_PKG|tdc_tsw
20:32:02.0 (119368602)|ENTERING_MANAGED_PKG|tdc_tsw
20:32:02.0 (120322373)|ENTERING_MANAGED_PKG|tdc_tsw
20:32:02.0 (120578736)|ENTERING_MANAGED_PKG|tdc_tsw
20:32:02.0 (121184525)|ENTERING_MANAGED_PKG|tdc_tsw
20:32:02.0 (122664278)|ENTERING_MANAGED_PKG|tdc_tsw
20:32:02.0 (123611433)|ENTERING_MANAGED_PKG|tdc_tsw
20:32:02.0 (123926817)|ENTERING_MANAGED_PKG|tdc_tsw
20:32:02.0 (124518492)|ENTERING_MANAGED_PKG|tdc_tsw
20:32:02.0 (125881681)|ENTERING_MANAGED_PKG|tdc_tsw
20:32:02.0 (126938824)|ENTERING_MANAGED_PKG|tdc_tsw
20:32:02.0 (127060194)|ENTERING_MANAGED_PKG|tdc_tsw
20:32:02.0 (127686271)|SOQL_EXECUTE_BEGIN|[200]|Aggregations:0|SELECT Name, NamespacePrefix, SystemModStamp FROM StaticResource WHERE Name LIKE :tmpVar1 LIMIT 10
20:32:02.0 (131415735)|SOQL_EXECUTE_END|[200]|Rows:1
20:32:02.0 (132277983)|ENTERING_MANAGED_PKG|tdc_tsw
20:32:02.0 (132663183)|SOQL_EXECUTE_BEGIN|[200]|Aggregations:0|SELECT Name, NamespacePrefix, SystemModStamp FROM StaticResource WHERE Name LIKE :tmpVar1 LIMIT 10
20:32:02.0 (135204542)|SOQL_EXECUTE_END|[200]|Rows:1
20:32:02.0 (135645896)|ENTERING_MANAGED_PKG|tdc_tsw
20:32:02.0 (139261898)|ENTERING_MANAGED_PKG|tdc_tsw
20:32:02.0 (140813310)|ENTERING_MANAGED_PKG|tdc_tsw
20:32:02.0 (141120949)|ENTERING_MANAGED_PKG|tdc_tsw
20:32:02.0 (141953471)|ENTERING_MANAGED_PKG|tdc_tsw
20:32:02.0 (142379533)|SOQL_EXECUTE_BEGIN|[200]|Aggregations:0|SELECT Name, NamespacePrefix, SystemModStamp FROM StaticResource WHERE Name LIKE :tmpVar1 LIMIT 10
20:32:02.0 (145143309)|SOQL_EXECUTE_END|[200]|Rows:1
20:32:02.152 (152468255)|USER_INFO|[EXTERNAL]|0051H000009gxp8|chanida.dev2@solvedbysoftwareco.com|Eastern Standard Time|GMT-05:00
20:32:02.152 (154063921)|ENTERING_MANAGED_PKG|tdc_tsw
20:32:02.152 (154281763)|ENTERING_MANAGED_PKG|tdc_tsw
20:32:02.152 (156859937)|SOQL_EXECUTE_BEGIN|[355]|Aggregations:0|SELECT id, name, Disable_Incoming_SMS_Sharing__c FROM User WHERE id = :tmpVar1
20:32:02.152 (162898960)|SOQL_EXECUTE_END|[355]|Rows:1
20:32:02.152 (163939164)|SOQL_EXECUTE_BEGIN|[367]|Aggregations:0|SELECT CreatedDate,Id,LastModifiedDate,Related_Object_Id__c FROM Message__c WHERE Name = 'Incoming' AND Read__c = false ORDER BY CreatedDate Desc limit 100
20:32:02.152 (171532944)|SOQL_EXECUTE_END|[367]|Rows:94
