44.0 APEX_CODE,FINEST;APEX_PROFILING,INFO;CALLOUT,INFO;DB,INFO;NBA,INFO;SYSTEM,DEBUG;VALIDATION,INFO;VISUALFORCE,INFO;WAVE,INFO;WORKFLOW,INFO
13:59:54.0 (140349)|USER_INFO|[EXTERNAL]|0051H000009gxp8|chanida.dev2@solvedbysoftwareco.com|Eastern Standard Time|GMT-05:00
13:59:54.0 (1692276)|ENTERING_MANAGED_PKG|tdc_tsw
13:59:54.0 (2106473)|ENTERING_MANAGED_PKG|tdc_tsw
13:59:54.0 (5634472)|SOQL_EXECUTE_BEGIN|[16]|Aggregations:0|SELECT id, name, Disable_Incoming_SMS_Sharing__c FROM User WHERE id = :tmpVar1
13:59:54.0 (24575810)|SOQL_EXECUTE_END|[16]|Rows:1
13:59:54.0 (30104757)|SOQL_EXECUTE_BEGIN|[37]|Aggregations:0|SELECT CreatedDate,Created_Date__c,Id,LastModifiedDate,MessageId__c,Message_Text_New__c,Name,OwnerId,Read__c,Related_Object_Id__c,Related_Object__c,Sender_Number__c, Sender_Name__c,ToNumber__c,Attachments_Ids__c FROM Message__c WHERE Name = 'Incoming' AND Read__c = false ORDER BY CreatedDate Desc limit 100
13:59:54.0 (46216170)|SOQL_EXECUTE_END|[37]|Rows:100
13:59:54.0 (62760657)|ENTERING_MANAGED_PKG|tdc_tsw
13:59:54.0 (64388388)|ENTERING_MANAGED_PKG|tdc_tsw
13:59:54.0 (64859099)|ENTERING_MANAGED_PKG|tdc_tsw
13:59:54.0 (65488672)|ENTERING_MANAGED_PKG|tdc_tsw
13:59:54.0 (68113001)|ENTERING_MANAGED_PKG|tdc_tsw
13:59:54.0 (68855943)|ENTERING_MANAGED_PKG|tdc_tsw
13:59:54.0 (69092751)|ENTERING_MANAGED_PKG|tdc_tsw
13:59:54.0 (69488478)|ENTERING_MANAGED_PKG|tdc_tsw
13:59:54.0 (70571647)|ENTERING_MANAGED_PKG|tdc_tsw
13:59:54.0 (71294303)|ENTERING_MANAGED_PKG|tdc_tsw
13:59:54.0 (71521691)|ENTERING_MANAGED_PKG|tdc_tsw
13:59:54.0 (71893606)|ENTERING_MANAGED_PKG|tdc_tsw
13:59:54.0 (72947564)|ENTERING_MANAGED_PKG|tdc_tsw
13:59:54.0 (73682567)|ENTERING_MANAGED_PKG|tdc_tsw
13:59:54.0 (73947531)|ENTERING_MANAGED_PKG|tdc_tsw
13:59:54.0 (74384621)|ENTERING_MANAGED_PKG|tdc_tsw
13:59:54.0 (75445809)|ENTERING_MANAGED_PKG|tdc_tsw
13:59:54.0 (76181915)|ENTERING_MANAGED_PKG|tdc_tsw
13:59:54.0 (76409295)|ENTERING_MANAGED_PKG|tdc_tsw
13:59:54.0 (76787974)|ENTERING_MANAGED_PKG|tdc_tsw
13:59:54.0 (77848048)|ENTERING_MANAGED_PKG|tdc_tsw
13:59:54.0 (78571458)|ENTERING_MANAGED_PKG|tdc_tsw
13:59:54.0 (78775413)|ENTERING_MANAGED_PKG|tdc_tsw
13:59:54.0 (79184779)|ENTERING_MANAGED_PKG|tdc_tsw
13:59:54.0 (80274304)|ENTERING_MANAGED_PKG|tdc_tsw
13:59:54.0 (80998521)|ENTERING_MANAGED_PKG|tdc_tsw
13:59:54.0 (81229656)|ENTERING_MANAGED_PKG|tdc_tsw
13:59:54.0 (81608373)|ENTERING_MANAGED_PKG|tdc_tsw
13:59:54.0 (82658442)|ENTERING_MANAGED_PKG|tdc_tsw
13:59:54.0 (83385040)|ENTERING_MANAGED_PKG|tdc_tsw
13:59:54.0 (83611676)|ENTERING_MANAGED_PKG|tdc_tsw
13:59:54.0 (83989315)|ENTERING_MANAGED_PKG|tdc_tsw
13:59:54.0 (85045845)|ENTERING_MANAGED_PKG|tdc_tsw
13:59:54.0 (85779948)|ENTERING_MANAGED_PKG|tdc_tsw
13:59:54.0 (86004992)|ENTERING_MANAGED_PKG|tdc_tsw
13:59:54.0 (86391763)|ENTERING_MANAGED_PKG|tdc_tsw
13:59:54.0 (87449673)|ENTERING_MANAGED_PKG|tdc_tsw
13:59:54.0 (88186017)|ENTERING_MANAGED_PKG|tdc_tsw
13:59:54.0 (88411883)|ENTERING_MANAGED_PKG|tdc_tsw
13:59:54.0 (88805462)|ENTERING_MANAGED_PKG|tdc_tsw
13:59:54.0 (89863494)|ENTERING_MANAGED_PKG|tdc_tsw
13:59:54.0 (90582725)|ENTERING_MANAGED_PKG|tdc_tsw
13:59:54.0 (90809362)|ENTERING_MANAGED_PKG|tdc_tsw
13:59:54.0 (91198492)|ENTERING_MANAGED_PKG|tdc_tsw
13:59:54.0 (92255056)|ENTERING_MANAGED_PKG|tdc_tsw
13:59:54.0 (92966560)|ENTERING_MANAGED_PKG|tdc_tsw
13:59:54.0 (93202051)|ENTERING_MANAGED_PKG|tdc_tsw
13:59:54.0 (93580538)|ENTERING_MANAGED_PKG|tdc_tsw
13:59:54.0 (94635932)|ENTERING_MANAGED_PKG|tdc_tsw
13:59:54.0 (95348942)|ENTERING_MANAGED_PKG|tdc_tsw
13:59:54.0 (95574995)|ENTERING_MANAGED_PKG|tdc_tsw
13:59:54.0 (95952692)|ENTERING_MANAGED_PKG|tdc_tsw
13:59:54.0 (97017118)|ENTERING_MANAGED_PKG|tdc_tsw
13:59:54.0 (97737525)|ENTERING_MANAGED_PKG|tdc_tsw
13:59:54.0 (97963612)|ENTERING_MANAGED_PKG|tdc_tsw
13:59:54.0 (98349102)|ENTERING_MANAGED_PKG|tdc_tsw
13:59:54.0 (99419624)|ENTERING_MANAGED_PKG|tdc_tsw
13:59:54.0 (100156528)|ENTERING_MANAGED_PKG|tdc_tsw
13:59:54.0 (100385595)|ENTERING_MANAGED_PKG|tdc_tsw
13:59:54.0 (100767143)|ENTERING_MANAGED_PKG|tdc_tsw
13:59:54.0 (101825344)|ENTERING_MANAGED_PKG|tdc_tsw
13:59:54.0 (102547169)|ENTERING_MANAGED_PKG|tdc_tsw
13:59:54.0 (102773854)|ENTERING_MANAGED_PKG|tdc_tsw
13:59:54.0 (103160316)|ENTERING_MANAGED_PKG|tdc_tsw
13:59:54.0 (104222423)|ENTERING_MANAGED_PKG|tdc_tsw
13:59:54.0 (105261191)|ENTERING_MANAGED_PKG|tdc_tsw
13:59:54.0 (105488865)|ENTERING_MANAGED_PKG|tdc_tsw
13:59:54.0 (105867187)|ENTERING_MANAGED_PKG|tdc_tsw
13:59:54.0 (106946355)|ENTERING_MANAGED_PKG|tdc_tsw
13:59:54.0 (107669166)|ENTERING_MANAGED_PKG|tdc_tsw
13:59:54.0 (107894730)|ENTERING_MANAGED_PKG|tdc_tsw
13:59:54.0 (108283348)|ENTERING_MANAGED_PKG|tdc_tsw
13:59:54.0 (109344626)|ENTERING_MANAGED_PKG|tdc_tsw
13:59:54.0 (110055435)|ENTERING_MANAGED_PKG|tdc_tsw
13:59:54.0 (110292324)|ENTERING_MANAGED_PKG|tdc_tsw
13:59:54.0 (110673188)|ENTERING_MANAGED_PKG|tdc_tsw
13:59:54.0 (111734477)|ENTERING_MANAGED_PKG|tdc_tsw
13:59:54.0 (112462594)|ENTERING_MANAGED_PKG|tdc_tsw
13:59:54.0 (112689844)|ENTERING_MANAGED_PKG|tdc_tsw
13:59:54.0 (113067296)|ENTERING_MANAGED_PKG|tdc_tsw
13:59:54.0 (114153989)|ENTERING_MANAGED_PKG|tdc_tsw
13:59:54.0 (114904606)|ENTERING_MANAGED_PKG|tdc_tsw
13:59:54.0 (115142093)|ENTERING_MANAGED_PKG|tdc_tsw
13:59:54.0 (115532485)|ENTERING_MANAGED_PKG|tdc_tsw
13:59:54.0 (116592900)|ENTERING_MANAGED_PKG|tdc_tsw
13:59:54.0 (117318326)|ENTERING_MANAGED_PKG|tdc_tsw
13:59:54.0 (117544567)|ENTERING_MANAGED_PKG|tdc_tsw
13:59:54.0 (117921416)|ENTERING_MANAGED_PKG|tdc_tsw
13:59:54.0 (118981492)|ENTERING_MANAGED_PKG|tdc_tsw
13:59:54.0 (119709213)|ENTERING_MANAGED_PKG|tdc_tsw
13:59:54.0 (119936872)|ENTERING_MANAGED_PKG|tdc_tsw
13:59:54.0 (120324680)|ENTERING_MANAGED_PKG|tdc_tsw
13:59:54.0 (121400291)|ENTERING_MANAGED_PKG|tdc_tsw
13:59:54.0 (122118576)|ENTERING_MANAGED_PKG|tdc_tsw
13:59:54.0 (122344347)|ENTERING_MANAGED_PKG|tdc_tsw
13:59:54.0 (122723241)|ENTERING_MANAGED_PKG|tdc_tsw
13:59:54.0 (123782273)|ENTERING_MANAGED_PKG|tdc_tsw
13:59:54.0 (124508705)|ENTERING_MANAGED_PKG|tdc_tsw
13:59:54.0 (124734816)|ENTERING_MANAGED_PKG|tdc_tsw
13:59:54.0 (125120067)|ENTERING_MANAGED_PKG|tdc_tsw
13:59:54.0 (126177177)|ENTERING_MANAGED_PKG|tdc_tsw
13:59:54.0 (126890747)|ENTERING_MANAGED_PKG|tdc_tsw
13:59:54.0 (127127913)|ENTERING_MANAGED_PKG|tdc_tsw
13:59:54.0 (127512598)|ENTERING_MANAGED_PKG|tdc_tsw
13:59:54.0 (128578357)|ENTERING_MANAGED_PKG|tdc_tsw
13:59:54.0 (129302774)|ENTERING_MANAGED_PKG|tdc_tsw
13:59:54.0 (129529824)|ENTERING_MANAGED_PKG|tdc_tsw
13:59:54.0 (129907297)|ENTERING_MANAGED_PKG|tdc_tsw
13:59:54.0 (130989782)|ENTERING_MANAGED_PKG|tdc_tsw
13:59:54.0 (131730097)|ENTERING_MANAGED_PKG|tdc_tsw
13:59:54.0 (131956808)|ENTERING_MANAGED_PKG|tdc_tsw
13:59:54.0 (132347827)|ENTERING_MANAGED_PKG|tdc_tsw
13:59:54.0 (133414685)|ENTERING_MANAGED_PKG|tdc_tsw
13:59:54.0 (134148556)|ENTERING_MANAGED_PKG|tdc_tsw
13:59:54.0 (134376372)|ENTERING_MANAGED_PKG|tdc_tsw
13:59:54.0 (134752282)|ENTERING_MANAGED_PKG|tdc_tsw
13:59:54.0 (135809884)|ENTERING_MANAGED_PKG|tdc_tsw
13:59:54.0 (136528458)|ENTERING_MANAGED_PKG|tdc_tsw
13:59:54.0 (136754321)|ENTERING_MANAGED_PKG|tdc_tsw
13:59:54.0 (137137214)|ENTERING_MANAGED_PKG|tdc_tsw
13:59:54.0 (138186210)|ENTERING_MANAGED_PKG|tdc_tsw
13:59:54.0 (138891861)|ENTERING_MANAGED_PKG|tdc_tsw
13:59:54.0 (139130246)|ENTERING_MANAGED_PKG|tdc_tsw
13:59:54.0 (139508405)|ENTERING_MANAGED_PKG|tdc_tsw
13:59:54.0 (140559686)|ENTERING_MANAGED_PKG|tdc_tsw
13:59:54.0 (141274765)|ENTERING_MANAGED_PKG|tdc_tsw
13:59:54.0 (141500708)|ENTERING_MANAGED_PKG|tdc_tsw
13:59:54.0 (141877297)|ENTERING_MANAGED_PKG|tdc_tsw
13:59:54.0 (142945395)|ENTERING_MANAGED_PKG|tdc_tsw
13:59:54.0 (143664382)|ENTERING_MANAGED_PKG|tdc_tsw
13:59:54.0 (143890503)|ENTERING_MANAGED_PKG|tdc_tsw
13:59:54.0 (144276867)|ENTERING_MANAGED_PKG|tdc_tsw
13:59:54.0 (145329931)|ENTERING_MANAGED_PKG|tdc_tsw
13:59:54.0 (146037854)|ENTERING_MANAGED_PKG|tdc_tsw
13:59:54.0 (146268648)|ENTERING_MANAGED_PKG|tdc_tsw
13:59:54.0 (146645204)|ENTERING_MANAGED_PKG|tdc_tsw
13:59:54.0 (147696015)|ENTERING_MANAGED_PKG|tdc_tsw
13:59:54.0 (148412157)|ENTERING_MANAGED_PKG|tdc_tsw
13:59:54.0 (148637380)|ENTERING_MANAGED_PKG|tdc_tsw
13:59:54.0 (149015522)|ENTERING_MANAGED_PKG|tdc_tsw
13:59:54.0 (150080000)|ENTERING_MANAGED_PKG|tdc_tsw
13:59:54.0 (150790159)|ENTERING_MANAGED_PKG|tdc_tsw
13:59:54.0 (151015392)|ENTERING_MANAGED_PKG|tdc_tsw
13:59:54.0 (151413236)|ENTERING_MANAGED_PKG|tdc_tsw
13:59:54.0 (152465214)|ENTERING_MANAGED_PKG|tdc_tsw
13:59:54.0 (153179194)|ENTERING_MANAGED_PKG|tdc_tsw
13:59:54.0 (153405261)|ENTERING_MANAGED_PKG|tdc_tsw
13:59:54.0 (153783618)|ENTERING_MANAGED_PKG|tdc_tsw
13:59:54.0 (154836852)|ENTERING_MANAGED_PKG|tdc_tsw
13:59:54.0 (155554681)|ENTERING_MANAGED_PKG|tdc_tsw
13:59:54.0 (155780341)|ENTERING_MANAGED_PKG|tdc_tsw
13:59:54.0 (156167963)|ENTERING_MANAGED_PKG|tdc_tsw
13:59:54.0 (157216061)|ENTERING_MANAGED_PKG|tdc_tsw
13:59:54.0 (157919069)|ENTERING_MANAGED_PKG|tdc_tsw
13:59:54.0 (158151929)|ENTERING_MANAGED_PKG|tdc_tsw
13:59:54.0 (158530858)|ENTERING_MANAGED_PKG|tdc_tsw
13:59:54.0 (159582282)|ENTERING_MANAGED_PKG|tdc_tsw
13:59:54.0 (160308486)|ENTERING_MANAGED_PKG|tdc_tsw
13:59:54.0 (160533192)|ENTERING_MANAGED_PKG|tdc_tsw
13:59:54.0 (160909908)|ENTERING_MANAGED_PKG|tdc_tsw
13:59:54.0 (161964570)|ENTERING_MANAGED_PKG|tdc_tsw
13:59:54.0 (162679647)|ENTERING_MANAGED_PKG|tdc_tsw
13:59:54.0 (162904554)|ENTERING_MANAGED_PKG|tdc_tsw
13:59:54.0 (163291029)|ENTERING_MANAGED_PKG|tdc_tsw
13:59:54.0 (164343373)|ENTERING_MANAGED_PKG|tdc_tsw
13:59:54.0 (165051292)|ENTERING_MANAGED_PKG|tdc_tsw
13:59:54.0 (165281671)|ENTERING_MANAGED_PKG|tdc_tsw
13:59:54.0 (165723212)|ENTERING_MANAGED_PKG|tdc_tsw
13:59:54.0 (166778443)|ENTERING_MANAGED_PKG|tdc_tsw
13:59:54.0 (167499725)|ENTERING_MANAGED_PKG|tdc_tsw
13:59:54.0 (167726351)|ENTERING_MANAGED_PKG|tdc_tsw
13:59:54.0 (168118892)|ENTERING_MANAGED_PKG|tdc_tsw
13:59:54.0 (169178808)|ENTERING_MANAGED_PKG|tdc_tsw
13:59:54.0 (169891409)|ENTERING_MANAGED_PKG|tdc_tsw
13:59:54.0 (170125690)|ENTERING_MANAGED_PKG|tdc_tsw
13:59:54.0 (170506707)|ENTERING_MANAGED_PKG|tdc_tsw
13:59:54.0 (171569478)|ENTERING_MANAGED_PKG|tdc_tsw
13:59:54.0 (172293958)|ENTERING_MANAGED_PKG|tdc_tsw
13:59:54.0 (172520397)|ENTERING_MANAGED_PKG|tdc_tsw
13:59:54.0 (172898609)|ENTERING_MANAGED_PKG|tdc_tsw
13:59:54.0 (173951572)|ENTERING_MANAGED_PKG|tdc_tsw
13:59:54.0 (174672673)|ENTERING_MANAGED_PKG|tdc_tsw
13:59:54.0 (174898059)|ENTERING_MANAGED_PKG|tdc_tsw
13:59:54.0 (175287628)|ENTERING_MANAGED_PKG|tdc_tsw
13:59:54.0 (176335503)|ENTERING_MANAGED_PKG|tdc_tsw
13:59:54.0 (177041280)|ENTERING_MANAGED_PKG|tdc_tsw
13:59:54.0 (177275121)|ENTERING_MANAGED_PKG|tdc_tsw
13:59:54.0 (177652481)|ENTERING_MANAGED_PKG|tdc_tsw
13:59:54.0 (178709502)|ENTERING_MANAGED_PKG|tdc_tsw
13:59:54.0 (179426411)|ENTERING_MANAGED_PKG|tdc_tsw
13:59:54.0 (179651635)|ENTERING_MANAGED_PKG|tdc_tsw
13:59:54.0 (180033921)|ENTERING_MANAGED_PKG|tdc_tsw
13:59:54.0 (181091028)|ENTERING_MANAGED_PKG|tdc_tsw
13:59:54.0 (181796123)|ENTERING_MANAGED_PKG|tdc_tsw
13:59:54.0 (182020851)|ENTERING_MANAGED_PKG|tdc_tsw
13:59:54.0 (182409765)|ENTERING_MANAGED_PKG|tdc_tsw
13:59:54.0 (183521279)|ENTERING_MANAGED_PKG|tdc_tsw
13:59:54.0 (184239795)|ENTERING_MANAGED_PKG|tdc_tsw
13:59:54.0 (184466537)|ENTERING_MANAGED_PKG|tdc_tsw
13:59:54.0 (184842465)|ENTERING_MANAGED_PKG|tdc_tsw
13:59:54.0 (185895074)|ENTERING_MANAGED_PKG|tdc_tsw
13:59:54.0 (186611305)|ENTERING_MANAGED_PKG|tdc_tsw
13:59:54.0 (186836304)|ENTERING_MANAGED_PKG|tdc_tsw
13:59:54.0 (187228393)|ENTERING_MANAGED_PKG|tdc_tsw
13:59:54.0 (188292902)|ENTERING_MANAGED_PKG|tdc_tsw
13:59:54.0 (189003138)|ENTERING_MANAGED_PKG|tdc_tsw
13:59:54.0 (189235678)|ENTERING_MANAGED_PKG|tdc_tsw
13:59:54.0 (189611018)|ENTERING_MANAGED_PKG|tdc_tsw
13:59:54.0 (190665787)|ENTERING_MANAGED_PKG|tdc_tsw
13:59:54.0 (191380151)|ENTERING_MANAGED_PKG|tdc_tsw
13:59:54.0 (191604915)|ENTERING_MANAGED_PKG|tdc_tsw
13:59:54.0 (191979210)|ENTERING_MANAGED_PKG|tdc_tsw
13:59:54.0 (193029726)|ENTERING_MANAGED_PKG|tdc_tsw
13:59:54.0 (193750612)|ENTERING_MANAGED_PKG|tdc_tsw
13:59:54.0 (193974486)|ENTERING_MANAGED_PKG|tdc_tsw
13:59:54.0 (194359027)|ENTERING_MANAGED_PKG|tdc_tsw
13:59:54.0 (195405895)|ENTERING_MANAGED_PKG|tdc_tsw
13:59:54.0 (196127366)|ENTERING_MANAGED_PKG|tdc_tsw
13:59:54.0 (196352711)|ENTERING_MANAGED_PKG|tdc_tsw
13:59:54.0 (196728962)|ENTERING_MANAGED_PKG|tdc_tsw
13:59:54.0 (197778010)|ENTERING_MANAGED_PKG|tdc_tsw
13:59:54.0 (198499559)|ENTERING_MANAGED_PKG|tdc_tsw
13:59:54.0 (198725061)|ENTERING_MANAGED_PKG|tdc_tsw
13:59:54.0 (199109017)|ENTERING_MANAGED_PKG|tdc_tsw
13:59:54.0 (200180801)|ENTERING_MANAGED_PKG|tdc_tsw
13:59:54.0 (200892593)|ENTERING_MANAGED_PKG|tdc_tsw
13:59:54.0 (201130752)|ENTERING_MANAGED_PKG|tdc_tsw
13:59:54.0 (201509024)|ENTERING_MANAGED_PKG|tdc_tsw
13:59:54.0 (202579707)|ENTERING_MANAGED_PKG|tdc_tsw
13:59:54.0 (203299527)|ENTERING_MANAGED_PKG|tdc_tsw
13:59:54.0 (203525087)|ENTERING_MANAGED_PKG|tdc_tsw
13:59:54.0 (203902595)|ENTERING_MANAGED_PKG|tdc_tsw
13:59:54.0 (204957527)|ENTERING_MANAGED_PKG|tdc_tsw
13:59:54.0 (205675938)|ENTERING_MANAGED_PKG|tdc_tsw
13:59:54.0 (205902760)|ENTERING_MANAGED_PKG|tdc_tsw
13:59:54.0 (206288280)|ENTERING_MANAGED_PKG|tdc_tsw
13:59:54.0 (207341498)|ENTERING_MANAGED_PKG|tdc_tsw
13:59:54.0 (208053494)|ENTERING_MANAGED_PKG|tdc_tsw
13:59:54.0 (208288260)|ENTERING_MANAGED_PKG|tdc_tsw
13:59:54.0 (208664751)|ENTERING_MANAGED_PKG|tdc_tsw
13:59:54.0 (209715437)|ENTERING_MANAGED_PKG|tdc_tsw
13:59:54.0 (210435465)|ENTERING_MANAGED_PKG|tdc_tsw
13:59:54.0 (210662504)|ENTERING_MANAGED_PKG|tdc_tsw
13:59:54.0 (211041776)|ENTERING_MANAGED_PKG|tdc_tsw
13:59:54.0 (212103168)|ENTERING_MANAGED_PKG|tdc_tsw
13:59:54.0 (212818039)|ENTERING_MANAGED_PKG|tdc_tsw
13:59:54.0 (213018425)|ENTERING_MANAGED_PKG|tdc_tsw
13:59:54.0 (213403805)|ENTERING_MANAGED_PKG|tdc_tsw
13:59:54.0 (214577344)|ENTERING_MANAGED_PKG|tdc_tsw
13:59:54.0 (215495021)|ENTERING_MANAGED_PKG|tdc_tsw
13:59:54.0 (215563694)|ENTERING_MANAGED_PKG|tdc_tsw
13:59:54.0 (216152293)|SOQL_EXECUTE_BEGIN|[200]|Aggregations:0|SELECT Name, NamespacePrefix, SystemModStamp FROM StaticResource WHERE Name LIKE :tmpVar1 LIMIT 10
13:59:54.0 (219422290)|SOQL_EXECUTE_END|[200]|Rows:1
13:59:54.0 (220263542)|ENTERING_MANAGED_PKG|tdc_tsw
13:59:54.0 (220663948)|SOQL_EXECUTE_BEGIN|[200]|Aggregations:0|SELECT Name, NamespacePrefix, SystemModStamp FROM StaticResource WHERE Name LIKE :tmpVar1 LIMIT 10
13:59:54.0 (223282075)|SOQL_EXECUTE_END|[200]|Rows:1
13:59:54.0 (223678658)|ENTERING_MANAGED_PKG|tdc_tsw
13:59:54.0 (227135423)|ENTERING_MANAGED_PKG|tdc_tsw
13:59:54.0 (228671353)|ENTERING_MANAGED_PKG|tdc_tsw
13:59:54.0 (228976625)|ENTERING_MANAGED_PKG|tdc_tsw
13:59:54.0 (230237980)|ENTERING_MANAGED_PKG|tdc_tsw
13:59:54.0 (230709218)|SOQL_EXECUTE_BEGIN|[200]|Aggregations:0|SELECT Name, NamespacePrefix, SystemModStamp FROM StaticResource WHERE Name LIKE :tmpVar1 LIMIT 10
13:59:54.0 (234106526)|SOQL_EXECUTE_END|[200]|Rows:1
13:59:54.245 (245186632)|USER_INFO|[EXTERNAL]|0051H000009gxp8|chanida.dev2@solvedbysoftwareco.com|Eastern Standard Time|GMT-05:00
13:59:54.245 (247059806)|ENTERING_MANAGED_PKG|tdc_tsw
13:59:54.245 (247318681)|ENTERING_MANAGED_PKG|tdc_tsw
13:59:54.245 (249931423)|SOQL_EXECUTE_BEGIN|[355]|Aggregations:0|SELECT id, name, Disable_Incoming_SMS_Sharing__c FROM User WHERE id = :tmpVar1
13:59:54.245 (256215704)|SOQL_EXECUTE_END|[355]|Rows:1
13:59:54.245 (257403084)|SOQL_EXECUTE_BEGIN|[367]|Aggregations:0|SELECT CreatedDate,Id,LastModifiedDate,Related_Object_Id__c FROM Message__c WHERE Name = 'Incoming' AND Read__c = false ORDER BY CreatedDate Desc limit 100
13:59:54.245 (267916899)|SOQL_EXECUTE_END|[367]|Rows:100
