44.0 APEX_CODE,FINEST;APEX_PROFILING,INFO;CALLOUT,INFO;DB,INFO;NBA,INFO;SYSTEM,DEBUG;VALIDATION,INFO;VISUALFORCE,INFO;WAVE,INFO;WORKFLOW,INFO
19:41:06.0 (115720)|USER_INFO|[EXTERNAL]|0051H000009gxp8|chanida.dev2@solvedbysoftwareco.com|Eastern Standard Time|GMT-05:00
19:41:06.0 (1614333)|ENTERING_MANAGED_PKG|tdc_tsw
19:41:06.0 (2036901)|ENTERING_MANAGED_PKG|tdc_tsw
19:41:06.0 (5694846)|SOQL_EXECUTE_BEGIN|[16]|Aggregations:0|SELECT id, name, Disable_Incoming_SMS_Sharing__c FROM User WHERE id = :tmpVar1
19:41:06.0 (11840080)|SOQL_EXECUTE_END|[16]|Rows:1
19:41:06.0 (16964086)|SOQL_EXECUTE_BEGIN|[37]|Aggregations:0|SELECT CreatedDate,Created_Date__c,Id,LastModifiedDate,MessageId__c,Message_Text_New__c,Name,OwnerId,Read__c,Related_Object_Id__c,Related_Object__c,Sender_Number__c, Sender_Name__c,ToNumber__c,Attachments_Ids__c FROM Message__c WHERE Name = 'Incoming' AND Read__c = false ORDER BY CreatedDate Desc limit 100
19:41:06.0 (30880478)|SOQL_EXECUTE_END|[37]|Rows:77
19:41:06.0 (43761739)|ENTERING_MANAGED_PKG|tdc_tsw
19:41:06.0 (45327418)|ENTERING_MANAGED_PKG|tdc_tsw
19:41:06.0 (45812606)|ENTERING_MANAGED_PKG|tdc_tsw
19:41:06.0 (46455416)|ENTERING_MANAGED_PKG|tdc_tsw
19:41:06.0 (49093469)|ENTERING_MANAGED_PKG|tdc_tsw
19:41:06.0 (49848508)|ENTERING_MANAGED_PKG|tdc_tsw
19:41:06.0 (50074238)|ENTERING_MANAGED_PKG|tdc_tsw
19:41:06.0 (50451175)|ENTERING_MANAGED_PKG|tdc_tsw
19:41:06.0 (51489791)|ENTERING_MANAGED_PKG|tdc_tsw
19:41:06.0 (52235773)|ENTERING_MANAGED_PKG|tdc_tsw
19:41:06.0 (52461635)|ENTERING_MANAGED_PKG|tdc_tsw
19:41:06.0 (52849809)|ENTERING_MANAGED_PKG|tdc_tsw
19:41:06.0 (53911204)|ENTERING_MANAGED_PKG|tdc_tsw
19:41:06.0 (54642563)|ENTERING_MANAGED_PKG|tdc_tsw
19:41:06.0 (54851895)|ENTERING_MANAGED_PKG|tdc_tsw
19:41:06.0 (55224948)|ENTERING_MANAGED_PKG|tdc_tsw
19:41:06.0 (56263195)|ENTERING_MANAGED_PKG|tdc_tsw
19:41:06.0 (57125421)|ENTERING_MANAGED_PKG|tdc_tsw
19:41:06.0 (57350487)|ENTERING_MANAGED_PKG|tdc_tsw
19:41:06.0 (57750585)|ENTERING_MANAGED_PKG|tdc_tsw
19:41:06.0 (58858359)|ENTERING_MANAGED_PKG|tdc_tsw
19:41:06.0 (59592840)|ENTERING_MANAGED_PKG|tdc_tsw
19:41:06.0 (59793175)|ENTERING_MANAGED_PKG|tdc_tsw
19:41:06.0 (60180284)|ENTERING_MANAGED_PKG|tdc_tsw
19:41:06.0 (61224389)|ENTERING_MANAGED_PKG|tdc_tsw
19:41:06.0 (61983410)|ENTERING_MANAGED_PKG|tdc_tsw
19:41:06.0 (62183509)|ENTERING_MANAGED_PKG|tdc_tsw
19:41:06.0 (62565649)|ENTERING_MANAGED_PKG|tdc_tsw
19:41:06.0 (63614755)|ENTERING_MANAGED_PKG|tdc_tsw
19:41:06.0 (64360829)|ENTERING_MANAGED_PKG|tdc_tsw
19:41:06.0 (64585744)|ENTERING_MANAGED_PKG|tdc_tsw
19:41:06.0 (65224903)|ENTERING_MANAGED_PKG|tdc_tsw
19:41:06.0 (66385838)|ENTERING_MANAGED_PKG|tdc_tsw
19:41:06.0 (67152572)|ENTERING_MANAGED_PKG|tdc_tsw
19:41:06.0 (67377402)|ENTERING_MANAGED_PKG|tdc_tsw
19:41:06.0 (67852928)|ENTERING_MANAGED_PKG|tdc_tsw
19:41:06.0 (69125025)|ENTERING_MANAGED_PKG|tdc_tsw
19:41:06.0 (69883118)|ENTERING_MANAGED_PKG|tdc_tsw
19:41:06.0 (69953188)|ENTERING_MANAGED_PKG|tdc_tsw
19:41:06.0 (70543660)|SOQL_EXECUTE_BEGIN|[200]|Aggregations:0|SELECT Name, NamespacePrefix, SystemModStamp FROM StaticResource WHERE Name LIKE :tmpVar1 LIMIT 10
19:41:06.0 (73782585)|SOQL_EXECUTE_END|[200]|Rows:1
19:41:06.0 (74648035)|ENTERING_MANAGED_PKG|tdc_tsw
19:41:06.0 (75058319)|SOQL_EXECUTE_BEGIN|[200]|Aggregations:0|SELECT Name, NamespacePrefix, SystemModStamp FROM StaticResource WHERE Name LIKE :tmpVar1 LIMIT 10
19:41:06.0 (77837812)|SOQL_EXECUTE_END|[200]|Rows:1
19:41:06.0 (78295177)|ENTERING_MANAGED_PKG|tdc_tsw
19:41:06.0 (81314292)|ENTERING_MANAGED_PKG|tdc_tsw
19:41:06.0 (82726394)|ENTERING_MANAGED_PKG|tdc_tsw
19:41:06.0 (83007554)|ENTERING_MANAGED_PKG|tdc_tsw
19:41:06.0 (83765817)|ENTERING_MANAGED_PKG|tdc_tsw
19:41:06.0 (84102133)|SOQL_EXECUTE_BEGIN|[200]|Aggregations:0|SELECT Name, NamespacePrefix, SystemModStamp FROM StaticResource WHERE Name LIKE :tmpVar1 LIMIT 10
19:41:06.0 (86129896)|SOQL_EXECUTE_END|[200]|Rows:1
19:41:06.92 (92297415)|USER_INFO|[EXTERNAL]|0051H000009gxp8|chanida.dev2@solvedbysoftwareco.com|Eastern Standard Time|GMT-05:00
19:41:06.92 (93617327)|ENTERING_MANAGED_PKG|tdc_tsw
19:41:06.92 (93785377)|ENTERING_MANAGED_PKG|tdc_tsw
19:41:06.92 (96006635)|SOQL_EXECUTE_BEGIN|[355]|Aggregations:0|SELECT id, name, Disable_Incoming_SMS_Sharing__c FROM User WHERE id = :tmpVar1
19:41:06.92 (101544499)|SOQL_EXECUTE_END|[355]|Rows:1
19:41:06.92 (102436127)|SOQL_EXECUTE_BEGIN|[367]|Aggregations:0|SELECT CreatedDate,Id,LastModifiedDate,Related_Object_Id__c FROM Message__c WHERE Name = 'Incoming' AND Read__c = false ORDER BY CreatedDate Desc limit 100
19:41:06.92 (109390591)|SOQL_EXECUTE_END|[367]|Rows:77
