44.0 APEX_CODE,FINEST;APEX_PROFILING,INFO;CALLOUT,INFO;DB,INFO;NBA,INFO;SYSTEM,DEBUG;VALIDATION,INFO;VISUALFORCE,INFO;WAVE,INFO;WORKFLOW,INFO
23:24:46.0 (164861)|USER_INFO|[EXTERNAL]|0051H000009gxp8|chanida.dev2@solvedbysoftwareco.com|Eastern Standard Time|GMT-05:00
23:24:46.0 (2781581)|ENTERING_MANAGED_PKG|tdc_tsw
23:24:46.0 (2934349)|ENTERING_MANAGED_PKG|tdc_tsw
23:24:46.0 (3366931)|ENTERING_MANAGED_PKG|tdc_tsw
23:24:46.0 (3408325)|ENTERING_MANAGED_PKG|tdc_tsw
23:24:46.0 (4111329)|ENTERING_MANAGED_PKG|tdc_tsw
23:24:46.0 (4774234)|ENTERING_MANAGED_PKG|tdc_tsw
23:24:46.0 (6103756)|ENTERING_MANAGED_PKG|tdc_tsw
23:24:46.0 (6178444)|ENTERING_MANAGED_PKG|tdc_tsw
23:24:46.0 (7283773)|ENTERING_MANAGED_PKG|tdc_tsw
23:24:46.0 (13135034)|SOQL_EXECUTE_BEGIN|[82]|Aggregations:0|SELECT CreatedDate, Id,Task_Created__c,Event_Created__c,isCaseCreated__c,Task_Id__c,Event_Id__c,Case__c, Important__c, Delivered__c, Message_Text_New__c, Name, Owner.Name, Read__c,MessageId__c, ToNumber__c, Related_Object_Id__c, Related_Object__c, Sender_Number__c, LastModifiedDate, Attachments_Ids__c FROM Message__c WHERE Contact__c =: recordId ORDER BY CreatedDate Desc limit 200
23:24:46.0 (25074590)|SOQL_EXECUTE_END|[82]|Rows:2
23:24:46.0 (26578822)|ENTERING_MANAGED_PKG|tdc_tsw
23:24:46.0 (26881285)|ENTERING_MANAGED_PKG|tdc_tsw
23:24:46.0 (26959645)|ENTERING_MANAGED_PKG|tdc_tsw
23:24:46.0 (27518132)|SOQL_EXECUTE_BEGIN|[200]|Aggregations:0|SELECT Name, NamespacePrefix, SystemModStamp FROM StaticResource WHERE Name LIKE :tmpVar1 LIMIT 10
23:24:46.0 (30208337)|SOQL_EXECUTE_END|[200]|Rows:1
23:24:46.0 (32174032)|ENTERING_MANAGED_PKG|tdc_tsw
23:24:46.0 (33652724)|ENTERING_MANAGED_PKG|tdc_tsw
23:24:46.0 (33697805)|ENTERING_MANAGED_PKG|tdc_tsw
23:24:46.0 (35415085)|ENTERING_MANAGED_PKG|tdc_tsw
23:24:46.0 (36149932)|ENTERING_MANAGED_PKG|tdc_tsw
23:24:46.0 (40425542)|SOQL_EXECUTE_BEGIN|[172]|Aggregations:0|SELECT id, name FROM ChatTranscript__c WHERE (Chat_Active__c = TRUE AND (Related_Object_Id__c = :tmpVar1 OR Related_Object_Id__c = :tmpVar2)) LIMIT 1
23:24:46.0 (43853969)|SOQL_EXECUTE_END|[172]|Rows:0
23:24:46.0 (44104939)|ENTERING_MANAGED_PKG|tdc_tsw
23:24:46.0 (44138983)|ENTERING_MANAGED_PKG|tdc_tsw
