44.0 APEX_CODE,FINEST;APEX_PROFILING,INFO;CALLOUT,INFO;DB,INFO;NBA,INFO;SYSTEM,DEBUG;VALIDATION,INFO;VISUALFORCE,INFO;WAVE,INFO;WORKFLOW,INFO
14:09:24.0 (115783)|USER_INFO|[EXTERNAL]|0051H000009gxp8|chanida.dev2@solvedbysoftwareco.com|Eastern Standard Time|GMT-05:00
14:09:24.0 (1656290)|ENTERING_MANAGED_PKG|tdc_tsw
14:09:24.0 (2039909)|ENTERING_MANAGED_PKG|tdc_tsw
14:09:24.0 (5330516)|SOQL_EXECUTE_BEGIN|[16]|Aggregations:0|SELECT id, name, Disable_Incoming_SMS_Sharing__c FROM User WHERE id = :tmpVar1
14:09:24.0 (11574372)|SOQL_EXECUTE_END|[16]|Rows:1
14:09:24.0 (17208716)|SOQL_EXECUTE_BEGIN|[37]|Aggregations:0|SELECT CreatedDate,Created_Date__c,Id,LastModifiedDate,MessageId__c,Message_Text_New__c,Name,OwnerId,Read__c,Related_Object_Id__c,Related_Object__c,Sender_Number__c, Sender_Name__c,ToNumber__c,Attachments_Ids__c FROM Message__c WHERE Name = 'Incoming' AND Read__c = false ORDER BY CreatedDate Desc limit 100
14:09:24.0 (33281938)|SOQL_EXECUTE_END|[37]|Rows:100
14:09:24.0 (50464187)|ENTERING_MANAGED_PKG|tdc_tsw
14:09:24.0 (52196468)|ENTERING_MANAGED_PKG|tdc_tsw
14:09:24.0 (52673667)|ENTERING_MANAGED_PKG|tdc_tsw
14:09:24.0 (53313984)|ENTERING_MANAGED_PKG|tdc_tsw
14:09:24.0 (56537087)|ENTERING_MANAGED_PKG|tdc_tsw
14:09:24.0 (57299262)|ENTERING_MANAGED_PKG|tdc_tsw
14:09:24.0 (57531992)|ENTERING_MANAGED_PKG|tdc_tsw
14:09:24.0 (57908216)|ENTERING_MANAGED_PKG|tdc_tsw
14:09:24.0 (58962624)|ENTERING_MANAGED_PKG|tdc_tsw
14:09:24.0 (59758740)|ENTERING_MANAGED_PKG|tdc_tsw
14:09:24.0 (59987885)|ENTERING_MANAGED_PKG|tdc_tsw
14:09:24.0 (60452862)|ENTERING_MANAGED_PKG|tdc_tsw
14:09:24.0 (61581901)|ENTERING_MANAGED_PKG|tdc_tsw
14:09:24.0 (62397989)|ENTERING_MANAGED_PKG|tdc_tsw
14:09:24.0 (62627119)|ENTERING_MANAGED_PKG|tdc_tsw
14:09:24.0 (63009533)|ENTERING_MANAGED_PKG|tdc_tsw
14:09:24.0 (64126586)|ENTERING_MANAGED_PKG|tdc_tsw
14:09:24.0 (64884975)|ENTERING_MANAGED_PKG|tdc_tsw
14:09:24.0 (65111354)|ENTERING_MANAGED_PKG|tdc_tsw
14:09:24.0 (65526495)|ENTERING_MANAGED_PKG|tdc_tsw
14:09:24.0 (66589003)|ENTERING_MANAGED_PKG|tdc_tsw
14:09:24.0 (67329956)|ENTERING_MANAGED_PKG|tdc_tsw
14:09:24.0 (67557676)|ENTERING_MANAGED_PKG|tdc_tsw
14:09:24.0 (67932485)|ENTERING_MANAGED_PKG|tdc_tsw
14:09:24.0 (68987808)|ENTERING_MANAGED_PKG|tdc_tsw
14:09:24.0 (69709055)|ENTERING_MANAGED_PKG|tdc_tsw
14:09:24.0 (69942753)|ENTERING_MANAGED_PKG|tdc_tsw
14:09:24.0 (70334597)|ENTERING_MANAGED_PKG|tdc_tsw
14:09:24.0 (71400633)|ENTERING_MANAGED_PKG|tdc_tsw
14:09:24.0 (72214587)|ENTERING_MANAGED_PKG|tdc_tsw
14:09:24.0 (72421809)|ENTERING_MANAGED_PKG|tdc_tsw
14:09:24.0 (72807415)|ENTERING_MANAGED_PKG|tdc_tsw
14:09:24.0 (73887310)|ENTERING_MANAGED_PKG|tdc_tsw
14:09:24.0 (74641410)|ENTERING_MANAGED_PKG|tdc_tsw
14:09:24.0 (74876924)|ENTERING_MANAGED_PKG|tdc_tsw
14:09:24.0 (75270767)|ENTERING_MANAGED_PKG|tdc_tsw
14:09:24.0 (76331546)|ENTERING_MANAGED_PKG|tdc_tsw
14:09:24.0 (77055181)|ENTERING_MANAGED_PKG|tdc_tsw
14:09:24.0 (77295264)|ENTERING_MANAGED_PKG|tdc_tsw
14:09:24.0 (77679916)|ENTERING_MANAGED_PKG|tdc_tsw
14:09:24.0 (78758006)|ENTERING_MANAGED_PKG|tdc_tsw
14:09:24.0 (79471371)|ENTERING_MANAGED_PKG|tdc_tsw
14:09:24.0 (79698466)|ENTERING_MANAGED_PKG|tdc_tsw
14:09:24.0 (80078367)|ENTERING_MANAGED_PKG|tdc_tsw
14:09:24.0 (81142301)|ENTERING_MANAGED_PKG|tdc_tsw
14:09:24.0 (81862331)|ENTERING_MANAGED_PKG|tdc_tsw
14:09:24.0 (82087839)|ENTERING_MANAGED_PKG|tdc_tsw
14:09:24.0 (82470478)|ENTERING_MANAGED_PKG|tdc_tsw
14:09:24.0 (83520836)|ENTERING_MANAGED_PKG|tdc_tsw
14:09:24.0 (84232941)|ENTERING_MANAGED_PKG|tdc_tsw
14:09:24.0 (84468463)|ENTERING_MANAGED_PKG|tdc_tsw
14:09:24.0 (84843021)|ENTERING_MANAGED_PKG|tdc_tsw
14:09:24.0 (85887813)|ENTERING_MANAGED_PKG|tdc_tsw
14:09:24.0 (86607397)|ENTERING_MANAGED_PKG|tdc_tsw
14:09:24.0 (86844477)|ENTERING_MANAGED_PKG|tdc_tsw
14:09:24.0 (87227144)|ENTERING_MANAGED_PKG|tdc_tsw
14:09:24.0 (88261598)|ENTERING_MANAGED_PKG|tdc_tsw
14:09:24.0 (88979492)|ENTERING_MANAGED_PKG|tdc_tsw
14:09:24.0 (89218396)|ENTERING_MANAGED_PKG|tdc_tsw
14:09:24.0 (89613467)|ENTERING_MANAGED_PKG|tdc_tsw
14:09:24.0 (90672551)|ENTERING_MANAGED_PKG|tdc_tsw
14:09:24.0 (91398818)|ENTERING_MANAGED_PKG|tdc_tsw
14:09:24.0 (91640917)|ENTERING_MANAGED_PKG|tdc_tsw
14:09:24.0 (92021604)|ENTERING_MANAGED_PKG|tdc_tsw
14:09:24.0 (93056904)|ENTERING_MANAGED_PKG|tdc_tsw
14:09:24.0 (93785342)|ENTERING_MANAGED_PKG|tdc_tsw
14:09:24.0 (94010724)|ENTERING_MANAGED_PKG|tdc_tsw
14:09:24.0 (94400762)|ENTERING_MANAGED_PKG|tdc_tsw
14:09:24.0 (95437811)|ENTERING_MANAGED_PKG|tdc_tsw
14:09:24.0 (96139052)|ENTERING_MANAGED_PKG|tdc_tsw
14:09:24.0 (96374661)|ENTERING_MANAGED_PKG|tdc_tsw
14:09:24.0 (96747535)|ENTERING_MANAGED_PKG|tdc_tsw
14:09:24.0 (97795479)|ENTERING_MANAGED_PKG|tdc_tsw
14:09:24.0 (98523707)|ENTERING_MANAGED_PKG|tdc_tsw
14:09:24.0 (98750381)|ENTERING_MANAGED_PKG|tdc_tsw
14:09:24.0 (99121978)|ENTERING_MANAGED_PKG|tdc_tsw
14:09:24.0 (100187645)|ENTERING_MANAGED_PKG|tdc_tsw
14:09:24.0 (100955242)|ENTERING_MANAGED_PKG|tdc_tsw
14:09:24.0 (101190337)|ENTERING_MANAGED_PKG|tdc_tsw
14:09:24.0 (101577792)|ENTERING_MANAGED_PKG|tdc_tsw
14:09:24.0 (102619262)|ENTERING_MANAGED_PKG|tdc_tsw
14:09:24.0 (103358531)|ENTERING_MANAGED_PKG|tdc_tsw
14:09:24.0 (103585055)|ENTERING_MANAGED_PKG|tdc_tsw
14:09:24.0 (103958745)|ENTERING_MANAGED_PKG|tdc_tsw
14:09:24.0 (105030262)|ENTERING_MANAGED_PKG|tdc_tsw
14:09:24.0 (105745543)|ENTERING_MANAGED_PKG|tdc_tsw
14:09:24.0 (105970771)|ENTERING_MANAGED_PKG|tdc_tsw
14:09:24.0 (106358694)|ENTERING_MANAGED_PKG|tdc_tsw
14:09:24.0 (107397411)|ENTERING_MANAGED_PKG|tdc_tsw
14:09:24.0 (108107659)|ENTERING_MANAGED_PKG|tdc_tsw
14:09:24.0 (108346181)|ENTERING_MANAGED_PKG|tdc_tsw
14:09:24.0 (108719385)|ENTERING_MANAGED_PKG|tdc_tsw
14:09:24.0 (109791010)|ENTERING_MANAGED_PKG|tdc_tsw
14:09:24.0 (110628572)|ENTERING_MANAGED_PKG|tdc_tsw
14:09:24.0 (110856298)|ENTERING_MANAGED_PKG|tdc_tsw
14:09:24.0 (111250391)|ENTERING_MANAGED_PKG|tdc_tsw
14:09:24.0 (112290496)|ENTERING_MANAGED_PKG|tdc_tsw
14:09:24.0 (113020712)|ENTERING_MANAGED_PKG|tdc_tsw
14:09:24.0 (113264536)|ENTERING_MANAGED_PKG|tdc_tsw
14:09:24.0 (113640170)|ENTERING_MANAGED_PKG|tdc_tsw
14:09:24.0 (114924892)|ENTERING_MANAGED_PKG|tdc_tsw
14:09:24.0 (115653173)|ENTERING_MANAGED_PKG|tdc_tsw
14:09:24.0 (115880595)|ENTERING_MANAGED_PKG|tdc_tsw
14:09:24.0 (116269970)|ENTERING_MANAGED_PKG|tdc_tsw
14:09:24.0 (117333552)|ENTERING_MANAGED_PKG|tdc_tsw
14:09:24.0 (118069086)|ENTERING_MANAGED_PKG|tdc_tsw
14:09:24.0 (118303815)|ENTERING_MANAGED_PKG|tdc_tsw
14:09:24.0 (118686572)|ENTERING_MANAGED_PKG|tdc_tsw
14:09:24.0 (119753234)|ENTERING_MANAGED_PKG|tdc_tsw
14:09:24.0 (120492184)|ENTERING_MANAGED_PKG|tdc_tsw
14:09:24.0 (120719107)|ENTERING_MANAGED_PKG|tdc_tsw
14:09:24.0 (121093027)|ENTERING_MANAGED_PKG|tdc_tsw
14:09:24.0 (122150715)|ENTERING_MANAGED_PKG|tdc_tsw
14:09:24.0 (122872705)|ENTERING_MANAGED_PKG|tdc_tsw
14:09:24.0 (123165193)|ENTERING_MANAGED_PKG|tdc_tsw
14:09:24.0 (123597868)|ENTERING_MANAGED_PKG|tdc_tsw
14:09:24.0 (124661563)|ENTERING_MANAGED_PKG|tdc_tsw
14:09:24.0 (125834654)|ENTERING_MANAGED_PKG|tdc_tsw
14:09:24.0 (126295405)|ENTERING_MANAGED_PKG|tdc_tsw
14:09:24.0 (127025274)|ENTERING_MANAGED_PKG|tdc_tsw
14:09:24.0 (128103435)|ENTERING_MANAGED_PKG|tdc_tsw
14:09:24.0 (128840852)|ENTERING_MANAGED_PKG|tdc_tsw
14:09:24.0 (129068369)|ENTERING_MANAGED_PKG|tdc_tsw
14:09:24.0 (129491851)|ENTERING_MANAGED_PKG|tdc_tsw
14:09:24.0 (130545650)|ENTERING_MANAGED_PKG|tdc_tsw
14:09:24.0 (131267372)|ENTERING_MANAGED_PKG|tdc_tsw
14:09:24.0 (131504911)|ENTERING_MANAGED_PKG|tdc_tsw
14:09:24.0 (131888382)|ENTERING_MANAGED_PKG|tdc_tsw
14:09:24.0 (132970787)|ENTERING_MANAGED_PKG|tdc_tsw
14:09:24.0 (133693639)|ENTERING_MANAGED_PKG|tdc_tsw
14:09:24.0 (133919751)|ENTERING_MANAGED_PKG|tdc_tsw
14:09:24.0 (134318764)|ENTERING_MANAGED_PKG|tdc_tsw
14:09:24.0 (135399154)|ENTERING_MANAGED_PKG|tdc_tsw
14:09:24.0 (136125942)|ENTERING_MANAGED_PKG|tdc_tsw
14:09:24.0 (136360748)|ENTERING_MANAGED_PKG|tdc_tsw
14:09:24.0 (136735503)|ENTERING_MANAGED_PKG|tdc_tsw
14:09:24.0 (137797473)|ENTERING_MANAGED_PKG|tdc_tsw
14:09:24.0 (138518331)|ENTERING_MANAGED_PKG|tdc_tsw
14:09:24.0 (138744925)|ENTERING_MANAGED_PKG|tdc_tsw
14:09:24.0 (139119721)|ENTERING_MANAGED_PKG|tdc_tsw
14:09:24.0 (140172448)|ENTERING_MANAGED_PKG|tdc_tsw
14:09:24.0 (140911111)|ENTERING_MANAGED_PKG|tdc_tsw
14:09:24.0 (141147368)|ENTERING_MANAGED_PKG|tdc_tsw
14:09:24.0 (141530051)|ENTERING_MANAGED_PKG|tdc_tsw
14:09:24.0 (142601227)|ENTERING_MANAGED_PKG|tdc_tsw
14:09:24.0 (143318854)|ENTERING_MANAGED_PKG|tdc_tsw
14:09:24.0 (143546222)|ENTERING_MANAGED_PKG|tdc_tsw
14:09:24.0 (143921102)|ENTERING_MANAGED_PKG|tdc_tsw
14:09:24.0 (144971532)|ENTERING_MANAGED_PKG|tdc_tsw
14:09:24.0 (145691565)|ENTERING_MANAGED_PKG|tdc_tsw
14:09:24.0 (145917213)|ENTERING_MANAGED_PKG|tdc_tsw
14:09:24.0 (146313314)|ENTERING_MANAGED_PKG|tdc_tsw
14:09:24.0 (147350049)|ENTERING_MANAGED_PKG|tdc_tsw
14:09:24.0 (148063112)|ENTERING_MANAGED_PKG|tdc_tsw
14:09:24.0 (148301866)|ENTERING_MANAGED_PKG|tdc_tsw
14:09:24.0 (148693804)|ENTERING_MANAGED_PKG|tdc_tsw
14:09:24.0 (149732511)|ENTERING_MANAGED_PKG|tdc_tsw
14:09:24.0 (150460798)|ENTERING_MANAGED_PKG|tdc_tsw
14:09:24.0 (150686853)|ENTERING_MANAGED_PKG|tdc_tsw
14:09:24.0 (151101574)|ENTERING_MANAGED_PKG|tdc_tsw
14:09:24.0 (152148683)|ENTERING_MANAGED_PKG|tdc_tsw
14:09:24.0 (152891345)|ENTERING_MANAGED_PKG|tdc_tsw
14:09:24.0 (153115969)|ENTERING_MANAGED_PKG|tdc_tsw
14:09:24.0 (153500224)|ENTERING_MANAGED_PKG|tdc_tsw
14:09:24.0 (154543570)|ENTERING_MANAGED_PKG|tdc_tsw
14:09:24.0 (155263150)|ENTERING_MANAGED_PKG|tdc_tsw
14:09:24.0 (155487861)|ENTERING_MANAGED_PKG|tdc_tsw
14:09:24.0 (155921343)|ENTERING_MANAGED_PKG|tdc_tsw
14:09:24.0 (156982736)|ENTERING_MANAGED_PKG|tdc_tsw
14:09:24.0 (157723313)|ENTERING_MANAGED_PKG|tdc_tsw
14:09:24.0 (157955619)|ENTERING_MANAGED_PKG|tdc_tsw
14:09:24.0 (158360588)|ENTERING_MANAGED_PKG|tdc_tsw
14:09:24.0 (159437390)|ENTERING_MANAGED_PKG|tdc_tsw
14:09:24.0 (160612895)|ENTERING_MANAGED_PKG|tdc_tsw
14:09:24.0 (161038977)|ENTERING_MANAGED_PKG|tdc_tsw
14:09:24.0 (161742855)|ENTERING_MANAGED_PKG|tdc_tsw
14:09:24.0 (162825566)|ENTERING_MANAGED_PKG|tdc_tsw
14:09:24.0 (163572283)|ENTERING_MANAGED_PKG|tdc_tsw
14:09:24.0 (163830136)|ENTERING_MANAGED_PKG|tdc_tsw
14:09:24.0 (164616264)|ENTERING_MANAGED_PKG|tdc_tsw
14:09:24.0 (166948810)|ENTERING_MANAGED_PKG|tdc_tsw
14:09:24.0 (168590674)|ENTERING_MANAGED_PKG|tdc_tsw
14:09:24.0 (169088989)|ENTERING_MANAGED_PKG|tdc_tsw
14:09:24.0 (169991001)|ENTERING_MANAGED_PKG|tdc_tsw
14:09:24.0 (171246054)|ENTERING_MANAGED_PKG|tdc_tsw
14:09:24.0 (171977040)|ENTERING_MANAGED_PKG|tdc_tsw
14:09:24.0 (172209126)|ENTERING_MANAGED_PKG|tdc_tsw
14:09:24.0 (172587657)|ENTERING_MANAGED_PKG|tdc_tsw
14:09:24.0 (173657174)|ENTERING_MANAGED_PKG|tdc_tsw
14:09:24.0 (174391199)|ENTERING_MANAGED_PKG|tdc_tsw
14:09:24.0 (174622970)|ENTERING_MANAGED_PKG|tdc_tsw
14:09:24.0 (175019451)|ENTERING_MANAGED_PKG|tdc_tsw
14:09:24.0 (176113448)|ENTERING_MANAGED_PKG|tdc_tsw
14:09:24.0 (176843604)|ENTERING_MANAGED_PKG|tdc_tsw
14:09:24.0 (177069113)|ENTERING_MANAGED_PKG|tdc_tsw
14:09:24.0 (177455806)|ENTERING_MANAGED_PKG|tdc_tsw
14:09:24.0 (178509710)|ENTERING_MANAGED_PKG|tdc_tsw
14:09:24.0 (179238340)|ENTERING_MANAGED_PKG|tdc_tsw
14:09:24.0 (179465405)|ENTERING_MANAGED_PKG|tdc_tsw
14:09:24.0 (179838994)|ENTERING_MANAGED_PKG|tdc_tsw
14:09:24.0 (181254772)|ENTERING_MANAGED_PKG|tdc_tsw
14:09:24.0 (181974499)|ENTERING_MANAGED_PKG|tdc_tsw
14:09:24.0 (182206777)|ENTERING_MANAGED_PKG|tdc_tsw
14:09:24.0 (182598303)|ENTERING_MANAGED_PKG|tdc_tsw
14:09:24.0 (183675532)|ENTERING_MANAGED_PKG|tdc_tsw
14:09:24.0 (184408385)|ENTERING_MANAGED_PKG|tdc_tsw
14:09:24.0 (184639996)|ENTERING_MANAGED_PKG|tdc_tsw
14:09:24.0 (185023445)|ENTERING_MANAGED_PKG|tdc_tsw
14:09:24.0 (186091337)|ENTERING_MANAGED_PKG|tdc_tsw
14:09:24.0 (186807858)|ENTERING_MANAGED_PKG|tdc_tsw
14:09:24.0 (187157742)|ENTERING_MANAGED_PKG|tdc_tsw
14:09:24.0 (187909614)|ENTERING_MANAGED_PKG|tdc_tsw
14:09:24.0 (189323183)|ENTERING_MANAGED_PKG|tdc_tsw
14:09:24.0 (190046706)|ENTERING_MANAGED_PKG|tdc_tsw
14:09:24.0 (190298789)|ENTERING_MANAGED_PKG|tdc_tsw
14:09:24.0 (190675947)|ENTERING_MANAGED_PKG|tdc_tsw
14:09:24.0 (191754746)|ENTERING_MANAGED_PKG|tdc_tsw
14:09:24.0 (192479594)|ENTERING_MANAGED_PKG|tdc_tsw
14:09:24.0 (192706388)|ENTERING_MANAGED_PKG|tdc_tsw
14:09:24.0 (193096532)|ENTERING_MANAGED_PKG|tdc_tsw
14:09:24.0 (194152674)|ENTERING_MANAGED_PKG|tdc_tsw
14:09:24.0 (194874309)|ENTERING_MANAGED_PKG|tdc_tsw
14:09:24.0 (195099337)|ENTERING_MANAGED_PKG|tdc_tsw
14:09:24.0 (195534902)|ENTERING_MANAGED_PKG|tdc_tsw
14:09:24.0 (196787751)|ENTERING_MANAGED_PKG|tdc_tsw
14:09:24.0 (197635761)|ENTERING_MANAGED_PKG|tdc_tsw
14:09:24.0 (197965932)|ENTERING_MANAGED_PKG|tdc_tsw
14:09:24.0 (198583879)|ENTERING_MANAGED_PKG|tdc_tsw
14:09:24.0 (200449792)|ENTERING_MANAGED_PKG|tdc_tsw
14:09:24.0 (201309939)|ENTERING_MANAGED_PKG|tdc_tsw
14:09:24.0 (201540619)|ENTERING_MANAGED_PKG|tdc_tsw
14:09:24.0 (201919610)|ENTERING_MANAGED_PKG|tdc_tsw
14:09:24.0 (203668375)|ENTERING_MANAGED_PKG|tdc_tsw
14:09:24.0 (204415669)|ENTERING_MANAGED_PKG|tdc_tsw
14:09:24.0 (204645893)|ENTERING_MANAGED_PKG|tdc_tsw
14:09:24.0 (205023401)|ENTERING_MANAGED_PKG|tdc_tsw
14:09:24.0 (206099721)|ENTERING_MANAGED_PKG|tdc_tsw
14:09:24.0 (206833228)|ENTERING_MANAGED_PKG|tdc_tsw
14:09:24.0 (207068925)|ENTERING_MANAGED_PKG|tdc_tsw
14:09:24.0 (207455463)|ENTERING_MANAGED_PKG|tdc_tsw
14:09:24.0 (208502412)|ENTERING_MANAGED_PKG|tdc_tsw
14:09:24.0 (209257441)|ENTERING_MANAGED_PKG|tdc_tsw
14:09:24.0 (209516415)|ENTERING_MANAGED_PKG|tdc_tsw
14:09:24.0 (209912983)|ENTERING_MANAGED_PKG|tdc_tsw
14:09:24.0 (210995854)|ENTERING_MANAGED_PKG|tdc_tsw
14:09:24.0 (211725134)|ENTERING_MANAGED_PKG|tdc_tsw
14:09:24.0 (211966679)|ENTERING_MANAGED_PKG|tdc_tsw
14:09:24.0 (212356067)|ENTERING_MANAGED_PKG|tdc_tsw
14:09:24.0 (213411847)|ENTERING_MANAGED_PKG|tdc_tsw
14:09:24.0 (214132054)|ENTERING_MANAGED_PKG|tdc_tsw
14:09:24.0 (214392336)|ENTERING_MANAGED_PKG|tdc_tsw
14:09:24.0 (214801386)|ENTERING_MANAGED_PKG|tdc_tsw
14:09:24.0 (250388025)|ENTERING_MANAGED_PKG|tdc_tsw
14:09:24.0 (251151868)|ENTERING_MANAGED_PKG|tdc_tsw
14:09:24.0 (251396040)|ENTERING_MANAGED_PKG|tdc_tsw
14:09:24.0 (251890345)|ENTERING_MANAGED_PKG|tdc_tsw
14:09:24.0 (253882396)|ENTERING_MANAGED_PKG|tdc_tsw
14:09:24.0 (254646648)|ENTERING_MANAGED_PKG|tdc_tsw
14:09:24.0 (254725586)|ENTERING_MANAGED_PKG|tdc_tsw
14:09:24.0 (255341130)|SOQL_EXECUTE_BEGIN|[200]|Aggregations:0|SELECT Name, NamespacePrefix, SystemModStamp FROM StaticResource WHERE Name LIKE :tmpVar1 LIMIT 10
14:09:24.0 (259026165)|SOQL_EXECUTE_END|[200]|Rows:1
14:09:24.0 (259840185)|ENTERING_MANAGED_PKG|tdc_tsw
14:09:24.0 (260200859)|SOQL_EXECUTE_BEGIN|[200]|Aggregations:0|SELECT Name, NamespacePrefix, SystemModStamp FROM StaticResource WHERE Name LIKE :tmpVar1 LIMIT 10
14:09:24.0 (262375569)|SOQL_EXECUTE_END|[200]|Rows:1
14:09:24.0 (262790074)|ENTERING_MANAGED_PKG|tdc_tsw
14:09:24.0 (267713695)|ENTERING_MANAGED_PKG|tdc_tsw
14:09:24.0 (269274584)|ENTERING_MANAGED_PKG|tdc_tsw
14:09:24.0 (269624299)|ENTERING_MANAGED_PKG|tdc_tsw
14:09:24.0 (270612486)|ENTERING_MANAGED_PKG|tdc_tsw
14:09:24.0 (271049126)|SOQL_EXECUTE_BEGIN|[200]|Aggregations:0|SELECT Name, NamespacePrefix, SystemModStamp FROM StaticResource WHERE Name LIKE :tmpVar1 LIMIT 10
14:09:24.0 (274244417)|SOQL_EXECUTE_END|[200]|Rows:1
14:09:24.285 (285451073)|USER_INFO|[EXTERNAL]|0051H000009gxp8|chanida.dev2@solvedbysoftwareco.com|Eastern Standard Time|GMT-05:00
14:09:24.285 (287106578)|ENTERING_MANAGED_PKG|tdc_tsw
14:09:24.285 (287345985)|ENTERING_MANAGED_PKG|tdc_tsw
14:09:24.285 (289842856)|SOQL_EXECUTE_BEGIN|[355]|Aggregations:0|SELECT id, name, Disable_Incoming_SMS_Sharing__c FROM User WHERE id = :tmpVar1
14:09:24.285 (296124049)|SOQL_EXECUTE_END|[355]|Rows:1
14:09:24.285 (297157581)|SOQL_EXECUTE_BEGIN|[367]|Aggregations:0|SELECT CreatedDate,Id,LastModifiedDate,Related_Object_Id__c FROM Message__c WHERE Name = 'Incoming' AND Read__c = false ORDER BY CreatedDate Desc limit 100
14:09:24.285 (306703544)|SOQL_EXECUTE_END|[367]|Rows:100
