44.0 APEX_CODE,FINEST;APEX_PROFILING,INFO;CALLOUT,INFO;DB,INFO;NBA,INFO;SYSTEM,DEBUG;VALIDATION,INFO;VISUALFORCE,INFO;WAVE,INFO;WORKFLOW,INFO
10:35:00.0 (132776)|USER_INFO|[EXTERNAL]|0051H000009gxp8|chanida.dev2@solvedbysoftwareco.com|Eastern Standard Time|GMT-05:00
10:35:00.0 (1915348)|ENTERING_MANAGED_PKG|tdc_tsw
10:35:00.0 (2337453)|ENTERING_MANAGED_PKG|tdc_tsw
10:35:00.0 (6179641)|SOQL_EXECUTE_BEGIN|[16]|Aggregations:0|SELECT id, name, Disable_Incoming_SMS_Sharing__c FROM User WHERE id = :tmpVar1
10:35:00.0 (13579909)|SOQL_EXECUTE_END|[16]|Rows:1
10:35:00.0 (19171977)|SOQL_EXECUTE_BEGIN|[37]|Aggregations:0|SELECT CreatedDate,Created_Date__c,Id,LastModifiedDate,MessageId__c,Message_Text_New__c,Name,OwnerId,Read__c,Related_Object_Id__c,Related_Object__c,Sender_Number__c, Sender_Name__c,ToNumber__c,Attachments_Ids__c FROM Message__c WHERE Name = 'Incoming' AND Read__c = false ORDER BY CreatedDate Desc limit 100
10:35:00.0 (38775254)|SOQL_EXECUTE_END|[37]|Rows:100
10:35:00.0 (57223651)|ENTERING_MANAGED_PKG|tdc_tsw
10:35:00.0 (59049245)|ENTERING_MANAGED_PKG|tdc_tsw
10:35:00.0 (59601325)|ENTERING_MANAGED_PKG|tdc_tsw
10:35:00.0 (60246669)|ENTERING_MANAGED_PKG|tdc_tsw
10:35:00.0 (63010768)|ENTERING_MANAGED_PKG|tdc_tsw
10:35:00.0 (63759767)|ENTERING_MANAGED_PKG|tdc_tsw
10:35:00.0 (63978952)|ENTERING_MANAGED_PKG|tdc_tsw
10:35:00.0 (64364474)|ENTERING_MANAGED_PKG|tdc_tsw
10:35:00.0 (65442727)|ENTERING_MANAGED_PKG|tdc_tsw
10:35:00.0 (66150333)|ENTERING_MANAGED_PKG|tdc_tsw
10:35:00.0 (66422071)|ENTERING_MANAGED_PKG|tdc_tsw
10:35:00.0 (66792807)|ENTERING_MANAGED_PKG|tdc_tsw
10:35:00.0 (67891495)|ENTERING_MANAGED_PKG|tdc_tsw
10:35:00.0 (69124646)|ENTERING_MANAGED_PKG|tdc_tsw
10:35:00.0 (69518915)|ENTERING_MANAGED_PKG|tdc_tsw
10:35:00.0 (70197790)|ENTERING_MANAGED_PKG|tdc_tsw
10:35:00.0 (71999094)|ENTERING_MANAGED_PKG|tdc_tsw
10:35:00.0 (73227582)|ENTERING_MANAGED_PKG|tdc_tsw
10:35:00.0 (73613029)|ENTERING_MANAGED_PKG|tdc_tsw
10:35:00.0 (74315853)|ENTERING_MANAGED_PKG|tdc_tsw
10:35:00.0 (76130043)|ENTERING_MANAGED_PKG|tdc_tsw
10:35:00.0 (77389041)|ENTERING_MANAGED_PKG|tdc_tsw
10:35:00.0 (77772479)|ENTERING_MANAGED_PKG|tdc_tsw
10:35:00.0 (78459241)|ENTERING_MANAGED_PKG|tdc_tsw
10:35:00.0 (80250999)|ENTERING_MANAGED_PKG|tdc_tsw
10:35:00.0 (81498101)|ENTERING_MANAGED_PKG|tdc_tsw
10:35:00.0 (81879827)|ENTERING_MANAGED_PKG|tdc_tsw
10:35:00.0 (82565855)|ENTERING_MANAGED_PKG|tdc_tsw
10:35:00.0 (84386140)|ENTERING_MANAGED_PKG|tdc_tsw
10:35:00.0 (85635133)|ENTERING_MANAGED_PKG|tdc_tsw
10:35:00.0 (86019609)|ENTERING_MANAGED_PKG|tdc_tsw
10:35:00.0 (86729111)|ENTERING_MANAGED_PKG|tdc_tsw
10:35:00.0 (88548826)|ENTERING_MANAGED_PKG|tdc_tsw
10:35:00.0 (89791497)|ENTERING_MANAGED_PKG|tdc_tsw
10:35:00.0 (90171733)|ENTERING_MANAGED_PKG|tdc_tsw
10:35:00.0 (90705786)|ENTERING_MANAGED_PKG|tdc_tsw
10:35:00.0 (91795634)|ENTERING_MANAGED_PKG|tdc_tsw
10:35:00.0 (92558340)|ENTERING_MANAGED_PKG|tdc_tsw
10:35:00.0 (92783265)|ENTERING_MANAGED_PKG|tdc_tsw
10:35:00.0 (93179615)|ENTERING_MANAGED_PKG|tdc_tsw
10:35:00.0 (94215404)|ENTERING_MANAGED_PKG|tdc_tsw
10:35:00.0 (94963956)|ENTERING_MANAGED_PKG|tdc_tsw
10:35:00.0 (95265657)|ENTERING_MANAGED_PKG|tdc_tsw
10:35:00.0 (95646116)|ENTERING_MANAGED_PKG|tdc_tsw
10:35:00.0 (96683943)|ENTERING_MANAGED_PKG|tdc_tsw
10:35:00.0 (97408116)|ENTERING_MANAGED_PKG|tdc_tsw
10:35:00.0 (97629321)|ENTERING_MANAGED_PKG|tdc_tsw
10:35:00.0 (97995931)|ENTERING_MANAGED_PKG|tdc_tsw
10:35:00.0 (99039381)|ENTERING_MANAGED_PKG|tdc_tsw
10:35:00.0 (99801178)|ENTERING_MANAGED_PKG|tdc_tsw
10:35:00.0 (100021173)|ENTERING_MANAGED_PKG|tdc_tsw
10:35:00.0 (100397579)|ENTERING_MANAGED_PKG|tdc_tsw
10:35:00.0 (101478913)|ENTERING_MANAGED_PKG|tdc_tsw
10:35:00.0 (102510044)|ENTERING_MANAGED_PKG|tdc_tsw
10:35:00.0 (102730147)|ENTERING_MANAGED_PKG|tdc_tsw
10:35:00.0 (103095279)|ENTERING_MANAGED_PKG|tdc_tsw
10:35:00.0 (104165231)|ENTERING_MANAGED_PKG|tdc_tsw
10:35:00.0 (104952278)|ENTERING_MANAGED_PKG|tdc_tsw
10:35:00.0 (105202069)|ENTERING_MANAGED_PKG|tdc_tsw
10:35:00.0 (105610976)|ENTERING_MANAGED_PKG|tdc_tsw
10:35:00.0 (106637826)|ENTERING_MANAGED_PKG|tdc_tsw
10:35:00.0 (107361274)|ENTERING_MANAGED_PKG|tdc_tsw
10:35:00.0 (107591209)|ENTERING_MANAGED_PKG|tdc_tsw
10:35:00.0 (107956866)|ENTERING_MANAGED_PKG|tdc_tsw
10:35:00.0 (109039291)|ENTERING_MANAGED_PKG|tdc_tsw
10:35:00.0 (109818524)|ENTERING_MANAGED_PKG|tdc_tsw
10:35:00.0 (110091370)|ENTERING_MANAGED_PKG|tdc_tsw
10:35:00.0 (110704677)|ENTERING_MANAGED_PKG|tdc_tsw
10:35:00.0 (111734313)|ENTERING_MANAGED_PKG|tdc_tsw
10:35:00.0 (112674435)|ENTERING_MANAGED_PKG|tdc_tsw
10:35:00.0 (112895918)|ENTERING_MANAGED_PKG|tdc_tsw
10:35:00.0 (113262074)|ENTERING_MANAGED_PKG|tdc_tsw
10:35:00.0 (114287300)|ENTERING_MANAGED_PKG|tdc_tsw
10:35:00.0 (115067935)|ENTERING_MANAGED_PKG|tdc_tsw
10:35:00.0 (115330391)|ENTERING_MANAGED_PKG|tdc_tsw
10:35:00.0 (115713150)|ENTERING_MANAGED_PKG|tdc_tsw
10:35:00.0 (116817108)|ENTERING_MANAGED_PKG|tdc_tsw
10:35:00.0 (117531534)|ENTERING_MANAGED_PKG|tdc_tsw
10:35:00.0 (117751129)|ENTERING_MANAGED_PKG|tdc_tsw
10:35:00.0 (118180944)|ENTERING_MANAGED_PKG|tdc_tsw
10:35:00.0 (119283845)|ENTERING_MANAGED_PKG|tdc_tsw
10:35:00.0 (120110898)|ENTERING_MANAGED_PKG|tdc_tsw
10:35:00.0 (120344206)|ENTERING_MANAGED_PKG|tdc_tsw
10:35:00.0 (120710753)|ENTERING_MANAGED_PKG|tdc_tsw
10:35:00.0 (121741641)|ENTERING_MANAGED_PKG|tdc_tsw
10:35:00.0 (122636635)|ENTERING_MANAGED_PKG|tdc_tsw
10:35:00.0 (122921961)|ENTERING_MANAGED_PKG|tdc_tsw
10:35:00.0 (123298986)|ENTERING_MANAGED_PKG|tdc_tsw
10:35:00.0 (124323565)|ENTERING_MANAGED_PKG|tdc_tsw
10:35:00.0 (125031284)|ENTERING_MANAGED_PKG|tdc_tsw
10:35:00.0 (125249686)|ENTERING_MANAGED_PKG|tdc_tsw
10:35:00.0 (125622941)|ENTERING_MANAGED_PKG|tdc_tsw
10:35:00.0 (126721615)|ENTERING_MANAGED_PKG|tdc_tsw
10:35:00.0 (127439854)|ENTERING_MANAGED_PKG|tdc_tsw
10:35:00.0 (127659221)|ENTERING_MANAGED_PKG|tdc_tsw
10:35:00.0 (128024662)|ENTERING_MANAGED_PKG|tdc_tsw
10:35:00.0 (129110696)|ENTERING_MANAGED_PKG|tdc_tsw
10:35:00.0 (129827946)|ENTERING_MANAGED_PKG|tdc_tsw
10:35:00.0 (130186004)|ENTERING_MANAGED_PKG|tdc_tsw
10:35:00.0 (130567882)|ENTERING_MANAGED_PKG|tdc_tsw
10:35:00.0 (131590586)|ENTERING_MANAGED_PKG|tdc_tsw
10:35:00.0 (132309174)|ENTERING_MANAGED_PKG|tdc_tsw
10:35:00.0 (132529759)|ENTERING_MANAGED_PKG|tdc_tsw
10:35:00.0 (132900752)|ENTERING_MANAGED_PKG|tdc_tsw
10:35:00.0 (134045033)|ENTERING_MANAGED_PKG|tdc_tsw
10:35:00.0 (134773824)|ENTERING_MANAGED_PKG|tdc_tsw
10:35:00.0 (134992315)|ENTERING_MANAGED_PKG|tdc_tsw
10:35:00.0 (135369589)|ENTERING_MANAGED_PKG|tdc_tsw
10:35:00.0 (136434963)|ENTERING_MANAGED_PKG|tdc_tsw
10:35:00.0 (137143887)|ENTERING_MANAGED_PKG|tdc_tsw
10:35:00.0 (137371635)|ENTERING_MANAGED_PKG|tdc_tsw
10:35:00.0 (137738464)|ENTERING_MANAGED_PKG|tdc_tsw
10:35:00.0 (138816310)|ENTERING_MANAGED_PKG|tdc_tsw
10:35:00.0 (139531164)|ENTERING_MANAGED_PKG|tdc_tsw
10:35:00.0 (139751414)|ENTERING_MANAGED_PKG|tdc_tsw
10:35:00.0 (140121564)|ENTERING_MANAGED_PKG|tdc_tsw
10:35:00.0 (141202530)|ENTERING_MANAGED_PKG|tdc_tsw
10:35:00.0 (142185446)|ENTERING_MANAGED_PKG|tdc_tsw
10:35:00.0 (142445499)|ENTERING_MANAGED_PKG|tdc_tsw
10:35:00.0 (142987933)|ENTERING_MANAGED_PKG|tdc_tsw
10:35:00.0 (144308794)|ENTERING_MANAGED_PKG|tdc_tsw
10:35:00.0 (145027102)|ENTERING_MANAGED_PKG|tdc_tsw
10:35:00.0 (145249069)|ENTERING_MANAGED_PKG|tdc_tsw
10:35:00.0 (145623574)|ENTERING_MANAGED_PKG|tdc_tsw
10:35:00.0 (146645166)|ENTERING_MANAGED_PKG|tdc_tsw
10:35:00.0 (147360314)|ENTERING_MANAGED_PKG|tdc_tsw
10:35:00.0 (147578890)|ENTERING_MANAGED_PKG|tdc_tsw
10:35:00.0 (147943371)|ENTERING_MANAGED_PKG|tdc_tsw
10:35:00.0 (148957303)|ENTERING_MANAGED_PKG|tdc_tsw
10:35:00.0 (149669289)|ENTERING_MANAGED_PKG|tdc_tsw
10:35:00.0 (149969630)|ENTERING_MANAGED_PKG|tdc_tsw
10:35:00.0 (150474143)|ENTERING_MANAGED_PKG|tdc_tsw
10:35:00.0 (151581691)|ENTERING_MANAGED_PKG|tdc_tsw
10:35:00.0 (152322451)|ENTERING_MANAGED_PKG|tdc_tsw
10:35:00.0 (152658162)|ENTERING_MANAGED_PKG|tdc_tsw
10:35:00.0 (153032291)|ENTERING_MANAGED_PKG|tdc_tsw
10:35:00.0 (154067958)|ENTERING_MANAGED_PKG|tdc_tsw
10:35:00.0 (154786838)|ENTERING_MANAGED_PKG|tdc_tsw
10:35:00.0 (155065352)|ENTERING_MANAGED_PKG|tdc_tsw
10:35:00.0 (155449007)|ENTERING_MANAGED_PKG|tdc_tsw
10:35:00.0 (156470811)|ENTERING_MANAGED_PKG|tdc_tsw
10:35:00.0 (157268689)|ENTERING_MANAGED_PKG|tdc_tsw
10:35:00.0 (157500239)|ENTERING_MANAGED_PKG|tdc_tsw
10:35:00.0 (157869491)|ENTERING_MANAGED_PKG|tdc_tsw
10:35:00.0 (158897993)|ENTERING_MANAGED_PKG|tdc_tsw
10:35:00.0 (159614890)|ENTERING_MANAGED_PKG|tdc_tsw
10:35:00.0 (159834880)|ENTERING_MANAGED_PKG|tdc_tsw
10:35:00.0 (160203118)|ENTERING_MANAGED_PKG|tdc_tsw
10:35:00.0 (161226532)|ENTERING_MANAGED_PKG|tdc_tsw
10:35:00.0 (161941235)|ENTERING_MANAGED_PKG|tdc_tsw
10:35:00.0 (162161770)|ENTERING_MANAGED_PKG|tdc_tsw
10:35:00.0 (162538012)|ENTERING_MANAGED_PKG|tdc_tsw
10:35:00.0 (163565299)|ENTERING_MANAGED_PKG|tdc_tsw
10:35:00.0 (164354793)|ENTERING_MANAGED_PKG|tdc_tsw
10:35:00.0 (164577384)|ENTERING_MANAGED_PKG|tdc_tsw
10:35:00.0 (164945314)|ENTERING_MANAGED_PKG|tdc_tsw
10:35:00.0 (165971299)|ENTERING_MANAGED_PKG|tdc_tsw
10:35:00.0 (166753516)|ENTERING_MANAGED_PKG|tdc_tsw
10:35:00.0 (166975574)|ENTERING_MANAGED_PKG|tdc_tsw
10:35:00.0 (167351405)|ENTERING_MANAGED_PKG|tdc_tsw
10:35:00.0 (168436785)|ENTERING_MANAGED_PKG|tdc_tsw
10:35:00.0 (169207537)|ENTERING_MANAGED_PKG|tdc_tsw
10:35:00.0 (169454026)|ENTERING_MANAGED_PKG|tdc_tsw
10:35:00.0 (169825963)|ENTERING_MANAGED_PKG|tdc_tsw
10:35:00.0 (170906879)|ENTERING_MANAGED_PKG|tdc_tsw
10:35:00.0 (171625034)|ENTERING_MANAGED_PKG|tdc_tsw
10:35:00.0 (171844924)|ENTERING_MANAGED_PKG|tdc_tsw
10:35:00.0 (172271475)|ENTERING_MANAGED_PKG|tdc_tsw
10:35:00.0 (173298166)|ENTERING_MANAGED_PKG|tdc_tsw
10:35:00.0 (174001626)|ENTERING_MANAGED_PKG|tdc_tsw
10:35:00.0 (174220662)|ENTERING_MANAGED_PKG|tdc_tsw
10:35:00.0 (174595228)|ENTERING_MANAGED_PKG|tdc_tsw
10:35:00.0 (175686742)|ENTERING_MANAGED_PKG|tdc_tsw
10:35:00.0 (176395037)|ENTERING_MANAGED_PKG|tdc_tsw
10:35:00.0 (176613431)|ENTERING_MANAGED_PKG|tdc_tsw
10:35:00.0 (176977906)|ENTERING_MANAGED_PKG|tdc_tsw
10:35:00.0 (177993098)|ENTERING_MANAGED_PKG|tdc_tsw
10:35:00.0 (178699083)|ENTERING_MANAGED_PKG|tdc_tsw
10:35:00.0 (178917667)|ENTERING_MANAGED_PKG|tdc_tsw
10:35:00.0 (179282883)|ENTERING_MANAGED_PKG|tdc_tsw
10:35:00.0 (180301700)|ENTERING_MANAGED_PKG|tdc_tsw
10:35:00.0 (181003479)|ENTERING_MANAGED_PKG|tdc_tsw
10:35:00.0 (181221543)|ENTERING_MANAGED_PKG|tdc_tsw
10:35:00.0 (181592598)|ENTERING_MANAGED_PKG|tdc_tsw
10:35:00.0 (182603744)|ENTERING_MANAGED_PKG|tdc_tsw
10:35:00.0 (183303338)|ENTERING_MANAGED_PKG|tdc_tsw
10:35:00.0 (183522188)|ENTERING_MANAGED_PKG|tdc_tsw
10:35:00.0 (183886765)|ENTERING_MANAGED_PKG|tdc_tsw
10:35:00.0 (184901042)|ENTERING_MANAGED_PKG|tdc_tsw
10:35:00.0 (185672408)|ENTERING_MANAGED_PKG|tdc_tsw
10:35:00.0 (185891981)|ENTERING_MANAGED_PKG|tdc_tsw
10:35:00.0 (186257235)|ENTERING_MANAGED_PKG|tdc_tsw
10:35:00.0 (187356599)|ENTERING_MANAGED_PKG|tdc_tsw
10:35:00.0 (188056912)|ENTERING_MANAGED_PKG|tdc_tsw
10:35:00.0 (188274986)|ENTERING_MANAGED_PKG|tdc_tsw
10:35:00.0 (188647239)|ENTERING_MANAGED_PKG|tdc_tsw
10:35:00.0 (189664036)|ENTERING_MANAGED_PKG|tdc_tsw
10:35:00.0 (190444135)|ENTERING_MANAGED_PKG|tdc_tsw
10:35:00.0 (190663132)|ENTERING_MANAGED_PKG|tdc_tsw
10:35:00.0 (191027088)|ENTERING_MANAGED_PKG|tdc_tsw
10:35:00.0 (192047324)|ENTERING_MANAGED_PKG|tdc_tsw
10:35:00.0 (192753033)|ENTERING_MANAGED_PKG|tdc_tsw
10:35:00.0 (192971301)|ENTERING_MANAGED_PKG|tdc_tsw
10:35:00.0 (193341732)|ENTERING_MANAGED_PKG|tdc_tsw
10:35:00.0 (194353038)|ENTERING_MANAGED_PKG|tdc_tsw
10:35:00.0 (195053823)|ENTERING_MANAGED_PKG|tdc_tsw
10:35:00.0 (195271368)|ENTERING_MANAGED_PKG|tdc_tsw
10:35:00.0 (195639767)|ENTERING_MANAGED_PKG|tdc_tsw
10:35:00.0 (196653472)|ENTERING_MANAGED_PKG|tdc_tsw
10:35:00.0 (197355911)|ENTERING_MANAGED_PKG|tdc_tsw
10:35:00.0 (197573207)|ENTERING_MANAGED_PKG|tdc_tsw
10:35:00.0 (198009015)|ENTERING_MANAGED_PKG|tdc_tsw
10:35:00.0 (199043671)|ENTERING_MANAGED_PKG|tdc_tsw
10:35:00.0 (199749636)|ENTERING_MANAGED_PKG|tdc_tsw
10:35:00.0 (200004716)|ENTERING_MANAGED_PKG|tdc_tsw
10:35:00.0 (200396266)|ENTERING_MANAGED_PKG|tdc_tsw
10:35:00.0 (201491047)|ENTERING_MANAGED_PKG|tdc_tsw
10:35:00.0 (202195925)|ENTERING_MANAGED_PKG|tdc_tsw
10:35:00.0 (202422651)|ENTERING_MANAGED_PKG|tdc_tsw
10:35:00.0 (202788095)|ENTERING_MANAGED_PKG|tdc_tsw
10:35:00.0 (203850635)|ENTERING_MANAGED_PKG|tdc_tsw
10:35:00.0 (204733754)|ENTERING_MANAGED_PKG|tdc_tsw
10:35:00.0 (204953962)|ENTERING_MANAGED_PKG|tdc_tsw
10:35:00.0 (205331575)|ENTERING_MANAGED_PKG|tdc_tsw
10:35:00.0 (206412294)|ENTERING_MANAGED_PKG|tdc_tsw
10:35:00.0 (207118138)|ENTERING_MANAGED_PKG|tdc_tsw
10:35:00.0 (207343710)|ENTERING_MANAGED_PKG|tdc_tsw
10:35:00.0 (207708494)|ENTERING_MANAGED_PKG|tdc_tsw
10:35:00.0 (208727363)|ENTERING_MANAGED_PKG|tdc_tsw
10:35:00.0 (209440109)|ENTERING_MANAGED_PKG|tdc_tsw
10:35:00.0 (209638028)|ENTERING_MANAGED_PKG|tdc_tsw
10:35:00.0 (210003757)|ENTERING_MANAGED_PKG|tdc_tsw
10:35:00.0 (211082882)|ENTERING_MANAGED_PKG|tdc_tsw
10:35:00.0 (211860060)|ENTERING_MANAGED_PKG|tdc_tsw
10:35:00.0 (212078426)|ENTERING_MANAGED_PKG|tdc_tsw
10:35:00.0 (212454903)|ENTERING_MANAGED_PKG|tdc_tsw
10:35:00.0 (213721368)|ENTERING_MANAGED_PKG|tdc_tsw
10:35:00.0 (214499629)|ENTERING_MANAGED_PKG|tdc_tsw
10:35:00.0 (214581771)|ENTERING_MANAGED_PKG|tdc_tsw
10:35:00.0 (215126704)|SOQL_EXECUTE_BEGIN|[200]|Aggregations:0|SELECT Name, NamespacePrefix, SystemModStamp FROM StaticResource WHERE Name LIKE :tmpVar1 LIMIT 10
10:35:00.0 (218518451)|SOQL_EXECUTE_END|[200]|Rows:1
10:35:00.0 (219323295)|ENTERING_MANAGED_PKG|tdc_tsw
10:35:00.0 (219732325)|SOQL_EXECUTE_BEGIN|[200]|Aggregations:0|SELECT Name, NamespacePrefix, SystemModStamp FROM StaticResource WHERE Name LIKE :tmpVar1 LIMIT 10
10:35:00.0 (222313007)|SOQL_EXECUTE_END|[200]|Rows:1
10:35:00.0 (222816097)|ENTERING_MANAGED_PKG|tdc_tsw
10:35:00.0 (225844396)|ENTERING_MANAGED_PKG|tdc_tsw
10:35:00.0 (227277175)|ENTERING_MANAGED_PKG|tdc_tsw
10:35:00.0 (227537967)|ENTERING_MANAGED_PKG|tdc_tsw
10:35:00.0 (228436492)|ENTERING_MANAGED_PKG|tdc_tsw
10:35:00.0 (228876774)|SOQL_EXECUTE_BEGIN|[200]|Aggregations:0|SELECT Name, NamespacePrefix, SystemModStamp FROM StaticResource WHERE Name LIKE :tmpVar1 LIMIT 10
10:35:00.0 (232742790)|SOQL_EXECUTE_END|[200]|Rows:1
10:35:00.244 (244771796)|USER_INFO|[EXTERNAL]|0051H000009gxp8|chanida.dev2@solvedbysoftwareco.com|Eastern Standard Time|GMT-05:00
10:35:00.244 (246971678)|ENTERING_MANAGED_PKG|tdc_tsw
10:35:00.244 (247248958)|ENTERING_MANAGED_PKG|tdc_tsw
10:35:00.244 (250158057)|SOQL_EXECUTE_BEGIN|[355]|Aggregations:0|SELECT id, name, Disable_Incoming_SMS_Sharing__c FROM User WHERE id = :tmpVar1
10:35:00.244 (256877158)|SOQL_EXECUTE_END|[355]|Rows:1
10:35:00.244 (257851045)|SOQL_EXECUTE_BEGIN|[367]|Aggregations:0|SELECT CreatedDate,Id,LastModifiedDate,Related_Object_Id__c FROM Message__c WHERE Name = 'Incoming' AND Read__c = false ORDER BY CreatedDate Desc limit 100
10:35:00.244 (268191175)|SOQL_EXECUTE_END|[367]|Rows:100
