44.0 APEX_CODE,FINEST;APEX_PROFILING,INFO;CALLOUT,INFO;DB,INFO;NBA,INFO;SYSTEM,DEBUG;VALIDATION,INFO;VISUALFORCE,INFO;WAVE,INFO;WORKFLOW,INFO
21:16:20.0 (125576)|USER_INFO|[EXTERNAL]|0051H000009gxp8|chanida.dev2@solvedbysoftwareco.com|Eastern Standard Time|GMT-05:00
21:16:20.0 (1744596)|ENTERING_MANAGED_PKG|tdc_tsw
21:16:20.0 (2338055)|ENTERING_MANAGED_PKG|tdc_tsw
21:16:20.0 (7269678)|SOQL_EXECUTE_BEGIN|[16]|Aggregations:0|SELECT id, name, Disable_Incoming_SMS_Sharing__c FROM User WHERE id = :tmpVar1
21:16:20.0 (13911991)|SOQL_EXECUTE_END|[16]|Rows:1
21:16:20.0 (19456262)|SOQL_EXECUTE_BEGIN|[37]|Aggregations:0|SELECT CreatedDate,Created_Date__c,Id,LastModifiedDate,MessageId__c,Message_Text_New__c,Name,OwnerId,Read__c,Related_Object_Id__c,Related_Object__c,Sender_Number__c, Sender_Name__c,ToNumber__c,Attachments_Ids__c FROM Message__c WHERE Name = 'Incoming' AND Read__c = false ORDER BY CreatedDate Desc limit 100
21:16:20.0 (31215246)|SOQL_EXECUTE_END|[37]|Rows:16
21:16:20.0 (34903021)|ENTERING_MANAGED_PKG|tdc_tsw
21:16:20.0 (36555683)|ENTERING_MANAGED_PKG|tdc_tsw
21:16:20.0 (36992186)|ENTERING_MANAGED_PKG|tdc_tsw
21:16:20.0 (37657259)|ENTERING_MANAGED_PKG|tdc_tsw
21:16:20.0 (40475260)|ENTERING_MANAGED_PKG|tdc_tsw
21:16:20.0 (41262113)|ENTERING_MANAGED_PKG|tdc_tsw
21:16:20.0 (41520564)|ENTERING_MANAGED_PKG|tdc_tsw
21:16:20.0 (41954709)|ENTERING_MANAGED_PKG|tdc_tsw
21:16:20.0 (43154964)|ENTERING_MANAGED_PKG|tdc_tsw
21:16:20.0 (43931894)|ENTERING_MANAGED_PKG|tdc_tsw
21:16:20.0 (44161454)|ENTERING_MANAGED_PKG|tdc_tsw
21:16:20.0 (44589253)|ENTERING_MANAGED_PKG|tdc_tsw
21:16:20.0 (45825495)|ENTERING_MANAGED_PKG|tdc_tsw
21:16:20.0 (46502925)|ENTERING_MANAGED_PKG|tdc_tsw
21:16:20.0 (46576507)|ENTERING_MANAGED_PKG|tdc_tsw
21:16:20.0 (47174599)|SOQL_EXECUTE_BEGIN|[200]|Aggregations:0|SELECT Name, NamespacePrefix, SystemModStamp FROM StaticResource WHERE Name LIKE :tmpVar1 LIMIT 10
21:16:20.0 (50299591)|SOQL_EXECUTE_END|[200]|Rows:1
21:16:20.0 (51100057)|ENTERING_MANAGED_PKG|tdc_tsw
21:16:20.0 (51484220)|SOQL_EXECUTE_BEGIN|[200]|Aggregations:0|SELECT Name, NamespacePrefix, SystemModStamp FROM StaticResource WHERE Name LIKE :tmpVar1 LIMIT 10
21:16:20.0 (53733613)|SOQL_EXECUTE_END|[200]|Rows:1
21:16:20.0 (54120881)|ENTERING_MANAGED_PKG|tdc_tsw
21:16:20.0 (57459800)|ENTERING_MANAGED_PKG|tdc_tsw
21:16:20.0 (58979084)|ENTERING_MANAGED_PKG|tdc_tsw
21:16:20.0 (59289606)|ENTERING_MANAGED_PKG|tdc_tsw
21:16:20.0 (60227785)|ENTERING_MANAGED_PKG|tdc_tsw
21:16:20.0 (60619025)|SOQL_EXECUTE_BEGIN|[200]|Aggregations:0|SELECT Name, NamespacePrefix, SystemModStamp FROM StaticResource WHERE Name LIKE :tmpVar1 LIMIT 10
21:16:20.0 (62967398)|SOQL_EXECUTE_END|[200]|Rows:1
21:16:20.73 (73533910)|USER_INFO|[EXTERNAL]|0051H000009gxp8|chanida.dev2@solvedbysoftwareco.com|Eastern Standard Time|GMT-05:00
21:16:20.73 (74846891)|ENTERING_MANAGED_PKG|tdc_tsw
21:16:20.73 (75036255)|ENTERING_MANAGED_PKG|tdc_tsw
21:16:20.73 (77469632)|SOQL_EXECUTE_BEGIN|[355]|Aggregations:0|SELECT id, name, Disable_Incoming_SMS_Sharing__c FROM User WHERE id = :tmpVar1
21:16:20.73 (83786465)|SOQL_EXECUTE_END|[355]|Rows:1
21:16:20.73 (84760644)|SOQL_EXECUTE_BEGIN|[367]|Aggregations:0|SELECT CreatedDate,Id,LastModifiedDate,Related_Object_Id__c FROM Message__c WHERE Name = 'Incoming' AND Read__c = false ORDER BY CreatedDate Desc limit 100
21:16:20.73 (90515472)|SOQL_EXECUTE_END|[367]|Rows:16
