44.0 APEX_CODE,FINEST;APEX_PROFILING,INFO;CALLOUT,INFO;DB,INFO;NBA,INFO;SYSTEM,DEBUG;VALIDATION,INFO;VISUALFORCE,INFO;WAVE,INFO;WORKFLOW,INFO
23:18:56.0 (169354)|USER_INFO|[EXTERNAL]|0051H000009gxp8|chanida.dev2@solvedbysoftwareco.com|Eastern Standard Time|GMT-05:00
23:18:56.0 (2823949)|ENTERING_MANAGED_PKG|tdc_tsw
23:18:56.0 (2979871)|ENTERING_MANAGED_PKG|tdc_tsw
23:18:56.0 (3561949)|ENTERING_MANAGED_PKG|tdc_tsw
23:18:56.0 (3606316)|ENTERING_MANAGED_PKG|tdc_tsw
23:18:56.0 (4409684)|ENTERING_MANAGED_PKG|tdc_tsw
23:18:56.0 (5242919)|ENTERING_MANAGED_PKG|tdc_tsw
23:18:56.0 (7184640)|ENTERING_MANAGED_PKG|tdc_tsw
23:18:56.0 (7273662)|ENTERING_MANAGED_PKG|tdc_tsw
23:18:56.0 (8590795)|ENTERING_MANAGED_PKG|tdc_tsw
23:18:56.0 (15046776)|SOQL_EXECUTE_BEGIN|[82]|Aggregations:0|SELECT CreatedDate, Id,Task_Created__c,Event_Created__c,isCaseCreated__c,Task_Id__c,Event_Id__c,Case__c, Important__c, Delivered__c, Message_Text_New__c, Name, Owner.Name, Read__c,MessageId__c, ToNumber__c, Related_Object_Id__c, Related_Object__c, Sender_Number__c, LastModifiedDate, Attachments_Ids__c FROM Message__c WHERE Contact__c =: recordId ORDER BY CreatedDate Desc limit 200
23:18:56.0 (28954064)|SOQL_EXECUTE_END|[82]|Rows:2
23:18:56.0 (30351281)|ENTERING_MANAGED_PKG|tdc_tsw
23:18:56.0 (30641068)|ENTERING_MANAGED_PKG|tdc_tsw
23:18:56.0 (30716809)|ENTERING_MANAGED_PKG|tdc_tsw
23:18:56.0 (31275517)|SOQL_EXECUTE_BEGIN|[200]|Aggregations:0|SELECT Name, NamespacePrefix, SystemModStamp FROM StaticResource WHERE Name LIKE :tmpVar1 LIMIT 10
23:18:56.0 (34645160)|SOQL_EXECUTE_END|[200]|Rows:1
23:18:56.0 (36882227)|ENTERING_MANAGED_PKG|tdc_tsw
23:18:56.0 (38463413)|ENTERING_MANAGED_PKG|tdc_tsw
23:18:56.0 (38522001)|ENTERING_MANAGED_PKG|tdc_tsw
23:18:56.0 (40907232)|ENTERING_MANAGED_PKG|tdc_tsw
23:18:56.0 (42032936)|ENTERING_MANAGED_PKG|tdc_tsw
23:18:56.0 (49634581)|SOQL_EXECUTE_BEGIN|[172]|Aggregations:0|SELECT id, name FROM ChatTranscript__c WHERE (Chat_Active__c = TRUE AND (Related_Object_Id__c = :tmpVar1 OR Related_Object_Id__c = :tmpVar2)) LIMIT 1
23:18:56.0 (53156575)|SOQL_EXECUTE_END|[172]|Rows:0
23:18:56.0 (53551120)|ENTERING_MANAGED_PKG|tdc_tsw
23:18:56.0 (53589245)|ENTERING_MANAGED_PKG|tdc_tsw
