44.0 APEX_CODE,FINEST;APEX_PROFILING,INFO;CALLOUT,INFO;DB,INFO;NBA,INFO;SYSTEM,DEBUG;VALIDATION,INFO;VISUALFORCE,INFO;WAVE,INFO;WORKFLOW,INFO
23:19:47.0 (133774)|USER_INFO|[EXTERNAL]|0051H000009gxp8|chanida.dev2@solvedbysoftwareco.com|Eastern Standard Time|GMT-05:00
23:19:47.0 (1812305)|ENTERING_MANAGED_PKG|tdc_tsw
23:19:47.0 (2361087)|ENTERING_MANAGED_PKG|tdc_tsw
23:19:47.0 (7325603)|SOQL_EXECUTE_BEGIN|[16]|Aggregations:0|SELECT id, name, Disable_Incoming_SMS_Sharing__c FROM User WHERE id = :tmpVar1
23:19:47.0 (17570852)|SOQL_EXECUTE_END|[16]|Rows:1
23:19:47.0 (22920836)|SOQL_EXECUTE_BEGIN|[37]|Aggregations:0|SELECT CreatedDate,Created_Date__c,Id,LastModifiedDate,MessageId__c,Message_Text_New__c,Name,OwnerId,Read__c,Related_Object_Id__c,Related_Object__c,Sender_Number__c, Sender_Name__c,ToNumber__c,Attachments_Ids__c FROM Message__c WHERE Name = 'Incoming' AND Read__c = false ORDER BY CreatedDate Desc limit 100
23:19:47.0 (42613283)|SOQL_EXECUTE_END|[37]|Rows:100
23:19:47.0 (73070020)|ENTERING_MANAGED_PKG|tdc_tsw
23:19:47.0 (75215149)|ENTERING_MANAGED_PKG|tdc_tsw
23:19:47.0 (75710509)|ENTERING_MANAGED_PKG|tdc_tsw
23:19:47.0 (76398462)|ENTERING_MANAGED_PKG|tdc_tsw
23:19:47.0 (79166926)|ENTERING_MANAGED_PKG|tdc_tsw
23:19:47.0 (79966131)|ENTERING_MANAGED_PKG|tdc_tsw
23:19:47.0 (80207030)|ENTERING_MANAGED_PKG|tdc_tsw
23:19:47.0 (80625215)|ENTERING_MANAGED_PKG|tdc_tsw
23:19:47.0 (81746068)|ENTERING_MANAGED_PKG|tdc_tsw
23:19:47.0 (82523497)|ENTERING_MANAGED_PKG|tdc_tsw
23:19:47.0 (82760646)|ENTERING_MANAGED_PKG|tdc_tsw
23:19:47.0 (83162659)|ENTERING_MANAGED_PKG|tdc_tsw
23:19:47.0 (84285109)|ENTERING_MANAGED_PKG|tdc_tsw
23:19:47.0 (85044780)|ENTERING_MANAGED_PKG|tdc_tsw
23:19:47.0 (85286149)|ENTERING_MANAGED_PKG|tdc_tsw
23:19:47.0 (85690781)|ENTERING_MANAGED_PKG|tdc_tsw
23:19:47.0 (86797879)|ENTERING_MANAGED_PKG|tdc_tsw
23:19:47.0 (87572979)|ENTERING_MANAGED_PKG|tdc_tsw
23:19:47.0 (87808330)|ENTERING_MANAGED_PKG|tdc_tsw
23:19:47.0 (88210134)|ENTERING_MANAGED_PKG|tdc_tsw
23:19:47.0 (89324089)|ENTERING_MANAGED_PKG|tdc_tsw
23:19:47.0 (90081270)|ENTERING_MANAGED_PKG|tdc_tsw
23:19:47.0 (90323998)|ENTERING_MANAGED_PKG|tdc_tsw
23:19:47.0 (90726310)|ENTERING_MANAGED_PKG|tdc_tsw
23:19:47.0 (91830019)|ENTERING_MANAGED_PKG|tdc_tsw
23:19:47.0 (92603678)|ENTERING_MANAGED_PKG|tdc_tsw
23:19:47.0 (92840593)|ENTERING_MANAGED_PKG|tdc_tsw
23:19:47.0 (93243997)|ENTERING_MANAGED_PKG|tdc_tsw
23:19:47.0 (94359236)|ENTERING_MANAGED_PKG|tdc_tsw
23:19:47.0 (95116310)|ENTERING_MANAGED_PKG|tdc_tsw
23:19:47.0 (95357053)|ENTERING_MANAGED_PKG|tdc_tsw
23:19:47.0 (95759204)|ENTERING_MANAGED_PKG|tdc_tsw
23:19:47.0 (96863797)|ENTERING_MANAGED_PKG|tdc_tsw
23:19:47.0 (97631468)|ENTERING_MANAGED_PKG|tdc_tsw
23:19:47.0 (97865282)|ENTERING_MANAGED_PKG|tdc_tsw
23:19:47.0 (98266276)|ENTERING_MANAGED_PKG|tdc_tsw
23:19:47.0 (99390536)|ENTERING_MANAGED_PKG|tdc_tsw
23:19:47.0 (100152614)|ENTERING_MANAGED_PKG|tdc_tsw
23:19:47.0 (100394112)|ENTERING_MANAGED_PKG|tdc_tsw
23:19:47.0 (100809887)|ENTERING_MANAGED_PKG|tdc_tsw
23:19:47.0 (101927770)|ENTERING_MANAGED_PKG|tdc_tsw
23:19:47.0 (102693148)|ENTERING_MANAGED_PKG|tdc_tsw
23:19:47.0 (102926010)|ENTERING_MANAGED_PKG|tdc_tsw
23:19:47.0 (103333600)|ENTERING_MANAGED_PKG|tdc_tsw
23:19:47.0 (104436904)|ENTERING_MANAGED_PKG|tdc_tsw
23:19:47.0 (105201925)|ENTERING_MANAGED_PKG|tdc_tsw
23:19:47.0 (105443878)|ENTERING_MANAGED_PKG|tdc_tsw
23:19:47.0 (105843600)|ENTERING_MANAGED_PKG|tdc_tsw
23:19:47.0 (106945825)|ENTERING_MANAGED_PKG|tdc_tsw
23:19:47.0 (107711988)|ENTERING_MANAGED_PKG|tdc_tsw
23:19:47.0 (107944475)|ENTERING_MANAGED_PKG|tdc_tsw
23:19:47.0 (108354811)|ENTERING_MANAGED_PKG|tdc_tsw
23:19:47.0 (109454838)|ENTERING_MANAGED_PKG|tdc_tsw
23:19:47.0 (110215480)|ENTERING_MANAGED_PKG|tdc_tsw
23:19:47.0 (110454359)|ENTERING_MANAGED_PKG|tdc_tsw
23:19:47.0 (110857312)|ENTERING_MANAGED_PKG|tdc_tsw
23:19:47.0 (112005989)|ENTERING_MANAGED_PKG|tdc_tsw
23:19:47.0 (112780037)|ENTERING_MANAGED_PKG|tdc_tsw
23:19:47.0 (113014433)|ENTERING_MANAGED_PKG|tdc_tsw
23:19:47.0 (113423879)|ENTERING_MANAGED_PKG|tdc_tsw
23:19:47.0 (114529199)|ENTERING_MANAGED_PKG|tdc_tsw
23:19:47.0 (115293800)|ENTERING_MANAGED_PKG|tdc_tsw
23:19:47.0 (115527676)|ENTERING_MANAGED_PKG|tdc_tsw
23:19:47.0 (115936454)|ENTERING_MANAGED_PKG|tdc_tsw
23:19:47.0 (117045186)|ENTERING_MANAGED_PKG|tdc_tsw
23:19:47.0 (117813431)|ENTERING_MANAGED_PKG|tdc_tsw
23:19:47.0 (118049386)|ENTERING_MANAGED_PKG|tdc_tsw
23:19:47.0 (118461101)|ENTERING_MANAGED_PKG|tdc_tsw
23:19:47.0 (119572140)|ENTERING_MANAGED_PKG|tdc_tsw
23:19:47.0 (120655678)|ENTERING_MANAGED_PKG|tdc_tsw
23:19:47.0 (120890551)|ENTERING_MANAGED_PKG|tdc_tsw
23:19:47.0 (121295614)|ENTERING_MANAGED_PKG|tdc_tsw
23:19:47.0 (122403168)|ENTERING_MANAGED_PKG|tdc_tsw
23:19:47.0 (123160526)|ENTERING_MANAGED_PKG|tdc_tsw
23:19:47.0 (123402174)|ENTERING_MANAGED_PKG|tdc_tsw
23:19:47.0 (123802939)|ENTERING_MANAGED_PKG|tdc_tsw
23:19:47.0 (124906728)|ENTERING_MANAGED_PKG|tdc_tsw
23:19:47.0 (125677890)|ENTERING_MANAGED_PKG|tdc_tsw
23:19:47.0 (125912886)|ENTERING_MANAGED_PKG|tdc_tsw
23:19:47.0 (126318383)|ENTERING_MANAGED_PKG|tdc_tsw
23:19:47.0 (127427838)|ENTERING_MANAGED_PKG|tdc_tsw
23:19:47.0 (128224002)|ENTERING_MANAGED_PKG|tdc_tsw
23:19:47.0 (128466042)|ENTERING_MANAGED_PKG|tdc_tsw
23:19:47.0 (128863884)|ENTERING_MANAGED_PKG|tdc_tsw
23:19:47.0 (129973579)|ENTERING_MANAGED_PKG|tdc_tsw
23:19:47.0 (130751920)|ENTERING_MANAGED_PKG|tdc_tsw
23:19:47.0 (130985747)|ENTERING_MANAGED_PKG|tdc_tsw
23:19:47.0 (131388821)|ENTERING_MANAGED_PKG|tdc_tsw
23:19:47.0 (132488891)|ENTERING_MANAGED_PKG|tdc_tsw
23:19:47.0 (133251490)|ENTERING_MANAGED_PKG|tdc_tsw
23:19:47.0 (133490697)|ENTERING_MANAGED_PKG|tdc_tsw
23:19:47.0 (133887729)|ENTERING_MANAGED_PKG|tdc_tsw
23:19:47.0 (134985060)|ENTERING_MANAGED_PKG|tdc_tsw
23:19:47.0 (135758870)|ENTERING_MANAGED_PKG|tdc_tsw
23:19:47.0 (135994187)|ENTERING_MANAGED_PKG|tdc_tsw
23:19:47.0 (136405219)|ENTERING_MANAGED_PKG|tdc_tsw
23:19:47.0 (137500598)|ENTERING_MANAGED_PKG|tdc_tsw
23:19:47.0 (138258940)|ENTERING_MANAGED_PKG|tdc_tsw
23:19:47.0 (138500000)|ENTERING_MANAGED_PKG|tdc_tsw
23:19:47.0 (138895964)|ENTERING_MANAGED_PKG|tdc_tsw
23:19:47.0 (139992126)|ENTERING_MANAGED_PKG|tdc_tsw
23:19:47.0 (140760196)|ENTERING_MANAGED_PKG|tdc_tsw
23:19:47.0 (140995465)|ENTERING_MANAGED_PKG|tdc_tsw
23:19:47.0 (141396837)|ENTERING_MANAGED_PKG|tdc_tsw
23:19:47.0 (142503679)|ENTERING_MANAGED_PKG|tdc_tsw
23:19:47.0 (143259905)|ENTERING_MANAGED_PKG|tdc_tsw
23:19:47.0 (143500079)|ENTERING_MANAGED_PKG|tdc_tsw
23:19:47.0 (143893504)|ENTERING_MANAGED_PKG|tdc_tsw
23:19:47.0 (144993826)|ENTERING_MANAGED_PKG|tdc_tsw
23:19:47.0 (145766147)|ENTERING_MANAGED_PKG|tdc_tsw
23:19:47.0 (146002246)|ENTERING_MANAGED_PKG|tdc_tsw
23:19:47.0 (146405352)|ENTERING_MANAGED_PKG|tdc_tsw
23:19:47.0 (147506819)|ENTERING_MANAGED_PKG|tdc_tsw
23:19:47.0 (148296028)|ENTERING_MANAGED_PKG|tdc_tsw
23:19:47.0 (148532778)|ENTERING_MANAGED_PKG|tdc_tsw
23:19:47.0 (148929623)|ENTERING_MANAGED_PKG|tdc_tsw
23:19:47.0 (150043965)|ENTERING_MANAGED_PKG|tdc_tsw
23:19:47.0 (150814072)|ENTERING_MANAGED_PKG|tdc_tsw
23:19:47.0 (151047674)|ENTERING_MANAGED_PKG|tdc_tsw
23:19:47.0 (151468911)|ENTERING_MANAGED_PKG|tdc_tsw
23:19:47.0 (152567048)|ENTERING_MANAGED_PKG|tdc_tsw
23:19:47.0 (153353495)|ENTERING_MANAGED_PKG|tdc_tsw
23:19:47.0 (153603004)|ENTERING_MANAGED_PKG|tdc_tsw
23:19:47.0 (154001972)|ENTERING_MANAGED_PKG|tdc_tsw
23:19:47.0 (155106859)|ENTERING_MANAGED_PKG|tdc_tsw
23:19:47.0 (155886473)|ENTERING_MANAGED_PKG|tdc_tsw
23:19:47.0 (156120933)|ENTERING_MANAGED_PKG|tdc_tsw
23:19:47.0 (156525775)|ENTERING_MANAGED_PKG|tdc_tsw
23:19:47.0 (157622184)|ENTERING_MANAGED_PKG|tdc_tsw
23:19:47.0 (158397089)|ENTERING_MANAGED_PKG|tdc_tsw
23:19:47.0 (158630305)|ENTERING_MANAGED_PKG|tdc_tsw
23:19:47.0 (159035889)|ENTERING_MANAGED_PKG|tdc_tsw
23:19:47.0 (160145877)|ENTERING_MANAGED_PKG|tdc_tsw
23:19:47.0 (160913067)|ENTERING_MANAGED_PKG|tdc_tsw
23:19:47.0 (161146951)|ENTERING_MANAGED_PKG|tdc_tsw
23:19:47.0 (161574917)|ENTERING_MANAGED_PKG|tdc_tsw
23:19:47.0 (162690609)|ENTERING_MANAGED_PKG|tdc_tsw
23:19:47.0 (163458138)|ENTERING_MANAGED_PKG|tdc_tsw
23:19:47.0 (163691507)|ENTERING_MANAGED_PKG|tdc_tsw
23:19:47.0 (164103155)|ENTERING_MANAGED_PKG|tdc_tsw
23:19:47.0 (165205658)|ENTERING_MANAGED_PKG|tdc_tsw
23:19:47.0 (165970749)|ENTERING_MANAGED_PKG|tdc_tsw
23:19:47.0 (166204001)|ENTERING_MANAGED_PKG|tdc_tsw
23:19:47.0 (166611546)|ENTERING_MANAGED_PKG|tdc_tsw
23:19:47.0 (167734474)|ENTERING_MANAGED_PKG|tdc_tsw
23:19:47.0 (168499611)|ENTERING_MANAGED_PKG|tdc_tsw
23:19:47.0 (168733688)|ENTERING_MANAGED_PKG|tdc_tsw
23:19:47.0 (169136771)|ENTERING_MANAGED_PKG|tdc_tsw
23:19:47.0 (170237224)|ENTERING_MANAGED_PKG|tdc_tsw
23:19:47.0 (171007463)|ENTERING_MANAGED_PKG|tdc_tsw
23:19:47.0 (171244069)|ENTERING_MANAGED_PKG|tdc_tsw
23:19:47.0 (171653342)|ENTERING_MANAGED_PKG|tdc_tsw
23:19:47.0 (172781005)|ENTERING_MANAGED_PKG|tdc_tsw
23:19:47.0 (173551162)|ENTERING_MANAGED_PKG|tdc_tsw
23:19:47.0 (173787769)|ENTERING_MANAGED_PKG|tdc_tsw
23:19:47.0 (174193090)|ENTERING_MANAGED_PKG|tdc_tsw
23:19:47.0 (175306146)|ENTERING_MANAGED_PKG|tdc_tsw
23:19:47.0 (176080765)|ENTERING_MANAGED_PKG|tdc_tsw
23:19:47.0 (176325254)|ENTERING_MANAGED_PKG|tdc_tsw
23:19:47.0 (176730907)|ENTERING_MANAGED_PKG|tdc_tsw
23:19:47.0 (177834003)|ENTERING_MANAGED_PKG|tdc_tsw
23:19:47.0 (178601175)|ENTERING_MANAGED_PKG|tdc_tsw
23:19:47.0 (178833925)|ENTERING_MANAGED_PKG|tdc_tsw
23:19:47.0 (179264538)|ENTERING_MANAGED_PKG|tdc_tsw
23:19:47.0 (180383687)|ENTERING_MANAGED_PKG|tdc_tsw
23:19:47.0 (181146128)|ENTERING_MANAGED_PKG|tdc_tsw
23:19:47.0 (181388259)|ENTERING_MANAGED_PKG|tdc_tsw
23:19:47.0 (181856524)|ENTERING_MANAGED_PKG|tdc_tsw
23:19:47.0 (182961284)|ENTERING_MANAGED_PKG|tdc_tsw
23:19:47.0 (183728015)|ENTERING_MANAGED_PKG|tdc_tsw
23:19:47.0 (183961364)|ENTERING_MANAGED_PKG|tdc_tsw
23:19:47.0 (184370330)|ENTERING_MANAGED_PKG|tdc_tsw
23:19:47.0 (185480011)|ENTERING_MANAGED_PKG|tdc_tsw
23:19:47.0 (186241092)|ENTERING_MANAGED_PKG|tdc_tsw
23:19:47.0 (186481615)|ENTERING_MANAGED_PKG|tdc_tsw
23:19:47.0 (186881633)|ENTERING_MANAGED_PKG|tdc_tsw
23:19:47.0 (187993321)|ENTERING_MANAGED_PKG|tdc_tsw
23:19:47.0 (188761425)|ENTERING_MANAGED_PKG|tdc_tsw
23:19:47.0 (188994977)|ENTERING_MANAGED_PKG|tdc_tsw
23:19:47.0 (189402630)|ENTERING_MANAGED_PKG|tdc_tsw
23:19:47.0 (190511958)|ENTERING_MANAGED_PKG|tdc_tsw
23:19:47.0 (191274871)|ENTERING_MANAGED_PKG|tdc_tsw
23:19:47.0 (191516311)|ENTERING_MANAGED_PKG|tdc_tsw
23:19:47.0 (191917062)|ENTERING_MANAGED_PKG|tdc_tsw
23:19:47.0 (193028897)|ENTERING_MANAGED_PKG|tdc_tsw
23:19:47.0 (193800860)|ENTERING_MANAGED_PKG|tdc_tsw
23:19:47.0 (194035777)|ENTERING_MANAGED_PKG|tdc_tsw
23:19:47.0 (194445888)|ENTERING_MANAGED_PKG|tdc_tsw
23:19:47.0 (195554822)|ENTERING_MANAGED_PKG|tdc_tsw
23:19:47.0 (196332058)|ENTERING_MANAGED_PKG|tdc_tsw
23:19:47.0 (196567653)|ENTERING_MANAGED_PKG|tdc_tsw
23:19:47.0 (196968789)|ENTERING_MANAGED_PKG|tdc_tsw
23:19:47.0 (198076924)|ENTERING_MANAGED_PKG|tdc_tsw
23:19:47.0 (198839547)|ENTERING_MANAGED_PKG|tdc_tsw
23:19:47.0 (199070802)|ENTERING_MANAGED_PKG|tdc_tsw
23:19:47.0 (199481794)|ENTERING_MANAGED_PKG|tdc_tsw
23:19:47.0 (200593506)|ENTERING_MANAGED_PKG|tdc_tsw
23:19:47.0 (201355681)|ENTERING_MANAGED_PKG|tdc_tsw
23:19:47.0 (201566851)|ENTERING_MANAGED_PKG|tdc_tsw
23:19:47.0 (201966374)|ENTERING_MANAGED_PKG|tdc_tsw
23:19:47.0 (203069196)|ENTERING_MANAGED_PKG|tdc_tsw
23:19:47.0 (203839977)|ENTERING_MANAGED_PKG|tdc_tsw
23:19:47.0 (204072676)|ENTERING_MANAGED_PKG|tdc_tsw
23:19:47.0 (204479227)|ENTERING_MANAGED_PKG|tdc_tsw
23:19:47.0 (205593677)|ENTERING_MANAGED_PKG|tdc_tsw
23:19:47.0 (206362358)|ENTERING_MANAGED_PKG|tdc_tsw
23:19:47.0 (206595273)|ENTERING_MANAGED_PKG|tdc_tsw
23:19:47.0 (206995279)|ENTERING_MANAGED_PKG|tdc_tsw
23:19:47.0 (208166646)|ENTERING_MANAGED_PKG|tdc_tsw
23:19:47.0 (208948248)|ENTERING_MANAGED_PKG|tdc_tsw
23:19:47.0 (209018305)|ENTERING_MANAGED_PKG|tdc_tsw
23:19:47.0 (209523246)|SOQL_EXECUTE_BEGIN|[200]|Aggregations:0|SELECT Name, NamespacePrefix, SystemModStamp FROM StaticResource WHERE Name LIKE :tmpVar1 LIMIT 10
23:19:47.0 (212675493)|SOQL_EXECUTE_END|[200]|Rows:1
23:19:47.0 (213731649)|ENTERING_MANAGED_PKG|tdc_tsw
23:19:47.0 (214412723)|SOQL_EXECUTE_BEGIN|[200]|Aggregations:0|SELECT Name, NamespacePrefix, SystemModStamp FROM StaticResource WHERE Name LIKE :tmpVar1 LIMIT 10
23:19:47.0 (222376837)|SOQL_EXECUTE_END|[200]|Rows:1
23:19:47.0 (222775656)|ENTERING_MANAGED_PKG|tdc_tsw
23:19:47.0 (226566411)|ENTERING_MANAGED_PKG|tdc_tsw
23:19:47.0 (228170202)|ENTERING_MANAGED_PKG|tdc_tsw
23:19:47.0 (228468621)|ENTERING_MANAGED_PKG|tdc_tsw
23:19:47.0 (229259547)|ENTERING_MANAGED_PKG|tdc_tsw
23:19:47.0 (229633750)|SOQL_EXECUTE_BEGIN|[200]|Aggregations:0|SELECT Name, NamespacePrefix, SystemModStamp FROM StaticResource WHERE Name LIKE :tmpVar1 LIMIT 10
23:19:47.0 (232125248)|SOQL_EXECUTE_END|[200]|Rows:1
23:19:47.242 (242811951)|USER_INFO|[EXTERNAL]|0051H000009gxp8|chanida.dev2@solvedbysoftwareco.com|Eastern Standard Time|GMT-05:00
23:19:47.242 (248062889)|ENTERING_MANAGED_PKG|tdc_tsw
23:19:47.242 (248304222)|ENTERING_MANAGED_PKG|tdc_tsw
23:19:47.242 (251594030)|SOQL_EXECUTE_BEGIN|[355]|Aggregations:0|SELECT id, name, Disable_Incoming_SMS_Sharing__c FROM User WHERE id = :tmpVar1
23:19:47.242 (258832172)|SOQL_EXECUTE_END|[355]|Rows:1
23:19:47.242 (259875356)|SOQL_EXECUTE_BEGIN|[367]|Aggregations:0|SELECT CreatedDate,Id,LastModifiedDate,Related_Object_Id__c FROM Message__c WHERE Name = 'Incoming' AND Read__c = false ORDER BY CreatedDate Desc limit 100
23:19:47.242 (268358231)|SOQL_EXECUTE_END|[367]|Rows:100
