44.0 APEX_CODE,FINEST;APEX_PROFILING,INFO;CALLOUT,INFO;DB,INFO;NBA,INFO;SYSTEM,DEBUG;VALIDATION,INFO;VISUALFORCE,INFO;WAVE,INFO;WORKFLOW,INFO
23:36:42.0 (180415)|USER_INFO|[EXTERNAL]|0051H000009gxp8|chanida.dev2@solvedbysoftwareco.com|Eastern Standard Time|GMT-05:00
23:36:42.0 (2155351)|ENTERING_MANAGED_PKG|tdc_tsw
23:36:42.0 (2533952)|ENTERING_MANAGED_PKG|tdc_tsw
23:36:42.0 (5872356)|SOQL_EXECUTE_BEGIN|[16]|Aggregations:0|SELECT id, name, Disable_Incoming_SMS_Sharing__c FROM User WHERE id = :tmpVar1
23:36:42.0 (12035105)|SOQL_EXECUTE_END|[16]|Rows:1
23:36:42.0 (17173253)|SOQL_EXECUTE_BEGIN|[37]|Aggregations:0|SELECT CreatedDate,Created_Date__c,Id,LastModifiedDate,MessageId__c,Message_Text_New__c,Name,OwnerId,Read__c,Related_Object_Id__c,Related_Object__c,Sender_Number__c, Sender_Name__c,ToNumber__c,Attachments_Ids__c FROM Message__c WHERE Name = 'Incoming' AND Read__c = false ORDER BY CreatedDate Desc limit 100
23:36:42.0 (32440848)|SOQL_EXECUTE_END|[37]|Rows:100
23:36:42.0 (48911241)|ENTERING_MANAGED_PKG|tdc_tsw
23:36:42.0 (51335334)|ENTERING_MANAGED_PKG|tdc_tsw
23:36:42.0 (51984613)|ENTERING_MANAGED_PKG|tdc_tsw
23:36:42.0 (52950951)|ENTERING_MANAGED_PKG|tdc_tsw
23:36:42.0 (56611700)|ENTERING_MANAGED_PKG|tdc_tsw
23:36:42.0 (57865906)|ENTERING_MANAGED_PKG|tdc_tsw
23:36:42.0 (58218312)|ENTERING_MANAGED_PKG|tdc_tsw
23:36:42.0 (58850857)|ENTERING_MANAGED_PKG|tdc_tsw
23:36:42.0 (60564015)|ENTERING_MANAGED_PKG|tdc_tsw
23:36:42.0 (61800302)|ENTERING_MANAGED_PKG|tdc_tsw
23:36:42.0 (62107955)|ENTERING_MANAGED_PKG|tdc_tsw
23:36:42.0 (62507936)|ENTERING_MANAGED_PKG|tdc_tsw
23:36:42.0 (63569572)|ENTERING_MANAGED_PKG|tdc_tsw
23:36:42.0 (64337537)|ENTERING_MANAGED_PKG|tdc_tsw
23:36:42.0 (64560685)|ENTERING_MANAGED_PKG|tdc_tsw
23:36:42.0 (64934460)|ENTERING_MANAGED_PKG|tdc_tsw
23:36:42.0 (65961537)|ENTERING_MANAGED_PKG|tdc_tsw
23:36:42.0 (66699468)|ENTERING_MANAGED_PKG|tdc_tsw
23:36:42.0 (66918239)|ENTERING_MANAGED_PKG|tdc_tsw
23:36:42.0 (67289991)|ENTERING_MANAGED_PKG|tdc_tsw
23:36:42.0 (68307219)|ENTERING_MANAGED_PKG|tdc_tsw
23:36:42.0 (69040048)|ENTERING_MANAGED_PKG|tdc_tsw
23:36:42.0 (69266252)|ENTERING_MANAGED_PKG|tdc_tsw
23:36:42.0 (69661490)|ENTERING_MANAGED_PKG|tdc_tsw
23:36:42.0 (70700767)|ENTERING_MANAGED_PKG|tdc_tsw
23:36:42.0 (71433926)|ENTERING_MANAGED_PKG|tdc_tsw
23:36:42.0 (71652722)|ENTERING_MANAGED_PKG|tdc_tsw
23:36:42.0 (72022246)|ENTERING_MANAGED_PKG|tdc_tsw
23:36:42.0 (73073187)|ENTERING_MANAGED_PKG|tdc_tsw
23:36:42.0 (73802626)|ENTERING_MANAGED_PKG|tdc_tsw
23:36:42.0 (74019670)|ENTERING_MANAGED_PKG|tdc_tsw
23:36:42.0 (74416517)|ENTERING_MANAGED_PKG|tdc_tsw
23:36:42.0 (75431976)|ENTERING_MANAGED_PKG|tdc_tsw
23:36:42.0 (76148781)|ENTERING_MANAGED_PKG|tdc_tsw
23:36:42.0 (76374930)|ENTERING_MANAGED_PKG|tdc_tsw
23:36:42.0 (76787019)|ENTERING_MANAGED_PKG|tdc_tsw
23:36:42.0 (77970977)|ENTERING_MANAGED_PKG|tdc_tsw
23:36:42.0 (78716211)|ENTERING_MANAGED_PKG|tdc_tsw
23:36:42.0 (78936592)|ENTERING_MANAGED_PKG|tdc_tsw
23:36:42.0 (79332130)|ENTERING_MANAGED_PKG|tdc_tsw
23:36:42.0 (80368060)|ENTERING_MANAGED_PKG|tdc_tsw
23:36:42.0 (81087808)|ENTERING_MANAGED_PKG|tdc_tsw
23:36:42.0 (81306000)|ENTERING_MANAGED_PKG|tdc_tsw
23:36:42.0 (81684824)|ENTERING_MANAGED_PKG|tdc_tsw
23:36:42.0 (82730410)|ENTERING_MANAGED_PKG|tdc_tsw
23:36:42.0 (83610446)|ENTERING_MANAGED_PKG|tdc_tsw
23:36:42.0 (84009585)|ENTERING_MANAGED_PKG|tdc_tsw
23:36:42.0 (84739218)|ENTERING_MANAGED_PKG|tdc_tsw
23:36:42.0 (86662898)|ENTERING_MANAGED_PKG|tdc_tsw
23:36:42.0 (88050149)|ENTERING_MANAGED_PKG|tdc_tsw
23:36:42.0 (88464972)|ENTERING_MANAGED_PKG|tdc_tsw
23:36:42.0 (89197390)|ENTERING_MANAGED_PKG|tdc_tsw
23:36:42.0 (91145483)|ENTERING_MANAGED_PKG|tdc_tsw
23:36:42.0 (92546691)|ENTERING_MANAGED_PKG|tdc_tsw
23:36:42.0 (92955161)|ENTERING_MANAGED_PKG|tdc_tsw
23:36:42.0 (93697398)|ENTERING_MANAGED_PKG|tdc_tsw
23:36:42.0 (95644631)|ENTERING_MANAGED_PKG|tdc_tsw
23:36:42.0 (97054390)|ENTERING_MANAGED_PKG|tdc_tsw
23:36:42.0 (97466615)|ENTERING_MANAGED_PKG|tdc_tsw
23:36:42.0 (98681669)|ENTERING_MANAGED_PKG|tdc_tsw
23:36:42.0 (100727090)|ENTERING_MANAGED_PKG|tdc_tsw
23:36:42.0 (102147999)|ENTERING_MANAGED_PKG|tdc_tsw
23:36:42.0 (102560501)|ENTERING_MANAGED_PKG|tdc_tsw
23:36:42.0 (103289195)|ENTERING_MANAGED_PKG|tdc_tsw
23:36:42.0 (105203297)|ENTERING_MANAGED_PKG|tdc_tsw
23:36:42.0 (106527009)|ENTERING_MANAGED_PKG|tdc_tsw
23:36:42.0 (106915658)|ENTERING_MANAGED_PKG|tdc_tsw
23:36:42.0 (107636464)|ENTERING_MANAGED_PKG|tdc_tsw
23:36:42.0 (109522341)|ENTERING_MANAGED_PKG|tdc_tsw
23:36:42.0 (110843030)|ENTERING_MANAGED_PKG|tdc_tsw
23:36:42.0 (111232839)|ENTERING_MANAGED_PKG|tdc_tsw
23:36:42.0 (111945093)|ENTERING_MANAGED_PKG|tdc_tsw
23:36:42.0 (113808715)|ENTERING_MANAGED_PKG|tdc_tsw
23:36:42.0 (115183142)|ENTERING_MANAGED_PKG|tdc_tsw
23:36:42.0 (115640015)|ENTERING_MANAGED_PKG|tdc_tsw
23:36:42.0 (116068481)|ENTERING_MANAGED_PKG|tdc_tsw
23:36:42.0 (117258724)|ENTERING_MANAGED_PKG|tdc_tsw
23:36:42.0 (118109461)|ENTERING_MANAGED_PKG|tdc_tsw
23:36:42.0 (118335194)|ENTERING_MANAGED_PKG|tdc_tsw
23:36:42.0 (118706107)|ENTERING_MANAGED_PKG|tdc_tsw
23:36:42.0 (119712549)|ENTERING_MANAGED_PKG|tdc_tsw
23:36:42.0 (120469381)|ENTERING_MANAGED_PKG|tdc_tsw
23:36:42.0 (120685013)|ENTERING_MANAGED_PKG|tdc_tsw
23:36:42.0 (121049176)|ENTERING_MANAGED_PKG|tdc_tsw
23:36:42.0 (122046811)|ENTERING_MANAGED_PKG|tdc_tsw
23:36:42.0 (122761215)|ENTERING_MANAGED_PKG|tdc_tsw
23:36:42.0 (122976012)|ENTERING_MANAGED_PKG|tdc_tsw
23:36:42.0 (123347182)|ENTERING_MANAGED_PKG|tdc_tsw
23:36:42.0 (124341244)|ENTERING_MANAGED_PKG|tdc_tsw
23:36:42.0 (125051474)|ENTERING_MANAGED_PKG|tdc_tsw
23:36:42.0 (125266419)|ENTERING_MANAGED_PKG|tdc_tsw
23:36:42.0 (125637269)|ENTERING_MANAGED_PKG|tdc_tsw
23:36:42.0 (126646433)|ENTERING_MANAGED_PKG|tdc_tsw
23:36:42.0 (127356979)|ENTERING_MANAGED_PKG|tdc_tsw
23:36:42.0 (127573517)|ENTERING_MANAGED_PKG|tdc_tsw
23:36:42.0 (127936546)|ENTERING_MANAGED_PKG|tdc_tsw
23:36:42.0 (128929118)|ENTERING_MANAGED_PKG|tdc_tsw
23:36:42.0 (129632968)|ENTERING_MANAGED_PKG|tdc_tsw
23:36:42.0 (129848744)|ENTERING_MANAGED_PKG|tdc_tsw
23:36:42.0 (130212656)|ENTERING_MANAGED_PKG|tdc_tsw
23:36:42.0 (131221022)|ENTERING_MANAGED_PKG|tdc_tsw
23:36:42.0 (131927111)|ENTERING_MANAGED_PKG|tdc_tsw
23:36:42.0 (132141047)|ENTERING_MANAGED_PKG|tdc_tsw
23:36:42.0 (132511346)|ENTERING_MANAGED_PKG|tdc_tsw
23:36:42.0 (133506295)|ENTERING_MANAGED_PKG|tdc_tsw
23:36:42.0 (134204160)|ENTERING_MANAGED_PKG|tdc_tsw
23:36:42.0 (134431902)|ENTERING_MANAGED_PKG|tdc_tsw
23:36:42.0 (134794246)|ENTERING_MANAGED_PKG|tdc_tsw
23:36:42.0 (135790808)|ENTERING_MANAGED_PKG|tdc_tsw
23:36:42.0 (136496101)|ENTERING_MANAGED_PKG|tdc_tsw
23:36:42.0 (136710310)|ENTERING_MANAGED_PKG|tdc_tsw
23:36:42.0 (137072453)|ENTERING_MANAGED_PKG|tdc_tsw
23:36:42.0 (138071679)|ENTERING_MANAGED_PKG|tdc_tsw
23:36:42.0 (138775667)|ENTERING_MANAGED_PKG|tdc_tsw
23:36:42.0 (139000839)|ENTERING_MANAGED_PKG|tdc_tsw
23:36:42.0 (139372706)|ENTERING_MANAGED_PKG|tdc_tsw
23:36:42.0 (140381293)|ENTERING_MANAGED_PKG|tdc_tsw
23:36:42.0 (141094522)|ENTERING_MANAGED_PKG|tdc_tsw
23:36:42.0 (141309819)|ENTERING_MANAGED_PKG|tdc_tsw
23:36:42.0 (141683719)|ENTERING_MANAGED_PKG|tdc_tsw
23:36:42.0 (142694122)|ENTERING_MANAGED_PKG|tdc_tsw
23:36:42.0 (143400080)|ENTERING_MANAGED_PKG|tdc_tsw
23:36:42.0 (143614329)|ENTERING_MANAGED_PKG|tdc_tsw
23:36:42.0 (143976358)|ENTERING_MANAGED_PKG|tdc_tsw
23:36:42.0 (144972166)|ENTERING_MANAGED_PKG|tdc_tsw
23:36:42.0 (145678931)|ENTERING_MANAGED_PKG|tdc_tsw
23:36:42.0 (145893044)|ENTERING_MANAGED_PKG|tdc_tsw
23:36:42.0 (146255749)|ENTERING_MANAGED_PKG|tdc_tsw
23:36:42.0 (147252875)|ENTERING_MANAGED_PKG|tdc_tsw
23:36:42.0 (147959199)|ENTERING_MANAGED_PKG|tdc_tsw
23:36:42.0 (148172098)|ENTERING_MANAGED_PKG|tdc_tsw
23:36:42.0 (148556150)|ENTERING_MANAGED_PKG|tdc_tsw
23:36:42.0 (149558579)|ENTERING_MANAGED_PKG|tdc_tsw
23:36:42.0 (150258077)|ENTERING_MANAGED_PKG|tdc_tsw
23:36:42.0 (150479065)|ENTERING_MANAGED_PKG|tdc_tsw
23:36:42.0 (150845438)|ENTERING_MANAGED_PKG|tdc_tsw
23:36:42.0 (151845052)|ENTERING_MANAGED_PKG|tdc_tsw
23:36:42.0 (152551027)|ENTERING_MANAGED_PKG|tdc_tsw
23:36:42.0 (152765882)|ENTERING_MANAGED_PKG|tdc_tsw
23:36:42.0 (153134363)|ENTERING_MANAGED_PKG|tdc_tsw
23:36:42.0 (154143617)|ENTERING_MANAGED_PKG|tdc_tsw
23:36:42.0 (154858838)|ENTERING_MANAGED_PKG|tdc_tsw
23:36:42.0 (155073540)|ENTERING_MANAGED_PKG|tdc_tsw
23:36:42.0 (155451515)|ENTERING_MANAGED_PKG|tdc_tsw
23:36:42.0 (156450900)|ENTERING_MANAGED_PKG|tdc_tsw
23:36:42.0 (157148223)|ENTERING_MANAGED_PKG|tdc_tsw
23:36:42.0 (157368420)|ENTERING_MANAGED_PKG|tdc_tsw
23:36:42.0 (157735940)|ENTERING_MANAGED_PKG|tdc_tsw
23:36:42.0 (158735147)|ENTERING_MANAGED_PKG|tdc_tsw
23:36:42.0 (159442243)|ENTERING_MANAGED_PKG|tdc_tsw
23:36:42.0 (159656945)|ENTERING_MANAGED_PKG|tdc_tsw
23:36:42.0 (160023821)|ENTERING_MANAGED_PKG|tdc_tsw
23:36:42.0 (161027029)|ENTERING_MANAGED_PKG|tdc_tsw
23:36:42.0 (161727666)|ENTERING_MANAGED_PKG|tdc_tsw
23:36:42.0 (161941628)|ENTERING_MANAGED_PKG|tdc_tsw
23:36:42.0 (162308920)|ENTERING_MANAGED_PKG|tdc_tsw
23:36:42.0 (163308280)|ENTERING_MANAGED_PKG|tdc_tsw
23:36:42.0 (164013794)|ENTERING_MANAGED_PKG|tdc_tsw
23:36:42.0 (164228173)|ENTERING_MANAGED_PKG|tdc_tsw
23:36:42.0 (164603309)|ENTERING_MANAGED_PKG|tdc_tsw
23:36:42.0 (165602113)|ENTERING_MANAGED_PKG|tdc_tsw
23:36:42.0 (166296465)|ENTERING_MANAGED_PKG|tdc_tsw
23:36:42.0 (166517249)|ENTERING_MANAGED_PKG|tdc_tsw
23:36:42.0 (166892439)|ENTERING_MANAGED_PKG|tdc_tsw
23:36:42.0 (167890794)|ENTERING_MANAGED_PKG|tdc_tsw
23:36:42.0 (168594221)|ENTERING_MANAGED_PKG|tdc_tsw
23:36:42.0 (168806833)|ENTERING_MANAGED_PKG|tdc_tsw
23:36:42.0 (169213670)|ENTERING_MANAGED_PKG|tdc_tsw
23:36:42.0 (170219109)|ENTERING_MANAGED_PKG|tdc_tsw
23:36:42.0 (170924683)|ENTERING_MANAGED_PKG|tdc_tsw
23:36:42.0 (171137692)|ENTERING_MANAGED_PKG|tdc_tsw
23:36:42.0 (171516088)|ENTERING_MANAGED_PKG|tdc_tsw
23:36:42.0 (172520377)|ENTERING_MANAGED_PKG|tdc_tsw
23:36:42.0 (173226055)|ENTERING_MANAGED_PKG|tdc_tsw
23:36:42.0 (173453650)|ENTERING_MANAGED_PKG|tdc_tsw
23:36:42.0 (173822178)|ENTERING_MANAGED_PKG|tdc_tsw
23:36:42.0 (174816699)|ENTERING_MANAGED_PKG|tdc_tsw
23:36:42.0 (175520310)|ENTERING_MANAGED_PKG|tdc_tsw
23:36:42.0 (175735100)|ENTERING_MANAGED_PKG|tdc_tsw
23:36:42.0 (176102672)|ENTERING_MANAGED_PKG|tdc_tsw
23:36:42.0 (177102652)|ENTERING_MANAGED_PKG|tdc_tsw
23:36:42.0 (177809750)|ENTERING_MANAGED_PKG|tdc_tsw
23:36:42.0 (178021721)|ENTERING_MANAGED_PKG|tdc_tsw
23:36:42.0 (178395515)|ENTERING_MANAGED_PKG|tdc_tsw
23:36:42.0 (179388651)|ENTERING_MANAGED_PKG|tdc_tsw
23:36:42.0 (180085666)|ENTERING_MANAGED_PKG|tdc_tsw
23:36:42.0 (180300975)|ENTERING_MANAGED_PKG|tdc_tsw
23:36:42.0 (180675476)|ENTERING_MANAGED_PKG|tdc_tsw
23:36:42.0 (181667211)|ENTERING_MANAGED_PKG|tdc_tsw
23:36:42.0 (182371292)|ENTERING_MANAGED_PKG|tdc_tsw
23:36:42.0 (182585973)|ENTERING_MANAGED_PKG|tdc_tsw
23:36:42.0 (182952286)|ENTERING_MANAGED_PKG|tdc_tsw
23:36:42.0 (183966451)|ENTERING_MANAGED_PKG|tdc_tsw
23:36:42.0 (184669255)|ENTERING_MANAGED_PKG|tdc_tsw
23:36:42.0 (184882611)|ENTERING_MANAGED_PKG|tdc_tsw
23:36:42.0 (185249378)|ENTERING_MANAGED_PKG|tdc_tsw
23:36:42.0 (186247361)|ENTERING_MANAGED_PKG|tdc_tsw
23:36:42.0 (186951421)|ENTERING_MANAGED_PKG|tdc_tsw
23:36:42.0 (187144456)|ENTERING_MANAGED_PKG|tdc_tsw
23:36:42.0 (187519636)|ENTERING_MANAGED_PKG|tdc_tsw
23:36:42.0 (188516910)|ENTERING_MANAGED_PKG|tdc_tsw
23:36:42.0 (189214095)|ENTERING_MANAGED_PKG|tdc_tsw
23:36:42.0 (189438947)|ENTERING_MANAGED_PKG|tdc_tsw
23:36:42.0 (189808507)|ENTERING_MANAGED_PKG|tdc_tsw
23:36:42.0 (190805084)|ENTERING_MANAGED_PKG|tdc_tsw
23:36:42.0 (191509726)|ENTERING_MANAGED_PKG|tdc_tsw
23:36:42.0 (191723614)|ENTERING_MANAGED_PKG|tdc_tsw
23:36:42.0 (192091007)|ENTERING_MANAGED_PKG|tdc_tsw
23:36:42.0 (193283398)|ENTERING_MANAGED_PKG|tdc_tsw
23:36:42.0 (194353749)|ENTERING_MANAGED_PKG|tdc_tsw
23:36:42.0 (194436217)|ENTERING_MANAGED_PKG|tdc_tsw
23:36:42.0 (195050378)|SOQL_EXECUTE_BEGIN|[200]|Aggregations:0|SELECT Name, NamespacePrefix, SystemModStamp FROM StaticResource WHERE Name LIKE :tmpVar1 LIMIT 10
23:36:42.0 (198698933)|SOQL_EXECUTE_END|[200]|Rows:1
23:36:42.0 (199583483)|ENTERING_MANAGED_PKG|tdc_tsw
23:36:42.0 (199935014)|SOQL_EXECUTE_BEGIN|[200]|Aggregations:0|SELECT Name, NamespacePrefix, SystemModStamp FROM StaticResource WHERE Name LIKE :tmpVar1 LIMIT 10
23:36:42.0 (202325667)|SOQL_EXECUTE_END|[200]|Rows:1
23:36:42.0 (202703596)|ENTERING_MANAGED_PKG|tdc_tsw
23:36:42.0 (205973548)|ENTERING_MANAGED_PKG|tdc_tsw
23:36:42.0 (207551217)|ENTERING_MANAGED_PKG|tdc_tsw
23:36:42.0 (207851907)|ENTERING_MANAGED_PKG|tdc_tsw
23:36:42.0 (208735034)|ENTERING_MANAGED_PKG|tdc_tsw
23:36:42.0 (209117525)|SOQL_EXECUTE_BEGIN|[200]|Aggregations:0|SELECT Name, NamespacePrefix, SystemModStamp FROM StaticResource WHERE Name LIKE :tmpVar1 LIMIT 10
23:36:42.0 (211744346)|SOQL_EXECUTE_END|[200]|Rows:1
23:36:42.222 (222982084)|USER_INFO|[EXTERNAL]|0051H000009gxp8|chanida.dev2@solvedbysoftwareco.com|Eastern Standard Time|GMT-05:00
23:36:42.222 (224543633)|ENTERING_MANAGED_PKG|tdc_tsw
23:36:42.222 (224785653)|ENTERING_MANAGED_PKG|tdc_tsw
23:36:42.222 (227228529)|SOQL_EXECUTE_BEGIN|[355]|Aggregations:0|SELECT id, name, Disable_Incoming_SMS_Sharing__c FROM User WHERE id = :tmpVar1
23:36:42.222 (232717890)|SOQL_EXECUTE_END|[355]|Rows:1
23:36:42.222 (233755496)|SOQL_EXECUTE_BEGIN|[367]|Aggregations:0|SELECT CreatedDate,Id,LastModifiedDate,Related_Object_Id__c FROM Message__c WHERE Name = 'Incoming' AND Read__c = false ORDER BY CreatedDate Desc limit 100
23:36:42.222 (241398433)|SOQL_EXECUTE_END|[367]|Rows:100
