44.0 APEX_CODE,FINEST;APEX_PROFILING,INFO;CALLOUT,INFO;DB,INFO;NBA,INFO;SYSTEM,DEBUG;VALIDATION,INFO;VISUALFORCE,INFO;WAVE,INFO;WORKFLOW,INFO
19:55:32.0 (124994)|USER_INFO|[EXTERNAL]|0051H000009gxp8|chanida.dev2@solvedbysoftwareco.com|Eastern Standard Time|GMT-05:00
19:55:32.0 (1797259)|ENTERING_MANAGED_PKG|tdc_tsw
19:55:32.0 (2386595)|ENTERING_MANAGED_PKG|tdc_tsw
19:55:32.0 (6970625)|SOQL_EXECUTE_BEGIN|[16]|Aggregations:0|SELECT id, name, Disable_Incoming_SMS_Sharing__c FROM User WHERE id = :tmpVar1
19:55:32.0 (14866887)|SOQL_EXECUTE_END|[16]|Rows:1
19:55:32.0 (20557610)|SOQL_EXECUTE_BEGIN|[37]|Aggregations:0|SELECT CreatedDate,Created_Date__c,Id,LastModifiedDate,MessageId__c,Message_Text_New__c,Name,OwnerId,Read__c,Related_Object_Id__c,Related_Object__c,Sender_Number__c, Sender_Name__c,ToNumber__c,Attachments_Ids__c FROM Message__c WHERE Name = 'Incoming' AND Read__c = false ORDER BY CreatedDate Desc limit 100
19:55:32.0 (35378980)|SOQL_EXECUTE_END|[37]|Rows:84
19:55:32.0 (51167882)|ENTERING_MANAGED_PKG|tdc_tsw
19:55:32.0 (53004224)|ENTERING_MANAGED_PKG|tdc_tsw
19:55:32.0 (53519155)|ENTERING_MANAGED_PKG|tdc_tsw
19:55:32.0 (54265560)|ENTERING_MANAGED_PKG|tdc_tsw
19:55:32.0 (57148098)|ENTERING_MANAGED_PKG|tdc_tsw
19:55:32.0 (58102855)|ENTERING_MANAGED_PKG|tdc_tsw
19:55:32.0 (58386325)|ENTERING_MANAGED_PKG|tdc_tsw
19:55:32.0 (58889805)|ENTERING_MANAGED_PKG|tdc_tsw
19:55:32.0 (60240029)|ENTERING_MANAGED_PKG|tdc_tsw
19:55:32.0 (61171438)|ENTERING_MANAGED_PKG|tdc_tsw
19:55:32.0 (61453936)|ENTERING_MANAGED_PKG|tdc_tsw
19:55:32.0 (61948513)|ENTERING_MANAGED_PKG|tdc_tsw
19:55:32.0 (63279753)|ENTERING_MANAGED_PKG|tdc_tsw
19:55:32.0 (64194827)|ENTERING_MANAGED_PKG|tdc_tsw
19:55:32.0 (64475820)|ENTERING_MANAGED_PKG|tdc_tsw
19:55:32.0 (64961098)|ENTERING_MANAGED_PKG|tdc_tsw
19:55:32.0 (66287710)|ENTERING_MANAGED_PKG|tdc_tsw
19:55:32.0 (67200440)|ENTERING_MANAGED_PKG|tdc_tsw
19:55:32.0 (67453999)|ENTERING_MANAGED_PKG|tdc_tsw
19:55:32.0 (67933634)|ENTERING_MANAGED_PKG|tdc_tsw
19:55:32.0 (69244560)|ENTERING_MANAGED_PKG|tdc_tsw
19:55:32.0 (70175836)|ENTERING_MANAGED_PKG|tdc_tsw
19:55:32.0 (70457541)|ENTERING_MANAGED_PKG|tdc_tsw
19:55:32.0 (70951876)|ENTERING_MANAGED_PKG|tdc_tsw
19:55:32.0 (72274655)|ENTERING_MANAGED_PKG|tdc_tsw
19:55:32.0 (73190031)|ENTERING_MANAGED_PKG|tdc_tsw
19:55:32.0 (73436701)|ENTERING_MANAGED_PKG|tdc_tsw
19:55:32.0 (73929570)|ENTERING_MANAGED_PKG|tdc_tsw
19:55:32.0 (75236765)|ENTERING_MANAGED_PKG|tdc_tsw
19:55:32.0 (76151231)|ENTERING_MANAGED_PKG|tdc_tsw
19:55:32.0 (76399117)|ENTERING_MANAGED_PKG|tdc_tsw
19:55:32.0 (76893828)|ENTERING_MANAGED_PKG|tdc_tsw
19:55:32.0 (78198969)|ENTERING_MANAGED_PKG|tdc_tsw
19:55:32.0 (79125559)|ENTERING_MANAGED_PKG|tdc_tsw
19:55:32.0 (79404453)|ENTERING_MANAGED_PKG|tdc_tsw
19:55:32.0 (80228667)|ENTERING_MANAGED_PKG|tdc_tsw
19:55:32.0 (81684870)|ENTERING_MANAGED_PKG|tdc_tsw
19:55:32.0 (82613373)|ENTERING_MANAGED_PKG|tdc_tsw
19:55:32.0 (82893006)|ENTERING_MANAGED_PKG|tdc_tsw
19:55:32.0 (83507939)|ENTERING_MANAGED_PKG|tdc_tsw
19:55:32.0 (85185286)|ENTERING_MANAGED_PKG|tdc_tsw
19:55:32.0 (85964579)|ENTERING_MANAGED_PKG|tdc_tsw
19:55:32.0 (86058087)|ENTERING_MANAGED_PKG|tdc_tsw
19:55:32.0 (86779186)|SOQL_EXECUTE_BEGIN|[200]|Aggregations:0|SELECT Name, NamespacePrefix, SystemModStamp FROM StaticResource WHERE Name LIKE :tmpVar1 LIMIT 10
19:55:32.0 (90357030)|SOQL_EXECUTE_END|[200]|Rows:1
19:55:32.0 (91362340)|ENTERING_MANAGED_PKG|tdc_tsw
19:55:32.0 (91761375)|SOQL_EXECUTE_BEGIN|[200]|Aggregations:0|SELECT Name, NamespacePrefix, SystemModStamp FROM StaticResource WHERE Name LIKE :tmpVar1 LIMIT 10
19:55:32.0 (94083456)|SOQL_EXECUTE_END|[200]|Rows:1
19:55:32.0 (94474849)|ENTERING_MANAGED_PKG|tdc_tsw
19:55:32.0 (97678910)|ENTERING_MANAGED_PKG|tdc_tsw
19:55:32.0 (99206648)|ENTERING_MANAGED_PKG|tdc_tsw
19:55:32.0 (99517366)|ENTERING_MANAGED_PKG|tdc_tsw
19:55:32.0 (100402150)|ENTERING_MANAGED_PKG|tdc_tsw
19:55:32.0 (100829904)|SOQL_EXECUTE_BEGIN|[200]|Aggregations:0|SELECT Name, NamespacePrefix, SystemModStamp FROM StaticResource WHERE Name LIKE :tmpVar1 LIMIT 10
19:55:32.0 (103245038)|SOQL_EXECUTE_END|[200]|Rows:1
19:55:32.109 (109623372)|USER_INFO|[EXTERNAL]|0051H000009gxp8|chanida.dev2@solvedbysoftwareco.com|Eastern Standard Time|GMT-05:00
19:55:32.109 (111081899)|ENTERING_MANAGED_PKG|tdc_tsw
19:55:32.109 (111376724)|ENTERING_MANAGED_PKG|tdc_tsw
19:55:32.109 (115098860)|SOQL_EXECUTE_BEGIN|[355]|Aggregations:0|SELECT id, name, Disable_Incoming_SMS_Sharing__c FROM User WHERE id = :tmpVar1
19:55:32.109 (121086577)|SOQL_EXECUTE_END|[355]|Rows:1
19:55:32.109 (122209528)|SOQL_EXECUTE_BEGIN|[367]|Aggregations:0|SELECT CreatedDate,Id,LastModifiedDate,Related_Object_Id__c FROM Message__c WHERE Name = 'Incoming' AND Read__c = false ORDER BY CreatedDate Desc limit 100
19:55:32.109 (129662919)|SOQL_EXECUTE_END|[367]|Rows:84
