44.0 APEX_CODE,FINEST;APEX_PROFILING,INFO;CALLOUT,INFO;DB,INFO;NBA,INFO;SYSTEM,DEBUG;VALIDATION,INFO;VISUALFORCE,INFO;WAVE,INFO;WORKFLOW,INFO
10:50:45.0 (99527)|USER_INFO|[EXTERNAL]|0051H000009gxp8|chanida.dev2@solvedbysoftwareco.com|Eastern Standard Time|GMT-05:00
10:50:45.0 (1492816)|ENTERING_MANAGED_PKG|tdc_tsw
10:50:45.0 (1805433)|ENTERING_MANAGED_PKG|tdc_tsw
10:50:45.0 (4963788)|SOQL_EXECUTE_BEGIN|[16]|Aggregations:0|SELECT id, name, Disable_Incoming_SMS_Sharing__c FROM User WHERE id = :tmpVar1
10:50:45.0 (11326080)|SOQL_EXECUTE_END|[16]|Rows:1
10:50:45.0 (16435393)|SOQL_EXECUTE_BEGIN|[37]|Aggregations:0|SELECT CreatedDate,Created_Date__c,Id,LastModifiedDate,MessageId__c,Message_Text_New__c,Name,OwnerId,Read__c,Related_Object_Id__c,Related_Object__c,Sender_Number__c, Sender_Name__c,ToNumber__c,Attachments_Ids__c FROM Message__c WHERE Name = 'Incoming' AND Read__c = false ORDER BY CreatedDate Desc limit 100
10:50:45.0 (30936076)|SOQL_EXECUTE_END|[37]|Rows:100
10:50:45.0 (47696789)|ENTERING_MANAGED_PKG|tdc_tsw
10:50:45.0 (49186782)|ENTERING_MANAGED_PKG|tdc_tsw
10:50:45.0 (49638012)|ENTERING_MANAGED_PKG|tdc_tsw
10:50:45.0 (50251864)|ENTERING_MANAGED_PKG|tdc_tsw
10:50:45.0 (52849710)|ENTERING_MANAGED_PKG|tdc_tsw
10:50:45.0 (53586134)|ENTERING_MANAGED_PKG|tdc_tsw
10:50:45.0 (53809243)|ENTERING_MANAGED_PKG|tdc_tsw
10:50:45.0 (54197897)|ENTERING_MANAGED_PKG|tdc_tsw
10:50:45.0 (55223500)|ENTERING_MANAGED_PKG|tdc_tsw
10:50:45.0 (55933086)|ENTERING_MANAGED_PKG|tdc_tsw
10:50:45.0 (56152367)|ENTERING_MANAGED_PKG|tdc_tsw
10:50:45.0 (56518312)|ENTERING_MANAGED_PKG|tdc_tsw
10:50:45.0 (57532851)|ENTERING_MANAGED_PKG|tdc_tsw
10:50:45.0 (58260380)|ENTERING_MANAGED_PKG|tdc_tsw
10:50:45.0 (58480233)|ENTERING_MANAGED_PKG|tdc_tsw
10:50:45.0 (58845811)|ENTERING_MANAGED_PKG|tdc_tsw
10:50:45.0 (59862815)|ENTERING_MANAGED_PKG|tdc_tsw
10:50:45.0 (60566790)|ENTERING_MANAGED_PKG|tdc_tsw
10:50:45.0 (60786646)|ENTERING_MANAGED_PKG|tdc_tsw
10:50:45.0 (61158755)|ENTERING_MANAGED_PKG|tdc_tsw
10:50:45.0 (62173069)|ENTERING_MANAGED_PKG|tdc_tsw
10:50:45.0 (62862527)|ENTERING_MANAGED_PKG|tdc_tsw
10:50:45.0 (63087042)|ENTERING_MANAGED_PKG|tdc_tsw
10:50:45.0 (63451049)|ENTERING_MANAGED_PKG|tdc_tsw
10:50:45.0 (64461270)|ENTERING_MANAGED_PKG|tdc_tsw
10:50:45.0 (65160414)|ENTERING_MANAGED_PKG|tdc_tsw
10:50:45.0 (65379091)|ENTERING_MANAGED_PKG|tdc_tsw
10:50:45.0 (65742157)|ENTERING_MANAGED_PKG|tdc_tsw
10:50:45.0 (66759355)|ENTERING_MANAGED_PKG|tdc_tsw
10:50:45.0 (67463790)|ENTERING_MANAGED_PKG|tdc_tsw
10:50:45.0 (67682561)|ENTERING_MANAGED_PKG|tdc_tsw
10:50:45.0 (68054739)|ENTERING_MANAGED_PKG|tdc_tsw
10:50:45.0 (69062739)|ENTERING_MANAGED_PKG|tdc_tsw
10:50:45.0 (69750375)|ENTERING_MANAGED_PKG|tdc_tsw
10:50:45.0 (69977697)|ENTERING_MANAGED_PKG|tdc_tsw
10:50:45.0 (70339950)|ENTERING_MANAGED_PKG|tdc_tsw
10:50:45.0 (71350771)|ENTERING_MANAGED_PKG|tdc_tsw
10:50:45.0 (72049646)|ENTERING_MANAGED_PKG|tdc_tsw
10:50:45.0 (72268342)|ENTERING_MANAGED_PKG|tdc_tsw
10:50:45.0 (72645342)|ENTERING_MANAGED_PKG|tdc_tsw
10:50:45.0 (73655765)|ENTERING_MANAGED_PKG|tdc_tsw
10:50:45.0 (74348077)|ENTERING_MANAGED_PKG|tdc_tsw
10:50:45.0 (74567277)|ENTERING_MANAGED_PKG|tdc_tsw
10:50:45.0 (74937631)|ENTERING_MANAGED_PKG|tdc_tsw
10:50:45.0 (75945753)|ENTERING_MANAGED_PKG|tdc_tsw
10:50:45.0 (76654067)|ENTERING_MANAGED_PKG|tdc_tsw
10:50:45.0 (76879442)|ENTERING_MANAGED_PKG|tdc_tsw
10:50:45.0 (77273062)|ENTERING_MANAGED_PKG|tdc_tsw
10:50:45.0 (78288803)|ENTERING_MANAGED_PKG|tdc_tsw
10:50:45.0 (78987470)|ENTERING_MANAGED_PKG|tdc_tsw
10:50:45.0 (79257153)|ENTERING_MANAGED_PKG|tdc_tsw
10:50:45.0 (79664262)|ENTERING_MANAGED_PKG|tdc_tsw
10:50:45.0 (80744883)|ENTERING_MANAGED_PKG|tdc_tsw
10:50:45.0 (81446892)|ENTERING_MANAGED_PKG|tdc_tsw
10:50:45.0 (81665461)|ENTERING_MANAGED_PKG|tdc_tsw
10:50:45.0 (82037379)|ENTERING_MANAGED_PKG|tdc_tsw
10:50:45.0 (83047094)|ENTERING_MANAGED_PKG|tdc_tsw
10:50:45.0 (83742429)|ENTERING_MANAGED_PKG|tdc_tsw
10:50:45.0 (83971378)|ENTERING_MANAGED_PKG|tdc_tsw
10:50:45.0 (84336664)|ENTERING_MANAGED_PKG|tdc_tsw
10:50:45.0 (85355781)|ENTERING_MANAGED_PKG|tdc_tsw
10:50:45.0 (86092094)|ENTERING_MANAGED_PKG|tdc_tsw
10:50:45.0 (86311428)|ENTERING_MANAGED_PKG|tdc_tsw
10:50:45.0 (86676948)|ENTERING_MANAGED_PKG|tdc_tsw
10:50:45.0 (87711651)|ENTERING_MANAGED_PKG|tdc_tsw
10:50:45.0 (88406644)|ENTERING_MANAGED_PKG|tdc_tsw
10:50:45.0 (88625054)|ENTERING_MANAGED_PKG|tdc_tsw
10:50:45.0 (88997678)|ENTERING_MANAGED_PKG|tdc_tsw
10:50:45.0 (90074608)|ENTERING_MANAGED_PKG|tdc_tsw
10:50:45.0 (90771010)|ENTERING_MANAGED_PKG|tdc_tsw
10:50:45.0 (91000790)|ENTERING_MANAGED_PKG|tdc_tsw
10:50:45.0 (91364062)|ENTERING_MANAGED_PKG|tdc_tsw
10:50:45.0 (92423689)|ENTERING_MANAGED_PKG|tdc_tsw
10:50:45.0 (93125193)|ENTERING_MANAGED_PKG|tdc_tsw
10:50:45.0 (93343548)|ENTERING_MANAGED_PKG|tdc_tsw
10:50:45.0 (93715306)|ENTERING_MANAGED_PKG|tdc_tsw
10:50:45.0 (94763277)|ENTERING_MANAGED_PKG|tdc_tsw
10:50:45.0 (95471172)|ENTERING_MANAGED_PKG|tdc_tsw
10:50:45.0 (95690441)|ENTERING_MANAGED_PKG|tdc_tsw
10:50:45.0 (96070276)|ENTERING_MANAGED_PKG|tdc_tsw
10:50:45.0 (97121963)|ENTERING_MANAGED_PKG|tdc_tsw
10:50:45.0 (97843327)|ENTERING_MANAGED_PKG|tdc_tsw
10:50:45.0 (98069031)|ENTERING_MANAGED_PKG|tdc_tsw
10:50:45.0 (98433377)|ENTERING_MANAGED_PKG|tdc_tsw
10:50:45.0 (99450895)|ENTERING_MANAGED_PKG|tdc_tsw
10:50:45.0 (100149164)|ENTERING_MANAGED_PKG|tdc_tsw
10:50:45.0 (100368702)|ENTERING_MANAGED_PKG|tdc_tsw
10:50:45.0 (100733590)|ENTERING_MANAGED_PKG|tdc_tsw
10:50:45.0 (101746171)|ENTERING_MANAGED_PKG|tdc_tsw
10:50:45.0 (102463545)|ENTERING_MANAGED_PKG|tdc_tsw
10:50:45.0 (102697537)|ENTERING_MANAGED_PKG|tdc_tsw
10:50:45.0 (103097707)|ENTERING_MANAGED_PKG|tdc_tsw
10:50:45.0 (104187805)|ENTERING_MANAGED_PKG|tdc_tsw
10:50:45.0 (104963581)|ENTERING_MANAGED_PKG|tdc_tsw
10:50:45.0 (105197547)|ENTERING_MANAGED_PKG|tdc_tsw
10:50:45.0 (105561776)|ENTERING_MANAGED_PKG|tdc_tsw
10:50:45.0 (106616062)|ENTERING_MANAGED_PKG|tdc_tsw
10:50:45.0 (107316960)|ENTERING_MANAGED_PKG|tdc_tsw
10:50:45.0 (107536976)|ENTERING_MANAGED_PKG|tdc_tsw
10:50:45.0 (107908152)|ENTERING_MANAGED_PKG|tdc_tsw
10:50:45.0 (108918759)|ENTERING_MANAGED_PKG|tdc_tsw
10:50:45.0 (109609976)|ENTERING_MANAGED_PKG|tdc_tsw
10:50:45.0 (109828593)|ENTERING_MANAGED_PKG|tdc_tsw
10:50:45.0 (110197832)|ENTERING_MANAGED_PKG|tdc_tsw
10:50:45.0 (111208242)|ENTERING_MANAGED_PKG|tdc_tsw
10:50:45.0 (111904757)|ENTERING_MANAGED_PKG|tdc_tsw
10:50:45.0 (112122970)|ENTERING_MANAGED_PKG|tdc_tsw
10:50:45.0 (112524075)|ENTERING_MANAGED_PKG|tdc_tsw
10:50:45.0 (113541285)|ENTERING_MANAGED_PKG|tdc_tsw
10:50:45.0 (114261291)|ENTERING_MANAGED_PKG|tdc_tsw
10:50:45.0 (114480659)|ENTERING_MANAGED_PKG|tdc_tsw
10:50:45.0 (114842812)|ENTERING_MANAGED_PKG|tdc_tsw
10:50:45.0 (115860175)|ENTERING_MANAGED_PKG|tdc_tsw
10:50:45.0 (116555852)|ENTERING_MANAGED_PKG|tdc_tsw
10:50:45.0 (116774189)|ENTERING_MANAGED_PKG|tdc_tsw
10:50:45.0 (117149634)|ENTERING_MANAGED_PKG|tdc_tsw
10:50:45.0 (118165007)|ENTERING_MANAGED_PKG|tdc_tsw
10:50:45.0 (118858767)|ENTERING_MANAGED_PKG|tdc_tsw
10:50:45.0 (119083955)|ENTERING_MANAGED_PKG|tdc_tsw
10:50:45.0 (119507899)|ENTERING_MANAGED_PKG|tdc_tsw
10:50:45.0 (120530524)|ENTERING_MANAGED_PKG|tdc_tsw
10:50:45.0 (121233882)|ENTERING_MANAGED_PKG|tdc_tsw
10:50:45.0 (121454084)|ENTERING_MANAGED_PKG|tdc_tsw
10:50:45.0 (121816740)|ENTERING_MANAGED_PKG|tdc_tsw
10:50:45.0 (122832313)|ENTERING_MANAGED_PKG|tdc_tsw
10:50:45.0 (123533562)|ENTERING_MANAGED_PKG|tdc_tsw
10:50:45.0 (123752643)|ENTERING_MANAGED_PKG|tdc_tsw
10:50:45.0 (124122807)|ENTERING_MANAGED_PKG|tdc_tsw
10:50:45.0 (125137819)|ENTERING_MANAGED_PKG|tdc_tsw
10:50:45.0 (125836051)|ENTERING_MANAGED_PKG|tdc_tsw
10:50:45.0 (126062600)|ENTERING_MANAGED_PKG|tdc_tsw
10:50:45.0 (126427630)|ENTERING_MANAGED_PKG|tdc_tsw
10:50:45.0 (127437554)|ENTERING_MANAGED_PKG|tdc_tsw
10:50:45.0 (128151036)|ENTERING_MANAGED_PKG|tdc_tsw
10:50:45.0 (128370725)|ENTERING_MANAGED_PKG|tdc_tsw
10:50:45.0 (128775055)|ENTERING_MANAGED_PKG|tdc_tsw
10:50:45.0 (129792559)|ENTERING_MANAGED_PKG|tdc_tsw
10:50:45.0 (130561220)|ENTERING_MANAGED_PKG|tdc_tsw
10:50:45.0 (130781949)|ENTERING_MANAGED_PKG|tdc_tsw
10:50:45.0 (131170560)|ENTERING_MANAGED_PKG|tdc_tsw
10:50:45.0 (132183670)|ENTERING_MANAGED_PKG|tdc_tsw
10:50:45.0 (132958171)|ENTERING_MANAGED_PKG|tdc_tsw
10:50:45.0 (133175847)|ENTERING_MANAGED_PKG|tdc_tsw
10:50:45.0 (133540401)|ENTERING_MANAGED_PKG|tdc_tsw
10:50:45.0 (134555393)|ENTERING_MANAGED_PKG|tdc_tsw
10:50:45.0 (135291424)|ENTERING_MANAGED_PKG|tdc_tsw
10:50:45.0 (135519237)|ENTERING_MANAGED_PKG|tdc_tsw
10:50:45.0 (135893253)|ENTERING_MANAGED_PKG|tdc_tsw
10:50:45.0 (136909508)|ENTERING_MANAGED_PKG|tdc_tsw
10:50:45.0 (137635455)|ENTERING_MANAGED_PKG|tdc_tsw
10:50:45.0 (137854197)|ENTERING_MANAGED_PKG|tdc_tsw
10:50:45.0 (138227894)|ENTERING_MANAGED_PKG|tdc_tsw
10:50:45.0 (139250512)|ENTERING_MANAGED_PKG|tdc_tsw
10:50:45.0 (139953121)|ENTERING_MANAGED_PKG|tdc_tsw
10:50:45.0 (140171704)|ENTERING_MANAGED_PKG|tdc_tsw
10:50:45.0 (140546419)|ENTERING_MANAGED_PKG|tdc_tsw
10:50:45.0 (141555637)|ENTERING_MANAGED_PKG|tdc_tsw
10:50:45.0 (142260313)|ENTERING_MANAGED_PKG|tdc_tsw
10:50:45.0 (142516533)|ENTERING_MANAGED_PKG|tdc_tsw
10:50:45.0 (142887240)|ENTERING_MANAGED_PKG|tdc_tsw
10:50:45.0 (143901293)|ENTERING_MANAGED_PKG|tdc_tsw
10:50:45.0 (144597561)|ENTERING_MANAGED_PKG|tdc_tsw
10:50:45.0 (144817543)|ENTERING_MANAGED_PKG|tdc_tsw
10:50:45.0 (145194982)|ENTERING_MANAGED_PKG|tdc_tsw
10:50:45.0 (146208245)|ENTERING_MANAGED_PKG|tdc_tsw
10:50:45.0 (146907756)|ENTERING_MANAGED_PKG|tdc_tsw
10:50:45.0 (147163417)|ENTERING_MANAGED_PKG|tdc_tsw
10:50:45.0 (147598215)|ENTERING_MANAGED_PKG|tdc_tsw
10:50:45.0 (148621720)|ENTERING_MANAGED_PKG|tdc_tsw
10:50:45.0 (149324428)|ENTERING_MANAGED_PKG|tdc_tsw
10:50:45.0 (149543027)|ENTERING_MANAGED_PKG|tdc_tsw
10:50:45.0 (149965722)|ENTERING_MANAGED_PKG|tdc_tsw
10:50:45.0 (150982623)|ENTERING_MANAGED_PKG|tdc_tsw
10:50:45.0 (151674883)|ENTERING_MANAGED_PKG|tdc_tsw
10:50:45.0 (151904796)|ENTERING_MANAGED_PKG|tdc_tsw
10:50:45.0 (152269369)|ENTERING_MANAGED_PKG|tdc_tsw
10:50:45.0 (153283070)|ENTERING_MANAGED_PKG|tdc_tsw
10:50:45.0 (153986269)|ENTERING_MANAGED_PKG|tdc_tsw
10:50:45.0 (154204324)|ENTERING_MANAGED_PKG|tdc_tsw
10:50:45.0 (154883638)|ENTERING_MANAGED_PKG|tdc_tsw
10:50:45.0 (155919348)|ENTERING_MANAGED_PKG|tdc_tsw
10:50:45.0 (156616897)|ENTERING_MANAGED_PKG|tdc_tsw
10:50:45.0 (156834910)|ENTERING_MANAGED_PKG|tdc_tsw
10:50:45.0 (157210222)|ENTERING_MANAGED_PKG|tdc_tsw
10:50:45.0 (158278923)|ENTERING_MANAGED_PKG|tdc_tsw
10:50:45.0 (158982020)|ENTERING_MANAGED_PKG|tdc_tsw
10:50:45.0 (159199963)|ENTERING_MANAGED_PKG|tdc_tsw
10:50:45.0 (159563891)|ENTERING_MANAGED_PKG|tdc_tsw
10:50:45.0 (160573965)|ENTERING_MANAGED_PKG|tdc_tsw
10:50:45.0 (161281049)|ENTERING_MANAGED_PKG|tdc_tsw
10:50:45.0 (161512023)|ENTERING_MANAGED_PKG|tdc_tsw
10:50:45.0 (161889703)|ENTERING_MANAGED_PKG|tdc_tsw
10:50:45.0 (162906700)|ENTERING_MANAGED_PKG|tdc_tsw
10:50:45.0 (163598532)|ENTERING_MANAGED_PKG|tdc_tsw
10:50:45.0 (163818181)|ENTERING_MANAGED_PKG|tdc_tsw
10:50:45.0 (164193633)|ENTERING_MANAGED_PKG|tdc_tsw
10:50:45.0 (165220250)|ENTERING_MANAGED_PKG|tdc_tsw
10:50:45.0 (165928827)|ENTERING_MANAGED_PKG|tdc_tsw
10:50:45.0 (166146191)|ENTERING_MANAGED_PKG|tdc_tsw
10:50:45.0 (166512451)|ENTERING_MANAGED_PKG|tdc_tsw
10:50:45.0 (167590367)|ENTERING_MANAGED_PKG|tdc_tsw
10:50:45.0 (168337313)|ENTERING_MANAGED_PKG|tdc_tsw
10:50:45.0 (168569528)|ENTERING_MANAGED_PKG|tdc_tsw
10:50:45.0 (168971481)|ENTERING_MANAGED_PKG|tdc_tsw
10:50:45.0 (170029849)|ENTERING_MANAGED_PKG|tdc_tsw
10:50:45.0 (170728355)|ENTERING_MANAGED_PKG|tdc_tsw
10:50:45.0 (170954373)|ENTERING_MANAGED_PKG|tdc_tsw
10:50:45.0 (171318553)|ENTERING_MANAGED_PKG|tdc_tsw
10:50:45.0 (172329456)|ENTERING_MANAGED_PKG|tdc_tsw
10:50:45.0 (173034116)|ENTERING_MANAGED_PKG|tdc_tsw
10:50:45.0 (173254206)|ENTERING_MANAGED_PKG|tdc_tsw
10:50:45.0 (173624122)|ENTERING_MANAGED_PKG|tdc_tsw
10:50:45.0 (174674620)|ENTERING_MANAGED_PKG|tdc_tsw
10:50:45.0 (175392799)|ENTERING_MANAGED_PKG|tdc_tsw
10:50:45.0 (175611656)|ENTERING_MANAGED_PKG|tdc_tsw
10:50:45.0 (175989470)|ENTERING_MANAGED_PKG|tdc_tsw
10:50:45.0 (177010496)|ENTERING_MANAGED_PKG|tdc_tsw
10:50:45.0 (177704599)|ENTERING_MANAGED_PKG|tdc_tsw
10:50:45.0 (177929640)|ENTERING_MANAGED_PKG|tdc_tsw
10:50:45.0 (178295689)|ENTERING_MANAGED_PKG|tdc_tsw
10:50:45.0 (179310949)|ENTERING_MANAGED_PKG|tdc_tsw
10:50:45.0 (180015161)|ENTERING_MANAGED_PKG|tdc_tsw
10:50:45.0 (180233295)|ENTERING_MANAGED_PKG|tdc_tsw
10:50:45.0 (180596725)|ENTERING_MANAGED_PKG|tdc_tsw
10:50:45.0 (181610456)|ENTERING_MANAGED_PKG|tdc_tsw
10:50:45.0 (182309439)|ENTERING_MANAGED_PKG|tdc_tsw
10:50:45.0 (182527651)|ENTERING_MANAGED_PKG|tdc_tsw
10:50:45.0 (182900224)|ENTERING_MANAGED_PKG|tdc_tsw
10:50:45.0 (183916793)|ENTERING_MANAGED_PKG|tdc_tsw
10:50:45.0 (184614168)|ENTERING_MANAGED_PKG|tdc_tsw
10:50:45.0 (184811346)|ENTERING_MANAGED_PKG|tdc_tsw
10:50:45.0 (185185796)|ENTERING_MANAGED_PKG|tdc_tsw
10:50:45.0 (186197326)|ENTERING_MANAGED_PKG|tdc_tsw
10:50:45.0 (186904245)|ENTERING_MANAGED_PKG|tdc_tsw
10:50:45.0 (187123287)|ENTERING_MANAGED_PKG|tdc_tsw
10:50:45.0 (187490846)|ENTERING_MANAGED_PKG|tdc_tsw
10:50:45.0 (188567874)|ENTERING_MANAGED_PKG|tdc_tsw
10:50:45.0 (189287375)|ENTERING_MANAGED_PKG|tdc_tsw
10:50:45.0 (189352271)|ENTERING_MANAGED_PKG|tdc_tsw
10:50:45.0 (189808594)|SOQL_EXECUTE_BEGIN|[200]|Aggregations:0|SELECT Name, NamespacePrefix, SystemModStamp FROM StaticResource WHERE Name LIKE :tmpVar1 LIMIT 10
10:50:45.0 (192479043)|SOQL_EXECUTE_END|[200]|Rows:1
10:50:45.0 (193221679)|ENTERING_MANAGED_PKG|tdc_tsw
10:50:45.0 (193569972)|SOQL_EXECUTE_BEGIN|[200]|Aggregations:0|SELECT Name, NamespacePrefix, SystemModStamp FROM StaticResource WHERE Name LIKE :tmpVar1 LIMIT 10
10:50:45.0 (195689412)|SOQL_EXECUTE_END|[200]|Rows:1
10:50:45.0 (196075683)|ENTERING_MANAGED_PKG|tdc_tsw
10:50:45.0 (198652541)|ENTERING_MANAGED_PKG|tdc_tsw
10:50:45.0 (199818800)|ENTERING_MANAGED_PKG|tdc_tsw
10:50:45.0 (200065823)|ENTERING_MANAGED_PKG|tdc_tsw
10:50:45.0 (200830846)|ENTERING_MANAGED_PKG|tdc_tsw
10:50:45.0 (201205958)|SOQL_EXECUTE_BEGIN|[200]|Aggregations:0|SELECT Name, NamespacePrefix, SystemModStamp FROM StaticResource WHERE Name LIKE :tmpVar1 LIMIT 10
10:50:45.0 (203974483)|SOQL_EXECUTE_END|[200]|Rows:1
10:50:45.214 (214137808)|USER_INFO|[EXTERNAL]|0051H000009gxp8|chanida.dev2@solvedbysoftwareco.com|Eastern Standard Time|GMT-05:00
10:50:45.214 (215841131)|ENTERING_MANAGED_PKG|tdc_tsw
10:50:45.214 (216013171)|ENTERING_MANAGED_PKG|tdc_tsw
10:50:45.214 (218299741)|SOQL_EXECUTE_BEGIN|[355]|Aggregations:0|SELECT id, name, Disable_Incoming_SMS_Sharing__c FROM User WHERE id = :tmpVar1
10:50:45.214 (223903395)|SOQL_EXECUTE_END|[355]|Rows:1
10:50:45.214 (224818344)|SOQL_EXECUTE_BEGIN|[367]|Aggregations:0|SELECT CreatedDate,Id,LastModifiedDate,Related_Object_Id__c FROM Message__c WHERE Name = 'Incoming' AND Read__c = false ORDER BY CreatedDate Desc limit 100
10:50:45.214 (233029179)|SOQL_EXECUTE_END|[367]|Rows:100
