36.0 APEX_CODE,FINEST;APEX_PROFILING,INFO;CALLOUT,INFO;DB,INFO;NBA,INFO;SYSTEM,DEBUG;VALIDATION,INFO;VISUALFORCE,INFO;WAVE,INFO;WORKFLOW,INFO
16:58:11.29 (29937560)|ENTERING_MANAGED_PKG|tdc_tsw
16:58:11.29 (30967712)|ENTERING_MANAGED_PKG|tdc_tsw
16:58:11.29 (31934958)|ENTERING_MANAGED_PKG|tdc_tsw
16:58:11.29 (33090818)|ENTERING_MANAGED_PKG|tdc_tsw
16:58:11.29 (33135354)|ENTERING_MANAGED_PKG|tdc_tsw
16:58:11.29 (38179684)|ENTERING_MANAGED_PKG|tdc_tsw
16:58:11.29 (41258274)|ENTERING_MANAGED_PKG|tdc_tsw
16:58:11.29 (41315880)|ENTERING_MANAGED_PKG|tdc_tsw
16:58:11.29 (41402232)|ENTERING_MANAGED_PKG|tdc_tsw
16:58:11.29 (42386922)|ENTERING_MANAGED_PKG|tdc_tsw
16:58:11.29 (42653788)|ENTERING_MANAGED_PKG|tdc_tsw
16:58:11.29 (42989760)|ENTERING_MANAGED_PKG|tdc_tsw
16:58:11.29 (44883832)|ENTERING_MANAGED_PKG|tdc_tsw
16:58:11.29 (44925779)|ENTERING_MANAGED_PKG|tdc_tsw
16:58:11.29 (45311004)|ENTERING_MANAGED_PKG|tdc_tsw
16:58:11.29 (47502714)|ENTERING_MANAGED_PKG|tdc_tsw
16:58:11.29 (53184587)|ENTERING_MANAGED_PKG|tdc_tsw
16:58:11.29 (53273704)|ENTERING_MANAGED_PKG|tdc_tsw
16:58:11.29 (53346983)|ENTERING_MANAGED_PKG|tdc_tsw
16:58:11.29 (53517704)|ENTERING_MANAGED_PKG|tdc_tsw
16:58:11.29 (53660709)|ENTERING_MANAGED_PKG|tdc_tsw
16:58:11.29 (58841496)|ENTERING_MANAGED_PKG|tdc_tsw
16:58:11.29 (58902155)|ENTERING_MANAGED_PKG|tdc_tsw
16:58:11.29 (59001977)|ENTERING_MANAGED_PKG|tdc_tsw
16:58:11.29 (59077391)|ENTERING_MANAGED_PKG|tdc_tsw
16:58:11.29 (59100465)|ENTERING_MANAGED_PKG|tdc_tsw
16:58:11.29 (59374318)|ENTERING_MANAGED_PKG|tdc_tsw
16:58:11.29 (59433281)|ENTERING_MANAGED_PKG|tdc_tsw
16:58:11.29 (59487110)|ENTERING_MANAGED_PKG|tdc_tsw
16:58:11.29 (59626657)|ENTERING_MANAGED_PKG|tdc_tsw
16:58:11.29 (59674865)|ENTERING_MANAGED_PKG|tdc_tsw
16:58:11.29 (62459980)|ENTERING_MANAGED_PKG|tdc_tsw
16:58:11.29 (62545562)|ENTERING_MANAGED_PKG|tdc_tsw
16:58:11.29 (62612368)|ENTERING_MANAGED_PKG|tdc_tsw
16:58:11.29 (65116259)|ENTERING_MANAGED_PKG|tdc_tsw
16:58:11.29 (65187085)|ENTERING_MANAGED_PKG|tdc_tsw
16:58:11.29 (65255506)|ENTERING_MANAGED_PKG|tdc_tsw
16:58:11.29 (65342404)|ENTERING_MANAGED_PKG|tdc_tsw
16:58:11.29 (65468822)|ENTERING_MANAGED_PKG|tdc_tsw
16:58:11.29 (65576008)|ENTERING_MANAGED_PKG|tdc_tsw
16:58:11.29 (65624247)|ENTERING_MANAGED_PKG|tdc_tsw
16:58:11.29 (65717309)|ENTERING_MANAGED_PKG|tdc_tsw
16:58:11.29 (65762695)|ENTERING_MANAGED_PKG|tdc_tsw
16:58:11.29 (65803911)|ENTERING_MANAGED_PKG|tdc_tsw
16:58:11.29 (65838911)|ENTERING_MANAGED_PKG|tdc_tsw
16:58:11.29 (65885954)|ENTERING_MANAGED_PKG|tdc_tsw
16:58:11.29 (65960178)|ENTERING_MANAGED_PKG|tdc_tsw
16:58:11.29 (68352145)|ENTERING_MANAGED_PKG|tdc_tsw
16:58:11.29 (68448696)|ENTERING_MANAGED_PKG|tdc_tsw
16:58:11.29 (68759806)|ENTERING_MANAGED_PKG|tdc_tsw
16:58:11.29 (68935582)|ENTERING_MANAGED_PKG|tdc_tsw
16:58:11.29 (69121876)|ENTERING_MANAGED_PKG|tdc_tsw
16:58:11.29 (69213242)|ENTERING_MANAGED_PKG|tdc_tsw
16:58:11.29 (69286186)|ENTERING_MANAGED_PKG|tdc_tsw
16:58:11.29 (69710997)|ENTERING_MANAGED_PKG|tdc_tsw
16:58:11.29 (373691940)|ENTERING_MANAGED_PKG|tdc_tsw
16:58:11.29 (373845537)|ENTERING_MANAGED_PKG|tdc_tsw
16:58:11.29 (375219848)|ENTERING_MANAGED_PKG|tdc_tsw
16:58:11.29 (375304173)|ENTERING_MANAGED_PKG|tdc_tsw
16:58:11.29 (375441610)|ENTERING_MANAGED_PKG|tdc_tsw
16:58:11.29 (375562961)|ENTERING_MANAGED_PKG|tdc_tsw
16:58:11.29 (375626210)|ENTERING_MANAGED_PKG|tdc_tsw
16:58:11.29 (375668854)|ENTERING_MANAGED_PKG|tdc_tsw
16:58:11.29 (375721417)|ENTERING_MANAGED_PKG|tdc_tsw
16:58:11.29 (375797741)|ENTERING_MANAGED_PKG|tdc_tsw
16:58:11.29 (375838591)|ENTERING_MANAGED_PKG|tdc_tsw
16:58:11.29 (375974943)|ENTERING_MANAGED_PKG|tdc_tsw
16:58:11.29 (376050179)|ENTERING_MANAGED_PKG|tdc_tsw
16:58:11.29 (376097891)|ENTERING_MANAGED_PKG|tdc_tsw
16:58:11.29 (386620965)|ENTERING_MANAGED_PKG|tdc_tsw
16:58:11.29 (387031450)|ENTERING_MANAGED_PKG|tdc_tsw
16:58:11.29 (389897621)|ENTERING_MANAGED_PKG|tdc_tsw
16:58:11.29 (398072799)|ENTERING_MANAGED_PKG|tdc_tsw
16:58:11.29 (398935848)|ENTERING_MANAGED_PKG|tdc_tsw
16:58:11.29 (399010287)|ENTERING_MANAGED_PKG|tdc_tsw
16:58:11.29 (399068487)|ENTERING_MANAGED_PKG|tdc_tsw
16:58:11.29 (399154351)|ENTERING_MANAGED_PKG|tdc_tsw
16:58:11.29 (399232287)|ENTERING_MANAGED_PKG|tdc_tsw
16:58:11.29 (399386729)|ENTERING_MANAGED_PKG|tdc_tsw
16:58:11.29 (399784372)|ENTERING_MANAGED_PKG|tdc_tsw
16:58:11.29 (399850364)|ENTERING_MANAGED_PKG|tdc_tsw
16:58:11.29 (400096127)|ENTERING_MANAGED_PKG|tdc_tsw
16:58:11.29 (400153518)|ENTERING_MANAGED_PKG|tdc_tsw
16:58:11.29 (400419431)|ENTERING_MANAGED_PKG|tdc_tsw
16:58:11.29 (400482347)|ENTERING_MANAGED_PKG|tdc_tsw
16:58:11.29 (400526082)|ENTERING_MANAGED_PKG|tdc_tsw
16:58:11.29 (400562045)|ENTERING_MANAGED_PKG|tdc_tsw
16:58:11.29 (400602845)|ENTERING_MANAGED_PKG|tdc_tsw
16:58:11.29 (400668615)|ENTERING_MANAGED_PKG|tdc_tsw
16:58:11.29 (400749264)|ENTERING_MANAGED_PKG|tdc_tsw
16:58:11.29 (400777706)|ENTERING_MANAGED_PKG|tdc_tsw
16:58:11.29 (400822712)|ENTERING_MANAGED_PKG|tdc_tsw
16:58:11.29 (401001902)|ENTERING_MANAGED_PKG|tdc_tsw
16:58:11.29 (401042276)|ENTERING_MANAGED_PKG|tdc_tsw
16:58:11.29 (401087096)|ENTERING_MANAGED_PKG|tdc_tsw
16:58:11.29 (401124662)|ENTERING_MANAGED_PKG|tdc_tsw
16:58:11.29 (401164583)|ENTERING_MANAGED_PKG|tdc_tsw
16:58:11.29 (401224930)|ENTERING_MANAGED_PKG|tdc_tsw
16:58:11.29 (401267996)|ENTERING_MANAGED_PKG|tdc_tsw
16:58:11.29 (401326178)|ENTERING_MANAGED_PKG|tdc_tsw
16:58:11.29 (401363725)|ENTERING_MANAGED_PKG|tdc_tsw
16:58:11.29 (401482361)|ENTERING_MANAGED_PKG|tdc_tsw
16:58:11.29 (401570741)|ENTERING_MANAGED_PKG|tdc_tsw
16:58:11.29 (401641006)|ENTERING_MANAGED_PKG|tdc_tsw
16:58:11.29 (401721904)|ENTERING_MANAGED_PKG|tdc_tsw
16:58:11.29 (401806587)|ENTERING_MANAGED_PKG|tdc_tsw
16:58:11.29 (730674203)|ENTERING_MANAGED_PKG|tdc_tsw
16:58:11.29 (731120484)|ENTERING_MANAGED_PKG|tdc_tsw
16:58:11.29 (731161464)|ENTERING_MANAGED_PKG|tdc_tsw
16:58:11.29 (731217111)|ENTERING_MANAGED_PKG|tdc_tsw
16:58:11.29 (731278743)|ENTERING_MANAGED_PKG|tdc_tsw
16:58:11.29 (731309462)|ENTERING_MANAGED_PKG|tdc_tsw
16:58:11.29 (731336084)|ENTERING_MANAGED_PKG|tdc_tsw
16:58:11.29 (731374940)|ENTERING_MANAGED_PKG|tdc_tsw
16:58:11.29 (731400637)|ENTERING_MANAGED_PKG|tdc_tsw
16:58:11.29 (731422541)|ENTERING_MANAGED_PKG|tdc_tsw
16:58:11.29 (731495021)|ENTERING_MANAGED_PKG|tdc_tsw
16:58:11.29 (731567682)|ENTERING_MANAGED_PKG|tdc_tsw
16:58:11.29 (731618681)|ENTERING_MANAGED_PKG|tdc_tsw
16:58:11.29 (731711912)|ENTERING_MANAGED_PKG|tdc_tsw
16:58:11.29 (731824343)|ENTERING_MANAGED_PKG|tdc_tsw
16:58:11.29 (735723805)|ENTERING_MANAGED_PKG|tdc_tsw
16:58:11.29 (736408496)|ENTERING_MANAGED_PKG|tdc_tsw
16:58:11.29 (743388761)|ENTERING_MANAGED_PKG|tdc_tsw
16:58:11.29 (744381372)|ENTERING_MANAGED_PKG|tdc_tsw
16:58:11.29 (751147218)|ENTERING_MANAGED_PKG|tdc_tsw
16:58:11.29 (752239955)|ENTERING_MANAGED_PKG|tdc_tsw
16:58:11.29 (759042471)|ENTERING_MANAGED_PKG|tdc_tsw
16:58:11.29 (760166753)|ENTERING_MANAGED_PKG|tdc_tsw
16:58:11.29 (767105459)|ENTERING_MANAGED_PKG|tdc_tsw
16:58:11.29 (768089592)|ENTERING_MANAGED_PKG|tdc_tsw
16:58:11.29 (774830510)|ENTERING_MANAGED_PKG|tdc_tsw
16:58:11.29 (775801194)|ENTERING_MANAGED_PKG|tdc_tsw
16:58:11.29 (782805786)|ENTERING_MANAGED_PKG|tdc_tsw
16:58:11.29 (783822904)|ENTERING_MANAGED_PKG|tdc_tsw
16:58:11.29 (790487413)|ENTERING_MANAGED_PKG|tdc_tsw
16:58:11.29 (791468062)|ENTERING_MANAGED_PKG|tdc_tsw
16:58:11.29 (799132961)|ENTERING_MANAGED_PKG|tdc_tsw
16:58:11.29 (800122410)|ENTERING_MANAGED_PKG|tdc_tsw
16:58:11.29 (806968486)|ENTERING_MANAGED_PKG|tdc_tsw
16:58:11.29 (807989650)|ENTERING_MANAGED_PKG|tdc_tsw
16:58:11.29 (816168323)|ENTERING_MANAGED_PKG|tdc_tsw
16:58:11.29 (820792139)|ENTERING_MANAGED_PKG|tdc_tsw
16:58:11.29 (827996559)|ENTERING_MANAGED_PKG|tdc_tsw
16:58:11.29 (829004490)|ENTERING_MANAGED_PKG|tdc_tsw
16:58:11.29 (836278755)|ENTERING_MANAGED_PKG|tdc_tsw
16:58:11.29 (837275839)|ENTERING_MANAGED_PKG|tdc_tsw
16:58:11.29 (844000903)|ENTERING_MANAGED_PKG|tdc_tsw
16:58:11.29 (845034002)|ENTERING_MANAGED_PKG|tdc_tsw
16:58:11.29 (852394220)|ENTERING_MANAGED_PKG|tdc_tsw
16:58:11.29 (853395334)|ENTERING_MANAGED_PKG|tdc_tsw
16:58:11.29 (860583326)|ENTERING_MANAGED_PKG|tdc_tsw
16:58:11.29 (861721560)|ENTERING_MANAGED_PKG|tdc_tsw
16:58:11.29 (869214166)|ENTERING_MANAGED_PKG|tdc_tsw
16:58:11.29 (870262464)|ENTERING_MANAGED_PKG|tdc_tsw
16:58:11.29 (877533616)|ENTERING_MANAGED_PKG|tdc_tsw
16:58:11.29 (878548166)|ENTERING_MANAGED_PKG|tdc_tsw
16:58:11.29 (886003663)|ENTERING_MANAGED_PKG|tdc_tsw
16:58:11.29 (887383567)|ENTERING_MANAGED_PKG|tdc_tsw
16:58:11.29 (894287742)|ENTERING_MANAGED_PKG|tdc_tsw
16:58:11.29 (895289056)|ENTERING_MANAGED_PKG|tdc_tsw
16:58:11.29 (902077742)|ENTERING_MANAGED_PKG|tdc_tsw
16:58:11.29 (903143273)|ENTERING_MANAGED_PKG|tdc_tsw
16:58:11.29 (910082937)|ENTERING_MANAGED_PKG|tdc_tsw
16:58:11.29 (911074744)|ENTERING_MANAGED_PKG|tdc_tsw
16:58:11.29 (917903076)|ENTERING_MANAGED_PKG|tdc_tsw
16:58:11.29 (918958623)|ENTERING_MANAGED_PKG|tdc_tsw
16:58:11.29 (925867132)|ENTERING_MANAGED_PKG|tdc_tsw
16:58:11.29 (926852109)|ENTERING_MANAGED_PKG|tdc_tsw
16:58:11.29 (933613635)|ENTERING_MANAGED_PKG|tdc_tsw
16:58:11.29 (934619662)|ENTERING_MANAGED_PKG|tdc_tsw
16:58:11.29 (941360069)|ENTERING_MANAGED_PKG|tdc_tsw
16:58:11.29 (942374225)|ENTERING_MANAGED_PKG|tdc_tsw
16:58:11.29 (949487348)|ENTERING_MANAGED_PKG|tdc_tsw
16:58:11.29 (950480305)|ENTERING_MANAGED_PKG|tdc_tsw
16:58:11.29 (957572094)|ENTERING_MANAGED_PKG|tdc_tsw
16:58:11.29 (958566209)|ENTERING_MANAGED_PKG|tdc_tsw
16:58:11.29 (965570018)|ENTERING_MANAGED_PKG|tdc_tsw
16:58:11.29 (966555310)|ENTERING_MANAGED_PKG|tdc_tsw
16:58:11.29 (973363732)|ENTERING_MANAGED_PKG|tdc_tsw
16:58:11.29 (974362641)|ENTERING_MANAGED_PKG|tdc_tsw
16:58:11.29 (981091454)|ENTERING_MANAGED_PKG|tdc_tsw
16:58:11.29 (982075606)|ENTERING_MANAGED_PKG|tdc_tsw
16:58:11.29 (988820611)|ENTERING_MANAGED_PKG|tdc_tsw
16:58:11.29 (989801236)|ENTERING_MANAGED_PKG|tdc_tsw
16:58:11.29 (996534659)|ENTERING_MANAGED_PKG|tdc_tsw
16:58:11.29 (997532201)|ENTERING_MANAGED_PKG|tdc_tsw
16:58:11.29 (1004266673)|ENTERING_MANAGED_PKG|tdc_tsw
16:58:11.29 (1005243952)|ENTERING_MANAGED_PKG|tdc_tsw
16:58:11.29 (1012000926)|ENTERING_MANAGED_PKG|tdc_tsw
16:58:11.29 (1012999899)|ENTERING_MANAGED_PKG|tdc_tsw
16:58:11.29 (1020036895)|ENTERING_MANAGED_PKG|tdc_tsw
16:58:11.29 (1021080035)|ENTERING_MANAGED_PKG|tdc_tsw
16:58:11.29 (1027853295)|ENTERING_MANAGED_PKG|tdc_tsw
16:58:11.29 (1028835203)|ENTERING_MANAGED_PKG|tdc_tsw
16:58:12.35 (1035580468)|ENTERING_MANAGED_PKG|tdc_tsw
16:58:12.35 (1036583952)|ENTERING_MANAGED_PKG|tdc_tsw
16:58:12.35 (1043342478)|ENTERING_MANAGED_PKG|tdc_tsw
16:58:12.35 (1044354961)|ENTERING_MANAGED_PKG|tdc_tsw
16:58:12.35 (1051245185)|ENTERING_MANAGED_PKG|tdc_tsw
16:58:12.35 (1052265039)|ENTERING_MANAGED_PKG|tdc_tsw
16:58:12.35 (1059046304)|ENTERING_MANAGED_PKG|tdc_tsw
16:58:12.35 (1060056019)|ENTERING_MANAGED_PKG|tdc_tsw
16:58:12.35 (1066939819)|ENTERING_MANAGED_PKG|tdc_tsw
16:58:12.35 (1067949725)|ENTERING_MANAGED_PKG|tdc_tsw
16:58:12.35 (1074732860)|ENTERING_MANAGED_PKG|tdc_tsw
16:58:12.35 (1075751667)|ENTERING_MANAGED_PKG|tdc_tsw
16:58:12.35 (1082796341)|ENTERING_MANAGED_PKG|tdc_tsw
16:58:12.35 (1083781087)|ENTERING_MANAGED_PKG|tdc_tsw
16:58:12.35 (1093057830)|ENTERING_MANAGED_PKG|tdc_tsw
16:58:12.35 (1094527159)|ENTERING_MANAGED_PKG|tdc_tsw
16:58:12.35 (1104416258)|ENTERING_MANAGED_PKG|tdc_tsw
16:58:12.35 (1105924119)|ENTERING_MANAGED_PKG|tdc_tsw
16:58:12.35 (1115518655)|ENTERING_MANAGED_PKG|tdc_tsw
16:58:12.35 (1117031641)|ENTERING_MANAGED_PKG|tdc_tsw
16:58:12.35 (1123780812)|ENTERING_MANAGED_PKG|tdc_tsw
16:58:12.35 (1124764784)|ENTERING_MANAGED_PKG|tdc_tsw
16:58:12.35 (1131520896)|ENTERING_MANAGED_PKG|tdc_tsw
16:58:12.35 (1132512035)|ENTERING_MANAGED_PKG|tdc_tsw
16:58:12.35 (1139230302)|ENTERING_MANAGED_PKG|tdc_tsw
16:58:12.35 (1140237133)|ENTERING_MANAGED_PKG|tdc_tsw
16:58:12.35 (1146977732)|ENTERING_MANAGED_PKG|tdc_tsw
16:58:12.35 (1150065187)|ENTERING_MANAGED_PKG|tdc_tsw
16:58:12.35 (1150271923)|ENTERING_MANAGED_PKG|tdc_tsw
16:58:12.35 (1150396100)|ENTERING_MANAGED_PKG|tdc_tsw
16:58:12.35 (1150523843)|ENTERING_MANAGED_PKG|tdc_tsw
16:58:12.35 (1150605934)|ENTERING_MANAGED_PKG|tdc_tsw
16:58:12.35 (1150660379)|ENTERING_MANAGED_PKG|tdc_tsw
16:58:12.35 (1150797861)|ENTERING_MANAGED_PKG|tdc_tsw
16:58:12.35 (1150853070)|ENTERING_MANAGED_PKG|tdc_tsw
16:58:12.35 (1150938986)|ENTERING_MANAGED_PKG|tdc_tsw
16:58:12.35 (1151061590)|ENTERING_MANAGED_PKG|tdc_tsw
16:58:12.35 (1152623589)|ENTERING_MANAGED_PKG|tdc_tsw
16:58:12.35 (1153013588)|ENTERING_MANAGED_PKG|tdc_tsw
16:58:12.35 (1159884814)|ENTERING_MANAGED_PKG|tdc_tsw
16:58:12.35 (1160884749)|ENTERING_MANAGED_PKG|tdc_tsw
16:58:12.35 (1167635349)|ENTERING_MANAGED_PKG|tdc_tsw
16:58:12.35 (1168623614)|ENTERING_MANAGED_PKG|tdc_tsw
16:58:12.35 (1175385947)|ENTERING_MANAGED_PKG|tdc_tsw
16:58:12.35 (1176374094)|ENTERING_MANAGED_PKG|tdc_tsw
16:58:12.35 (1183305325)|ENTERING_MANAGED_PKG|tdc_tsw
16:58:12.35 (1184280257)|ENTERING_MANAGED_PKG|tdc_tsw
16:58:12.35 (1191136916)|ENTERING_MANAGED_PKG|tdc_tsw
16:58:12.35 (1192138763)|ENTERING_MANAGED_PKG|tdc_tsw
16:58:12.35 (1199012379)|ENTERING_MANAGED_PKG|tdc_tsw
16:58:12.35 (1199997178)|ENTERING_MANAGED_PKG|tdc_tsw
16:58:12.35 (1207059771)|ENTERING_MANAGED_PKG|tdc_tsw
16:58:12.35 (1208047111)|ENTERING_MANAGED_PKG|tdc_tsw
16:58:12.35 (1214856835)|ENTERING_MANAGED_PKG|tdc_tsw
16:58:12.35 (1215848374)|ENTERING_MANAGED_PKG|tdc_tsw
16:58:12.35 (1222590917)|ENTERING_MANAGED_PKG|tdc_tsw
16:58:12.35 (1223567972)|ENTERING_MANAGED_PKG|tdc_tsw
16:58:12.35 (1230319101)|ENTERING_MANAGED_PKG|tdc_tsw
16:58:12.35 (1231306043)|ENTERING_MANAGED_PKG|tdc_tsw
16:58:12.35 (1238048435)|ENTERING_MANAGED_PKG|tdc_tsw
16:58:12.35 (1239030464)|ENTERING_MANAGED_PKG|tdc_tsw
16:58:12.35 (1245803996)|ENTERING_MANAGED_PKG|tdc_tsw
16:58:12.35 (1246790299)|ENTERING_MANAGED_PKG|tdc_tsw
16:58:12.35 (1253522109)|ENTERING_MANAGED_PKG|tdc_tsw
16:58:12.35 (1254507828)|ENTERING_MANAGED_PKG|tdc_tsw
16:58:12.35 (1261228851)|ENTERING_MANAGED_PKG|tdc_tsw
16:58:12.35 (1262209904)|ENTERING_MANAGED_PKG|tdc_tsw
16:58:12.35 (1269050934)|ENTERING_MANAGED_PKG|tdc_tsw
16:58:12.35 (1270054705)|ENTERING_MANAGED_PKG|tdc_tsw
16:58:12.35 (1276876056)|ENTERING_MANAGED_PKG|tdc_tsw
16:58:12.35 (1277858435)|ENTERING_MANAGED_PKG|tdc_tsw
16:58:12.35 (1284703063)|ENTERING_MANAGED_PKG|tdc_tsw
16:58:12.35 (1285702142)|ENTERING_MANAGED_PKG|tdc_tsw
16:58:12.35 (1292484425)|ENTERING_MANAGED_PKG|tdc_tsw
16:58:12.35 (1293472878)|ENTERING_MANAGED_PKG|tdc_tsw
16:58:12.35 (1300290214)|ENTERING_MANAGED_PKG|tdc_tsw
16:58:12.35 (1301282925)|ENTERING_MANAGED_PKG|tdc_tsw
16:58:12.35 (1309063112)|ENTERING_MANAGED_PKG|tdc_tsw
16:58:12.35 (1310094887)|ENTERING_MANAGED_PKG|tdc_tsw
16:58:12.35 (1320734844)|ENTERING_MANAGED_PKG|tdc_tsw
16:58:12.35 (1321814170)|ENTERING_MANAGED_PKG|tdc_tsw
16:58:12.35 (1329005566)|ENTERING_MANAGED_PKG|tdc_tsw
16:58:12.35 (1329991678)|ENTERING_MANAGED_PKG|tdc_tsw
16:58:12.35 (1336806951)|ENTERING_MANAGED_PKG|tdc_tsw
16:58:12.35 (1337817029)|ENTERING_MANAGED_PKG|tdc_tsw
16:58:12.35 (1344599283)|ENTERING_MANAGED_PKG|tdc_tsw
16:58:12.35 (1345615923)|ENTERING_MANAGED_PKG|tdc_tsw
16:58:12.35 (1352339486)|ENTERING_MANAGED_PKG|tdc_tsw
16:58:12.35 (1353315059)|ENTERING_MANAGED_PKG|tdc_tsw
16:58:12.35 (1360043865)|ENTERING_MANAGED_PKG|tdc_tsw
16:58:12.35 (1361028159)|ENTERING_MANAGED_PKG|tdc_tsw
16:58:12.35 (1367754132)|ENTERING_MANAGED_PKG|tdc_tsw
16:58:12.35 (1368730968)|ENTERING_MANAGED_PKG|tdc_tsw
16:58:12.35 (1375494632)|ENTERING_MANAGED_PKG|tdc_tsw
16:58:12.35 (1376489626)|ENTERING_MANAGED_PKG|tdc_tsw
16:58:12.35 (1383232237)|ENTERING_MANAGED_PKG|tdc_tsw
16:58:12.35 (1384232196)|ENTERING_MANAGED_PKG|tdc_tsw
16:58:12.35 (1390992542)|ENTERING_MANAGED_PKG|tdc_tsw
16:58:12.35 (1391970211)|ENTERING_MANAGED_PKG|tdc_tsw
16:58:12.35 (1398719661)|ENTERING_MANAGED_PKG|tdc_tsw
16:58:12.35 (1399711681)|ENTERING_MANAGED_PKG|tdc_tsw
16:58:12.35 (1406444058)|ENTERING_MANAGED_PKG|tdc_tsw
16:58:12.35 (1407423659)|ENTERING_MANAGED_PKG|tdc_tsw
16:58:12.35 (1414154249)|ENTERING_MANAGED_PKG|tdc_tsw
16:58:12.35 (1415160205)|ENTERING_MANAGED_PKG|tdc_tsw
16:58:12.35 (1421900968)|ENTERING_MANAGED_PKG|tdc_tsw
16:58:12.35 (1422892218)|ENTERING_MANAGED_PKG|tdc_tsw
16:58:12.35 (1429616756)|ENTERING_MANAGED_PKG|tdc_tsw
16:58:12.35 (1430593230)|ENTERING_MANAGED_PKG|tdc_tsw
16:58:12.35 (1437339129)|ENTERING_MANAGED_PKG|tdc_tsw
16:58:12.35 (1438334605)|ENTERING_MANAGED_PKG|tdc_tsw
16:58:12.35 (1445190158)|ENTERING_MANAGED_PKG|tdc_tsw
16:58:12.35 (1446185776)|ENTERING_MANAGED_PKG|tdc_tsw
16:58:12.35 (1453254244)|ENTERING_MANAGED_PKG|tdc_tsw
16:58:12.35 (1454253162)|ENTERING_MANAGED_PKG|tdc_tsw
16:58:12.35 (1460978013)|ENTERING_MANAGED_PKG|tdc_tsw
16:58:12.35 (1461962738)|ENTERING_MANAGED_PKG|tdc_tsw
16:58:12.35 (1468688791)|ENTERING_MANAGED_PKG|tdc_tsw
16:58:12.35 (1469669331)|ENTERING_MANAGED_PKG|tdc_tsw
16:58:12.35 (1476424815)|ENTERING_MANAGED_PKG|tdc_tsw
16:58:12.35 (1477415262)|ENTERING_MANAGED_PKG|tdc_tsw
16:58:12.35 (1484143844)|ENTERING_MANAGED_PKG|tdc_tsw
16:58:12.35 (1485119037)|ENTERING_MANAGED_PKG|tdc_tsw
16:58:12.35 (1491869658)|ENTERING_MANAGED_PKG|tdc_tsw
16:58:12.35 (1492865516)|ENTERING_MANAGED_PKG|tdc_tsw
16:58:12.35 (1499586349)|ENTERING_MANAGED_PKG|tdc_tsw
16:58:12.35 (1500574371)|ENTERING_MANAGED_PKG|tdc_tsw
16:58:12.35 (1507329581)|ENTERING_MANAGED_PKG|tdc_tsw
16:58:12.35 (1508306234)|ENTERING_MANAGED_PKG|tdc_tsw
16:58:12.35 (1515034381)|ENTERING_MANAGED_PKG|tdc_tsw
16:58:12.35 (1516023052)|ENTERING_MANAGED_PKG|tdc_tsw
16:58:12.35 (1522739137)|ENTERING_MANAGED_PKG|tdc_tsw
16:58:12.35 (1523744280)|ENTERING_MANAGED_PKG|tdc_tsw
16:58:12.35 (1530485650)|ENTERING_MANAGED_PKG|tdc_tsw
16:58:12.35 (1531473863)|ENTERING_MANAGED_PKG|tdc_tsw
16:58:12.35 (1538201804)|ENTERING_MANAGED_PKG|tdc_tsw
16:58:12.35 (1539207626)|ENTERING_MANAGED_PKG|tdc_tsw
16:58:12.35 (1545931653)|ENTERING_MANAGED_PKG|tdc_tsw
16:58:12.35 (1548809696)|ENTERING_MANAGED_PKG|tdc_tsw
16:58:12.35 (1549007953)|ENTERING_MANAGED_PKG|tdc_tsw
16:58:12.35 (1549282429)|ENTERING_MANAGED_PKG|tdc_tsw
16:58:12.35 (1549339592)|ENTERING_MANAGED_PKG|tdc_tsw
16:58:12.35 (1549393855)|ENTERING_MANAGED_PKG|tdc_tsw
16:58:12.35 (1549446853)|ENTERING_MANAGED_PKG|tdc_tsw
16:58:12.35 (1549484484)|ENTERING_MANAGED_PKG|tdc_tsw
16:58:12.35 (1549596378)|ENTERING_MANAGED_PKG|tdc_tsw
16:58:12.35 (1549814922)|ENTERING_MANAGED_PKG|tdc_tsw
16:58:12.35 (1549849884)|ENTERING_MANAGED_PKG|tdc_tsw
16:58:12.35 (1549889998)|ENTERING_MANAGED_PKG|tdc_tsw
16:58:12.35 (1549927305)|ENTERING_MANAGED_PKG|tdc_tsw
16:58:12.35 (1549956277)|ENTERING_MANAGED_PKG|tdc_tsw
16:58:12.35 (1550042785)|ENTERING_MANAGED_PKG|tdc_tsw
16:58:12.35 (1550224224)|ENTERING_MANAGED_PKG|tdc_tsw
16:58:12.35 (1550258840)|ENTERING_MANAGED_PKG|tdc_tsw
16:58:12.35 (1550298293)|ENTERING_MANAGED_PKG|tdc_tsw
16:58:12.35 (1550335223)|ENTERING_MANAGED_PKG|tdc_tsw
16:58:12.35 (1550363762)|ENTERING_MANAGED_PKG|tdc_tsw
16:58:12.35 (1550448921)|ENTERING_MANAGED_PKG|tdc_tsw
16:58:12.35 (1550621907)|ENTERING_MANAGED_PKG|tdc_tsw
16:58:12.35 (1550656406)|ENTERING_MANAGED_PKG|tdc_tsw
16:58:12.35 (1550695186)|ENTERING_MANAGED_PKG|tdc_tsw
16:58:12.35 (1550732074)|ENTERING_MANAGED_PKG|tdc_tsw
16:58:12.35 (1550760726)|ENTERING_MANAGED_PKG|tdc_tsw
16:58:12.35 (1550844154)|ENTERING_MANAGED_PKG|tdc_tsw
16:58:12.35 (1551016518)|ENTERING_MANAGED_PKG|tdc_tsw
16:58:12.35 (1551051517)|ENTERING_MANAGED_PKG|tdc_tsw
16:58:12.35 (1551090531)|ENTERING_MANAGED_PKG|tdc_tsw
16:58:12.35 (1551127542)|ENTERING_MANAGED_PKG|tdc_tsw
16:58:12.35 (1551156428)|ENTERING_MANAGED_PKG|tdc_tsw
16:58:12.35 (1551245384)|ENTERING_MANAGED_PKG|tdc_tsw
16:58:12.35 (1551418274)|ENTERING_MANAGED_PKG|tdc_tsw
16:58:12.35 (1551452258)|ENTERING_MANAGED_PKG|tdc_tsw
16:58:12.35 (1551490898)|ENTERING_MANAGED_PKG|tdc_tsw
16:58:12.35 (1551527313)|ENTERING_MANAGED_PKG|tdc_tsw
16:58:12.35 (1551556347)|ENTERING_MANAGED_PKG|tdc_tsw
16:58:12.35 (1551637834)|ENTERING_MANAGED_PKG|tdc_tsw
16:58:12.35 (1551807416)|ENTERING_MANAGED_PKG|tdc_tsw
16:58:12.35 (1551841201)|ENTERING_MANAGED_PKG|tdc_tsw
16:58:12.35 (1551879895)|ENTERING_MANAGED_PKG|tdc_tsw
16:58:12.35 (1551916854)|ENTERING_MANAGED_PKG|tdc_tsw
16:58:12.35 (1551945783)|ENTERING_MANAGED_PKG|tdc_tsw
16:58:12.35 (1552028539)|ENTERING_MANAGED_PKG|tdc_tsw
16:58:12.35 (1552205003)|ENTERING_MANAGED_PKG|tdc_tsw
16:58:12.35 (1552240275)|ENTERING_MANAGED_PKG|tdc_tsw
16:58:12.35 (1552279389)|ENTERING_MANAGED_PKG|tdc_tsw
16:58:12.35 (1552316098)|ENTERING_MANAGED_PKG|tdc_tsw
16:58:12.35 (1552344606)|ENTERING_MANAGED_PKG|tdc_tsw
16:58:12.35 (1552426617)|ENTERING_MANAGED_PKG|tdc_tsw
16:58:12.35 (1552596610)|ENTERING_MANAGED_PKG|tdc_tsw
16:58:12.35 (1552630842)|ENTERING_MANAGED_PKG|tdc_tsw
16:58:12.35 (1552669123)|ENTERING_MANAGED_PKG|tdc_tsw
16:58:12.35 (1552705799)|ENTERING_MANAGED_PKG|tdc_tsw
16:58:12.35 (1552734310)|ENTERING_MANAGED_PKG|tdc_tsw
16:58:12.35 (1552816914)|ENTERING_MANAGED_PKG|tdc_tsw
16:58:12.35 (1552987878)|ENTERING_MANAGED_PKG|tdc_tsw
16:58:12.35 (1553021940)|ENTERING_MANAGED_PKG|tdc_tsw
16:58:12.35 (1553061172)|ENTERING_MANAGED_PKG|tdc_tsw
16:58:12.35 (1553097635)|ENTERING_MANAGED_PKG|tdc_tsw
16:58:12.35 (1553125886)|ENTERING_MANAGED_PKG|tdc_tsw
16:58:12.35 (1553213649)|ENTERING_MANAGED_PKG|tdc_tsw
16:58:12.35 (1553385417)|ENTERING_MANAGED_PKG|tdc_tsw
16:58:12.35 (1553419331)|ENTERING_MANAGED_PKG|tdc_tsw
16:58:12.35 (1553457689)|ENTERING_MANAGED_PKG|tdc_tsw
16:58:12.35 (1553494037)|ENTERING_MANAGED_PKG|tdc_tsw
16:58:12.35 (1553522383)|ENTERING_MANAGED_PKG|tdc_tsw
16:58:12.35 (1553605039)|ENTERING_MANAGED_PKG|tdc_tsw
16:58:12.35 (1553776219)|ENTERING_MANAGED_PKG|tdc_tsw
16:58:12.35 (1553810123)|ENTERING_MANAGED_PKG|tdc_tsw
16:58:12.35 (1553848831)|ENTERING_MANAGED_PKG|tdc_tsw
16:58:12.35 (1553885343)|ENTERING_MANAGED_PKG|tdc_tsw
16:58:12.35 (1553913415)|ENTERING_MANAGED_PKG|tdc_tsw
16:58:12.35 (1553995079)|ENTERING_MANAGED_PKG|tdc_tsw
16:58:12.35 (1554164135)|ENTERING_MANAGED_PKG|tdc_tsw
16:58:12.35 (1554203758)|ENTERING_MANAGED_PKG|tdc_tsw
16:58:12.35 (1554243898)|ENTERING_MANAGED_PKG|tdc_tsw
16:58:12.35 (1554280358)|ENTERING_MANAGED_PKG|tdc_tsw
16:58:12.35 (1554308818)|ENTERING_MANAGED_PKG|tdc_tsw
16:58:12.35 (1554390275)|ENTERING_MANAGED_PKG|tdc_tsw
16:58:12.35 (1554559880)|ENTERING_MANAGED_PKG|tdc_tsw
16:58:12.35 (1554593826)|ENTERING_MANAGED_PKG|tdc_tsw
16:58:12.35 (1554632847)|ENTERING_MANAGED_PKG|tdc_tsw
16:58:12.35 (1554669076)|ENTERING_MANAGED_PKG|tdc_tsw
16:58:12.35 (1554697481)|ENTERING_MANAGED_PKG|tdc_tsw
16:58:12.35 (1554779723)|ENTERING_MANAGED_PKG|tdc_tsw
16:58:12.35 (1554949387)|ENTERING_MANAGED_PKG|tdc_tsw
16:58:12.35 (1554983155)|ENTERING_MANAGED_PKG|tdc_tsw
16:58:12.35 (1555021323)|ENTERING_MANAGED_PKG|tdc_tsw
16:58:12.35 (1555058925)|ENTERING_MANAGED_PKG|tdc_tsw
16:58:12.35 (1555087371)|ENTERING_MANAGED_PKG|tdc_tsw
16:58:12.35 (1555169606)|ENTERING_MANAGED_PKG|tdc_tsw
16:58:12.35 (1555346371)|ENTERING_MANAGED_PKG|tdc_tsw
16:58:12.35 (1555380343)|ENTERING_MANAGED_PKG|tdc_tsw
16:58:12.35 (1555419020)|ENTERING_MANAGED_PKG|tdc_tsw
16:58:12.35 (1555454852)|ENTERING_MANAGED_PKG|tdc_tsw
16:58:12.35 (1555483156)|ENTERING_MANAGED_PKG|tdc_tsw
16:58:12.35 (1555565382)|ENTERING_MANAGED_PKG|tdc_tsw
16:58:12.35 (1555736195)|ENTERING_MANAGED_PKG|tdc_tsw
16:58:12.35 (1555770282)|ENTERING_MANAGED_PKG|tdc_tsw
16:58:12.35 (1555808760)|ENTERING_MANAGED_PKG|tdc_tsw
16:58:12.35 (1555845460)|ENTERING_MANAGED_PKG|tdc_tsw
16:58:12.35 (1555873834)|ENTERING_MANAGED_PKG|tdc_tsw
16:58:12.35 (1555955765)|ENTERING_MANAGED_PKG|tdc_tsw
16:58:12.35 (1556125209)|ENTERING_MANAGED_PKG|tdc_tsw
16:58:12.35 (1556159765)|ENTERING_MANAGED_PKG|tdc_tsw
16:58:12.35 (1556203036)|ENTERING_MANAGED_PKG|tdc_tsw
16:58:12.35 (1556241595)|ENTERING_MANAGED_PKG|tdc_tsw
16:58:12.35 (1556270877)|ENTERING_MANAGED_PKG|tdc_tsw
16:58:12.35 (1556352978)|ENTERING_MANAGED_PKG|tdc_tsw
16:58:12.35 (1556522527)|ENTERING_MANAGED_PKG|tdc_tsw
16:58:12.35 (1556556099)|ENTERING_MANAGED_PKG|tdc_tsw
16:58:12.35 (1556594524)|ENTERING_MANAGED_PKG|tdc_tsw
16:58:12.35 (1556631149)|ENTERING_MANAGED_PKG|tdc_tsw
16:58:12.35 (1556659687)|ENTERING_MANAGED_PKG|tdc_tsw
16:58:12.35 (1556741907)|ENTERING_MANAGED_PKG|tdc_tsw
16:58:12.35 (1556910767)|ENTERING_MANAGED_PKG|tdc_tsw
16:58:12.35 (1556944435)|ENTERING_MANAGED_PKG|tdc_tsw
16:58:12.35 (1556983280)|ENTERING_MANAGED_PKG|tdc_tsw
16:58:12.35 (1557019750)|ENTERING_MANAGED_PKG|tdc_tsw
16:58:12.35 (1557049540)|ENTERING_MANAGED_PKG|tdc_tsw
16:58:12.35 (1557131270)|ENTERING_MANAGED_PKG|tdc_tsw
16:58:12.35 (1557308987)|ENTERING_MANAGED_PKG|tdc_tsw
16:58:12.35 (1557342818)|ENTERING_MANAGED_PKG|tdc_tsw
16:58:12.35 (1557381282)|ENTERING_MANAGED_PKG|tdc_tsw
16:58:12.35 (1557417702)|ENTERING_MANAGED_PKG|tdc_tsw
16:58:12.35 (1557446227)|ENTERING_MANAGED_PKG|tdc_tsw
16:58:12.35 (1557528551)|ENTERING_MANAGED_PKG|tdc_tsw
16:58:12.35 (1557697560)|ENTERING_MANAGED_PKG|tdc_tsw
16:58:12.35 (1557731265)|ENTERING_MANAGED_PKG|tdc_tsw
16:58:12.35 (1557769614)|ENTERING_MANAGED_PKG|tdc_tsw
16:58:12.35 (1557805956)|ENTERING_MANAGED_PKG|tdc_tsw
16:58:12.35 (1557834483)|ENTERING_MANAGED_PKG|tdc_tsw
16:58:12.35 (1557916924)|ENTERING_MANAGED_PKG|tdc_tsw
16:58:12.35 (1558086173)|ENTERING_MANAGED_PKG|tdc_tsw
16:58:12.35 (1558120946)|ENTERING_MANAGED_PKG|tdc_tsw
16:58:12.35 (1558159591)|ENTERING_MANAGED_PKG|tdc_tsw
16:58:12.35 (1558195886)|ENTERING_MANAGED_PKG|tdc_tsw
16:58:12.35 (1558232813)|ENTERING_MANAGED_PKG|tdc_tsw
16:58:12.35 (1558315709)|ENTERING_MANAGED_PKG|tdc_tsw
16:58:12.35 (1558485443)|ENTERING_MANAGED_PKG|tdc_tsw
16:58:12.35 (1558519414)|ENTERING_MANAGED_PKG|tdc_tsw
16:58:12.35 (1558557700)|ENTERING_MANAGED_PKG|tdc_tsw
16:58:12.35 (1558593895)|ENTERING_MANAGED_PKG|tdc_tsw
16:58:12.35 (1558622561)|ENTERING_MANAGED_PKG|tdc_tsw
16:58:12.35 (1558704172)|ENTERING_MANAGED_PKG|tdc_tsw
16:58:12.35 (1558874358)|ENTERING_MANAGED_PKG|tdc_tsw
16:58:12.35 (1558908266)|ENTERING_MANAGED_PKG|tdc_tsw
16:58:12.35 (1558946728)|ENTERING_MANAGED_PKG|tdc_tsw
16:58:12.35 (1558982807)|ENTERING_MANAGED_PKG|tdc_tsw
16:58:12.35 (1559011201)|ENTERING_MANAGED_PKG|tdc_tsw
16:58:12.35 (1559095552)|ENTERING_MANAGED_PKG|tdc_tsw
16:58:12.35 (1559273281)|ENTERING_MANAGED_PKG|tdc_tsw
16:58:12.35 (1559307388)|ENTERING_MANAGED_PKG|tdc_tsw
16:58:12.35 (1559345620)|ENTERING_MANAGED_PKG|tdc_tsw
16:58:12.35 (1559382038)|ENTERING_MANAGED_PKG|tdc_tsw
16:58:12.35 (1559410463)|ENTERING_MANAGED_PKG|tdc_tsw
16:58:12.35 (1559492782)|ENTERING_MANAGED_PKG|tdc_tsw
16:58:12.35 (1559662304)|ENTERING_MANAGED_PKG|tdc_tsw
16:58:12.35 (1559696247)|ENTERING_MANAGED_PKG|tdc_tsw
16:58:12.35 (1559734872)|ENTERING_MANAGED_PKG|tdc_tsw
16:58:12.35 (1559771268)|ENTERING_MANAGED_PKG|tdc_tsw
16:58:12.35 (1559799910)|ENTERING_MANAGED_PKG|tdc_tsw
16:58:12.35 (1559882867)|ENTERING_MANAGED_PKG|tdc_tsw
16:58:12.35 (1560053227)|ENTERING_MANAGED_PKG|tdc_tsw
16:58:12.35 (1560088421)|ENTERING_MANAGED_PKG|tdc_tsw
16:58:12.35 (1560127284)|ENTERING_MANAGED_PKG|tdc_tsw
16:58:12.35 (1560163798)|ENTERING_MANAGED_PKG|tdc_tsw
16:58:12.35 (1560191963)|ENTERING_MANAGED_PKG|tdc_tsw
16:58:12.35 (1560284031)|ENTERING_MANAGED_PKG|tdc_tsw
16:58:12.35 (1560456027)|ENTERING_MANAGED_PKG|tdc_tsw
16:58:12.35 (1560490035)|ENTERING_MANAGED_PKG|tdc_tsw
16:58:12.35 (1560528592)|ENTERING_MANAGED_PKG|tdc_tsw
16:58:12.35 (1560565307)|ENTERING_MANAGED_PKG|tdc_tsw
16:58:12.35 (1560593815)|ENTERING_MANAGED_PKG|tdc_tsw
16:58:12.35 (1560676863)|ENTERING_MANAGED_PKG|tdc_tsw
16:58:12.35 (1560847525)|ENTERING_MANAGED_PKG|tdc_tsw
16:58:12.35 (1560881840)|ENTERING_MANAGED_PKG|tdc_tsw
16:58:12.35 (1560920859)|ENTERING_MANAGED_PKG|tdc_tsw
16:58:12.35 (1560957468)|ENTERING_MANAGED_PKG|tdc_tsw
16:58:12.35 (1560986289)|ENTERING_MANAGED_PKG|tdc_tsw
16:58:12.35 (1561069441)|ENTERING_MANAGED_PKG|tdc_tsw
16:58:12.35 (1561247415)|ENTERING_MANAGED_PKG|tdc_tsw
16:58:12.35 (1561281350)|ENTERING_MANAGED_PKG|tdc_tsw
16:58:12.35 (1561320382)|ENTERING_MANAGED_PKG|tdc_tsw
16:58:12.35 (1561356757)|ENTERING_MANAGED_PKG|tdc_tsw
16:58:12.35 (1561385192)|ENTERING_MANAGED_PKG|tdc_tsw
16:58:12.35 (1561474087)|ENTERING_MANAGED_PKG|tdc_tsw
16:58:12.35 (1561644826)|ENTERING_MANAGED_PKG|tdc_tsw
16:58:12.35 (1561678655)|ENTERING_MANAGED_PKG|tdc_tsw
16:58:12.35 (1561717053)|ENTERING_MANAGED_PKG|tdc_tsw
16:58:12.35 (1561753526)|ENTERING_MANAGED_PKG|tdc_tsw
16:58:12.35 (1561782130)|ENTERING_MANAGED_PKG|tdc_tsw
16:58:12.35 (1561865006)|ENTERING_MANAGED_PKG|tdc_tsw
16:58:12.35 (1562034826)|ENTERING_MANAGED_PKG|tdc_tsw
16:58:12.35 (1562069376)|ENTERING_MANAGED_PKG|tdc_tsw
16:58:12.35 (1562107574)|ENTERING_MANAGED_PKG|tdc_tsw
16:58:12.35 (1562144348)|ENTERING_MANAGED_PKG|tdc_tsw
16:58:12.35 (1562172852)|ENTERING_MANAGED_PKG|tdc_tsw
16:58:12.35 (1562260871)|ENTERING_MANAGED_PKG|tdc_tsw
16:58:12.35 (1562431395)|ENTERING_MANAGED_PKG|tdc_tsw
16:58:12.35 (1562465233)|ENTERING_MANAGED_PKG|tdc_tsw
16:58:12.35 (1562503408)|ENTERING_MANAGED_PKG|tdc_tsw
16:58:12.35 (1562540316)|ENTERING_MANAGED_PKG|tdc_tsw
16:58:12.35 (1562568509)|ENTERING_MANAGED_PKG|tdc_tsw
16:58:12.35 (1562650789)|ENTERING_MANAGED_PKG|tdc_tsw
16:58:12.35 (1562821161)|ENTERING_MANAGED_PKG|tdc_tsw
16:58:12.35 (1562854973)|ENTERING_MANAGED_PKG|tdc_tsw
16:58:12.35 (1562893287)|ENTERING_MANAGED_PKG|tdc_tsw
16:58:12.35 (1562929573)|ENTERING_MANAGED_PKG|tdc_tsw
16:58:12.35 (1562958208)|ENTERING_MANAGED_PKG|tdc_tsw
16:58:12.35 (1563041709)|ENTERING_MANAGED_PKG|tdc_tsw
16:58:12.35 (1563217596)|ENTERING_MANAGED_PKG|tdc_tsw
16:58:12.35 (1563251679)|ENTERING_MANAGED_PKG|tdc_tsw
16:58:12.35 (1563290368)|ENTERING_MANAGED_PKG|tdc_tsw
16:58:12.35 (1563326914)|ENTERING_MANAGED_PKG|tdc_tsw
16:58:12.35 (1563355378)|ENTERING_MANAGED_PKG|tdc_tsw
16:58:12.35 (1563437841)|ENTERING_MANAGED_PKG|tdc_tsw
16:58:12.35 (1563607080)|ENTERING_MANAGED_PKG|tdc_tsw
16:58:12.35 (1563640610)|ENTERING_MANAGED_PKG|tdc_tsw
16:58:12.35 (1563679039)|ENTERING_MANAGED_PKG|tdc_tsw
16:58:12.35 (1563715705)|ENTERING_MANAGED_PKG|tdc_tsw
16:58:12.35 (1563744398)|ENTERING_MANAGED_PKG|tdc_tsw
16:58:12.35 (1563827152)|ENTERING_MANAGED_PKG|tdc_tsw
16:58:12.35 (1563996855)|ENTERING_MANAGED_PKG|tdc_tsw
16:58:12.35 (1564030732)|ENTERING_MANAGED_PKG|tdc_tsw
16:58:12.35 (1564069958)|ENTERING_MANAGED_PKG|tdc_tsw
16:58:12.35 (1564106305)|ENTERING_MANAGED_PKG|tdc_tsw
16:58:12.35 (1564134808)|ENTERING_MANAGED_PKG|tdc_tsw
16:58:12.35 (1564223375)|ENTERING_MANAGED_PKG|tdc_tsw
16:58:12.35 (1564393227)|ENTERING_MANAGED_PKG|tdc_tsw
16:58:12.35 (1564426931)|ENTERING_MANAGED_PKG|tdc_tsw
16:58:12.35 (1564465324)|ENTERING_MANAGED_PKG|tdc_tsw
16:58:12.35 (1564502118)|ENTERING_MANAGED_PKG|tdc_tsw
16:58:12.35 (1564530676)|ENTERING_MANAGED_PKG|tdc_tsw
16:58:12.35 (1564613373)|ENTERING_MANAGED_PKG|tdc_tsw
16:58:12.35 (1564783598)|ENTERING_MANAGED_PKG|tdc_tsw
16:58:12.35 (1564817438)|ENTERING_MANAGED_PKG|tdc_tsw
16:58:12.35 (1564856276)|ENTERING_MANAGED_PKG|tdc_tsw
16:58:12.35 (1564892937)|ENTERING_MANAGED_PKG|tdc_tsw
16:58:12.35 (1564921480)|ENTERING_MANAGED_PKG|tdc_tsw
16:58:12.35 (1565004763)|ENTERING_MANAGED_PKG|tdc_tsw
16:58:12.35 (1565175692)|ENTERING_MANAGED_PKG|tdc_tsw
16:58:12.35 (1565215609)|ENTERING_MANAGED_PKG|tdc_tsw
16:58:12.35 (1565255145)|ENTERING_MANAGED_PKG|tdc_tsw
16:58:12.35 (1565291750)|ENTERING_MANAGED_PKG|tdc_tsw
16:58:12.35 (1565320461)|ENTERING_MANAGED_PKG|tdc_tsw
16:58:12.35 (1565403696)|ENTERING_MANAGED_PKG|tdc_tsw
16:58:12.35 (1565574451)|ENTERING_MANAGED_PKG|tdc_tsw
16:58:12.35 (1565608507)|ENTERING_MANAGED_PKG|tdc_tsw
16:58:12.35 (1565646584)|ENTERING_MANAGED_PKG|tdc_tsw
16:58:12.35 (1565682903)|ENTERING_MANAGED_PKG|tdc_tsw
16:58:12.35 (1565711299)|ENTERING_MANAGED_PKG|tdc_tsw
16:58:12.35 (1565793925)|ENTERING_MANAGED_PKG|tdc_tsw
16:58:12.35 (1565963715)|ENTERING_MANAGED_PKG|tdc_tsw
16:58:12.35 (1565997436)|ENTERING_MANAGED_PKG|tdc_tsw
16:58:12.35 (1566035743)|ENTERING_MANAGED_PKG|tdc_tsw
16:58:12.35 (1566073155)|ENTERING_MANAGED_PKG|tdc_tsw
16:58:12.35 (1566101744)|ENTERING_MANAGED_PKG|tdc_tsw
16:58:12.35 (1566184034)|ENTERING_MANAGED_PKG|tdc_tsw
16:58:12.35 (1566359561)|ENTERING_MANAGED_PKG|tdc_tsw
16:58:12.35 (1566393408)|ENTERING_MANAGED_PKG|tdc_tsw
16:58:12.35 (1566431746)|ENTERING_MANAGED_PKG|tdc_tsw
16:58:12.35 (1566468034)|ENTERING_MANAGED_PKG|tdc_tsw
16:58:12.35 (1566496321)|ENTERING_MANAGED_PKG|tdc_tsw
16:58:12.35 (1566578611)|ENTERING_MANAGED_PKG|tdc_tsw
16:58:12.35 (1566748225)|ENTERING_MANAGED_PKG|tdc_tsw
16:58:12.35 (1566782029)|ENTERING_MANAGED_PKG|tdc_tsw
16:58:12.35 (1566820569)|ENTERING_MANAGED_PKG|tdc_tsw
16:58:12.35 (1566857034)|ENTERING_MANAGED_PKG|tdc_tsw
16:58:12.35 (1566885132)|ENTERING_MANAGED_PKG|tdc_tsw
16:58:12.35 (1566967995)|ENTERING_MANAGED_PKG|tdc_tsw
16:58:12.35 (1567136338)|ENTERING_MANAGED_PKG|tdc_tsw
16:58:12.35 (1567170825)|ENTERING_MANAGED_PKG|tdc_tsw
16:58:12.35 (1567213726)|ENTERING_MANAGED_PKG|tdc_tsw
16:58:12.35 (1567252069)|ENTERING_MANAGED_PKG|tdc_tsw
16:58:12.35 (1567280651)|ENTERING_MANAGED_PKG|tdc_tsw
16:58:12.35 (1567362761)|ENTERING_MANAGED_PKG|tdc_tsw
16:58:12.35 (1567532569)|ENTERING_MANAGED_PKG|tdc_tsw
16:58:12.35 (1567566858)|ENTERING_MANAGED_PKG|tdc_tsw
16:58:12.35 (1567605443)|ENTERING_MANAGED_PKG|tdc_tsw
16:58:12.35 (1567641703)|ENTERING_MANAGED_PKG|tdc_tsw
16:58:12.35 (1567670211)|ENTERING_MANAGED_PKG|tdc_tsw
16:58:12.35 (1567752154)|ENTERING_MANAGED_PKG|tdc_tsw
16:58:12.35 (1567921593)|ENTERING_MANAGED_PKG|tdc_tsw
16:58:12.35 (1567955500)|ENTERING_MANAGED_PKG|tdc_tsw
16:58:12.35 (1567993804)|ENTERING_MANAGED_PKG|tdc_tsw
16:58:12.35 (1568030435)|ENTERING_MANAGED_PKG|tdc_tsw
16:58:12.35 (1568059953)|ENTERING_MANAGED_PKG|tdc_tsw
16:58:12.35 (1568142477)|ENTERING_MANAGED_PKG|tdc_tsw
16:58:12.35 (1568318482)|ENTERING_MANAGED_PKG|tdc_tsw
16:58:12.35 (1568352290)|ENTERING_MANAGED_PKG|tdc_tsw
16:58:12.35 (1568390621)|ENTERING_MANAGED_PKG|tdc_tsw
16:58:12.35 (1568426603)|ENTERING_MANAGED_PKG|tdc_tsw
16:58:12.35 (1568455249)|ENTERING_MANAGED_PKG|tdc_tsw
16:58:12.35 (1568537690)|ENTERING_MANAGED_PKG|tdc_tsw
16:58:12.35 (1568706686)|ENTERING_MANAGED_PKG|tdc_tsw
16:58:12.35 (1568740737)|ENTERING_MANAGED_PKG|tdc_tsw
16:58:12.35 (1568779504)|ENTERING_MANAGED_PKG|tdc_tsw
16:58:12.35 (1568815707)|ENTERING_MANAGED_PKG|tdc_tsw
16:58:12.35 (1568843942)|ENTERING_MANAGED_PKG|tdc_tsw
16:58:12.35 (1568925996)|ENTERING_MANAGED_PKG|tdc_tsw
16:58:12.35 (1573273087)|ENTERING_MANAGED_PKG|tdc_tsw
16:58:12.35 (1573358935)|ENTERING_MANAGED_PKG|tdc_tsw
16:58:12.35 (1573471913)|ENTERING_MANAGED_PKG|tdc_tsw
16:58:12.35 (1573537115)|ENTERING_MANAGED_PKG|tdc_tsw
16:58:12.35 (1573652697)|ENTERING_MANAGED_PKG|tdc_tsw
16:58:12.35 (1573705926)|ENTERING_MANAGED_PKG|tdc_tsw
16:58:12.35 (1573862963)|ENTERING_MANAGED_PKG|tdc_tsw
16:58:12.35 (1573910936)|ENTERING_MANAGED_PKG|tdc_tsw
16:58:12.35 (1574117715)|ENTERING_MANAGED_PKG|tdc_tsw
16:58:12.35 (1629525747)|SOQL_EXECUTE_BEGIN|[1842]|Aggregations:0|SELECT Id, name FROM RecordType WHERE (sObjectType = :tmpVar1 AND name = :tmpVar2) LIMIT 1
16:58:12.35 (1639108456)|SOQL_EXECUTE_END|[1842]|Rows:1
16:58:12.35 (1644120946)|ENTERING_MANAGED_PKG|tdc_tsw
16:58:12.35 (1650931135)|DML_BEGIN|[719]|Op:Insert|Type:tdc_tsw__Message__c|Rows:1
16:58:12.35 (1658159029)|ENTERING_MANAGED_PKG|tdc_tsw
16:58:12.660 (1660050020)|CUMULATIVE_LIMIT_USAGE
16:58:12.660 (1660050020)|LIMIT_USAGE_FOR_NS|(default)|
  Number of SOQL queries: 0 out of 200
  Number of query rows: 0 out of 50000
  Number of SOSL queries: 0 out of 20
  Number of DML statements: 0 out of 150
  Number of DML rows: 0 out of 10000
  Maximum CPU time: 700 out of 60000
  Maximum heap size: 0 out of 12000000
  Number of callouts: 0 out of 100
  Number of Email Invocations: 0 out of 10
  Number of future calls: 0 out of 50
  Number of queueable jobs added to the queue: 0 out of 1
  Number of Mobile Apex push calls: 0 out of 10

16:58:12.660 (1660050020)|LIMIT_USAGE_FOR_NS|tdc_tsw|
  Number of SOQL queries: 1 out of 200
  Number of query rows: 1 out of 50000
  Number of SOSL queries: 0 out of 20
  Number of DML statements: 1 out of 150
  Number of DML rows: 1 out of 10000
  Maximum CPU time: 0 out of 60000
  Maximum heap size: 0 out of 12000000
  Number of callouts: 2 out of 100
  Number of Email Invocations: 0 out of 10
  Number of future calls: 0 out of 50
  Number of queueable jobs added to the queue: 0 out of 1
  Number of Mobile Apex push calls: 0 out of 10

16:58:12.660 (1660050020)|CUMULATIVE_LIMIT_USAGE_END

16:58:12.35 (1669521964)|DML_END|[719]
