44.0 APEX_CODE,FINEST;APEX_PROFILING,INFO;CALLOUT,INFO;DB,INFO;NBA,INFO;SYSTEM,DEBUG;VALIDATION,INFO;VISUALFORCE,INFO;WAVE,INFO;WORKFLOW,INFO
14:01:54.0 (128868)|USER_INFO|[EXTERNAL]|0051H000009gxp8|chanida.dev2@solvedbysoftwareco.com|Eastern Standard Time|GMT-05:00
14:01:54.0 (1660891)|ENTERING_MANAGED_PKG|tdc_tsw
14:01:54.0 (2052233)|ENTERING_MANAGED_PKG|tdc_tsw
14:01:54.0 (5549536)|SOQL_EXECUTE_BEGIN|[16]|Aggregations:0|SELECT id, name, Disable_Incoming_SMS_Sharing__c FROM User WHERE id = :tmpVar1
14:01:54.0 (12695190)|SOQL_EXECUTE_END|[16]|Rows:1
14:01:54.0 (18034199)|SOQL_EXECUTE_BEGIN|[37]|Aggregations:0|SELECT CreatedDate,Created_Date__c,Id,LastModifiedDate,MessageId__c,Message_Text_New__c,Name,OwnerId,Read__c,Related_Object_Id__c,Related_Object__c,Sender_Number__c, Sender_Name__c,ToNumber__c,Attachments_Ids__c FROM Message__c WHERE Name = 'Incoming' AND Read__c = false ORDER BY CreatedDate Desc limit 100
14:01:54.0 (35602508)|SOQL_EXECUTE_END|[37]|Rows:100
14:01:54.0 (52302552)|ENTERING_MANAGED_PKG|tdc_tsw
14:01:54.0 (54019904)|ENTERING_MANAGED_PKG|tdc_tsw
14:01:54.0 (54491365)|ENTERING_MANAGED_PKG|tdc_tsw
14:01:54.0 (55124196)|ENTERING_MANAGED_PKG|tdc_tsw
14:01:54.0 (57681618)|ENTERING_MANAGED_PKG|tdc_tsw
14:01:54.0 (58448467)|ENTERING_MANAGED_PKG|tdc_tsw
14:01:54.0 (58678602)|ENTERING_MANAGED_PKG|tdc_tsw
14:01:54.0 (59077111)|ENTERING_MANAGED_PKG|tdc_tsw
14:01:54.0 (60143361)|ENTERING_MANAGED_PKG|tdc_tsw
14:01:54.0 (60858358)|ENTERING_MANAGED_PKG|tdc_tsw
14:01:54.0 (61092225)|ENTERING_MANAGED_PKG|tdc_tsw
14:01:54.0 (61476635)|ENTERING_MANAGED_PKG|tdc_tsw
14:01:54.0 (62522295)|ENTERING_MANAGED_PKG|tdc_tsw
14:01:54.0 (63298213)|ENTERING_MANAGED_PKG|tdc_tsw
14:01:54.0 (63526721)|ENTERING_MANAGED_PKG|tdc_tsw
14:01:54.0 (63907016)|ENTERING_MANAGED_PKG|tdc_tsw
14:01:54.0 (65009789)|ENTERING_MANAGED_PKG|tdc_tsw
14:01:54.0 (65733129)|ENTERING_MANAGED_PKG|tdc_tsw
14:01:54.0 (65965976)|ENTERING_MANAGED_PKG|tdc_tsw
14:01:54.0 (66350424)|ENTERING_MANAGED_PKG|tdc_tsw
14:01:54.0 (67411873)|ENTERING_MANAGED_PKG|tdc_tsw
14:01:54.0 (68158854)|ENTERING_MANAGED_PKG|tdc_tsw
14:01:54.0 (68362924)|ENTERING_MANAGED_PKG|tdc_tsw
14:01:54.0 (68755403)|ENTERING_MANAGED_PKG|tdc_tsw
14:01:54.0 (69822560)|ENTERING_MANAGED_PKG|tdc_tsw
14:01:54.0 (70543248)|ENTERING_MANAGED_PKG|tdc_tsw
14:01:54.0 (70769251)|ENTERING_MANAGED_PKG|tdc_tsw
14:01:54.0 (71188024)|ENTERING_MANAGED_PKG|tdc_tsw
14:01:54.0 (72258808)|ENTERING_MANAGED_PKG|tdc_tsw
14:01:54.0 (73030037)|ENTERING_MANAGED_PKG|tdc_tsw
14:01:54.0 (73291460)|ENTERING_MANAGED_PKG|tdc_tsw
14:01:54.0 (73704423)|ENTERING_MANAGED_PKG|tdc_tsw
14:01:54.0 (74806264)|ENTERING_MANAGED_PKG|tdc_tsw
14:01:54.0 (75526341)|ENTERING_MANAGED_PKG|tdc_tsw
14:01:54.0 (75753364)|ENTERING_MANAGED_PKG|tdc_tsw
14:01:54.0 (76138172)|ENTERING_MANAGED_PKG|tdc_tsw
14:01:54.0 (77224597)|ENTERING_MANAGED_PKG|tdc_tsw
14:01:54.0 (77942378)|ENTERING_MANAGED_PKG|tdc_tsw
14:01:54.0 (78168404)|ENTERING_MANAGED_PKG|tdc_tsw
14:01:54.0 (78568930)|ENTERING_MANAGED_PKG|tdc_tsw
14:01:54.0 (79620988)|ENTERING_MANAGED_PKG|tdc_tsw
14:01:54.0 (80336768)|ENTERING_MANAGED_PKG|tdc_tsw
14:01:54.0 (80569076)|ENTERING_MANAGED_PKG|tdc_tsw
14:01:54.0 (80953809)|ENTERING_MANAGED_PKG|tdc_tsw
14:01:54.0 (82000569)|ENTERING_MANAGED_PKG|tdc_tsw
14:01:54.0 (82716927)|ENTERING_MANAGED_PKG|tdc_tsw
14:01:54.0 (82947863)|ENTERING_MANAGED_PKG|tdc_tsw
14:01:54.0 (83358384)|ENTERING_MANAGED_PKG|tdc_tsw
14:01:54.0 (84416218)|ENTERING_MANAGED_PKG|tdc_tsw
14:01:54.0 (85133528)|ENTERING_MANAGED_PKG|tdc_tsw
14:01:54.0 (85358965)|ENTERING_MANAGED_PKG|tdc_tsw
14:01:54.0 (85757478)|ENTERING_MANAGED_PKG|tdc_tsw
14:01:54.0 (86820435)|ENTERING_MANAGED_PKG|tdc_tsw
14:01:54.0 (87547002)|ENTERING_MANAGED_PKG|tdc_tsw
14:01:54.0 (87772983)|ENTERING_MANAGED_PKG|tdc_tsw
14:01:54.0 (88168942)|ENTERING_MANAGED_PKG|tdc_tsw
14:01:54.0 (89247655)|ENTERING_MANAGED_PKG|tdc_tsw
14:01:54.0 (89991554)|ENTERING_MANAGED_PKG|tdc_tsw
14:01:54.0 (90216466)|ENTERING_MANAGED_PKG|tdc_tsw
14:01:54.0 (90596440)|ENTERING_MANAGED_PKG|tdc_tsw
14:01:54.0 (91643037)|ENTERING_MANAGED_PKG|tdc_tsw
14:01:54.0 (92362963)|ENTERING_MANAGED_PKG|tdc_tsw
14:01:54.0 (92588428)|ENTERING_MANAGED_PKG|tdc_tsw
14:01:54.0 (92971122)|ENTERING_MANAGED_PKG|tdc_tsw
14:01:54.0 (94037467)|ENTERING_MANAGED_PKG|tdc_tsw
14:01:54.0 (94761201)|ENTERING_MANAGED_PKG|tdc_tsw
14:01:54.0 (94992707)|ENTERING_MANAGED_PKG|tdc_tsw
14:01:54.0 (95381730)|ENTERING_MANAGED_PKG|tdc_tsw
14:01:54.0 (96515192)|ENTERING_MANAGED_PKG|tdc_tsw
14:01:54.0 (97264967)|ENTERING_MANAGED_PKG|tdc_tsw
14:01:54.0 (97513015)|ENTERING_MANAGED_PKG|tdc_tsw
14:01:54.0 (97897483)|ENTERING_MANAGED_PKG|tdc_tsw
14:01:54.0 (98960214)|ENTERING_MANAGED_PKG|tdc_tsw
14:01:54.0 (99678505)|ENTERING_MANAGED_PKG|tdc_tsw
14:01:54.0 (99905822)|ENTERING_MANAGED_PKG|tdc_tsw
14:01:54.0 (100288047)|ENTERING_MANAGED_PKG|tdc_tsw
14:01:54.0 (101338953)|ENTERING_MANAGED_PKG|tdc_tsw
14:01:54.0 (102060466)|ENTERING_MANAGED_PKG|tdc_tsw
14:01:54.0 (102285772)|ENTERING_MANAGED_PKG|tdc_tsw
14:01:54.0 (102664859)|ENTERING_MANAGED_PKG|tdc_tsw
14:01:54.0 (103716188)|ENTERING_MANAGED_PKG|tdc_tsw
14:01:54.0 (104473524)|ENTERING_MANAGED_PKG|tdc_tsw
14:01:54.0 (104698794)|ENTERING_MANAGED_PKG|tdc_tsw
14:01:54.0 (105084661)|ENTERING_MANAGED_PKG|tdc_tsw
14:01:54.0 (106148513)|ENTERING_MANAGED_PKG|tdc_tsw
14:01:54.0 (106859980)|ENTERING_MANAGED_PKG|tdc_tsw
14:01:54.0 (107096976)|ENTERING_MANAGED_PKG|tdc_tsw
14:01:54.0 (107479693)|ENTERING_MANAGED_PKG|tdc_tsw
14:01:54.0 (108561008)|ENTERING_MANAGED_PKG|tdc_tsw
14:01:54.0 (109341951)|ENTERING_MANAGED_PKG|tdc_tsw
14:01:54.0 (109567589)|ENTERING_MANAGED_PKG|tdc_tsw
14:01:54.0 (109951665)|ENTERING_MANAGED_PKG|tdc_tsw
14:01:54.0 (111000412)|ENTERING_MANAGED_PKG|tdc_tsw
14:01:54.0 (111715846)|ENTERING_MANAGED_PKG|tdc_tsw
14:01:54.0 (111946886)|ENTERING_MANAGED_PKG|tdc_tsw
14:01:54.0 (112325359)|ENTERING_MANAGED_PKG|tdc_tsw
14:01:54.0 (113404072)|ENTERING_MANAGED_PKG|tdc_tsw
14:01:54.0 (114122476)|ENTERING_MANAGED_PKG|tdc_tsw
14:01:54.0 (114347241)|ENTERING_MANAGED_PKG|tdc_tsw
14:01:54.0 (114723562)|ENTERING_MANAGED_PKG|tdc_tsw
14:01:54.0 (115777324)|ENTERING_MANAGED_PKG|tdc_tsw
14:01:54.0 (116495117)|ENTERING_MANAGED_PKG|tdc_tsw
14:01:54.0 (116727903)|ENTERING_MANAGED_PKG|tdc_tsw
14:01:54.0 (117114976)|ENTERING_MANAGED_PKG|tdc_tsw
14:01:54.0 (118194280)|ENTERING_MANAGED_PKG|tdc_tsw
14:01:54.0 (118913274)|ENTERING_MANAGED_PKG|tdc_tsw
14:01:54.0 (119143382)|ENTERING_MANAGED_PKG|tdc_tsw
14:01:54.0 (119522253)|ENTERING_MANAGED_PKG|tdc_tsw
14:01:54.0 (120580130)|ENTERING_MANAGED_PKG|tdc_tsw
14:01:54.0 (121313593)|ENTERING_MANAGED_PKG|tdc_tsw
14:01:54.0 (121537907)|ENTERING_MANAGED_PKG|tdc_tsw
14:01:54.0 (121914231)|ENTERING_MANAGED_PKG|tdc_tsw
14:01:54.0 (123001548)|ENTERING_MANAGED_PKG|tdc_tsw
14:01:54.0 (123710738)|ENTERING_MANAGED_PKG|tdc_tsw
14:01:54.0 (123940690)|ENTERING_MANAGED_PKG|tdc_tsw
14:01:54.0 (124346066)|ENTERING_MANAGED_PKG|tdc_tsw
14:01:54.0 (125427831)|ENTERING_MANAGED_PKG|tdc_tsw
14:01:54.0 (126198561)|ENTERING_MANAGED_PKG|tdc_tsw
14:01:54.0 (126477622)|ENTERING_MANAGED_PKG|tdc_tsw
14:01:54.0 (127080270)|ENTERING_MANAGED_PKG|tdc_tsw
14:01:54.0 (128598756)|ENTERING_MANAGED_PKG|tdc_tsw
14:01:54.0 (129463316)|ENTERING_MANAGED_PKG|tdc_tsw
14:01:54.0 (129721165)|ENTERING_MANAGED_PKG|tdc_tsw
14:01:54.0 (130186195)|ENTERING_MANAGED_PKG|tdc_tsw
14:01:54.0 (131261217)|ENTERING_MANAGED_PKG|tdc_tsw
14:01:54.0 (131997689)|ENTERING_MANAGED_PKG|tdc_tsw
14:01:54.0 (132226644)|ENTERING_MANAGED_PKG|tdc_tsw
14:01:54.0 (132611336)|ENTERING_MANAGED_PKG|tdc_tsw
14:01:54.0 (133680392)|ENTERING_MANAGED_PKG|tdc_tsw
14:01:54.0 (134435811)|ENTERING_MANAGED_PKG|tdc_tsw
14:01:54.0 (134670140)|ENTERING_MANAGED_PKG|tdc_tsw
14:01:54.0 (135065044)|ENTERING_MANAGED_PKG|tdc_tsw
14:01:54.0 (136198572)|ENTERING_MANAGED_PKG|tdc_tsw
14:01:54.0 (136956880)|ENTERING_MANAGED_PKG|tdc_tsw
14:01:54.0 (137189697)|ENTERING_MANAGED_PKG|tdc_tsw
14:01:54.0 (137566905)|ENTERING_MANAGED_PKG|tdc_tsw
14:01:54.0 (138648996)|ENTERING_MANAGED_PKG|tdc_tsw
14:01:54.0 (139371134)|ENTERING_MANAGED_PKG|tdc_tsw
14:01:54.0 (139598795)|ENTERING_MANAGED_PKG|tdc_tsw
14:01:54.0 (139986818)|ENTERING_MANAGED_PKG|tdc_tsw
14:01:54.0 (141048898)|ENTERING_MANAGED_PKG|tdc_tsw
14:01:54.0 (141790570)|ENTERING_MANAGED_PKG|tdc_tsw
14:01:54.0 (142027261)|ENTERING_MANAGED_PKG|tdc_tsw
14:01:54.0 (142466139)|ENTERING_MANAGED_PKG|tdc_tsw
14:01:54.0 (143521985)|ENTERING_MANAGED_PKG|tdc_tsw
14:01:54.0 (144253642)|ENTERING_MANAGED_PKG|tdc_tsw
14:01:54.0 (144484890)|ENTERING_MANAGED_PKG|tdc_tsw
14:01:54.0 (144861027)|ENTERING_MANAGED_PKG|tdc_tsw
14:01:54.0 (145920447)|ENTERING_MANAGED_PKG|tdc_tsw
14:01:54.0 (146676391)|ENTERING_MANAGED_PKG|tdc_tsw
14:01:54.0 (146907624)|ENTERING_MANAGED_PKG|tdc_tsw
14:01:54.0 (147299027)|ENTERING_MANAGED_PKG|tdc_tsw
14:01:54.0 (148355089)|ENTERING_MANAGED_PKG|tdc_tsw
14:01:54.0 (149091146)|ENTERING_MANAGED_PKG|tdc_tsw
14:01:54.0 (149317250)|ENTERING_MANAGED_PKG|tdc_tsw
14:01:54.0 (149694632)|ENTERING_MANAGED_PKG|tdc_tsw
14:01:54.0 (150757888)|ENTERING_MANAGED_PKG|tdc_tsw
14:01:54.0 (151490924)|ENTERING_MANAGED_PKG|tdc_tsw
14:01:54.0 (151717721)|ENTERING_MANAGED_PKG|tdc_tsw
14:01:54.0 (152105073)|ENTERING_MANAGED_PKG|tdc_tsw
14:01:54.0 (153158690)|ENTERING_MANAGED_PKG|tdc_tsw
14:01:54.0 (153893922)|ENTERING_MANAGED_PKG|tdc_tsw
14:01:54.0 (154147788)|ENTERING_MANAGED_PKG|tdc_tsw
14:01:54.0 (154536689)|ENTERING_MANAGED_PKG|tdc_tsw
14:01:54.0 (155633361)|ENTERING_MANAGED_PKG|tdc_tsw
14:01:54.0 (156357840)|ENTERING_MANAGED_PKG|tdc_tsw
14:01:54.0 (156583200)|ENTERING_MANAGED_PKG|tdc_tsw
14:01:54.0 (157031105)|ENTERING_MANAGED_PKG|tdc_tsw
14:01:54.0 (158083729)|ENTERING_MANAGED_PKG|tdc_tsw
14:01:54.0 (158793568)|ENTERING_MANAGED_PKG|tdc_tsw
14:01:54.0 (159027263)|ENTERING_MANAGED_PKG|tdc_tsw
14:01:54.0 (159724277)|ENTERING_MANAGED_PKG|tdc_tsw
14:01:54.0 (160779347)|ENTERING_MANAGED_PKG|tdc_tsw
14:01:54.0 (161549695)|ENTERING_MANAGED_PKG|tdc_tsw
14:01:54.0 (161775958)|ENTERING_MANAGED_PKG|tdc_tsw
14:01:54.0 (162160933)|ENTERING_MANAGED_PKG|tdc_tsw
14:01:54.0 (163210482)|ENTERING_MANAGED_PKG|tdc_tsw
14:01:54.0 (163919686)|ENTERING_MANAGED_PKG|tdc_tsw
14:01:54.0 (164150458)|ENTERING_MANAGED_PKG|tdc_tsw
14:01:54.0 (164528574)|ENTERING_MANAGED_PKG|tdc_tsw
14:01:54.0 (165585464)|ENTERING_MANAGED_PKG|tdc_tsw
14:01:54.0 (166303435)|ENTERING_MANAGED_PKG|tdc_tsw
14:01:54.0 (166529190)|ENTERING_MANAGED_PKG|tdc_tsw
14:01:54.0 (166907697)|ENTERING_MANAGED_PKG|tdc_tsw
14:01:54.0 (167988586)|ENTERING_MANAGED_PKG|tdc_tsw
14:01:54.0 (168704995)|ENTERING_MANAGED_PKG|tdc_tsw
14:01:54.0 (168935760)|ENTERING_MANAGED_PKG|tdc_tsw
14:01:54.0 (169321340)|ENTERING_MANAGED_PKG|tdc_tsw
14:01:54.0 (170377417)|ENTERING_MANAGED_PKG|tdc_tsw
14:01:54.0 (171103818)|ENTERING_MANAGED_PKG|tdc_tsw
14:01:54.0 (171329769)|ENTERING_MANAGED_PKG|tdc_tsw
14:01:54.0 (171706927)|ENTERING_MANAGED_PKG|tdc_tsw
14:01:54.0 (172759449)|ENTERING_MANAGED_PKG|tdc_tsw
14:01:54.0 (173474910)|ENTERING_MANAGED_PKG|tdc_tsw
14:01:54.0 (173700486)|ENTERING_MANAGED_PKG|tdc_tsw
14:01:54.0 (174085202)|ENTERING_MANAGED_PKG|tdc_tsw
14:01:54.0 (175138882)|ENTERING_MANAGED_PKG|tdc_tsw
14:01:54.0 (175856438)|ENTERING_MANAGED_PKG|tdc_tsw
14:01:54.0 (176087674)|ENTERING_MANAGED_PKG|tdc_tsw
14:01:54.0 (176465512)|ENTERING_MANAGED_PKG|tdc_tsw
14:01:54.0 (177525840)|ENTERING_MANAGED_PKG|tdc_tsw
14:01:54.0 (178247975)|ENTERING_MANAGED_PKG|tdc_tsw
14:01:54.0 (178472415)|ENTERING_MANAGED_PKG|tdc_tsw
14:01:54.0 (178848839)|ENTERING_MANAGED_PKG|tdc_tsw
14:01:54.0 (179899034)|ENTERING_MANAGED_PKG|tdc_tsw
14:01:54.0 (180629396)|ENTERING_MANAGED_PKG|tdc_tsw
14:01:54.0 (180861007)|ENTERING_MANAGED_PKG|tdc_tsw
14:01:54.0 (181246176)|ENTERING_MANAGED_PKG|tdc_tsw
14:01:54.0 (182295221)|ENTERING_MANAGED_PKG|tdc_tsw
14:01:54.0 (183020007)|ENTERING_MANAGED_PKG|tdc_tsw
14:01:54.0 (183245719)|ENTERING_MANAGED_PKG|tdc_tsw
14:01:54.0 (183636393)|ENTERING_MANAGED_PKG|tdc_tsw
14:01:54.0 (184682957)|ENTERING_MANAGED_PKG|tdc_tsw
14:01:54.0 (185406281)|ENTERING_MANAGED_PKG|tdc_tsw
14:01:54.0 (185631530)|ENTERING_MANAGED_PKG|tdc_tsw
14:01:54.0 (186018154)|ENTERING_MANAGED_PKG|tdc_tsw
14:01:54.0 (187071591)|ENTERING_MANAGED_PKG|tdc_tsw
14:01:54.0 (187846179)|ENTERING_MANAGED_PKG|tdc_tsw
14:01:54.0 (188079563)|ENTERING_MANAGED_PKG|tdc_tsw
14:01:54.0 (188465819)|ENTERING_MANAGED_PKG|tdc_tsw
14:01:54.0 (189514369)|ENTERING_MANAGED_PKG|tdc_tsw
14:01:54.0 (190240336)|ENTERING_MANAGED_PKG|tdc_tsw
14:01:54.0 (190465084)|ENTERING_MANAGED_PKG|tdc_tsw
14:01:54.0 (190847676)|ENTERING_MANAGED_PKG|tdc_tsw
14:01:54.0 (191904858)|ENTERING_MANAGED_PKG|tdc_tsw
14:01:54.0 (192624269)|ENTERING_MANAGED_PKG|tdc_tsw
14:01:54.0 (192849712)|ENTERING_MANAGED_PKG|tdc_tsw
14:01:54.0 (193238955)|ENTERING_MANAGED_PKG|tdc_tsw
14:01:54.0 (194289793)|ENTERING_MANAGED_PKG|tdc_tsw
14:01:54.0 (195004260)|ENTERING_MANAGED_PKG|tdc_tsw
14:01:54.0 (195229948)|ENTERING_MANAGED_PKG|tdc_tsw
14:01:54.0 (195608155)|ENTERING_MANAGED_PKG|tdc_tsw
14:01:54.0 (196660844)|ENTERING_MANAGED_PKG|tdc_tsw
14:01:54.0 (197375969)|ENTERING_MANAGED_PKG|tdc_tsw
14:01:54.0 (197601021)|ENTERING_MANAGED_PKG|tdc_tsw
14:01:54.0 (197984477)|ENTERING_MANAGED_PKG|tdc_tsw
14:01:54.0 (199054702)|ENTERING_MANAGED_PKG|tdc_tsw
14:01:54.0 (199771161)|ENTERING_MANAGED_PKG|tdc_tsw
14:01:54.0 (200005159)|ENTERING_MANAGED_PKG|tdc_tsw
14:01:54.0 (200382806)|ENTERING_MANAGED_PKG|tdc_tsw
14:01:54.0 (201448816)|ENTERING_MANAGED_PKG|tdc_tsw
14:01:54.0 (202162995)|ENTERING_MANAGED_PKG|tdc_tsw
14:01:54.0 (202387719)|ENTERING_MANAGED_PKG|tdc_tsw
14:01:54.0 (202776706)|ENTERING_MANAGED_PKG|tdc_tsw
14:01:54.0 (203828356)|ENTERING_MANAGED_PKG|tdc_tsw
14:01:54.0 (204545856)|ENTERING_MANAGED_PKG|tdc_tsw
14:01:54.0 (204745002)|ENTERING_MANAGED_PKG|tdc_tsw
14:01:54.0 (205162263)|ENTERING_MANAGED_PKG|tdc_tsw
14:01:54.0 (206336249)|ENTERING_MANAGED_PKG|tdc_tsw
14:01:54.0 (207081352)|ENTERING_MANAGED_PKG|tdc_tsw
14:01:54.0 (207153808)|ENTERING_MANAGED_PKG|tdc_tsw
14:01:54.0 (207741229)|SOQL_EXECUTE_BEGIN|[200]|Aggregations:0|SELECT Name, NamespacePrefix, SystemModStamp FROM StaticResource WHERE Name LIKE :tmpVar1 LIMIT 10
14:01:54.0 (212764361)|SOQL_EXECUTE_END|[200]|Rows:1
14:01:54.0 (213613610)|ENTERING_MANAGED_PKG|tdc_tsw
14:01:54.0 (214010037)|SOQL_EXECUTE_BEGIN|[200]|Aggregations:0|SELECT Name, NamespacePrefix, SystemModStamp FROM StaticResource WHERE Name LIKE :tmpVar1 LIMIT 10
14:01:54.0 (220889151)|SOQL_EXECUTE_END|[200]|Rows:1
14:01:54.0 (221349252)|ENTERING_MANAGED_PKG|tdc_tsw
14:01:54.0 (224789744)|ENTERING_MANAGED_PKG|tdc_tsw
14:01:54.0 (226312991)|ENTERING_MANAGED_PKG|tdc_tsw
14:01:54.0 (226611432)|ENTERING_MANAGED_PKG|tdc_tsw
14:01:54.0 (227420730)|ENTERING_MANAGED_PKG|tdc_tsw
14:01:54.0 (227873647)|SOQL_EXECUTE_BEGIN|[200]|Aggregations:0|SELECT Name, NamespacePrefix, SystemModStamp FROM StaticResource WHERE Name LIKE :tmpVar1 LIMIT 10
14:01:54.0 (230811831)|SOQL_EXECUTE_END|[200]|Rows:1
14:01:54.241 (241265777)|USER_INFO|[EXTERNAL]|0051H000009gxp8|chanida.dev2@solvedbysoftwareco.com|Eastern Standard Time|GMT-05:00
14:01:54.241 (242616836)|ENTERING_MANAGED_PKG|tdc_tsw
14:01:54.241 (242829363)|ENTERING_MANAGED_PKG|tdc_tsw
14:01:54.241 (245416004)|SOQL_EXECUTE_BEGIN|[355]|Aggregations:0|SELECT id, name, Disable_Incoming_SMS_Sharing__c FROM User WHERE id = :tmpVar1
14:01:54.241 (251860516)|SOQL_EXECUTE_END|[355]|Rows:1
14:01:54.241 (252876542)|SOQL_EXECUTE_BEGIN|[367]|Aggregations:0|SELECT CreatedDate,Id,LastModifiedDate,Related_Object_Id__c FROM Message__c WHERE Name = 'Incoming' AND Read__c = false ORDER BY CreatedDate Desc limit 100
14:01:54.241 (261874833)|SOQL_EXECUTE_END|[367]|Rows:100
