44.0 APEX_CODE,FINEST;APEX_PROFILING,INFO;CALLOUT,INFO;DB,INFO;NBA,INFO;SYSTEM,DEBUG;VALIDATION,INFO;VISUALFORCE,INFO;WAVE,INFO;WORKFLOW,INFO
22:44:37.0 (138840)|USER_INFO|[EXTERNAL]|0051H000009gxp8|chanida.dev2@solvedbysoftwareco.com|Eastern Standard Time|GMT-05:00
22:44:37.0 (2231230)|ENTERING_MANAGED_PKG|tdc_tsw
22:44:37.0 (2627265)|ENTERING_MANAGED_PKG|tdc_tsw
22:44:37.0 (5954106)|SOQL_EXECUTE_BEGIN|[16]|Aggregations:0|SELECT id, name, Disable_Incoming_SMS_Sharing__c FROM User WHERE id = :tmpVar1
22:44:37.0 (12527349)|SOQL_EXECUTE_END|[16]|Rows:1
22:44:37.0 (17650053)|SOQL_EXECUTE_BEGIN|[37]|Aggregations:0|SELECT CreatedDate,Created_Date__c,Id,LastModifiedDate,MessageId__c,Message_Text_New__c,Name,OwnerId,Read__c,Related_Object_Id__c,Related_Object__c,Sender_Number__c, Sender_Name__c,ToNumber__c,Attachments_Ids__c FROM Message__c WHERE Name = 'Incoming' AND Read__c = false ORDER BY CreatedDate Desc limit 100
22:44:37.0 (33309616)|SOQL_EXECUTE_END|[37]|Rows:100
22:44:37.0 (53043521)|ENTERING_MANAGED_PKG|tdc_tsw
22:44:37.0 (54886849)|ENTERING_MANAGED_PKG|tdc_tsw
22:44:37.0 (55343966)|ENTERING_MANAGED_PKG|tdc_tsw
22:44:37.0 (56007743)|ENTERING_MANAGED_PKG|tdc_tsw
22:44:37.0 (59117969)|ENTERING_MANAGED_PKG|tdc_tsw
22:44:37.0 (59876775)|ENTERING_MANAGED_PKG|tdc_tsw
22:44:37.0 (60191864)|ENTERING_MANAGED_PKG|tdc_tsw
22:44:37.0 (60562330)|ENTERING_MANAGED_PKG|tdc_tsw
22:44:37.0 (61659341)|ENTERING_MANAGED_PKG|tdc_tsw
22:44:37.0 (62452662)|ENTERING_MANAGED_PKG|tdc_tsw
22:44:37.0 (62680039)|ENTERING_MANAGED_PKG|tdc_tsw
22:44:37.0 (63071939)|ENTERING_MANAGED_PKG|tdc_tsw
22:44:37.0 (64139841)|ENTERING_MANAGED_PKG|tdc_tsw
22:44:37.0 (65131692)|ENTERING_MANAGED_PKG|tdc_tsw
22:44:37.0 (65360679)|ENTERING_MANAGED_PKG|tdc_tsw
22:44:37.0 (65778976)|ENTERING_MANAGED_PKG|tdc_tsw
22:44:37.0 (66864080)|ENTERING_MANAGED_PKG|tdc_tsw
22:44:37.0 (67954349)|ENTERING_MANAGED_PKG|tdc_tsw
22:44:37.0 (68309188)|ENTERING_MANAGED_PKG|tdc_tsw
22:44:37.0 (68964503)|ENTERING_MANAGED_PKG|tdc_tsw
22:44:37.0 (70667208)|ENTERING_MANAGED_PKG|tdc_tsw
22:44:37.0 (71802836)|ENTERING_MANAGED_PKG|tdc_tsw
22:44:37.0 (72154285)|ENTERING_MANAGED_PKG|tdc_tsw
22:44:37.0 (72694512)|ENTERING_MANAGED_PKG|tdc_tsw
22:44:37.0 (73960435)|ENTERING_MANAGED_PKG|tdc_tsw
22:44:37.0 (74690996)|ENTERING_MANAGED_PKG|tdc_tsw
22:44:37.0 (74927802)|ENTERING_MANAGED_PKG|tdc_tsw
22:44:37.0 (75298203)|ENTERING_MANAGED_PKG|tdc_tsw
22:44:37.0 (76314006)|ENTERING_MANAGED_PKG|tdc_tsw
22:44:37.0 (77033836)|ENTERING_MANAGED_PKG|tdc_tsw
22:44:37.0 (77249434)|ENTERING_MANAGED_PKG|tdc_tsw
22:44:37.0 (77627782)|ENTERING_MANAGED_PKG|tdc_tsw
22:44:37.0 (78644091)|ENTERING_MANAGED_PKG|tdc_tsw
22:44:37.0 (79363588)|ENTERING_MANAGED_PKG|tdc_tsw
22:44:37.0 (79577858)|ENTERING_MANAGED_PKG|tdc_tsw
22:44:37.0 (79953931)|ENTERING_MANAGED_PKG|tdc_tsw
22:44:37.0 (81011661)|ENTERING_MANAGED_PKG|tdc_tsw
22:44:37.0 (81783539)|ENTERING_MANAGED_PKG|tdc_tsw
22:44:37.0 (82034713)|ENTERING_MANAGED_PKG|tdc_tsw
22:44:37.0 (82420550)|ENTERING_MANAGED_PKG|tdc_tsw
22:44:37.0 (83548119)|ENTERING_MANAGED_PKG|tdc_tsw
22:44:37.0 (84363745)|ENTERING_MANAGED_PKG|tdc_tsw
22:44:37.0 (84592180)|ENTERING_MANAGED_PKG|tdc_tsw
22:44:37.0 (84974180)|ENTERING_MANAGED_PKG|tdc_tsw
22:44:37.0 (85983247)|ENTERING_MANAGED_PKG|tdc_tsw
22:44:37.0 (86871941)|ENTERING_MANAGED_PKG|tdc_tsw
22:44:37.0 (87263653)|ENTERING_MANAGED_PKG|tdc_tsw
22:44:37.0 (88009332)|ENTERING_MANAGED_PKG|tdc_tsw
22:44:37.0 (89474404)|ENTERING_MANAGED_PKG|tdc_tsw
22:44:37.0 (90210180)|ENTERING_MANAGED_PKG|tdc_tsw
22:44:37.0 (90426947)|ENTERING_MANAGED_PKG|tdc_tsw
22:44:37.0 (90797806)|ENTERING_MANAGED_PKG|tdc_tsw
22:44:37.0 (91976732)|ENTERING_MANAGED_PKG|tdc_tsw
22:44:37.0 (92729557)|ENTERING_MANAGED_PKG|tdc_tsw
22:44:37.0 (92996080)|ENTERING_MANAGED_PKG|tdc_tsw
22:44:37.0 (93366330)|ENTERING_MANAGED_PKG|tdc_tsw
22:44:37.0 (94385723)|ENTERING_MANAGED_PKG|tdc_tsw
22:44:37.0 (95108478)|ENTERING_MANAGED_PKG|tdc_tsw
22:44:37.0 (95323778)|ENTERING_MANAGED_PKG|tdc_tsw
22:44:37.0 (95691902)|ENTERING_MANAGED_PKG|tdc_tsw
22:44:37.0 (96696844)|ENTERING_MANAGED_PKG|tdc_tsw
22:44:37.0 (97415047)|ENTERING_MANAGED_PKG|tdc_tsw
22:44:37.0 (97630405)|ENTERING_MANAGED_PKG|tdc_tsw
22:44:37.0 (98008079)|ENTERING_MANAGED_PKG|tdc_tsw
22:44:37.0 (99010737)|ENTERING_MANAGED_PKG|tdc_tsw
22:44:37.0 (99722590)|ENTERING_MANAGED_PKG|tdc_tsw
22:44:37.0 (99942642)|ENTERING_MANAGED_PKG|tdc_tsw
22:44:37.0 (100307978)|ENTERING_MANAGED_PKG|tdc_tsw
22:44:37.0 (101323109)|ENTERING_MANAGED_PKG|tdc_tsw
22:44:37.0 (102054337)|ENTERING_MANAGED_PKG|tdc_tsw
22:44:37.0 (102268084)|ENTERING_MANAGED_PKG|tdc_tsw
22:44:37.0 (102634781)|ENTERING_MANAGED_PKG|tdc_tsw
22:44:37.0 (103635679)|ENTERING_MANAGED_PKG|tdc_tsw
22:44:37.0 (104352611)|ENTERING_MANAGED_PKG|tdc_tsw
22:44:37.0 (104566720)|ENTERING_MANAGED_PKG|tdc_tsw
22:44:37.0 (104942593)|ENTERING_MANAGED_PKG|tdc_tsw
22:44:37.0 (105941720)|ENTERING_MANAGED_PKG|tdc_tsw
22:44:37.0 (106756857)|ENTERING_MANAGED_PKG|tdc_tsw
22:44:37.0 (106983195)|ENTERING_MANAGED_PKG|tdc_tsw
22:44:37.0 (107350711)|ENTERING_MANAGED_PKG|tdc_tsw
22:44:37.0 (108483017)|ENTERING_MANAGED_PKG|tdc_tsw
22:44:37.0 (109252657)|ENTERING_MANAGED_PKG|tdc_tsw
22:44:37.0 (109467977)|ENTERING_MANAGED_PKG|tdc_tsw
22:44:37.0 (109842100)|ENTERING_MANAGED_PKG|tdc_tsw
22:44:37.0 (110979135)|ENTERING_MANAGED_PKG|tdc_tsw
22:44:37.0 (111978785)|ENTERING_MANAGED_PKG|tdc_tsw
22:44:37.0 (112379935)|ENTERING_MANAGED_PKG|tdc_tsw
22:44:37.0 (113045421)|ENTERING_MANAGED_PKG|tdc_tsw
22:44:37.0 (114150275)|ENTERING_MANAGED_PKG|tdc_tsw
22:44:37.0 (114886644)|ENTERING_MANAGED_PKG|tdc_tsw
22:44:37.0 (115101194)|ENTERING_MANAGED_PKG|tdc_tsw
22:44:37.0 (115465984)|ENTERING_MANAGED_PKG|tdc_tsw
22:44:37.0 (116478439)|ENTERING_MANAGED_PKG|tdc_tsw
22:44:37.0 (117510333)|ENTERING_MANAGED_PKG|tdc_tsw
22:44:37.0 (117890533)|ENTERING_MANAGED_PKG|tdc_tsw
22:44:37.0 (118597079)|ENTERING_MANAGED_PKG|tdc_tsw
22:44:37.0 (120423363)|ENTERING_MANAGED_PKG|tdc_tsw
22:44:37.0 (121705741)|ENTERING_MANAGED_PKG|tdc_tsw
22:44:37.0 (122090033)|ENTERING_MANAGED_PKG|tdc_tsw
22:44:37.0 (122786079)|ENTERING_MANAGED_PKG|tdc_tsw
22:44:37.0 (124608355)|ENTERING_MANAGED_PKG|tdc_tsw
22:44:37.0 (125905273)|ENTERING_MANAGED_PKG|tdc_tsw
22:44:37.0 (126291219)|ENTERING_MANAGED_PKG|tdc_tsw
22:44:37.0 (127020951)|ENTERING_MANAGED_PKG|tdc_tsw
22:44:37.0 (128882378)|ENTERING_MANAGED_PKG|tdc_tsw
22:44:37.0 (130149742)|ENTERING_MANAGED_PKG|tdc_tsw
22:44:37.0 (130522972)|ENTERING_MANAGED_PKG|tdc_tsw
22:44:37.0 (131228027)|ENTERING_MANAGED_PKG|tdc_tsw
22:44:37.0 (133084537)|ENTERING_MANAGED_PKG|tdc_tsw
22:44:37.0 (134388190)|ENTERING_MANAGED_PKG|tdc_tsw
22:44:37.0 (134781523)|ENTERING_MANAGED_PKG|tdc_tsw
22:44:37.0 (135517839)|ENTERING_MANAGED_PKG|tdc_tsw
22:44:37.0 (137417662)|ENTERING_MANAGED_PKG|tdc_tsw
22:44:37.0 (138731398)|ENTERING_MANAGED_PKG|tdc_tsw
22:44:37.0 (139133429)|ENTERING_MANAGED_PKG|tdc_tsw
22:44:37.0 (139885301)|ENTERING_MANAGED_PKG|tdc_tsw
22:44:37.0 (141833773)|ENTERING_MANAGED_PKG|tdc_tsw
22:44:37.0 (143152105)|ENTERING_MANAGED_PKG|tdc_tsw
22:44:37.0 (143543393)|ENTERING_MANAGED_PKG|tdc_tsw
22:44:37.0 (144282944)|ENTERING_MANAGED_PKG|tdc_tsw
22:44:37.0 (146189196)|ENTERING_MANAGED_PKG|tdc_tsw
22:44:37.0 (147514761)|ENTERING_MANAGED_PKG|tdc_tsw
22:44:37.0 (147918356)|ENTERING_MANAGED_PKG|tdc_tsw
22:44:37.0 (148647789)|ENTERING_MANAGED_PKG|tdc_tsw
22:44:37.0 (150550413)|ENTERING_MANAGED_PKG|tdc_tsw
22:44:37.0 (151786222)|ENTERING_MANAGED_PKG|tdc_tsw
22:44:37.0 (152138859)|ENTERING_MANAGED_PKG|tdc_tsw
22:44:37.0 (152759094)|ENTERING_MANAGED_PKG|tdc_tsw
22:44:37.0 (154431988)|ENTERING_MANAGED_PKG|tdc_tsw
22:44:37.0 (155521409)|ENTERING_MANAGED_PKG|tdc_tsw
22:44:37.0 (155858542)|ENTERING_MANAGED_PKG|tdc_tsw
22:44:37.0 (156447442)|ENTERING_MANAGED_PKG|tdc_tsw
22:44:37.0 (158016715)|ENTERING_MANAGED_PKG|tdc_tsw
22:44:37.0 (159106778)|ENTERING_MANAGED_PKG|tdc_tsw
22:44:37.0 (159436626)|ENTERING_MANAGED_PKG|tdc_tsw
22:44:37.0 (160032628)|ENTERING_MANAGED_PKG|tdc_tsw
22:44:37.0 (161606163)|ENTERING_MANAGED_PKG|tdc_tsw
22:44:37.0 (162680463)|ENTERING_MANAGED_PKG|tdc_tsw
22:44:37.0 (163018510)|ENTERING_MANAGED_PKG|tdc_tsw
22:44:37.0 (163605182)|ENTERING_MANAGED_PKG|tdc_tsw
22:44:37.0 (165237969)|ENTERING_MANAGED_PKG|tdc_tsw
22:44:37.0 (166234518)|ENTERING_MANAGED_PKG|tdc_tsw
22:44:37.0 (166539766)|ENTERING_MANAGED_PKG|tdc_tsw
22:44:37.0 (167131830)|ENTERING_MANAGED_PKG|tdc_tsw
22:44:37.0 (168535607)|ENTERING_MANAGED_PKG|tdc_tsw
22:44:37.0 (169493244)|ENTERING_MANAGED_PKG|tdc_tsw
22:44:37.0 (169751034)|ENTERING_MANAGED_PKG|tdc_tsw
22:44:37.0 (170280398)|ENTERING_MANAGED_PKG|tdc_tsw
22:44:37.0 (171635904)|ENTERING_MANAGED_PKG|tdc_tsw
22:44:37.0 (172588979)|ENTERING_MANAGED_PKG|tdc_tsw
22:44:37.0 (172879876)|ENTERING_MANAGED_PKG|tdc_tsw
22:44:37.0 (173382505)|ENTERING_MANAGED_PKG|tdc_tsw
22:44:37.0 (174732356)|ENTERING_MANAGED_PKG|tdc_tsw
22:44:37.0 (175700526)|ENTERING_MANAGED_PKG|tdc_tsw
22:44:37.0 (175964104)|ENTERING_MANAGED_PKG|tdc_tsw
22:44:37.0 (176465934)|ENTERING_MANAGED_PKG|tdc_tsw
22:44:37.0 (177883708)|ENTERING_MANAGED_PKG|tdc_tsw
22:44:37.0 (178695903)|ENTERING_MANAGED_PKG|tdc_tsw
22:44:37.0 (178778305)|ENTERING_MANAGED_PKG|tdc_tsw
22:44:37.0 (179422506)|SOQL_EXECUTE_BEGIN|[200]|Aggregations:0|SELECT Name, NamespacePrefix, SystemModStamp FROM StaticResource WHERE Name LIKE :tmpVar1 LIMIT 10
22:44:37.0 (182982115)|SOQL_EXECUTE_END|[200]|Rows:1
22:44:37.0 (183658421)|ENTERING_MANAGED_PKG|tdc_tsw
22:44:37.0 (183990276)|SOQL_EXECUTE_BEGIN|[200]|Aggregations:0|SELECT Name, NamespacePrefix, SystemModStamp FROM StaticResource WHERE Name LIKE :tmpVar1 LIMIT 10
22:44:37.0 (186026388)|SOQL_EXECUTE_END|[200]|Rows:1
22:44:37.0 (186408437)|ENTERING_MANAGED_PKG|tdc_tsw
22:44:37.0 (199758709)|ENTERING_MANAGED_PKG|tdc_tsw
22:44:37.0 (201540151)|ENTERING_MANAGED_PKG|tdc_tsw
22:44:37.0 (201822961)|ENTERING_MANAGED_PKG|tdc_tsw
22:44:37.0 (202613790)|ENTERING_MANAGED_PKG|tdc_tsw
22:44:37.0 (203063262)|SOQL_EXECUTE_BEGIN|[200]|Aggregations:0|SELECT Name, NamespacePrefix, SystemModStamp FROM StaticResource WHERE Name LIKE :tmpVar1 LIMIT 10
22:44:37.0 (205894335)|SOQL_EXECUTE_END|[200]|Rows:1
22:44:37.214 (214310636)|USER_INFO|[EXTERNAL]|0051H000009gxp8|chanida.dev2@solvedbysoftwareco.com|Eastern Standard Time|GMT-05:00
22:44:37.214 (215990248)|ENTERING_MANAGED_PKG|tdc_tsw
22:44:37.214 (216145257)|ENTERING_MANAGED_PKG|tdc_tsw
22:44:37.214 (218545579)|SOQL_EXECUTE_BEGIN|[355]|Aggregations:0|SELECT id, name, Disable_Incoming_SMS_Sharing__c FROM User WHERE id = :tmpVar1
22:44:37.214 (223931099)|SOQL_EXECUTE_END|[355]|Rows:1
22:44:37.214 (224924084)|SOQL_EXECUTE_BEGIN|[367]|Aggregations:0|SELECT CreatedDate,Id,LastModifiedDate,Related_Object_Id__c FROM Message__c WHERE Name = 'Incoming' AND Read__c = false ORDER BY CreatedDate Desc limit 100
22:44:37.214 (232373550)|SOQL_EXECUTE_END|[367]|Rows:100
