44.0 APEX_CODE,FINEST;APEX_PROFILING,INFO;CALLOUT,INFO;DB,INFO;NBA,INFO;SYSTEM,DEBUG;VALIDATION,INFO;VISUALFORCE,INFO;WAVE,INFO;WORKFLOW,INFO
21:21:03.0 (174218)|USER_INFO|[EXTERNAL]|0051H000009gxp8|chanida.dev2@solvedbysoftwareco.com|Eastern Standard Time|GMT-05:00
21:21:03.0 (1811561)|ENTERING_MANAGED_PKG|tdc_tsw
21:21:03.0 (2481455)|ENTERING_MANAGED_PKG|tdc_tsw
21:21:03.0 (6831159)|SOQL_EXECUTE_BEGIN|[16]|Aggregations:0|SELECT id, name, Disable_Incoming_SMS_Sharing__c FROM User WHERE id = :tmpVar1
21:21:03.0 (14521499)|SOQL_EXECUTE_END|[16]|Rows:1
21:21:03.0 (20377750)|SOQL_EXECUTE_BEGIN|[37]|Aggregations:0|SELECT CreatedDate,Created_Date__c,Id,LastModifiedDate,MessageId__c,Message_Text_New__c,Name,OwnerId,Read__c,Related_Object_Id__c,Related_Object__c,Sender_Number__c, Sender_Name__c,ToNumber__c,Attachments_Ids__c FROM Message__c WHERE Name = 'Incoming' AND Read__c = false ORDER BY CreatedDate Desc limit 100
21:21:03.0 (31921610)|SOQL_EXECUTE_END|[37]|Rows:16
21:21:03.0 (37478845)|ENTERING_MANAGED_PKG|tdc_tsw
21:21:03.0 (39758334)|ENTERING_MANAGED_PKG|tdc_tsw
21:21:03.0 (40384401)|ENTERING_MANAGED_PKG|tdc_tsw
21:21:03.0 (41373514)|ENTERING_MANAGED_PKG|tdc_tsw
21:21:03.0 (44521968)|ENTERING_MANAGED_PKG|tdc_tsw
21:21:03.0 (45367057)|ENTERING_MANAGED_PKG|tdc_tsw
21:21:03.0 (45624541)|ENTERING_MANAGED_PKG|tdc_tsw
21:21:03.0 (46052002)|ENTERING_MANAGED_PKG|tdc_tsw
21:21:03.0 (47119166)|ENTERING_MANAGED_PKG|tdc_tsw
21:21:03.0 (47867129)|ENTERING_MANAGED_PKG|tdc_tsw
21:21:03.0 (48100019)|ENTERING_MANAGED_PKG|tdc_tsw
21:21:03.0 (48477775)|ENTERING_MANAGED_PKG|tdc_tsw
21:21:03.0 (49664517)|ENTERING_MANAGED_PKG|tdc_tsw
21:21:03.0 (50428823)|ENTERING_MANAGED_PKG|tdc_tsw
21:21:03.0 (50515313)|ENTERING_MANAGED_PKG|tdc_tsw
21:21:03.0 (51097119)|SOQL_EXECUTE_BEGIN|[200]|Aggregations:0|SELECT Name, NamespacePrefix, SystemModStamp FROM StaticResource WHERE Name LIKE :tmpVar1 LIMIT 10
21:21:03.0 (54084522)|SOQL_EXECUTE_END|[200]|Rows:1
21:21:03.0 (55043046)|ENTERING_MANAGED_PKG|tdc_tsw
21:21:03.0 (55449220)|SOQL_EXECUTE_BEGIN|[200]|Aggregations:0|SELECT Name, NamespacePrefix, SystemModStamp FROM StaticResource WHERE Name LIKE :tmpVar1 LIMIT 10
21:21:03.0 (57811310)|SOQL_EXECUTE_END|[200]|Rows:1
21:21:03.0 (58205001)|ENTERING_MANAGED_PKG|tdc_tsw
21:21:03.0 (61717821)|ENTERING_MANAGED_PKG|tdc_tsw
21:21:03.0 (63180895)|ENTERING_MANAGED_PKG|tdc_tsw
21:21:03.0 (63489260)|ENTERING_MANAGED_PKG|tdc_tsw
21:21:03.0 (64348702)|ENTERING_MANAGED_PKG|tdc_tsw
21:21:03.0 (64746790)|SOQL_EXECUTE_BEGIN|[200]|Aggregations:0|SELECT Name, NamespacePrefix, SystemModStamp FROM StaticResource WHERE Name LIKE :tmpVar1 LIMIT 10
21:21:03.0 (67485285)|SOQL_EXECUTE_END|[200]|Rows:1
21:21:03.72 (72940582)|USER_INFO|[EXTERNAL]|0051H000009gxp8|chanida.dev2@solvedbysoftwareco.com|Eastern Standard Time|GMT-05:00
21:21:03.72 (74263264)|ENTERING_MANAGED_PKG|tdc_tsw
21:21:03.72 (74503774)|ENTERING_MANAGED_PKG|tdc_tsw
21:21:03.72 (77034319)|SOQL_EXECUTE_BEGIN|[355]|Aggregations:0|SELECT id, name, Disable_Incoming_SMS_Sharing__c FROM User WHERE id = :tmpVar1
21:21:03.72 (83052114)|SOQL_EXECUTE_END|[355]|Rows:1
21:21:03.72 (84133112)|SOQL_EXECUTE_BEGIN|[367]|Aggregations:0|SELECT CreatedDate,Id,LastModifiedDate,Related_Object_Id__c FROM Message__c WHERE Name = 'Incoming' AND Read__c = false ORDER BY CreatedDate Desc limit 100
21:21:03.72 (89904542)|SOQL_EXECUTE_END|[367]|Rows:16
