44.0 APEX_CODE,FINEST;APEX_PROFILING,INFO;CALLOUT,INFO;DB,INFO;NBA,INFO;SYSTEM,DEBUG;VALIDATION,INFO;VISUALFORCE,INFO;WAVE,INFO;WORKFLOW,INFO
19:34:08.0 (112321)|USER_INFO|[EXTERNAL]|0051H000009gxp8|chanida.dev2@solvedbysoftwareco.com|Eastern Standard Time|GMT-05:00
19:34:08.0 (1792609)|ENTERING_MANAGED_PKG|tdc_tsw
19:34:08.0 (2182264)|ENTERING_MANAGED_PKG|tdc_tsw
19:34:08.0 (7805682)|SOQL_EXECUTE_BEGIN|[16]|Aggregations:0|SELECT id, name, Disable_Incoming_SMS_Sharing__c FROM User WHERE id = :tmpVar1
19:34:08.0 (15168225)|SOQL_EXECUTE_END|[16]|Rows:1
19:34:08.0 (22299208)|SOQL_EXECUTE_BEGIN|[37]|Aggregations:0|SELECT CreatedDate,Created_Date__c,Id,LastModifiedDate,MessageId__c,Message_Text_New__c,Name,OwnerId,Read__c,Related_Object_Id__c,Related_Object__c,Sender_Number__c, Sender_Name__c,ToNumber__c,Attachments_Ids__c FROM Message__c WHERE Name = 'Incoming' AND Read__c = false ORDER BY CreatedDate Desc limit 100
19:34:08.0 (37492929)|SOQL_EXECUTE_END|[37]|Rows:75
19:34:08.0 (51031738)|ENTERING_MANAGED_PKG|tdc_tsw
19:34:08.0 (52777030)|ENTERING_MANAGED_PKG|tdc_tsw
19:34:08.0 (53290225)|ENTERING_MANAGED_PKG|tdc_tsw
19:34:08.0 (53987110)|ENTERING_MANAGED_PKG|tdc_tsw
19:34:08.0 (57005200)|ENTERING_MANAGED_PKG|tdc_tsw
19:34:08.0 (57853498)|ENTERING_MANAGED_PKG|tdc_tsw
19:34:08.0 (58076999)|ENTERING_MANAGED_PKG|tdc_tsw
19:34:08.0 (58486966)|ENTERING_MANAGED_PKG|tdc_tsw
19:34:08.0 (59627899)|ENTERING_MANAGED_PKG|tdc_tsw
19:34:08.0 (60419982)|ENTERING_MANAGED_PKG|tdc_tsw
19:34:08.0 (60663896)|ENTERING_MANAGED_PKG|tdc_tsw
19:34:08.0 (61091859)|ENTERING_MANAGED_PKG|tdc_tsw
19:34:08.0 (62232355)|ENTERING_MANAGED_PKG|tdc_tsw
19:34:08.0 (63032697)|ENTERING_MANAGED_PKG|tdc_tsw
19:34:08.0 (63244346)|ENTERING_MANAGED_PKG|tdc_tsw
19:34:08.0 (63657495)|ENTERING_MANAGED_PKG|tdc_tsw
19:34:08.0 (64808615)|ENTERING_MANAGED_PKG|tdc_tsw
19:34:08.0 (65600775)|ENTERING_MANAGED_PKG|tdc_tsw
19:34:08.0 (65826883)|ENTERING_MANAGED_PKG|tdc_tsw
19:34:08.0 (66242572)|ENTERING_MANAGED_PKG|tdc_tsw
19:34:08.0 (67431162)|ENTERING_MANAGED_PKG|tdc_tsw
19:34:08.0 (68241748)|ENTERING_MANAGED_PKG|tdc_tsw
19:34:08.0 (68486128)|ENTERING_MANAGED_PKG|tdc_tsw
19:34:08.0 (69205269)|ENTERING_MANAGED_PKG|tdc_tsw
19:34:08.0 (70466554)|ENTERING_MANAGED_PKG|tdc_tsw
19:34:08.0 (71271671)|ENTERING_MANAGED_PKG|tdc_tsw
19:34:08.0 (71512910)|ENTERING_MANAGED_PKG|tdc_tsw
19:34:08.0 (72038296)|ENTERING_MANAGED_PKG|tdc_tsw
19:34:08.0 (74416651)|ENTERING_MANAGED_PKG|tdc_tsw
19:34:08.0 (75349474)|ENTERING_MANAGED_PKG|tdc_tsw
19:34:08.0 (75435026)|ENTERING_MANAGED_PKG|tdc_tsw
19:34:08.0 (76095673)|SOQL_EXECUTE_BEGIN|[200]|Aggregations:0|SELECT Name, NamespacePrefix, SystemModStamp FROM StaticResource WHERE Name LIKE :tmpVar1 LIMIT 10
19:34:08.0 (80337720)|SOQL_EXECUTE_END|[200]|Rows:1
19:34:08.0 (81188865)|ENTERING_MANAGED_PKG|tdc_tsw
19:34:08.0 (81613369)|SOQL_EXECUTE_BEGIN|[200]|Aggregations:0|SELECT Name, NamespacePrefix, SystemModStamp FROM StaticResource WHERE Name LIKE :tmpVar1 LIMIT 10
19:34:08.0 (84548554)|SOQL_EXECUTE_END|[200]|Rows:1
19:34:08.0 (85061326)|ENTERING_MANAGED_PKG|tdc_tsw
19:34:08.0 (89574435)|ENTERING_MANAGED_PKG|tdc_tsw
19:34:08.0 (91218907)|ENTERING_MANAGED_PKG|tdc_tsw
19:34:08.0 (91572760)|ENTERING_MANAGED_PKG|tdc_tsw
19:34:08.0 (92713618)|ENTERING_MANAGED_PKG|tdc_tsw
19:34:08.0 (93224859)|SOQL_EXECUTE_BEGIN|[200]|Aggregations:0|SELECT Name, NamespacePrefix, SystemModStamp FROM StaticResource WHERE Name LIKE :tmpVar1 LIMIT 10
19:34:08.0 (96774087)|SOQL_EXECUTE_END|[200]|Rows:1
19:34:08.114 (114959230)|USER_INFO|[EXTERNAL]|0051H000009gxp8|chanida.dev2@solvedbysoftwareco.com|Eastern Standard Time|GMT-05:00
19:34:08.114 (116348562)|ENTERING_MANAGED_PKG|tdc_tsw
19:34:08.114 (116569570)|ENTERING_MANAGED_PKG|tdc_tsw
19:34:08.114 (119210085)|SOQL_EXECUTE_BEGIN|[355]|Aggregations:0|SELECT id, name, Disable_Incoming_SMS_Sharing__c FROM User WHERE id = :tmpVar1
19:34:08.114 (125605148)|SOQL_EXECUTE_END|[355]|Rows:1
19:34:08.114 (126714621)|SOQL_EXECUTE_BEGIN|[367]|Aggregations:0|SELECT CreatedDate,Id,LastModifiedDate,Related_Object_Id__c FROM Message__c WHERE Name = 'Incoming' AND Read__c = false ORDER BY CreatedDate Desc limit 100
19:34:08.114 (138563748)|SOQL_EXECUTE_END|[367]|Rows:75
