44.0 APEX_CODE,FINEST;APEX_PROFILING,INFO;CALLOUT,INFO;DB,INFO;NBA,INFO;SYSTEM,DEBUG;VALIDATION,INFO;VISUALFORCE,INFO;WAVE,INFO;WORKFLOW,INFO
19:29:07.0 (501929)|USER_INFO|[EXTERNAL]|0051H000009gxp8|chanida.dev2@solvedbysoftwareco.com|Eastern Standard Time|GMT-05:00
19:29:07.0 (2944095)|ENTERING_MANAGED_PKG|tdc_tsw
19:29:07.0 (3387268)|ENTERING_MANAGED_PKG|tdc_tsw
19:29:07.0 (8420496)|SOQL_EXECUTE_BEGIN|[16]|Aggregations:0|SELECT id, name, Disable_Incoming_SMS_Sharing__c FROM User WHERE id = :tmpVar1
19:29:07.0 (16846249)|SOQL_EXECUTE_END|[16]|Rows:1
19:29:07.0 (25183105)|SOQL_EXECUTE_BEGIN|[37]|Aggregations:0|SELECT CreatedDate,Created_Date__c,Id,LastModifiedDate,MessageId__c,Message_Text_New__c,Name,OwnerId,Read__c,Related_Object_Id__c,Related_Object__c,Sender_Number__c, Sender_Name__c,ToNumber__c,Attachments_Ids__c FROM Message__c WHERE Name = 'Incoming' AND Read__c = false ORDER BY CreatedDate Desc limit 100
19:29:07.0 (40878249)|SOQL_EXECUTE_END|[37]|Rows:75
19:29:07.0 (55457576)|ENTERING_MANAGED_PKG|tdc_tsw
19:29:07.0 (57326991)|ENTERING_MANAGED_PKG|tdc_tsw
19:29:07.0 (57860473)|ENTERING_MANAGED_PKG|tdc_tsw
19:29:07.0 (58626725)|ENTERING_MANAGED_PKG|tdc_tsw
19:29:07.0 (61516369)|ENTERING_MANAGED_PKG|tdc_tsw
19:29:07.0 (62303706)|ENTERING_MANAGED_PKG|tdc_tsw
19:29:07.0 (62506202)|ENTERING_MANAGED_PKG|tdc_tsw
19:29:07.0 (62875157)|ENTERING_MANAGED_PKG|tdc_tsw
19:29:07.0 (63891556)|ENTERING_MANAGED_PKG|tdc_tsw
19:29:07.0 (64630455)|ENTERING_MANAGED_PKG|tdc_tsw
19:29:07.0 (64849502)|ENTERING_MANAGED_PKG|tdc_tsw
19:29:07.0 (65255796)|ENTERING_MANAGED_PKG|tdc_tsw
19:29:07.0 (66281814)|ENTERING_MANAGED_PKG|tdc_tsw
19:29:07.0 (67011597)|ENTERING_MANAGED_PKG|tdc_tsw
19:29:07.0 (67205530)|ENTERING_MANAGED_PKG|tdc_tsw
19:29:07.0 (67574939)|ENTERING_MANAGED_PKG|tdc_tsw
19:29:07.0 (68600245)|ENTERING_MANAGED_PKG|tdc_tsw
19:29:07.0 (69332025)|ENTERING_MANAGED_PKG|tdc_tsw
19:29:07.0 (69526817)|ENTERING_MANAGED_PKG|tdc_tsw
19:29:07.0 (69906685)|ENTERING_MANAGED_PKG|tdc_tsw
19:29:07.0 (70923618)|ENTERING_MANAGED_PKG|tdc_tsw
19:29:07.0 (71663373)|ENTERING_MANAGED_PKG|tdc_tsw
19:29:07.0 (71882006)|ENTERING_MANAGED_PKG|tdc_tsw
19:29:07.0 (72503154)|ENTERING_MANAGED_PKG|tdc_tsw
19:29:07.0 (73620245)|ENTERING_MANAGED_PKG|tdc_tsw
19:29:07.0 (74353601)|ENTERING_MANAGED_PKG|tdc_tsw
19:29:07.0 (74572030)|ENTERING_MANAGED_PKG|tdc_tsw
19:29:07.0 (75037322)|ENTERING_MANAGED_PKG|tdc_tsw
19:29:07.0 (76931197)|ENTERING_MANAGED_PKG|tdc_tsw
19:29:07.0 (77597967)|ENTERING_MANAGED_PKG|tdc_tsw
19:29:07.0 (77670717)|ENTERING_MANAGED_PKG|tdc_tsw
19:29:07.0 (78257399)|SOQL_EXECUTE_BEGIN|[200]|Aggregations:0|SELECT Name, NamespacePrefix, SystemModStamp FROM StaticResource WHERE Name LIKE :tmpVar1 LIMIT 10
19:29:07.0 (81559277)|SOQL_EXECUTE_END|[200]|Rows:1
19:29:07.0 (82331921)|ENTERING_MANAGED_PKG|tdc_tsw
19:29:07.0 (82653604)|SOQL_EXECUTE_BEGIN|[200]|Aggregations:0|SELECT Name, NamespacePrefix, SystemModStamp FROM StaticResource WHERE Name LIKE :tmpVar1 LIMIT 10
19:29:07.0 (84708330)|SOQL_EXECUTE_END|[200]|Rows:1
19:29:07.0 (85084538)|ENTERING_MANAGED_PKG|tdc_tsw
19:29:07.0 (88656381)|ENTERING_MANAGED_PKG|tdc_tsw
19:29:07.0 (90057682)|ENTERING_MANAGED_PKG|tdc_tsw
19:29:07.0 (90337959)|ENTERING_MANAGED_PKG|tdc_tsw
19:29:07.0 (91126893)|ENTERING_MANAGED_PKG|tdc_tsw
19:29:07.0 (91479273)|SOQL_EXECUTE_BEGIN|[200]|Aggregations:0|SELECT Name, NamespacePrefix, SystemModStamp FROM StaticResource WHERE Name LIKE :tmpVar1 LIMIT 10
19:29:07.0 (93654028)|SOQL_EXECUTE_END|[200]|Rows:1
19:29:07.98 (98843364)|USER_INFO|[EXTERNAL]|0051H000009gxp8|chanida.dev2@solvedbysoftwareco.com|Eastern Standard Time|GMT-05:00
19:29:07.98 (100197158)|ENTERING_MANAGED_PKG|tdc_tsw
19:29:07.98 (100375161)|ENTERING_MANAGED_PKG|tdc_tsw
19:29:07.98 (102980518)|SOQL_EXECUTE_BEGIN|[355]|Aggregations:0|SELECT id, name, Disable_Incoming_SMS_Sharing__c FROM User WHERE id = :tmpVar1
19:29:07.98 (108773400)|SOQL_EXECUTE_END|[355]|Rows:1
19:29:07.98 (109654629)|SOQL_EXECUTE_BEGIN|[367]|Aggregations:0|SELECT CreatedDate,Id,LastModifiedDate,Related_Object_Id__c FROM Message__c WHERE Name = 'Incoming' AND Read__c = false ORDER BY CreatedDate Desc limit 100
19:29:07.98 (116114842)|SOQL_EXECUTE_END|[367]|Rows:75
