44.0 APEX_CODE,FINEST;APEX_PROFILING,INFO;CALLOUT,INFO;DB,INFO;NBA,INFO;SYSTEM,DEBUG;VALIDATION,INFO;VISUALFORCE,INFO;WAVE,INFO;WORKFLOW,INFO
21:28:03.0 (117594)|USER_INFO|[EXTERNAL]|0051H000009gxp8|chanida.dev2@solvedbysoftwareco.com|Eastern Standard Time|GMT-05:00
21:28:03.0 (1608250)|ENTERING_MANAGED_PKG|tdc_tsw
21:28:03.0 (2019179)|ENTERING_MANAGED_PKG|tdc_tsw
21:28:03.0 (5741181)|SOQL_EXECUTE_BEGIN|[16]|Aggregations:0|SELECT id, name, Disable_Incoming_SMS_Sharing__c FROM User WHERE id = :tmpVar1
21:28:03.0 (13026725)|SOQL_EXECUTE_END|[16]|Rows:1
21:28:03.0 (18277512)|SOQL_EXECUTE_BEGIN|[37]|Aggregations:0|SELECT CreatedDate,Created_Date__c,Id,LastModifiedDate,MessageId__c,Message_Text_New__c,Name,OwnerId,Read__c,Related_Object_Id__c,Related_Object__c,Sender_Number__c, Sender_Name__c,ToNumber__c,Attachments_Ids__c FROM Message__c WHERE Name = 'Incoming' AND Read__c = false ORDER BY CreatedDate Desc limit 100
21:28:03.0 (29621799)|SOQL_EXECUTE_END|[37]|Rows:16
21:28:03.0 (33441408)|ENTERING_MANAGED_PKG|tdc_tsw
21:28:03.0 (35095060)|ENTERING_MANAGED_PKG|tdc_tsw
21:28:03.0 (35609518)|ENTERING_MANAGED_PKG|tdc_tsw
21:28:03.0 (36629669)|ENTERING_MANAGED_PKG|tdc_tsw
21:28:03.0 (40339774)|ENTERING_MANAGED_PKG|tdc_tsw
21:28:03.0 (41166904)|ENTERING_MANAGED_PKG|tdc_tsw
21:28:03.0 (41437044)|ENTERING_MANAGED_PKG|tdc_tsw
21:28:03.0 (41860104)|ENTERING_MANAGED_PKG|tdc_tsw
21:28:03.0 (42982910)|ENTERING_MANAGED_PKG|tdc_tsw
21:28:03.0 (43769054)|ENTERING_MANAGED_PKG|tdc_tsw
21:28:03.0 (44006840)|ENTERING_MANAGED_PKG|tdc_tsw
21:28:03.0 (44427886)|ENTERING_MANAGED_PKG|tdc_tsw
21:28:03.0 (45633504)|ENTERING_MANAGED_PKG|tdc_tsw
21:28:03.0 (46340954)|ENTERING_MANAGED_PKG|tdc_tsw
21:28:03.0 (46416979)|ENTERING_MANAGED_PKG|tdc_tsw
21:28:03.0 (47032992)|SOQL_EXECUTE_BEGIN|[200]|Aggregations:0|SELECT Name, NamespacePrefix, SystemModStamp FROM StaticResource WHERE Name LIKE :tmpVar1 LIMIT 10
21:28:03.0 (50387971)|SOQL_EXECUTE_END|[200]|Rows:1
21:28:03.0 (51296131)|ENTERING_MANAGED_PKG|tdc_tsw
21:28:03.0 (51706864)|SOQL_EXECUTE_BEGIN|[200]|Aggregations:0|SELECT Name, NamespacePrefix, SystemModStamp FROM StaticResource WHERE Name LIKE :tmpVar1 LIMIT 10
21:28:03.0 (53907983)|SOQL_EXECUTE_END|[200]|Rows:1
21:28:03.0 (54316639)|ENTERING_MANAGED_PKG|tdc_tsw
21:28:03.0 (57660512)|ENTERING_MANAGED_PKG|tdc_tsw
21:28:03.0 (59191253)|ENTERING_MANAGED_PKG|tdc_tsw
21:28:03.0 (59488630)|ENTERING_MANAGED_PKG|tdc_tsw
21:28:03.0 (60380522)|ENTERING_MANAGED_PKG|tdc_tsw
21:28:03.0 (60790632)|SOQL_EXECUTE_BEGIN|[200]|Aggregations:0|SELECT Name, NamespacePrefix, SystemModStamp FROM StaticResource WHERE Name LIKE :tmpVar1 LIMIT 10
21:28:03.0 (63309360)|SOQL_EXECUTE_END|[200]|Rows:1
21:28:03.68 (68341876)|USER_INFO|[EXTERNAL]|0051H000009gxp8|chanida.dev2@solvedbysoftwareco.com|Eastern Standard Time|GMT-05:00
21:28:03.68 (69679765)|ENTERING_MANAGED_PKG|tdc_tsw
21:28:03.68 (69861668)|ENTERING_MANAGED_PKG|tdc_tsw
21:28:03.68 (72275912)|SOQL_EXECUTE_BEGIN|[355]|Aggregations:0|SELECT id, name, Disable_Incoming_SMS_Sharing__c FROM User WHERE id = :tmpVar1
21:28:03.68 (78740775)|SOQL_EXECUTE_END|[355]|Rows:1
21:28:03.68 (80116211)|SOQL_EXECUTE_BEGIN|[367]|Aggregations:0|SELECT CreatedDate,Id,LastModifiedDate,Related_Object_Id__c FROM Message__c WHERE Name = 'Incoming' AND Read__c = false ORDER BY CreatedDate Desc limit 100
21:28:03.68 (86184717)|SOQL_EXECUTE_END|[367]|Rows:16
