44.0 APEX_CODE,FINEST;APEX_PROFILING,INFO;CALLOUT,INFO;DB,INFO;NBA,INFO;SYSTEM,DEBUG;VALIDATION,INFO;VISUALFORCE,INFO;WAVE,INFO;WORKFLOW,INFO
14:36:16.0 (123342)|USER_INFO|[EXTERNAL]|0051H000009gxp8|chanida.dev2@solvedbysoftwareco.com|Eastern Standard Time|GMT-05:00
14:36:16.0 (1682775)|ENTERING_MANAGED_PKG|tdc_tsw
14:36:16.0 (2077589)|ENTERING_MANAGED_PKG|tdc_tsw
14:36:16.0 (5494332)|SOQL_EXECUTE_BEGIN|[16]|Aggregations:0|SELECT id, name, Disable_Incoming_SMS_Sharing__c FROM User WHERE id = :tmpVar1
14:36:16.0 (12299077)|SOQL_EXECUTE_END|[16]|Rows:1
14:36:16.0 (17956637)|SOQL_EXECUTE_BEGIN|[37]|Aggregations:0|SELECT CreatedDate,Created_Date__c,Id,LastModifiedDate,MessageId__c,Message_Text_New__c,Name,OwnerId,Read__c,Related_Object_Id__c,Related_Object__c,Sender_Number__c, Sender_Name__c,ToNumber__c,Attachments_Ids__c FROM Message__c WHERE Name = 'Incoming' AND Read__c = false ORDER BY CreatedDate Desc limit 100
14:36:16.0 (38401649)|SOQL_EXECUTE_END|[37]|Rows:100
14:36:16.0 (55237770)|ENTERING_MANAGED_PKG|tdc_tsw
14:36:16.0 (56972752)|ENTERING_MANAGED_PKG|tdc_tsw
14:36:16.0 (57450972)|ENTERING_MANAGED_PKG|tdc_tsw
14:36:16.0 (58128850)|ENTERING_MANAGED_PKG|tdc_tsw
14:36:16.0 (60818692)|ENTERING_MANAGED_PKG|tdc_tsw
14:36:16.0 (61562354)|ENTERING_MANAGED_PKG|tdc_tsw
14:36:16.0 (61796904)|ENTERING_MANAGED_PKG|tdc_tsw
14:36:16.0 (62194553)|ENTERING_MANAGED_PKG|tdc_tsw
14:36:16.0 (63287263)|ENTERING_MANAGED_PKG|tdc_tsw
14:36:16.0 (64031607)|ENTERING_MANAGED_PKG|tdc_tsw
14:36:16.0 (64264140)|ENTERING_MANAGED_PKG|tdc_tsw
14:36:16.0 (64648930)|ENTERING_MANAGED_PKG|tdc_tsw
14:36:16.0 (65781607)|ENTERING_MANAGED_PKG|tdc_tsw
14:36:16.0 (66513779)|ENTERING_MANAGED_PKG|tdc_tsw
14:36:16.0 (66745560)|ENTERING_MANAGED_PKG|tdc_tsw
14:36:16.0 (67802325)|ENTERING_MANAGED_PKG|tdc_tsw
14:36:16.0 (68887922)|ENTERING_MANAGED_PKG|tdc_tsw
14:36:16.0 (69651167)|ENTERING_MANAGED_PKG|tdc_tsw
14:36:16.0 (69900915)|ENTERING_MANAGED_PKG|tdc_tsw
14:36:16.0 (70300650)|ENTERING_MANAGED_PKG|tdc_tsw
14:36:16.0 (71376571)|ENTERING_MANAGED_PKG|tdc_tsw
14:36:16.0 (72111922)|ENTERING_MANAGED_PKG|tdc_tsw
14:36:16.0 (72344176)|ENTERING_MANAGED_PKG|tdc_tsw
14:36:16.0 (72730204)|ENTERING_MANAGED_PKG|tdc_tsw
14:36:16.0 (73807825)|ENTERING_MANAGED_PKG|tdc_tsw
14:36:16.0 (74537643)|ENTERING_MANAGED_PKG|tdc_tsw
14:36:16.0 (74767643)|ENTERING_MANAGED_PKG|tdc_tsw
14:36:16.0 (75161759)|ENTERING_MANAGED_PKG|tdc_tsw
14:36:16.0 (76233982)|ENTERING_MANAGED_PKG|tdc_tsw
14:36:16.0 (77000922)|ENTERING_MANAGED_PKG|tdc_tsw
14:36:16.0 (77233599)|ENTERING_MANAGED_PKG|tdc_tsw
14:36:16.0 (77620615)|ENTERING_MANAGED_PKG|tdc_tsw
14:36:16.0 (78693838)|ENTERING_MANAGED_PKG|tdc_tsw
14:36:16.0 (79423823)|ENTERING_MANAGED_PKG|tdc_tsw
14:36:16.0 (79653241)|ENTERING_MANAGED_PKG|tdc_tsw
14:36:16.0 (80095430)|ENTERING_MANAGED_PKG|tdc_tsw
14:36:16.0 (81165495)|ENTERING_MANAGED_PKG|tdc_tsw
14:36:16.0 (81915997)|ENTERING_MANAGED_PKG|tdc_tsw
14:36:16.0 (82143091)|ENTERING_MANAGED_PKG|tdc_tsw
14:36:16.0 (82541998)|ENTERING_MANAGED_PKG|tdc_tsw
14:36:16.0 (83624956)|ENTERING_MANAGED_PKG|tdc_tsw
14:36:16.0 (84357025)|ENTERING_MANAGED_PKG|tdc_tsw
14:36:16.0 (84586693)|ENTERING_MANAGED_PKG|tdc_tsw
14:36:16.0 (84982363)|ENTERING_MANAGED_PKG|tdc_tsw
14:36:16.0 (86123389)|ENTERING_MANAGED_PKG|tdc_tsw
14:36:16.0 (86878575)|ENTERING_MANAGED_PKG|tdc_tsw
14:36:16.0 (87114618)|ENTERING_MANAGED_PKG|tdc_tsw
14:36:16.0 (87498176)|ENTERING_MANAGED_PKG|tdc_tsw
14:36:16.0 (88566374)|ENTERING_MANAGED_PKG|tdc_tsw
14:36:16.0 (89290678)|ENTERING_MANAGED_PKG|tdc_tsw
14:36:16.0 (89521741)|ENTERING_MANAGED_PKG|tdc_tsw
14:36:16.0 (89965087)|ENTERING_MANAGED_PKG|tdc_tsw
14:36:16.0 (91040002)|ENTERING_MANAGED_PKG|tdc_tsw
14:36:16.0 (91760628)|ENTERING_MANAGED_PKG|tdc_tsw
14:36:16.0 (92000755)|ENTERING_MANAGED_PKG|tdc_tsw
14:36:16.0 (92384128)|ENTERING_MANAGED_PKG|tdc_tsw
14:36:16.0 (93471864)|ENTERING_MANAGED_PKG|tdc_tsw
14:36:16.0 (94198858)|ENTERING_MANAGED_PKG|tdc_tsw
14:36:16.0 (94429005)|ENTERING_MANAGED_PKG|tdc_tsw
14:36:16.0 (94812498)|ENTERING_MANAGED_PKG|tdc_tsw
14:36:16.0 (95884328)|ENTERING_MANAGED_PKG|tdc_tsw
14:36:16.0 (96602932)|ENTERING_MANAGED_PKG|tdc_tsw
14:36:16.0 (96832937)|ENTERING_MANAGED_PKG|tdc_tsw
14:36:16.0 (97222924)|ENTERING_MANAGED_PKG|tdc_tsw
14:36:16.0 (98291692)|ENTERING_MANAGED_PKG|tdc_tsw
14:36:16.0 (99015310)|ENTERING_MANAGED_PKG|tdc_tsw
14:36:16.0 (99244461)|ENTERING_MANAGED_PKG|tdc_tsw
14:36:16.0 (99681420)|ENTERING_MANAGED_PKG|tdc_tsw
14:36:16.0 (100807227)|ENTERING_MANAGED_PKG|tdc_tsw
14:36:16.0 (101534773)|ENTERING_MANAGED_PKG|tdc_tsw
14:36:16.0 (101769985)|ENTERING_MANAGED_PKG|tdc_tsw
14:36:16.0 (102161010)|ENTERING_MANAGED_PKG|tdc_tsw
14:36:16.0 (103229225)|ENTERING_MANAGED_PKG|tdc_tsw
14:36:16.0 (103950260)|ENTERING_MANAGED_PKG|tdc_tsw
14:36:16.0 (104180092)|ENTERING_MANAGED_PKG|tdc_tsw
14:36:16.0 (104564774)|ENTERING_MANAGED_PKG|tdc_tsw
14:36:16.0 (105631092)|ENTERING_MANAGED_PKG|tdc_tsw
14:36:16.0 (106379750)|ENTERING_MANAGED_PKG|tdc_tsw
14:36:16.0 (106611248)|ENTERING_MANAGED_PKG|tdc_tsw
14:36:16.0 (107005808)|ENTERING_MANAGED_PKG|tdc_tsw
14:36:16.0 (108075310)|ENTERING_MANAGED_PKG|tdc_tsw
14:36:16.0 (108814201)|ENTERING_MANAGED_PKG|tdc_tsw
14:36:16.0 (109070174)|ENTERING_MANAGED_PKG|tdc_tsw
14:36:16.0 (109454749)|ENTERING_MANAGED_PKG|tdc_tsw
14:36:16.0 (110567867)|ENTERING_MANAGED_PKG|tdc_tsw
14:36:16.0 (111297740)|ENTERING_MANAGED_PKG|tdc_tsw
14:36:16.0 (111528953)|ENTERING_MANAGED_PKG|tdc_tsw
14:36:16.0 (111912683)|ENTERING_MANAGED_PKG|tdc_tsw
14:36:16.0 (112989401)|ENTERING_MANAGED_PKG|tdc_tsw
14:36:16.0 (113700178)|ENTERING_MANAGED_PKG|tdc_tsw
14:36:16.0 (113936876)|ENTERING_MANAGED_PKG|tdc_tsw
14:36:16.0 (114319877)|ENTERING_MANAGED_PKG|tdc_tsw
14:36:16.0 (115390599)|ENTERING_MANAGED_PKG|tdc_tsw
14:36:16.0 (116129163)|ENTERING_MANAGED_PKG|tdc_tsw
14:36:16.0 (116360743)|ENTERING_MANAGED_PKG|tdc_tsw
14:36:16.0 (116742744)|ENTERING_MANAGED_PKG|tdc_tsw
14:36:16.0 (117838212)|ENTERING_MANAGED_PKG|tdc_tsw
14:36:16.0 (118563023)|ENTERING_MANAGED_PKG|tdc_tsw
14:36:16.0 (118794697)|ENTERING_MANAGED_PKG|tdc_tsw
14:36:16.0 (119207689)|ENTERING_MANAGED_PKG|tdc_tsw
14:36:16.0 (120624293)|ENTERING_MANAGED_PKG|tdc_tsw
14:36:16.0 (121360332)|ENTERING_MANAGED_PKG|tdc_tsw
14:36:16.0 (121591133)|ENTERING_MANAGED_PKG|tdc_tsw
14:36:16.0 (121980244)|ENTERING_MANAGED_PKG|tdc_tsw
14:36:16.0 (123049165)|ENTERING_MANAGED_PKG|tdc_tsw
14:36:16.0 (123770243)|ENTERING_MANAGED_PKG|tdc_tsw
14:36:16.0 (124008971)|ENTERING_MANAGED_PKG|tdc_tsw
14:36:16.0 (124391690)|ENTERING_MANAGED_PKG|tdc_tsw
14:36:16.0 (125459673)|ENTERING_MANAGED_PKG|tdc_tsw
14:36:16.0 (126183394)|ENTERING_MANAGED_PKG|tdc_tsw
14:36:16.0 (126414727)|ENTERING_MANAGED_PKG|tdc_tsw
14:36:16.0 (126796590)|ENTERING_MANAGED_PKG|tdc_tsw
14:36:16.0 (127862867)|ENTERING_MANAGED_PKG|tdc_tsw
14:36:16.0 (128587892)|ENTERING_MANAGED_PKG|tdc_tsw
14:36:16.0 (128818805)|ENTERING_MANAGED_PKG|tdc_tsw
14:36:16.0 (129206458)|ENTERING_MANAGED_PKG|tdc_tsw
14:36:16.0 (130317245)|ENTERING_MANAGED_PKG|tdc_tsw
14:36:16.0 (131046774)|ENTERING_MANAGED_PKG|tdc_tsw
14:36:16.0 (131278150)|ENTERING_MANAGED_PKG|tdc_tsw
14:36:16.0 (131660214)|ENTERING_MANAGED_PKG|tdc_tsw
14:36:16.0 (132780808)|ENTERING_MANAGED_PKG|tdc_tsw
14:36:16.0 (133507151)|ENTERING_MANAGED_PKG|tdc_tsw
14:36:16.0 (133738372)|ENTERING_MANAGED_PKG|tdc_tsw
14:36:16.0 (134128819)|ENTERING_MANAGED_PKG|tdc_tsw
14:36:16.0 (135206772)|ENTERING_MANAGED_PKG|tdc_tsw
14:36:16.0 (135921711)|ENTERING_MANAGED_PKG|tdc_tsw
14:36:16.0 (136158435)|ENTERING_MANAGED_PKG|tdc_tsw
14:36:16.0 (136547804)|ENTERING_MANAGED_PKG|tdc_tsw
14:36:16.0 (137620531)|ENTERING_MANAGED_PKG|tdc_tsw
14:36:16.0 (138346681)|ENTERING_MANAGED_PKG|tdc_tsw
14:36:16.0 (138576549)|ENTERING_MANAGED_PKG|tdc_tsw
14:36:16.0 (138968686)|ENTERING_MANAGED_PKG|tdc_tsw
14:36:16.0 (140059099)|ENTERING_MANAGED_PKG|tdc_tsw
14:36:16.0 (140820419)|ENTERING_MANAGED_PKG|tdc_tsw
14:36:16.0 (141064293)|ENTERING_MANAGED_PKG|tdc_tsw
14:36:16.0 (141448777)|ENTERING_MANAGED_PKG|tdc_tsw
14:36:16.0 (142520696)|ENTERING_MANAGED_PKG|tdc_tsw
14:36:16.0 (143246183)|ENTERING_MANAGED_PKG|tdc_tsw
14:36:16.0 (143478826)|ENTERING_MANAGED_PKG|tdc_tsw
14:36:16.0 (143861384)|ENTERING_MANAGED_PKG|tdc_tsw
14:36:16.0 (144937991)|ENTERING_MANAGED_PKG|tdc_tsw
14:36:16.0 (145654855)|ENTERING_MANAGED_PKG|tdc_tsw
14:36:16.0 (145885901)|ENTERING_MANAGED_PKG|tdc_tsw
14:36:16.0 (146276664)|ENTERING_MANAGED_PKG|tdc_tsw
14:36:16.0 (147347237)|ENTERING_MANAGED_PKG|tdc_tsw
14:36:16.0 (148079817)|ENTERING_MANAGED_PKG|tdc_tsw
14:36:16.0 (148308857)|ENTERING_MANAGED_PKG|tdc_tsw
14:36:16.0 (148694270)|ENTERING_MANAGED_PKG|tdc_tsw
14:36:16.0 (149785363)|ENTERING_MANAGED_PKG|tdc_tsw
14:36:16.0 (150567808)|ENTERING_MANAGED_PKG|tdc_tsw
14:36:16.0 (150798304)|ENTERING_MANAGED_PKG|tdc_tsw
14:36:16.0 (151198557)|ENTERING_MANAGED_PKG|tdc_tsw
14:36:16.0 (152269837)|ENTERING_MANAGED_PKG|tdc_tsw
14:36:16.0 (152993783)|ENTERING_MANAGED_PKG|tdc_tsw
14:36:16.0 (153231241)|ENTERING_MANAGED_PKG|tdc_tsw
14:36:16.0 (153616552)|ENTERING_MANAGED_PKG|tdc_tsw
14:36:16.0 (154684624)|ENTERING_MANAGED_PKG|tdc_tsw
14:36:16.0 (155408554)|ENTERING_MANAGED_PKG|tdc_tsw
14:36:16.0 (155638594)|ENTERING_MANAGED_PKG|tdc_tsw
14:36:16.0 (156035808)|ENTERING_MANAGED_PKG|tdc_tsw
14:36:16.0 (157132697)|ENTERING_MANAGED_PKG|tdc_tsw
14:36:16.0 (157848930)|ENTERING_MANAGED_PKG|tdc_tsw
14:36:16.0 (158085281)|ENTERING_MANAGED_PKG|tdc_tsw
14:36:16.0 (158470186)|ENTERING_MANAGED_PKG|tdc_tsw
14:36:16.0 (159537073)|ENTERING_MANAGED_PKG|tdc_tsw
14:36:16.0 (160293823)|ENTERING_MANAGED_PKG|tdc_tsw
14:36:16.0 (160526193)|ENTERING_MANAGED_PKG|tdc_tsw
14:36:16.0 (160971957)|ENTERING_MANAGED_PKG|tdc_tsw
14:36:16.0 (162043315)|ENTERING_MANAGED_PKG|tdc_tsw
14:36:16.0 (162762635)|ENTERING_MANAGED_PKG|tdc_tsw
14:36:16.0 (163000554)|ENTERING_MANAGED_PKG|tdc_tsw
14:36:16.0 (163383367)|ENTERING_MANAGED_PKG|tdc_tsw
14:36:16.0 (164451548)|ENTERING_MANAGED_PKG|tdc_tsw
14:36:16.0 (165171801)|ENTERING_MANAGED_PKG|tdc_tsw
14:36:16.0 (165401354)|ENTERING_MANAGED_PKG|tdc_tsw
14:36:16.0 (165782613)|ENTERING_MANAGED_PKG|tdc_tsw
14:36:16.0 (166854936)|ENTERING_MANAGED_PKG|tdc_tsw
14:36:16.0 (167590522)|ENTERING_MANAGED_PKG|tdc_tsw
14:36:16.0 (167820011)|ENTERING_MANAGED_PKG|tdc_tsw
14:36:16.0 (168215047)|ENTERING_MANAGED_PKG|tdc_tsw
14:36:16.0 (169281840)|ENTERING_MANAGED_PKG|tdc_tsw
14:36:16.0 (170004537)|ENTERING_MANAGED_PKG|tdc_tsw
14:36:16.0 (170235139)|ENTERING_MANAGED_PKG|tdc_tsw
14:36:16.0 (170670620)|ENTERING_MANAGED_PKG|tdc_tsw
14:36:16.0 (171754706)|ENTERING_MANAGED_PKG|tdc_tsw
14:36:16.0 (172481968)|ENTERING_MANAGED_PKG|tdc_tsw
14:36:16.0 (172712912)|ENTERING_MANAGED_PKG|tdc_tsw
14:36:16.0 (173104291)|ENTERING_MANAGED_PKG|tdc_tsw
14:36:16.0 (174176508)|ENTERING_MANAGED_PKG|tdc_tsw
14:36:16.0 (174894837)|ENTERING_MANAGED_PKG|tdc_tsw
14:36:16.0 (175131100)|ENTERING_MANAGED_PKG|tdc_tsw
14:36:16.0 (175514507)|ENTERING_MANAGED_PKG|tdc_tsw
14:36:16.0 (176588357)|ENTERING_MANAGED_PKG|tdc_tsw
14:36:16.0 (177314860)|ENTERING_MANAGED_PKG|tdc_tsw
14:36:16.0 (177543980)|ENTERING_MANAGED_PKG|tdc_tsw
14:36:16.0 (177933257)|ENTERING_MANAGED_PKG|tdc_tsw
14:36:16.0 (179003568)|ENTERING_MANAGED_PKG|tdc_tsw
14:36:16.0 (179724981)|ENTERING_MANAGED_PKG|tdc_tsw
14:36:16.0 (179960625)|ENTERING_MANAGED_PKG|tdc_tsw
14:36:16.0 (180344385)|ENTERING_MANAGED_PKG|tdc_tsw
14:36:16.0 (181463377)|ENTERING_MANAGED_PKG|tdc_tsw
14:36:16.0 (182232052)|ENTERING_MANAGED_PKG|tdc_tsw
14:36:16.0 (182464220)|ENTERING_MANAGED_PKG|tdc_tsw
14:36:16.0 (182847809)|ENTERING_MANAGED_PKG|tdc_tsw
14:36:16.0 (183941525)|ENTERING_MANAGED_PKG|tdc_tsw
14:36:16.0 (184658147)|ENTERING_MANAGED_PKG|tdc_tsw
14:36:16.0 (184888049)|ENTERING_MANAGED_PKG|tdc_tsw
14:36:16.0 (185278741)|ENTERING_MANAGED_PKG|tdc_tsw
14:36:16.0 (186349835)|ENTERING_MANAGED_PKG|tdc_tsw
14:36:16.0 (187078303)|ENTERING_MANAGED_PKG|tdc_tsw
14:36:16.0 (187308430)|ENTERING_MANAGED_PKG|tdc_tsw
14:36:16.0 (187706969)|ENTERING_MANAGED_PKG|tdc_tsw
14:36:16.0 (188779874)|ENTERING_MANAGED_PKG|tdc_tsw
14:36:16.0 (189496795)|ENTERING_MANAGED_PKG|tdc_tsw
14:36:16.0 (189726670)|ENTERING_MANAGED_PKG|tdc_tsw
14:36:16.0 (190124274)|ENTERING_MANAGED_PKG|tdc_tsw
14:36:16.0 (191253289)|ENTERING_MANAGED_PKG|tdc_tsw
14:36:16.0 (191976824)|ENTERING_MANAGED_PKG|tdc_tsw
14:36:16.0 (192206960)|ENTERING_MANAGED_PKG|tdc_tsw
14:36:16.0 (192589065)|ENTERING_MANAGED_PKG|tdc_tsw
14:36:16.0 (193660787)|ENTERING_MANAGED_PKG|tdc_tsw
14:36:16.0 (194379906)|ENTERING_MANAGED_PKG|tdc_tsw
14:36:16.0 (194609556)|ENTERING_MANAGED_PKG|tdc_tsw
14:36:16.0 (195001654)|ENTERING_MANAGED_PKG|tdc_tsw
14:36:16.0 (196074276)|ENTERING_MANAGED_PKG|tdc_tsw
14:36:16.0 (196790652)|ENTERING_MANAGED_PKG|tdc_tsw
14:36:16.0 (197027463)|ENTERING_MANAGED_PKG|tdc_tsw
14:36:16.0 (197422381)|ENTERING_MANAGED_PKG|tdc_tsw
14:36:16.0 (198495996)|ENTERING_MANAGED_PKG|tdc_tsw
14:36:16.0 (199215558)|ENTERING_MANAGED_PKG|tdc_tsw
14:36:16.0 (199451180)|ENTERING_MANAGED_PKG|tdc_tsw
14:36:16.0 (199832986)|ENTERING_MANAGED_PKG|tdc_tsw
14:36:16.0 (200959416)|ENTERING_MANAGED_PKG|tdc_tsw
14:36:16.0 (201679979)|ENTERING_MANAGED_PKG|tdc_tsw
14:36:16.0 (201910477)|ENTERING_MANAGED_PKG|tdc_tsw
14:36:16.0 (202301318)|ENTERING_MANAGED_PKG|tdc_tsw
14:36:16.0 (203374538)|ENTERING_MANAGED_PKG|tdc_tsw
14:36:16.0 (204100592)|ENTERING_MANAGED_PKG|tdc_tsw
14:36:16.0 (204330909)|ENTERING_MANAGED_PKG|tdc_tsw
14:36:16.0 (204714140)|ENTERING_MANAGED_PKG|tdc_tsw
14:36:16.0 (205805728)|ENTERING_MANAGED_PKG|tdc_tsw
14:36:16.0 (206569949)|ENTERING_MANAGED_PKG|tdc_tsw
14:36:16.0 (206801499)|ENTERING_MANAGED_PKG|tdc_tsw
14:36:16.0 (207196388)|ENTERING_MANAGED_PKG|tdc_tsw
14:36:16.0 (208269377)|ENTERING_MANAGED_PKG|tdc_tsw
14:36:16.0 (208994157)|ENTERING_MANAGED_PKG|tdc_tsw
14:36:16.0 (209223797)|ENTERING_MANAGED_PKG|tdc_tsw
14:36:16.0 (209606633)|ENTERING_MANAGED_PKG|tdc_tsw
14:36:16.0 (210715491)|ENTERING_MANAGED_PKG|tdc_tsw
14:36:16.0 (211449300)|ENTERING_MANAGED_PKG|tdc_tsw
14:36:16.0 (211679776)|ENTERING_MANAGED_PKG|tdc_tsw
14:36:16.0 (212072471)|ENTERING_MANAGED_PKG|tdc_tsw
14:36:16.0 (213141193)|ENTERING_MANAGED_PKG|tdc_tsw
14:36:16.0 (213857472)|ENTERING_MANAGED_PKG|tdc_tsw
14:36:16.0 (214093852)|ENTERING_MANAGED_PKG|tdc_tsw
14:36:16.0 (214476852)|ENTERING_MANAGED_PKG|tdc_tsw
14:36:16.0 (215552207)|ENTERING_MANAGED_PKG|tdc_tsw
14:36:16.0 (216316590)|ENTERING_MANAGED_PKG|tdc_tsw
14:36:16.0 (216548604)|ENTERING_MANAGED_PKG|tdc_tsw
14:36:16.0 (216939263)|ENTERING_MANAGED_PKG|tdc_tsw
14:36:16.0 (218225353)|ENTERING_MANAGED_PKG|tdc_tsw
14:36:16.0 (219168108)|ENTERING_MANAGED_PKG|tdc_tsw
14:36:16.0 (219245474)|ENTERING_MANAGED_PKG|tdc_tsw
14:36:16.0 (219878890)|SOQL_EXECUTE_BEGIN|[200]|Aggregations:0|SELECT Name, NamespacePrefix, SystemModStamp FROM StaticResource WHERE Name LIKE :tmpVar1 LIMIT 10
14:36:16.0 (224012554)|SOQL_EXECUTE_END|[200]|Rows:1
14:36:16.0 (224816349)|ENTERING_MANAGED_PKG|tdc_tsw
14:36:16.0 (225200764)|SOQL_EXECUTE_BEGIN|[200]|Aggregations:0|SELECT Name, NamespacePrefix, SystemModStamp FROM StaticResource WHERE Name LIKE :tmpVar1 LIMIT 10
14:36:16.0 (227694198)|SOQL_EXECUTE_END|[200]|Rows:1
14:36:16.0 (228087246)|ENTERING_MANAGED_PKG|tdc_tsw
14:36:16.0 (231528242)|ENTERING_MANAGED_PKG|tdc_tsw
14:36:16.0 (233100196)|ENTERING_MANAGED_PKG|tdc_tsw
14:36:16.0 (233392032)|ENTERING_MANAGED_PKG|tdc_tsw
14:36:16.0 (234270565)|ENTERING_MANAGED_PKG|tdc_tsw
14:36:16.0 (234692129)|SOQL_EXECUTE_BEGIN|[200]|Aggregations:0|SELECT Name, NamespacePrefix, SystemModStamp FROM StaticResource WHERE Name LIKE :tmpVar1 LIMIT 10
14:36:16.0 (237272956)|SOQL_EXECUTE_END|[200]|Rows:1
14:36:16.249 (249328176)|USER_INFO|[EXTERNAL]|0051H000009gxp8|chanida.dev2@solvedbysoftwareco.com|Eastern Standard Time|GMT-05:00
14:36:16.249 (250876524)|ENTERING_MANAGED_PKG|tdc_tsw
14:36:16.249 (251095883)|ENTERING_MANAGED_PKG|tdc_tsw
14:36:16.249 (253718405)|SOQL_EXECUTE_BEGIN|[355]|Aggregations:0|SELECT id, name, Disable_Incoming_SMS_Sharing__c FROM User WHERE id = :tmpVar1
14:36:16.249 (260430215)|SOQL_EXECUTE_END|[355]|Rows:1
14:36:16.249 (261420849)|SOQL_EXECUTE_BEGIN|[367]|Aggregations:0|SELECT CreatedDate,Id,LastModifiedDate,Related_Object_Id__c FROM Message__c WHERE Name = 'Incoming' AND Read__c = false ORDER BY CreatedDate Desc limit 100
14:36:16.249 (269742471)|SOQL_EXECUTE_END|[367]|Rows:100
