44.0 APEX_CODE,FINEST;APEX_PROFILING,INFO;CALLOUT,INFO;DB,INFO;NBA,INFO;SYSTEM,DEBUG;VALIDATION,INFO;VISUALFORCE,INFO;WAVE,INFO;WORKFLOW,INFO
22:56:07.0 (178043)|USER_INFO|[EXTERNAL]|0051H000009gxp8|chanida.dev2@solvedbysoftwareco.com|Eastern Standard Time|GMT-05:00
22:56:07.0 (1960579)|ENTERING_MANAGED_PKG|tdc_tsw
22:56:07.0 (2497633)|ENTERING_MANAGED_PKG|tdc_tsw
22:56:07.0 (6381348)|SOQL_EXECUTE_BEGIN|[16]|Aggregations:0|SELECT id, name, Disable_Incoming_SMS_Sharing__c FROM User WHERE id = :tmpVar1
22:56:07.0 (13725732)|SOQL_EXECUTE_END|[16]|Rows:1
22:56:07.0 (19020653)|SOQL_EXECUTE_BEGIN|[37]|Aggregations:0|SELECT CreatedDate,Created_Date__c,Id,LastModifiedDate,MessageId__c,Message_Text_New__c,Name,OwnerId,Read__c,Related_Object_Id__c,Related_Object__c,Sender_Number__c, Sender_Name__c,ToNumber__c,Attachments_Ids__c FROM Message__c WHERE Name = 'Incoming' AND Read__c = false ORDER BY CreatedDate Desc limit 100
22:56:07.0 (36095005)|SOQL_EXECUTE_END|[37]|Rows:100
22:56:07.0 (58635827)|ENTERING_MANAGED_PKG|tdc_tsw
22:56:07.0 (60427097)|ENTERING_MANAGED_PKG|tdc_tsw
22:56:07.0 (60912947)|ENTERING_MANAGED_PKG|tdc_tsw
22:56:07.0 (61584712)|ENTERING_MANAGED_PKG|tdc_tsw
22:56:07.0 (64561521)|ENTERING_MANAGED_PKG|tdc_tsw
22:56:07.0 (65364492)|ENTERING_MANAGED_PKG|tdc_tsw
22:56:07.0 (65600138)|ENTERING_MANAGED_PKG|tdc_tsw
22:56:07.0 (66018064)|ENTERING_MANAGED_PKG|tdc_tsw
22:56:07.0 (67181184)|ENTERING_MANAGED_PKG|tdc_tsw
22:56:07.0 (67960536)|ENTERING_MANAGED_PKG|tdc_tsw
22:56:07.0 (68193362)|ENTERING_MANAGED_PKG|tdc_tsw
22:56:07.0 (68613277)|ENTERING_MANAGED_PKG|tdc_tsw
22:56:07.0 (69722940)|ENTERING_MANAGED_PKG|tdc_tsw
22:56:07.0 (70501818)|ENTERING_MANAGED_PKG|tdc_tsw
22:56:07.0 (70731213)|ENTERING_MANAGED_PKG|tdc_tsw
22:56:07.0 (71151235)|ENTERING_MANAGED_PKG|tdc_tsw
22:56:07.0 (72275571)|ENTERING_MANAGED_PKG|tdc_tsw
22:56:07.0 (73048773)|ENTERING_MANAGED_PKG|tdc_tsw
22:56:07.0 (73287101)|ENTERING_MANAGED_PKG|tdc_tsw
22:56:07.0 (73688630)|ENTERING_MANAGED_PKG|tdc_tsw
22:56:07.0 (74810174)|ENTERING_MANAGED_PKG|tdc_tsw
22:56:07.0 (75587024)|ENTERING_MANAGED_PKG|tdc_tsw
22:56:07.0 (75818581)|ENTERING_MANAGED_PKG|tdc_tsw
22:56:07.0 (76221128)|ENTERING_MANAGED_PKG|tdc_tsw
22:56:07.0 (77326484)|ENTERING_MANAGED_PKG|tdc_tsw
22:56:07.0 (78088378)|ENTERING_MANAGED_PKG|tdc_tsw
22:56:07.0 (78324616)|ENTERING_MANAGED_PKG|tdc_tsw
22:56:07.0 (78722848)|ENTERING_MANAGED_PKG|tdc_tsw
22:56:07.0 (79817493)|ENTERING_MANAGED_PKG|tdc_tsw
22:56:07.0 (80583237)|ENTERING_MANAGED_PKG|tdc_tsw
22:56:07.0 (80812888)|ENTERING_MANAGED_PKG|tdc_tsw
22:56:07.0 (81212383)|ENTERING_MANAGED_PKG|tdc_tsw
22:56:07.0 (82312851)|ENTERING_MANAGED_PKG|tdc_tsw
22:56:07.0 (83078614)|ENTERING_MANAGED_PKG|tdc_tsw
22:56:07.0 (83314546)|ENTERING_MANAGED_PKG|tdc_tsw
22:56:07.0 (83714662)|ENTERING_MANAGED_PKG|tdc_tsw
22:56:07.0 (84813618)|ENTERING_MANAGED_PKG|tdc_tsw
22:56:07.0 (85576106)|ENTERING_MANAGED_PKG|tdc_tsw
22:56:07.0 (85806089)|ENTERING_MANAGED_PKG|tdc_tsw
22:56:07.0 (86221241)|ENTERING_MANAGED_PKG|tdc_tsw
22:56:07.0 (87317821)|ENTERING_MANAGED_PKG|tdc_tsw
22:56:07.0 (88074026)|ENTERING_MANAGED_PKG|tdc_tsw
22:56:07.0 (88315515)|ENTERING_MANAGED_PKG|tdc_tsw
22:56:07.0 (88714658)|ENTERING_MANAGED_PKG|tdc_tsw
22:56:07.0 (89810300)|ENTERING_MANAGED_PKG|tdc_tsw
22:56:07.0 (90575821)|ENTERING_MANAGED_PKG|tdc_tsw
22:56:07.0 (90806711)|ENTERING_MANAGED_PKG|tdc_tsw
22:56:07.0 (91205872)|ENTERING_MANAGED_PKG|tdc_tsw
22:56:07.0 (92306573)|ENTERING_MANAGED_PKG|tdc_tsw
22:56:07.0 (93061572)|ENTERING_MANAGED_PKG|tdc_tsw
22:56:07.0 (93302786)|ENTERING_MANAGED_PKG|tdc_tsw
22:56:07.0 (93702588)|ENTERING_MANAGED_PKG|tdc_tsw
22:56:07.0 (94797519)|ENTERING_MANAGED_PKG|tdc_tsw
22:56:07.0 (95562996)|ENTERING_MANAGED_PKG|tdc_tsw
22:56:07.0 (95793447)|ENTERING_MANAGED_PKG|tdc_tsw
22:56:07.0 (96192347)|ENTERING_MANAGED_PKG|tdc_tsw
22:56:07.0 (97315321)|ENTERING_MANAGED_PKG|tdc_tsw
22:56:07.0 (98071265)|ENTERING_MANAGED_PKG|tdc_tsw
22:56:07.0 (98306081)|ENTERING_MANAGED_PKG|tdc_tsw
22:56:07.0 (98706900)|ENTERING_MANAGED_PKG|tdc_tsw
22:56:07.0 (99811961)|ENTERING_MANAGED_PKG|tdc_tsw
22:56:07.0 (100579749)|ENTERING_MANAGED_PKG|tdc_tsw
22:56:07.0 (100811377)|ENTERING_MANAGED_PKG|tdc_tsw
22:56:07.0 (101230340)|ENTERING_MANAGED_PKG|tdc_tsw
22:56:07.0 (102391038)|ENTERING_MANAGED_PKG|tdc_tsw
22:56:07.0 (103171317)|ENTERING_MANAGED_PKG|tdc_tsw
22:56:07.0 (103420774)|ENTERING_MANAGED_PKG|tdc_tsw
22:56:07.0 (103820253)|ENTERING_MANAGED_PKG|tdc_tsw
22:56:07.0 (104927990)|ENTERING_MANAGED_PKG|tdc_tsw
22:56:07.0 (105698320)|ENTERING_MANAGED_PKG|tdc_tsw
22:56:07.0 (105936736)|ENTERING_MANAGED_PKG|tdc_tsw
22:56:07.0 (106545231)|ENTERING_MANAGED_PKG|tdc_tsw
22:56:07.0 (107963570)|ENTERING_MANAGED_PKG|tdc_tsw
22:56:07.0 (108769824)|ENTERING_MANAGED_PKG|tdc_tsw
22:56:07.0 (109001883)|ENTERING_MANAGED_PKG|tdc_tsw
22:56:07.0 (109416648)|ENTERING_MANAGED_PKG|tdc_tsw
22:56:07.0 (110527571)|ENTERING_MANAGED_PKG|tdc_tsw
22:56:07.0 (111300288)|ENTERING_MANAGED_PKG|tdc_tsw
22:56:07.0 (111531287)|ENTERING_MANAGED_PKG|tdc_tsw
22:56:07.0 (111939479)|ENTERING_MANAGED_PKG|tdc_tsw
22:56:07.0 (113037154)|ENTERING_MANAGED_PKG|tdc_tsw
22:56:07.0 (113840401)|ENTERING_MANAGED_PKG|tdc_tsw
22:56:07.0 (114070659)|ENTERING_MANAGED_PKG|tdc_tsw
22:56:07.0 (114478883)|ENTERING_MANAGED_PKG|tdc_tsw
22:56:07.0 (115589734)|ENTERING_MANAGED_PKG|tdc_tsw
22:56:07.0 (116447636)|ENTERING_MANAGED_PKG|tdc_tsw
22:56:07.0 (116679214)|ENTERING_MANAGED_PKG|tdc_tsw
22:56:07.0 (117075915)|ENTERING_MANAGED_PKG|tdc_tsw
22:56:07.0 (118166124)|ENTERING_MANAGED_PKG|tdc_tsw
22:56:07.0 (118936782)|ENTERING_MANAGED_PKG|tdc_tsw
22:56:07.0 (119168109)|ENTERING_MANAGED_PKG|tdc_tsw
22:56:07.0 (119589625)|ENTERING_MANAGED_PKG|tdc_tsw
22:56:07.0 (120685954)|ENTERING_MANAGED_PKG|tdc_tsw
22:56:07.0 (121650667)|ENTERING_MANAGED_PKG|tdc_tsw
22:56:07.0 (121886468)|ENTERING_MANAGED_PKG|tdc_tsw
22:56:07.0 (122310213)|ENTERING_MANAGED_PKG|tdc_tsw
22:56:07.0 (123440001)|ENTERING_MANAGED_PKG|tdc_tsw
22:56:07.0 (124204958)|ENTERING_MANAGED_PKG|tdc_tsw
22:56:07.0 (124442814)|ENTERING_MANAGED_PKG|tdc_tsw
22:56:07.0 (124841298)|ENTERING_MANAGED_PKG|tdc_tsw
22:56:07.0 (125937482)|ENTERING_MANAGED_PKG|tdc_tsw
22:56:07.0 (126728273)|ENTERING_MANAGED_PKG|tdc_tsw
22:56:07.0 (126967764)|ENTERING_MANAGED_PKG|tdc_tsw
22:56:07.0 (127510599)|ENTERING_MANAGED_PKG|tdc_tsw
22:56:07.0 (128620688)|ENTERING_MANAGED_PKG|tdc_tsw
22:56:07.0 (129388141)|ENTERING_MANAGED_PKG|tdc_tsw
22:56:07.0 (129619563)|ENTERING_MANAGED_PKG|tdc_tsw
22:56:07.0 (130019957)|ENTERING_MANAGED_PKG|tdc_tsw
22:56:07.0 (131115108)|ENTERING_MANAGED_PKG|tdc_tsw
22:56:07.0 (131889143)|ENTERING_MANAGED_PKG|tdc_tsw
22:56:07.0 (132121375)|ENTERING_MANAGED_PKG|tdc_tsw
22:56:07.0 (132528308)|ENTERING_MANAGED_PKG|tdc_tsw
22:56:07.0 (133624971)|ENTERING_MANAGED_PKG|tdc_tsw
22:56:07.0 (134386494)|ENTERING_MANAGED_PKG|tdc_tsw
22:56:07.0 (134616555)|ENTERING_MANAGED_PKG|tdc_tsw
22:56:07.0 (135015919)|ENTERING_MANAGED_PKG|tdc_tsw
22:56:07.0 (136119421)|ENTERING_MANAGED_PKG|tdc_tsw
22:56:07.0 (136889321)|ENTERING_MANAGED_PKG|tdc_tsw
22:56:07.0 (137118960)|ENTERING_MANAGED_PKG|tdc_tsw
22:56:07.0 (137530189)|ENTERING_MANAGED_PKG|tdc_tsw
22:56:07.0 (138626074)|ENTERING_MANAGED_PKG|tdc_tsw
22:56:07.0 (139397178)|ENTERING_MANAGED_PKG|tdc_tsw
22:56:07.0 (139627892)|ENTERING_MANAGED_PKG|tdc_tsw
22:56:07.0 (140036644)|ENTERING_MANAGED_PKG|tdc_tsw
22:56:07.0 (141155940)|ENTERING_MANAGED_PKG|tdc_tsw
22:56:07.0 (141939146)|ENTERING_MANAGED_PKG|tdc_tsw
22:56:07.0 (142168803)|ENTERING_MANAGED_PKG|tdc_tsw
22:56:07.0 (142580272)|ENTERING_MANAGED_PKG|tdc_tsw
22:56:07.0 (143677681)|ENTERING_MANAGED_PKG|tdc_tsw
22:56:07.0 (144445214)|ENTERING_MANAGED_PKG|tdc_tsw
22:56:07.0 (144676484)|ENTERING_MANAGED_PKG|tdc_tsw
22:56:07.0 (145076290)|ENTERING_MANAGED_PKG|tdc_tsw
22:56:07.0 (146176875)|ENTERING_MANAGED_PKG|tdc_tsw
22:56:07.0 (147304346)|ENTERING_MANAGED_PKG|tdc_tsw
22:56:07.0 (147536593)|ENTERING_MANAGED_PKG|tdc_tsw
22:56:07.0 (147938596)|ENTERING_MANAGED_PKG|tdc_tsw
22:56:07.0 (149041413)|ENTERING_MANAGED_PKG|tdc_tsw
22:56:07.0 (149822901)|ENTERING_MANAGED_PKG|tdc_tsw
22:56:07.0 (150053577)|ENTERING_MANAGED_PKG|tdc_tsw
22:56:07.0 (150474052)|ENTERING_MANAGED_PKG|tdc_tsw
22:56:07.0 (151575411)|ENTERING_MANAGED_PKG|tdc_tsw
22:56:07.0 (152350888)|ENTERING_MANAGED_PKG|tdc_tsw
22:56:07.0 (152581599)|ENTERING_MANAGED_PKG|tdc_tsw
22:56:07.0 (152982196)|ENTERING_MANAGED_PKG|tdc_tsw
22:56:07.0 (154096270)|ENTERING_MANAGED_PKG|tdc_tsw
22:56:07.0 (154881958)|ENTERING_MANAGED_PKG|tdc_tsw
22:56:07.0 (155112162)|ENTERING_MANAGED_PKG|tdc_tsw
22:56:07.0 (155521801)|ENTERING_MANAGED_PKG|tdc_tsw
22:56:07.0 (156618061)|ENTERING_MANAGED_PKG|tdc_tsw
22:56:07.0 (157384428)|ENTERING_MANAGED_PKG|tdc_tsw
22:56:07.0 (157591813)|ENTERING_MANAGED_PKG|tdc_tsw
22:56:07.0 (157990933)|ENTERING_MANAGED_PKG|tdc_tsw
22:56:07.0 (159090488)|ENTERING_MANAGED_PKG|tdc_tsw
22:56:07.0 (159877017)|ENTERING_MANAGED_PKG|tdc_tsw
22:56:07.0 (160107679)|ENTERING_MANAGED_PKG|tdc_tsw
22:56:07.0 (160521362)|ENTERING_MANAGED_PKG|tdc_tsw
22:56:07.0 (161639433)|ENTERING_MANAGED_PKG|tdc_tsw
22:56:07.0 (162422791)|ENTERING_MANAGED_PKG|tdc_tsw
22:56:07.0 (162627572)|ENTERING_MANAGED_PKG|tdc_tsw
22:56:07.0 (163027019)|ENTERING_MANAGED_PKG|tdc_tsw
22:56:07.0 (167494871)|ENTERING_MANAGED_PKG|tdc_tsw
22:56:07.0 (168417092)|ENTERING_MANAGED_PKG|tdc_tsw
22:56:07.0 (168493181)|ENTERING_MANAGED_PKG|tdc_tsw
22:56:07.0 (169026290)|SOQL_EXECUTE_BEGIN|[200]|Aggregations:0|SELECT Name, NamespacePrefix, SystemModStamp FROM StaticResource WHERE Name LIKE :tmpVar1 LIMIT 10
22:56:07.0 (172129365)|SOQL_EXECUTE_END|[200]|Rows:1
22:56:07.0 (173029660)|ENTERING_MANAGED_PKG|tdc_tsw
22:56:07.0 (173408104)|SOQL_EXECUTE_BEGIN|[200]|Aggregations:0|SELECT Name, NamespacePrefix, SystemModStamp FROM StaticResource WHERE Name LIKE :tmpVar1 LIMIT 10
22:56:07.0 (175617725)|SOQL_EXECUTE_END|[200]|Rows:1
22:56:07.0 (176002584)|ENTERING_MANAGED_PKG|tdc_tsw
22:56:07.0 (179413107)|ENTERING_MANAGED_PKG|tdc_tsw
22:56:07.0 (180956188)|ENTERING_MANAGED_PKG|tdc_tsw
22:56:07.0 (181256458)|ENTERING_MANAGED_PKG|tdc_tsw
22:56:07.0 (182091002)|ENTERING_MANAGED_PKG|tdc_tsw
22:56:07.0 (182492296)|SOQL_EXECUTE_BEGIN|[200]|Aggregations:0|SELECT Name, NamespacePrefix, SystemModStamp FROM StaticResource WHERE Name LIKE :tmpVar1 LIMIT 10
22:56:07.0 (184850157)|SOQL_EXECUTE_END|[200]|Rows:1
22:56:07.194 (194756058)|USER_INFO|[EXTERNAL]|0051H000009gxp8|chanida.dev2@solvedbysoftwareco.com|Eastern Standard Time|GMT-05:00
22:56:07.194 (196216764)|ENTERING_MANAGED_PKG|tdc_tsw
22:56:07.194 (196420227)|ENTERING_MANAGED_PKG|tdc_tsw
22:56:07.194 (198962405)|SOQL_EXECUTE_BEGIN|[355]|Aggregations:0|SELECT id, name, Disable_Incoming_SMS_Sharing__c FROM User WHERE id = :tmpVar1
22:56:07.194 (205397730)|SOQL_EXECUTE_END|[355]|Rows:1
22:56:07.194 (206421021)|SOQL_EXECUTE_BEGIN|[367]|Aggregations:0|SELECT CreatedDate,Id,LastModifiedDate,Related_Object_Id__c FROM Message__c WHERE Name = 'Incoming' AND Read__c = false ORDER BY CreatedDate Desc limit 100
22:56:07.194 (214870334)|SOQL_EXECUTE_END|[367]|Rows:100
