44.0 APEX_CODE,FINEST;APEX_PROFILING,INFO;CALLOUT,INFO;DB,INFO;NBA,INFO;SYSTEM,DEBUG;VALIDATION,INFO;VISUALFORCE,INFO;WAVE,INFO;WORKFLOW,INFO
13:59:23.0 (90158)|USER_INFO|[EXTERNAL]|0051H000009gxp8|chanida.dev2@solvedbysoftwareco.com|Eastern Standard Time|GMT-05:00
13:59:23.0 (2442367)|ENTERING_MANAGED_PKG|tdc_tsw
13:59:23.0 (2556266)|ENTERING_MANAGED_PKG|tdc_tsw
13:59:23.0 (2941489)|ENTERING_MANAGED_PKG|tdc_tsw
13:59:23.0 (2980011)|ENTERING_MANAGED_PKG|tdc_tsw
13:59:23.0 (3672489)|ENTERING_MANAGED_PKG|tdc_tsw
13:59:23.0 (4249162)|ENTERING_MANAGED_PKG|tdc_tsw
13:59:23.0 (5503840)|ENTERING_MANAGED_PKG|tdc_tsw
13:59:23.0 (5587236)|ENTERING_MANAGED_PKG|tdc_tsw
13:59:23.0 (6706680)|ENTERING_MANAGED_PKG|tdc_tsw
13:59:23.0 (12453298)|SOQL_EXECUTE_BEGIN|[82]|Aggregations:0|SELECT CreatedDate, Id,Task_Created__c,Event_Created__c,isCaseCreated__c,Task_Id__c,Event_Id__c,Case__c, Important__c, Delivered__c, Message_Text_New__c, Name, Owner.Name, Read__c,MessageId__c, ToNumber__c, Related_Object_Id__c, Related_Object__c, Sender_Number__c, LastModifiedDate, Attachments_Ids__c FROM Message__c WHERE Contact__c =: recordId ORDER BY CreatedDate Desc limit 200
13:59:23.0 (24321042)|SOQL_EXECUTE_END|[82]|Rows:4
13:59:23.0 (25634872)|ENTERING_MANAGED_PKG|tdc_tsw
13:59:23.0 (25908117)|ENTERING_MANAGED_PKG|tdc_tsw
13:59:23.0 (25974268)|ENTERING_MANAGED_PKG|tdc_tsw
13:59:23.0 (26480605)|SOQL_EXECUTE_BEGIN|[200]|Aggregations:0|SELECT Name, NamespacePrefix, SystemModStamp FROM StaticResource WHERE Name LIKE :tmpVar1 LIMIT 10
13:59:23.0 (31862919)|SOQL_EXECUTE_END|[200]|Rows:1
13:59:23.0 (33614213)|ENTERING_MANAGED_PKG|tdc_tsw
13:59:23.0 (35211642)|ENTERING_MANAGED_PKG|tdc_tsw
13:59:23.0 (35263138)|ENTERING_MANAGED_PKG|tdc_tsw
13:59:23.0 (41390485)|ENTERING_MANAGED_PKG|tdc_tsw
13:59:23.0 (42373384)|ENTERING_MANAGED_PKG|tdc_tsw
13:59:23.0 (43766179)|ENTERING_MANAGED_PKG|tdc_tsw
13:59:23.0 (44620993)|ENTERING_MANAGED_PKG|tdc_tsw
13:59:23.0 (45988333)|ENTERING_MANAGED_PKG|tdc_tsw
13:59:23.0 (46720859)|ENTERING_MANAGED_PKG|tdc_tsw
13:59:23.0 (51170339)|SOQL_EXECUTE_BEGIN|[172]|Aggregations:0|SELECT id, name FROM ChatTranscript__c WHERE (Chat_Active__c = TRUE AND (Related_Object_Id__c = :tmpVar1 OR Related_Object_Id__c = :tmpVar2)) LIMIT 1
13:59:23.0 (54215251)|SOQL_EXECUTE_END|[172]|Rows:0
13:59:23.0 (54557634)|ENTERING_MANAGED_PKG|tdc_tsw
13:59:23.0 (54595642)|ENTERING_MANAGED_PKG|tdc_tsw
