44.0 APEX_CODE,FINEST;APEX_PROFILING,INFO;CALLOUT,INFO;DB,INFO;NBA,INFO;SYSTEM,DEBUG;VALIDATION,INFO;VISUALFORCE,INFO;WAVE,INFO;WORKFLOW,INFO
14:35:47.0 (161354)|USER_INFO|[EXTERNAL]|0051H000009gxp8|chanida.dev2@solvedbysoftwareco.com|Eastern Standard Time|GMT-05:00
14:35:47.0 (2061149)|ENTERING_MANAGED_PKG|tdc_tsw
14:35:47.0 (2480086)|ENTERING_MANAGED_PKG|tdc_tsw
14:35:47.0 (5847344)|SOQL_EXECUTE_BEGIN|[16]|Aggregations:0|SELECT id, name, Disable_Incoming_SMS_Sharing__c FROM User WHERE id = :tmpVar1
14:35:47.0 (17549179)|SOQL_EXECUTE_END|[16]|Rows:1
14:35:47.0 (22998199)|SOQL_EXECUTE_BEGIN|[37]|Aggregations:0|SELECT CreatedDate,Created_Date__c,Id,LastModifiedDate,MessageId__c,Message_Text_New__c,Name,OwnerId,Read__c,Related_Object_Id__c,Related_Object__c,Sender_Number__c, Sender_Name__c,ToNumber__c,Attachments_Ids__c FROM Message__c WHERE Name = 'Incoming' AND Read__c = false ORDER BY CreatedDate Desc limit 100
14:35:47.0 (39133372)|SOQL_EXECUTE_END|[37]|Rows:100
14:35:47.0 (55583436)|ENTERING_MANAGED_PKG|tdc_tsw
14:35:47.0 (57253844)|ENTERING_MANAGED_PKG|tdc_tsw
14:35:47.0 (57729026)|ENTERING_MANAGED_PKG|tdc_tsw
14:35:47.0 (58390092)|ENTERING_MANAGED_PKG|tdc_tsw
14:35:47.0 (61094032)|ENTERING_MANAGED_PKG|tdc_tsw
14:35:47.0 (61854139)|ENTERING_MANAGED_PKG|tdc_tsw
14:35:47.0 (62083500)|ENTERING_MANAGED_PKG|tdc_tsw
14:35:47.0 (62478748)|ENTERING_MANAGED_PKG|tdc_tsw
14:35:47.0 (63550196)|ENTERING_MANAGED_PKG|tdc_tsw
14:35:47.0 (64285049)|ENTERING_MANAGED_PKG|tdc_tsw
14:35:47.0 (64514535)|ENTERING_MANAGED_PKG|tdc_tsw
14:35:47.0 (64894713)|ENTERING_MANAGED_PKG|tdc_tsw
14:35:47.0 (65957943)|ENTERING_MANAGED_PKG|tdc_tsw
14:35:47.0 (66677728)|ENTERING_MANAGED_PKG|tdc_tsw
14:35:47.0 (66904966)|ENTERING_MANAGED_PKG|tdc_tsw
14:35:47.0 (67289530)|ENTERING_MANAGED_PKG|tdc_tsw
14:35:47.0 (68345440)|ENTERING_MANAGED_PKG|tdc_tsw
14:35:47.0 (69071082)|ENTERING_MANAGED_PKG|tdc_tsw
14:35:47.0 (69304522)|ENTERING_MANAGED_PKG|tdc_tsw
14:35:47.0 (69681213)|ENTERING_MANAGED_PKG|tdc_tsw
14:35:47.0 (70893606)|ENTERING_MANAGED_PKG|tdc_tsw
14:35:47.0 (71625234)|ENTERING_MANAGED_PKG|tdc_tsw
14:35:47.0 (71850394)|ENTERING_MANAGED_PKG|tdc_tsw
14:35:47.0 (72225961)|ENTERING_MANAGED_PKG|tdc_tsw
14:35:47.0 (73287172)|ENTERING_MANAGED_PKG|tdc_tsw
14:35:47.0 (73997557)|ENTERING_MANAGED_PKG|tdc_tsw
14:35:47.0 (74222625)|ENTERING_MANAGED_PKG|tdc_tsw
14:35:47.0 (74608310)|ENTERING_MANAGED_PKG|tdc_tsw
14:35:47.0 (75992292)|ENTERING_MANAGED_PKG|tdc_tsw
14:35:47.0 (76909818)|ENTERING_MANAGED_PKG|tdc_tsw
14:35:47.0 (77160058)|ENTERING_MANAGED_PKG|tdc_tsw
14:35:47.0 (77587280)|ENTERING_MANAGED_PKG|tdc_tsw
14:35:47.0 (78677624)|ENTERING_MANAGED_PKG|tdc_tsw
14:35:47.0 (79405729)|ENTERING_MANAGED_PKG|tdc_tsw
14:35:47.0 (79632508)|ENTERING_MANAGED_PKG|tdc_tsw
14:35:47.0 (80009059)|ENTERING_MANAGED_PKG|tdc_tsw
14:35:47.0 (81071764)|ENTERING_MANAGED_PKG|tdc_tsw
14:35:47.0 (81834629)|ENTERING_MANAGED_PKG|tdc_tsw
14:35:47.0 (82051939)|ENTERING_MANAGED_PKG|tdc_tsw
14:35:47.0 (82496076)|ENTERING_MANAGED_PKG|tdc_tsw
14:35:47.0 (83647791)|ENTERING_MANAGED_PKG|tdc_tsw
14:35:47.0 (84411790)|ENTERING_MANAGED_PKG|tdc_tsw
14:35:47.0 (84651054)|ENTERING_MANAGED_PKG|tdc_tsw
14:35:47.0 (85063379)|ENTERING_MANAGED_PKG|tdc_tsw
14:35:47.0 (86207978)|ENTERING_MANAGED_PKG|tdc_tsw
14:35:47.0 (86972585)|ENTERING_MANAGED_PKG|tdc_tsw
14:35:47.0 (87212712)|ENTERING_MANAGED_PKG|tdc_tsw
14:35:47.0 (87628649)|ENTERING_MANAGED_PKG|tdc_tsw
14:35:47.0 (88684782)|ENTERING_MANAGED_PKG|tdc_tsw
14:35:47.0 (89402580)|ENTERING_MANAGED_PKG|tdc_tsw
14:35:47.0 (89628266)|ENTERING_MANAGED_PKG|tdc_tsw
14:35:47.0 (90004863)|ENTERING_MANAGED_PKG|tdc_tsw
14:35:47.0 (91061302)|ENTERING_MANAGED_PKG|tdc_tsw
14:35:47.0 (91782887)|ENTERING_MANAGED_PKG|tdc_tsw
14:35:47.0 (92007374)|ENTERING_MANAGED_PKG|tdc_tsw
14:35:47.0 (92392864)|ENTERING_MANAGED_PKG|tdc_tsw
14:35:47.0 (93443598)|ENTERING_MANAGED_PKG|tdc_tsw
14:35:47.0 (94156014)|ENTERING_MANAGED_PKG|tdc_tsw
14:35:47.0 (94387704)|ENTERING_MANAGED_PKG|tdc_tsw
14:35:47.0 (94765050)|ENTERING_MANAGED_PKG|tdc_tsw
14:35:47.0 (95817530)|ENTERING_MANAGED_PKG|tdc_tsw
14:35:47.0 (96537489)|ENTERING_MANAGED_PKG|tdc_tsw
14:35:47.0 (96762800)|ENTERING_MANAGED_PKG|tdc_tsw
14:35:47.0 (97140612)|ENTERING_MANAGED_PKG|tdc_tsw
14:35:47.0 (98198108)|ENTERING_MANAGED_PKG|tdc_tsw
14:35:47.0 (98917717)|ENTERING_MANAGED_PKG|tdc_tsw
14:35:47.0 (99143333)|ENTERING_MANAGED_PKG|tdc_tsw
14:35:47.0 (99529182)|ENTERING_MANAGED_PKG|tdc_tsw
14:35:47.0 (100583123)|ENTERING_MANAGED_PKG|tdc_tsw
14:35:47.0 (101304636)|ENTERING_MANAGED_PKG|tdc_tsw
14:35:47.0 (101531785)|ENTERING_MANAGED_PKG|tdc_tsw
14:35:47.0 (101910209)|ENTERING_MANAGED_PKG|tdc_tsw
14:35:47.0 (102965770)|ENTERING_MANAGED_PKG|tdc_tsw
14:35:47.0 (103684750)|ENTERING_MANAGED_PKG|tdc_tsw
14:35:47.0 (103910615)|ENTERING_MANAGED_PKG|tdc_tsw
14:35:47.0 (104293948)|ENTERING_MANAGED_PKG|tdc_tsw
14:35:47.0 (105348049)|ENTERING_MANAGED_PKG|tdc_tsw
14:35:47.0 (106062036)|ENTERING_MANAGED_PKG|tdc_tsw
14:35:47.0 (106316055)|ENTERING_MANAGED_PKG|tdc_tsw
14:35:47.0 (106694643)|ENTERING_MANAGED_PKG|tdc_tsw
14:35:47.0 (107750486)|ENTERING_MANAGED_PKG|tdc_tsw
14:35:47.0 (108485992)|ENTERING_MANAGED_PKG|tdc_tsw
14:35:47.0 (108712627)|ENTERING_MANAGED_PKG|tdc_tsw
14:35:47.0 (109093150)|ENTERING_MANAGED_PKG|tdc_tsw
14:35:47.0 (110150939)|ENTERING_MANAGED_PKG|tdc_tsw
14:35:47.0 (110863477)|ENTERING_MANAGED_PKG|tdc_tsw
14:35:47.0 (111088274)|ENTERING_MANAGED_PKG|tdc_tsw
14:35:47.0 (111472820)|ENTERING_MANAGED_PKG|tdc_tsw
14:35:47.0 (112527868)|ENTERING_MANAGED_PKG|tdc_tsw
14:35:47.0 (113232317)|ENTERING_MANAGED_PKG|tdc_tsw
14:35:47.0 (113465320)|ENTERING_MANAGED_PKG|tdc_tsw
14:35:47.0 (113842379)|ENTERING_MANAGED_PKG|tdc_tsw
14:35:47.0 (114894034)|ENTERING_MANAGED_PKG|tdc_tsw
14:35:47.0 (115613895)|ENTERING_MANAGED_PKG|tdc_tsw
14:35:47.0 (115838291)|ENTERING_MANAGED_PKG|tdc_tsw
14:35:47.0 (116215163)|ENTERING_MANAGED_PKG|tdc_tsw
14:35:47.0 (117276287)|ENTERING_MANAGED_PKG|tdc_tsw
14:35:47.0 (117987297)|ENTERING_MANAGED_PKG|tdc_tsw
14:35:47.0 (118213289)|ENTERING_MANAGED_PKG|tdc_tsw
14:35:47.0 (118597199)|ENTERING_MANAGED_PKG|tdc_tsw
14:35:47.0 (119650776)|ENTERING_MANAGED_PKG|tdc_tsw
14:35:47.0 (120368740)|ENTERING_MANAGED_PKG|tdc_tsw
14:35:47.0 (120594870)|ENTERING_MANAGED_PKG|tdc_tsw
14:35:47.0 (120969986)|ENTERING_MANAGED_PKG|tdc_tsw
14:35:47.0 (122028074)|ENTERING_MANAGED_PKG|tdc_tsw
14:35:47.0 (122744839)|ENTERING_MANAGED_PKG|tdc_tsw
14:35:47.0 (122968252)|ENTERING_MANAGED_PKG|tdc_tsw
14:35:47.0 (123351564)|ENTERING_MANAGED_PKG|tdc_tsw
14:35:47.0 (124411667)|ENTERING_MANAGED_PKG|tdc_tsw
14:35:47.0 (125155356)|ENTERING_MANAGED_PKG|tdc_tsw
14:35:47.0 (125403437)|ENTERING_MANAGED_PKG|tdc_tsw
14:35:47.0 (125806023)|ENTERING_MANAGED_PKG|tdc_tsw
14:35:47.0 (126935202)|ENTERING_MANAGED_PKG|tdc_tsw
14:35:47.0 (127689031)|ENTERING_MANAGED_PKG|tdc_tsw
14:35:47.0 (127925234)|ENTERING_MANAGED_PKG|tdc_tsw
14:35:47.0 (128335874)|ENTERING_MANAGED_PKG|tdc_tsw
14:35:47.0 (129462827)|ENTERING_MANAGED_PKG|tdc_tsw
14:35:47.0 (130207982)|ENTERING_MANAGED_PKG|tdc_tsw
14:35:47.0 (130456555)|ENTERING_MANAGED_PKG|tdc_tsw
14:35:47.0 (130860744)|ENTERING_MANAGED_PKG|tdc_tsw
14:35:47.0 (132309805)|ENTERING_MANAGED_PKG|tdc_tsw
14:35:47.0 (133052882)|ENTERING_MANAGED_PKG|tdc_tsw
14:35:47.0 (133306433)|ENTERING_MANAGED_PKG|tdc_tsw
14:35:47.0 (133710895)|ENTERING_MANAGED_PKG|tdc_tsw
14:35:47.0 (134845363)|ENTERING_MANAGED_PKG|tdc_tsw
14:35:47.0 (135598959)|ENTERING_MANAGED_PKG|tdc_tsw
14:35:47.0 (135840290)|ENTERING_MANAGED_PKG|tdc_tsw
14:35:47.0 (136248326)|ENTERING_MANAGED_PKG|tdc_tsw
14:35:47.0 (137393905)|ENTERING_MANAGED_PKG|tdc_tsw
14:35:47.0 (138143142)|ENTERING_MANAGED_PKG|tdc_tsw
14:35:47.0 (138391598)|ENTERING_MANAGED_PKG|tdc_tsw
14:35:47.0 (138798843)|ENTERING_MANAGED_PKG|tdc_tsw
14:35:47.0 (139929491)|ENTERING_MANAGED_PKG|tdc_tsw
14:35:47.0 (140687750)|ENTERING_MANAGED_PKG|tdc_tsw
14:35:47.0 (140928104)|ENTERING_MANAGED_PKG|tdc_tsw
14:35:47.0 (141340670)|ENTERING_MANAGED_PKG|tdc_tsw
14:35:47.0 (142471835)|ENTERING_MANAGED_PKG|tdc_tsw
14:35:47.0 (143214034)|ENTERING_MANAGED_PKG|tdc_tsw
14:35:47.0 (143459996)|ENTERING_MANAGED_PKG|tdc_tsw
14:35:47.0 (143873309)|ENTERING_MANAGED_PKG|tdc_tsw
14:35:47.0 (145001816)|ENTERING_MANAGED_PKG|tdc_tsw
14:35:47.0 (145753156)|ENTERING_MANAGED_PKG|tdc_tsw
14:35:47.0 (145995036)|ENTERING_MANAGED_PKG|tdc_tsw
14:35:47.0 (146407017)|ENTERING_MANAGED_PKG|tdc_tsw
14:35:47.0 (147539828)|ENTERING_MANAGED_PKG|tdc_tsw
14:35:47.0 (148296602)|ENTERING_MANAGED_PKG|tdc_tsw
14:35:47.0 (148534778)|ENTERING_MANAGED_PKG|tdc_tsw
14:35:47.0 (148942900)|ENTERING_MANAGED_PKG|tdc_tsw
14:35:47.0 (150077891)|ENTERING_MANAGED_PKG|tdc_tsw
14:35:47.0 (150827675)|ENTERING_MANAGED_PKG|tdc_tsw
14:35:47.0 (151066908)|ENTERING_MANAGED_PKG|tdc_tsw
14:35:47.0 (151478054)|ENTERING_MANAGED_PKG|tdc_tsw
14:35:47.0 (152608092)|ENTERING_MANAGED_PKG|tdc_tsw
14:35:47.0 (153365514)|ENTERING_MANAGED_PKG|tdc_tsw
14:35:47.0 (153605868)|ENTERING_MANAGED_PKG|tdc_tsw
14:35:47.0 (154012616)|ENTERING_MANAGED_PKG|tdc_tsw
14:35:47.0 (155149723)|ENTERING_MANAGED_PKG|tdc_tsw
14:35:47.0 (155904722)|ENTERING_MANAGED_PKG|tdc_tsw
14:35:47.0 (156145168)|ENTERING_MANAGED_PKG|tdc_tsw
14:35:47.0 (156554783)|ENTERING_MANAGED_PKG|tdc_tsw
14:35:47.0 (157703271)|ENTERING_MANAGED_PKG|tdc_tsw
14:35:47.0 (158474651)|ENTERING_MANAGED_PKG|tdc_tsw
14:35:47.0 (158719413)|ENTERING_MANAGED_PKG|tdc_tsw
14:35:47.0 (159123245)|ENTERING_MANAGED_PKG|tdc_tsw
14:35:47.0 (160255469)|ENTERING_MANAGED_PKG|tdc_tsw
14:35:47.0 (161010658)|ENTERING_MANAGED_PKG|tdc_tsw
14:35:47.0 (161249963)|ENTERING_MANAGED_PKG|tdc_tsw
14:35:47.0 (161725157)|ENTERING_MANAGED_PKG|tdc_tsw
14:35:47.0 (162844475)|ENTERING_MANAGED_PKG|tdc_tsw
14:35:47.0 (163565478)|ENTERING_MANAGED_PKG|tdc_tsw
14:35:47.0 (163791079)|ENTERING_MANAGED_PKG|tdc_tsw
14:35:47.0 (164168026)|ENTERING_MANAGED_PKG|tdc_tsw
14:35:47.0 (165293499)|ENTERING_MANAGED_PKG|tdc_tsw
14:35:47.0 (166016129)|ENTERING_MANAGED_PKG|tdc_tsw
14:35:47.0 (166240982)|ENTERING_MANAGED_PKG|tdc_tsw
14:35:47.0 (166624474)|ENTERING_MANAGED_PKG|tdc_tsw
14:35:47.0 (167682171)|ENTERING_MANAGED_PKG|tdc_tsw
14:35:47.0 (168404099)|ENTERING_MANAGED_PKG|tdc_tsw
14:35:47.0 (168630191)|ENTERING_MANAGED_PKG|tdc_tsw
14:35:47.0 (169006744)|ENTERING_MANAGED_PKG|tdc_tsw
14:35:47.0 (170062401)|ENTERING_MANAGED_PKG|tdc_tsw
14:35:47.0 (170781586)|ENTERING_MANAGED_PKG|tdc_tsw
14:35:47.0 (171005735)|ENTERING_MANAGED_PKG|tdc_tsw
14:35:47.0 (171391505)|ENTERING_MANAGED_PKG|tdc_tsw
14:35:47.0 (172451317)|ENTERING_MANAGED_PKG|tdc_tsw
14:35:47.0 (173159492)|ENTERING_MANAGED_PKG|tdc_tsw
14:35:47.0 (173394311)|ENTERING_MANAGED_PKG|tdc_tsw
14:35:47.0 (173770622)|ENTERING_MANAGED_PKG|tdc_tsw
14:35:47.0 (174825941)|ENTERING_MANAGED_PKG|tdc_tsw
14:35:47.0 (175539644)|ENTERING_MANAGED_PKG|tdc_tsw
14:35:47.0 (175764990)|ENTERING_MANAGED_PKG|tdc_tsw
14:35:47.0 (176142907)|ENTERING_MANAGED_PKG|tdc_tsw
14:35:47.0 (177197724)|ENTERING_MANAGED_PKG|tdc_tsw
14:35:47.0 (177912337)|ENTERING_MANAGED_PKG|tdc_tsw
14:35:47.0 (178137880)|ENTERING_MANAGED_PKG|tdc_tsw
14:35:47.0 (178520872)|ENTERING_MANAGED_PKG|tdc_tsw
14:35:47.0 (179574986)|ENTERING_MANAGED_PKG|tdc_tsw
14:35:47.0 (180290938)|ENTERING_MANAGED_PKG|tdc_tsw
14:35:47.0 (180518268)|ENTERING_MANAGED_PKG|tdc_tsw
14:35:47.0 (180895932)|ENTERING_MANAGED_PKG|tdc_tsw
14:35:47.0 (181948430)|ENTERING_MANAGED_PKG|tdc_tsw
14:35:47.0 (182663563)|ENTERING_MANAGED_PKG|tdc_tsw
14:35:47.0 (182888999)|ENTERING_MANAGED_PKG|tdc_tsw
14:35:47.0 (183274989)|ENTERING_MANAGED_PKG|tdc_tsw
14:35:47.0 (184334088)|ENTERING_MANAGED_PKG|tdc_tsw
14:35:47.0 (185041146)|ENTERING_MANAGED_PKG|tdc_tsw
14:35:47.0 (185272834)|ENTERING_MANAGED_PKG|tdc_tsw
14:35:47.0 (185651634)|ENTERING_MANAGED_PKG|tdc_tsw
14:35:47.0 (186708985)|ENTERING_MANAGED_PKG|tdc_tsw
14:35:47.0 (187430434)|ENTERING_MANAGED_PKG|tdc_tsw
14:35:47.0 (187656078)|ENTERING_MANAGED_PKG|tdc_tsw
14:35:47.0 (188032654)|ENTERING_MANAGED_PKG|tdc_tsw
14:35:47.0 (189101411)|ENTERING_MANAGED_PKG|tdc_tsw
14:35:47.0 (189815834)|ENTERING_MANAGED_PKG|tdc_tsw
14:35:47.0 (190039798)|ENTERING_MANAGED_PKG|tdc_tsw
14:35:47.0 (190427575)|ENTERING_MANAGED_PKG|tdc_tsw
14:35:47.0 (191488600)|ENTERING_MANAGED_PKG|tdc_tsw
14:35:47.0 (192200457)|ENTERING_MANAGED_PKG|tdc_tsw
14:35:47.0 (192436273)|ENTERING_MANAGED_PKG|tdc_tsw
14:35:47.0 (192814029)|ENTERING_MANAGED_PKG|tdc_tsw
14:35:47.0 (193874448)|ENTERING_MANAGED_PKG|tdc_tsw
14:35:47.0 (194607206)|ENTERING_MANAGED_PKG|tdc_tsw
14:35:47.0 (194833084)|ENTERING_MANAGED_PKG|tdc_tsw
14:35:47.0 (195207652)|ENTERING_MANAGED_PKG|tdc_tsw
14:35:47.0 (196270817)|ENTERING_MANAGED_PKG|tdc_tsw
14:35:47.0 (196984261)|ENTERING_MANAGED_PKG|tdc_tsw
14:35:47.0 (197209940)|ENTERING_MANAGED_PKG|tdc_tsw
14:35:47.0 (197598181)|ENTERING_MANAGED_PKG|tdc_tsw
14:35:47.0 (198653498)|ENTERING_MANAGED_PKG|tdc_tsw
14:35:47.0 (199369688)|ENTERING_MANAGED_PKG|tdc_tsw
14:35:47.0 (199595502)|ENTERING_MANAGED_PKG|tdc_tsw
14:35:47.0 (199971463)|ENTERING_MANAGED_PKG|tdc_tsw
14:35:47.0 (201024407)|ENTERING_MANAGED_PKG|tdc_tsw
14:35:47.0 (201751679)|ENTERING_MANAGED_PKG|tdc_tsw
14:35:47.0 (201977151)|ENTERING_MANAGED_PKG|tdc_tsw
14:35:47.0 (202362334)|ENTERING_MANAGED_PKG|tdc_tsw
14:35:47.0 (203418690)|ENTERING_MANAGED_PKG|tdc_tsw
14:35:47.0 (204129595)|ENTERING_MANAGED_PKG|tdc_tsw
14:35:47.0 (204363703)|ENTERING_MANAGED_PKG|tdc_tsw
14:35:47.0 (204742343)|ENTERING_MANAGED_PKG|tdc_tsw
14:35:47.0 (205797756)|ENTERING_MANAGED_PKG|tdc_tsw
14:35:47.0 (206519404)|ENTERING_MANAGED_PKG|tdc_tsw
14:35:47.0 (206746527)|ENTERING_MANAGED_PKG|tdc_tsw
14:35:47.0 (207123292)|ENTERING_MANAGED_PKG|tdc_tsw
14:35:47.0 (208174808)|ENTERING_MANAGED_PKG|tdc_tsw
14:35:47.0 (208892960)|ENTERING_MANAGED_PKG|tdc_tsw
14:35:47.0 (209116558)|ENTERING_MANAGED_PKG|tdc_tsw
14:35:47.0 (209502440)|ENTERING_MANAGED_PKG|tdc_tsw
14:35:47.0 (210559168)|ENTERING_MANAGED_PKG|tdc_tsw
14:35:47.0 (211281712)|ENTERING_MANAGED_PKG|tdc_tsw
14:35:47.0 (211507370)|ENTERING_MANAGED_PKG|tdc_tsw
14:35:47.0 (211885366)|ENTERING_MANAGED_PKG|tdc_tsw
14:35:47.0 (212937499)|ENTERING_MANAGED_PKG|tdc_tsw
14:35:47.0 (213658108)|ENTERING_MANAGED_PKG|tdc_tsw
14:35:47.0 (213883926)|ENTERING_MANAGED_PKG|tdc_tsw
14:35:47.0 (214271553)|ENTERING_MANAGED_PKG|tdc_tsw
14:35:47.0 (215325928)|ENTERING_MANAGED_PKG|tdc_tsw
14:35:47.0 (216036395)|ENTERING_MANAGED_PKG|tdc_tsw
14:35:47.0 (216269928)|ENTERING_MANAGED_PKG|tdc_tsw
14:35:47.0 (216649372)|ENTERING_MANAGED_PKG|tdc_tsw
14:35:47.0 (218024081)|ENTERING_MANAGED_PKG|tdc_tsw
14:35:47.0 (219118321)|ENTERING_MANAGED_PKG|tdc_tsw
14:35:47.0 (219204992)|ENTERING_MANAGED_PKG|tdc_tsw
14:35:47.0 (219951779)|SOQL_EXECUTE_BEGIN|[200]|Aggregations:0|SELECT Name, NamespacePrefix, SystemModStamp FROM StaticResource WHERE Name LIKE :tmpVar1 LIMIT 10
14:35:47.0 (226475637)|SOQL_EXECUTE_END|[200]|Rows:1
14:35:47.0 (227515011)|ENTERING_MANAGED_PKG|tdc_tsw
14:35:47.0 (228025246)|SOQL_EXECUTE_BEGIN|[200]|Aggregations:0|SELECT Name, NamespacePrefix, SystemModStamp FROM StaticResource WHERE Name LIKE :tmpVar1 LIMIT 10
14:35:47.0 (231505918)|SOQL_EXECUTE_END|[200]|Rows:1
14:35:47.0 (231965405)|ENTERING_MANAGED_PKG|tdc_tsw
14:35:47.0 (235605384)|ENTERING_MANAGED_PKG|tdc_tsw
14:35:47.0 (237238175)|ENTERING_MANAGED_PKG|tdc_tsw
14:35:47.0 (237561383)|ENTERING_MANAGED_PKG|tdc_tsw
14:35:47.0 (238650773)|ENTERING_MANAGED_PKG|tdc_tsw
14:35:47.0 (239161550)|SOQL_EXECUTE_BEGIN|[200]|Aggregations:0|SELECT Name, NamespacePrefix, SystemModStamp FROM StaticResource WHERE Name LIKE :tmpVar1 LIMIT 10
14:35:47.0 (242229267)|SOQL_EXECUTE_END|[200]|Rows:1
14:35:47.255 (255176740)|USER_INFO|[EXTERNAL]|0051H000009gxp8|chanida.dev2@solvedbysoftwareco.com|Eastern Standard Time|GMT-05:00
14:35:47.255 (603465670)|ENTERING_MANAGED_PKG|tdc_tsw
14:35:47.255 (603871274)|ENTERING_MANAGED_PKG|tdc_tsw
14:35:47.255 (690371826)|SOQL_EXECUTE_BEGIN|[355]|Aggregations:0|SELECT id, name, Disable_Incoming_SMS_Sharing__c FROM User WHERE id = :tmpVar1
14:35:47.255 (697713306)|SOQL_EXECUTE_END|[355]|Rows:1
14:35:47.255 (699283768)|SOQL_EXECUTE_BEGIN|[367]|Aggregations:0|SELECT CreatedDate,Id,LastModifiedDate,Related_Object_Id__c FROM Message__c WHERE Name = 'Incoming' AND Read__c = false ORDER BY CreatedDate Desc limit 100
14:35:47.255 (714417698)|SOQL_EXECUTE_END|[367]|Rows:100
