44.0 APEX_CODE,FINEST;APEX_PROFILING,INFO;CALLOUT,INFO;DB,INFO;NBA,INFO;SYSTEM,DEBUG;VALIDATION,INFO;VISUALFORCE,INFO;WAVE,INFO;WORKFLOW,INFO
19:59:02.0 (559803)|USER_INFO|[EXTERNAL]|0051H000009gxp8|chanida.dev2@solvedbysoftwareco.com|Eastern Standard Time|GMT-05:00
19:59:02.0 (2607470)|ENTERING_MANAGED_PKG|tdc_tsw
19:59:02.0 (3046118)|ENTERING_MANAGED_PKG|tdc_tsw
19:59:02.0 (7204925)|SOQL_EXECUTE_BEGIN|[16]|Aggregations:0|SELECT id, name, Disable_Incoming_SMS_Sharing__c FROM User WHERE id = :tmpVar1
19:59:02.0 (14463126)|SOQL_EXECUTE_END|[16]|Rows:1
19:59:02.0 (20855997)|SOQL_EXECUTE_BEGIN|[37]|Aggregations:0|SELECT CreatedDate,Created_Date__c,Id,LastModifiedDate,MessageId__c,Message_Text_New__c,Name,OwnerId,Read__c,Related_Object_Id__c,Related_Object__c,Sender_Number__c, Sender_Name__c,ToNumber__c,Attachments_Ids__c FROM Message__c WHERE Name = 'Incoming' AND Read__c = false ORDER BY CreatedDate Desc limit 100
19:59:02.0 (36826950)|SOQL_EXECUTE_END|[37]|Rows:84
19:59:02.0 (52161355)|ENTERING_MANAGED_PKG|tdc_tsw
19:59:02.0 (53889700)|ENTERING_MANAGED_PKG|tdc_tsw
19:59:02.0 (54391181)|ENTERING_MANAGED_PKG|tdc_tsw
19:59:02.0 (55092099)|ENTERING_MANAGED_PKG|tdc_tsw
19:59:02.0 (57878714)|ENTERING_MANAGED_PKG|tdc_tsw
19:59:02.0 (58692738)|ENTERING_MANAGED_PKG|tdc_tsw
19:59:02.0 (58941627)|ENTERING_MANAGED_PKG|tdc_tsw
19:59:02.0 (59367187)|ENTERING_MANAGED_PKG|tdc_tsw
19:59:02.0 (60542564)|ENTERING_MANAGED_PKG|tdc_tsw
19:59:02.0 (61326896)|ENTERING_MANAGED_PKG|tdc_tsw
19:59:02.0 (61580656)|ENTERING_MANAGED_PKG|tdc_tsw
19:59:02.0 (61997960)|ENTERING_MANAGED_PKG|tdc_tsw
19:59:02.0 (63159056)|ENTERING_MANAGED_PKG|tdc_tsw
19:59:02.0 (63943482)|ENTERING_MANAGED_PKG|tdc_tsw
19:59:02.0 (64187995)|ENTERING_MANAGED_PKG|tdc_tsw
19:59:02.0 (64616278)|ENTERING_MANAGED_PKG|tdc_tsw
19:59:02.0 (65779561)|ENTERING_MANAGED_PKG|tdc_tsw
19:59:02.0 (66580629)|ENTERING_MANAGED_PKG|tdc_tsw
19:59:02.0 (66801456)|ENTERING_MANAGED_PKG|tdc_tsw
19:59:02.0 (67213100)|ENTERING_MANAGED_PKG|tdc_tsw
19:59:02.0 (68371355)|ENTERING_MANAGED_PKG|tdc_tsw
19:59:02.0 (69169913)|ENTERING_MANAGED_PKG|tdc_tsw
19:59:02.0 (69415503)|ENTERING_MANAGED_PKG|tdc_tsw
19:59:02.0 (69840319)|ENTERING_MANAGED_PKG|tdc_tsw
19:59:02.0 (71001541)|ENTERING_MANAGED_PKG|tdc_tsw
19:59:02.0 (71798233)|ENTERING_MANAGED_PKG|tdc_tsw
19:59:02.0 (72014628)|ENTERING_MANAGED_PKG|tdc_tsw
19:59:02.0 (72431189)|ENTERING_MANAGED_PKG|tdc_tsw
19:59:02.0 (73597330)|ENTERING_MANAGED_PKG|tdc_tsw
19:59:02.0 (74383543)|ENTERING_MANAGED_PKG|tdc_tsw
19:59:02.0 (74609882)|ENTERING_MANAGED_PKG|tdc_tsw
19:59:02.0 (75027542)|ENTERING_MANAGED_PKG|tdc_tsw
19:59:02.0 (76190067)|ENTERING_MANAGED_PKG|tdc_tsw
19:59:02.0 (76986105)|ENTERING_MANAGED_PKG|tdc_tsw
19:59:02.0 (77232136)|ENTERING_MANAGED_PKG|tdc_tsw
19:59:02.0 (77949001)|ENTERING_MANAGED_PKG|tdc_tsw
19:59:02.0 (79210641)|ENTERING_MANAGED_PKG|tdc_tsw
19:59:02.0 (80007356)|ENTERING_MANAGED_PKG|tdc_tsw
19:59:02.0 (80253162)|ENTERING_MANAGED_PKG|tdc_tsw
19:59:02.0 (80798708)|ENTERING_MANAGED_PKG|tdc_tsw
19:59:02.0 (82974895)|ENTERING_MANAGED_PKG|tdc_tsw
19:59:02.0 (83766763)|ENTERING_MANAGED_PKG|tdc_tsw
19:59:02.0 (83844595)|ENTERING_MANAGED_PKG|tdc_tsw
19:59:02.0 (84455379)|SOQL_EXECUTE_BEGIN|[200]|Aggregations:0|SELECT Name, NamespacePrefix, SystemModStamp FROM StaticResource WHERE Name LIKE :tmpVar1 LIMIT 10
19:59:02.0 (88195808)|SOQL_EXECUTE_END|[200]|Rows:1
19:59:02.0 (89503613)|ENTERING_MANAGED_PKG|tdc_tsw
19:59:02.0 (90226288)|SOQL_EXECUTE_BEGIN|[200]|Aggregations:0|SELECT Name, NamespacePrefix, SystemModStamp FROM StaticResource WHERE Name LIKE :tmpVar1 LIMIT 10
19:59:02.0 (93633621)|SOQL_EXECUTE_END|[200]|Rows:1
19:59:02.0 (94045787)|ENTERING_MANAGED_PKG|tdc_tsw
19:59:02.0 (98067893)|ENTERING_MANAGED_PKG|tdc_tsw
19:59:02.0 (99641106)|ENTERING_MANAGED_PKG|tdc_tsw
19:59:02.0 (99952775)|ENTERING_MANAGED_PKG|tdc_tsw
19:59:02.0 (100845069)|ENTERING_MANAGED_PKG|tdc_tsw
19:59:02.0 (101273636)|SOQL_EXECUTE_BEGIN|[200]|Aggregations:0|SELECT Name, NamespacePrefix, SystemModStamp FROM StaticResource WHERE Name LIKE :tmpVar1 LIMIT 10
19:59:02.0 (103967902)|SOQL_EXECUTE_END|[200]|Rows:1
19:59:02.120 (120421444)|USER_INFO|[EXTERNAL]|0051H000009gxp8|chanida.dev2@solvedbysoftwareco.com|Eastern Standard Time|GMT-05:00
19:59:02.120 (121970630)|ENTERING_MANAGED_PKG|tdc_tsw
19:59:02.120 (122165140)|ENTERING_MANAGED_PKG|tdc_tsw
19:59:02.120 (124700318)|SOQL_EXECUTE_BEGIN|[355]|Aggregations:0|SELECT id, name, Disable_Incoming_SMS_Sharing__c FROM User WHERE id = :tmpVar1
19:59:02.120 (131170567)|SOQL_EXECUTE_END|[355]|Rows:1
19:59:02.120 (132197201)|SOQL_EXECUTE_BEGIN|[367]|Aggregations:0|SELECT CreatedDate,Id,LastModifiedDate,Related_Object_Id__c FROM Message__c WHERE Name = 'Incoming' AND Read__c = false ORDER BY CreatedDate Desc limit 100
19:59:02.120 (140020611)|SOQL_EXECUTE_END|[367]|Rows:84
