44.0 APEX_CODE,FINEST;APEX_PROFILING,INFO;CALLOUT,INFO;DB,INFO;NBA,INFO;SYSTEM,DEBUG;VALIDATION,INFO;VISUALFORCE,INFO;WAVE,INFO;WORKFLOW,INFO
23:11:16.0 (139397)|USER_INFO|[EXTERNAL]|0051H000009gxp8|chanida.dev2@solvedbysoftwareco.com|Eastern Standard Time|GMT-05:00
23:11:16.0 (2861025)|ENTERING_MANAGED_PKG|tdc_tsw
23:11:16.0 (3019757)|ENTERING_MANAGED_PKG|tdc_tsw
23:11:16.0 (3475321)|ENTERING_MANAGED_PKG|tdc_tsw
23:11:16.0 (3518951)|ENTERING_MANAGED_PKG|tdc_tsw
23:11:16.0 (4236090)|ENTERING_MANAGED_PKG|tdc_tsw
23:11:16.0 (4872897)|ENTERING_MANAGED_PKG|tdc_tsw
23:11:16.0 (6380530)|ENTERING_MANAGED_PKG|tdc_tsw
23:11:16.0 (6453581)|ENTERING_MANAGED_PKG|tdc_tsw
23:11:16.0 (7821086)|ENTERING_MANAGED_PKG|tdc_tsw
23:11:16.0 (14068168)|SOQL_EXECUTE_BEGIN|[82]|Aggregations:0|SELECT CreatedDate, Id,Task_Created__c,Event_Created__c,isCaseCreated__c,Task_Id__c,Event_Id__c,Case__c, Important__c, Delivered__c, Message_Text_New__c, Name, Owner.Name, Read__c,MessageId__c, ToNumber__c, Related_Object_Id__c, Related_Object__c, Sender_Number__c, LastModifiedDate, Attachments_Ids__c FROM Message__c WHERE Contact__c =: recordId ORDER BY CreatedDate Desc limit 200
23:11:16.0 (27036496)|SOQL_EXECUTE_END|[82]|Rows:2
23:11:16.0 (28370040)|ENTERING_MANAGED_PKG|tdc_tsw
23:11:16.0 (28653962)|ENTERING_MANAGED_PKG|tdc_tsw
23:11:16.0 (28737761)|ENTERING_MANAGED_PKG|tdc_tsw
23:11:16.0 (29291820)|SOQL_EXECUTE_BEGIN|[200]|Aggregations:0|SELECT Name, NamespacePrefix, SystemModStamp FROM StaticResource WHERE Name LIKE :tmpVar1 LIMIT 10
23:11:16.0 (32230809)|SOQL_EXECUTE_END|[200]|Rows:1
23:11:16.0 (34063525)|ENTERING_MANAGED_PKG|tdc_tsw
23:11:16.0 (35501129)|ENTERING_MANAGED_PKG|tdc_tsw
23:11:16.0 (35547008)|ENTERING_MANAGED_PKG|tdc_tsw
23:11:16.0 (37287558)|ENTERING_MANAGED_PKG|tdc_tsw
23:11:16.0 (38038551)|ENTERING_MANAGED_PKG|tdc_tsw
23:11:16.0 (42418595)|SOQL_EXECUTE_BEGIN|[172]|Aggregations:0|SELECT id, name FROM ChatTranscript__c WHERE (Chat_Active__c = TRUE AND (Related_Object_Id__c = :tmpVar1 OR Related_Object_Id__c = :tmpVar2)) LIMIT 1
23:11:16.0 (45935349)|SOQL_EXECUTE_END|[172]|Rows:0
23:11:16.0 (46279252)|ENTERING_MANAGED_PKG|tdc_tsw
23:11:16.0 (46317859)|ENTERING_MANAGED_PKG|tdc_tsw
