44.0 APEX_CODE,FINEST;APEX_PROFILING,INFO;CALLOUT,INFO;DB,INFO;NBA,INFO;SYSTEM,DEBUG;VALIDATION,INFO;VISUALFORCE,INFO;WAVE,INFO;WORKFLOW,INFO
13:52:24.0 (180259)|USER_INFO|[EXTERNAL]|0051H000009gxp8|chanida.dev2@solvedbysoftwareco.com|Eastern Standard Time|GMT-05:00
13:52:24.0 (1949058)|ENTERING_MANAGED_PKG|tdc_tsw
13:52:24.0 (2329659)|ENTERING_MANAGED_PKG|tdc_tsw
13:52:24.0 (6152820)|SOQL_EXECUTE_BEGIN|[16]|Aggregations:0|SELECT id, name, Disable_Incoming_SMS_Sharing__c FROM User WHERE id = :tmpVar1
13:52:24.0 (13498849)|SOQL_EXECUTE_END|[16]|Rows:1
13:52:24.0 (19135836)|SOQL_EXECUTE_BEGIN|[37]|Aggregations:0|SELECT CreatedDate,Created_Date__c,Id,LastModifiedDate,MessageId__c,Message_Text_New__c,Name,OwnerId,Read__c,Related_Object_Id__c,Related_Object__c,Sender_Number__c, Sender_Name__c,ToNumber__c,Attachments_Ids__c FROM Message__c WHERE Name = 'Incoming' AND Read__c = false ORDER BY CreatedDate Desc limit 100
13:52:24.0 (38359071)|SOQL_EXECUTE_END|[37]|Rows:100
13:52:24.0 (55177246)|ENTERING_MANAGED_PKG|tdc_tsw
13:52:24.0 (56874570)|ENTERING_MANAGED_PKG|tdc_tsw
13:52:24.0 (57365627)|ENTERING_MANAGED_PKG|tdc_tsw
13:52:24.0 (58039090)|ENTERING_MANAGED_PKG|tdc_tsw
13:52:24.0 (60701813)|ENTERING_MANAGED_PKG|tdc_tsw
13:52:24.0 (61464492)|ENTERING_MANAGED_PKG|tdc_tsw
13:52:24.0 (61703298)|ENTERING_MANAGED_PKG|tdc_tsw
13:52:24.0 (62100219)|ENTERING_MANAGED_PKG|tdc_tsw
13:52:24.0 (63205873)|ENTERING_MANAGED_PKG|tdc_tsw
13:52:24.0 (63950631)|ENTERING_MANAGED_PKG|tdc_tsw
13:52:24.0 (64185059)|ENTERING_MANAGED_PKG|tdc_tsw
13:52:24.0 (64582349)|ENTERING_MANAGED_PKG|tdc_tsw
13:52:24.0 (65683184)|ENTERING_MANAGED_PKG|tdc_tsw
13:52:24.0 (66441499)|ENTERING_MANAGED_PKG|tdc_tsw
13:52:24.0 (66667262)|ENTERING_MANAGED_PKG|tdc_tsw
13:52:24.0 (67091058)|ENTERING_MANAGED_PKG|tdc_tsw
13:52:24.0 (68275846)|ENTERING_MANAGED_PKG|tdc_tsw
13:52:24.0 (69061460)|ENTERING_MANAGED_PKG|tdc_tsw
13:52:24.0 (69313929)|ENTERING_MANAGED_PKG|tdc_tsw
13:52:24.0 (69742171)|ENTERING_MANAGED_PKG|tdc_tsw
13:52:24.0 (70911206)|ENTERING_MANAGED_PKG|tdc_tsw
13:52:24.0 (71672813)|ENTERING_MANAGED_PKG|tdc_tsw
13:52:24.0 (71907589)|ENTERING_MANAGED_PKG|tdc_tsw
13:52:24.0 (72298353)|ENTERING_MANAGED_PKG|tdc_tsw
13:52:24.0 (73404770)|ENTERING_MANAGED_PKG|tdc_tsw
13:52:24.0 (74142198)|ENTERING_MANAGED_PKG|tdc_tsw
13:52:24.0 (74386479)|ENTERING_MANAGED_PKG|tdc_tsw
13:52:24.0 (74780135)|ENTERING_MANAGED_PKG|tdc_tsw
13:52:24.0 (75890120)|ENTERING_MANAGED_PKG|tdc_tsw
13:52:24.0 (76638072)|ENTERING_MANAGED_PKG|tdc_tsw
13:52:24.0 (76872878)|ENTERING_MANAGED_PKG|tdc_tsw
13:52:24.0 (77262548)|ENTERING_MANAGED_PKG|tdc_tsw
13:52:24.0 (78383486)|ENTERING_MANAGED_PKG|tdc_tsw
13:52:24.0 (79109860)|ENTERING_MANAGED_PKG|tdc_tsw
13:52:24.0 (79355313)|ENTERING_MANAGED_PKG|tdc_tsw
13:52:24.0 (79748103)|ENTERING_MANAGED_PKG|tdc_tsw
13:52:24.0 (80832396)|ENTERING_MANAGED_PKG|tdc_tsw
13:52:24.0 (81565415)|ENTERING_MANAGED_PKG|tdc_tsw
13:52:24.0 (81799309)|ENTERING_MANAGED_PKG|tdc_tsw
13:52:24.0 (82198574)|ENTERING_MANAGED_PKG|tdc_tsw
13:52:24.0 (83289725)|ENTERING_MANAGED_PKG|tdc_tsw
13:52:24.0 (84025850)|ENTERING_MANAGED_PKG|tdc_tsw
13:52:24.0 (84259963)|ENTERING_MANAGED_PKG|tdc_tsw
13:52:24.0 (84661666)|ENTERING_MANAGED_PKG|tdc_tsw
13:52:24.0 (85745279)|ENTERING_MANAGED_PKG|tdc_tsw
13:52:24.0 (86483091)|ENTERING_MANAGED_PKG|tdc_tsw
13:52:24.0 (86716330)|ENTERING_MANAGED_PKG|tdc_tsw
13:52:24.0 (87105626)|ENTERING_MANAGED_PKG|tdc_tsw
13:52:24.0 (88187660)|ENTERING_MANAGED_PKG|tdc_tsw
13:52:24.0 (88924940)|ENTERING_MANAGED_PKG|tdc_tsw
13:52:24.0 (89159157)|ENTERING_MANAGED_PKG|tdc_tsw
13:52:24.0 (89566223)|ENTERING_MANAGED_PKG|tdc_tsw
13:52:24.0 (90654017)|ENTERING_MANAGED_PKG|tdc_tsw
13:52:24.0 (91383666)|ENTERING_MANAGED_PKG|tdc_tsw
13:52:24.0 (91619576)|ENTERING_MANAGED_PKG|tdc_tsw
13:52:24.0 (92008159)|ENTERING_MANAGED_PKG|tdc_tsw
13:52:24.0 (93111039)|ENTERING_MANAGED_PKG|tdc_tsw
13:52:24.0 (93849458)|ENTERING_MANAGED_PKG|tdc_tsw
13:52:24.0 (94083403)|ENTERING_MANAGED_PKG|tdc_tsw
13:52:24.0 (94481481)|ENTERING_MANAGED_PKG|tdc_tsw
13:52:24.0 (95587125)|ENTERING_MANAGED_PKG|tdc_tsw
13:52:24.0 (96321722)|ENTERING_MANAGED_PKG|tdc_tsw
13:52:24.0 (96557154)|ENTERING_MANAGED_PKG|tdc_tsw
13:52:24.0 (96946393)|ENTERING_MANAGED_PKG|tdc_tsw
13:52:24.0 (98031715)|ENTERING_MANAGED_PKG|tdc_tsw
13:52:24.0 (98771175)|ENTERING_MANAGED_PKG|tdc_tsw
13:52:24.0 (99004860)|ENTERING_MANAGED_PKG|tdc_tsw
13:52:24.0 (99405285)|ENTERING_MANAGED_PKG|tdc_tsw
13:52:24.0 (100490133)|ENTERING_MANAGED_PKG|tdc_tsw
13:52:24.0 (115664737)|ENTERING_MANAGED_PKG|tdc_tsw
13:52:24.0 (115970557)|ENTERING_MANAGED_PKG|tdc_tsw
13:52:24.0 (116416519)|ENTERING_MANAGED_PKG|tdc_tsw
13:52:24.0 (117678917)|ENTERING_MANAGED_PKG|tdc_tsw
13:52:24.0 (118482506)|ENTERING_MANAGED_PKG|tdc_tsw
13:52:24.0 (118722880)|ENTERING_MANAGED_PKG|tdc_tsw
13:52:24.0 (119120985)|ENTERING_MANAGED_PKG|tdc_tsw
13:52:24.0 (120246382)|ENTERING_MANAGED_PKG|tdc_tsw
13:52:24.0 (121011330)|ENTERING_MANAGED_PKG|tdc_tsw
13:52:24.0 (121252495)|ENTERING_MANAGED_PKG|tdc_tsw
13:52:24.0 (121735907)|ENTERING_MANAGED_PKG|tdc_tsw
13:52:24.0 (123493993)|ENTERING_MANAGED_PKG|tdc_tsw
13:52:24.0 (124602944)|ENTERING_MANAGED_PKG|tdc_tsw
13:52:24.0 (124843420)|ENTERING_MANAGED_PKG|tdc_tsw
13:52:24.0 (125252076)|ENTERING_MANAGED_PKG|tdc_tsw
13:52:24.0 (126386437)|ENTERING_MANAGED_PKG|tdc_tsw
13:52:24.0 (127130883)|ENTERING_MANAGED_PKG|tdc_tsw
13:52:24.0 (127382064)|ENTERING_MANAGED_PKG|tdc_tsw
13:52:24.0 (127775657)|ENTERING_MANAGED_PKG|tdc_tsw
13:52:24.0 (129194913)|ENTERING_MANAGED_PKG|tdc_tsw
13:52:24.0 (129944704)|ENTERING_MANAGED_PKG|tdc_tsw
13:52:24.0 (130182994)|ENTERING_MANAGED_PKG|tdc_tsw
13:52:24.0 (130586390)|ENTERING_MANAGED_PKG|tdc_tsw
13:52:24.0 (131699539)|ENTERING_MANAGED_PKG|tdc_tsw
13:52:24.0 (132457009)|ENTERING_MANAGED_PKG|tdc_tsw
13:52:24.0 (132695973)|ENTERING_MANAGED_PKG|tdc_tsw
13:52:24.0 (133091445)|ENTERING_MANAGED_PKG|tdc_tsw
13:52:24.0 (134204371)|ENTERING_MANAGED_PKG|tdc_tsw
13:52:24.0 (134952031)|ENTERING_MANAGED_PKG|tdc_tsw
13:52:24.0 (135190004)|ENTERING_MANAGED_PKG|tdc_tsw
13:52:24.0 (135593661)|ENTERING_MANAGED_PKG|tdc_tsw
13:52:24.0 (136705186)|ENTERING_MANAGED_PKG|tdc_tsw
13:52:24.0 (137457828)|ENTERING_MANAGED_PKG|tdc_tsw
13:52:24.0 (137695207)|ENTERING_MANAGED_PKG|tdc_tsw
13:52:24.0 (138090952)|ENTERING_MANAGED_PKG|tdc_tsw
13:52:24.0 (139201421)|ENTERING_MANAGED_PKG|tdc_tsw
13:52:24.0 (139949163)|ENTERING_MANAGED_PKG|tdc_tsw
13:52:24.0 (140186816)|ENTERING_MANAGED_PKG|tdc_tsw
13:52:24.0 (140591359)|ENTERING_MANAGED_PKG|tdc_tsw
13:52:24.0 (141700084)|ENTERING_MANAGED_PKG|tdc_tsw
13:52:24.0 (142449346)|ENTERING_MANAGED_PKG|tdc_tsw
13:52:24.0 (142687247)|ENTERING_MANAGED_PKG|tdc_tsw
13:52:24.0 (143081157)|ENTERING_MANAGED_PKG|tdc_tsw
13:52:24.0 (144208418)|ENTERING_MANAGED_PKG|tdc_tsw
13:52:24.0 (144965692)|ENTERING_MANAGED_PKG|tdc_tsw
13:52:24.0 (145202730)|ENTERING_MANAGED_PKG|tdc_tsw
13:52:24.0 (145608927)|ENTERING_MANAGED_PKG|tdc_tsw
13:52:24.0 (146715559)|ENTERING_MANAGED_PKG|tdc_tsw
13:52:24.0 (147465540)|ENTERING_MANAGED_PKG|tdc_tsw
13:52:24.0 (147704846)|ENTERING_MANAGED_PKG|tdc_tsw
13:52:24.0 (148098277)|ENTERING_MANAGED_PKG|tdc_tsw
13:52:24.0 (149215476)|ENTERING_MANAGED_PKG|tdc_tsw
13:52:24.0 (149954983)|ENTERING_MANAGED_PKG|tdc_tsw
13:52:24.0 (150193220)|ENTERING_MANAGED_PKG|tdc_tsw
13:52:24.0 (150597187)|ENTERING_MANAGED_PKG|tdc_tsw
13:52:24.0 (151706498)|ENTERING_MANAGED_PKG|tdc_tsw
13:52:24.0 (152458713)|ENTERING_MANAGED_PKG|tdc_tsw
13:52:24.0 (152695785)|ENTERING_MANAGED_PKG|tdc_tsw
13:52:24.0 (153090146)|ENTERING_MANAGED_PKG|tdc_tsw
13:52:24.0 (154200666)|ENTERING_MANAGED_PKG|tdc_tsw
13:52:24.0 (154949752)|ENTERING_MANAGED_PKG|tdc_tsw
13:52:24.0 (155186671)|ENTERING_MANAGED_PKG|tdc_tsw
13:52:24.0 (155622492)|ENTERING_MANAGED_PKG|tdc_tsw
13:52:24.0 (156745930)|ENTERING_MANAGED_PKG|tdc_tsw
13:52:24.0 (157499098)|ENTERING_MANAGED_PKG|tdc_tsw
13:52:24.0 (157737817)|ENTERING_MANAGED_PKG|tdc_tsw
13:52:24.0 (158131620)|ENTERING_MANAGED_PKG|tdc_tsw
13:52:24.0 (159234752)|ENTERING_MANAGED_PKG|tdc_tsw
13:52:24.0 (159981471)|ENTERING_MANAGED_PKG|tdc_tsw
13:52:24.0 (160218174)|ENTERING_MANAGED_PKG|tdc_tsw
13:52:24.0 (160619277)|ENTERING_MANAGED_PKG|tdc_tsw
13:52:24.0 (161725693)|ENTERING_MANAGED_PKG|tdc_tsw
13:52:24.0 (162471044)|ENTERING_MANAGED_PKG|tdc_tsw
13:52:24.0 (162708659)|ENTERING_MANAGED_PKG|tdc_tsw
13:52:24.0 (163099897)|ENTERING_MANAGED_PKG|tdc_tsw
13:52:24.0 (164218360)|ENTERING_MANAGED_PKG|tdc_tsw
13:52:24.0 (164957525)|ENTERING_MANAGED_PKG|tdc_tsw
13:52:24.0 (165193186)|ENTERING_MANAGED_PKG|tdc_tsw
13:52:24.0 (165593129)|ENTERING_MANAGED_PKG|tdc_tsw
13:52:24.0 (166695966)|ENTERING_MANAGED_PKG|tdc_tsw
13:52:24.0 (167443352)|ENTERING_MANAGED_PKG|tdc_tsw
13:52:24.0 (167682234)|ENTERING_MANAGED_PKG|tdc_tsw
13:52:24.0 (168075541)|ENTERING_MANAGED_PKG|tdc_tsw
13:52:24.0 (169193251)|ENTERING_MANAGED_PKG|tdc_tsw
13:52:24.0 (169944263)|ENTERING_MANAGED_PKG|tdc_tsw
13:52:24.0 (170182128)|ENTERING_MANAGED_PKG|tdc_tsw
13:52:24.0 (170582800)|ENTERING_MANAGED_PKG|tdc_tsw
13:52:24.0 (171686742)|ENTERING_MANAGED_PKG|tdc_tsw
13:52:24.0 (172433120)|ENTERING_MANAGED_PKG|tdc_tsw
13:52:24.0 (172670765)|ENTERING_MANAGED_PKG|tdc_tsw
13:52:24.0 (173062584)|ENTERING_MANAGED_PKG|tdc_tsw
13:52:24.0 (174184733)|ENTERING_MANAGED_PKG|tdc_tsw
13:52:24.0 (174930940)|ENTERING_MANAGED_PKG|tdc_tsw
13:52:24.0 (175167149)|ENTERING_MANAGED_PKG|tdc_tsw
13:52:24.0 (175567138)|ENTERING_MANAGED_PKG|tdc_tsw
13:52:24.0 (176676821)|ENTERING_MANAGED_PKG|tdc_tsw
13:52:24.0 (177424200)|ENTERING_MANAGED_PKG|tdc_tsw
13:52:24.0 (177661349)|ENTERING_MANAGED_PKG|tdc_tsw
13:52:24.0 (178090472)|ENTERING_MANAGED_PKG|tdc_tsw
13:52:24.0 (179195881)|ENTERING_MANAGED_PKG|tdc_tsw
13:52:24.0 (179944777)|ENTERING_MANAGED_PKG|tdc_tsw
13:52:24.0 (180183287)|ENTERING_MANAGED_PKG|tdc_tsw
13:52:24.0 (180585229)|ENTERING_MANAGED_PKG|tdc_tsw
13:52:24.0 (181691171)|ENTERING_MANAGED_PKG|tdc_tsw
13:52:24.0 (182435515)|ENTERING_MANAGED_PKG|tdc_tsw
13:52:24.0 (182673057)|ENTERING_MANAGED_PKG|tdc_tsw
13:52:24.0 (183066316)|ENTERING_MANAGED_PKG|tdc_tsw
13:52:24.0 (184177369)|ENTERING_MANAGED_PKG|tdc_tsw
13:52:24.0 (184919024)|ENTERING_MANAGED_PKG|tdc_tsw
13:52:24.0 (185155272)|ENTERING_MANAGED_PKG|tdc_tsw
13:52:24.0 (185560893)|ENTERING_MANAGED_PKG|tdc_tsw
13:52:24.0 (186674075)|ENTERING_MANAGED_PKG|tdc_tsw
13:52:24.0 (187418586)|ENTERING_MANAGED_PKG|tdc_tsw
13:52:24.0 (187657477)|ENTERING_MANAGED_PKG|tdc_tsw
13:52:24.0 (188051623)|ENTERING_MANAGED_PKG|tdc_tsw
13:52:24.0 (189162514)|ENTERING_MANAGED_PKG|tdc_tsw
13:52:24.0 (189904358)|ENTERING_MANAGED_PKG|tdc_tsw
13:52:24.0 (190142895)|ENTERING_MANAGED_PKG|tdc_tsw
13:52:24.0 (190544525)|ENTERING_MANAGED_PKG|tdc_tsw
13:52:24.0 (191648451)|ENTERING_MANAGED_PKG|tdc_tsw
13:52:24.0 (192397609)|ENTERING_MANAGED_PKG|tdc_tsw
13:52:24.0 (192637472)|ENTERING_MANAGED_PKG|tdc_tsw
13:52:24.0 (193043867)|ENTERING_MANAGED_PKG|tdc_tsw
13:52:24.0 (194153984)|ENTERING_MANAGED_PKG|tdc_tsw
13:52:24.0 (194896373)|ENTERING_MANAGED_PKG|tdc_tsw
13:52:24.0 (195135371)|ENTERING_MANAGED_PKG|tdc_tsw
13:52:24.0 (195540228)|ENTERING_MANAGED_PKG|tdc_tsw
13:52:24.0 (196645610)|ENTERING_MANAGED_PKG|tdc_tsw
13:52:24.0 (197395562)|ENTERING_MANAGED_PKG|tdc_tsw
13:52:24.0 (197634637)|ENTERING_MANAGED_PKG|tdc_tsw
13:52:24.0 (198028949)|ENTERING_MANAGED_PKG|tdc_tsw
13:52:24.0 (199148389)|ENTERING_MANAGED_PKG|tdc_tsw
13:52:24.0 (199899779)|ENTERING_MANAGED_PKG|tdc_tsw
13:52:24.0 (200137439)|ENTERING_MANAGED_PKG|tdc_tsw
13:52:24.0 (200538037)|ENTERING_MANAGED_PKG|tdc_tsw
13:52:24.0 (201642694)|ENTERING_MANAGED_PKG|tdc_tsw
13:52:24.0 (202391662)|ENTERING_MANAGED_PKG|tdc_tsw
13:52:24.0 (202630353)|ENTERING_MANAGED_PKG|tdc_tsw
13:52:24.0 (203023692)|ENTERING_MANAGED_PKG|tdc_tsw
13:52:24.0 (204130030)|ENTERING_MANAGED_PKG|tdc_tsw
13:52:24.0 (204876861)|ENTERING_MANAGED_PKG|tdc_tsw
13:52:24.0 (205114865)|ENTERING_MANAGED_PKG|tdc_tsw
13:52:24.0 (205518992)|ENTERING_MANAGED_PKG|tdc_tsw
13:52:24.0 (206624327)|ENTERING_MANAGED_PKG|tdc_tsw
13:52:24.0 (207376223)|ENTERING_MANAGED_PKG|tdc_tsw
13:52:24.0 (207614156)|ENTERING_MANAGED_PKG|tdc_tsw
13:52:24.0 (208010032)|ENTERING_MANAGED_PKG|tdc_tsw
13:52:24.0 (209115491)|ENTERING_MANAGED_PKG|tdc_tsw
13:52:24.0 (209863459)|ENTERING_MANAGED_PKG|tdc_tsw
13:52:24.0 (210100822)|ENTERING_MANAGED_PKG|tdc_tsw
13:52:24.0 (210502688)|ENTERING_MANAGED_PKG|tdc_tsw
13:52:24.0 (211609295)|ENTERING_MANAGED_PKG|tdc_tsw
13:52:24.0 (212353753)|ENTERING_MANAGED_PKG|tdc_tsw
13:52:24.0 (212592915)|ENTERING_MANAGED_PKG|tdc_tsw
13:52:24.0 (212987964)|ENTERING_MANAGED_PKG|tdc_tsw
13:52:24.0 (214096957)|ENTERING_MANAGED_PKG|tdc_tsw
13:52:24.0 (214852790)|ENTERING_MANAGED_PKG|tdc_tsw
13:52:24.0 (215091472)|ENTERING_MANAGED_PKG|tdc_tsw
13:52:24.0 (215501126)|ENTERING_MANAGED_PKG|tdc_tsw
13:52:24.0 (216612421)|ENTERING_MANAGED_PKG|tdc_tsw
13:52:24.0 (217366141)|ENTERING_MANAGED_PKG|tdc_tsw
13:52:24.0 (217604431)|ENTERING_MANAGED_PKG|tdc_tsw
13:52:24.0 (218002204)|ENTERING_MANAGED_PKG|tdc_tsw
13:52:24.0 (219157377)|ENTERING_MANAGED_PKG|tdc_tsw
13:52:24.0 (219917523)|ENTERING_MANAGED_PKG|tdc_tsw
13:52:24.0 (220154137)|ENTERING_MANAGED_PKG|tdc_tsw
13:52:24.0 (220561030)|ENTERING_MANAGED_PKG|tdc_tsw
13:52:24.0 (221673992)|ENTERING_MANAGED_PKG|tdc_tsw
13:52:24.0 (222421460)|ENTERING_MANAGED_PKG|tdc_tsw
13:52:24.0 (222633098)|ENTERING_MANAGED_PKG|tdc_tsw
13:52:24.0 (223029555)|ENTERING_MANAGED_PKG|tdc_tsw
13:52:24.0 (224451286)|ENTERING_MANAGED_PKG|tdc_tsw
13:52:24.0 (225502775)|ENTERING_MANAGED_PKG|tdc_tsw
13:52:24.0 (225582491)|ENTERING_MANAGED_PKG|tdc_tsw
13:52:24.0 (226278755)|SOQL_EXECUTE_BEGIN|[200]|Aggregations:0|SELECT Name, NamespacePrefix, SystemModStamp FROM StaticResource WHERE Name LIKE :tmpVar1 LIMIT 10
13:52:24.0 (230341465)|SOQL_EXECUTE_END|[200]|Rows:1
13:52:24.0 (231230276)|ENTERING_MANAGED_PKG|tdc_tsw
13:52:24.0 (231751824)|SOQL_EXECUTE_BEGIN|[200]|Aggregations:0|SELECT Name, NamespacePrefix, SystemModStamp FROM StaticResource WHERE Name LIKE :tmpVar1 LIMIT 10
13:52:24.0 (234160041)|SOQL_EXECUTE_END|[200]|Rows:1
13:52:24.0 (234572548)|ENTERING_MANAGED_PKG|tdc_tsw
13:52:24.0 (237973061)|ENTERING_MANAGED_PKG|tdc_tsw
13:52:24.0 (239604337)|ENTERING_MANAGED_PKG|tdc_tsw
13:52:24.0 (239907851)|ENTERING_MANAGED_PKG|tdc_tsw
13:52:24.0 (240739322)|ENTERING_MANAGED_PKG|tdc_tsw
13:52:24.0 (241131154)|SOQL_EXECUTE_BEGIN|[200]|Aggregations:0|SELECT Name, NamespacePrefix, SystemModStamp FROM StaticResource WHERE Name LIKE :tmpVar1 LIMIT 10
13:52:24.0 (243811065)|SOQL_EXECUTE_END|[200]|Rows:1
13:52:24.255 (255147315)|USER_INFO|[EXTERNAL]|0051H000009gxp8|chanida.dev2@solvedbysoftwareco.com|Eastern Standard Time|GMT-05:00
13:52:24.255 (257012784)|ENTERING_MANAGED_PKG|tdc_tsw
13:52:24.255 (257210294)|ENTERING_MANAGED_PKG|tdc_tsw
13:52:24.255 (259545848)|SOQL_EXECUTE_BEGIN|[355]|Aggregations:0|SELECT id, name, Disable_Incoming_SMS_Sharing__c FROM User WHERE id = :tmpVar1
13:52:24.255 (265407692)|SOQL_EXECUTE_END|[355]|Rows:1
13:52:24.255 (266404883)|SOQL_EXECUTE_BEGIN|[367]|Aggregations:0|SELECT CreatedDate,Id,LastModifiedDate,Related_Object_Id__c FROM Message__c WHERE Name = 'Incoming' AND Read__c = false ORDER BY CreatedDate Desc limit 100
13:52:24.255 (280051550)|SOQL_EXECUTE_END|[367]|Rows:100
