44.0 APEX_CODE,FINEST;APEX_PROFILING,INFO;CALLOUT,INFO;DB,INFO;NBA,INFO;SYSTEM,DEBUG;VALIDATION,INFO;VISUALFORCE,INFO;WAVE,INFO;WORKFLOW,INFO
14:49:46.0 (126960)|USER_INFO|[EXTERNAL]|0051H000009gxp8|chanida.dev2@solvedbysoftwareco.com|Eastern Standard Time|GMT-05:00
14:49:46.0 (1657762)|ENTERING_MANAGED_PKG|tdc_tsw
14:49:46.0 (2109202)|ENTERING_MANAGED_PKG|tdc_tsw
14:49:46.0 (6336727)|SOQL_EXECUTE_BEGIN|[16]|Aggregations:0|SELECT id, name, Disable_Incoming_SMS_Sharing__c FROM User WHERE id = :tmpVar1
14:49:46.0 (14774824)|SOQL_EXECUTE_END|[16]|Rows:1
14:49:46.0 (21635327)|SOQL_EXECUTE_BEGIN|[37]|Aggregations:0|SELECT CreatedDate,Created_Date__c,Id,LastModifiedDate,MessageId__c,Message_Text_New__c,Name,OwnerId,Read__c,Related_Object_Id__c,Related_Object__c,Sender_Number__c, Sender_Name__c,ToNumber__c,Attachments_Ids__c FROM Message__c WHERE Name = 'Incoming' AND Read__c = false ORDER BY CreatedDate Desc limit 100
14:49:46.0 (78612873)|SOQL_EXECUTE_END|[37]|Rows:100
14:49:46.0 (97727779)|ENTERING_MANAGED_PKG|tdc_tsw
14:49:46.0 (99702730)|ENTERING_MANAGED_PKG|tdc_tsw
14:49:46.0 (100208143)|ENTERING_MANAGED_PKG|tdc_tsw
14:49:46.0 (100940269)|ENTERING_MANAGED_PKG|tdc_tsw
14:49:46.0 (103934861)|ENTERING_MANAGED_PKG|tdc_tsw
14:49:46.0 (104968399)|ENTERING_MANAGED_PKG|tdc_tsw
14:49:46.0 (105223129)|ENTERING_MANAGED_PKG|tdc_tsw
14:49:46.0 (105697192)|ENTERING_MANAGED_PKG|tdc_tsw
14:49:46.0 (106967925)|ENTERING_MANAGED_PKG|tdc_tsw
14:49:46.0 (108619803)|ENTERING_MANAGED_PKG|tdc_tsw
14:49:46.0 (109030855)|ENTERING_MANAGED_PKG|tdc_tsw
14:49:46.0 (109447608)|ENTERING_MANAGED_PKG|tdc_tsw
14:49:46.0 (110712376)|ENTERING_MANAGED_PKG|tdc_tsw
14:49:46.0 (111728678)|ENTERING_MANAGED_PKG|tdc_tsw
14:49:46.0 (111985624)|ENTERING_MANAGED_PKG|tdc_tsw
14:49:46.0 (112687620)|ENTERING_MANAGED_PKG|tdc_tsw
14:49:46.0 (114340641)|ENTERING_MANAGED_PKG|tdc_tsw
14:49:46.0 (115782053)|ENTERING_MANAGED_PKG|tdc_tsw
14:49:46.0 (116227936)|ENTERING_MANAGED_PKG|tdc_tsw
14:49:46.0 (117053065)|ENTERING_MANAGED_PKG|tdc_tsw
14:49:46.0 (118678242)|ENTERING_MANAGED_PKG|tdc_tsw
14:49:46.0 (119723013)|ENTERING_MANAGED_PKG|tdc_tsw
14:49:46.0 (119974302)|ENTERING_MANAGED_PKG|tdc_tsw
14:49:46.0 (120411885)|ENTERING_MANAGED_PKG|tdc_tsw
14:49:46.0 (121669080)|ENTERING_MANAGED_PKG|tdc_tsw
14:49:46.0 (122766936)|ENTERING_MANAGED_PKG|tdc_tsw
14:49:46.0 (123125329)|ENTERING_MANAGED_PKG|tdc_tsw
14:49:46.0 (123548480)|ENTERING_MANAGED_PKG|tdc_tsw
14:49:46.0 (124736474)|ENTERING_MANAGED_PKG|tdc_tsw
14:49:46.0 (125564310)|ENTERING_MANAGED_PKG|tdc_tsw
14:49:46.0 (125958343)|ENTERING_MANAGED_PKG|tdc_tsw
14:49:46.0 (126481318)|ENTERING_MANAGED_PKG|tdc_tsw
14:49:46.0 (127716326)|ENTERING_MANAGED_PKG|tdc_tsw
14:49:46.0 (128496686)|ENTERING_MANAGED_PKG|tdc_tsw
14:49:46.0 (128745085)|ENTERING_MANAGED_PKG|tdc_tsw
14:49:46.0 (129152920)|ENTERING_MANAGED_PKG|tdc_tsw
14:49:46.0 (130280674)|ENTERING_MANAGED_PKG|tdc_tsw
14:49:46.0 (131043491)|ENTERING_MANAGED_PKG|tdc_tsw
14:49:46.0 (131284725)|ENTERING_MANAGED_PKG|tdc_tsw
14:49:46.0 (131711798)|ENTERING_MANAGED_PKG|tdc_tsw
14:49:46.0 (132839565)|ENTERING_MANAGED_PKG|tdc_tsw
14:49:46.0 (133600812)|ENTERING_MANAGED_PKG|tdc_tsw
14:49:46.0 (133840103)|ENTERING_MANAGED_PKG|tdc_tsw
14:49:46.0 (134233587)|ENTERING_MANAGED_PKG|tdc_tsw
14:49:46.0 (135348434)|ENTERING_MANAGED_PKG|tdc_tsw
14:49:46.0 (136103184)|ENTERING_MANAGED_PKG|tdc_tsw
14:49:46.0 (136324346)|ENTERING_MANAGED_PKG|tdc_tsw
14:49:46.0 (136746641)|ENTERING_MANAGED_PKG|tdc_tsw
14:49:46.0 (137900389)|ENTERING_MANAGED_PKG|tdc_tsw
14:49:46.0 (138655508)|ENTERING_MANAGED_PKG|tdc_tsw
14:49:46.0 (138892169)|ENTERING_MANAGED_PKG|tdc_tsw
14:49:46.0 (139298019)|ENTERING_MANAGED_PKG|tdc_tsw
14:49:46.0 (140483946)|ENTERING_MANAGED_PKG|tdc_tsw
14:49:46.0 (141240811)|ENTERING_MANAGED_PKG|tdc_tsw
14:49:46.0 (141477909)|ENTERING_MANAGED_PKG|tdc_tsw
14:49:46.0 (141889039)|ENTERING_MANAGED_PKG|tdc_tsw
14:49:46.0 (143004262)|ENTERING_MANAGED_PKG|tdc_tsw
14:49:46.0 (143760871)|ENTERING_MANAGED_PKG|tdc_tsw
14:49:46.0 (144000073)|ENTERING_MANAGED_PKG|tdc_tsw
14:49:46.0 (144401571)|ENTERING_MANAGED_PKG|tdc_tsw
14:49:46.0 (145520470)|ENTERING_MANAGED_PKG|tdc_tsw
14:49:46.0 (146264226)|ENTERING_MANAGED_PKG|tdc_tsw
14:49:46.0 (146502327)|ENTERING_MANAGED_PKG|tdc_tsw
14:49:46.0 (146938900)|ENTERING_MANAGED_PKG|tdc_tsw
14:49:46.0 (148070418)|ENTERING_MANAGED_PKG|tdc_tsw
14:49:46.0 (148832161)|ENTERING_MANAGED_PKG|tdc_tsw
14:49:46.0 (149069998)|ENTERING_MANAGED_PKG|tdc_tsw
14:49:46.0 (149469155)|ENTERING_MANAGED_PKG|tdc_tsw
14:49:46.0 (150597475)|ENTERING_MANAGED_PKG|tdc_tsw
14:49:46.0 (151341283)|ENTERING_MANAGED_PKG|tdc_tsw
14:49:46.0 (151585712)|ENTERING_MANAGED_PKG|tdc_tsw
14:49:46.0 (151987540)|ENTERING_MANAGED_PKG|tdc_tsw
14:49:46.0 (153101584)|ENTERING_MANAGED_PKG|tdc_tsw
14:49:46.0 (153848766)|ENTERING_MANAGED_PKG|tdc_tsw
14:49:46.0 (154084805)|ENTERING_MANAGED_PKG|tdc_tsw
14:49:46.0 (154485289)|ENTERING_MANAGED_PKG|tdc_tsw
14:49:46.0 (155604454)|ENTERING_MANAGED_PKG|tdc_tsw
14:49:46.0 (156379075)|ENTERING_MANAGED_PKG|tdc_tsw
14:49:46.0 (156628945)|ENTERING_MANAGED_PKG|tdc_tsw
14:49:46.0 (157027879)|ENTERING_MANAGED_PKG|tdc_tsw
14:49:46.0 (158131088)|ENTERING_MANAGED_PKG|tdc_tsw
14:49:46.0 (158923647)|ENTERING_MANAGED_PKG|tdc_tsw
14:49:46.0 (159179265)|ENTERING_MANAGED_PKG|tdc_tsw
14:49:46.0 (159599756)|ENTERING_MANAGED_PKG|tdc_tsw
14:49:46.0 (160708080)|ENTERING_MANAGED_PKG|tdc_tsw
14:49:46.0 (161458782)|ENTERING_MANAGED_PKG|tdc_tsw
14:49:46.0 (161699198)|ENTERING_MANAGED_PKG|tdc_tsw
14:49:46.0 (162106635)|ENTERING_MANAGED_PKG|tdc_tsw
14:49:46.0 (163216553)|ENTERING_MANAGED_PKG|tdc_tsw
14:49:46.0 (163958531)|ENTERING_MANAGED_PKG|tdc_tsw
14:49:46.0 (164193789)|ENTERING_MANAGED_PKG|tdc_tsw
14:49:46.0 (164603242)|ENTERING_MANAGED_PKG|tdc_tsw
14:49:46.0 (165706194)|ENTERING_MANAGED_PKG|tdc_tsw
14:49:46.0 (166444492)|ENTERING_MANAGED_PKG|tdc_tsw
14:49:46.0 (166687145)|ENTERING_MANAGED_PKG|tdc_tsw
14:49:46.0 (167086348)|ENTERING_MANAGED_PKG|tdc_tsw
14:49:46.0 (168189071)|ENTERING_MANAGED_PKG|tdc_tsw
14:49:46.0 (168944420)|ENTERING_MANAGED_PKG|tdc_tsw
14:49:46.0 (169180484)|ENTERING_MANAGED_PKG|tdc_tsw
14:49:46.0 (169588793)|ENTERING_MANAGED_PKG|tdc_tsw
14:49:46.0 (170693604)|ENTERING_MANAGED_PKG|tdc_tsw
14:49:46.0 (171449536)|ENTERING_MANAGED_PKG|tdc_tsw
14:49:46.0 (171690198)|ENTERING_MANAGED_PKG|tdc_tsw
14:49:46.0 (172088020)|ENTERING_MANAGED_PKG|tdc_tsw
14:49:46.0 (173196637)|ENTERING_MANAGED_PKG|tdc_tsw
14:49:46.0 (173958596)|ENTERING_MANAGED_PKG|tdc_tsw
14:49:46.0 (174194243)|ENTERING_MANAGED_PKG|tdc_tsw
14:49:46.0 (174606711)|ENTERING_MANAGED_PKG|tdc_tsw
14:49:46.0 (175728722)|ENTERING_MANAGED_PKG|tdc_tsw
14:49:46.0 (176472389)|ENTERING_MANAGED_PKG|tdc_tsw
14:49:46.0 (176715135)|ENTERING_MANAGED_PKG|tdc_tsw
14:49:46.0 (177113811)|ENTERING_MANAGED_PKG|tdc_tsw
14:49:46.0 (178220501)|ENTERING_MANAGED_PKG|tdc_tsw
14:49:46.0 (178970615)|ENTERING_MANAGED_PKG|tdc_tsw
14:49:46.0 (179205865)|ENTERING_MANAGED_PKG|tdc_tsw
14:49:46.0 (179624088)|ENTERING_MANAGED_PKG|tdc_tsw
14:49:46.0 (180746301)|ENTERING_MANAGED_PKG|tdc_tsw
14:49:46.0 (181487679)|ENTERING_MANAGED_PKG|tdc_tsw
14:49:46.0 (181732691)|ENTERING_MANAGED_PKG|tdc_tsw
14:49:46.0 (182133874)|ENTERING_MANAGED_PKG|tdc_tsw
14:49:46.0 (183259980)|ENTERING_MANAGED_PKG|tdc_tsw
14:49:46.0 (184013474)|ENTERING_MANAGED_PKG|tdc_tsw
14:49:46.0 (184248204)|ENTERING_MANAGED_PKG|tdc_tsw
14:49:46.0 (184659971)|ENTERING_MANAGED_PKG|tdc_tsw
14:49:46.0 (185798550)|ENTERING_MANAGED_PKG|tdc_tsw
14:49:46.0 (186542068)|ENTERING_MANAGED_PKG|tdc_tsw
14:49:46.0 (186799570)|ENTERING_MANAGED_PKG|tdc_tsw
14:49:46.0 (187198311)|ENTERING_MANAGED_PKG|tdc_tsw
14:49:46.0 (188311975)|ENTERING_MANAGED_PKG|tdc_tsw
14:49:46.0 (189054052)|ENTERING_MANAGED_PKG|tdc_tsw
14:49:46.0 (189298253)|ENTERING_MANAGED_PKG|tdc_tsw
14:49:46.0 (189708375)|ENTERING_MANAGED_PKG|tdc_tsw
14:49:46.0 (190847988)|ENTERING_MANAGED_PKG|tdc_tsw
14:49:46.0 (191589226)|ENTERING_MANAGED_PKG|tdc_tsw
14:49:46.0 (191823109)|ENTERING_MANAGED_PKG|tdc_tsw
14:49:46.0 (192227957)|ENTERING_MANAGED_PKG|tdc_tsw
14:49:46.0 (193354180)|ENTERING_MANAGED_PKG|tdc_tsw
14:49:46.0 (194103590)|ENTERING_MANAGED_PKG|tdc_tsw
14:49:46.0 (194340724)|ENTERING_MANAGED_PKG|tdc_tsw
14:49:46.0 (194749310)|ENTERING_MANAGED_PKG|tdc_tsw
14:49:46.0 (195868772)|ENTERING_MANAGED_PKG|tdc_tsw
14:49:46.0 (196611245)|ENTERING_MANAGED_PKG|tdc_tsw
14:49:46.0 (196848404)|ENTERING_MANAGED_PKG|tdc_tsw
14:49:46.0 (197248897)|ENTERING_MANAGED_PKG|tdc_tsw
14:49:46.0 (198356822)|ENTERING_MANAGED_PKG|tdc_tsw
14:49:46.0 (199126729)|ENTERING_MANAGED_PKG|tdc_tsw
14:49:46.0 (199364418)|ENTERING_MANAGED_PKG|tdc_tsw
14:49:46.0 (199780150)|ENTERING_MANAGED_PKG|tdc_tsw
14:49:46.0 (200890035)|ENTERING_MANAGED_PKG|tdc_tsw
14:49:46.0 (201642621)|ENTERING_MANAGED_PKG|tdc_tsw
14:49:46.0 (201880320)|ENTERING_MANAGED_PKG|tdc_tsw
14:49:46.0 (202280376)|ENTERING_MANAGED_PKG|tdc_tsw
14:49:46.0 (203415138)|ENTERING_MANAGED_PKG|tdc_tsw
14:49:46.0 (204162067)|ENTERING_MANAGED_PKG|tdc_tsw
14:49:46.0 (204400334)|ENTERING_MANAGED_PKG|tdc_tsw
14:49:46.0 (204808869)|ENTERING_MANAGED_PKG|tdc_tsw
14:49:46.0 (205925547)|ENTERING_MANAGED_PKG|tdc_tsw
14:49:46.0 (206670336)|ENTERING_MANAGED_PKG|tdc_tsw
14:49:46.0 (206906051)|ENTERING_MANAGED_PKG|tdc_tsw
14:49:46.0 (207304884)|ENTERING_MANAGED_PKG|tdc_tsw
14:49:46.0 (208425253)|ENTERING_MANAGED_PKG|tdc_tsw
14:49:46.0 (209169775)|ENTERING_MANAGED_PKG|tdc_tsw
14:49:46.0 (209408110)|ENTERING_MANAGED_PKG|tdc_tsw
14:49:46.0 (209824103)|ENTERING_MANAGED_PKG|tdc_tsw
14:49:46.0 (210952473)|ENTERING_MANAGED_PKG|tdc_tsw
14:49:46.0 (211692225)|ENTERING_MANAGED_PKG|tdc_tsw
14:49:46.0 (211928779)|ENTERING_MANAGED_PKG|tdc_tsw
14:49:46.0 (212399365)|ENTERING_MANAGED_PKG|tdc_tsw
14:49:46.0 (213522250)|ENTERING_MANAGED_PKG|tdc_tsw
14:49:46.0 (214261634)|ENTERING_MANAGED_PKG|tdc_tsw
14:49:46.0 (214499542)|ENTERING_MANAGED_PKG|tdc_tsw
14:49:46.0 (214904117)|ENTERING_MANAGED_PKG|tdc_tsw
14:49:46.0 (216010374)|ENTERING_MANAGED_PKG|tdc_tsw
14:49:46.0 (217069585)|ENTERING_MANAGED_PKG|tdc_tsw
14:49:46.0 (217307138)|ENTERING_MANAGED_PKG|tdc_tsw
14:49:46.0 (217719279)|ENTERING_MANAGED_PKG|tdc_tsw
14:49:46.0 (218846928)|ENTERING_MANAGED_PKG|tdc_tsw
14:49:46.0 (219593604)|ENTERING_MANAGED_PKG|tdc_tsw
14:49:46.0 (219831303)|ENTERING_MANAGED_PKG|tdc_tsw
14:49:46.0 (220229124)|ENTERING_MANAGED_PKG|tdc_tsw
14:49:46.0 (221347654)|ENTERING_MANAGED_PKG|tdc_tsw
14:49:46.0 (222088985)|ENTERING_MANAGED_PKG|tdc_tsw
14:49:46.0 (222327313)|ENTERING_MANAGED_PKG|tdc_tsw
14:49:46.0 (222736149)|ENTERING_MANAGED_PKG|tdc_tsw
14:49:46.0 (223842489)|ENTERING_MANAGED_PKG|tdc_tsw
14:49:46.0 (224593937)|ENTERING_MANAGED_PKG|tdc_tsw
14:49:46.0 (224830016)|ENTERING_MANAGED_PKG|tdc_tsw
14:49:46.0 (225230966)|ENTERING_MANAGED_PKG|tdc_tsw
14:49:46.0 (226340660)|ENTERING_MANAGED_PKG|tdc_tsw
14:49:46.0 (227088496)|ENTERING_MANAGED_PKG|tdc_tsw
14:49:46.0 (227327094)|ENTERING_MANAGED_PKG|tdc_tsw
14:49:46.0 (227735352)|ENTERING_MANAGED_PKG|tdc_tsw
14:49:46.0 (228851659)|ENTERING_MANAGED_PKG|tdc_tsw
14:49:46.0 (229600121)|ENTERING_MANAGED_PKG|tdc_tsw
14:49:46.0 (229838744)|ENTERING_MANAGED_PKG|tdc_tsw
14:49:46.0 (230266573)|ENTERING_MANAGED_PKG|tdc_tsw
14:49:46.0 (231389734)|ENTERING_MANAGED_PKG|tdc_tsw
14:49:46.0 (232135287)|ENTERING_MANAGED_PKG|tdc_tsw
14:49:46.0 (232373170)|ENTERING_MANAGED_PKG|tdc_tsw
14:49:46.0 (232781591)|ENTERING_MANAGED_PKG|tdc_tsw
14:49:46.0 (233910936)|ENTERING_MANAGED_PKG|tdc_tsw
14:49:46.0 (234664423)|ENTERING_MANAGED_PKG|tdc_tsw
14:49:46.0 (234902397)|ENTERING_MANAGED_PKG|tdc_tsw
14:49:46.0 (235302458)|ENTERING_MANAGED_PKG|tdc_tsw
14:49:46.0 (236405867)|ENTERING_MANAGED_PKG|tdc_tsw
14:49:46.0 (237160471)|ENTERING_MANAGED_PKG|tdc_tsw
14:49:46.0 (237395745)|ENTERING_MANAGED_PKG|tdc_tsw
14:49:46.0 (237803959)|ENTERING_MANAGED_PKG|tdc_tsw
14:49:46.0 (238910885)|ENTERING_MANAGED_PKG|tdc_tsw
14:49:46.0 (239654951)|ENTERING_MANAGED_PKG|tdc_tsw
14:49:46.0 (239891546)|ENTERING_MANAGED_PKG|tdc_tsw
14:49:46.0 (240303672)|ENTERING_MANAGED_PKG|tdc_tsw
14:49:46.0 (241424624)|ENTERING_MANAGED_PKG|tdc_tsw
14:49:46.0 (242169746)|ENTERING_MANAGED_PKG|tdc_tsw
14:49:46.0 (242404535)|ENTERING_MANAGED_PKG|tdc_tsw
14:49:46.0 (242811140)|ENTERING_MANAGED_PKG|tdc_tsw
14:49:46.0 (243921471)|ENTERING_MANAGED_PKG|tdc_tsw
14:49:46.0 (244663763)|ENTERING_MANAGED_PKG|tdc_tsw
14:49:46.0 (244898888)|ENTERING_MANAGED_PKG|tdc_tsw
14:49:46.0 (245299193)|ENTERING_MANAGED_PKG|tdc_tsw
14:49:46.0 (246412289)|ENTERING_MANAGED_PKG|tdc_tsw
14:49:46.0 (247163132)|ENTERING_MANAGED_PKG|tdc_tsw
14:49:46.0 (247401689)|ENTERING_MANAGED_PKG|tdc_tsw
14:49:46.0 (247810283)|ENTERING_MANAGED_PKG|tdc_tsw
14:49:46.0 (248909610)|ENTERING_MANAGED_PKG|tdc_tsw
14:49:46.0 (249666080)|ENTERING_MANAGED_PKG|tdc_tsw
14:49:46.0 (249901895)|ENTERING_MANAGED_PKG|tdc_tsw
14:49:46.0 (250303176)|ENTERING_MANAGED_PKG|tdc_tsw
14:49:46.0 (251411418)|ENTERING_MANAGED_PKG|tdc_tsw
14:49:46.0 (252149629)|ENTERING_MANAGED_PKG|tdc_tsw
14:49:46.0 (252382394)|ENTERING_MANAGED_PKG|tdc_tsw
14:49:46.0 (252788610)|ENTERING_MANAGED_PKG|tdc_tsw
14:49:46.0 (253947727)|ENTERING_MANAGED_PKG|tdc_tsw
14:49:46.0 (254693426)|ENTERING_MANAGED_PKG|tdc_tsw
14:49:46.0 (254930946)|ENTERING_MANAGED_PKG|tdc_tsw
14:49:46.0 (255329591)|ENTERING_MANAGED_PKG|tdc_tsw
14:49:46.0 (256465430)|ENTERING_MANAGED_PKG|tdc_tsw
14:49:46.0 (257205847)|ENTERING_MANAGED_PKG|tdc_tsw
14:49:46.0 (257443302)|ENTERING_MANAGED_PKG|tdc_tsw
14:49:46.0 (257849408)|ENTERING_MANAGED_PKG|tdc_tsw
14:49:46.0 (258954303)|ENTERING_MANAGED_PKG|tdc_tsw
14:49:46.0 (259698716)|ENTERING_MANAGED_PKG|tdc_tsw
14:49:46.0 (259944590)|ENTERING_MANAGED_PKG|tdc_tsw
14:49:46.0 (260341907)|ENTERING_MANAGED_PKG|tdc_tsw
14:49:46.0 (261472600)|ENTERING_MANAGED_PKG|tdc_tsw
14:49:46.0 (262218050)|ENTERING_MANAGED_PKG|tdc_tsw
14:49:46.0 (262450438)|ENTERING_MANAGED_PKG|tdc_tsw
14:49:46.0 (262864748)|ENTERING_MANAGED_PKG|tdc_tsw
14:49:46.0 (263979841)|ENTERING_MANAGED_PKG|tdc_tsw
14:49:46.0 (264723583)|ENTERING_MANAGED_PKG|tdc_tsw
14:49:46.0 (264959901)|ENTERING_MANAGED_PKG|tdc_tsw
14:49:46.0 (265360321)|ENTERING_MANAGED_PKG|tdc_tsw
14:49:46.0 (266467224)|ENTERING_MANAGED_PKG|tdc_tsw
14:49:46.0 (267208878)|ENTERING_MANAGED_PKG|tdc_tsw
14:49:46.0 (267446034)|ENTERING_MANAGED_PKG|tdc_tsw
14:49:46.0 (267854107)|ENTERING_MANAGED_PKG|tdc_tsw
14:49:46.0 (268957591)|ENTERING_MANAGED_PKG|tdc_tsw
14:49:46.0 (269726211)|ENTERING_MANAGED_PKG|tdc_tsw
14:49:46.0 (269965424)|ENTERING_MANAGED_PKG|tdc_tsw
14:49:46.0 (270365277)|ENTERING_MANAGED_PKG|tdc_tsw
14:49:46.0 (271483216)|ENTERING_MANAGED_PKG|tdc_tsw
14:49:46.0 (272222542)|ENTERING_MANAGED_PKG|tdc_tsw
14:49:46.0 (272457053)|ENTERING_MANAGED_PKG|tdc_tsw
14:49:46.0 (272862428)|ENTERING_MANAGED_PKG|tdc_tsw
14:49:46.0 (273975833)|ENTERING_MANAGED_PKG|tdc_tsw
14:49:46.0 (274716227)|ENTERING_MANAGED_PKG|tdc_tsw
14:49:46.0 (274949750)|ENTERING_MANAGED_PKG|tdc_tsw
14:49:46.0 (275333563)|ENTERING_MANAGED_PKG|tdc_tsw
14:49:46.0 (276592760)|ENTERING_MANAGED_PKG|tdc_tsw
14:49:46.0 (277506936)|ENTERING_MANAGED_PKG|tdc_tsw
14:49:46.0 (277592713)|ENTERING_MANAGED_PKG|tdc_tsw
14:49:46.0 (278249770)|SOQL_EXECUTE_BEGIN|[200]|Aggregations:0|SELECT Name, NamespacePrefix, SystemModStamp FROM StaticResource WHERE Name LIKE :tmpVar1 LIMIT 10
14:49:46.0 (314440644)|SOQL_EXECUTE_END|[200]|Rows:1
14:49:46.0 (315778077)|ENTERING_MANAGED_PKG|tdc_tsw
14:49:46.0 (316293797)|SOQL_EXECUTE_BEGIN|[200]|Aggregations:0|SELECT Name, NamespacePrefix, SystemModStamp FROM StaticResource WHERE Name LIKE :tmpVar1 LIMIT 10
14:49:46.0 (319232725)|SOQL_EXECUTE_END|[200]|Rows:1
14:49:46.0 (319640548)|ENTERING_MANAGED_PKG|tdc_tsw
14:49:46.0 (323357703)|ENTERING_MANAGED_PKG|tdc_tsw
14:49:46.0 (324966566)|ENTERING_MANAGED_PKG|tdc_tsw
14:49:46.0 (325272806)|ENTERING_MANAGED_PKG|tdc_tsw
14:49:46.0 (326152971)|ENTERING_MANAGED_PKG|tdc_tsw
14:49:46.0 (326582359)|SOQL_EXECUTE_BEGIN|[200]|Aggregations:0|SELECT Name, NamespacePrefix, SystemModStamp FROM StaticResource WHERE Name LIKE :tmpVar1 LIMIT 10
14:49:46.0 (329105138)|SOQL_EXECUTE_END|[200]|Rows:1
14:49:46.350 (350577662)|USER_INFO|[EXTERNAL]|0051H000009gxp8|chanida.dev2@solvedbysoftwareco.com|Eastern Standard Time|GMT-05:00
14:49:46.350 (352097953)|ENTERING_MANAGED_PKG|tdc_tsw
14:49:46.350 (352341690)|ENTERING_MANAGED_PKG|tdc_tsw
14:49:46.350 (355884150)|SOQL_EXECUTE_BEGIN|[355]|Aggregations:0|SELECT id, name, Disable_Incoming_SMS_Sharing__c FROM User WHERE id = :tmpVar1
14:49:46.350 (362728400)|SOQL_EXECUTE_END|[355]|Rows:1
14:49:46.350 (363950796)|SOQL_EXECUTE_BEGIN|[367]|Aggregations:0|SELECT CreatedDate,Id,LastModifiedDate,Related_Object_Id__c FROM Message__c WHERE Name = 'Incoming' AND Read__c = false ORDER BY CreatedDate Desc limit 100
14:49:46.350 (377879122)|SOQL_EXECUTE_END|[367]|Rows:100
