44.0 APEX_CODE,FINEST;APEX_PROFILING,INFO;CALLOUT,INFO;DB,INFO;NBA,INFO;SYSTEM,DEBUG;VALIDATION,INFO;VISUALFORCE,INFO;WAVE,INFO;WORKFLOW,INFO
13:59:40.0 (127135)|USER_INFO|[EXTERNAL]|0051H000009gxp8|chanida.dev2@solvedbysoftwareco.com|Eastern Standard Time|GMT-05:00
13:59:40.0 (2006337)|ENTERING_MANAGED_PKG|tdc_tsw
13:59:40.0 (2341810)|ENTERING_MANAGED_PKG|tdc_tsw
13:59:40.0 (5929379)|SOQL_EXECUTE_BEGIN|[16]|Aggregations:0|SELECT id, name, Disable_Incoming_SMS_Sharing__c FROM User WHERE id = :tmpVar1
13:59:40.0 (12930210)|SOQL_EXECUTE_END|[16]|Rows:1
13:59:40.0 (18178124)|SOQL_EXECUTE_BEGIN|[37]|Aggregations:0|SELECT CreatedDate,Created_Date__c,Id,LastModifiedDate,MessageId__c,Message_Text_New__c,Name,OwnerId,Read__c,Related_Object_Id__c,Related_Object__c,Sender_Number__c, Sender_Name__c,ToNumber__c,Attachments_Ids__c FROM Message__c WHERE Name = 'Incoming' AND Read__c = false ORDER BY CreatedDate Desc limit 100
13:59:40.0 (34669475)|SOQL_EXECUTE_END|[37]|Rows:100
13:59:40.0 (51470838)|ENTERING_MANAGED_PKG|tdc_tsw
13:59:40.0 (53201147)|ENTERING_MANAGED_PKG|tdc_tsw
13:59:40.0 (53787253)|ENTERING_MANAGED_PKG|tdc_tsw
13:59:40.0 (54433700)|ENTERING_MANAGED_PKG|tdc_tsw
13:59:40.0 (57231274)|ENTERING_MANAGED_PKG|tdc_tsw
13:59:40.0 (57997367)|ENTERING_MANAGED_PKG|tdc_tsw
13:59:40.0 (58229053)|ENTERING_MANAGED_PKG|tdc_tsw
13:59:40.0 (58632872)|ENTERING_MANAGED_PKG|tdc_tsw
13:59:40.0 (59716846)|ENTERING_MANAGED_PKG|tdc_tsw
13:59:40.0 (60498582)|ENTERING_MANAGED_PKG|tdc_tsw
13:59:40.0 (60745918)|ENTERING_MANAGED_PKG|tdc_tsw
13:59:40.0 (61132136)|ENTERING_MANAGED_PKG|tdc_tsw
13:59:40.0 (62248556)|ENTERING_MANAGED_PKG|tdc_tsw
13:59:40.0 (63037898)|ENTERING_MANAGED_PKG|tdc_tsw
13:59:40.0 (63316021)|ENTERING_MANAGED_PKG|tdc_tsw
13:59:40.0 (63725617)|ENTERING_MANAGED_PKG|tdc_tsw
13:59:40.0 (64813375)|ENTERING_MANAGED_PKG|tdc_tsw
13:59:40.0 (65571315)|ENTERING_MANAGED_PKG|tdc_tsw
13:59:40.0 (65802137)|ENTERING_MANAGED_PKG|tdc_tsw
13:59:40.0 (66187546)|ENTERING_MANAGED_PKG|tdc_tsw
13:59:40.0 (67298752)|ENTERING_MANAGED_PKG|tdc_tsw
13:59:40.0 (68057396)|ENTERING_MANAGED_PKG|tdc_tsw
13:59:40.0 (68261099)|ENTERING_MANAGED_PKG|tdc_tsw
13:59:40.0 (68651734)|ENTERING_MANAGED_PKG|tdc_tsw
13:59:40.0 (69719653)|ENTERING_MANAGED_PKG|tdc_tsw
13:59:40.0 (70436547)|ENTERING_MANAGED_PKG|tdc_tsw
13:59:40.0 (70671464)|ENTERING_MANAGED_PKG|tdc_tsw
13:59:40.0 (71055400)|ENTERING_MANAGED_PKG|tdc_tsw
13:59:40.0 (72106646)|ENTERING_MANAGED_PKG|tdc_tsw
13:59:40.0 (72828184)|ENTERING_MANAGED_PKG|tdc_tsw
13:59:40.0 (73052448)|ENTERING_MANAGED_PKG|tdc_tsw
13:59:40.0 (73435418)|ENTERING_MANAGED_PKG|tdc_tsw
13:59:40.0 (74504274)|ENTERING_MANAGED_PKG|tdc_tsw
13:59:40.0 (75222082)|ENTERING_MANAGED_PKG|tdc_tsw
13:59:40.0 (75447845)|ENTERING_MANAGED_PKG|tdc_tsw
13:59:40.0 (75830163)|ENTERING_MANAGED_PKG|tdc_tsw
13:59:40.0 (76885308)|ENTERING_MANAGED_PKG|tdc_tsw
13:59:40.0 (81483222)|ENTERING_MANAGED_PKG|tdc_tsw
13:59:40.0 (81726076)|ENTERING_MANAGED_PKG|tdc_tsw
13:59:40.0 (82121362)|ENTERING_MANAGED_PKG|tdc_tsw
13:59:40.0 (83192595)|ENTERING_MANAGED_PKG|tdc_tsw
13:59:40.0 (83926091)|ENTERING_MANAGED_PKG|tdc_tsw
13:59:40.0 (84150141)|ENTERING_MANAGED_PKG|tdc_tsw
13:59:40.0 (84521575)|ENTERING_MANAGED_PKG|tdc_tsw
13:59:40.0 (85580693)|ENTERING_MANAGED_PKG|tdc_tsw
13:59:40.0 (86290931)|ENTERING_MANAGED_PKG|tdc_tsw
13:59:40.0 (86514606)|ENTERING_MANAGED_PKG|tdc_tsw
13:59:40.0 (86898320)|ENTERING_MANAGED_PKG|tdc_tsw
13:59:40.0 (87978079)|ENTERING_MANAGED_PKG|tdc_tsw
13:59:40.0 (88701207)|ENTERING_MANAGED_PKG|tdc_tsw
13:59:40.0 (88925383)|ENTERING_MANAGED_PKG|tdc_tsw
13:59:40.0 (89299587)|ENTERING_MANAGED_PKG|tdc_tsw
13:59:40.0 (90345643)|ENTERING_MANAGED_PKG|tdc_tsw
13:59:40.0 (91061704)|ENTERING_MANAGED_PKG|tdc_tsw
13:59:40.0 (91309751)|ENTERING_MANAGED_PKG|tdc_tsw
13:59:40.0 (91697120)|ENTERING_MANAGED_PKG|tdc_tsw
13:59:40.0 (92736083)|ENTERING_MANAGED_PKG|tdc_tsw
13:59:40.0 (93456092)|ENTERING_MANAGED_PKG|tdc_tsw
13:59:40.0 (93760755)|ENTERING_MANAGED_PKG|tdc_tsw
13:59:40.0 (94145610)|ENTERING_MANAGED_PKG|tdc_tsw
13:59:40.0 (95237180)|ENTERING_MANAGED_PKG|tdc_tsw
13:59:40.0 (95956819)|ENTERING_MANAGED_PKG|tdc_tsw
13:59:40.0 (96180221)|ENTERING_MANAGED_PKG|tdc_tsw
13:59:40.0 (96560271)|ENTERING_MANAGED_PKG|tdc_tsw
13:59:40.0 (97622404)|ENTERING_MANAGED_PKG|tdc_tsw
13:59:40.0 (98342778)|ENTERING_MANAGED_PKG|tdc_tsw
13:59:40.0 (98578225)|ENTERING_MANAGED_PKG|tdc_tsw
13:59:40.0 (99044705)|ENTERING_MANAGED_PKG|tdc_tsw
13:59:40.0 (100107750)|ENTERING_MANAGED_PKG|tdc_tsw
13:59:40.0 (100845040)|ENTERING_MANAGED_PKG|tdc_tsw
13:59:40.0 (101070370)|ENTERING_MANAGED_PKG|tdc_tsw
13:59:40.0 (101445858)|ENTERING_MANAGED_PKG|tdc_tsw
13:59:40.0 (102497712)|ENTERING_MANAGED_PKG|tdc_tsw
13:59:40.0 (103211315)|ENTERING_MANAGED_PKG|tdc_tsw
13:59:40.0 (103435489)|ENTERING_MANAGED_PKG|tdc_tsw
13:59:40.0 (103826227)|ENTERING_MANAGED_PKG|tdc_tsw
13:59:40.0 (104938245)|ENTERING_MANAGED_PKG|tdc_tsw
13:59:40.0 (105721428)|ENTERING_MANAGED_PKG|tdc_tsw
13:59:40.0 (105964701)|ENTERING_MANAGED_PKG|tdc_tsw
13:59:40.0 (106358020)|ENTERING_MANAGED_PKG|tdc_tsw
13:59:40.0 (107421442)|ENTERING_MANAGED_PKG|tdc_tsw
13:59:40.0 (108197231)|ENTERING_MANAGED_PKG|tdc_tsw
13:59:40.0 (108422883)|ENTERING_MANAGED_PKG|tdc_tsw
13:59:40.0 (108805077)|ENTERING_MANAGED_PKG|tdc_tsw
13:59:40.0 (109933348)|ENTERING_MANAGED_PKG|tdc_tsw
13:59:40.0 (110662494)|ENTERING_MANAGED_PKG|tdc_tsw
13:59:40.0 (110901824)|ENTERING_MANAGED_PKG|tdc_tsw
13:59:40.0 (111277315)|ENTERING_MANAGED_PKG|tdc_tsw
13:59:40.0 (112322982)|ENTERING_MANAGED_PKG|tdc_tsw
13:59:40.0 (113062973)|ENTERING_MANAGED_PKG|tdc_tsw
13:59:40.0 (113294391)|ENTERING_MANAGED_PKG|tdc_tsw
13:59:40.0 (113691868)|ENTERING_MANAGED_PKG|tdc_tsw
13:59:40.0 (114900137)|ENTERING_MANAGED_PKG|tdc_tsw
13:59:40.0 (115725602)|ENTERING_MANAGED_PKG|tdc_tsw
13:59:40.0 (116062170)|ENTERING_MANAGED_PKG|tdc_tsw
13:59:40.0 (116478441)|ENTERING_MANAGED_PKG|tdc_tsw
13:59:40.0 (117657940)|ENTERING_MANAGED_PKG|tdc_tsw
13:59:40.0 (118389661)|ENTERING_MANAGED_PKG|tdc_tsw
13:59:40.0 (118631636)|ENTERING_MANAGED_PKG|tdc_tsw
13:59:40.0 (119007266)|ENTERING_MANAGED_PKG|tdc_tsw
13:59:40.0 (120065025)|ENTERING_MANAGED_PKG|tdc_tsw
13:59:40.0 (120789286)|ENTERING_MANAGED_PKG|tdc_tsw
13:59:40.0 (121013951)|ENTERING_MANAGED_PKG|tdc_tsw
13:59:40.0 (121388031)|ENTERING_MANAGED_PKG|tdc_tsw
13:59:40.0 (122444116)|ENTERING_MANAGED_PKG|tdc_tsw
13:59:40.0 (123167523)|ENTERING_MANAGED_PKG|tdc_tsw
13:59:40.0 (123393468)|ENTERING_MANAGED_PKG|tdc_tsw
13:59:40.0 (123783307)|ENTERING_MANAGED_PKG|tdc_tsw
13:59:40.0 (172647955)|ENTERING_MANAGED_PKG|tdc_tsw
13:59:40.0 (173575289)|ENTERING_MANAGED_PKG|tdc_tsw
13:59:40.0 (173813664)|ENTERING_MANAGED_PKG|tdc_tsw
13:59:40.0 (174204659)|ENTERING_MANAGED_PKG|tdc_tsw
13:59:40.0 (175409854)|ENTERING_MANAGED_PKG|tdc_tsw
13:59:40.0 (176163463)|ENTERING_MANAGED_PKG|tdc_tsw
13:59:40.0 (176391118)|ENTERING_MANAGED_PKG|tdc_tsw
13:59:40.0 (176789377)|ENTERING_MANAGED_PKG|tdc_tsw
13:59:40.0 (177847112)|ENTERING_MANAGED_PKG|tdc_tsw
13:59:40.0 (178578069)|ENTERING_MANAGED_PKG|tdc_tsw
13:59:40.0 (178805413)|ENTERING_MANAGED_PKG|tdc_tsw
13:59:40.0 (179190981)|ENTERING_MANAGED_PKG|tdc_tsw
13:59:40.0 (180245910)|ENTERING_MANAGED_PKG|tdc_tsw
13:59:40.0 (180974705)|ENTERING_MANAGED_PKG|tdc_tsw
13:59:40.0 (181246861)|ENTERING_MANAGED_PKG|tdc_tsw
13:59:40.0 (181684965)|ENTERING_MANAGED_PKG|tdc_tsw
13:59:40.0 (182745239)|ENTERING_MANAGED_PKG|tdc_tsw
13:59:40.0 (183562398)|ENTERING_MANAGED_PKG|tdc_tsw
13:59:40.0 (183790951)|ENTERING_MANAGED_PKG|tdc_tsw
13:59:40.0 (184166874)|ENTERING_MANAGED_PKG|tdc_tsw
13:59:40.0 (185227101)|ENTERING_MANAGED_PKG|tdc_tsw
13:59:40.0 (185961381)|ENTERING_MANAGED_PKG|tdc_tsw
13:59:40.0 (186196940)|ENTERING_MANAGED_PKG|tdc_tsw
13:59:40.0 (186588115)|ENTERING_MANAGED_PKG|tdc_tsw
13:59:40.0 (187660228)|ENTERING_MANAGED_PKG|tdc_tsw
13:59:40.0 (188418690)|ENTERING_MANAGED_PKG|tdc_tsw
13:59:40.0 (188670601)|ENTERING_MANAGED_PKG|tdc_tsw
13:59:40.0 (189052868)|ENTERING_MANAGED_PKG|tdc_tsw
13:59:40.0 (190127216)|ENTERING_MANAGED_PKG|tdc_tsw
13:59:40.0 (190853779)|ENTERING_MANAGED_PKG|tdc_tsw
13:59:40.0 (191078659)|ENTERING_MANAGED_PKG|tdc_tsw
13:59:40.0 (191464610)|ENTERING_MANAGED_PKG|tdc_tsw
13:59:40.0 (192533798)|ENTERING_MANAGED_PKG|tdc_tsw
13:59:40.0 (193329522)|ENTERING_MANAGED_PKG|tdc_tsw
13:59:40.0 (193609505)|ENTERING_MANAGED_PKG|tdc_tsw
13:59:40.0 (193989573)|ENTERING_MANAGED_PKG|tdc_tsw
13:59:40.0 (195132210)|ENTERING_MANAGED_PKG|tdc_tsw
13:59:40.0 (195863104)|ENTERING_MANAGED_PKG|tdc_tsw
13:59:40.0 (196097574)|ENTERING_MANAGED_PKG|tdc_tsw
13:59:40.0 (196482806)|ENTERING_MANAGED_PKG|tdc_tsw
13:59:40.0 (197577950)|ENTERING_MANAGED_PKG|tdc_tsw
13:59:40.0 (198296196)|ENTERING_MANAGED_PKG|tdc_tsw
13:59:40.0 (198521985)|ENTERING_MANAGED_PKG|tdc_tsw
13:59:40.0 (198904861)|ENTERING_MANAGED_PKG|tdc_tsw
13:59:40.0 (199951149)|ENTERING_MANAGED_PKG|tdc_tsw
13:59:40.0 (200711920)|ENTERING_MANAGED_PKG|tdc_tsw
13:59:40.0 (200939038)|ENTERING_MANAGED_PKG|tdc_tsw
13:59:40.0 (201314567)|ENTERING_MANAGED_PKG|tdc_tsw
13:59:40.0 (202382627)|ENTERING_MANAGED_PKG|tdc_tsw
13:59:40.0 (203417330)|ENTERING_MANAGED_PKG|tdc_tsw
13:59:40.0 (203652354)|ENTERING_MANAGED_PKG|tdc_tsw
13:59:40.0 (204034233)|ENTERING_MANAGED_PKG|tdc_tsw
13:59:40.0 (205096556)|ENTERING_MANAGED_PKG|tdc_tsw
13:59:40.0 (205843337)|ENTERING_MANAGED_PKG|tdc_tsw
13:59:40.0 (206068478)|ENTERING_MANAGED_PKG|tdc_tsw
13:59:40.0 (206446583)|ENTERING_MANAGED_PKG|tdc_tsw
13:59:40.0 (207491809)|ENTERING_MANAGED_PKG|tdc_tsw
13:59:40.0 (208214257)|ENTERING_MANAGED_PKG|tdc_tsw
13:59:40.0 (208440219)|ENTERING_MANAGED_PKG|tdc_tsw
13:59:40.0 (208890909)|ENTERING_MANAGED_PKG|tdc_tsw
13:59:40.0 (209946689)|ENTERING_MANAGED_PKG|tdc_tsw
13:59:40.0 (210673853)|ENTERING_MANAGED_PKG|tdc_tsw
13:59:40.0 (210899226)|ENTERING_MANAGED_PKG|tdc_tsw
13:59:40.0 (211295320)|ENTERING_MANAGED_PKG|tdc_tsw
13:59:40.0 (212404020)|ENTERING_MANAGED_PKG|tdc_tsw
13:59:40.0 (213134142)|ENTERING_MANAGED_PKG|tdc_tsw
13:59:40.0 (213358816)|ENTERING_MANAGED_PKG|tdc_tsw
13:59:40.0 (213746857)|ENTERING_MANAGED_PKG|tdc_tsw
13:59:40.0 (214831742)|ENTERING_MANAGED_PKG|tdc_tsw
13:59:40.0 (215572996)|ENTERING_MANAGED_PKG|tdc_tsw
13:59:40.0 (215799578)|ENTERING_MANAGED_PKG|tdc_tsw
13:59:40.0 (216175733)|ENTERING_MANAGED_PKG|tdc_tsw
13:59:40.0 (217227312)|ENTERING_MANAGED_PKG|tdc_tsw
13:59:40.0 (217947779)|ENTERING_MANAGED_PKG|tdc_tsw
13:59:40.0 (218171012)|ENTERING_MANAGED_PKG|tdc_tsw
13:59:40.0 (218558074)|ENTERING_MANAGED_PKG|tdc_tsw
13:59:40.0 (219600236)|ENTERING_MANAGED_PKG|tdc_tsw
13:59:40.0 (220308081)|ENTERING_MANAGED_PKG|tdc_tsw
13:59:40.0 (220567057)|ENTERING_MANAGED_PKG|tdc_tsw
13:59:40.0 (220959976)|ENTERING_MANAGED_PKG|tdc_tsw
13:59:40.0 (222006714)|ENTERING_MANAGED_PKG|tdc_tsw
13:59:40.0 (222752435)|ENTERING_MANAGED_PKG|tdc_tsw
13:59:40.0 (222978383)|ENTERING_MANAGED_PKG|tdc_tsw
13:59:40.0 (223353218)|ENTERING_MANAGED_PKG|tdc_tsw
13:59:40.0 (224397723)|ENTERING_MANAGED_PKG|tdc_tsw
13:59:40.0 (225118694)|ENTERING_MANAGED_PKG|tdc_tsw
13:59:40.0 (225342820)|ENTERING_MANAGED_PKG|tdc_tsw
13:59:40.0 (225730096)|ENTERING_MANAGED_PKG|tdc_tsw
13:59:40.0 (226765925)|ENTERING_MANAGED_PKG|tdc_tsw
13:59:40.0 (227561119)|ENTERING_MANAGED_PKG|tdc_tsw
13:59:40.0 (227787380)|ENTERING_MANAGED_PKG|tdc_tsw
13:59:40.0 (228160178)|ENTERING_MANAGED_PKG|tdc_tsw
13:59:40.0 (229198056)|ENTERING_MANAGED_PKG|tdc_tsw
13:59:40.0 (229918962)|ENTERING_MANAGED_PKG|tdc_tsw
13:59:40.0 (230142362)|ENTERING_MANAGED_PKG|tdc_tsw
13:59:40.0 (230516635)|ENTERING_MANAGED_PKG|tdc_tsw
13:59:40.0 (231573501)|ENTERING_MANAGED_PKG|tdc_tsw
13:59:40.0 (232288086)|ENTERING_MANAGED_PKG|tdc_tsw
13:59:40.0 (232511321)|ENTERING_MANAGED_PKG|tdc_tsw
13:59:40.0 (232896991)|ENTERING_MANAGED_PKG|tdc_tsw
13:59:40.0 (233983355)|ENTERING_MANAGED_PKG|tdc_tsw
13:59:40.0 (234702505)|ENTERING_MANAGED_PKG|tdc_tsw
13:59:40.0 (234927506)|ENTERING_MANAGED_PKG|tdc_tsw
13:59:40.0 (235301938)|ENTERING_MANAGED_PKG|tdc_tsw
13:59:40.0 (236350741)|ENTERING_MANAGED_PKG|tdc_tsw
13:59:40.0 (237076751)|ENTERING_MANAGED_PKG|tdc_tsw
13:59:40.0 (237301354)|ENTERING_MANAGED_PKG|tdc_tsw
13:59:40.0 (237690464)|ENTERING_MANAGED_PKG|tdc_tsw
13:59:40.0 (238727131)|ENTERING_MANAGED_PKG|tdc_tsw
13:59:40.0 (239433057)|ENTERING_MANAGED_PKG|tdc_tsw
13:59:40.0 (239664762)|ENTERING_MANAGED_PKG|tdc_tsw
13:59:40.0 (240036756)|ENTERING_MANAGED_PKG|tdc_tsw
13:59:40.0 (241090662)|ENTERING_MANAGED_PKG|tdc_tsw
13:59:40.0 (241812010)|ENTERING_MANAGED_PKG|tdc_tsw
13:59:40.0 (242035115)|ENTERING_MANAGED_PKG|tdc_tsw
13:59:40.0 (242408561)|ENTERING_MANAGED_PKG|tdc_tsw
13:59:40.0 (243446601)|ENTERING_MANAGED_PKG|tdc_tsw
13:59:40.0 (244158980)|ENTERING_MANAGED_PKG|tdc_tsw
13:59:40.0 (244383412)|ENTERING_MANAGED_PKG|tdc_tsw
13:59:40.0 (244762576)|ENTERING_MANAGED_PKG|tdc_tsw
13:59:40.0 (245801865)|ENTERING_MANAGED_PKG|tdc_tsw
13:59:40.0 (246516381)|ENTERING_MANAGED_PKG|tdc_tsw
13:59:40.0 (246745636)|ENTERING_MANAGED_PKG|tdc_tsw
13:59:40.0 (247118851)|ENTERING_MANAGED_PKG|tdc_tsw
13:59:40.0 (248158702)|ENTERING_MANAGED_PKG|tdc_tsw
13:59:40.0 (248878046)|ENTERING_MANAGED_PKG|tdc_tsw
13:59:40.0 (249107468)|ENTERING_MANAGED_PKG|tdc_tsw
13:59:40.0 (249478589)|ENTERING_MANAGED_PKG|tdc_tsw
13:59:40.0 (250527635)|ENTERING_MANAGED_PKG|tdc_tsw
13:59:40.0 (251243973)|ENTERING_MANAGED_PKG|tdc_tsw
13:59:40.0 (251473079)|ENTERING_MANAGED_PKG|tdc_tsw
13:59:40.0 (251855963)|ENTERING_MANAGED_PKG|tdc_tsw
13:59:40.0 (252894774)|ENTERING_MANAGED_PKG|tdc_tsw
13:59:40.0 (253617025)|ENTERING_MANAGED_PKG|tdc_tsw
13:59:40.0 (253848311)|ENTERING_MANAGED_PKG|tdc_tsw
13:59:40.0 (254220533)|ENTERING_MANAGED_PKG|tdc_tsw
13:59:40.0 (255265156)|ENTERING_MANAGED_PKG|tdc_tsw
13:59:40.0 (255976510)|ENTERING_MANAGED_PKG|tdc_tsw
13:59:40.0 (256175417)|ENTERING_MANAGED_PKG|tdc_tsw
13:59:40.0 (256553225)|ENTERING_MANAGED_PKG|tdc_tsw
13:59:40.0 (257703572)|ENTERING_MANAGED_PKG|tdc_tsw
13:59:40.0 (258599022)|ENTERING_MANAGED_PKG|tdc_tsw
13:59:40.0 (258670311)|ENTERING_MANAGED_PKG|tdc_tsw
13:59:40.0 (259164336)|SOQL_EXECUTE_BEGIN|[200]|Aggregations:0|SELECT Name, NamespacePrefix, SystemModStamp FROM StaticResource WHERE Name LIKE :tmpVar1 LIMIT 10
13:59:40.0 (262248724)|SOQL_EXECUTE_END|[200]|Rows:1
13:59:40.0 (263004519)|ENTERING_MANAGED_PKG|tdc_tsw
13:59:40.0 (263347411)|SOQL_EXECUTE_BEGIN|[200]|Aggregations:0|SELECT Name, NamespacePrefix, SystemModStamp FROM StaticResource WHERE Name LIKE :tmpVar1 LIMIT 10
13:59:40.0 (265360678)|SOQL_EXECUTE_END|[200]|Rows:1
13:59:40.0 (265854559)|ENTERING_MANAGED_PKG|tdc_tsw
13:59:40.0 (268980717)|ENTERING_MANAGED_PKG|tdc_tsw
13:59:40.0 (270455956)|ENTERING_MANAGED_PKG|tdc_tsw
13:59:40.0 (270749616)|ENTERING_MANAGED_PKG|tdc_tsw
13:59:40.0 (271530005)|ENTERING_MANAGED_PKG|tdc_tsw
13:59:40.0 (271899173)|SOQL_EXECUTE_BEGIN|[200]|Aggregations:0|SELECT Name, NamespacePrefix, SystemModStamp FROM StaticResource WHERE Name LIKE :tmpVar1 LIMIT 10
13:59:40.0 (274234996)|SOQL_EXECUTE_END|[200]|Rows:1
13:59:40.284 (284931230)|USER_INFO|[EXTERNAL]|0051H000009gxp8|chanida.dev2@solvedbysoftwareco.com|Eastern Standard Time|GMT-05:00
13:59:40.284 (286223737)|ENTERING_MANAGED_PKG|tdc_tsw
13:59:40.284 (286396298)|ENTERING_MANAGED_PKG|tdc_tsw
13:59:40.284 (288668551)|SOQL_EXECUTE_BEGIN|[355]|Aggregations:0|SELECT id, name, Disable_Incoming_SMS_Sharing__c FROM User WHERE id = :tmpVar1
13:59:40.284 (294264993)|SOQL_EXECUTE_END|[355]|Rows:1
13:59:40.284 (295197048)|SOQL_EXECUTE_BEGIN|[367]|Aggregations:0|SELECT CreatedDate,Id,LastModifiedDate,Related_Object_Id__c FROM Message__c WHERE Name = 'Incoming' AND Read__c = false ORDER BY CreatedDate Desc limit 100
13:59:40.284 (302912068)|SOQL_EXECUTE_END|[367]|Rows:100
