44.0 APEX_CODE,FINEST;APEX_PROFILING,INFO;CALLOUT,INFO;DB,INFO;NBA,INFO;SYSTEM,DEBUG;VALIDATION,INFO;VISUALFORCE,INFO;WAVE,INFO;WORKFLOW,INFO
15:36:36.0 (129758)|USER_INFO|[EXTERNAL]|0051H000009gxp8|chanida.dev2@solvedbysoftwareco.com|Eastern Standard Time|GMT-05:00
15:36:36.0 (1669992)|ENTERING_MANAGED_PKG|tdc_tsw
15:36:36.0 (2042359)|ENTERING_MANAGED_PKG|tdc_tsw
15:36:36.0 (5677840)|SOQL_EXECUTE_BEGIN|[16]|Aggregations:0|SELECT id, name, Disable_Incoming_SMS_Sharing__c FROM User WHERE id = :tmpVar1
15:36:36.0 (12850469)|SOQL_EXECUTE_END|[16]|Rows:1
15:36:36.0 (21879041)|SOQL_EXECUTE_BEGIN|[37]|Aggregations:0|SELECT CreatedDate,Created_Date__c,Id,LastModifiedDate,MessageId__c,Message_Text_New__c,Name,OwnerId,Read__c,Related_Object_Id__c,Related_Object__c,Sender_Number__c, Sender_Name__c,ToNumber__c,Attachments_Ids__c FROM Message__c WHERE Name = 'Incoming' AND Read__c = false ORDER BY CreatedDate Desc limit 100
15:36:36.0 (37867256)|SOQL_EXECUTE_END|[37]|Rows:100
15:36:36.0 (54506839)|ENTERING_MANAGED_PKG|tdc_tsw
15:36:36.0 (56210070)|ENTERING_MANAGED_PKG|tdc_tsw
15:36:36.0 (56704973)|ENTERING_MANAGED_PKG|tdc_tsw
15:36:36.0 (57353406)|ENTERING_MANAGED_PKG|tdc_tsw
15:36:36.0 (60243894)|ENTERING_MANAGED_PKG|tdc_tsw
15:36:36.0 (61018193)|ENTERING_MANAGED_PKG|tdc_tsw
15:36:36.0 (61250778)|ENTERING_MANAGED_PKG|tdc_tsw
15:36:36.0 (61646097)|ENTERING_MANAGED_PKG|tdc_tsw
15:36:36.0 (62723534)|ENTERING_MANAGED_PKG|tdc_tsw
15:36:36.0 (63522446)|ENTERING_MANAGED_PKG|tdc_tsw
15:36:36.0 (63752178)|ENTERING_MANAGED_PKG|tdc_tsw
15:36:36.0 (64145270)|ENTERING_MANAGED_PKG|tdc_tsw
15:36:36.0 (65552830)|ENTERING_MANAGED_PKG|tdc_tsw
15:36:36.0 (66318516)|ENTERING_MANAGED_PKG|tdc_tsw
15:36:36.0 (66547332)|ENTERING_MANAGED_PKG|tdc_tsw
15:36:36.0 (66957546)|ENTERING_MANAGED_PKG|tdc_tsw
15:36:36.0 (68024370)|ENTERING_MANAGED_PKG|tdc_tsw
15:36:36.0 (68765895)|ENTERING_MANAGED_PKG|tdc_tsw
15:36:36.0 (68992109)|ENTERING_MANAGED_PKG|tdc_tsw
15:36:36.0 (69383617)|ENTERING_MANAGED_PKG|tdc_tsw
15:36:36.0 (70509340)|ENTERING_MANAGED_PKG|tdc_tsw
15:36:36.0 (71259690)|ENTERING_MANAGED_PKG|tdc_tsw
15:36:36.0 (71507253)|ENTERING_MANAGED_PKG|tdc_tsw
15:36:36.0 (71882259)|ENTERING_MANAGED_PKG|tdc_tsw
15:36:36.0 (72993783)|ENTERING_MANAGED_PKG|tdc_tsw
15:36:36.0 (73770836)|ENTERING_MANAGED_PKG|tdc_tsw
15:36:36.0 (73998545)|ENTERING_MANAGED_PKG|tdc_tsw
15:36:36.0 (74383208)|ENTERING_MANAGED_PKG|tdc_tsw
15:36:36.0 (75545196)|ENTERING_MANAGED_PKG|tdc_tsw
15:36:36.0 (76305169)|ENTERING_MANAGED_PKG|tdc_tsw
15:36:36.0 (76601448)|ENTERING_MANAGED_PKG|tdc_tsw
15:36:36.0 (77001596)|ENTERING_MANAGED_PKG|tdc_tsw
15:36:36.0 (78112016)|ENTERING_MANAGED_PKG|tdc_tsw
15:36:36.0 (78831017)|ENTERING_MANAGED_PKG|tdc_tsw
15:36:36.0 (79064760)|ENTERING_MANAGED_PKG|tdc_tsw
15:36:36.0 (79441851)|ENTERING_MANAGED_PKG|tdc_tsw
15:36:36.0 (80499096)|ENTERING_MANAGED_PKG|tdc_tsw
15:36:36.0 (81235682)|ENTERING_MANAGED_PKG|tdc_tsw
15:36:36.0 (81462592)|ENTERING_MANAGED_PKG|tdc_tsw
15:36:36.0 (81861905)|ENTERING_MANAGED_PKG|tdc_tsw
15:36:36.0 (82931844)|ENTERING_MANAGED_PKG|tdc_tsw
15:36:36.0 (83670267)|ENTERING_MANAGED_PKG|tdc_tsw
15:36:36.0 (83896692)|ENTERING_MANAGED_PKG|tdc_tsw
15:36:36.0 (84333985)|ENTERING_MANAGED_PKG|tdc_tsw
15:36:36.0 (85448404)|ENTERING_MANAGED_PKG|tdc_tsw
15:36:36.0 (86217830)|ENTERING_MANAGED_PKG|tdc_tsw
15:36:36.0 (86427789)|ENTERING_MANAGED_PKG|tdc_tsw
15:36:36.0 (86823738)|ENTERING_MANAGED_PKG|tdc_tsw
15:36:36.0 (88132400)|ENTERING_MANAGED_PKG|tdc_tsw
15:36:36.0 (88935141)|ENTERING_MANAGED_PKG|tdc_tsw
15:36:36.0 (89200710)|ENTERING_MANAGED_PKG|tdc_tsw
15:36:36.0 (89809064)|ENTERING_MANAGED_PKG|tdc_tsw
15:36:36.0 (91077950)|ENTERING_MANAGED_PKG|tdc_tsw
15:36:36.0 (91806892)|ENTERING_MANAGED_PKG|tdc_tsw
15:36:36.0 (92044354)|ENTERING_MANAGED_PKG|tdc_tsw
15:36:36.0 (92428620)|ENTERING_MANAGED_PKG|tdc_tsw
15:36:36.0 (93594457)|ENTERING_MANAGED_PKG|tdc_tsw
15:36:36.0 (94368031)|ENTERING_MANAGED_PKG|tdc_tsw
15:36:36.0 (94619602)|ENTERING_MANAGED_PKG|tdc_tsw
15:36:36.0 (95002768)|ENTERING_MANAGED_PKG|tdc_tsw
15:36:36.0 (96182266)|ENTERING_MANAGED_PKG|tdc_tsw
15:36:36.0 (97036205)|ENTERING_MANAGED_PKG|tdc_tsw
15:36:36.0 (97343226)|ENTERING_MANAGED_PKG|tdc_tsw
15:36:36.0 (97756916)|ENTERING_MANAGED_PKG|tdc_tsw
15:36:36.0 (98901505)|ENTERING_MANAGED_PKG|tdc_tsw
15:36:36.0 (99636413)|ENTERING_MANAGED_PKG|tdc_tsw
15:36:36.0 (99865003)|ENTERING_MANAGED_PKG|tdc_tsw
15:36:36.0 (100264067)|ENTERING_MANAGED_PKG|tdc_tsw
15:36:36.0 (101338577)|ENTERING_MANAGED_PKG|tdc_tsw
15:36:36.0 (102073278)|ENTERING_MANAGED_PKG|tdc_tsw
15:36:36.0 (102302113)|ENTERING_MANAGED_PKG|tdc_tsw
15:36:36.0 (102683350)|ENTERING_MANAGED_PKG|tdc_tsw
15:36:36.0 (103773993)|ENTERING_MANAGED_PKG|tdc_tsw
15:36:36.0 (104613722)|ENTERING_MANAGED_PKG|tdc_tsw
15:36:36.0 (104845153)|ENTERING_MANAGED_PKG|tdc_tsw
15:36:36.0 (105266851)|ENTERING_MANAGED_PKG|tdc_tsw
15:36:36.0 (106349519)|ENTERING_MANAGED_PKG|tdc_tsw
15:36:36.0 (107094711)|ENTERING_MANAGED_PKG|tdc_tsw
15:36:36.0 (107323936)|ENTERING_MANAGED_PKG|tdc_tsw
15:36:36.0 (107734775)|ENTERING_MANAGED_PKG|tdc_tsw
15:36:36.0 (108833317)|ENTERING_MANAGED_PKG|tdc_tsw
15:36:36.0 (109592938)|ENTERING_MANAGED_PKG|tdc_tsw
15:36:36.0 (109823299)|ENTERING_MANAGED_PKG|tdc_tsw
15:36:36.0 (110225036)|ENTERING_MANAGED_PKG|tdc_tsw
15:36:36.0 (111334754)|ENTERING_MANAGED_PKG|tdc_tsw
15:36:36.0 (112073590)|ENTERING_MANAGED_PKG|tdc_tsw
15:36:36.0 (112302196)|ENTERING_MANAGED_PKG|tdc_tsw
15:36:36.0 (112682609)|ENTERING_MANAGED_PKG|tdc_tsw
15:36:36.0 (113775131)|ENTERING_MANAGED_PKG|tdc_tsw
15:36:36.0 (114501491)|ENTERING_MANAGED_PKG|tdc_tsw
15:36:36.0 (114729063)|ENTERING_MANAGED_PKG|tdc_tsw
15:36:36.0 (115124222)|ENTERING_MANAGED_PKG|tdc_tsw
15:36:36.0 (116244971)|ENTERING_MANAGED_PKG|tdc_tsw
15:36:36.0 (116973560)|ENTERING_MANAGED_PKG|tdc_tsw
15:36:36.0 (117205143)|ENTERING_MANAGED_PKG|tdc_tsw
15:36:36.0 (117617277)|ENTERING_MANAGED_PKG|tdc_tsw
15:36:36.0 (118720790)|ENTERING_MANAGED_PKG|tdc_tsw
15:36:36.0 (119459018)|ENTERING_MANAGED_PKG|tdc_tsw
15:36:36.0 (119686736)|ENTERING_MANAGED_PKG|tdc_tsw
15:36:36.0 (120128380)|ENTERING_MANAGED_PKG|tdc_tsw
15:36:36.0 (121186955)|ENTERING_MANAGED_PKG|tdc_tsw
15:36:36.0 (121914512)|ENTERING_MANAGED_PKG|tdc_tsw
15:36:36.0 (122150172)|ENTERING_MANAGED_PKG|tdc_tsw
15:36:36.0 (122531554)|ENTERING_MANAGED_PKG|tdc_tsw
15:36:36.0 (123587217)|ENTERING_MANAGED_PKG|tdc_tsw
15:36:36.0 (124333912)|ENTERING_MANAGED_PKG|tdc_tsw
15:36:36.0 (124561898)|ENTERING_MANAGED_PKG|tdc_tsw
15:36:36.0 (124940427)|ENTERING_MANAGED_PKG|tdc_tsw
15:36:36.0 (126061322)|ENTERING_MANAGED_PKG|tdc_tsw
15:36:36.0 (126832380)|ENTERING_MANAGED_PKG|tdc_tsw
15:36:36.0 (127066059)|ENTERING_MANAGED_PKG|tdc_tsw
15:36:36.0 (127445720)|ENTERING_MANAGED_PKG|tdc_tsw
15:36:36.0 (128503014)|ENTERING_MANAGED_PKG|tdc_tsw
15:36:36.0 (129246040)|ENTERING_MANAGED_PKG|tdc_tsw
15:36:36.0 (129479150)|ENTERING_MANAGED_PKG|tdc_tsw
15:36:36.0 (129857880)|ENTERING_MANAGED_PKG|tdc_tsw
15:36:36.0 (130927562)|ENTERING_MANAGED_PKG|tdc_tsw
15:36:36.0 (131664606)|ENTERING_MANAGED_PKG|tdc_tsw
15:36:36.0 (131899086)|ENTERING_MANAGED_PKG|tdc_tsw
15:36:36.0 (132316693)|ENTERING_MANAGED_PKG|tdc_tsw
15:36:36.0 (133375375)|ENTERING_MANAGED_PKG|tdc_tsw
15:36:36.0 (134107661)|ENTERING_MANAGED_PKG|tdc_tsw
15:36:36.0 (134340775)|ENTERING_MANAGED_PKG|tdc_tsw
15:36:36.0 (134726519)|ENTERING_MANAGED_PKG|tdc_tsw
15:36:36.0 (135793023)|ENTERING_MANAGED_PKG|tdc_tsw
15:36:36.0 (136533292)|ENTERING_MANAGED_PKG|tdc_tsw
15:36:36.0 (136761078)|ENTERING_MANAGED_PKG|tdc_tsw
15:36:36.0 (137184645)|ENTERING_MANAGED_PKG|tdc_tsw
15:36:36.0 (138308525)|ENTERING_MANAGED_PKG|tdc_tsw
15:36:36.0 (139029301)|ENTERING_MANAGED_PKG|tdc_tsw
15:36:36.0 (139256846)|ENTERING_MANAGED_PKG|tdc_tsw
15:36:36.0 (139679236)|ENTERING_MANAGED_PKG|tdc_tsw
15:36:36.0 (140749545)|ENTERING_MANAGED_PKG|tdc_tsw
15:36:36.0 (141658607)|ENTERING_MANAGED_PKG|tdc_tsw
15:36:36.0 (141924214)|ENTERING_MANAGED_PKG|tdc_tsw
15:36:36.0 (142399440)|ENTERING_MANAGED_PKG|tdc_tsw
15:36:36.0 (143668289)|ENTERING_MANAGED_PKG|tdc_tsw
15:36:36.0 (144443732)|ENTERING_MANAGED_PKG|tdc_tsw
15:36:36.0 (144673050)|ENTERING_MANAGED_PKG|tdc_tsw
15:36:36.0 (145078973)|ENTERING_MANAGED_PKG|tdc_tsw
15:36:36.0 (146182736)|ENTERING_MANAGED_PKG|tdc_tsw
15:36:36.0 (146909891)|ENTERING_MANAGED_PKG|tdc_tsw
15:36:36.0 (147150502)|ENTERING_MANAGED_PKG|tdc_tsw
15:36:36.0 (147544367)|ENTERING_MANAGED_PKG|tdc_tsw
15:36:36.0 (148599000)|ENTERING_MANAGED_PKG|tdc_tsw
15:36:36.0 (149336184)|ENTERING_MANAGED_PKG|tdc_tsw
15:36:36.0 (149562979)|ENTERING_MANAGED_PKG|tdc_tsw
15:36:36.0 (149944986)|ENTERING_MANAGED_PKG|tdc_tsw
15:36:36.0 (151126980)|ENTERING_MANAGED_PKG|tdc_tsw
15:36:36.0 (151883128)|ENTERING_MANAGED_PKG|tdc_tsw
15:36:36.0 (152128528)|ENTERING_MANAGED_PKG|tdc_tsw
15:36:36.0 (152518213)|ENTERING_MANAGED_PKG|tdc_tsw
15:36:36.0 (153640076)|ENTERING_MANAGED_PKG|tdc_tsw
15:36:36.0 (154383473)|ENTERING_MANAGED_PKG|tdc_tsw
15:36:36.0 (154610273)|ENTERING_MANAGED_PKG|tdc_tsw
15:36:36.0 (155026032)|ENTERING_MANAGED_PKG|tdc_tsw
15:36:36.0 (156111198)|ENTERING_MANAGED_PKG|tdc_tsw
15:36:36.0 (156849708)|ENTERING_MANAGED_PKG|tdc_tsw
15:36:36.0 (157094041)|ENTERING_MANAGED_PKG|tdc_tsw
15:36:36.0 (157476285)|ENTERING_MANAGED_PKG|tdc_tsw
15:36:36.0 (158553001)|ENTERING_MANAGED_PKG|tdc_tsw
15:36:36.0 (159341572)|ENTERING_MANAGED_PKG|tdc_tsw
15:36:36.0 (159570181)|ENTERING_MANAGED_PKG|tdc_tsw
15:36:36.0 (159950151)|ENTERING_MANAGED_PKG|tdc_tsw
15:36:36.0 (161026267)|ENTERING_MANAGED_PKG|tdc_tsw
15:36:36.0 (161754280)|ENTERING_MANAGED_PKG|tdc_tsw
15:36:36.0 (161980170)|ENTERING_MANAGED_PKG|tdc_tsw
15:36:36.0 (162452419)|ENTERING_MANAGED_PKG|tdc_tsw
15:36:36.0 (163695695)|ENTERING_MANAGED_PKG|tdc_tsw
15:36:36.0 (164462667)|ENTERING_MANAGED_PKG|tdc_tsw
15:36:36.0 (164696666)|ENTERING_MANAGED_PKG|tdc_tsw
15:36:36.0 (165100550)|ENTERING_MANAGED_PKG|tdc_tsw
15:36:36.0 (166198465)|ENTERING_MANAGED_PKG|tdc_tsw
15:36:36.0 (166978009)|ENTERING_MANAGED_PKG|tdc_tsw
15:36:36.0 (167217451)|ENTERING_MANAGED_PKG|tdc_tsw
15:36:36.0 (167604173)|ENTERING_MANAGED_PKG|tdc_tsw
15:36:36.0 (168823318)|ENTERING_MANAGED_PKG|tdc_tsw
15:36:36.0 (169590346)|ENTERING_MANAGED_PKG|tdc_tsw
15:36:36.0 (169818248)|ENTERING_MANAGED_PKG|tdc_tsw
15:36:36.0 (170262715)|ENTERING_MANAGED_PKG|tdc_tsw
15:36:36.0 (171321526)|ENTERING_MANAGED_PKG|tdc_tsw
15:36:36.0 (172047143)|ENTERING_MANAGED_PKG|tdc_tsw
15:36:36.0 (172275496)|ENTERING_MANAGED_PKG|tdc_tsw
15:36:36.0 (172654411)|ENTERING_MANAGED_PKG|tdc_tsw
15:36:36.0 (173711938)|ENTERING_MANAGED_PKG|tdc_tsw
15:36:36.0 (174439021)|ENTERING_MANAGED_PKG|tdc_tsw
15:36:36.0 (174678325)|ENTERING_MANAGED_PKG|tdc_tsw
15:36:36.0 (175071904)|ENTERING_MANAGED_PKG|tdc_tsw
15:36:36.0 (176142857)|ENTERING_MANAGED_PKG|tdc_tsw
15:36:36.0 (176859113)|ENTERING_MANAGED_PKG|tdc_tsw
15:36:36.0 (177101500)|ENTERING_MANAGED_PKG|tdc_tsw
15:36:36.0 (177481845)|ENTERING_MANAGED_PKG|tdc_tsw
15:36:36.0 (178543894)|ENTERING_MANAGED_PKG|tdc_tsw
15:36:36.0 (179270954)|ENTERING_MANAGED_PKG|tdc_tsw
15:36:36.0 (179498437)|ENTERING_MANAGED_PKG|tdc_tsw
15:36:36.0 (179907988)|ENTERING_MANAGED_PKG|tdc_tsw
15:36:36.0 (180999605)|ENTERING_MANAGED_PKG|tdc_tsw
15:36:36.0 (181798202)|ENTERING_MANAGED_PKG|tdc_tsw
15:36:36.0 (182043393)|ENTERING_MANAGED_PKG|tdc_tsw
15:36:36.0 (182425556)|ENTERING_MANAGED_PKG|tdc_tsw
15:36:36.0 (183530273)|ENTERING_MANAGED_PKG|tdc_tsw
15:36:36.0 (184259958)|ENTERING_MANAGED_PKG|tdc_tsw
15:36:36.0 (184487762)|ENTERING_MANAGED_PKG|tdc_tsw
15:36:36.0 (184868204)|ENTERING_MANAGED_PKG|tdc_tsw
15:36:36.0 (186014839)|ENTERING_MANAGED_PKG|tdc_tsw
15:36:36.0 (186773116)|ENTERING_MANAGED_PKG|tdc_tsw
15:36:36.0 (187034244)|ENTERING_MANAGED_PKG|tdc_tsw
15:36:36.0 (187463729)|ENTERING_MANAGED_PKG|tdc_tsw
15:36:36.0 (188529217)|ENTERING_MANAGED_PKG|tdc_tsw
15:36:36.0 (189636843)|ENTERING_MANAGED_PKG|tdc_tsw
15:36:36.0 (189865709)|ENTERING_MANAGED_PKG|tdc_tsw
15:36:36.0 (190258574)|ENTERING_MANAGED_PKG|tdc_tsw
15:36:36.0 (191324291)|ENTERING_MANAGED_PKG|tdc_tsw
15:36:36.0 (192103096)|ENTERING_MANAGED_PKG|tdc_tsw
15:36:36.0 (192351000)|ENTERING_MANAGED_PKG|tdc_tsw
15:36:36.0 (192763959)|ENTERING_MANAGED_PKG|tdc_tsw
15:36:36.0 (193993503)|ENTERING_MANAGED_PKG|tdc_tsw
15:36:36.0 (194794143)|ENTERING_MANAGED_PKG|tdc_tsw
15:36:36.0 (195090777)|ENTERING_MANAGED_PKG|tdc_tsw
15:36:36.0 (195578499)|ENTERING_MANAGED_PKG|tdc_tsw
15:36:36.0 (196745299)|ENTERING_MANAGED_PKG|tdc_tsw
15:36:36.0 (197536604)|ENTERING_MANAGED_PKG|tdc_tsw
15:36:36.0 (197794719)|ENTERING_MANAGED_PKG|tdc_tsw
15:36:36.0 (198271310)|ENTERING_MANAGED_PKG|tdc_tsw
15:36:36.0 (199337050)|ENTERING_MANAGED_PKG|tdc_tsw
15:36:36.0 (200076044)|ENTERING_MANAGED_PKG|tdc_tsw
15:36:36.0 (200303623)|ENTERING_MANAGED_PKG|tdc_tsw
15:36:36.0 (200683387)|ENTERING_MANAGED_PKG|tdc_tsw
15:36:36.0 (201743663)|ENTERING_MANAGED_PKG|tdc_tsw
15:36:36.0 (202483485)|ENTERING_MANAGED_PKG|tdc_tsw
15:36:36.0 (202745506)|ENTERING_MANAGED_PKG|tdc_tsw
15:36:36.0 (203142758)|ENTERING_MANAGED_PKG|tdc_tsw
15:36:36.0 (204202237)|ENTERING_MANAGED_PKG|tdc_tsw
15:36:36.0 (204968567)|ENTERING_MANAGED_PKG|tdc_tsw
15:36:36.0 (205212836)|ENTERING_MANAGED_PKG|tdc_tsw
15:36:36.0 (205629821)|ENTERING_MANAGED_PKG|tdc_tsw
15:36:36.0 (206686807)|ENTERING_MANAGED_PKG|tdc_tsw
15:36:36.0 (207422160)|ENTERING_MANAGED_PKG|tdc_tsw
15:36:36.0 (207649376)|ENTERING_MANAGED_PKG|tdc_tsw
15:36:36.0 (208070409)|ENTERING_MANAGED_PKG|tdc_tsw
15:36:36.0 (209156014)|ENTERING_MANAGED_PKG|tdc_tsw
15:36:36.0 (209879576)|ENTERING_MANAGED_PKG|tdc_tsw
15:36:36.0 (210115297)|ENTERING_MANAGED_PKG|tdc_tsw
15:36:36.0 (210495756)|ENTERING_MANAGED_PKG|tdc_tsw
15:36:36.0 (211544391)|ENTERING_MANAGED_PKG|tdc_tsw
15:36:36.0 (212309467)|ENTERING_MANAGED_PKG|tdc_tsw
15:36:36.0 (212537339)|ENTERING_MANAGED_PKG|tdc_tsw
15:36:36.0 (212947492)|ENTERING_MANAGED_PKG|tdc_tsw
15:36:36.0 (214128547)|ENTERING_MANAGED_PKG|tdc_tsw
15:36:36.0 (214966647)|ENTERING_MANAGED_PKG|tdc_tsw
15:36:36.0 (215225904)|ENTERING_MANAGED_PKG|tdc_tsw
15:36:36.0 (215677581)|ENTERING_MANAGED_PKG|tdc_tsw
15:36:36.0 (216751758)|ENTERING_MANAGED_PKG|tdc_tsw
15:36:36.0 (217486017)|ENTERING_MANAGED_PKG|tdc_tsw
15:36:36.0 (217714939)|ENTERING_MANAGED_PKG|tdc_tsw
15:36:36.0 (218109487)|ENTERING_MANAGED_PKG|tdc_tsw
15:36:36.0 (219170057)|ENTERING_MANAGED_PKG|tdc_tsw
15:36:36.0 (219991666)|ENTERING_MANAGED_PKG|tdc_tsw
15:36:36.0 (220228111)|ENTERING_MANAGED_PKG|tdc_tsw
15:36:36.0 (220610645)|ENTERING_MANAGED_PKG|tdc_tsw
15:36:36.0 (221710364)|ENTERING_MANAGED_PKG|tdc_tsw
15:36:36.0 (222576664)|ENTERING_MANAGED_PKG|tdc_tsw
15:36:36.0 (222813381)|ENTERING_MANAGED_PKG|tdc_tsw
15:36:36.0 (223209983)|ENTERING_MANAGED_PKG|tdc_tsw
15:36:36.0 (224276895)|ENTERING_MANAGED_PKG|tdc_tsw
15:36:36.0 (224998228)|ENTERING_MANAGED_PKG|tdc_tsw
15:36:36.0 (225239626)|ENTERING_MANAGED_PKG|tdc_tsw
15:36:36.0 (225620844)|ENTERING_MANAGED_PKG|tdc_tsw
15:36:36.0 (226826953)|ENTERING_MANAGED_PKG|tdc_tsw
15:36:36.0 (227712728)|ENTERING_MANAGED_PKG|tdc_tsw
15:36:36.0 (227786872)|ENTERING_MANAGED_PKG|tdc_tsw
15:36:36.0 (228403139)|SOQL_EXECUTE_BEGIN|[200]|Aggregations:0|SELECT Name, NamespacePrefix, SystemModStamp FROM StaticResource WHERE Name LIKE :tmpVar1 LIMIT 10
15:36:36.0 (231688186)|SOQL_EXECUTE_END|[200]|Rows:1
15:36:36.0 (232449400)|ENTERING_MANAGED_PKG|tdc_tsw
15:36:36.0 (232904691)|SOQL_EXECUTE_BEGIN|[200]|Aggregations:0|SELECT Name, NamespacePrefix, SystemModStamp FROM StaticResource WHERE Name LIKE :tmpVar1 LIMIT 10
15:36:36.0 (235080968)|SOQL_EXECUTE_END|[200]|Rows:1
15:36:36.0 (235454194)|ENTERING_MANAGED_PKG|tdc_tsw
15:36:36.0 (238609914)|ENTERING_MANAGED_PKG|tdc_tsw
15:36:36.0 (240290985)|ENTERING_MANAGED_PKG|tdc_tsw
15:36:36.0 (240601450)|ENTERING_MANAGED_PKG|tdc_tsw
15:36:36.0 (241439264)|ENTERING_MANAGED_PKG|tdc_tsw
15:36:36.0 (241816124)|SOQL_EXECUTE_BEGIN|[200]|Aggregations:0|SELECT Name, NamespacePrefix, SystemModStamp FROM StaticResource WHERE Name LIKE :tmpVar1 LIMIT 10
15:36:36.0 (244146774)|SOQL_EXECUTE_END|[200]|Rows:1
15:36:36.254 (254517364)|USER_INFO|[EXTERNAL]|0051H000009gxp8|chanida.dev2@solvedbysoftwareco.com|Eastern Standard Time|GMT-05:00
15:36:36.254 (255982688)|ENTERING_MANAGED_PKG|tdc_tsw
15:36:36.254 (256199411)|ENTERING_MANAGED_PKG|tdc_tsw
15:36:36.254 (258705427)|SOQL_EXECUTE_BEGIN|[355]|Aggregations:0|SELECT id, name, Disable_Incoming_SMS_Sharing__c FROM User WHERE id = :tmpVar1
15:36:36.254 (264763917)|SOQL_EXECUTE_END|[355]|Rows:1
15:36:36.254 (265807886)|SOQL_EXECUTE_BEGIN|[367]|Aggregations:0|SELECT CreatedDate,Id,LastModifiedDate,Related_Object_Id__c FROM Message__c WHERE Name = 'Incoming' AND Read__c = false ORDER BY CreatedDate Desc limit 100
15:36:36.254 (274160584)|SOQL_EXECUTE_END|[367]|Rows:100
