44.0 APEX_CODE,FINEST;APEX_PROFILING,INFO;CALLOUT,INFO;DB,INFO;NBA,INFO;SYSTEM,DEBUG;VALIDATION,INFO;VISUALFORCE,INFO;WAVE,INFO;WORKFLOW,INFO
20:06:23.0 (135110)|USER_INFO|[EXTERNAL]|0051H000009gxp8|chanida.dev2@solvedbysoftwareco.com|Eastern Standard Time|GMT-05:00
20:06:23.0 (1650177)|ENTERING_MANAGED_PKG|tdc_tsw
20:06:23.0 (2080333)|ENTERING_MANAGED_PKG|tdc_tsw
20:06:23.0 (17616370)|SOQL_EXECUTE_BEGIN|[16]|Aggregations:0|SELECT id, name, Disable_Incoming_SMS_Sharing__c FROM User WHERE id = :tmpVar1
20:06:23.0 (24137846)|SOQL_EXECUTE_END|[16]|Rows:1
20:06:23.0 (45849615)|SOQL_EXECUTE_BEGIN|[37]|Aggregations:0|SELECT CreatedDate,Created_Date__c,Id,LastModifiedDate,MessageId__c,Message_Text_New__c,Name,OwnerId,Read__c,Related_Object_Id__c,Related_Object__c,Sender_Number__c, Sender_Name__c,ToNumber__c,Attachments_Ids__c FROM Message__c WHERE Name = 'Incoming' AND Read__c = false ORDER BY CreatedDate Desc limit 100
20:06:23.0 (55743960)|SOQL_EXECUTE_END|[37]|Rows:15
20:06:23.0 (59184097)|ENTERING_MANAGED_PKG|tdc_tsw
20:06:23.0 (60835404)|ENTERING_MANAGED_PKG|tdc_tsw
20:06:23.0 (61335645)|ENTERING_MANAGED_PKG|tdc_tsw
20:06:23.0 (62009552)|ENTERING_MANAGED_PKG|tdc_tsw
20:06:23.0 (64700693)|ENTERING_MANAGED_PKG|tdc_tsw
20:06:23.0 (65498804)|ENTERING_MANAGED_PKG|tdc_tsw
20:06:23.0 (65713495)|ENTERING_MANAGED_PKG|tdc_tsw
20:06:23.0 (66137915)|ENTERING_MANAGED_PKG|tdc_tsw
20:06:23.0 (67248255)|ENTERING_MANAGED_PKG|tdc_tsw
20:06:23.0 (68023017)|ENTERING_MANAGED_PKG|tdc_tsw
20:06:23.0 (68280812)|ENTERING_MANAGED_PKG|tdc_tsw
20:06:23.0 (68681873)|ENTERING_MANAGED_PKG|tdc_tsw
20:06:23.0 (69893498)|ENTERING_MANAGED_PKG|tdc_tsw
20:06:23.0 (70547170)|ENTERING_MANAGED_PKG|tdc_tsw
20:06:23.0 (70618348)|ENTERING_MANAGED_PKG|tdc_tsw
20:06:23.0 (71141510)|SOQL_EXECUTE_BEGIN|[200]|Aggregations:0|SELECT Name, NamespacePrefix, SystemModStamp FROM StaticResource WHERE Name LIKE :tmpVar1 LIMIT 10
20:06:23.0 (73798607)|SOQL_EXECUTE_END|[200]|Rows:1
20:06:23.0 (74632200)|ENTERING_MANAGED_PKG|tdc_tsw
20:06:23.0 (75056795)|SOQL_EXECUTE_BEGIN|[200]|Aggregations:0|SELECT Name, NamespacePrefix, SystemModStamp FROM StaticResource WHERE Name LIKE :tmpVar1 LIMIT 10
20:06:23.0 (77429002)|SOQL_EXECUTE_END|[200]|Rows:1
20:06:23.0 (77877805)|ENTERING_MANAGED_PKG|tdc_tsw
20:06:23.0 (89349316)|ENTERING_MANAGED_PKG|tdc_tsw
20:06:23.0 (90896442)|ENTERING_MANAGED_PKG|tdc_tsw
20:06:23.0 (91208076)|ENTERING_MANAGED_PKG|tdc_tsw
20:06:23.0 (92037154)|ENTERING_MANAGED_PKG|tdc_tsw
20:06:23.0 (92411034)|SOQL_EXECUTE_BEGIN|[200]|Aggregations:0|SELECT Name, NamespacePrefix, SystemModStamp FROM StaticResource WHERE Name LIKE :tmpVar1 LIMIT 10
20:06:23.0 (94652590)|SOQL_EXECUTE_END|[200]|Rows:1
20:06:23.99 (99662155)|USER_INFO|[EXTERNAL]|0051H000009gxp8|chanida.dev2@solvedbysoftwareco.com|Eastern Standard Time|GMT-05:00
20:06:23.99 (100968160)|ENTERING_MANAGED_PKG|tdc_tsw
20:06:23.99 (101119297)|ENTERING_MANAGED_PKG|tdc_tsw
20:06:23.99 (103439777)|SOQL_EXECUTE_BEGIN|[355]|Aggregations:0|SELECT id, name, Disable_Incoming_SMS_Sharing__c FROM User WHERE id = :tmpVar1
20:06:23.99 (109844560)|SOQL_EXECUTE_END|[355]|Rows:1
20:06:23.99 (110805349)|SOQL_EXECUTE_BEGIN|[367]|Aggregations:0|SELECT CreatedDate,Id,LastModifiedDate,Related_Object_Id__c FROM Message__c WHERE Name = 'Incoming' AND Read__c = false ORDER BY CreatedDate Desc limit 100
20:06:23.99 (118141111)|SOQL_EXECUTE_END|[367]|Rows:15
