44.0 APEX_CODE,FINEST;APEX_PROFILING,INFO;CALLOUT,INFO;DB,INFO;NBA,INFO;SYSTEM,DEBUG;VALIDATION,INFO;VISUALFORCE,INFO;WAVE,INFO;WORKFLOW,INFO
23:14:57.0 (133084)|USER_INFO|[EXTERNAL]|0051H000009gxp8|chanida.dev2@solvedbysoftwareco.com|Eastern Standard Time|GMT-05:00
23:14:57.0 (2613097)|ENTERING_MANAGED_PKG|tdc_tsw
23:14:57.0 (2765484)|ENTERING_MANAGED_PKG|tdc_tsw
23:14:57.0 (3233020)|ENTERING_MANAGED_PKG|tdc_tsw
23:14:57.0 (3276931)|ENTERING_MANAGED_PKG|tdc_tsw
23:14:57.0 (3981538)|ENTERING_MANAGED_PKG|tdc_tsw
23:14:57.0 (4614739)|ENTERING_MANAGED_PKG|tdc_tsw
23:14:57.0 (6038140)|ENTERING_MANAGED_PKG|tdc_tsw
23:14:57.0 (6110101)|ENTERING_MANAGED_PKG|tdc_tsw
23:14:57.0 (7249728)|ENTERING_MANAGED_PKG|tdc_tsw
23:14:57.0 (13135875)|SOQL_EXECUTE_BEGIN|[82]|Aggregations:0|SELECT CreatedDate, Id,Task_Created__c,Event_Created__c,isCaseCreated__c,Task_Id__c,Event_Id__c,Case__c, Important__c, Delivered__c, Message_Text_New__c, Name, Owner.Name, Read__c,MessageId__c, ToNumber__c, Related_Object_Id__c, Related_Object__c, Sender_Number__c, LastModifiedDate, Attachments_Ids__c FROM Message__c WHERE Contact__c =: recordId ORDER BY CreatedDate Desc limit 200
23:14:57.0 (28382649)|SOQL_EXECUTE_END|[82]|Rows:2
23:14:57.0 (30216125)|ENTERING_MANAGED_PKG|tdc_tsw
23:14:57.0 (30593420)|ENTERING_MANAGED_PKG|tdc_tsw
23:14:57.0 (30700241)|ENTERING_MANAGED_PKG|tdc_tsw
23:14:57.0 (31453247)|SOQL_EXECUTE_BEGIN|[200]|Aggregations:0|SELECT Name, NamespacePrefix, SystemModStamp FROM StaticResource WHERE Name LIKE :tmpVar1 LIMIT 10
23:14:57.0 (34389442)|SOQL_EXECUTE_END|[200]|Rows:1
23:14:57.0 (36516818)|ENTERING_MANAGED_PKG|tdc_tsw
23:14:57.0 (37981155)|ENTERING_MANAGED_PKG|tdc_tsw
23:14:57.0 (38029492)|ENTERING_MANAGED_PKG|tdc_tsw
23:14:57.0 (40095432)|ENTERING_MANAGED_PKG|tdc_tsw
23:14:57.0 (41145498)|ENTERING_MANAGED_PKG|tdc_tsw
23:14:57.0 (45784059)|SOQL_EXECUTE_BEGIN|[172]|Aggregations:0|SELECT id, name FROM ChatTranscript__c WHERE (Chat_Active__c = TRUE AND (Related_Object_Id__c = :tmpVar1 OR Related_Object_Id__c = :tmpVar2)) LIMIT 1
23:14:57.0 (49366471)|SOQL_EXECUTE_END|[172]|Rows:0
23:14:57.0 (49720992)|ENTERING_MANAGED_PKG|tdc_tsw
23:14:57.0 (49756483)|ENTERING_MANAGED_PKG|tdc_tsw
