44.0 APEX_CODE,FINEST;APEX_PROFILING,INFO;CALLOUT,INFO;DB,INFO;NBA,INFO;SYSTEM,DEBUG;VALIDATION,INFO;VISUALFORCE,INFO;WAVE,INFO;WORKFLOW,INFO
20:43:17.0 (138772)|USER_INFO|[EXTERNAL]|0051H000009gxp8|chanida.dev2@solvedbysoftwareco.com|Eastern Standard Time|GMT-05:00
20:43:17.0 (1597641)|ENTERING_MANAGED_PKG|tdc_tsw
20:43:17.0 (2131173)|ENTERING_MANAGED_PKG|tdc_tsw
20:43:17.0 (6318072)|SOQL_EXECUTE_BEGIN|[16]|Aggregations:0|SELECT id, name, Disable_Incoming_SMS_Sharing__c FROM User WHERE id = :tmpVar1
20:43:17.0 (15698957)|SOQL_EXECUTE_END|[16]|Rows:1
20:43:17.0 (21433727)|SOQL_EXECUTE_BEGIN|[37]|Aggregations:0|SELECT CreatedDate,Created_Date__c,Id,LastModifiedDate,MessageId__c,Message_Text_New__c,Name,OwnerId,Read__c,Related_Object_Id__c,Related_Object__c,Sender_Number__c, Sender_Name__c,ToNumber__c,Attachments_Ids__c FROM Message__c WHERE Name = 'Incoming' AND Read__c = false ORDER BY CreatedDate Desc limit 100
20:43:17.0 (32085418)|SOQL_EXECUTE_END|[37]|Rows:16
20:43:17.0 (35795133)|ENTERING_MANAGED_PKG|tdc_tsw
20:43:17.0 (37454840)|ENTERING_MANAGED_PKG|tdc_tsw
20:43:17.0 (37891531)|ENTERING_MANAGED_PKG|tdc_tsw
20:43:17.0 (38582507)|ENTERING_MANAGED_PKG|tdc_tsw
20:43:17.0 (41220970)|ENTERING_MANAGED_PKG|tdc_tsw
20:43:17.0 (42004952)|ENTERING_MANAGED_PKG|tdc_tsw
20:43:17.0 (42314055)|ENTERING_MANAGED_PKG|tdc_tsw
20:43:17.0 (42731389)|ENTERING_MANAGED_PKG|tdc_tsw
20:43:17.0 (43866584)|ENTERING_MANAGED_PKG|tdc_tsw
20:43:17.0 (44647332)|ENTERING_MANAGED_PKG|tdc_tsw
20:43:17.0 (44884687)|ENTERING_MANAGED_PKG|tdc_tsw
20:43:17.0 (45305184)|ENTERING_MANAGED_PKG|tdc_tsw
20:43:17.0 (46612798)|ENTERING_MANAGED_PKG|tdc_tsw
20:43:17.0 (47710675)|ENTERING_MANAGED_PKG|tdc_tsw
20:43:17.0 (47785445)|ENTERING_MANAGED_PKG|tdc_tsw
20:43:17.0 (48365000)|SOQL_EXECUTE_BEGIN|[200]|Aggregations:0|SELECT Name, NamespacePrefix, SystemModStamp FROM StaticResource WHERE Name LIKE :tmpVar1 LIMIT 10
20:43:17.0 (51038530)|SOQL_EXECUTE_END|[200]|Rows:1
20:43:17.0 (51871675)|ENTERING_MANAGED_PKG|tdc_tsw
20:43:17.0 (52297788)|SOQL_EXECUTE_BEGIN|[200]|Aggregations:0|SELECT Name, NamespacePrefix, SystemModStamp FROM StaticResource WHERE Name LIKE :tmpVar1 LIMIT 10
20:43:17.0 (54521668)|SOQL_EXECUTE_END|[200]|Rows:1
20:43:17.0 (54972943)|ENTERING_MANAGED_PKG|tdc_tsw
20:43:17.0 (58654707)|ENTERING_MANAGED_PKG|tdc_tsw
20:43:17.0 (60485650)|ENTERING_MANAGED_PKG|tdc_tsw
20:43:17.0 (60837026)|ENTERING_MANAGED_PKG|tdc_tsw
20:43:17.0 (61774112)|ENTERING_MANAGED_PKG|tdc_tsw
20:43:17.0 (62234495)|SOQL_EXECUTE_BEGIN|[200]|Aggregations:0|SELECT Name, NamespacePrefix, SystemModStamp FROM StaticResource WHERE Name LIKE :tmpVar1 LIMIT 10
20:43:17.0 (64567187)|SOQL_EXECUTE_END|[200]|Rows:1
20:43:17.69 (69919787)|USER_INFO|[EXTERNAL]|0051H000009gxp8|chanida.dev2@solvedbysoftwareco.com|Eastern Standard Time|GMT-05:00
20:43:17.69 (71247100)|ENTERING_MANAGED_PKG|tdc_tsw
20:43:17.69 (71427320)|ENTERING_MANAGED_PKG|tdc_tsw
20:43:17.69 (74121784)|SOQL_EXECUTE_BEGIN|[355]|Aggregations:0|SELECT id, name, Disable_Incoming_SMS_Sharing__c FROM User WHERE id = :tmpVar1
20:43:17.69 (80793592)|SOQL_EXECUTE_END|[355]|Rows:1
20:43:17.69 (81908265)|SOQL_EXECUTE_BEGIN|[367]|Aggregations:0|SELECT CreatedDate,Id,LastModifiedDate,Related_Object_Id__c FROM Message__c WHERE Name = 'Incoming' AND Read__c = false ORDER BY CreatedDate Desc limit 100
20:43:17.69 (87901020)|SOQL_EXECUTE_END|[367]|Rows:16
