44.0 APEX_CODE,FINEST;APEX_PROFILING,INFO;CALLOUT,INFO;DB,INFO;NBA,INFO;SYSTEM,DEBUG;VALIDATION,INFO;VISUALFORCE,INFO;WAVE,INFO;WORKFLOW,INFO
14:12:39.0 (135617)|USER_INFO|[EXTERNAL]|0051H000009gxp8|chanida.dev2@solvedbysoftwareco.com|Eastern Standard Time|GMT-05:00
14:12:39.0 (2191088)|ENTERING_MANAGED_PKG|tdc_tsw
14:12:39.0 (2600328)|ENTERING_MANAGED_PKG|tdc_tsw
14:12:39.0 (6055767)|SOQL_EXECUTE_BEGIN|[16]|Aggregations:0|SELECT id, name, Disable_Incoming_SMS_Sharing__c FROM User WHERE id = :tmpVar1
14:12:39.0 (12811238)|SOQL_EXECUTE_END|[16]|Rows:1
14:12:39.0 (18147963)|SOQL_EXECUTE_BEGIN|[37]|Aggregations:0|SELECT CreatedDate,Created_Date__c,Id,LastModifiedDate,MessageId__c,Message_Text_New__c,Name,OwnerId,Read__c,Related_Object_Id__c,Related_Object__c,Sender_Number__c, Sender_Name__c,ToNumber__c,Attachments_Ids__c FROM Message__c WHERE Name = 'Incoming' AND Read__c = false ORDER BY CreatedDate Desc limit 100
14:12:39.0 (35076954)|SOQL_EXECUTE_END|[37]|Rows:100
14:12:39.0 (51636207)|ENTERING_MANAGED_PKG|tdc_tsw
14:12:39.0 (53309810)|ENTERING_MANAGED_PKG|tdc_tsw
14:12:39.0 (53784580)|ENTERING_MANAGED_PKG|tdc_tsw
14:12:39.0 (54441495)|ENTERING_MANAGED_PKG|tdc_tsw
14:12:39.0 (57189396)|ENTERING_MANAGED_PKG|tdc_tsw
14:12:39.0 (58032199)|ENTERING_MANAGED_PKG|tdc_tsw
14:12:39.0 (58273188)|ENTERING_MANAGED_PKG|tdc_tsw
14:12:39.0 (58666778)|ENTERING_MANAGED_PKG|tdc_tsw
14:12:39.0 (60112812)|ENTERING_MANAGED_PKG|tdc_tsw
14:12:39.0 (60859341)|ENTERING_MANAGED_PKG|tdc_tsw
14:12:39.0 (61111254)|ENTERING_MANAGED_PKG|tdc_tsw
14:12:39.0 (61502278)|ENTERING_MANAGED_PKG|tdc_tsw
14:12:39.0 (62564924)|ENTERING_MANAGED_PKG|tdc_tsw
14:12:39.0 (63293240)|ENTERING_MANAGED_PKG|tdc_tsw
14:12:39.0 (63519508)|ENTERING_MANAGED_PKG|tdc_tsw
14:12:39.0 (63893725)|ENTERING_MANAGED_PKG|tdc_tsw
14:12:39.0 (64944968)|ENTERING_MANAGED_PKG|tdc_tsw
14:12:39.0 (65664884)|ENTERING_MANAGED_PKG|tdc_tsw
14:12:39.0 (65890930)|ENTERING_MANAGED_PKG|tdc_tsw
14:12:39.0 (66283802)|ENTERING_MANAGED_PKG|tdc_tsw
14:12:39.0 (67326508)|ENTERING_MANAGED_PKG|tdc_tsw
14:12:39.0 (68034241)|ENTERING_MANAGED_PKG|tdc_tsw
14:12:39.0 (68258920)|ENTERING_MANAGED_PKG|tdc_tsw
14:12:39.0 (68631847)|ENTERING_MANAGED_PKG|tdc_tsw
14:12:39.0 (69707596)|ENTERING_MANAGED_PKG|tdc_tsw
14:12:39.0 (70424243)|ENTERING_MANAGED_PKG|tdc_tsw
14:12:39.0 (70649723)|ENTERING_MANAGED_PKG|tdc_tsw
14:12:39.0 (71032168)|ENTERING_MANAGED_PKG|tdc_tsw
14:12:39.0 (72081843)|ENTERING_MANAGED_PKG|tdc_tsw
14:12:39.0 (72781264)|ENTERING_MANAGED_PKG|tdc_tsw
14:12:39.0 (73012825)|ENTERING_MANAGED_PKG|tdc_tsw
14:12:39.0 (73380427)|ENTERING_MANAGED_PKG|tdc_tsw
14:12:39.0 (74433575)|ENTERING_MANAGED_PKG|tdc_tsw
14:12:39.0 (75143736)|ENTERING_MANAGED_PKG|tdc_tsw
14:12:39.0 (75351829)|ENTERING_MANAGED_PKG|tdc_tsw
14:12:39.0 (75729660)|ENTERING_MANAGED_PKG|tdc_tsw
14:12:39.0 (76786269)|ENTERING_MANAGED_PKG|tdc_tsw
14:12:39.0 (77501127)|ENTERING_MANAGED_PKG|tdc_tsw
14:12:39.0 (77726274)|ENTERING_MANAGED_PKG|tdc_tsw
14:12:39.0 (78139850)|ENTERING_MANAGED_PKG|tdc_tsw
14:12:39.0 (79184400)|ENTERING_MANAGED_PKG|tdc_tsw
14:12:39.0 (79927858)|ENTERING_MANAGED_PKG|tdc_tsw
14:12:39.0 (80161587)|ENTERING_MANAGED_PKG|tdc_tsw
14:12:39.0 (80546546)|ENTERING_MANAGED_PKG|tdc_tsw
14:12:39.0 (81612790)|ENTERING_MANAGED_PKG|tdc_tsw
14:12:39.0 (82324545)|ENTERING_MANAGED_PKG|tdc_tsw
14:12:39.0 (82549833)|ENTERING_MANAGED_PKG|tdc_tsw
14:12:39.0 (82944671)|ENTERING_MANAGED_PKG|tdc_tsw
14:12:39.0 (84007653)|ENTERING_MANAGED_PKG|tdc_tsw
14:12:39.0 (84760810)|ENTERING_MANAGED_PKG|tdc_tsw
14:12:39.0 (84999939)|ENTERING_MANAGED_PKG|tdc_tsw
14:12:39.0 (85384744)|ENTERING_MANAGED_PKG|tdc_tsw
14:12:39.0 (86438834)|ENTERING_MANAGED_PKG|tdc_tsw
14:12:39.0 (87157333)|ENTERING_MANAGED_PKG|tdc_tsw
14:12:39.0 (87383190)|ENTERING_MANAGED_PKG|tdc_tsw
14:12:39.0 (87754657)|ENTERING_MANAGED_PKG|tdc_tsw
14:12:39.0 (88800671)|ENTERING_MANAGED_PKG|tdc_tsw
14:12:39.0 (89507004)|ENTERING_MANAGED_PKG|tdc_tsw
14:12:39.0 (89770193)|ENTERING_MANAGED_PKG|tdc_tsw
14:12:39.0 (90158476)|ENTERING_MANAGED_PKG|tdc_tsw
14:12:39.0 (91211470)|ENTERING_MANAGED_PKG|tdc_tsw
14:12:39.0 (91921335)|ENTERING_MANAGED_PKG|tdc_tsw
14:12:39.0 (92160968)|ENTERING_MANAGED_PKG|tdc_tsw
14:12:39.0 (92536208)|ENTERING_MANAGED_PKG|tdc_tsw
14:12:39.0 (93657846)|ENTERING_MANAGED_PKG|tdc_tsw
14:12:39.0 (94445198)|ENTERING_MANAGED_PKG|tdc_tsw
14:12:39.0 (94675764)|ENTERING_MANAGED_PKG|tdc_tsw
14:12:39.0 (95071437)|ENTERING_MANAGED_PKG|tdc_tsw
14:12:39.0 (96158263)|ENTERING_MANAGED_PKG|tdc_tsw
14:12:39.0 (96947001)|ENTERING_MANAGED_PKG|tdc_tsw
14:12:39.0 (97188578)|ENTERING_MANAGED_PKG|tdc_tsw
14:12:39.0 (97575249)|ENTERING_MANAGED_PKG|tdc_tsw
14:12:39.0 (98699629)|ENTERING_MANAGED_PKG|tdc_tsw
14:12:39.0 (99457704)|ENTERING_MANAGED_PKG|tdc_tsw
14:12:39.0 (99689892)|ENTERING_MANAGED_PKG|tdc_tsw
14:12:39.0 (100150258)|ENTERING_MANAGED_PKG|tdc_tsw
14:12:39.0 (101236192)|ENTERING_MANAGED_PKG|tdc_tsw
14:12:39.0 (101970245)|ENTERING_MANAGED_PKG|tdc_tsw
14:12:39.0 (102195881)|ENTERING_MANAGED_PKG|tdc_tsw
14:12:39.0 (102569810)|ENTERING_MANAGED_PKG|tdc_tsw
14:12:39.0 (103608259)|ENTERING_MANAGED_PKG|tdc_tsw
14:12:39.0 (104342849)|ENTERING_MANAGED_PKG|tdc_tsw
14:12:39.0 (104567063)|ENTERING_MANAGED_PKG|tdc_tsw
14:12:39.0 (104944536)|ENTERING_MANAGED_PKG|tdc_tsw
14:12:39.0 (105984033)|ENTERING_MANAGED_PKG|tdc_tsw
14:12:39.0 (106678386)|ENTERING_MANAGED_PKG|tdc_tsw
14:12:39.0 (106902341)|ENTERING_MANAGED_PKG|tdc_tsw
14:12:39.0 (107280715)|ENTERING_MANAGED_PKG|tdc_tsw
14:12:39.0 (108314920)|ENTERING_MANAGED_PKG|tdc_tsw
14:12:39.0 (109018082)|ENTERING_MANAGED_PKG|tdc_tsw
14:12:39.0 (109243538)|ENTERING_MANAGED_PKG|tdc_tsw
14:12:39.0 (109613808)|ENTERING_MANAGED_PKG|tdc_tsw
14:12:39.0 (110706285)|ENTERING_MANAGED_PKG|tdc_tsw
14:12:39.0 (111419783)|ENTERING_MANAGED_PKG|tdc_tsw
14:12:39.0 (111645375)|ENTERING_MANAGED_PKG|tdc_tsw
14:12:39.0 (112032427)|ENTERING_MANAGED_PKG|tdc_tsw
14:12:39.0 (113075805)|ENTERING_MANAGED_PKG|tdc_tsw
14:12:39.0 (113783466)|ENTERING_MANAGED_PKG|tdc_tsw
14:12:39.0 (114030442)|ENTERING_MANAGED_PKG|tdc_tsw
14:12:39.0 (114405176)|ENTERING_MANAGED_PKG|tdc_tsw
14:12:39.0 (115443657)|ENTERING_MANAGED_PKG|tdc_tsw
14:12:39.0 (116168250)|ENTERING_MANAGED_PKG|tdc_tsw
14:12:39.0 (116395031)|ENTERING_MANAGED_PKG|tdc_tsw
14:12:39.0 (116769083)|ENTERING_MANAGED_PKG|tdc_tsw
14:12:39.0 (117824197)|ENTERING_MANAGED_PKG|tdc_tsw
14:12:39.0 (118560587)|ENTERING_MANAGED_PKG|tdc_tsw
14:12:39.0 (118789999)|ENTERING_MANAGED_PKG|tdc_tsw
14:12:39.0 (119199505)|ENTERING_MANAGED_PKG|tdc_tsw
14:12:39.0 (120325956)|ENTERING_MANAGED_PKG|tdc_tsw
14:12:39.0 (121076936)|ENTERING_MANAGED_PKG|tdc_tsw
14:12:39.0 (121307037)|ENTERING_MANAGED_PKG|tdc_tsw
14:12:39.0 (121686203)|ENTERING_MANAGED_PKG|tdc_tsw
14:12:39.0 (122775828)|ENTERING_MANAGED_PKG|tdc_tsw
14:12:39.0 (123526786)|ENTERING_MANAGED_PKG|tdc_tsw
14:12:39.0 (123758109)|ENTERING_MANAGED_PKG|tdc_tsw
14:12:39.0 (124147281)|ENTERING_MANAGED_PKG|tdc_tsw
14:12:39.0 (125238364)|ENTERING_MANAGED_PKG|tdc_tsw
14:12:39.0 (125997483)|ENTERING_MANAGED_PKG|tdc_tsw
14:12:39.0 (126230085)|ENTERING_MANAGED_PKG|tdc_tsw
14:12:39.0 (126610037)|ENTERING_MANAGED_PKG|tdc_tsw
14:12:39.0 (127683153)|ENTERING_MANAGED_PKG|tdc_tsw
14:12:39.0 (128423728)|ENTERING_MANAGED_PKG|tdc_tsw
14:12:39.0 (128653243)|ENTERING_MANAGED_PKG|tdc_tsw
14:12:39.0 (129039359)|ENTERING_MANAGED_PKG|tdc_tsw
14:12:39.0 (130126064)|ENTERING_MANAGED_PKG|tdc_tsw
14:12:39.0 (130844017)|ENTERING_MANAGED_PKG|tdc_tsw
14:12:39.0 (131084643)|ENTERING_MANAGED_PKG|tdc_tsw
14:12:39.0 (131458628)|ENTERING_MANAGED_PKG|tdc_tsw
14:12:39.0 (132507981)|ENTERING_MANAGED_PKG|tdc_tsw
14:12:39.0 (133236810)|ENTERING_MANAGED_PKG|tdc_tsw
14:12:39.0 (133464593)|ENTERING_MANAGED_PKG|tdc_tsw
14:12:39.0 (133837481)|ENTERING_MANAGED_PKG|tdc_tsw
14:12:39.0 (134899721)|ENTERING_MANAGED_PKG|tdc_tsw
14:12:39.0 (135627854)|ENTERING_MANAGED_PKG|tdc_tsw
14:12:39.0 (135856921)|ENTERING_MANAGED_PKG|tdc_tsw
14:12:39.0 (136263039)|ENTERING_MANAGED_PKG|tdc_tsw
14:12:39.0 (137319621)|ENTERING_MANAGED_PKG|tdc_tsw
14:12:39.0 (138044418)|ENTERING_MANAGED_PKG|tdc_tsw
14:12:39.0 (138271005)|ENTERING_MANAGED_PKG|tdc_tsw
14:12:39.0 (138642490)|ENTERING_MANAGED_PKG|tdc_tsw
14:12:39.0 (139682914)|ENTERING_MANAGED_PKG|tdc_tsw
14:12:39.0 (140449735)|ENTERING_MANAGED_PKG|tdc_tsw
14:12:39.0 (140677794)|ENTERING_MANAGED_PKG|tdc_tsw
14:12:39.0 (141068497)|ENTERING_MANAGED_PKG|tdc_tsw
14:12:39.0 (142137388)|ENTERING_MANAGED_PKG|tdc_tsw
14:12:39.0 (142879529)|ENTERING_MANAGED_PKG|tdc_tsw
14:12:39.0 (143161643)|ENTERING_MANAGED_PKG|tdc_tsw
14:12:39.0 (143542290)|ENTERING_MANAGED_PKG|tdc_tsw
14:12:39.0 (144639825)|ENTERING_MANAGED_PKG|tdc_tsw
14:12:39.0 (145394860)|ENTERING_MANAGED_PKG|tdc_tsw
14:12:39.0 (145623622)|ENTERING_MANAGED_PKG|tdc_tsw
14:12:39.0 (146008093)|ENTERING_MANAGED_PKG|tdc_tsw
14:12:39.0 (147086921)|ENTERING_MANAGED_PKG|tdc_tsw
14:12:39.0 (147818457)|ENTERING_MANAGED_PKG|tdc_tsw
14:12:39.0 (148058559)|ENTERING_MANAGED_PKG|tdc_tsw
14:12:39.0 (148432892)|ENTERING_MANAGED_PKG|tdc_tsw
14:12:39.0 (149509294)|ENTERING_MANAGED_PKG|tdc_tsw
14:12:39.0 (150269805)|ENTERING_MANAGED_PKG|tdc_tsw
14:12:39.0 (150497084)|ENTERING_MANAGED_PKG|tdc_tsw
14:12:39.0 (150871333)|ENTERING_MANAGED_PKG|tdc_tsw
14:12:39.0 (151923831)|ENTERING_MANAGED_PKG|tdc_tsw
14:12:39.0 (152681917)|ENTERING_MANAGED_PKG|tdc_tsw
14:12:39.0 (152913218)|ENTERING_MANAGED_PKG|tdc_tsw
14:12:39.0 (153302610)|ENTERING_MANAGED_PKG|tdc_tsw
14:12:39.0 (154373383)|ENTERING_MANAGED_PKG|tdc_tsw
14:12:39.0 (155096097)|ENTERING_MANAGED_PKG|tdc_tsw
14:12:39.0 (155320497)|ENTERING_MANAGED_PKG|tdc_tsw
14:12:39.0 (155759026)|ENTERING_MANAGED_PKG|tdc_tsw
14:12:39.0 (156804125)|ENTERING_MANAGED_PKG|tdc_tsw
14:12:39.0 (157515091)|ENTERING_MANAGED_PKG|tdc_tsw
14:12:39.0 (157741155)|ENTERING_MANAGED_PKG|tdc_tsw
14:12:39.0 (158122376)|ENTERING_MANAGED_PKG|tdc_tsw
14:12:39.0 (159154476)|ENTERING_MANAGED_PKG|tdc_tsw
14:12:39.0 (159849956)|ENTERING_MANAGED_PKG|tdc_tsw
14:12:39.0 (160081931)|ENTERING_MANAGED_PKG|tdc_tsw
14:12:39.0 (160495440)|ENTERING_MANAGED_PKG|tdc_tsw
14:12:39.0 (161579056)|ENTERING_MANAGED_PKG|tdc_tsw
14:12:39.0 (162298267)|ENTERING_MANAGED_PKG|tdc_tsw
14:12:39.0 (162522358)|ENTERING_MANAGED_PKG|tdc_tsw
14:12:39.0 (162893799)|ENTERING_MANAGED_PKG|tdc_tsw
14:12:39.0 (163928979)|ENTERING_MANAGED_PKG|tdc_tsw
14:12:39.0 (164637937)|ENTERING_MANAGED_PKG|tdc_tsw
14:12:39.0 (164861421)|ENTERING_MANAGED_PKG|tdc_tsw
14:12:39.0 (165242875)|ENTERING_MANAGED_PKG|tdc_tsw
14:12:39.0 (166311031)|ENTERING_MANAGED_PKG|tdc_tsw
14:12:39.0 (167117775)|ENTERING_MANAGED_PKG|tdc_tsw
14:12:39.0 (167343472)|ENTERING_MANAGED_PKG|tdc_tsw
14:12:39.0 (167719939)|ENTERING_MANAGED_PKG|tdc_tsw
14:12:39.0 (168756066)|ENTERING_MANAGED_PKG|tdc_tsw
14:12:39.0 (169463790)|ENTERING_MANAGED_PKG|tdc_tsw
14:12:39.0 (169689412)|ENTERING_MANAGED_PKG|tdc_tsw
14:12:39.0 (170072237)|ENTERING_MANAGED_PKG|tdc_tsw
14:12:39.0 (171160569)|ENTERING_MANAGED_PKG|tdc_tsw
14:12:39.0 (171874781)|ENTERING_MANAGED_PKG|tdc_tsw
14:12:39.0 (172104910)|ENTERING_MANAGED_PKG|tdc_tsw
14:12:39.0 (172477488)|ENTERING_MANAGED_PKG|tdc_tsw
14:12:39.0 (173508956)|ENTERING_MANAGED_PKG|tdc_tsw
14:12:39.0 (174218042)|ENTERING_MANAGED_PKG|tdc_tsw
14:12:39.0 (174442864)|ENTERING_MANAGED_PKG|tdc_tsw
14:12:39.0 (174814333)|ENTERING_MANAGED_PKG|tdc_tsw
14:12:39.0 (175844030)|ENTERING_MANAGED_PKG|tdc_tsw
14:12:39.0 (176552962)|ENTERING_MANAGED_PKG|tdc_tsw
14:12:39.0 (176777749)|ENTERING_MANAGED_PKG|tdc_tsw
14:12:39.0 (177164861)|ENTERING_MANAGED_PKG|tdc_tsw
14:12:39.0 (178206617)|ENTERING_MANAGED_PKG|tdc_tsw
14:12:39.0 (178906143)|ENTERING_MANAGED_PKG|tdc_tsw
14:12:39.0 (179136297)|ENTERING_MANAGED_PKG|tdc_tsw
14:12:39.0 (179509482)|ENTERING_MANAGED_PKG|tdc_tsw
14:12:39.0 (180580261)|ENTERING_MANAGED_PKG|tdc_tsw
14:12:39.0 (181300303)|ENTERING_MANAGED_PKG|tdc_tsw
14:12:39.0 (181525597)|ENTERING_MANAGED_PKG|tdc_tsw
14:12:39.0 (181898833)|ENTERING_MANAGED_PKG|tdc_tsw
14:12:39.0 (182954950)|ENTERING_MANAGED_PKG|tdc_tsw
14:12:39.0 (183663819)|ENTERING_MANAGED_PKG|tdc_tsw
14:12:39.0 (183888489)|ENTERING_MANAGED_PKG|tdc_tsw
14:12:39.0 (184588468)|ENTERING_MANAGED_PKG|tdc_tsw
14:12:39.0 (185628319)|ENTERING_MANAGED_PKG|tdc_tsw
14:12:39.0 (186340936)|ENTERING_MANAGED_PKG|tdc_tsw
14:12:39.0 (186565496)|ENTERING_MANAGED_PKG|tdc_tsw
14:12:39.0 (186942350)|ENTERING_MANAGED_PKG|tdc_tsw
14:12:39.0 (187981768)|ENTERING_MANAGED_PKG|tdc_tsw
14:12:39.0 (188678648)|ENTERING_MANAGED_PKG|tdc_tsw
14:12:39.0 (188902063)|ENTERING_MANAGED_PKG|tdc_tsw
14:12:39.0 (189281930)|ENTERING_MANAGED_PKG|tdc_tsw
14:12:39.0 (190322002)|ENTERING_MANAGED_PKG|tdc_tsw
14:12:39.0 (191068533)|ENTERING_MANAGED_PKG|tdc_tsw
14:12:39.0 (191292725)|ENTERING_MANAGED_PKG|tdc_tsw
14:12:39.0 (191665189)|ENTERING_MANAGED_PKG|tdc_tsw
14:12:39.0 (192703342)|ENTERING_MANAGED_PKG|tdc_tsw
14:12:39.0 (193419591)|ENTERING_MANAGED_PKG|tdc_tsw
14:12:39.0 (193644435)|ENTERING_MANAGED_PKG|tdc_tsw
14:12:39.0 (194026870)|ENTERING_MANAGED_PKG|tdc_tsw
14:12:39.0 (195072307)|ENTERING_MANAGED_PKG|tdc_tsw
14:12:39.0 (195804209)|ENTERING_MANAGED_PKG|tdc_tsw
14:12:39.0 (196041602)|ENTERING_MANAGED_PKG|tdc_tsw
14:12:39.0 (196417699)|ENTERING_MANAGED_PKG|tdc_tsw
14:12:39.0 (197462505)|ENTERING_MANAGED_PKG|tdc_tsw
14:12:39.0 (198175134)|ENTERING_MANAGED_PKG|tdc_tsw
14:12:39.0 (198400190)|ENTERING_MANAGED_PKG|tdc_tsw
14:12:39.0 (198775039)|ENTERING_MANAGED_PKG|tdc_tsw
14:12:39.0 (199822923)|ENTERING_MANAGED_PKG|tdc_tsw
14:12:39.0 (200542680)|ENTERING_MANAGED_PKG|tdc_tsw
14:12:39.0 (200790082)|ENTERING_MANAGED_PKG|tdc_tsw
14:12:39.0 (201177490)|ENTERING_MANAGED_PKG|tdc_tsw
14:12:39.0 (202220605)|ENTERING_MANAGED_PKG|tdc_tsw
14:12:39.0 (202921381)|ENTERING_MANAGED_PKG|tdc_tsw
14:12:39.0 (203151804)|ENTERING_MANAGED_PKG|tdc_tsw
14:12:39.0 (203525191)|ENTERING_MANAGED_PKG|tdc_tsw
14:12:39.0 (204558102)|ENTERING_MANAGED_PKG|tdc_tsw
14:12:39.0 (205263462)|ENTERING_MANAGED_PKG|tdc_tsw
14:12:39.0 (205486897)|ENTERING_MANAGED_PKG|tdc_tsw
14:12:39.0 (205858296)|ENTERING_MANAGED_PKG|tdc_tsw
14:12:39.0 (206889376)|ENTERING_MANAGED_PKG|tdc_tsw
14:12:39.0 (207595857)|ENTERING_MANAGED_PKG|tdc_tsw
14:12:39.0 (207819246)|ENTERING_MANAGED_PKG|tdc_tsw
14:12:39.0 (208199484)|ENTERING_MANAGED_PKG|tdc_tsw
14:12:39.0 (209238907)|ENTERING_MANAGED_PKG|tdc_tsw
14:12:39.0 (209945651)|ENTERING_MANAGED_PKG|tdc_tsw
14:12:39.0 (210170220)|ENTERING_MANAGED_PKG|tdc_tsw
14:12:39.0 (210545048)|ENTERING_MANAGED_PKG|tdc_tsw
14:12:39.0 (211824630)|ENTERING_MANAGED_PKG|tdc_tsw
14:12:39.0 (212697233)|ENTERING_MANAGED_PKG|tdc_tsw
14:12:39.0 (212771835)|ENTERING_MANAGED_PKG|tdc_tsw
14:12:39.0 (213338758)|SOQL_EXECUTE_BEGIN|[200]|Aggregations:0|SELECT Name, NamespacePrefix, SystemModStamp FROM StaticResource WHERE Name LIKE :tmpVar1 LIMIT 10
14:12:39.0 (216876088)|SOQL_EXECUTE_END|[200]|Rows:1
14:12:39.0 (217655789)|ENTERING_MANAGED_PKG|tdc_tsw
14:12:39.0 (218005673)|SOQL_EXECUTE_BEGIN|[200]|Aggregations:0|SELECT Name, NamespacePrefix, SystemModStamp FROM StaticResource WHERE Name LIKE :tmpVar1 LIMIT 10
14:12:39.0 (220202352)|SOQL_EXECUTE_END|[200]|Rows:1
14:12:39.0 (220574893)|ENTERING_MANAGED_PKG|tdc_tsw
14:12:39.0 (233547934)|ENTERING_MANAGED_PKG|tdc_tsw
14:12:39.0 (235053906)|ENTERING_MANAGED_PKG|tdc_tsw
14:12:39.0 (235351164)|ENTERING_MANAGED_PKG|tdc_tsw
14:12:39.0 (236358212)|ENTERING_MANAGED_PKG|tdc_tsw
14:12:39.0 (236827026)|SOQL_EXECUTE_BEGIN|[200]|Aggregations:0|SELECT Name, NamespacePrefix, SystemModStamp FROM StaticResource WHERE Name LIKE :tmpVar1 LIMIT 10
14:12:39.0 (239976229)|SOQL_EXECUTE_END|[200]|Rows:1
14:12:39.250 (250894582)|USER_INFO|[EXTERNAL]|0051H000009gxp8|chanida.dev2@solvedbysoftwareco.com|Eastern Standard Time|GMT-05:00
14:12:39.250 (252631572)|ENTERING_MANAGED_PKG|tdc_tsw
14:12:39.250 (252858095)|ENTERING_MANAGED_PKG|tdc_tsw
14:12:39.250 (255463983)|SOQL_EXECUTE_BEGIN|[355]|Aggregations:0|SELECT id, name, Disable_Incoming_SMS_Sharing__c FROM User WHERE id = :tmpVar1
14:12:39.250 (261907954)|SOQL_EXECUTE_END|[355]|Rows:1
14:12:39.250 (263273775)|SOQL_EXECUTE_BEGIN|[367]|Aggregations:0|SELECT CreatedDate,Id,LastModifiedDate,Related_Object_Id__c FROM Message__c WHERE Name = 'Incoming' AND Read__c = false ORDER BY CreatedDate Desc limit 100
14:12:39.250 (271664992)|SOQL_EXECUTE_END|[367]|Rows:100
