44.0 APEX_CODE,FINEST;APEX_PROFILING,INFO;CALLOUT,INFO;DB,INFO;NBA,INFO;SYSTEM,DEBUG;VALIDATION,INFO;VISUALFORCE,INFO;WAVE,INFO;WORKFLOW,INFO
10:37:00.0 (118305)|USER_INFO|[EXTERNAL]|0051H000009gxp8|chanida.dev2@solvedbysoftwareco.com|Eastern Standard Time|GMT-05:00
10:37:00.0 (2079094)|ENTERING_MANAGED_PKG|tdc_tsw
10:37:00.0 (2510092)|ENTERING_MANAGED_PKG|tdc_tsw
10:37:00.0 (6020058)|SOQL_EXECUTE_BEGIN|[16]|Aggregations:0|SELECT id, name, Disable_Incoming_SMS_Sharing__c FROM User WHERE id = :tmpVar1
10:37:00.0 (12996759)|SOQL_EXECUTE_END|[16]|Rows:1
10:37:00.0 (18586524)|SOQL_EXECUTE_BEGIN|[37]|Aggregations:0|SELECT CreatedDate,Created_Date__c,Id,LastModifiedDate,MessageId__c,Message_Text_New__c,Name,OwnerId,Read__c,Related_Object_Id__c,Related_Object__c,Sender_Number__c, Sender_Name__c,ToNumber__c,Attachments_Ids__c FROM Message__c WHERE Name = 'Incoming' AND Read__c = false ORDER BY CreatedDate Desc limit 100
10:37:00.0 (36005636)|SOQL_EXECUTE_END|[37]|Rows:100
10:37:00.0 (57582504)|ENTERING_MANAGED_PKG|tdc_tsw
10:37:00.0 (60190637)|ENTERING_MANAGED_PKG|tdc_tsw
10:37:00.0 (60784827)|ENTERING_MANAGED_PKG|tdc_tsw
10:37:00.0 (61474566)|ENTERING_MANAGED_PKG|tdc_tsw
10:37:00.0 (64820957)|ENTERING_MANAGED_PKG|tdc_tsw
10:37:00.0 (66281814)|ENTERING_MANAGED_PKG|tdc_tsw
10:37:00.0 (66776001)|ENTERING_MANAGED_PKG|tdc_tsw
10:37:00.0 (67569382)|ENTERING_MANAGED_PKG|tdc_tsw
10:37:00.0 (69842194)|ENTERING_MANAGED_PKG|tdc_tsw
10:37:00.0 (71292782)|ENTERING_MANAGED_PKG|tdc_tsw
10:37:00.0 (71778896)|ENTERING_MANAGED_PKG|tdc_tsw
10:37:00.0 (72545168)|ENTERING_MANAGED_PKG|tdc_tsw
10:37:00.0 (74616971)|ENTERING_MANAGED_PKG|tdc_tsw
10:37:00.0 (75514081)|ENTERING_MANAGED_PKG|tdc_tsw
10:37:00.0 (75832281)|ENTERING_MANAGED_PKG|tdc_tsw
10:37:00.0 (76611831)|ENTERING_MANAGED_PKG|tdc_tsw
10:37:00.0 (78445165)|ENTERING_MANAGED_PKG|tdc_tsw
10:37:00.0 (79260803)|ENTERING_MANAGED_PKG|tdc_tsw
10:37:00.0 (79517090)|ENTERING_MANAGED_PKG|tdc_tsw
10:37:00.0 (79979484)|ENTERING_MANAGED_PKG|tdc_tsw
10:37:00.0 (81219122)|ENTERING_MANAGED_PKG|tdc_tsw
10:37:00.0 (82010978)|ENTERING_MANAGED_PKG|tdc_tsw
10:37:00.0 (82318306)|ENTERING_MANAGED_PKG|tdc_tsw
10:37:00.0 (83185805)|ENTERING_MANAGED_PKG|tdc_tsw
10:37:00.0 (85478604)|ENTERING_MANAGED_PKG|tdc_tsw
10:37:00.0 (86333757)|ENTERING_MANAGED_PKG|tdc_tsw
10:37:00.0 (86593319)|ENTERING_MANAGED_PKG|tdc_tsw
10:37:00.0 (87052231)|ENTERING_MANAGED_PKG|tdc_tsw
10:37:00.0 (89044500)|ENTERING_MANAGED_PKG|tdc_tsw
10:37:00.0 (90390603)|ENTERING_MANAGED_PKG|tdc_tsw
10:37:00.0 (90803433)|ENTERING_MANAGED_PKG|tdc_tsw
10:37:00.0 (91563516)|ENTERING_MANAGED_PKG|tdc_tsw
10:37:00.0 (93383169)|ENTERING_MANAGED_PKG|tdc_tsw
10:37:00.0 (94393573)|ENTERING_MANAGED_PKG|tdc_tsw
10:37:00.0 (94645080)|ENTERING_MANAGED_PKG|tdc_tsw
10:37:00.0 (95087830)|ENTERING_MANAGED_PKG|tdc_tsw
10:37:00.0 (96363191)|ENTERING_MANAGED_PKG|tdc_tsw
10:37:00.0 (97182896)|ENTERING_MANAGED_PKG|tdc_tsw
10:37:00.0 (97437998)|ENTERING_MANAGED_PKG|tdc_tsw
10:37:00.0 (97890683)|ENTERING_MANAGED_PKG|tdc_tsw
10:37:00.0 (99125493)|ENTERING_MANAGED_PKG|tdc_tsw
10:37:00.0 (99977760)|ENTERING_MANAGED_PKG|tdc_tsw
10:37:00.0 (100220293)|ENTERING_MANAGED_PKG|tdc_tsw
10:37:00.0 (100646466)|ENTERING_MANAGED_PKG|tdc_tsw
10:37:00.0 (102119456)|ENTERING_MANAGED_PKG|tdc_tsw
10:37:00.0 (103210847)|ENTERING_MANAGED_PKG|tdc_tsw
10:37:00.0 (103555890)|ENTERING_MANAGED_PKG|tdc_tsw
10:37:00.0 (104053716)|ENTERING_MANAGED_PKG|tdc_tsw
10:37:00.0 (105468751)|ENTERING_MANAGED_PKG|tdc_tsw
10:37:00.0 (106276340)|ENTERING_MANAGED_PKG|tdc_tsw
10:37:00.0 (106536725)|ENTERING_MANAGED_PKG|tdc_tsw
10:37:00.0 (106948077)|ENTERING_MANAGED_PKG|tdc_tsw
10:37:00.0 (108106660)|ENTERING_MANAGED_PKG|tdc_tsw
10:37:00.0 (108894770)|ENTERING_MANAGED_PKG|tdc_tsw
10:37:00.0 (109139842)|ENTERING_MANAGED_PKG|tdc_tsw
10:37:00.0 (109556941)|ENTERING_MANAGED_PKG|tdc_tsw
10:37:00.0 (110697352)|ENTERING_MANAGED_PKG|tdc_tsw
10:37:00.0 (111483130)|ENTERING_MANAGED_PKG|tdc_tsw
10:37:00.0 (111727202)|ENTERING_MANAGED_PKG|tdc_tsw
10:37:00.0 (112134628)|ENTERING_MANAGED_PKG|tdc_tsw
10:37:00.0 (113279485)|ENTERING_MANAGED_PKG|tdc_tsw
10:37:00.0 (114062002)|ENTERING_MANAGED_PKG|tdc_tsw
10:37:00.0 (114305781)|ENTERING_MANAGED_PKG|tdc_tsw
10:37:00.0 (114720759)|ENTERING_MANAGED_PKG|tdc_tsw
10:37:00.0 (115868734)|ENTERING_MANAGED_PKG|tdc_tsw
10:37:00.0 (116649023)|ENTERING_MANAGED_PKG|tdc_tsw
10:37:00.0 (116892485)|ENTERING_MANAGED_PKG|tdc_tsw
10:37:00.0 (117297386)|ENTERING_MANAGED_PKG|tdc_tsw
10:37:00.0 (118438715)|ENTERING_MANAGED_PKG|tdc_tsw
10:37:00.0 (119211226)|ENTERING_MANAGED_PKG|tdc_tsw
10:37:00.0 (119467125)|ENTERING_MANAGED_PKG|tdc_tsw
10:37:00.0 (119873951)|ENTERING_MANAGED_PKG|tdc_tsw
10:37:00.0 (121010319)|ENTERING_MANAGED_PKG|tdc_tsw
10:37:00.0 (121794417)|ENTERING_MANAGED_PKG|tdc_tsw
10:37:00.0 (122036715)|ENTERING_MANAGED_PKG|tdc_tsw
10:37:00.0 (122449609)|ENTERING_MANAGED_PKG|tdc_tsw
10:37:00.0 (123582304)|ENTERING_MANAGED_PKG|tdc_tsw
10:37:00.0 (124358238)|ENTERING_MANAGED_PKG|tdc_tsw
10:37:00.0 (124603854)|ENTERING_MANAGED_PKG|tdc_tsw
10:37:00.0 (125010358)|ENTERING_MANAGED_PKG|tdc_tsw
10:37:00.0 (126478538)|ENTERING_MANAGED_PKG|tdc_tsw
10:37:00.0 (127282018)|ENTERING_MANAGED_PKG|tdc_tsw
10:37:00.0 (127533466)|ENTERING_MANAGED_PKG|tdc_tsw
10:37:00.0 (127947634)|ENTERING_MANAGED_PKG|tdc_tsw
10:37:00.0 (129081935)|ENTERING_MANAGED_PKG|tdc_tsw
10:37:00.0 (129861292)|ENTERING_MANAGED_PKG|tdc_tsw
10:37:00.0 (130103191)|ENTERING_MANAGED_PKG|tdc_tsw
10:37:00.0 (130517111)|ENTERING_MANAGED_PKG|tdc_tsw
10:37:00.0 (131666719)|ENTERING_MANAGED_PKG|tdc_tsw
10:37:00.0 (132460369)|ENTERING_MANAGED_PKG|tdc_tsw
10:37:00.0 (132708826)|ENTERING_MANAGED_PKG|tdc_tsw
10:37:00.0 (133122849)|ENTERING_MANAGED_PKG|tdc_tsw
10:37:00.0 (134255422)|ENTERING_MANAGED_PKG|tdc_tsw
10:37:00.0 (135031058)|ENTERING_MANAGED_PKG|tdc_tsw
10:37:00.0 (135274721)|ENTERING_MANAGED_PKG|tdc_tsw
10:37:00.0 (135691353)|ENTERING_MANAGED_PKG|tdc_tsw
10:37:00.0 (136825931)|ENTERING_MANAGED_PKG|tdc_tsw
10:37:00.0 (137607300)|ENTERING_MANAGED_PKG|tdc_tsw
10:37:00.0 (137852132)|ENTERING_MANAGED_PKG|tdc_tsw
10:37:00.0 (138259032)|ENTERING_MANAGED_PKG|tdc_tsw
10:37:00.0 (139404484)|ENTERING_MANAGED_PKG|tdc_tsw
10:37:00.0 (140175501)|ENTERING_MANAGED_PKG|tdc_tsw
10:37:00.0 (140427914)|ENTERING_MANAGED_PKG|tdc_tsw
10:37:00.0 (140832782)|ENTERING_MANAGED_PKG|tdc_tsw
10:37:00.0 (141978871)|ENTERING_MANAGED_PKG|tdc_tsw
10:37:00.0 (142758109)|ENTERING_MANAGED_PKG|tdc_tsw
10:37:00.0 (143001562)|ENTERING_MANAGED_PKG|tdc_tsw
10:37:00.0 (143417951)|ENTERING_MANAGED_PKG|tdc_tsw
10:37:00.0 (144551789)|ENTERING_MANAGED_PKG|tdc_tsw
10:37:00.0 (145323207)|ENTERING_MANAGED_PKG|tdc_tsw
10:37:00.0 (145583202)|ENTERING_MANAGED_PKG|tdc_tsw
10:37:00.0 (145989358)|ENTERING_MANAGED_PKG|tdc_tsw
10:37:00.0 (147122402)|ENTERING_MANAGED_PKG|tdc_tsw
10:37:00.0 (147898670)|ENTERING_MANAGED_PKG|tdc_tsw
10:37:00.0 (148141946)|ENTERING_MANAGED_PKG|tdc_tsw
10:37:00.0 (148559787)|ENTERING_MANAGED_PKG|tdc_tsw
10:37:00.0 (149689039)|ENTERING_MANAGED_PKG|tdc_tsw
10:37:00.0 (150467785)|ENTERING_MANAGED_PKG|tdc_tsw
10:37:00.0 (150717811)|ENTERING_MANAGED_PKG|tdc_tsw
10:37:00.0 (151124242)|ENTERING_MANAGED_PKG|tdc_tsw
10:37:00.0 (152263112)|ENTERING_MANAGED_PKG|tdc_tsw
10:37:00.0 (153047990)|ENTERING_MANAGED_PKG|tdc_tsw
10:37:00.0 (153291614)|ENTERING_MANAGED_PKG|tdc_tsw
10:37:00.0 (153715656)|ENTERING_MANAGED_PKG|tdc_tsw
10:37:00.0 (154886711)|ENTERING_MANAGED_PKG|tdc_tsw
10:37:00.0 (155671467)|ENTERING_MANAGED_PKG|tdc_tsw
10:37:00.0 (155913990)|ENTERING_MANAGED_PKG|tdc_tsw
10:37:00.0 (156326069)|ENTERING_MANAGED_PKG|tdc_tsw
10:37:00.0 (157467259)|ENTERING_MANAGED_PKG|tdc_tsw
10:37:00.0 (158249786)|ENTERING_MANAGED_PKG|tdc_tsw
10:37:00.0 (158501575)|ENTERING_MANAGED_PKG|tdc_tsw
10:37:00.0 (158908693)|ENTERING_MANAGED_PKG|tdc_tsw
10:37:00.0 (160039583)|ENTERING_MANAGED_PKG|tdc_tsw
10:37:00.0 (160817248)|ENTERING_MANAGED_PKG|tdc_tsw
10:37:00.0 (161058749)|ENTERING_MANAGED_PKG|tdc_tsw
10:37:00.0 (161475427)|ENTERING_MANAGED_PKG|tdc_tsw
10:37:00.0 (162605139)|ENTERING_MANAGED_PKG|tdc_tsw
10:37:00.0 (163380613)|ENTERING_MANAGED_PKG|tdc_tsw
10:37:00.0 (163623822)|ENTERING_MANAGED_PKG|tdc_tsw
10:37:00.0 (164029162)|ENTERING_MANAGED_PKG|tdc_tsw
10:37:00.0 (165162024)|ENTERING_MANAGED_PKG|tdc_tsw
10:37:00.0 (165954845)|ENTERING_MANAGED_PKG|tdc_tsw
10:37:00.0 (166197072)|ENTERING_MANAGED_PKG|tdc_tsw
10:37:00.0 (166623293)|ENTERING_MANAGED_PKG|tdc_tsw
10:37:00.0 (167763864)|ENTERING_MANAGED_PKG|tdc_tsw
10:37:00.0 (168539429)|ENTERING_MANAGED_PKG|tdc_tsw
10:37:00.0 (168781728)|ENTERING_MANAGED_PKG|tdc_tsw
10:37:00.0 (169187407)|ENTERING_MANAGED_PKG|tdc_tsw
10:37:00.0 (170318327)|ENTERING_MANAGED_PKG|tdc_tsw
10:37:00.0 (171093508)|ENTERING_MANAGED_PKG|tdc_tsw
10:37:00.0 (171336359)|ENTERING_MANAGED_PKG|tdc_tsw
10:37:00.0 (171751723)|ENTERING_MANAGED_PKG|tdc_tsw
10:37:00.0 (172890670)|ENTERING_MANAGED_PKG|tdc_tsw
10:37:00.0 (173671286)|ENTERING_MANAGED_PKG|tdc_tsw
10:37:00.0 (173914198)|ENTERING_MANAGED_PKG|tdc_tsw
10:37:00.0 (174321282)|ENTERING_MANAGED_PKG|tdc_tsw
10:37:00.0 (175460106)|ENTERING_MANAGED_PKG|tdc_tsw
10:37:00.0 (176229181)|ENTERING_MANAGED_PKG|tdc_tsw
10:37:00.0 (176481005)|ENTERING_MANAGED_PKG|tdc_tsw
10:37:00.0 (176893480)|ENTERING_MANAGED_PKG|tdc_tsw
10:37:00.0 (178041321)|ENTERING_MANAGED_PKG|tdc_tsw
10:37:00.0 (178819055)|ENTERING_MANAGED_PKG|tdc_tsw
10:37:00.0 (179060933)|ENTERING_MANAGED_PKG|tdc_tsw
10:37:00.0 (179480571)|ENTERING_MANAGED_PKG|tdc_tsw
10:37:00.0 (180613219)|ENTERING_MANAGED_PKG|tdc_tsw
10:37:00.0 (181390015)|ENTERING_MANAGED_PKG|tdc_tsw
10:37:00.0 (181634109)|ENTERING_MANAGED_PKG|tdc_tsw
10:37:00.0 (182097085)|ENTERING_MANAGED_PKG|tdc_tsw
10:37:00.0 (183229486)|ENTERING_MANAGED_PKG|tdc_tsw
10:37:00.0 (184002671)|ENTERING_MANAGED_PKG|tdc_tsw
10:37:00.0 (184245815)|ENTERING_MANAGED_PKG|tdc_tsw
10:37:00.0 (184658353)|ENTERING_MANAGED_PKG|tdc_tsw
10:37:00.0 (185792384)|ENTERING_MANAGED_PKG|tdc_tsw
10:37:00.0 (186569079)|ENTERING_MANAGED_PKG|tdc_tsw
10:37:00.0 (186811402)|ENTERING_MANAGED_PKG|tdc_tsw
10:37:00.0 (187216125)|ENTERING_MANAGED_PKG|tdc_tsw
10:37:00.0 (188345056)|ENTERING_MANAGED_PKG|tdc_tsw
10:37:00.0 (189114460)|ENTERING_MANAGED_PKG|tdc_tsw
10:37:00.0 (189365718)|ENTERING_MANAGED_PKG|tdc_tsw
10:37:00.0 (189772149)|ENTERING_MANAGED_PKG|tdc_tsw
10:37:00.0 (190908938)|ENTERING_MANAGED_PKG|tdc_tsw
10:37:00.0 (191684658)|ENTERING_MANAGED_PKG|tdc_tsw
10:37:00.0 (191927664)|ENTERING_MANAGED_PKG|tdc_tsw
10:37:00.0 (192332913)|ENTERING_MANAGED_PKG|tdc_tsw
10:37:00.0 (193492887)|ENTERING_MANAGED_PKG|tdc_tsw
10:37:00.0 (194259993)|ENTERING_MANAGED_PKG|tdc_tsw
10:37:00.0 (194512713)|ENTERING_MANAGED_PKG|tdc_tsw
10:37:00.0 (194915594)|ENTERING_MANAGED_PKG|tdc_tsw
10:37:00.0 (196045965)|ENTERING_MANAGED_PKG|tdc_tsw
10:37:00.0 (196821323)|ENTERING_MANAGED_PKG|tdc_tsw
10:37:00.0 (197063571)|ENTERING_MANAGED_PKG|tdc_tsw
10:37:00.0 (197477499)|ENTERING_MANAGED_PKG|tdc_tsw
10:37:00.0 (198605478)|ENTERING_MANAGED_PKG|tdc_tsw
10:37:00.0 (199375022)|ENTERING_MANAGED_PKG|tdc_tsw
10:37:00.0 (199618509)|ENTERING_MANAGED_PKG|tdc_tsw
10:37:00.0 (200022543)|ENTERING_MANAGED_PKG|tdc_tsw
10:37:00.0 (201153446)|ENTERING_MANAGED_PKG|tdc_tsw
10:37:00.0 (201944218)|ENTERING_MANAGED_PKG|tdc_tsw
10:37:00.0 (202185721)|ENTERING_MANAGED_PKG|tdc_tsw
10:37:00.0 (202596745)|ENTERING_MANAGED_PKG|tdc_tsw
10:37:00.0 (203724480)|ENTERING_MANAGED_PKG|tdc_tsw
10:37:00.0 (204504504)|ENTERING_MANAGED_PKG|tdc_tsw
10:37:00.0 (204748683)|ENTERING_MANAGED_PKG|tdc_tsw
10:37:00.0 (205152241)|ENTERING_MANAGED_PKG|tdc_tsw
10:37:00.0 (206282845)|ENTERING_MANAGED_PKG|tdc_tsw
10:37:00.0 (207058041)|ENTERING_MANAGED_PKG|tdc_tsw
10:37:00.0 (207300431)|ENTERING_MANAGED_PKG|tdc_tsw
10:37:00.0 (207712075)|ENTERING_MANAGED_PKG|tdc_tsw
10:37:00.0 (208851264)|ENTERING_MANAGED_PKG|tdc_tsw
10:37:00.0 (209625815)|ENTERING_MANAGED_PKG|tdc_tsw
10:37:00.0 (209872660)|ENTERING_MANAGED_PKG|tdc_tsw
10:37:00.0 (210278994)|ENTERING_MANAGED_PKG|tdc_tsw
10:37:00.0 (211425602)|ENTERING_MANAGED_PKG|tdc_tsw
10:37:00.0 (212219189)|ENTERING_MANAGED_PKG|tdc_tsw
10:37:00.0 (212483925)|ENTERING_MANAGED_PKG|tdc_tsw
10:37:00.0 (212892383)|ENTERING_MANAGED_PKG|tdc_tsw
10:37:00.0 (214024885)|ENTERING_MANAGED_PKG|tdc_tsw
10:37:00.0 (214807869)|ENTERING_MANAGED_PKG|tdc_tsw
10:37:00.0 (215050007)|ENTERING_MANAGED_PKG|tdc_tsw
10:37:00.0 (215469911)|ENTERING_MANAGED_PKG|tdc_tsw
10:37:00.0 (216599614)|ENTERING_MANAGED_PKG|tdc_tsw
10:37:00.0 (217372904)|ENTERING_MANAGED_PKG|tdc_tsw
10:37:00.0 (217615329)|ENTERING_MANAGED_PKG|tdc_tsw
10:37:00.0 (218022269)|ENTERING_MANAGED_PKG|tdc_tsw
10:37:00.0 (219156223)|ENTERING_MANAGED_PKG|tdc_tsw
10:37:00.0 (219949865)|ENTERING_MANAGED_PKG|tdc_tsw
10:37:00.0 (220191437)|ENTERING_MANAGED_PKG|tdc_tsw
10:37:00.0 (220620985)|ENTERING_MANAGED_PKG|tdc_tsw
10:37:00.0 (221753236)|ENTERING_MANAGED_PKG|tdc_tsw
10:37:00.0 (222530773)|ENTERING_MANAGED_PKG|tdc_tsw
10:37:00.0 (222749795)|ENTERING_MANAGED_PKG|tdc_tsw
10:37:00.0 (223155959)|ENTERING_MANAGED_PKG|tdc_tsw
10:37:00.0 (224669373)|ENTERING_MANAGED_PKG|tdc_tsw
10:37:00.0 (225593309)|ENTERING_MANAGED_PKG|tdc_tsw
10:37:00.0 (225858983)|ENTERING_MANAGED_PKG|tdc_tsw
10:37:00.0 (226276328)|ENTERING_MANAGED_PKG|tdc_tsw
10:37:00.0 (227656378)|ENTERING_MANAGED_PKG|tdc_tsw
10:37:00.0 (228810462)|ENTERING_MANAGED_PKG|tdc_tsw
10:37:00.0 (228899533)|ENTERING_MANAGED_PKG|tdc_tsw
10:37:00.0 (229676993)|SOQL_EXECUTE_BEGIN|[200]|Aggregations:0|SELECT Name, NamespacePrefix, SystemModStamp FROM StaticResource WHERE Name LIKE :tmpVar1 LIMIT 10
10:37:00.0 (233980096)|SOQL_EXECUTE_END|[200]|Rows:1
10:37:00.0 (235358626)|ENTERING_MANAGED_PKG|tdc_tsw
10:37:00.0 (236161195)|SOQL_EXECUTE_BEGIN|[200]|Aggregations:0|SELECT Name, NamespacePrefix, SystemModStamp FROM StaticResource WHERE Name LIKE :tmpVar1 LIMIT 10
10:37:00.0 (239747409)|SOQL_EXECUTE_END|[200]|Rows:1
10:37:00.0 (240293866)|ENTERING_MANAGED_PKG|tdc_tsw
10:37:00.0 (245439542)|ENTERING_MANAGED_PKG|tdc_tsw
10:37:00.0 (247877401)|ENTERING_MANAGED_PKG|tdc_tsw
10:37:00.0 (248145624)|ENTERING_MANAGED_PKG|tdc_tsw
10:37:00.0 (249017222)|ENTERING_MANAGED_PKG|tdc_tsw
10:37:00.0 (249530720)|SOQL_EXECUTE_BEGIN|[200]|Aggregations:0|SELECT Name, NamespacePrefix, SystemModStamp FROM StaticResource WHERE Name LIKE :tmpVar1 LIMIT 10
10:37:00.0 (252670980)|SOQL_EXECUTE_END|[200]|Rows:1
10:37:00.266 (266967636)|USER_INFO|[EXTERNAL]|0051H000009gxp8|chanida.dev2@solvedbysoftwareco.com|Eastern Standard Time|GMT-05:00
10:37:00.266 (268457105)|ENTERING_MANAGED_PKG|tdc_tsw
10:37:00.266 (268681308)|ENTERING_MANAGED_PKG|tdc_tsw
10:37:00.266 (271438750)|SOQL_EXECUTE_BEGIN|[355]|Aggregations:0|SELECT id, name, Disable_Incoming_SMS_Sharing__c FROM User WHERE id = :tmpVar1
10:37:00.266 (280256118)|SOQL_EXECUTE_END|[355]|Rows:1
10:37:00.266 (282130596)|SOQL_EXECUTE_BEGIN|[367]|Aggregations:0|SELECT CreatedDate,Id,LastModifiedDate,Related_Object_Id__c FROM Message__c WHERE Name = 'Incoming' AND Read__c = false ORDER BY CreatedDate Desc limit 100
10:37:00.266 (292740888)|SOQL_EXECUTE_END|[367]|Rows:100
