44.0 APEX_CODE,FINEST;APEX_PROFILING,INFO;CALLOUT,INFO;DB,INFO;NBA,INFO;SYSTEM,DEBUG;VALIDATION,INFO;VISUALFORCE,INFO;WAVE,INFO;WORKFLOW,INFO
22:00:50.0 (125902)|USER_INFO|[EXTERNAL]|0051H000009gxp8|chanida.dev2@solvedbysoftwareco.com|Eastern Standard Time|GMT-05:00
22:00:50.0 (1631106)|ENTERING_MANAGED_PKG|tdc_tsw
22:00:50.0 (2044494)|ENTERING_MANAGED_PKG|tdc_tsw
22:00:50.0 (5711137)|SOQL_EXECUTE_BEGIN|[16]|Aggregations:0|SELECT id, name, Disable_Incoming_SMS_Sharing__c FROM User WHERE id = :tmpVar1
22:00:50.0 (15525384)|SOQL_EXECUTE_END|[16]|Rows:1
22:00:50.0 (21328103)|SOQL_EXECUTE_BEGIN|[37]|Aggregations:0|SELECT CreatedDate,Created_Date__c,Id,LastModifiedDate,MessageId__c,Message_Text_New__c,Name,OwnerId,Read__c,Related_Object_Id__c,Related_Object__c,Sender_Number__c, Sender_Name__c,ToNumber__c,Attachments_Ids__c FROM Message__c WHERE Name = 'Incoming' AND Read__c = false ORDER BY CreatedDate Desc limit 100
22:00:50.0 (31224077)|SOQL_EXECUTE_END|[37]|Rows:16
22:00:50.0 (34954816)|ENTERING_MANAGED_PKG|tdc_tsw
22:00:50.0 (36604659)|ENTERING_MANAGED_PKG|tdc_tsw
22:00:50.0 (37038006)|ENTERING_MANAGED_PKG|tdc_tsw
22:00:50.0 (37674303)|ENTERING_MANAGED_PKG|tdc_tsw
22:00:50.0 (40667271)|ENTERING_MANAGED_PKG|tdc_tsw
22:00:50.0 (41601441)|ENTERING_MANAGED_PKG|tdc_tsw
22:00:50.0 (41904765)|ENTERING_MANAGED_PKG|tdc_tsw
22:00:50.0 (42385416)|ENTERING_MANAGED_PKG|tdc_tsw
22:00:50.0 (43655813)|ENTERING_MANAGED_PKG|tdc_tsw
22:00:50.0 (44544643)|ENTERING_MANAGED_PKG|tdc_tsw
22:00:50.0 (44823538)|ENTERING_MANAGED_PKG|tdc_tsw
22:00:50.0 (45295276)|ENTERING_MANAGED_PKG|tdc_tsw
22:00:50.0 (46654385)|ENTERING_MANAGED_PKG|tdc_tsw
22:00:50.0 (47442246)|ENTERING_MANAGED_PKG|tdc_tsw
22:00:50.0 (47527092)|ENTERING_MANAGED_PKG|tdc_tsw
22:00:50.0 (48198956)|SOQL_EXECUTE_BEGIN|[200]|Aggregations:0|SELECT Name, NamespacePrefix, SystemModStamp FROM StaticResource WHERE Name LIKE :tmpVar1 LIMIT 10
22:00:50.0 (51673393)|SOQL_EXECUTE_END|[200]|Rows:1
22:00:50.0 (52697392)|ENTERING_MANAGED_PKG|tdc_tsw
22:00:50.0 (53203988)|SOQL_EXECUTE_BEGIN|[200]|Aggregations:0|SELECT Name, NamespacePrefix, SystemModStamp FROM StaticResource WHERE Name LIKE :tmpVar1 LIMIT 10
22:00:50.0 (56060424)|SOQL_EXECUTE_END|[200]|Rows:1
22:00:50.0 (56568251)|ENTERING_MANAGED_PKG|tdc_tsw
22:00:50.0 (60615842)|ENTERING_MANAGED_PKG|tdc_tsw
22:00:50.0 (62375206)|ENTERING_MANAGED_PKG|tdc_tsw
22:00:50.0 (62726060)|ENTERING_MANAGED_PKG|tdc_tsw
22:00:50.0 (63956282)|ENTERING_MANAGED_PKG|tdc_tsw
22:00:50.0 (64520360)|SOQL_EXECUTE_BEGIN|[200]|Aggregations:0|SELECT Name, NamespacePrefix, SystemModStamp FROM StaticResource WHERE Name LIKE :tmpVar1 LIMIT 10
22:00:50.0 (67749428)|SOQL_EXECUTE_END|[200]|Rows:1
22:00:50.73 (73322862)|USER_INFO|[EXTERNAL]|0051H000009gxp8|chanida.dev2@solvedbysoftwareco.com|Eastern Standard Time|GMT-05:00
22:00:50.73 (74772241)|ENTERING_MANAGED_PKG|tdc_tsw
22:00:50.73 (75085014)|ENTERING_MANAGED_PKG|tdc_tsw
22:00:50.73 (79130688)|SOQL_EXECUTE_BEGIN|[355]|Aggregations:0|SELECT id, name, Disable_Incoming_SMS_Sharing__c FROM User WHERE id = :tmpVar1
22:00:50.73 (87479428)|SOQL_EXECUTE_END|[355]|Rows:1
22:00:50.73 (88633380)|SOQL_EXECUTE_BEGIN|[367]|Aggregations:0|SELECT CreatedDate,Id,LastModifiedDate,Related_Object_Id__c FROM Message__c WHERE Name = 'Incoming' AND Read__c = false ORDER BY CreatedDate Desc limit 100
22:00:50.73 (95074213)|SOQL_EXECUTE_END|[367]|Rows:16
