44.0 APEX_CODE,FINEST;APEX_PROFILING,INFO;CALLOUT,INFO;DB,INFO;NBA,INFO;SYSTEM,DEBUG;VALIDATION,INFO;VISUALFORCE,INFO;WAVE,INFO;WORKFLOW,INFO
18:13:47.0 (476352)|USER_INFO|[EXTERNAL]|0051H000009gxp8|chanida.dev2@solvedbysoftwareco.com|Eastern Standard Time|GMT-05:00
18:13:47.0 (2590734)|ENTERING_MANAGED_PKG|tdc_tsw
18:13:47.0 (3079989)|ENTERING_MANAGED_PKG|tdc_tsw
18:13:47.0 (8743901)|SOQL_EXECUTE_BEGIN|[16]|Aggregations:0|SELECT id, name, Disable_Incoming_SMS_Sharing__c FROM User WHERE id = :tmpVar1
18:13:47.0 (17262638)|SOQL_EXECUTE_END|[16]|Rows:1
18:13:47.0 (25548579)|SOQL_EXECUTE_BEGIN|[37]|Aggregations:0|SELECT CreatedDate,Created_Date__c,Id,LastModifiedDate,MessageId__c,Message_Text_New__c,Name,OwnerId,Read__c,Related_Object_Id__c,Related_Object__c,Sender_Number__c, Sender_Name__c,ToNumber__c,Attachments_Ids__c FROM Message__c WHERE Name = 'Incoming' AND Read__c = false ORDER BY CreatedDate Desc limit 100
18:13:47.0 (36010706)|SOQL_EXECUTE_END|[37]|Rows:14
18:13:47.0 (39756591)|ENTERING_MANAGED_PKG|tdc_tsw
18:13:47.0 (41488679)|ENTERING_MANAGED_PKG|tdc_tsw
18:13:47.0 (41963997)|ENTERING_MANAGED_PKG|tdc_tsw
18:13:47.0 (42670696)|ENTERING_MANAGED_PKG|tdc_tsw
18:13:47.0 (45648830)|ENTERING_MANAGED_PKG|tdc_tsw
18:13:47.0 (46576879)|ENTERING_MANAGED_PKG|tdc_tsw
18:13:47.0 (46897450)|ENTERING_MANAGED_PKG|tdc_tsw
18:13:47.0 (47539380)|ENTERING_MANAGED_PKG|tdc_tsw
18:13:47.0 (49731620)|ENTERING_MANAGED_PKG|tdc_tsw
18:13:47.0 (50406164)|ENTERING_MANAGED_PKG|tdc_tsw
18:13:47.0 (50488110)|ENTERING_MANAGED_PKG|tdc_tsw
18:13:47.0 (51086781)|SOQL_EXECUTE_BEGIN|[200]|Aggregations:0|SELECT Name, NamespacePrefix, SystemModStamp FROM StaticResource WHERE Name LIKE :tmpVar1 LIMIT 10
18:13:47.0 (54204428)|SOQL_EXECUTE_END|[200]|Rows:1
18:13:47.0 (55330841)|ENTERING_MANAGED_PKG|tdc_tsw
18:13:47.0 (55684541)|SOQL_EXECUTE_BEGIN|[200]|Aggregations:0|SELECT Name, NamespacePrefix, SystemModStamp FROM StaticResource WHERE Name LIKE :tmpVar1 LIMIT 10
18:13:47.0 (57899693)|SOQL_EXECUTE_END|[200]|Rows:1
18:13:47.0 (58282360)|ENTERING_MANAGED_PKG|tdc_tsw
18:13:47.0 (62697699)|ENTERING_MANAGED_PKG|tdc_tsw
18:13:47.0 (64593905)|ENTERING_MANAGED_PKG|tdc_tsw
18:13:47.0 (64903093)|ENTERING_MANAGED_PKG|tdc_tsw
18:13:47.0 (65850212)|ENTERING_MANAGED_PKG|tdc_tsw
18:13:47.0 (66245541)|SOQL_EXECUTE_BEGIN|[200]|Aggregations:0|SELECT Name, NamespacePrefix, SystemModStamp FROM StaticResource WHERE Name LIKE :tmpVar1 LIMIT 10
18:13:47.0 (68836372)|SOQL_EXECUTE_END|[200]|Rows:1
18:13:47.74 (74014858)|USER_INFO|[EXTERNAL]|0051H000009gxp8|chanida.dev2@solvedbysoftwareco.com|Eastern Standard Time|GMT-05:00
18:13:47.74 (75360786)|ENTERING_MANAGED_PKG|tdc_tsw
18:13:47.74 (75563285)|ENTERING_MANAGED_PKG|tdc_tsw
18:13:47.74 (78766278)|SOQL_EXECUTE_BEGIN|[355]|Aggregations:0|SELECT id, name, Disable_Incoming_SMS_Sharing__c FROM User WHERE id = :tmpVar1
18:13:47.74 (85267686)|SOQL_EXECUTE_END|[355]|Rows:1
18:13:47.74 (86785839)|SOQL_EXECUTE_BEGIN|[367]|Aggregations:0|SELECT CreatedDate,Id,LastModifiedDate,Related_Object_Id__c FROM Message__c WHERE Name = 'Incoming' AND Read__c = false ORDER BY CreatedDate Desc limit 100
18:13:47.74 (94510969)|SOQL_EXECUTE_END|[367]|Rows:14
