44.0 APEX_CODE,FINEST;APEX_PROFILING,INFO;CALLOUT,INFO;DB,INFO;NBA,INFO;SYSTEM,DEBUG;VALIDATION,INFO;VISUALFORCE,INFO;WAVE,INFO;WORKFLOW,INFO
22:16:37.0 (275769)|USER_INFO|[EXTERNAL]|0051H000009gxp8|chanida.dev2@solvedbysoftwareco.com|Eastern Standard Time|GMT-05:00
22:16:37.0 (2176589)|ENTERING_MANAGED_PKG|tdc_tsw
22:16:37.0 (2667029)|ENTERING_MANAGED_PKG|tdc_tsw
22:16:37.0 (6653737)|SOQL_EXECUTE_BEGIN|[16]|Aggregations:0|SELECT id, name, Disable_Incoming_SMS_Sharing__c FROM User WHERE id = :tmpVar1
22:16:37.0 (14545973)|SOQL_EXECUTE_END|[16]|Rows:1
22:16:37.0 (20170687)|SOQL_EXECUTE_BEGIN|[37]|Aggregations:0|SELECT CreatedDate,Created_Date__c,Id,LastModifiedDate,MessageId__c,Message_Text_New__c,Name,OwnerId,Read__c,Related_Object_Id__c,Related_Object__c,Sender_Number__c, Sender_Name__c,ToNumber__c,Attachments_Ids__c FROM Message__c WHERE Name = 'Incoming' AND Read__c = false ORDER BY CreatedDate Desc limit 100
22:16:37.0 (36287713)|SOQL_EXECUTE_END|[37]|Rows:100
22:16:37.0 (55506894)|ENTERING_MANAGED_PKG|tdc_tsw
22:16:37.0 (57754745)|ENTERING_MANAGED_PKG|tdc_tsw
22:16:37.0 (58305437)|ENTERING_MANAGED_PKG|tdc_tsw
22:16:37.0 (59060044)|ENTERING_MANAGED_PKG|tdc_tsw
22:16:37.0 (61898734)|ENTERING_MANAGED_PKG|tdc_tsw
22:16:37.0 (62721942)|ENTERING_MANAGED_PKG|tdc_tsw
22:16:37.0 (62966541)|ENTERING_MANAGED_PKG|tdc_tsw
22:16:37.0 (63400043)|ENTERING_MANAGED_PKG|tdc_tsw
22:16:37.0 (64534892)|ENTERING_MANAGED_PKG|tdc_tsw
22:16:37.0 (65334611)|ENTERING_MANAGED_PKG|tdc_tsw
22:16:37.0 (65573570)|ENTERING_MANAGED_PKG|tdc_tsw
22:16:37.0 (65983158)|ENTERING_MANAGED_PKG|tdc_tsw
22:16:37.0 (67121199)|ENTERING_MANAGED_PKG|tdc_tsw
22:16:37.0 (67907201)|ENTERING_MANAGED_PKG|tdc_tsw
22:16:37.0 (68144960)|ENTERING_MANAGED_PKG|tdc_tsw
22:16:37.0 (68574598)|ENTERING_MANAGED_PKG|tdc_tsw
22:16:37.0 (69817223)|ENTERING_MANAGED_PKG|tdc_tsw
22:16:37.0 (70623562)|ENTERING_MANAGED_PKG|tdc_tsw
22:16:37.0 (70867878)|ENTERING_MANAGED_PKG|tdc_tsw
22:16:37.0 (71285944)|ENTERING_MANAGED_PKG|tdc_tsw
22:16:37.0 (72492577)|ENTERING_MANAGED_PKG|tdc_tsw
22:16:37.0 (73283757)|ENTERING_MANAGED_PKG|tdc_tsw
22:16:37.0 (73524033)|ENTERING_MANAGED_PKG|tdc_tsw
22:16:37.0 (73931841)|ENTERING_MANAGED_PKG|tdc_tsw
22:16:37.0 (75053197)|ENTERING_MANAGED_PKG|tdc_tsw
22:16:37.0 (75837115)|ENTERING_MANAGED_PKG|tdc_tsw
22:16:37.0 (76074815)|ENTERING_MANAGED_PKG|tdc_tsw
22:16:37.0 (76490743)|ENTERING_MANAGED_PKG|tdc_tsw
22:16:37.0 (77612996)|ENTERING_MANAGED_PKG|tdc_tsw
22:16:37.0 (78401897)|ENTERING_MANAGED_PKG|tdc_tsw
22:16:37.0 (78639659)|ENTERING_MANAGED_PKG|tdc_tsw
22:16:37.0 (79046077)|ENTERING_MANAGED_PKG|tdc_tsw
22:16:37.0 (80178569)|ENTERING_MANAGED_PKG|tdc_tsw
22:16:37.0 (80980016)|ENTERING_MANAGED_PKG|tdc_tsw
22:16:37.0 (81225246)|ENTERING_MANAGED_PKG|tdc_tsw
22:16:37.0 (81630530)|ENTERING_MANAGED_PKG|tdc_tsw
22:16:37.0 (82746427)|ENTERING_MANAGED_PKG|tdc_tsw
22:16:37.0 (83707556)|ENTERING_MANAGED_PKG|tdc_tsw
22:16:37.0 (84069978)|ENTERING_MANAGED_PKG|tdc_tsw
22:16:37.0 (84748353)|ENTERING_MANAGED_PKG|tdc_tsw
22:16:37.0 (86634936)|ENTERING_MANAGED_PKG|tdc_tsw
22:16:37.0 (87766312)|ENTERING_MANAGED_PKG|tdc_tsw
22:16:37.0 (88211121)|ENTERING_MANAGED_PKG|tdc_tsw
22:16:37.0 (88960415)|ENTERING_MANAGED_PKG|tdc_tsw
22:16:37.0 (90837806)|ENTERING_MANAGED_PKG|tdc_tsw
22:16:37.0 (91690533)|ENTERING_MANAGED_PKG|tdc_tsw
22:16:37.0 (91931955)|ENTERING_MANAGED_PKG|tdc_tsw
22:16:37.0 (92356061)|ENTERING_MANAGED_PKG|tdc_tsw
22:16:37.0 (93744595)|ENTERING_MANAGED_PKG|tdc_tsw
22:16:37.0 (94632473)|ENTERING_MANAGED_PKG|tdc_tsw
22:16:37.0 (94874845)|ENTERING_MANAGED_PKG|tdc_tsw
22:16:37.0 (95298555)|ENTERING_MANAGED_PKG|tdc_tsw
22:16:37.0 (96751515)|ENTERING_MANAGED_PKG|tdc_tsw
22:16:37.0 (98121199)|ENTERING_MANAGED_PKG|tdc_tsw
22:16:37.0 (98568005)|ENTERING_MANAGED_PKG|tdc_tsw
22:16:37.0 (99388763)|ENTERING_MANAGED_PKG|tdc_tsw
22:16:37.0 (101358516)|ENTERING_MANAGED_PKG|tdc_tsw
22:16:37.0 (102803722)|ENTERING_MANAGED_PKG|tdc_tsw
22:16:37.0 (103259134)|ENTERING_MANAGED_PKG|tdc_tsw
22:16:37.0 (104094073)|ENTERING_MANAGED_PKG|tdc_tsw
22:16:37.0 (106236802)|ENTERING_MANAGED_PKG|tdc_tsw
22:16:37.0 (107759592)|ENTERING_MANAGED_PKG|tdc_tsw
22:16:37.0 (108223915)|ENTERING_MANAGED_PKG|tdc_tsw
22:16:37.0 (109030093)|ENTERING_MANAGED_PKG|tdc_tsw
22:16:37.0 (111198955)|ENTERING_MANAGED_PKG|tdc_tsw
22:16:37.0 (112713857)|ENTERING_MANAGED_PKG|tdc_tsw
22:16:37.0 (113124627)|ENTERING_MANAGED_PKG|tdc_tsw
22:16:37.0 (113905105)|ENTERING_MANAGED_PKG|tdc_tsw
22:16:37.0 (115900283)|ENTERING_MANAGED_PKG|tdc_tsw
22:16:37.0 (117326105)|ENTERING_MANAGED_PKG|tdc_tsw
22:16:37.0 (117755116)|ENTERING_MANAGED_PKG|tdc_tsw
22:16:37.0 (118527583)|ENTERING_MANAGED_PKG|tdc_tsw
22:16:37.0 (120491105)|ENTERING_MANAGED_PKG|tdc_tsw
22:16:37.0 (121908353)|ENTERING_MANAGED_PKG|tdc_tsw
22:16:37.0 (122337726)|ENTERING_MANAGED_PKG|tdc_tsw
22:16:37.0 (123088432)|ENTERING_MANAGED_PKG|tdc_tsw
22:16:37.0 (125151220)|ENTERING_MANAGED_PKG|tdc_tsw
22:16:37.0 (126582966)|ENTERING_MANAGED_PKG|tdc_tsw
22:16:37.0 (127022566)|ENTERING_MANAGED_PKG|tdc_tsw
22:16:37.0 (127835006)|ENTERING_MANAGED_PKG|tdc_tsw
22:16:37.0 (129239863)|ENTERING_MANAGED_PKG|tdc_tsw
22:16:37.0 (130107584)|ENTERING_MANAGED_PKG|tdc_tsw
22:16:37.0 (130378037)|ENTERING_MANAGED_PKG|tdc_tsw
22:16:37.0 (130804654)|ENTERING_MANAGED_PKG|tdc_tsw
22:16:37.0 (131968406)|ENTERING_MANAGED_PKG|tdc_tsw
22:16:37.0 (132889081)|ENTERING_MANAGED_PKG|tdc_tsw
22:16:37.0 (133211550)|ENTERING_MANAGED_PKG|tdc_tsw
22:16:37.0 (133638242)|ENTERING_MANAGED_PKG|tdc_tsw
22:16:37.0 (134786459)|ENTERING_MANAGED_PKG|tdc_tsw
22:16:37.0 (135588890)|ENTERING_MANAGED_PKG|tdc_tsw
22:16:37.0 (135833490)|ENTERING_MANAGED_PKG|tdc_tsw
22:16:37.0 (136251901)|ENTERING_MANAGED_PKG|tdc_tsw
22:16:37.0 (137406562)|ENTERING_MANAGED_PKG|tdc_tsw
22:16:37.0 (138215985)|ENTERING_MANAGED_PKG|tdc_tsw
22:16:37.0 (138458667)|ENTERING_MANAGED_PKG|tdc_tsw
22:16:37.0 (138859838)|ENTERING_MANAGED_PKG|tdc_tsw
22:16:37.0 (139986606)|ENTERING_MANAGED_PKG|tdc_tsw
22:16:37.0 (140780262)|ENTERING_MANAGED_PKG|tdc_tsw
22:16:37.0 (140999181)|ENTERING_MANAGED_PKG|tdc_tsw
22:16:37.0 (141416438)|ENTERING_MANAGED_PKG|tdc_tsw
22:16:37.0 (142696484)|ENTERING_MANAGED_PKG|tdc_tsw
22:16:37.0 (143509745)|ENTERING_MANAGED_PKG|tdc_tsw
22:16:37.0 (143764329)|ENTERING_MANAGED_PKG|tdc_tsw
22:16:37.0 (144189277)|ENTERING_MANAGED_PKG|tdc_tsw
22:16:37.0 (145318726)|ENTERING_MANAGED_PKG|tdc_tsw
22:16:37.0 (146129731)|ENTERING_MANAGED_PKG|tdc_tsw
22:16:37.0 (146360813)|ENTERING_MANAGED_PKG|tdc_tsw
22:16:37.0 (146779256)|ENTERING_MANAGED_PKG|tdc_tsw
22:16:37.0 (147983254)|ENTERING_MANAGED_PKG|tdc_tsw
22:16:37.0 (148774006)|ENTERING_MANAGED_PKG|tdc_tsw
22:16:37.0 (149015439)|ENTERING_MANAGED_PKG|tdc_tsw
22:16:37.0 (149793432)|ENTERING_MANAGED_PKG|tdc_tsw
22:16:37.0 (151034324)|ENTERING_MANAGED_PKG|tdc_tsw
22:16:37.0 (151854853)|ENTERING_MANAGED_PKG|tdc_tsw
22:16:37.0 (152096198)|ENTERING_MANAGED_PKG|tdc_tsw
22:16:37.0 (152605586)|ENTERING_MANAGED_PKG|tdc_tsw
22:16:37.0 (153832365)|ENTERING_MANAGED_PKG|tdc_tsw
22:16:37.0 (154766401)|ENTERING_MANAGED_PKG|tdc_tsw
22:16:37.0 (155025526)|ENTERING_MANAGED_PKG|tdc_tsw
22:16:37.0 (155553423)|ENTERING_MANAGED_PKG|tdc_tsw
22:16:37.0 (157050644)|ENTERING_MANAGED_PKG|tdc_tsw
22:16:37.0 (157998320)|ENTERING_MANAGED_PKG|tdc_tsw
22:16:37.0 (158103159)|ENTERING_MANAGED_PKG|tdc_tsw
22:16:37.0 (158694847)|SOQL_EXECUTE_BEGIN|[200]|Aggregations:0|SELECT Name, NamespacePrefix, SystemModStamp FROM StaticResource WHERE Name LIKE :tmpVar1 LIMIT 10
22:16:37.0 (161778340)|SOQL_EXECUTE_END|[200]|Rows:1
22:16:37.0 (162692220)|ENTERING_MANAGED_PKG|tdc_tsw
22:16:37.0 (163112916)|SOQL_EXECUTE_BEGIN|[200]|Aggregations:0|SELECT Name, NamespacePrefix, SystemModStamp FROM StaticResource WHERE Name LIKE :tmpVar1 LIMIT 10
22:16:37.0 (165341855)|SOQL_EXECUTE_END|[200]|Rows:1
22:16:37.0 (165766612)|ENTERING_MANAGED_PKG|tdc_tsw
22:16:37.0 (183044200)|ENTERING_MANAGED_PKG|tdc_tsw
22:16:37.0 (184692993)|ENTERING_MANAGED_PKG|tdc_tsw
22:16:37.0 (185014873)|ENTERING_MANAGED_PKG|tdc_tsw
22:16:37.0 (186032759)|ENTERING_MANAGED_PKG|tdc_tsw
22:16:37.0 (186575880)|SOQL_EXECUTE_BEGIN|[200]|Aggregations:0|SELECT Name, NamespacePrefix, SystemModStamp FROM StaticResource WHERE Name LIKE :tmpVar1 LIMIT 10
22:16:37.0 (189810463)|SOQL_EXECUTE_END|[200]|Rows:1
22:16:37.199 (199271557)|USER_INFO|[EXTERNAL]|0051H000009gxp8|chanida.dev2@solvedbysoftwareco.com|Eastern Standard Time|GMT-05:00
22:16:37.199 (201031706)|ENTERING_MANAGED_PKG|tdc_tsw
22:16:37.199 (201323421)|ENTERING_MANAGED_PKG|tdc_tsw
22:16:37.199 (204076424)|SOQL_EXECUTE_BEGIN|[355]|Aggregations:0|SELECT id, name, Disable_Incoming_SMS_Sharing__c FROM User WHERE id = :tmpVar1
22:16:37.199 (210817927)|SOQL_EXECUTE_END|[355]|Rows:1
22:16:37.199 (211968556)|SOQL_EXECUTE_BEGIN|[367]|Aggregations:0|SELECT CreatedDate,Id,LastModifiedDate,Related_Object_Id__c FROM Message__c WHERE Name = 'Incoming' AND Read__c = false ORDER BY CreatedDate Desc limit 100
22:16:37.199 (220539187)|SOQL_EXECUTE_END|[367]|Rows:100
