44.0 APEX_CODE,FINEST;APEX_PROFILING,INFO;CALLOUT,INFO;DB,INFO;NBA,INFO;SYSTEM,DEBUG;VALIDATION,INFO;VISUALFORCE,INFO;WAVE,INFO;WORKFLOW,INFO
17:10:00.0 (164398)|USER_INFO|[EXTERNAL]|0051H000009gxp8|chanida.dev2@solvedbysoftwareco.com|Eastern Standard Time|GMT-05:00
17:10:00.0 (2300263)|ENTERING_MANAGED_PKG|tdc_tsw
17:10:00.0 (2796611)|ENTERING_MANAGED_PKG|tdc_tsw
17:10:00.0 (6444045)|SOQL_EXECUTE_BEGIN|[16]|Aggregations:0|SELECT id, name, Disable_Incoming_SMS_Sharing__c FROM User WHERE id = :tmpVar1
17:10:00.0 (14097351)|SOQL_EXECUTE_END|[16]|Rows:1
17:10:00.0 (20068703)|SOQL_EXECUTE_BEGIN|[37]|Aggregations:0|SELECT CreatedDate,Created_Date__c,Id,LastModifiedDate,MessageId__c,Message_Text_New__c,Name,OwnerId,Read__c,Related_Object_Id__c,Related_Object__c,Sender_Number__c, Sender_Name__c,ToNumber__c,Attachments_Ids__c FROM Message__c WHERE Name = 'Incoming' AND Read__c = false ORDER BY CreatedDate Desc limit 100
17:10:00.0 (41230676)|SOQL_EXECUTE_END|[37]|Rows:100
17:10:00.0 (60761878)|ENTERING_MANAGED_PKG|tdc_tsw
17:10:00.0 (62847532)|ENTERING_MANAGED_PKG|tdc_tsw
17:10:00.0 (63360483)|ENTERING_MANAGED_PKG|tdc_tsw
17:10:00.0 (64108840)|ENTERING_MANAGED_PKG|tdc_tsw
17:10:00.0 (67414234)|ENTERING_MANAGED_PKG|tdc_tsw
17:10:00.0 (68412262)|ENTERING_MANAGED_PKG|tdc_tsw
17:10:00.0 (68710945)|ENTERING_MANAGED_PKG|tdc_tsw
17:10:00.0 (69202798)|ENTERING_MANAGED_PKG|tdc_tsw
17:10:00.0 (70541865)|ENTERING_MANAGED_PKG|tdc_tsw
17:10:00.0 (71457215)|ENTERING_MANAGED_PKG|tdc_tsw
17:10:00.0 (71741454)|ENTERING_MANAGED_PKG|tdc_tsw
17:10:00.0 (72202210)|ENTERING_MANAGED_PKG|tdc_tsw
17:10:00.0 (73437923)|ENTERING_MANAGED_PKG|tdc_tsw
17:10:00.0 (74302837)|ENTERING_MANAGED_PKG|tdc_tsw
17:10:00.0 (74556651)|ENTERING_MANAGED_PKG|tdc_tsw
17:10:00.0 (75019397)|ENTERING_MANAGED_PKG|tdc_tsw
17:10:00.0 (76245257)|ENTERING_MANAGED_PKG|tdc_tsw
17:10:00.0 (77113288)|ENTERING_MANAGED_PKG|tdc_tsw
17:10:00.0 (77384085)|ENTERING_MANAGED_PKG|tdc_tsw
17:10:00.0 (77839207)|ENTERING_MANAGED_PKG|tdc_tsw
17:10:00.0 (79052663)|ENTERING_MANAGED_PKG|tdc_tsw
17:10:00.0 (79918516)|ENTERING_MANAGED_PKG|tdc_tsw
17:10:00.0 (80186745)|ENTERING_MANAGED_PKG|tdc_tsw
17:10:00.0 (80644609)|ENTERING_MANAGED_PKG|tdc_tsw
17:10:00.0 (81875948)|ENTERING_MANAGED_PKG|tdc_tsw
17:10:00.0 (82740478)|ENTERING_MANAGED_PKG|tdc_tsw
17:10:00.0 (83006857)|ENTERING_MANAGED_PKG|tdc_tsw
17:10:00.0 (83456176)|ENTERING_MANAGED_PKG|tdc_tsw
17:10:00.0 (84684752)|ENTERING_MANAGED_PKG|tdc_tsw
17:10:00.0 (85562242)|ENTERING_MANAGED_PKG|tdc_tsw
17:10:00.0 (85835221)|ENTERING_MANAGED_PKG|tdc_tsw
17:10:00.0 (86285316)|ENTERING_MANAGED_PKG|tdc_tsw
17:10:00.0 (87517728)|ENTERING_MANAGED_PKG|tdc_tsw
17:10:00.0 (88693029)|ENTERING_MANAGED_PKG|tdc_tsw
17:10:00.0 (88960435)|ENTERING_MANAGED_PKG|tdc_tsw
17:10:00.0 (89405906)|ENTERING_MANAGED_PKG|tdc_tsw
17:10:00.0 (90636845)|ENTERING_MANAGED_PKG|tdc_tsw
17:10:00.0 (91476220)|ENTERING_MANAGED_PKG|tdc_tsw
17:10:00.0 (91751032)|ENTERING_MANAGED_PKG|tdc_tsw
17:10:00.0 (92209862)|ENTERING_MANAGED_PKG|tdc_tsw
17:10:00.0 (93413257)|ENTERING_MANAGED_PKG|tdc_tsw
17:10:00.0 (94262160)|ENTERING_MANAGED_PKG|tdc_tsw
17:10:00.0 (94533213)|ENTERING_MANAGED_PKG|tdc_tsw
17:10:00.0 (94977087)|ENTERING_MANAGED_PKG|tdc_tsw
17:10:00.0 (96192929)|ENTERING_MANAGED_PKG|tdc_tsw
17:10:00.0 (97041253)|ENTERING_MANAGED_PKG|tdc_tsw
17:10:00.0 (97318383)|ENTERING_MANAGED_PKG|tdc_tsw
17:10:00.0 (97771594)|ENTERING_MANAGED_PKG|tdc_tsw
17:10:00.0 (98977446)|ENTERING_MANAGED_PKG|tdc_tsw
17:10:00.0 (99830979)|ENTERING_MANAGED_PKG|tdc_tsw
17:10:00.0 (100096009)|ENTERING_MANAGED_PKG|tdc_tsw
17:10:00.0 (100548292)|ENTERING_MANAGED_PKG|tdc_tsw
17:10:00.0 (101757277)|ENTERING_MANAGED_PKG|tdc_tsw
17:10:00.0 (102593941)|ENTERING_MANAGED_PKG|tdc_tsw
17:10:00.0 (102861610)|ENTERING_MANAGED_PKG|tdc_tsw
17:10:00.0 (103305474)|ENTERING_MANAGED_PKG|tdc_tsw
17:10:00.0 (104524766)|ENTERING_MANAGED_PKG|tdc_tsw
17:10:00.0 (105357359)|ENTERING_MANAGED_PKG|tdc_tsw
17:10:00.0 (105638555)|ENTERING_MANAGED_PKG|tdc_tsw
17:10:00.0 (106079882)|ENTERING_MANAGED_PKG|tdc_tsw
17:10:00.0 (107295103)|ENTERING_MANAGED_PKG|tdc_tsw
17:10:00.0 (108152434)|ENTERING_MANAGED_PKG|tdc_tsw
17:10:00.0 (108417910)|ENTERING_MANAGED_PKG|tdc_tsw
17:10:00.0 (108875525)|ENTERING_MANAGED_PKG|tdc_tsw
17:10:00.0 (110077625)|ENTERING_MANAGED_PKG|tdc_tsw
17:10:00.0 (110931214)|ENTERING_MANAGED_PKG|tdc_tsw
17:10:00.0 (111198382)|ENTERING_MANAGED_PKG|tdc_tsw
17:10:00.0 (111665657)|ENTERING_MANAGED_PKG|tdc_tsw
17:10:00.0 (112871356)|ENTERING_MANAGED_PKG|tdc_tsw
17:10:00.0 (113709946)|ENTERING_MANAGED_PKG|tdc_tsw
17:10:00.0 (113977093)|ENTERING_MANAGED_PKG|tdc_tsw
17:10:00.0 (114422616)|ENTERING_MANAGED_PKG|tdc_tsw
17:10:00.0 (115638920)|ENTERING_MANAGED_PKG|tdc_tsw
17:10:00.0 (116469653)|ENTERING_MANAGED_PKG|tdc_tsw
17:10:00.0 (116744690)|ENTERING_MANAGED_PKG|tdc_tsw
17:10:00.0 (117189975)|ENTERING_MANAGED_PKG|tdc_tsw
17:10:00.0 (118401705)|ENTERING_MANAGED_PKG|tdc_tsw
17:10:00.0 (119243612)|ENTERING_MANAGED_PKG|tdc_tsw
17:10:00.0 (119523101)|ENTERING_MANAGED_PKG|tdc_tsw
17:10:00.0 (119966488)|ENTERING_MANAGED_PKG|tdc_tsw
17:10:00.0 (121186772)|ENTERING_MANAGED_PKG|tdc_tsw
17:10:00.0 (122064238)|ENTERING_MANAGED_PKG|tdc_tsw
17:10:00.0 (122330877)|ENTERING_MANAGED_PKG|tdc_tsw
17:10:00.0 (122783602)|ENTERING_MANAGED_PKG|tdc_tsw
17:10:00.0 (123990415)|ENTERING_MANAGED_PKG|tdc_tsw
17:10:00.0 (124840682)|ENTERING_MANAGED_PKG|tdc_tsw
17:10:00.0 (125103633)|ENTERING_MANAGED_PKG|tdc_tsw
17:10:00.0 (125554136)|ENTERING_MANAGED_PKG|tdc_tsw
17:10:00.0 (126764211)|ENTERING_MANAGED_PKG|tdc_tsw
17:10:00.0 (127616911)|ENTERING_MANAGED_PKG|tdc_tsw
17:10:00.0 (127885926)|ENTERING_MANAGED_PKG|tdc_tsw
17:10:00.0 (128334540)|ENTERING_MANAGED_PKG|tdc_tsw
17:10:00.0 (129541736)|ENTERING_MANAGED_PKG|tdc_tsw
17:10:00.0 (130387528)|ENTERING_MANAGED_PKG|tdc_tsw
17:10:00.0 (130673071)|ENTERING_MANAGED_PKG|tdc_tsw
17:10:00.0 (131115196)|ENTERING_MANAGED_PKG|tdc_tsw
17:10:00.0 (132325732)|ENTERING_MANAGED_PKG|tdc_tsw
17:10:00.0 (133180783)|ENTERING_MANAGED_PKG|tdc_tsw
17:10:00.0 (133448124)|ENTERING_MANAGED_PKG|tdc_tsw
17:10:00.0 (133899918)|ENTERING_MANAGED_PKG|tdc_tsw
17:10:00.0 (135107886)|ENTERING_MANAGED_PKG|tdc_tsw
17:10:00.0 (135951426)|ENTERING_MANAGED_PKG|tdc_tsw
17:10:00.0 (136217247)|ENTERING_MANAGED_PKG|tdc_tsw
17:10:00.0 (136669653)|ENTERING_MANAGED_PKG|tdc_tsw
17:10:00.0 (137873276)|ENTERING_MANAGED_PKG|tdc_tsw
17:10:00.0 (138725907)|ENTERING_MANAGED_PKG|tdc_tsw
17:10:00.0 (138960891)|ENTERING_MANAGED_PKG|tdc_tsw
17:10:00.0 (139406289)|ENTERING_MANAGED_PKG|tdc_tsw
17:10:00.0 (140638145)|ENTERING_MANAGED_PKG|tdc_tsw
17:10:00.0 (141490761)|ENTERING_MANAGED_PKG|tdc_tsw
17:10:00.0 (141759956)|ENTERING_MANAGED_PKG|tdc_tsw
17:10:00.0 (142203562)|ENTERING_MANAGED_PKG|tdc_tsw
17:10:00.0 (143419032)|ENTERING_MANAGED_PKG|tdc_tsw
17:10:00.0 (144279165)|ENTERING_MANAGED_PKG|tdc_tsw
17:10:00.0 (144553420)|ENTERING_MANAGED_PKG|tdc_tsw
17:10:00.0 (144997797)|ENTERING_MANAGED_PKG|tdc_tsw
17:10:00.0 (146193765)|ENTERING_MANAGED_PKG|tdc_tsw
17:10:00.0 (147040719)|ENTERING_MANAGED_PKG|tdc_tsw
17:10:00.0 (147306269)|ENTERING_MANAGED_PKG|tdc_tsw
17:10:00.0 (147764018)|ENTERING_MANAGED_PKG|tdc_tsw
17:10:00.0 (148976818)|ENTERING_MANAGED_PKG|tdc_tsw
17:10:00.0 (149821887)|ENTERING_MANAGED_PKG|tdc_tsw
17:10:00.0 (150090654)|ENTERING_MANAGED_PKG|tdc_tsw
17:10:00.0 (150540864)|ENTERING_MANAGED_PKG|tdc_tsw
17:10:00.0 (151750469)|ENTERING_MANAGED_PKG|tdc_tsw
17:10:00.0 (152596588)|ENTERING_MANAGED_PKG|tdc_tsw
17:10:00.0 (152863675)|ENTERING_MANAGED_PKG|tdc_tsw
17:10:00.0 (153307585)|ENTERING_MANAGED_PKG|tdc_tsw
17:10:00.0 (154696938)|ENTERING_MANAGED_PKG|tdc_tsw
17:10:00.0 (155781740)|ENTERING_MANAGED_PKG|tdc_tsw
17:10:00.0 (156089425)|ENTERING_MANAGED_PKG|tdc_tsw
17:10:00.0 (156583270)|ENTERING_MANAGED_PKG|tdc_tsw
17:10:00.0 (157897579)|ENTERING_MANAGED_PKG|tdc_tsw
17:10:00.0 (158770770)|ENTERING_MANAGED_PKG|tdc_tsw
17:10:00.0 (159046181)|ENTERING_MANAGED_PKG|tdc_tsw
17:10:00.0 (159505018)|ENTERING_MANAGED_PKG|tdc_tsw
17:10:00.0 (160751903)|ENTERING_MANAGED_PKG|tdc_tsw
17:10:00.0 (161627603)|ENTERING_MANAGED_PKG|tdc_tsw
17:10:00.0 (161900269)|ENTERING_MANAGED_PKG|tdc_tsw
17:10:00.0 (162354899)|ENTERING_MANAGED_PKG|tdc_tsw
17:10:00.0 (163599027)|ENTERING_MANAGED_PKG|tdc_tsw
17:10:00.0 (164461478)|ENTERING_MANAGED_PKG|tdc_tsw
17:10:00.0 (164741623)|ENTERING_MANAGED_PKG|tdc_tsw
17:10:00.0 (165198917)|ENTERING_MANAGED_PKG|tdc_tsw
17:10:00.0 (166440464)|ENTERING_MANAGED_PKG|tdc_tsw
17:10:00.0 (167314554)|ENTERING_MANAGED_PKG|tdc_tsw
17:10:00.0 (167590962)|ENTERING_MANAGED_PKG|tdc_tsw
17:10:00.0 (168046866)|ENTERING_MANAGED_PKG|tdc_tsw
17:10:00.0 (181297829)|ENTERING_MANAGED_PKG|tdc_tsw
17:10:00.0 (182175544)|ENTERING_MANAGED_PKG|tdc_tsw
17:10:00.0 (182448113)|ENTERING_MANAGED_PKG|tdc_tsw
17:10:00.0 (182911603)|ENTERING_MANAGED_PKG|tdc_tsw
17:10:00.0 (184152878)|ENTERING_MANAGED_PKG|tdc_tsw
17:10:00.0 (185019376)|ENTERING_MANAGED_PKG|tdc_tsw
17:10:00.0 (185290186)|ENTERING_MANAGED_PKG|tdc_tsw
17:10:00.0 (185747377)|ENTERING_MANAGED_PKG|tdc_tsw
17:10:00.0 (186983557)|ENTERING_MANAGED_PKG|tdc_tsw
17:10:00.0 (187852593)|ENTERING_MANAGED_PKG|tdc_tsw
17:10:00.0 (188122772)|ENTERING_MANAGED_PKG|tdc_tsw
17:10:00.0 (188587089)|ENTERING_MANAGED_PKG|tdc_tsw
17:10:00.0 (189822659)|ENTERING_MANAGED_PKG|tdc_tsw
17:10:00.0 (190697974)|ENTERING_MANAGED_PKG|tdc_tsw
17:10:00.0 (190972944)|ENTERING_MANAGED_PKG|tdc_tsw
17:10:00.0 (191425403)|ENTERING_MANAGED_PKG|tdc_tsw
17:10:00.0 (192757204)|ENTERING_MANAGED_PKG|tdc_tsw
17:10:00.0 (193627360)|ENTERING_MANAGED_PKG|tdc_tsw
17:10:00.0 (193897765)|ENTERING_MANAGED_PKG|tdc_tsw
17:10:00.0 (194431334)|ENTERING_MANAGED_PKG|tdc_tsw
17:10:00.0 (195682783)|ENTERING_MANAGED_PKG|tdc_tsw
17:10:00.0 (196550667)|ENTERING_MANAGED_PKG|tdc_tsw
17:10:00.0 (196822466)|ENTERING_MANAGED_PKG|tdc_tsw
17:10:00.0 (197276983)|ENTERING_MANAGED_PKG|tdc_tsw
17:10:00.0 (198523803)|ENTERING_MANAGED_PKG|tdc_tsw
17:10:00.0 (199380813)|ENTERING_MANAGED_PKG|tdc_tsw
17:10:00.0 (199663683)|ENTERING_MANAGED_PKG|tdc_tsw
17:10:00.0 (200113961)|ENTERING_MANAGED_PKG|tdc_tsw
17:10:00.0 (201349343)|ENTERING_MANAGED_PKG|tdc_tsw
17:10:00.0 (202228338)|ENTERING_MANAGED_PKG|tdc_tsw
17:10:00.0 (202509149)|ENTERING_MANAGED_PKG|tdc_tsw
17:10:00.0 (202966065)|ENTERING_MANAGED_PKG|tdc_tsw
17:10:00.0 (204218552)|ENTERING_MANAGED_PKG|tdc_tsw
17:10:00.0 (205080447)|ENTERING_MANAGED_PKG|tdc_tsw
17:10:00.0 (205350646)|ENTERING_MANAGED_PKG|tdc_tsw
17:10:00.0 (205811193)|ENTERING_MANAGED_PKG|tdc_tsw
17:10:00.0 (207046540)|ENTERING_MANAGED_PKG|tdc_tsw
17:10:00.0 (207908168)|ENTERING_MANAGED_PKG|tdc_tsw
17:10:00.0 (208178065)|ENTERING_MANAGED_PKG|tdc_tsw
17:10:00.0 (208637126)|ENTERING_MANAGED_PKG|tdc_tsw
17:10:00.0 (209870817)|ENTERING_MANAGED_PKG|tdc_tsw
17:10:00.0 (210733211)|ENTERING_MANAGED_PKG|tdc_tsw
17:10:00.0 (211003856)|ENTERING_MANAGED_PKG|tdc_tsw
17:10:00.0 (211457592)|ENTERING_MANAGED_PKG|tdc_tsw
17:10:00.0 (212696004)|ENTERING_MANAGED_PKG|tdc_tsw
17:10:00.0 (213858709)|ENTERING_MANAGED_PKG|tdc_tsw
17:10:00.0 (214131719)|ENTERING_MANAGED_PKG|tdc_tsw
17:10:00.0 (214607641)|ENTERING_MANAGED_PKG|tdc_tsw
17:10:00.0 (215844418)|ENTERING_MANAGED_PKG|tdc_tsw
17:10:00.0 (216710319)|ENTERING_MANAGED_PKG|tdc_tsw
17:10:00.0 (216983360)|ENTERING_MANAGED_PKG|tdc_tsw
17:10:00.0 (217433790)|ENTERING_MANAGED_PKG|tdc_tsw
17:10:00.0 (218688435)|ENTERING_MANAGED_PKG|tdc_tsw
17:10:00.0 (219546768)|ENTERING_MANAGED_PKG|tdc_tsw
17:10:00.0 (219817769)|ENTERING_MANAGED_PKG|tdc_tsw
17:10:00.0 (220268243)|ENTERING_MANAGED_PKG|tdc_tsw
17:10:00.0 (221514681)|ENTERING_MANAGED_PKG|tdc_tsw
17:10:00.0 (222371731)|ENTERING_MANAGED_PKG|tdc_tsw
17:10:00.0 (222650158)|ENTERING_MANAGED_PKG|tdc_tsw
17:10:00.0 (223100304)|ENTERING_MANAGED_PKG|tdc_tsw
17:10:00.0 (224572314)|ENTERING_MANAGED_PKG|tdc_tsw
17:10:00.0 (225659571)|ENTERING_MANAGED_PKG|tdc_tsw
17:10:00.0 (225759121)|ENTERING_MANAGED_PKG|tdc_tsw
17:10:00.0 (226394943)|SOQL_EXECUTE_BEGIN|[200]|Aggregations:0|SELECT Name, NamespacePrefix, SystemModStamp FROM StaticResource WHERE Name LIKE :tmpVar1 LIMIT 10
17:10:00.0 (230012887)|SOQL_EXECUTE_END|[200]|Rows:1
17:10:00.0 (230928795)|ENTERING_MANAGED_PKG|tdc_tsw
17:10:00.0 (231339654)|SOQL_EXECUTE_BEGIN|[200]|Aggregations:0|SELECT Name, NamespacePrefix, SystemModStamp FROM StaticResource WHERE Name LIKE :tmpVar1 LIMIT 10
17:10:00.0 (234490560)|SOQL_EXECUTE_END|[200]|Rows:1
17:10:00.0 (234952271)|ENTERING_MANAGED_PKG|tdc_tsw
17:10:00.0 (238926449)|ENTERING_MANAGED_PKG|tdc_tsw
17:10:00.0 (240670439)|ENTERING_MANAGED_PKG|tdc_tsw
17:10:00.0 (240966996)|ENTERING_MANAGED_PKG|tdc_tsw
17:10:00.0 (241867604)|ENTERING_MANAGED_PKG|tdc_tsw
17:10:00.0 (242264189)|SOQL_EXECUTE_BEGIN|[200]|Aggregations:0|SELECT Name, NamespacePrefix, SystemModStamp FROM StaticResource WHERE Name LIKE :tmpVar1 LIMIT 10
17:10:00.0 (247188396)|SOQL_EXECUTE_END|[200]|Rows:1
17:10:00.257 (257068658)|USER_INFO|[EXTERNAL]|0051H000009gxp8|chanida.dev2@solvedbysoftwareco.com|Eastern Standard Time|GMT-05:00
17:10:00.257 (258489051)|ENTERING_MANAGED_PKG|tdc_tsw
17:10:00.257 (258699141)|ENTERING_MANAGED_PKG|tdc_tsw
17:10:00.257 (261261919)|SOQL_EXECUTE_BEGIN|[355]|Aggregations:0|SELECT id, name, Disable_Incoming_SMS_Sharing__c FROM User WHERE id = :tmpVar1
17:10:00.257 (268480847)|SOQL_EXECUTE_END|[355]|Rows:1
17:10:00.257 (269554786)|SOQL_EXECUTE_BEGIN|[367]|Aggregations:0|SELECT CreatedDate,Id,LastModifiedDate,Related_Object_Id__c FROM Message__c WHERE Name = 'Incoming' AND Read__c = false ORDER BY CreatedDate Desc limit 100
17:10:00.257 (279514784)|SOQL_EXECUTE_END|[367]|Rows:100
