44.0 APEX_CODE,FINEST;APEX_PROFILING,INFO;CALLOUT,INFO;DB,INFO;NBA,INFO;SYSTEM,DEBUG;VALIDATION,INFO;VISUALFORCE,INFO;WAVE,INFO;WORKFLOW,INFO
20:57:10.0 (186821)|USER_INFO|[EXTERNAL]|0051H000009gxp8|chanida.dev2@solvedbysoftwareco.com|Eastern Standard Time|GMT-05:00
20:57:10.0 (2703063)|ENTERING_MANAGED_PKG|tdc_tsw
20:57:10.0 (2895186)|ENTERING_MANAGED_PKG|tdc_tsw
20:57:10.0 (3621193)|ENTERING_MANAGED_PKG|tdc_tsw
20:57:10.0 (3670096)|ENTERING_MANAGED_PKG|tdc_tsw
20:57:10.0 (4787281)|ENTERING_MANAGED_PKG|tdc_tsw
20:57:10.0 (5985315)|ENTERING_MANAGED_PKG|tdc_tsw
20:57:10.0 (7628987)|ENTERING_MANAGED_PKG|tdc_tsw
20:57:10.0 (7721664)|ENTERING_MANAGED_PKG|tdc_tsw
20:57:10.0 (9049086)|ENTERING_MANAGED_PKG|tdc_tsw
20:57:10.0 (15247590)|SOQL_EXECUTE_BEGIN|[82]|Aggregations:0|SELECT CreatedDate, Id,Task_Created__c,Event_Created__c,isCaseCreated__c,Task_Id__c,Event_Id__c,Case__c, Important__c, Delivered__c, Message_Text_New__c, Name, Owner.Name, Read__c,MessageId__c, ToNumber__c, Related_Object_Id__c, Related_Object__c, Sender_Number__c, LastModifiedDate, Attachments_Ids__c FROM Message__c WHERE Contact__c =: recordId ORDER BY CreatedDate Desc limit 200
20:57:10.0 (26416513)|SOQL_EXECUTE_END|[82]|Rows:2
20:57:10.0 (27714015)|ENTERING_MANAGED_PKG|tdc_tsw
20:57:10.0 (27999498)|ENTERING_MANAGED_PKG|tdc_tsw
20:57:10.0 (28066882)|ENTERING_MANAGED_PKG|tdc_tsw
20:57:10.0 (28587973)|SOQL_EXECUTE_BEGIN|[200]|Aggregations:0|SELECT Name, NamespacePrefix, SystemModStamp FROM StaticResource WHERE Name LIKE :tmpVar1 LIMIT 10
20:57:10.0 (31630699)|SOQL_EXECUTE_END|[200]|Rows:1
20:57:10.0 (33600346)|ENTERING_MANAGED_PKG|tdc_tsw
20:57:10.0 (35256102)|ENTERING_MANAGED_PKG|tdc_tsw
20:57:10.0 (35302556)|ENTERING_MANAGED_PKG|tdc_tsw
20:57:10.0 (37061079)|ENTERING_MANAGED_PKG|tdc_tsw
20:57:10.0 (37802638)|ENTERING_MANAGED_PKG|tdc_tsw
20:57:10.0 (41651642)|SOQL_EXECUTE_BEGIN|[172]|Aggregations:0|SELECT id, name FROM ChatTranscript__c WHERE (Chat_Active__c = TRUE AND (Related_Object_Id__c = :tmpVar1 OR Related_Object_Id__c = :tmpVar2)) LIMIT 1
20:57:10.0 (44500840)|SOQL_EXECUTE_END|[172]|Rows:0
20:57:10.0 (44838198)|ENTERING_MANAGED_PKG|tdc_tsw
20:57:10.0 (44872694)|ENTERING_MANAGED_PKG|tdc_tsw
