44.0 APEX_CODE,FINEST;APEX_PROFILING,INFO;CALLOUT,INFO;DB,INFO;NBA,INFO;SYSTEM,DEBUG;VALIDATION,INFO;VISUALFORCE,INFO;WAVE,INFO;WORKFLOW,INFO
19:59:11.0 (118681)|USER_INFO|[EXTERNAL]|0051H000009gxp8|chanida.dev2@solvedbysoftwareco.com|Eastern Standard Time|GMT-05:00
19:59:11.0 (2267494)|ENTERING_MANAGED_PKG|tdc_tsw
19:59:11.0 (2418491)|ENTERING_MANAGED_PKG|tdc_tsw
19:59:11.0 (2952764)|ENTERING_MANAGED_PKG|tdc_tsw
19:59:11.0 (2996974)|ENTERING_MANAGED_PKG|tdc_tsw
19:59:11.0 (3762694)|ENTERING_MANAGED_PKG|tdc_tsw
19:59:11.0 (4625938)|ENTERING_MANAGED_PKG|tdc_tsw
19:59:11.0 (6251069)|ENTERING_MANAGED_PKG|tdc_tsw
19:59:11.0 (6325209)|ENTERING_MANAGED_PKG|tdc_tsw
19:59:11.0 (7835018)|ENTERING_MANAGED_PKG|tdc_tsw
19:59:11.0 (14157780)|SOQL_EXECUTE_BEGIN|[82]|Aggregations:0|SELECT CreatedDate, Id,Task_Created__c,Event_Created__c,isCaseCreated__c,Task_Id__c,Event_Id__c,Case__c, Important__c, Delivered__c, Message_Text_New__c, Name, Owner.Name, Read__c,MessageId__c, ToNumber__c, Related_Object_Id__c, Related_Object__c, Sender_Number__c, LastModifiedDate, Attachments_Ids__c FROM Message__c WHERE Contact__c =: recordId ORDER BY CreatedDate Desc limit 200
19:59:11.0 (28463597)|SOQL_EXECUTE_END|[82]|Rows:2
19:59:11.0 (29986073)|ENTERING_MANAGED_PKG|tdc_tsw
19:59:11.0 (30283486)|ENTERING_MANAGED_PKG|tdc_tsw
19:59:11.0 (30366269)|ENTERING_MANAGED_PKG|tdc_tsw
19:59:11.0 (30991364)|SOQL_EXECUTE_BEGIN|[200]|Aggregations:0|SELECT Name, NamespacePrefix, SystemModStamp FROM StaticResource WHERE Name LIKE :tmpVar1 LIMIT 10
19:59:11.0 (33893480)|SOQL_EXECUTE_END|[200]|Rows:1
19:59:11.0 (36037915)|ENTERING_MANAGED_PKG|tdc_tsw
19:59:11.0 (37712408)|ENTERING_MANAGED_PKG|tdc_tsw
19:59:11.0 (37771861)|ENTERING_MANAGED_PKG|tdc_tsw
19:59:11.0 (39653179)|ENTERING_MANAGED_PKG|tdc_tsw
19:59:11.0 (40459725)|ENTERING_MANAGED_PKG|tdc_tsw
19:59:11.0 (45127820)|SOQL_EXECUTE_BEGIN|[172]|Aggregations:0|SELECT id, name FROM ChatTranscript__c WHERE (Chat_Active__c = TRUE AND (Related_Object_Id__c = :tmpVar1 OR Related_Object_Id__c = :tmpVar2)) LIMIT 1
19:59:11.0 (48810723)|SOQL_EXECUTE_END|[172]|Rows:0
19:59:11.0 (49280493)|ENTERING_MANAGED_PKG|tdc_tsw
19:59:11.0 (49323627)|ENTERING_MANAGED_PKG|tdc_tsw
