38.0 APEX_CODE,FINEST;APEX_PROFILING,INFO;CALLOUT,INFO;DB,INFO;NBA,INFO;SYSTEM,DEBUG;VALIDATION,INFO;VISUALFORCE,INFO;WAVE,INFO;WORKFLOW,INFO
22:58:32.3 (3410763)|ENTERING_MANAGED_PKG|tdc_tsw
22:58:32.3 (3787502)|ENTERING_MANAGED_PKG|tdc_tsw
22:58:32.3 (5975642)|SOQL_EXECUTE_BEGIN|[66]|Aggregations:0|SELECT Id FROM Folder WHERE DeveloperName = 'SMS_APP' LIMIT 1
22:58:32.3 (9858717)|SOQL_EXECUTE_END|[66]|Rows:1
22:58:32.3 (10142909)|ENTERING_MANAGED_PKG|tdc_tsw
22:58:32.3 (10990087)|ENTERING_MANAGED_PKG|tdc_tsw
22:58:32.3 (11396074)|ENTERING_MANAGED_PKG|tdc_tsw
22:58:32.3 (36042311)|ENTERING_MANAGED_PKG|tdc_tsw
22:58:32.3 (36110654)|ENTERING_MANAGED_PKG|tdc_tsw
22:58:32.3 (217139866)|SOQL_EXECUTE_BEGIN|[1842]|Aggregations:0|SELECT Id, name FROM RecordType WHERE (sObjectType = :tmpVar1 AND name = :tmpVar2) LIMIT 1
22:58:32.3 (226671842)|SOQL_EXECUTE_END|[1842]|Rows:1
22:58:32.3 (232219300)|ENTERING_MANAGED_PKG|tdc_tsw
22:58:32.3 (276499386)|SOQL_EXECUTE_BEGIN|[275]|Aggregations:0|Select Id, tdc_tsw__account__c, tdc_tsw__campaign__c, tdc_tsw__case__c, tdc_tsw__contact__c, tdc_tsw__lead__c, tdc_tsw__message__c, tdc_tsw__opportunity__c, tdc_tsw__sms_template__c, tdc_tsw__question__c, tdc_tsw__survey_response__c, OwnerId, Related_Object__c,Is_Keyword_Based__c,Sender_Number__c,ToNumber__c, Related_Object_Id__c from Message__c where Name = 'Outgoing' and (Sender_Number__c =: cleantoNumber  OR Sender_Number__c LIKE : toNumberWithoutSymbol )  and (ToNumber__c =: cleanFromNumber  OR ToNumber__c LIKE : fromNumberWithoutSymbol )  Order By CreatedDate Desc Limit 1
22:58:32.3 (284480204)|SOQL_EXECUTE_END|[275]|Rows:1
22:58:32.3 (285569151)|SOQL_EXECUTE_BEGIN|[299]|Aggregations:0|SELECT Id FROM tdc_tsw__Message__c WHERE id =: relatedObjId
22:58:32.3 (288371328)|SOQL_EXECUTE_END|[299]|Rows:1
22:58:32.3 (288614688)|ENTERING_MANAGED_PKG|tdc_tsw
22:58:32.3 (300250301)|SOQL_EXECUTE_BEGIN|[923]|Aggregations:0|SELECT id, isActive FROM User WHERE id = :tmpVar1 LIMIT 1
22:58:32.3 (310035155)|SOQL_EXECUTE_END|[923]|Rows:1
22:58:32.3 (311445447)|ENTERING_MANAGED_PKG|tdc_tsw
22:58:32.3 (315140063)|ENTERING_MANAGED_PKG|tdc_tsw
22:58:32.3 (339547353)|DML_BEGIN|[557]|Op:Insert|Type:tdc_tsw__Message__c|Rows:1
22:58:32.3 (359540447)|ENTERING_MANAGED_PKG|tdc_tsw
22:58:32.361 (361340244)|CUMULATIVE_LIMIT_USAGE
22:58:32.361 (361340244)|LIMIT_USAGE_FOR_NS|(default)|
  Number of SOQL queries: 0 out of 100
  Number of query rows: 0 out of 50000
  Number of SOSL queries: 0 out of 20
  Number of DML statements: 0 out of 150
  Number of DML rows: 0 out of 10000
  Maximum CPU time: 105 out of 10000
  Maximum heap size: 0 out of 6000000
  Number of callouts: 0 out of 100
  Number of Email Invocations: 0 out of 10
  Number of future calls: 0 out of 50
  Number of queueable jobs added to the queue: 0 out of 50
  Number of Mobile Apex push calls: 0 out of 10

22:58:32.361 (361340244)|LIMIT_USAGE_FOR_NS|tdc_tsw|
  Number of SOQL queries: 5 out of 100
  Number of query rows: 5 out of 50000
  Number of SOSL queries: 0 out of 20
  Number of DML statements: 1 out of 150
  Number of DML rows: 1 out of 10000
  Maximum CPU time: 0 out of 10000
  Maximum heap size: 0 out of 6000000
  Number of callouts: 0 out of 100
  Number of Email Invocations: 0 out of 10
  Number of future calls: 0 out of 50
  Number of queueable jobs added to the queue: 0 out of 50
  Number of Mobile Apex push calls: 0 out of 10

22:58:32.361 (361340244)|CUMULATIVE_LIMIT_USAGE_END

22:58:32.365 (365391380)|CODE_UNIT_STARTED|[EXTERNAL]|01q3B000000BSJB|IncomingSMS on Message trigger event BeforeInsert|__sfdc_trigger/IncomingSMS
22:58:32.365 (365455582)|HEAP_ALLOCATE|[EXTERNAL]|Bytes:8
22:58:32.365 (365507625)|HEAP_ALLOCATE|[EXTERNAL]|Bytes:1
22:58:32.365 (365526459)|HEAP_ALLOCATE|[EXTERNAL]|Bytes:4
22:58:32.365 (365543078)|VARIABLE_SCOPE_BEGIN|[1]|this|IncomingSMS|true|false
22:58:32.365 (365632825)|VARIABLE_ASSIGNMENT|[1]|this|{}|0x11f8bfc3
22:58:32.365 (365679890)|HEAP_ALLOCATE|[EXTERNAL]|Bytes:4
22:58:32.365 (365699991)|VARIABLE_SCOPE_BEGIN|[1]|this|IncomingSMS|true|false
22:58:32.365 (365720818)|VARIABLE_ASSIGNMENT|[1]|this|{}|0x11f8bfc3
22:58:32.365 (365732923)|STATEMENT_EXECUTE|[1]
22:58:32.365 (365760641)|STATEMENT_EXECUTE|[2]
22:58:32.365 (365974923)|HEAP_ALLOCATE|[3]|Bytes:5
22:58:32.365 (366009442)|HEAP_ALLOCATE|[3]|Bytes:4
22:58:32.365 (366025454)|VARIABLE_SCOPE_BEGIN|[3]|sms|tdc_tsw__Message__c|true|false
22:58:32.365 (371134554)|VARIABLE_ASSIGNMENT|[3]|sms|{"tdc_tsw__Related_Object__c":"tdc_tsw__Message__c","tdc_tsw__ToNumber__c":"+17065037067","IsDeleted":false,"tdc_tsw__Sender_Number__c":"+13038816946","tdc_tsw__Incoming_Status__c":"Not Read","tdc_tsw__isCaseCreated__c":false,"tdc_tsw__Read__c":false,"tdc_tsw__Message__c":"a173B000000seAGQAY","tdc_tsw__Read_Status__c":"Unread","tdc_tsw__Task_Created__c":false,"tdc_tsw__Related_Object_Id__c":"a173B000000seABQAY","Name":"Incoming","tdc_tsw__Event_Created__c":false,"tdc_tsw__Message_Text_New__c":"Test","tdc_tsw__Is_Keyword_Based__c":false,"OwnerId":"0051H000009gxp8QAA","tdc_tsw__Related_Object_Id_URL__c":"_HL_ENCODED_https:// (97 more) ...","tdc_tsw__isLeadCreated__c":false,"RecordTypeId":"0121H000001Ie7fQAC","tdc_tsw__Delivered_SMS__c":"_IM1_/resource/tdc_t (27 more) ...","tdc_tsw__Important__c":false,"tdc_tsw__Delivered__c":false,"tdc_tsw__Delivery_Status__c":"Sent"}|0x58946673
22:58:32.365 (371176866)|STATEMENT_EXECUTE|[3]
22:58:32.365 (371338004)|HEAP_ALLOCATE|[4]|Bytes:1
22:58:32.365 (371361077)|STATEMENT_EXECUTE|[4]
22:58:32.365 (371389197)|HEAP_ALLOCATE|[3]|Bytes:5
22:58:32.365 (371415690)|VARIABLE_ASSIGNMENT|[3]|sms|null|
22:58:32.371 (371436394)|CUMULATIVE_LIMIT_USAGE
22:58:32.371 (371436394)|LIMIT_USAGE_FOR_NS|(default)|
  Number of SOQL queries: 0 out of 100
  Number of query rows: 0 out of 50000
  Number of SOSL queries: 0 out of 20
  Number of DML statements: 0 out of 150
  Number of DML rows: 0 out of 10000
  Maximum CPU time: 105 out of 10000
  Maximum heap size: 0 out of 6000000
  Number of callouts: 0 out of 100
  Number of Email Invocations: 0 out of 10
  Number of future calls: 0 out of 50
  Number of queueable jobs added to the queue: 0 out of 50
  Number of Mobile Apex push calls: 0 out of 10

22:58:32.371 (371436394)|LIMIT_USAGE_FOR_NS|tdc_tsw|
  Number of SOQL queries: 5 out of 100
  Number of query rows: 5 out of 50000
  Number of SOSL queries: 0 out of 20
  Number of DML statements: 1 out of 150
  Number of DML rows: 1 out of 10000
  Maximum CPU time: 0 out of 10000
  Maximum heap size: 0 out of 6000000
  Number of callouts: 0 out of 100
  Number of Email Invocations: 0 out of 10
  Number of future calls: 0 out of 50
  Number of queueable jobs added to the queue: 0 out of 50
  Number of Mobile Apex push calls: 0 out of 10

22:58:32.371 (371436394)|CUMULATIVE_LIMIT_USAGE_END

22:58:32.3 (427797371)|ENTERING_MANAGED_PKG|tdc_tsw
22:58:32.3 (431930981)|ENTERING_MANAGED_PKG|tdc_tsw
22:58:32.3 (432670063)|ENTERING_MANAGED_PKG|tdc_tsw
22:58:32.3 (432857078)|ENTERING_MANAGED_PKG|tdc_tsw
22:58:32.3 (437527244)|SOQL_EXECUTE_BEGIN|[15]|Aggregations:0|SELECT Id, Email FROM User WHERE isActive = TRUE LIMIT 10000
22:58:32.3 (444652141)|SOQL_EXECUTE_END|[15]|Rows:9
22:58:32.3 (446561239)|SOQL_EXECUTE_BEGIN|[42]|Aggregations:0|SELECT Id, Sender_Name__c, Sender_Number__c FROM Message__c WHERE id = :tmpVar1
22:58:32.3 (450031136)|SOQL_EXECUTE_END|[42]|Rows:1
22:58:32.3 (453156743)|SOQL_EXECUTE_BEGIN|[70]|Aggregations:0|select Name from tdc_tsw__Message__c where id = 'a173B000000seABQAY'
22:58:32.3 (457909570)|SOQL_EXECUTE_END|[70]|Rows:1
22:58:32.3 (459222392)|DML_BEGIN|[97]|Op:Update|Type:tdc_tsw__Message__c|Rows:1
22:58:32.3 (496312987)|DML_END|[97]
22:58:32.3 (501676345)|SOQL_EXECUTE_BEGIN|[236]|Aggregations:0|SELECT id, subject, developername, htmlValue, body FROM EmailTemplate WHERE developername = 'Incoming_Message_Alert' LIMIT 1
22:58:32.3 (579978560)|SOQL_EXECUTE_END|[236]|Rows:1
22:58:32.3 (585423478)|ENTERING_MANAGED_PKG|tdc_tsw
22:58:32.3 (585517690)|ENTERING_MANAGED_PKG|tdc_tsw
22:58:32.3 (619157692)|SOQL_EXECUTE_BEGIN|[758]|Aggregations:0|select tdc_tsw__ToNumber__c, tdc_tsw__Sender_Number__c, tdc_tsw__Sender_Name__c, Id, tdc_tsw__Related_Object_Id_URL__c, tdc_tsw__Message_Text_New__c from tdc_tsw__Message__c where id ='a173B000000seAQQAY' Limit 1
22:58:32.3 (629390218)|SOQL_EXECUTE_END|[758]|Rows:1
22:58:32.3 (630826187)|ENTERING_MANAGED_PKG|tdc_tsw
22:58:32.3 (631862503)|ENTERING_MANAGED_PKG|tdc_tsw
22:58:32.3 (632607998)|ENTERING_MANAGED_PKG|tdc_tsw
22:58:32.3 (633356772)|ENTERING_MANAGED_PKG|tdc_tsw
22:58:32.3 (634130089)|ENTERING_MANAGED_PKG|tdc_tsw
22:58:32.3 (634974993)|ENTERING_MANAGED_PKG|tdc_tsw
22:58:32.3 (635690661)|ENTERING_MANAGED_PKG|tdc_tsw
22:58:32.3 (665151464)|SOQL_EXECUTE_BEGIN|[758]|Aggregations:0|select tdc_tsw__ToNumber__c, tdc_tsw__Sender_Number__c, tdc_tsw__Sender_Name__c, tdc_tsw__Related_Object_Id_URL__c, tdc_tsw__Message_Text_New__c from tdc_tsw__Message__c where id ='a173B000000seAQQAY' Limit 1
22:58:32.3 (675759019)|SOQL_EXECUTE_END|[758]|Rows:1
22:58:32.3 (676993934)|ENTERING_MANAGED_PKG|tdc_tsw
22:58:32.3 (678219233)|ENTERING_MANAGED_PKG|tdc_tsw
22:58:32.3 (679345313)|ENTERING_MANAGED_PKG|tdc_tsw
22:58:32.3 (680425776)|ENTERING_MANAGED_PKG|tdc_tsw
22:58:32.3 (681642444)|ENTERING_MANAGED_PKG|tdc_tsw
22:58:32.3 (683139152)|SOQL_EXECUTE_BEGIN|[248]|Aggregations:0|SELECT Id, IsSandbox, Name FROM Organization LIMIT 1
22:58:32.3 (688608197)|SOQL_EXECUTE_END|[248]|Rows:1
22:58:32.3 (690207884)|ENTERING_MANAGED_PKG|tdc_tsw
22:58:32.3 (711291572)|SOQL_EXECUTE_BEGIN|[434]|Aggregations:0|SELECT id, name, First_Question__c, Question_Text__c, Question__c, Question_Label__c, Object__c, tdc_tsw__Survey__c, Survey__r.name FROM Question__c WHERE id = :tmpVar1
22:58:32.3 (715951613)|SOQL_EXECUTE_END|[434]|Rows:0
22:58:32.3 (716909584)|ENTERING_MANAGED_PKG|tdc_tsw
22:58:32.3 (725466365)|SOQL_EXECUTE_BEGIN|[628]|Aggregations:0|Select id, leadId, contactId from CampaignMember where Id In : Ids
22:58:32.3 (728727367)|SOQL_EXECUTE_END|[628]|Rows:0
22:58:32.729 (729799994)|CUMULATIVE_LIMIT_USAGE
22:58:32.729 (729799994)|LIMIT_USAGE_FOR_NS|(default)|
  Number of SOQL queries: 0 out of 100
  Number of query rows: 0 out of 50000
  Number of SOSL queries: 0 out of 20
  Number of DML statements: 0 out of 150
  Number of DML rows: 0 out of 10000
  Maximum CPU time: 278 out of 10000
  Maximum heap size: 0 out of 6000000
  Number of callouts: 0 out of 100
  Number of Email Invocations: 0 out of 10
  Number of future calls: 0 out of 50
  Number of queueable jobs added to the queue: 0 out of 50
  Number of Mobile Apex push calls: 0 out of 10

22:58:32.729 (729799994)|LIMIT_USAGE_FOR_NS|tdc_tsw|
  Number of SOQL queries: 14 out of 100
  Number of query rows: 20 out of 50000
  Number of SOSL queries: 0 out of 20
  Number of DML statements: 2 out of 150
  Number of DML rows: 2 out of 10000
  Maximum CPU time: 0 out of 10000
  Maximum heap size: 0 out of 6000000
  Number of callouts: 0 out of 100
  Number of Email Invocations: 0 out of 10
  Number of future calls: 0 out of 50
  Number of queueable jobs added to the queue: 0 out of 50
  Number of Mobile Apex push calls: 0 out of 10

22:58:32.729 (729799994)|CUMULATIVE_LIMIT_USAGE_END

22:58:33.14 (1014011509)|PUSH_TRACE_FLAGS|[EXTERNAL]|01p3B000001izES|PhoneMatcher|APEX_CODE,FINEST;APEX_PROFILING,INFO;CALLOUT,INFO;DB,INFO;NBA,INFO;SYSTEM,DEBUG;VALIDATION,INFO;VISUALFORCE,INFO;WAVE,INFO;WORKFLOW,INFO
22:58:33.14 (1014189170)|CODE_UNIT_STARTED|[EXTERNAL]|01p3B000001izES|PhoneMatcher.MatchContactOnPhoneNunber(List<tdc_tsw__Message__c>)
22:58:33.14 (1014257960)|HEAP_ALLOCATE|[EXTERNAL]|Bytes:8
22:58:33.14 (1014348544)|HEAP_ALLOCATE|[EXTERNAL]|Bytes:1
22:58:33.14 (1014381570)|METHOD_ENTRY|[5]|01p3B000001izES|PhoneMatcher.PhoneMatcher()
22:58:33.14 (1014392367)|STATEMENT_EXECUTE|[5]
22:58:33.14 (1014400130)|STATEMENT_EXECUTE|[5]
22:58:33.14 (1014410763)|METHOD_EXIT|[5]|PhoneMatcher
22:58:33.14 (1014467868)|HEAP_ALLOCATE|[EXTERNAL]|Bytes:8
22:58:33.14 (1014489327)|VARIABLE_SCOPE_BEGIN|[8]|messages|List<tdc_tsw__Message__c>|true|false
22:58:33.14 (1016754696)|VARIABLE_ASSIGNMENT|[8]|messages|[{"LastModifiedDate":"2019-01-22T03:58:33.000Z","tdc_tsw__ToNumber__c":"+17065037067","tdc_tsw__Sender_Number__c":"+13038816946","tdc_tsw__Read__c":false,"tdc_tsw__Read_Status__c":"Unread","tdc_tsw__Task_Created__c":false,"Name":"Incoming","tdc_tsw__Event_Created__c":false,"tdc_tsw__Message_Text_New__c":"Test","tdc_tsw__Created_Date__c":"2019-01-22T03:58:32.000Z","CreatedById":"0051H000009gxp8QAA","tdc_tsw__Is_Keyword_Based__c":false,"OwnerId":"0051H000009gxp8QAA","tdc_tsw__Related_Object_Id_URL__c":"_HL_ENCODED_https:// (97 more) ...","RecordTypeId":"0121H000001Ie7fQAC","tdc_tsw__Delivered_SMS__c":"_IM1_/resource/tdc_t (27 more) ...","tdc_tsw__Important__c":false,"tdc_tsw__Delivered__c":false,"tdc_tsw__Related_Object__c":"tdc_tsw__Message__c","IsDeleted":false,"tdc_tsw__Incoming_Status__c":"Not Read","tdc_tsw__isCaseCreated__c":false,"tdc_tsw__Message__c":"a173B000000seAGQAY","tdc_tsw__Related_Object_Id__c":"a173B000000seABQAY","SystemModstamp":"2019-01-22T03:58:33.000Z","tdc_tsw__Sender_Name__c":"Incoming","tdc_tsw__isLeadCreated__c":false,"CreatedDate":"2019-01-22T03:58:32.000Z","Id":"a173B000000seAQQAY","LastModifiedById":"0051H000009gxp8QAA","tdc_tsw__Delivery_Status__c":"Sent"}]|0x402add42
22:58:33.14 (1016804388)|STATEMENT_EXECUTE|[8]
22:58:33.14 (1016807001)|STATEMENT_EXECUTE|[9]
22:58:33.14 (1016891526)|HEAP_ALLOCATE|[9]|Bytes:4
22:58:33.14 (1017002061)|VARIABLE_SCOPE_BEGIN|[9]|results|List<LookupResult__c>|true|false
22:58:33.14 (1017023028)|HEAP_ALLOCATE|[EXTERNAL]|Bytes:4
22:58:33.14 (1017038463)|VARIABLE_ASSIGNMENT|[9]|results|[]|0x78f8bc3d
22:58:33.14 (1017050045)|STATEMENT_EXECUTE|[10]
22:58:33.14 (1017132327)|HEAP_ALLOCATE|[10]|Bytes:4
22:58:33.14 (1017272259)|VARIABLE_SCOPE_BEGIN|[10]|template|tdc_tsw__Message_Template__c|true|false
22:58:33.14 (1017301059)|VARIABLE_ASSIGNMENT|[10]|template|{}|0x435b19ce
22:58:33.14 (1017311988)|STATEMENT_EXECUTE|[11]
22:58:33.14 (1017414520)|HEAP_ALLOCATE|[11]|Bytes:18
22:58:33.14 (1017549153)|VARIABLE_ASSIGNMENT|[11]|this.Name|"a173B000000seAQQAY"|0x435b19ce
22:58:33.14 (1017563505)|STATEMENT_EXECUTE|[12]
22:58:33.14 (1017571299)|VARIABLE_SCOPE_BEGIN|[12]|authorized|Boolean|false|false
22:58:33.14 (1017592362)|HEAP_ALLOCATE|[12]|Bytes:5
22:58:33.14 (1017604680)|VARIABLE_ASSIGNMENT|[12]|authorized|false
22:58:33.14 (1017615076)|STATEMENT_EXECUTE|[13]
22:58:33.14 (1017621548)|VARIABLE_SCOPE_BEGIN|[13]|requestingNumber|String|false|false
22:58:33.14 (1017639929)|VARIABLE_ASSIGNMENT|[13]|requestingNumber|""
22:58:33.14 (1017647265)|STATEMENT_EXECUTE|[14]
22:58:33.14 (1017656328)|HEAP_ALLOCATE|[14]|Bytes:18
22:58:33.14 (1017671800)|HEAP_ALLOCATE|[14]|Bytes:4
22:58:33.14 (1017682204)|VARIABLE_SCOPE_BEGIN|[14]|responseTemplateId|Id|false|false
22:58:33.14 (1017955878)|VARIABLE_ASSIGNMENT|[14]|responseTemplateId|"a1K3B000001eOHPUA2"
22:58:33.14 (1017968082)|STATEMENT_EXECUTE|[15]
22:58:33.14 (1018072117)|VARIABLE_ASSIGNMENT|[15]|requestingNumber|"+13038816946"
22:58:33.14 (1018090423)|STATEMENT_EXECUTE|[16]
22:58:33.14 (1018093660)|STATEMENT_EXECUTE|[17]
22:58:33.14 (1018180259)|HEAP_ALLOCATE|[17]|Bytes:11
22:58:33.14 (1018212622)|VARIABLE_ASSIGNMENT|[17]|requestingNumber|"13038816946"
22:58:33.14 (1018223179)|STATEMENT_EXECUTE|[18]
22:58:33.14 (1018297378)|HEAP_ALLOCATE|[18]|Bytes:10
22:58:33.14 (1018328994)|VARIABLE_ASSIGNMENT|[18]|requestingNumber|"3038816946"
22:58:33.14 (1018340131)|STATEMENT_EXECUTE|[21]
22:58:33.14 (1018346347)|HEAP_ALLOCATE|[21]|Bytes:144
22:58:33.14 (1018368492)|HEAP_ALLOCATE|[21]|Bytes:4
22:58:33.14 (1036768800)|SOQL_EXECUTE_BEGIN|[21]|Aggregations:0|SELECT ID, SMS_Lookup_Access__c FROM Contact WHERE ((PhoneNumeric__c = :tmpVar1 OR MobileNumeric__c = :tmpVar2) AND SMS_Lookup_Access__c = TRUE)
22:58:33.14 (1042419375)|SOQL_EXECUTE_END|[21]|Rows:1
22:58:33.14 (1042469839)|HEAP_ALLOCATE|[21]|Bytes:8
22:58:33.14 (1042496641)|HEAP_ALLOCATE|[21]|Bytes:57
22:58:33.14 (1042626699)|HEAP_ALLOCATE|[21]|Bytes:8
22:58:33.14 (1042660164)|VARIABLE_SCOPE_BEGIN|[21]|requestingContacts|List<Contact>|true|false
22:58:33.14 (1042730850)|VARIABLE_ASSIGNMENT|[21]|requestingContacts|[{"Id":"0033B00000Q9yz1QAB","SMS_Lookup_Access__c":true}]|0x33694425
22:58:33.14 (1042745997)|STATEMENT_EXECUTE|[24]
22:58:33.14 (1042757799)|HEAP_ALLOCATE|[24]|Bytes:71
22:58:33.14 (1042786519)|HEAP_ALLOCATE|[24]|Bytes:4
22:58:33.14 (1043457288)|SOQL_EXECUTE_BEGIN|[24]|Aggregations:0|SELECT ResponseTemplate__c FROM tdc_tsw__Message__c WHERE ID = :tmpVar1
22:58:33.14 (1046916979)|SOQL_EXECUTE_END|[24]|Rows:1
22:58:33.14 (1046953821)|HEAP_ALLOCATE|[24]|Bytes:8
22:58:33.14 (1046972505)|HEAP_ALLOCATE|[24]|Bytes:29
22:58:33.14 (1047020478)|HEAP_ALLOCATE|[24]|Bytes:8
22:58:33.14 (1047064319)|HEAP_ALLOCATE|[24]|Bytes:8
22:58:33.14 (1047080392)|VARIABLE_SCOPE_BEGIN|[24]|updateSMS|tdc_tsw__Message__c|true|false
22:58:33.14 (1047110842)|VARIABLE_ASSIGNMENT|[24]|updateSMS|{"Id":"a173B000000seAQQAY"}|0x7b62c38b
22:58:33.14 (1047214848)|STATEMENT_EXECUTE|[29]
22:58:33.14 (1047219121)|STATEMENT_EXECUTE|[30]
22:58:33.14 (1047225376)|VARIABLE_SCOPE_BEGIN|[30]|counter|Integer|false|false
22:58:33.14 (1047239530)|HEAP_ALLOCATE|[30]|Bytes:4
22:58:33.14 (1047253004)|VARIABLE_ASSIGNMENT|[30]|counter|1
22:58:33.14 (1047260164)|STATEMENT_EXECUTE|[31]
22:58:33.14 (1047300132)|HEAP_ALLOCATE|[31]|Bytes:6
22:58:33.14 (1047312893)|VARIABLE_SCOPE_BEGIN|[31]|inMessage|String|false|false
22:58:33.14 (1047331691)|VARIABLE_ASSIGNMENT|[31]|inMessage|"%Test%"
22:58:33.14 (1047339514)|STATEMENT_EXECUTE|[32]
22:58:33.14 (1047344021)|VARIABLE_SCOPE_BEGIN|[32]|outMessage|String|false|false
22:58:33.14 (1047359047)|VARIABLE_ASSIGNMENT|[32]|outMessage|""
22:58:33.14 (1047365476)|STATEMENT_EXECUTE|[33]
22:58:33.14 (1047368442)|VARIABLE_SCOPE_BEGIN|[33]|phoneWithPrefix|String|false|false
22:58:33.14 (1047381574)|VARIABLE_ASSIGNMENT|[33]|phoneWithPrefix|""
22:58:33.14 (1047390047)|STATEMENT_EXECUTE|[34]
22:58:33.14 (1047393185)|VARIABLE_SCOPE_BEGIN|[34]|phone|String|false|false
22:58:33.14 (1047405874)|VARIABLE_ASSIGNMENT|[34]|phone|""
22:58:33.14 (1047412622)|STATEMENT_EXECUTE|[35]
22:58:33.14 (1047417498)|VARIABLE_SCOPE_BEGIN|[35]|key|Integer|false|false
22:58:33.14 (1047427807)|HEAP_ALLOCATE|[35]|Bytes:4
22:58:33.14 (1047437064)|VARIABLE_ASSIGNMENT|[35]|key|0
22:58:33.14 (1047443935)|STATEMENT_EXECUTE|[36]
22:58:33.14 (1047463744)|HEAP_ALLOCATE|[36]|Bytes:4
22:58:33.14 (1047502035)|VARIABLE_SCOPE_BEGIN|[36]|lookupResult|List<LookupResult__c>|true|false
22:58:33.14 (1047519200)|HEAP_ALLOCATE|[EXTERNAL]|Bytes:4
22:58:33.14 (1047533091)|VARIABLE_ASSIGNMENT|[36]|lookupResult|[]|0x66f23476
22:58:33.14 (1047711749)|STATEMENT_EXECUTE|[37]
22:58:33.14 (1047715314)|STATEMENT_EXECUTE|[38]
22:58:33.14 (1047716912)|STATEMENT_EXECUTE|[38]
22:58:33.14 (1047718483)|STATEMENT_EXECUTE|[39]
22:58:33.14 (1048134690)|HEAP_ALLOCATE|[39]|Bytes:25
22:58:33.14 (1048201957)|VARIABLE_SCOPE_BEGIN|[40]|ex|Exception|true|false
22:58:33.14 (1048304124)|VARIABLE_ASSIGNMENT|[40]|ex|"common.apex.runtime.impl.ExecutionException: Invalid integer: Test"|0x379ea6eb
22:58:33.14 (1048316704)|STATEMENT_EXECUTE|[40]
22:58:33.14 (1048320197)|STATEMENT_EXECUTE|[43]
22:58:33.14 (1048326933)|HEAP_ALLOCATE|[43]|Bytes:103
22:58:33.14 (1048351127)|HEAP_ALLOCATE|[43]|Bytes:4
22:58:33.14 (1048467259)|HEAP_ALLOCATE|[43]|Bytes:4
22:58:33.14 (1058580948)|SOQL_EXECUTE_BEGIN|[43]|Aggregations:0|SELECT Key__C, ObjectId__c FROM LookupResult__c WHERE (SMS_History__c = :tmpVar1 AND Key__c = :tmpVar2)
22:58:33.14 (1085861192)|SOQL_EXECUTE_END|[43]|Rows:0
22:58:33.14 (1085938656)|HEAP_ALLOCATE|[43]|Bytes:4
22:58:33.14 (1085969217)|HEAP_ALLOCATE|[43]|Bytes:0
22:58:33.14 (1086056225)|HEAP_ALLOCATE|[43]|Bytes:4
22:58:33.14 (1086115838)|VARIABLE_ASSIGNMENT|[43]|lookupResult|[]|0x274c777b
22:58:33.14 (1086216666)|STATEMENT_EXECUTE|[47]
22:58:33.14 (1086253556)|STATEMENT_EXECUTE|[52]
22:58:33.14 (1086257763)|STATEMENT_EXECUTE|[53]
22:58:33.14 (1086295408)|HEAP_ALLOCATE|[53]|Bytes:18
22:58:33.14 (1086605017)|HEAP_ALLOCATE|[53]|Bytes:-4
22:58:33.14 (1086644532)|VARIABLE_ASSIGNMENT|[53]|this.tdc_tsw__Related_Object_Id__c|"a173B000000seAQQAY"|0x7b62c38b
22:58:33.14 (1086659171)|STATEMENT_EXECUTE|[54]
22:58:33.14 (1086679380)|VARIABLE_ASSIGNMENT|[54]|responseTemplateId|null
22:58:33.14 (1086735985)|STATEMENT_EXECUTE|[55]
22:58:33.14 (1086743082)|STATEMENT_EXECUTE|[56]
22:58:33.14 (1086839853)|HEAP_ALLOCATE|[56]|Bytes:4
22:58:33.14 (1086880337)|VARIABLE_ASSIGNMENT|[56]|phone|"Test"
22:58:33.14 (1086893728)|STATEMENT_EXECUTE|[57]
22:58:33.14 (1086962218)|HEAP_ALLOCATE|[57]|Bytes:4
22:58:33.14 (1086999622)|HEAP_ALLOCATE|[57]|Bytes:5
22:58:33.14 (1087018813)|VARIABLE_ASSIGNMENT|[57]|phoneWithPrefix|"1Test"
22:58:33.14 (1087033915)|STATEMENT_EXECUTE|[59]
22:58:33.14 (1087040354)|HEAP_ALLOCATE|[59]|Bytes:61
22:58:33.14 (1087097102)|HEAP_ALLOCATE|[59]|Bytes:4
22:58:33.14 (1087583575)|SOQL_EXECUTE_BEGIN|[59]|Aggregations:0|SELECT Name, Sent_Us__c FROM Account WHERE Name LIKE :tmpVar1
22:58:33.14 (1131816189)|SOQL_EXECUTE_END|[59]|Rows:0
22:58:33.14 (1131890052)|HEAP_ALLOCATE|[59]|Bytes:4
22:58:33.14 (1131914406)|HEAP_ALLOCATE|[59]|Bytes:0
22:58:33.14 (1132053896)|HEAP_ALLOCATE|[59]|Bytes:4
22:58:33.14 (1132088569)|VARIABLE_SCOPE_BEGIN|[59]|accounts|List<Account>|true|false
22:58:33.14 (1132127777)|VARIABLE_ASSIGNMENT|[59]|accounts|[]|0x24e18145
22:58:33.14 (1132374262)|HEAP_ALLOCATE|[62]|Bytes:5
22:58:33.14 (1132421730)|VARIABLE_ASSIGNMENT|[62]|account|null|
22:58:33.14 (1132437261)|STATEMENT_EXECUTE|[62]
22:58:33.14 (1132440027)|STATEMENT_EXECUTE|[77]
22:58:33.14 (1132448824)|HEAP_ALLOCATE|[77]|Bytes:215
22:58:33.14 (1132477992)|HEAP_ALLOCATE|[77]|Bytes:4
22:58:33.14 (1132514782)|HEAP_ALLOCATE|[77]|Bytes:7
22:58:33.14 (1132527219)|HEAP_ALLOCATE|[77]|Bytes:7
22:58:33.14 (1132539905)|HEAP_ALLOCATE|[77]|Bytes:7
22:58:33.14 (1133134255)|SOQL_EXECUTE_BEGIN|[77]|Aggregations:0|SELECT ID, Phone, MobilePhone, Name, Email, AccountId FROM Contact WHERE (PhoneNumeric__c = :tmpVar1 OR MobileNumeric__c = :tmpVar2 OR PhoneNumeric__c = :tmpVar3 OR MobileNumeric__c = :tmpVar4 OR Name LIKE :tmpVar5)
22:58:33.14 (1157379305)|SOQL_EXECUTE_END|[77]|Rows:0
22:58:33.14 (1157444716)|HEAP_ALLOCATE|[77]|Bytes:4
22:58:33.14 (1157470817)|HEAP_ALLOCATE|[77]|Bytes:0
22:58:33.14 (1157545595)|HEAP_ALLOCATE|[77]|Bytes:4
22:58:33.14 (1157579603)|VARIABLE_SCOPE_BEGIN|[77]|contacts|List<Contact>|true|false
22:58:33.14 (1157619972)|VARIABLE_ASSIGNMENT|[77]|contacts|[]|0x374c236b
22:58:33.14 (1157708074)|STATEMENT_EXECUTE|[82]
22:58:33.14 (1157781446)|STATEMENT_EXECUTE|[99]
22:58:33.14 (1157784936)|STATEMENT_EXECUTE|[102]
22:58:33.14 (1157794639)|HEAP_ALLOCATE|[102]|Bytes:201
22:58:33.14 (1157827473)|HEAP_ALLOCATE|[102]|Bytes:4
22:58:33.14 (1177542604)|SOQL_EXECUTE_BEGIN|[102]|Aggregations:0|SELECT ID, Phone, MobilePhone, Name, Email FROM Lead WHERE (PhoneNumeric__c = :tmpVar1 OR MobileNumeric__c = :tmpVar2 OR PhoneNumeric__c = :tmpVar3 OR MobileNumeric__c = :tmpVar4 OR Name LIKE :tmpVar5)
22:58:33.14 (1204770232)|SOQL_EXECUTE_END|[102]|Rows:2
22:58:33.14 (1204850622)|HEAP_ALLOCATE|[102]|Bytes:12
22:58:33.14 (1204896147)|HEAP_ALLOCATE|[102]|Bytes:121
22:58:33.14 (1205070894)|HEAP_ALLOCATE|[102]|Bytes:12
22:58:33.14 (1205126370)|VARIABLE_SCOPE_BEGIN|[102]|leads|List<Lead>|true|false
22:58:33.14 (1205211609)|VARIABLE_ASSIGNMENT|[102]|leads|[{"Id":"00Q3B000005aQ27UAE","Phone":"3038816946","Name":"Test2"},{"Id":"00Q3B000005aQ22UAE","Phone":"3038816946","Name":"Test"}]|0x5e2ed639
22:58:33.14 (1205375757)|STATEMENT_EXECUTE|[107]
22:58:33.14 (1205595854)|HEAP_ALLOCATE|[108]|Bytes:5
22:58:33.14 (1205670856)|HEAP_ALLOCATE|[108]|Bytes:16
22:58:33.14 (1205705682)|VARIABLE_SCOPE_BEGIN|[108]|lead|Lead|true|false
22:58:33.14 (1205750543)|VARIABLE_ASSIGNMENT|[108]|lead|{"Id":"00Q3B000005aQ27UAE","Phone":"3038816946","Name":"Test2"}|0x7ec6c138
22:58:33.14 (1205770148)|STATEMENT_EXECUTE|[108]
22:58:33.14 (1205773562)|STATEMENT_EXECUTE|[109]
22:58:33.14 (1205836969)|VARIABLE_SCOPE_BEGIN|[109]|lPhone|String|false|false
22:58:33.14 (1205861513)|VARIABLE_ASSIGNMENT|[109]|lPhone|"3038816946"
22:58:33.14 (1205868901)|STATEMENT_EXECUTE|[110]
22:58:33.14 (1205878920)|VARIABLE_SCOPE_BEGIN|[110]|lMobilePhone|String|false|false
22:58:33.14 (1205894753)|VARIABLE_ASSIGNMENT|[110]|lMobilePhone|""
22:58:33.14 (1205901417)|STATEMENT_EXECUTE|[111]
22:58:33.14 (1205907966)|HEAP_ALLOCATE|[111]|Bytes:12
22:58:33.14 (1205943580)|HEAP_ALLOCATE|[111]|Bytes:8
22:58:33.14 (1205953869)|HEAP_ALLOCATE|[111]|Bytes:9
22:58:33.14 (1205972691)|HEAP_ALLOCATE|[111]|Bytes:44
22:58:33.14 (1205981331)|HEAP_ALLOCATE|[111]|Bytes:8
22:58:33.14 (1205994769)|HEAP_ALLOCATE|[111]|Bytes:12
22:58:33.14 (1206002560)|HEAP_ALLOCATE|[111]|Bytes:56
22:58:33.14 (1206012346)|HEAP_ALLOCATE|[111]|Bytes:56
22:58:33.14 (1206030671)|VARIABLE_ASSIGNMENT|[111]|outMessage|"\nLead\nName: Test2\nPh (36 more) ..."
22:58:33.14 (1206040512)|STATEMENT_EXECUTE|[112]
22:58:33.14 (1206084842)|HEAP_ALLOCATE|[112]|Bytes:4
22:58:33.14 (1206368335)|VARIABLE_ASSIGNMENT|[112]|this.SMS_History__c|"a173B000000seAQQAY"|0x56f15fc7
22:58:33.14 (1206539591)|VARIABLE_ASSIGNMENT|[112]|this.SMS_Template__c|null|0x56f15fc7
22:58:33.14 (1206616128)|HEAP_ALLOCATE|[112]|Bytes:28
22:58:33.14 (1206634534)|HEAP_ALLOCATE|[112]|Bytes:28
22:58:33.14 (1206705004)|VARIABLE_ASSIGNMENT|[112]|this.Key__c|1|0x56f15fc7
22:58:33.14 (1206751509)|HEAP_ALLOCATE|[112]|Bytes:18
22:58:33.14 (1206794453)|VARIABLE_ASSIGNMENT|[112]|this.ObjectId__c|"00Q3B000005aQ27UAE"|0x56f15fc7
22:58:33.14 (1206847982)|VARIABLE_ASSIGNMENT|[112]|this.Name|"Test2"|0x56f15fc7
22:58:33.14 (1206937768)|HEAP_ALLOCATE|[EXTERNAL]|Bytes:4
22:58:33.14 (1206954702)|STATEMENT_EXECUTE|[113]
22:58:33.14 (1206959755)|HEAP_ALLOCATE|[113]|Bytes:4
22:58:33.14 (1206975691)|VARIABLE_ASSIGNMENT|[113]|counter|2
22:58:33.14 (1206996491)|HEAP_ALLOCATE|[108]|Bytes:5
22:58:33.14 (1207017179)|HEAP_ALLOCATE|[108]|Bytes:16
22:58:33.14 (1207032339)|VARIABLE_SCOPE_BEGIN|[108]|lead|Lead|true|false
22:58:33.14 (1207057327)|VARIABLE_ASSIGNMENT|[108]|lead|{"Id":"00Q3B000005aQ22UAE","Phone":"3038816946","Name":"Test"}|0x2246ecf7
22:58:33.14 (1207068795)|STATEMENT_EXECUTE|[108]
22:58:33.14 (1207070636)|STATEMENT_EXECUTE|[109]
22:58:33.14 (1207085826)|VARIABLE_SCOPE_BEGIN|[109]|lPhone|String|false|false
22:58:33.14 (1207101916)|VARIABLE_ASSIGNMENT|[109]|lPhone|"3038816946"
22:58:33.14 (1207109778)|STATEMENT_EXECUTE|[110]
22:58:33.14 (1207116422)|VARIABLE_SCOPE_BEGIN|[110]|lMobilePhone|String|false|false
22:58:33.14 (1207130788)|VARIABLE_ASSIGNMENT|[110]|lMobilePhone|""
22:58:33.14 (1207137696)|STATEMENT_EXECUTE|[111]
22:58:33.14 (1207150446)|HEAP_ALLOCATE|[111]|Bytes:43
22:58:33.14 (1207161888)|HEAP_ALLOCATE|[111]|Bytes:12
22:58:33.14 (1207170794)|HEAP_ALLOCATE|[111]|Bytes:55
22:58:33.14 (1207178672)|HEAP_ALLOCATE|[111]|Bytes:111
22:58:33.14 (1207193244)|VARIABLE_ASSIGNMENT|[111]|outMessage|"\nLead\nName: Test2\nPh (91 more) ..."
22:58:33.14 (1207199541)|STATEMENT_EXECUTE|[112]
22:58:33.14 (1207226485)|HEAP_ALLOCATE|[112]|Bytes:4
22:58:33.14 (1207339444)|VARIABLE_ASSIGNMENT|[112]|this.SMS_History__c|"a173B000000seAQQAY"|0x7a676cd4
22:58:33.14 (1207429148)|VARIABLE_ASSIGNMENT|[112]|this.SMS_Template__c|null|0x7a676cd4
22:58:33.14 (1207453668)|HEAP_ALLOCATE|[112]|Bytes:28
22:58:33.14 (1207462421)|HEAP_ALLOCATE|[112]|Bytes:28
22:58:33.14 (1207497790)|VARIABLE_ASSIGNMENT|[112]|this.Key__c|2|0x7a676cd4
22:58:33.14 (1207520755)|HEAP_ALLOCATE|[112]|Bytes:18
22:58:33.14 (1207556125)|VARIABLE_ASSIGNMENT|[112]|this.ObjectId__c|"00Q3B000005aQ22UAE"|0x7a676cd4
22:58:33.14 (1207599471)|VARIABLE_ASSIGNMENT|[112]|this.Name|"Test"|0x7a676cd4
22:58:33.14 (1207627402)|HEAP_ALLOCATE|[EXTERNAL]|Bytes:4
22:58:33.14 (1207637362)|STATEMENT_EXECUTE|[113]
22:58:33.14 (1207642134)|HEAP_ALLOCATE|[113]|Bytes:4
22:58:33.14 (1207653543)|VARIABLE_ASSIGNMENT|[113]|counter|3
22:58:33.14 (1207686954)|HEAP_ALLOCATE|[108]|Bytes:5
22:58:33.14 (1207727591)|VARIABLE_ASSIGNMENT|[108]|lead|null|
22:58:33.14 (1207802255)|STATEMENT_EXECUTE|[116]
22:58:33.14 (1207805715)|STATEMENT_EXECUTE|[117]
22:58:33.14 (1207810756)|HEAP_ALLOCATE|[117]|Bytes:46
22:58:33.14 (1207826053)|HEAP_ALLOCATE|[117]|Bytes:157
22:58:33.14 (1207843291)|VARIABLE_ASSIGNMENT|[117]|outMessage|"\nLead\nName: Test2\nPh (137 more) ..."
22:58:33.14 (1207975609)|HEAP_ALLOCATE|[118]|Bytes:5
22:58:33.14 (1208017266)|HEAP_ALLOCATE|[118]|Bytes:24
22:58:33.14 (1208044398)|VARIABLE_SCOPE_BEGIN|[118]|result|LookupResult__c|true|false
22:58:33.14 (1208097684)|VARIABLE_ASSIGNMENT|[118]|result|{"SMS_History__c":"a173B000000seAQQAY","Key__c":1,"ObjectId__c":"00Q3B000005aQ27UAE","Name":"Test2"}|0x56f15fc7
22:58:33.14 (1208117698)|STATEMENT_EXECUTE|[118]
22:58:33.14 (1208123115)|STATEMENT_EXECUTE|[119]
22:58:33.14 (1208130625)|HEAP_ALLOCATE|[119]|Bytes:1
22:58:33.14 (1208186999)|HEAP_ALLOCATE|[119]|Bytes:28
22:58:33.14 (1208261078)|HEAP_ALLOCATE|[119]|Bytes:1
22:58:33.14 (1208297288)|HEAP_ALLOCATE|[119]|Bytes:2
22:58:33.14 (1208353165)|HEAP_ALLOCATE|[119]|Bytes:9
22:58:33.14 (1208376066)|HEAP_ALLOCATE|[119]|Bytes:166
22:58:33.14 (1208405112)|VARIABLE_ASSIGNMENT|[119]|outMessage|"\nLead\nName: Test2\nPh (146 more) ..."
22:58:33.14 (1208429675)|HEAP_ALLOCATE|[118]|Bytes:5
22:58:33.14 (1208451426)|HEAP_ALLOCATE|[118]|Bytes:24
22:58:33.14 (1208465459)|VARIABLE_SCOPE_BEGIN|[118]|result|LookupResult__c|true|false
22:58:33.14 (1208495606)|VARIABLE_ASSIGNMENT|[118]|result|{"SMS_History__c":"a173B000000seAQQAY","Key__c":2,"ObjectId__c":"00Q3B000005aQ22UAE","Name":"Test"}|0x7a676cd4
22:58:33.14 (1208506808)|STATEMENT_EXECUTE|[118]
22:58:33.14 (1208508719)|STATEMENT_EXECUTE|[119]
22:58:33.14 (1208526112)|HEAP_ALLOCATE|[119]|Bytes:28
22:58:33.14 (1208550809)|HEAP_ALLOCATE|[119]|Bytes:1
22:58:33.14 (1208575876)|HEAP_ALLOCATE|[119]|Bytes:8
22:58:33.14 (1208585064)|HEAP_ALLOCATE|[119]|Bytes:174
22:58:33.14 (1208602400)|VARIABLE_ASSIGNMENT|[119]|outMessage|"\nLead\nName: Test2\nPh (154 more) ..."
22:58:33.14 (1208621932)|HEAP_ALLOCATE|[118]|Bytes:5
22:58:33.14 (1208640876)|VARIABLE_ASSIGNMENT|[118]|result|null|
22:58:33.14 (1208649852)|STATEMENT_EXECUTE|[121]
22:58:33.14 (1208873344)|VARIABLE_ASSIGNMENT|[121]|this.tdc_tsw__SMSBodyNew__c|"\nLead\nName: Test2\nPh (154 more) ..."|0x435b19ce
22:58:33.14 (1208897066)|STATEMENT_EXECUTE|[127]
22:58:33.14 (1208959622)|HEAP_ALLOCATE|[127]|Bytes:8
22:58:33.14 (1209007189)|DML_BEGIN|[127]|Op:Insert|Type:tdc_tsw__Message_Template__c|Rows:1
22:58:33.14 (1209088503)|HEAP_ALLOCATE|[EXTERNAL]|Bytes:8
22:58:33.14 (1249881354)|DML_END|[127]
22:58:33.14 (1250119852)|HEAP_ALLOCATE|[128]|Bytes:5
22:58:33.14 (1250165649)|HEAP_ALLOCATE|[128]|Bytes:24
22:58:33.14 (1250188909)|VARIABLE_SCOPE_BEGIN|[128]|lookup|LookupResult__c|true|false
22:58:33.14 (1250244523)|VARIABLE_ASSIGNMENT|[128]|lookup|{"SMS_History__c":"a173B000000seAQQAY","Key__c":1,"ObjectId__c":"00Q3B000005aQ27UAE","Name":"Test2"}|0x56f15fc7
22:58:33.14 (1250257169)|STATEMENT_EXECUTE|[128]
22:58:33.14 (1250261192)|STATEMENT_EXECUTE|[129]
22:58:33.14 (1250503506)|VARIABLE_ASSIGNMENT|[129]|this.SMS_Template__c|"a153B000000pOjtQAE"|0x56f15fc7
22:58:33.14 (1250535451)|HEAP_ALLOCATE|[128]|Bytes:5
22:58:33.14 (1250557577)|HEAP_ALLOCATE|[128]|Bytes:24
22:58:33.14 (1250571746)|VARIABLE_SCOPE_BEGIN|[128]|lookup|LookupResult__c|true|false
22:58:33.14 (1250601762)|VARIABLE_ASSIGNMENT|[128]|lookup|{"SMS_History__c":"a173B000000seAQQAY","Key__c":2,"ObjectId__c":"00Q3B000005aQ22UAE","Name":"Test"}|0x7a676cd4
22:58:33.14 (1250615404)|STATEMENT_EXECUTE|[128]
22:58:33.14 (1250618722)|STATEMENT_EXECUTE|[129]
22:58:33.14 (1250785882)|VARIABLE_ASSIGNMENT|[129]|this.SMS_Template__c|"a153B000000pOjtQAE"|0x7a676cd4
22:58:33.14 (1250821937)|HEAP_ALLOCATE|[128]|Bytes:5
22:58:33.14 (1250852475)|VARIABLE_ASSIGNMENT|[128]|lookup|null|
22:58:33.14 (1250865776)|STATEMENT_EXECUTE|[131]
22:58:33.14 (1250977565)|DML_BEGIN|[131]|Op:Insert|Type:LookupResult__c|Rows:2
22:58:33.14 (1251058951)|HEAP_ALLOCATE|[EXTERNAL]|Bytes:12
22:58:33.14 (1283940086)|DML_END|[131]
22:58:33.14 (1284058292)|HEAP_ALLOCATE|[EXTERNAL]|Bytes:12
22:58:33.14 (1284086556)|STATEMENT_EXECUTE|[132]
22:58:33.14 (1284270300)|HEAP_ALLOCATE|[132]|Bytes:-4
22:58:33.14 (1284296350)|VARIABLE_ASSIGNMENT|[132]|this.ResponseTemplate__c|null|0x7b62c38b
22:58:33.14 (1284306295)|STATEMENT_EXECUTE|[133]
22:58:33.14 (1284387246)|HEAP_ALLOCATE|[133]|Bytes:8
22:58:33.14 (1284415696)|DML_BEGIN|[133]|Op:Update|Type:tdc_tsw__Message__c|Rows:1
22:58:33.14 (1284477836)|HEAP_ALLOCATE|[EXTERNAL]|Bytes:8
22:58:33.14 (1314230433)|DML_END|[133]
22:58:33.314 (1314304189)|CUMULATIVE_LIMIT_USAGE
22:58:33.314 (1314304189)|LIMIT_USAGE_FOR_NS|(default)|
  Number of SOQL queries: 6 out of 100
  Number of query rows: 4 out of 50000
  Number of SOSL queries: 0 out of 20
  Number of DML statements: 3 out of 150
  Number of DML rows: 4 out of 10000
  Maximum CPU time: 393 out of 10000
  Maximum heap size: 0 out of 6000000
  Number of callouts: 0 out of 100
  Number of Email Invocations: 0 out of 10
  Number of future calls: 0 out of 50
  Number of queueable jobs added to the queue: 0 out of 50
  Number of Mobile Apex push calls: 0 out of 10

22:58:33.314 (1314304189)|LIMIT_USAGE_FOR_NS|tdc_tsw|
  Number of SOQL queries: 14 out of 100
  Number of query rows: 20 out of 50000
  Number of SOSL queries: 0 out of 20
  Number of DML statements: 2 out of 150
  Number of DML rows: 2 out of 10000
  Maximum CPU time: 0 out of 10000
  Maximum heap size: 0 out of 6000000
  Number of callouts: 0 out of 100
  Number of Email Invocations: 0 out of 10
  Number of future calls: 0 out of 50
  Number of queueable jobs added to the queue: 0 out of 50
  Number of Mobile Apex push calls: 0 out of 10

22:58:33.314 (1314304189)|CUMULATIVE_LIMIT_USAGE_END

22:58:33.14 (1314447572)|CODE_UNIT_FINISHED|PhoneMatcher.MatchContactOnPhoneNunber(List<tdc_tsw__Message__c>)
22:58:33.14 (1314659704)|POP_TRACE_FLAGS|[EXTERNAL]|01p3B000001izES|PhoneMatcher|APEX_CODE,FINEST;APEX_PROFILING,INFO;CALLOUT,INFO;DB,INFO;NBA,INFO;SYSTEM,DEBUG;VALIDATION,INFO;VISUALFORCE,INFO;WAVE,INFO;WORKFLOW,INFO
22:58:33.319 (1319504978)|ENTERING_MANAGED_PKG|tdc_tsw
22:58:33.319 (1319752587)|ENTERING_MANAGED_PKG|tdc_tsw
22:58:33.495 (1495727818)|DML_END|[557]
22:58:33.495 (1496029860)|ENTERING_MANAGED_PKG|tdc_tsw
22:58:33.495 (1498817794)|SOQL_EXECUTE_BEGIN|[1091]|Aggregations:0|SELECT id, name, Brief_Description__c, Keywords__c, Active__c FROM Survey__c WHERE (Active__c = TRUE AND Keywords__c != NULL) LIMIT 999
22:58:33.495 (1503560544)|SOQL_EXECUTE_END|[1091]|Rows:0
22:58:33.495 (1508058381)|ENTERING_MANAGED_PKG|tdc_tsw
22:58:33.495 (1508116277)|ENTERING_MANAGED_PKG|tdc_tsw
22:58:33.495 (1508169813)|ENTERING_MANAGED_PKG|tdc_tsw
22:58:33.495 (1516603775)|ENTERING_MANAGED_PKG|tdc_tsw
22:58:33.495 (1516729735)|ENTERING_MANAGED_PKG|tdc_tsw
22:58:33.495 (1516774508)|ENTERING_MANAGED_PKG|tdc_tsw
22:58:33.495 (1516886873)|ENTERING_MANAGED_PKG|tdc_tsw
22:58:33.495 (1516926090)|ENTERING_MANAGED_PKG|tdc_tsw
22:58:33.495 (1518212602)|ENTERING_MANAGED_PKG|tdc_tsw
22:58:33.495 (1519396155)|ENTERING_MANAGED_PKG|tdc_tsw
22:58:33.495 (1519450874)|ENTERING_MANAGED_PKG|tdc_tsw
22:58:33.495 (1519486573)|ENTERING_MANAGED_PKG|tdc_tsw
22:58:33.495 (1519593895)|ENTERING_MANAGED_PKG|tdc_tsw
22:58:33.495 (1519673807)|ENTERING_MANAGED_PKG|tdc_tsw
22:58:33.495 (1519719670)|ENTERING_MANAGED_PKG|tdc_tsw
22:58:33.495 (1519819475)|ENTERING_MANAGED_PKG|tdc_tsw
22:58:33.495 (1520832723)|ENTERING_MANAGED_PKG|tdc_tsw
22:58:33.495 (1522280995)|ENTERING_MANAGED_PKG|tdc_tsw
