44.0 APEX_CODE,FINEST;APEX_PROFILING,INFO;CALLOUT,INFO;DB,INFO;NBA,INFO;SYSTEM,DEBUG;VALIDATION,INFO;VISUALFORCE,INFO;WAVE,INFO;WORKFLOW,INFO
23:20:26.0 (155168)|USER_INFO|[EXTERNAL]|0051H000009gxp8|chanida.dev2@solvedbysoftwareco.com|Eastern Standard Time|GMT-05:00
23:20:26.0 (2429203)|ENTERING_MANAGED_PKG|tdc_tsw
23:20:26.0 (2635175)|ENTERING_MANAGED_PKG|tdc_tsw
23:20:26.0 (3289730)|ENTERING_MANAGED_PKG|tdc_tsw
23:20:26.0 (3349309)|ENTERING_MANAGED_PKG|tdc_tsw
23:20:26.0 (4368551)|ENTERING_MANAGED_PKG|tdc_tsw
23:20:26.0 (5257152)|ENTERING_MANAGED_PKG|tdc_tsw
23:20:26.0 (7090293)|ENTERING_MANAGED_PKG|tdc_tsw
23:20:26.0 (7202558)|ENTERING_MANAGED_PKG|tdc_tsw
23:20:26.0 (8671608)|ENTERING_MANAGED_PKG|tdc_tsw
23:20:26.0 (14147124)|SOQL_EXECUTE_BEGIN|[82]|Aggregations:0|SELECT CreatedDate, Id,Task_Created__c,Event_Created__c,isCaseCreated__c,Task_Id__c,Event_Id__c,Case__c, Important__c, Delivered__c, Message_Text_New__c, Name, Owner.Name, Read__c,MessageId__c, ToNumber__c, Related_Object_Id__c, Related_Object__c, Sender_Number__c, LastModifiedDate, Attachments_Ids__c FROM Message__c WHERE Contact__c =: recordId ORDER BY CreatedDate Desc limit 200
23:20:26.0 (24601269)|SOQL_EXECUTE_END|[82]|Rows:2
23:20:26.0 (25863016)|ENTERING_MANAGED_PKG|tdc_tsw
23:20:26.0 (26132683)|ENTERING_MANAGED_PKG|tdc_tsw
23:20:26.0 (26204351)|ENTERING_MANAGED_PKG|tdc_tsw
23:20:26.0 (26673040)|SOQL_EXECUTE_BEGIN|[200]|Aggregations:0|SELECT Name, NamespacePrefix, SystemModStamp FROM StaticResource WHERE Name LIKE :tmpVar1 LIMIT 10
23:20:26.0 (28980689)|SOQL_EXECUTE_END|[200]|Rows:1
23:20:26.0 (30855428)|ENTERING_MANAGED_PKG|tdc_tsw
23:20:26.0 (32234244)|ENTERING_MANAGED_PKG|tdc_tsw
23:20:26.0 (32297105)|ENTERING_MANAGED_PKG|tdc_tsw
23:20:26.0 (34036674)|ENTERING_MANAGED_PKG|tdc_tsw
23:20:26.0 (34825548)|ENTERING_MANAGED_PKG|tdc_tsw
23:20:26.0 (39112908)|SOQL_EXECUTE_BEGIN|[172]|Aggregations:0|SELECT id, name FROM ChatTranscript__c WHERE (Chat_Active__c = TRUE AND (Related_Object_Id__c = :tmpVar1 OR Related_Object_Id__c = :tmpVar2)) LIMIT 1
23:20:26.0 (41970246)|SOQL_EXECUTE_END|[172]|Rows:0
23:20:26.0 (42290334)|ENTERING_MANAGED_PKG|tdc_tsw
23:20:26.0 (42326459)|ENTERING_MANAGED_PKG|tdc_tsw
