44.0 APEX_CODE,FINEST;APEX_PROFILING,INFO;CALLOUT,INFO;DB,INFO;NBA,INFO;SYSTEM,DEBUG;VALIDATION,INFO;VISUALFORCE,INFO;WAVE,INFO;WORKFLOW,INFO
20:51:11.0 (200925)|USER_INFO|[EXTERNAL]|0051H000009gxp8|chanida.dev2@solvedbysoftwareco.com|Eastern Standard Time|GMT-05:00
20:51:11.0 (2870754)|ENTERING_MANAGED_PKG|tdc_tsw
20:51:11.0 (3071793)|ENTERING_MANAGED_PKG|tdc_tsw
20:51:11.0 (3954920)|ENTERING_MANAGED_PKG|tdc_tsw
20:51:11.0 (4016863)|ENTERING_MANAGED_PKG|tdc_tsw
20:51:11.0 (5092373)|ENTERING_MANAGED_PKG|tdc_tsw
20:51:11.0 (6249067)|ENTERING_MANAGED_PKG|tdc_tsw
20:51:11.0 (8364642)|ENTERING_MANAGED_PKG|tdc_tsw
20:51:11.0 (8464441)|ENTERING_MANAGED_PKG|tdc_tsw
20:51:11.0 (10011397)|ENTERING_MANAGED_PKG|tdc_tsw
20:51:11.0 (16655151)|SOQL_EXECUTE_BEGIN|[82]|Aggregations:0|SELECT CreatedDate, Id,Task_Created__c,Event_Created__c,isCaseCreated__c,Task_Id__c,Event_Id__c,Case__c, Important__c, Delivered__c, Message_Text_New__c, Name, Owner.Name, Read__c,MessageId__c, ToNumber__c, Related_Object_Id__c, Related_Object__c, Sender_Number__c, LastModifiedDate, Attachments_Ids__c FROM Message__c WHERE Contact__c =: recordId ORDER BY CreatedDate Desc limit 200
20:51:11.0 (32152046)|SOQL_EXECUTE_END|[82]|Rows:2
20:51:11.0 (33756933)|ENTERING_MANAGED_PKG|tdc_tsw
20:51:11.0 (34058098)|ENTERING_MANAGED_PKG|tdc_tsw
20:51:11.0 (34139885)|ENTERING_MANAGED_PKG|tdc_tsw
20:51:11.0 (34757316)|SOQL_EXECUTE_BEGIN|[200]|Aggregations:0|SELECT Name, NamespacePrefix, SystemModStamp FROM StaticResource WHERE Name LIKE :tmpVar1 LIMIT 10
20:51:11.0 (37697545)|SOQL_EXECUTE_END|[200]|Rows:1
20:51:11.0 (39840498)|ENTERING_MANAGED_PKG|tdc_tsw
20:51:11.0 (41472467)|ENTERING_MANAGED_PKG|tdc_tsw
20:51:11.0 (41521873)|ENTERING_MANAGED_PKG|tdc_tsw
20:51:11.0 (43421987)|ENTERING_MANAGED_PKG|tdc_tsw
20:51:11.0 (44211524)|ENTERING_MANAGED_PKG|tdc_tsw
20:51:11.0 (48851362)|SOQL_EXECUTE_BEGIN|[172]|Aggregations:0|SELECT id, name FROM ChatTranscript__c WHERE (Chat_Active__c = TRUE AND (Related_Object_Id__c = :tmpVar1 OR Related_Object_Id__c = :tmpVar2)) LIMIT 1
20:51:11.0 (52596257)|SOQL_EXECUTE_END|[172]|Rows:0
20:51:11.0 (53062285)|ENTERING_MANAGED_PKG|tdc_tsw
20:51:11.0 (53104745)|ENTERING_MANAGED_PKG|tdc_tsw
