44.0 APEX_CODE,FINEST;APEX_PROFILING,INFO;CALLOUT,INFO;DB,INFO;NBA,INFO;SYSTEM,DEBUG;VALIDATION,INFO;VISUALFORCE,INFO;WAVE,INFO;WORKFLOW,INFO
20:08:02.0 (161344)|USER_INFO|[EXTERNAL]|0051H000009gxp8|chanida.dev2@solvedbysoftwareco.com|Eastern Standard Time|GMT-05:00
20:08:02.0 (2432864)|ENTERING_MANAGED_PKG|tdc_tsw
20:08:02.0 (2992404)|ENTERING_MANAGED_PKG|tdc_tsw
20:08:02.0 (8380601)|SOQL_EXECUTE_BEGIN|[16]|Aggregations:0|SELECT id, name, Disable_Incoming_SMS_Sharing__c FROM User WHERE id = :tmpVar1
20:08:02.0 (19029290)|SOQL_EXECUTE_END|[16]|Rows:1
20:08:02.0 (27868436)|SOQL_EXECUTE_BEGIN|[37]|Aggregations:0|SELECT CreatedDate,Created_Date__c,Id,LastModifiedDate,MessageId__c,Message_Text_New__c,Name,OwnerId,Read__c,Related_Object_Id__c,Related_Object__c,Sender_Number__c, Sender_Name__c,ToNumber__c,Attachments_Ids__c FROM Message__c WHERE Name = 'Incoming' AND Read__c = false ORDER BY CreatedDate Desc limit 100
20:08:02.0 (47088306)|SOQL_EXECUTE_END|[37]|Rows:84
20:08:02.0 (62538532)|ENTERING_MANAGED_PKG|tdc_tsw
20:08:02.0 (64334214)|ENTERING_MANAGED_PKG|tdc_tsw
20:08:02.0 (64835315)|ENTERING_MANAGED_PKG|tdc_tsw
20:08:02.0 (65527757)|ENTERING_MANAGED_PKG|tdc_tsw
20:08:02.0 (68426810)|ENTERING_MANAGED_PKG|tdc_tsw
20:08:02.0 (69393097)|ENTERING_MANAGED_PKG|tdc_tsw
20:08:02.0 (69661698)|ENTERING_MANAGED_PKG|tdc_tsw
20:08:02.0 (70103657)|ENTERING_MANAGED_PKG|tdc_tsw
20:08:02.0 (71307150)|ENTERING_MANAGED_PKG|tdc_tsw
20:08:02.0 (72125288)|ENTERING_MANAGED_PKG|tdc_tsw
20:08:02.0 (72370070)|ENTERING_MANAGED_PKG|tdc_tsw
20:08:02.0 (72776626)|ENTERING_MANAGED_PKG|tdc_tsw
20:08:02.0 (73907384)|ENTERING_MANAGED_PKG|tdc_tsw
20:08:02.0 (74693737)|ENTERING_MANAGED_PKG|tdc_tsw
20:08:02.0 (74933844)|ENTERING_MANAGED_PKG|tdc_tsw
20:08:02.0 (75347007)|ENTERING_MANAGED_PKG|tdc_tsw
20:08:02.0 (76524808)|ENTERING_MANAGED_PKG|tdc_tsw
20:08:02.0 (77323312)|ENTERING_MANAGED_PKG|tdc_tsw
20:08:02.0 (77538892)|ENTERING_MANAGED_PKG|tdc_tsw
20:08:02.0 (77938464)|ENTERING_MANAGED_PKG|tdc_tsw
20:08:02.0 (79105351)|ENTERING_MANAGED_PKG|tdc_tsw
20:08:02.0 (79925669)|ENTERING_MANAGED_PKG|tdc_tsw
20:08:02.0 (80188795)|ENTERING_MANAGED_PKG|tdc_tsw
20:08:02.0 (80605593)|ENTERING_MANAGED_PKG|tdc_tsw
20:08:02.0 (81745833)|ENTERING_MANAGED_PKG|tdc_tsw
20:08:02.0 (82537163)|ENTERING_MANAGED_PKG|tdc_tsw
20:08:02.0 (82750625)|ENTERING_MANAGED_PKG|tdc_tsw
20:08:02.0 (83160790)|ENTERING_MANAGED_PKG|tdc_tsw
20:08:02.0 (84286732)|ENTERING_MANAGED_PKG|tdc_tsw
20:08:02.0 (85066085)|ENTERING_MANAGED_PKG|tdc_tsw
20:08:02.0 (85285881)|ENTERING_MANAGED_PKG|tdc_tsw
20:08:02.0 (85982233)|ENTERING_MANAGED_PKG|tdc_tsw
20:08:02.0 (87193850)|ENTERING_MANAGED_PKG|tdc_tsw
20:08:02.0 (87950629)|ENTERING_MANAGED_PKG|tdc_tsw
20:08:02.0 (88196413)|ENTERING_MANAGED_PKG|tdc_tsw
20:08:02.0 (88723518)|ENTERING_MANAGED_PKG|tdc_tsw
20:08:02.0 (90011262)|ENTERING_MANAGED_PKG|tdc_tsw
20:08:02.0 (90825745)|ENTERING_MANAGED_PKG|tdc_tsw
20:08:02.0 (91067805)|ENTERING_MANAGED_PKG|tdc_tsw
20:08:02.0 (91598840)|ENTERING_MANAGED_PKG|tdc_tsw
20:08:02.0 (92999244)|ENTERING_MANAGED_PKG|tdc_tsw
20:08:02.0 (93898458)|ENTERING_MANAGED_PKG|tdc_tsw
20:08:02.0 (93980549)|ENTERING_MANAGED_PKG|tdc_tsw
20:08:02.0 (94517829)|SOQL_EXECUTE_BEGIN|[200]|Aggregations:0|SELECT Name, NamespacePrefix, SystemModStamp FROM StaticResource WHERE Name LIKE :tmpVar1 LIMIT 10
20:08:02.0 (97925819)|SOQL_EXECUTE_END|[200]|Rows:1
20:08:02.0 (98869127)|ENTERING_MANAGED_PKG|tdc_tsw
20:08:02.0 (99332079)|SOQL_EXECUTE_BEGIN|[200]|Aggregations:0|SELECT Name, NamespacePrefix, SystemModStamp FROM StaticResource WHERE Name LIKE :tmpVar1 LIMIT 10
20:08:02.0 (101942183)|SOQL_EXECUTE_END|[200]|Rows:1
20:08:02.0 (102375004)|ENTERING_MANAGED_PKG|tdc_tsw
20:08:02.0 (106157721)|ENTERING_MANAGED_PKG|tdc_tsw
20:08:02.0 (107827142)|ENTERING_MANAGED_PKG|tdc_tsw
20:08:02.0 (108169597)|ENTERING_MANAGED_PKG|tdc_tsw
20:08:02.0 (109162571)|ENTERING_MANAGED_PKG|tdc_tsw
20:08:02.0 (109566342)|SOQL_EXECUTE_BEGIN|[200]|Aggregations:0|SELECT Name, NamespacePrefix, SystemModStamp FROM StaticResource WHERE Name LIKE :tmpVar1 LIMIT 10
20:08:02.0 (112242983)|SOQL_EXECUTE_END|[200]|Rows:1
20:08:02.135 (135641364)|USER_INFO|[EXTERNAL]|0051H000009gxp8|chanida.dev2@solvedbysoftwareco.com|Eastern Standard Time|GMT-05:00
20:08:02.135 (137024868)|ENTERING_MANAGED_PKG|tdc_tsw
20:08:02.135 (137250653)|ENTERING_MANAGED_PKG|tdc_tsw
20:08:02.135 (139784460)|SOQL_EXECUTE_BEGIN|[355]|Aggregations:0|SELECT id, name, Disable_Incoming_SMS_Sharing__c FROM User WHERE id = :tmpVar1
20:08:02.135 (147805155)|SOQL_EXECUTE_END|[355]|Rows:1
20:08:02.135 (149300832)|SOQL_EXECUTE_BEGIN|[367]|Aggregations:0|SELECT CreatedDate,Id,LastModifiedDate,Related_Object_Id__c FROM Message__c WHERE Name = 'Incoming' AND Read__c = false ORDER BY CreatedDate Desc limit 100
20:08:02.135 (161256888)|SOQL_EXECUTE_END|[367]|Rows:84
