44.0 APEX_CODE,FINEST;APEX_PROFILING,INFO;CALLOUT,INFO;DB,INFO;NBA,INFO;SYSTEM,DEBUG;VALIDATION,INFO;VISUALFORCE,INFO;WAVE,INFO;WORKFLOW,INFO
21:48:50.0 (198393)|USER_INFO|[EXTERNAL]|0051H000009gxp8|chanida.dev2@solvedbysoftwareco.com|Eastern Standard Time|GMT-05:00
21:48:50.0 (2130985)|ENTERING_MANAGED_PKG|tdc_tsw
21:48:50.0 (2803131)|ENTERING_MANAGED_PKG|tdc_tsw
21:48:50.0 (8184471)|SOQL_EXECUTE_BEGIN|[16]|Aggregations:0|SELECT id, name, Disable_Incoming_SMS_Sharing__c FROM User WHERE id = :tmpVar1
21:48:50.0 (19452217)|SOQL_EXECUTE_END|[16]|Rows:1
21:48:50.0 (27727594)|SOQL_EXECUTE_BEGIN|[37]|Aggregations:0|SELECT CreatedDate,Created_Date__c,Id,LastModifiedDate,MessageId__c,Message_Text_New__c,Name,OwnerId,Read__c,Related_Object_Id__c,Related_Object__c,Sender_Number__c, Sender_Name__c,ToNumber__c,Attachments_Ids__c FROM Message__c WHERE Name = 'Incoming' AND Read__c = false ORDER BY CreatedDate Desc limit 100
21:48:50.0 (40174285)|SOQL_EXECUTE_END|[37]|Rows:16
21:48:50.0 (43877621)|ENTERING_MANAGED_PKG|tdc_tsw
21:48:50.0 (45530690)|ENTERING_MANAGED_PKG|tdc_tsw
21:48:50.0 (45966888)|ENTERING_MANAGED_PKG|tdc_tsw
21:48:50.0 (46644096)|ENTERING_MANAGED_PKG|tdc_tsw
21:48:50.0 (49359940)|ENTERING_MANAGED_PKG|tdc_tsw
21:48:50.0 (50151739)|ENTERING_MANAGED_PKG|tdc_tsw
21:48:50.0 (50422456)|ENTERING_MANAGED_PKG|tdc_tsw
21:48:50.0 (50835873)|ENTERING_MANAGED_PKG|tdc_tsw
21:48:50.0 (51966700)|ENTERING_MANAGED_PKG|tdc_tsw
21:48:50.0 (52782086)|ENTERING_MANAGED_PKG|tdc_tsw
21:48:50.0 (53021453)|ENTERING_MANAGED_PKG|tdc_tsw
21:48:50.0 (53443882)|ENTERING_MANAGED_PKG|tdc_tsw
21:48:50.0 (54652013)|ENTERING_MANAGED_PKG|tdc_tsw
21:48:50.0 (55306540)|ENTERING_MANAGED_PKG|tdc_tsw
21:48:50.0 (55388342)|ENTERING_MANAGED_PKG|tdc_tsw
21:48:50.0 (55914416)|SOQL_EXECUTE_BEGIN|[200]|Aggregations:0|SELECT Name, NamespacePrefix, SystemModStamp FROM StaticResource WHERE Name LIKE :tmpVar1 LIMIT 10
21:48:50.0 (58446333)|SOQL_EXECUTE_END|[200]|Rows:1
21:48:50.0 (59141617)|ENTERING_MANAGED_PKG|tdc_tsw
21:48:50.0 (59530858)|SOQL_EXECUTE_BEGIN|[200]|Aggregations:0|SELECT Name, NamespacePrefix, SystemModStamp FROM StaticResource WHERE Name LIKE :tmpVar1 LIMIT 10
21:48:50.0 (61633351)|SOQL_EXECUTE_END|[200]|Rows:1
21:48:50.0 (62027027)|ENTERING_MANAGED_PKG|tdc_tsw
21:48:50.0 (65170124)|ENTERING_MANAGED_PKG|tdc_tsw
21:48:50.0 (66716092)|ENTERING_MANAGED_PKG|tdc_tsw
21:48:50.0 (67005788)|ENTERING_MANAGED_PKG|tdc_tsw
21:48:50.0 (67834559)|ENTERING_MANAGED_PKG|tdc_tsw
21:48:50.0 (68198612)|SOQL_EXECUTE_BEGIN|[200]|Aggregations:0|SELECT Name, NamespacePrefix, SystemModStamp FROM StaticResource WHERE Name LIKE :tmpVar1 LIMIT 10
21:48:50.0 (70355552)|SOQL_EXECUTE_END|[200]|Rows:1
21:48:50.75 (75872262)|USER_INFO|[EXTERNAL]|0051H000009gxp8|chanida.dev2@solvedbysoftwareco.com|Eastern Standard Time|GMT-05:00
21:48:50.75 (77245988)|ENTERING_MANAGED_PKG|tdc_tsw
21:48:50.75 (77405042)|ENTERING_MANAGED_PKG|tdc_tsw
21:48:50.75 (79661248)|SOQL_EXECUTE_BEGIN|[355]|Aggregations:0|SELECT id, name, Disable_Incoming_SMS_Sharing__c FROM User WHERE id = :tmpVar1
21:48:50.75 (85638598)|SOQL_EXECUTE_END|[355]|Rows:1
21:48:50.75 (86730459)|SOQL_EXECUTE_BEGIN|[367]|Aggregations:0|SELECT CreatedDate,Id,LastModifiedDate,Related_Object_Id__c FROM Message__c WHERE Name = 'Incoming' AND Read__c = false ORDER BY CreatedDate Desc limit 100
21:48:50.75 (94105883)|SOQL_EXECUTE_END|[367]|Rows:16
