38.0 APEX_CODE,FINEST;APEX_PROFILING,INFO;CALLOUT,INFO;DB,INFO;NBA,INFO;SYSTEM,DEBUG;VALIDATION,INFO;VISUALFORCE,INFO;WAVE,INFO;WORKFLOW,INFO
20:06:36.2 (2789147)|ENTERING_MANAGED_PKG|tdc_tsw
20:06:36.2 (3093040)|ENTERING_MANAGED_PKG|tdc_tsw
20:06:36.2 (5135760)|SOQL_EXECUTE_BEGIN|[66]|Aggregations:0|SELECT Id FROM Folder WHERE DeveloperName = 'SMS_APP' LIMIT 1
20:06:36.2 (8169751)|SOQL_EXECUTE_END|[66]|Rows:1
20:06:36.2 (8398854)|ENTERING_MANAGED_PKG|tdc_tsw
20:06:36.2 (8997586)|ENTERING_MANAGED_PKG|tdc_tsw
20:06:36.2 (9338442)|ENTERING_MANAGED_PKG|tdc_tsw
20:06:36.2 (52641224)|ENTERING_MANAGED_PKG|tdc_tsw
20:06:36.2 (52725741)|ENTERING_MANAGED_PKG|tdc_tsw
20:06:36.2 (109096099)|SOQL_EXECUTE_BEGIN|[1842]|Aggregations:0|SELECT Id, name FROM RecordType WHERE (sObjectType = :tmpVar1 AND name = :tmpVar2) LIMIT 1
20:06:36.2 (119236678)|SOQL_EXECUTE_END|[1842]|Rows:1
20:06:36.2 (123340110)|ENTERING_MANAGED_PKG|tdc_tsw
20:06:36.2 (162155927)|SOQL_EXECUTE_BEGIN|[275]|Aggregations:0|Select Id, tdc_tsw__account__c, tdc_tsw__campaign__c, tdc_tsw__case__c, tdc_tsw__contact__c, tdc_tsw__lead__c, tdc_tsw__message__c, tdc_tsw__opportunity__c, tdc_tsw__sms_template__c, tdc_tsw__question__c, tdc_tsw__survey_response__c, OwnerId, Related_Object__c,Is_Keyword_Based__c,Sender_Number__c,ToNumber__c, Related_Object_Id__c from Message__c where Name = 'Outgoing' and (Sender_Number__c =: cleantoNumber  OR Sender_Number__c LIKE : toNumberWithoutSymbol )  and (ToNumber__c =: cleanFromNumber  OR ToNumber__c LIKE : fromNumberWithoutSymbol )  Order By CreatedDate Desc Limit 1
20:06:36.2 (169484383)|SOQL_EXECUTE_END|[275]|Rows:1
20:06:36.2 (171527663)|SOQL_EXECUTE_BEGIN|[299]|Aggregations:0|SELECT Id FROM User WHERE id =: relatedObjId
20:06:36.2 (406260505)|SOQL_EXECUTE_END|[299]|Rows:1
20:06:36.2 (406691712)|ENTERING_MANAGED_PKG|tdc_tsw
20:06:36.2 (407056509)|SOQL_EXECUTE_BEGIN|[923]|Aggregations:0|SELECT id, isActive FROM User WHERE id = :tmpVar1 LIMIT 1
20:06:36.2 (412586362)|SOQL_EXECUTE_END|[923]|Rows:1
20:06:36.2 (413879910)|ENTERING_MANAGED_PKG|tdc_tsw
20:06:36.2 (417226863)|ENTERING_MANAGED_PKG|tdc_tsw
20:06:36.2 (434567177)|DML_BEGIN|[557]|Op:Insert|Type:tdc_tsw__Message__c|Rows:1
20:06:36.2 (459597223)|ENTERING_MANAGED_PKG|tdc_tsw
20:06:36.461 (461255813)|CUMULATIVE_LIMIT_USAGE
20:06:36.461 (461255813)|LIMIT_USAGE_FOR_NS|(default)|
  Number of SOQL queries: 0 out of 100
  Number of query rows: 0 out of 50000
  Number of SOSL queries: 0 out of 20
  Number of DML statements: 0 out of 150
  Number of DML rows: 0 out of 10000
  Maximum CPU time: 133 out of 10000
  Maximum heap size: 0 out of 6000000
  Number of callouts: 0 out of 100
  Number of Email Invocations: 0 out of 10
  Number of future calls: 0 out of 50
  Number of queueable jobs added to the queue: 0 out of 50
  Number of Mobile Apex push calls: 0 out of 10

20:06:36.461 (461255813)|LIMIT_USAGE_FOR_NS|tdc_tsw|
  Number of SOQL queries: 5 out of 100
  Number of query rows: 5 out of 50000
  Number of SOSL queries: 0 out of 20
  Number of DML statements: 1 out of 150
  Number of DML rows: 1 out of 10000
  Maximum CPU time: 0 out of 10000
  Maximum heap size: 0 out of 6000000
  Number of callouts: 0 out of 100
  Number of Email Invocations: 0 out of 10
  Number of future calls: 0 out of 50
  Number of queueable jobs added to the queue: 0 out of 50
  Number of Mobile Apex push calls: 0 out of 10

20:06:36.461 (461255813)|CUMULATIVE_LIMIT_USAGE_END

20:06:36.467 (467015137)|CODE_UNIT_STARTED|[EXTERNAL]|01q3B000000BQrG|SMS360BeforeInsert on Message trigger event BeforeInsert|__sfdc_trigger/SMS360BeforeInsert
20:06:36.467 (467081185)|HEAP_ALLOCATE|[EXTERNAL]|Bytes:8
20:06:36.467 (467160725)|HEAP_ALLOCATE|[EXTERNAL]|Bytes:4
20:06:36.467 (467184546)|VARIABLE_SCOPE_BEGIN|[5]|this|SMS360BeforeInsert|true|false
20:06:36.467 (467265933)|VARIABLE_ASSIGNMENT|[5]|this|{}|0x583f9bdf
20:06:36.467 (467341833)|HEAP_ALLOCATE|[EXTERNAL]|Bytes:4
20:06:36.467 (467355038)|VARIABLE_SCOPE_BEGIN|[5]|this|SMS360BeforeInsert|true|false
20:06:36.467 (467373597)|VARIABLE_ASSIGNMENT|[5]|this|{}|0x583f9bdf
20:06:36.467 (467386311)|STATEMENT_EXECUTE|[5]
20:06:36.467 (467411098)|STATEMENT_EXECUTE|[6]
20:06:36.467 (467631129)|HEAP_ALLOCATE|[7]|Bytes:5
20:06:36.467 (467664549)|HEAP_ALLOCATE|[7]|Bytes:4
20:06:36.467 (467681051)|VARIABLE_SCOPE_BEGIN|[7]|message|tdc_tsw__Message__c|true|false
20:06:36.467 (473761824)|VARIABLE_ASSIGNMENT|[7]|message|{"tdc_tsw__Related_Object__c":"User","tdc_tsw__ToNumber__c":"+17065037067","IsDeleted":false,"tdc_tsw__Sender_Number__c":"+13038816946","tdc_tsw__Incoming_Status__c":"Not Read","tdc_tsw__isCaseCreated__c":false,"tdc_tsw__Read__c":false,"tdc_tsw__Message__c":"a173B000000sYzxQAE","tdc_tsw__Read_Status__c":"Unread","tdc_tsw__Task_Created__c":false,"tdc_tsw__Related_Object_Id__c":"0051H000009gxp8QAA","Name":"Incoming","tdc_tsw__Event_Created__c":false,"tdc_tsw__Message_Text_New__c":"3031231234","tdc_tsw__Is_Keyword_Based__c":false,"OwnerId":"0051H000009gxp8QAA","tdc_tsw__Related_Object_Id_URL__c":"_HL_ENCODED_https:// (82 more) ...","tdc_tsw__isLeadCreated__c":false,"RecordTypeId":"0121H000001Ie7fQAC","tdc_tsw__Delivered_SMS__c":"_IM1_/resource/tdc_t (27 more) ...","tdc_tsw__Important__c":false,"tdc_tsw__Delivered__c":false,"tdc_tsw__Delivery_Status__c":"Sent"}|0x49db2bad
20:06:36.467 (473793646)|STATEMENT_EXECUTE|[7]
20:06:36.467 (473922432)|STATEMENT_EXECUTE|[8]
20:06:36.467 (473926143)|STATEMENT_EXECUTE|[9]
20:06:36.467 (473996836)|VARIABLE_SCOPE_BEGIN|[9]|messageText|String|false|false
20:06:36.467 (474039206)|VARIABLE_ASSIGNMENT|[9]|messageText|"3031231234"
20:06:36.467 (474049987)|STATEMENT_EXECUTE|[10]
20:06:36.467 (474135641)|HEAP_ALLOCATE|[10]|Bytes:10
20:06:36.467 (474185278)|VARIABLE_ASSIGNMENT|[10]|messageText|"3031231234"
20:06:36.467 (474236607)|STATEMENT_EXECUTE|[11]
20:06:36.467 (474239869)|STATEMENT_EXECUTE|[13]
20:06:36.467 (476297735)|HEAP_ALLOCATE|[13]|Bytes:1
20:06:36.467 (476346926)|METHOD_ENTRY|[5]|01p3B000001izES|PhoneMatcher.PhoneMatcher()
20:06:36.467 (476356243)|STATEMENT_EXECUTE|[5]
20:06:36.467 (476361749)|STATEMENT_EXECUTE|[5]
20:06:36.467 (476370331)|METHOD_EXIT|[5]|PhoneMatcher
20:06:36.467 (476404251)|METHOD_ENTRY|[13]|01p3B000001izES|PhoneMatcher.MatchContactOnPhoneNunber(String)
20:06:36.467 (476491734)|VARIABLE_SCOPE_BEGIN|[8]|phoneNumber|String|false|false
20:06:36.467 (476509184)|VARIABLE_ASSIGNMENT|[8]|phoneNumber|"3031231234"
20:06:36.467 (476518247)|STATEMENT_EXECUTE|[8]
20:06:36.467 (476520091)|STATEMENT_EXECUTE|[9]
20:06:36.467 (476524771)|HEAP_ALLOCATE|[9]|Bytes:121
20:06:36.467 (476551235)|HEAP_ALLOCATE|[9]|Bytes:4
20:06:36.467 (477321394)|SOQL_EXECUTE_BEGIN|[9]|Aggregations:0|SELECT ID, Phone, MobilePhone, Name, Email FROM Contact WHERE (PhoneNumeric__c = :tmpVar1 OR MobileNumeric__c = :tmpVar2)
20:06:36.467 (493214498)|SOQL_EXECUTE_END|[9]|Rows:1
20:06:36.467 (493250422)|HEAP_ALLOCATE|[9]|Bytes:8
20:06:36.467 (493272148)|HEAP_ALLOCATE|[9]|Bytes:87
20:06:36.467 (493305198)|HEAP_ALLOCATE|[9]|Bytes:8
20:06:36.467 (493328996)|VARIABLE_SCOPE_BEGIN|[9]|contacts|List<Contact>|true|false
20:06:36.467 (493381442)|VARIABLE_ASSIGNMENT|[9]|contacts|[{"Id":"0033B00000Q9qQQQAZ","Phone":"3031231234","Name":"Papa John","Email":"papa@john.com"}]|0x694ad827
20:06:36.467 (493391753)|STATEMENT_EXECUTE|[13]
20:06:36.467 (493408925)|METHOD_EXIT|[13]|01p3B000001izES|PhoneMatcher.MatchContactOnPhoneNunber(String)
20:06:36.467 (493420219)|VARIABLE_SCOPE_BEGIN|[13]|contacts|List<Contact>|true|false
20:06:36.467 (493440073)|VARIABLE_ASSIGNMENT|[13]|contacts|[{"Id":"0033B00000Q9qQQQAZ","Phone":"3031231234","Name":"Papa John","Email":"papa@john.com"}]|0x694ad827
20:06:36.467 (493448210)|STATEMENT_EXECUTE|[14]
20:06:36.467 (493454075)|VARIABLE_SCOPE_BEGIN|[14]|outMessage|String|false|false
20:06:36.467 (493465324)|VARIABLE_ASSIGNMENT|[14]|outMessage|""
20:06:36.467 (493560139)|STATEMENT_EXECUTE|[15]
20:06:36.467 (493717965)|HEAP_ALLOCATE|[16]|Bytes:5
20:06:36.467 (493762806)|HEAP_ALLOCATE|[16]|Bytes:20
20:06:36.467 (493780056)|VARIABLE_SCOPE_BEGIN|[16]|contact|Contact|true|false
20:06:36.467 (493804645)|VARIABLE_ASSIGNMENT|[16]|contact|{"Id":"0033B00000Q9qQQQAZ","Phone":"3031231234","Name":"Papa John","Email":"papa@john.com"}|0xbf9fa56
20:06:36.467 (493813295)|STATEMENT_EXECUTE|[16]
20:06:36.467 (493815396)|STATEMENT_EXECUTE|[17]
20:06:36.467 (493821909)|HEAP_ALLOCATE|[17]|Bytes:6
20:06:36.467 (493861062)|HEAP_ALLOCATE|[17]|Bytes:8
20:06:36.467 (493884528)|HEAP_ALLOCATE|[17]|Bytes:8
20:06:36.467 (493906978)|HEAP_ALLOCATE|[17]|Bytes:45
20:06:36.467 (493925113)|HEAP_ALLOCATE|[17]|Bytes:7
20:06:36.467 (493952755)|HEAP_ALLOCATE|[17]|Bytes:20
20:06:36.467 (493962464)|HEAP_ALLOCATE|[17]|Bytes:65
20:06:36.467 (493969024)|HEAP_ALLOCATE|[17]|Bytes:65
20:06:36.467 (493983715)|VARIABLE_ASSIGNMENT|[17]|outMessage|"Name: Papa John\nPhon (45 more) ..."
20:06:36.467 (494003677)|HEAP_ALLOCATE|[16]|Bytes:5
20:06:36.467 (494023109)|VARIABLE_ASSIGNMENT|[16]|contact|null|
20:06:36.467 (494030687)|STATEMENT_EXECUTE|[20]
20:06:36.467 (494065670)|HEAP_ALLOCATE|[20]|Bytes:4
20:06:36.467 (494108626)|VARIABLE_SCOPE_BEGIN|[20]|outSMS|tdc_tsw__Message__c|true|false
20:06:36.467 (494128178)|VARIABLE_ASSIGNMENT|[20]|outSMS|{}|0x427a71f5
20:06:36.467 (494135201)|STATEMENT_EXECUTE|[21]
20:06:36.467 (494139943)|HEAP_ALLOCATE|[21]|Bytes:8
20:06:36.467 (494305613)|VARIABLE_ASSIGNMENT|[21]|this.Name|"Outgoing"|0x427a71f5
20:06:36.467 (494316494)|STATEMENT_EXECUTE|[22]
20:06:36.467 (494494714)|VARIABLE_ASSIGNMENT|[22]|this.tdc_tsw__ToNumber__c|"+13038816946"|0x427a71f5
20:06:36.467 (494505443)|STATEMENT_EXECUTE|[23]
20:06:36.467 (494510995)|HEAP_ALLOCATE|[23]|Bytes:11
20:06:36.467 (494625967)|VARIABLE_ASSIGNMENT|[23]|this.tdc_tsw__Sender_Number__c|"17065037067"|0x427a71f5
20:06:36.467 (494635952)|STATEMENT_EXECUTE|[24]
20:06:36.467 (494641003)|HEAP_ALLOCATE|[24]|Bytes:18
20:06:36.467 (494655106)|HEAP_ALLOCATE|[24]|Bytes:4
20:06:36.467 (494742036)|VARIABLE_ASSIGNMENT|[24]|this.RecordTypeId|"0121H000001Ie7fQAC"|0x427a71f5
20:06:36.467 (494752845)|STATEMENT_EXECUTE|[25]
20:06:36.467 (494790970)|HEAP_ALLOCATE|[25]|Bytes:28
20:06:36.467 (494799439)|HEAP_ALLOCATE|[25]|Bytes:28
20:06:36.467 (494929189)|VARIABLE_ASSIGNMENT|[25]|this.tdc_tsw__Message_Segment__c|1|0x427a71f5
20:06:36.467 (494940061)|STATEMENT_EXECUTE|[26]
20:06:36.467 (495054569)|VARIABLE_ASSIGNMENT|[26]|this.tdc_tsw__Message_Text_New__c|"Name: Papa John\nPhon (45 more) ..."|0x427a71f5
20:06:36.467 (495065448)|STATEMENT_EXECUTE|[28]
20:06:36.467 (495070315)|HEAP_ALLOCATE|[28]|Bytes:4
20:06:36.467 (495192521)|VARIABLE_ASSIGNMENT|[28]|this.tdc_tsw__Related_Object__c|"User"|0x427a71f5
20:06:36.467 (495202630)|STATEMENT_EXECUTE|[29]
20:06:36.467 (495208301)|HEAP_ALLOCATE|[29]|Bytes:18
20:06:36.467 (495331878)|VARIABLE_ASSIGNMENT|[29]|this.tdc_tsw__Related_Object_Id__c|"0051H000009gxp8QAA"|0x427a71f5
20:06:36.467 (495342279)|STATEMENT_EXECUTE|[30]
20:06:36.467 (495453727)|VARIABLE_ASSIGNMENT|[30]|this.tdc_tsw__Template_Parse_Id__c|"0051H000009gxp8QAA"|0x427a71f5
20:06:36.467 (495467467)|STATEMENT_EXECUTE|[35]
20:06:36.467 (495507706)|HEAP_ALLOCATE|[35]|Bytes:8
20:06:36.467 (495540115)|DML_BEGIN|[35]|Op:Insert|Type:tdc_tsw__Message__c|Rows:1
20:06:36.467 (495601204)|HEAP_ALLOCATE|[EXTERNAL]|Bytes:8
20:06:36.503 (503172626)|ENTERING_MANAGED_PKG|tdc_tsw
20:06:36.503 (503498830)|CUMULATIVE_LIMIT_USAGE
20:06:36.503 (503498830)|LIMIT_USAGE_FOR_NS|(default)|
  Number of SOQL queries: 1 out of 100
  Number of query rows: 1 out of 50000
  Number of SOSL queries: 0 out of 20
  Number of DML statements: 1 out of 150
  Number of DML rows: 1 out of 10000
  Maximum CPU time: 133 out of 10000
  Maximum heap size: 0 out of 6000000
  Number of callouts: 0 out of 100
  Number of Email Invocations: 0 out of 10
  Number of future calls: 0 out of 50
  Number of queueable jobs added to the queue: 0 out of 50
  Number of Mobile Apex push calls: 0 out of 10

20:06:36.503 (503498830)|LIMIT_USAGE_FOR_NS|tdc_tsw|
  Number of SOQL queries: 5 out of 100
  Number of query rows: 5 out of 50000
  Number of SOSL queries: 0 out of 20
  Number of DML statements: 1 out of 150
  Number of DML rows: 1 out of 10000
  Maximum CPU time: 0 out of 10000
  Maximum heap size: 0 out of 6000000
  Number of callouts: 0 out of 100
  Number of Email Invocations: 0 out of 10
  Number of future calls: 0 out of 50
  Number of queueable jobs added to the queue: 0 out of 50
  Number of Mobile Apex push calls: 0 out of 10

20:06:36.503 (503498830)|CUMULATIVE_LIMIT_USAGE_END

20:06:36.467 (505572379)|CODE_UNIT_STARTED|[EXTERNAL]|01q3B000000BQrG|SMS360BeforeInsert on Message trigger event BeforeInsert|__sfdc_trigger/SMS360BeforeInsert
20:06:36.467 (505623822)|HEAP_ALLOCATE|[EXTERNAL]|Bytes:8
20:06:36.467 (505660183)|HEAP_ALLOCATE|[EXTERNAL]|Bytes:4
20:06:36.467 (505670583)|VARIABLE_SCOPE_BEGIN|[5]|this|SMS360BeforeInsert|true|false
20:06:36.467 (505714822)|VARIABLE_ASSIGNMENT|[5]|this|{}|0x2fd49fb9
20:06:36.467 (505773300)|HEAP_ALLOCATE|[EXTERNAL]|Bytes:4
20:06:36.467 (505785923)|VARIABLE_SCOPE_BEGIN|[5]|this|SMS360BeforeInsert|true|false
20:06:36.467 (505804169)|VARIABLE_ASSIGNMENT|[5]|this|{}|0x2fd49fb9
20:06:36.467 (505813348)|STATEMENT_EXECUTE|[5]
20:06:36.467 (505827529)|STATEMENT_EXECUTE|[6]
20:06:36.467 (505897729)|HEAP_ALLOCATE|[7]|Bytes:5
20:06:36.467 (505949311)|HEAP_ALLOCATE|[7]|Bytes:4
20:06:36.467 (505966742)|VARIABLE_SCOPE_BEGIN|[7]|message|tdc_tsw__Message__c|true|false
20:06:36.467 (511208018)|VARIABLE_ASSIGNMENT|[7]|message|{"tdc_tsw__Related_Object__c":"User","tdc_tsw__ToNumber__c":"+13038816946","IsDeleted":false,"tdc_tsw__Sender_Number__c":"17065037067","tdc_tsw__Incoming_Status__c":"Not Read","tdc_tsw__isCaseCreated__c":false,"tdc_tsw__Read__c":false,"tdc_tsw__Message_Segment__c":1,"tdc_tsw__Read_Status__c":"Unread","tdc_tsw__Task_Created__c":false,"tdc_tsw__Related_Object_Id__c":"0051H000009gxp8QAA","Name":"Outgoing","tdc_tsw__Event_Created__c":false,"tdc_tsw__Message_Text_New__c":"Name: Papa John\nPhon (45 more) ...","tdc_tsw__Is_Keyword_Based__c":false,"OwnerId":"0051H000009gxp8QAA","tdc_tsw__Related_Object_Id_URL__c":"_HL_ENCODED_https:// (82 more) ...","tdc_tsw__isLeadCreated__c":false,"RecordTypeId":"0121H000001Ie7fQAC","tdc_tsw__Delivered_SMS__c":"_IM1_/resource/tdc_t (27 more) ...","tdc_tsw__Important__c":false,"tdc_tsw__Delivered__c":false,"tdc_tsw__Template_Parse_Id__c":"0051H000009gxp8QAA","tdc_tsw__Delivery_Status__c":"Sent"}|0xd6c4e2a
20:06:36.467 (511249260)|STATEMENT_EXECUTE|[7]
20:06:36.467 (511279413)|STATEMENT_EXECUTE|[8]
20:06:36.467 (511303169)|HEAP_ALLOCATE|[7]|Bytes:5
20:06:36.467 (511327616)|VARIABLE_ASSIGNMENT|[7]|message|null|
20:06:36.511 (511352701)|CUMULATIVE_LIMIT_USAGE
20:06:36.511 (511352701)|LIMIT_USAGE_FOR_NS|(default)|
  Number of SOQL queries: 1 out of 100
  Number of query rows: 1 out of 50000
  Number of SOSL queries: 0 out of 20
  Number of DML statements: 1 out of 150
  Number of DML rows: 1 out of 10000
  Maximum CPU time: 133 out of 10000
  Maximum heap size: 0 out of 6000000
  Number of callouts: 0 out of 100
  Number of Email Invocations: 0 out of 10
  Number of future calls: 0 out of 50
  Number of queueable jobs added to the queue: 0 out of 50
  Number of Mobile Apex push calls: 0 out of 10

20:06:36.511 (511352701)|LIMIT_USAGE_FOR_NS|tdc_tsw|
  Number of SOQL queries: 5 out of 100
  Number of query rows: 5 out of 50000
  Number of SOSL queries: 0 out of 20
  Number of DML statements: 1 out of 150
  Number of DML rows: 1 out of 10000
  Maximum CPU time: 0 out of 10000
  Maximum heap size: 0 out of 6000000
  Number of callouts: 0 out of 100
  Number of Email Invocations: 0 out of 10
  Number of future calls: 0 out of 50
  Number of queueable jobs added to the queue: 0 out of 50
  Number of Mobile Apex push calls: 0 out of 10

20:06:36.511 (511352701)|CUMULATIVE_LIMIT_USAGE_END

20:06:36.467 (512370774)|CODE_UNIT_FINISHED|SMS360BeforeInsert on Message trigger event BeforeInsert|__sfdc_trigger/SMS360BeforeInsert
20:06:36.582 (582843662)|ENTERING_MANAGED_PKG|tdc_tsw
20:06:36.582 (591720742)|ENTERING_MANAGED_PKG|tdc_tsw
20:06:36.582 (592402285)|ENTERING_MANAGED_PKG|tdc_tsw
20:06:36.582 (592642888)|ENTERING_MANAGED_PKG|tdc_tsw
20:06:36.582 (597114209)|SOQL_EXECUTE_BEGIN|[15]|Aggregations:0|SELECT Id, Email FROM User WHERE isActive = TRUE LIMIT 10000
20:06:36.582 (605657070)|SOQL_EXECUTE_END|[15]|Rows:9
20:06:36.582 (607543724)|ENTERING_MANAGED_PKG|tdc_tsw
20:06:36.582 (627579038)|SOQL_EXECUTE_BEGIN|[434]|Aggregations:0|SELECT id, name, First_Question__c, Question_Text__c, Question__c, Question_Label__c, Object__c, tdc_tsw__Survey__c, Survey__r.name FROM Question__c WHERE id = :tmpVar1
20:06:36.582 (632546118)|SOQL_EXECUTE_END|[434]|Rows:0
20:06:36.582 (633363291)|ENTERING_MANAGED_PKG|tdc_tsw
20:06:36.582 (641339805)|SOQL_EXECUTE_BEGIN|[628]|Aggregations:0|Select id, leadId, contactId from CampaignMember where Id In : Ids
20:06:36.582 (644511962)|SOQL_EXECUTE_END|[628]|Rows:0
20:06:36.645 (645321004)|CUMULATIVE_LIMIT_USAGE
20:06:36.645 (645321004)|LIMIT_USAGE_FOR_NS|(default)|
  Number of SOQL queries: 1 out of 100
  Number of query rows: 1 out of 50000
  Number of SOSL queries: 0 out of 20
  Number of DML statements: 1 out of 150
  Number of DML rows: 1 out of 10000
  Maximum CPU time: 133 out of 10000
  Maximum heap size: 0 out of 6000000
  Number of callouts: 0 out of 100
  Number of Email Invocations: 0 out of 10
  Number of future calls: 0 out of 50
  Number of queueable jobs added to the queue: 0 out of 50
  Number of Mobile Apex push calls: 0 out of 10

20:06:36.645 (645321004)|LIMIT_USAGE_FOR_NS|tdc_tsw|
  Number of SOQL queries: 8 out of 100
  Number of query rows: 14 out of 50000
  Number of SOSL queries: 0 out of 20
  Number of DML statements: 1 out of 150
  Number of DML rows: 1 out of 10000
  Maximum CPU time: 0 out of 10000
  Maximum heap size: 0 out of 6000000
  Number of callouts: 0 out of 100
  Number of Email Invocations: 0 out of 10
  Number of future calls: 0 out of 50
  Number of queueable jobs added to the queue: 0 out of 50
  Number of Mobile Apex push calls: 0 out of 10

20:06:36.645 (645321004)|CUMULATIVE_LIMIT_USAGE_END

20:06:36.467 (647119142)|CODE_UNIT_STARTED|[EXTERNAL]|Workflow:01I1H000002TaFt
20:06:36.467 (660881191)|WF_RULE_EVAL_BEGIN|Workflow
20:06:36.467 (660946807)|WF_CRITERIA_BEGIN|[SMS History: Outgoing a173B000000sZBm]|SMS_History_Master_Updater_Process3011H000000cFZw|01Q3B0000002YYM|ON_CREATE_ONLY|0
20:06:36.467 (661101039)|WF_FORMULA|Formula:ENCODED:[treatNullAsNull]true|Values:
20:06:36.467 (661112530)|WF_CRITERIA_END|true
20:06:36.467 (675019540)|WF_SPOOL_ACTION_BEGIN|Workflow
20:06:36.467 (675070032)|WF_ACTION| Flow Trigger: 1;
20:06:36.467 (675078259)|WF_RULE_EVAL_END
20:06:36.467 (686626645)|WF_FLOW_ACTION_BEGIN|09L3B0000009Hpc
20:06:36.467 (862440903)|WF_FLOW_ACTION_END|09L3B0000009Hpc
20:06:36.467 (862596332)|WF_ACTIONS_END| Flow Trigger: 1;
20:06:36.467 (862612951)|CODE_UNIT_FINISHED|Workflow:01I1H000002TaFt
20:06:36.467 (864789143)|DML_END|[35]
20:06:36.467 (864860971)|HEAP_ALLOCATE|[7]|Bytes:5
20:06:36.467 (864907245)|VARIABLE_ASSIGNMENT|[7]|message|null|
20:06:36.864 (864933299)|CUMULATIVE_LIMIT_USAGE
20:06:36.864 (864933299)|LIMIT_USAGE_FOR_NS|(default)|
  Number of SOQL queries: 1 out of 100
  Number of query rows: 1 out of 50000
  Number of SOSL queries: 0 out of 20
  Number of DML statements: 1 out of 150
  Number of DML rows: 1 out of 10000
  Maximum CPU time: 133 out of 10000
  Maximum heap size: 0 out of 6000000
  Number of callouts: 0 out of 100
  Number of Email Invocations: 0 out of 10
  Number of future calls: 0 out of 50
  Number of queueable jobs added to the queue: 0 out of 50
  Number of Mobile Apex push calls: 0 out of 10

20:06:36.864 (864933299)|LIMIT_USAGE_FOR_NS|tdc_tsw|
  Number of SOQL queries: 8 out of 100
  Number of query rows: 14 out of 50000
  Number of SOSL queries: 0 out of 20
  Number of DML statements: 1 out of 150
  Number of DML rows: 1 out of 10000
  Maximum CPU time: 0 out of 10000
  Maximum heap size: 0 out of 6000000
  Number of callouts: 0 out of 100
  Number of Email Invocations: 0 out of 10
  Number of future calls: 0 out of 50
  Number of queueable jobs added to the queue: 0 out of 50
  Number of Mobile Apex push calls: 0 out of 10

20:06:36.864 (864933299)|CUMULATIVE_LIMIT_USAGE_END

20:06:36.2 (903054976)|ENTERING_MANAGED_PKG|tdc_tsw
20:06:36.2 (903366345)|ENTERING_MANAGED_PKG|tdc_tsw
20:06:36.2 (904035954)|ENTERING_MANAGED_PKG|tdc_tsw
20:06:36.2 (906600134)|SOQL_EXECUTE_BEGIN|[15]|Aggregations:0|SELECT Id, Email FROM User WHERE isActive = TRUE LIMIT 10000
20:06:36.2 (913033557)|SOQL_EXECUTE_END|[15]|Rows:9
20:06:36.2 (914322919)|SOQL_EXECUTE_BEGIN|[42]|Aggregations:0|SELECT Id, Sender_Name__c, Sender_Number__c FROM Message__c WHERE id = :tmpVar1
20:06:36.2 (917125020)|SOQL_EXECUTE_END|[42]|Rows:1
20:06:36.2 (919454492)|SOQL_EXECUTE_BEGIN|[70]|Aggregations:0|select Name from User where id = '0051H000009gxp8QAA'
20:06:36.2 (924797221)|SOQL_EXECUTE_END|[70]|Rows:1
20:06:36.2 (925637712)|DML_BEGIN|[97]|Op:Update|Type:tdc_tsw__Message__c|Rows:1
20:06:36.2 (945836033)|DML_END|[97]
20:06:36.2 (951078975)|SOQL_EXECUTE_BEGIN|[236]|Aggregations:0|SELECT id, subject, developername, htmlValue, body FROM EmailTemplate WHERE developername = 'Incoming_Message_Alert' LIMIT 1
20:06:37.21 (1021470993)|SOQL_EXECUTE_END|[236]|Rows:1
20:06:37.21 (1023771507)|ENTERING_MANAGED_PKG|tdc_tsw
20:06:37.21 (1023858508)|ENTERING_MANAGED_PKG|tdc_tsw
20:06:37.21 (1059680311)|SOQL_EXECUTE_BEGIN|[758]|Aggregations:0|select tdc_tsw__ToNumber__c, tdc_tsw__Sender_Number__c, tdc_tsw__Sender_Name__c, Id, tdc_tsw__Related_Object_Id_URL__c, tdc_tsw__Message_Text_New__c from tdc_tsw__Message__c where id ='a173B000000sZBnQAM' Limit 1
20:06:37.21 (1069043555)|SOQL_EXECUTE_END|[758]|Rows:1
20:06:37.21 (1070285746)|ENTERING_MANAGED_PKG|tdc_tsw
20:06:37.21 (1071718650)|ENTERING_MANAGED_PKG|tdc_tsw
20:06:37.21 (1072683572)|ENTERING_MANAGED_PKG|tdc_tsw
20:06:37.21 (1073626760)|ENTERING_MANAGED_PKG|tdc_tsw
20:06:37.21 (1074500652)|ENTERING_MANAGED_PKG|tdc_tsw
20:06:37.21 (1075479349)|ENTERING_MANAGED_PKG|tdc_tsw
20:06:37.21 (1076461624)|ENTERING_MANAGED_PKG|tdc_tsw
20:06:37.21 (1101292007)|SOQL_EXECUTE_BEGIN|[758]|Aggregations:0|select tdc_tsw__ToNumber__c, tdc_tsw__Sender_Number__c, tdc_tsw__Sender_Name__c, tdc_tsw__Related_Object_Id_URL__c, tdc_tsw__Message_Text_New__c from tdc_tsw__Message__c where id ='a173B000000sZBnQAM' Limit 1
20:06:37.21 (1110822959)|SOQL_EXECUTE_END|[758]|Rows:1
20:06:37.21 (1111691963)|ENTERING_MANAGED_PKG|tdc_tsw
20:06:37.21 (1112491279)|ENTERING_MANAGED_PKG|tdc_tsw
20:06:37.21 (1113231593)|ENTERING_MANAGED_PKG|tdc_tsw
20:06:37.21 (1113938740)|ENTERING_MANAGED_PKG|tdc_tsw
20:06:37.21 (1114661656)|ENTERING_MANAGED_PKG|tdc_tsw
20:06:37.21 (1115531412)|SOQL_EXECUTE_BEGIN|[248]|Aggregations:0|SELECT Id, IsSandbox, Name FROM Organization LIMIT 1
20:06:37.21 (1120155912)|SOQL_EXECUTE_END|[248]|Rows:1
20:06:37.21 (1121546876)|ENTERING_MANAGED_PKG|tdc_tsw
20:06:37.21 (1122588383)|SOQL_EXECUTE_BEGIN|[434]|Aggregations:0|SELECT id, name, First_Question__c, Question_Text__c, Question__c, Question_Label__c, Object__c, tdc_tsw__Survey__c, Survey__r.name FROM Question__c WHERE id = :tmpVar1
20:06:37.21 (1125534744)|SOQL_EXECUTE_END|[434]|Rows:0
20:06:37.21 (1126040652)|ENTERING_MANAGED_PKG|tdc_tsw
20:06:37.21 (1126580798)|SOQL_EXECUTE_BEGIN|[628]|Aggregations:0|Select id, leadId, contactId from CampaignMember where Id In : Ids
20:06:37.21 (1128536373)|SOQL_EXECUTE_END|[628]|Rows:0
20:06:37.129 (1129028159)|CUMULATIVE_LIMIT_USAGE
20:06:37.129 (1129028159)|LIMIT_USAGE_FOR_NS|(default)|
  Number of SOQL queries: 1 out of 100
  Number of query rows: 1 out of 50000
  Number of SOSL queries: 0 out of 20
  Number of DML statements: 1 out of 150
  Number of DML rows: 1 out of 10000
  Maximum CPU time: 219 out of 10000
  Maximum heap size: 0 out of 6000000
  Number of callouts: 0 out of 100
  Number of Email Invocations: 0 out of 10
  Number of future calls: 0 out of 50
  Number of queueable jobs added to the queue: 0 out of 50
  Number of Mobile Apex push calls: 0 out of 10

20:06:37.129 (1129028159)|LIMIT_USAGE_FOR_NS|tdc_tsw|
  Number of SOQL queries: 17 out of 100
  Number of query rows: 29 out of 50000
  Number of SOSL queries: 0 out of 20
  Number of DML statements: 2 out of 150
  Number of DML rows: 2 out of 10000
  Maximum CPU time: 0 out of 10000
  Maximum heap size: 0 out of 6000000
  Number of callouts: 0 out of 100
  Number of Email Invocations: 0 out of 10
  Number of future calls: 0 out of 50
  Number of queueable jobs added to the queue: 0 out of 50
  Number of Mobile Apex push calls: 0 out of 10

20:06:37.129 (1129028159)|CUMULATIVE_LIMIT_USAGE_END

20:06:37.21 (1367347328)|DML_END|[557]
20:06:37.21 (1367617369)|ENTERING_MANAGED_PKG|tdc_tsw
20:06:37.21 (1370632812)|SOQL_EXECUTE_BEGIN|[1091]|Aggregations:0|SELECT id, name, Brief_Description__c, Keywords__c, Active__c FROM Survey__c WHERE (Active__c = TRUE AND Keywords__c != NULL) LIMIT 999
20:06:37.21 (1375713306)|SOQL_EXECUTE_END|[1091]|Rows:0
20:06:37.21 (1379473617)|ENTERING_MANAGED_PKG|tdc_tsw
20:06:37.21 (1379551693)|ENTERING_MANAGED_PKG|tdc_tsw
20:06:37.21 (1379629773)|ENTERING_MANAGED_PKG|tdc_tsw
20:06:37.21 (1388447495)|ENTERING_MANAGED_PKG|tdc_tsw
20:06:37.21 (1388630638)|ENTERING_MANAGED_PKG|tdc_tsw
20:06:37.21 (1388692809)|ENTERING_MANAGED_PKG|tdc_tsw
20:06:37.21 (1388812624)|ENTERING_MANAGED_PKG|tdc_tsw
20:06:37.21 (1388856535)|ENTERING_MANAGED_PKG|tdc_tsw
20:06:37.21 (1390456942)|ENTERING_MANAGED_PKG|tdc_tsw
20:06:37.21 (1391685762)|ENTERING_MANAGED_PKG|tdc_tsw
20:06:37.21 (1391749955)|ENTERING_MANAGED_PKG|tdc_tsw
20:06:37.21 (1391787464)|ENTERING_MANAGED_PKG|tdc_tsw
20:06:37.21 (1391892156)|ENTERING_MANAGED_PKG|tdc_tsw
20:06:37.21 (1391982968)|ENTERING_MANAGED_PKG|tdc_tsw
20:06:37.21 (1392021771)|ENTERING_MANAGED_PKG|tdc_tsw
20:06:37.21 (1392116330)|ENTERING_MANAGED_PKG|tdc_tsw
20:06:37.21 (1393119325)|ENTERING_MANAGED_PKG|tdc_tsw
20:06:37.21 (1394602143)|ENTERING_MANAGED_PKG|tdc_tsw
