44.0 APEX_CODE,FINEST;APEX_PROFILING,INFO;CALLOUT,INFO;DB,INFO;NBA,INFO;SYSTEM,DEBUG;VALIDATION,INFO;VISUALFORCE,INFO;WAVE,INFO;WORKFLOW,INFO
13:47:09.0 (166038)|USER_INFO|[EXTERNAL]|0051H000009gxp8|chanida.dev2@solvedbysoftwareco.com|Eastern Standard Time|GMT-05:00
13:47:09.0 (2077363)|ENTERING_MANAGED_PKG|tdc_tsw
13:47:09.0 (2502469)|ENTERING_MANAGED_PKG|tdc_tsw
13:47:09.0 (7163887)|SOQL_EXECUTE_BEGIN|[16]|Aggregations:0|SELECT id, name, Disable_Incoming_SMS_Sharing__c FROM User WHERE id = :tmpVar1
13:47:09.0 (14663705)|SOQL_EXECUTE_END|[16]|Rows:1
13:47:09.0 (22593716)|SOQL_EXECUTE_BEGIN|[37]|Aggregations:0|SELECT CreatedDate,Created_Date__c,Id,LastModifiedDate,MessageId__c,Message_Text_New__c,Name,OwnerId,Read__c,Related_Object_Id__c,Related_Object__c,Sender_Number__c, Sender_Name__c,ToNumber__c,Attachments_Ids__c FROM Message__c WHERE Name = 'Incoming' AND Read__c = false ORDER BY CreatedDate Desc limit 100
13:47:09.0 (60653733)|SOQL_EXECUTE_END|[37]|Rows:100
13:47:09.0 (125869619)|ENTERING_MANAGED_PKG|tdc_tsw
13:47:09.0 (127512899)|ENTERING_MANAGED_PKG|tdc_tsw
13:47:09.0 (127986828)|ENTERING_MANAGED_PKG|tdc_tsw
13:47:09.0 (128633467)|ENTERING_MANAGED_PKG|tdc_tsw
13:47:09.0 (131950713)|ENTERING_MANAGED_PKG|tdc_tsw
13:47:09.0 (133194776)|ENTERING_MANAGED_PKG|tdc_tsw
13:47:09.0 (133444099)|ENTERING_MANAGED_PKG|tdc_tsw
13:47:09.0 (134153925)|ENTERING_MANAGED_PKG|tdc_tsw
13:47:09.0 (135748489)|ENTERING_MANAGED_PKG|tdc_tsw
13:47:09.0 (137194884)|ENTERING_MANAGED_PKG|tdc_tsw
13:47:09.0 (137653295)|ENTERING_MANAGED_PKG|tdc_tsw
13:47:09.0 (138392829)|ENTERING_MANAGED_PKG|tdc_tsw
13:47:09.0 (139650301)|ENTERING_MANAGED_PKG|tdc_tsw
13:47:09.0 (140525473)|ENTERING_MANAGED_PKG|tdc_tsw
13:47:09.0 (140893675)|ENTERING_MANAGED_PKG|tdc_tsw
13:47:09.0 (141710609)|ENTERING_MANAGED_PKG|tdc_tsw
13:47:09.0 (143533811)|ENTERING_MANAGED_PKG|tdc_tsw
13:47:09.0 (145004787)|ENTERING_MANAGED_PKG|tdc_tsw
13:47:09.0 (145460736)|ENTERING_MANAGED_PKG|tdc_tsw
13:47:09.0 (145894943)|ENTERING_MANAGED_PKG|tdc_tsw
13:47:09.0 (147216097)|ENTERING_MANAGED_PKG|tdc_tsw
13:47:09.0 (148192172)|ENTERING_MANAGED_PKG|tdc_tsw
13:47:09.0 (148638977)|ENTERING_MANAGED_PKG|tdc_tsw
13:47:09.0 (149397926)|ENTERING_MANAGED_PKG|tdc_tsw
13:47:09.0 (151273538)|ENTERING_MANAGED_PKG|tdc_tsw
13:47:09.0 (152703279)|ENTERING_MANAGED_PKG|tdc_tsw
13:47:09.0 (153176425)|ENTERING_MANAGED_PKG|tdc_tsw
13:47:09.0 (154006900)|ENTERING_MANAGED_PKG|tdc_tsw
13:47:09.0 (156228535)|ENTERING_MANAGED_PKG|tdc_tsw
13:47:09.0 (157760045)|ENTERING_MANAGED_PKG|tdc_tsw
13:47:09.0 (158240522)|ENTERING_MANAGED_PKG|tdc_tsw
13:47:09.0 (159089504)|ENTERING_MANAGED_PKG|tdc_tsw
13:47:09.0 (161307227)|ENTERING_MANAGED_PKG|tdc_tsw
13:47:09.0 (162850101)|ENTERING_MANAGED_PKG|tdc_tsw
13:47:09.0 (163305398)|ENTERING_MANAGED_PKG|tdc_tsw
13:47:09.0 (164136266)|ENTERING_MANAGED_PKG|tdc_tsw
13:47:09.0 (166327785)|ENTERING_MANAGED_PKG|tdc_tsw
13:47:09.0 (167871607)|ENTERING_MANAGED_PKG|tdc_tsw
13:47:09.0 (168337299)|ENTERING_MANAGED_PKG|tdc_tsw
13:47:09.0 (169197447)|ENTERING_MANAGED_PKG|tdc_tsw
13:47:09.0 (171392513)|ENTERING_MANAGED_PKG|tdc_tsw
13:47:09.0 (172913662)|ENTERING_MANAGED_PKG|tdc_tsw
13:47:09.0 (173382104)|ENTERING_MANAGED_PKG|tdc_tsw
13:47:09.0 (174229629)|ENTERING_MANAGED_PKG|tdc_tsw
13:47:09.0 (176145681)|ENTERING_MANAGED_PKG|tdc_tsw
13:47:09.0 (177713757)|ENTERING_MANAGED_PKG|tdc_tsw
13:47:09.0 (178191551)|ENTERING_MANAGED_PKG|tdc_tsw
13:47:09.0 (178995294)|ENTERING_MANAGED_PKG|tdc_tsw
13:47:09.0 (181225322)|ENTERING_MANAGED_PKG|tdc_tsw
13:47:09.0 (182226335)|ENTERING_MANAGED_PKG|tdc_tsw
13:47:09.0 (182465249)|ENTERING_MANAGED_PKG|tdc_tsw
13:47:09.0 (182862161)|ENTERING_MANAGED_PKG|tdc_tsw
13:47:09.0 (183953732)|ENTERING_MANAGED_PKG|tdc_tsw
13:47:09.0 (184680335)|ENTERING_MANAGED_PKG|tdc_tsw
13:47:09.0 (184930296)|ENTERING_MANAGED_PKG|tdc_tsw
13:47:09.0 (185312398)|ENTERING_MANAGED_PKG|tdc_tsw
13:47:09.0 (186375474)|ENTERING_MANAGED_PKG|tdc_tsw
13:47:09.0 (187108236)|ENTERING_MANAGED_PKG|tdc_tsw
13:47:09.0 (187335955)|ENTERING_MANAGED_PKG|tdc_tsw
13:47:09.0 (187715650)|ENTERING_MANAGED_PKG|tdc_tsw
13:47:09.0 (188769703)|ENTERING_MANAGED_PKG|tdc_tsw
13:47:09.0 (189509418)|ENTERING_MANAGED_PKG|tdc_tsw
13:47:09.0 (189738462)|ENTERING_MANAGED_PKG|tdc_tsw
13:47:09.0 (190133909)|ENTERING_MANAGED_PKG|tdc_tsw
13:47:09.0 (191201388)|ENTERING_MANAGED_PKG|tdc_tsw
13:47:09.0 (191960670)|ENTERING_MANAGED_PKG|tdc_tsw
13:47:09.0 (192190121)|ENTERING_MANAGED_PKG|tdc_tsw
13:47:09.0 (192569392)|ENTERING_MANAGED_PKG|tdc_tsw
13:47:09.0 (193650159)|ENTERING_MANAGED_PKG|tdc_tsw
13:47:09.0 (194380932)|ENTERING_MANAGED_PKG|tdc_tsw
13:47:09.0 (194607412)|ENTERING_MANAGED_PKG|tdc_tsw
13:47:09.0 (194992621)|ENTERING_MANAGED_PKG|tdc_tsw
13:47:09.0 (196049517)|ENTERING_MANAGED_PKG|tdc_tsw
13:47:09.0 (196777915)|ENTERING_MANAGED_PKG|tdc_tsw
13:47:09.0 (197031224)|ENTERING_MANAGED_PKG|tdc_tsw
13:47:09.0 (197408987)|ENTERING_MANAGED_PKG|tdc_tsw
13:47:09.0 (198467961)|ENTERING_MANAGED_PKG|tdc_tsw
13:47:09.0 (199201517)|ENTERING_MANAGED_PKG|tdc_tsw
13:47:09.0 (199426651)|ENTERING_MANAGED_PKG|tdc_tsw
13:47:09.0 (199804120)|ENTERING_MANAGED_PKG|tdc_tsw
13:47:09.0 (200855090)|ENTERING_MANAGED_PKG|tdc_tsw
13:47:09.0 (201626576)|ENTERING_MANAGED_PKG|tdc_tsw
13:47:09.0 (201851467)|ENTERING_MANAGED_PKG|tdc_tsw
13:47:09.0 (202244789)|ENTERING_MANAGED_PKG|tdc_tsw
13:47:09.0 (203287655)|ENTERING_MANAGED_PKG|tdc_tsw
13:47:09.0 (204018874)|ENTERING_MANAGED_PKG|tdc_tsw
13:47:09.0 (204247324)|ENTERING_MANAGED_PKG|tdc_tsw
13:47:09.0 (204624293)|ENTERING_MANAGED_PKG|tdc_tsw
13:47:09.0 (205692523)|ENTERING_MANAGED_PKG|tdc_tsw
13:47:09.0 (206433241)|ENTERING_MANAGED_PKG|tdc_tsw
13:47:09.0 (206662030)|ENTERING_MANAGED_PKG|tdc_tsw
13:47:09.0 (207056173)|ENTERING_MANAGED_PKG|tdc_tsw
13:47:09.0 (208434243)|ENTERING_MANAGED_PKG|tdc_tsw
13:47:09.0 (209180073)|ENTERING_MANAGED_PKG|tdc_tsw
13:47:09.0 (209406872)|ENTERING_MANAGED_PKG|tdc_tsw
13:47:09.0 (209787114)|ENTERING_MANAGED_PKG|tdc_tsw
13:47:09.0 (210841893)|ENTERING_MANAGED_PKG|tdc_tsw
13:47:09.0 (211564275)|ENTERING_MANAGED_PKG|tdc_tsw
13:47:09.0 (211790811)|ENTERING_MANAGED_PKG|tdc_tsw
13:47:09.0 (212188562)|ENTERING_MANAGED_PKG|tdc_tsw
13:47:09.0 (213243851)|ENTERING_MANAGED_PKG|tdc_tsw
13:47:09.0 (213975089)|ENTERING_MANAGED_PKG|tdc_tsw
13:47:09.0 (214201289)|ENTERING_MANAGED_PKG|tdc_tsw
13:47:09.0 (214582651)|ENTERING_MANAGED_PKG|tdc_tsw
13:47:09.0 (215647287)|ENTERING_MANAGED_PKG|tdc_tsw
13:47:09.0 (216394213)|ENTERING_MANAGED_PKG|tdc_tsw
13:47:09.0 (216622659)|ENTERING_MANAGED_PKG|tdc_tsw
13:47:09.0 (217047111)|ENTERING_MANAGED_PKG|tdc_tsw
13:47:09.0 (218149904)|ENTERING_MANAGED_PKG|tdc_tsw
13:47:09.0 (218894715)|ENTERING_MANAGED_PKG|tdc_tsw
13:47:09.0 (219122013)|ENTERING_MANAGED_PKG|tdc_tsw
13:47:09.0 (219501530)|ENTERING_MANAGED_PKG|tdc_tsw
13:47:09.0 (220564700)|ENTERING_MANAGED_PKG|tdc_tsw
13:47:09.0 (221315781)|ENTERING_MANAGED_PKG|tdc_tsw
13:47:09.0 (221543898)|ENTERING_MANAGED_PKG|tdc_tsw
13:47:09.0 (221941162)|ENTERING_MANAGED_PKG|tdc_tsw
13:47:09.0 (222996508)|ENTERING_MANAGED_PKG|tdc_tsw
13:47:09.0 (223727884)|ENTERING_MANAGED_PKG|tdc_tsw
13:47:09.0 (223978525)|ENTERING_MANAGED_PKG|tdc_tsw
13:47:09.0 (224358797)|ENTERING_MANAGED_PKG|tdc_tsw
13:47:09.0 (225423297)|ENTERING_MANAGED_PKG|tdc_tsw
13:47:09.0 (226168139)|ENTERING_MANAGED_PKG|tdc_tsw
13:47:09.0 (226403676)|ENTERING_MANAGED_PKG|tdc_tsw
13:47:09.0 (226781569)|ENTERING_MANAGED_PKG|tdc_tsw
13:47:09.0 (227827961)|ENTERING_MANAGED_PKG|tdc_tsw
13:47:09.0 (228571645)|ENTERING_MANAGED_PKG|tdc_tsw
13:47:09.0 (228799084)|ENTERING_MANAGED_PKG|tdc_tsw
13:47:09.0 (229199037)|ENTERING_MANAGED_PKG|tdc_tsw
13:47:09.0 (230255112)|ENTERING_MANAGED_PKG|tdc_tsw
13:47:09.0 (230985215)|ENTERING_MANAGED_PKG|tdc_tsw
13:47:09.0 (231211621)|ENTERING_MANAGED_PKG|tdc_tsw
13:47:09.0 (231589651)|ENTERING_MANAGED_PKG|tdc_tsw
13:47:09.0 (232660732)|ENTERING_MANAGED_PKG|tdc_tsw
13:47:09.0 (233401595)|ENTERING_MANAGED_PKG|tdc_tsw
13:47:09.0 (233630336)|ENTERING_MANAGED_PKG|tdc_tsw
13:47:09.0 (234025875)|ENTERING_MANAGED_PKG|tdc_tsw
13:47:09.0 (235071671)|ENTERING_MANAGED_PKG|tdc_tsw
13:47:09.0 (235777336)|ENTERING_MANAGED_PKG|tdc_tsw
13:47:09.0 (236024989)|ENTERING_MANAGED_PKG|tdc_tsw
13:47:09.0 (236404683)|ENTERING_MANAGED_PKG|tdc_tsw
13:47:09.0 (237457585)|ENTERING_MANAGED_PKG|tdc_tsw
13:47:09.0 (238180948)|ENTERING_MANAGED_PKG|tdc_tsw
13:47:09.0 (238407888)|ENTERING_MANAGED_PKG|tdc_tsw
13:47:09.0 (238785454)|ENTERING_MANAGED_PKG|tdc_tsw
13:47:09.0 (239841484)|ENTERING_MANAGED_PKG|tdc_tsw
13:47:09.0 (240561491)|ENTERING_MANAGED_PKG|tdc_tsw
13:47:09.0 (240785807)|ENTERING_MANAGED_PKG|tdc_tsw
13:47:09.0 (241182802)|ENTERING_MANAGED_PKG|tdc_tsw
13:47:09.0 (242236789)|ENTERING_MANAGED_PKG|tdc_tsw
13:47:09.0 (242960705)|ENTERING_MANAGED_PKG|tdc_tsw
13:47:09.0 (243183902)|ENTERING_MANAGED_PKG|tdc_tsw
13:47:09.0 (243561225)|ENTERING_MANAGED_PKG|tdc_tsw
13:47:09.0 (244610942)|ENTERING_MANAGED_PKG|tdc_tsw
13:47:09.0 (245333180)|ENTERING_MANAGED_PKG|tdc_tsw
13:47:09.0 (245558109)|ENTERING_MANAGED_PKG|tdc_tsw
13:47:09.0 (245955458)|ENTERING_MANAGED_PKG|tdc_tsw
13:47:09.0 (246993808)|ENTERING_MANAGED_PKG|tdc_tsw
13:47:09.0 (247697524)|ENTERING_MANAGED_PKG|tdc_tsw
13:47:09.0 (247941280)|ENTERING_MANAGED_PKG|tdc_tsw
13:47:09.0 (248316197)|ENTERING_MANAGED_PKG|tdc_tsw
13:47:09.0 (249369740)|ENTERING_MANAGED_PKG|tdc_tsw
13:47:09.0 (250091866)|ENTERING_MANAGED_PKG|tdc_tsw
13:47:09.0 (250320097)|ENTERING_MANAGED_PKG|tdc_tsw
13:47:09.0 (250698794)|ENTERING_MANAGED_PKG|tdc_tsw
13:47:09.0 (251746161)|ENTERING_MANAGED_PKG|tdc_tsw
13:47:09.0 (252469218)|ENTERING_MANAGED_PKG|tdc_tsw
13:47:09.0 (252696244)|ENTERING_MANAGED_PKG|tdc_tsw
13:47:09.0 (253158314)|ENTERING_MANAGED_PKG|tdc_tsw
13:47:09.0 (254218748)|ENTERING_MANAGED_PKG|tdc_tsw
13:47:09.0 (254932557)|ENTERING_MANAGED_PKG|tdc_tsw
13:47:09.0 (255155719)|ENTERING_MANAGED_PKG|tdc_tsw
13:47:09.0 (255530979)|ENTERING_MANAGED_PKG|tdc_tsw
13:47:09.0 (256607382)|ENTERING_MANAGED_PKG|tdc_tsw
13:47:09.0 (257335827)|ENTERING_MANAGED_PKG|tdc_tsw
13:47:09.0 (257559898)|ENTERING_MANAGED_PKG|tdc_tsw
13:47:09.0 (257955689)|ENTERING_MANAGED_PKG|tdc_tsw
13:47:09.0 (259004717)|ENTERING_MANAGED_PKG|tdc_tsw
13:47:09.0 (259744622)|ENTERING_MANAGED_PKG|tdc_tsw
13:47:09.0 (260012808)|ENTERING_MANAGED_PKG|tdc_tsw
13:47:09.0 (260389488)|ENTERING_MANAGED_PKG|tdc_tsw
13:47:09.0 (261482438)|ENTERING_MANAGED_PKG|tdc_tsw
13:47:09.0 (262219067)|ENTERING_MANAGED_PKG|tdc_tsw
13:47:09.0 (262446297)|ENTERING_MANAGED_PKG|tdc_tsw
13:47:09.0 (262831047)|ENTERING_MANAGED_PKG|tdc_tsw
13:47:09.0 (263922407)|ENTERING_MANAGED_PKG|tdc_tsw
13:47:09.0 (264640569)|ENTERING_MANAGED_PKG|tdc_tsw
13:47:09.0 (264875576)|ENTERING_MANAGED_PKG|tdc_tsw
13:47:09.0 (265261961)|ENTERING_MANAGED_PKG|tdc_tsw
13:47:09.0 (266319047)|ENTERING_MANAGED_PKG|tdc_tsw
13:47:09.0 (267050949)|ENTERING_MANAGED_PKG|tdc_tsw
13:47:09.0 (267277887)|ENTERING_MANAGED_PKG|tdc_tsw
13:47:09.0 (267656821)|ENTERING_MANAGED_PKG|tdc_tsw
13:47:09.0 (268710027)|ENTERING_MANAGED_PKG|tdc_tsw
13:47:09.0 (269444896)|ENTERING_MANAGED_PKG|tdc_tsw
13:47:09.0 (269670981)|ENTERING_MANAGED_PKG|tdc_tsw
13:47:09.0 (270069099)|ENTERING_MANAGED_PKG|tdc_tsw
13:47:09.0 (271130010)|ENTERING_MANAGED_PKG|tdc_tsw
13:47:09.0 (271863490)|ENTERING_MANAGED_PKG|tdc_tsw
13:47:09.0 (272095197)|ENTERING_MANAGED_PKG|tdc_tsw
13:47:09.0 (272472394)|ENTERING_MANAGED_PKG|tdc_tsw
13:47:09.0 (273532481)|ENTERING_MANAGED_PKG|tdc_tsw
13:47:09.0 (274277582)|ENTERING_MANAGED_PKG|tdc_tsw
13:47:09.0 (274514644)|ENTERING_MANAGED_PKG|tdc_tsw
13:47:09.0 (274917924)|ENTERING_MANAGED_PKG|tdc_tsw
13:47:09.0 (275978954)|ENTERING_MANAGED_PKG|tdc_tsw
13:47:09.0 (276697157)|ENTERING_MANAGED_PKG|tdc_tsw
13:47:09.0 (276941679)|ENTERING_MANAGED_PKG|tdc_tsw
13:47:09.0 (277318783)|ENTERING_MANAGED_PKG|tdc_tsw
13:47:09.0 (278370238)|ENTERING_MANAGED_PKG|tdc_tsw
13:47:09.0 (279106293)|ENTERING_MANAGED_PKG|tdc_tsw
13:47:09.0 (279332527)|ENTERING_MANAGED_PKG|tdc_tsw
13:47:09.0 (279708249)|ENTERING_MANAGED_PKG|tdc_tsw
13:47:09.0 (280902085)|ENTERING_MANAGED_PKG|tdc_tsw
13:47:09.0 (281632991)|ENTERING_MANAGED_PKG|tdc_tsw
13:47:09.0 (281868287)|ENTERING_MANAGED_PKG|tdc_tsw
13:47:09.0 (282257734)|ENTERING_MANAGED_PKG|tdc_tsw
13:47:09.0 (283306222)|ENTERING_MANAGED_PKG|tdc_tsw
13:47:09.0 (284031403)|ENTERING_MANAGED_PKG|tdc_tsw
13:47:09.0 (284259702)|ENTERING_MANAGED_PKG|tdc_tsw
13:47:09.0 (284637635)|ENTERING_MANAGED_PKG|tdc_tsw
13:47:09.0 (285702998)|ENTERING_MANAGED_PKG|tdc_tsw
13:47:09.0 (286453445)|ENTERING_MANAGED_PKG|tdc_tsw
13:47:09.0 (286681219)|ENTERING_MANAGED_PKG|tdc_tsw
13:47:09.0 (287079787)|ENTERING_MANAGED_PKG|tdc_tsw
13:47:09.0 (288143842)|ENTERING_MANAGED_PKG|tdc_tsw
13:47:09.0 (288866713)|ENTERING_MANAGED_PKG|tdc_tsw
13:47:09.0 (289106789)|ENTERING_MANAGED_PKG|tdc_tsw
13:47:09.0 (289484623)|ENTERING_MANAGED_PKG|tdc_tsw
13:47:09.0 (290530057)|ENTERING_MANAGED_PKG|tdc_tsw
13:47:09.0 (291260440)|ENTERING_MANAGED_PKG|tdc_tsw
13:47:09.0 (291486700)|ENTERING_MANAGED_PKG|tdc_tsw
13:47:09.0 (291874443)|ENTERING_MANAGED_PKG|tdc_tsw
13:47:09.0 (292933683)|ENTERING_MANAGED_PKG|tdc_tsw
13:47:09.0 (293646090)|ENTERING_MANAGED_PKG|tdc_tsw
13:47:09.0 (293889404)|ENTERING_MANAGED_PKG|tdc_tsw
13:47:09.0 (294271713)|ENTERING_MANAGED_PKG|tdc_tsw
13:47:09.0 (295318100)|ENTERING_MANAGED_PKG|tdc_tsw
13:47:09.0 (296048419)|ENTERING_MANAGED_PKG|tdc_tsw
13:47:09.0 (296250727)|ENTERING_MANAGED_PKG|tdc_tsw
13:47:09.0 (296627026)|ENTERING_MANAGED_PKG|tdc_tsw
13:47:09.0 (297854978)|ENTERING_MANAGED_PKG|tdc_tsw
13:47:09.0 (298671742)|ENTERING_MANAGED_PKG|tdc_tsw
13:47:09.0 (298761160)|ENTERING_MANAGED_PKG|tdc_tsw
13:47:09.0 (299385651)|SOQL_EXECUTE_BEGIN|[200]|Aggregations:0|SELECT Name, NamespacePrefix, SystemModStamp FROM StaticResource WHERE Name LIKE :tmpVar1 LIMIT 10
13:47:09.0 (303293249)|SOQL_EXECUTE_END|[200]|Rows:1
13:47:09.0 (304160037)|ENTERING_MANAGED_PKG|tdc_tsw
13:47:09.0 (304599150)|SOQL_EXECUTE_BEGIN|[200]|Aggregations:0|SELECT Name, NamespacePrefix, SystemModStamp FROM StaticResource WHERE Name LIKE :tmpVar1 LIMIT 10
13:47:09.0 (307689857)|SOQL_EXECUTE_END|[200]|Rows:1
13:47:09.0 (308173778)|ENTERING_MANAGED_PKG|tdc_tsw
13:47:09.0 (312040877)|ENTERING_MANAGED_PKG|tdc_tsw
13:47:09.0 (314086687)|ENTERING_MANAGED_PKG|tdc_tsw
13:47:09.0 (314390367)|ENTERING_MANAGED_PKG|tdc_tsw
13:47:09.0 (315510386)|ENTERING_MANAGED_PKG|tdc_tsw
13:47:09.0 (316267131)|SOQL_EXECUTE_BEGIN|[200]|Aggregations:0|SELECT Name, NamespacePrefix, SystemModStamp FROM StaticResource WHERE Name LIKE :tmpVar1 LIMIT 10
13:47:09.0 (320230704)|SOQL_EXECUTE_END|[200]|Rows:1
13:47:09.332 (332944915)|USER_INFO|[EXTERNAL]|0051H000009gxp8|chanida.dev2@solvedbysoftwareco.com|Eastern Standard Time|GMT-05:00
13:47:09.332 (335047438)|ENTERING_MANAGED_PKG|tdc_tsw
13:47:09.332 (335326591)|ENTERING_MANAGED_PKG|tdc_tsw
13:47:09.332 (337943294)|SOQL_EXECUTE_BEGIN|[355]|Aggregations:0|SELECT id, name, Disable_Incoming_SMS_Sharing__c FROM User WHERE id = :tmpVar1
13:47:09.332 (347373532)|SOQL_EXECUTE_END|[355]|Rows:1
13:47:09.332 (349116083)|SOQL_EXECUTE_BEGIN|[367]|Aggregations:0|SELECT CreatedDate,Id,LastModifiedDate,Related_Object_Id__c FROM Message__c WHERE Name = 'Incoming' AND Read__c = false ORDER BY CreatedDate Desc limit 100
13:47:09.332 (361784624)|SOQL_EXECUTE_END|[367]|Rows:100
