44.0 APEX_CODE,FINEST;APEX_PROFILING,INFO;CALLOUT,INFO;DB,INFO;NBA,INFO;SYSTEM,DEBUG;VALIDATION,INFO;VISUALFORCE,INFO;WAVE,INFO;WORKFLOW,INFO
23:06:45.0 (145320)|USER_INFO|[EXTERNAL]|0051H000009gxp8|chanida.dev2@solvedbysoftwareco.com|Eastern Standard Time|GMT-05:00
23:06:45.0 (1803651)|ENTERING_MANAGED_PKG|tdc_tsw
23:06:45.0 (2246164)|ENTERING_MANAGED_PKG|tdc_tsw
23:06:45.0 (6137747)|SOQL_EXECUTE_BEGIN|[16]|Aggregations:0|SELECT id, name, Disable_Incoming_SMS_Sharing__c FROM User WHERE id = :tmpVar1
23:06:45.0 (13851719)|SOQL_EXECUTE_END|[16]|Rows:1
23:06:45.0 (20296324)|SOQL_EXECUTE_BEGIN|[37]|Aggregations:0|SELECT CreatedDate,Created_Date__c,Id,LastModifiedDate,MessageId__c,Message_Text_New__c,Name,OwnerId,Read__c,Related_Object_Id__c,Related_Object__c,Sender_Number__c, Sender_Name__c,ToNumber__c,Attachments_Ids__c FROM Message__c WHERE Name = 'Incoming' AND Read__c = false ORDER BY CreatedDate Desc limit 100
23:06:45.0 (38879344)|SOQL_EXECUTE_END|[37]|Rows:100
23:06:45.0 (55890602)|ENTERING_MANAGED_PKG|tdc_tsw
23:06:45.0 (57882766)|ENTERING_MANAGED_PKG|tdc_tsw
23:06:45.0 (58566585)|ENTERING_MANAGED_PKG|tdc_tsw
23:06:45.0 (59650680)|ENTERING_MANAGED_PKG|tdc_tsw
23:06:45.0 (63604355)|ENTERING_MANAGED_PKG|tdc_tsw
23:06:45.0 (64957094)|ENTERING_MANAGED_PKG|tdc_tsw
23:06:45.0 (65361577)|ENTERING_MANAGED_PKG|tdc_tsw
23:06:45.0 (66136276)|ENTERING_MANAGED_PKG|tdc_tsw
23:06:45.0 (68048120)|ENTERING_MANAGED_PKG|tdc_tsw
23:06:45.0 (69389579)|ENTERING_MANAGED_PKG|tdc_tsw
23:06:45.0 (69796440)|ENTERING_MANAGED_PKG|tdc_tsw
23:06:45.0 (70546214)|ENTERING_MANAGED_PKG|tdc_tsw
23:06:45.0 (72469276)|ENTERING_MANAGED_PKG|tdc_tsw
23:06:45.0 (73810048)|ENTERING_MANAGED_PKG|tdc_tsw
23:06:45.0 (74205938)|ENTERING_MANAGED_PKG|tdc_tsw
23:06:45.0 (74954194)|ENTERING_MANAGED_PKG|tdc_tsw
23:06:45.0 (76890256)|ENTERING_MANAGED_PKG|tdc_tsw
23:06:45.0 (78324117)|ENTERING_MANAGED_PKG|tdc_tsw
23:06:45.0 (78736574)|ENTERING_MANAGED_PKG|tdc_tsw
23:06:45.0 (79474045)|ENTERING_MANAGED_PKG|tdc_tsw
23:06:45.0 (81420048)|ENTERING_MANAGED_PKG|tdc_tsw
23:06:45.0 (82721907)|ENTERING_MANAGED_PKG|tdc_tsw
23:06:45.0 (83127428)|ENTERING_MANAGED_PKG|tdc_tsw
23:06:45.0 (84027384)|ENTERING_MANAGED_PKG|tdc_tsw
23:06:45.0 (86028662)|ENTERING_MANAGED_PKG|tdc_tsw
23:06:45.0 (87373870)|ENTERING_MANAGED_PKG|tdc_tsw
23:06:45.0 (87779537)|ENTERING_MANAGED_PKG|tdc_tsw
23:06:45.0 (88568186)|ENTERING_MANAGED_PKG|tdc_tsw
23:06:45.0 (90566565)|ENTERING_MANAGED_PKG|tdc_tsw
23:06:45.0 (91963676)|ENTERING_MANAGED_PKG|tdc_tsw
23:06:45.0 (92361312)|ENTERING_MANAGED_PKG|tdc_tsw
23:06:45.0 (93115328)|ENTERING_MANAGED_PKG|tdc_tsw
23:06:45.0 (95067127)|ENTERING_MANAGED_PKG|tdc_tsw
23:06:45.0 (96407731)|ENTERING_MANAGED_PKG|tdc_tsw
23:06:45.0 (96815204)|ENTERING_MANAGED_PKG|tdc_tsw
23:06:45.0 (97564284)|ENTERING_MANAGED_PKG|tdc_tsw
23:06:45.0 (99499160)|ENTERING_MANAGED_PKG|tdc_tsw
23:06:45.0 (100931580)|ENTERING_MANAGED_PKG|tdc_tsw
23:06:45.0 (101330440)|ENTERING_MANAGED_PKG|tdc_tsw
23:06:45.0 (102102881)|ENTERING_MANAGED_PKG|tdc_tsw
23:06:45.0 (104048216)|ENTERING_MANAGED_PKG|tdc_tsw
23:06:45.0 (105239805)|ENTERING_MANAGED_PKG|tdc_tsw
23:06:45.0 (105594813)|ENTERING_MANAGED_PKG|tdc_tsw
23:06:45.0 (106234931)|ENTERING_MANAGED_PKG|tdc_tsw
23:06:45.0 (107919926)|ENTERING_MANAGED_PKG|tdc_tsw
23:06:45.0 (109052871)|ENTERING_MANAGED_PKG|tdc_tsw
23:06:45.0 (109394044)|ENTERING_MANAGED_PKG|tdc_tsw
23:06:45.0 (110010732)|ENTERING_MANAGED_PKG|tdc_tsw
23:06:45.0 (111604909)|ENTERING_MANAGED_PKG|tdc_tsw
23:06:45.0 (112783381)|ENTERING_MANAGED_PKG|tdc_tsw
23:06:45.0 (113127645)|ENTERING_MANAGED_PKG|tdc_tsw
23:06:45.0 (113741817)|ENTERING_MANAGED_PKG|tdc_tsw
23:06:45.0 (115442156)|ENTERING_MANAGED_PKG|tdc_tsw
23:06:45.0 (116552487)|ENTERING_MANAGED_PKG|tdc_tsw
23:06:45.0 (116921677)|ENTERING_MANAGED_PKG|tdc_tsw
23:06:45.0 (117570270)|ENTERING_MANAGED_PKG|tdc_tsw
23:06:45.0 (119249192)|ENTERING_MANAGED_PKG|tdc_tsw
23:06:45.0 (120303453)|ENTERING_MANAGED_PKG|tdc_tsw
23:06:45.0 (120644678)|ENTERING_MANAGED_PKG|tdc_tsw
23:06:45.0 (121122988)|ENTERING_MANAGED_PKG|tdc_tsw
23:06:45.0 (122255102)|ENTERING_MANAGED_PKG|tdc_tsw
23:06:45.0 (123041834)|ENTERING_MANAGED_PKG|tdc_tsw
23:06:45.0 (123280672)|ENTERING_MANAGED_PKG|tdc_tsw
23:06:45.0 (123685968)|ENTERING_MANAGED_PKG|tdc_tsw
23:06:45.0 (124790519)|ENTERING_MANAGED_PKG|tdc_tsw
23:06:45.0 (125566892)|ENTERING_MANAGED_PKG|tdc_tsw
23:06:45.0 (125802098)|ENTERING_MANAGED_PKG|tdc_tsw
23:06:45.0 (126198055)|ENTERING_MANAGED_PKG|tdc_tsw
23:06:45.0 (127306426)|ENTERING_MANAGED_PKG|tdc_tsw
23:06:45.0 (128072627)|ENTERING_MANAGED_PKG|tdc_tsw
23:06:45.0 (128304828)|ENTERING_MANAGED_PKG|tdc_tsw
23:06:45.0 (128708571)|ENTERING_MANAGED_PKG|tdc_tsw
23:06:45.0 (129792950)|ENTERING_MANAGED_PKG|tdc_tsw
23:06:45.0 (130561470)|ENTERING_MANAGED_PKG|tdc_tsw
23:06:45.0 (130794826)|ENTERING_MANAGED_PKG|tdc_tsw
23:06:45.0 (131188927)|ENTERING_MANAGED_PKG|tdc_tsw
23:06:45.0 (132279481)|ENTERING_MANAGED_PKG|tdc_tsw
23:06:45.0 (133057527)|ENTERING_MANAGED_PKG|tdc_tsw
23:06:45.0 (133290040)|ENTERING_MANAGED_PKG|tdc_tsw
23:06:45.0 (133696743)|ENTERING_MANAGED_PKG|tdc_tsw
23:06:45.0 (134956815)|ENTERING_MANAGED_PKG|tdc_tsw
23:06:45.0 (135812218)|ENTERING_MANAGED_PKG|tdc_tsw
23:06:45.0 (136043940)|ENTERING_MANAGED_PKG|tdc_tsw
23:06:45.0 (136470942)|ENTERING_MANAGED_PKG|tdc_tsw
23:06:45.0 (137576188)|ENTERING_MANAGED_PKG|tdc_tsw
23:06:45.0 (138653418)|ENTERING_MANAGED_PKG|tdc_tsw
23:06:45.0 (138885651)|ENTERING_MANAGED_PKG|tdc_tsw
23:06:45.0 (139279842)|ENTERING_MANAGED_PKG|tdc_tsw
23:06:45.0 (140368080)|ENTERING_MANAGED_PKG|tdc_tsw
23:06:45.0 (141135022)|ENTERING_MANAGED_PKG|tdc_tsw
23:06:45.0 (141365791)|ENTERING_MANAGED_PKG|tdc_tsw
23:06:45.0 (141766294)|ENTERING_MANAGED_PKG|tdc_tsw
23:06:45.0 (142932789)|ENTERING_MANAGED_PKG|tdc_tsw
23:06:45.0 (143721179)|ENTERING_MANAGED_PKG|tdc_tsw
23:06:45.0 (143952529)|ENTERING_MANAGED_PKG|tdc_tsw
23:06:45.0 (144346442)|ENTERING_MANAGED_PKG|tdc_tsw
23:06:45.0 (145442595)|ENTERING_MANAGED_PKG|tdc_tsw
23:06:45.0 (146210649)|ENTERING_MANAGED_PKG|tdc_tsw
23:06:45.0 (146442266)|ENTERING_MANAGED_PKG|tdc_tsw
23:06:45.0 (146840871)|ENTERING_MANAGED_PKG|tdc_tsw
23:06:45.0 (147924442)|ENTERING_MANAGED_PKG|tdc_tsw
23:06:45.0 (148763109)|ENTERING_MANAGED_PKG|tdc_tsw
23:06:45.0 (148993957)|ENTERING_MANAGED_PKG|tdc_tsw
23:06:45.0 (149399448)|ENTERING_MANAGED_PKG|tdc_tsw
23:06:45.0 (150577816)|ENTERING_MANAGED_PKG|tdc_tsw
23:06:45.0 (151404675)|ENTERING_MANAGED_PKG|tdc_tsw
23:06:45.0 (151652518)|ENTERING_MANAGED_PKG|tdc_tsw
23:06:45.0 (152054003)|ENTERING_MANAGED_PKG|tdc_tsw
23:06:45.0 (153145882)|ENTERING_MANAGED_PKG|tdc_tsw
23:06:45.0 (153916568)|ENTERING_MANAGED_PKG|tdc_tsw
23:06:45.0 (154148172)|ENTERING_MANAGED_PKG|tdc_tsw
23:06:45.0 (154551196)|ENTERING_MANAGED_PKG|tdc_tsw
23:06:45.0 (155637821)|ENTERING_MANAGED_PKG|tdc_tsw
23:06:45.0 (156478860)|ENTERING_MANAGED_PKG|tdc_tsw
23:06:45.0 (156719175)|ENTERING_MANAGED_PKG|tdc_tsw
23:06:45.0 (157116165)|ENTERING_MANAGED_PKG|tdc_tsw
23:06:45.0 (158377383)|ENTERING_MANAGED_PKG|tdc_tsw
23:06:45.0 (159156456)|ENTERING_MANAGED_PKG|tdc_tsw
23:06:45.0 (159390354)|ENTERING_MANAGED_PKG|tdc_tsw
23:06:45.0 (159871241)|ENTERING_MANAGED_PKG|tdc_tsw
23:06:45.0 (161205833)|ENTERING_MANAGED_PKG|tdc_tsw
23:06:45.0 (162140080)|ENTERING_MANAGED_PKG|tdc_tsw
23:06:45.0 (162387758)|ENTERING_MANAGED_PKG|tdc_tsw
23:06:45.0 (162824870)|ENTERING_MANAGED_PKG|tdc_tsw
23:06:45.0 (163965467)|ENTERING_MANAGED_PKG|tdc_tsw
23:06:45.0 (164729016)|ENTERING_MANAGED_PKG|tdc_tsw
23:06:45.0 (164961368)|ENTERING_MANAGED_PKG|tdc_tsw
23:06:45.0 (165361093)|ENTERING_MANAGED_PKG|tdc_tsw
23:06:45.0 (166461713)|ENTERING_MANAGED_PKG|tdc_tsw
23:06:45.0 (167227060)|ENTERING_MANAGED_PKG|tdc_tsw
23:06:45.0 (167457962)|ENTERING_MANAGED_PKG|tdc_tsw
23:06:45.0 (167864646)|ENTERING_MANAGED_PKG|tdc_tsw
23:06:45.0 (168965548)|ENTERING_MANAGED_PKG|tdc_tsw
23:06:45.0 (169728131)|ENTERING_MANAGED_PKG|tdc_tsw
23:06:45.0 (169957703)|ENTERING_MANAGED_PKG|tdc_tsw
23:06:45.0 (170356394)|ENTERING_MANAGED_PKG|tdc_tsw
23:06:45.0 (171449036)|ENTERING_MANAGED_PKG|tdc_tsw
23:06:45.0 (172209415)|ENTERING_MANAGED_PKG|tdc_tsw
23:06:45.0 (172437760)|ENTERING_MANAGED_PKG|tdc_tsw
23:06:45.0 (172846166)|ENTERING_MANAGED_PKG|tdc_tsw
23:06:45.0 (173935089)|ENTERING_MANAGED_PKG|tdc_tsw
23:06:45.0 (174692110)|ENTERING_MANAGED_PKG|tdc_tsw
23:06:45.0 (174923041)|ENTERING_MANAGED_PKG|tdc_tsw
23:06:45.0 (175320147)|ENTERING_MANAGED_PKG|tdc_tsw
23:06:45.0 (176411220)|ENTERING_MANAGED_PKG|tdc_tsw
23:06:45.0 (177168431)|ENTERING_MANAGED_PKG|tdc_tsw
23:06:45.0 (177399028)|ENTERING_MANAGED_PKG|tdc_tsw
23:06:45.0 (177833591)|ENTERING_MANAGED_PKG|tdc_tsw
23:06:45.0 (178926107)|ENTERING_MANAGED_PKG|tdc_tsw
23:06:45.0 (179687151)|ENTERING_MANAGED_PKG|tdc_tsw
23:06:45.0 (179916762)|ENTERING_MANAGED_PKG|tdc_tsw
23:06:45.0 (180312459)|ENTERING_MANAGED_PKG|tdc_tsw
23:06:45.0 (181399553)|ENTERING_MANAGED_PKG|tdc_tsw
23:06:45.0 (182157258)|ENTERING_MANAGED_PKG|tdc_tsw
23:06:45.0 (182386412)|ENTERING_MANAGED_PKG|tdc_tsw
23:06:45.0 (182792393)|ENTERING_MANAGED_PKG|tdc_tsw
23:06:45.0 (183889954)|ENTERING_MANAGED_PKG|tdc_tsw
23:06:45.0 (184689259)|ENTERING_MANAGED_PKG|tdc_tsw
23:06:45.0 (184921250)|ENTERING_MANAGED_PKG|tdc_tsw
23:06:45.0 (185315665)|ENTERING_MANAGED_PKG|tdc_tsw
23:06:45.0 (186403020)|ENTERING_MANAGED_PKG|tdc_tsw
23:06:45.0 (187165351)|ENTERING_MANAGED_PKG|tdc_tsw
23:06:45.0 (187394054)|ENTERING_MANAGED_PKG|tdc_tsw
23:06:45.0 (187798388)|ENTERING_MANAGED_PKG|tdc_tsw
23:06:45.0 (188886293)|ENTERING_MANAGED_PKG|tdc_tsw
23:06:45.0 (189644921)|ENTERING_MANAGED_PKG|tdc_tsw
23:06:45.0 (189874816)|ENTERING_MANAGED_PKG|tdc_tsw
23:06:45.0 (190359425)|ENTERING_MANAGED_PKG|tdc_tsw
23:06:45.0 (191444147)|ENTERING_MANAGED_PKG|tdc_tsw
23:06:45.0 (192202859)|ENTERING_MANAGED_PKG|tdc_tsw
23:06:45.0 (192410800)|ENTERING_MANAGED_PKG|tdc_tsw
23:06:45.0 (192814301)|ENTERING_MANAGED_PKG|tdc_tsw
23:06:45.0 (193895560)|ENTERING_MANAGED_PKG|tdc_tsw
23:06:45.0 (194664966)|ENTERING_MANAGED_PKG|tdc_tsw
23:06:45.0 (194895592)|ENTERING_MANAGED_PKG|tdc_tsw
23:06:45.0 (195291021)|ENTERING_MANAGED_PKG|tdc_tsw
23:06:45.0 (196380472)|ENTERING_MANAGED_PKG|tdc_tsw
23:06:45.0 (197142331)|ENTERING_MANAGED_PKG|tdc_tsw
23:06:45.0 (197373114)|ENTERING_MANAGED_PKG|tdc_tsw
23:06:45.0 (197775848)|ENTERING_MANAGED_PKG|tdc_tsw
23:06:45.0 (199051994)|ENTERING_MANAGED_PKG|tdc_tsw
23:06:45.0 (200122156)|ENTERING_MANAGED_PKG|tdc_tsw
23:06:45.0 (200208875)|ENTERING_MANAGED_PKG|tdc_tsw
23:06:45.0 (200912599)|SOQL_EXECUTE_BEGIN|[200]|Aggregations:0|SELECT Name, NamespacePrefix, SystemModStamp FROM StaticResource WHERE Name LIKE :tmpVar1 LIMIT 10
23:06:45.0 (205165752)|SOQL_EXECUTE_END|[200]|Rows:1
23:06:45.0 (206230346)|ENTERING_MANAGED_PKG|tdc_tsw
23:06:45.0 (206722480)|SOQL_EXECUTE_BEGIN|[200]|Aggregations:0|SELECT Name, NamespacePrefix, SystemModStamp FROM StaticResource WHERE Name LIKE :tmpVar1 LIMIT 10
23:06:45.0 (209535654)|SOQL_EXECUTE_END|[200]|Rows:1
23:06:45.0 (209921821)|ENTERING_MANAGED_PKG|tdc_tsw
23:06:45.0 (225071812)|ENTERING_MANAGED_PKG|tdc_tsw
23:06:45.0 (226626318)|ENTERING_MANAGED_PKG|tdc_tsw
23:06:45.0 (226990251)|ENTERING_MANAGED_PKG|tdc_tsw
23:06:45.0 (227914226)|ENTERING_MANAGED_PKG|tdc_tsw
23:06:45.0 (228434748)|SOQL_EXECUTE_BEGIN|[200]|Aggregations:0|SELECT Name, NamespacePrefix, SystemModStamp FROM StaticResource WHERE Name LIKE :tmpVar1 LIMIT 10
23:06:45.0 (232750056)|SOQL_EXECUTE_END|[200]|Rows:1
23:06:45.247 (247844269)|USER_INFO|[EXTERNAL]|0051H000009gxp8|chanida.dev2@solvedbysoftwareco.com|Eastern Standard Time|GMT-05:00
23:06:45.247 (249971802)|ENTERING_MANAGED_PKG|tdc_tsw
23:06:45.247 (250303714)|ENTERING_MANAGED_PKG|tdc_tsw
23:06:45.247 (254391415)|SOQL_EXECUTE_BEGIN|[355]|Aggregations:0|SELECT id, name, Disable_Incoming_SMS_Sharing__c FROM User WHERE id = :tmpVar1
23:06:45.247 (264559196)|SOQL_EXECUTE_END|[355]|Rows:1
23:06:45.247 (266458513)|SOQL_EXECUTE_BEGIN|[367]|Aggregations:0|SELECT CreatedDate,Id,LastModifiedDate,Related_Object_Id__c FROM Message__c WHERE Name = 'Incoming' AND Read__c = false ORDER BY CreatedDate Desc limit 100
23:06:45.247 (278331062)|SOQL_EXECUTE_END|[367]|Rows:100
