44.0 APEX_CODE,FINEST;APEX_PROFILING,INFO;CALLOUT,INFO;DB,INFO;NBA,INFO;SYSTEM,DEBUG;VALIDATION,INFO;VISUALFORCE,INFO;WAVE,INFO;WORKFLOW,INFO
13:51:48.0 (147670)|USER_INFO|[EXTERNAL]|0051H000009gxp8|chanida.dev2@solvedbysoftwareco.com|Eastern Standard Time|GMT-05:00
13:51:48.0 (3011293)|ENTERING_MANAGED_PKG|tdc_tsw
13:51:48.0 (3157139)|ENTERING_MANAGED_PKG|tdc_tsw
13:51:48.0 (3855906)|ENTERING_MANAGED_PKG|tdc_tsw
13:51:48.0 (3908872)|ENTERING_MANAGED_PKG|tdc_tsw
13:51:48.0 (4827746)|ENTERING_MANAGED_PKG|tdc_tsw
13:51:48.0 (5814589)|ENTERING_MANAGED_PKG|tdc_tsw
13:51:48.0 (7765760)|ENTERING_MANAGED_PKG|tdc_tsw
13:51:48.0 (7850352)|ENTERING_MANAGED_PKG|tdc_tsw
13:51:48.0 (9142430)|ENTERING_MANAGED_PKG|tdc_tsw
13:51:48.0 (15146615)|SOQL_EXECUTE_BEGIN|[82]|Aggregations:0|SELECT CreatedDate, Id,Task_Created__c,Event_Created__c,isCaseCreated__c,Task_Id__c,Event_Id__c,Case__c, Important__c, Delivered__c, Message_Text_New__c, Name, Owner.Name, Read__c,MessageId__c, ToNumber__c, Related_Object_Id__c, Related_Object__c, Sender_Number__c, LastModifiedDate, Attachments_Ids__c FROM Message__c WHERE Contact__c =: recordId ORDER BY CreatedDate Desc limit 200
13:51:48.0 (28784992)|SOQL_EXECUTE_END|[82]|Rows:2
13:51:48.0 (31288212)|ENTERING_MANAGED_PKG|tdc_tsw
13:51:48.0 (31794052)|ENTERING_MANAGED_PKG|tdc_tsw
13:51:48.0 (31909722)|ENTERING_MANAGED_PKG|tdc_tsw
13:51:48.0 (32940432)|SOQL_EXECUTE_BEGIN|[200]|Aggregations:0|SELECT Name, NamespacePrefix, SystemModStamp FROM StaticResource WHERE Name LIKE :tmpVar1 LIMIT 10
13:51:48.0 (36775100)|SOQL_EXECUTE_END|[200]|Rows:1
13:51:48.0 (39375607)|ENTERING_MANAGED_PKG|tdc_tsw
13:51:48.0 (41918737)|ENTERING_MANAGED_PKG|tdc_tsw
13:51:48.0 (41997482)|ENTERING_MANAGED_PKG|tdc_tsw
13:51:48.0 (45579164)|ENTERING_MANAGED_PKG|tdc_tsw
13:51:48.0 (46949472)|ENTERING_MANAGED_PKG|tdc_tsw
13:51:48.0 (54031456)|SOQL_EXECUTE_BEGIN|[172]|Aggregations:0|SELECT id, name FROM ChatTranscript__c WHERE (Chat_Active__c = TRUE AND (Related_Object_Id__c = :tmpVar1 OR Related_Object_Id__c = :tmpVar2)) LIMIT 1
13:51:48.0 (58247723)|SOQL_EXECUTE_END|[172]|Rows:0
13:51:48.0 (58709656)|ENTERING_MANAGED_PKG|tdc_tsw
13:51:48.0 (58752272)|ENTERING_MANAGED_PKG|tdc_tsw
