44.0 APEX_CODE,FINEST;APEX_PROFILING,INFO;CALLOUT,INFO;DB,INFO;NBA,INFO;SYSTEM,DEBUG;VALIDATION,INFO;VISUALFORCE,INFO;WAVE,INFO;WORKFLOW,INFO
13:46:54.0 (135527)|USER_INFO|[EXTERNAL]|0051H000009gxp8|chanida.dev2@solvedbysoftwareco.com|Eastern Standard Time|GMT-05:00
13:46:54.0 (1786265)|ENTERING_MANAGED_PKG|tdc_tsw
13:46:54.0 (2165682)|ENTERING_MANAGED_PKG|tdc_tsw
13:46:54.0 (5887291)|SOQL_EXECUTE_BEGIN|[16]|Aggregations:0|SELECT id, name, Disable_Incoming_SMS_Sharing__c FROM User WHERE id = :tmpVar1
13:46:54.0 (13897753)|SOQL_EXECUTE_END|[16]|Rows:1
13:46:54.0 (19706753)|SOQL_EXECUTE_BEGIN|[37]|Aggregations:0|SELECT CreatedDate,Created_Date__c,Id,LastModifiedDate,MessageId__c,Message_Text_New__c,Name,OwnerId,Read__c,Related_Object_Id__c,Related_Object__c,Sender_Number__c, Sender_Name__c,ToNumber__c,Attachments_Ids__c FROM Message__c WHERE Name = 'Incoming' AND Read__c = false ORDER BY CreatedDate Desc limit 100
13:46:54.0 (39781917)|SOQL_EXECUTE_END|[37]|Rows:100
13:46:54.0 (57461449)|ENTERING_MANAGED_PKG|tdc_tsw
13:46:54.0 (59116529)|ENTERING_MANAGED_PKG|tdc_tsw
13:46:54.0 (59612138)|ENTERING_MANAGED_PKG|tdc_tsw
13:46:54.0 (60307638)|ENTERING_MANAGED_PKG|tdc_tsw
13:46:54.0 (63013084)|ENTERING_MANAGED_PKG|tdc_tsw
13:46:54.0 (63878600)|ENTERING_MANAGED_PKG|tdc_tsw
13:46:54.0 (64127946)|ENTERING_MANAGED_PKG|tdc_tsw
13:46:54.0 (64560269)|ENTERING_MANAGED_PKG|tdc_tsw
13:46:54.0 (65705413)|ENTERING_MANAGED_PKG|tdc_tsw
13:46:54.0 (66492727)|ENTERING_MANAGED_PKG|tdc_tsw
13:46:54.0 (66734739)|ENTERING_MANAGED_PKG|tdc_tsw
13:46:54.0 (67139907)|ENTERING_MANAGED_PKG|tdc_tsw
13:46:54.0 (68285184)|ENTERING_MANAGED_PKG|tdc_tsw
13:46:54.0 (69067035)|ENTERING_MANAGED_PKG|tdc_tsw
13:46:54.0 (69303295)|ENTERING_MANAGED_PKG|tdc_tsw
13:46:54.0 (69714888)|ENTERING_MANAGED_PKG|tdc_tsw
13:46:54.0 (70860264)|ENTERING_MANAGED_PKG|tdc_tsw
13:46:54.0 (71643232)|ENTERING_MANAGED_PKG|tdc_tsw
13:46:54.0 (71883165)|ENTERING_MANAGED_PKG|tdc_tsw
13:46:54.0 (72309790)|ENTERING_MANAGED_PKG|tdc_tsw
13:46:54.0 (73431782)|ENTERING_MANAGED_PKG|tdc_tsw
13:46:54.0 (74200285)|ENTERING_MANAGED_PKG|tdc_tsw
13:46:54.0 (74439455)|ENTERING_MANAGED_PKG|tdc_tsw
13:46:54.0 (74843266)|ENTERING_MANAGED_PKG|tdc_tsw
13:46:54.0 (75980307)|ENTERING_MANAGED_PKG|tdc_tsw
13:46:54.0 (76746121)|ENTERING_MANAGED_PKG|tdc_tsw
13:46:54.0 (76989087)|ENTERING_MANAGED_PKG|tdc_tsw
13:46:54.0 (77439241)|ENTERING_MANAGED_PKG|tdc_tsw
13:46:54.0 (78612004)|ENTERING_MANAGED_PKG|tdc_tsw
13:46:54.0 (79395658)|ENTERING_MANAGED_PKG|tdc_tsw
13:46:54.0 (79639201)|ENTERING_MANAGED_PKG|tdc_tsw
13:46:54.0 (80042841)|ENTERING_MANAGED_PKG|tdc_tsw
13:46:54.0 (81192657)|ENTERING_MANAGED_PKG|tdc_tsw
13:46:54.0 (81953485)|ENTERING_MANAGED_PKG|tdc_tsw
13:46:54.0 (82205847)|ENTERING_MANAGED_PKG|tdc_tsw
13:46:54.0 (82611864)|ENTERING_MANAGED_PKG|tdc_tsw
13:46:54.0 (83755115)|ENTERING_MANAGED_PKG|tdc_tsw
13:46:54.0 (84541413)|ENTERING_MANAGED_PKG|tdc_tsw
13:46:54.0 (84782817)|ENTERING_MANAGED_PKG|tdc_tsw
13:46:54.0 (85216689)|ENTERING_MANAGED_PKG|tdc_tsw
13:46:54.0 (86353026)|ENTERING_MANAGED_PKG|tdc_tsw
13:46:54.0 (87113817)|ENTERING_MANAGED_PKG|tdc_tsw
13:46:54.0 (87365286)|ENTERING_MANAGED_PKG|tdc_tsw
13:46:54.0 (87772861)|ENTERING_MANAGED_PKG|tdc_tsw
13:46:54.0 (88895450)|ENTERING_MANAGED_PKG|tdc_tsw
13:46:54.0 (89672194)|ENTERING_MANAGED_PKG|tdc_tsw
13:46:54.0 (89910064)|ENTERING_MANAGED_PKG|tdc_tsw
13:46:54.0 (90327718)|ENTERING_MANAGED_PKG|tdc_tsw
13:46:54.0 (91442716)|ENTERING_MANAGED_PKG|tdc_tsw
13:46:54.0 (92215893)|ENTERING_MANAGED_PKG|tdc_tsw
13:46:54.0 (92457210)|ENTERING_MANAGED_PKG|tdc_tsw
13:46:54.0 (92861516)|ENTERING_MANAGED_PKG|tdc_tsw
13:46:54.0 (93983110)|ENTERING_MANAGED_PKG|tdc_tsw
13:46:54.0 (94733048)|ENTERING_MANAGED_PKG|tdc_tsw
13:46:54.0 (94972163)|ENTERING_MANAGED_PKG|tdc_tsw
13:46:54.0 (95394848)|ENTERING_MANAGED_PKG|tdc_tsw
13:46:54.0 (96525266)|ENTERING_MANAGED_PKG|tdc_tsw
13:46:54.0 (97288045)|ENTERING_MANAGED_PKG|tdc_tsw
13:46:54.0 (97529216)|ENTERING_MANAGED_PKG|tdc_tsw
13:46:54.0 (97931523)|ENTERING_MANAGED_PKG|tdc_tsw
13:46:54.0 (99053744)|ENTERING_MANAGED_PKG|tdc_tsw
13:46:54.0 (99811864)|ENTERING_MANAGED_PKG|tdc_tsw
13:46:54.0 (100052801)|ENTERING_MANAGED_PKG|tdc_tsw
13:46:54.0 (100460986)|ENTERING_MANAGED_PKG|tdc_tsw
13:46:54.0 (101572243)|ENTERING_MANAGED_PKG|tdc_tsw
13:46:54.0 (102372580)|ENTERING_MANAGED_PKG|tdc_tsw
13:46:54.0 (102613523)|ENTERING_MANAGED_PKG|tdc_tsw
13:46:54.0 (103016538)|ENTERING_MANAGED_PKG|tdc_tsw
13:46:54.0 (104426304)|ENTERING_MANAGED_PKG|tdc_tsw
13:46:54.0 (105213871)|ENTERING_MANAGED_PKG|tdc_tsw
13:46:54.0 (105457503)|ENTERING_MANAGED_PKG|tdc_tsw
13:46:54.0 (105861336)|ENTERING_MANAGED_PKG|tdc_tsw
13:46:54.0 (107074330)|ENTERING_MANAGED_PKG|tdc_tsw
13:46:54.0 (107868850)|ENTERING_MANAGED_PKG|tdc_tsw
13:46:54.0 (108112832)|ENTERING_MANAGED_PKG|tdc_tsw
13:46:54.0 (108528387)|ENTERING_MANAGED_PKG|tdc_tsw
13:46:54.0 (109664841)|ENTERING_MANAGED_PKG|tdc_tsw
13:46:54.0 (110443914)|ENTERING_MANAGED_PKG|tdc_tsw
13:46:54.0 (110687883)|ENTERING_MANAGED_PKG|tdc_tsw
13:46:54.0 (111098277)|ENTERING_MANAGED_PKG|tdc_tsw
13:46:54.0 (112503518)|ENTERING_MANAGED_PKG|tdc_tsw
13:46:54.0 (113337020)|ENTERING_MANAGED_PKG|tdc_tsw
13:46:54.0 (113578001)|ENTERING_MANAGED_PKG|tdc_tsw
13:46:54.0 (113984741)|ENTERING_MANAGED_PKG|tdc_tsw
13:46:54.0 (115136575)|ENTERING_MANAGED_PKG|tdc_tsw
13:46:54.0 (115901960)|ENTERING_MANAGED_PKG|tdc_tsw
13:46:54.0 (116142297)|ENTERING_MANAGED_PKG|tdc_tsw
13:46:54.0 (116554244)|ENTERING_MANAGED_PKG|tdc_tsw
13:46:54.0 (117689901)|ENTERING_MANAGED_PKG|tdc_tsw
13:46:54.0 (118460522)|ENTERING_MANAGED_PKG|tdc_tsw
13:46:54.0 (118703613)|ENTERING_MANAGED_PKG|tdc_tsw
13:46:54.0 (119108993)|ENTERING_MANAGED_PKG|tdc_tsw
13:46:54.0 (120231967)|ENTERING_MANAGED_PKG|tdc_tsw
13:46:54.0 (120986033)|ENTERING_MANAGED_PKG|tdc_tsw
13:46:54.0 (121230728)|ENTERING_MANAGED_PKG|tdc_tsw
13:46:54.0 (121636589)|ENTERING_MANAGED_PKG|tdc_tsw
13:46:54.0 (122752715)|ENTERING_MANAGED_PKG|tdc_tsw
13:46:54.0 (123524165)|ENTERING_MANAGED_PKG|tdc_tsw
13:46:54.0 (123765697)|ENTERING_MANAGED_PKG|tdc_tsw
13:46:54.0 (124175175)|ENTERING_MANAGED_PKG|tdc_tsw
13:46:54.0 (125292623)|ENTERING_MANAGED_PKG|tdc_tsw
13:46:54.0 (126050435)|ENTERING_MANAGED_PKG|tdc_tsw
13:46:54.0 (126299038)|ENTERING_MANAGED_PKG|tdc_tsw
13:46:54.0 (126703326)|ENTERING_MANAGED_PKG|tdc_tsw
13:46:54.0 (127811100)|ENTERING_MANAGED_PKG|tdc_tsw
13:46:54.0 (128576175)|ENTERING_MANAGED_PKG|tdc_tsw
13:46:54.0 (128816771)|ENTERING_MANAGED_PKG|tdc_tsw
13:46:54.0 (129228193)|ENTERING_MANAGED_PKG|tdc_tsw
13:46:54.0 (130342834)|ENTERING_MANAGED_PKG|tdc_tsw
13:46:54.0 (131096621)|ENTERING_MANAGED_PKG|tdc_tsw
13:46:54.0 (131343950)|ENTERING_MANAGED_PKG|tdc_tsw
13:46:54.0 (131748228)|ENTERING_MANAGED_PKG|tdc_tsw
13:46:54.0 (132879571)|ENTERING_MANAGED_PKG|tdc_tsw
13:46:54.0 (133630815)|ENTERING_MANAGED_PKG|tdc_tsw
13:46:54.0 (133870407)|ENTERING_MANAGED_PKG|tdc_tsw
13:46:54.0 (134282742)|ENTERING_MANAGED_PKG|tdc_tsw
13:46:54.0 (135392802)|ENTERING_MANAGED_PKG|tdc_tsw
13:46:54.0 (136155324)|ENTERING_MANAGED_PKG|tdc_tsw
13:46:54.0 (136397545)|ENTERING_MANAGED_PKG|tdc_tsw
13:46:54.0 (136801849)|ENTERING_MANAGED_PKG|tdc_tsw
13:46:54.0 (137919268)|ENTERING_MANAGED_PKG|tdc_tsw
13:46:54.0 (138677347)|ENTERING_MANAGED_PKG|tdc_tsw
13:46:54.0 (138914853)|ENTERING_MANAGED_PKG|tdc_tsw
13:46:54.0 (139327451)|ENTERING_MANAGED_PKG|tdc_tsw
13:46:54.0 (140444276)|ENTERING_MANAGED_PKG|tdc_tsw
13:46:54.0 (141214022)|ENTERING_MANAGED_PKG|tdc_tsw
13:46:54.0 (141451668)|ENTERING_MANAGED_PKG|tdc_tsw
13:46:54.0 (141853721)|ENTERING_MANAGED_PKG|tdc_tsw
13:46:54.0 (142974554)|ENTERING_MANAGED_PKG|tdc_tsw
13:46:54.0 (143732259)|ENTERING_MANAGED_PKG|tdc_tsw
13:46:54.0 (143973131)|ENTERING_MANAGED_PKG|tdc_tsw
13:46:54.0 (144383695)|ENTERING_MANAGED_PKG|tdc_tsw
13:46:54.0 (145506415)|ENTERING_MANAGED_PKG|tdc_tsw
13:46:54.0 (146271587)|ENTERING_MANAGED_PKG|tdc_tsw
13:46:54.0 (146512738)|ENTERING_MANAGED_PKG|tdc_tsw
13:46:54.0 (146914976)|ENTERING_MANAGED_PKG|tdc_tsw
13:46:54.0 (148028801)|ENTERING_MANAGED_PKG|tdc_tsw
13:46:54.0 (148788237)|ENTERING_MANAGED_PKG|tdc_tsw
13:46:54.0 (149028493)|ENTERING_MANAGED_PKG|tdc_tsw
13:46:54.0 (149438746)|ENTERING_MANAGED_PKG|tdc_tsw
13:46:54.0 (150584811)|ENTERING_MANAGED_PKG|tdc_tsw
13:46:54.0 (151356328)|ENTERING_MANAGED_PKG|tdc_tsw
13:46:54.0 (151599004)|ENTERING_MANAGED_PKG|tdc_tsw
13:46:54.0 (152000360)|ENTERING_MANAGED_PKG|tdc_tsw
13:46:54.0 (153134893)|ENTERING_MANAGED_PKG|tdc_tsw
13:46:54.0 (153894523)|ENTERING_MANAGED_PKG|tdc_tsw
13:46:54.0 (154131448)|ENTERING_MANAGED_PKG|tdc_tsw
13:46:54.0 (154541301)|ENTERING_MANAGED_PKG|tdc_tsw
13:46:54.0 (155648091)|ENTERING_MANAGED_PKG|tdc_tsw
13:46:54.0 (156405121)|ENTERING_MANAGED_PKG|tdc_tsw
13:46:54.0 (156644576)|ENTERING_MANAGED_PKG|tdc_tsw
13:46:54.0 (157044883)|ENTERING_MANAGED_PKG|tdc_tsw
13:46:54.0 (158158976)|ENTERING_MANAGED_PKG|tdc_tsw
13:46:54.0 (158919727)|ENTERING_MANAGED_PKG|tdc_tsw
13:46:54.0 (159163666)|ENTERING_MANAGED_PKG|tdc_tsw
13:46:54.0 (159897072)|ENTERING_MANAGED_PKG|tdc_tsw
13:46:54.0 (161055781)|ENTERING_MANAGED_PKG|tdc_tsw
13:46:54.0 (161826083)|ENTERING_MANAGED_PKG|tdc_tsw
13:46:54.0 (162067831)|ENTERING_MANAGED_PKG|tdc_tsw
13:46:54.0 (162484313)|ENTERING_MANAGED_PKG|tdc_tsw
13:46:54.0 (163596697)|ENTERING_MANAGED_PKG|tdc_tsw
13:46:54.0 (164375314)|ENTERING_MANAGED_PKG|tdc_tsw
13:46:54.0 (164613488)|ENTERING_MANAGED_PKG|tdc_tsw
13:46:54.0 (165031851)|ENTERING_MANAGED_PKG|tdc_tsw
13:46:54.0 (166151497)|ENTERING_MANAGED_PKG|tdc_tsw
13:46:54.0 (166902347)|ENTERING_MANAGED_PKG|tdc_tsw
13:46:54.0 (167141724)|ENTERING_MANAGED_PKG|tdc_tsw
13:46:54.0 (167620983)|ENTERING_MANAGED_PKG|tdc_tsw
13:46:54.0 (168763025)|ENTERING_MANAGED_PKG|tdc_tsw
13:46:54.0 (169526790)|ENTERING_MANAGED_PKG|tdc_tsw
13:46:54.0 (169766847)|ENTERING_MANAGED_PKG|tdc_tsw
13:46:54.0 (170174473)|ENTERING_MANAGED_PKG|tdc_tsw
13:46:54.0 (171292152)|ENTERING_MANAGED_PKG|tdc_tsw
13:46:54.0 (172041088)|ENTERING_MANAGED_PKG|tdc_tsw
13:46:54.0 (172284862)|ENTERING_MANAGED_PKG|tdc_tsw
13:46:54.0 (172686875)|ENTERING_MANAGED_PKG|tdc_tsw
13:46:54.0 (173797366)|ENTERING_MANAGED_PKG|tdc_tsw
13:46:54.0 (174553915)|ENTERING_MANAGED_PKG|tdc_tsw
13:46:54.0 (174791759)|ENTERING_MANAGED_PKG|tdc_tsw
13:46:54.0 (175202064)|ENTERING_MANAGED_PKG|tdc_tsw
13:46:54.0 (176309881)|ENTERING_MANAGED_PKG|tdc_tsw
13:46:54.0 (177075832)|ENTERING_MANAGED_PKG|tdc_tsw
13:46:54.0 (177322982)|ENTERING_MANAGED_PKG|tdc_tsw
13:46:54.0 (177728652)|ENTERING_MANAGED_PKG|tdc_tsw
13:46:54.0 (178843041)|ENTERING_MANAGED_PKG|tdc_tsw
13:46:54.0 (179604567)|ENTERING_MANAGED_PKG|tdc_tsw
13:46:54.0 (179846585)|ENTERING_MANAGED_PKG|tdc_tsw
13:46:54.0 (180257043)|ENTERING_MANAGED_PKG|tdc_tsw
13:46:54.0 (181369473)|ENTERING_MANAGED_PKG|tdc_tsw
13:46:54.0 (182119471)|ENTERING_MANAGED_PKG|tdc_tsw
13:46:54.0 (182363525)|ENTERING_MANAGED_PKG|tdc_tsw
13:46:54.0 (182763444)|ENTERING_MANAGED_PKG|tdc_tsw
13:46:54.0 (183873496)|ENTERING_MANAGED_PKG|tdc_tsw
13:46:54.0 (184624480)|ENTERING_MANAGED_PKG|tdc_tsw
13:46:54.0 (184864152)|ENTERING_MANAGED_PKG|tdc_tsw
13:46:54.0 (185274201)|ENTERING_MANAGED_PKG|tdc_tsw
13:46:54.0 (186391333)|ENTERING_MANAGED_PKG|tdc_tsw
13:46:54.0 (187150316)|ENTERING_MANAGED_PKG|tdc_tsw
13:46:54.0 (187390422)|ENTERING_MANAGED_PKG|tdc_tsw
13:46:54.0 (187794137)|ENTERING_MANAGED_PKG|tdc_tsw
13:46:54.0 (188905926)|ENTERING_MANAGED_PKG|tdc_tsw
13:46:54.0 (189656869)|ENTERING_MANAGED_PKG|tdc_tsw
13:46:54.0 (189897342)|ENTERING_MANAGED_PKG|tdc_tsw
13:46:54.0 (190307154)|ENTERING_MANAGED_PKG|tdc_tsw
13:46:54.0 (191422791)|ENTERING_MANAGED_PKG|tdc_tsw
13:46:54.0 (192184593)|ENTERING_MANAGED_PKG|tdc_tsw
13:46:54.0 (192423159)|ENTERING_MANAGED_PKG|tdc_tsw
13:46:54.0 (192826512)|ENTERING_MANAGED_PKG|tdc_tsw
13:46:54.0 (193940245)|ENTERING_MANAGED_PKG|tdc_tsw
13:46:54.0 (194700790)|ENTERING_MANAGED_PKG|tdc_tsw
13:46:54.0 (194940438)|ENTERING_MANAGED_PKG|tdc_tsw
13:46:54.0 (195350434)|ENTERING_MANAGED_PKG|tdc_tsw
13:46:54.0 (196464901)|ENTERING_MANAGED_PKG|tdc_tsw
13:46:54.0 (197217875)|ENTERING_MANAGED_PKG|tdc_tsw
13:46:54.0 (197454533)|ENTERING_MANAGED_PKG|tdc_tsw
13:46:54.0 (197856585)|ENTERING_MANAGED_PKG|tdc_tsw
13:46:54.0 (198971131)|ENTERING_MANAGED_PKG|tdc_tsw
13:46:54.0 (199720577)|ENTERING_MANAGED_PKG|tdc_tsw
13:46:54.0 (199959057)|ENTERING_MANAGED_PKG|tdc_tsw
13:46:54.0 (200370025)|ENTERING_MANAGED_PKG|tdc_tsw
13:46:54.0 (201483795)|ENTERING_MANAGED_PKG|tdc_tsw
13:46:54.0 (202252078)|ENTERING_MANAGED_PKG|tdc_tsw
13:46:54.0 (202494066)|ENTERING_MANAGED_PKG|tdc_tsw
13:46:54.0 (202900041)|ENTERING_MANAGED_PKG|tdc_tsw
13:46:54.0 (204029582)|ENTERING_MANAGED_PKG|tdc_tsw
13:46:54.0 (204792731)|ENTERING_MANAGED_PKG|tdc_tsw
13:46:54.0 (205032989)|ENTERING_MANAGED_PKG|tdc_tsw
13:46:54.0 (205442638)|ENTERING_MANAGED_PKG|tdc_tsw
13:46:54.0 (206563524)|ENTERING_MANAGED_PKG|tdc_tsw
13:46:54.0 (207329154)|ENTERING_MANAGED_PKG|tdc_tsw
13:46:54.0 (207567615)|ENTERING_MANAGED_PKG|tdc_tsw
13:46:54.0 (207975223)|ENTERING_MANAGED_PKG|tdc_tsw
13:46:54.0 (209097685)|ENTERING_MANAGED_PKG|tdc_tsw
13:46:54.0 (209853270)|ENTERING_MANAGED_PKG|tdc_tsw
13:46:54.0 (210094419)|ENTERING_MANAGED_PKG|tdc_tsw
13:46:54.0 (210503696)|ENTERING_MANAGED_PKG|tdc_tsw
13:46:54.0 (211620800)|ENTERING_MANAGED_PKG|tdc_tsw
13:46:54.0 (212387362)|ENTERING_MANAGED_PKG|tdc_tsw
13:46:54.0 (212598442)|ENTERING_MANAGED_PKG|tdc_tsw
13:46:54.0 (212999819)|ENTERING_MANAGED_PKG|tdc_tsw
13:46:54.0 (214232779)|ENTERING_MANAGED_PKG|tdc_tsw
13:46:54.0 (215018600)|ENTERING_MANAGED_PKG|tdc_tsw
13:46:54.0 (215093157)|ENTERING_MANAGED_PKG|tdc_tsw
13:46:54.0 (215724498)|SOQL_EXECUTE_BEGIN|[200]|Aggregations:0|SELECT Name, NamespacePrefix, SystemModStamp FROM StaticResource WHERE Name LIKE :tmpVar1 LIMIT 10
13:46:54.0 (219311586)|SOQL_EXECUTE_END|[200]|Rows:1
13:46:54.0 (220220005)|ENTERING_MANAGED_PKG|tdc_tsw
13:46:54.0 (220618261)|SOQL_EXECUTE_BEGIN|[200]|Aggregations:0|SELECT Name, NamespacePrefix, SystemModStamp FROM StaticResource WHERE Name LIKE :tmpVar1 LIMIT 10
13:46:54.0 (223977063)|SOQL_EXECUTE_END|[200]|Rows:1
13:46:54.0 (224816810)|ENTERING_MANAGED_PKG|tdc_tsw
13:46:54.0 (231002593)|ENTERING_MANAGED_PKG|tdc_tsw
13:46:54.0 (234339490)|ENTERING_MANAGED_PKG|tdc_tsw
13:46:54.0 (234928214)|ENTERING_MANAGED_PKG|tdc_tsw
13:46:54.0 (236636072)|ENTERING_MANAGED_PKG|tdc_tsw
13:46:54.0 (237452609)|SOQL_EXECUTE_BEGIN|[200]|Aggregations:0|SELECT Name, NamespacePrefix, SystemModStamp FROM StaticResource WHERE Name LIKE :tmpVar1 LIMIT 10
13:46:54.0 (242143521)|SOQL_EXECUTE_END|[200]|Rows:1
13:46:54.262 (262040786)|USER_INFO|[EXTERNAL]|0051H000009gxp8|chanida.dev2@solvedbysoftwareco.com|Eastern Standard Time|GMT-05:00
13:46:54.262 (264164922)|ENTERING_MANAGED_PKG|tdc_tsw
13:46:54.262 (264379928)|ENTERING_MANAGED_PKG|tdc_tsw
13:46:54.262 (267149951)|SOQL_EXECUTE_BEGIN|[355]|Aggregations:0|SELECT id, name, Disable_Incoming_SMS_Sharing__c FROM User WHERE id = :tmpVar1
13:46:54.262 (274152109)|SOQL_EXECUTE_END|[355]|Rows:1
13:46:54.262 (275221565)|SOQL_EXECUTE_BEGIN|[367]|Aggregations:0|SELECT CreatedDate,Id,LastModifiedDate,Related_Object_Id__c FROM Message__c WHERE Name = 'Incoming' AND Read__c = false ORDER BY CreatedDate Desc limit 100
13:46:54.262 (287920553)|SOQL_EXECUTE_END|[367]|Rows:100
