44.0 APEX_CODE,FINEST;APEX_PROFILING,INFO;CALLOUT,INFO;DB,INFO;NBA,INFO;SYSTEM,DEBUG;VALIDATION,INFO;VISUALFORCE,INFO;WAVE,INFO;WORKFLOW,INFO
21:11:03.0 (135377)|USER_INFO|[EXTERNAL]|0051H000009gxp8|chanida.dev2@solvedbysoftwareco.com|Eastern Standard Time|GMT-05:00
21:11:03.0 (1741075)|ENTERING_MANAGED_PKG|tdc_tsw
21:11:03.0 (2265519)|ENTERING_MANAGED_PKG|tdc_tsw
21:11:03.0 (6794040)|SOQL_EXECUTE_BEGIN|[16]|Aggregations:0|SELECT id, name, Disable_Incoming_SMS_Sharing__c FROM User WHERE id = :tmpVar1
21:11:03.0 (15537023)|SOQL_EXECUTE_END|[16]|Rows:1
21:11:03.0 (22182240)|SOQL_EXECUTE_BEGIN|[37]|Aggregations:0|SELECT CreatedDate,Created_Date__c,Id,LastModifiedDate,MessageId__c,Message_Text_New__c,Name,OwnerId,Read__c,Related_Object_Id__c,Related_Object__c,Sender_Number__c, Sender_Name__c,ToNumber__c,Attachments_Ids__c FROM Message__c WHERE Name = 'Incoming' AND Read__c = false ORDER BY CreatedDate Desc limit 100
21:11:03.0 (33919211)|SOQL_EXECUTE_END|[37]|Rows:16
21:11:03.0 (38171668)|ENTERING_MANAGED_PKG|tdc_tsw
21:11:03.0 (40017122)|ENTERING_MANAGED_PKG|tdc_tsw
21:11:03.0 (40499365)|ENTERING_MANAGED_PKG|tdc_tsw
21:11:03.0 (41231698)|ENTERING_MANAGED_PKG|tdc_tsw
21:11:03.0 (44725052)|ENTERING_MANAGED_PKG|tdc_tsw
21:11:03.0 (45621360)|ENTERING_MANAGED_PKG|tdc_tsw
21:11:03.0 (45919149)|ENTERING_MANAGED_PKG|tdc_tsw
21:11:03.0 (46430209)|ENTERING_MANAGED_PKG|tdc_tsw
21:11:03.0 (47683861)|ENTERING_MANAGED_PKG|tdc_tsw
21:11:03.0 (48536846)|ENTERING_MANAGED_PKG|tdc_tsw
21:11:03.0 (48804863)|ENTERING_MANAGED_PKG|tdc_tsw
21:11:03.0 (49248932)|ENTERING_MANAGED_PKG|tdc_tsw
21:11:03.0 (50579902)|ENTERING_MANAGED_PKG|tdc_tsw
21:11:03.0 (51334011)|ENTERING_MANAGED_PKG|tdc_tsw
21:11:03.0 (51414109)|ENTERING_MANAGED_PKG|tdc_tsw
21:11:03.0 (52101370)|SOQL_EXECUTE_BEGIN|[200]|Aggregations:0|SELECT Name, NamespacePrefix, SystemModStamp FROM StaticResource WHERE Name LIKE :tmpVar1 LIMIT 10
21:11:03.0 (55632348)|SOQL_EXECUTE_END|[200]|Rows:1
21:11:03.0 (56513498)|ENTERING_MANAGED_PKG|tdc_tsw
21:11:03.0 (56910299)|SOQL_EXECUTE_BEGIN|[200]|Aggregations:0|SELECT Name, NamespacePrefix, SystemModStamp FROM StaticResource WHERE Name LIKE :tmpVar1 LIMIT 10
21:11:03.0 (59293275)|SOQL_EXECUTE_END|[200]|Rows:1
21:11:03.0 (59725437)|ENTERING_MANAGED_PKG|tdc_tsw
21:11:03.0 (63362220)|ENTERING_MANAGED_PKG|tdc_tsw
21:11:03.0 (65090300)|ENTERING_MANAGED_PKG|tdc_tsw
21:11:03.0 (65458467)|ENTERING_MANAGED_PKG|tdc_tsw
21:11:03.0 (66546785)|ENTERING_MANAGED_PKG|tdc_tsw
21:11:03.0 (67042397)|SOQL_EXECUTE_BEGIN|[200]|Aggregations:0|SELECT Name, NamespacePrefix, SystemModStamp FROM StaticResource WHERE Name LIKE :tmpVar1 LIMIT 10
21:11:03.0 (70080988)|SOQL_EXECUTE_END|[200]|Rows:1
21:11:03.76 (76035784)|USER_INFO|[EXTERNAL]|0051H000009gxp8|chanida.dev2@solvedbysoftwareco.com|Eastern Standard Time|GMT-05:00
21:11:03.76 (77687146)|ENTERING_MANAGED_PKG|tdc_tsw
21:11:03.76 (77904067)|ENTERING_MANAGED_PKG|tdc_tsw
21:11:03.76 (80837452)|SOQL_EXECUTE_BEGIN|[355]|Aggregations:0|SELECT id, name, Disable_Incoming_SMS_Sharing__c FROM User WHERE id = :tmpVar1
21:11:03.76 (87814452)|SOQL_EXECUTE_END|[355]|Rows:1
21:11:03.76 (88935794)|SOQL_EXECUTE_BEGIN|[367]|Aggregations:0|SELECT CreatedDate,Id,LastModifiedDate,Related_Object_Id__c FROM Message__c WHERE Name = 'Incoming' AND Read__c = false ORDER BY CreatedDate Desc limit 100
21:11:03.76 (95029247)|SOQL_EXECUTE_END|[367]|Rows:16
