44.0 APEX_CODE,FINEST;APEX_PROFILING,INFO;CALLOUT,INFO;DB,INFO;NBA,INFO;SYSTEM,DEBUG;VALIDATION,INFO;VISUALFORCE,INFO;WAVE,INFO;WORKFLOW,INFO
19:49:23.0 (395720)|USER_INFO|[EXTERNAL]|0051H000009gxp8|chanida.dev2@solvedbysoftwareco.com|Eastern Standard Time|GMT-05:00
19:49:23.0 (2431190)|ENTERING_MANAGED_PKG|tdc_tsw
19:49:23.0 (2886904)|ENTERING_MANAGED_PKG|tdc_tsw
19:49:23.0 (7898415)|SOQL_EXECUTE_BEGIN|[16]|Aggregations:0|SELECT id, name, Disable_Incoming_SMS_Sharing__c FROM User WHERE id = :tmpVar1
19:49:23.0 (15430991)|SOQL_EXECUTE_END|[16]|Rows:1
19:49:23.0 (22874711)|SOQL_EXECUTE_BEGIN|[37]|Aggregations:0|SELECT CreatedDate,Created_Date__c,Id,LastModifiedDate,MessageId__c,Message_Text_New__c,Name,OwnerId,Read__c,Related_Object_Id__c,Related_Object__c,Sender_Number__c, Sender_Name__c,ToNumber__c,Attachments_Ids__c FROM Message__c WHERE Name = 'Incoming' AND Read__c = false ORDER BY CreatedDate Desc limit 100
19:49:23.0 (31695916)|SOQL_EXECUTE_END|[37]|Rows:15
19:49:23.0 (35099489)|ENTERING_MANAGED_PKG|tdc_tsw
19:49:23.0 (37000906)|ENTERING_MANAGED_PKG|tdc_tsw
19:49:23.0 (37470567)|ENTERING_MANAGED_PKG|tdc_tsw
19:49:23.0 (38167578)|ENTERING_MANAGED_PKG|tdc_tsw
19:49:23.0 (40610860)|ENTERING_MANAGED_PKG|tdc_tsw
19:49:23.0 (41357982)|ENTERING_MANAGED_PKG|tdc_tsw
19:49:23.0 (41563383)|ENTERING_MANAGED_PKG|tdc_tsw
19:49:23.0 (41986587)|ENTERING_MANAGED_PKG|tdc_tsw
19:49:23.0 (43060730)|ENTERING_MANAGED_PKG|tdc_tsw
19:49:23.0 (43801886)|ENTERING_MANAGED_PKG|tdc_tsw
19:49:23.0 (44025542)|ENTERING_MANAGED_PKG|tdc_tsw
19:49:23.0 (44402739)|ENTERING_MANAGED_PKG|tdc_tsw
19:49:23.0 (46223256)|ENTERING_MANAGED_PKG|tdc_tsw
19:49:23.0 (46861964)|ENTERING_MANAGED_PKG|tdc_tsw
19:49:23.0 (46931365)|ENTERING_MANAGED_PKG|tdc_tsw
19:49:23.0 (47482271)|SOQL_EXECUTE_BEGIN|[200]|Aggregations:0|SELECT Name, NamespacePrefix, SystemModStamp FROM StaticResource WHERE Name LIKE :tmpVar1 LIMIT 10
19:49:23.0 (50637297)|SOQL_EXECUTE_END|[200]|Rows:1
19:49:23.0 (51351840)|ENTERING_MANAGED_PKG|tdc_tsw
19:49:23.0 (51703795)|SOQL_EXECUTE_BEGIN|[200]|Aggregations:0|SELECT Name, NamespacePrefix, SystemModStamp FROM StaticResource WHERE Name LIKE :tmpVar1 LIMIT 10
19:49:23.0 (53932761)|SOQL_EXECUTE_END|[200]|Rows:1
19:49:23.0 (54299932)|ENTERING_MANAGED_PKG|tdc_tsw
19:49:23.0 (58218658)|ENTERING_MANAGED_PKG|tdc_tsw
19:49:23.0 (59707944)|ENTERING_MANAGED_PKG|tdc_tsw
19:49:23.0 (59994003)|ENTERING_MANAGED_PKG|tdc_tsw
19:49:23.0 (60761510)|ENTERING_MANAGED_PKG|tdc_tsw
19:49:23.0 (61097163)|SOQL_EXECUTE_BEGIN|[200]|Aggregations:0|SELECT Name, NamespacePrefix, SystemModStamp FROM StaticResource WHERE Name LIKE :tmpVar1 LIMIT 10
19:49:23.0 (63444198)|SOQL_EXECUTE_END|[200]|Rows:1
19:49:23.70 (70119619)|USER_INFO|[EXTERNAL]|0051H000009gxp8|chanida.dev2@solvedbysoftwareco.com|Eastern Standard Time|GMT-05:00
19:49:23.70 (71969922)|ENTERING_MANAGED_PKG|tdc_tsw
19:49:23.70 (72143458)|ENTERING_MANAGED_PKG|tdc_tsw
19:49:23.70 (74363304)|SOQL_EXECUTE_BEGIN|[355]|Aggregations:0|SELECT id, name, Disable_Incoming_SMS_Sharing__c FROM User WHERE id = :tmpVar1
19:49:23.70 (79730172)|SOQL_EXECUTE_END|[355]|Rows:1
19:49:23.70 (80595144)|SOQL_EXECUTE_BEGIN|[367]|Aggregations:0|SELECT CreatedDate,Id,LastModifiedDate,Related_Object_Id__c FROM Message__c WHERE Name = 'Incoming' AND Read__c = false ORDER BY CreatedDate Desc limit 100
19:49:23.70 (86049162)|SOQL_EXECUTE_END|[367]|Rows:15
