44.0 APEX_CODE,FINEST;APEX_PROFILING,INFO;CALLOUT,INFO;DB,INFO;NBA,INFO;SYSTEM,DEBUG;VALIDATION,INFO;VISUALFORCE,INFO;WAVE,INFO;WORKFLOW,INFO
21:58:50.0 (116529)|USER_INFO|[EXTERNAL]|0051H000009gxp8|chanida.dev2@solvedbysoftwareco.com|Eastern Standard Time|GMT-05:00
21:58:50.0 (1571337)|ENTERING_MANAGED_PKG|tdc_tsw
21:58:50.0 (1990130)|ENTERING_MANAGED_PKG|tdc_tsw
21:58:50.0 (5505545)|SOQL_EXECUTE_BEGIN|[16]|Aggregations:0|SELECT id, name, Disable_Incoming_SMS_Sharing__c FROM User WHERE id = :tmpVar1
21:58:50.0 (12178871)|SOQL_EXECUTE_END|[16]|Rows:1
21:58:50.0 (17494960)|SOQL_EXECUTE_BEGIN|[37]|Aggregations:0|SELECT CreatedDate,Created_Date__c,Id,LastModifiedDate,MessageId__c,Message_Text_New__c,Name,OwnerId,Read__c,Related_Object_Id__c,Related_Object__c,Sender_Number__c, Sender_Name__c,ToNumber__c,Attachments_Ids__c FROM Message__c WHERE Name = 'Incoming' AND Read__c = false ORDER BY CreatedDate Desc limit 100
21:58:50.0 (28867790)|SOQL_EXECUTE_END|[37]|Rows:16
21:58:50.0 (32835889)|ENTERING_MANAGED_PKG|tdc_tsw
21:58:50.0 (35022369)|ENTERING_MANAGED_PKG|tdc_tsw
21:58:50.0 (35463061)|ENTERING_MANAGED_PKG|tdc_tsw
21:58:50.0 (36117590)|ENTERING_MANAGED_PKG|tdc_tsw
21:58:50.0 (38737735)|ENTERING_MANAGED_PKG|tdc_tsw
21:58:50.0 (39527265)|ENTERING_MANAGED_PKG|tdc_tsw
21:58:50.0 (39778112)|ENTERING_MANAGED_PKG|tdc_tsw
21:58:50.0 (40178615)|ENTERING_MANAGED_PKG|tdc_tsw
21:58:50.0 (41260929)|ENTERING_MANAGED_PKG|tdc_tsw
21:58:50.0 (42036070)|ENTERING_MANAGED_PKG|tdc_tsw
21:58:50.0 (42261410)|ENTERING_MANAGED_PKG|tdc_tsw
21:58:50.0 (42665122)|ENTERING_MANAGED_PKG|tdc_tsw
21:58:50.0 (43947599)|ENTERING_MANAGED_PKG|tdc_tsw
21:58:50.0 (44611254)|ENTERING_MANAGED_PKG|tdc_tsw
21:58:50.0 (44687202)|ENTERING_MANAGED_PKG|tdc_tsw
21:58:50.0 (45274479)|SOQL_EXECUTE_BEGIN|[200]|Aggregations:0|SELECT Name, NamespacePrefix, SystemModStamp FROM StaticResource WHERE Name LIKE :tmpVar1 LIMIT 10
21:58:50.0 (50245581)|SOQL_EXECUTE_END|[200]|Rows:1
21:58:50.0 (51145404)|ENTERING_MANAGED_PKG|tdc_tsw
21:58:50.0 (51511467)|SOQL_EXECUTE_BEGIN|[200]|Aggregations:0|SELECT Name, NamespacePrefix, SystemModStamp FROM StaticResource WHERE Name LIKE :tmpVar1 LIMIT 10
21:58:50.0 (53848662)|SOQL_EXECUTE_END|[200]|Rows:1
21:58:50.0 (54261878)|ENTERING_MANAGED_PKG|tdc_tsw
21:58:50.0 (57501718)|ENTERING_MANAGED_PKG|tdc_tsw
21:58:50.0 (58943627)|ENTERING_MANAGED_PKG|tdc_tsw
21:58:50.0 (59256680)|ENTERING_MANAGED_PKG|tdc_tsw
21:58:50.0 (60169748)|ENTERING_MANAGED_PKG|tdc_tsw
21:58:50.0 (60634890)|SOQL_EXECUTE_BEGIN|[200]|Aggregations:0|SELECT Name, NamespacePrefix, SystemModStamp FROM StaticResource WHERE Name LIKE :tmpVar1 LIMIT 10
21:58:50.0 (63702773)|SOQL_EXECUTE_END|[200]|Rows:1
21:58:50.69 (69391434)|USER_INFO|[EXTERNAL]|0051H000009gxp8|chanida.dev2@solvedbysoftwareco.com|Eastern Standard Time|GMT-05:00
21:58:50.69 (70933521)|ENTERING_MANAGED_PKG|tdc_tsw
21:58:50.69 (71229385)|ENTERING_MANAGED_PKG|tdc_tsw
21:58:50.69 (74377347)|SOQL_EXECUTE_BEGIN|[355]|Aggregations:0|SELECT id, name, Disable_Incoming_SMS_Sharing__c FROM User WHERE id = :tmpVar1
21:58:50.69 (82084934)|SOQL_EXECUTE_END|[355]|Rows:1
21:58:50.69 (83172332)|SOQL_EXECUTE_BEGIN|[367]|Aggregations:0|SELECT CreatedDate,Id,LastModifiedDate,Related_Object_Id__c FROM Message__c WHERE Name = 'Incoming' AND Read__c = false ORDER BY CreatedDate Desc limit 100
21:58:50.69 (89121790)|SOQL_EXECUTE_END|[367]|Rows:16
