44.0 APEX_CODE,FINEST;APEX_PROFILING,INFO;CALLOUT,INFO;DB,INFO;NBA,INFO;SYSTEM,DEBUG;VALIDATION,INFO;VISUALFORCE,INFO;WAVE,INFO;WORKFLOW,INFO
23:18:47.0 (140900)|USER_INFO|[EXTERNAL]|0051H000009gxp8|chanida.dev2@solvedbysoftwareco.com|Eastern Standard Time|GMT-05:00
23:18:47.0 (2415538)|ENTERING_MANAGED_PKG|tdc_tsw
23:18:47.0 (2851281)|ENTERING_MANAGED_PKG|tdc_tsw
23:18:47.0 (6360685)|SOQL_EXECUTE_BEGIN|[16]|Aggregations:0|SELECT id, name, Disable_Incoming_SMS_Sharing__c FROM User WHERE id = :tmpVar1
23:18:47.0 (13324627)|SOQL_EXECUTE_END|[16]|Rows:1
23:18:47.0 (18725410)|SOQL_EXECUTE_BEGIN|[37]|Aggregations:0|SELECT CreatedDate,Created_Date__c,Id,LastModifiedDate,MessageId__c,Message_Text_New__c,Name,OwnerId,Read__c,Related_Object_Id__c,Related_Object__c,Sender_Number__c, Sender_Name__c,ToNumber__c,Attachments_Ids__c FROM Message__c WHERE Name = 'Incoming' AND Read__c = false ORDER BY CreatedDate Desc limit 100
23:18:47.0 (37176795)|SOQL_EXECUTE_END|[37]|Rows:100
23:18:47.0 (62060304)|ENTERING_MANAGED_PKG|tdc_tsw
23:18:47.0 (63829002)|ENTERING_MANAGED_PKG|tdc_tsw
23:18:47.0 (64324894)|ENTERING_MANAGED_PKG|tdc_tsw
23:18:47.0 (65005366)|ENTERING_MANAGED_PKG|tdc_tsw
23:18:47.0 (67935695)|ENTERING_MANAGED_PKG|tdc_tsw
23:18:47.0 (68741270)|ENTERING_MANAGED_PKG|tdc_tsw
23:18:47.0 (68984168)|ENTERING_MANAGED_PKG|tdc_tsw
23:18:47.0 (69427319)|ENTERING_MANAGED_PKG|tdc_tsw
23:18:47.0 (70543549)|ENTERING_MANAGED_PKG|tdc_tsw
23:18:47.0 (71342361)|ENTERING_MANAGED_PKG|tdc_tsw
23:18:47.0 (71581229)|ENTERING_MANAGED_PKG|tdc_tsw
23:18:47.0 (71985431)|ENTERING_MANAGED_PKG|tdc_tsw
23:18:47.0 (73098479)|ENTERING_MANAGED_PKG|tdc_tsw
23:18:47.0 (73868013)|ENTERING_MANAGED_PKG|tdc_tsw
23:18:47.0 (74109743)|ENTERING_MANAGED_PKG|tdc_tsw
23:18:47.0 (74526240)|ENTERING_MANAGED_PKG|tdc_tsw
23:18:47.0 (75647305)|ENTERING_MANAGED_PKG|tdc_tsw
23:18:47.0 (76419440)|ENTERING_MANAGED_PKG|tdc_tsw
23:18:47.0 (76656748)|ENTERING_MANAGED_PKG|tdc_tsw
23:18:47.0 (77062372)|ENTERING_MANAGED_PKG|tdc_tsw
23:18:47.0 (78171627)|ENTERING_MANAGED_PKG|tdc_tsw
23:18:47.0 (78929993)|ENTERING_MANAGED_PKG|tdc_tsw
23:18:47.0 (79172558)|ENTERING_MANAGED_PKG|tdc_tsw
23:18:47.0 (79577793)|ENTERING_MANAGED_PKG|tdc_tsw
23:18:47.0 (80681046)|ENTERING_MANAGED_PKG|tdc_tsw
23:18:47.0 (81458053)|ENTERING_MANAGED_PKG|tdc_tsw
23:18:47.0 (81695063)|ENTERING_MANAGED_PKG|tdc_tsw
23:18:47.0 (82099285)|ENTERING_MANAGED_PKG|tdc_tsw
23:18:47.0 (83212574)|ENTERING_MANAGED_PKG|tdc_tsw
23:18:47.0 (83972262)|ENTERING_MANAGED_PKG|tdc_tsw
23:18:47.0 (84216223)|ENTERING_MANAGED_PKG|tdc_tsw
23:18:47.0 (84624555)|ENTERING_MANAGED_PKG|tdc_tsw
23:18:47.0 (85725145)|ENTERING_MANAGED_PKG|tdc_tsw
23:18:47.0 (86495560)|ENTERING_MANAGED_PKG|tdc_tsw
23:18:47.0 (86737735)|ENTERING_MANAGED_PKG|tdc_tsw
23:18:47.0 (87145852)|ENTERING_MANAGED_PKG|tdc_tsw
23:18:47.0 (88246754)|ENTERING_MANAGED_PKG|tdc_tsw
23:18:47.0 (89006475)|ENTERING_MANAGED_PKG|tdc_tsw
23:18:47.0 (89249818)|ENTERING_MANAGED_PKG|tdc_tsw
23:18:47.0 (89668774)|ENTERING_MANAGED_PKG|tdc_tsw
23:18:47.0 (90769636)|ENTERING_MANAGED_PKG|tdc_tsw
23:18:47.0 (91538949)|ENTERING_MANAGED_PKG|tdc_tsw
23:18:47.0 (91774259)|ENTERING_MANAGED_PKG|tdc_tsw
23:18:47.0 (92186808)|ENTERING_MANAGED_PKG|tdc_tsw
23:18:47.0 (93288111)|ENTERING_MANAGED_PKG|tdc_tsw
23:18:47.0 (94049034)|ENTERING_MANAGED_PKG|tdc_tsw
23:18:47.0 (94292723)|ENTERING_MANAGED_PKG|tdc_tsw
23:18:47.0 (94700067)|ENTERING_MANAGED_PKG|tdc_tsw
23:18:47.0 (95800212)|ENTERING_MANAGED_PKG|tdc_tsw
23:18:47.0 (96569056)|ENTERING_MANAGED_PKG|tdc_tsw
23:18:47.0 (96803641)|ENTERING_MANAGED_PKG|tdc_tsw
23:18:47.0 (97216770)|ENTERING_MANAGED_PKG|tdc_tsw
23:18:47.0 (98335889)|ENTERING_MANAGED_PKG|tdc_tsw
23:18:47.0 (99096156)|ENTERING_MANAGED_PKG|tdc_tsw
23:18:47.0 (99340444)|ENTERING_MANAGED_PKG|tdc_tsw
23:18:47.0 (99744294)|ENTERING_MANAGED_PKG|tdc_tsw
23:18:47.0 (100849662)|ENTERING_MANAGED_PKG|tdc_tsw
23:18:47.0 (101615361)|ENTERING_MANAGED_PKG|tdc_tsw
23:18:47.0 (101852520)|ENTERING_MANAGED_PKG|tdc_tsw
23:18:47.0 (102269861)|ENTERING_MANAGED_PKG|tdc_tsw
23:18:47.0 (103386017)|ENTERING_MANAGED_PKG|tdc_tsw
23:18:47.0 (104153765)|ENTERING_MANAGED_PKG|tdc_tsw
23:18:47.0 (104389658)|ENTERING_MANAGED_PKG|tdc_tsw
23:18:47.0 (105103805)|ENTERING_MANAGED_PKG|tdc_tsw
23:18:47.0 (106207659)|ENTERING_MANAGED_PKG|tdc_tsw
23:18:47.0 (106965030)|ENTERING_MANAGED_PKG|tdc_tsw
23:18:47.0 (107208953)|ENTERING_MANAGED_PKG|tdc_tsw
23:18:47.0 (107612743)|ENTERING_MANAGED_PKG|tdc_tsw
23:18:47.0 (108715140)|ENTERING_MANAGED_PKG|tdc_tsw
23:18:47.0 (109494616)|ENTERING_MANAGED_PKG|tdc_tsw
23:18:47.0 (109731190)|ENTERING_MANAGED_PKG|tdc_tsw
23:18:47.0 (110154093)|ENTERING_MANAGED_PKG|tdc_tsw
23:18:47.0 (111261249)|ENTERING_MANAGED_PKG|tdc_tsw
23:18:47.0 (112014131)|ENTERING_MANAGED_PKG|tdc_tsw
23:18:47.0 (112260713)|ENTERING_MANAGED_PKG|tdc_tsw
23:18:47.0 (112664601)|ENTERING_MANAGED_PKG|tdc_tsw
23:18:47.0 (113761428)|ENTERING_MANAGED_PKG|tdc_tsw
23:18:47.0 (114521030)|ENTERING_MANAGED_PKG|tdc_tsw
23:18:47.0 (114757479)|ENTERING_MANAGED_PKG|tdc_tsw
23:18:47.0 (115166166)|ENTERING_MANAGED_PKG|tdc_tsw
23:18:47.0 (116304232)|ENTERING_MANAGED_PKG|tdc_tsw
23:18:47.0 (117088594)|ENTERING_MANAGED_PKG|tdc_tsw
23:18:47.0 (117331616)|ENTERING_MANAGED_PKG|tdc_tsw
23:18:47.0 (117733963)|ENTERING_MANAGED_PKG|tdc_tsw
23:18:47.0 (118840635)|ENTERING_MANAGED_PKG|tdc_tsw
23:18:47.0 (119602909)|ENTERING_MANAGED_PKG|tdc_tsw
23:18:47.0 (119838908)|ENTERING_MANAGED_PKG|tdc_tsw
23:18:47.0 (120245439)|ENTERING_MANAGED_PKG|tdc_tsw
23:18:47.0 (121338522)|ENTERING_MANAGED_PKG|tdc_tsw
23:18:47.0 (122089390)|ENTERING_MANAGED_PKG|tdc_tsw
23:18:47.0 (122331286)|ENTERING_MANAGED_PKG|tdc_tsw
23:18:47.0 (122732561)|ENTERING_MANAGED_PKG|tdc_tsw
23:18:47.0 (123839411)|ENTERING_MANAGED_PKG|tdc_tsw
23:18:47.0 (124604976)|ENTERING_MANAGED_PKG|tdc_tsw
23:18:47.0 (124840557)|ENTERING_MANAGED_PKG|tdc_tsw
23:18:47.0 (125246696)|ENTERING_MANAGED_PKG|tdc_tsw
23:18:47.0 (126347461)|ENTERING_MANAGED_PKG|tdc_tsw
23:18:47.0 (127102643)|ENTERING_MANAGED_PKG|tdc_tsw
23:18:47.0 (127346266)|ENTERING_MANAGED_PKG|tdc_tsw
23:18:47.0 (127745450)|ENTERING_MANAGED_PKG|tdc_tsw
23:18:47.0 (128841774)|ENTERING_MANAGED_PKG|tdc_tsw
23:18:47.0 (129604948)|ENTERING_MANAGED_PKG|tdc_tsw
23:18:47.0 (129840338)|ENTERING_MANAGED_PKG|tdc_tsw
23:18:47.0 (130245566)|ENTERING_MANAGED_PKG|tdc_tsw
23:18:47.0 (131346377)|ENTERING_MANAGED_PKG|tdc_tsw
23:18:47.0 (132095938)|ENTERING_MANAGED_PKG|tdc_tsw
23:18:47.0 (132338255)|ENTERING_MANAGED_PKG|tdc_tsw
23:18:47.0 (132741418)|ENTERING_MANAGED_PKG|tdc_tsw
23:18:47.0 (133833978)|ENTERING_MANAGED_PKG|tdc_tsw
23:18:47.0 (134592248)|ENTERING_MANAGED_PKG|tdc_tsw
23:18:47.0 (134827687)|ENTERING_MANAGED_PKG|tdc_tsw
23:18:47.0 (135236344)|ENTERING_MANAGED_PKG|tdc_tsw
23:18:47.0 (136336913)|ENTERING_MANAGED_PKG|tdc_tsw
23:18:47.0 (137087991)|ENTERING_MANAGED_PKG|tdc_tsw
23:18:47.0 (137330090)|ENTERING_MANAGED_PKG|tdc_tsw
23:18:47.0 (137730284)|ENTERING_MANAGED_PKG|tdc_tsw
23:18:47.0 (138825039)|ENTERING_MANAGED_PKG|tdc_tsw
23:18:47.0 (139609461)|ENTERING_MANAGED_PKG|tdc_tsw
23:18:47.0 (139845379)|ENTERING_MANAGED_PKG|tdc_tsw
23:18:47.0 (140252813)|ENTERING_MANAGED_PKG|tdc_tsw
23:18:47.0 (141349655)|ENTERING_MANAGED_PKG|tdc_tsw
23:18:47.0 (142108678)|ENTERING_MANAGED_PKG|tdc_tsw
23:18:47.0 (142353276)|ENTERING_MANAGED_PKG|tdc_tsw
23:18:47.0 (142749422)|ENTERING_MANAGED_PKG|tdc_tsw
23:18:47.0 (143860874)|ENTERING_MANAGED_PKG|tdc_tsw
23:18:47.0 (144629795)|ENTERING_MANAGED_PKG|tdc_tsw
23:18:47.0 (144866745)|ENTERING_MANAGED_PKG|tdc_tsw
23:18:47.0 (145301796)|ENTERING_MANAGED_PKG|tdc_tsw
23:18:47.0 (146405576)|ENTERING_MANAGED_PKG|tdc_tsw
23:18:47.0 (147168064)|ENTERING_MANAGED_PKG|tdc_tsw
23:18:47.0 (147404256)|ENTERING_MANAGED_PKG|tdc_tsw
23:18:47.0 (147815034)|ENTERING_MANAGED_PKG|tdc_tsw
23:18:47.0 (148931421)|ENTERING_MANAGED_PKG|tdc_tsw
23:18:47.0 (149694752)|ENTERING_MANAGED_PKG|tdc_tsw
23:18:47.0 (149930419)|ENTERING_MANAGED_PKG|tdc_tsw
23:18:47.0 (150343156)|ENTERING_MANAGED_PKG|tdc_tsw
23:18:47.0 (151445265)|ENTERING_MANAGED_PKG|tdc_tsw
23:18:47.0 (152211839)|ENTERING_MANAGED_PKG|tdc_tsw
23:18:47.0 (152448620)|ENTERING_MANAGED_PKG|tdc_tsw
23:18:47.0 (152856967)|ENTERING_MANAGED_PKG|tdc_tsw
23:18:47.0 (153962052)|ENTERING_MANAGED_PKG|tdc_tsw
23:18:47.0 (154723425)|ENTERING_MANAGED_PKG|tdc_tsw
23:18:47.0 (154959116)|ENTERING_MANAGED_PKG|tdc_tsw
23:18:47.0 (155369425)|ENTERING_MANAGED_PKG|tdc_tsw
23:18:47.0 (156473627)|ENTERING_MANAGED_PKG|tdc_tsw
23:18:47.0 (157236385)|ENTERING_MANAGED_PKG|tdc_tsw
23:18:47.0 (157473168)|ENTERING_MANAGED_PKG|tdc_tsw
23:18:47.0 (157877466)|ENTERING_MANAGED_PKG|tdc_tsw
23:18:47.0 (158986028)|ENTERING_MANAGED_PKG|tdc_tsw
23:18:47.0 (159750020)|ENTERING_MANAGED_PKG|tdc_tsw
23:18:47.0 (159985930)|ENTERING_MANAGED_PKG|tdc_tsw
23:18:47.0 (160398550)|ENTERING_MANAGED_PKG|tdc_tsw
23:18:47.0 (161544391)|ENTERING_MANAGED_PKG|tdc_tsw
23:18:47.0 (162309292)|ENTERING_MANAGED_PKG|tdc_tsw
23:18:47.0 (162545594)|ENTERING_MANAGED_PKG|tdc_tsw
23:18:47.0 (162949124)|ENTERING_MANAGED_PKG|tdc_tsw
23:18:47.0 (164053433)|ENTERING_MANAGED_PKG|tdc_tsw
23:18:47.0 (164820002)|ENTERING_MANAGED_PKG|tdc_tsw
23:18:47.0 (165056169)|ENTERING_MANAGED_PKG|tdc_tsw
23:18:47.0 (165468490)|ENTERING_MANAGED_PKG|tdc_tsw
23:18:47.0 (166587710)|ENTERING_MANAGED_PKG|tdc_tsw
23:18:47.0 (167354169)|ENTERING_MANAGED_PKG|tdc_tsw
23:18:47.0 (167589131)|ENTERING_MANAGED_PKG|tdc_tsw
23:18:47.0 (168013225)|ENTERING_MANAGED_PKG|tdc_tsw
23:18:47.0 (169128881)|ENTERING_MANAGED_PKG|tdc_tsw
23:18:47.0 (169886350)|ENTERING_MANAGED_PKG|tdc_tsw
23:18:47.0 (170127752)|ENTERING_MANAGED_PKG|tdc_tsw
23:18:47.0 (170613268)|ENTERING_MANAGED_PKG|tdc_tsw
23:18:47.0 (171728726)|ENTERING_MANAGED_PKG|tdc_tsw
23:18:47.0 (172494056)|ENTERING_MANAGED_PKG|tdc_tsw
23:18:47.0 (172729731)|ENTERING_MANAGED_PKG|tdc_tsw
23:18:47.0 (173140644)|ENTERING_MANAGED_PKG|tdc_tsw
23:18:47.0 (174248640)|ENTERING_MANAGED_PKG|tdc_tsw
23:18:47.0 (175007743)|ENTERING_MANAGED_PKG|tdc_tsw
23:18:47.0 (175251105)|ENTERING_MANAGED_PKG|tdc_tsw
23:18:47.0 (175651554)|ENTERING_MANAGED_PKG|tdc_tsw
23:18:47.0 (176751815)|ENTERING_MANAGED_PKG|tdc_tsw
23:18:47.0 (177510736)|ENTERING_MANAGED_PKG|tdc_tsw
23:18:47.0 (177746094)|ENTERING_MANAGED_PKG|tdc_tsw
23:18:47.0 (178152426)|ENTERING_MANAGED_PKG|tdc_tsw
23:18:47.0 (179266715)|ENTERING_MANAGED_PKG|tdc_tsw
23:18:47.0 (180022469)|ENTERING_MANAGED_PKG|tdc_tsw
23:18:47.0 (180266065)|ENTERING_MANAGED_PKG|tdc_tsw
23:18:47.0 (180668473)|ENTERING_MANAGED_PKG|tdc_tsw
23:18:47.0 (181774825)|ENTERING_MANAGED_PKG|tdc_tsw
23:18:47.0 (182536110)|ENTERING_MANAGED_PKG|tdc_tsw
23:18:47.0 (182770052)|ENTERING_MANAGED_PKG|tdc_tsw
23:18:47.0 (183182373)|ENTERING_MANAGED_PKG|tdc_tsw
23:18:47.0 (184291703)|ENTERING_MANAGED_PKG|tdc_tsw
23:18:47.0 (185046035)|ENTERING_MANAGED_PKG|tdc_tsw
23:18:47.0 (185289018)|ENTERING_MANAGED_PKG|tdc_tsw
23:18:47.0 (185691667)|ENTERING_MANAGED_PKG|tdc_tsw
23:18:47.0 (186790238)|ENTERING_MANAGED_PKG|tdc_tsw
23:18:47.0 (187553790)|ENTERING_MANAGED_PKG|tdc_tsw
23:18:47.0 (187798930)|ENTERING_MANAGED_PKG|tdc_tsw
23:18:47.0 (188209435)|ENTERING_MANAGED_PKG|tdc_tsw
23:18:47.0 (189310164)|ENTERING_MANAGED_PKG|tdc_tsw
23:18:47.0 (190097448)|ENTERING_MANAGED_PKG|tdc_tsw
23:18:47.0 (190315761)|ENTERING_MANAGED_PKG|tdc_tsw
23:18:47.0 (190718991)|ENTERING_MANAGED_PKG|tdc_tsw
23:18:47.0 (191821551)|ENTERING_MANAGED_PKG|tdc_tsw
23:18:47.0 (192598046)|ENTERING_MANAGED_PKG|tdc_tsw
23:18:47.0 (192830585)|ENTERING_MANAGED_PKG|tdc_tsw
23:18:47.0 (193244760)|ENTERING_MANAGED_PKG|tdc_tsw
23:18:47.0 (194345002)|ENTERING_MANAGED_PKG|tdc_tsw
23:18:47.0 (195104993)|ENTERING_MANAGED_PKG|tdc_tsw
23:18:47.0 (195345790)|ENTERING_MANAGED_PKG|tdc_tsw
23:18:47.0 (195749673)|ENTERING_MANAGED_PKG|tdc_tsw
23:18:47.0 (196973610)|ENTERING_MANAGED_PKG|tdc_tsw
23:18:47.0 (197858645)|ENTERING_MANAGED_PKG|tdc_tsw
23:18:47.0 (197933910)|ENTERING_MANAGED_PKG|tdc_tsw
23:18:47.0 (198474582)|SOQL_EXECUTE_BEGIN|[200]|Aggregations:0|SELECT Name, NamespacePrefix, SystemModStamp FROM StaticResource WHERE Name LIKE :tmpVar1 LIMIT 10
23:18:47.0 (201608077)|SOQL_EXECUTE_END|[200]|Rows:1
23:18:47.0 (202403579)|ENTERING_MANAGED_PKG|tdc_tsw
23:18:47.0 (202764527)|SOQL_EXECUTE_BEGIN|[200]|Aggregations:0|SELECT Name, NamespacePrefix, SystemModStamp FROM StaticResource WHERE Name LIKE :tmpVar1 LIMIT 10
23:18:47.0 (205028709)|SOQL_EXECUTE_END|[200]|Rows:1
23:18:47.0 (205421483)|ENTERING_MANAGED_PKG|tdc_tsw
23:18:47.0 (208673880)|ENTERING_MANAGED_PKG|tdc_tsw
23:18:47.0 (210236678)|ENTERING_MANAGED_PKG|tdc_tsw
23:18:47.0 (210532837)|ENTERING_MANAGED_PKG|tdc_tsw
23:18:47.0 (211377163)|ENTERING_MANAGED_PKG|tdc_tsw
23:18:47.0 (211749738)|SOQL_EXECUTE_BEGIN|[200]|Aggregations:0|SELECT Name, NamespacePrefix, SystemModStamp FROM StaticResource WHERE Name LIKE :tmpVar1 LIMIT 10
23:18:47.0 (214335039)|SOQL_EXECUTE_END|[200]|Rows:1
23:18:47.237 (237843094)|USER_INFO|[EXTERNAL]|0051H000009gxp8|chanida.dev2@solvedbysoftwareco.com|Eastern Standard Time|GMT-05:00
23:18:47.237 (239672911)|ENTERING_MANAGED_PKG|tdc_tsw
23:18:47.237 (239888870)|ENTERING_MANAGED_PKG|tdc_tsw
23:18:47.237 (242392703)|SOQL_EXECUTE_BEGIN|[355]|Aggregations:0|SELECT id, name, Disable_Incoming_SMS_Sharing__c FROM User WHERE id = :tmpVar1
23:18:47.237 (248652556)|SOQL_EXECUTE_END|[355]|Rows:1
23:18:47.237 (249713419)|SOQL_EXECUTE_BEGIN|[367]|Aggregations:0|SELECT CreatedDate,Id,LastModifiedDate,Related_Object_Id__c FROM Message__c WHERE Name = 'Incoming' AND Read__c = false ORDER BY CreatedDate Desc limit 100
23:18:47.237 (258376458)|SOQL_EXECUTE_END|[367]|Rows:100
