44.0 APEX_CODE,FINEST;APEX_PROFILING,INFO;CALLOUT,INFO;DB,INFO;NBA,INFO;SYSTEM,DEBUG;VALIDATION,INFO;VISUALFORCE,INFO;WAVE,INFO;WORKFLOW,INFO
19:58:23.0 (141954)|USER_INFO|[EXTERNAL]|0051H000009gxp8|chanida.dev2@solvedbysoftwareco.com|Eastern Standard Time|GMT-05:00
19:58:23.0 (1631225)|ENTERING_MANAGED_PKG|tdc_tsw
19:58:23.0 (2134351)|ENTERING_MANAGED_PKG|tdc_tsw
19:58:23.0 (5871240)|SOQL_EXECUTE_BEGIN|[16]|Aggregations:0|SELECT id, name, Disable_Incoming_SMS_Sharing__c FROM User WHERE id = :tmpVar1
19:58:23.0 (12829179)|SOQL_EXECUTE_END|[16]|Rows:1
19:58:23.0 (18202301)|SOQL_EXECUTE_BEGIN|[37]|Aggregations:0|SELECT CreatedDate,Created_Date__c,Id,LastModifiedDate,MessageId__c,Message_Text_New__c,Name,OwnerId,Read__c,Related_Object_Id__c,Related_Object__c,Sender_Number__c, Sender_Name__c,ToNumber__c,Attachments_Ids__c FROM Message__c WHERE Name = 'Incoming' AND Read__c = false ORDER BY CreatedDate Desc limit 100
19:58:23.0 (27727252)|SOQL_EXECUTE_END|[37]|Rows:15
19:58:23.0 (31340041)|ENTERING_MANAGED_PKG|tdc_tsw
19:58:23.0 (33000243)|ENTERING_MANAGED_PKG|tdc_tsw
19:58:23.0 (33481194)|ENTERING_MANAGED_PKG|tdc_tsw
19:58:23.0 (34188474)|ENTERING_MANAGED_PKG|tdc_tsw
19:58:23.0 (36965674)|ENTERING_MANAGED_PKG|tdc_tsw
19:58:23.0 (37793412)|ENTERING_MANAGED_PKG|tdc_tsw
19:58:23.0 (38022880)|ENTERING_MANAGED_PKG|tdc_tsw
19:58:23.0 (38448159)|ENTERING_MANAGED_PKG|tdc_tsw
19:58:23.0 (39588634)|ENTERING_MANAGED_PKG|tdc_tsw
19:58:23.0 (40432143)|ENTERING_MANAGED_PKG|tdc_tsw
19:58:23.0 (40671771)|ENTERING_MANAGED_PKG|tdc_tsw
19:58:23.0 (41089995)|ENTERING_MANAGED_PKG|tdc_tsw
19:58:23.0 (42320435)|ENTERING_MANAGED_PKG|tdc_tsw
19:58:23.0 (42989670)|ENTERING_MANAGED_PKG|tdc_tsw
19:58:23.0 (43062280)|ENTERING_MANAGED_PKG|tdc_tsw
19:58:23.0 (43618906)|SOQL_EXECUTE_BEGIN|[200]|Aggregations:0|SELECT Name, NamespacePrefix, SystemModStamp FROM StaticResource WHERE Name LIKE :tmpVar1 LIMIT 10
19:58:23.0 (46375692)|SOQL_EXECUTE_END|[200]|Rows:1
19:58:23.0 (47098166)|ENTERING_MANAGED_PKG|tdc_tsw
19:58:23.0 (47471517)|SOQL_EXECUTE_BEGIN|[200]|Aggregations:0|SELECT Name, NamespacePrefix, SystemModStamp FROM StaticResource WHERE Name LIKE :tmpVar1 LIMIT 10
19:58:23.0 (49652480)|SOQL_EXECUTE_END|[200]|Rows:1
19:58:23.0 (50057086)|ENTERING_MANAGED_PKG|tdc_tsw
19:58:23.0 (53271705)|ENTERING_MANAGED_PKG|tdc_tsw
19:58:23.0 (55364544)|ENTERING_MANAGED_PKG|tdc_tsw
19:58:23.0 (55658511)|ENTERING_MANAGED_PKG|tdc_tsw
19:58:23.0 (56496824)|ENTERING_MANAGED_PKG|tdc_tsw
19:58:23.0 (56871179)|SOQL_EXECUTE_BEGIN|[200]|Aggregations:0|SELECT Name, NamespacePrefix, SystemModStamp FROM StaticResource WHERE Name LIKE :tmpVar1 LIMIT 10
19:58:23.0 (59110603)|SOQL_EXECUTE_END|[200]|Rows:1
19:58:23.64 (64210434)|USER_INFO|[EXTERNAL]|0051H000009gxp8|chanida.dev2@solvedbysoftwareco.com|Eastern Standard Time|GMT-05:00
19:58:23.64 (65582768)|ENTERING_MANAGED_PKG|tdc_tsw
19:58:23.64 (65742451)|ENTERING_MANAGED_PKG|tdc_tsw
19:58:23.64 (68145165)|SOQL_EXECUTE_BEGIN|[355]|Aggregations:0|SELECT id, name, Disable_Incoming_SMS_Sharing__c FROM User WHERE id = :tmpVar1
19:58:23.64 (73946234)|SOQL_EXECUTE_END|[355]|Rows:1
19:58:23.64 (74898677)|SOQL_EXECUTE_BEGIN|[367]|Aggregations:0|SELECT CreatedDate,Id,LastModifiedDate,Related_Object_Id__c FROM Message__c WHERE Name = 'Incoming' AND Read__c = false ORDER BY CreatedDate Desc limit 100
19:58:23.64 (80427975)|SOQL_EXECUTE_END|[367]|Rows:15
