44.0 APEX_CODE,FINEST;APEX_PROFILING,INFO;CALLOUT,INFO;DB,INFO;NBA,INFO;SYSTEM,DEBUG;VALIDATION,INFO;VISUALFORCE,INFO;WAVE,INFO;WORKFLOW,INFO
23:13:46.0 (506276)|USER_INFO|[EXTERNAL]|0051H000009gxp8|chanida.dev2@solvedbysoftwareco.com|Eastern Standard Time|GMT-05:00
23:13:46.0 (4184628)|ENTERING_MANAGED_PKG|tdc_tsw
23:13:46.0 (4362658)|ENTERING_MANAGED_PKG|tdc_tsw
23:13:46.0 (5909485)|ENTERING_MANAGED_PKG|tdc_tsw
23:13:46.0 (5958284)|ENTERING_MANAGED_PKG|tdc_tsw
23:13:46.0 (7144393)|ENTERING_MANAGED_PKG|tdc_tsw
23:13:46.0 (8734740)|ENTERING_MANAGED_PKG|tdc_tsw
23:13:46.0 (10730167)|ENTERING_MANAGED_PKG|tdc_tsw
23:13:46.0 (10812205)|ENTERING_MANAGED_PKG|tdc_tsw
23:13:46.0 (12414411)|ENTERING_MANAGED_PKG|tdc_tsw
23:13:46.0 (21636702)|SOQL_EXECUTE_BEGIN|[82]|Aggregations:0|SELECT CreatedDate, Id,Task_Created__c,Event_Created__c,isCaseCreated__c,Task_Id__c,Event_Id__c,Case__c, Important__c, Delivered__c, Message_Text_New__c, Name, Owner.Name, Read__c,MessageId__c, ToNumber__c, Related_Object_Id__c, Related_Object__c, Sender_Number__c, LastModifiedDate, Attachments_Ids__c FROM Message__c WHERE Contact__c =: recordId ORDER BY CreatedDate Desc limit 200
23:13:46.0 (36052566)|SOQL_EXECUTE_END|[82]|Rows:2
23:13:46.0 (38240252)|ENTERING_MANAGED_PKG|tdc_tsw
23:13:46.0 (38523675)|ENTERING_MANAGED_PKG|tdc_tsw
23:13:46.0 (38604017)|ENTERING_MANAGED_PKG|tdc_tsw
23:13:46.0 (39187340)|SOQL_EXECUTE_BEGIN|[200]|Aggregations:0|SELECT Name, NamespacePrefix, SystemModStamp FROM StaticResource WHERE Name LIKE :tmpVar1 LIMIT 10
23:13:46.0 (42296461)|SOQL_EXECUTE_END|[200]|Rows:1
23:13:46.0 (44194088)|ENTERING_MANAGED_PKG|tdc_tsw
23:13:46.0 (45615361)|ENTERING_MANAGED_PKG|tdc_tsw
23:13:46.0 (45663200)|ENTERING_MANAGED_PKG|tdc_tsw
23:13:46.0 (47436843)|ENTERING_MANAGED_PKG|tdc_tsw
23:13:46.0 (48171745)|ENTERING_MANAGED_PKG|tdc_tsw
23:13:46.0 (54126494)|SOQL_EXECUTE_BEGIN|[172]|Aggregations:0|SELECT id, name FROM ChatTranscript__c WHERE (Chat_Active__c = TRUE AND (Related_Object_Id__c = :tmpVar1 OR Related_Object_Id__c = :tmpVar2)) LIMIT 1
23:13:46.0 (57831388)|SOQL_EXECUTE_END|[172]|Rows:0
23:13:46.0 (58799612)|ENTERING_MANAGED_PKG|tdc_tsw
23:13:46.0 (58851418)|ENTERING_MANAGED_PKG|tdc_tsw
