44.0 APEX_CODE,FINEST;APEX_PROFILING,INFO;CALLOUT,INFO;DB,INFO;NBA,INFO;SYSTEM,DEBUG;VALIDATION,INFO;VISUALFORCE,INFO;WAVE,INFO;WORKFLOW,INFO
10:35:30.0 (149015)|USER_INFO|[EXTERNAL]|0051H000009gxp8|chanida.dev2@solvedbysoftwareco.com|Eastern Standard Time|GMT-05:00
10:35:30.0 (1919235)|ENTERING_MANAGED_PKG|tdc_tsw
10:35:30.0 (2334292)|ENTERING_MANAGED_PKG|tdc_tsw
10:35:30.0 (6119976)|SOQL_EXECUTE_BEGIN|[16]|Aggregations:0|SELECT id, name, Disable_Incoming_SMS_Sharing__c FROM User WHERE id = :tmpVar1
10:35:30.0 (13905039)|SOQL_EXECUTE_END|[16]|Rows:1
10:35:30.0 (19571185)|SOQL_EXECUTE_BEGIN|[37]|Aggregations:0|SELECT CreatedDate,Created_Date__c,Id,LastModifiedDate,MessageId__c,Message_Text_New__c,Name,OwnerId,Read__c,Related_Object_Id__c,Related_Object__c,Sender_Number__c, Sender_Name__c,ToNumber__c,Attachments_Ids__c FROM Message__c WHERE Name = 'Incoming' AND Read__c = false ORDER BY CreatedDate Desc limit 100
10:35:30.0 (38377798)|SOQL_EXECUTE_END|[37]|Rows:100
10:35:30.0 (57228379)|ENTERING_MANAGED_PKG|tdc_tsw
10:35:30.0 (58930825)|ENTERING_MANAGED_PKG|tdc_tsw
10:35:30.0 (59445539)|ENTERING_MANAGED_PKG|tdc_tsw
10:35:30.0 (60193089)|ENTERING_MANAGED_PKG|tdc_tsw
10:35:30.0 (62854210)|ENTERING_MANAGED_PKG|tdc_tsw
10:35:30.0 (63744128)|ENTERING_MANAGED_PKG|tdc_tsw
10:35:30.0 (63993064)|ENTERING_MANAGED_PKG|tdc_tsw
10:35:30.0 (64478249)|ENTERING_MANAGED_PKG|tdc_tsw
10:35:30.0 (65693762)|ENTERING_MANAGED_PKG|tdc_tsw
10:35:30.0 (66466938)|ENTERING_MANAGED_PKG|tdc_tsw
10:35:30.0 (66712309)|ENTERING_MANAGED_PKG|tdc_tsw
10:35:30.0 (67113345)|ENTERING_MANAGED_PKG|tdc_tsw
10:35:30.0 (68235427)|ENTERING_MANAGED_PKG|tdc_tsw
10:35:30.0 (69012897)|ENTERING_MANAGED_PKG|tdc_tsw
10:35:30.0 (69295565)|ENTERING_MANAGED_PKG|tdc_tsw
10:35:30.0 (69713580)|ENTERING_MANAGED_PKG|tdc_tsw
10:35:30.0 (70949801)|ENTERING_MANAGED_PKG|tdc_tsw
10:35:30.0 (71746216)|ENTERING_MANAGED_PKG|tdc_tsw
10:35:30.0 (71984645)|ENTERING_MANAGED_PKG|tdc_tsw
10:35:30.0 (72442776)|ENTERING_MANAGED_PKG|tdc_tsw
10:35:30.0 (73634329)|ENTERING_MANAGED_PKG|tdc_tsw
10:35:30.0 (74392132)|ENTERING_MANAGED_PKG|tdc_tsw
10:35:30.0 (74635605)|ENTERING_MANAGED_PKG|tdc_tsw
10:35:30.0 (75036922)|ENTERING_MANAGED_PKG|tdc_tsw
10:35:30.0 (76249694)|ENTERING_MANAGED_PKG|tdc_tsw
10:35:30.0 (77075154)|ENTERING_MANAGED_PKG|tdc_tsw
10:35:30.0 (77315280)|ENTERING_MANAGED_PKG|tdc_tsw
10:35:30.0 (77730547)|ENTERING_MANAGED_PKG|tdc_tsw
10:35:30.0 (78843102)|ENTERING_MANAGED_PKG|tdc_tsw
10:35:30.0 (79600042)|ENTERING_MANAGED_PKG|tdc_tsw
10:35:30.0 (79862315)|ENTERING_MANAGED_PKG|tdc_tsw
10:35:30.0 (80263111)|ENTERING_MANAGED_PKG|tdc_tsw
10:35:30.0 (81390019)|ENTERING_MANAGED_PKG|tdc_tsw
10:35:30.0 (82156130)|ENTERING_MANAGED_PKG|tdc_tsw
10:35:30.0 (82394678)|ENTERING_MANAGED_PKG|tdc_tsw
10:35:30.0 (82886175)|ENTERING_MANAGED_PKG|tdc_tsw
10:35:30.0 (84004072)|ENTERING_MANAGED_PKG|tdc_tsw
10:35:30.0 (84836622)|ENTERING_MANAGED_PKG|tdc_tsw
10:35:30.0 (85077712)|ENTERING_MANAGED_PKG|tdc_tsw
10:35:30.0 (85496777)|ENTERING_MANAGED_PKG|tdc_tsw
10:35:30.0 (86687247)|ENTERING_MANAGED_PKG|tdc_tsw
10:35:30.0 (87447599)|ENTERING_MANAGED_PKG|tdc_tsw
10:35:30.0 (87695758)|ENTERING_MANAGED_PKG|tdc_tsw
10:35:30.0 (88150827)|ENTERING_MANAGED_PKG|tdc_tsw
10:35:30.0 (89382310)|ENTERING_MANAGED_PKG|tdc_tsw
10:35:30.0 (90229173)|ENTERING_MANAGED_PKG|tdc_tsw
10:35:30.0 (90516202)|ENTERING_MANAGED_PKG|tdc_tsw
10:35:30.0 (90998337)|ENTERING_MANAGED_PKG|tdc_tsw
10:35:30.0 (92191878)|ENTERING_MANAGED_PKG|tdc_tsw
10:35:30.0 (92960247)|ENTERING_MANAGED_PKG|tdc_tsw
10:35:30.0 (93198977)|ENTERING_MANAGED_PKG|tdc_tsw
10:35:30.0 (93672628)|ENTERING_MANAGED_PKG|tdc_tsw
10:35:30.0 (94799552)|ENTERING_MANAGED_PKG|tdc_tsw
10:35:30.0 (95554798)|ENTERING_MANAGED_PKG|tdc_tsw
10:35:30.0 (95800411)|ENTERING_MANAGED_PKG|tdc_tsw
10:35:30.0 (96199634)|ENTERING_MANAGED_PKG|tdc_tsw
10:35:30.0 (97310477)|ENTERING_MANAGED_PKG|tdc_tsw
10:35:30.0 (98068854)|ENTERING_MANAGED_PKG|tdc_tsw
10:35:30.0 (98303214)|ENTERING_MANAGED_PKG|tdc_tsw
10:35:30.0 (98712000)|ENTERING_MANAGED_PKG|tdc_tsw
10:35:30.0 (99828904)|ENTERING_MANAGED_PKG|tdc_tsw
10:35:30.0 (100591385)|ENTERING_MANAGED_PKG|tdc_tsw
10:35:30.0 (100889182)|ENTERING_MANAGED_PKG|tdc_tsw
10:35:30.0 (101352379)|ENTERING_MANAGED_PKG|tdc_tsw
10:35:30.0 (102532433)|ENTERING_MANAGED_PKG|tdc_tsw
10:35:30.0 (103353515)|ENTERING_MANAGED_PKG|tdc_tsw
10:35:30.0 (103590841)|ENTERING_MANAGED_PKG|tdc_tsw
10:35:30.0 (104061680)|ENTERING_MANAGED_PKG|tdc_tsw
10:35:30.0 (105185017)|ENTERING_MANAGED_PKG|tdc_tsw
10:35:30.0 (105954978)|ENTERING_MANAGED_PKG|tdc_tsw
10:35:30.0 (106193446)|ENTERING_MANAGED_PKG|tdc_tsw
10:35:30.0 (106596799)|ENTERING_MANAGED_PKG|tdc_tsw
10:35:30.0 (107715927)|ENTERING_MANAGED_PKG|tdc_tsw
10:35:30.0 (108475377)|ENTERING_MANAGED_PKG|tdc_tsw
10:35:30.0 (108749116)|ENTERING_MANAGED_PKG|tdc_tsw
10:35:30.0 (109184469)|ENTERING_MANAGED_PKG|tdc_tsw
10:35:30.0 (110471024)|ENTERING_MANAGED_PKG|tdc_tsw
10:35:30.0 (111332473)|ENTERING_MANAGED_PKG|tdc_tsw
10:35:30.0 (111579800)|ENTERING_MANAGED_PKG|tdc_tsw
10:35:30.0 (112019526)|ENTERING_MANAGED_PKG|tdc_tsw
10:35:30.0 (113472167)|ENTERING_MANAGED_PKG|tdc_tsw
10:35:30.0 (114326397)|ENTERING_MANAGED_PKG|tdc_tsw
10:35:30.0 (114566165)|ENTERING_MANAGED_PKG|tdc_tsw
10:35:30.0 (115035782)|ENTERING_MANAGED_PKG|tdc_tsw
10:35:30.0 (116161019)|ENTERING_MANAGED_PKG|tdc_tsw
10:35:30.0 (116926019)|ENTERING_MANAGED_PKG|tdc_tsw
10:35:30.0 (117159626)|ENTERING_MANAGED_PKG|tdc_tsw
10:35:30.0 (117561020)|ENTERING_MANAGED_PKG|tdc_tsw
10:35:30.0 (119006468)|ENTERING_MANAGED_PKG|tdc_tsw
10:35:30.0 (119772164)|ENTERING_MANAGED_PKG|tdc_tsw
10:35:30.0 (120009733)|ENTERING_MANAGED_PKG|tdc_tsw
10:35:30.0 (120413318)|ENTERING_MANAGED_PKG|tdc_tsw
10:35:30.0 (121629911)|ENTERING_MANAGED_PKG|tdc_tsw
10:35:30.0 (122401795)|ENTERING_MANAGED_PKG|tdc_tsw
10:35:30.0 (122650273)|ENTERING_MANAGED_PKG|tdc_tsw
10:35:30.0 (123119086)|ENTERING_MANAGED_PKG|tdc_tsw
10:35:30.0 (124343517)|ENTERING_MANAGED_PKG|tdc_tsw
10:35:30.0 (125130741)|ENTERING_MANAGED_PKG|tdc_tsw
10:35:30.0 (125378413)|ENTERING_MANAGED_PKG|tdc_tsw
10:35:30.0 (125808358)|ENTERING_MANAGED_PKG|tdc_tsw
10:35:30.0 (127124354)|ENTERING_MANAGED_PKG|tdc_tsw
10:35:30.0 (128042381)|ENTERING_MANAGED_PKG|tdc_tsw
10:35:30.0 (128336523)|ENTERING_MANAGED_PKG|tdc_tsw
10:35:30.0 (128759103)|ENTERING_MANAGED_PKG|tdc_tsw
10:35:30.0 (129908000)|ENTERING_MANAGED_PKG|tdc_tsw
10:35:30.0 (130691079)|ENTERING_MANAGED_PKG|tdc_tsw
10:35:30.0 (130930191)|ENTERING_MANAGED_PKG|tdc_tsw
10:35:30.0 (131382347)|ENTERING_MANAGED_PKG|tdc_tsw
10:35:30.0 (132635804)|ENTERING_MANAGED_PKG|tdc_tsw
10:35:30.0 (133475467)|ENTERING_MANAGED_PKG|tdc_tsw
10:35:30.0 (133731802)|ENTERING_MANAGED_PKG|tdc_tsw
10:35:30.0 (134196524)|ENTERING_MANAGED_PKG|tdc_tsw
10:35:30.0 (135327157)|ENTERING_MANAGED_PKG|tdc_tsw
10:35:30.0 (136152395)|ENTERING_MANAGED_PKG|tdc_tsw
10:35:30.0 (136389486)|ENTERING_MANAGED_PKG|tdc_tsw
10:35:30.0 (136863606)|ENTERING_MANAGED_PKG|tdc_tsw
10:35:30.0 (137995943)|ENTERING_MANAGED_PKG|tdc_tsw
10:35:30.0 (138767158)|ENTERING_MANAGED_PKG|tdc_tsw
10:35:30.0 (139007198)|ENTERING_MANAGED_PKG|tdc_tsw
10:35:30.0 (139409378)|ENTERING_MANAGED_PKG|tdc_tsw
10:35:30.0 (140720084)|ENTERING_MANAGED_PKG|tdc_tsw
10:35:30.0 (141537957)|ENTERING_MANAGED_PKG|tdc_tsw
10:35:30.0 (141792275)|ENTERING_MANAGED_PKG|tdc_tsw
10:35:30.0 (142194755)|ENTERING_MANAGED_PKG|tdc_tsw
10:35:30.0 (143314138)|ENTERING_MANAGED_PKG|tdc_tsw
10:35:30.0 (144084914)|ENTERING_MANAGED_PKG|tdc_tsw
10:35:30.0 (144323163)|ENTERING_MANAGED_PKG|tdc_tsw
10:35:30.0 (144730367)|ENTERING_MANAGED_PKG|tdc_tsw
10:35:30.0 (145873563)|ENTERING_MANAGED_PKG|tdc_tsw
10:35:30.0 (146631439)|ENTERING_MANAGED_PKG|tdc_tsw
10:35:30.0 (146868424)|ENTERING_MANAGED_PKG|tdc_tsw
10:35:30.0 (147268958)|ENTERING_MANAGED_PKG|tdc_tsw
10:35:30.0 (148380415)|ENTERING_MANAGED_PKG|tdc_tsw
10:35:30.0 (149174153)|ENTERING_MANAGED_PKG|tdc_tsw
10:35:30.0 (149411637)|ENTERING_MANAGED_PKG|tdc_tsw
10:35:30.0 (149824921)|ENTERING_MANAGED_PKG|tdc_tsw
10:35:30.0 (150935968)|ENTERING_MANAGED_PKG|tdc_tsw
10:35:30.0 (151800481)|ENTERING_MANAGED_PKG|tdc_tsw
10:35:30.0 (152038665)|ENTERING_MANAGED_PKG|tdc_tsw
10:35:30.0 (152438521)|ENTERING_MANAGED_PKG|tdc_tsw
10:35:30.0 (153602878)|ENTERING_MANAGED_PKG|tdc_tsw
10:35:30.0 (154373508)|ENTERING_MANAGED_PKG|tdc_tsw
10:35:30.0 (154612288)|ENTERING_MANAGED_PKG|tdc_tsw
10:35:30.0 (155017625)|ENTERING_MANAGED_PKG|tdc_tsw
10:35:30.0 (156182054)|ENTERING_MANAGED_PKG|tdc_tsw
10:35:30.0 (156941667)|ENTERING_MANAGED_PKG|tdc_tsw
10:35:30.0 (157175244)|ENTERING_MANAGED_PKG|tdc_tsw
10:35:30.0 (157643854)|ENTERING_MANAGED_PKG|tdc_tsw
10:35:30.0 (158801085)|ENTERING_MANAGED_PKG|tdc_tsw
10:35:30.0 (159610510)|ENTERING_MANAGED_PKG|tdc_tsw
10:35:30.0 (159857625)|ENTERING_MANAGED_PKG|tdc_tsw
10:35:30.0 (160259094)|ENTERING_MANAGED_PKG|tdc_tsw
10:35:30.0 (161370308)|ENTERING_MANAGED_PKG|tdc_tsw
10:35:30.0 (162131542)|ENTERING_MANAGED_PKG|tdc_tsw
10:35:30.0 (162369151)|ENTERING_MANAGED_PKG|tdc_tsw
10:35:30.0 (162776894)|ENTERING_MANAGED_PKG|tdc_tsw
10:35:30.0 (163889379)|ENTERING_MANAGED_PKG|tdc_tsw
10:35:30.0 (164664078)|ENTERING_MANAGED_PKG|tdc_tsw
10:35:30.0 (164940658)|ENTERING_MANAGED_PKG|tdc_tsw
10:35:30.0 (165410355)|ENTERING_MANAGED_PKG|tdc_tsw
10:35:30.0 (166584378)|ENTERING_MANAGED_PKG|tdc_tsw
10:35:30.0 (167442918)|ENTERING_MANAGED_PKG|tdc_tsw
10:35:30.0 (167690429)|ENTERING_MANAGED_PKG|tdc_tsw
10:35:30.0 (168097234)|ENTERING_MANAGED_PKG|tdc_tsw
10:35:30.0 (169212554)|ENTERING_MANAGED_PKG|tdc_tsw
10:35:30.0 (169992381)|ENTERING_MANAGED_PKG|tdc_tsw
10:35:30.0 (170257454)|ENTERING_MANAGED_PKG|tdc_tsw
10:35:30.0 (170775637)|ENTERING_MANAGED_PKG|tdc_tsw
10:35:30.0 (171890823)|ENTERING_MANAGED_PKG|tdc_tsw
10:35:30.0 (172654248)|ENTERING_MANAGED_PKG|tdc_tsw
10:35:30.0 (172889623)|ENTERING_MANAGED_PKG|tdc_tsw
10:35:30.0 (173289615)|ENTERING_MANAGED_PKG|tdc_tsw
10:35:30.0 (174456881)|ENTERING_MANAGED_PKG|tdc_tsw
10:35:30.0 (175221193)|ENTERING_MANAGED_PKG|tdc_tsw
10:35:30.0 (175459898)|ENTERING_MANAGED_PKG|tdc_tsw
10:35:30.0 (175872467)|ENTERING_MANAGED_PKG|tdc_tsw
10:35:30.0 (176984872)|ENTERING_MANAGED_PKG|tdc_tsw
10:35:30.0 (177745233)|ENTERING_MANAGED_PKG|tdc_tsw
10:35:30.0 (177982695)|ENTERING_MANAGED_PKG|tdc_tsw
10:35:30.0 (178383598)|ENTERING_MANAGED_PKG|tdc_tsw
10:35:30.0 (179521429)|ENTERING_MANAGED_PKG|tdc_tsw
10:35:30.0 (180281196)|ENTERING_MANAGED_PKG|tdc_tsw
10:35:30.0 (180519098)|ENTERING_MANAGED_PKG|tdc_tsw
10:35:30.0 (180926906)|ENTERING_MANAGED_PKG|tdc_tsw
10:35:30.0 (182037701)|ENTERING_MANAGED_PKG|tdc_tsw
10:35:30.0 (182798613)|ENTERING_MANAGED_PKG|tdc_tsw
10:35:30.0 (183032311)|ENTERING_MANAGED_PKG|tdc_tsw
10:35:30.0 (183432347)|ENTERING_MANAGED_PKG|tdc_tsw
10:35:30.0 (184541370)|ENTERING_MANAGED_PKG|tdc_tsw
10:35:30.0 (185299384)|ENTERING_MANAGED_PKG|tdc_tsw
10:35:30.0 (185536689)|ENTERING_MANAGED_PKG|tdc_tsw
10:35:30.0 (185943349)|ENTERING_MANAGED_PKG|tdc_tsw
10:35:30.0 (187051862)|ENTERING_MANAGED_PKG|tdc_tsw
10:35:30.0 (187806849)|ENTERING_MANAGED_PKG|tdc_tsw
10:35:30.0 (188043409)|ENTERING_MANAGED_PKG|tdc_tsw
10:35:30.0 (188443158)|ENTERING_MANAGED_PKG|tdc_tsw
10:35:30.0 (189557223)|ENTERING_MANAGED_PKG|tdc_tsw
10:35:30.0 (190317158)|ENTERING_MANAGED_PKG|tdc_tsw
10:35:30.0 (190554689)|ENTERING_MANAGED_PKG|tdc_tsw
10:35:30.0 (190963267)|ENTERING_MANAGED_PKG|tdc_tsw
10:35:30.0 (192070544)|ENTERING_MANAGED_PKG|tdc_tsw
10:35:30.0 (192830019)|ENTERING_MANAGED_PKG|tdc_tsw
10:35:30.0 (193065855)|ENTERING_MANAGED_PKG|tdc_tsw
10:35:30.0 (193466096)|ENTERING_MANAGED_PKG|tdc_tsw
10:35:30.0 (194687998)|ENTERING_MANAGED_PKG|tdc_tsw
10:35:30.0 (195453722)|ENTERING_MANAGED_PKG|tdc_tsw
10:35:30.0 (195702283)|ENTERING_MANAGED_PKG|tdc_tsw
10:35:30.0 (196133305)|ENTERING_MANAGED_PKG|tdc_tsw
10:35:30.0 (197389364)|ENTERING_MANAGED_PKG|tdc_tsw
10:35:30.0 (198184386)|ENTERING_MANAGED_PKG|tdc_tsw
10:35:30.0 (198434338)|ENTERING_MANAGED_PKG|tdc_tsw
10:35:30.0 (198872283)|ENTERING_MANAGED_PKG|tdc_tsw
10:35:30.0 (200053962)|ENTERING_MANAGED_PKG|tdc_tsw
10:35:30.0 (200844899)|ENTERING_MANAGED_PKG|tdc_tsw
10:35:30.0 (201094391)|ENTERING_MANAGED_PKG|tdc_tsw
10:35:30.0 (201522594)|ENTERING_MANAGED_PKG|tdc_tsw
10:35:30.0 (202689387)|ENTERING_MANAGED_PKG|tdc_tsw
10:35:30.0 (203473154)|ENTERING_MANAGED_PKG|tdc_tsw
10:35:30.0 (203733992)|ENTERING_MANAGED_PKG|tdc_tsw
10:35:30.0 (204157390)|ENTERING_MANAGED_PKG|tdc_tsw
10:35:30.0 (205336569)|ENTERING_MANAGED_PKG|tdc_tsw
10:35:30.0 (206192528)|ENTERING_MANAGED_PKG|tdc_tsw
10:35:30.0 (206440982)|ENTERING_MANAGED_PKG|tdc_tsw
10:35:30.0 (206881114)|ENTERING_MANAGED_PKG|tdc_tsw
10:35:30.0 (208066629)|ENTERING_MANAGED_PKG|tdc_tsw
10:35:30.0 (208858866)|ENTERING_MANAGED_PKG|tdc_tsw
10:35:30.0 (209107439)|ENTERING_MANAGED_PKG|tdc_tsw
10:35:30.0 (209532110)|ENTERING_MANAGED_PKG|tdc_tsw
10:35:30.0 (210723533)|ENTERING_MANAGED_PKG|tdc_tsw
10:35:30.0 (211564674)|ENTERING_MANAGED_PKG|tdc_tsw
10:35:30.0 (211800718)|ENTERING_MANAGED_PKG|tdc_tsw
10:35:30.0 (212225695)|ENTERING_MANAGED_PKG|tdc_tsw
10:35:30.0 (213551727)|ENTERING_MANAGED_PKG|tdc_tsw
10:35:30.0 (214489058)|ENTERING_MANAGED_PKG|tdc_tsw
10:35:30.0 (214754655)|ENTERING_MANAGED_PKG|tdc_tsw
10:35:30.0 (215182757)|ENTERING_MANAGED_PKG|tdc_tsw
10:35:30.0 (216556081)|ENTERING_MANAGED_PKG|tdc_tsw
10:35:30.0 (217489426)|ENTERING_MANAGED_PKG|tdc_tsw
10:35:30.0 (217565043)|ENTERING_MANAGED_PKG|tdc_tsw
10:35:30.0 (218224906)|SOQL_EXECUTE_BEGIN|[200]|Aggregations:0|SELECT Name, NamespacePrefix, SystemModStamp FROM StaticResource WHERE Name LIKE :tmpVar1 LIMIT 10
10:35:30.0 (221858888)|SOQL_EXECUTE_END|[200]|Rows:1
10:35:30.0 (222729347)|ENTERING_MANAGED_PKG|tdc_tsw
10:35:30.0 (223143095)|SOQL_EXECUTE_BEGIN|[200]|Aggregations:0|SELECT Name, NamespacePrefix, SystemModStamp FROM StaticResource WHERE Name LIKE :tmpVar1 LIMIT 10
10:35:30.0 (225451654)|SOQL_EXECUTE_END|[200]|Rows:1
10:35:30.0 (225856312)|ENTERING_MANAGED_PKG|tdc_tsw
10:35:30.0 (228800003)|ENTERING_MANAGED_PKG|tdc_tsw
10:35:30.0 (230170659)|ENTERING_MANAGED_PKG|tdc_tsw
10:35:30.0 (230431666)|ENTERING_MANAGED_PKG|tdc_tsw
10:35:30.0 (231266820)|ENTERING_MANAGED_PKG|tdc_tsw
10:35:30.0 (231668417)|SOQL_EXECUTE_BEGIN|[200]|Aggregations:0|SELECT Name, NamespacePrefix, SystemModStamp FROM StaticResource WHERE Name LIKE :tmpVar1 LIMIT 10
10:35:30.0 (234102472)|SOQL_EXECUTE_END|[200]|Rows:1
10:35:30.245 (245772347)|USER_INFO|[EXTERNAL]|0051H000009gxp8|chanida.dev2@solvedbysoftwareco.com|Eastern Standard Time|GMT-05:00
10:35:30.245 (247203285)|ENTERING_MANAGED_PKG|tdc_tsw
10:35:30.245 (247413814)|ENTERING_MANAGED_PKG|tdc_tsw
10:35:30.245 (250047125)|SOQL_EXECUTE_BEGIN|[355]|Aggregations:0|SELECT id, name, Disable_Incoming_SMS_Sharing__c FROM User WHERE id = :tmpVar1
10:35:30.245 (256618324)|SOQL_EXECUTE_END|[355]|Rows:1
10:35:30.245 (257612318)|SOQL_EXECUTE_BEGIN|[367]|Aggregations:0|SELECT CreatedDate,Id,LastModifiedDate,Related_Object_Id__c FROM Message__c WHERE Name = 'Incoming' AND Read__c = false ORDER BY CreatedDate Desc limit 100
10:35:30.245 (266097442)|SOQL_EXECUTE_END|[367]|Rows:100
