44.0 APEX_CODE,FINEST;APEX_PROFILING,INFO;CALLOUT,INFO;DB,INFO;NBA,INFO;SYSTEM,DEBUG;VALIDATION,INFO;VISUALFORCE,INFO;WAVE,INFO;WORKFLOW,INFO
10:45:00.0 (190555)|USER_INFO|[EXTERNAL]|0051H000009gxp8|chanida.dev2@solvedbysoftwareco.com|Eastern Standard Time|GMT-05:00
10:45:00.0 (2056975)|ENTERING_MANAGED_PKG|tdc_tsw
10:45:00.0 (2525912)|ENTERING_MANAGED_PKG|tdc_tsw
10:45:00.0 (6714857)|SOQL_EXECUTE_BEGIN|[16]|Aggregations:0|SELECT id, name, Disable_Incoming_SMS_Sharing__c FROM User WHERE id = :tmpVar1
10:45:00.0 (15102892)|SOQL_EXECUTE_END|[16]|Rows:1
10:45:00.0 (21773596)|SOQL_EXECUTE_BEGIN|[37]|Aggregations:0|SELECT CreatedDate,Created_Date__c,Id,LastModifiedDate,MessageId__c,Message_Text_New__c,Name,OwnerId,Read__c,Related_Object_Id__c,Related_Object__c,Sender_Number__c, Sender_Name__c,ToNumber__c,Attachments_Ids__c FROM Message__c WHERE Name = 'Incoming' AND Read__c = false ORDER BY CreatedDate Desc limit 100
10:45:00.0 (37726683)|SOQL_EXECUTE_END|[37]|Rows:100
10:45:00.0 (54645035)|ENTERING_MANAGED_PKG|tdc_tsw
10:45:00.0 (56539452)|ENTERING_MANAGED_PKG|tdc_tsw
10:45:00.0 (57074669)|ENTERING_MANAGED_PKG|tdc_tsw
10:45:00.0 (58068346)|ENTERING_MANAGED_PKG|tdc_tsw
10:45:00.0 (60629624)|ENTERING_MANAGED_PKG|tdc_tsw
10:45:00.0 (61380467)|ENTERING_MANAGED_PKG|tdc_tsw
10:45:00.0 (61607295)|ENTERING_MANAGED_PKG|tdc_tsw
10:45:00.0 (61994240)|ENTERING_MANAGED_PKG|tdc_tsw
10:45:00.0 (63059574)|ENTERING_MANAGED_PKG|tdc_tsw
10:45:00.0 (63803380)|ENTERING_MANAGED_PKG|tdc_tsw
10:45:00.0 (64030919)|ENTERING_MANAGED_PKG|tdc_tsw
10:45:00.0 (64414471)|ENTERING_MANAGED_PKG|tdc_tsw
10:45:00.0 (65462737)|ENTERING_MANAGED_PKG|tdc_tsw
10:45:00.0 (66180451)|ENTERING_MANAGED_PKG|tdc_tsw
10:45:00.0 (66410705)|ENTERING_MANAGED_PKG|tdc_tsw
10:45:00.0 (66781011)|ENTERING_MANAGED_PKG|tdc_tsw
10:45:00.0 (67814378)|ENTERING_MANAGED_PKG|tdc_tsw
10:45:00.0 (68561906)|ENTERING_MANAGED_PKG|tdc_tsw
10:45:00.0 (68786620)|ENTERING_MANAGED_PKG|tdc_tsw
10:45:00.0 (69159175)|ENTERING_MANAGED_PKG|tdc_tsw
10:45:00.0 (70200484)|ENTERING_MANAGED_PKG|tdc_tsw
10:45:00.0 (70918608)|ENTERING_MANAGED_PKG|tdc_tsw
10:45:00.0 (71141714)|ENTERING_MANAGED_PKG|tdc_tsw
10:45:00.0 (71539559)|ENTERING_MANAGED_PKG|tdc_tsw
10:45:00.0 (72572210)|ENTERING_MANAGED_PKG|tdc_tsw
10:45:00.0 (73304911)|ENTERING_MANAGED_PKG|tdc_tsw
10:45:00.0 (73528940)|ENTERING_MANAGED_PKG|tdc_tsw
10:45:00.0 (73900720)|ENTERING_MANAGED_PKG|tdc_tsw
10:45:00.0 (74965151)|ENTERING_MANAGED_PKG|tdc_tsw
10:45:00.0 (75689667)|ENTERING_MANAGED_PKG|tdc_tsw
10:45:00.0 (75912928)|ENTERING_MANAGED_PKG|tdc_tsw
10:45:00.0 (76307828)|ENTERING_MANAGED_PKG|tdc_tsw
10:45:00.0 (79379661)|ENTERING_MANAGED_PKG|tdc_tsw
10:45:00.0 (80123325)|ENTERING_MANAGED_PKG|tdc_tsw
10:45:00.0 (80359607)|ENTERING_MANAGED_PKG|tdc_tsw
10:45:00.0 (80741994)|ENTERING_MANAGED_PKG|tdc_tsw
10:45:00.0 (81780540)|ENTERING_MANAGED_PKG|tdc_tsw
10:45:00.0 (82504007)|ENTERING_MANAGED_PKG|tdc_tsw
10:45:00.0 (82727033)|ENTERING_MANAGED_PKG|tdc_tsw
10:45:00.0 (83114306)|ENTERING_MANAGED_PKG|tdc_tsw
10:45:00.0 (84149702)|ENTERING_MANAGED_PKG|tdc_tsw
10:45:00.0 (84868825)|ENTERING_MANAGED_PKG|tdc_tsw
10:45:00.0 (85092853)|ENTERING_MANAGED_PKG|tdc_tsw
10:45:00.0 (85472710)|ENTERING_MANAGED_PKG|tdc_tsw
10:45:00.0 (86517679)|ENTERING_MANAGED_PKG|tdc_tsw
10:45:00.0 (87237647)|ENTERING_MANAGED_PKG|tdc_tsw
10:45:00.0 (87470036)|ENTERING_MANAGED_PKG|tdc_tsw
10:45:00.0 (87841360)|ENTERING_MANAGED_PKG|tdc_tsw
10:45:00.0 (88877098)|ENTERING_MANAGED_PKG|tdc_tsw
10:45:00.0 (89599188)|ENTERING_MANAGED_PKG|tdc_tsw
10:45:00.0 (89828189)|ENTERING_MANAGED_PKG|tdc_tsw
10:45:00.0 (90200422)|ENTERING_MANAGED_PKG|tdc_tsw
10:45:00.0 (91233365)|ENTERING_MANAGED_PKG|tdc_tsw
10:45:00.0 (91998126)|ENTERING_MANAGED_PKG|tdc_tsw
10:45:00.0 (92236282)|ENTERING_MANAGED_PKG|tdc_tsw
10:45:00.0 (92649064)|ENTERING_MANAGED_PKG|tdc_tsw
10:45:00.0 (93758067)|ENTERING_MANAGED_PKG|tdc_tsw
10:45:00.0 (94522704)|ENTERING_MANAGED_PKG|tdc_tsw
10:45:00.0 (94752877)|ENTERING_MANAGED_PKG|tdc_tsw
10:45:00.0 (95154260)|ENTERING_MANAGED_PKG|tdc_tsw
10:45:00.0 (96234097)|ENTERING_MANAGED_PKG|tdc_tsw
10:45:00.0 (96974009)|ENTERING_MANAGED_PKG|tdc_tsw
10:45:00.0 (97198637)|ENTERING_MANAGED_PKG|tdc_tsw
10:45:00.0 (97585016)|ENTERING_MANAGED_PKG|tdc_tsw
10:45:00.0 (98713970)|ENTERING_MANAGED_PKG|tdc_tsw
10:45:00.0 (99486590)|ENTERING_MANAGED_PKG|tdc_tsw
10:45:00.0 (99727779)|ENTERING_MANAGED_PKG|tdc_tsw
10:45:00.0 (100130947)|ENTERING_MANAGED_PKG|tdc_tsw
10:45:00.0 (101264603)|ENTERING_MANAGED_PKG|tdc_tsw
10:45:00.0 (102038425)|ENTERING_MANAGED_PKG|tdc_tsw
10:45:00.0 (102288655)|ENTERING_MANAGED_PKG|tdc_tsw
10:45:00.0 (102693895)|ENTERING_MANAGED_PKG|tdc_tsw
10:45:00.0 (103859250)|ENTERING_MANAGED_PKG|tdc_tsw
10:45:00.0 (104656637)|ENTERING_MANAGED_PKG|tdc_tsw
10:45:00.0 (104899913)|ENTERING_MANAGED_PKG|tdc_tsw
10:45:00.0 (105307295)|ENTERING_MANAGED_PKG|tdc_tsw
10:45:00.0 (106359439)|ENTERING_MANAGED_PKG|tdc_tsw
10:45:00.0 (107085764)|ENTERING_MANAGED_PKG|tdc_tsw
10:45:00.0 (107322310)|ENTERING_MANAGED_PKG|tdc_tsw
10:45:00.0 (107693855)|ENTERING_MANAGED_PKG|tdc_tsw
10:45:00.0 (108731257)|ENTERING_MANAGED_PKG|tdc_tsw
10:45:00.0 (109478030)|ENTERING_MANAGED_PKG|tdc_tsw
10:45:00.0 (109702219)|ENTERING_MANAGED_PKG|tdc_tsw
10:45:00.0 (110071194)|ENTERING_MANAGED_PKG|tdc_tsw
10:45:00.0 (111106484)|ENTERING_MANAGED_PKG|tdc_tsw
10:45:00.0 (111820968)|ENTERING_MANAGED_PKG|tdc_tsw
10:45:00.0 (112043850)|ENTERING_MANAGED_PKG|tdc_tsw
10:45:00.0 (112426610)|ENTERING_MANAGED_PKG|tdc_tsw
10:45:00.0 (113467050)|ENTERING_MANAGED_PKG|tdc_tsw
10:45:00.0 (114197790)|ENTERING_MANAGED_PKG|tdc_tsw
10:45:00.0 (114441523)|ENTERING_MANAGED_PKG|tdc_tsw
10:45:00.0 (114815284)|ENTERING_MANAGED_PKG|tdc_tsw
10:45:00.0 (115866735)|ENTERING_MANAGED_PKG|tdc_tsw
10:45:00.0 (116584885)|ENTERING_MANAGED_PKG|tdc_tsw
10:45:00.0 (116808920)|ENTERING_MANAGED_PKG|tdc_tsw
10:45:00.0 (117180355)|ENTERING_MANAGED_PKG|tdc_tsw
10:45:00.0 (118218814)|ENTERING_MANAGED_PKG|tdc_tsw
10:45:00.0 (118936019)|ENTERING_MANAGED_PKG|tdc_tsw
10:45:00.0 (119160252)|ENTERING_MANAGED_PKG|tdc_tsw
10:45:00.0 (119545951)|ENTERING_MANAGED_PKG|tdc_tsw
10:45:00.0 (120581793)|ENTERING_MANAGED_PKG|tdc_tsw
10:45:00.0 (121295111)|ENTERING_MANAGED_PKG|tdc_tsw
10:45:00.0 (121521397)|ENTERING_MANAGED_PKG|tdc_tsw
10:45:00.0 (121891804)|ENTERING_MANAGED_PKG|tdc_tsw
10:45:00.0 (122925112)|ENTERING_MANAGED_PKG|tdc_tsw
10:45:00.0 (123642910)|ENTERING_MANAGED_PKG|tdc_tsw
10:45:00.0 (123867269)|ENTERING_MANAGED_PKG|tdc_tsw
10:45:00.0 (124248907)|ENTERING_MANAGED_PKG|tdc_tsw
10:45:00.0 (125288898)|ENTERING_MANAGED_PKG|tdc_tsw
10:45:00.0 (125997297)|ENTERING_MANAGED_PKG|tdc_tsw
10:45:00.0 (126219123)|ENTERING_MANAGED_PKG|tdc_tsw
10:45:00.0 (126598018)|ENTERING_MANAGED_PKG|tdc_tsw
10:45:00.0 (127632827)|ENTERING_MANAGED_PKG|tdc_tsw
10:45:00.0 (128367019)|ENTERING_MANAGED_PKG|tdc_tsw
10:45:00.0 (128603200)|ENTERING_MANAGED_PKG|tdc_tsw
10:45:00.0 (128991519)|ENTERING_MANAGED_PKG|tdc_tsw
10:45:00.0 (130059482)|ENTERING_MANAGED_PKG|tdc_tsw
10:45:00.0 (130781398)|ENTERING_MANAGED_PKG|tdc_tsw
10:45:00.0 (131010683)|ENTERING_MANAGED_PKG|tdc_tsw
10:45:00.0 (131392772)|ENTERING_MANAGED_PKG|tdc_tsw
10:45:00.0 (132424642)|ENTERING_MANAGED_PKG|tdc_tsw
10:45:00.0 (133129302)|ENTERING_MANAGED_PKG|tdc_tsw
10:45:00.0 (133366552)|ENTERING_MANAGED_PKG|tdc_tsw
10:45:00.0 (133740896)|ENTERING_MANAGED_PKG|tdc_tsw
10:45:00.0 (134777946)|ENTERING_MANAGED_PKG|tdc_tsw
10:45:00.0 (135502255)|ENTERING_MANAGED_PKG|tdc_tsw
10:45:00.0 (135726429)|ENTERING_MANAGED_PKG|tdc_tsw
10:45:00.0 (136098040)|ENTERING_MANAGED_PKG|tdc_tsw
10:45:00.0 (137132153)|ENTERING_MANAGED_PKG|tdc_tsw
10:45:00.0 (137843895)|ENTERING_MANAGED_PKG|tdc_tsw
10:45:00.0 (138065784)|ENTERING_MANAGED_PKG|tdc_tsw
10:45:00.0 (138443136)|ENTERING_MANAGED_PKG|tdc_tsw
10:45:00.0 (139474976)|ENTERING_MANAGED_PKG|tdc_tsw
10:45:00.0 (140178861)|ENTERING_MANAGED_PKG|tdc_tsw
10:45:00.0 (140408789)|ENTERING_MANAGED_PKG|tdc_tsw
10:45:00.0 (140781710)|ENTERING_MANAGED_PKG|tdc_tsw
10:45:00.0 (141818525)|ENTERING_MANAGED_PKG|tdc_tsw
10:45:00.0 (142529413)|ENTERING_MANAGED_PKG|tdc_tsw
10:45:00.0 (142781193)|ENTERING_MANAGED_PKG|tdc_tsw
10:45:00.0 (143156086)|ENTERING_MANAGED_PKG|tdc_tsw
10:45:00.0 (144199442)|ENTERING_MANAGED_PKG|tdc_tsw
10:45:00.0 (144916848)|ENTERING_MANAGED_PKG|tdc_tsw
10:45:00.0 (145140505)|ENTERING_MANAGED_PKG|tdc_tsw
10:45:00.0 (145522531)|ENTERING_MANAGED_PKG|tdc_tsw
10:45:00.0 (146559020)|ENTERING_MANAGED_PKG|tdc_tsw
10:45:00.0 (147275234)|ENTERING_MANAGED_PKG|tdc_tsw
10:45:00.0 (147502872)|ENTERING_MANAGED_PKG|tdc_tsw
10:45:00.0 (147881942)|ENTERING_MANAGED_PKG|tdc_tsw
10:45:00.0 (148938140)|ENTERING_MANAGED_PKG|tdc_tsw
10:45:00.0 (149670178)|ENTERING_MANAGED_PKG|tdc_tsw
10:45:00.0 (149897121)|ENTERING_MANAGED_PKG|tdc_tsw
10:45:00.0 (150282178)|ENTERING_MANAGED_PKG|tdc_tsw
10:45:00.0 (151333272)|ENTERING_MANAGED_PKG|tdc_tsw
10:45:00.0 (152058974)|ENTERING_MANAGED_PKG|tdc_tsw
10:45:00.0 (152294895)|ENTERING_MANAGED_PKG|tdc_tsw
10:45:00.0 (152670494)|ENTERING_MANAGED_PKG|tdc_tsw
10:45:00.0 (153727471)|ENTERING_MANAGED_PKG|tdc_tsw
10:45:00.0 (154471965)|ENTERING_MANAGED_PKG|tdc_tsw
10:45:00.0 (154700239)|ENTERING_MANAGED_PKG|tdc_tsw
10:45:00.0 (155074693)|ENTERING_MANAGED_PKG|tdc_tsw
10:45:00.0 (156122023)|ENTERING_MANAGED_PKG|tdc_tsw
10:45:00.0 (156839701)|ENTERING_MANAGED_PKG|tdc_tsw
10:45:00.0 (157062753)|ENTERING_MANAGED_PKG|tdc_tsw
10:45:00.0 (157443424)|ENTERING_MANAGED_PKG|tdc_tsw
10:45:00.0 (158489338)|ENTERING_MANAGED_PKG|tdc_tsw
10:45:00.0 (159200541)|ENTERING_MANAGED_PKG|tdc_tsw
10:45:00.0 (159433849)|ENTERING_MANAGED_PKG|tdc_tsw
10:45:00.0 (159866722)|ENTERING_MANAGED_PKG|tdc_tsw
10:45:00.0 (160908238)|ENTERING_MANAGED_PKG|tdc_tsw
10:45:00.0 (161647935)|ENTERING_MANAGED_PKG|tdc_tsw
10:45:00.0 (161873141)|ENTERING_MANAGED_PKG|tdc_tsw
10:45:00.0 (162252295)|ENTERING_MANAGED_PKG|tdc_tsw
10:45:00.0 (163290546)|ENTERING_MANAGED_PKG|tdc_tsw
10:45:00.0 (163996462)|ENTERING_MANAGED_PKG|tdc_tsw
10:45:00.0 (164219929)|ENTERING_MANAGED_PKG|tdc_tsw
10:45:00.0 (164597999)|ENTERING_MANAGED_PKG|tdc_tsw
10:45:00.0 (165642062)|ENTERING_MANAGED_PKG|tdc_tsw
10:45:00.0 (166363204)|ENTERING_MANAGED_PKG|tdc_tsw
10:45:00.0 (166587899)|ENTERING_MANAGED_PKG|tdc_tsw
10:45:00.0 (166959963)|ENTERING_MANAGED_PKG|tdc_tsw
10:45:00.0 (167993955)|ENTERING_MANAGED_PKG|tdc_tsw
10:45:00.0 (168736194)|ENTERING_MANAGED_PKG|tdc_tsw
10:45:00.0 (168961260)|ENTERING_MANAGED_PKG|tdc_tsw
10:45:00.0 (169347628)|ENTERING_MANAGED_PKG|tdc_tsw
10:45:00.0 (170406694)|ENTERING_MANAGED_PKG|tdc_tsw
10:45:00.0 (171115132)|ENTERING_MANAGED_PKG|tdc_tsw
10:45:00.0 (171348912)|ENTERING_MANAGED_PKG|tdc_tsw
10:45:00.0 (171718324)|ENTERING_MANAGED_PKG|tdc_tsw
10:45:00.0 (172754686)|ENTERING_MANAGED_PKG|tdc_tsw
10:45:00.0 (173475116)|ENTERING_MANAGED_PKG|tdc_tsw
10:45:00.0 (173699141)|ENTERING_MANAGED_PKG|tdc_tsw
10:45:00.0 (174069036)|ENTERING_MANAGED_PKG|tdc_tsw
10:45:00.0 (175122796)|ENTERING_MANAGED_PKG|tdc_tsw
10:45:00.0 (175840133)|ENTERING_MANAGED_PKG|tdc_tsw
10:45:00.0 (176062457)|ENTERING_MANAGED_PKG|tdc_tsw
10:45:00.0 (176444932)|ENTERING_MANAGED_PKG|tdc_tsw
10:45:00.0 (177488228)|ENTERING_MANAGED_PKG|tdc_tsw
10:45:00.0 (178231437)|ENTERING_MANAGED_PKG|tdc_tsw
10:45:00.0 (178465778)|ENTERING_MANAGED_PKG|tdc_tsw
10:45:00.0 (178839424)|ENTERING_MANAGED_PKG|tdc_tsw
10:45:00.0 (179897993)|ENTERING_MANAGED_PKG|tdc_tsw
10:45:00.0 (180632922)|ENTERING_MANAGED_PKG|tdc_tsw
10:45:00.0 (180863719)|ENTERING_MANAGED_PKG|tdc_tsw
10:45:00.0 (181235394)|ENTERING_MANAGED_PKG|tdc_tsw
10:45:00.0 (182299940)|ENTERING_MANAGED_PKG|tdc_tsw
10:45:00.0 (183366495)|ENTERING_MANAGED_PKG|tdc_tsw
10:45:00.0 (183594173)|ENTERING_MANAGED_PKG|tdc_tsw
10:45:00.0 (183965046)|ENTERING_MANAGED_PKG|tdc_tsw
10:45:00.0 (185009099)|ENTERING_MANAGED_PKG|tdc_tsw
10:45:00.0 (185734155)|ENTERING_MANAGED_PKG|tdc_tsw
10:45:00.0 (185957216)|ENTERING_MANAGED_PKG|tdc_tsw
10:45:00.0 (186335846)|ENTERING_MANAGED_PKG|tdc_tsw
10:45:00.0 (187376481)|ENTERING_MANAGED_PKG|tdc_tsw
10:45:00.0 (188091677)|ENTERING_MANAGED_PKG|tdc_tsw
10:45:00.0 (188323478)|ENTERING_MANAGED_PKG|tdc_tsw
10:45:00.0 (188693209)|ENTERING_MANAGED_PKG|tdc_tsw
10:45:00.0 (189728238)|ENTERING_MANAGED_PKG|tdc_tsw
10:45:00.0 (190449327)|ENTERING_MANAGED_PKG|tdc_tsw
10:45:00.0 (190673080)|ENTERING_MANAGED_PKG|tdc_tsw
10:45:00.0 (191052064)|ENTERING_MANAGED_PKG|tdc_tsw
10:45:00.0 (192136470)|ENTERING_MANAGED_PKG|tdc_tsw
10:45:00.0 (192872985)|ENTERING_MANAGED_PKG|tdc_tsw
10:45:00.0 (193097698)|ENTERING_MANAGED_PKG|tdc_tsw
10:45:00.0 (193486143)|ENTERING_MANAGED_PKG|tdc_tsw
10:45:00.0 (194535129)|ENTERING_MANAGED_PKG|tdc_tsw
10:45:00.0 (195250198)|ENTERING_MANAGED_PKG|tdc_tsw
10:45:00.0 (195475978)|ENTERING_MANAGED_PKG|tdc_tsw
10:45:00.0 (195848855)|ENTERING_MANAGED_PKG|tdc_tsw
10:45:00.0 (196883793)|ENTERING_MANAGED_PKG|tdc_tsw
10:45:00.0 (197626417)|ENTERING_MANAGED_PKG|tdc_tsw
10:45:00.0 (197830206)|ENTERING_MANAGED_PKG|tdc_tsw
10:45:00.0 (198203239)|ENTERING_MANAGED_PKG|tdc_tsw
10:45:00.0 (199251704)|ENTERING_MANAGED_PKG|tdc_tsw
10:45:00.0 (199973968)|ENTERING_MANAGED_PKG|tdc_tsw
10:45:00.0 (200197109)|ENTERING_MANAGED_PKG|tdc_tsw
10:45:00.0 (200580699)|ENTERING_MANAGED_PKG|tdc_tsw
10:45:00.0 (201799279)|ENTERING_MANAGED_PKG|tdc_tsw
10:45:00.0 (202704289)|ENTERING_MANAGED_PKG|tdc_tsw
10:45:00.0 (202787284)|ENTERING_MANAGED_PKG|tdc_tsw
10:45:00.0 (203393315)|SOQL_EXECUTE_BEGIN|[200]|Aggregations:0|SELECT Name, NamespacePrefix, SystemModStamp FROM StaticResource WHERE Name LIKE :tmpVar1 LIMIT 10
10:45:00.0 (207297628)|SOQL_EXECUTE_END|[200]|Rows:1
10:45:00.0 (208330329)|ENTERING_MANAGED_PKG|tdc_tsw
10:45:00.0 (208807106)|SOQL_EXECUTE_BEGIN|[200]|Aggregations:0|SELECT Name, NamespacePrefix, SystemModStamp FROM StaticResource WHERE Name LIKE :tmpVar1 LIMIT 10
10:45:00.0 (212093796)|SOQL_EXECUTE_END|[200]|Rows:1
10:45:00.0 (212894472)|ENTERING_MANAGED_PKG|tdc_tsw
10:45:00.0 (216907468)|ENTERING_MANAGED_PKG|tdc_tsw
10:45:00.0 (218294964)|ENTERING_MANAGED_PKG|tdc_tsw
10:45:00.0 (218626734)|ENTERING_MANAGED_PKG|tdc_tsw
10:45:00.0 (219757337)|ENTERING_MANAGED_PKG|tdc_tsw
10:45:00.0 (220520064)|SOQL_EXECUTE_BEGIN|[200]|Aggregations:0|SELECT Name, NamespacePrefix, SystemModStamp FROM StaticResource WHERE Name LIKE :tmpVar1 LIMIT 10
10:45:00.0 (223521301)|SOQL_EXECUTE_END|[200]|Rows:1
10:45:00.235 (235826626)|USER_INFO|[EXTERNAL]|0051H000009gxp8|chanida.dev2@solvedbysoftwareco.com|Eastern Standard Time|GMT-05:00
10:45:00.235 (237517041)|ENTERING_MANAGED_PKG|tdc_tsw
10:45:00.235 (237819715)|ENTERING_MANAGED_PKG|tdc_tsw
10:45:00.235 (240837538)|SOQL_EXECUTE_BEGIN|[355]|Aggregations:0|SELECT id, name, Disable_Incoming_SMS_Sharing__c FROM User WHERE id = :tmpVar1
10:45:00.235 (248437395)|SOQL_EXECUTE_END|[355]|Rows:1
10:45:00.235 (249660843)|SOQL_EXECUTE_BEGIN|[367]|Aggregations:0|SELECT CreatedDate,Id,LastModifiedDate,Related_Object_Id__c FROM Message__c WHERE Name = 'Incoming' AND Read__c = false ORDER BY CreatedDate Desc limit 100
10:45:00.235 (260400644)|SOQL_EXECUTE_END|[367]|Rows:100
