44.0 APEX_CODE,FINEST;APEX_PROFILING,INFO;CALLOUT,INFO;DB,INFO;NBA,INFO;SYSTEM,DEBUG;VALIDATION,INFO;VISUALFORCE,INFO;WAVE,INFO;WORKFLOW,INFO
21:06:03.0 (127073)|USER_INFO|[EXTERNAL]|0051H000009gxp8|chanida.dev2@solvedbysoftwareco.com|Eastern Standard Time|GMT-05:00
21:06:03.0 (1701518)|ENTERING_MANAGED_PKG|tdc_tsw
21:06:03.0 (2236053)|ENTERING_MANAGED_PKG|tdc_tsw
21:06:03.0 (5824537)|SOQL_EXECUTE_BEGIN|[16]|Aggregations:0|SELECT id, name, Disable_Incoming_SMS_Sharing__c FROM User WHERE id = :tmpVar1
21:06:03.0 (13000193)|SOQL_EXECUTE_END|[16]|Rows:1
21:06:03.0 (18237666)|SOQL_EXECUTE_BEGIN|[37]|Aggregations:0|SELECT CreatedDate,Created_Date__c,Id,LastModifiedDate,MessageId__c,Message_Text_New__c,Name,OwnerId,Read__c,Related_Object_Id__c,Related_Object__c,Sender_Number__c, Sender_Name__c,ToNumber__c,Attachments_Ids__c FROM Message__c WHERE Name = 'Incoming' AND Read__c = false ORDER BY CreatedDate Desc limit 100
21:06:03.0 (28012992)|SOQL_EXECUTE_END|[37]|Rows:16
21:06:03.0 (31564091)|ENTERING_MANAGED_PKG|tdc_tsw
21:06:03.0 (33255891)|ENTERING_MANAGED_PKG|tdc_tsw
21:06:03.0 (33682825)|ENTERING_MANAGED_PKG|tdc_tsw
21:06:03.0 (34327323)|ENTERING_MANAGED_PKG|tdc_tsw
21:06:03.0 (37227410)|ENTERING_MANAGED_PKG|tdc_tsw
21:06:03.0 (38076871)|ENTERING_MANAGED_PKG|tdc_tsw
21:06:03.0 (38338688)|ENTERING_MANAGED_PKG|tdc_tsw
21:06:03.0 (38740931)|ENTERING_MANAGED_PKG|tdc_tsw
21:06:03.0 (39816110)|ENTERING_MANAGED_PKG|tdc_tsw
21:06:03.0 (40555333)|ENTERING_MANAGED_PKG|tdc_tsw
21:06:03.0 (40776862)|ENTERING_MANAGED_PKG|tdc_tsw
21:06:03.0 (41161052)|ENTERING_MANAGED_PKG|tdc_tsw
21:06:03.0 (42332438)|ENTERING_MANAGED_PKG|tdc_tsw
21:06:03.0 (43144277)|ENTERING_MANAGED_PKG|tdc_tsw
21:06:03.0 (43220371)|ENTERING_MANAGED_PKG|tdc_tsw
21:06:03.0 (43778511)|SOQL_EXECUTE_BEGIN|[200]|Aggregations:0|SELECT Name, NamespacePrefix, SystemModStamp FROM StaticResource WHERE Name LIKE :tmpVar1 LIMIT 10
21:06:03.0 (47627922)|SOQL_EXECUTE_END|[200]|Rows:1
21:06:03.0 (48584485)|ENTERING_MANAGED_PKG|tdc_tsw
21:06:03.0 (49016411)|SOQL_EXECUTE_BEGIN|[200]|Aggregations:0|SELECT Name, NamespacePrefix, SystemModStamp FROM StaticResource WHERE Name LIKE :tmpVar1 LIMIT 10
21:06:03.0 (53662723)|SOQL_EXECUTE_END|[200]|Rows:1
21:06:03.0 (54181702)|ENTERING_MANAGED_PKG|tdc_tsw
21:06:03.0 (57716059)|ENTERING_MANAGED_PKG|tdc_tsw
21:06:03.0 (59137753)|ENTERING_MANAGED_PKG|tdc_tsw
21:06:03.0 (59433656)|ENTERING_MANAGED_PKG|tdc_tsw
21:06:03.0 (60442041)|ENTERING_MANAGED_PKG|tdc_tsw
21:06:03.0 (60911270)|SOQL_EXECUTE_BEGIN|[200]|Aggregations:0|SELECT Name, NamespacePrefix, SystemModStamp FROM StaticResource WHERE Name LIKE :tmpVar1 LIMIT 10
21:06:03.0 (64054616)|SOQL_EXECUTE_END|[200]|Rows:1
21:06:03.69 (69081785)|USER_INFO|[EXTERNAL]|0051H000009gxp8|chanida.dev2@solvedbysoftwareco.com|Eastern Standard Time|GMT-05:00
21:06:03.69 (70428547)|ENTERING_MANAGED_PKG|tdc_tsw
21:06:03.69 (70641737)|ENTERING_MANAGED_PKG|tdc_tsw
21:06:03.69 (73100950)|SOQL_EXECUTE_BEGIN|[355]|Aggregations:0|SELECT id, name, Disable_Incoming_SMS_Sharing__c FROM User WHERE id = :tmpVar1
21:06:03.69 (79039363)|SOQL_EXECUTE_END|[355]|Rows:1
21:06:03.69 (80187406)|SOQL_EXECUTE_BEGIN|[367]|Aggregations:0|SELECT CreatedDate,Id,LastModifiedDate,Related_Object_Id__c FROM Message__c WHERE Name = 'Incoming' AND Read__c = false ORDER BY CreatedDate Desc limit 100
21:06:03.69 (86506929)|SOQL_EXECUTE_END|[367]|Rows:16
