44.0 APEX_CODE,FINEST;APEX_PROFILING,INFO;CALLOUT,INFO;DB,INFO;NBA,INFO;SYSTEM,DEBUG;VALIDATION,INFO;VISUALFORCE,INFO;WAVE,INFO;WORKFLOW,INFO
19:54:02.0 (527008)|USER_INFO|[EXTERNAL]|0051H000009gxp8|chanida.dev2@solvedbysoftwareco.com|Eastern Standard Time|GMT-05:00
19:54:02.0 (2563809)|ENTERING_MANAGED_PKG|tdc_tsw
19:54:02.0 (3009826)|ENTERING_MANAGED_PKG|tdc_tsw
19:54:02.0 (8479323)|SOQL_EXECUTE_BEGIN|[16]|Aggregations:0|SELECT id, name, Disable_Incoming_SMS_Sharing__c FROM User WHERE id = :tmpVar1
19:54:02.0 (16874317)|SOQL_EXECUTE_END|[16]|Rows:1
19:54:02.0 (25729744)|SOQL_EXECUTE_BEGIN|[37]|Aggregations:0|SELECT CreatedDate,Created_Date__c,Id,LastModifiedDate,MessageId__c,Message_Text_New__c,Name,OwnerId,Read__c,Related_Object_Id__c,Related_Object__c,Sender_Number__c, Sender_Name__c,ToNumber__c,Attachments_Ids__c FROM Message__c WHERE Name = 'Incoming' AND Read__c = false ORDER BY CreatedDate Desc limit 100
19:54:02.0 (41938467)|SOQL_EXECUTE_END|[37]|Rows:84
19:54:02.0 (56829596)|ENTERING_MANAGED_PKG|tdc_tsw
19:54:02.0 (58508547)|ENTERING_MANAGED_PKG|tdc_tsw
19:54:02.0 (59000433)|ENTERING_MANAGED_PKG|tdc_tsw
19:54:02.0 (59679637)|ENTERING_MANAGED_PKG|tdc_tsw
19:54:02.0 (62488157)|ENTERING_MANAGED_PKG|tdc_tsw
19:54:02.0 (63275366)|ENTERING_MANAGED_PKG|tdc_tsw
19:54:02.0 (63523972)|ENTERING_MANAGED_PKG|tdc_tsw
19:54:02.0 (63959186)|ENTERING_MANAGED_PKG|tdc_tsw
19:54:02.0 (65070764)|ENTERING_MANAGED_PKG|tdc_tsw
19:54:02.0 (65835719)|ENTERING_MANAGED_PKG|tdc_tsw
19:54:02.0 (66069089)|ENTERING_MANAGED_PKG|tdc_tsw
19:54:02.0 (66469309)|ENTERING_MANAGED_PKG|tdc_tsw
19:54:02.0 (67586003)|ENTERING_MANAGED_PKG|tdc_tsw
19:54:02.0 (68337181)|ENTERING_MANAGED_PKG|tdc_tsw
19:54:02.0 (68584954)|ENTERING_MANAGED_PKG|tdc_tsw
19:54:02.0 (69004316)|ENTERING_MANAGED_PKG|tdc_tsw
19:54:02.0 (70124394)|ENTERING_MANAGED_PKG|tdc_tsw
19:54:02.0 (70896237)|ENTERING_MANAGED_PKG|tdc_tsw
19:54:02.0 (71106407)|ENTERING_MANAGED_PKG|tdc_tsw
19:54:02.0 (71511536)|ENTERING_MANAGED_PKG|tdc_tsw
19:54:02.0 (72687973)|ENTERING_MANAGED_PKG|tdc_tsw
19:54:02.0 (73449486)|ENTERING_MANAGED_PKG|tdc_tsw
19:54:02.0 (73692056)|ENTERING_MANAGED_PKG|tdc_tsw
19:54:02.0 (74104220)|ENTERING_MANAGED_PKG|tdc_tsw
19:54:02.0 (75212368)|ENTERING_MANAGED_PKG|tdc_tsw
19:54:02.0 (75984051)|ENTERING_MANAGED_PKG|tdc_tsw
19:54:02.0 (76189662)|ENTERING_MANAGED_PKG|tdc_tsw
19:54:02.0 (76593447)|ENTERING_MANAGED_PKG|tdc_tsw
19:54:02.0 (77709781)|ENTERING_MANAGED_PKG|tdc_tsw
19:54:02.0 (78496961)|ENTERING_MANAGED_PKG|tdc_tsw
19:54:02.0 (78712870)|ENTERING_MANAGED_PKG|tdc_tsw
19:54:02.0 (79119987)|ENTERING_MANAGED_PKG|tdc_tsw
19:54:02.0 (80215971)|ENTERING_MANAGED_PKG|tdc_tsw
19:54:02.0 (81011853)|ENTERING_MANAGED_PKG|tdc_tsw
19:54:02.0 (81243037)|ENTERING_MANAGED_PKG|tdc_tsw
19:54:02.0 (81911421)|ENTERING_MANAGED_PKG|tdc_tsw
19:54:02.0 (83170491)|ENTERING_MANAGED_PKG|tdc_tsw
19:54:02.0 (83951447)|ENTERING_MANAGED_PKG|tdc_tsw
19:54:02.0 (84183961)|ENTERING_MANAGED_PKG|tdc_tsw
19:54:02.0 (84698944)|ENTERING_MANAGED_PKG|tdc_tsw
19:54:02.0 (86810942)|ENTERING_MANAGED_PKG|tdc_tsw
19:54:02.0 (87482457)|ENTERING_MANAGED_PKG|tdc_tsw
19:54:02.0 (87553252)|ENTERING_MANAGED_PKG|tdc_tsw
19:54:02.0 (88163286)|SOQL_EXECUTE_BEGIN|[200]|Aggregations:0|SELECT Name, NamespacePrefix, SystemModStamp FROM StaticResource WHERE Name LIKE :tmpVar1 LIMIT 10
19:54:02.0 (91532691)|SOQL_EXECUTE_END|[200]|Rows:1
19:54:02.0 (92324364)|ENTERING_MANAGED_PKG|tdc_tsw
19:54:02.0 (92687374)|SOQL_EXECUTE_BEGIN|[200]|Aggregations:0|SELECT Name, NamespacePrefix, SystemModStamp FROM StaticResource WHERE Name LIKE :tmpVar1 LIMIT 10
19:54:02.0 (94840921)|SOQL_EXECUTE_END|[200]|Rows:1
19:54:02.0 (95231371)|ENTERING_MANAGED_PKG|tdc_tsw
19:54:02.0 (99686058)|ENTERING_MANAGED_PKG|tdc_tsw
19:54:02.0 (101460585)|ENTERING_MANAGED_PKG|tdc_tsw
19:54:02.0 (101798367)|ENTERING_MANAGED_PKG|tdc_tsw
19:54:02.0 (102721582)|ENTERING_MANAGED_PKG|tdc_tsw
19:54:02.0 (103166855)|SOQL_EXECUTE_BEGIN|[200]|Aggregations:0|SELECT Name, NamespacePrefix, SystemModStamp FROM StaticResource WHERE Name LIKE :tmpVar1 LIMIT 10
19:54:02.0 (105526844)|SOQL_EXECUTE_END|[200]|Rows:1
19:54:02.119 (119419440)|USER_INFO|[EXTERNAL]|0051H000009gxp8|chanida.dev2@solvedbysoftwareco.com|Eastern Standard Time|GMT-05:00
19:54:02.119 (120786856)|ENTERING_MANAGED_PKG|tdc_tsw
19:54:02.119 (120947959)|ENTERING_MANAGED_PKG|tdc_tsw
19:54:02.119 (123353039)|SOQL_EXECUTE_BEGIN|[355]|Aggregations:0|SELECT id, name, Disable_Incoming_SMS_Sharing__c FROM User WHERE id = :tmpVar1
19:54:02.119 (129100870)|SOQL_EXECUTE_END|[355]|Rows:1
19:54:02.119 (130059321)|SOQL_EXECUTE_BEGIN|[367]|Aggregations:0|SELECT CreatedDate,Id,LastModifiedDate,Related_Object_Id__c FROM Message__c WHERE Name = 'Incoming' AND Read__c = false ORDER BY CreatedDate Desc limit 100
19:54:02.119 (137426897)|SOQL_EXECUTE_END|[367]|Rows:84
