44.0 APEX_CODE,FINEST;APEX_PROFILING,INFO;CALLOUT,INFO;DB,INFO;NBA,INFO;SYSTEM,DEBUG;VALIDATION,INFO;VISUALFORCE,INFO;WAVE,INFO;WORKFLOW,INFO
22:23:26.0 (261845)|USER_INFO|[EXTERNAL]|0051H000009gxp8|chanida.dev2@solvedbysoftwareco.com|Eastern Standard Time|GMT-05:00
22:23:26.0 (2903130)|ENTERING_MANAGED_PKG|tdc_tsw
22:23:26.0 (3113997)|ENTERING_MANAGED_PKG|tdc_tsw
22:23:26.0 (3896672)|ENTERING_MANAGED_PKG|tdc_tsw
22:23:26.0 (3953397)|ENTERING_MANAGED_PKG|tdc_tsw
22:23:26.0 (4998756)|ENTERING_MANAGED_PKG|tdc_tsw
22:23:26.0 (6086604)|ENTERING_MANAGED_PKG|tdc_tsw
22:23:26.0 (7621061)|ENTERING_MANAGED_PKG|tdc_tsw
22:23:26.0 (7723610)|ENTERING_MANAGED_PKG|tdc_tsw
22:23:26.0 (9125013)|ENTERING_MANAGED_PKG|tdc_tsw
22:23:26.0 (15842507)|SOQL_EXECUTE_BEGIN|[82]|Aggregations:0|SELECT CreatedDate, Id,Task_Created__c,Event_Created__c,isCaseCreated__c,Task_Id__c,Event_Id__c,Case__c, Important__c, Delivered__c, Message_Text_New__c, Name, Owner.Name, Read__c,MessageId__c, ToNumber__c, Related_Object_Id__c, Related_Object__c, Sender_Number__c, LastModifiedDate, Attachments_Ids__c FROM Message__c WHERE Contact__c =: recordId ORDER BY CreatedDate Desc limit 200
22:23:26.0 (29212911)|SOQL_EXECUTE_END|[82]|Rows:2
22:23:26.0 (31061948)|ENTERING_MANAGED_PKG|tdc_tsw
22:23:26.0 (31362725)|ENTERING_MANAGED_PKG|tdc_tsw
22:23:26.0 (31446066)|ENTERING_MANAGED_PKG|tdc_tsw
22:23:26.0 (32172664)|SOQL_EXECUTE_BEGIN|[200]|Aggregations:0|SELECT Name, NamespacePrefix, SystemModStamp FROM StaticResource WHERE Name LIKE :tmpVar1 LIMIT 10
22:23:26.0 (35356153)|SOQL_EXECUTE_END|[200]|Rows:1
22:23:26.0 (37758334)|ENTERING_MANAGED_PKG|tdc_tsw
22:23:26.0 (39486724)|ENTERING_MANAGED_PKG|tdc_tsw
22:23:26.0 (39536903)|ENTERING_MANAGED_PKG|tdc_tsw
22:23:26.0 (41481945)|ENTERING_MANAGED_PKG|tdc_tsw
22:23:26.0 (42268635)|ENTERING_MANAGED_PKG|tdc_tsw
22:23:26.0 (47278697)|SOQL_EXECUTE_BEGIN|[172]|Aggregations:0|SELECT id, name FROM ChatTranscript__c WHERE (Chat_Active__c = TRUE AND (Related_Object_Id__c = :tmpVar1 OR Related_Object_Id__c = :tmpVar2)) LIMIT 1
22:23:26.0 (51302546)|SOQL_EXECUTE_END|[172]|Rows:0
22:23:26.0 (51761715)|ENTERING_MANAGED_PKG|tdc_tsw
22:23:26.0 (51803345)|ENTERING_MANAGED_PKG|tdc_tsw
