44.0 APEX_CODE,FINEST;APEX_PROFILING,INFO;CALLOUT,INFO;DB,INFO;NBA,INFO;SYSTEM,DEBUG;VALIDATION,INFO;VISUALFORCE,INFO;WAVE,INFO;WORKFLOW,INFO
23:38:36.0 (203991)|USER_INFO|[EXTERNAL]|0051H000009gxp8|chanida.dev2@solvedbysoftwareco.com|Eastern Standard Time|GMT-05:00
23:38:36.0 (1839507)|ENTERING_MANAGED_PKG|tdc_tsw
23:38:36.0 (2284522)|ENTERING_MANAGED_PKG|tdc_tsw
23:38:36.0 (5949025)|SOQL_EXECUTE_BEGIN|[16]|Aggregations:0|SELECT id, name, Disable_Incoming_SMS_Sharing__c FROM User WHERE id = :tmpVar1
23:38:36.0 (12593175)|SOQL_EXECUTE_END|[16]|Rows:1
23:38:36.0 (20720214)|SOQL_EXECUTE_BEGIN|[37]|Aggregations:0|SELECT CreatedDate,Created_Date__c,Id,LastModifiedDate,MessageId__c,Message_Text_New__c,Name,OwnerId,Read__c,Related_Object_Id__c,Related_Object__c,Sender_Number__c, Sender_Name__c,ToNumber__c,Attachments_Ids__c FROM Message__c WHERE Name = 'Incoming' AND Read__c = false ORDER BY CreatedDate Desc limit 100
23:38:36.0 (44008629)|SOQL_EXECUTE_END|[37]|Rows:100
23:38:36.0 (60576128)|ENTERING_MANAGED_PKG|tdc_tsw
23:38:36.0 (62377809)|ENTERING_MANAGED_PKG|tdc_tsw
23:38:36.0 (62860714)|ENTERING_MANAGED_PKG|tdc_tsw
23:38:36.0 (63546851)|ENTERING_MANAGED_PKG|tdc_tsw
23:38:36.0 (66162638)|ENTERING_MANAGED_PKG|tdc_tsw
23:38:36.0 (66927853)|ENTERING_MANAGED_PKG|tdc_tsw
23:38:36.0 (67220867)|ENTERING_MANAGED_PKG|tdc_tsw
23:38:36.0 (67660450)|ENTERING_MANAGED_PKG|tdc_tsw
23:38:36.0 (69292000)|ENTERING_MANAGED_PKG|tdc_tsw
23:38:36.0 (70048743)|ENTERING_MANAGED_PKG|tdc_tsw
23:38:36.0 (70274201)|ENTERING_MANAGED_PKG|tdc_tsw
23:38:36.0 (70650465)|ENTERING_MANAGED_PKG|tdc_tsw
23:38:36.0 (71703896)|ENTERING_MANAGED_PKG|tdc_tsw
23:38:36.0 (72457844)|ENTERING_MANAGED_PKG|tdc_tsw
23:38:36.0 (72679720)|ENTERING_MANAGED_PKG|tdc_tsw
23:38:36.0 (73065226)|ENTERING_MANAGED_PKG|tdc_tsw
23:38:36.0 (74097513)|ENTERING_MANAGED_PKG|tdc_tsw
23:38:36.0 (74826581)|ENTERING_MANAGED_PKG|tdc_tsw
23:38:36.0 (75056331)|ENTERING_MANAGED_PKG|tdc_tsw
23:38:36.0 (75432201)|ENTERING_MANAGED_PKG|tdc_tsw
23:38:36.0 (76457690)|ENTERING_MANAGED_PKG|tdc_tsw
23:38:36.0 (77185732)|ENTERING_MANAGED_PKG|tdc_tsw
23:38:36.0 (77407392)|ENTERING_MANAGED_PKG|tdc_tsw
23:38:36.0 (77834482)|ENTERING_MANAGED_PKG|tdc_tsw
23:38:36.0 (78885030)|ENTERING_MANAGED_PKG|tdc_tsw
23:38:36.0 (79623919)|ENTERING_MANAGED_PKG|tdc_tsw
23:38:36.0 (79844512)|ENTERING_MANAGED_PKG|tdc_tsw
23:38:36.0 (80229377)|ENTERING_MANAGED_PKG|tdc_tsw
23:38:36.0 (81256900)|ENTERING_MANAGED_PKG|tdc_tsw
23:38:36.0 (81992836)|ENTERING_MANAGED_PKG|tdc_tsw
23:38:36.0 (82217366)|ENTERING_MANAGED_PKG|tdc_tsw
23:38:36.0 (82610118)|ENTERING_MANAGED_PKG|tdc_tsw
23:38:36.0 (83653900)|ENTERING_MANAGED_PKG|tdc_tsw
23:38:36.0 (84399882)|ENTERING_MANAGED_PKG|tdc_tsw
23:38:36.0 (84620703)|ENTERING_MANAGED_PKG|tdc_tsw
23:38:36.0 (85001870)|ENTERING_MANAGED_PKG|tdc_tsw
23:38:36.0 (86026689)|ENTERING_MANAGED_PKG|tdc_tsw
23:38:36.0 (86749123)|ENTERING_MANAGED_PKG|tdc_tsw
23:38:36.0 (86968260)|ENTERING_MANAGED_PKG|tdc_tsw
23:38:36.0 (87363819)|ENTERING_MANAGED_PKG|tdc_tsw
23:38:36.0 (88392184)|ENTERING_MANAGED_PKG|tdc_tsw
23:38:36.0 (89136617)|ENTERING_MANAGED_PKG|tdc_tsw
23:38:36.0 (89356904)|ENTERING_MANAGED_PKG|tdc_tsw
23:38:36.0 (89730484)|ENTERING_MANAGED_PKG|tdc_tsw
23:38:36.0 (90760593)|ENTERING_MANAGED_PKG|tdc_tsw
23:38:36.0 (91513428)|ENTERING_MANAGED_PKG|tdc_tsw
23:38:36.0 (91759769)|ENTERING_MANAGED_PKG|tdc_tsw
23:38:36.0 (92144391)|ENTERING_MANAGED_PKG|tdc_tsw
23:38:36.0 (93197987)|ENTERING_MANAGED_PKG|tdc_tsw
23:38:36.0 (93914146)|ENTERING_MANAGED_PKG|tdc_tsw
23:38:36.0 (94141095)|ENTERING_MANAGED_PKG|tdc_tsw
23:38:36.0 (94514726)|ENTERING_MANAGED_PKG|tdc_tsw
23:38:36.0 (95537157)|ENTERING_MANAGED_PKG|tdc_tsw
23:38:36.0 (96273701)|ENTERING_MANAGED_PKG|tdc_tsw
23:38:36.0 (96501934)|ENTERING_MANAGED_PKG|tdc_tsw
23:38:36.0 (96916001)|ENTERING_MANAGED_PKG|tdc_tsw
23:38:36.0 (97956126)|ENTERING_MANAGED_PKG|tdc_tsw
23:38:36.0 (98685121)|ENTERING_MANAGED_PKG|tdc_tsw
23:38:36.0 (98907333)|ENTERING_MANAGED_PKG|tdc_tsw
23:38:36.0 (99289785)|ENTERING_MANAGED_PKG|tdc_tsw
23:38:36.0 (100318464)|ENTERING_MANAGED_PKG|tdc_tsw
23:38:36.0 (101041038)|ENTERING_MANAGED_PKG|tdc_tsw
23:38:36.0 (101261639)|ENTERING_MANAGED_PKG|tdc_tsw
23:38:36.0 (101636085)|ENTERING_MANAGED_PKG|tdc_tsw
23:38:36.0 (102661123)|ENTERING_MANAGED_PKG|tdc_tsw
23:38:36.0 (103384416)|ENTERING_MANAGED_PKG|tdc_tsw
23:38:36.0 (103604988)|ENTERING_MANAGED_PKG|tdc_tsw
23:38:36.0 (103989705)|ENTERING_MANAGED_PKG|tdc_tsw
23:38:36.0 (105013417)|ENTERING_MANAGED_PKG|tdc_tsw
23:38:36.0 (105757249)|ENTERING_MANAGED_PKG|tdc_tsw
23:38:36.0 (105982342)|ENTERING_MANAGED_PKG|tdc_tsw
23:38:36.0 (106353160)|ENTERING_MANAGED_PKG|tdc_tsw
23:38:36.0 (107396112)|ENTERING_MANAGED_PKG|tdc_tsw
23:38:36.0 (108164395)|ENTERING_MANAGED_PKG|tdc_tsw
23:38:36.0 (108385722)|ENTERING_MANAGED_PKG|tdc_tsw
23:38:36.0 (108757007)|ENTERING_MANAGED_PKG|tdc_tsw
23:38:36.0 (109777295)|ENTERING_MANAGED_PKG|tdc_tsw
23:38:36.0 (110533170)|ENTERING_MANAGED_PKG|tdc_tsw
23:38:36.0 (110753754)|ENTERING_MANAGED_PKG|tdc_tsw
23:38:36.0 (111143405)|ENTERING_MANAGED_PKG|tdc_tsw
23:38:36.0 (112163340)|ENTERING_MANAGED_PKG|tdc_tsw
23:38:36.0 (112909072)|ENTERING_MANAGED_PKG|tdc_tsw
23:38:36.0 (113136018)|ENTERING_MANAGED_PKG|tdc_tsw
23:38:36.0 (113507368)|ENTERING_MANAGED_PKG|tdc_tsw
23:38:36.0 (114537188)|ENTERING_MANAGED_PKG|tdc_tsw
23:38:36.0 (115261348)|ENTERING_MANAGED_PKG|tdc_tsw
23:38:36.0 (115481810)|ENTERING_MANAGED_PKG|tdc_tsw
23:38:36.0 (115851514)|ENTERING_MANAGED_PKG|tdc_tsw
23:38:36.0 (116938858)|ENTERING_MANAGED_PKG|tdc_tsw
23:38:36.0 (117664281)|ENTERING_MANAGED_PKG|tdc_tsw
23:38:36.0 (117885225)|ENTERING_MANAGED_PKG|tdc_tsw
23:38:36.0 (118264597)|ENTERING_MANAGED_PKG|tdc_tsw
23:38:36.0 (119311223)|ENTERING_MANAGED_PKG|tdc_tsw
23:38:36.0 (120037395)|ENTERING_MANAGED_PKG|tdc_tsw
23:38:36.0 (120257409)|ENTERING_MANAGED_PKG|tdc_tsw
23:38:36.0 (120627592)|ENTERING_MANAGED_PKG|tdc_tsw
23:38:36.0 (121647961)|ENTERING_MANAGED_PKG|tdc_tsw
23:38:36.0 (122376258)|ENTERING_MANAGED_PKG|tdc_tsw
23:38:36.0 (122596862)|ENTERING_MANAGED_PKG|tdc_tsw
23:38:36.0 (122967841)|ENTERING_MANAGED_PKG|tdc_tsw
23:38:36.0 (123992738)|ENTERING_MANAGED_PKG|tdc_tsw
23:38:36.0 (124732872)|ENTERING_MANAGED_PKG|tdc_tsw
23:38:36.0 (125017019)|ENTERING_MANAGED_PKG|tdc_tsw
23:38:36.0 (125401395)|ENTERING_MANAGED_PKG|tdc_tsw
23:38:36.0 (126458941)|ENTERING_MANAGED_PKG|tdc_tsw
23:38:36.0 (127189626)|ENTERING_MANAGED_PKG|tdc_tsw
23:38:36.0 (127409431)|ENTERING_MANAGED_PKG|tdc_tsw
23:38:36.0 (127777846)|ENTERING_MANAGED_PKG|tdc_tsw
23:38:36.0 (128817826)|ENTERING_MANAGED_PKG|tdc_tsw
23:38:36.0 (129545842)|ENTERING_MANAGED_PKG|tdc_tsw
23:38:36.0 (129766017)|ENTERING_MANAGED_PKG|tdc_tsw
23:38:36.0 (130144883)|ENTERING_MANAGED_PKG|tdc_tsw
23:38:36.0 (131159318)|ENTERING_MANAGED_PKG|tdc_tsw
23:38:36.0 (131875576)|ENTERING_MANAGED_PKG|tdc_tsw
23:38:36.0 (132102411)|ENTERING_MANAGED_PKG|tdc_tsw
23:38:36.0 (132473868)|ENTERING_MANAGED_PKG|tdc_tsw
23:38:36.0 (133498616)|ENTERING_MANAGED_PKG|tdc_tsw
23:38:36.0 (134227632)|ENTERING_MANAGED_PKG|tdc_tsw
23:38:36.0 (134448581)|ENTERING_MANAGED_PKG|tdc_tsw
23:38:36.0 (134818948)|ENTERING_MANAGED_PKG|tdc_tsw
23:38:36.0 (135842069)|ENTERING_MANAGED_PKG|tdc_tsw
23:38:36.0 (136572208)|ENTERING_MANAGED_PKG|tdc_tsw
23:38:36.0 (136792633)|ENTERING_MANAGED_PKG|tdc_tsw
23:38:36.0 (137180155)|ENTERING_MANAGED_PKG|tdc_tsw
23:38:36.0 (138205178)|ENTERING_MANAGED_PKG|tdc_tsw
23:38:36.0 (138934574)|ENTERING_MANAGED_PKG|tdc_tsw
23:38:36.0 (139161703)|ENTERING_MANAGED_PKG|tdc_tsw
23:38:36.0 (139543770)|ENTERING_MANAGED_PKG|tdc_tsw
23:38:36.0 (140562888)|ENTERING_MANAGED_PKG|tdc_tsw
23:38:36.0 (141322144)|ENTERING_MANAGED_PKG|tdc_tsw
23:38:36.0 (141543824)|ENTERING_MANAGED_PKG|tdc_tsw
23:38:36.0 (141926023)|ENTERING_MANAGED_PKG|tdc_tsw
23:38:36.0 (142965852)|ENTERING_MANAGED_PKG|tdc_tsw
23:38:36.0 (143719041)|ENTERING_MANAGED_PKG|tdc_tsw
23:38:36.0 (143941429)|ENTERING_MANAGED_PKG|tdc_tsw
23:38:36.0 (144324436)|ENTERING_MANAGED_PKG|tdc_tsw
23:38:36.0 (145373755)|ENTERING_MANAGED_PKG|tdc_tsw
23:38:36.0 (146527921)|ENTERING_MANAGED_PKG|tdc_tsw
23:38:36.0 (146751554)|ENTERING_MANAGED_PKG|tdc_tsw
23:38:36.0 (147142877)|ENTERING_MANAGED_PKG|tdc_tsw
23:38:36.0 (148177109)|ENTERING_MANAGED_PKG|tdc_tsw
23:38:36.0 (148900441)|ENTERING_MANAGED_PKG|tdc_tsw
23:38:36.0 (149127180)|ENTERING_MANAGED_PKG|tdc_tsw
23:38:36.0 (149503304)|ENTERING_MANAGED_PKG|tdc_tsw
23:38:36.0 (150527602)|ENTERING_MANAGED_PKG|tdc_tsw
23:38:36.0 (151279550)|ENTERING_MANAGED_PKG|tdc_tsw
23:38:36.0 (151500310)|ENTERING_MANAGED_PKG|tdc_tsw
23:38:36.0 (151876233)|ENTERING_MANAGED_PKG|tdc_tsw
23:38:36.0 (152902207)|ENTERING_MANAGED_PKG|tdc_tsw
23:38:36.0 (153630334)|ENTERING_MANAGED_PKG|tdc_tsw
23:38:36.0 (153849971)|ENTERING_MANAGED_PKG|tdc_tsw
23:38:36.0 (154248945)|ENTERING_MANAGED_PKG|tdc_tsw
23:38:36.0 (155279638)|ENTERING_MANAGED_PKG|tdc_tsw
23:38:36.0 (156010452)|ENTERING_MANAGED_PKG|tdc_tsw
23:38:36.0 (156231535)|ENTERING_MANAGED_PKG|tdc_tsw
23:38:36.0 (156607479)|ENTERING_MANAGED_PKG|tdc_tsw
23:38:36.0 (157647925)|ENTERING_MANAGED_PKG|tdc_tsw
23:38:36.0 (158391436)|ENTERING_MANAGED_PKG|tdc_tsw
23:38:36.0 (158612410)|ENTERING_MANAGED_PKG|tdc_tsw
23:38:36.0 (159000027)|ENTERING_MANAGED_PKG|tdc_tsw
23:38:36.0 (160075816)|ENTERING_MANAGED_PKG|tdc_tsw
23:38:36.0 (160796730)|ENTERING_MANAGED_PKG|tdc_tsw
23:38:36.0 (161038524)|ENTERING_MANAGED_PKG|tdc_tsw
23:38:36.0 (161416040)|ENTERING_MANAGED_PKG|tdc_tsw
23:38:36.0 (162447448)|ENTERING_MANAGED_PKG|tdc_tsw
23:38:36.0 (163182732)|ENTERING_MANAGED_PKG|tdc_tsw
23:38:36.0 (163401597)|ENTERING_MANAGED_PKG|tdc_tsw
23:38:36.0 (163840535)|ENTERING_MANAGED_PKG|tdc_tsw
23:38:36.0 (164872594)|ENTERING_MANAGED_PKG|tdc_tsw
23:38:36.0 (165612009)|ENTERING_MANAGED_PKG|tdc_tsw
23:38:36.0 (165832291)|ENTERING_MANAGED_PKG|tdc_tsw
23:38:36.0 (166222348)|ENTERING_MANAGED_PKG|tdc_tsw
23:38:36.0 (167252815)|ENTERING_MANAGED_PKG|tdc_tsw
23:38:36.0 (167973207)|ENTERING_MANAGED_PKG|tdc_tsw
23:38:36.0 (168197822)|ENTERING_MANAGED_PKG|tdc_tsw
23:38:36.0 (168586387)|ENTERING_MANAGED_PKG|tdc_tsw
23:38:36.0 (169624004)|ENTERING_MANAGED_PKG|tdc_tsw
23:38:36.0 (170356267)|ENTERING_MANAGED_PKG|tdc_tsw
23:38:36.0 (170577751)|ENTERING_MANAGED_PKG|tdc_tsw
23:38:36.0 (170951181)|ENTERING_MANAGED_PKG|tdc_tsw
23:38:36.0 (171979302)|ENTERING_MANAGED_PKG|tdc_tsw
23:38:36.0 (172710885)|ENTERING_MANAGED_PKG|tdc_tsw
23:38:36.0 (172931977)|ENTERING_MANAGED_PKG|tdc_tsw
23:38:36.0 (173331716)|ENTERING_MANAGED_PKG|tdc_tsw
23:38:36.0 (174355279)|ENTERING_MANAGED_PKG|tdc_tsw
23:38:36.0 (175091346)|ENTERING_MANAGED_PKG|tdc_tsw
23:38:36.0 (175311509)|ENTERING_MANAGED_PKG|tdc_tsw
23:38:36.0 (175687821)|ENTERING_MANAGED_PKG|tdc_tsw
23:38:36.0 (176794309)|ENTERING_MANAGED_PKG|tdc_tsw
23:38:36.0 (177553146)|ENTERING_MANAGED_PKG|tdc_tsw
23:38:36.0 (177773483)|ENTERING_MANAGED_PKG|tdc_tsw
23:38:36.0 (178156431)|ENTERING_MANAGED_PKG|tdc_tsw
23:38:36.0 (179178373)|ENTERING_MANAGED_PKG|tdc_tsw
23:38:36.0 (179953343)|ENTERING_MANAGED_PKG|tdc_tsw
23:38:36.0 (180179214)|ENTERING_MANAGED_PKG|tdc_tsw
23:38:36.0 (180554975)|ENTERING_MANAGED_PKG|tdc_tsw
23:38:36.0 (181603408)|ENTERING_MANAGED_PKG|tdc_tsw
23:38:36.0 (182332792)|ENTERING_MANAGED_PKG|tdc_tsw
23:38:36.0 (182533421)|ENTERING_MANAGED_PKG|tdc_tsw
23:38:36.0 (182922150)|ENTERING_MANAGED_PKG|tdc_tsw
23:38:36.0 (183945597)|ENTERING_MANAGED_PKG|tdc_tsw
23:38:36.0 (184675012)|ENTERING_MANAGED_PKG|tdc_tsw
23:38:36.0 (184894786)|ENTERING_MANAGED_PKG|tdc_tsw
23:38:36.0 (185275584)|ENTERING_MANAGED_PKG|tdc_tsw
23:38:36.0 (186293606)|ENTERING_MANAGED_PKG|tdc_tsw
23:38:36.0 (187024716)|ENTERING_MANAGED_PKG|tdc_tsw
23:38:36.0 (187244173)|ENTERING_MANAGED_PKG|tdc_tsw
23:38:36.0 (187620324)|ENTERING_MANAGED_PKG|tdc_tsw
23:38:36.0 (188794329)|ENTERING_MANAGED_PKG|tdc_tsw
23:38:36.0 (189683729)|ENTERING_MANAGED_PKG|tdc_tsw
23:38:36.0 (189764240)|ENTERING_MANAGED_PKG|tdc_tsw
23:38:36.0 (190335779)|SOQL_EXECUTE_BEGIN|[200]|Aggregations:0|SELECT Name, NamespacePrefix, SystemModStamp FROM StaticResource WHERE Name LIKE :tmpVar1 LIMIT 10
23:38:36.0 (193564860)|SOQL_EXECUTE_END|[200]|Rows:1
23:38:36.0 (194333326)|ENTERING_MANAGED_PKG|tdc_tsw
23:38:36.0 (194662156)|SOQL_EXECUTE_BEGIN|[200]|Aggregations:0|SELECT Name, NamespacePrefix, SystemModStamp FROM StaticResource WHERE Name LIKE :tmpVar1 LIMIT 10
23:38:36.0 (196699587)|SOQL_EXECUTE_END|[200]|Rows:1
23:38:36.0 (197100263)|ENTERING_MANAGED_PKG|tdc_tsw
23:38:36.0 (201000145)|ENTERING_MANAGED_PKG|tdc_tsw
23:38:36.0 (202675006)|ENTERING_MANAGED_PKG|tdc_tsw
23:38:36.0 (202988569)|ENTERING_MANAGED_PKG|tdc_tsw
23:38:36.0 (204079718)|ENTERING_MANAGED_PKG|tdc_tsw
23:38:36.0 (204571041)|SOQL_EXECUTE_BEGIN|[200]|Aggregations:0|SELECT Name, NamespacePrefix, SystemModStamp FROM StaticResource WHERE Name LIKE :tmpVar1 LIMIT 10
23:38:36.0 (207683283)|SOQL_EXECUTE_END|[200]|Rows:1
23:38:36.217 (217383396)|USER_INFO|[EXTERNAL]|0051H000009gxp8|chanida.dev2@solvedbysoftwareco.com|Eastern Standard Time|GMT-05:00
23:38:36.217 (219005464)|ENTERING_MANAGED_PKG|tdc_tsw
23:38:36.217 (219272237)|ENTERING_MANAGED_PKG|tdc_tsw
23:38:36.217 (221999982)|SOQL_EXECUTE_BEGIN|[355]|Aggregations:0|SELECT id, name, Disable_Incoming_SMS_Sharing__c FROM User WHERE id = :tmpVar1
23:38:36.217 (227943977)|SOQL_EXECUTE_END|[355]|Rows:1
23:38:36.217 (228890206)|SOQL_EXECUTE_BEGIN|[367]|Aggregations:0|SELECT CreatedDate,Id,LastModifiedDate,Related_Object_Id__c FROM Message__c WHERE Name = 'Incoming' AND Read__c = false ORDER BY CreatedDate Desc limit 100
23:38:36.217 (236393364)|SOQL_EXECUTE_END|[367]|Rows:100
