38.0 APEX_CODE,FINEST;APEX_PROFILING,INFO;CALLOUT,INFO;DB,INFO;NBA,INFO;SYSTEM,DEBUG;VALIDATION,INFO;VISUALFORCE,INFO;WAVE,INFO;WORKFLOW,INFO
23:56:21.2 (2762425)|ENTERING_MANAGED_PKG|tdc_tsw
23:56:21.2 (3049097)|ENTERING_MANAGED_PKG|tdc_tsw
23:56:21.2 (4689280)|SOQL_EXECUTE_BEGIN|[66]|Aggregations:0|SELECT Id FROM Folder WHERE DeveloperName = 'SMS_APP' LIMIT 1
23:56:21.2 (7774809)|SOQL_EXECUTE_END|[66]|Rows:1
23:56:21.2 (8004539)|ENTERING_MANAGED_PKG|tdc_tsw
23:56:21.2 (8607384)|ENTERING_MANAGED_PKG|tdc_tsw
23:56:21.2 (8941331)|ENTERING_MANAGED_PKG|tdc_tsw
23:56:21.2 (17203108)|ENTERING_MANAGED_PKG|tdc_tsw
23:56:21.2 (17254629)|ENTERING_MANAGED_PKG|tdc_tsw
23:56:21.2 (70004588)|SOQL_EXECUTE_BEGIN|[1842]|Aggregations:0|SELECT Id, name FROM RecordType WHERE (sObjectType = :tmpVar1 AND name = :tmpVar2) LIMIT 1
23:56:21.2 (80507450)|SOQL_EXECUTE_END|[1842]|Rows:1
23:56:21.2 (85088088)|ENTERING_MANAGED_PKG|tdc_tsw
23:56:21.2 (124218160)|SOQL_EXECUTE_BEGIN|[275]|Aggregations:0|Select Id, tdc_tsw__account__c, tdc_tsw__campaign__c, tdc_tsw__case__c, tdc_tsw__contact__c, tdc_tsw__lead__c, tdc_tsw__message__c, tdc_tsw__opportunity__c, tdc_tsw__sms_template__c, tdc_tsw__question__c, tdc_tsw__survey_response__c, OwnerId, Related_Object__c,Is_Keyword_Based__c,Sender_Number__c,ToNumber__c, Related_Object_Id__c from Message__c where Name = 'Outgoing' and (Sender_Number__c =: cleantoNumber  OR Sender_Number__c LIKE : toNumberWithoutSymbol )  and (ToNumber__c =: cleanFromNumber  OR ToNumber__c LIKE : fromNumberWithoutSymbol )  Order By CreatedDate Desc Limit 1
23:56:21.2 (131962227)|SOQL_EXECUTE_END|[275]|Rows:1
23:56:21.2 (133115112)|SOQL_EXECUTE_BEGIN|[299]|Aggregations:0|SELECT Id FROM tdc_tsw__Message__c WHERE id =: relatedObjId
23:56:21.2 (139289100)|SOQL_EXECUTE_END|[299]|Rows:1
23:56:21.2 (139528129)|ENTERING_MANAGED_PKG|tdc_tsw
23:56:21.2 (140905122)|SOQL_EXECUTE_BEGIN|[923]|Aggregations:0|SELECT id, isActive FROM User WHERE id = :tmpVar1 LIMIT 1
23:56:21.2 (147225790)|SOQL_EXECUTE_END|[923]|Rows:1
23:56:21.2 (148518674)|ENTERING_MANAGED_PKG|tdc_tsw
23:56:21.2 (151924317)|ENTERING_MANAGED_PKG|tdc_tsw
23:56:21.2 (170634990)|DML_BEGIN|[557]|Op:Insert|Type:tdc_tsw__Message__c|Rows:1
23:56:21.2 (179021364)|ENTERING_MANAGED_PKG|tdc_tsw
23:56:21.180 (180377635)|CUMULATIVE_LIMIT_USAGE
23:56:21.180 (180377635)|LIMIT_USAGE_FOR_NS|(default)|
  Number of SOQL queries: 0 out of 100
  Number of query rows: 0 out of 50000
  Number of SOSL queries: 0 out of 20
  Number of DML statements: 0 out of 150
  Number of DML rows: 0 out of 10000
  Maximum CPU time: 0 out of 10000
  Maximum heap size: 0 out of 6000000
  Number of callouts: 0 out of 100
  Number of Email Invocations: 0 out of 10
  Number of future calls: 0 out of 50
  Number of queueable jobs added to the queue: 0 out of 50
  Number of Mobile Apex push calls: 0 out of 10

23:56:21.180 (180377635)|LIMIT_USAGE_FOR_NS|tdc_tsw|
  Number of SOQL queries: 5 out of 100
  Number of query rows: 5 out of 50000
  Number of SOSL queries: 0 out of 20
  Number of DML statements: 1 out of 150
  Number of DML rows: 1 out of 10000
  Maximum CPU time: 0 out of 10000
  Maximum heap size: 0 out of 6000000
  Number of callouts: 0 out of 100
  Number of Email Invocations: 0 out of 10
  Number of future calls: 0 out of 50
  Number of queueable jobs added to the queue: 0 out of 50
  Number of Mobile Apex push calls: 0 out of 10

23:56:21.180 (180377635)|CUMULATIVE_LIMIT_USAGE_END

23:56:21.184 (184244960)|CODE_UNIT_STARTED|[EXTERNAL]|01q3B000000BSJB|IncomingSMS on Message trigger event BeforeInsert|__sfdc_trigger/IncomingSMS
23:56:21.184 (184297636)|HEAP_ALLOCATE|[EXTERNAL]|Bytes:8
23:56:21.184 (184344415)|HEAP_ALLOCATE|[EXTERNAL]|Bytes:1
23:56:21.184 (184361719)|HEAP_ALLOCATE|[EXTERNAL]|Bytes:4
23:56:21.184 (184375513)|VARIABLE_SCOPE_BEGIN|[1]|this|IncomingSMS|true|false
23:56:21.184 (184443043)|VARIABLE_ASSIGNMENT|[1]|this|{}|0x4a3ede76
23:56:21.184 (184488850)|HEAP_ALLOCATE|[EXTERNAL]|Bytes:4
23:56:21.184 (184500207)|VARIABLE_SCOPE_BEGIN|[1]|this|IncomingSMS|true|false
23:56:21.184 (184521272)|VARIABLE_ASSIGNMENT|[1]|this|{}|0x4a3ede76
23:56:21.184 (184534523)|STATEMENT_EXECUTE|[1]
23:56:21.184 (184557066)|STATEMENT_EXECUTE|[2]
23:56:21.184 (184771379)|HEAP_ALLOCATE|[3]|Bytes:5
23:56:21.184 (184806016)|HEAP_ALLOCATE|[3]|Bytes:4
23:56:21.184 (184821500)|VARIABLE_SCOPE_BEGIN|[3]|sms|tdc_tsw__Message__c|true|false
23:56:21.184 (190150951)|VARIABLE_ASSIGNMENT|[3]|sms|{"tdc_tsw__Related_Object__c":"tdc_tsw__Message__c","tdc_tsw__ToNumber__c":"+17065037067","IsDeleted":false,"tdc_tsw__Sender_Number__c":"+13038816946","tdc_tsw__Incoming_Status__c":"Not Read","tdc_tsw__isCaseCreated__c":false,"tdc_tsw__Read__c":false,"tdc_tsw__Message__c":"a173B000000seEIQAY","tdc_tsw__Read_Status__c":"Unread","tdc_tsw__Task_Created__c":false,"tdc_tsw__Related_Object_Id__c":"a173B000000seDyQAI","Name":"Incoming","tdc_tsw__Event_Created__c":false,"tdc_tsw__Message_Text_New__c":"1","tdc_tsw__Is_Keyword_Based__c":false,"OwnerId":"0051H000009gxp8QAA","tdc_tsw__Related_Object_Id_URL__c":"_HL_ENCODED_https:// (97 more) ...","tdc_tsw__isLeadCreated__c":false,"RecordTypeId":"0121H000001Ie7fQAC","tdc_tsw__Delivered_SMS__c":"_IM1_/resource/tdc_t (27 more) ...","tdc_tsw__Important__c":false,"tdc_tsw__Delivered__c":false,"tdc_tsw__Delivery_Status__c":"Sent"}|0x25dfe5ab
23:56:21.184 (190187347)|STATEMENT_EXECUTE|[3]
23:56:21.184 (190355125)|HEAP_ALLOCATE|[4]|Bytes:1
23:56:21.184 (190380038)|STATEMENT_EXECUTE|[4]
23:56:21.184 (190382464)|STATEMENT_EXECUTE|[5]
23:56:21.184 (195116012)|USER_DEBUG|[5]|DEBUG|tdc_tsw__Message__c:{Id=null, OwnerId=0051H000009gxp8QAA, IsDeleted=false, Name=Incoming, RecordTypeId=0121H000001Ie7fQAC, CreatedDate=null, CreatedById=null, LastModifiedDate=null, LastModifiedById=null, SystemModstamp=null, LastActivityDate=null, LastViewedDate=null, LastReferencedDate=null, tdc_tsw__Account__c=null, tdc_tsw__Attached_Files_c__c=null, tdc_tsw__Attachments_Ids__c=null, tdc_tsw__Campaign__c=null, tdc_tsw__Case__c=null, tdc_tsw__Contact__c=null, tdc_tsw__Created_Date__c=null, tdc_tsw__Delivered_SMS__c=_IM1_/resource/tdc_tsw__imageCancel1_IM2_ _IM3_, tdc_tsw__Delivered__c=false, tdc_tsw__Delivery_Status__c=Sent, tdc_tsw__Error_Code__c=null, tdc_tsw__Error_Message__c=null, tdc_tsw__FeedElementId__c=null, tdc_tsw__Incoming_Status__c=Not Read, tdc_tsw__Lead__c=null, tdc_tsw__MessageId__c=null, tdc_tsw__Message_Segment__c=null, tdc_tsw__Message_Text_New__c=1, tdc_tsw__Message__c=a173B000000seEIQAY, tdc_tsw__Opportunity__c=null, tdc_tsw__Read_Status__c=Unread, tdc_tsw__Read__c=false, tdc_tsw__Related_Object_Id_URL__c=_HL_ENCODED_https://hurricanedamage--lookup.my.salesforce.com/a173B000000seDyQAI_HL_tdc_tsw__Message__c_HL__blank_HL_, tdc_tsw__Related_Object_Id__c=a173B000000seDyQAI, tdc_tsw__Related_Object__c=tdc_tsw__Message__c, tdc_tsw__SMS_Template__c=null, tdc_tsw__Sender_Name__c=null, tdc_tsw__Sender_Number__c=+13038816946, tdc_tsw__Short_Text__c=null, tdc_tsw__Source__c=null, tdc_tsw__Status__c=null, tdc_tsw__Template_Parse_Id__c=null, tdc_tsw__ToNumber__c=+17065037067, tdc_tsw__isCaseCreated__c=false, tdc_tsw__isLeadCreated__c=false, tdc_tsw__Event_Created__c=false, tdc_tsw__Event_Id__c=null, tdc_tsw__Important__c=false, tdc_tsw__Is_Keyword_Based__c=false, tdc_tsw__Question__c=null, tdc_tsw__Survey_Response__c=null, tdc_tsw__Task_Created__c=false, tdc_tsw__Task_Id__c=null, ResponseTemplate__c=null}
23:56:21.184 (195209127)|HEAP_ALLOCATE|[3]|Bytes:5
23:56:21.184 (195244377)|VARIABLE_ASSIGNMENT|[3]|sms|null|
23:56:21.195 (195263141)|CUMULATIVE_LIMIT_USAGE
23:56:21.195 (195263141)|LIMIT_USAGE_FOR_NS|(default)|
  Number of SOQL queries: 0 out of 100
  Number of query rows: 0 out of 50000
  Number of SOSL queries: 0 out of 20
  Number of DML statements: 0 out of 150
  Number of DML rows: 0 out of 10000
  Maximum CPU time: 0 out of 10000
  Maximum heap size: 0 out of 6000000
  Number of callouts: 0 out of 100
  Number of Email Invocations: 0 out of 10
  Number of future calls: 0 out of 50
  Number of queueable jobs added to the queue: 0 out of 50
  Number of Mobile Apex push calls: 0 out of 10

23:56:21.195 (195263141)|LIMIT_USAGE_FOR_NS|tdc_tsw|
  Number of SOQL queries: 5 out of 100
  Number of query rows: 5 out of 50000
  Number of SOSL queries: 0 out of 20
  Number of DML statements: 1 out of 150
  Number of DML rows: 1 out of 10000
  Maximum CPU time: 0 out of 10000
  Maximum heap size: 0 out of 6000000
  Number of callouts: 0 out of 100
  Number of Email Invocations: 0 out of 10
  Number of future calls: 0 out of 50
  Number of queueable jobs added to the queue: 0 out of 50
  Number of Mobile Apex push calls: 0 out of 10

23:56:21.195 (195263141)|CUMULATIVE_LIMIT_USAGE_END

23:56:21.2 (274802945)|ENTERING_MANAGED_PKG|tdc_tsw
23:56:21.2 (276342643)|ENTERING_MANAGED_PKG|tdc_tsw
23:56:21.2 (277045417)|ENTERING_MANAGED_PKG|tdc_tsw
23:56:21.2 (277320476)|ENTERING_MANAGED_PKG|tdc_tsw
23:56:21.2 (282820732)|SOQL_EXECUTE_BEGIN|[15]|Aggregations:0|SELECT Id, Email FROM User WHERE isActive = TRUE LIMIT 10000
23:56:21.2 (292083024)|SOQL_EXECUTE_END|[15]|Rows:9
23:56:21.2 (294648508)|SOQL_EXECUTE_BEGIN|[42]|Aggregations:0|SELECT Id, Sender_Name__c, Sender_Number__c FROM Message__c WHERE id = :tmpVar1
23:56:21.2 (299791630)|SOQL_EXECUTE_END|[42]|Rows:1
23:56:21.2 (301485831)|SOQL_EXECUTE_BEGIN|[70]|Aggregations:0|select Name from tdc_tsw__Message__c where id = 'a173B000000seDyQAI'
23:56:21.2 (304285147)|SOQL_EXECUTE_END|[70]|Rows:1
23:56:21.2 (305170294)|DML_BEGIN|[97]|Op:Update|Type:tdc_tsw__Message__c|Rows:1
23:56:21.2 (328577358)|DML_END|[97]
23:56:21.2 (333444427)|SOQL_EXECUTE_BEGIN|[236]|Aggregations:0|SELECT id, subject, developername, htmlValue, body FROM EmailTemplate WHERE developername = 'Incoming_Message_Alert' LIMIT 1
23:56:21.2 (393318215)|SOQL_EXECUTE_END|[236]|Rows:1
23:56:21.2 (394861337)|ENTERING_MANAGED_PKG|tdc_tsw
23:56:21.2 (394926238)|ENTERING_MANAGED_PKG|tdc_tsw
23:56:21.2 (426348716)|SOQL_EXECUTE_BEGIN|[758]|Aggregations:0|select tdc_tsw__ToNumber__c, tdc_tsw__Sender_Number__c, tdc_tsw__Sender_Name__c, Id, tdc_tsw__Related_Object_Id_URL__c, tdc_tsw__Message_Text_New__c from tdc_tsw__Message__c where id ='a173B000000seENQAY' Limit 1
23:56:21.2 (438649317)|SOQL_EXECUTE_END|[758]|Rows:1
23:56:21.2 (440479551)|ENTERING_MANAGED_PKG|tdc_tsw
23:56:21.2 (442064812)|ENTERING_MANAGED_PKG|tdc_tsw
23:56:21.2 (443363712)|ENTERING_MANAGED_PKG|tdc_tsw
23:56:21.2 (444466660)|ENTERING_MANAGED_PKG|tdc_tsw
23:56:21.2 (445685320)|ENTERING_MANAGED_PKG|tdc_tsw
23:56:21.2 (447026980)|ENTERING_MANAGED_PKG|tdc_tsw
23:56:21.2 (448141751)|ENTERING_MANAGED_PKG|tdc_tsw
23:56:21.2 (470862429)|SOQL_EXECUTE_BEGIN|[758]|Aggregations:0|select tdc_tsw__ToNumber__c, tdc_tsw__Sender_Number__c, tdc_tsw__Sender_Name__c, tdc_tsw__Related_Object_Id_URL__c, tdc_tsw__Message_Text_New__c from tdc_tsw__Message__c where id ='a173B000000seENQAY' Limit 1
23:56:21.2 (481053619)|SOQL_EXECUTE_END|[758]|Rows:1
23:56:21.2 (481964093)|ENTERING_MANAGED_PKG|tdc_tsw
23:56:21.2 (482802032)|ENTERING_MANAGED_PKG|tdc_tsw
23:56:21.2 (483548235)|ENTERING_MANAGED_PKG|tdc_tsw
23:56:21.2 (484294537)|ENTERING_MANAGED_PKG|tdc_tsw
23:56:21.2 (485045490)|ENTERING_MANAGED_PKG|tdc_tsw
23:56:21.2 (486030207)|SOQL_EXECUTE_BEGIN|[248]|Aggregations:0|SELECT Id, IsSandbox, Name FROM Organization LIMIT 1
23:56:21.2 (490733478)|SOQL_EXECUTE_END|[248]|Rows:1
23:56:21.2 (492971099)|ENTERING_MANAGED_PKG|tdc_tsw
23:56:21.2 (497853977)|SOQL_EXECUTE_BEGIN|[434]|Aggregations:0|SELECT id, name, First_Question__c, Question_Text__c, Question__c, Question_Label__c, Object__c, tdc_tsw__Survey__c, Survey__r.name FROM Question__c WHERE id = :tmpVar1
23:56:21.2 (502339103)|SOQL_EXECUTE_END|[434]|Rows:0
23:56:21.2 (503199542)|ENTERING_MANAGED_PKG|tdc_tsw
23:56:21.2 (504690940)|SOQL_EXECUTE_BEGIN|[628]|Aggregations:0|Select id, leadId, contactId from CampaignMember where Id In : Ids
23:56:21.2 (507426107)|SOQL_EXECUTE_END|[628]|Rows:0
23:56:21.508 (508114869)|CUMULATIVE_LIMIT_USAGE
23:56:21.508 (508114869)|LIMIT_USAGE_FOR_NS|(default)|
  Number of SOQL queries: 0 out of 100
  Number of query rows: 0 out of 50000
  Number of SOSL queries: 0 out of 20
  Number of DML statements: 0 out of 150
  Number of DML rows: 0 out of 10000
  Maximum CPU time: 172 out of 10000
  Maximum heap size: 0 out of 6000000
  Number of callouts: 0 out of 100
  Number of Email Invocations: 0 out of 10
  Number of future calls: 0 out of 50
  Number of queueable jobs added to the queue: 0 out of 50
  Number of Mobile Apex push calls: 0 out of 10

23:56:21.508 (508114869)|LIMIT_USAGE_FOR_NS|tdc_tsw|
  Number of SOQL queries: 14 out of 100
  Number of query rows: 20 out of 50000
  Number of SOSL queries: 0 out of 20
  Number of DML statements: 2 out of 150
  Number of DML rows: 2 out of 10000
  Maximum CPU time: 0 out of 10000
  Maximum heap size: 0 out of 6000000
  Number of callouts: 0 out of 100
  Number of Email Invocations: 0 out of 10
  Number of future calls: 0 out of 50
  Number of queueable jobs added to the queue: 0 out of 50
  Number of Mobile Apex push calls: 0 out of 10

23:56:21.508 (508114869)|CUMULATIVE_LIMIT_USAGE_END

23:56:21.528 (528664435)|PUSH_TRACE_FLAGS|[EXTERNAL]|01p3B000001izES|PhoneMatcher|APEX_CODE,FINEST;APEX_PROFILING,INFO;CALLOUT,INFO;DB,INFO;NBA,INFO;SYSTEM,DEBUG;VALIDATION,INFO;VISUALFORCE,INFO;WAVE,INFO;WORKFLOW,INFO
23:56:21.528 (528732532)|CODE_UNIT_STARTED|[EXTERNAL]|01p3B000001izES|PhoneMatcher.MatchContactOnPhoneNunber(List<tdc_tsw__Message__c>)
23:56:21.528 (528779270)|HEAP_ALLOCATE|[EXTERNAL]|Bytes:8
23:56:21.528 (528868311)|HEAP_ALLOCATE|[EXTERNAL]|Bytes:1
23:56:21.528 (528896504)|METHOD_ENTRY|[5]|01p3B000001izES|PhoneMatcher.PhoneMatcher()
23:56:21.528 (528907982)|STATEMENT_EXECUTE|[5]
23:56:21.528 (528914085)|STATEMENT_EXECUTE|[5]
23:56:21.528 (528923780)|METHOD_EXIT|[5]|PhoneMatcher
23:56:21.528 (528976863)|HEAP_ALLOCATE|[EXTERNAL]|Bytes:8
23:56:21.528 (529003772)|VARIABLE_SCOPE_BEGIN|[8]|messages|List<tdc_tsw__Message__c>|true|false
23:56:21.528 (531247194)|VARIABLE_ASSIGNMENT|[8]|messages|[{"LastModifiedDate":"2019-01-22T04:56:22.000Z","tdc_tsw__ToNumber__c":"+17065037067","tdc_tsw__Sender_Number__c":"+13038816946","tdc_tsw__Read__c":false,"tdc_tsw__Read_Status__c":"Unread","tdc_tsw__Task_Created__c":false,"Name":"Incoming","tdc_tsw__Event_Created__c":false,"tdc_tsw__Message_Text_New__c":"1","tdc_tsw__Created_Date__c":"2019-01-22T04:56:21.000Z","CreatedById":"0051H000009gxp8QAA","tdc_tsw__Is_Keyword_Based__c":false,"OwnerId":"0051H000009gxp8QAA","tdc_tsw__Related_Object_Id_URL__c":"_HL_ENCODED_https:// (97 more) ...","RecordTypeId":"0121H000001Ie7fQAC","tdc_tsw__Delivered_SMS__c":"_IM1_/resource/tdc_t (27 more) ...","tdc_tsw__Important__c":false,"tdc_tsw__Delivered__c":false,"tdc_tsw__Related_Object__c":"tdc_tsw__Message__c","IsDeleted":false,"tdc_tsw__Incoming_Status__c":"Not Read","tdc_tsw__isCaseCreated__c":false,"tdc_tsw__Message__c":"a173B000000seEIQAY","tdc_tsw__Related_Object_Id__c":"a173B000000seDyQAI","SystemModstamp":"2019-01-22T04:56:22.000Z","tdc_tsw__Sender_Name__c":"Incoming","tdc_tsw__isLeadCreated__c":false,"CreatedDate":"2019-01-22T04:56:21.000Z","Id":"a173B000000seENQAY","LastModifiedById":"0051H000009gxp8QAA","tdc_tsw__Delivery_Status__c":"Sent"}]|0x77de46d5
23:56:21.528 (531297607)|STATEMENT_EXECUTE|[8]
23:56:21.528 (531301704)|STATEMENT_EXECUTE|[9]
23:56:21.528 (531381781)|HEAP_ALLOCATE|[9]|Bytes:4
23:56:21.528 (531488652)|VARIABLE_SCOPE_BEGIN|[9]|results|List<LookupResult__c>|true|false
23:56:21.528 (531511559)|HEAP_ALLOCATE|[EXTERNAL]|Bytes:4
23:56:21.528 (531527380)|VARIABLE_ASSIGNMENT|[9]|results|[]|0x5a6d81e
23:56:21.528 (531538518)|STATEMENT_EXECUTE|[10]
23:56:21.528 (531636958)|HEAP_ALLOCATE|[10]|Bytes:4
23:56:21.528 (531790246)|VARIABLE_SCOPE_BEGIN|[10]|template|tdc_tsw__Message_Template__c|true|false
23:56:21.528 (531820130)|VARIABLE_ASSIGNMENT|[10]|template|{}|0x1b31f804
23:56:21.528 (531831862)|STATEMENT_EXECUTE|[11]
23:56:21.528 (531929734)|HEAP_ALLOCATE|[11]|Bytes:18
23:56:21.528 (532739583)|VARIABLE_ASSIGNMENT|[11]|this.Name|"a173B000000seENQAY"|0x1b31f804
23:56:21.528 (532757754)|STATEMENT_EXECUTE|[12]
23:56:21.528 (532768648)|VARIABLE_SCOPE_BEGIN|[12]|authorized|Boolean|false|false
23:56:21.528 (532789100)|HEAP_ALLOCATE|[12]|Bytes:5
23:56:21.528 (532801742)|VARIABLE_ASSIGNMENT|[12]|authorized|false
23:56:21.528 (532808857)|STATEMENT_EXECUTE|[13]
23:56:21.528 (532814786)|VARIABLE_SCOPE_BEGIN|[13]|requestingNumber|String|false|false
23:56:21.528 (532832391)|VARIABLE_ASSIGNMENT|[13]|requestingNumber|""
23:56:21.528 (532841284)|STATEMENT_EXECUTE|[14]
23:56:21.528 (532846244)|HEAP_ALLOCATE|[14]|Bytes:18
23:56:21.528 (532859812)|HEAP_ALLOCATE|[14]|Bytes:4
23:56:21.528 (532868409)|VARIABLE_SCOPE_BEGIN|[14]|responseTemplateId|Id|false|false
23:56:21.528 (533113723)|VARIABLE_ASSIGNMENT|[14]|responseTemplateId|"a1K3B000001eOHjUAM"
23:56:21.528 (533126620)|STATEMENT_EXECUTE|[15]
23:56:21.528 (533231242)|VARIABLE_ASSIGNMENT|[15]|requestingNumber|"+13038816946"
23:56:21.528 (533244807)|STATEMENT_EXECUTE|[16]
23:56:21.528 (533247171)|STATEMENT_EXECUTE|[17]
23:56:21.528 (533319761)|HEAP_ALLOCATE|[17]|Bytes:11
23:56:21.528 (533353318)|VARIABLE_ASSIGNMENT|[17]|requestingNumber|"13038816946"
23:56:21.528 (533362084)|STATEMENT_EXECUTE|[18]
23:56:21.528 (533408488)|HEAP_ALLOCATE|[18]|Bytes:10
23:56:21.528 (533437205)|VARIABLE_ASSIGNMENT|[18]|requestingNumber|"3038816946"
23:56:21.528 (533447698)|STATEMENT_EXECUTE|[21]
23:56:21.528 (533455295)|HEAP_ALLOCATE|[21]|Bytes:144
23:56:21.528 (533481049)|HEAP_ALLOCATE|[21]|Bytes:4
23:56:21.528 (536659142)|SOQL_EXECUTE_BEGIN|[21]|Aggregations:0|SELECT ID, SMS_Lookup_Access__c FROM Contact WHERE ((PhoneNumeric__c = :tmpVar1 OR MobileNumeric__c = :tmpVar2) AND SMS_Lookup_Access__c = TRUE)
23:56:21.528 (541238400)|SOQL_EXECUTE_END|[21]|Rows:1
23:56:21.528 (541283509)|HEAP_ALLOCATE|[21]|Bytes:8
23:56:21.528 (541316443)|HEAP_ALLOCATE|[21]|Bytes:57
23:56:21.528 (541429852)|HEAP_ALLOCATE|[21]|Bytes:8
23:56:21.528 (541458827)|VARIABLE_SCOPE_BEGIN|[21]|requestingContacts|List<Contact>|true|false
23:56:21.528 (541499984)|VARIABLE_ASSIGNMENT|[21]|requestingContacts|[{"Id":"0033B00000Q9yz1QAB","SMS_Lookup_Access__c":true}]|0x773371da
23:56:21.528 (541512162)|STATEMENT_EXECUTE|[24]
23:56:21.528 (541518803)|HEAP_ALLOCATE|[24]|Bytes:99
23:56:21.528 (541540182)|HEAP_ALLOCATE|[24]|Bytes:4
23:56:21.528 (542632806)|SOQL_EXECUTE_BEGIN|[24]|Aggregations:0|SELECT ResponseTemplate__c, tdc_tsw__Related_Object__c FROM tdc_tsw__Message__c WHERE ID = :tmpVar1
23:56:21.528 (546304694)|SOQL_EXECUTE_END|[24]|Rows:1
23:56:21.528 (546350830)|HEAP_ALLOCATE|[24]|Bytes:8
23:56:21.528 (546379849)|HEAP_ALLOCATE|[24]|Bytes:78
23:56:21.528 (546432783)|HEAP_ALLOCATE|[24]|Bytes:8
23:56:21.528 (546475459)|HEAP_ALLOCATE|[24]|Bytes:12
23:56:21.528 (546505150)|VARIABLE_SCOPE_BEGIN|[24]|updateSMS|tdc_tsw__Message__c|true|false
23:56:21.528 (546541194)|VARIABLE_ASSIGNMENT|[24]|updateSMS|{"tdc_tsw__Related_Object__c":"tdc_tsw__Message__c","Id":"a173B000000seENQAY"}|0x419be5
23:56:21.528 (546632389)|STATEMENT_EXECUTE|[29]
23:56:21.528 (546635885)|STATEMENT_EXECUTE|[30]
23:56:21.528 (546641143)|VARIABLE_SCOPE_BEGIN|[30]|counter|Integer|false|false
23:56:21.528 (546656140)|HEAP_ALLOCATE|[30]|Bytes:4
23:56:21.528 (546671000)|VARIABLE_ASSIGNMENT|[30]|counter|1
23:56:21.528 (546678176)|STATEMENT_EXECUTE|[31]
23:56:21.528 (546719086)|HEAP_ALLOCATE|[31]|Bytes:3
23:56:21.528 (546732996)|VARIABLE_SCOPE_BEGIN|[31]|inMessage|String|false|false
23:56:21.528 (546753220)|VARIABLE_ASSIGNMENT|[31]|inMessage|"%1%"
23:56:21.528 (546761276)|STATEMENT_EXECUTE|[32]
23:56:21.528 (546765027)|VARIABLE_SCOPE_BEGIN|[32]|outMessage|String|false|false
23:56:21.528 (546782280)|VARIABLE_ASSIGNMENT|[32]|outMessage|""
23:56:21.528 (546787768)|STATEMENT_EXECUTE|[33]
23:56:21.528 (546790687)|VARIABLE_SCOPE_BEGIN|[33]|phoneWithPrefix|String|false|false
23:56:21.528 (546808957)|VARIABLE_ASSIGNMENT|[33]|phoneWithPrefix|""
23:56:21.528 (546815790)|STATEMENT_EXECUTE|[34]
23:56:21.528 (546821099)|VARIABLE_SCOPE_BEGIN|[34]|phone|String|false|false
23:56:21.528 (546833839)|VARIABLE_ASSIGNMENT|[34]|phone|""
23:56:21.528 (546840995)|STATEMENT_EXECUTE|[35]
23:56:21.528 (546844716)|VARIABLE_SCOPE_BEGIN|[35]|key|Integer|false|false
23:56:21.528 (546856433)|HEAP_ALLOCATE|[35]|Bytes:4
23:56:21.528 (546866716)|VARIABLE_ASSIGNMENT|[35]|key|0
23:56:21.528 (546873857)|STATEMENT_EXECUTE|[36]
23:56:21.528 (546891716)|HEAP_ALLOCATE|[36]|Bytes:4
23:56:21.528 (546928474)|VARIABLE_SCOPE_BEGIN|[36]|lookupResult|List<LookupResult__c>|true|false
23:56:21.528 (546946865)|HEAP_ALLOCATE|[EXTERNAL]|Bytes:4
23:56:21.528 (546961114)|VARIABLE_ASSIGNMENT|[36]|lookupResult|[]|0x7a8f0c3f
23:56:21.528 (547124725)|STATEMENT_EXECUTE|[37]
23:56:21.528 (547128915)|STATEMENT_EXECUTE|[38]
23:56:21.528 (547130476)|STATEMENT_EXECUTE|[38]
23:56:21.528 (547132038)|STATEMENT_EXECUTE|[39]
23:56:21.528 (547210570)|HEAP_ALLOCATE|[39]|Bytes:4
23:56:21.528 (547227780)|VARIABLE_ASSIGNMENT|[39]|key|1
23:56:21.528 (547236446)|STATEMENT_EXECUTE|[43]
23:56:21.528 (547244221)|HEAP_ALLOCATE|[43]|Bytes:103
23:56:21.528 (547263841)|HEAP_ALLOCATE|[43]|Bytes:4
23:56:21.528 (547375921)|HEAP_ALLOCATE|[43]|Bytes:4
23:56:21.528 (548571980)|SOQL_EXECUTE_BEGIN|[43]|Aggregations:0|SELECT Key__C, ObjectId__c FROM LookupResult__c WHERE (SMS_History__c = :tmpVar1 AND Key__c = :tmpVar2)
23:56:21.528 (552085079)|SOQL_EXECUTE_END|[43]|Rows:0
23:56:21.528 (552116882)|HEAP_ALLOCATE|[43]|Bytes:4
23:56:21.528 (552132096)|HEAP_ALLOCATE|[43]|Bytes:0
23:56:21.528 (552168117)|HEAP_ALLOCATE|[43]|Bytes:4
23:56:21.528 (552192937)|VARIABLE_ASSIGNMENT|[43]|lookupResult|[]|0x4149918b
23:56:21.528 (552241381)|STATEMENT_EXECUTE|[47]
23:56:21.528 (552245476)|STATEMENT_EXECUTE|[52]
23:56:21.528 (552393681)|HEAP_ALLOCATE|[52]|Bytes:4
23:56:21.528 (552420104)|VARIABLE_SCOPE_BEGIN|[52]|prefix|String|false|false
23:56:21.528 (552442958)|VARIABLE_ASSIGNMENT|[52]|prefix|"tdc_"
23:56:21.528 (552478621)|STATEMENT_EXECUTE|[53]
23:56:21.528 (552481840)|STATEMENT_EXECUTE|[54]
23:56:21.528 (552499656)|HEAP_ALLOCATE|[54]|Bytes:18
23:56:21.528 (552654088)|HEAP_ALLOCATE|[54]|Bytes:-4
23:56:21.528 (552721520)|VARIABLE_ASSIGNMENT|[54]|this.tdc_tsw__Related_Object_Id__c|"a173B000000seENQAY"|0x419be5
23:56:21.528 (552735804)|STATEMENT_EXECUTE|[55]
23:56:21.528 (552749325)|VARIABLE_ASSIGNMENT|[55]|responseTemplateId|null
23:56:21.528 (552779043)|STATEMENT_EXECUTE|[56]
23:56:21.528 (552781766)|STATEMENT_EXECUTE|[57]
23:56:21.528 (552830989)|HEAP_ALLOCATE|[57]|Bytes:1
23:56:21.528 (552861610)|VARIABLE_ASSIGNMENT|[57]|phone|"1"
23:56:21.528 (552872669)|STATEMENT_EXECUTE|[58]
23:56:21.528 (552922619)|HEAP_ALLOCATE|[58]|Bytes:1
23:56:21.528 (552950672)|HEAP_ALLOCATE|[58]|Bytes:2
23:56:21.528 (552966774)|VARIABLE_ASSIGNMENT|[58]|phoneWithPrefix|"11"
23:56:21.528 (552975817)|STATEMENT_EXECUTE|[60]
23:56:21.528 (552981208)|HEAP_ALLOCATE|[60]|Bytes:61
23:56:21.528 (553018387)|HEAP_ALLOCATE|[60]|Bytes:4
23:56:21.528 (555419254)|SOQL_EXECUTE_BEGIN|[60]|Aggregations:0|SELECT Name, Sent_Us__c FROM Account WHERE Name LIKE :tmpVar1
23:56:21.528 (563315647)|SOQL_EXECUTE_END|[60]|Rows:0
23:56:21.528 (563354309)|HEAP_ALLOCATE|[60]|Bytes:4
23:56:21.528 (563371356)|HEAP_ALLOCATE|[60]|Bytes:0
23:56:21.528 (563469768)|HEAP_ALLOCATE|[60]|Bytes:4
23:56:21.528 (563493177)|VARIABLE_SCOPE_BEGIN|[60]|accounts|List<Account>|true|false
23:56:21.528 (563522957)|VARIABLE_ASSIGNMENT|[60]|accounts|[]|0x2762b443
23:56:21.528 (563737517)|HEAP_ALLOCATE|[63]|Bytes:5
23:56:21.528 (563803859)|VARIABLE_ASSIGNMENT|[63]|account|null|
23:56:21.528 (563817263)|STATEMENT_EXECUTE|[63]
23:56:21.528 (563819532)|STATEMENT_EXECUTE|[78]
23:56:21.528 (563827048)|HEAP_ALLOCATE|[78]|Bytes:215
23:56:21.528 (563852159)|HEAP_ALLOCATE|[78]|Bytes:4
23:56:21.528 (563881874)|HEAP_ALLOCATE|[78]|Bytes:7
23:56:21.528 (563896257)|HEAP_ALLOCATE|[78]|Bytes:7
23:56:21.528 (563908292)|HEAP_ALLOCATE|[78]|Bytes:7
23:56:21.528 (564390967)|SOQL_EXECUTE_BEGIN|[78]|Aggregations:0|SELECT ID, Phone, MobilePhone, Name, Email, AccountId FROM Contact WHERE (PhoneNumeric__c = :tmpVar1 OR MobileNumeric__c = :tmpVar2 OR PhoneNumeric__c = :tmpVar3 OR MobileNumeric__c = :tmpVar4 OR Name LIKE :tmpVar5)
23:56:21.528 (568308089)|SOQL_EXECUTE_END|[78]|Rows:0
23:56:21.528 (568337658)|HEAP_ALLOCATE|[78]|Bytes:4
23:56:21.528 (568351497)|HEAP_ALLOCATE|[78]|Bytes:0
23:56:21.528 (568387871)|HEAP_ALLOCATE|[78]|Bytes:4
23:56:21.528 (568404591)|VARIABLE_SCOPE_BEGIN|[78]|contacts|List<Contact>|true|false
23:56:21.528 (568429430)|VARIABLE_ASSIGNMENT|[78]|contacts|[]|0x693d4537
23:56:21.528 (568478458)|STATEMENT_EXECUTE|[83]
23:56:21.528 (568536103)|STATEMENT_EXECUTE|[100]
23:56:21.528 (568539423)|STATEMENT_EXECUTE|[103]
23:56:21.528 (568544270)|HEAP_ALLOCATE|[103]|Bytes:201
23:56:21.528 (568568828)|HEAP_ALLOCATE|[103]|Bytes:4
23:56:21.528 (571060392)|SOQL_EXECUTE_BEGIN|[103]|Aggregations:0|SELECT ID, Phone, MobilePhone, Name, Email FROM Lead WHERE (PhoneNumeric__c = :tmpVar1 OR MobileNumeric__c = :tmpVar2 OR PhoneNumeric__c = :tmpVar3 OR MobileNumeric__c = :tmpVar4 OR Name LIKE :tmpVar5)
23:56:21.528 (574710986)|SOQL_EXECUTE_END|[103]|Rows:0
23:56:21.528 (574754744)|HEAP_ALLOCATE|[103]|Bytes:4
23:56:21.528 (574771445)|HEAP_ALLOCATE|[103]|Bytes:0
23:56:21.528 (574854059)|HEAP_ALLOCATE|[103]|Bytes:4
23:56:21.528 (574876243)|VARIABLE_SCOPE_BEGIN|[103]|leads|List<Lead>|true|false
23:56:21.528 (574900397)|VARIABLE_ASSIGNMENT|[103]|leads|[]|0x422ef0be
23:56:21.528 (574983067)|STATEMENT_EXECUTE|[108]
23:56:21.528 (575033715)|STATEMENT_EXECUTE|[123]
23:56:21.528 (575057060)|STATEMENT_EXECUTE|[124]
23:56:21.528 (575062868)|HEAP_ALLOCATE|[124]|Bytes:14
23:56:21.528 (575329801)|VARIABLE_ASSIGNMENT|[124]|this.tdc_tsw__SMSBodyNew__c|"No match found"|0x1b31f804
23:56:21.528 (575345974)|STATEMENT_EXECUTE|[126]
23:56:21.528 (575413154)|HEAP_ALLOCATE|[126]|Bytes:8
23:56:21.528 (575447602)|DML_BEGIN|[126]|Op:Insert|Type:tdc_tsw__Message_Template__c|Rows:1
23:56:21.528 (575506286)|HEAP_ALLOCATE|[EXTERNAL]|Bytes:8
23:56:21.528 (601302013)|DML_END|[126]
23:56:21.528 (601575038)|HEAP_ALLOCATE|[127]|Bytes:5
23:56:21.528 (601625249)|VARIABLE_ASSIGNMENT|[127]|lookup|null|
23:56:21.528 (601638461)|STATEMENT_EXECUTE|[127]
23:56:21.528 (601642616)|STATEMENT_EXECUTE|[130]
23:56:21.528 (601799812)|HEAP_ALLOCATE|[EXTERNAL]|Bytes:4
23:56:21.528 (601814166)|STATEMENT_EXECUTE|[131]
23:56:21.528 (602055589)|VARIABLE_ASSIGNMENT|[131]|responseTemplateId|"a153B000000pOl6QAE"
23:56:21.528 (602070443)|STATEMENT_EXECUTE|[135]
23:56:21.528 (602087489)|HEAP_ALLOCATE|[135]|Bytes:18
23:56:21.528 (602202942)|HEAP_ALLOCATE|[135]|Bytes:-4
23:56:21.528 (602230650)|VARIABLE_ASSIGNMENT|[135]|this.ResponseTemplate__c|"a153B000000pOl6QAE"|0x419be5
23:56:21.528 (602242647)|STATEMENT_EXECUTE|[136]
23:56:21.528 (602308410)|HEAP_ALLOCATE|[136]|Bytes:8
23:56:21.528 (602332354)|DML_BEGIN|[136]|Op:Update|Type:tdc_tsw__Message__c|Rows:1
23:56:21.528 (602392134)|HEAP_ALLOCATE|[EXTERNAL]|Bytes:8
23:56:21.528 (626680325)|DML_END|[136]
23:56:21.626 (626734692)|CUMULATIVE_LIMIT_USAGE
23:56:21.626 (626734692)|LIMIT_USAGE_FOR_NS|(default)|
  Number of SOQL queries: 6 out of 100
  Number of query rows: 2 out of 50000
  Number of SOSL queries: 0 out of 20
  Number of DML statements: 2 out of 150
  Number of DML rows: 2 out of 10000
  Maximum CPU time: 356 out of 10000
  Maximum heap size: 0 out of 6000000
  Number of callouts: 0 out of 100
  Number of Email Invocations: 0 out of 10
  Number of future calls: 0 out of 50
  Number of queueable jobs added to the queue: 0 out of 50
  Number of Mobile Apex push calls: 0 out of 10

23:56:21.626 (626734692)|LIMIT_USAGE_FOR_NS|tdc_tsw|
  Number of SOQL queries: 14 out of 100
  Number of query rows: 20 out of 50000
  Number of SOSL queries: 0 out of 20
  Number of DML statements: 2 out of 150
  Number of DML rows: 2 out of 10000
  Maximum CPU time: 0 out of 10000
  Maximum heap size: 0 out of 6000000
  Number of callouts: 0 out of 100
  Number of Email Invocations: 0 out of 10
  Number of future calls: 0 out of 50
  Number of queueable jobs added to the queue: 0 out of 50
  Number of Mobile Apex push calls: 0 out of 10

23:56:21.626 (626734692)|CUMULATIVE_LIMIT_USAGE_END

23:56:21.528 (626855670)|CODE_UNIT_FINISHED|PhoneMatcher.MatchContactOnPhoneNunber(List<tdc_tsw__Message__c>)
23:56:21.528 (626904908)|POP_TRACE_FLAGS|[EXTERNAL]|01p3B000001izES|PhoneMatcher|APEX_CODE,FINEST;APEX_PROFILING,INFO;CALLOUT,INFO;DB,INFO;NBA,INFO;SYSTEM,DEBUG;VALIDATION,INFO;VISUALFORCE,INFO;WAVE,INFO;WORKFLOW,INFO
23:56:21.629 (629839518)|ENTERING_MANAGED_PKG|tdc_tsw
23:56:21.629 (629973406)|ENTERING_MANAGED_PKG|tdc_tsw
23:56:21.629 (631250418)|ENTERING_MANAGED_PKG|tdc_tsw
23:56:21.629 (631389008)|ENTERING_MANAGED_PKG|tdc_tsw
23:56:21.629 (631892845)|ENTERING_MANAGED_PKG|tdc_tsw
23:56:21.629 (634987156)|SOQL_EXECUTE_BEGIN|[420]|Aggregations:0|SELECT SMSBodyNew__c FROM Message_Template__c WHERE id = :tmpVar1
23:56:21.629 (639371369)|SOQL_EXECUTE_END|[420]|Rows:1
23:56:21.629 (639645425)|ENTERING_MANAGED_PKG|tdc_tsw
23:56:21.629 (660343623)|ENTERING_MANAGED_PKG|tdc_tsw
23:56:21.629 (661258021)|ENTERING_MANAGED_PKG|tdc_tsw
23:56:21.2 (780199352)|DML_END|[557]
23:56:21.2 (780432023)|ENTERING_MANAGED_PKG|tdc_tsw
23:56:21.2 (783135743)|SOQL_EXECUTE_BEGIN|[1091]|Aggregations:0|SELECT id, name, Brief_Description__c, Keywords__c, Active__c FROM Survey__c WHERE (Active__c = TRUE AND Keywords__c != NULL) LIMIT 999
23:56:21.2 (787465879)|SOQL_EXECUTE_END|[1091]|Rows:0
23:56:21.2 (788922674)|ENTERING_MANAGED_PKG|tdc_tsw
23:56:21.2 (788970948)|ENTERING_MANAGED_PKG|tdc_tsw
23:56:21.2 (789021282)|ENTERING_MANAGED_PKG|tdc_tsw
23:56:21.2 (790278538)|ENTERING_MANAGED_PKG|tdc_tsw
23:56:21.2 (790380021)|ENTERING_MANAGED_PKG|tdc_tsw
23:56:21.2 (790423285)|ENTERING_MANAGED_PKG|tdc_tsw
23:56:21.2 (790530440)|ENTERING_MANAGED_PKG|tdc_tsw
23:56:21.2 (790568526)|ENTERING_MANAGED_PKG|tdc_tsw
23:56:21.2 (791829479)|ENTERING_MANAGED_PKG|tdc_tsw
23:56:21.2 (793110473)|ENTERING_MANAGED_PKG|tdc_tsw
23:56:21.2 (793181387)|ENTERING_MANAGED_PKG|tdc_tsw
23:56:21.2 (793222176)|ENTERING_MANAGED_PKG|tdc_tsw
23:56:21.2 (793334443)|ENTERING_MANAGED_PKG|tdc_tsw
23:56:21.2 (793415589)|ENTERING_MANAGED_PKG|tdc_tsw
23:56:21.2 (793457117)|ENTERING_MANAGED_PKG|tdc_tsw
23:56:21.2 (793559299)|ENTERING_MANAGED_PKG|tdc_tsw
23:56:21.2 (794584122)|ENTERING_MANAGED_PKG|tdc_tsw
23:56:21.2 (796266796)|ENTERING_MANAGED_PKG|tdc_tsw
