38.0 APEX_CODE,FINEST;APEX_PROFILING,INFO;CALLOUT,INFO;DB,INFO;NBA,INFO;SYSTEM,DEBUG;VALIDATION,INFO;VISUALFORCE,INFO;WAVE,INFO;WORKFLOW,INFO
20:54:51.34 (34595606)|ENTERING_MANAGED_PKG|tdc_tsw
20:54:51.34 (38043205)|ENTERING_MANAGED_PKG|tdc_tsw
20:54:51.34 (42066495)|ENTERING_MANAGED_PKG|tdc_tsw
20:54:51.34 (42163939)|ENTERING_MANAGED_PKG|tdc_tsw
20:54:51.34 (43072828)|SOQL_EXECUTE_BEGIN|[488]|Aggregations:0|select id,name,SMSBodyNew__c  from Message_Template__c where  SMS_Survey__c = null  and ObjectName__c =: selectedObject order by name ASC Limit 999
20:54:51.34 (48390180)|SOQL_EXECUTE_END|[488]|Rows:1
20:54:51.85 (85537502)|CUMULATIVE_LIMIT_USAGE
20:54:51.85 (85537502)|LIMIT_USAGE_FOR_NS|(default)|
  Number of SOQL queries: 0 out of 100
  Number of query rows: 0 out of 50000
  Number of SOSL queries: 0 out of 20
  Number of DML statements: 0 out of 150
  Number of DML rows: 0 out of 10000
  Maximum CPU time: 0 out of 10000
  Maximum heap size: 0 out of 6000000
  Number of callouts: 0 out of 100
  Number of Email Invocations: 0 out of 10
  Number of future calls: 0 out of 50
  Number of queueable jobs added to the queue: 0 out of 50
  Number of Mobile Apex push calls: 0 out of 10

20:54:51.85 (85537502)|LIMIT_USAGE_FOR_NS|tdc_tsw|
  Number of SOQL queries: 1 out of 100
  Number of query rows: 1 out of 50000
  Number of SOSL queries: 0 out of 20
  Number of DML statements: 0 out of 150
  Number of DML rows: 0 out of 10000
  Maximum CPU time: 0 out of 10000
  Maximum heap size: 0 out of 6000000
  Number of callouts: 0 out of 100
  Number of Email Invocations: 0 out of 10
  Number of future calls: 0 out of 50
  Number of queueable jobs added to the queue: 0 out of 50
  Number of Mobile Apex push calls: 0 out of 10

20:54:51.85 (85537502)|CUMULATIVE_LIMIT_USAGE_END

