44.0 APEX_CODE,FINEST;APEX_PROFILING,INFO;CALLOUT,INFO;DB,INFO;NBA,INFO;SYSTEM,DEBUG;VALIDATION,INFO;VISUALFORCE,INFO;WAVE,INFO;WORKFLOW,INFO
00:08:18.0 (256158)|USER_INFO|[EXTERNAL]|0051H000009gxp8|chanida.dev2@solvedbysoftwareco.com|Eastern Standard Time|GMT-05:00
00:08:18.0 (2636627)|ENTERING_MANAGED_PKG|tdc_tsw
00:08:18.0 (3016226)|ENTERING_MANAGED_PKG|tdc_tsw
00:08:18.0 (6303827)|SOQL_EXECUTE_BEGIN|[16]|Aggregations:0|SELECT id, name, Disable_Incoming_SMS_Sharing__c FROM User WHERE id = :tmpVar1
00:08:18.0 (12636867)|SOQL_EXECUTE_END|[16]|Rows:1
00:08:18.0 (17675352)|SOQL_EXECUTE_BEGIN|[37]|Aggregations:0|SELECT CreatedDate,Created_Date__c,Id,LastModifiedDate,MessageId__c,Message_Text_New__c,Name,OwnerId,Read__c,Related_Object_Id__c,Related_Object__c,Sender_Number__c, Sender_Name__c,ToNumber__c,Attachments_Ids__c FROM Message__c WHERE Name = 'Incoming' AND Read__c = false ORDER BY CreatedDate Desc limit 100
00:08:18.0 (41336666)|SOQL_EXECUTE_END|[37]|Rows:100
00:08:18.0 (67145990)|ENTERING_MANAGED_PKG|tdc_tsw
00:08:18.0 (69160625)|ENTERING_MANAGED_PKG|tdc_tsw
00:08:18.0 (69707483)|ENTERING_MANAGED_PKG|tdc_tsw
00:08:18.0 (70402382)|ENTERING_MANAGED_PKG|tdc_tsw
00:08:18.0 (73416327)|ENTERING_MANAGED_PKG|tdc_tsw
00:08:18.0 (74397007)|ENTERING_MANAGED_PKG|tdc_tsw
00:08:18.0 (74631238)|ENTERING_MANAGED_PKG|tdc_tsw
00:08:18.0 (75048049)|ENTERING_MANAGED_PKG|tdc_tsw
00:08:18.0 (76118751)|ENTERING_MANAGED_PKG|tdc_tsw
00:08:18.0 (76870470)|ENTERING_MANAGED_PKG|tdc_tsw
00:08:18.0 (77097660)|ENTERING_MANAGED_PKG|tdc_tsw
00:08:18.0 (77486401)|ENTERING_MANAGED_PKG|tdc_tsw
00:08:18.0 (78534807)|ENTERING_MANAGED_PKG|tdc_tsw
00:08:18.0 (79310813)|ENTERING_MANAGED_PKG|tdc_tsw
00:08:18.0 (79557461)|ENTERING_MANAGED_PKG|tdc_tsw
00:08:18.0 (79955234)|ENTERING_MANAGED_PKG|tdc_tsw
00:08:18.0 (81162871)|ENTERING_MANAGED_PKG|tdc_tsw
00:08:18.0 (81982194)|ENTERING_MANAGED_PKG|tdc_tsw
00:08:18.0 (82239654)|ENTERING_MANAGED_PKG|tdc_tsw
00:08:18.0 (82720120)|ENTERING_MANAGED_PKG|tdc_tsw
00:08:18.0 (83848437)|ENTERING_MANAGED_PKG|tdc_tsw
00:08:18.0 (84587265)|ENTERING_MANAGED_PKG|tdc_tsw
00:08:18.0 (84817748)|ENTERING_MANAGED_PKG|tdc_tsw
00:08:18.0 (85205337)|ENTERING_MANAGED_PKG|tdc_tsw
00:08:18.0 (86363600)|ENTERING_MANAGED_PKG|tdc_tsw
00:08:18.0 (87194314)|ENTERING_MANAGED_PKG|tdc_tsw
00:08:18.0 (87419175)|ENTERING_MANAGED_PKG|tdc_tsw
00:08:18.0 (87816531)|ENTERING_MANAGED_PKG|tdc_tsw
00:08:18.0 (88864484)|ENTERING_MANAGED_PKG|tdc_tsw
00:08:18.0 (89678648)|ENTERING_MANAGED_PKG|tdc_tsw
00:08:18.0 (89905604)|ENTERING_MANAGED_PKG|tdc_tsw
00:08:18.0 (90296295)|ENTERING_MANAGED_PKG|tdc_tsw
00:08:18.0 (91399575)|ENTERING_MANAGED_PKG|tdc_tsw
00:08:18.0 (92165925)|ENTERING_MANAGED_PKG|tdc_tsw
00:08:18.0 (92459071)|ENTERING_MANAGED_PKG|tdc_tsw
00:08:18.0 (92866324)|ENTERING_MANAGED_PKG|tdc_tsw
00:08:18.0 (93915057)|ENTERING_MANAGED_PKG|tdc_tsw
00:08:18.0 (94668137)|ENTERING_MANAGED_PKG|tdc_tsw
00:08:18.0 (94893044)|ENTERING_MANAGED_PKG|tdc_tsw
00:08:18.0 (95293775)|ENTERING_MANAGED_PKG|tdc_tsw
00:08:18.0 (96346812)|ENTERING_MANAGED_PKG|tdc_tsw
00:08:18.0 (97088034)|ENTERING_MANAGED_PKG|tdc_tsw
00:08:18.0 (97309264)|ENTERING_MANAGED_PKG|tdc_tsw
00:08:18.0 (97812592)|ENTERING_MANAGED_PKG|tdc_tsw
00:08:18.0 (98873810)|ENTERING_MANAGED_PKG|tdc_tsw
00:08:18.0 (99683371)|ENTERING_MANAGED_PKG|tdc_tsw
00:08:18.0 (99906571)|ENTERING_MANAGED_PKG|tdc_tsw
00:08:18.0 (100293182)|ENTERING_MANAGED_PKG|tdc_tsw
00:08:18.0 (101343661)|ENTERING_MANAGED_PKG|tdc_tsw
00:08:18.0 (102085266)|ENTERING_MANAGED_PKG|tdc_tsw
00:08:18.0 (102309796)|ENTERING_MANAGED_PKG|tdc_tsw
00:08:18.0 (102771083)|ENTERING_MANAGED_PKG|tdc_tsw
00:08:18.0 (103840205)|ENTERING_MANAGED_PKG|tdc_tsw
00:08:18.0 (104583288)|ENTERING_MANAGED_PKG|tdc_tsw
00:08:18.0 (104813437)|ENTERING_MANAGED_PKG|tdc_tsw
00:08:18.0 (105199581)|ENTERING_MANAGED_PKG|tdc_tsw
00:08:18.0 (106327249)|ENTERING_MANAGED_PKG|tdc_tsw
00:08:18.0 (107217097)|ENTERING_MANAGED_PKG|tdc_tsw
00:08:18.0 (107469441)|ENTERING_MANAGED_PKG|tdc_tsw
00:08:18.0 (107871592)|ENTERING_MANAGED_PKG|tdc_tsw
00:08:18.0 (108913366)|ENTERING_MANAGED_PKG|tdc_tsw
00:08:18.0 (109731218)|ENTERING_MANAGED_PKG|tdc_tsw
00:08:18.0 (109955736)|ENTERING_MANAGED_PKG|tdc_tsw
00:08:18.0 (110337787)|ENTERING_MANAGED_PKG|tdc_tsw
00:08:18.0 (111449331)|ENTERING_MANAGED_PKG|tdc_tsw
00:08:18.0 (112202913)|ENTERING_MANAGED_PKG|tdc_tsw
00:08:18.0 (112427209)|ENTERING_MANAGED_PKG|tdc_tsw
00:08:18.0 (112823327)|ENTERING_MANAGED_PKG|tdc_tsw
00:08:18.0 (113979035)|ENTERING_MANAGED_PKG|tdc_tsw
00:08:18.0 (114766944)|ENTERING_MANAGED_PKG|tdc_tsw
00:08:18.0 (115097326)|ENTERING_MANAGED_PKG|tdc_tsw
00:08:18.0 (115514189)|ENTERING_MANAGED_PKG|tdc_tsw
00:08:18.0 (116567775)|ENTERING_MANAGED_PKG|tdc_tsw
00:08:18.0 (117320753)|ENTERING_MANAGED_PKG|tdc_tsw
00:08:18.0 (117543521)|ENTERING_MANAGED_PKG|tdc_tsw
00:08:18.0 (117970576)|ENTERING_MANAGED_PKG|tdc_tsw
00:08:18.0 (119083953)|ENTERING_MANAGED_PKG|tdc_tsw
00:08:18.0 (119818161)|ENTERING_MANAGED_PKG|tdc_tsw
00:08:18.0 (120035264)|ENTERING_MANAGED_PKG|tdc_tsw
00:08:18.0 (120411780)|ENTERING_MANAGED_PKG|tdc_tsw
00:08:18.0 (121436671)|ENTERING_MANAGED_PKG|tdc_tsw
00:08:18.0 (122193128)|ENTERING_MANAGED_PKG|tdc_tsw
00:08:18.0 (122411004)|ENTERING_MANAGED_PKG|tdc_tsw
00:08:18.0 (122789271)|ENTERING_MANAGED_PKG|tdc_tsw
00:08:18.0 (123907548)|ENTERING_MANAGED_PKG|tdc_tsw
00:08:18.0 (124664361)|ENTERING_MANAGED_PKG|tdc_tsw
00:08:18.0 (124890206)|ENTERING_MANAGED_PKG|tdc_tsw
00:08:18.0 (125261651)|ENTERING_MANAGED_PKG|tdc_tsw
00:08:18.0 (126278841)|ENTERING_MANAGED_PKG|tdc_tsw
00:08:18.0 (127066828)|ENTERING_MANAGED_PKG|tdc_tsw
00:08:18.0 (127292767)|ENTERING_MANAGED_PKG|tdc_tsw
00:08:18.0 (127670264)|ENTERING_MANAGED_PKG|tdc_tsw
00:08:18.0 (128758469)|ENTERING_MANAGED_PKG|tdc_tsw
00:08:18.0 (129484914)|ENTERING_MANAGED_PKG|tdc_tsw
00:08:18.0 (129713708)|ENTERING_MANAGED_PKG|tdc_tsw
00:08:18.0 (130093560)|ENTERING_MANAGED_PKG|tdc_tsw
00:08:18.0 (131119395)|ENTERING_MANAGED_PKG|tdc_tsw
00:08:18.0 (131870342)|ENTERING_MANAGED_PKG|tdc_tsw
00:08:18.0 (132097241)|ENTERING_MANAGED_PKG|tdc_tsw
00:08:18.0 (132481553)|ENTERING_MANAGED_PKG|tdc_tsw
00:08:18.0 (133531685)|ENTERING_MANAGED_PKG|tdc_tsw
00:08:18.0 (134286424)|ENTERING_MANAGED_PKG|tdc_tsw
00:08:18.0 (134515045)|ENTERING_MANAGED_PKG|tdc_tsw
00:08:18.0 (134920092)|ENTERING_MANAGED_PKG|tdc_tsw
00:08:18.0 (135997907)|ENTERING_MANAGED_PKG|tdc_tsw
00:08:18.0 (136750972)|ENTERING_MANAGED_PKG|tdc_tsw
00:08:18.0 (136974556)|ENTERING_MANAGED_PKG|tdc_tsw
00:08:18.0 (137359380)|ENTERING_MANAGED_PKG|tdc_tsw
00:08:18.0 (138418163)|ENTERING_MANAGED_PKG|tdc_tsw
00:08:18.0 (139174179)|ENTERING_MANAGED_PKG|tdc_tsw
00:08:18.0 (139401897)|ENTERING_MANAGED_PKG|tdc_tsw
00:08:18.0 (139866855)|ENTERING_MANAGED_PKG|tdc_tsw
00:08:18.0 (140920432)|ENTERING_MANAGED_PKG|tdc_tsw
00:08:18.0 (141670430)|ENTERING_MANAGED_PKG|tdc_tsw
00:08:18.0 (141895368)|ENTERING_MANAGED_PKG|tdc_tsw
00:08:18.0 (142280626)|ENTERING_MANAGED_PKG|tdc_tsw
00:08:18.0 (143339574)|ENTERING_MANAGED_PKG|tdc_tsw
00:08:18.0 (144142114)|ENTERING_MANAGED_PKG|tdc_tsw
00:08:18.0 (144366361)|ENTERING_MANAGED_PKG|tdc_tsw
00:08:18.0 (144767598)|ENTERING_MANAGED_PKG|tdc_tsw
00:08:18.0 (145826279)|ENTERING_MANAGED_PKG|tdc_tsw
00:08:18.0 (146568895)|ENTERING_MANAGED_PKG|tdc_tsw
00:08:18.0 (146795645)|ENTERING_MANAGED_PKG|tdc_tsw
00:08:18.0 (147166911)|ENTERING_MANAGED_PKG|tdc_tsw
00:08:18.0 (148194478)|ENTERING_MANAGED_PKG|tdc_tsw
00:08:18.0 (148923064)|ENTERING_MANAGED_PKG|tdc_tsw
00:08:18.0 (149143766)|ENTERING_MANAGED_PKG|tdc_tsw
00:08:18.0 (149516989)|ENTERING_MANAGED_PKG|tdc_tsw
00:08:18.0 (150536945)|ENTERING_MANAGED_PKG|tdc_tsw
00:08:18.0 (151267558)|ENTERING_MANAGED_PKG|tdc_tsw
00:08:18.0 (151491851)|ENTERING_MANAGED_PKG|tdc_tsw
00:08:18.0 (151869823)|ENTERING_MANAGED_PKG|tdc_tsw
00:08:18.0 (152888142)|ENTERING_MANAGED_PKG|tdc_tsw
00:08:18.0 (153692938)|ENTERING_MANAGED_PKG|tdc_tsw
00:08:18.0 (153912947)|ENTERING_MANAGED_PKG|tdc_tsw
00:08:18.0 (154294374)|ENTERING_MANAGED_PKG|tdc_tsw
00:08:18.0 (155436740)|ENTERING_MANAGED_PKG|tdc_tsw
00:08:18.0 (156235304)|ENTERING_MANAGED_PKG|tdc_tsw
00:08:18.0 (156462058)|ENTERING_MANAGED_PKG|tdc_tsw
00:08:18.0 (156845931)|ENTERING_MANAGED_PKG|tdc_tsw
00:08:18.0 (157893114)|ENTERING_MANAGED_PKG|tdc_tsw
00:08:18.0 (158628658)|ENTERING_MANAGED_PKG|tdc_tsw
00:08:18.0 (158856299)|ENTERING_MANAGED_PKG|tdc_tsw
00:08:18.0 (159236999)|ENTERING_MANAGED_PKG|tdc_tsw
00:08:18.0 (160607445)|ENTERING_MANAGED_PKG|tdc_tsw
00:08:18.0 (161388211)|ENTERING_MANAGED_PKG|tdc_tsw
00:08:18.0 (161616090)|ENTERING_MANAGED_PKG|tdc_tsw
00:08:18.0 (162015336)|ENTERING_MANAGED_PKG|tdc_tsw
00:08:18.0 (163074134)|ENTERING_MANAGED_PKG|tdc_tsw
00:08:18.0 (163808132)|ENTERING_MANAGED_PKG|tdc_tsw
00:08:18.0 (164031471)|ENTERING_MANAGED_PKG|tdc_tsw
00:08:18.0 (164409676)|ENTERING_MANAGED_PKG|tdc_tsw
00:08:18.0 (165451341)|ENTERING_MANAGED_PKG|tdc_tsw
00:08:18.0 (166178428)|ENTERING_MANAGED_PKG|tdc_tsw
00:08:18.0 (166397671)|ENTERING_MANAGED_PKG|tdc_tsw
00:08:18.0 (166785160)|ENTERING_MANAGED_PKG|tdc_tsw
00:08:18.0 (167870007)|ENTERING_MANAGED_PKG|tdc_tsw
00:08:18.0 (168835677)|ENTERING_MANAGED_PKG|tdc_tsw
00:08:18.0 (169065169)|ENTERING_MANAGED_PKG|tdc_tsw
00:08:18.0 (169547141)|ENTERING_MANAGED_PKG|tdc_tsw
00:08:18.0 (170798476)|ENTERING_MANAGED_PKG|tdc_tsw
00:08:18.0 (171560275)|ENTERING_MANAGED_PKG|tdc_tsw
00:08:18.0 (171787899)|ENTERING_MANAGED_PKG|tdc_tsw
00:08:18.0 (172173235)|ENTERING_MANAGED_PKG|tdc_tsw
00:08:18.0 (173521499)|ENTERING_MANAGED_PKG|tdc_tsw
00:08:18.0 (174726193)|ENTERING_MANAGED_PKG|tdc_tsw
00:08:18.0 (175051820)|ENTERING_MANAGED_PKG|tdc_tsw
00:08:18.0 (175799865)|ENTERING_MANAGED_PKG|tdc_tsw
00:08:18.0 (177345982)|ENTERING_MANAGED_PKG|tdc_tsw
00:08:18.0 (178119289)|ENTERING_MANAGED_PKG|tdc_tsw
00:08:18.0 (178346066)|ENTERING_MANAGED_PKG|tdc_tsw
00:08:18.0 (178740912)|ENTERING_MANAGED_PKG|tdc_tsw
00:08:18.0 (179796492)|ENTERING_MANAGED_PKG|tdc_tsw
00:08:18.0 (180533729)|ENTERING_MANAGED_PKG|tdc_tsw
00:08:18.0 (180766584)|ENTERING_MANAGED_PKG|tdc_tsw
00:08:18.0 (181146262)|ENTERING_MANAGED_PKG|tdc_tsw
00:08:18.0 (182181212)|ENTERING_MANAGED_PKG|tdc_tsw
00:08:18.0 (182916778)|ENTERING_MANAGED_PKG|tdc_tsw
00:08:18.0 (183137288)|ENTERING_MANAGED_PKG|tdc_tsw
00:08:18.0 (183519673)|ENTERING_MANAGED_PKG|tdc_tsw
00:08:18.0 (184552429)|ENTERING_MANAGED_PKG|tdc_tsw
00:08:18.0 (185294974)|ENTERING_MANAGED_PKG|tdc_tsw
00:08:18.0 (185514879)|ENTERING_MANAGED_PKG|tdc_tsw
00:08:18.0 (185905850)|ENTERING_MANAGED_PKG|tdc_tsw
00:08:18.0 (186952276)|ENTERING_MANAGED_PKG|tdc_tsw
00:08:18.0 (187682248)|ENTERING_MANAGED_PKG|tdc_tsw
00:08:18.0 (187903732)|ENTERING_MANAGED_PKG|tdc_tsw
00:08:18.0 (188284843)|ENTERING_MANAGED_PKG|tdc_tsw
00:08:18.0 (189317217)|ENTERING_MANAGED_PKG|tdc_tsw
00:08:18.0 (190059565)|ENTERING_MANAGED_PKG|tdc_tsw
00:08:18.0 (190280351)|ENTERING_MANAGED_PKG|tdc_tsw
00:08:18.0 (190668251)|ENTERING_MANAGED_PKG|tdc_tsw
00:08:18.0 (191701845)|ENTERING_MANAGED_PKG|tdc_tsw
00:08:18.0 (192425347)|ENTERING_MANAGED_PKG|tdc_tsw
00:08:18.0 (192650582)|ENTERING_MANAGED_PKG|tdc_tsw
00:08:18.0 (193032952)|ENTERING_MANAGED_PKG|tdc_tsw
00:08:18.0 (194068151)|ENTERING_MANAGED_PKG|tdc_tsw
00:08:18.0 (194805017)|ENTERING_MANAGED_PKG|tdc_tsw
00:08:18.0 (195025159)|ENTERING_MANAGED_PKG|tdc_tsw
00:08:18.0 (195407061)|ENTERING_MANAGED_PKG|tdc_tsw
00:08:18.0 (196440029)|ENTERING_MANAGED_PKG|tdc_tsw
00:08:18.0 (197189779)|ENTERING_MANAGED_PKG|tdc_tsw
00:08:18.0 (197411422)|ENTERING_MANAGED_PKG|tdc_tsw
00:08:18.0 (197805137)|ENTERING_MANAGED_PKG|tdc_tsw
00:08:18.0 (198833704)|ENTERING_MANAGED_PKG|tdc_tsw
00:08:18.0 (199559679)|ENTERING_MANAGED_PKG|tdc_tsw
00:08:18.0 (199787867)|ENTERING_MANAGED_PKG|tdc_tsw
00:08:18.0 (200175172)|ENTERING_MANAGED_PKG|tdc_tsw
00:08:18.0 (201208092)|ENTERING_MANAGED_PKG|tdc_tsw
00:08:18.0 (201943005)|ENTERING_MANAGED_PKG|tdc_tsw
00:08:18.0 (202163442)|ENTERING_MANAGED_PKG|tdc_tsw
00:08:18.0 (202545474)|ENTERING_MANAGED_PKG|tdc_tsw
00:08:18.0 (203577996)|ENTERING_MANAGED_PKG|tdc_tsw
00:08:18.0 (204312247)|ENTERING_MANAGED_PKG|tdc_tsw
00:08:18.0 (204531975)|ENTERING_MANAGED_PKG|tdc_tsw
00:08:18.0 (204919672)|ENTERING_MANAGED_PKG|tdc_tsw
00:08:18.0 (205949776)|ENTERING_MANAGED_PKG|tdc_tsw
00:08:18.0 (206681918)|ENTERING_MANAGED_PKG|tdc_tsw
00:08:18.0 (206901736)|ENTERING_MANAGED_PKG|tdc_tsw
00:08:18.0 (207279620)|ENTERING_MANAGED_PKG|tdc_tsw
00:08:18.0 (208303433)|ENTERING_MANAGED_PKG|tdc_tsw
00:08:18.0 (209034669)|ENTERING_MANAGED_PKG|tdc_tsw
00:08:18.0 (209254401)|ENTERING_MANAGED_PKG|tdc_tsw
00:08:18.0 (209634277)|ENTERING_MANAGED_PKG|tdc_tsw
00:08:18.0 (210676147)|ENTERING_MANAGED_PKG|tdc_tsw
00:08:18.0 (211400195)|ENTERING_MANAGED_PKG|tdc_tsw
00:08:18.0 (211620452)|ENTERING_MANAGED_PKG|tdc_tsw
00:08:18.0 (212009024)|ENTERING_MANAGED_PKG|tdc_tsw
00:08:18.0 (213038055)|ENTERING_MANAGED_PKG|tdc_tsw
00:08:18.0 (213770270)|ENTERING_MANAGED_PKG|tdc_tsw
00:08:18.0 (213968173)|ENTERING_MANAGED_PKG|tdc_tsw
00:08:18.0 (214348047)|ENTERING_MANAGED_PKG|tdc_tsw
00:08:18.0 (215377100)|ENTERING_MANAGED_PKG|tdc_tsw
00:08:18.0 (216117957)|ENTERING_MANAGED_PKG|tdc_tsw
00:08:18.0 (216337871)|ENTERING_MANAGED_PKG|tdc_tsw
00:08:18.0 (216726828)|ENTERING_MANAGED_PKG|tdc_tsw
00:08:18.0 (217904632)|ENTERING_MANAGED_PKG|tdc_tsw
00:08:18.0 (218717498)|ENTERING_MANAGED_PKG|tdc_tsw
00:08:18.0 (218789499)|ENTERING_MANAGED_PKG|tdc_tsw
00:08:18.0 (219337321)|SOQL_EXECUTE_BEGIN|[200]|Aggregations:0|SELECT Name, NamespacePrefix, SystemModStamp FROM StaticResource WHERE Name LIKE :tmpVar1 LIMIT 10
00:08:18.0 (222588680)|SOQL_EXECUTE_END|[200]|Rows:1
00:08:18.0 (223372604)|ENTERING_MANAGED_PKG|tdc_tsw
00:08:18.0 (223719392)|SOQL_EXECUTE_BEGIN|[200]|Aggregations:0|SELECT Name, NamespacePrefix, SystemModStamp FROM StaticResource WHERE Name LIKE :tmpVar1 LIMIT 10
00:08:18.0 (225948190)|SOQL_EXECUTE_END|[200]|Rows:1
00:08:18.0 (226318061)|ENTERING_MANAGED_PKG|tdc_tsw
00:08:18.0 (229007706)|ENTERING_MANAGED_PKG|tdc_tsw
00:08:18.0 (230253330)|ENTERING_MANAGED_PKG|tdc_tsw
00:08:18.0 (230498051)|ENTERING_MANAGED_PKG|tdc_tsw
00:08:18.0 (231266507)|ENTERING_MANAGED_PKG|tdc_tsw
00:08:18.0 (231650193)|SOQL_EXECUTE_BEGIN|[200]|Aggregations:0|SELECT Name, NamespacePrefix, SystemModStamp FROM StaticResource WHERE Name LIKE :tmpVar1 LIMIT 10
00:08:18.0 (234172941)|SOQL_EXECUTE_END|[200]|Rows:1
00:08:18.245 (245259164)|USER_INFO|[EXTERNAL]|0051H000009gxp8|chanida.dev2@solvedbysoftwareco.com|Eastern Standard Time|GMT-05:00
00:08:18.245 (246758048)|ENTERING_MANAGED_PKG|tdc_tsw
00:08:18.245 (246987885)|ENTERING_MANAGED_PKG|tdc_tsw
00:08:18.245 (249805701)|SOQL_EXECUTE_BEGIN|[355]|Aggregations:0|SELECT id, name, Disable_Incoming_SMS_Sharing__c FROM User WHERE id = :tmpVar1
00:08:18.245 (256358974)|SOQL_EXECUTE_END|[355]|Rows:1
00:08:18.245 (257879203)|SOQL_EXECUTE_BEGIN|[367]|Aggregations:0|SELECT CreatedDate,Id,LastModifiedDate,Related_Object_Id__c FROM Message__c WHERE Name = 'Incoming' AND Read__c = false ORDER BY CreatedDate Desc limit 100
00:08:18.245 (268173366)|SOQL_EXECUTE_END|[367]|Rows:100
