44.0 APEX_CODE,FINEST;APEX_PROFILING,INFO;CALLOUT,INFO;DB,INFO;NBA,INFO;SYSTEM,DEBUG;VALIDATION,INFO;VISUALFORCE,INFO;WAVE,INFO;WORKFLOW,INFO
20:08:32.0 (123897)|USER_INFO|[EXTERNAL]|0051H000009gxp8|chanida.dev2@solvedbysoftwareco.com|Eastern Standard Time|GMT-05:00
20:08:32.0 (1700718)|ENTERING_MANAGED_PKG|tdc_tsw
20:08:32.0 (2173930)|ENTERING_MANAGED_PKG|tdc_tsw
20:08:32.0 (5697764)|SOQL_EXECUTE_BEGIN|[16]|Aggregations:0|SELECT id, name, Disable_Incoming_SMS_Sharing__c FROM User WHERE id = :tmpVar1
20:08:32.0 (12024350)|SOQL_EXECUTE_END|[16]|Rows:1
20:08:32.0 (17115864)|SOQL_EXECUTE_BEGIN|[37]|Aggregations:0|SELECT CreatedDate,Created_Date__c,Id,LastModifiedDate,MessageId__c,Message_Text_New__c,Name,OwnerId,Read__c,Related_Object_Id__c,Related_Object__c,Sender_Number__c, Sender_Name__c,ToNumber__c,Attachments_Ids__c FROM Message__c WHERE Name = 'Incoming' AND Read__c = false ORDER BY CreatedDate Desc limit 100
20:08:32.0 (32000899)|SOQL_EXECUTE_END|[37]|Rows:84
20:08:32.0 (46252788)|ENTERING_MANAGED_PKG|tdc_tsw
20:08:32.0 (47988159)|ENTERING_MANAGED_PKG|tdc_tsw
20:08:32.0 (48464207)|ENTERING_MANAGED_PKG|tdc_tsw
20:08:32.0 (49141479)|ENTERING_MANAGED_PKG|tdc_tsw
20:08:32.0 (52023447)|ENTERING_MANAGED_PKG|tdc_tsw
20:08:32.0 (52807062)|ENTERING_MANAGED_PKG|tdc_tsw
20:08:32.0 (53033922)|ENTERING_MANAGED_PKG|tdc_tsw
20:08:32.0 (53419381)|ENTERING_MANAGED_PKG|tdc_tsw
20:08:32.0 (54494322)|ENTERING_MANAGED_PKG|tdc_tsw
20:08:32.0 (55283205)|ENTERING_MANAGED_PKG|tdc_tsw
20:08:32.0 (55508941)|ENTERING_MANAGED_PKG|tdc_tsw
20:08:32.0 (55904678)|ENTERING_MANAGED_PKG|tdc_tsw
20:08:32.0 (56970774)|ENTERING_MANAGED_PKG|tdc_tsw
20:08:32.0 (57728447)|ENTERING_MANAGED_PKG|tdc_tsw
20:08:32.0 (57957387)|ENTERING_MANAGED_PKG|tdc_tsw
20:08:32.0 (58340034)|ENTERING_MANAGED_PKG|tdc_tsw
20:08:32.0 (59419612)|ENTERING_MANAGED_PKG|tdc_tsw
20:08:32.0 (60169232)|ENTERING_MANAGED_PKG|tdc_tsw
20:08:32.0 (60377329)|ENTERING_MANAGED_PKG|tdc_tsw
20:08:32.0 (60800092)|ENTERING_MANAGED_PKG|tdc_tsw
20:08:32.0 (61888152)|ENTERING_MANAGED_PKG|tdc_tsw
20:08:32.0 (62642922)|ENTERING_MANAGED_PKG|tdc_tsw
20:08:32.0 (62866524)|ENTERING_MANAGED_PKG|tdc_tsw
20:08:32.0 (63255708)|ENTERING_MANAGED_PKG|tdc_tsw
20:08:32.0 (64371089)|ENTERING_MANAGED_PKG|tdc_tsw
20:08:32.0 (65122081)|ENTERING_MANAGED_PKG|tdc_tsw
20:08:32.0 (65320635)|ENTERING_MANAGED_PKG|tdc_tsw
20:08:32.0 (65728216)|ENTERING_MANAGED_PKG|tdc_tsw
20:08:32.0 (66775341)|ENTERING_MANAGED_PKG|tdc_tsw
20:08:32.0 (67589231)|ENTERING_MANAGED_PKG|tdc_tsw
20:08:32.0 (67792318)|ENTERING_MANAGED_PKG|tdc_tsw
20:08:32.0 (68433441)|ENTERING_MANAGED_PKG|tdc_tsw
20:08:32.0 (69626806)|ENTERING_MANAGED_PKG|tdc_tsw
20:08:32.0 (70398619)|ENTERING_MANAGED_PKG|tdc_tsw
20:08:32.0 (70663785)|ENTERING_MANAGED_PKG|tdc_tsw
20:08:32.0 (71132481)|ENTERING_MANAGED_PKG|tdc_tsw
20:08:32.0 (72289623)|ENTERING_MANAGED_PKG|tdc_tsw
20:08:32.0 (73086328)|ENTERING_MANAGED_PKG|tdc_tsw
20:08:32.0 (73309940)|ENTERING_MANAGED_PKG|tdc_tsw
20:08:32.0 (73847466)|ENTERING_MANAGED_PKG|tdc_tsw
20:08:32.0 (75236071)|ENTERING_MANAGED_PKG|tdc_tsw
20:08:32.0 (76116054)|ENTERING_MANAGED_PKG|tdc_tsw
20:08:32.0 (76191378)|ENTERING_MANAGED_PKG|tdc_tsw
20:08:32.0 (76775246)|SOQL_EXECUTE_BEGIN|[200]|Aggregations:0|SELECT Name, NamespacePrefix, SystemModStamp FROM StaticResource WHERE Name LIKE :tmpVar1 LIMIT 10
20:08:32.0 (82098543)|SOQL_EXECUTE_END|[200]|Rows:1
20:08:32.0 (82947831)|ENTERING_MANAGED_PKG|tdc_tsw
20:08:32.0 (83290163)|SOQL_EXECUTE_BEGIN|[200]|Aggregations:0|SELECT Name, NamespacePrefix, SystemModStamp FROM StaticResource WHERE Name LIKE :tmpVar1 LIMIT 10
20:08:32.0 (85551110)|SOQL_EXECUTE_END|[200]|Rows:1
20:08:32.0 (85961800)|ENTERING_MANAGED_PKG|tdc_tsw
20:08:32.0 (89217940)|ENTERING_MANAGED_PKG|tdc_tsw
20:08:32.0 (90720080)|ENTERING_MANAGED_PKG|tdc_tsw
20:08:32.0 (91026624)|ENTERING_MANAGED_PKG|tdc_tsw
20:08:32.0 (91844870)|ENTERING_MANAGED_PKG|tdc_tsw
20:08:32.0 (92210649)|SOQL_EXECUTE_BEGIN|[200]|Aggregations:0|SELECT Name, NamespacePrefix, SystemModStamp FROM StaticResource WHERE Name LIKE :tmpVar1 LIMIT 10
20:08:32.0 (94374577)|SOQL_EXECUTE_END|[200]|Rows:1
20:08:32.100 (100305815)|USER_INFO|[EXTERNAL]|0051H000009gxp8|chanida.dev2@solvedbysoftwareco.com|Eastern Standard Time|GMT-05:00
20:08:32.100 (101723559)|ENTERING_MANAGED_PKG|tdc_tsw
20:08:32.100 (101921932)|ENTERING_MANAGED_PKG|tdc_tsw
20:08:32.100 (104296505)|SOQL_EXECUTE_BEGIN|[355]|Aggregations:0|SELECT id, name, Disable_Incoming_SMS_Sharing__c FROM User WHERE id = :tmpVar1
20:08:32.100 (111544151)|SOQL_EXECUTE_END|[355]|Rows:1
20:08:32.100 (112475594)|SOQL_EXECUTE_BEGIN|[367]|Aggregations:0|SELECT CreatedDate,Id,LastModifiedDate,Related_Object_Id__c FROM Message__c WHERE Name = 'Incoming' AND Read__c = false ORDER BY CreatedDate Desc limit 100
20:08:32.100 (119269940)|SOQL_EXECUTE_END|[367]|Rows:84
