44.0 APEX_CODE,FINEST;APEX_PROFILING,INFO;CALLOUT,INFO;DB,INFO;NBA,INFO;SYSTEM,DEBUG;VALIDATION,INFO;VISUALFORCE,INFO;WAVE,INFO;WORKFLOW,INFO
23:14:26.0 (134094)|USER_INFO|[EXTERNAL]|0051H000009gxp8|chanida.dev2@solvedbysoftwareco.com|Eastern Standard Time|GMT-05:00
23:14:26.0 (3989237)|ENTERING_MANAGED_PKG|tdc_tsw
23:14:26.0 (4164151)|ENTERING_MANAGED_PKG|tdc_tsw
23:14:26.0 (4608312)|ENTERING_MANAGED_PKG|tdc_tsw
23:14:26.0 (4649969)|ENTERING_MANAGED_PKG|tdc_tsw
23:14:26.0 (5392413)|ENTERING_MANAGED_PKG|tdc_tsw
23:14:26.0 (6030317)|ENTERING_MANAGED_PKG|tdc_tsw
23:14:26.0 (7365185)|ENTERING_MANAGED_PKG|tdc_tsw
23:14:26.0 (7435920)|ENTERING_MANAGED_PKG|tdc_tsw
23:14:26.0 (8537555)|ENTERING_MANAGED_PKG|tdc_tsw
23:14:26.0 (14234032)|SOQL_EXECUTE_BEGIN|[82]|Aggregations:0|SELECT CreatedDate, Id,Task_Created__c,Event_Created__c,isCaseCreated__c,Task_Id__c,Event_Id__c,Case__c, Important__c, Delivered__c, Message_Text_New__c, Name, Owner.Name, Read__c,MessageId__c, ToNumber__c, Related_Object_Id__c, Related_Object__c, Sender_Number__c, LastModifiedDate, Attachments_Ids__c FROM Message__c WHERE Contact__c =: recordId ORDER BY CreatedDate Desc limit 200
23:14:26.0 (25284469)|SOQL_EXECUTE_END|[82]|Rows:2
23:14:26.0 (26673187)|ENTERING_MANAGED_PKG|tdc_tsw
23:14:26.0 (26941737)|ENTERING_MANAGED_PKG|tdc_tsw
23:14:26.0 (27019112)|ENTERING_MANAGED_PKG|tdc_tsw
23:14:26.0 (27517213)|SOQL_EXECUTE_BEGIN|[200]|Aggregations:0|SELECT Name, NamespacePrefix, SystemModStamp FROM StaticResource WHERE Name LIKE :tmpVar1 LIMIT 10
23:14:26.0 (29953967)|SOQL_EXECUTE_END|[200]|Rows:1
23:14:26.0 (31802685)|ENTERING_MANAGED_PKG|tdc_tsw
23:14:26.0 (33169666)|ENTERING_MANAGED_PKG|tdc_tsw
23:14:26.0 (33214970)|ENTERING_MANAGED_PKG|tdc_tsw
23:14:26.0 (34893286)|ENTERING_MANAGED_PKG|tdc_tsw
23:14:26.0 (35625096)|ENTERING_MANAGED_PKG|tdc_tsw
23:14:26.0 (39838890)|SOQL_EXECUTE_BEGIN|[172]|Aggregations:0|SELECT id, name FROM ChatTranscript__c WHERE (Chat_Active__c = TRUE AND (Related_Object_Id__c = :tmpVar1 OR Related_Object_Id__c = :tmpVar2)) LIMIT 1
23:14:26.0 (43436127)|SOQL_EXECUTE_END|[172]|Rows:0
23:14:26.0 (43781887)|ENTERING_MANAGED_PKG|tdc_tsw
23:14:26.0 (43817862)|ENTERING_MANAGED_PKG|tdc_tsw
