44.0 APEX_CODE,FINEST;APEX_PROFILING,INFO;CALLOUT,INFO;DB,INFO;NBA,INFO;SYSTEM,DEBUG;VALIDATION,INFO;VISUALFORCE,INFO;WAVE,INFO;WORKFLOW,INFO
10:36:00.0 (162956)|USER_INFO|[EXTERNAL]|0051H000009gxp8|chanida.dev2@solvedbysoftwareco.com|Eastern Standard Time|GMT-05:00
10:36:00.0 (1736807)|ENTERING_MANAGED_PKG|tdc_tsw
10:36:00.0 (2136510)|ENTERING_MANAGED_PKG|tdc_tsw
10:36:00.0 (6197220)|SOQL_EXECUTE_BEGIN|[16]|Aggregations:0|SELECT id, name, Disable_Incoming_SMS_Sharing__c FROM User WHERE id = :tmpVar1
10:36:00.0 (14459298)|SOQL_EXECUTE_END|[16]|Rows:1
10:36:00.0 (20618111)|SOQL_EXECUTE_BEGIN|[37]|Aggregations:0|SELECT CreatedDate,Created_Date__c,Id,LastModifiedDate,MessageId__c,Message_Text_New__c,Name,OwnerId,Read__c,Related_Object_Id__c,Related_Object__c,Sender_Number__c, Sender_Name__c,ToNumber__c,Attachments_Ids__c FROM Message__c WHERE Name = 'Incoming' AND Read__c = false ORDER BY CreatedDate Desc limit 100
10:36:00.0 (38355170)|SOQL_EXECUTE_END|[37]|Rows:100
10:36:00.0 (56941061)|ENTERING_MANAGED_PKG|tdc_tsw
10:36:00.0 (58919893)|ENTERING_MANAGED_PKG|tdc_tsw
10:36:00.0 (59444835)|ENTERING_MANAGED_PKG|tdc_tsw
10:36:00.0 (60160609)|ENTERING_MANAGED_PKG|tdc_tsw
10:36:00.0 (63243595)|ENTERING_MANAGED_PKG|tdc_tsw
10:36:00.0 (64130742)|ENTERING_MANAGED_PKG|tdc_tsw
10:36:00.0 (64387248)|ENTERING_MANAGED_PKG|tdc_tsw
10:36:00.0 (64841455)|ENTERING_MANAGED_PKG|tdc_tsw
10:36:00.0 (66071841)|ENTERING_MANAGED_PKG|tdc_tsw
10:36:00.0 (66930754)|ENTERING_MANAGED_PKG|tdc_tsw
10:36:00.0 (67178760)|ENTERING_MANAGED_PKG|tdc_tsw
10:36:00.0 (67590540)|ENTERING_MANAGED_PKG|tdc_tsw
10:36:00.0 (68790359)|ENTERING_MANAGED_PKG|tdc_tsw
10:36:00.0 (69618178)|ENTERING_MANAGED_PKG|tdc_tsw
10:36:00.0 (69868931)|ENTERING_MANAGED_PKG|tdc_tsw
10:36:00.0 (70286792)|ENTERING_MANAGED_PKG|tdc_tsw
10:36:00.0 (71443456)|ENTERING_MANAGED_PKG|tdc_tsw
10:36:00.0 (72232322)|ENTERING_MANAGED_PKG|tdc_tsw
10:36:00.0 (72525131)|ENTERING_MANAGED_PKG|tdc_tsw
10:36:00.0 (72940072)|ENTERING_MANAGED_PKG|tdc_tsw
10:36:00.0 (74093808)|ENTERING_MANAGED_PKG|tdc_tsw
10:36:00.0 (74917453)|ENTERING_MANAGED_PKG|tdc_tsw
10:36:00.0 (75192362)|ENTERING_MANAGED_PKG|tdc_tsw
10:36:00.0 (75601768)|ENTERING_MANAGED_PKG|tdc_tsw
10:36:00.0 (77029263)|ENTERING_MANAGED_PKG|tdc_tsw
10:36:00.0 (77849556)|ENTERING_MANAGED_PKG|tdc_tsw
10:36:00.0 (78133651)|ENTERING_MANAGED_PKG|tdc_tsw
10:36:00.0 (78566708)|ENTERING_MANAGED_PKG|tdc_tsw
10:36:00.0 (79757325)|ENTERING_MANAGED_PKG|tdc_tsw
10:36:00.0 (80534923)|ENTERING_MANAGED_PKG|tdc_tsw
10:36:00.0 (80792671)|ENTERING_MANAGED_PKG|tdc_tsw
10:36:00.0 (81207059)|ENTERING_MANAGED_PKG|tdc_tsw
10:36:00.0 (82377620)|ENTERING_MANAGED_PKG|tdc_tsw
10:36:00.0 (83191929)|ENTERING_MANAGED_PKG|tdc_tsw
10:36:00.0 (83435850)|ENTERING_MANAGED_PKG|tdc_tsw
10:36:00.0 (83851267)|ENTERING_MANAGED_PKG|tdc_tsw
10:36:00.0 (85253118)|ENTERING_MANAGED_PKG|tdc_tsw
10:36:00.0 (86120402)|ENTERING_MANAGED_PKG|tdc_tsw
10:36:00.0 (86743262)|ENTERING_MANAGED_PKG|tdc_tsw
10:36:00.0 (87235555)|ENTERING_MANAGED_PKG|tdc_tsw
10:36:00.0 (88554553)|ENTERING_MANAGED_PKG|tdc_tsw
10:36:00.0 (89363447)|ENTERING_MANAGED_PKG|tdc_tsw
10:36:00.0 (89607553)|ENTERING_MANAGED_PKG|tdc_tsw
10:36:00.0 (90061617)|ENTERING_MANAGED_PKG|tdc_tsw
10:36:00.0 (91434325)|ENTERING_MANAGED_PKG|tdc_tsw
10:36:00.0 (92226378)|ENTERING_MANAGED_PKG|tdc_tsw
10:36:00.0 (92496596)|ENTERING_MANAGED_PKG|tdc_tsw
10:36:00.0 (93050797)|ENTERING_MANAGED_PKG|tdc_tsw
10:36:00.0 (94239004)|ENTERING_MANAGED_PKG|tdc_tsw
10:36:00.0 (95057409)|ENTERING_MANAGED_PKG|tdc_tsw
10:36:00.0 (95413912)|ENTERING_MANAGED_PKG|tdc_tsw
10:36:00.0 (95868463)|ENTERING_MANAGED_PKG|tdc_tsw
10:36:00.0 (97088091)|ENTERING_MANAGED_PKG|tdc_tsw
10:36:00.0 (98007890)|ENTERING_MANAGED_PKG|tdc_tsw
10:36:00.0 (98249266)|ENTERING_MANAGED_PKG|tdc_tsw
10:36:00.0 (98700884)|ENTERING_MANAGED_PKG|tdc_tsw
10:36:00.0 (99966631)|ENTERING_MANAGED_PKG|tdc_tsw
10:36:00.0 (101006031)|ENTERING_MANAGED_PKG|tdc_tsw
10:36:00.0 (101248366)|ENTERING_MANAGED_PKG|tdc_tsw
10:36:00.0 (101688345)|ENTERING_MANAGED_PKG|tdc_tsw
10:36:00.0 (102993543)|ENTERING_MANAGED_PKG|tdc_tsw
10:36:00.0 (103801785)|ENTERING_MANAGED_PKG|tdc_tsw
10:36:00.0 (104048837)|ENTERING_MANAGED_PKG|tdc_tsw
10:36:00.0 (104524517)|ENTERING_MANAGED_PKG|tdc_tsw
10:36:00.0 (105842021)|ENTERING_MANAGED_PKG|tdc_tsw
10:36:00.0 (106686204)|ENTERING_MANAGED_PKG|tdc_tsw
10:36:00.0 (106944081)|ENTERING_MANAGED_PKG|tdc_tsw
10:36:00.0 (107364389)|ENTERING_MANAGED_PKG|tdc_tsw
10:36:00.0 (108655139)|ENTERING_MANAGED_PKG|tdc_tsw
10:36:00.0 (109523520)|ENTERING_MANAGED_PKG|tdc_tsw
10:36:00.0 (109777636)|ENTERING_MANAGED_PKG|tdc_tsw
10:36:00.0 (110233635)|ENTERING_MANAGED_PKG|tdc_tsw
10:36:00.0 (111879911)|ENTERING_MANAGED_PKG|tdc_tsw
10:36:00.0 (112720519)|ENTERING_MANAGED_PKG|tdc_tsw
10:36:00.0 (112999633)|ENTERING_MANAGED_PKG|tdc_tsw
10:36:00.0 (113564813)|ENTERING_MANAGED_PKG|tdc_tsw
10:36:00.0 (114750644)|ENTERING_MANAGED_PKG|tdc_tsw
10:36:00.0 (115671730)|ENTERING_MANAGED_PKG|tdc_tsw
10:36:00.0 (115925017)|ENTERING_MANAGED_PKG|tdc_tsw
10:36:00.0 (116362833)|ENTERING_MANAGED_PKG|tdc_tsw
10:36:00.0 (117546034)|ENTERING_MANAGED_PKG|tdc_tsw
10:36:00.0 (118519246)|ENTERING_MANAGED_PKG|tdc_tsw
10:36:00.0 (118806114)|ENTERING_MANAGED_PKG|tdc_tsw
10:36:00.0 (119215036)|ENTERING_MANAGED_PKG|tdc_tsw
10:36:00.0 (120797108)|ENTERING_MANAGED_PKG|tdc_tsw
10:36:00.0 (121706603)|ENTERING_MANAGED_PKG|tdc_tsw
10:36:00.0 (121976255)|ENTERING_MANAGED_PKG|tdc_tsw
10:36:00.0 (122407245)|ENTERING_MANAGED_PKG|tdc_tsw
10:36:00.0 (123540961)|ENTERING_MANAGED_PKG|tdc_tsw
10:36:00.0 (124310554)|ENTERING_MANAGED_PKG|tdc_tsw
10:36:00.0 (124551766)|ENTERING_MANAGED_PKG|tdc_tsw
10:36:00.0 (124962102)|ENTERING_MANAGED_PKG|tdc_tsw
10:36:00.0 (126084855)|ENTERING_MANAGED_PKG|tdc_tsw
10:36:00.0 (126851624)|ENTERING_MANAGED_PKG|tdc_tsw
10:36:00.0 (127091232)|ENTERING_MANAGED_PKG|tdc_tsw
10:36:00.0 (127494216)|ENTERING_MANAGED_PKG|tdc_tsw
10:36:00.0 (128620656)|ENTERING_MANAGED_PKG|tdc_tsw
10:36:00.0 (129383644)|ENTERING_MANAGED_PKG|tdc_tsw
10:36:00.0 (129633199)|ENTERING_MANAGED_PKG|tdc_tsw
10:36:00.0 (130043922)|ENTERING_MANAGED_PKG|tdc_tsw
10:36:00.0 (131169908)|ENTERING_MANAGED_PKG|tdc_tsw
10:36:00.0 (131929436)|ENTERING_MANAGED_PKG|tdc_tsw
10:36:00.0 (132166644)|ENTERING_MANAGED_PKG|tdc_tsw
10:36:00.0 (132572337)|ENTERING_MANAGED_PKG|tdc_tsw
10:36:00.0 (133695323)|ENTERING_MANAGED_PKG|tdc_tsw
10:36:00.0 (134453324)|ENTERING_MANAGED_PKG|tdc_tsw
10:36:00.0 (134693300)|ENTERING_MANAGED_PKG|tdc_tsw
10:36:00.0 (135103137)|ENTERING_MANAGED_PKG|tdc_tsw
10:36:00.0 (136223735)|ENTERING_MANAGED_PKG|tdc_tsw
10:36:00.0 (136982925)|ENTERING_MANAGED_PKG|tdc_tsw
10:36:00.0 (137222547)|ENTERING_MANAGED_PKG|tdc_tsw
10:36:00.0 (137629352)|ENTERING_MANAGED_PKG|tdc_tsw
10:36:00.0 (138752798)|ENTERING_MANAGED_PKG|tdc_tsw
10:36:00.0 (139506358)|ENTERING_MANAGED_PKG|tdc_tsw
10:36:00.0 (139752560)|ENTERING_MANAGED_PKG|tdc_tsw
10:36:00.0 (140183715)|ENTERING_MANAGED_PKG|tdc_tsw
10:36:00.0 (141309471)|ENTERING_MANAGED_PKG|tdc_tsw
10:36:00.0 (142074902)|ENTERING_MANAGED_PKG|tdc_tsw
10:36:00.0 (142314820)|ENTERING_MANAGED_PKG|tdc_tsw
10:36:00.0 (142720892)|ENTERING_MANAGED_PKG|tdc_tsw
10:36:00.0 (143842201)|ENTERING_MANAGED_PKG|tdc_tsw
10:36:00.0 (144590314)|ENTERING_MANAGED_PKG|tdc_tsw
10:36:00.0 (144837842)|ENTERING_MANAGED_PKG|tdc_tsw
10:36:00.0 (145240840)|ENTERING_MANAGED_PKG|tdc_tsw
10:36:00.0 (146362516)|ENTERING_MANAGED_PKG|tdc_tsw
10:36:00.0 (147122911)|ENTERING_MANAGED_PKG|tdc_tsw
10:36:00.0 (147362390)|ENTERING_MANAGED_PKG|tdc_tsw
10:36:00.0 (147773413)|ENTERING_MANAGED_PKG|tdc_tsw
10:36:00.0 (148888202)|ENTERING_MANAGED_PKG|tdc_tsw
10:36:00.0 (149637042)|ENTERING_MANAGED_PKG|tdc_tsw
10:36:00.0 (149884018)|ENTERING_MANAGED_PKG|tdc_tsw
10:36:00.0 (150288516)|ENTERING_MANAGED_PKG|tdc_tsw
10:36:00.0 (151403694)|ENTERING_MANAGED_PKG|tdc_tsw
10:36:00.0 (152166773)|ENTERING_MANAGED_PKG|tdc_tsw
10:36:00.0 (152405266)|ENTERING_MANAGED_PKG|tdc_tsw
10:36:00.0 (152816677)|ENTERING_MANAGED_PKG|tdc_tsw
10:36:00.0 (153940529)|ENTERING_MANAGED_PKG|tdc_tsw
10:36:00.0 (154694149)|ENTERING_MANAGED_PKG|tdc_tsw
10:36:00.0 (154941511)|ENTERING_MANAGED_PKG|tdc_tsw
10:36:00.0 (155343467)|ENTERING_MANAGED_PKG|tdc_tsw
10:36:00.0 (156470864)|ENTERING_MANAGED_PKG|tdc_tsw
10:36:00.0 (157232719)|ENTERING_MANAGED_PKG|tdc_tsw
10:36:00.0 (157472634)|ENTERING_MANAGED_PKG|tdc_tsw
10:36:00.0 (157883625)|ENTERING_MANAGED_PKG|tdc_tsw
10:36:00.0 (158994078)|ENTERING_MANAGED_PKG|tdc_tsw
10:36:00.0 (159754542)|ENTERING_MANAGED_PKG|tdc_tsw
10:36:00.0 (159993942)|ENTERING_MANAGED_PKG|tdc_tsw
10:36:00.0 (160395966)|ENTERING_MANAGED_PKG|tdc_tsw
10:36:00.0 (161511734)|ENTERING_MANAGED_PKG|tdc_tsw
10:36:00.0 (162279857)|ENTERING_MANAGED_PKG|tdc_tsw
10:36:00.0 (162516410)|ENTERING_MANAGED_PKG|tdc_tsw
10:36:00.0 (162928721)|ENTERING_MANAGED_PKG|tdc_tsw
10:36:00.0 (164049780)|ENTERING_MANAGED_PKG|tdc_tsw
10:36:00.0 (164808438)|ENTERING_MANAGED_PKG|tdc_tsw
10:36:00.0 (165047489)|ENTERING_MANAGED_PKG|tdc_tsw
10:36:00.0 (165449524)|ENTERING_MANAGED_PKG|tdc_tsw
10:36:00.0 (166568059)|ENTERING_MANAGED_PKG|tdc_tsw
10:36:00.0 (167327798)|ENTERING_MANAGED_PKG|tdc_tsw
10:36:00.0 (167566999)|ENTERING_MANAGED_PKG|tdc_tsw
10:36:00.0 (167976561)|ENTERING_MANAGED_PKG|tdc_tsw
10:36:00.0 (169091534)|ENTERING_MANAGED_PKG|tdc_tsw
10:36:00.0 (169852540)|ENTERING_MANAGED_PKG|tdc_tsw
10:36:00.0 (170093126)|ENTERING_MANAGED_PKG|tdc_tsw
10:36:00.0 (170496145)|ENTERING_MANAGED_PKG|tdc_tsw
10:36:00.0 (171614308)|ENTERING_MANAGED_PKG|tdc_tsw
10:36:00.0 (172371764)|ENTERING_MANAGED_PKG|tdc_tsw
10:36:00.0 (172609760)|ENTERING_MANAGED_PKG|tdc_tsw
10:36:00.0 (173084147)|ENTERING_MANAGED_PKG|tdc_tsw
10:36:00.0 (174208473)|ENTERING_MANAGED_PKG|tdc_tsw
10:36:00.0 (174967432)|ENTERING_MANAGED_PKG|tdc_tsw
10:36:00.0 (175206932)|ENTERING_MANAGED_PKG|tdc_tsw
10:36:00.0 (175608816)|ENTERING_MANAGED_PKG|tdc_tsw
10:36:00.0 (176729155)|ENTERING_MANAGED_PKG|tdc_tsw
10:36:00.0 (177483621)|ENTERING_MANAGED_PKG|tdc_tsw
10:36:00.0 (177728051)|ENTERING_MANAGED_PKG|tdc_tsw
10:36:00.0 (178131347)|ENTERING_MANAGED_PKG|tdc_tsw
10:36:00.0 (179247158)|ENTERING_MANAGED_PKG|tdc_tsw
10:36:00.0 (180006933)|ENTERING_MANAGED_PKG|tdc_tsw
10:36:00.0 (180247018)|ENTERING_MANAGED_PKG|tdc_tsw
10:36:00.0 (180648297)|ENTERING_MANAGED_PKG|tdc_tsw
10:36:00.0 (181775703)|ENTERING_MANAGED_PKG|tdc_tsw
10:36:00.0 (182529655)|ENTERING_MANAGED_PKG|tdc_tsw
10:36:00.0 (182774985)|ENTERING_MANAGED_PKG|tdc_tsw
10:36:00.0 (183178981)|ENTERING_MANAGED_PKG|tdc_tsw
10:36:00.0 (184305889)|ENTERING_MANAGED_PKG|tdc_tsw
10:36:00.0 (185067877)|ENTERING_MANAGED_PKG|tdc_tsw
10:36:00.0 (185304966)|ENTERING_MANAGED_PKG|tdc_tsw
10:36:00.0 (185706730)|ENTERING_MANAGED_PKG|tdc_tsw
10:36:00.0 (186829827)|ENTERING_MANAGED_PKG|tdc_tsw
10:36:00.0 (187580023)|ENTERING_MANAGED_PKG|tdc_tsw
10:36:00.0 (187828964)|ENTERING_MANAGED_PKG|tdc_tsw
10:36:00.0 (188231149)|ENTERING_MANAGED_PKG|tdc_tsw
10:36:00.0 (189346464)|ENTERING_MANAGED_PKG|tdc_tsw
10:36:00.0 (190104546)|ENTERING_MANAGED_PKG|tdc_tsw
10:36:00.0 (190345445)|ENTERING_MANAGED_PKG|tdc_tsw
10:36:00.0 (190754558)|ENTERING_MANAGED_PKG|tdc_tsw
10:36:00.0 (191874915)|ENTERING_MANAGED_PKG|tdc_tsw
10:36:00.0 (192628208)|ENTERING_MANAGED_PKG|tdc_tsw
10:36:00.0 (192875510)|ENTERING_MANAGED_PKG|tdc_tsw
10:36:00.0 (193275628)|ENTERING_MANAGED_PKG|tdc_tsw
10:36:00.0 (194392570)|ENTERING_MANAGED_PKG|tdc_tsw
10:36:00.0 (195152111)|ENTERING_MANAGED_PKG|tdc_tsw
10:36:00.0 (195388633)|ENTERING_MANAGED_PKG|tdc_tsw
10:36:00.0 (195799659)|ENTERING_MANAGED_PKG|tdc_tsw
10:36:00.0 (196918434)|ENTERING_MANAGED_PKG|tdc_tsw
10:36:00.0 (197672316)|ENTERING_MANAGED_PKG|tdc_tsw
10:36:00.0 (197918482)|ENTERING_MANAGED_PKG|tdc_tsw
10:36:00.0 (198320805)|ENTERING_MANAGED_PKG|tdc_tsw
10:36:00.0 (199433894)|ENTERING_MANAGED_PKG|tdc_tsw
10:36:00.0 (200192668)|ENTERING_MANAGED_PKG|tdc_tsw
10:36:00.0 (200432752)|ENTERING_MANAGED_PKG|tdc_tsw
10:36:00.0 (200842974)|ENTERING_MANAGED_PKG|tdc_tsw
10:36:00.0 (201960997)|ENTERING_MANAGED_PKG|tdc_tsw
10:36:00.0 (206032949)|ENTERING_MANAGED_PKG|tdc_tsw
10:36:00.0 (206285992)|ENTERING_MANAGED_PKG|tdc_tsw
10:36:00.0 (206691394)|ENTERING_MANAGED_PKG|tdc_tsw
10:36:00.0 (207824197)|ENTERING_MANAGED_PKG|tdc_tsw
10:36:00.0 (208588588)|ENTERING_MANAGED_PKG|tdc_tsw
10:36:00.0 (208834824)|ENTERING_MANAGED_PKG|tdc_tsw
10:36:00.0 (209236944)|ENTERING_MANAGED_PKG|tdc_tsw
10:36:00.0 (210358756)|ENTERING_MANAGED_PKG|tdc_tsw
10:36:00.0 (211121238)|ENTERING_MANAGED_PKG|tdc_tsw
10:36:00.0 (211360132)|ENTERING_MANAGED_PKG|tdc_tsw
10:36:00.0 (211768314)|ENTERING_MANAGED_PKG|tdc_tsw
10:36:00.0 (212883042)|ENTERING_MANAGED_PKG|tdc_tsw
10:36:00.0 (213633681)|ENTERING_MANAGED_PKG|tdc_tsw
10:36:00.0 (213881740)|ENTERING_MANAGED_PKG|tdc_tsw
10:36:00.0 (214287091)|ENTERING_MANAGED_PKG|tdc_tsw
10:36:00.0 (215407418)|ENTERING_MANAGED_PKG|tdc_tsw
10:36:00.0 (216174834)|ENTERING_MANAGED_PKG|tdc_tsw
10:36:00.0 (216390685)|ENTERING_MANAGED_PKG|tdc_tsw
10:36:00.0 (216806635)|ENTERING_MANAGED_PKG|tdc_tsw
10:36:00.0 (217926628)|ENTERING_MANAGED_PKG|tdc_tsw
10:36:00.0 (218691881)|ENTERING_MANAGED_PKG|tdc_tsw
10:36:00.0 (218935500)|ENTERING_MANAGED_PKG|tdc_tsw
10:36:00.0 (219337567)|ENTERING_MANAGED_PKG|tdc_tsw
10:36:00.0 (220636704)|ENTERING_MANAGED_PKG|tdc_tsw
10:36:00.0 (221791118)|ENTERING_MANAGED_PKG|tdc_tsw
10:36:00.0 (221876330)|ENTERING_MANAGED_PKG|tdc_tsw
10:36:00.0 (222553084)|SOQL_EXECUTE_BEGIN|[200]|Aggregations:0|SELECT Name, NamespacePrefix, SystemModStamp FROM StaticResource WHERE Name LIKE :tmpVar1 LIMIT 10
10:36:00.0 (226288224)|SOQL_EXECUTE_END|[200]|Rows:1
10:36:00.0 (227191269)|ENTERING_MANAGED_PKG|tdc_tsw
10:36:00.0 (227697064)|SOQL_EXECUTE_BEGIN|[200]|Aggregations:0|SELECT Name, NamespacePrefix, SystemModStamp FROM StaticResource WHERE Name LIKE :tmpVar1 LIMIT 10
10:36:00.0 (230363054)|SOQL_EXECUTE_END|[200]|Rows:1
10:36:00.0 (230848831)|ENTERING_MANAGED_PKG|tdc_tsw
10:36:00.0 (234086615)|ENTERING_MANAGED_PKG|tdc_tsw
10:36:00.0 (235489495)|ENTERING_MANAGED_PKG|tdc_tsw
10:36:00.0 (235770964)|ENTERING_MANAGED_PKG|tdc_tsw
10:36:00.0 (237039158)|ENTERING_MANAGED_PKG|tdc_tsw
10:36:00.0 (237526174)|SOQL_EXECUTE_BEGIN|[200]|Aggregations:0|SELECT Name, NamespacePrefix, SystemModStamp FROM StaticResource WHERE Name LIKE :tmpVar1 LIMIT 10
10:36:00.0 (240707273)|SOQL_EXECUTE_END|[200]|Rows:1
10:36:00.251 (251935754)|USER_INFO|[EXTERNAL]|0051H000009gxp8|chanida.dev2@solvedbysoftwareco.com|Eastern Standard Time|GMT-05:00
10:36:00.251 (253415904)|ENTERING_MANAGED_PKG|tdc_tsw
10:36:00.251 (253645963)|ENTERING_MANAGED_PKG|tdc_tsw
10:36:00.251 (256516857)|SOQL_EXECUTE_BEGIN|[355]|Aggregations:0|SELECT id, name, Disable_Incoming_SMS_Sharing__c FROM User WHERE id = :tmpVar1
10:36:00.251 (263027908)|SOQL_EXECUTE_END|[355]|Rows:1
10:36:00.251 (264125863)|SOQL_EXECUTE_BEGIN|[367]|Aggregations:0|SELECT CreatedDate,Id,LastModifiedDate,Related_Object_Id__c FROM Message__c WHERE Name = 'Incoming' AND Read__c = false ORDER BY CreatedDate Desc limit 100
10:36:00.251 (273709013)|SOQL_EXECUTE_END|[367]|Rows:100
