44.0 APEX_CODE,FINEST;APEX_PROFILING,INFO;CALLOUT,INFO;DB,INFO;NBA,INFO;SYSTEM,DEBUG;VALIDATION,INFO;VISUALFORCE,INFO;WAVE,INFO;WORKFLOW,INFO
17:41:20.0 (130424)|USER_INFO|[EXTERNAL]|0051H000009gxp8|chanida.dev2@solvedbysoftwareco.com|Eastern Standard Time|GMT-05:00
17:41:20.0 (1694599)|ENTERING_MANAGED_PKG|tdc_tsw
17:41:20.0 (2174961)|ENTERING_MANAGED_PKG|tdc_tsw
17:41:20.0 (6480843)|SOQL_EXECUTE_BEGIN|[16]|Aggregations:0|SELECT id, name, Disable_Incoming_SMS_Sharing__c FROM User WHERE id = :tmpVar1
17:41:20.0 (16761220)|SOQL_EXECUTE_END|[16]|Rows:1
17:41:20.0 (22598703)|SOQL_EXECUTE_BEGIN|[37]|Aggregations:0|SELECT CreatedDate,Created_Date__c,Id,LastModifiedDate,MessageId__c,Message_Text_New__c,Name,OwnerId,Read__c,Related_Object_Id__c,Related_Object__c,Sender_Number__c, Sender_Name__c,ToNumber__c,Attachments_Ids__c FROM Message__c WHERE Name = 'Incoming' AND Read__c = false ORDER BY CreatedDate Desc limit 100
17:41:20.0 (38123124)|SOQL_EXECUTE_END|[37]|Rows:60
17:41:20.0 (51719196)|ENTERING_MANAGED_PKG|tdc_tsw
17:41:20.0 (53674962)|ENTERING_MANAGED_PKG|tdc_tsw
17:41:20.0 (54188629)|ENTERING_MANAGED_PKG|tdc_tsw
17:41:20.0 (54981462)|ENTERING_MANAGED_PKG|tdc_tsw
17:41:20.0 (58291822)|ENTERING_MANAGED_PKG|tdc_tsw
17:41:20.0 (59318243)|ENTERING_MANAGED_PKG|tdc_tsw
17:41:20.0 (59644886)|ENTERING_MANAGED_PKG|tdc_tsw
17:41:20.0 (60165455)|ENTERING_MANAGED_PKG|tdc_tsw
17:41:20.0 (61587468)|ENTERING_MANAGED_PKG|tdc_tsw
17:41:20.0 (62536518)|ENTERING_MANAGED_PKG|tdc_tsw
17:41:20.0 (62820127)|ENTERING_MANAGED_PKG|tdc_tsw
17:41:20.0 (63348060)|ENTERING_MANAGED_PKG|tdc_tsw
17:41:20.0 (64722764)|ENTERING_MANAGED_PKG|tdc_tsw
17:41:20.0 (65659097)|ENTERING_MANAGED_PKG|tdc_tsw
17:41:20.0 (65920521)|ENTERING_MANAGED_PKG|tdc_tsw
17:41:20.0 (66434120)|ENTERING_MANAGED_PKG|tdc_tsw
17:41:20.0 (67800378)|ENTERING_MANAGED_PKG|tdc_tsw
17:41:20.0 (68749859)|ENTERING_MANAGED_PKG|tdc_tsw
17:41:20.0 (69051955)|ENTERING_MANAGED_PKG|tdc_tsw
17:41:20.0 (69617925)|ENTERING_MANAGED_PKG|tdc_tsw
17:41:20.0 (71007753)|ENTERING_MANAGED_PKG|tdc_tsw
17:41:20.0 (71982466)|ENTERING_MANAGED_PKG|tdc_tsw
17:41:20.0 (72286869)|ENTERING_MANAGED_PKG|tdc_tsw
17:41:20.0 (73167793)|ENTERING_MANAGED_PKG|tdc_tsw
17:41:20.0 (78479984)|ENTERING_MANAGED_PKG|tdc_tsw
17:41:20.0 (79318725)|ENTERING_MANAGED_PKG|tdc_tsw
17:41:20.0 (79399847)|ENTERING_MANAGED_PKG|tdc_tsw
17:41:20.0 (80002884)|SOQL_EXECUTE_BEGIN|[200]|Aggregations:0|SELECT Name, NamespacePrefix, SystemModStamp FROM StaticResource WHERE Name LIKE :tmpVar1 LIMIT 10
17:41:20.0 (83491305)|SOQL_EXECUTE_END|[200]|Rows:1
17:41:20.0 (84347817)|ENTERING_MANAGED_PKG|tdc_tsw
17:41:20.0 (84744607)|SOQL_EXECUTE_BEGIN|[200]|Aggregations:0|SELECT Name, NamespacePrefix, SystemModStamp FROM StaticResource WHERE Name LIKE :tmpVar1 LIMIT 10
17:41:20.0 (87021002)|SOQL_EXECUTE_END|[200]|Rows:1
17:41:20.0 (87426692)|ENTERING_MANAGED_PKG|tdc_tsw
17:41:20.0 (90949141)|ENTERING_MANAGED_PKG|tdc_tsw
17:41:20.0 (92533625)|ENTERING_MANAGED_PKG|tdc_tsw
17:41:20.0 (92843841)|ENTERING_MANAGED_PKG|tdc_tsw
17:41:20.0 (93729666)|ENTERING_MANAGED_PKG|tdc_tsw
17:41:20.0 (94169655)|SOQL_EXECUTE_BEGIN|[200]|Aggregations:0|SELECT Name, NamespacePrefix, SystemModStamp FROM StaticResource WHERE Name LIKE :tmpVar1 LIMIT 10
17:41:20.0 (96833606)|SOQL_EXECUTE_END|[200]|Rows:1
17:41:20.102 (102471699)|USER_INFO|[EXTERNAL]|0051H000009gxp8|chanida.dev2@solvedbysoftwareco.com|Eastern Standard Time|GMT-05:00
17:41:20.102 (103930501)|ENTERING_MANAGED_PKG|tdc_tsw
17:41:20.102 (104159930)|ENTERING_MANAGED_PKG|tdc_tsw
17:41:20.102 (106998540)|SOQL_EXECUTE_BEGIN|[355]|Aggregations:0|SELECT id, name, Disable_Incoming_SMS_Sharing__c FROM User WHERE id = :tmpVar1
17:41:20.102 (114021011)|SOQL_EXECUTE_END|[355]|Rows:1
17:41:20.102 (115018454)|SOQL_EXECUTE_BEGIN|[367]|Aggregations:0|SELECT CreatedDate,Id,LastModifiedDate,Related_Object_Id__c FROM Message__c WHERE Name = 'Incoming' AND Read__c = false ORDER BY CreatedDate Desc limit 100
17:41:20.102 (122146914)|SOQL_EXECUTE_END|[367]|Rows:60
