44.0 APEX_CODE,FINEST;APEX_PROFILING,INFO;CALLOUT,INFO;DB,INFO;NBA,INFO;SYSTEM,DEBUG;VALIDATION,INFO;VISUALFORCE,INFO;WAVE,INFO;WORKFLOW,INFO
17:49:49.0 (142256)|USER_INFO|[EXTERNAL]|0051H000009gxp8|chanida.dev2@solvedbysoftwareco.com|Eastern Standard Time|GMT-05:00
17:49:49.0 (1685406)|ENTERING_MANAGED_PKG|tdc_tsw
17:49:49.0 (2150070)|ENTERING_MANAGED_PKG|tdc_tsw
17:49:49.0 (6077298)|SOQL_EXECUTE_BEGIN|[16]|Aggregations:0|SELECT id, name, Disable_Incoming_SMS_Sharing__c FROM User WHERE id = :tmpVar1
17:49:49.0 (13642369)|SOQL_EXECUTE_END|[16]|Rows:1
17:49:49.0 (19245672)|SOQL_EXECUTE_BEGIN|[37]|Aggregations:0|SELECT CreatedDate,Created_Date__c,Id,LastModifiedDate,MessageId__c,Message_Text_New__c,Name,OwnerId,Read__c,Related_Object_Id__c,Related_Object__c,Sender_Number__c, Sender_Name__c,ToNumber__c,Attachments_Ids__c FROM Message__c WHERE Name = 'Incoming' AND Read__c = false ORDER BY CreatedDate Desc limit 100
17:49:49.0 (33295684)|SOQL_EXECUTE_END|[37]|Rows:62
17:49:49.0 (44486429)|ENTERING_MANAGED_PKG|tdc_tsw
17:49:49.0 (46314030)|ENTERING_MANAGED_PKG|tdc_tsw
17:49:49.0 (46805478)|ENTERING_MANAGED_PKG|tdc_tsw
17:49:49.0 (47541731)|ENTERING_MANAGED_PKG|tdc_tsw
17:49:49.0 (50424376)|ENTERING_MANAGED_PKG|tdc_tsw
17:49:49.0 (51265893)|ENTERING_MANAGED_PKG|tdc_tsw
17:49:49.0 (51545122)|ENTERING_MANAGED_PKG|tdc_tsw
17:49:49.0 (51964010)|ENTERING_MANAGED_PKG|tdc_tsw
17:49:49.0 (53155364)|ENTERING_MANAGED_PKG|tdc_tsw
17:49:49.0 (54275091)|ENTERING_MANAGED_PKG|tdc_tsw
17:49:49.0 (54502136)|ENTERING_MANAGED_PKG|tdc_tsw
17:49:49.0 (54918613)|ENTERING_MANAGED_PKG|tdc_tsw
17:49:49.0 (56158436)|ENTERING_MANAGED_PKG|tdc_tsw
17:49:49.0 (56961964)|ENTERING_MANAGED_PKG|tdc_tsw
17:49:49.0 (57179418)|ENTERING_MANAGED_PKG|tdc_tsw
17:49:49.0 (57600112)|ENTERING_MANAGED_PKG|tdc_tsw
17:49:49.0 (58750036)|ENTERING_MANAGED_PKG|tdc_tsw
17:49:49.0 (59544929)|ENTERING_MANAGED_PKG|tdc_tsw
17:49:49.0 (59788258)|ENTERING_MANAGED_PKG|tdc_tsw
17:49:49.0 (60197286)|ENTERING_MANAGED_PKG|tdc_tsw
17:49:49.0 (61395043)|ENTERING_MANAGED_PKG|tdc_tsw
17:49:49.0 (62178444)|ENTERING_MANAGED_PKG|tdc_tsw
17:49:49.0 (62421173)|ENTERING_MANAGED_PKG|tdc_tsw
17:49:49.0 (63124492)|ENTERING_MANAGED_PKG|tdc_tsw
17:49:49.0 (64608150)|ENTERING_MANAGED_PKG|tdc_tsw
17:49:49.0 (65451725)|ENTERING_MANAGED_PKG|tdc_tsw
17:49:49.0 (65543094)|ENTERING_MANAGED_PKG|tdc_tsw
17:49:49.0 (66149161)|SOQL_EXECUTE_BEGIN|[200]|Aggregations:0|SELECT Name, NamespacePrefix, SystemModStamp FROM StaticResource WHERE Name LIKE :tmpVar1 LIMIT 10
17:49:49.0 (69291536)|SOQL_EXECUTE_END|[200]|Rows:1
17:49:49.0 (70155134)|ENTERING_MANAGED_PKG|tdc_tsw
17:49:49.0 (70618453)|SOQL_EXECUTE_BEGIN|[200]|Aggregations:0|SELECT Name, NamespacePrefix, SystemModStamp FROM StaticResource WHERE Name LIKE :tmpVar1 LIMIT 10
17:49:49.0 (73107238)|SOQL_EXECUTE_END|[200]|Rows:1
17:49:49.0 (73545298)|ENTERING_MANAGED_PKG|tdc_tsw
17:49:49.0 (78214088)|ENTERING_MANAGED_PKG|tdc_tsw
17:49:49.0 (80121146)|ENTERING_MANAGED_PKG|tdc_tsw
17:49:49.0 (80495503)|ENTERING_MANAGED_PKG|tdc_tsw
17:49:49.0 (81489215)|ENTERING_MANAGED_PKG|tdc_tsw
17:49:49.0 (81969377)|SOQL_EXECUTE_BEGIN|[200]|Aggregations:0|SELECT Name, NamespacePrefix, SystemModStamp FROM StaticResource WHERE Name LIKE :tmpVar1 LIMIT 10
17:49:49.0 (86764769)|SOQL_EXECUTE_END|[200]|Rows:1
17:49:49.108 (108796689)|USER_INFO|[EXTERNAL]|0051H000009gxp8|chanida.dev2@solvedbysoftwareco.com|Eastern Standard Time|GMT-05:00
17:49:49.108 (110493740)|ENTERING_MANAGED_PKG|tdc_tsw
17:49:49.108 (110733794)|ENTERING_MANAGED_PKG|tdc_tsw
17:49:49.108 (113516218)|SOQL_EXECUTE_BEGIN|[355]|Aggregations:0|SELECT id, name, Disable_Incoming_SMS_Sharing__c FROM User WHERE id = :tmpVar1
17:49:49.108 (120138358)|SOQL_EXECUTE_END|[355]|Rows:1
17:49:49.108 (121296997)|SOQL_EXECUTE_BEGIN|[367]|Aggregations:0|SELECT CreatedDate,Id,LastModifiedDate,Related_Object_Id__c FROM Message__c WHERE Name = 'Incoming' AND Read__c = false ORDER BY CreatedDate Desc limit 100
17:49:49.108 (129094044)|SOQL_EXECUTE_END|[367]|Rows:62
