36.0 APEX_CODE,FINEST;APEX_PROFILING,INFO;CALLOUT,INFO;DB,INFO;NBA,INFO;SYSTEM,DEBUG;VALIDATION,INFO;VISUALFORCE,INFO;WAVE,INFO;WORKFLOW,INFO
16:34:17.97 (97128700)|ENTERING_MANAGED_PKG|tdc_tsw
16:34:17.97 (97966378)|ENTERING_MANAGED_PKG|tdc_tsw
16:34:17.97 (98887023)|ENTERING_MANAGED_PKG|tdc_tsw
16:34:17.97 (100118763)|ENTERING_MANAGED_PKG|tdc_tsw
16:34:17.97 (100164793)|ENTERING_MANAGED_PKG|tdc_tsw
16:34:17.97 (117825165)|ENTERING_MANAGED_PKG|tdc_tsw
16:34:17.97 (121281760)|ENTERING_MANAGED_PKG|tdc_tsw
16:34:17.97 (121328164)|ENTERING_MANAGED_PKG|tdc_tsw
16:34:17.97 (121392025)|ENTERING_MANAGED_PKG|tdc_tsw
16:34:17.97 (122413290)|ENTERING_MANAGED_PKG|tdc_tsw
16:34:17.97 (122680620)|ENTERING_MANAGED_PKG|tdc_tsw
16:34:17.97 (122981844)|ENTERING_MANAGED_PKG|tdc_tsw
16:34:17.97 (124756161)|ENTERING_MANAGED_PKG|tdc_tsw
16:34:17.97 (124796508)|ENTERING_MANAGED_PKG|tdc_tsw
16:34:17.97 (125139096)|ENTERING_MANAGED_PKG|tdc_tsw
16:34:17.97 (127270992)|ENTERING_MANAGED_PKG|tdc_tsw
16:34:17.97 (128206997)|ENTERING_MANAGED_PKG|tdc_tsw
16:34:17.97 (128272078)|ENTERING_MANAGED_PKG|tdc_tsw
16:34:17.97 (128338318)|ENTERING_MANAGED_PKG|tdc_tsw
16:34:17.97 (128490873)|ENTERING_MANAGED_PKG|tdc_tsw
16:34:17.97 (128626445)|ENTERING_MANAGED_PKG|tdc_tsw
16:34:17.97 (129904810)|ENTERING_MANAGED_PKG|tdc_tsw
16:34:17.97 (129963822)|ENTERING_MANAGED_PKG|tdc_tsw
16:34:17.97 (130040511)|ENTERING_MANAGED_PKG|tdc_tsw
16:34:17.97 (130110391)|ENTERING_MANAGED_PKG|tdc_tsw
16:34:17.97 (130136232)|ENTERING_MANAGED_PKG|tdc_tsw
16:34:17.97 (130359893)|ENTERING_MANAGED_PKG|tdc_tsw
16:34:17.97 (130416444)|ENTERING_MANAGED_PKG|tdc_tsw
16:34:17.97 (130476912)|ENTERING_MANAGED_PKG|tdc_tsw
16:34:17.97 (130588251)|ENTERING_MANAGED_PKG|tdc_tsw
16:34:17.97 (130640407)|ENTERING_MANAGED_PKG|tdc_tsw
16:34:17.97 (131503233)|ENTERING_MANAGED_PKG|tdc_tsw
16:34:17.97 (131574023)|ENTERING_MANAGED_PKG|tdc_tsw
16:34:17.97 (131640886)|ENTERING_MANAGED_PKG|tdc_tsw
16:34:17.97 (132212707)|ENTERING_MANAGED_PKG|tdc_tsw
16:34:17.97 (132263223)|ENTERING_MANAGED_PKG|tdc_tsw
16:34:17.97 (132316230)|ENTERING_MANAGED_PKG|tdc_tsw
16:34:17.97 (132373715)|ENTERING_MANAGED_PKG|tdc_tsw
16:34:17.97 (132477980)|ENTERING_MANAGED_PKG|tdc_tsw
16:34:17.97 (132581005)|ENTERING_MANAGED_PKG|tdc_tsw
16:34:17.97 (132625242)|ENTERING_MANAGED_PKG|tdc_tsw
16:34:17.97 (132695201)|ENTERING_MANAGED_PKG|tdc_tsw
16:34:17.97 (132737612)|ENTERING_MANAGED_PKG|tdc_tsw
16:34:17.97 (132776217)|ENTERING_MANAGED_PKG|tdc_tsw
16:34:17.97 (132810882)|ENTERING_MANAGED_PKG|tdc_tsw
16:34:17.97 (132860544)|ENTERING_MANAGED_PKG|tdc_tsw
16:34:17.97 (132932741)|ENTERING_MANAGED_PKG|tdc_tsw
16:34:17.97 (133542292)|ENTERING_MANAGED_PKG|tdc_tsw
16:34:17.97 (133606140)|ENTERING_MANAGED_PKG|tdc_tsw
16:34:17.97 (133839670)|ENTERING_MANAGED_PKG|tdc_tsw
16:34:17.97 (133964242)|ENTERING_MANAGED_PKG|tdc_tsw
16:34:17.97 (134100944)|ENTERING_MANAGED_PKG|tdc_tsw
16:34:17.97 (134153897)|ENTERING_MANAGED_PKG|tdc_tsw
16:34:17.97 (134220853)|ENTERING_MANAGED_PKG|tdc_tsw
16:34:17.97 (134550782)|ENTERING_MANAGED_PKG|tdc_tsw
16:34:17.97 (431039828)|ENTERING_MANAGED_PKG|tdc_tsw
16:34:17.97 (431156005)|ENTERING_MANAGED_PKG|tdc_tsw
16:34:17.97 (432091745)|ENTERING_MANAGED_PKG|tdc_tsw
16:34:17.97 (432177821)|ENTERING_MANAGED_PKG|tdc_tsw
16:34:17.97 (432282650)|ENTERING_MANAGED_PKG|tdc_tsw
16:34:17.97 (432367001)|ENTERING_MANAGED_PKG|tdc_tsw
16:34:17.97 (432413381)|ENTERING_MANAGED_PKG|tdc_tsw
16:34:17.97 (432462088)|ENTERING_MANAGED_PKG|tdc_tsw
16:34:17.97 (432522300)|ENTERING_MANAGED_PKG|tdc_tsw
16:34:17.97 (432566166)|ENTERING_MANAGED_PKG|tdc_tsw
16:34:17.97 (432600815)|ENTERING_MANAGED_PKG|tdc_tsw
16:34:17.97 (432682102)|ENTERING_MANAGED_PKG|tdc_tsw
16:34:17.97 (432738776)|ENTERING_MANAGED_PKG|tdc_tsw
16:34:17.97 (432786297)|ENTERING_MANAGED_PKG|tdc_tsw
16:34:17.97 (433985998)|ENTERING_MANAGED_PKG|tdc_tsw
16:34:17.97 (434337819)|ENTERING_MANAGED_PKG|tdc_tsw
16:34:17.97 (438145304)|ENTERING_MANAGED_PKG|tdc_tsw
16:34:17.97 (445456732)|ENTERING_MANAGED_PKG|tdc_tsw
16:34:17.97 (446282137)|ENTERING_MANAGED_PKG|tdc_tsw
16:34:17.97 (446362842)|ENTERING_MANAGED_PKG|tdc_tsw
16:34:17.97 (446410031)|ENTERING_MANAGED_PKG|tdc_tsw
16:34:17.97 (446484024)|ENTERING_MANAGED_PKG|tdc_tsw
16:34:17.97 (446544330)|ENTERING_MANAGED_PKG|tdc_tsw
16:34:17.97 (446664713)|ENTERING_MANAGED_PKG|tdc_tsw
16:34:17.97 (447031066)|ENTERING_MANAGED_PKG|tdc_tsw
16:34:17.97 (447083712)|ENTERING_MANAGED_PKG|tdc_tsw
16:34:17.97 (447321935)|ENTERING_MANAGED_PKG|tdc_tsw
16:34:17.97 (447374283)|ENTERING_MANAGED_PKG|tdc_tsw
16:34:17.97 (447628776)|ENTERING_MANAGED_PKG|tdc_tsw
16:34:17.97 (447692085)|ENTERING_MANAGED_PKG|tdc_tsw
16:34:17.97 (447734980)|ENTERING_MANAGED_PKG|tdc_tsw
16:34:17.97 (447768153)|ENTERING_MANAGED_PKG|tdc_tsw
16:34:17.97 (447808561)|ENTERING_MANAGED_PKG|tdc_tsw
16:34:17.97 (447870482)|ENTERING_MANAGED_PKG|tdc_tsw
16:34:17.97 (447950574)|ENTERING_MANAGED_PKG|tdc_tsw
16:34:17.97 (447979091)|ENTERING_MANAGED_PKG|tdc_tsw
16:34:17.97 (448024600)|ENTERING_MANAGED_PKG|tdc_tsw
16:34:17.97 (448178580)|ENTERING_MANAGED_PKG|tdc_tsw
16:34:17.97 (448214039)|ENTERING_MANAGED_PKG|tdc_tsw
16:34:17.97 (448270672)|ENTERING_MANAGED_PKG|tdc_tsw
16:34:17.97 (448312162)|ENTERING_MANAGED_PKG|tdc_tsw
16:34:17.97 (448352828)|ENTERING_MANAGED_PKG|tdc_tsw
16:34:17.97 (448407083)|ENTERING_MANAGED_PKG|tdc_tsw
16:34:17.97 (448449367)|ENTERING_MANAGED_PKG|tdc_tsw
16:34:17.97 (448507187)|ENTERING_MANAGED_PKG|tdc_tsw
16:34:17.97 (448544011)|ENTERING_MANAGED_PKG|tdc_tsw
16:34:17.97 (448665930)|ENTERING_MANAGED_PKG|tdc_tsw
16:34:17.97 (448756813)|ENTERING_MANAGED_PKG|tdc_tsw
16:34:17.97 (448825758)|ENTERING_MANAGED_PKG|tdc_tsw
16:34:17.97 (448882245)|ENTERING_MANAGED_PKG|tdc_tsw
16:34:17.97 (449016120)|ENTERING_MANAGED_PKG|tdc_tsw
16:34:17.97 (817306945)|ENTERING_MANAGED_PKG|tdc_tsw
16:34:17.97 (817712454)|ENTERING_MANAGED_PKG|tdc_tsw
16:34:17.97 (817750306)|ENTERING_MANAGED_PKG|tdc_tsw
16:34:17.97 (817819384)|ENTERING_MANAGED_PKG|tdc_tsw
16:34:17.97 (817881045)|ENTERING_MANAGED_PKG|tdc_tsw
16:34:17.97 (817908603)|ENTERING_MANAGED_PKG|tdc_tsw
16:34:17.97 (817933379)|ENTERING_MANAGED_PKG|tdc_tsw
16:34:17.97 (817970963)|ENTERING_MANAGED_PKG|tdc_tsw
16:34:17.97 (817996147)|ENTERING_MANAGED_PKG|tdc_tsw
16:34:17.97 (818017926)|ENTERING_MANAGED_PKG|tdc_tsw
16:34:17.97 (818088283)|ENTERING_MANAGED_PKG|tdc_tsw
16:34:17.97 (818155745)|ENTERING_MANAGED_PKG|tdc_tsw
16:34:17.97 (818203562)|ENTERING_MANAGED_PKG|tdc_tsw
16:34:17.97 (818293246)|ENTERING_MANAGED_PKG|tdc_tsw
16:34:17.97 (818399900)|ENTERING_MANAGED_PKG|tdc_tsw
16:34:17.97 (823065677)|ENTERING_MANAGED_PKG|tdc_tsw
16:34:17.97 (823740424)|ENTERING_MANAGED_PKG|tdc_tsw
16:34:17.97 (830919235)|ENTERING_MANAGED_PKG|tdc_tsw
16:34:17.97 (831884005)|ENTERING_MANAGED_PKG|tdc_tsw
16:34:17.97 (838489909)|ENTERING_MANAGED_PKG|tdc_tsw
16:34:17.97 (839448084)|ENTERING_MANAGED_PKG|tdc_tsw
16:34:17.97 (845860413)|ENTERING_MANAGED_PKG|tdc_tsw
16:34:17.97 (846808085)|ENTERING_MANAGED_PKG|tdc_tsw
16:34:17.97 (853286334)|ENTERING_MANAGED_PKG|tdc_tsw
16:34:17.97 (854206159)|ENTERING_MANAGED_PKG|tdc_tsw
16:34:17.97 (860665904)|ENTERING_MANAGED_PKG|tdc_tsw
16:34:17.97 (861644337)|ENTERING_MANAGED_PKG|tdc_tsw
16:34:17.97 (868307097)|ENTERING_MANAGED_PKG|tdc_tsw
16:34:17.97 (869223305)|ENTERING_MANAGED_PKG|tdc_tsw
16:34:17.97 (875588146)|ENTERING_MANAGED_PKG|tdc_tsw
16:34:17.97 (876505933)|ENTERING_MANAGED_PKG|tdc_tsw
16:34:17.97 (882887505)|ENTERING_MANAGED_PKG|tdc_tsw
16:34:17.97 (883815810)|ENTERING_MANAGED_PKG|tdc_tsw
16:34:17.97 (890148491)|ENTERING_MANAGED_PKG|tdc_tsw
16:34:17.97 (891066722)|ENTERING_MANAGED_PKG|tdc_tsw
16:34:17.97 (897445839)|ENTERING_MANAGED_PKG|tdc_tsw
16:34:17.97 (898360110)|ENTERING_MANAGED_PKG|tdc_tsw
16:34:17.97 (905145429)|ENTERING_MANAGED_PKG|tdc_tsw
16:34:17.97 (906108781)|ENTERING_MANAGED_PKG|tdc_tsw
16:34:17.97 (913392611)|ENTERING_MANAGED_PKG|tdc_tsw
16:34:17.97 (914330246)|ENTERING_MANAGED_PKG|tdc_tsw
16:34:17.97 (920796909)|ENTERING_MANAGED_PKG|tdc_tsw
16:34:17.97 (921763763)|ENTERING_MANAGED_PKG|tdc_tsw
16:34:17.97 (928335544)|ENTERING_MANAGED_PKG|tdc_tsw
16:34:17.97 (929268357)|ENTERING_MANAGED_PKG|tdc_tsw
16:34:17.97 (935665874)|ENTERING_MANAGED_PKG|tdc_tsw
16:34:17.97 (936594068)|ENTERING_MANAGED_PKG|tdc_tsw
16:34:17.97 (943036115)|ENTERING_MANAGED_PKG|tdc_tsw
16:34:17.97 (943965898)|ENTERING_MANAGED_PKG|tdc_tsw
16:34:17.97 (950409711)|ENTERING_MANAGED_PKG|tdc_tsw
16:34:17.97 (951342958)|ENTERING_MANAGED_PKG|tdc_tsw
16:34:17.97 (958215832)|ENTERING_MANAGED_PKG|tdc_tsw
16:34:17.97 (959147817)|ENTERING_MANAGED_PKG|tdc_tsw
16:34:17.97 (965911999)|ENTERING_MANAGED_PKG|tdc_tsw
16:34:17.97 (966910706)|ENTERING_MANAGED_PKG|tdc_tsw
16:34:17.97 (973395800)|ENTERING_MANAGED_PKG|tdc_tsw
16:34:17.97 (974331607)|ENTERING_MANAGED_PKG|tdc_tsw
16:34:17.97 (980781178)|ENTERING_MANAGED_PKG|tdc_tsw
16:34:17.97 (981720434)|ENTERING_MANAGED_PKG|tdc_tsw
16:34:17.97 (988361586)|ENTERING_MANAGED_PKG|tdc_tsw
16:34:17.97 (989355387)|ENTERING_MANAGED_PKG|tdc_tsw
16:34:17.97 (996394733)|ENTERING_MANAGED_PKG|tdc_tsw
16:34:17.97 (997502239)|ENTERING_MANAGED_PKG|tdc_tsw
16:34:17.97 (1003894462)|ENTERING_MANAGED_PKG|tdc_tsw
16:34:17.97 (1004885922)|ENTERING_MANAGED_PKG|tdc_tsw
16:34:17.97 (1011624945)|ENTERING_MANAGED_PKG|tdc_tsw
16:34:17.97 (1012581015)|ENTERING_MANAGED_PKG|tdc_tsw
16:34:17.97 (1019185895)|ENTERING_MANAGED_PKG|tdc_tsw
16:34:17.97 (1020196929)|ENTERING_MANAGED_PKG|tdc_tsw
16:34:17.97 (1026651029)|ENTERING_MANAGED_PKG|tdc_tsw
16:34:17.97 (1027682121)|ENTERING_MANAGED_PKG|tdc_tsw
16:34:17.97 (1034082984)|ENTERING_MANAGED_PKG|tdc_tsw
16:34:17.97 (1035092714)|ENTERING_MANAGED_PKG|tdc_tsw
16:34:17.97 (1041627289)|ENTERING_MANAGED_PKG|tdc_tsw
16:34:17.97 (1042575623)|ENTERING_MANAGED_PKG|tdc_tsw
16:34:17.97 (1048984974)|ENTERING_MANAGED_PKG|tdc_tsw
16:34:17.97 (1049915094)|ENTERING_MANAGED_PKG|tdc_tsw
16:34:17.97 (1056312310)|ENTERING_MANAGED_PKG|tdc_tsw
16:34:17.97 (1057300529)|ENTERING_MANAGED_PKG|tdc_tsw
16:34:17.97 (1063831612)|ENTERING_MANAGED_PKG|tdc_tsw
16:34:17.97 (1064832104)|ENTERING_MANAGED_PKG|tdc_tsw
16:34:17.97 (1071312502)|ENTERING_MANAGED_PKG|tdc_tsw
16:34:17.97 (1072338590)|ENTERING_MANAGED_PKG|tdc_tsw
16:34:17.97 (1079094684)|ENTERING_MANAGED_PKG|tdc_tsw
16:34:17.97 (1080044459)|ENTERING_MANAGED_PKG|tdc_tsw
16:34:17.97 (1086516241)|ENTERING_MANAGED_PKG|tdc_tsw
16:34:17.97 (1087483698)|ENTERING_MANAGED_PKG|tdc_tsw
16:34:17.97 (1093978019)|ENTERING_MANAGED_PKG|tdc_tsw
16:34:17.97 (1094906709)|ENTERING_MANAGED_PKG|tdc_tsw
16:34:18.101 (1101493405)|ENTERING_MANAGED_PKG|tdc_tsw
16:34:18.101 (1103208229)|ENTERING_MANAGED_PKG|tdc_tsw
16:34:18.101 (1109970526)|ENTERING_MANAGED_PKG|tdc_tsw
16:34:18.101 (1110902947)|ENTERING_MANAGED_PKG|tdc_tsw
16:34:18.101 (1117297331)|ENTERING_MANAGED_PKG|tdc_tsw
16:34:18.101 (1118279687)|ENTERING_MANAGED_PKG|tdc_tsw
16:34:18.101 (1124716712)|ENTERING_MANAGED_PKG|tdc_tsw
16:34:18.101 (1125643704)|ENTERING_MANAGED_PKG|tdc_tsw
16:34:18.101 (1132190431)|ENTERING_MANAGED_PKG|tdc_tsw
16:34:18.101 (1133135818)|ENTERING_MANAGED_PKG|tdc_tsw
16:34:18.101 (1139644145)|ENTERING_MANAGED_PKG|tdc_tsw
16:34:18.101 (1140587901)|ENTERING_MANAGED_PKG|tdc_tsw
16:34:18.101 (1147158585)|ENTERING_MANAGED_PKG|tdc_tsw
16:34:18.101 (1148086390)|ENTERING_MANAGED_PKG|tdc_tsw
16:34:18.101 (1154479701)|ENTERING_MANAGED_PKG|tdc_tsw
16:34:18.101 (1155783860)|ENTERING_MANAGED_PKG|tdc_tsw
16:34:18.101 (1162172312)|ENTERING_MANAGED_PKG|tdc_tsw
16:34:18.101 (1163100846)|ENTERING_MANAGED_PKG|tdc_tsw
16:34:18.101 (1169596501)|ENTERING_MANAGED_PKG|tdc_tsw
16:34:18.101 (1170516852)|ENTERING_MANAGED_PKG|tdc_tsw
16:34:18.101 (1177089418)|ENTERING_MANAGED_PKG|tdc_tsw
16:34:18.101 (1178034640)|ENTERING_MANAGED_PKG|tdc_tsw
16:34:18.101 (1184553372)|ENTERING_MANAGED_PKG|tdc_tsw
16:34:18.101 (1185487662)|ENTERING_MANAGED_PKG|tdc_tsw
16:34:18.101 (1192018141)|ENTERING_MANAGED_PKG|tdc_tsw
16:34:18.101 (1192943018)|ENTERING_MANAGED_PKG|tdc_tsw
16:34:18.101 (1199278140)|ENTERING_MANAGED_PKG|tdc_tsw
16:34:18.101 (1202095601)|ENTERING_MANAGED_PKG|tdc_tsw
16:34:18.101 (1202274776)|ENTERING_MANAGED_PKG|tdc_tsw
16:34:18.101 (1202398499)|ENTERING_MANAGED_PKG|tdc_tsw
16:34:18.101 (1202517961)|ENTERING_MANAGED_PKG|tdc_tsw
16:34:18.101 (1202602640)|ENTERING_MANAGED_PKG|tdc_tsw
16:34:18.101 (1202654005)|ENTERING_MANAGED_PKG|tdc_tsw
16:34:18.101 (1202766275)|ENTERING_MANAGED_PKG|tdc_tsw
16:34:18.101 (1202813333)|ENTERING_MANAGED_PKG|tdc_tsw
16:34:18.101 (1203204845)|ENTERING_MANAGED_PKG|tdc_tsw
16:34:18.101 (1203334466)|ENTERING_MANAGED_PKG|tdc_tsw
16:34:18.101 (1204749084)|ENTERING_MANAGED_PKG|tdc_tsw
16:34:18.101 (1205094777)|ENTERING_MANAGED_PKG|tdc_tsw
16:34:18.101 (1211604019)|ENTERING_MANAGED_PKG|tdc_tsw
16:34:18.101 (1212532294)|ENTERING_MANAGED_PKG|tdc_tsw
16:34:18.101 (1218854640)|ENTERING_MANAGED_PKG|tdc_tsw
16:34:18.101 (1219787733)|ENTERING_MANAGED_PKG|tdc_tsw
16:34:18.101 (1226216355)|ENTERING_MANAGED_PKG|tdc_tsw
16:34:18.101 (1227155237)|ENTERING_MANAGED_PKG|tdc_tsw
16:34:18.101 (1233490903)|ENTERING_MANAGED_PKG|tdc_tsw
16:34:18.101 (1234403478)|ENTERING_MANAGED_PKG|tdc_tsw
16:34:18.101 (1240754839)|ENTERING_MANAGED_PKG|tdc_tsw
16:34:18.101 (1241671716)|ENTERING_MANAGED_PKG|tdc_tsw
16:34:18.101 (1247977129)|ENTERING_MANAGED_PKG|tdc_tsw
16:34:18.101 (1248894110)|ENTERING_MANAGED_PKG|tdc_tsw
16:34:18.101 (1255367413)|ENTERING_MANAGED_PKG|tdc_tsw
16:34:18.101 (1256291475)|ENTERING_MANAGED_PKG|tdc_tsw
16:34:18.101 (1262695835)|ENTERING_MANAGED_PKG|tdc_tsw
16:34:18.101 (1263634032)|ENTERING_MANAGED_PKG|tdc_tsw
16:34:18.101 (1269980762)|ENTERING_MANAGED_PKG|tdc_tsw
16:34:18.101 (1270898244)|ENTERING_MANAGED_PKG|tdc_tsw
16:34:18.101 (1277240935)|ENTERING_MANAGED_PKG|tdc_tsw
16:34:18.101 (1278158456)|ENTERING_MANAGED_PKG|tdc_tsw
16:34:18.101 (1284503323)|ENTERING_MANAGED_PKG|tdc_tsw
16:34:18.101 (1285423337)|ENTERING_MANAGED_PKG|tdc_tsw
16:34:18.101 (1291725496)|ENTERING_MANAGED_PKG|tdc_tsw
16:34:18.101 (1292645204)|ENTERING_MANAGED_PKG|tdc_tsw
16:34:18.101 (1298988699)|ENTERING_MANAGED_PKG|tdc_tsw
16:34:18.101 (1299905305)|ENTERING_MANAGED_PKG|tdc_tsw
16:34:18.101 (1306226945)|ENTERING_MANAGED_PKG|tdc_tsw
16:34:18.101 (1307143772)|ENTERING_MANAGED_PKG|tdc_tsw
16:34:18.101 (1313529242)|ENTERING_MANAGED_PKG|tdc_tsw
16:34:18.101 (1314444460)|ENTERING_MANAGED_PKG|tdc_tsw
16:34:18.101 (1324268980)|ENTERING_MANAGED_PKG|tdc_tsw
16:34:18.101 (1325185485)|ENTERING_MANAGED_PKG|tdc_tsw
16:34:18.101 (1332082727)|ENTERING_MANAGED_PKG|tdc_tsw
16:34:18.101 (1333024847)|ENTERING_MANAGED_PKG|tdc_tsw
16:34:18.101 (1339990452)|ENTERING_MANAGED_PKG|tdc_tsw
16:34:18.101 (1340916623)|ENTERING_MANAGED_PKG|tdc_tsw
16:34:18.101 (1347264381)|ENTERING_MANAGED_PKG|tdc_tsw
16:34:18.101 (1348178568)|ENTERING_MANAGED_PKG|tdc_tsw
16:34:18.101 (1354529813)|ENTERING_MANAGED_PKG|tdc_tsw
16:34:18.101 (1355451134)|ENTERING_MANAGED_PKG|tdc_tsw
16:34:18.101 (1361942361)|ENTERING_MANAGED_PKG|tdc_tsw
16:34:18.101 (1362907207)|ENTERING_MANAGED_PKG|tdc_tsw
16:34:18.101 (1369384834)|ENTERING_MANAGED_PKG|tdc_tsw
16:34:18.101 (1370305766)|ENTERING_MANAGED_PKG|tdc_tsw
16:34:18.101 (1376710327)|ENTERING_MANAGED_PKG|tdc_tsw
16:34:18.101 (1377633530)|ENTERING_MANAGED_PKG|tdc_tsw
16:34:18.101 (1384015562)|ENTERING_MANAGED_PKG|tdc_tsw
16:34:18.101 (1384943749)|ENTERING_MANAGED_PKG|tdc_tsw
16:34:18.101 (1391241198)|ENTERING_MANAGED_PKG|tdc_tsw
16:34:18.101 (1392156596)|ENTERING_MANAGED_PKG|tdc_tsw
16:34:18.101 (1398484923)|ENTERING_MANAGED_PKG|tdc_tsw
16:34:18.101 (1399408063)|ENTERING_MANAGED_PKG|tdc_tsw
16:34:18.101 (1405738184)|ENTERING_MANAGED_PKG|tdc_tsw
16:34:18.101 (1406671224)|ENTERING_MANAGED_PKG|tdc_tsw
16:34:18.101 (1413062480)|ENTERING_MANAGED_PKG|tdc_tsw
16:34:18.101 (1413988422)|ENTERING_MANAGED_PKG|tdc_tsw
16:34:18.101 (1420336239)|ENTERING_MANAGED_PKG|tdc_tsw
16:34:18.101 (1421292842)|ENTERING_MANAGED_PKG|tdc_tsw
16:34:18.101 (1465177064)|ENTERING_MANAGED_PKG|tdc_tsw
16:34:18.101 (1466139618)|ENTERING_MANAGED_PKG|tdc_tsw
16:34:18.101 (1472485834)|ENTERING_MANAGED_PKG|tdc_tsw
16:34:18.101 (1473432735)|ENTERING_MANAGED_PKG|tdc_tsw
16:34:18.101 (1479747255)|ENTERING_MANAGED_PKG|tdc_tsw
16:34:18.101 (1480683708)|ENTERING_MANAGED_PKG|tdc_tsw
16:34:18.101 (1487006229)|ENTERING_MANAGED_PKG|tdc_tsw
16:34:18.101 (1487943618)|ENTERING_MANAGED_PKG|tdc_tsw
16:34:18.101 (1494269700)|ENTERING_MANAGED_PKG|tdc_tsw
16:34:18.101 (1495201568)|ENTERING_MANAGED_PKG|tdc_tsw
16:34:18.101 (1501525875)|ENTERING_MANAGED_PKG|tdc_tsw
16:34:18.101 (1502457929)|ENTERING_MANAGED_PKG|tdc_tsw
16:34:18.101 (1508798659)|ENTERING_MANAGED_PKG|tdc_tsw
16:34:18.101 (1509733518)|ENTERING_MANAGED_PKG|tdc_tsw
16:34:18.101 (1516083350)|ENTERING_MANAGED_PKG|tdc_tsw
16:34:18.101 (1517010519)|ENTERING_MANAGED_PKG|tdc_tsw
16:34:18.101 (1523341571)|ENTERING_MANAGED_PKG|tdc_tsw
16:34:18.101 (1524263660)|ENTERING_MANAGED_PKG|tdc_tsw
16:34:18.101 (1530587922)|ENTERING_MANAGED_PKG|tdc_tsw
16:34:18.101 (1531541027)|ENTERING_MANAGED_PKG|tdc_tsw
16:34:18.101 (1537884249)|ENTERING_MANAGED_PKG|tdc_tsw
16:34:18.101 (1538829997)|ENTERING_MANAGED_PKG|tdc_tsw
16:34:18.101 (1545182188)|ENTERING_MANAGED_PKG|tdc_tsw
16:34:18.101 (1546151698)|ENTERING_MANAGED_PKG|tdc_tsw
16:34:18.101 (1552505196)|ENTERING_MANAGED_PKG|tdc_tsw
16:34:18.101 (1553480279)|ENTERING_MANAGED_PKG|tdc_tsw
16:34:18.101 (1559819242)|ENTERING_MANAGED_PKG|tdc_tsw
16:34:18.101 (1560770325)|ENTERING_MANAGED_PKG|tdc_tsw
16:34:18.101 (1567115418)|ENTERING_MANAGED_PKG|tdc_tsw
16:34:18.101 (1568060984)|ENTERING_MANAGED_PKG|tdc_tsw
16:34:18.101 (1574407936)|ENTERING_MANAGED_PKG|tdc_tsw
16:34:18.101 (1575355154)|ENTERING_MANAGED_PKG|tdc_tsw
16:34:18.101 (1582082604)|ENTERING_MANAGED_PKG|tdc_tsw
16:34:18.101 (1583026324)|ENTERING_MANAGED_PKG|tdc_tsw
16:34:18.101 (1589387684)|ENTERING_MANAGED_PKG|tdc_tsw
16:34:18.101 (1590327672)|ENTERING_MANAGED_PKG|tdc_tsw
16:34:18.101 (1596662114)|ENTERING_MANAGED_PKG|tdc_tsw
16:34:18.101 (1597597326)|ENTERING_MANAGED_PKG|tdc_tsw
16:34:18.101 (1603942676)|ENTERING_MANAGED_PKG|tdc_tsw
16:34:18.101 (1604896503)|ENTERING_MANAGED_PKG|tdc_tsw
16:34:18.101 (1611232329)|ENTERING_MANAGED_PKG|tdc_tsw
16:34:18.101 (1613935463)|ENTERING_MANAGED_PKG|tdc_tsw
16:34:18.101 (1614106369)|ENTERING_MANAGED_PKG|tdc_tsw
16:34:18.101 (1614352203)|ENTERING_MANAGED_PKG|tdc_tsw
16:34:18.101 (1614405816)|ENTERING_MANAGED_PKG|tdc_tsw
16:34:18.101 (1614455822)|ENTERING_MANAGED_PKG|tdc_tsw
16:34:18.101 (1614505221)|ENTERING_MANAGED_PKG|tdc_tsw
16:34:18.101 (1614541326)|ENTERING_MANAGED_PKG|tdc_tsw
16:34:18.101 (1614642362)|ENTERING_MANAGED_PKG|tdc_tsw
16:34:18.101 (1614855038)|ENTERING_MANAGED_PKG|tdc_tsw
16:34:18.101 (1614889799)|ENTERING_MANAGED_PKG|tdc_tsw
16:34:18.101 (1614928807)|ENTERING_MANAGED_PKG|tdc_tsw
16:34:18.101 (1614965039)|ENTERING_MANAGED_PKG|tdc_tsw
16:34:18.101 (1614994228)|ENTERING_MANAGED_PKG|tdc_tsw
16:34:18.101 (1615078071)|ENTERING_MANAGED_PKG|tdc_tsw
16:34:18.101 (1615258072)|ENTERING_MANAGED_PKG|tdc_tsw
16:34:18.101 (1615292580)|ENTERING_MANAGED_PKG|tdc_tsw
16:34:18.101 (1615331270)|ENTERING_MANAGED_PKG|tdc_tsw
16:34:18.101 (1615367126)|ENTERING_MANAGED_PKG|tdc_tsw
16:34:18.101 (1615396527)|ENTERING_MANAGED_PKG|tdc_tsw
16:34:18.101 (1615482158)|ENTERING_MANAGED_PKG|tdc_tsw
16:34:18.101 (1615653845)|ENTERING_MANAGED_PKG|tdc_tsw
16:34:18.101 (1615687269)|ENTERING_MANAGED_PKG|tdc_tsw
16:34:18.101 (1615724978)|ENTERING_MANAGED_PKG|tdc_tsw
16:34:18.101 (1615760863)|ENTERING_MANAGED_PKG|tdc_tsw
16:34:18.101 (1615789862)|ENTERING_MANAGED_PKG|tdc_tsw
16:34:18.101 (1615872283)|ENTERING_MANAGED_PKG|tdc_tsw
16:34:18.101 (1616041332)|ENTERING_MANAGED_PKG|tdc_tsw
16:34:18.101 (1616075554)|ENTERING_MANAGED_PKG|tdc_tsw
16:34:18.101 (1616113806)|ENTERING_MANAGED_PKG|tdc_tsw
16:34:18.101 (1616150083)|ENTERING_MANAGED_PKG|tdc_tsw
16:34:18.101 (1616179146)|ENTERING_MANAGED_PKG|tdc_tsw
16:34:18.101 (1616266949)|ENTERING_MANAGED_PKG|tdc_tsw
16:34:18.101 (1616436772)|ENTERING_MANAGED_PKG|tdc_tsw
16:34:18.101 (1616470117)|ENTERING_MANAGED_PKG|tdc_tsw
16:34:18.101 (1616507782)|ENTERING_MANAGED_PKG|tdc_tsw
16:34:18.101 (1616543237)|ENTERING_MANAGED_PKG|tdc_tsw
16:34:18.101 (1616572093)|ENTERING_MANAGED_PKG|tdc_tsw
16:34:18.101 (1616654199)|ENTERING_MANAGED_PKG|tdc_tsw
16:34:18.101 (1616822273)|ENTERING_MANAGED_PKG|tdc_tsw
16:34:18.101 (1616855689)|ENTERING_MANAGED_PKG|tdc_tsw
16:34:18.101 (1616893402)|ENTERING_MANAGED_PKG|tdc_tsw
16:34:18.101 (1616929385)|ENTERING_MANAGED_PKG|tdc_tsw
16:34:18.101 (1616958365)|ENTERING_MANAGED_PKG|tdc_tsw
16:34:18.101 (1617043983)|ENTERING_MANAGED_PKG|tdc_tsw
16:34:18.101 (1617213523)|ENTERING_MANAGED_PKG|tdc_tsw
16:34:18.101 (1617254573)|ENTERING_MANAGED_PKG|tdc_tsw
16:34:18.101 (1617293635)|ENTERING_MANAGED_PKG|tdc_tsw
16:34:18.101 (1617330242)|ENTERING_MANAGED_PKG|tdc_tsw
16:34:18.101 (1617359063)|ENTERING_MANAGED_PKG|tdc_tsw
16:34:18.101 (1617440440)|ENTERING_MANAGED_PKG|tdc_tsw
16:34:18.101 (1617608993)|ENTERING_MANAGED_PKG|tdc_tsw
16:34:18.101 (1617642427)|ENTERING_MANAGED_PKG|tdc_tsw
16:34:18.101 (1617680285)|ENTERING_MANAGED_PKG|tdc_tsw
16:34:18.101 (1617715982)|ENTERING_MANAGED_PKG|tdc_tsw
16:34:18.101 (1617744955)|ENTERING_MANAGED_PKG|tdc_tsw
16:34:18.101 (1617827010)|ENTERING_MANAGED_PKG|tdc_tsw
16:34:18.101 (1617995305)|ENTERING_MANAGED_PKG|tdc_tsw
16:34:18.101 (1618028539)|ENTERING_MANAGED_PKG|tdc_tsw
16:34:18.101 (1618067293)|ENTERING_MANAGED_PKG|tdc_tsw
16:34:18.101 (1618103068)|ENTERING_MANAGED_PKG|tdc_tsw
16:34:18.101 (1618131968)|ENTERING_MANAGED_PKG|tdc_tsw
16:34:18.101 (1618214442)|ENTERING_MANAGED_PKG|tdc_tsw
16:34:18.101 (1618393237)|ENTERING_MANAGED_PKG|tdc_tsw
16:34:18.101 (1618426609)|ENTERING_MANAGED_PKG|tdc_tsw
16:34:18.101 (1618464022)|ENTERING_MANAGED_PKG|tdc_tsw
16:34:18.101 (1618499919)|ENTERING_MANAGED_PKG|tdc_tsw
16:34:18.101 (1618528787)|ENTERING_MANAGED_PKG|tdc_tsw
16:34:18.101 (1618610379)|ENTERING_MANAGED_PKG|tdc_tsw
16:34:18.101 (1618778932)|ENTERING_MANAGED_PKG|tdc_tsw
16:34:18.101 (1618812477)|ENTERING_MANAGED_PKG|tdc_tsw
16:34:18.101 (1618850518)|ENTERING_MANAGED_PKG|tdc_tsw
16:34:18.101 (1618886516)|ENTERING_MANAGED_PKG|tdc_tsw
16:34:18.101 (1618915700)|ENTERING_MANAGED_PKG|tdc_tsw
16:34:18.101 (1618996808)|ENTERING_MANAGED_PKG|tdc_tsw
16:34:18.101 (1619164341)|ENTERING_MANAGED_PKG|tdc_tsw
16:34:18.101 (1619198526)|ENTERING_MANAGED_PKG|tdc_tsw
16:34:18.101 (1619236706)|ENTERING_MANAGED_PKG|tdc_tsw
16:34:18.101 (1619281047)|ENTERING_MANAGED_PKG|tdc_tsw
16:34:18.101 (1619310688)|ENTERING_MANAGED_PKG|tdc_tsw
16:34:18.101 (1619392578)|ENTERING_MANAGED_PKG|tdc_tsw
16:34:18.101 (1619561536)|ENTERING_MANAGED_PKG|tdc_tsw
16:34:18.101 (1619594886)|ENTERING_MANAGED_PKG|tdc_tsw
16:34:18.101 (1619632985)|ENTERING_MANAGED_PKG|tdc_tsw
16:34:18.101 (1619668571)|ENTERING_MANAGED_PKG|tdc_tsw
16:34:18.101 (1619697868)|ENTERING_MANAGED_PKG|tdc_tsw
16:34:18.101 (1619779599)|ENTERING_MANAGED_PKG|tdc_tsw
16:34:18.101 (1619948371)|ENTERING_MANAGED_PKG|tdc_tsw
16:34:18.101 (1619981700)|ENTERING_MANAGED_PKG|tdc_tsw
16:34:18.101 (1620019610)|ENTERING_MANAGED_PKG|tdc_tsw
16:34:18.101 (1620055822)|ENTERING_MANAGED_PKG|tdc_tsw
16:34:18.101 (1620084730)|ENTERING_MANAGED_PKG|tdc_tsw
16:34:18.101 (1620166852)|ENTERING_MANAGED_PKG|tdc_tsw
16:34:18.101 (1620342044)|ENTERING_MANAGED_PKG|tdc_tsw
16:34:18.101 (1620375259)|ENTERING_MANAGED_PKG|tdc_tsw
16:34:18.101 (1620412922)|ENTERING_MANAGED_PKG|tdc_tsw
16:34:18.101 (1620448315)|ENTERING_MANAGED_PKG|tdc_tsw
16:34:18.101 (1620476987)|ENTERING_MANAGED_PKG|tdc_tsw
16:34:18.101 (1620559222)|ENTERING_MANAGED_PKG|tdc_tsw
16:34:18.101 (1620727356)|ENTERING_MANAGED_PKG|tdc_tsw
16:34:18.101 (1620760808)|ENTERING_MANAGED_PKG|tdc_tsw
16:34:18.101 (1620798476)|ENTERING_MANAGED_PKG|tdc_tsw
16:34:18.101 (1620834173)|ENTERING_MANAGED_PKG|tdc_tsw
16:34:18.101 (1620863514)|ENTERING_MANAGED_PKG|tdc_tsw
16:34:18.101 (1620944571)|ENTERING_MANAGED_PKG|tdc_tsw
16:34:18.101 (1621112390)|ENTERING_MANAGED_PKG|tdc_tsw
16:34:18.101 (1621147069)|ENTERING_MANAGED_PKG|tdc_tsw
16:34:18.101 (1621185019)|ENTERING_MANAGED_PKG|tdc_tsw
16:34:18.101 (1621220673)|ENTERING_MANAGED_PKG|tdc_tsw
16:34:18.101 (1621255152)|ENTERING_MANAGED_PKG|tdc_tsw
16:34:18.101 (1621339570)|ENTERING_MANAGED_PKG|tdc_tsw
16:34:18.101 (1621507567)|ENTERING_MANAGED_PKG|tdc_tsw
16:34:18.101 (1621540747)|ENTERING_MANAGED_PKG|tdc_tsw
16:34:18.101 (1621578187)|ENTERING_MANAGED_PKG|tdc_tsw
16:34:18.101 (1621613848)|ENTERING_MANAGED_PKG|tdc_tsw
16:34:18.101 (1621642491)|ENTERING_MANAGED_PKG|tdc_tsw
16:34:18.101 (1621724417)|ENTERING_MANAGED_PKG|tdc_tsw
16:34:18.101 (1621892721)|ENTERING_MANAGED_PKG|tdc_tsw
16:34:18.101 (1621926036)|ENTERING_MANAGED_PKG|tdc_tsw
16:34:18.101 (1621963964)|ENTERING_MANAGED_PKG|tdc_tsw
16:34:18.101 (1621999856)|ENTERING_MANAGED_PKG|tdc_tsw
16:34:18.101 (1622028734)|ENTERING_MANAGED_PKG|tdc_tsw
16:34:18.101 (1622111510)|ENTERING_MANAGED_PKG|tdc_tsw
16:34:18.101 (1622285750)|ENTERING_MANAGED_PKG|tdc_tsw
16:34:18.101 (1622319203)|ENTERING_MANAGED_PKG|tdc_tsw
16:34:18.101 (1622356532)|ENTERING_MANAGED_PKG|tdc_tsw
16:34:18.101 (1622392142)|ENTERING_MANAGED_PKG|tdc_tsw
16:34:18.101 (1622421269)|ENTERING_MANAGED_PKG|tdc_tsw
16:34:18.101 (1622501884)|ENTERING_MANAGED_PKG|tdc_tsw
16:34:18.101 (1622669201)|ENTERING_MANAGED_PKG|tdc_tsw
16:34:18.101 (1622702222)|ENTERING_MANAGED_PKG|tdc_tsw
16:34:18.101 (1622740165)|ENTERING_MANAGED_PKG|tdc_tsw
16:34:18.101 (1622776697)|ENTERING_MANAGED_PKG|tdc_tsw
16:34:18.101 (1622805816)|ENTERING_MANAGED_PKG|tdc_tsw
16:34:18.101 (1622886850)|ENTERING_MANAGED_PKG|tdc_tsw
16:34:18.101 (1623054906)|ENTERING_MANAGED_PKG|tdc_tsw
16:34:18.101 (1623088695)|ENTERING_MANAGED_PKG|tdc_tsw
16:34:18.101 (1623126314)|ENTERING_MANAGED_PKG|tdc_tsw
16:34:18.101 (1623162134)|ENTERING_MANAGED_PKG|tdc_tsw
16:34:18.101 (1623191311)|ENTERING_MANAGED_PKG|tdc_tsw
16:34:18.101 (1623278969)|ENTERING_MANAGED_PKG|tdc_tsw
16:34:18.101 (1623448071)|ENTERING_MANAGED_PKG|tdc_tsw
16:34:18.101 (1623481404)|ENTERING_MANAGED_PKG|tdc_tsw
16:34:18.101 (1623518921)|ENTERING_MANAGED_PKG|tdc_tsw
16:34:18.101 (1623554730)|ENTERING_MANAGED_PKG|tdc_tsw
16:34:18.101 (1623583705)|ENTERING_MANAGED_PKG|tdc_tsw
16:34:18.101 (1623664706)|ENTERING_MANAGED_PKG|tdc_tsw
16:34:18.101 (1623833956)|ENTERING_MANAGED_PKG|tdc_tsw
16:34:18.101 (1623867362)|ENTERING_MANAGED_PKG|tdc_tsw
16:34:18.101 (1623904954)|ENTERING_MANAGED_PKG|tdc_tsw
16:34:18.101 (1623940977)|ENTERING_MANAGED_PKG|tdc_tsw
16:34:18.101 (1623970220)|ENTERING_MANAGED_PKG|tdc_tsw
16:34:18.101 (1624051603)|ENTERING_MANAGED_PKG|tdc_tsw
16:34:18.101 (1624219883)|ENTERING_MANAGED_PKG|tdc_tsw
16:34:18.101 (1624260772)|ENTERING_MANAGED_PKG|tdc_tsw
16:34:18.101 (1624299337)|ENTERING_MANAGED_PKG|tdc_tsw
16:34:18.101 (1624334933)|ENTERING_MANAGED_PKG|tdc_tsw
16:34:18.101 (1624363924)|ENTERING_MANAGED_PKG|tdc_tsw
16:34:18.101 (1624444848)|ENTERING_MANAGED_PKG|tdc_tsw
16:34:18.101 (1624613190)|ENTERING_MANAGED_PKG|tdc_tsw
16:34:18.101 (1624646289)|ENTERING_MANAGED_PKG|tdc_tsw
16:34:18.101 (1624683869)|ENTERING_MANAGED_PKG|tdc_tsw
16:34:18.101 (1624719505)|ENTERING_MANAGED_PKG|tdc_tsw
16:34:18.101 (1624748210)|ENTERING_MANAGED_PKG|tdc_tsw
16:34:18.101 (1624829066)|ENTERING_MANAGED_PKG|tdc_tsw
16:34:18.101 (1624996806)|ENTERING_MANAGED_PKG|tdc_tsw
16:34:18.101 (1625030192)|ENTERING_MANAGED_PKG|tdc_tsw
16:34:18.101 (1625068654)|ENTERING_MANAGED_PKG|tdc_tsw
16:34:18.101 (1625104870)|ENTERING_MANAGED_PKG|tdc_tsw
16:34:18.101 (1625133999)|ENTERING_MANAGED_PKG|tdc_tsw
16:34:18.101 (1625216273)|ENTERING_MANAGED_PKG|tdc_tsw
16:34:18.101 (1625401762)|ENTERING_MANAGED_PKG|tdc_tsw
16:34:18.101 (1625435293)|ENTERING_MANAGED_PKG|tdc_tsw
16:34:18.101 (1625472869)|ENTERING_MANAGED_PKG|tdc_tsw
16:34:18.101 (1625509086)|ENTERING_MANAGED_PKG|tdc_tsw
16:34:18.101 (1625537993)|ENTERING_MANAGED_PKG|tdc_tsw
16:34:18.101 (1625619541)|ENTERING_MANAGED_PKG|tdc_tsw
16:34:18.101 (1625787440)|ENTERING_MANAGED_PKG|tdc_tsw
16:34:18.101 (1625821195)|ENTERING_MANAGED_PKG|tdc_tsw
16:34:18.101 (1625858964)|ENTERING_MANAGED_PKG|tdc_tsw
16:34:18.101 (1625894877)|ENTERING_MANAGED_PKG|tdc_tsw
16:34:18.101 (1625924055)|ENTERING_MANAGED_PKG|tdc_tsw
16:34:18.101 (1626005598)|ENTERING_MANAGED_PKG|tdc_tsw
16:34:18.101 (1626174259)|ENTERING_MANAGED_PKG|tdc_tsw
16:34:18.101 (1626207669)|ENTERING_MANAGED_PKG|tdc_tsw
16:34:18.101 (1626253554)|ENTERING_MANAGED_PKG|tdc_tsw
16:34:18.101 (1626291271)|ENTERING_MANAGED_PKG|tdc_tsw
16:34:18.101 (1626320721)|ENTERING_MANAGED_PKG|tdc_tsw
16:34:18.101 (1626402405)|ENTERING_MANAGED_PKG|tdc_tsw
16:34:18.101 (1626569794)|ENTERING_MANAGED_PKG|tdc_tsw
16:34:18.101 (1626602935)|ENTERING_MANAGED_PKG|tdc_tsw
16:34:18.101 (1626640331)|ENTERING_MANAGED_PKG|tdc_tsw
16:34:18.101 (1626676232)|ENTERING_MANAGED_PKG|tdc_tsw
16:34:18.101 (1626705164)|ENTERING_MANAGED_PKG|tdc_tsw
16:34:18.101 (1626786476)|ENTERING_MANAGED_PKG|tdc_tsw
16:34:18.101 (1626955230)|ENTERING_MANAGED_PKG|tdc_tsw
16:34:18.101 (1626988789)|ENTERING_MANAGED_PKG|tdc_tsw
16:34:18.101 (1627026766)|ENTERING_MANAGED_PKG|tdc_tsw
16:34:18.101 (1627062988)|ENTERING_MANAGED_PKG|tdc_tsw
16:34:18.101 (1627092196)|ENTERING_MANAGED_PKG|tdc_tsw
16:34:18.101 (1627174319)|ENTERING_MANAGED_PKG|tdc_tsw
16:34:18.101 (1627349292)|ENTERING_MANAGED_PKG|tdc_tsw
16:34:18.101 (1627383030)|ENTERING_MANAGED_PKG|tdc_tsw
16:34:18.101 (1627420731)|ENTERING_MANAGED_PKG|tdc_tsw
16:34:18.101 (1627456471)|ENTERING_MANAGED_PKG|tdc_tsw
16:34:18.101 (1627486786)|ENTERING_MANAGED_PKG|tdc_tsw
16:34:18.101 (1627567773)|ENTERING_MANAGED_PKG|tdc_tsw
16:34:18.101 (1627735817)|ENTERING_MANAGED_PKG|tdc_tsw
16:34:18.101 (1627769007)|ENTERING_MANAGED_PKG|tdc_tsw
16:34:18.101 (1627806652)|ENTERING_MANAGED_PKG|tdc_tsw
16:34:18.101 (1627842212)|ENTERING_MANAGED_PKG|tdc_tsw
16:34:18.101 (1627871435)|ENTERING_MANAGED_PKG|tdc_tsw
16:34:18.101 (1627952934)|ENTERING_MANAGED_PKG|tdc_tsw
16:34:18.101 (1628120610)|ENTERING_MANAGED_PKG|tdc_tsw
16:34:18.101 (1628154416)|ENTERING_MANAGED_PKG|tdc_tsw
16:34:18.101 (1628192895)|ENTERING_MANAGED_PKG|tdc_tsw
16:34:18.101 (1628228733)|ENTERING_MANAGED_PKG|tdc_tsw
16:34:18.101 (1628263581)|ENTERING_MANAGED_PKG|tdc_tsw
16:34:18.101 (1628346513)|ENTERING_MANAGED_PKG|tdc_tsw
16:34:18.101 (1628514790)|ENTERING_MANAGED_PKG|tdc_tsw
16:34:18.101 (1628548068)|ENTERING_MANAGED_PKG|tdc_tsw
16:34:18.101 (1628585637)|ENTERING_MANAGED_PKG|tdc_tsw
16:34:18.101 (1628621445)|ENTERING_MANAGED_PKG|tdc_tsw
16:34:18.101 (1628650461)|ENTERING_MANAGED_PKG|tdc_tsw
16:34:18.101 (1628732112)|ENTERING_MANAGED_PKG|tdc_tsw
16:34:18.101 (1628899652)|ENTERING_MANAGED_PKG|tdc_tsw
16:34:18.101 (1628933529)|ENTERING_MANAGED_PKG|tdc_tsw
16:34:18.101 (1628971386)|ENTERING_MANAGED_PKG|tdc_tsw
16:34:18.101 (1629007849)|ENTERING_MANAGED_PKG|tdc_tsw
16:34:18.101 (1629037552)|ENTERING_MANAGED_PKG|tdc_tsw
16:34:18.101 (1629119508)|ENTERING_MANAGED_PKG|tdc_tsw
16:34:18.101 (1629294211)|ENTERING_MANAGED_PKG|tdc_tsw
16:34:18.101 (1629327687)|ENTERING_MANAGED_PKG|tdc_tsw
16:34:18.101 (1629365419)|ENTERING_MANAGED_PKG|tdc_tsw
16:34:18.101 (1629401440)|ENTERING_MANAGED_PKG|tdc_tsw
16:34:18.101 (1629430440)|ENTERING_MANAGED_PKG|tdc_tsw
16:34:18.101 (1629512354)|ENTERING_MANAGED_PKG|tdc_tsw
16:34:18.101 (1629680653)|ENTERING_MANAGED_PKG|tdc_tsw
16:34:18.101 (1629713712)|ENTERING_MANAGED_PKG|tdc_tsw
16:34:18.101 (1629751282)|ENTERING_MANAGED_PKG|tdc_tsw
16:34:18.101 (1629787171)|ENTERING_MANAGED_PKG|tdc_tsw
16:34:18.101 (1629816210)|ENTERING_MANAGED_PKG|tdc_tsw
16:34:18.101 (1629897555)|ENTERING_MANAGED_PKG|tdc_tsw
16:34:18.101 (1630065129)|ENTERING_MANAGED_PKG|tdc_tsw
16:34:18.101 (1630099256)|ENTERING_MANAGED_PKG|tdc_tsw
16:34:18.101 (1630137016)|ENTERING_MANAGED_PKG|tdc_tsw
16:34:18.101 (1630172678)|ENTERING_MANAGED_PKG|tdc_tsw
16:34:18.101 (1630201608)|ENTERING_MANAGED_PKG|tdc_tsw
16:34:18.101 (1630289890)|ENTERING_MANAGED_PKG|tdc_tsw
16:34:18.101 (1630458792)|ENTERING_MANAGED_PKG|tdc_tsw
16:34:18.101 (1630492066)|ENTERING_MANAGED_PKG|tdc_tsw
16:34:18.101 (1630529771)|ENTERING_MANAGED_PKG|tdc_tsw
16:34:18.101 (1630566020)|ENTERING_MANAGED_PKG|tdc_tsw
16:34:18.101 (1630595173)|ENTERING_MANAGED_PKG|tdc_tsw
16:34:18.101 (1630676178)|ENTERING_MANAGED_PKG|tdc_tsw
16:34:18.101 (1630844091)|ENTERING_MANAGED_PKG|tdc_tsw
16:34:18.101 (1630877300)|ENTERING_MANAGED_PKG|tdc_tsw
16:34:18.101 (1630915156)|ENTERING_MANAGED_PKG|tdc_tsw
16:34:18.101 (1630950571)|ENTERING_MANAGED_PKG|tdc_tsw
16:34:18.101 (1630979231)|ENTERING_MANAGED_PKG|tdc_tsw
16:34:18.101 (1631060677)|ENTERING_MANAGED_PKG|tdc_tsw
16:34:18.101 (1631229504)|ENTERING_MANAGED_PKG|tdc_tsw
16:34:18.101 (1631268681)|ENTERING_MANAGED_PKG|tdc_tsw
16:34:18.101 (1631306911)|ENTERING_MANAGED_PKG|tdc_tsw
16:34:18.101 (1631342447)|ENTERING_MANAGED_PKG|tdc_tsw
16:34:18.101 (1631371340)|ENTERING_MANAGED_PKG|tdc_tsw
16:34:18.101 (1631453182)|ENTERING_MANAGED_PKG|tdc_tsw
16:34:18.101 (1631622420)|ENTERING_MANAGED_PKG|tdc_tsw
16:34:18.101 (1631655908)|ENTERING_MANAGED_PKG|tdc_tsw
16:34:18.101 (1631693348)|ENTERING_MANAGED_PKG|tdc_tsw
16:34:18.101 (1631729027)|ENTERING_MANAGED_PKG|tdc_tsw
16:34:18.101 (1631758283)|ENTERING_MANAGED_PKG|tdc_tsw
16:34:18.101 (1631839938)|ENTERING_MANAGED_PKG|tdc_tsw
16:34:18.101 (1632008213)|ENTERING_MANAGED_PKG|tdc_tsw
16:34:18.101 (1632042067)|ENTERING_MANAGED_PKG|tdc_tsw
16:34:18.101 (1632079729)|ENTERING_MANAGED_PKG|tdc_tsw
16:34:18.101 (1632115873)|ENTERING_MANAGED_PKG|tdc_tsw
16:34:18.101 (1632144851)|ENTERING_MANAGED_PKG|tdc_tsw
16:34:18.101 (1632225818)|ENTERING_MANAGED_PKG|tdc_tsw
16:34:18.101 (1632403575)|ENTERING_MANAGED_PKG|tdc_tsw
16:34:18.101 (1632436761)|ENTERING_MANAGED_PKG|tdc_tsw
16:34:18.101 (1632474528)|ENTERING_MANAGED_PKG|tdc_tsw
16:34:18.101 (1632509955)|ENTERING_MANAGED_PKG|tdc_tsw
16:34:18.101 (1632538734)|ENTERING_MANAGED_PKG|tdc_tsw
16:34:18.101 (1632619641)|ENTERING_MANAGED_PKG|tdc_tsw
16:34:18.101 (1632786459)|ENTERING_MANAGED_PKG|tdc_tsw
16:34:18.101 (1632819852)|ENTERING_MANAGED_PKG|tdc_tsw
16:34:18.101 (1632857495)|ENTERING_MANAGED_PKG|tdc_tsw
16:34:18.101 (1632893416)|ENTERING_MANAGED_PKG|tdc_tsw
16:34:18.101 (1632922337)|ENTERING_MANAGED_PKG|tdc_tsw
16:34:18.101 (1633004187)|ENTERING_MANAGED_PKG|tdc_tsw
16:34:18.101 (1633172528)|ENTERING_MANAGED_PKG|tdc_tsw
16:34:18.101 (1633205684)|ENTERING_MANAGED_PKG|tdc_tsw
16:34:18.101 (1633260344)|ENTERING_MANAGED_PKG|tdc_tsw
16:34:18.101 (1633302049)|ENTERING_MANAGED_PKG|tdc_tsw
16:34:18.101 (1633331458)|ENTERING_MANAGED_PKG|tdc_tsw
16:34:18.101 (1633413910)|ENTERING_MANAGED_PKG|tdc_tsw
16:34:18.101 (1633582592)|ENTERING_MANAGED_PKG|tdc_tsw
16:34:18.101 (1633615807)|ENTERING_MANAGED_PKG|tdc_tsw
16:34:18.101 (1633654195)|ENTERING_MANAGED_PKG|tdc_tsw
16:34:18.101 (1633690544)|ENTERING_MANAGED_PKG|tdc_tsw
16:34:18.101 (1633719473)|ENTERING_MANAGED_PKG|tdc_tsw
16:34:18.101 (1633801677)|ENTERING_MANAGED_PKG|tdc_tsw
16:34:18.101 (1638136397)|ENTERING_MANAGED_PKG|tdc_tsw
16:34:18.101 (1638220760)|ENTERING_MANAGED_PKG|tdc_tsw
16:34:18.101 (1638317109)|ENTERING_MANAGED_PKG|tdc_tsw
16:34:18.101 (1638378998)|ENTERING_MANAGED_PKG|tdc_tsw
16:34:18.101 (1638513758)|ENTERING_MANAGED_PKG|tdc_tsw
16:34:18.101 (1638567243)|ENTERING_MANAGED_PKG|tdc_tsw
16:34:18.101 (1638719350)|ENTERING_MANAGED_PKG|tdc_tsw
16:34:18.101 (1638769306)|ENTERING_MANAGED_PKG|tdc_tsw
16:34:18.101 (1638949733)|ENTERING_MANAGED_PKG|tdc_tsw
16:34:18.101 (1691434239)|SOQL_EXECUTE_BEGIN|[1842]|Aggregations:0|SELECT Id, name FROM RecordType WHERE (sObjectType = :tmpVar1 AND name = :tmpVar2) LIMIT 1
16:34:18.101 (1699144516)|SOQL_EXECUTE_END|[1842]|Rows:1
16:34:18.101 (1704145277)|ENTERING_MANAGED_PKG|tdc_tsw
16:34:18.101 (1710565910)|DML_BEGIN|[719]|Op:Insert|Type:tdc_tsw__Message__c|Rows:1
16:34:18.101 (1718277172)|ENTERING_MANAGED_PKG|tdc_tsw
16:34:18.719 (1719826773)|CUMULATIVE_LIMIT_USAGE
16:34:18.719 (1719826773)|LIMIT_USAGE_FOR_NS|(default)|
  Number of SOQL queries: 0 out of 200
  Number of query rows: 0 out of 50000
  Number of SOSL queries: 0 out of 20
  Number of DML statements: 0 out of 150
  Number of DML rows: 0 out of 10000
  Maximum CPU time: 666 out of 60000
  Maximum heap size: 0 out of 12000000
  Number of callouts: 0 out of 100
  Number of Email Invocations: 0 out of 10
  Number of future calls: 0 out of 50
  Number of queueable jobs added to the queue: 0 out of 1
  Number of Mobile Apex push calls: 0 out of 10

16:34:18.719 (1719826773)|LIMIT_USAGE_FOR_NS|tdc_tsw|
  Number of SOQL queries: 1 out of 200
  Number of query rows: 1 out of 50000
  Number of SOSL queries: 0 out of 20
  Number of DML statements: 1 out of 150
  Number of DML rows: 1 out of 10000
  Maximum CPU time: 0 out of 60000
  Maximum heap size: 0 out of 12000000
  Number of callouts: 2 out of 100
  Number of Email Invocations: 0 out of 10
  Number of future calls: 0 out of 50
  Number of queueable jobs added to the queue: 0 out of 1
  Number of Mobile Apex push calls: 0 out of 10

16:34:18.719 (1719826773)|CUMULATIVE_LIMIT_USAGE_END

16:34:18.723 (1723446192)|CODE_UNIT_STARTED|[EXTERNAL]|01q3B000000BSJB|IncomingSMS on Message trigger event BeforeInsert|__sfdc_trigger/IncomingSMS
16:34:18.723 (1723490706)|HEAP_ALLOCATE|[EXTERNAL]|Bytes:8
16:34:18.723 (1723532361)|HEAP_ALLOCATE|[EXTERNAL]|Bytes:1
16:34:18.723 (1723552897)|HEAP_ALLOCATE|[EXTERNAL]|Bytes:4
16:34:18.723 (1723578162)|VARIABLE_SCOPE_BEGIN|[1]|this|IncomingSMS|true|false
16:34:18.723 (1723654585)|VARIABLE_ASSIGNMENT|[1]|this|{}|0x2ffa2aac
16:34:18.723 (1723693140)|HEAP_ALLOCATE|[EXTERNAL]|Bytes:4
16:34:18.723 (1723702366)|VARIABLE_SCOPE_BEGIN|[1]|this|IncomingSMS|true|false
16:34:18.723 (1723719459)|VARIABLE_ASSIGNMENT|[1]|this|{}|0x2ffa2aac
16:34:18.723 (1723729866)|STATEMENT_EXECUTE|[1]
16:34:18.723 (1723750610)|STATEMENT_EXECUTE|[2]
16:34:18.723 (1723922386)|HEAP_ALLOCATE|[3]|Bytes:5
16:34:18.723 (1723946515)|HEAP_ALLOCATE|[3]|Bytes:4
16:34:18.723 (1723979395)|VARIABLE_SCOPE_BEGIN|[3]|sms|tdc_tsw__Message__c|true|false
16:34:18.723 (1730852859)|VARIABLE_ASSIGNMENT|[3]|sms|{"tdc_tsw__ToNumber__c":"+13038816946","tdc_tsw__Sender_Number__c":"17065037067","tdc_tsw__Read__c":false,"tdc_tsw__Message_Segment__c":1,"tdc_tsw__Read_Status__c":"Unread","tdc_tsw__Task_Created__c":false,"Name":"Outgoing","tdc_tsw__Event_Created__c":false,"tdc_tsw__Message_Text_New__c":"Select which informa (87 more) ...","tdc_tsw__MessageId__c":"SMa631aa22f8f84d22b9 (14 more) ...","tdc_tsw__Is_Keyword_Based__c":false,"OwnerId":"0051H000009gxp8QAA","tdc_tsw__Related_Object_Id_URL__c":"_HL_ENCODED_https:// (82 more) ...","RecordTypeId":"0121H000001Ie7gQAC","tdc_tsw__Question__c":"a1K3B000001eOHjUAM","tdc_tsw__Delivered_SMS__c":"_IM1_/resource/tdc_t (27 more) ...","tdc_tsw__Important__c":false,"tdc_tsw__Delivered__c":false,"tdc_tsw__Related_Object__c":"Lead","IsDeleted":false,"tdc_tsw__Incoming_Status__c":"Not Read","tdc_tsw__isCaseCreated__c":false,"tdc_tsw__Lead__c":"00Q3B000005aR76UAE","tdc_tsw__Related_Object_Id__c":"00Q3B000005aR76UAE","tdc_tsw__isLeadCreated__c":false,"tdc_tsw__Template_Parse_Id__c":"00Q3B000005aR76UAE","tdc_tsw__Delivery_Status__c":"Sent"}|0x3f696576
16:34:18.723 (1730884910)|STATEMENT_EXECUTE|[3]
16:34:18.723 (1730925125)|HEAP_ALLOCATE|[4]|Bytes:8
16:34:18.723 (1730953945)|STATEMENT_EXECUTE|[4]
16:34:18.723 (1730971805)|HEAP_ALLOCATE|[3]|Bytes:5
16:34:18.723 (1730997221)|VARIABLE_ASSIGNMENT|[3]|sms|null|
16:34:18.731 (1731008655)|CUMULATIVE_LIMIT_USAGE
16:34:18.731 (1731008655)|LIMIT_USAGE_FOR_NS|(default)|
  Number of SOQL queries: 0 out of 200
  Number of query rows: 0 out of 50000
  Number of SOSL queries: 0 out of 20
  Number of DML statements: 0 out of 150
  Number of DML rows: 0 out of 10000
  Maximum CPU time: 666 out of 60000
  Maximum heap size: 0 out of 12000000
  Number of callouts: 0 out of 100
  Number of Email Invocations: 0 out of 10
  Number of future calls: 0 out of 50
  Number of queueable jobs added to the queue: 0 out of 1
  Number of Mobile Apex push calls: 0 out of 10

16:34:18.731 (1731008655)|LIMIT_USAGE_FOR_NS|tdc_tsw|
  Number of SOQL queries: 1 out of 200
  Number of query rows: 1 out of 50000
  Number of SOSL queries: 0 out of 20
  Number of DML statements: 1 out of 150
  Number of DML rows: 1 out of 10000
  Maximum CPU time: 0 out of 60000
  Maximum heap size: 0 out of 12000000
  Number of callouts: 2 out of 100
  Number of Email Invocations: 0 out of 10
  Number of future calls: 0 out of 50
  Number of queueable jobs added to the queue: 0 out of 1
  Number of Mobile Apex push calls: 0 out of 10

16:34:18.731 (1731008655)|CUMULATIVE_LIMIT_USAGE_END

16:34:18.101 (1794700158)|ENTERING_MANAGED_PKG|tdc_tsw
16:34:18.101 (1795910147)|ENTERING_MANAGED_PKG|tdc_tsw
16:34:18.101 (1796492471)|ENTERING_MANAGED_PKG|tdc_tsw
16:34:18.101 (1796694077)|ENTERING_MANAGED_PKG|tdc_tsw
16:34:18.101 (1803281653)|SOQL_EXECUTE_BEGIN|[15]|Aggregations:0|SELECT Id, Email FROM User WHERE isActive = TRUE LIMIT 10000
16:34:18.101 (1809409214)|SOQL_EXECUTE_END|[15]|Rows:9
16:34:18.101 (1812153012)|ENTERING_MANAGED_PKG|tdc_tsw
16:34:18.101 (1819479914)|SOQL_EXECUTE_BEGIN|[434]|Aggregations:0|SELECT id, name, First_Question__c, Question_Text__c, Question__c, Question_Label__c, Object__c, tdc_tsw__Survey__c, Survey__r.name FROM Question__c WHERE id = :tmpVar1
16:34:18.101 (1827728566)|SOQL_EXECUTE_END|[434]|Rows:1
16:34:18.101 (1830317477)|ENTERING_MANAGED_PKG|tdc_tsw
16:34:18.101 (1831419358)|ENTERING_MANAGED_PKG|tdc_tsw
16:34:18.101 (1832182125)|ENTERING_MANAGED_PKG|tdc_tsw
16:34:18.101 (1832277480)|ENTERING_MANAGED_PKG|tdc_tsw
16:34:18.101 (1834119629)|DML_BEGIN|[467]|Op:Insert|Type:tdc_tsw__Survey_Response__c|Rows:1
16:34:18.101 (1858582885)|DML_END|[467]
16:34:18.101 (1859215474)|DML_BEGIN|[487]|Op:Update|Type:tdc_tsw__Message__c|Rows:1
16:34:18.101 (1886303601)|DML_END|[487]
16:34:18.101 (1886522593)|ENTERING_MANAGED_PKG|tdc_tsw
16:34:18.101 (1888092940)|SOQL_EXECUTE_BEGIN|[628]|Aggregations:0|Select id, leadId, contactId from CampaignMember where Id In : Ids
16:34:18.101 (1890700255)|SOQL_EXECUTE_END|[628]|Rows:0
16:34:18.891 (1891298904)|CUMULATIVE_LIMIT_USAGE
16:34:18.891 (1891298904)|LIMIT_USAGE_FOR_NS|(default)|
  Number of SOQL queries: 0 out of 200
  Number of query rows: 0 out of 50000
  Number of SOSL queries: 0 out of 20
  Number of DML statements: 0 out of 150
  Number of DML rows: 0 out of 10000
  Maximum CPU time: 807 out of 60000
  Maximum heap size: 0 out of 12000000
  Number of callouts: 0 out of 100
  Number of Email Invocations: 0 out of 10
  Number of future calls: 0 out of 50
  Number of queueable jobs added to the queue: 0 out of 1
  Number of Mobile Apex push calls: 0 out of 10

16:34:18.891 (1891298904)|LIMIT_USAGE_FOR_NS|tdc_tsw|
  Number of SOQL queries: 4 out of 200
  Number of query rows: 11 out of 50000
  Number of SOSL queries: 0 out of 20
  Number of DML statements: 3 out of 150
  Number of DML rows: 3 out of 10000
  Maximum CPU time: 0 out of 60000
  Maximum heap size: 0 out of 12000000
  Number of callouts: 2 out of 100
  Number of Email Invocations: 0 out of 10
  Number of future calls: 0 out of 50
  Number of queueable jobs added to the queue: 0 out of 1
  Number of Mobile Apex push calls: 0 out of 10

16:34:18.891 (1891298904)|CUMULATIVE_LIMIT_USAGE_END

16:34:18.101 (1923019475)|DML_END|[719]
16:34:18.101 (1923136240)|ENTERING_MANAGED_PKG|tdc_tsw
16:34:18.101 (1925315746)|DML_BEGIN|[1467]|Op:Update|Type:tdc_tsw__OrgSMSConfig__c|Rows:1
16:34:18.101 (1943634076)|DML_END|[1467]
