44.0 APEX_CODE,FINEST;APEX_PROFILING,INFO;CALLOUT,INFO;DB,INFO;NBA,INFO;SYSTEM,DEBUG;VALIDATION,INFO;VISUALFORCE,INFO;WAVE,INFO;WORKFLOW,INFO
22:44:17.0 (253055)|USER_INFO|[EXTERNAL]|0051H000009gxp8|chanida.dev2@solvedbysoftwareco.com|Eastern Standard Time|GMT-05:00
22:44:17.0 (1983326)|ENTERING_MANAGED_PKG|tdc_tsw
22:44:17.0 (2512454)|ENTERING_MANAGED_PKG|tdc_tsw
22:44:17.0 (6559761)|SOQL_EXECUTE_BEGIN|[16]|Aggregations:0|SELECT id, name, Disable_Incoming_SMS_Sharing__c FROM User WHERE id = :tmpVar1
22:44:17.0 (12919469)|SOQL_EXECUTE_END|[16]|Rows:1
22:44:17.0 (18566678)|SOQL_EXECUTE_BEGIN|[37]|Aggregations:0|SELECT CreatedDate,Created_Date__c,Id,LastModifiedDate,MessageId__c,Message_Text_New__c,Name,OwnerId,Read__c,Related_Object_Id__c,Related_Object__c,Sender_Number__c, Sender_Name__c,ToNumber__c,Attachments_Ids__c FROM Message__c WHERE Name = 'Incoming' AND Read__c = false ORDER BY CreatedDate Desc limit 100
22:44:17.0 (33905596)|SOQL_EXECUTE_END|[37]|Rows:100
22:44:17.0 (51882507)|ENTERING_MANAGED_PKG|tdc_tsw
22:44:17.0 (53652849)|ENTERING_MANAGED_PKG|tdc_tsw
22:44:17.0 (54167221)|ENTERING_MANAGED_PKG|tdc_tsw
22:44:17.0 (54828731)|ENTERING_MANAGED_PKG|tdc_tsw
22:44:17.0 (57306993)|ENTERING_MANAGED_PKG|tdc_tsw
22:44:17.0 (58049680)|ENTERING_MANAGED_PKG|tdc_tsw
22:44:17.0 (58283031)|ENTERING_MANAGED_PKG|tdc_tsw
22:44:17.0 (58653443)|ENTERING_MANAGED_PKG|tdc_tsw
22:44:17.0 (59659814)|ENTERING_MANAGED_PKG|tdc_tsw
22:44:17.0 (60385459)|ENTERING_MANAGED_PKG|tdc_tsw
22:44:17.0 (60614554)|ENTERING_MANAGED_PKG|tdc_tsw
22:44:17.0 (61000507)|ENTERING_MANAGED_PKG|tdc_tsw
22:44:17.0 (62023472)|ENTERING_MANAGED_PKG|tdc_tsw
22:44:17.0 (62733592)|ENTERING_MANAGED_PKG|tdc_tsw
22:44:17.0 (62947015)|ENTERING_MANAGED_PKG|tdc_tsw
22:44:17.0 (63326720)|ENTERING_MANAGED_PKG|tdc_tsw
22:44:17.0 (64337189)|ENTERING_MANAGED_PKG|tdc_tsw
22:44:17.0 (65044963)|ENTERING_MANAGED_PKG|tdc_tsw
22:44:17.0 (65274550)|ENTERING_MANAGED_PKG|tdc_tsw
22:44:17.0 (65648268)|ENTERING_MANAGED_PKG|tdc_tsw
22:44:17.0 (66685585)|ENTERING_MANAGED_PKG|tdc_tsw
22:44:17.0 (67434086)|ENTERING_MANAGED_PKG|tdc_tsw
22:44:17.0 (67647517)|ENTERING_MANAGED_PKG|tdc_tsw
22:44:17.0 (68013959)|ENTERING_MANAGED_PKG|tdc_tsw
22:44:17.0 (69030670)|ENTERING_MANAGED_PKG|tdc_tsw
22:44:17.0 (69812064)|ENTERING_MANAGED_PKG|tdc_tsw
22:44:17.0 (70026483)|ENTERING_MANAGED_PKG|tdc_tsw
22:44:17.0 (70407093)|ENTERING_MANAGED_PKG|tdc_tsw
22:44:17.0 (71409481)|ENTERING_MANAGED_PKG|tdc_tsw
22:44:17.0 (72131516)|ENTERING_MANAGED_PKG|tdc_tsw
22:44:17.0 (72351651)|ENTERING_MANAGED_PKG|tdc_tsw
22:44:17.0 (72727706)|ENTERING_MANAGED_PKG|tdc_tsw
22:44:17.0 (73738815)|ENTERING_MANAGED_PKG|tdc_tsw
22:44:17.0 (74459610)|ENTERING_MANAGED_PKG|tdc_tsw
22:44:17.0 (74686122)|ENTERING_MANAGED_PKG|tdc_tsw
22:44:17.0 (75065590)|ENTERING_MANAGED_PKG|tdc_tsw
22:44:17.0 (76078426)|ENTERING_MANAGED_PKG|tdc_tsw
22:44:17.0 (76796637)|ENTERING_MANAGED_PKG|tdc_tsw
22:44:17.0 (77015858)|ENTERING_MANAGED_PKG|tdc_tsw
22:44:17.0 (77402180)|ENTERING_MANAGED_PKG|tdc_tsw
22:44:17.0 (78406773)|ENTERING_MANAGED_PKG|tdc_tsw
22:44:17.0 (79123713)|ENTERING_MANAGED_PKG|tdc_tsw
22:44:17.0 (79342005)|ENTERING_MANAGED_PKG|tdc_tsw
22:44:17.0 (79707059)|ENTERING_MANAGED_PKG|tdc_tsw
22:44:17.0 (80707444)|ENTERING_MANAGED_PKG|tdc_tsw
22:44:17.0 (81439283)|ENTERING_MANAGED_PKG|tdc_tsw
22:44:17.0 (81653292)|ENTERING_MANAGED_PKG|tdc_tsw
22:44:17.0 (82017368)|ENTERING_MANAGED_PKG|tdc_tsw
22:44:17.0 (83178435)|ENTERING_MANAGED_PKG|tdc_tsw
22:44:17.0 (83882564)|ENTERING_MANAGED_PKG|tdc_tsw
22:44:17.0 (84104401)|ENTERING_MANAGED_PKG|tdc_tsw
22:44:17.0 (84471681)|ENTERING_MANAGED_PKG|tdc_tsw
22:44:17.0 (85492464)|ENTERING_MANAGED_PKG|tdc_tsw
22:44:17.0 (86235190)|ENTERING_MANAGED_PKG|tdc_tsw
22:44:17.0 (86449781)|ENTERING_MANAGED_PKG|tdc_tsw
22:44:17.0 (86813156)|ENTERING_MANAGED_PKG|tdc_tsw
22:44:17.0 (87892620)|ENTERING_MANAGED_PKG|tdc_tsw
22:44:17.0 (88625983)|ENTERING_MANAGED_PKG|tdc_tsw
22:44:17.0 (88839256)|ENTERING_MANAGED_PKG|tdc_tsw
22:44:17.0 (89228443)|ENTERING_MANAGED_PKG|tdc_tsw
22:44:17.0 (90257323)|ENTERING_MANAGED_PKG|tdc_tsw
22:44:17.0 (90967694)|ENTERING_MANAGED_PKG|tdc_tsw
22:44:17.0 (91190945)|ENTERING_MANAGED_PKG|tdc_tsw
22:44:17.0 (91556070)|ENTERING_MANAGED_PKG|tdc_tsw
22:44:17.0 (92578720)|ENTERING_MANAGED_PKG|tdc_tsw
22:44:17.0 (93308785)|ENTERING_MANAGED_PKG|tdc_tsw
22:44:17.0 (93533279)|ENTERING_MANAGED_PKG|tdc_tsw
22:44:17.0 (93912337)|ENTERING_MANAGED_PKG|tdc_tsw
22:44:17.0 (94940589)|ENTERING_MANAGED_PKG|tdc_tsw
22:44:17.0 (95743730)|ENTERING_MANAGED_PKG|tdc_tsw
22:44:17.0 (96023875)|ENTERING_MANAGED_PKG|tdc_tsw
22:44:17.0 (96467630)|ENTERING_MANAGED_PKG|tdc_tsw
22:44:17.0 (97566839)|ENTERING_MANAGED_PKG|tdc_tsw
22:44:17.0 (98296615)|ENTERING_MANAGED_PKG|tdc_tsw
22:44:17.0 (98510590)|ENTERING_MANAGED_PKG|tdc_tsw
22:44:17.0 (98875071)|ENTERING_MANAGED_PKG|tdc_tsw
22:44:17.0 (99889676)|ENTERING_MANAGED_PKG|tdc_tsw
22:44:17.0 (100618424)|ENTERING_MANAGED_PKG|tdc_tsw
22:44:17.0 (100844767)|ENTERING_MANAGED_PKG|tdc_tsw
22:44:17.0 (101234849)|ENTERING_MANAGED_PKG|tdc_tsw
22:44:17.0 (102239301)|ENTERING_MANAGED_PKG|tdc_tsw
22:44:17.0 (102987967)|ENTERING_MANAGED_PKG|tdc_tsw
22:44:17.0 (103215758)|ENTERING_MANAGED_PKG|tdc_tsw
22:44:17.0 (103607855)|ENTERING_MANAGED_PKG|tdc_tsw
22:44:17.0 (104682691)|ENTERING_MANAGED_PKG|tdc_tsw
22:44:17.0 (105427007)|ENTERING_MANAGED_PKG|tdc_tsw
22:44:17.0 (105640683)|ENTERING_MANAGED_PKG|tdc_tsw
22:44:17.0 (106000737)|ENTERING_MANAGED_PKG|tdc_tsw
22:44:17.0 (106997569)|ENTERING_MANAGED_PKG|tdc_tsw
22:44:17.0 (107729494)|ENTERING_MANAGED_PKG|tdc_tsw
22:44:17.0 (107946974)|ENTERING_MANAGED_PKG|tdc_tsw
22:44:17.0 (108341806)|ENTERING_MANAGED_PKG|tdc_tsw
22:44:17.0 (109375061)|ENTERING_MANAGED_PKG|tdc_tsw
22:44:17.0 (110089178)|ENTERING_MANAGED_PKG|tdc_tsw
22:44:17.0 (110316140)|ENTERING_MANAGED_PKG|tdc_tsw
22:44:17.0 (110688368)|ENTERING_MANAGED_PKG|tdc_tsw
22:44:17.0 (113189024)|ENTERING_MANAGED_PKG|tdc_tsw
22:44:17.0 (113976658)|ENTERING_MANAGED_PKG|tdc_tsw
22:44:17.0 (114217832)|ENTERING_MANAGED_PKG|tdc_tsw
22:44:17.0 (114599050)|ENTERING_MANAGED_PKG|tdc_tsw
22:44:17.0 (115649767)|ENTERING_MANAGED_PKG|tdc_tsw
22:44:17.0 (116382662)|ENTERING_MANAGED_PKG|tdc_tsw
22:44:17.0 (116600068)|ENTERING_MANAGED_PKG|tdc_tsw
22:44:17.0 (117015185)|ENTERING_MANAGED_PKG|tdc_tsw
22:44:17.0 (118042415)|ENTERING_MANAGED_PKG|tdc_tsw
22:44:17.0 (118779130)|ENTERING_MANAGED_PKG|tdc_tsw
22:44:17.0 (118994693)|ENTERING_MANAGED_PKG|tdc_tsw
22:44:17.0 (119388298)|ENTERING_MANAGED_PKG|tdc_tsw
22:44:17.0 (120407948)|ENTERING_MANAGED_PKG|tdc_tsw
22:44:17.0 (121135780)|ENTERING_MANAGED_PKG|tdc_tsw
22:44:17.0 (121352077)|ENTERING_MANAGED_PKG|tdc_tsw
22:44:17.0 (121720474)|ENTERING_MANAGED_PKG|tdc_tsw
22:44:17.0 (122781425)|ENTERING_MANAGED_PKG|tdc_tsw
22:44:17.0 (123507362)|ENTERING_MANAGED_PKG|tdc_tsw
22:44:17.0 (123740055)|ENTERING_MANAGED_PKG|tdc_tsw
22:44:17.0 (124124167)|ENTERING_MANAGED_PKG|tdc_tsw
22:44:17.0 (125147570)|ENTERING_MANAGED_PKG|tdc_tsw
22:44:17.0 (125910102)|ENTERING_MANAGED_PKG|tdc_tsw
22:44:17.0 (126152067)|ENTERING_MANAGED_PKG|tdc_tsw
22:44:17.0 (126545651)|ENTERING_MANAGED_PKG|tdc_tsw
22:44:17.0 (127679600)|ENTERING_MANAGED_PKG|tdc_tsw
22:44:17.0 (128434859)|ENTERING_MANAGED_PKG|tdc_tsw
22:44:17.0 (128663376)|ENTERING_MANAGED_PKG|tdc_tsw
22:44:17.0 (129066010)|ENTERING_MANAGED_PKG|tdc_tsw
22:44:17.0 (130537250)|ENTERING_MANAGED_PKG|tdc_tsw
22:44:17.0 (131417561)|ENTERING_MANAGED_PKG|tdc_tsw
22:44:17.0 (131658731)|ENTERING_MANAGED_PKG|tdc_tsw
22:44:17.0 (132062069)|ENTERING_MANAGED_PKG|tdc_tsw
22:44:17.0 (133155033)|ENTERING_MANAGED_PKG|tdc_tsw
22:44:17.0 (133902438)|ENTERING_MANAGED_PKG|tdc_tsw
22:44:17.0 (134141486)|ENTERING_MANAGED_PKG|tdc_tsw
22:44:17.0 (134532829)|ENTERING_MANAGED_PKG|tdc_tsw
22:44:17.0 (135613491)|ENTERING_MANAGED_PKG|tdc_tsw
22:44:17.0 (136373119)|ENTERING_MANAGED_PKG|tdc_tsw
22:44:17.0 (136598516)|ENTERING_MANAGED_PKG|tdc_tsw
22:44:17.0 (136990781)|ENTERING_MANAGED_PKG|tdc_tsw
22:44:17.0 (138073894)|ENTERING_MANAGED_PKG|tdc_tsw
22:44:17.0 (138815148)|ENTERING_MANAGED_PKG|tdc_tsw
22:44:17.0 (139044324)|ENTERING_MANAGED_PKG|tdc_tsw
22:44:17.0 (139447607)|ENTERING_MANAGED_PKG|tdc_tsw
22:44:17.0 (140524309)|ENTERING_MANAGED_PKG|tdc_tsw
22:44:17.0 (141273125)|ENTERING_MANAGED_PKG|tdc_tsw
22:44:17.0 (141481497)|ENTERING_MANAGED_PKG|tdc_tsw
22:44:17.0 (141877536)|ENTERING_MANAGED_PKG|tdc_tsw
22:44:17.0 (142962762)|ENTERING_MANAGED_PKG|tdc_tsw
22:44:17.0 (143714730)|ENTERING_MANAGED_PKG|tdc_tsw
22:44:17.0 (143942187)|ENTERING_MANAGED_PKG|tdc_tsw
22:44:17.0 (144341763)|ENTERING_MANAGED_PKG|tdc_tsw
22:44:17.0 (145411933)|ENTERING_MANAGED_PKG|tdc_tsw
22:44:17.0 (146165485)|ENTERING_MANAGED_PKG|tdc_tsw
22:44:17.0 (146367954)|ENTERING_MANAGED_PKG|tdc_tsw
22:44:17.0 (146757458)|ENTERING_MANAGED_PKG|tdc_tsw
22:44:17.0 (148031992)|ENTERING_MANAGED_PKG|tdc_tsw
22:44:17.0 (149107053)|ENTERING_MANAGED_PKG|tdc_tsw
22:44:17.0 (149190018)|ENTERING_MANAGED_PKG|tdc_tsw
22:44:17.0 (149876593)|SOQL_EXECUTE_BEGIN|[200]|Aggregations:0|SELECT Name, NamespacePrefix, SystemModStamp FROM StaticResource WHERE Name LIKE :tmpVar1 LIMIT 10
22:44:17.0 (153917002)|SOQL_EXECUTE_END|[200]|Rows:1
22:44:17.0 (154903476)|ENTERING_MANAGED_PKG|tdc_tsw
22:44:17.0 (155364275)|SOQL_EXECUTE_BEGIN|[200]|Aggregations:0|SELECT Name, NamespacePrefix, SystemModStamp FROM StaticResource WHERE Name LIKE :tmpVar1 LIMIT 10
22:44:17.0 (158088028)|SOQL_EXECUTE_END|[200]|Rows:1
22:44:17.0 (158482491)|ENTERING_MANAGED_PKG|tdc_tsw
22:44:17.0 (171615450)|ENTERING_MANAGED_PKG|tdc_tsw
22:44:17.0 (173369346)|ENTERING_MANAGED_PKG|tdc_tsw
22:44:17.0 (173650990)|ENTERING_MANAGED_PKG|tdc_tsw
22:44:17.0 (174525621)|ENTERING_MANAGED_PKG|tdc_tsw
22:44:17.0 (174951636)|SOQL_EXECUTE_BEGIN|[200]|Aggregations:0|SELECT Name, NamespacePrefix, SystemModStamp FROM StaticResource WHERE Name LIKE :tmpVar1 LIMIT 10
22:44:17.0 (179710086)|SOQL_EXECUTE_END|[200]|Rows:1
22:44:17.188 (188327716)|USER_INFO|[EXTERNAL]|0051H000009gxp8|chanida.dev2@solvedbysoftwareco.com|Eastern Standard Time|GMT-05:00
22:44:17.188 (190017155)|ENTERING_MANAGED_PKG|tdc_tsw
22:44:17.188 (190212049)|ENTERING_MANAGED_PKG|tdc_tsw
22:44:17.188 (193003972)|SOQL_EXECUTE_BEGIN|[355]|Aggregations:0|SELECT id, name, Disable_Incoming_SMS_Sharing__c FROM User WHERE id = :tmpVar1
22:44:17.188 (206663461)|SOQL_EXECUTE_END|[355]|Rows:1
22:44:17.188 (208094446)|SOQL_EXECUTE_BEGIN|[367]|Aggregations:0|SELECT CreatedDate,Id,LastModifiedDate,Related_Object_Id__c FROM Message__c WHERE Name = 'Incoming' AND Read__c = false ORDER BY CreatedDate Desc limit 100
22:44:17.188 (215853592)|SOQL_EXECUTE_END|[367]|Rows:100
