44.0 APEX_CODE,FINEST;APEX_PROFILING,INFO;CALLOUT,INFO;DB,INFO;NBA,INFO;SYSTEM,DEBUG;VALIDATION,INFO;VISUALFORCE,INFO;WAVE,INFO;WORKFLOW,INFO
11:20:12.0 (133207)|USER_INFO|[EXTERNAL]|0051H000009gxp8|chanida.dev2@solvedbysoftwareco.com|Eastern Standard Time|GMT-05:00
11:20:12.0 (1704803)|ENTERING_MANAGED_PKG|tdc_tsw
11:20:12.0 (2104146)|ENTERING_MANAGED_PKG|tdc_tsw
11:20:12.0 (5857907)|SOQL_EXECUTE_BEGIN|[16]|Aggregations:0|SELECT id, name, Disable_Incoming_SMS_Sharing__c FROM User WHERE id = :tmpVar1
11:20:12.0 (12994799)|SOQL_EXECUTE_END|[16]|Rows:1
11:20:12.0 (18273695)|SOQL_EXECUTE_BEGIN|[37]|Aggregations:0|SELECT CreatedDate,Created_Date__c,Id,LastModifiedDate,MessageId__c,Message_Text_New__c,Name,OwnerId,Read__c,Related_Object_Id__c,Related_Object__c,Sender_Number__c, Sender_Name__c,ToNumber__c,Attachments_Ids__c FROM Message__c WHERE Name = 'Incoming' AND Read__c = false ORDER BY CreatedDate Desc limit 100
11:20:12.0 (35875322)|SOQL_EXECUTE_END|[37]|Rows:100
11:20:12.0 (53683234)|ENTERING_MANAGED_PKG|tdc_tsw
11:20:12.0 (55447920)|ENTERING_MANAGED_PKG|tdc_tsw
11:20:12.0 (55885654)|ENTERING_MANAGED_PKG|tdc_tsw
11:20:12.0 (56548675)|ENTERING_MANAGED_PKG|tdc_tsw
11:20:12.0 (59315819)|ENTERING_MANAGED_PKG|tdc_tsw
11:20:12.0 (60138257)|ENTERING_MANAGED_PKG|tdc_tsw
11:20:12.0 (60408662)|ENTERING_MANAGED_PKG|tdc_tsw
11:20:12.0 (60819240)|ENTERING_MANAGED_PKG|tdc_tsw
11:20:12.0 (61984629)|ENTERING_MANAGED_PKG|tdc_tsw
11:20:12.0 (62800097)|ENTERING_MANAGED_PKG|tdc_tsw
11:20:12.0 (63073983)|ENTERING_MANAGED_PKG|tdc_tsw
11:20:12.0 (63554413)|ENTERING_MANAGED_PKG|tdc_tsw
11:20:12.0 (64679335)|ENTERING_MANAGED_PKG|tdc_tsw
11:20:12.0 (65485719)|ENTERING_MANAGED_PKG|tdc_tsw
11:20:12.0 (65739293)|ENTERING_MANAGED_PKG|tdc_tsw
11:20:12.0 (66209089)|ENTERING_MANAGED_PKG|tdc_tsw
11:20:12.0 (67428108)|ENTERING_MANAGED_PKG|tdc_tsw
11:20:12.0 (68244732)|ENTERING_MANAGED_PKG|tdc_tsw
11:20:12.0 (68473784)|ENTERING_MANAGED_PKG|tdc_tsw
11:20:12.0 (68887049)|ENTERING_MANAGED_PKG|tdc_tsw
11:20:12.0 (70053256)|ENTERING_MANAGED_PKG|tdc_tsw
11:20:12.0 (70785948)|ENTERING_MANAGED_PKG|tdc_tsw
11:20:12.0 (71019984)|ENTERING_MANAGED_PKG|tdc_tsw
11:20:12.0 (71415872)|ENTERING_MANAGED_PKG|tdc_tsw
11:20:12.0 (72564312)|ENTERING_MANAGED_PKG|tdc_tsw
11:20:12.0 (73322841)|ENTERING_MANAGED_PKG|tdc_tsw
11:20:12.0 (73551499)|ENTERING_MANAGED_PKG|tdc_tsw
11:20:12.0 (73954890)|ENTERING_MANAGED_PKG|tdc_tsw
11:20:12.0 (75045487)|ENTERING_MANAGED_PKG|tdc_tsw
11:20:12.0 (75783734)|ENTERING_MANAGED_PKG|tdc_tsw
11:20:12.0 (76011339)|ENTERING_MANAGED_PKG|tdc_tsw
11:20:12.0 (76400095)|ENTERING_MANAGED_PKG|tdc_tsw
11:20:12.0 (77512986)|ENTERING_MANAGED_PKG|tdc_tsw
11:20:12.0 (78314566)|ENTERING_MANAGED_PKG|tdc_tsw
11:20:12.0 (78549803)|ENTERING_MANAGED_PKG|tdc_tsw
11:20:12.0 (78943831)|ENTERING_MANAGED_PKG|tdc_tsw
11:20:12.0 (80062253)|ENTERING_MANAGED_PKG|tdc_tsw
11:20:12.0 (80821813)|ENTERING_MANAGED_PKG|tdc_tsw
11:20:12.0 (81057838)|ENTERING_MANAGED_PKG|tdc_tsw
11:20:12.0 (81504571)|ENTERING_MANAGED_PKG|tdc_tsw
11:20:12.0 (82528638)|ENTERING_MANAGED_PKG|tdc_tsw
11:20:12.0 (83268301)|ENTERING_MANAGED_PKG|tdc_tsw
11:20:12.0 (83487687)|ENTERING_MANAGED_PKG|tdc_tsw
11:20:12.0 (83860429)|ENTERING_MANAGED_PKG|tdc_tsw
11:20:12.0 (84886668)|ENTERING_MANAGED_PKG|tdc_tsw
11:20:12.0 (85630569)|ENTERING_MANAGED_PKG|tdc_tsw
11:20:12.0 (85857000)|ENTERING_MANAGED_PKG|tdc_tsw
11:20:12.0 (86241437)|ENTERING_MANAGED_PKG|tdc_tsw
11:20:12.0 (87325328)|ENTERING_MANAGED_PKG|tdc_tsw
11:20:12.0 (88105756)|ENTERING_MANAGED_PKG|tdc_tsw
11:20:12.0 (88338588)|ENTERING_MANAGED_PKG|tdc_tsw
11:20:12.0 (88795681)|ENTERING_MANAGED_PKG|tdc_tsw
11:20:12.0 (89893321)|ENTERING_MANAGED_PKG|tdc_tsw
11:20:12.0 (90643256)|ENTERING_MANAGED_PKG|tdc_tsw
11:20:12.0 (90877669)|ENTERING_MANAGED_PKG|tdc_tsw
11:20:12.0 (91312455)|ENTERING_MANAGED_PKG|tdc_tsw
11:20:12.0 (92415434)|ENTERING_MANAGED_PKG|tdc_tsw
11:20:12.0 (93174563)|ENTERING_MANAGED_PKG|tdc_tsw
11:20:12.0 (93436602)|ENTERING_MANAGED_PKG|tdc_tsw
11:20:12.0 (93830907)|ENTERING_MANAGED_PKG|tdc_tsw
11:20:12.0 (94919300)|ENTERING_MANAGED_PKG|tdc_tsw
11:20:12.0 (95721188)|ENTERING_MANAGED_PKG|tdc_tsw
11:20:12.0 (95954497)|ENTERING_MANAGED_PKG|tdc_tsw
11:20:12.0 (96357759)|ENTERING_MANAGED_PKG|tdc_tsw
11:20:12.0 (97448189)|ENTERING_MANAGED_PKG|tdc_tsw
11:20:12.0 (98201421)|ENTERING_MANAGED_PKG|tdc_tsw
11:20:12.0 (98434358)|ENTERING_MANAGED_PKG|tdc_tsw
11:20:12.0 (98827718)|ENTERING_MANAGED_PKG|tdc_tsw
11:20:12.0 (99944231)|ENTERING_MANAGED_PKG|tdc_tsw
11:20:12.0 (100702553)|ENTERING_MANAGED_PKG|tdc_tsw
11:20:12.0 (100936118)|ENTERING_MANAGED_PKG|tdc_tsw
11:20:12.0 (101350538)|ENTERING_MANAGED_PKG|tdc_tsw
11:20:12.0 (102467199)|ENTERING_MANAGED_PKG|tdc_tsw
11:20:12.0 (103205241)|ENTERING_MANAGED_PKG|tdc_tsw
11:20:12.0 (103439285)|ENTERING_MANAGED_PKG|tdc_tsw
11:20:12.0 (103834057)|ENTERING_MANAGED_PKG|tdc_tsw
11:20:12.0 (104931823)|ENTERING_MANAGED_PKG|tdc_tsw
11:20:12.0 (105681351)|ENTERING_MANAGED_PKG|tdc_tsw
11:20:12.0 (105913722)|ENTERING_MANAGED_PKG|tdc_tsw
11:20:12.0 (106313467)|ENTERING_MANAGED_PKG|tdc_tsw
11:20:12.0 (107403624)|ENTERING_MANAGED_PKG|tdc_tsw
11:20:12.0 (108187433)|ENTERING_MANAGED_PKG|tdc_tsw
11:20:12.0 (108421646)|ENTERING_MANAGED_PKG|tdc_tsw
11:20:12.0 (108813427)|ENTERING_MANAGED_PKG|tdc_tsw
11:20:12.0 (109917717)|ENTERING_MANAGED_PKG|tdc_tsw
11:20:12.0 (110673069)|ENTERING_MANAGED_PKG|tdc_tsw
11:20:12.0 (110906386)|ENTERING_MANAGED_PKG|tdc_tsw
11:20:12.0 (111355151)|ENTERING_MANAGED_PKG|tdc_tsw
11:20:12.0 (112472555)|ENTERING_MANAGED_PKG|tdc_tsw
11:20:12.0 (113231268)|ENTERING_MANAGED_PKG|tdc_tsw
11:20:12.0 (113471086)|ENTERING_MANAGED_PKG|tdc_tsw
11:20:12.0 (113870449)|ENTERING_MANAGED_PKG|tdc_tsw
11:20:12.0 (114952510)|ENTERING_MANAGED_PKG|tdc_tsw
11:20:12.0 (115698230)|ENTERING_MANAGED_PKG|tdc_tsw
11:20:12.0 (115931654)|ENTERING_MANAGED_PKG|tdc_tsw
11:20:12.0 (116347492)|ENTERING_MANAGED_PKG|tdc_tsw
11:20:12.0 (117448516)|ENTERING_MANAGED_PKG|tdc_tsw
11:20:12.0 (118194484)|ENTERING_MANAGED_PKG|tdc_tsw
11:20:12.0 (118427618)|ENTERING_MANAGED_PKG|tdc_tsw
11:20:12.0 (118821626)|ENTERING_MANAGED_PKG|tdc_tsw
11:20:12.0 (119912853)|ENTERING_MANAGED_PKG|tdc_tsw
11:20:12.0 (120659850)|ENTERING_MANAGED_PKG|tdc_tsw
11:20:12.0 (120891852)|ENTERING_MANAGED_PKG|tdc_tsw
11:20:12.0 (121289956)|ENTERING_MANAGED_PKG|tdc_tsw
11:20:12.0 (122383381)|ENTERING_MANAGED_PKG|tdc_tsw
11:20:12.0 (123130122)|ENTERING_MANAGED_PKG|tdc_tsw
11:20:12.0 (123363299)|ENTERING_MANAGED_PKG|tdc_tsw
11:20:12.0 (123756821)|ENTERING_MANAGED_PKG|tdc_tsw
11:20:12.0 (124850455)|ENTERING_MANAGED_PKG|tdc_tsw
11:20:12.0 (125600136)|ENTERING_MANAGED_PKG|tdc_tsw
11:20:12.0 (125833385)|ENTERING_MANAGED_PKG|tdc_tsw
11:20:12.0 (126261878)|ENTERING_MANAGED_PKG|tdc_tsw
11:20:12.0 (127418468)|ENTERING_MANAGED_PKG|tdc_tsw
11:20:12.0 (128162833)|ENTERING_MANAGED_PKG|tdc_tsw
11:20:12.0 (128395828)|ENTERING_MANAGED_PKG|tdc_tsw
11:20:12.0 (128790127)|ENTERING_MANAGED_PKG|tdc_tsw
11:20:12.0 (129879783)|ENTERING_MANAGED_PKG|tdc_tsw
11:20:12.0 (130627469)|ENTERING_MANAGED_PKG|tdc_tsw
11:20:12.0 (130888587)|ENTERING_MANAGED_PKG|tdc_tsw
11:20:12.0 (131292829)|ENTERING_MANAGED_PKG|tdc_tsw
11:20:12.0 (132410995)|ENTERING_MANAGED_PKG|tdc_tsw
11:20:12.0 (133159327)|ENTERING_MANAGED_PKG|tdc_tsw
11:20:12.0 (133398678)|ENTERING_MANAGED_PKG|tdc_tsw
11:20:12.0 (133808637)|ENTERING_MANAGED_PKG|tdc_tsw
11:20:12.0 (134932122)|ENTERING_MANAGED_PKG|tdc_tsw
11:20:12.0 (135683384)|ENTERING_MANAGED_PKG|tdc_tsw
11:20:12.0 (135916100)|ENTERING_MANAGED_PKG|tdc_tsw
11:20:12.0 (136319165)|ENTERING_MANAGED_PKG|tdc_tsw
11:20:12.0 (137411947)|ENTERING_MANAGED_PKG|tdc_tsw
11:20:12.0 (138161442)|ENTERING_MANAGED_PKG|tdc_tsw
11:20:12.0 (138420778)|ENTERING_MANAGED_PKG|tdc_tsw
11:20:12.0 (138817490)|ENTERING_MANAGED_PKG|tdc_tsw
11:20:12.0 (140012163)|ENTERING_MANAGED_PKG|tdc_tsw
11:20:12.0 (140758166)|ENTERING_MANAGED_PKG|tdc_tsw
11:20:12.0 (140996227)|ENTERING_MANAGED_PKG|tdc_tsw
11:20:12.0 (141391519)|ENTERING_MANAGED_PKG|tdc_tsw
11:20:12.0 (142506088)|ENTERING_MANAGED_PKG|tdc_tsw
11:20:12.0 (143280916)|ENTERING_MANAGED_PKG|tdc_tsw
11:20:12.0 (143535550)|ENTERING_MANAGED_PKG|tdc_tsw
11:20:12.0 (143952352)|ENTERING_MANAGED_PKG|tdc_tsw
11:20:12.0 (145057697)|ENTERING_MANAGED_PKG|tdc_tsw
11:20:12.0 (145850070)|ENTERING_MANAGED_PKG|tdc_tsw
11:20:12.0 (146091925)|ENTERING_MANAGED_PKG|tdc_tsw
11:20:12.0 (146533564)|ENTERING_MANAGED_PKG|tdc_tsw
11:20:12.0 (147694534)|ENTERING_MANAGED_PKG|tdc_tsw
11:20:12.0 (148481645)|ENTERING_MANAGED_PKG|tdc_tsw
11:20:12.0 (148713159)|ENTERING_MANAGED_PKG|tdc_tsw
11:20:12.0 (149119376)|ENTERING_MANAGED_PKG|tdc_tsw
11:20:12.0 (150261133)|ENTERING_MANAGED_PKG|tdc_tsw
11:20:12.0 (151008659)|ENTERING_MANAGED_PKG|tdc_tsw
11:20:12.0 (151243490)|ENTERING_MANAGED_PKG|tdc_tsw
11:20:12.0 (151641259)|ENTERING_MANAGED_PKG|tdc_tsw
11:20:12.0 (152734553)|ENTERING_MANAGED_PKG|tdc_tsw
11:20:12.0 (154101729)|ENTERING_MANAGED_PKG|tdc_tsw
11:20:12.0 (154335477)|ENTERING_MANAGED_PKG|tdc_tsw
11:20:12.0 (154730322)|ENTERING_MANAGED_PKG|tdc_tsw
11:20:12.0 (155867520)|ENTERING_MANAGED_PKG|tdc_tsw
11:20:12.0 (156619668)|ENTERING_MANAGED_PKG|tdc_tsw
11:20:12.0 (156852651)|ENTERING_MANAGED_PKG|tdc_tsw
11:20:12.0 (157257701)|ENTERING_MANAGED_PKG|tdc_tsw
11:20:12.0 (158353549)|ENTERING_MANAGED_PKG|tdc_tsw
11:20:12.0 (159112696)|ENTERING_MANAGED_PKG|tdc_tsw
11:20:12.0 (159344583)|ENTERING_MANAGED_PKG|tdc_tsw
11:20:12.0 (159739553)|ENTERING_MANAGED_PKG|tdc_tsw
11:20:12.0 (160873487)|ENTERING_MANAGED_PKG|tdc_tsw
11:20:12.0 (161627009)|ENTERING_MANAGED_PKG|tdc_tsw
11:20:12.0 (161859733)|ENTERING_MANAGED_PKG|tdc_tsw
11:20:12.0 (162339799)|ENTERING_MANAGED_PKG|tdc_tsw
11:20:12.0 (163445908)|ENTERING_MANAGED_PKG|tdc_tsw
11:20:12.0 (164201984)|ENTERING_MANAGED_PKG|tdc_tsw
11:20:12.0 (164434783)|ENTERING_MANAGED_PKG|tdc_tsw
11:20:12.0 (164829166)|ENTERING_MANAGED_PKG|tdc_tsw
11:20:12.0 (165971564)|ENTERING_MANAGED_PKG|tdc_tsw
11:20:12.0 (166715809)|ENTERING_MANAGED_PKG|tdc_tsw
11:20:12.0 (166978700)|ENTERING_MANAGED_PKG|tdc_tsw
11:20:12.0 (167374547)|ENTERING_MANAGED_PKG|tdc_tsw
11:20:12.0 (168473967)|ENTERING_MANAGED_PKG|tdc_tsw
11:20:12.0 (169225904)|ENTERING_MANAGED_PKG|tdc_tsw
11:20:12.0 (169456387)|ENTERING_MANAGED_PKG|tdc_tsw
11:20:12.0 (169850541)|ENTERING_MANAGED_PKG|tdc_tsw
11:20:12.0 (170946000)|ENTERING_MANAGED_PKG|tdc_tsw
11:20:12.0 (171747596)|ENTERING_MANAGED_PKG|tdc_tsw
11:20:12.0 (172020241)|ENTERING_MANAGED_PKG|tdc_tsw
11:20:12.0 (172414298)|ENTERING_MANAGED_PKG|tdc_tsw
11:20:12.0 (173511723)|ENTERING_MANAGED_PKG|tdc_tsw
11:20:12.0 (174572401)|ENTERING_MANAGED_PKG|tdc_tsw
11:20:12.0 (174805562)|ENTERING_MANAGED_PKG|tdc_tsw
11:20:12.0 (175222642)|ENTERING_MANAGED_PKG|tdc_tsw
11:20:12.0 (176311619)|ENTERING_MANAGED_PKG|tdc_tsw
11:20:12.0 (177069333)|ENTERING_MANAGED_PKG|tdc_tsw
11:20:12.0 (177298793)|ENTERING_MANAGED_PKG|tdc_tsw
11:20:12.0 (177691336)|ENTERING_MANAGED_PKG|tdc_tsw
11:20:12.0 (178727962)|ENTERING_MANAGED_PKG|tdc_tsw
11:20:12.0 (179462556)|ENTERING_MANAGED_PKG|tdc_tsw
11:20:12.0 (179695373)|ENTERING_MANAGED_PKG|tdc_tsw
11:20:12.0 (180079275)|ENTERING_MANAGED_PKG|tdc_tsw
11:20:12.0 (181145840)|ENTERING_MANAGED_PKG|tdc_tsw
11:20:12.0 (181877501)|ENTERING_MANAGED_PKG|tdc_tsw
11:20:12.0 (182106843)|ENTERING_MANAGED_PKG|tdc_tsw
11:20:12.0 (182474233)|ENTERING_MANAGED_PKG|tdc_tsw
11:20:12.0 (183516390)|ENTERING_MANAGED_PKG|tdc_tsw
11:20:12.0 (184236188)|ENTERING_MANAGED_PKG|tdc_tsw
11:20:12.0 (184459065)|ENTERING_MANAGED_PKG|tdc_tsw
11:20:12.0 (184844202)|ENTERING_MANAGED_PKG|tdc_tsw
11:20:12.0 (185881097)|ENTERING_MANAGED_PKG|tdc_tsw
11:20:12.0 (186631433)|ENTERING_MANAGED_PKG|tdc_tsw
11:20:12.0 (186865837)|ENTERING_MANAGED_PKG|tdc_tsw
11:20:12.0 (187296899)|ENTERING_MANAGED_PKG|tdc_tsw
11:20:12.0 (188460724)|ENTERING_MANAGED_PKG|tdc_tsw
11:20:12.0 (189212281)|ENTERING_MANAGED_PKG|tdc_tsw
11:20:12.0 (189444127)|ENTERING_MANAGED_PKG|tdc_tsw
11:20:12.0 (189842957)|ENTERING_MANAGED_PKG|tdc_tsw
11:20:12.0 (190943337)|ENTERING_MANAGED_PKG|tdc_tsw
11:20:12.0 (191694740)|ENTERING_MANAGED_PKG|tdc_tsw
11:20:12.0 (191927486)|ENTERING_MANAGED_PKG|tdc_tsw
11:20:12.0 (192339860)|ENTERING_MANAGED_PKG|tdc_tsw
11:20:12.0 (193510882)|ENTERING_MANAGED_PKG|tdc_tsw
11:20:12.0 (194271689)|ENTERING_MANAGED_PKG|tdc_tsw
11:20:12.0 (194503971)|ENTERING_MANAGED_PKG|tdc_tsw
11:20:12.0 (194909556)|ENTERING_MANAGED_PKG|tdc_tsw
11:20:12.0 (196019604)|ENTERING_MANAGED_PKG|tdc_tsw
11:20:12.0 (196827042)|ENTERING_MANAGED_PKG|tdc_tsw
11:20:12.0 (197071826)|ENTERING_MANAGED_PKG|tdc_tsw
11:20:12.0 (197467582)|ENTERING_MANAGED_PKG|tdc_tsw
11:20:12.0 (198569523)|ENTERING_MANAGED_PKG|tdc_tsw
11:20:12.0 (199314203)|ENTERING_MANAGED_PKG|tdc_tsw
11:20:12.0 (199569440)|ENTERING_MANAGED_PKG|tdc_tsw
11:20:12.0 (199974418)|ENTERING_MANAGED_PKG|tdc_tsw
11:20:12.0 (201067959)|ENTERING_MANAGED_PKG|tdc_tsw
11:20:12.0 (201841713)|ENTERING_MANAGED_PKG|tdc_tsw
11:20:12.0 (202080216)|ENTERING_MANAGED_PKG|tdc_tsw
11:20:12.0 (202482575)|ENTERING_MANAGED_PKG|tdc_tsw
11:20:12.0 (203723228)|ENTERING_MANAGED_PKG|tdc_tsw
11:20:12.0 (204595516)|ENTERING_MANAGED_PKG|tdc_tsw
11:20:12.0 (204674996)|ENTERING_MANAGED_PKG|tdc_tsw
11:20:12.0 (205261687)|SOQL_EXECUTE_BEGIN|[200]|Aggregations:0|SELECT Name, NamespacePrefix, SystemModStamp FROM StaticResource WHERE Name LIKE :tmpVar1 LIMIT 10
11:20:12.0 (208335973)|SOQL_EXECUTE_END|[200]|Rows:1
11:20:12.0 (209189870)|ENTERING_MANAGED_PKG|tdc_tsw
11:20:12.0 (209581053)|SOQL_EXECUTE_BEGIN|[200]|Aggregations:0|SELECT Name, NamespacePrefix, SystemModStamp FROM StaticResource WHERE Name LIKE :tmpVar1 LIMIT 10
11:20:12.0 (211883788)|SOQL_EXECUTE_END|[200]|Rows:1
11:20:12.0 (212273287)|ENTERING_MANAGED_PKG|tdc_tsw
11:20:12.0 (215169120)|ENTERING_MANAGED_PKG|tdc_tsw
11:20:12.0 (216373368)|ENTERING_MANAGED_PKG|tdc_tsw
11:20:12.0 (216630327)|ENTERING_MANAGED_PKG|tdc_tsw
11:20:12.0 (217476386)|ENTERING_MANAGED_PKG|tdc_tsw
11:20:12.0 (217890431)|SOQL_EXECUTE_BEGIN|[200]|Aggregations:0|SELECT Name, NamespacePrefix, SystemModStamp FROM StaticResource WHERE Name LIKE :tmpVar1 LIMIT 10
11:20:12.0 (220205576)|SOQL_EXECUTE_END|[200]|Rows:1
11:20:12.231 (231077617)|USER_INFO|[EXTERNAL]|0051H000009gxp8|chanida.dev2@solvedbysoftwareco.com|Eastern Standard Time|GMT-05:00
11:20:12.231 (232592070)|ENTERING_MANAGED_PKG|tdc_tsw
11:20:12.231 (232793180)|ENTERING_MANAGED_PKG|tdc_tsw
11:20:12.231 (235310587)|SOQL_EXECUTE_BEGIN|[355]|Aggregations:0|SELECT id, name, Disable_Incoming_SMS_Sharing__c FROM User WHERE id = :tmpVar1
11:20:12.231 (241503924)|SOQL_EXECUTE_END|[355]|Rows:1
11:20:12.231 (242522813)|SOQL_EXECUTE_BEGIN|[367]|Aggregations:0|SELECT CreatedDate,Id,LastModifiedDate,Related_Object_Id__c FROM Message__c WHERE Name = 'Incoming' AND Read__c = false ORDER BY CreatedDate Desc limit 100
11:20:12.231 (250525806)|SOQL_EXECUTE_END|[367]|Rows:100
