44.0 APEX_CODE,FINEST;APEX_PROFILING,INFO;CALLOUT,INFO;DB,INFO;NBA,INFO;SYSTEM,DEBUG;VALIDATION,INFO;VISUALFORCE,INFO;WAVE,INFO;WORKFLOW,INFO
16:38:14.0 (110774)|USER_INFO|[EXTERNAL]|0051H000009gxp8|chanida.dev2@solvedbysoftwareco.com|Eastern Standard Time|GMT-05:00
16:38:14.0 (6033205)|ENTERING_MANAGED_PKG|tdc_tsw
16:38:14.0 (6435993)|ENTERING_MANAGED_PKG|tdc_tsw
16:38:14.0 (10184537)|SOQL_EXECUTE_BEGIN|[16]|Aggregations:0|SELECT id, name, Disable_Incoming_SMS_Sharing__c FROM User WHERE id = :tmpVar1
16:38:14.0 (18118166)|SOQL_EXECUTE_END|[16]|Rows:1
16:38:14.0 (27525004)|SOQL_EXECUTE_BEGIN|[37]|Aggregations:0|SELECT CreatedDate,Created_Date__c,Id,LastModifiedDate,MessageId__c,Message_Text_New__c,Name,OwnerId,Read__c,Related_Object_Id__c,Related_Object__c,Sender_Number__c, Sender_Name__c,ToNumber__c,Attachments_Ids__c FROM Message__c WHERE Name = 'Incoming' AND Read__c = false ORDER BY CreatedDate Desc limit 100
16:38:14.0 (47840410)|SOQL_EXECUTE_END|[37]|Rows:100
16:38:14.0 (65771988)|ENTERING_MANAGED_PKG|tdc_tsw
16:38:14.0 (67473976)|ENTERING_MANAGED_PKG|tdc_tsw
16:38:14.0 (67972462)|ENTERING_MANAGED_PKG|tdc_tsw
16:38:14.0 (68667532)|ENTERING_MANAGED_PKG|tdc_tsw
16:38:14.0 (71704874)|ENTERING_MANAGED_PKG|tdc_tsw
16:38:14.0 (72638269)|ENTERING_MANAGED_PKG|tdc_tsw
16:38:14.0 (72891253)|ENTERING_MANAGED_PKG|tdc_tsw
16:38:14.0 (73328211)|ENTERING_MANAGED_PKG|tdc_tsw
16:38:14.0 (74491755)|ENTERING_MANAGED_PKG|tdc_tsw
16:38:14.0 (75305229)|ENTERING_MANAGED_PKG|tdc_tsw
16:38:14.0 (75553708)|ENTERING_MANAGED_PKG|tdc_tsw
16:38:14.0 (76120821)|ENTERING_MANAGED_PKG|tdc_tsw
16:38:14.0 (77453204)|ENTERING_MANAGED_PKG|tdc_tsw
16:38:14.0 (78351864)|ENTERING_MANAGED_PKG|tdc_tsw
16:38:14.0 (78602720)|ENTERING_MANAGED_PKG|tdc_tsw
16:38:14.0 (79210201)|ENTERING_MANAGED_PKG|tdc_tsw
16:38:14.0 (80538078)|ENTERING_MANAGED_PKG|tdc_tsw
16:38:14.0 (81568513)|ENTERING_MANAGED_PKG|tdc_tsw
16:38:14.0 (81806843)|ENTERING_MANAGED_PKG|tdc_tsw
16:38:14.0 (82240396)|ENTERING_MANAGED_PKG|tdc_tsw
16:38:14.0 (83700560)|ENTERING_MANAGED_PKG|tdc_tsw
16:38:14.0 (84520151)|ENTERING_MANAGED_PKG|tdc_tsw
16:38:14.0 (84777541)|ENTERING_MANAGED_PKG|tdc_tsw
16:38:14.0 (85229892)|ENTERING_MANAGED_PKG|tdc_tsw
16:38:14.0 (86457788)|ENTERING_MANAGED_PKG|tdc_tsw
16:38:14.0 (87714923)|ENTERING_MANAGED_PKG|tdc_tsw
16:38:14.0 (88095312)|ENTERING_MANAGED_PKG|tdc_tsw
16:38:14.0 (88763542)|ENTERING_MANAGED_PKG|tdc_tsw
16:38:14.0 (90669889)|ENTERING_MANAGED_PKG|tdc_tsw
16:38:14.0 (91827305)|ENTERING_MANAGED_PKG|tdc_tsw
16:38:14.0 (92212474)|ENTERING_MANAGED_PKG|tdc_tsw
16:38:14.0 (92901436)|ENTERING_MANAGED_PKG|tdc_tsw
16:38:14.0 (94744509)|ENTERING_MANAGED_PKG|tdc_tsw
16:38:14.0 (95997808)|ENTERING_MANAGED_PKG|tdc_tsw
16:38:14.0 (96419402)|ENTERING_MANAGED_PKG|tdc_tsw
16:38:14.0 (97152299)|ENTERING_MANAGED_PKG|tdc_tsw
16:38:14.0 (98872694)|ENTERING_MANAGED_PKG|tdc_tsw
16:38:14.0 (99990217)|ENTERING_MANAGED_PKG|tdc_tsw
16:38:14.0 (100238270)|ENTERING_MANAGED_PKG|tdc_tsw
16:38:14.0 (100698165)|ENTERING_MANAGED_PKG|tdc_tsw
16:38:14.0 (102030936)|ENTERING_MANAGED_PKG|tdc_tsw
16:38:14.0 (102842613)|ENTERING_MANAGED_PKG|tdc_tsw
16:38:14.0 (103091193)|ENTERING_MANAGED_PKG|tdc_tsw
16:38:14.0 (103623389)|ENTERING_MANAGED_PKG|tdc_tsw
16:38:14.0 (104765408)|ENTERING_MANAGED_PKG|tdc_tsw
16:38:14.0 (105966500)|ENTERING_MANAGED_PKG|tdc_tsw
16:38:14.0 (106243513)|ENTERING_MANAGED_PKG|tdc_tsw
16:38:14.0 (106651975)|ENTERING_MANAGED_PKG|tdc_tsw
16:38:14.0 (107843744)|ENTERING_MANAGED_PKG|tdc_tsw
16:38:14.0 (108665420)|ENTERING_MANAGED_PKG|tdc_tsw
16:38:14.0 (108913647)|ENTERING_MANAGED_PKG|tdc_tsw
16:38:14.0 (109362006)|ENTERING_MANAGED_PKG|tdc_tsw
16:38:14.0 (110686968)|ENTERING_MANAGED_PKG|tdc_tsw
16:38:14.0 (111631319)|ENTERING_MANAGED_PKG|tdc_tsw
16:38:14.0 (111886227)|ENTERING_MANAGED_PKG|tdc_tsw
16:38:14.0 (112307486)|ENTERING_MANAGED_PKG|tdc_tsw
16:38:14.0 (113450154)|ENTERING_MANAGED_PKG|tdc_tsw
16:38:14.0 (114287216)|ENTERING_MANAGED_PKG|tdc_tsw
16:38:14.0 (114534281)|ENTERING_MANAGED_PKG|tdc_tsw
16:38:14.0 (114988688)|ENTERING_MANAGED_PKG|tdc_tsw
16:38:14.0 (116162979)|ENTERING_MANAGED_PKG|tdc_tsw
16:38:14.0 (116988924)|ENTERING_MANAGED_PKG|tdc_tsw
16:38:14.0 (117208987)|ENTERING_MANAGED_PKG|tdc_tsw
16:38:14.0 (117618991)|ENTERING_MANAGED_PKG|tdc_tsw
16:38:14.0 (118899072)|ENTERING_MANAGED_PKG|tdc_tsw
16:38:14.0 (119733677)|ENTERING_MANAGED_PKG|tdc_tsw
16:38:14.0 (120061770)|ENTERING_MANAGED_PKG|tdc_tsw
16:38:14.0 (120547992)|ENTERING_MANAGED_PKG|tdc_tsw
16:38:14.0 (121964449)|ENTERING_MANAGED_PKG|tdc_tsw
16:38:14.0 (123156227)|ENTERING_MANAGED_PKG|tdc_tsw
16:38:14.0 (123571024)|ENTERING_MANAGED_PKG|tdc_tsw
16:38:14.0 (124331953)|ENTERING_MANAGED_PKG|tdc_tsw
16:38:14.0 (126221627)|ENTERING_MANAGED_PKG|tdc_tsw
16:38:14.0 (127522461)|ENTERING_MANAGED_PKG|tdc_tsw
16:38:14.0 (127913837)|ENTERING_MANAGED_PKG|tdc_tsw
16:38:14.0 (128639626)|ENTERING_MANAGED_PKG|tdc_tsw
16:38:14.0 (130738013)|ENTERING_MANAGED_PKG|tdc_tsw
16:38:14.0 (132061605)|ENTERING_MANAGED_PKG|tdc_tsw
16:38:14.0 (132491649)|ENTERING_MANAGED_PKG|tdc_tsw
16:38:14.0 (133171086)|ENTERING_MANAGED_PKG|tdc_tsw
16:38:14.0 (134355658)|ENTERING_MANAGED_PKG|tdc_tsw
16:38:14.0 (135186760)|ENTERING_MANAGED_PKG|tdc_tsw
16:38:14.0 (135436426)|ENTERING_MANAGED_PKG|tdc_tsw
16:38:14.0 (135854642)|ENTERING_MANAGED_PKG|tdc_tsw
16:38:14.0 (137203726)|ENTERING_MANAGED_PKG|tdc_tsw
16:38:14.0 (138041141)|ENTERING_MANAGED_PKG|tdc_tsw
16:38:14.0 (138287809)|ENTERING_MANAGED_PKG|tdc_tsw
16:38:14.0 (138705990)|ENTERING_MANAGED_PKG|tdc_tsw
16:38:14.0 (139875492)|ENTERING_MANAGED_PKG|tdc_tsw
16:38:14.0 (140774969)|ENTERING_MANAGED_PKG|tdc_tsw
16:38:14.0 (141046208)|ENTERING_MANAGED_PKG|tdc_tsw
16:38:14.0 (141459102)|ENTERING_MANAGED_PKG|tdc_tsw
16:38:14.0 (142616084)|ENTERING_MANAGED_PKG|tdc_tsw
16:38:14.0 (143417654)|ENTERING_MANAGED_PKG|tdc_tsw
16:38:14.0 (143671412)|ENTERING_MANAGED_PKG|tdc_tsw
16:38:14.0 (144101106)|ENTERING_MANAGED_PKG|tdc_tsw
16:38:14.0 (145249993)|ENTERING_MANAGED_PKG|tdc_tsw
16:38:14.0 (146029595)|ENTERING_MANAGED_PKG|tdc_tsw
16:38:14.0 (146277494)|ENTERING_MANAGED_PKG|tdc_tsw
16:38:14.0 (146691117)|ENTERING_MANAGED_PKG|tdc_tsw
16:38:14.0 (147985197)|ENTERING_MANAGED_PKG|tdc_tsw
16:38:14.0 (148771426)|ENTERING_MANAGED_PKG|tdc_tsw
16:38:14.0 (149027460)|ENTERING_MANAGED_PKG|tdc_tsw
16:38:14.0 (149436823)|ENTERING_MANAGED_PKG|tdc_tsw
16:38:14.0 (150589775)|ENTERING_MANAGED_PKG|tdc_tsw
16:38:14.0 (151633026)|ENTERING_MANAGED_PKG|tdc_tsw
16:38:14.0 (151939499)|ENTERING_MANAGED_PKG|tdc_tsw
16:38:14.0 (152376780)|ENTERING_MANAGED_PKG|tdc_tsw
16:38:14.0 (153649057)|ENTERING_MANAGED_PKG|tdc_tsw
16:38:14.0 (154443681)|ENTERING_MANAGED_PKG|tdc_tsw
16:38:14.0 (154689276)|ENTERING_MANAGED_PKG|tdc_tsw
16:38:14.0 (155112763)|ENTERING_MANAGED_PKG|tdc_tsw
16:38:14.0 (156294423)|ENTERING_MANAGED_PKG|tdc_tsw
16:38:14.0 (157070324)|ENTERING_MANAGED_PKG|tdc_tsw
16:38:14.0 (157317310)|ENTERING_MANAGED_PKG|tdc_tsw
16:38:14.0 (157730869)|ENTERING_MANAGED_PKG|tdc_tsw
16:38:14.0 (158863635)|ENTERING_MANAGED_PKG|tdc_tsw
16:38:14.0 (159640985)|ENTERING_MANAGED_PKG|tdc_tsw
16:38:14.0 (159885338)|ENTERING_MANAGED_PKG|tdc_tsw
16:38:14.0 (160298732)|ENTERING_MANAGED_PKG|tdc_tsw
16:38:14.0 (161445827)|ENTERING_MANAGED_PKG|tdc_tsw
16:38:14.0 (162229502)|ENTERING_MANAGED_PKG|tdc_tsw
16:38:14.0 (162475625)|ENTERING_MANAGED_PKG|tdc_tsw
16:38:14.0 (162891422)|ENTERING_MANAGED_PKG|tdc_tsw
16:38:14.0 (164036728)|ENTERING_MANAGED_PKG|tdc_tsw
16:38:14.0 (164802198)|ENTERING_MANAGED_PKG|tdc_tsw
16:38:14.0 (165052852)|ENTERING_MANAGED_PKG|tdc_tsw
16:38:14.0 (165469125)|ENTERING_MANAGED_PKG|tdc_tsw
16:38:14.0 (166615307)|ENTERING_MANAGED_PKG|tdc_tsw
16:38:14.0 (167381759)|ENTERING_MANAGED_PKG|tdc_tsw
16:38:14.0 (167627658)|ENTERING_MANAGED_PKG|tdc_tsw
16:38:14.0 (168047663)|ENTERING_MANAGED_PKG|tdc_tsw
16:38:14.0 (169213568)|ENTERING_MANAGED_PKG|tdc_tsw
16:38:14.0 (170018984)|ENTERING_MANAGED_PKG|tdc_tsw
16:38:14.0 (170280786)|ENTERING_MANAGED_PKG|tdc_tsw
16:38:14.0 (170719201)|ENTERING_MANAGED_PKG|tdc_tsw
16:38:14.0 (171901232)|ENTERING_MANAGED_PKG|tdc_tsw
16:38:14.0 (172679643)|ENTERING_MANAGED_PKG|tdc_tsw
16:38:14.0 (172933728)|ENTERING_MANAGED_PKG|tdc_tsw
16:38:14.0 (173350649)|ENTERING_MANAGED_PKG|tdc_tsw
16:38:14.0 (174498935)|ENTERING_MANAGED_PKG|tdc_tsw
16:38:14.0 (175272543)|ENTERING_MANAGED_PKG|tdc_tsw
16:38:14.0 (175520595)|ENTERING_MANAGED_PKG|tdc_tsw
16:38:14.0 (175942194)|ENTERING_MANAGED_PKG|tdc_tsw
16:38:14.0 (177094572)|ENTERING_MANAGED_PKG|tdc_tsw
16:38:14.0 (177843813)|ENTERING_MANAGED_PKG|tdc_tsw
16:38:14.0 (178096339)|ENTERING_MANAGED_PKG|tdc_tsw
16:38:14.0 (178514357)|ENTERING_MANAGED_PKG|tdc_tsw
16:38:14.0 (179669929)|ENTERING_MANAGED_PKG|tdc_tsw
16:38:14.0 (180439808)|ENTERING_MANAGED_PKG|tdc_tsw
16:38:14.0 (180686311)|ENTERING_MANAGED_PKG|tdc_tsw
16:38:14.0 (181111679)|ENTERING_MANAGED_PKG|tdc_tsw
16:38:14.0 (182256083)|ENTERING_MANAGED_PKG|tdc_tsw
16:38:14.0 (183026703)|ENTERING_MANAGED_PKG|tdc_tsw
16:38:14.0 (183271586)|ENTERING_MANAGED_PKG|tdc_tsw
16:38:14.0 (183683680)|ENTERING_MANAGED_PKG|tdc_tsw
16:38:14.0 (184834315)|ENTERING_MANAGED_PKG|tdc_tsw
16:38:14.0 (185599609)|ENTERING_MANAGED_PKG|tdc_tsw
16:38:14.0 (185845876)|ENTERING_MANAGED_PKG|tdc_tsw
16:38:14.0 (186266758)|ENTERING_MANAGED_PKG|tdc_tsw
16:38:14.0 (187411334)|ENTERING_MANAGED_PKG|tdc_tsw
16:38:14.0 (188176139)|ENTERING_MANAGED_PKG|tdc_tsw
16:38:14.0 (188429430)|ENTERING_MANAGED_PKG|tdc_tsw
16:38:14.0 (188842145)|ENTERING_MANAGED_PKG|tdc_tsw
16:38:14.0 (189996660)|ENTERING_MANAGED_PKG|tdc_tsw
16:38:14.0 (190757795)|ENTERING_MANAGED_PKG|tdc_tsw
16:38:14.0 (191009358)|ENTERING_MANAGED_PKG|tdc_tsw
16:38:14.0 (191503518)|ENTERING_MANAGED_PKG|tdc_tsw
16:38:14.0 (192652554)|ENTERING_MANAGED_PKG|tdc_tsw
16:38:14.0 (193422858)|ENTERING_MANAGED_PKG|tdc_tsw
16:38:14.0 (193669325)|ENTERING_MANAGED_PKG|tdc_tsw
16:38:14.0 (194089866)|ENTERING_MANAGED_PKG|tdc_tsw
16:38:14.0 (195260648)|ENTERING_MANAGED_PKG|tdc_tsw
16:38:14.0 (196031456)|ENTERING_MANAGED_PKG|tdc_tsw
16:38:14.0 (196276960)|ENTERING_MANAGED_PKG|tdc_tsw
16:38:14.0 (196687992)|ENTERING_MANAGED_PKG|tdc_tsw
16:38:14.0 (197832829)|ENTERING_MANAGED_PKG|tdc_tsw
16:38:14.0 (198601396)|ENTERING_MANAGED_PKG|tdc_tsw
16:38:14.0 (198846977)|ENTERING_MANAGED_PKG|tdc_tsw
16:38:14.0 (199269436)|ENTERING_MANAGED_PKG|tdc_tsw
16:38:14.0 (200415217)|ENTERING_MANAGED_PKG|tdc_tsw
16:38:14.0 (201177614)|ENTERING_MANAGED_PKG|tdc_tsw
16:38:14.0 (201422672)|ENTERING_MANAGED_PKG|tdc_tsw
16:38:14.0 (201835290)|ENTERING_MANAGED_PKG|tdc_tsw
16:38:14.0 (202985070)|ENTERING_MANAGED_PKG|tdc_tsw
16:38:14.0 (203747017)|ENTERING_MANAGED_PKG|tdc_tsw
16:38:14.0 (204003178)|ENTERING_MANAGED_PKG|tdc_tsw
16:38:14.0 (204415906)|ENTERING_MANAGED_PKG|tdc_tsw
16:38:14.0 (205558783)|ENTERING_MANAGED_PKG|tdc_tsw
16:38:14.0 (206322187)|ENTERING_MANAGED_PKG|tdc_tsw
16:38:14.0 (206568862)|ENTERING_MANAGED_PKG|tdc_tsw
16:38:14.0 (206986036)|ENTERING_MANAGED_PKG|tdc_tsw
16:38:14.0 (208125930)|ENTERING_MANAGED_PKG|tdc_tsw
16:38:14.0 (208885904)|ENTERING_MANAGED_PKG|tdc_tsw
16:38:14.0 (209134858)|ENTERING_MANAGED_PKG|tdc_tsw
16:38:14.0 (209548995)|ENTERING_MANAGED_PKG|tdc_tsw
16:38:14.0 (210697828)|ENTERING_MANAGED_PKG|tdc_tsw
16:38:14.0 (211460314)|ENTERING_MANAGED_PKG|tdc_tsw
16:38:14.0 (212019163)|ENTERING_MANAGED_PKG|tdc_tsw
16:38:14.0 (212437523)|ENTERING_MANAGED_PKG|tdc_tsw
16:38:14.0 (213576556)|ENTERING_MANAGED_PKG|tdc_tsw
16:38:14.0 (214343535)|ENTERING_MANAGED_PKG|tdc_tsw
16:38:14.0 (214596303)|ENTERING_MANAGED_PKG|tdc_tsw
16:38:14.0 (215017302)|ENTERING_MANAGED_PKG|tdc_tsw
16:38:14.0 (216154378)|ENTERING_MANAGED_PKG|tdc_tsw
16:38:14.0 (216913291)|ENTERING_MANAGED_PKG|tdc_tsw
16:38:14.0 (217160147)|ENTERING_MANAGED_PKG|tdc_tsw
16:38:14.0 (217573085)|ENTERING_MANAGED_PKG|tdc_tsw
16:38:14.0 (218717313)|ENTERING_MANAGED_PKG|tdc_tsw
16:38:14.0 (219483736)|ENTERING_MANAGED_PKG|tdc_tsw
16:38:14.0 (219729567)|ENTERING_MANAGED_PKG|tdc_tsw
16:38:14.0 (220166982)|ENTERING_MANAGED_PKG|tdc_tsw
16:38:14.0 (221323918)|ENTERING_MANAGED_PKG|tdc_tsw
16:38:14.0 (222091040)|ENTERING_MANAGED_PKG|tdc_tsw
16:38:14.0 (222337045)|ENTERING_MANAGED_PKG|tdc_tsw
16:38:14.0 (222756260)|ENTERING_MANAGED_PKG|tdc_tsw
16:38:14.0 (223900942)|ENTERING_MANAGED_PKG|tdc_tsw
16:38:14.0 (224672983)|ENTERING_MANAGED_PKG|tdc_tsw
16:38:14.0 (224924922)|ENTERING_MANAGED_PKG|tdc_tsw
16:38:14.0 (225340759)|ENTERING_MANAGED_PKG|tdc_tsw
16:38:14.0 (226485919)|ENTERING_MANAGED_PKG|tdc_tsw
16:38:14.0 (227256229)|ENTERING_MANAGED_PKG|tdc_tsw
16:38:14.0 (227499028)|ENTERING_MANAGED_PKG|tdc_tsw
16:38:14.0 (227913537)|ENTERING_MANAGED_PKG|tdc_tsw
16:38:14.0 (229066727)|ENTERING_MANAGED_PKG|tdc_tsw
16:38:14.0 (229824777)|ENTERING_MANAGED_PKG|tdc_tsw
16:38:14.0 (230075831)|ENTERING_MANAGED_PKG|tdc_tsw
16:38:14.0 (230489829)|ENTERING_MANAGED_PKG|tdc_tsw
16:38:14.0 (231634864)|ENTERING_MANAGED_PKG|tdc_tsw
16:38:14.0 (232398843)|ENTERING_MANAGED_PKG|tdc_tsw
16:38:14.0 (232643607)|ENTERING_MANAGED_PKG|tdc_tsw
16:38:14.0 (233067930)|ENTERING_MANAGED_PKG|tdc_tsw
16:38:14.0 (234214655)|ENTERING_MANAGED_PKG|tdc_tsw
16:38:14.0 (234982074)|ENTERING_MANAGED_PKG|tdc_tsw
16:38:14.0 (235227292)|ENTERING_MANAGED_PKG|tdc_tsw
16:38:14.0 (235642810)|ENTERING_MANAGED_PKG|tdc_tsw
16:38:14.0 (236791632)|ENTERING_MANAGED_PKG|tdc_tsw
16:38:14.0 (237559125)|ENTERING_MANAGED_PKG|tdc_tsw
16:38:14.0 (237803094)|ENTERING_MANAGED_PKG|tdc_tsw
16:38:14.0 (238224040)|ENTERING_MANAGED_PKG|tdc_tsw
16:38:14.0 (239369201)|ENTERING_MANAGED_PKG|tdc_tsw
16:38:14.0 (240137902)|ENTERING_MANAGED_PKG|tdc_tsw
16:38:14.0 (240382280)|ENTERING_MANAGED_PKG|tdc_tsw
16:38:14.0 (240811727)|ENTERING_MANAGED_PKG|tdc_tsw
16:38:14.0 (241967349)|ENTERING_MANAGED_PKG|tdc_tsw
16:38:14.0 (242786241)|ENTERING_MANAGED_PKG|tdc_tsw
16:38:14.0 (243053998)|ENTERING_MANAGED_PKG|tdc_tsw
16:38:14.0 (243513471)|ENTERING_MANAGED_PKG|tdc_tsw
16:38:14.0 (244671087)|ENTERING_MANAGED_PKG|tdc_tsw
16:38:14.0 (245441792)|ENTERING_MANAGED_PKG|tdc_tsw
16:38:14.0 (245688093)|ENTERING_MANAGED_PKG|tdc_tsw
16:38:14.0 (246109821)|ENTERING_MANAGED_PKG|tdc_tsw
16:38:14.0 (247248778)|ENTERING_MANAGED_PKG|tdc_tsw
16:38:14.0 (248010459)|ENTERING_MANAGED_PKG|tdc_tsw
16:38:14.0 (248288002)|ENTERING_MANAGED_PKG|tdc_tsw
16:38:14.0 (248715698)|ENTERING_MANAGED_PKG|tdc_tsw
16:38:14.0 (250152387)|ENTERING_MANAGED_PKG|tdc_tsw
16:38:14.0 (251223207)|ENTERING_MANAGED_PKG|tdc_tsw
16:38:14.0 (251308260)|ENTERING_MANAGED_PKG|tdc_tsw
16:38:14.0 (252165329)|SOQL_EXECUTE_BEGIN|[200]|Aggregations:0|SELECT Name, NamespacePrefix, SystemModStamp FROM StaticResource WHERE Name LIKE :tmpVar1 LIMIT 10
16:38:14.0 (259883208)|SOQL_EXECUTE_END|[200]|Rows:1
16:38:14.0 (260933490)|ENTERING_MANAGED_PKG|tdc_tsw
16:38:14.0 (261438038)|SOQL_EXECUTE_BEGIN|[200]|Aggregations:0|SELECT Name, NamespacePrefix, SystemModStamp FROM StaticResource WHERE Name LIKE :tmpVar1 LIMIT 10
16:38:14.0 (264743343)|SOQL_EXECUTE_END|[200]|Rows:1
16:38:14.0 (265167761)|ENTERING_MANAGED_PKG|tdc_tsw
16:38:14.0 (269403976)|ENTERING_MANAGED_PKG|tdc_tsw
16:38:14.0 (271268373)|ENTERING_MANAGED_PKG|tdc_tsw
16:38:14.0 (271585064)|ENTERING_MANAGED_PKG|tdc_tsw
16:38:14.0 (272580296)|ENTERING_MANAGED_PKG|tdc_tsw
16:38:14.0 (273091546)|SOQL_EXECUTE_BEGIN|[200]|Aggregations:0|SELECT Name, NamespacePrefix, SystemModStamp FROM StaticResource WHERE Name LIKE :tmpVar1 LIMIT 10
16:38:14.0 (276574140)|SOQL_EXECUTE_END|[200]|Rows:1
16:38:14.291 (291775727)|USER_INFO|[EXTERNAL]|0051H000009gxp8|chanida.dev2@solvedbysoftwareco.com|Eastern Standard Time|GMT-05:00
16:38:14.291 (293364282)|ENTERING_MANAGED_PKG|tdc_tsw
16:38:14.291 (293580015)|ENTERING_MANAGED_PKG|tdc_tsw
16:38:14.291 (296310649)|SOQL_EXECUTE_BEGIN|[355]|Aggregations:0|SELECT id, name, Disable_Incoming_SMS_Sharing__c FROM User WHERE id = :tmpVar1
16:38:14.291 (303236118)|SOQL_EXECUTE_END|[355]|Rows:1
16:38:14.291 (304417288)|SOQL_EXECUTE_BEGIN|[367]|Aggregations:0|SELECT CreatedDate,Id,LastModifiedDate,Related_Object_Id__c FROM Message__c WHERE Name = 'Incoming' AND Read__c = false ORDER BY CreatedDate Desc limit 100
16:38:14.291 (315511737)|SOQL_EXECUTE_END|[367]|Rows:100
