36.0 APEX_CODE,FINEST;APEX_PROFILING,INFO;CALLOUT,INFO;DB,INFO;NBA,INFO;SYSTEM,DEBUG;VALIDATION,INFO;VISUALFORCE,INFO;WAVE,INFO;WORKFLOW,INFO
22:18:41.14 (14053284)|ENTERING_MANAGED_PKG|tdc_tsw
22:18:41.14 (15060539)|ENTERING_MANAGED_PKG|tdc_tsw
22:18:41.14 (16192625)|ENTERING_MANAGED_PKG|tdc_tsw
22:18:41.14 (17356457)|ENTERING_MANAGED_PKG|tdc_tsw
22:18:41.14 (17418878)|ENTERING_MANAGED_PKG|tdc_tsw
22:18:41.14 (58858434)|ENTERING_MANAGED_PKG|tdc_tsw
22:18:41.14 (62691578)|ENTERING_MANAGED_PKG|tdc_tsw
22:18:41.14 (62775764)|ENTERING_MANAGED_PKG|tdc_tsw
22:18:41.14 (62843874)|ENTERING_MANAGED_PKG|tdc_tsw
22:18:41.14 (64102811)|ENTERING_MANAGED_PKG|tdc_tsw
22:18:41.14 (64446435)|ENTERING_MANAGED_PKG|tdc_tsw
22:18:41.14 (64862799)|ENTERING_MANAGED_PKG|tdc_tsw
22:18:41.14 (67130872)|ENTERING_MANAGED_PKG|tdc_tsw
22:18:41.14 (67199626)|ENTERING_MANAGED_PKG|tdc_tsw
22:18:41.14 (67571964)|ENTERING_MANAGED_PKG|tdc_tsw
22:18:41.14 (70032709)|ENTERING_MANAGED_PKG|tdc_tsw
22:18:41.14 (71502530)|ENTERING_MANAGED_PKG|tdc_tsw
22:18:41.14 (71582117)|ENTERING_MANAGED_PKG|tdc_tsw
22:18:41.14 (71678168)|ENTERING_MANAGED_PKG|tdc_tsw
22:18:41.14 (71877298)|ENTERING_MANAGED_PKG|tdc_tsw
22:18:41.14 (72100034)|ENTERING_MANAGED_PKG|tdc_tsw
22:18:41.14 (73635790)|ENTERING_MANAGED_PKG|tdc_tsw
22:18:41.14 (73704024)|ENTERING_MANAGED_PKG|tdc_tsw
22:18:41.14 (73804117)|ENTERING_MANAGED_PKG|tdc_tsw
22:18:41.14 (73893795)|ENTERING_MANAGED_PKG|tdc_tsw
22:18:41.14 (73927180)|ENTERING_MANAGED_PKG|tdc_tsw
22:18:41.14 (74224765)|ENTERING_MANAGED_PKG|tdc_tsw
22:18:41.14 (74319679)|ENTERING_MANAGED_PKG|tdc_tsw
22:18:41.14 (74398870)|ENTERING_MANAGED_PKG|tdc_tsw
22:18:41.14 (74553025)|ENTERING_MANAGED_PKG|tdc_tsw
22:18:41.14 (74612735)|ENTERING_MANAGED_PKG|tdc_tsw
22:18:41.14 (75745974)|ENTERING_MANAGED_PKG|tdc_tsw
22:18:41.14 (75843934)|ENTERING_MANAGED_PKG|tdc_tsw
22:18:41.14 (75925263)|ENTERING_MANAGED_PKG|tdc_tsw
22:18:41.14 (76653293)|ENTERING_MANAGED_PKG|tdc_tsw
22:18:41.14 (76713528)|ENTERING_MANAGED_PKG|tdc_tsw
22:18:41.14 (76786013)|ENTERING_MANAGED_PKG|tdc_tsw
22:18:41.14 (76851503)|ENTERING_MANAGED_PKG|tdc_tsw
22:18:41.14 (76971673)|ENTERING_MANAGED_PKG|tdc_tsw
22:18:41.14 (77100844)|ENTERING_MANAGED_PKG|tdc_tsw
22:18:41.14 (77175269)|ENTERING_MANAGED_PKG|tdc_tsw
22:18:41.14 (77251714)|ENTERING_MANAGED_PKG|tdc_tsw
22:18:41.14 (77308301)|ENTERING_MANAGED_PKG|tdc_tsw
22:18:41.14 (77359435)|ENTERING_MANAGED_PKG|tdc_tsw
22:18:41.14 (77415621)|ENTERING_MANAGED_PKG|tdc_tsw
22:18:41.14 (77476620)|ENTERING_MANAGED_PKG|tdc_tsw
22:18:41.14 (77583443)|ENTERING_MANAGED_PKG|tdc_tsw
22:18:41.14 (78296964)|ENTERING_MANAGED_PKG|tdc_tsw
22:18:41.14 (78412257)|ENTERING_MANAGED_PKG|tdc_tsw
22:18:41.14 (78691583)|ENTERING_MANAGED_PKG|tdc_tsw
22:18:41.14 (78841028)|ENTERING_MANAGED_PKG|tdc_tsw
22:18:41.14 (79016169)|ENTERING_MANAGED_PKG|tdc_tsw
22:18:41.14 (79081036)|ENTERING_MANAGED_PKG|tdc_tsw
22:18:41.14 (79167339)|ENTERING_MANAGED_PKG|tdc_tsw
22:18:41.14 (79598268)|ENTERING_MANAGED_PKG|tdc_tsw
22:18:41.14 (408493669)|ENTERING_MANAGED_PKG|tdc_tsw
22:18:41.14 (408672554)|ENTERING_MANAGED_PKG|tdc_tsw
22:18:41.14 (409934378)|ENTERING_MANAGED_PKG|tdc_tsw
22:18:41.14 (410009181)|ENTERING_MANAGED_PKG|tdc_tsw
22:18:41.14 (410099481)|ENTERING_MANAGED_PKG|tdc_tsw
22:18:41.14 (410210090)|ENTERING_MANAGED_PKG|tdc_tsw
22:18:41.14 (410265423)|ENTERING_MANAGED_PKG|tdc_tsw
22:18:41.14 (410314731)|ENTERING_MANAGED_PKG|tdc_tsw
22:18:41.14 (410384938)|ENTERING_MANAGED_PKG|tdc_tsw
22:18:41.14 (410436319)|ENTERING_MANAGED_PKG|tdc_tsw
22:18:41.14 (410481065)|ENTERING_MANAGED_PKG|tdc_tsw
22:18:41.14 (410561000)|ENTERING_MANAGED_PKG|tdc_tsw
22:18:41.14 (410617758)|ENTERING_MANAGED_PKG|tdc_tsw
22:18:41.14 (410666321)|ENTERING_MANAGED_PKG|tdc_tsw
22:18:41.14 (411718194)|ENTERING_MANAGED_PKG|tdc_tsw
22:18:41.14 (412093567)|ENTERING_MANAGED_PKG|tdc_tsw
22:18:41.14 (415252806)|ENTERING_MANAGED_PKG|tdc_tsw
22:18:41.14 (428672514)|ENTERING_MANAGED_PKG|tdc_tsw
22:18:41.14 (430230286)|ENTERING_MANAGED_PKG|tdc_tsw
22:18:41.14 (430387668)|ENTERING_MANAGED_PKG|tdc_tsw
22:18:41.14 (430522201)|ENTERING_MANAGED_PKG|tdc_tsw
22:18:41.14 (430666889)|ENTERING_MANAGED_PKG|tdc_tsw
22:18:41.14 (430778003)|ENTERING_MANAGED_PKG|tdc_tsw
22:18:41.14 (431023514)|ENTERING_MANAGED_PKG|tdc_tsw
22:18:41.14 (431729889)|ENTERING_MANAGED_PKG|tdc_tsw
22:18:41.14 (431822376)|ENTERING_MANAGED_PKG|tdc_tsw
22:18:41.14 (432283610)|ENTERING_MANAGED_PKG|tdc_tsw
22:18:41.14 (432376219)|ENTERING_MANAGED_PKG|tdc_tsw
22:18:41.14 (432842926)|ENTERING_MANAGED_PKG|tdc_tsw
22:18:41.14 (432950461)|ENTERING_MANAGED_PKG|tdc_tsw
22:18:41.14 (433024037)|ENTERING_MANAGED_PKG|tdc_tsw
22:18:41.14 (433095768)|ENTERING_MANAGED_PKG|tdc_tsw
22:18:41.14 (433178571)|ENTERING_MANAGED_PKG|tdc_tsw
22:18:41.14 (433289307)|ENTERING_MANAGED_PKG|tdc_tsw
22:18:41.14 (433446707)|ENTERING_MANAGED_PKG|tdc_tsw
22:18:41.14 (433505711)|ENTERING_MANAGED_PKG|tdc_tsw
22:18:41.14 (433592822)|ENTERING_MANAGED_PKG|tdc_tsw
22:18:41.14 (433873295)|ENTERING_MANAGED_PKG|tdc_tsw
22:18:41.14 (433939836)|ENTERING_MANAGED_PKG|tdc_tsw
22:18:41.14 (434027862)|ENTERING_MANAGED_PKG|tdc_tsw
22:18:41.14 (434100713)|ENTERING_MANAGED_PKG|tdc_tsw
22:18:41.14 (434191225)|ENTERING_MANAGED_PKG|tdc_tsw
22:18:41.14 (434300805)|ENTERING_MANAGED_PKG|tdc_tsw
22:18:41.14 (434385352)|ENTERING_MANAGED_PKG|tdc_tsw
22:18:41.14 (434483749)|ENTERING_MANAGED_PKG|tdc_tsw
22:18:41.14 (434552971)|ENTERING_MANAGED_PKG|tdc_tsw
22:18:41.14 (434798367)|ENTERING_MANAGED_PKG|tdc_tsw
22:18:41.14 (434964915)|ENTERING_MANAGED_PKG|tdc_tsw
22:18:41.14 (435078045)|ENTERING_MANAGED_PKG|tdc_tsw
22:18:41.14 (435172338)|ENTERING_MANAGED_PKG|tdc_tsw
22:18:41.14 (435303887)|ENTERING_MANAGED_PKG|tdc_tsw
22:18:41.14 (693197701)|ENTERING_MANAGED_PKG|tdc_tsw
22:18:41.14 (693754029)|ENTERING_MANAGED_PKG|tdc_tsw
22:18:41.14 (693807388)|ENTERING_MANAGED_PKG|tdc_tsw
22:18:41.14 (693874212)|ENTERING_MANAGED_PKG|tdc_tsw
22:18:41.14 (693947859)|ENTERING_MANAGED_PKG|tdc_tsw
22:18:41.14 (693984089)|ENTERING_MANAGED_PKG|tdc_tsw
22:18:41.14 (694016748)|ENTERING_MANAGED_PKG|tdc_tsw
22:18:41.14 (694068578)|ENTERING_MANAGED_PKG|tdc_tsw
22:18:41.14 (694102298)|ENTERING_MANAGED_PKG|tdc_tsw
22:18:41.14 (694132325)|ENTERING_MANAGED_PKG|tdc_tsw
22:18:41.14 (694224764)|ENTERING_MANAGED_PKG|tdc_tsw
22:18:41.14 (694312734)|ENTERING_MANAGED_PKG|tdc_tsw
22:18:41.14 (694370838)|ENTERING_MANAGED_PKG|tdc_tsw
22:18:41.14 (694478281)|ENTERING_MANAGED_PKG|tdc_tsw
22:18:41.14 (694619480)|ENTERING_MANAGED_PKG|tdc_tsw
22:18:41.14 (698657698)|ENTERING_MANAGED_PKG|tdc_tsw
22:18:41.14 (699417485)|ENTERING_MANAGED_PKG|tdc_tsw
22:18:41.14 (707179867)|ENTERING_MANAGED_PKG|tdc_tsw
22:18:41.14 (708520137)|ENTERING_MANAGED_PKG|tdc_tsw
22:18:41.14 (716383516)|ENTERING_MANAGED_PKG|tdc_tsw
22:18:41.14 (717565123)|ENTERING_MANAGED_PKG|tdc_tsw
22:18:41.14 (725263893)|ENTERING_MANAGED_PKG|tdc_tsw
22:18:41.14 (726409399)|ENTERING_MANAGED_PKG|tdc_tsw
22:18:41.14 (734073831)|ENTERING_MANAGED_PKG|tdc_tsw
22:18:41.14 (735395011)|ENTERING_MANAGED_PKG|tdc_tsw
22:18:41.14 (743098677)|ENTERING_MANAGED_PKG|tdc_tsw
22:18:41.14 (744284292)|ENTERING_MANAGED_PKG|tdc_tsw
22:18:41.14 (751987457)|ENTERING_MANAGED_PKG|tdc_tsw
22:18:41.14 (753171806)|ENTERING_MANAGED_PKG|tdc_tsw
22:18:41.14 (761041630)|ENTERING_MANAGED_PKG|tdc_tsw
22:18:41.14 (762225242)|ENTERING_MANAGED_PKG|tdc_tsw
22:18:41.14 (769949395)|ENTERING_MANAGED_PKG|tdc_tsw
22:18:41.14 (771148913)|ENTERING_MANAGED_PKG|tdc_tsw
22:18:41.14 (778832611)|ENTERING_MANAGED_PKG|tdc_tsw
22:18:41.14 (779992497)|ENTERING_MANAGED_PKG|tdc_tsw
22:18:41.14 (788649768)|ENTERING_MANAGED_PKG|tdc_tsw
22:18:41.14 (790246253)|ENTERING_MANAGED_PKG|tdc_tsw
22:18:41.14 (798279572)|ENTERING_MANAGED_PKG|tdc_tsw
22:18:41.14 (799440110)|ENTERING_MANAGED_PKG|tdc_tsw
22:18:41.14 (807398693)|ENTERING_MANAGED_PKG|tdc_tsw
22:18:41.14 (808683540)|ENTERING_MANAGED_PKG|tdc_tsw
22:18:41.14 (816828358)|ENTERING_MANAGED_PKG|tdc_tsw
22:18:41.14 (818033011)|ENTERING_MANAGED_PKG|tdc_tsw
22:18:41.14 (825832063)|ENTERING_MANAGED_PKG|tdc_tsw
22:18:41.14 (827052140)|ENTERING_MANAGED_PKG|tdc_tsw
22:18:41.14 (834946020)|ENTERING_MANAGED_PKG|tdc_tsw
22:18:41.14 (836107770)|ENTERING_MANAGED_PKG|tdc_tsw
22:18:41.14 (843790168)|ENTERING_MANAGED_PKG|tdc_tsw
22:18:41.14 (844977101)|ENTERING_MANAGED_PKG|tdc_tsw
22:18:41.14 (853196689)|ENTERING_MANAGED_PKG|tdc_tsw
22:18:41.14 (854397317)|ENTERING_MANAGED_PKG|tdc_tsw
22:18:41.14 (862675304)|ENTERING_MANAGED_PKG|tdc_tsw
22:18:41.14 (863896457)|ENTERING_MANAGED_PKG|tdc_tsw
22:18:41.14 (872007663)|ENTERING_MANAGED_PKG|tdc_tsw
22:18:41.14 (873176586)|ENTERING_MANAGED_PKG|tdc_tsw
22:18:41.14 (881432973)|ENTERING_MANAGED_PKG|tdc_tsw
22:18:41.14 (882641656)|ENTERING_MANAGED_PKG|tdc_tsw
22:18:41.14 (890424575)|ENTERING_MANAGED_PKG|tdc_tsw
22:18:41.14 (891602881)|ENTERING_MANAGED_PKG|tdc_tsw
22:18:41.14 (899398617)|ENTERING_MANAGED_PKG|tdc_tsw
22:18:41.14 (900755490)|ENTERING_MANAGED_PKG|tdc_tsw
22:18:41.14 (908534153)|ENTERING_MANAGED_PKG|tdc_tsw
22:18:41.14 (909713253)|ENTERING_MANAGED_PKG|tdc_tsw
22:18:41.14 (918081752)|ENTERING_MANAGED_PKG|tdc_tsw
22:18:41.14 (919281304)|ENTERING_MANAGED_PKG|tdc_tsw
22:18:41.14 (927244382)|ENTERING_MANAGED_PKG|tdc_tsw
22:18:41.14 (928457286)|ENTERING_MANAGED_PKG|tdc_tsw
22:18:41.14 (936337802)|ENTERING_MANAGED_PKG|tdc_tsw
22:18:41.14 (937519314)|ENTERING_MANAGED_PKG|tdc_tsw
22:18:41.14 (945360967)|ENTERING_MANAGED_PKG|tdc_tsw
22:18:41.14 (946539491)|ENTERING_MANAGED_PKG|tdc_tsw
22:18:41.14 (954532806)|ENTERING_MANAGED_PKG|tdc_tsw
22:18:41.14 (955982808)|ENTERING_MANAGED_PKG|tdc_tsw
22:18:41.14 (964547718)|ENTERING_MANAGED_PKG|tdc_tsw
22:18:41.14 (965722713)|ENTERING_MANAGED_PKG|tdc_tsw
22:18:41.14 (973503654)|ENTERING_MANAGED_PKG|tdc_tsw
22:18:41.14 (974695413)|ENTERING_MANAGED_PKG|tdc_tsw
22:18:41.14 (982600237)|ENTERING_MANAGED_PKG|tdc_tsw
22:18:41.14 (983901424)|ENTERING_MANAGED_PKG|tdc_tsw
22:18:41.14 (992076307)|ENTERING_MANAGED_PKG|tdc_tsw
22:18:41.14 (993424288)|ENTERING_MANAGED_PKG|tdc_tsw
22:18:41.14 (1001176286)|ENTERING_MANAGED_PKG|tdc_tsw
22:18:41.14 (1002320597)|ENTERING_MANAGED_PKG|tdc_tsw
22:18:41.14 (1010049123)|ENTERING_MANAGED_PKG|tdc_tsw
22:18:41.14 (1011438703)|ENTERING_MANAGED_PKG|tdc_tsw
22:18:42.19 (1019265987)|ENTERING_MANAGED_PKG|tdc_tsw
22:18:42.19 (1020410439)|ENTERING_MANAGED_PKG|tdc_tsw
22:18:42.19 (1028494504)|ENTERING_MANAGED_PKG|tdc_tsw
22:18:42.19 (1029865455)|ENTERING_MANAGED_PKG|tdc_tsw
22:18:42.19 (1037527391)|ENTERING_MANAGED_PKG|tdc_tsw
22:18:42.19 (1038656324)|ENTERING_MANAGED_PKG|tdc_tsw
22:18:42.19 (1046261576)|ENTERING_MANAGED_PKG|tdc_tsw
22:18:42.19 (1047386294)|ENTERING_MANAGED_PKG|tdc_tsw
22:18:42.19 (1054778687)|ENTERING_MANAGED_PKG|tdc_tsw
22:18:42.19 (1055912241)|ENTERING_MANAGED_PKG|tdc_tsw
22:18:42.19 (1064062033)|ENTERING_MANAGED_PKG|tdc_tsw
22:18:42.19 (1065324808)|ENTERING_MANAGED_PKG|tdc_tsw
22:18:42.19 (1072985831)|ENTERING_MANAGED_PKG|tdc_tsw
22:18:42.19 (1074137457)|ENTERING_MANAGED_PKG|tdc_tsw
22:18:42.19 (1081398513)|ENTERING_MANAGED_PKG|tdc_tsw
22:18:42.19 (1082544308)|ENTERING_MANAGED_PKG|tdc_tsw
22:18:42.19 (1090839317)|ENTERING_MANAGED_PKG|tdc_tsw
22:18:42.19 (1092097115)|ENTERING_MANAGED_PKG|tdc_tsw
22:18:42.19 (1099442451)|ENTERING_MANAGED_PKG|tdc_tsw
22:18:42.19 (1100561156)|ENTERING_MANAGED_PKG|tdc_tsw
22:18:42.19 (1108123390)|ENTERING_MANAGED_PKG|tdc_tsw
22:18:42.19 (1109296827)|ENTERING_MANAGED_PKG|tdc_tsw
22:18:42.19 (1120559756)|ENTERING_MANAGED_PKG|tdc_tsw
22:18:42.19 (1122605857)|ENTERING_MANAGED_PKG|tdc_tsw
22:18:42.19 (1135493386)|ENTERING_MANAGED_PKG|tdc_tsw
22:18:42.19 (1137225089)|ENTERING_MANAGED_PKG|tdc_tsw
22:18:42.19 (1147944842)|ENTERING_MANAGED_PKG|tdc_tsw
22:18:42.19 (1149730665)|ENTERING_MANAGED_PKG|tdc_tsw
22:18:42.19 (1159878442)|ENTERING_MANAGED_PKG|tdc_tsw
22:18:42.19 (1161405259)|ENTERING_MANAGED_PKG|tdc_tsw
22:18:42.19 (1171594947)|ENTERING_MANAGED_PKG|tdc_tsw
22:18:42.19 (1176016746)|ENTERING_MANAGED_PKG|tdc_tsw
22:18:42.19 (1176384251)|ENTERING_MANAGED_PKG|tdc_tsw
22:18:42.19 (1176602702)|ENTERING_MANAGED_PKG|tdc_tsw
22:18:42.19 (1176810609)|ENTERING_MANAGED_PKG|tdc_tsw
22:18:42.19 (1177102499)|ENTERING_MANAGED_PKG|tdc_tsw
22:18:42.19 (1177191928)|ENTERING_MANAGED_PKG|tdc_tsw
22:18:42.19 (1177492850)|ENTERING_MANAGED_PKG|tdc_tsw
22:18:42.19 (1177573257)|ENTERING_MANAGED_PKG|tdc_tsw
22:18:42.19 (1177712838)|ENTERING_MANAGED_PKG|tdc_tsw
22:18:42.19 (1177941919)|ENTERING_MANAGED_PKG|tdc_tsw
22:18:42.19 (1180415565)|ENTERING_MANAGED_PKG|tdc_tsw
22:18:42.19 (1181245642)|ENTERING_MANAGED_PKG|tdc_tsw
22:18:42.19 (1189892308)|ENTERING_MANAGED_PKG|tdc_tsw
22:18:42.19 (1190963005)|ENTERING_MANAGED_PKG|tdc_tsw
22:18:42.19 (1199182757)|ENTERING_MANAGED_PKG|tdc_tsw
22:18:42.19 (1200437030)|ENTERING_MANAGED_PKG|tdc_tsw
22:18:42.19 (1208209605)|ENTERING_MANAGED_PKG|tdc_tsw
22:18:42.19 (1209479363)|ENTERING_MANAGED_PKG|tdc_tsw
22:18:42.19 (1217971779)|ENTERING_MANAGED_PKG|tdc_tsw
22:18:42.19 (1219110579)|ENTERING_MANAGED_PKG|tdc_tsw
22:18:42.19 (1227957487)|ENTERING_MANAGED_PKG|tdc_tsw
22:18:42.19 (1230219206)|ENTERING_MANAGED_PKG|tdc_tsw
22:18:42.19 (1236381805)|ENTERING_MANAGED_PKG|tdc_tsw
22:18:42.19 (1237358410)|ENTERING_MANAGED_PKG|tdc_tsw
22:18:42.19 (1243611213)|ENTERING_MANAGED_PKG|tdc_tsw
22:18:42.19 (1244603473)|ENTERING_MANAGED_PKG|tdc_tsw
22:18:42.19 (1250830857)|ENTERING_MANAGED_PKG|tdc_tsw
22:18:42.19 (1251732688)|ENTERING_MANAGED_PKG|tdc_tsw
22:18:42.19 (1257754100)|ENTERING_MANAGED_PKG|tdc_tsw
22:18:42.19 (1258668431)|ENTERING_MANAGED_PKG|tdc_tsw
22:18:42.19 (1265063947)|ENTERING_MANAGED_PKG|tdc_tsw
22:18:42.19 (1265955882)|ENTERING_MANAGED_PKG|tdc_tsw
22:18:42.19 (1271997912)|ENTERING_MANAGED_PKG|tdc_tsw
22:18:42.19 (1272886661)|ENTERING_MANAGED_PKG|tdc_tsw
22:18:42.19 (1278911850)|ENTERING_MANAGED_PKG|tdc_tsw
22:18:42.19 (1279812978)|ENTERING_MANAGED_PKG|tdc_tsw
22:18:42.19 (1285837705)|ENTERING_MANAGED_PKG|tdc_tsw
22:18:42.19 (1286734029)|ENTERING_MANAGED_PKG|tdc_tsw
22:18:42.19 (1293376954)|ENTERING_MANAGED_PKG|tdc_tsw
22:18:42.19 (1294293958)|ENTERING_MANAGED_PKG|tdc_tsw
22:18:42.19 (1300339326)|ENTERING_MANAGED_PKG|tdc_tsw
22:18:42.19 (1301240187)|ENTERING_MANAGED_PKG|tdc_tsw
22:18:42.19 (1307275701)|ENTERING_MANAGED_PKG|tdc_tsw
22:18:42.19 (1308204032)|ENTERING_MANAGED_PKG|tdc_tsw
22:18:42.19 (1314417235)|ENTERING_MANAGED_PKG|tdc_tsw
22:18:42.19 (1315334352)|ENTERING_MANAGED_PKG|tdc_tsw
22:18:42.19 (1321433338)|ENTERING_MANAGED_PKG|tdc_tsw
22:18:42.19 (1322407967)|ENTERING_MANAGED_PKG|tdc_tsw
22:18:42.19 (1328491423)|ENTERING_MANAGED_PKG|tdc_tsw
22:18:42.19 (1329429284)|ENTERING_MANAGED_PKG|tdc_tsw
22:18:42.19 (1335655733)|ENTERING_MANAGED_PKG|tdc_tsw
22:18:42.19 (1336616874)|ENTERING_MANAGED_PKG|tdc_tsw
22:18:42.19 (1342695354)|ENTERING_MANAGED_PKG|tdc_tsw
22:18:42.19 (1343609681)|ENTERING_MANAGED_PKG|tdc_tsw
22:18:42.19 (1349759014)|ENTERING_MANAGED_PKG|tdc_tsw
22:18:42.19 (1350673450)|ENTERING_MANAGED_PKG|tdc_tsw
22:18:42.19 (1356789339)|ENTERING_MANAGED_PKG|tdc_tsw
22:18:42.19 (1357726635)|ENTERING_MANAGED_PKG|tdc_tsw
22:18:42.19 (1363879209)|ENTERING_MANAGED_PKG|tdc_tsw
22:18:42.19 (1364806308)|ENTERING_MANAGED_PKG|tdc_tsw
22:18:42.19 (1370885300)|ENTERING_MANAGED_PKG|tdc_tsw
22:18:42.19 (1371808897)|ENTERING_MANAGED_PKG|tdc_tsw
22:18:42.19 (1377850792)|ENTERING_MANAGED_PKG|tdc_tsw
22:18:42.19 (1378760858)|ENTERING_MANAGED_PKG|tdc_tsw
22:18:42.19 (1384807053)|ENTERING_MANAGED_PKG|tdc_tsw
22:18:42.19 (1385714196)|ENTERING_MANAGED_PKG|tdc_tsw
22:18:42.19 (1391753477)|ENTERING_MANAGED_PKG|tdc_tsw
22:18:42.19 (1392662184)|ENTERING_MANAGED_PKG|tdc_tsw
22:18:42.19 (1398702608)|ENTERING_MANAGED_PKG|tdc_tsw
22:18:42.19 (1399589603)|ENTERING_MANAGED_PKG|tdc_tsw
22:18:42.19 (1405623291)|ENTERING_MANAGED_PKG|tdc_tsw
22:18:42.19 (1406516375)|ENTERING_MANAGED_PKG|tdc_tsw
22:18:42.19 (1423221947)|ENTERING_MANAGED_PKG|tdc_tsw
22:18:42.19 (1424138399)|ENTERING_MANAGED_PKG|tdc_tsw
22:18:42.19 (1430456706)|ENTERING_MANAGED_PKG|tdc_tsw
22:18:42.19 (1431559669)|ENTERING_MANAGED_PKG|tdc_tsw
22:18:42.19 (1437806095)|ENTERING_MANAGED_PKG|tdc_tsw
22:18:42.19 (1438694484)|ENTERING_MANAGED_PKG|tdc_tsw
22:18:42.19 (1445320497)|ENTERING_MANAGED_PKG|tdc_tsw
22:18:42.19 (1446216615)|ENTERING_MANAGED_PKG|tdc_tsw
22:18:42.19 (1452308660)|ENTERING_MANAGED_PKG|tdc_tsw
22:18:42.19 (1453197145)|ENTERING_MANAGED_PKG|tdc_tsw
22:18:42.19 (1459344326)|ENTERING_MANAGED_PKG|tdc_tsw
22:18:42.19 (1460327323)|ENTERING_MANAGED_PKG|tdc_tsw
22:18:42.19 (1466370118)|ENTERING_MANAGED_PKG|tdc_tsw
22:18:42.19 (1467290195)|ENTERING_MANAGED_PKG|tdc_tsw
22:18:42.19 (1473536518)|ENTERING_MANAGED_PKG|tdc_tsw
22:18:42.19 (1474424310)|ENTERING_MANAGED_PKG|tdc_tsw
22:18:42.19 (1481238344)|ENTERING_MANAGED_PKG|tdc_tsw
22:18:42.19 (1482167122)|ENTERING_MANAGED_PKG|tdc_tsw
22:18:42.19 (1488375356)|ENTERING_MANAGED_PKG|tdc_tsw
22:18:42.19 (1489264151)|ENTERING_MANAGED_PKG|tdc_tsw
22:18:42.19 (1495307954)|ENTERING_MANAGED_PKG|tdc_tsw
22:18:42.19 (1496194801)|ENTERING_MANAGED_PKG|tdc_tsw
22:18:42.19 (1502202189)|ENTERING_MANAGED_PKG|tdc_tsw
22:18:42.19 (1503079526)|ENTERING_MANAGED_PKG|tdc_tsw
22:18:42.19 (1509098663)|ENTERING_MANAGED_PKG|tdc_tsw
22:18:42.19 (1509982670)|ENTERING_MANAGED_PKG|tdc_tsw
22:18:42.19 (1516213361)|ENTERING_MANAGED_PKG|tdc_tsw
22:18:42.19 (1517098843)|ENTERING_MANAGED_PKG|tdc_tsw
22:18:42.19 (1523153067)|ENTERING_MANAGED_PKG|tdc_tsw
22:18:42.19 (1524033257)|ENTERING_MANAGED_PKG|tdc_tsw
22:18:42.19 (1530060834)|ENTERING_MANAGED_PKG|tdc_tsw
22:18:42.19 (1530948057)|ENTERING_MANAGED_PKG|tdc_tsw
22:18:42.19 (1536994455)|ENTERING_MANAGED_PKG|tdc_tsw
22:18:42.19 (1537883162)|ENTERING_MANAGED_PKG|tdc_tsw
22:18:42.19 (1544246051)|ENTERING_MANAGED_PKG|tdc_tsw
22:18:42.19 (1545124014)|ENTERING_MANAGED_PKG|tdc_tsw
22:18:42.19 (1551166345)|ENTERING_MANAGED_PKG|tdc_tsw
22:18:42.19 (1552124638)|ENTERING_MANAGED_PKG|tdc_tsw
22:18:42.19 (1558406237)|ENTERING_MANAGED_PKG|tdc_tsw
22:18:42.19 (1560971268)|ENTERING_MANAGED_PKG|tdc_tsw
22:18:42.19 (1561310047)|ENTERING_MANAGED_PKG|tdc_tsw
22:18:42.19 (1561684901)|ENTERING_MANAGED_PKG|tdc_tsw
22:18:42.19 (1561742484)|ENTERING_MANAGED_PKG|tdc_tsw
22:18:42.19 (1561884574)|ENTERING_MANAGED_PKG|tdc_tsw
22:18:42.19 (1561938755)|ENTERING_MANAGED_PKG|tdc_tsw
22:18:42.19 (1561982354)|ENTERING_MANAGED_PKG|tdc_tsw
22:18:42.19 (1562103126)|ENTERING_MANAGED_PKG|tdc_tsw
22:18:42.19 (1562354096)|ENTERING_MANAGED_PKG|tdc_tsw
22:18:42.19 (1562388501)|ENTERING_MANAGED_PKG|tdc_tsw
22:18:42.19 (1562428421)|ENTERING_MANAGED_PKG|tdc_tsw
22:18:42.19 (1562465670)|ENTERING_MANAGED_PKG|tdc_tsw
22:18:42.19 (1562496039)|ENTERING_MANAGED_PKG|tdc_tsw
22:18:42.19 (1562587295)|ENTERING_MANAGED_PKG|tdc_tsw
22:18:42.19 (1562771391)|ENTERING_MANAGED_PKG|tdc_tsw
22:18:42.19 (1562805062)|ENTERING_MANAGED_PKG|tdc_tsw
22:18:42.19 (1562843498)|ENTERING_MANAGED_PKG|tdc_tsw
22:18:42.19 (1562879623)|ENTERING_MANAGED_PKG|tdc_tsw
22:18:42.19 (1562910096)|ENTERING_MANAGED_PKG|tdc_tsw
22:18:42.19 (1562998727)|ENTERING_MANAGED_PKG|tdc_tsw
22:18:42.19 (1563186756)|ENTERING_MANAGED_PKG|tdc_tsw
22:18:42.19 (1563221534)|ENTERING_MANAGED_PKG|tdc_tsw
22:18:42.19 (1563259572)|ENTERING_MANAGED_PKG|tdc_tsw
22:18:42.19 (1563295401)|ENTERING_MANAGED_PKG|tdc_tsw
22:18:42.19 (1563326026)|ENTERING_MANAGED_PKG|tdc_tsw
22:18:42.19 (1563413912)|ENTERING_MANAGED_PKG|tdc_tsw
22:18:42.19 (1563594201)|ENTERING_MANAGED_PKG|tdc_tsw
22:18:42.19 (1563627902)|ENTERING_MANAGED_PKG|tdc_tsw
22:18:42.19 (1563665862)|ENTERING_MANAGED_PKG|tdc_tsw
22:18:42.19 (1563701672)|ENTERING_MANAGED_PKG|tdc_tsw
22:18:42.19 (1563731751)|ENTERING_MANAGED_PKG|tdc_tsw
22:18:42.19 (1563818840)|ENTERING_MANAGED_PKG|tdc_tsw
22:18:42.19 (1563997669)|ENTERING_MANAGED_PKG|tdc_tsw
22:18:42.19 (1564030877)|ENTERING_MANAGED_PKG|tdc_tsw
22:18:42.19 (1564069568)|ENTERING_MANAGED_PKG|tdc_tsw
22:18:42.19 (1564105531)|ENTERING_MANAGED_PKG|tdc_tsw
22:18:42.19 (1564135550)|ENTERING_MANAGED_PKG|tdc_tsw
22:18:42.19 (1564229382)|ENTERING_MANAGED_PKG|tdc_tsw
22:18:42.19 (1564407439)|ENTERING_MANAGED_PKG|tdc_tsw
22:18:42.19 (1564440609)|ENTERING_MANAGED_PKG|tdc_tsw
22:18:42.19 (1564478335)|ENTERING_MANAGED_PKG|tdc_tsw
22:18:42.19 (1564514204)|ENTERING_MANAGED_PKG|tdc_tsw
22:18:42.19 (1564543747)|ENTERING_MANAGED_PKG|tdc_tsw
22:18:42.19 (1564630253)|ENTERING_MANAGED_PKG|tdc_tsw
22:18:42.19 (1564807282)|ENTERING_MANAGED_PKG|tdc_tsw
22:18:42.19 (1564840870)|ENTERING_MANAGED_PKG|tdc_tsw
22:18:42.19 (1564878704)|ENTERING_MANAGED_PKG|tdc_tsw
22:18:42.19 (1564914228)|ENTERING_MANAGED_PKG|tdc_tsw
22:18:42.19 (1564943858)|ENTERING_MANAGED_PKG|tdc_tsw
22:18:42.19 (1565030309)|ENTERING_MANAGED_PKG|tdc_tsw
22:18:42.19 (1565215541)|ENTERING_MANAGED_PKG|tdc_tsw
22:18:42.19 (1565249270)|ENTERING_MANAGED_PKG|tdc_tsw
22:18:42.19 (1565287009)|ENTERING_MANAGED_PKG|tdc_tsw
22:18:42.19 (1565322652)|ENTERING_MANAGED_PKG|tdc_tsw
22:18:42.19 (1565352275)|ENTERING_MANAGED_PKG|tdc_tsw
22:18:42.19 (1565438525)|ENTERING_MANAGED_PKG|tdc_tsw
22:18:42.19 (1565615952)|ENTERING_MANAGED_PKG|tdc_tsw
22:18:42.19 (1565649357)|ENTERING_MANAGED_PKG|tdc_tsw
22:18:42.19 (1565686972)|ENTERING_MANAGED_PKG|tdc_tsw
22:18:42.19 (1565722904)|ENTERING_MANAGED_PKG|tdc_tsw
22:18:42.19 (1565752718)|ENTERING_MANAGED_PKG|tdc_tsw
22:18:42.19 (1565837972)|ENTERING_MANAGED_PKG|tdc_tsw
22:18:42.19 (1566013512)|ENTERING_MANAGED_PKG|tdc_tsw
22:18:42.19 (1566047709)|ENTERING_MANAGED_PKG|tdc_tsw
22:18:42.19 (1566085514)|ENTERING_MANAGED_PKG|tdc_tsw
22:18:42.19 (1566121039)|ENTERING_MANAGED_PKG|tdc_tsw
22:18:42.19 (1566155853)|ENTERING_MANAGED_PKG|tdc_tsw
22:18:42.19 (1566244331)|ENTERING_MANAGED_PKG|tdc_tsw
22:18:42.19 (1566420231)|ENTERING_MANAGED_PKG|tdc_tsw
22:18:42.19 (1566453547)|ENTERING_MANAGED_PKG|tdc_tsw
22:18:42.19 (1566491330)|ENTERING_MANAGED_PKG|tdc_tsw
22:18:42.19 (1566526853)|ENTERING_MANAGED_PKG|tdc_tsw
22:18:42.19 (1566556640)|ENTERING_MANAGED_PKG|tdc_tsw
22:18:42.19 (1566642129)|ENTERING_MANAGED_PKG|tdc_tsw
22:18:42.19 (1566817873)|ENTERING_MANAGED_PKG|tdc_tsw
22:18:42.19 (1566851675)|ENTERING_MANAGED_PKG|tdc_tsw
22:18:42.19 (1566889282)|ENTERING_MANAGED_PKG|tdc_tsw
22:18:42.19 (1566925412)|ENTERING_MANAGED_PKG|tdc_tsw
22:18:42.19 (1566955930)|ENTERING_MANAGED_PKG|tdc_tsw
22:18:42.19 (1567042362)|ENTERING_MANAGED_PKG|tdc_tsw
22:18:42.19 (1567227121)|ENTERING_MANAGED_PKG|tdc_tsw
22:18:42.19 (1567260177)|ENTERING_MANAGED_PKG|tdc_tsw
22:18:42.19 (1567298548)|ENTERING_MANAGED_PKG|tdc_tsw
22:18:42.19 (1567334605)|ENTERING_MANAGED_PKG|tdc_tsw
22:18:42.19 (1567364752)|ENTERING_MANAGED_PKG|tdc_tsw
22:18:42.19 (1567450638)|ENTERING_MANAGED_PKG|tdc_tsw
22:18:42.19 (1567626381)|ENTERING_MANAGED_PKG|tdc_tsw
22:18:42.19 (1567659582)|ENTERING_MANAGED_PKG|tdc_tsw
22:18:42.19 (1567697180)|ENTERING_MANAGED_PKG|tdc_tsw
22:18:42.19 (1567733457)|ENTERING_MANAGED_PKG|tdc_tsw
22:18:42.19 (1567763471)|ENTERING_MANAGED_PKG|tdc_tsw
22:18:42.19 (1567849951)|ENTERING_MANAGED_PKG|tdc_tsw
22:18:42.19 (1568026018)|ENTERING_MANAGED_PKG|tdc_tsw
22:18:42.19 (1568059788)|ENTERING_MANAGED_PKG|tdc_tsw
22:18:42.19 (1568097369)|ENTERING_MANAGED_PKG|tdc_tsw
22:18:42.19 (1568132603)|ENTERING_MANAGED_PKG|tdc_tsw
22:18:42.19 (1568169628)|ENTERING_MANAGED_PKG|tdc_tsw
22:18:42.19 (1568257722)|ENTERING_MANAGED_PKG|tdc_tsw
22:18:42.19 (1568434096)|ENTERING_MANAGED_PKG|tdc_tsw
22:18:42.19 (1568467342)|ENTERING_MANAGED_PKG|tdc_tsw
22:18:42.19 (1568505001)|ENTERING_MANAGED_PKG|tdc_tsw
22:18:42.19 (1568540925)|ENTERING_MANAGED_PKG|tdc_tsw
22:18:42.19 (1568571209)|ENTERING_MANAGED_PKG|tdc_tsw
22:18:42.19 (1568656974)|ENTERING_MANAGED_PKG|tdc_tsw
22:18:42.19 (1568845759)|ENTERING_MANAGED_PKG|tdc_tsw
22:18:42.19 (1568879388)|ENTERING_MANAGED_PKG|tdc_tsw
22:18:42.19 (1568917023)|ENTERING_MANAGED_PKG|tdc_tsw
22:18:42.19 (1568952868)|ENTERING_MANAGED_PKG|tdc_tsw
22:18:42.19 (1568983262)|ENTERING_MANAGED_PKG|tdc_tsw
22:18:42.19 (1569069039)|ENTERING_MANAGED_PKG|tdc_tsw
22:18:42.19 (1569254514)|ENTERING_MANAGED_PKG|tdc_tsw
22:18:42.19 (1569287686)|ENTERING_MANAGED_PKG|tdc_tsw
22:18:42.19 (1569325684)|ENTERING_MANAGED_PKG|tdc_tsw
22:18:42.19 (1569361737)|ENTERING_MANAGED_PKG|tdc_tsw
22:18:42.19 (1569391795)|ENTERING_MANAGED_PKG|tdc_tsw
22:18:42.19 (1569484162)|ENTERING_MANAGED_PKG|tdc_tsw
22:18:42.19 (1569660825)|ENTERING_MANAGED_PKG|tdc_tsw
22:18:42.19 (1569694105)|ENTERING_MANAGED_PKG|tdc_tsw
22:18:42.19 (1569731715)|ENTERING_MANAGED_PKG|tdc_tsw
22:18:42.19 (1569767611)|ENTERING_MANAGED_PKG|tdc_tsw
22:18:42.19 (1569798006)|ENTERING_MANAGED_PKG|tdc_tsw
22:18:42.19 (1569883417)|ENTERING_MANAGED_PKG|tdc_tsw
22:18:42.19 (1570058638)|ENTERING_MANAGED_PKG|tdc_tsw
22:18:42.19 (1570092729)|ENTERING_MANAGED_PKG|tdc_tsw
22:18:42.19 (1570130121)|ENTERING_MANAGED_PKG|tdc_tsw
22:18:42.19 (1570173181)|ENTERING_MANAGED_PKG|tdc_tsw
22:18:42.19 (1570204490)|ENTERING_MANAGED_PKG|tdc_tsw
22:18:42.19 (1570290367)|ENTERING_MANAGED_PKG|tdc_tsw
22:18:42.19 (1570470877)|ENTERING_MANAGED_PKG|tdc_tsw
22:18:42.19 (1570504767)|ENTERING_MANAGED_PKG|tdc_tsw
22:18:42.19 (1570542530)|ENTERING_MANAGED_PKG|tdc_tsw
22:18:42.19 (1570577965)|ENTERING_MANAGED_PKG|tdc_tsw
22:18:42.19 (1570607884)|ENTERING_MANAGED_PKG|tdc_tsw
22:18:42.19 (1570692787)|ENTERING_MANAGED_PKG|tdc_tsw
22:18:42.19 (1570908432)|ENTERING_MANAGED_PKG|tdc_tsw
22:18:42.19 (1570952669)|ENTERING_MANAGED_PKG|tdc_tsw
22:18:42.19 (1571013601)|ENTERING_MANAGED_PKG|tdc_tsw
22:18:42.19 (1571073810)|ENTERING_MANAGED_PKG|tdc_tsw
22:18:42.19 (1571126916)|ENTERING_MANAGED_PKG|tdc_tsw
22:18:42.19 (1571275926)|ENTERING_MANAGED_PKG|tdc_tsw
22:18:42.19 (1571472469)|ENTERING_MANAGED_PKG|tdc_tsw
22:18:42.19 (1571506297)|ENTERING_MANAGED_PKG|tdc_tsw
22:18:42.19 (1571544757)|ENTERING_MANAGED_PKG|tdc_tsw
22:18:42.19 (1571580843)|ENTERING_MANAGED_PKG|tdc_tsw
22:18:42.19 (1571611214)|ENTERING_MANAGED_PKG|tdc_tsw
22:18:42.19 (1571697336)|ENTERING_MANAGED_PKG|tdc_tsw
22:18:42.19 (1571874344)|ENTERING_MANAGED_PKG|tdc_tsw
22:18:42.19 (1571907663)|ENTERING_MANAGED_PKG|tdc_tsw
22:18:42.19 (1571945689)|ENTERING_MANAGED_PKG|tdc_tsw
22:18:42.19 (1571981338)|ENTERING_MANAGED_PKG|tdc_tsw
22:18:42.19 (1572011967)|ENTERING_MANAGED_PKG|tdc_tsw
22:18:42.19 (1572098928)|ENTERING_MANAGED_PKG|tdc_tsw
22:18:42.19 (1572285476)|ENTERING_MANAGED_PKG|tdc_tsw
22:18:42.19 (1572318838)|ENTERING_MANAGED_PKG|tdc_tsw
22:18:42.19 (1572356496)|ENTERING_MANAGED_PKG|tdc_tsw
22:18:42.19 (1572391972)|ENTERING_MANAGED_PKG|tdc_tsw
22:18:42.19 (1572422113)|ENTERING_MANAGED_PKG|tdc_tsw
22:18:42.19 (1572534774)|ENTERING_MANAGED_PKG|tdc_tsw
22:18:42.19 (1572820233)|ENTERING_MANAGED_PKG|tdc_tsw
22:18:42.19 (1572863550)|ENTERING_MANAGED_PKG|tdc_tsw
22:18:42.19 (1572903931)|ENTERING_MANAGED_PKG|tdc_tsw
22:18:42.19 (1572940388)|ENTERING_MANAGED_PKG|tdc_tsw
22:18:42.19 (1572970601)|ENTERING_MANAGED_PKG|tdc_tsw
22:18:42.19 (1573058674)|ENTERING_MANAGED_PKG|tdc_tsw
22:18:42.19 (1573308047)|ENTERING_MANAGED_PKG|tdc_tsw
22:18:42.19 (1573366415)|ENTERING_MANAGED_PKG|tdc_tsw
22:18:42.19 (1573430170)|ENTERING_MANAGED_PKG|tdc_tsw
22:18:42.19 (1573496078)|ENTERING_MANAGED_PKG|tdc_tsw
22:18:42.19 (1573549960)|ENTERING_MANAGED_PKG|tdc_tsw
22:18:42.19 (1573653031)|ENTERING_MANAGED_PKG|tdc_tsw
22:18:42.19 (1573839475)|ENTERING_MANAGED_PKG|tdc_tsw
22:18:42.19 (1573873715)|ENTERING_MANAGED_PKG|tdc_tsw
22:18:42.19 (1573911937)|ENTERING_MANAGED_PKG|tdc_tsw
22:18:42.19 (1573948161)|ENTERING_MANAGED_PKG|tdc_tsw
22:18:42.19 (1573978773)|ENTERING_MANAGED_PKG|tdc_tsw
22:18:42.19 (1574065136)|ENTERING_MANAGED_PKG|tdc_tsw
22:18:42.19 (1574253019)|ENTERING_MANAGED_PKG|tdc_tsw
22:18:42.19 (1574286808)|ENTERING_MANAGED_PKG|tdc_tsw
22:18:42.19 (1574325461)|ENTERING_MANAGED_PKG|tdc_tsw
22:18:42.19 (1574361590)|ENTERING_MANAGED_PKG|tdc_tsw
22:18:42.19 (1574392073)|ENTERING_MANAGED_PKG|tdc_tsw
22:18:42.19 (1574479284)|ENTERING_MANAGED_PKG|tdc_tsw
22:18:42.19 (1574655556)|ENTERING_MANAGED_PKG|tdc_tsw
22:18:42.19 (1574689033)|ENTERING_MANAGED_PKG|tdc_tsw
22:18:42.19 (1574726859)|ENTERING_MANAGED_PKG|tdc_tsw
22:18:42.19 (1574763110)|ENTERING_MANAGED_PKG|tdc_tsw
22:18:42.19 (1574793149)|ENTERING_MANAGED_PKG|tdc_tsw
22:18:42.19 (1574879045)|ENTERING_MANAGED_PKG|tdc_tsw
22:18:42.19 (1575054845)|ENTERING_MANAGED_PKG|tdc_tsw
22:18:42.19 (1575089231)|ENTERING_MANAGED_PKG|tdc_tsw
22:18:42.19 (1575127329)|ENTERING_MANAGED_PKG|tdc_tsw
22:18:42.19 (1575168957)|ENTERING_MANAGED_PKG|tdc_tsw
22:18:42.19 (1575200440)|ENTERING_MANAGED_PKG|tdc_tsw
22:18:42.19 (1575285460)|ENTERING_MANAGED_PKG|tdc_tsw
22:18:42.19 (1575462245)|ENTERING_MANAGED_PKG|tdc_tsw
22:18:42.19 (1575495631)|ENTERING_MANAGED_PKG|tdc_tsw
22:18:42.19 (1575533207)|ENTERING_MANAGED_PKG|tdc_tsw
22:18:42.19 (1575568958)|ENTERING_MANAGED_PKG|tdc_tsw
22:18:42.19 (1575599480)|ENTERING_MANAGED_PKG|tdc_tsw
22:18:42.19 (1575684689)|ENTERING_MANAGED_PKG|tdc_tsw
22:18:42.19 (1575860689)|ENTERING_MANAGED_PKG|tdc_tsw
22:18:42.19 (1575894028)|ENTERING_MANAGED_PKG|tdc_tsw
22:18:42.19 (1575931765)|ENTERING_MANAGED_PKG|tdc_tsw
22:18:42.19 (1575968242)|ENTERING_MANAGED_PKG|tdc_tsw
22:18:42.19 (1575998630)|ENTERING_MANAGED_PKG|tdc_tsw
22:18:42.19 (1576087246)|ENTERING_MANAGED_PKG|tdc_tsw
22:18:42.19 (1576273971)|ENTERING_MANAGED_PKG|tdc_tsw
22:18:42.19 (1576307416)|ENTERING_MANAGED_PKG|tdc_tsw
22:18:42.19 (1576345109)|ENTERING_MANAGED_PKG|tdc_tsw
22:18:42.19 (1576380793)|ENTERING_MANAGED_PKG|tdc_tsw
22:18:42.19 (1576411064)|ENTERING_MANAGED_PKG|tdc_tsw
22:18:42.19 (1576497305)|ENTERING_MANAGED_PKG|tdc_tsw
22:18:42.19 (1576672580)|ENTERING_MANAGED_PKG|tdc_tsw
22:18:42.19 (1576705682)|ENTERING_MANAGED_PKG|tdc_tsw
22:18:42.19 (1576743604)|ENTERING_MANAGED_PKG|tdc_tsw
22:18:42.19 (1576779882)|ENTERING_MANAGED_PKG|tdc_tsw
22:18:42.19 (1576810313)|ENTERING_MANAGED_PKG|tdc_tsw
22:18:42.19 (1576894676)|ENTERING_MANAGED_PKG|tdc_tsw
22:18:42.19 (1577080890)|ENTERING_MANAGED_PKG|tdc_tsw
22:18:42.19 (1577115183)|ENTERING_MANAGED_PKG|tdc_tsw
22:18:42.19 (1577162158)|ENTERING_MANAGED_PKG|tdc_tsw
22:18:42.19 (1577200361)|ENTERING_MANAGED_PKG|tdc_tsw
22:18:42.19 (1577231402)|ENTERING_MANAGED_PKG|tdc_tsw
22:18:42.19 (1577316358)|ENTERING_MANAGED_PKG|tdc_tsw
22:18:42.19 (1577493421)|ENTERING_MANAGED_PKG|tdc_tsw
22:18:42.19 (1577527508)|ENTERING_MANAGED_PKG|tdc_tsw
22:18:42.19 (1577565353)|ENTERING_MANAGED_PKG|tdc_tsw
22:18:42.19 (1577600844)|ENTERING_MANAGED_PKG|tdc_tsw
22:18:42.19 (1577630672)|ENTERING_MANAGED_PKG|tdc_tsw
22:18:42.19 (1577714333)|ENTERING_MANAGED_PKG|tdc_tsw
22:18:42.19 (1577889497)|ENTERING_MANAGED_PKG|tdc_tsw
22:18:42.19 (1577923186)|ENTERING_MANAGED_PKG|tdc_tsw
22:18:42.19 (1577961057)|ENTERING_MANAGED_PKG|tdc_tsw
22:18:42.19 (1577996889)|ENTERING_MANAGED_PKG|tdc_tsw
22:18:42.19 (1578026983)|ENTERING_MANAGED_PKG|tdc_tsw
22:18:42.19 (1578113030)|ENTERING_MANAGED_PKG|tdc_tsw
22:18:42.19 (1578296193)|ENTERING_MANAGED_PKG|tdc_tsw
22:18:42.19 (1578329919)|ENTERING_MANAGED_PKG|tdc_tsw
22:18:42.19 (1578367634)|ENTERING_MANAGED_PKG|tdc_tsw
22:18:42.19 (1578403679)|ENTERING_MANAGED_PKG|tdc_tsw
22:18:42.19 (1578433888)|ENTERING_MANAGED_PKG|tdc_tsw
22:18:42.19 (1578519800)|ENTERING_MANAGED_PKG|tdc_tsw
22:18:42.19 (1578698266)|ENTERING_MANAGED_PKG|tdc_tsw
22:18:42.19 (1578731940)|ENTERING_MANAGED_PKG|tdc_tsw
22:18:42.19 (1578769844)|ENTERING_MANAGED_PKG|tdc_tsw
22:18:42.19 (1578805928)|ENTERING_MANAGED_PKG|tdc_tsw
22:18:42.19 (1578835926)|ENTERING_MANAGED_PKG|tdc_tsw
22:18:42.19 (1578920971)|ENTERING_MANAGED_PKG|tdc_tsw
22:18:42.19 (1579095956)|ENTERING_MANAGED_PKG|tdc_tsw
22:18:42.19 (1579129779)|ENTERING_MANAGED_PKG|tdc_tsw
22:18:42.19 (1579173838)|ENTERING_MANAGED_PKG|tdc_tsw
22:18:42.19 (1579209933)|ENTERING_MANAGED_PKG|tdc_tsw
22:18:42.19 (1579240338)|ENTERING_MANAGED_PKG|tdc_tsw
22:18:42.19 (1579324174)|ENTERING_MANAGED_PKG|tdc_tsw
22:18:42.19 (1579499304)|ENTERING_MANAGED_PKG|tdc_tsw
22:18:42.19 (1579536729)|ENTERING_MANAGED_PKG|tdc_tsw
22:18:42.19 (1579581498)|ENTERING_MANAGED_PKG|tdc_tsw
22:18:42.19 (1579617703)|ENTERING_MANAGED_PKG|tdc_tsw
22:18:42.19 (1579648220)|ENTERING_MANAGED_PKG|tdc_tsw
22:18:42.19 (1579732872)|ENTERING_MANAGED_PKG|tdc_tsw
22:18:42.19 (1579915030)|ENTERING_MANAGED_PKG|tdc_tsw
22:18:42.19 (1579949072)|ENTERING_MANAGED_PKG|tdc_tsw
22:18:42.19 (1579987084)|ENTERING_MANAGED_PKG|tdc_tsw
22:18:42.19 (1580023421)|ENTERING_MANAGED_PKG|tdc_tsw
22:18:42.19 (1580054500)|ENTERING_MANAGED_PKG|tdc_tsw
22:18:42.19 (1580149913)|ENTERING_MANAGED_PKG|tdc_tsw
22:18:42.19 (1580327579)|ENTERING_MANAGED_PKG|tdc_tsw
22:18:42.19 (1580360911)|ENTERING_MANAGED_PKG|tdc_tsw
22:18:42.19 (1580400558)|ENTERING_MANAGED_PKG|tdc_tsw
22:18:42.19 (1580437204)|ENTERING_MANAGED_PKG|tdc_tsw
22:18:42.19 (1580467901)|ENTERING_MANAGED_PKG|tdc_tsw
22:18:42.19 (1580559507)|ENTERING_MANAGED_PKG|tdc_tsw
22:18:42.19 (1580744512)|ENTERING_MANAGED_PKG|tdc_tsw
22:18:42.19 (1580781360)|ENTERING_MANAGED_PKG|tdc_tsw
22:18:42.19 (1580824180)|ENTERING_MANAGED_PKG|tdc_tsw
22:18:42.19 (1580866220)|ENTERING_MANAGED_PKG|tdc_tsw
22:18:42.19 (1580900234)|ENTERING_MANAGED_PKG|tdc_tsw
22:18:42.19 (1580992038)|ENTERING_MANAGED_PKG|tdc_tsw
22:18:42.19 (1581192896)|ENTERING_MANAGED_PKG|tdc_tsw
22:18:42.19 (1581231251)|ENTERING_MANAGED_PKG|tdc_tsw
22:18:42.19 (1581274587)|ENTERING_MANAGED_PKG|tdc_tsw
22:18:42.19 (1581311002)|ENTERING_MANAGED_PKG|tdc_tsw
22:18:42.19 (1581341438)|ENTERING_MANAGED_PKG|tdc_tsw
22:18:42.19 (1581434865)|ENTERING_MANAGED_PKG|tdc_tsw
22:18:42.19 (1581624064)|ENTERING_MANAGED_PKG|tdc_tsw
22:18:42.19 (1581657666)|ENTERING_MANAGED_PKG|tdc_tsw
22:18:42.19 (1581695585)|ENTERING_MANAGED_PKG|tdc_tsw
22:18:42.19 (1581730742)|ENTERING_MANAGED_PKG|tdc_tsw
22:18:42.19 (1581760672)|ENTERING_MANAGED_PKG|tdc_tsw
22:18:42.19 (1581843106)|ENTERING_MANAGED_PKG|tdc_tsw
22:18:42.19 (1582018001)|ENTERING_MANAGED_PKG|tdc_tsw
22:18:42.19 (1582052164)|ENTERING_MANAGED_PKG|tdc_tsw
22:18:42.19 (1582089962)|ENTERING_MANAGED_PKG|tdc_tsw
22:18:42.19 (1582125515)|ENTERING_MANAGED_PKG|tdc_tsw
22:18:42.19 (1582161345)|ENTERING_MANAGED_PKG|tdc_tsw
22:18:42.19 (1582246787)|ENTERING_MANAGED_PKG|tdc_tsw
22:18:42.19 (1582422735)|ENTERING_MANAGED_PKG|tdc_tsw
22:18:42.19 (1582456417)|ENTERING_MANAGED_PKG|tdc_tsw
22:18:42.19 (1582494704)|ENTERING_MANAGED_PKG|tdc_tsw
22:18:42.19 (1582530718)|ENTERING_MANAGED_PKG|tdc_tsw
22:18:42.19 (1582560598)|ENTERING_MANAGED_PKG|tdc_tsw
22:18:42.19 (1582643933)|ENTERING_MANAGED_PKG|tdc_tsw
22:18:42.19 (1587212658)|ENTERING_MANAGED_PKG|tdc_tsw
22:18:42.19 (1587301776)|ENTERING_MANAGED_PKG|tdc_tsw
22:18:42.19 (1587406094)|ENTERING_MANAGED_PKG|tdc_tsw
22:18:42.19 (1587476694)|ENTERING_MANAGED_PKG|tdc_tsw
22:18:42.19 (1587597384)|ENTERING_MANAGED_PKG|tdc_tsw
22:18:42.19 (1587654521)|ENTERING_MANAGED_PKG|tdc_tsw
22:18:42.19 (1587877278)|ENTERING_MANAGED_PKG|tdc_tsw
22:18:42.19 (1587939515)|ENTERING_MANAGED_PKG|tdc_tsw
22:18:42.19 (1588170809)|ENTERING_MANAGED_PKG|tdc_tsw
22:18:42.19 (1644035899)|SOQL_EXECUTE_BEGIN|[1842]|Aggregations:0|SELECT Id, name FROM RecordType WHERE (sObjectType = :tmpVar1 AND name = :tmpVar2) LIMIT 1
22:18:42.19 (1654820114)|SOQL_EXECUTE_END|[1842]|Rows:1
22:18:42.19 (1659948155)|ENTERING_MANAGED_PKG|tdc_tsw
22:18:42.19 (1667242206)|DML_BEGIN|[719]|Op:Insert|Type:tdc_tsw__Message__c|Rows:1
22:18:42.19 (1675674383)|ENTERING_MANAGED_PKG|tdc_tsw
22:18:42.677 (1677852248)|CUMULATIVE_LIMIT_USAGE
22:18:42.677 (1677852248)|LIMIT_USAGE_FOR_NS|(default)|
  Number of SOQL queries: 0 out of 200
  Number of query rows: 0 out of 50000
  Number of SOSL queries: 0 out of 20
  Number of DML statements: 0 out of 150
  Number of DML rows: 0 out of 10000
  Maximum CPU time: 691 out of 60000
  Maximum heap size: 0 out of 12000000
  Number of callouts: 0 out of 100
  Number of Email Invocations: 0 out of 10
  Number of future calls: 0 out of 50
  Number of queueable jobs added to the queue: 0 out of 1
  Number of Mobile Apex push calls: 0 out of 10

22:18:42.677 (1677852248)|LIMIT_USAGE_FOR_NS|tdc_tsw|
  Number of SOQL queries: 1 out of 200
  Number of query rows: 1 out of 50000
  Number of SOSL queries: 0 out of 20
  Number of DML statements: 1 out of 150
  Number of DML rows: 1 out of 10000
  Maximum CPU time: 0 out of 60000
  Maximum heap size: 0 out of 12000000
  Number of callouts: 2 out of 100
  Number of Email Invocations: 0 out of 10
  Number of future calls: 0 out of 50
  Number of queueable jobs added to the queue: 0 out of 1
  Number of Mobile Apex push calls: 0 out of 10

22:18:42.677 (1677852248)|CUMULATIVE_LIMIT_USAGE_END

22:18:42.684 (1684083498)|CODE_UNIT_STARTED|[EXTERNAL]|01q3B000000BSJB|IncomingSMS on Message trigger event BeforeInsert|__sfdc_trigger/IncomingSMS
22:18:42.684 (1684194534)|HEAP_ALLOCATE|[EXTERNAL]|Bytes:8
22:18:42.684 (1684624610)|HEAP_ALLOCATE|[EXTERNAL]|Bytes:1
22:18:42.684 (1684665062)|HEAP_ALLOCATE|[EXTERNAL]|Bytes:4
22:18:42.684 (1684688951)|VARIABLE_SCOPE_BEGIN|[1]|this|IncomingSMS|true|false
22:18:42.684 (1684842514)|VARIABLE_ASSIGNMENT|[1]|this|{}|0x66f7c771
22:18:42.684 (1684920756)|HEAP_ALLOCATE|[EXTERNAL]|Bytes:4
22:18:42.684 (1684941162)|VARIABLE_SCOPE_BEGIN|[1]|this|IncomingSMS|true|false
22:18:42.684 (1684989437)|VARIABLE_ASSIGNMENT|[1]|this|{}|0x66f7c771
22:18:42.684 (1685005470)|STATEMENT_EXECUTE|[1]
22:18:42.684 (1685038397)|STATEMENT_EXECUTE|[2]
22:18:42.684 (1685312319)|HEAP_ALLOCATE|[3]|Bytes:5
22:18:42.684 (1685370516)|HEAP_ALLOCATE|[3]|Bytes:4
22:18:42.684 (1685390223)|VARIABLE_SCOPE_BEGIN|[3]|sms|tdc_tsw__Message__c|true|false
22:18:42.684 (1695374096)|VARIABLE_ASSIGNMENT|[3]|sms|{"tdc_tsw__ToNumber__c":"+13038816946","tdc_tsw__Sender_Number__c":"17065037067","tdc_tsw__Read__c":false,"tdc_tsw__Message_Segment__c":1,"tdc_tsw__Read_Status__c":"Unread","tdc_tsw__Task_Created__c":false,"Name":"Outgoing","tdc_tsw__Event_Created__c":false,"tdc_tsw__Message_Text_New__c":"No match found","tdc_tsw__MessageId__c":"SM4dc39d13c6ed4acd9c (14 more) ...","tdc_tsw__Is_Keyword_Based__c":false,"OwnerId":"0051H000009gxp8QAA","tdc_tsw__Related_Object_Id_URL__c":"_HL_ENCODED_https:// (97 more) ...","RecordTypeId":"0121H000001Ie7gQAC","tdc_tsw__Delivered_SMS__c":"_IM1_/resource/tdc_t (27 more) ...","tdc_tsw__Important__c":false,"tdc_tsw__Delivered__c":false,"tdc_tsw__Related_Object__c":"tdc_tsw__Message__c","IsDeleted":false,"tdc_tsw__Incoming_Status__c":"Not Read","tdc_tsw__isCaseCreated__c":false,"tdc_tsw__Message__c":"a173B000000se93QAA","tdc_tsw__Related_Object_Id__c":"a173B000000se93QAA","tdc_tsw__isLeadCreated__c":false,"tdc_tsw__SMS_Template__c":"a153B000000pOjAQAU","tdc_tsw__Template_Parse_Id__c":"a173B000000se93QAA","tdc_tsw__Delivery_Status__c":"Sent"}|0x7b9151b1
22:18:42.684 (1695444401)|STATEMENT_EXECUTE|[3]
22:18:42.684 (1695504768)|HEAP_ALLOCATE|[4]|Bytes:8
22:18:42.684 (1695560246)|STATEMENT_EXECUTE|[4]
22:18:42.684 (1695600653)|HEAP_ALLOCATE|[3]|Bytes:5
22:18:42.684 (1695673630)|VARIABLE_ASSIGNMENT|[3]|sms|null|
22:18:42.695 (1695712693)|CUMULATIVE_LIMIT_USAGE
22:18:42.695 (1695712693)|LIMIT_USAGE_FOR_NS|(default)|
  Number of SOQL queries: 0 out of 200
  Number of query rows: 0 out of 50000
  Number of SOSL queries: 0 out of 20
  Number of DML statements: 0 out of 150
  Number of DML rows: 0 out of 10000
  Maximum CPU time: 691 out of 60000
  Maximum heap size: 0 out of 12000000
  Number of callouts: 0 out of 100
  Number of Email Invocations: 0 out of 10
  Number of future calls: 0 out of 50
  Number of queueable jobs added to the queue: 0 out of 1
  Number of Mobile Apex push calls: 0 out of 10

22:18:42.695 (1695712693)|LIMIT_USAGE_FOR_NS|tdc_tsw|
  Number of SOQL queries: 1 out of 200
  Number of query rows: 1 out of 50000
  Number of SOSL queries: 0 out of 20
  Number of DML statements: 1 out of 150
  Number of DML rows: 1 out of 10000
  Maximum CPU time: 0 out of 60000
  Maximum heap size: 0 out of 12000000
  Number of callouts: 2 out of 100
  Number of Email Invocations: 0 out of 10
  Number of future calls: 0 out of 50
  Number of queueable jobs added to the queue: 0 out of 1
  Number of Mobile Apex push calls: 0 out of 10

22:18:42.695 (1695712693)|CUMULATIVE_LIMIT_USAGE_END

22:18:42.19 (1794899865)|ENTERING_MANAGED_PKG|tdc_tsw
22:18:42.19 (1796184448)|ENTERING_MANAGED_PKG|tdc_tsw
22:18:42.19 (1796694345)|ENTERING_MANAGED_PKG|tdc_tsw
22:18:42.19 (1796884991)|ENTERING_MANAGED_PKG|tdc_tsw
22:18:42.19 (1803287784)|SOQL_EXECUTE_BEGIN|[15]|Aggregations:0|SELECT Id, Email FROM User WHERE isActive = TRUE LIMIT 10000
22:18:42.19 (1809891085)|SOQL_EXECUTE_END|[15]|Rows:9
22:18:42.19 (1812999451)|ENTERING_MANAGED_PKG|tdc_tsw
22:18:42.19 (1816963909)|SOQL_EXECUTE_BEGIN|[434]|Aggregations:0|SELECT id, name, First_Question__c, Question_Text__c, Question__c, Question_Label__c, Object__c, tdc_tsw__Survey__c, Survey__r.name FROM Question__c WHERE id = :tmpVar1
22:18:42.19 (1822871495)|SOQL_EXECUTE_END|[434]|Rows:0
22:18:42.19 (1823682873)|ENTERING_MANAGED_PKG|tdc_tsw
22:18:42.19 (1825357542)|SOQL_EXECUTE_BEGIN|[628]|Aggregations:0|Select id, leadId, contactId from CampaignMember where Id In : Ids
22:18:42.19 (1828229897)|SOQL_EXECUTE_END|[628]|Rows:0
22:18:42.828 (1828991044)|CUMULATIVE_LIMIT_USAGE
22:18:42.828 (1828991044)|LIMIT_USAGE_FOR_NS|(default)|
  Number of SOQL queries: 0 out of 200
  Number of query rows: 0 out of 50000
  Number of SOSL queries: 0 out of 20
  Number of DML statements: 0 out of 150
  Number of DML rows: 0 out of 10000
  Maximum CPU time: 892 out of 60000
  Maximum heap size: 0 out of 12000000
  Number of callouts: 0 out of 100
  Number of Email Invocations: 0 out of 10
  Number of future calls: 0 out of 50
  Number of queueable jobs added to the queue: 0 out of 1
  Number of Mobile Apex push calls: 0 out of 10

22:18:42.828 (1828991044)|LIMIT_USAGE_FOR_NS|tdc_tsw|
  Number of SOQL queries: 4 out of 200
  Number of query rows: 10 out of 50000
  Number of SOSL queries: 0 out of 20
  Number of DML statements: 1 out of 150
  Number of DML rows: 1 out of 10000
  Maximum CPU time: 0 out of 60000
  Maximum heap size: 0 out of 12000000
  Number of callouts: 2 out of 100
  Number of Email Invocations: 0 out of 10
  Number of future calls: 0 out of 50
  Number of queueable jobs added to the queue: 0 out of 1
  Number of Mobile Apex push calls: 0 out of 10

22:18:42.828 (1828991044)|CUMULATIVE_LIMIT_USAGE_END

22:18:42.19 (1878665604)|DML_END|[719]
22:18:42.19 (1878952657)|ENTERING_MANAGED_PKG|tdc_tsw
22:18:42.19 (1881695621)|DML_BEGIN|[1467]|Op:Update|Type:tdc_tsw__OrgSMSConfig__c|Rows:1
22:18:42.19 (1908004336)|DML_END|[1467]
