44.0 APEX_CODE,FINEST;APEX_PROFILING,INFO;CALLOUT,INFO;DB,INFO;NBA,INFO;SYSTEM,DEBUG;VALIDATION,INFO;VISUALFORCE,INFO;WAVE,INFO;WORKFLOW,INFO
21:08:33.0 (226234)|USER_INFO|[EXTERNAL]|0051H000009gxp8|chanida.dev2@solvedbysoftwareco.com|Eastern Standard Time|GMT-05:00
21:08:33.0 (2042545)|ENTERING_MANAGED_PKG|tdc_tsw
21:08:33.0 (2752129)|ENTERING_MANAGED_PKG|tdc_tsw
21:08:33.0 (7586583)|SOQL_EXECUTE_BEGIN|[16]|Aggregations:0|SELECT id, name, Disable_Incoming_SMS_Sharing__c FROM User WHERE id = :tmpVar1
21:08:33.0 (15689717)|SOQL_EXECUTE_END|[16]|Rows:1
21:08:33.0 (22097107)|SOQL_EXECUTE_BEGIN|[37]|Aggregations:0|SELECT CreatedDate,Created_Date__c,Id,LastModifiedDate,MessageId__c,Message_Text_New__c,Name,OwnerId,Read__c,Related_Object_Id__c,Related_Object__c,Sender_Number__c, Sender_Name__c,ToNumber__c,Attachments_Ids__c FROM Message__c WHERE Name = 'Incoming' AND Read__c = false ORDER BY CreatedDate Desc limit 100
21:08:33.0 (33713569)|SOQL_EXECUTE_END|[37]|Rows:16
21:08:33.0 (38174072)|ENTERING_MANAGED_PKG|tdc_tsw
21:08:33.0 (40111063)|ENTERING_MANAGED_PKG|tdc_tsw
21:08:33.0 (40601286)|ENTERING_MANAGED_PKG|tdc_tsw
21:08:33.0 (41368341)|ENTERING_MANAGED_PKG|tdc_tsw
21:08:33.0 (44379412)|ENTERING_MANAGED_PKG|tdc_tsw
21:08:33.0 (45284286)|ENTERING_MANAGED_PKG|tdc_tsw
21:08:33.0 (45603926)|ENTERING_MANAGED_PKG|tdc_tsw
21:08:33.0 (46054615)|ENTERING_MANAGED_PKG|tdc_tsw
21:08:33.0 (47286037)|ENTERING_MANAGED_PKG|tdc_tsw
21:08:33.0 (51101707)|ENTERING_MANAGED_PKG|tdc_tsw
21:08:33.0 (51363014)|ENTERING_MANAGED_PKG|tdc_tsw
21:08:33.0 (51818194)|ENTERING_MANAGED_PKG|tdc_tsw
21:08:33.0 (53474451)|ENTERING_MANAGED_PKG|tdc_tsw
21:08:33.0 (54787770)|ENTERING_MANAGED_PKG|tdc_tsw
21:08:33.0 (54921669)|ENTERING_MANAGED_PKG|tdc_tsw
21:08:33.0 (56019471)|SOQL_EXECUTE_BEGIN|[200]|Aggregations:0|SELECT Name, NamespacePrefix, SystemModStamp FROM StaticResource WHERE Name LIKE :tmpVar1 LIMIT 10
21:08:33.0 (60796693)|SOQL_EXECUTE_END|[200]|Rows:1
21:08:33.0 (62171056)|ENTERING_MANAGED_PKG|tdc_tsw
21:08:33.0 (62952194)|SOQL_EXECUTE_BEGIN|[200]|Aggregations:0|SELECT Name, NamespacePrefix, SystemModStamp FROM StaticResource WHERE Name LIKE :tmpVar1 LIMIT 10
21:08:33.0 (66415776)|SOQL_EXECUTE_END|[200]|Rows:1
21:08:33.0 (67132103)|ENTERING_MANAGED_PKG|tdc_tsw
21:08:33.0 (73330125)|ENTERING_MANAGED_PKG|tdc_tsw
21:08:33.0 (76424011)|ENTERING_MANAGED_PKG|tdc_tsw
21:08:33.0 (76997357)|ENTERING_MANAGED_PKG|tdc_tsw
21:08:33.0 (78645841)|ENTERING_MANAGED_PKG|tdc_tsw
21:08:33.0 (79559261)|SOQL_EXECUTE_BEGIN|[200]|Aggregations:0|SELECT Name, NamespacePrefix, SystemModStamp FROM StaticResource WHERE Name LIKE :tmpVar1 LIMIT 10
21:08:33.0 (84184473)|SOQL_EXECUTE_END|[200]|Rows:1
21:08:33.113 (113698371)|USER_INFO|[EXTERNAL]|0051H000009gxp8|chanida.dev2@solvedbysoftwareco.com|Eastern Standard Time|GMT-05:00
21:08:33.113 (115435398)|ENTERING_MANAGED_PKG|tdc_tsw
21:08:33.113 (115730601)|ENTERING_MANAGED_PKG|tdc_tsw
21:08:33.113 (119579027)|SOQL_EXECUTE_BEGIN|[355]|Aggregations:0|SELECT id, name, Disable_Incoming_SMS_Sharing__c FROM User WHERE id = :tmpVar1
21:08:33.113 (127034948)|SOQL_EXECUTE_END|[355]|Rows:1
21:08:33.113 (128611811)|SOQL_EXECUTE_BEGIN|[367]|Aggregations:0|SELECT CreatedDate,Id,LastModifiedDate,Related_Object_Id__c FROM Message__c WHERE Name = 'Incoming' AND Read__c = false ORDER BY CreatedDate Desc limit 100
21:08:33.113 (135031948)|SOQL_EXECUTE_END|[367]|Rows:16
