44.0 APEX_CODE,FINEST;APEX_PROFILING,INFO;CALLOUT,INFO;DB,INFO;NBA,INFO;SYSTEM,DEBUG;VALIDATION,INFO;VISUALFORCE,INFO;WAVE,INFO;WORKFLOW,INFO
17:37:49.0 (184449)|USER_INFO|[EXTERNAL]|0051H000009gxp8|chanida.dev2@solvedbysoftwareco.com|Eastern Standard Time|GMT-05:00
17:37:49.0 (1744224)|ENTERING_MANAGED_PKG|tdc_tsw
17:37:49.0 (2220287)|ENTERING_MANAGED_PKG|tdc_tsw
17:37:49.0 (6050428)|SOQL_EXECUTE_BEGIN|[16]|Aggregations:0|SELECT id, name, Disable_Incoming_SMS_Sharing__c FROM User WHERE id = :tmpVar1
17:37:49.0 (12962314)|SOQL_EXECUTE_END|[16]|Rows:1
17:37:49.0 (18475304)|SOQL_EXECUTE_BEGIN|[37]|Aggregations:0|SELECT CreatedDate,Created_Date__c,Id,LastModifiedDate,MessageId__c,Message_Text_New__c,Name,OwnerId,Read__c,Related_Object_Id__c,Related_Object__c,Sender_Number__c, Sender_Name__c,ToNumber__c,Attachments_Ids__c FROM Message__c WHERE Name = 'Incoming' AND Read__c = false ORDER BY CreatedDate Desc limit 100
17:37:49.0 (30933783)|SOQL_EXECUTE_END|[37]|Rows:57
17:37:49.0 (42809150)|ENTERING_MANAGED_PKG|tdc_tsw
17:37:49.0 (44655220)|ENTERING_MANAGED_PKG|tdc_tsw
17:37:49.0 (45120067)|ENTERING_MANAGED_PKG|tdc_tsw
17:37:49.0 (45894746)|ENTERING_MANAGED_PKG|tdc_tsw
17:37:49.0 (48746338)|ENTERING_MANAGED_PKG|tdc_tsw
17:37:49.0 (49535281)|ENTERING_MANAGED_PKG|tdc_tsw
17:37:49.0 (49826582)|ENTERING_MANAGED_PKG|tdc_tsw
17:37:49.0 (50224577)|ENTERING_MANAGED_PKG|tdc_tsw
17:37:49.0 (51324705)|ENTERING_MANAGED_PKG|tdc_tsw
17:37:49.0 (52103451)|ENTERING_MANAGED_PKG|tdc_tsw
17:37:49.0 (52341749)|ENTERING_MANAGED_PKG|tdc_tsw
17:37:49.0 (52768304)|ENTERING_MANAGED_PKG|tdc_tsw
17:37:49.0 (53862464)|ENTERING_MANAGED_PKG|tdc_tsw
17:37:49.0 (54623555)|ENTERING_MANAGED_PKG|tdc_tsw
17:37:49.0 (54832776)|ENTERING_MANAGED_PKG|tdc_tsw
17:37:49.0 (55225301)|ENTERING_MANAGED_PKG|tdc_tsw
17:37:49.0 (56422390)|ENTERING_MANAGED_PKG|tdc_tsw
17:37:49.0 (57203690)|ENTERING_MANAGED_PKG|tdc_tsw
17:37:49.0 (57439407)|ENTERING_MANAGED_PKG|tdc_tsw
17:37:49.0 (57841643)|ENTERING_MANAGED_PKG|tdc_tsw
17:37:49.0 (58926458)|ENTERING_MANAGED_PKG|tdc_tsw
17:37:49.0 (59758332)|ENTERING_MANAGED_PKG|tdc_tsw
17:37:49.0 (59994130)|ENTERING_MANAGED_PKG|tdc_tsw
17:37:49.0 (60643922)|ENTERING_MANAGED_PKG|tdc_tsw
17:37:49.0 (62008511)|ENTERING_MANAGED_PKG|tdc_tsw
17:37:49.0 (62775513)|ENTERING_MANAGED_PKG|tdc_tsw
17:37:49.0 (62866955)|ENTERING_MANAGED_PKG|tdc_tsw
17:37:49.0 (63534276)|SOQL_EXECUTE_BEGIN|[200]|Aggregations:0|SELECT Name, NamespacePrefix, SystemModStamp FROM StaticResource WHERE Name LIKE :tmpVar1 LIMIT 10
17:37:49.0 (66528757)|SOQL_EXECUTE_END|[200]|Rows:1
17:37:49.0 (67412443)|ENTERING_MANAGED_PKG|tdc_tsw
17:37:49.0 (67832653)|SOQL_EXECUTE_BEGIN|[200]|Aggregations:0|SELECT Name, NamespacePrefix, SystemModStamp FROM StaticResource WHERE Name LIKE :tmpVar1 LIMIT 10
17:37:49.0 (70085282)|SOQL_EXECUTE_END|[200]|Rows:1
17:37:49.0 (70521268)|ENTERING_MANAGED_PKG|tdc_tsw
17:37:49.0 (74324302)|ENTERING_MANAGED_PKG|tdc_tsw
17:37:49.0 (76136834)|ENTERING_MANAGED_PKG|tdc_tsw
17:37:49.0 (76494140)|ENTERING_MANAGED_PKG|tdc_tsw
17:37:49.0 (77409986)|ENTERING_MANAGED_PKG|tdc_tsw
17:37:49.0 (77811692)|SOQL_EXECUTE_BEGIN|[200]|Aggregations:0|SELECT Name, NamespacePrefix, SystemModStamp FROM StaticResource WHERE Name LIKE :tmpVar1 LIMIT 10
17:37:49.0 (79985751)|SOQL_EXECUTE_END|[200]|Rows:1
17:37:49.90 (90037962)|USER_INFO|[EXTERNAL]|0051H000009gxp8|chanida.dev2@solvedbysoftwareco.com|Eastern Standard Time|GMT-05:00
17:37:49.90 (91388907)|ENTERING_MANAGED_PKG|tdc_tsw
17:37:49.90 (91574545)|ENTERING_MANAGED_PKG|tdc_tsw
17:37:49.90 (94001975)|SOQL_EXECUTE_BEGIN|[355]|Aggregations:0|SELECT id, name, Disable_Incoming_SMS_Sharing__c FROM User WHERE id = :tmpVar1
17:37:49.90 (99881675)|SOQL_EXECUTE_END|[355]|Rows:1
17:37:49.90 (100913238)|SOQL_EXECUTE_BEGIN|[367]|Aggregations:0|SELECT CreatedDate,Id,LastModifiedDate,Related_Object_Id__c FROM Message__c WHERE Name = 'Incoming' AND Read__c = false ORDER BY CreatedDate Desc limit 100
17:37:49.90 (107637477)|SOQL_EXECUTE_END|[367]|Rows:57
