44.0 APEX_CODE,FINEST;APEX_PROFILING,INFO;CALLOUT,INFO;DB,INFO;NBA,INFO;SYSTEM,DEBUG;VALIDATION,INFO;VISUALFORCE,INFO;WAVE,INFO;WORKFLOW,INFO
21:14:49.0 (129347)|USER_INFO|[EXTERNAL]|0051H000009gxp8|chanida.dev2@solvedbysoftwareco.com|Eastern Standard Time|GMT-05:00
21:14:49.0 (1730369)|ENTERING_MANAGED_PKG|tdc_tsw
21:14:49.0 (2174912)|ENTERING_MANAGED_PKG|tdc_tsw
21:14:49.0 (6038967)|SOQL_EXECUTE_BEGIN|[16]|Aggregations:0|SELECT id, name, Disable_Incoming_SMS_Sharing__c FROM User WHERE id = :tmpVar1
21:14:49.0 (13435369)|SOQL_EXECUTE_END|[16]|Rows:1
21:14:49.0 (19461788)|SOQL_EXECUTE_BEGIN|[37]|Aggregations:0|SELECT CreatedDate,Created_Date__c,Id,LastModifiedDate,MessageId__c,Message_Text_New__c,Name,OwnerId,Read__c,Related_Object_Id__c,Related_Object__c,Sender_Number__c, Sender_Name__c,ToNumber__c,Attachments_Ids__c FROM Message__c WHERE Name = 'Incoming' AND Read__c = false ORDER BY CreatedDate Desc limit 100
21:14:49.0 (30055003)|SOQL_EXECUTE_END|[37]|Rows:16
21:14:49.0 (34554442)|ENTERING_MANAGED_PKG|tdc_tsw
21:14:49.0 (36543329)|ENTERING_MANAGED_PKG|tdc_tsw
21:14:49.0 (37048893)|ENTERING_MANAGED_PKG|tdc_tsw
21:14:49.0 (37843551)|ENTERING_MANAGED_PKG|tdc_tsw
21:14:49.0 (40891149)|ENTERING_MANAGED_PKG|tdc_tsw
21:14:49.0 (41844981)|ENTERING_MANAGED_PKG|tdc_tsw
21:14:49.0 (42159424)|ENTERING_MANAGED_PKG|tdc_tsw
21:14:49.0 (42684126)|ENTERING_MANAGED_PKG|tdc_tsw
21:14:49.0 (44061552)|ENTERING_MANAGED_PKG|tdc_tsw
21:14:49.0 (44994450)|ENTERING_MANAGED_PKG|tdc_tsw
21:14:49.0 (45284347)|ENTERING_MANAGED_PKG|tdc_tsw
21:14:49.0 (45787678)|ENTERING_MANAGED_PKG|tdc_tsw
21:14:49.0 (47285895)|ENTERING_MANAGED_PKG|tdc_tsw
21:14:49.0 (48035204)|ENTERING_MANAGED_PKG|tdc_tsw
21:14:49.0 (48109035)|ENTERING_MANAGED_PKG|tdc_tsw
21:14:49.0 (48685888)|SOQL_EXECUTE_BEGIN|[200]|Aggregations:0|SELECT Name, NamespacePrefix, SystemModStamp FROM StaticResource WHERE Name LIKE :tmpVar1 LIMIT 10
21:14:49.0 (51532851)|SOQL_EXECUTE_END|[200]|Rows:1
21:14:49.0 (52340314)|ENTERING_MANAGED_PKG|tdc_tsw
21:14:49.0 (52688063)|SOQL_EXECUTE_BEGIN|[200]|Aggregations:0|SELECT Name, NamespacePrefix, SystemModStamp FROM StaticResource WHERE Name LIKE :tmpVar1 LIMIT 10
21:14:49.0 (54845522)|SOQL_EXECUTE_END|[200]|Rows:1
21:14:49.0 (55240710)|ENTERING_MANAGED_PKG|tdc_tsw
21:14:49.0 (58484669)|ENTERING_MANAGED_PKG|tdc_tsw
21:14:49.0 (59998010)|ENTERING_MANAGED_PKG|tdc_tsw
21:14:49.0 (60299997)|ENTERING_MANAGED_PKG|tdc_tsw
21:14:49.0 (61160619)|ENTERING_MANAGED_PKG|tdc_tsw
21:14:49.0 (61530580)|SOQL_EXECUTE_BEGIN|[200]|Aggregations:0|SELECT Name, NamespacePrefix, SystemModStamp FROM StaticResource WHERE Name LIKE :tmpVar1 LIMIT 10
21:14:49.0 (63715128)|SOQL_EXECUTE_END|[200]|Rows:1
21:14:49.68 (68730103)|USER_INFO|[EXTERNAL]|0051H000009gxp8|chanida.dev2@solvedbysoftwareco.com|Eastern Standard Time|GMT-05:00
21:14:49.68 (70097953)|ENTERING_MANAGED_PKG|tdc_tsw
21:14:49.68 (70271981)|ENTERING_MANAGED_PKG|tdc_tsw
21:14:49.68 (72576478)|SOQL_EXECUTE_BEGIN|[355]|Aggregations:0|SELECT id, name, Disable_Incoming_SMS_Sharing__c FROM User WHERE id = :tmpVar1
21:14:49.68 (78521528)|SOQL_EXECUTE_END|[355]|Rows:1
21:14:49.68 (79469978)|SOQL_EXECUTE_BEGIN|[367]|Aggregations:0|SELECT CreatedDate,Id,LastModifiedDate,Related_Object_Id__c FROM Message__c WHERE Name = 'Incoming' AND Read__c = false ORDER BY CreatedDate Desc limit 100
21:14:49.68 (85031053)|SOQL_EXECUTE_END|[367]|Rows:16
