44.0 APEX_CODE,FINEST;APEX_PROFILING,INFO;CALLOUT,INFO;DB,INFO;NBA,INFO;SYSTEM,DEBUG;VALIDATION,INFO;VISUALFORCE,INFO;WAVE,INFO;WORKFLOW,INFO
21:02:32.0 (150096)|USER_INFO|[EXTERNAL]|0051H000009gxp8|chanida.dev2@solvedbysoftwareco.com|Eastern Standard Time|GMT-05:00
21:02:32.0 (2381809)|ENTERING_MANAGED_PKG|tdc_tsw
21:02:32.0 (2870214)|ENTERING_MANAGED_PKG|tdc_tsw
21:02:32.0 (6949877)|SOQL_EXECUTE_BEGIN|[16]|Aggregations:0|SELECT id, name, Disable_Incoming_SMS_Sharing__c FROM User WHERE id = :tmpVar1
21:02:32.0 (14506518)|SOQL_EXECUTE_END|[16]|Rows:1
21:02:32.0 (20649809)|SOQL_EXECUTE_BEGIN|[37]|Aggregations:0|SELECT CreatedDate,Created_Date__c,Id,LastModifiedDate,MessageId__c,Message_Text_New__c,Name,OwnerId,Read__c,Related_Object_Id__c,Related_Object__c,Sender_Number__c, Sender_Name__c,ToNumber__c,Attachments_Ids__c FROM Message__c WHERE Name = 'Incoming' AND Read__c = false ORDER BY CreatedDate Desc limit 100
21:02:32.0 (38949217)|SOQL_EXECUTE_END|[37]|Rows:98
21:02:32.0 (56766953)|ENTERING_MANAGED_PKG|tdc_tsw
21:02:32.0 (58664277)|ENTERING_MANAGED_PKG|tdc_tsw
21:02:32.0 (59210707)|ENTERING_MANAGED_PKG|tdc_tsw
21:02:32.0 (59911451)|ENTERING_MANAGED_PKG|tdc_tsw
21:02:32.0 (62690446)|ENTERING_MANAGED_PKG|tdc_tsw
21:02:32.0 (63521846)|ENTERING_MANAGED_PKG|tdc_tsw
21:02:32.0 (63765994)|ENTERING_MANAGED_PKG|tdc_tsw
21:02:32.0 (64185408)|ENTERING_MANAGED_PKG|tdc_tsw
21:02:32.0 (65312542)|ENTERING_MANAGED_PKG|tdc_tsw
21:02:32.0 (66089741)|ENTERING_MANAGED_PKG|tdc_tsw
21:02:32.0 (66328125)|ENTERING_MANAGED_PKG|tdc_tsw
21:02:32.0 (66727762)|ENTERING_MANAGED_PKG|tdc_tsw
21:02:32.0 (67842419)|ENTERING_MANAGED_PKG|tdc_tsw
21:02:32.0 (68632631)|ENTERING_MANAGED_PKG|tdc_tsw
21:02:32.0 (68884776)|ENTERING_MANAGED_PKG|tdc_tsw
21:02:32.0 (69297217)|ENTERING_MANAGED_PKG|tdc_tsw
21:02:32.0 (70436632)|ENTERING_MANAGED_PKG|tdc_tsw
21:02:32.0 (71230735)|ENTERING_MANAGED_PKG|tdc_tsw
21:02:32.0 (71471325)|ENTERING_MANAGED_PKG|tdc_tsw
21:02:32.0 (71883388)|ENTERING_MANAGED_PKG|tdc_tsw
21:02:32.0 (73017156)|ENTERING_MANAGED_PKG|tdc_tsw
21:02:32.0 (73803421)|ENTERING_MANAGED_PKG|tdc_tsw
21:02:32.0 (74045256)|ENTERING_MANAGED_PKG|tdc_tsw
21:02:32.0 (74458550)|ENTERING_MANAGED_PKG|tdc_tsw
21:02:32.0 (75672874)|ENTERING_MANAGED_PKG|tdc_tsw
21:02:32.0 (76485247)|ENTERING_MANAGED_PKG|tdc_tsw
21:02:32.0 (76724829)|ENTERING_MANAGED_PKG|tdc_tsw
21:02:32.0 (77188952)|ENTERING_MANAGED_PKG|tdc_tsw
21:02:32.0 (78308827)|ENTERING_MANAGED_PKG|tdc_tsw
21:02:32.0 (79079670)|ENTERING_MANAGED_PKG|tdc_tsw
21:02:32.0 (79312086)|ENTERING_MANAGED_PKG|tdc_tsw
21:02:32.0 (79707987)|ENTERING_MANAGED_PKG|tdc_tsw
21:02:32.0 (80814469)|ENTERING_MANAGED_PKG|tdc_tsw
21:02:32.0 (81814518)|ENTERING_MANAGED_PKG|tdc_tsw
21:02:32.0 (82131694)|ENTERING_MANAGED_PKG|tdc_tsw
21:02:32.0 (82533020)|ENTERING_MANAGED_PKG|tdc_tsw
21:02:32.0 (83654546)|ENTERING_MANAGED_PKG|tdc_tsw
21:02:32.0 (84466059)|ENTERING_MANAGED_PKG|tdc_tsw
21:02:32.0 (84705107)|ENTERING_MANAGED_PKG|tdc_tsw
21:02:32.0 (85132402)|ENTERING_MANAGED_PKG|tdc_tsw
21:02:32.0 (86259161)|ENTERING_MANAGED_PKG|tdc_tsw
21:02:32.0 (87034937)|ENTERING_MANAGED_PKG|tdc_tsw
21:02:32.0 (87274246)|ENTERING_MANAGED_PKG|tdc_tsw
21:02:32.0 (87676565)|ENTERING_MANAGED_PKG|tdc_tsw
21:02:32.0 (88794278)|ENTERING_MANAGED_PKG|tdc_tsw
21:02:32.0 (89570514)|ENTERING_MANAGED_PKG|tdc_tsw
21:02:32.0 (89807390)|ENTERING_MANAGED_PKG|tdc_tsw
21:02:32.0 (90218365)|ENTERING_MANAGED_PKG|tdc_tsw
21:02:32.0 (91645495)|ENTERING_MANAGED_PKG|tdc_tsw
21:02:32.0 (92446559)|ENTERING_MANAGED_PKG|tdc_tsw
21:02:32.0 (92681781)|ENTERING_MANAGED_PKG|tdc_tsw
21:02:32.0 (93095480)|ENTERING_MANAGED_PKG|tdc_tsw
21:02:32.0 (94214596)|ENTERING_MANAGED_PKG|tdc_tsw
21:02:32.0 (94995607)|ENTERING_MANAGED_PKG|tdc_tsw
21:02:32.0 (95241568)|ENTERING_MANAGED_PKG|tdc_tsw
21:02:32.0 (95669688)|ENTERING_MANAGED_PKG|tdc_tsw
21:02:32.0 (96795750)|ENTERING_MANAGED_PKG|tdc_tsw
21:02:32.0 (97583125)|ENTERING_MANAGED_PKG|tdc_tsw
21:02:32.0 (97824495)|ENTERING_MANAGED_PKG|tdc_tsw
21:02:32.0 (98230640)|ENTERING_MANAGED_PKG|tdc_tsw
21:02:32.0 (99354511)|ENTERING_MANAGED_PKG|tdc_tsw
21:02:32.0 (100152407)|ENTERING_MANAGED_PKG|tdc_tsw
21:02:32.0 (100386080)|ENTERING_MANAGED_PKG|tdc_tsw
21:02:32.0 (100786379)|ENTERING_MANAGED_PKG|tdc_tsw
21:02:32.0 (101981739)|ENTERING_MANAGED_PKG|tdc_tsw
21:02:32.0 (102819500)|ENTERING_MANAGED_PKG|tdc_tsw
21:02:32.0 (103069284)|ENTERING_MANAGED_PKG|tdc_tsw
21:02:32.0 (103480016)|ENTERING_MANAGED_PKG|tdc_tsw
21:02:32.0 (104618244)|ENTERING_MANAGED_PKG|tdc_tsw
21:02:32.0 (105408399)|ENTERING_MANAGED_PKG|tdc_tsw
21:02:32.0 (105624002)|ENTERING_MANAGED_PKG|tdc_tsw
21:02:32.0 (106038188)|ENTERING_MANAGED_PKG|tdc_tsw
21:02:32.0 (107173815)|ENTERING_MANAGED_PKG|tdc_tsw
21:02:32.0 (107963161)|ENTERING_MANAGED_PKG|tdc_tsw
21:02:32.0 (108213039)|ENTERING_MANAGED_PKG|tdc_tsw
21:02:32.0 (108621444)|ENTERING_MANAGED_PKG|tdc_tsw
21:02:32.0 (109755313)|ENTERING_MANAGED_PKG|tdc_tsw
21:02:32.0 (110546690)|ENTERING_MANAGED_PKG|tdc_tsw
21:02:32.0 (110758436)|ENTERING_MANAGED_PKG|tdc_tsw
21:02:32.0 (111175337)|ENTERING_MANAGED_PKG|tdc_tsw
21:02:32.0 (112295964)|ENTERING_MANAGED_PKG|tdc_tsw
21:02:32.0 (113111731)|ENTERING_MANAGED_PKG|tdc_tsw
21:02:32.0 (113318481)|ENTERING_MANAGED_PKG|tdc_tsw
21:02:32.0 (114004163)|ENTERING_MANAGED_PKG|tdc_tsw
21:02:32.0 (115222424)|ENTERING_MANAGED_PKG|tdc_tsw
21:02:32.0 (116017929)|ENTERING_MANAGED_PKG|tdc_tsw
21:02:32.0 (116258475)|ENTERING_MANAGED_PKG|tdc_tsw
21:02:32.0 (116749997)|ENTERING_MANAGED_PKG|tdc_tsw
21:02:32.0 (118098013)|ENTERING_MANAGED_PKG|tdc_tsw
21:02:32.0 (118918660)|ENTERING_MANAGED_PKG|tdc_tsw
21:02:32.0 (119179899)|ENTERING_MANAGED_PKG|tdc_tsw
21:02:32.0 (119700564)|ENTERING_MANAGED_PKG|tdc_tsw
21:02:32.0 (121204263)|ENTERING_MANAGED_PKG|tdc_tsw
21:02:32.0 (122090792)|ENTERING_MANAGED_PKG|tdc_tsw
21:02:32.0 (122174366)|ENTERING_MANAGED_PKG|tdc_tsw
21:02:32.0 (122728441)|SOQL_EXECUTE_BEGIN|[200]|Aggregations:0|SELECT Name, NamespacePrefix, SystemModStamp FROM StaticResource WHERE Name LIKE :tmpVar1 LIMIT 10
21:02:32.0 (126202375)|SOQL_EXECUTE_END|[200]|Rows:1
21:02:32.0 (127226098)|ENTERING_MANAGED_PKG|tdc_tsw
21:02:32.0 (127717256)|SOQL_EXECUTE_BEGIN|[200]|Aggregations:0|SELECT Name, NamespacePrefix, SystemModStamp FROM StaticResource WHERE Name LIKE :tmpVar1 LIMIT 10
21:02:32.0 (131171266)|SOQL_EXECUTE_END|[200]|Rows:1
21:02:32.0 (131749738)|ENTERING_MANAGED_PKG|tdc_tsw
21:02:32.0 (136620253)|ENTERING_MANAGED_PKG|tdc_tsw
21:02:32.0 (139590131)|ENTERING_MANAGED_PKG|tdc_tsw
21:02:32.0 (140140668)|ENTERING_MANAGED_PKG|tdc_tsw
21:02:32.0 (141653637)|ENTERING_MANAGED_PKG|tdc_tsw
21:02:32.0 (142509514)|SOQL_EXECUTE_BEGIN|[200]|Aggregations:0|SELECT Name, NamespacePrefix, SystemModStamp FROM StaticResource WHERE Name LIKE :tmpVar1 LIMIT 10
21:02:32.0 (146736342)|SOQL_EXECUTE_END|[200]|Rows:1
21:02:32.158 (158698606)|USER_INFO|[EXTERNAL]|0051H000009gxp8|chanida.dev2@solvedbysoftwareco.com|Eastern Standard Time|GMT-05:00
21:02:32.158 (160170115)|ENTERING_MANAGED_PKG|tdc_tsw
21:02:32.158 (160478381)|ENTERING_MANAGED_PKG|tdc_tsw
21:02:32.158 (163491993)|SOQL_EXECUTE_BEGIN|[355]|Aggregations:0|SELECT id, name, Disable_Incoming_SMS_Sharing__c FROM User WHERE id = :tmpVar1
21:02:32.158 (170471079)|SOQL_EXECUTE_END|[355]|Rows:1
21:02:32.158 (171610682)|SOQL_EXECUTE_BEGIN|[367]|Aggregations:0|SELECT CreatedDate,Id,LastModifiedDate,Related_Object_Id__c FROM Message__c WHERE Name = 'Incoming' AND Read__c = false ORDER BY CreatedDate Desc limit 100
21:02:32.158 (193328058)|SOQL_EXECUTE_END|[367]|Rows:98
