44.0 APEX_CODE,FINEST;APEX_PROFILING,INFO;CALLOUT,INFO;DB,INFO;NBA,INFO;SYSTEM,DEBUG;VALIDATION,INFO;VISUALFORCE,INFO;WAVE,INFO;WORKFLOW,INFO
23:02:37.0 (239911)|USER_INFO|[EXTERNAL]|0051H000009gxp8|chanida.dev2@solvedbysoftwareco.com|Eastern Standard Time|GMT-05:00
23:02:37.0 (2388762)|ENTERING_MANAGED_PKG|tdc_tsw
23:02:37.0 (2836882)|ENTERING_MANAGED_PKG|tdc_tsw
23:02:37.0 (6566126)|SOQL_EXECUTE_BEGIN|[16]|Aggregations:0|SELECT id, name, Disable_Incoming_SMS_Sharing__c FROM User WHERE id = :tmpVar1
23:02:37.0 (15503249)|SOQL_EXECUTE_END|[16]|Rows:1
23:02:37.0 (20922546)|SOQL_EXECUTE_BEGIN|[37]|Aggregations:0|SELECT CreatedDate,Created_Date__c,Id,LastModifiedDate,MessageId__c,Message_Text_New__c,Name,OwnerId,Read__c,Related_Object_Id__c,Related_Object__c,Sender_Number__c, Sender_Name__c,ToNumber__c,Attachments_Ids__c FROM Message__c WHERE Name = 'Incoming' AND Read__c = false ORDER BY CreatedDate Desc limit 100
23:02:37.0 (37018113)|SOQL_EXECUTE_END|[37]|Rows:100
23:02:37.0 (54094551)|ENTERING_MANAGED_PKG|tdc_tsw
23:02:37.0 (56160824)|ENTERING_MANAGED_PKG|tdc_tsw
23:02:37.0 (56670536)|ENTERING_MANAGED_PKG|tdc_tsw
23:02:37.0 (57352474)|ENTERING_MANAGED_PKG|tdc_tsw
23:02:37.0 (59959116)|ENTERING_MANAGED_PKG|tdc_tsw
23:02:37.0 (60735808)|ENTERING_MANAGED_PKG|tdc_tsw
23:02:37.0 (60968548)|ENTERING_MANAGED_PKG|tdc_tsw
23:02:37.0 (61384821)|ENTERING_MANAGED_PKG|tdc_tsw
23:02:37.0 (62613544)|ENTERING_MANAGED_PKG|tdc_tsw
23:02:37.0 (63436419)|ENTERING_MANAGED_PKG|tdc_tsw
23:02:37.0 (63661588)|ENTERING_MANAGED_PKG|tdc_tsw
23:02:37.0 (64043595)|ENTERING_MANAGED_PKG|tdc_tsw
23:02:37.0 (65179245)|ENTERING_MANAGED_PKG|tdc_tsw
23:02:37.0 (65975605)|ENTERING_MANAGED_PKG|tdc_tsw
23:02:37.0 (66199597)|ENTERING_MANAGED_PKG|tdc_tsw
23:02:37.0 (66617692)|ENTERING_MANAGED_PKG|tdc_tsw
23:02:37.0 (67679424)|ENTERING_MANAGED_PKG|tdc_tsw
23:02:37.0 (68484735)|ENTERING_MANAGED_PKG|tdc_tsw
23:02:37.0 (68712716)|ENTERING_MANAGED_PKG|tdc_tsw
23:02:37.0 (69125286)|ENTERING_MANAGED_PKG|tdc_tsw
23:02:37.0 (70290494)|ENTERING_MANAGED_PKG|tdc_tsw
23:02:37.0 (71042132)|ENTERING_MANAGED_PKG|tdc_tsw
23:02:37.0 (71265587)|ENTERING_MANAGED_PKG|tdc_tsw
23:02:37.0 (71665751)|ENTERING_MANAGED_PKG|tdc_tsw
23:02:37.0 (72738931)|ENTERING_MANAGED_PKG|tdc_tsw
23:02:37.0 (73480924)|ENTERING_MANAGED_PKG|tdc_tsw
23:02:37.0 (73704119)|ENTERING_MANAGED_PKG|tdc_tsw
23:02:37.0 (74085916)|ENTERING_MANAGED_PKG|tdc_tsw
23:02:37.0 (75174774)|ENTERING_MANAGED_PKG|tdc_tsw
23:02:37.0 (75945759)|ENTERING_MANAGED_PKG|tdc_tsw
23:02:37.0 (76176297)|ENTERING_MANAGED_PKG|tdc_tsw
23:02:37.0 (76576998)|ENTERING_MANAGED_PKG|tdc_tsw
23:02:37.0 (77658517)|ENTERING_MANAGED_PKG|tdc_tsw
23:02:37.0 (78470839)|ENTERING_MANAGED_PKG|tdc_tsw
23:02:37.0 (78695757)|ENTERING_MANAGED_PKG|tdc_tsw
23:02:37.0 (79083294)|ENTERING_MANAGED_PKG|tdc_tsw
23:02:37.0 (80128116)|ENTERING_MANAGED_PKG|tdc_tsw
23:02:37.0 (80965938)|ENTERING_MANAGED_PKG|tdc_tsw
23:02:37.0 (81197232)|ENTERING_MANAGED_PKG|tdc_tsw
23:02:37.0 (81605986)|ENTERING_MANAGED_PKG|tdc_tsw
23:02:37.0 (82688743)|ENTERING_MANAGED_PKG|tdc_tsw
23:02:37.0 (83434945)|ENTERING_MANAGED_PKG|tdc_tsw
23:02:37.0 (83667093)|ENTERING_MANAGED_PKG|tdc_tsw
23:02:37.0 (84056873)|ENTERING_MANAGED_PKG|tdc_tsw
23:02:37.0 (85135840)|ENTERING_MANAGED_PKG|tdc_tsw
23:02:37.0 (85976722)|ENTERING_MANAGED_PKG|tdc_tsw
23:02:37.0 (86212121)|ENTERING_MANAGED_PKG|tdc_tsw
23:02:37.0 (86753104)|ENTERING_MANAGED_PKG|tdc_tsw
23:02:37.0 (88101242)|ENTERING_MANAGED_PKG|tdc_tsw
23:02:37.0 (89026518)|ENTERING_MANAGED_PKG|tdc_tsw
23:02:37.0 (89306156)|ENTERING_MANAGED_PKG|tdc_tsw
23:02:37.0 (89931016)|ENTERING_MANAGED_PKG|tdc_tsw
23:02:37.0 (91108436)|ENTERING_MANAGED_PKG|tdc_tsw
23:02:37.0 (91885342)|ENTERING_MANAGED_PKG|tdc_tsw
23:02:37.0 (92139177)|ENTERING_MANAGED_PKG|tdc_tsw
23:02:37.0 (92558253)|ENTERING_MANAGED_PKG|tdc_tsw
23:02:37.0 (93654740)|ENTERING_MANAGED_PKG|tdc_tsw
23:02:37.0 (94458476)|ENTERING_MANAGED_PKG|tdc_tsw
23:02:37.0 (94683796)|ENTERING_MANAGED_PKG|tdc_tsw
23:02:37.0 (95073918)|ENTERING_MANAGED_PKG|tdc_tsw
23:02:37.0 (96132539)|ENTERING_MANAGED_PKG|tdc_tsw
23:02:37.0 (96883016)|ENTERING_MANAGED_PKG|tdc_tsw
23:02:37.0 (97109289)|ENTERING_MANAGED_PKG|tdc_tsw
23:02:37.0 (97507842)|ENTERING_MANAGED_PKG|tdc_tsw
23:02:37.0 (98555908)|ENTERING_MANAGED_PKG|tdc_tsw
23:02:37.0 (99296487)|ENTERING_MANAGED_PKG|tdc_tsw
23:02:37.0 (99530394)|ENTERING_MANAGED_PKG|tdc_tsw
23:02:37.0 (99948458)|ENTERING_MANAGED_PKG|tdc_tsw
23:02:37.0 (101018501)|ENTERING_MANAGED_PKG|tdc_tsw
23:02:37.0 (101807579)|ENTERING_MANAGED_PKG|tdc_tsw
23:02:37.0 (102082182)|ENTERING_MANAGED_PKG|tdc_tsw
23:02:37.0 (102483694)|ENTERING_MANAGED_PKG|tdc_tsw
23:02:37.0 (103536962)|ENTERING_MANAGED_PKG|tdc_tsw
23:02:37.0 (104271120)|ENTERING_MANAGED_PKG|tdc_tsw
23:02:37.0 (104502164)|ENTERING_MANAGED_PKG|tdc_tsw
23:02:37.0 (104888412)|ENTERING_MANAGED_PKG|tdc_tsw
23:02:37.0 (105919625)|ENTERING_MANAGED_PKG|tdc_tsw
23:02:37.0 (106655356)|ENTERING_MANAGED_PKG|tdc_tsw
23:02:37.0 (106876656)|ENTERING_MANAGED_PKG|tdc_tsw
23:02:37.0 (107256226)|ENTERING_MANAGED_PKG|tdc_tsw
23:02:37.0 (108288169)|ENTERING_MANAGED_PKG|tdc_tsw
23:02:37.0 (109079337)|ENTERING_MANAGED_PKG|tdc_tsw
23:02:37.0 (109306135)|ENTERING_MANAGED_PKG|tdc_tsw
23:02:37.0 (109717921)|ENTERING_MANAGED_PKG|tdc_tsw
23:02:37.0 (110885205)|ENTERING_MANAGED_PKG|tdc_tsw
23:02:37.0 (111641454)|ENTERING_MANAGED_PKG|tdc_tsw
23:02:37.0 (111865609)|ENTERING_MANAGED_PKG|tdc_tsw
23:02:37.0 (112276247)|ENTERING_MANAGED_PKG|tdc_tsw
23:02:37.0 (113338770)|ENTERING_MANAGED_PKG|tdc_tsw
23:02:37.0 (114068641)|ENTERING_MANAGED_PKG|tdc_tsw
23:02:37.0 (114289735)|ENTERING_MANAGED_PKG|tdc_tsw
23:02:37.0 (114688395)|ENTERING_MANAGED_PKG|tdc_tsw
23:02:37.0 (115752399)|ENTERING_MANAGED_PKG|tdc_tsw
23:02:37.0 (116492726)|ENTERING_MANAGED_PKG|tdc_tsw
23:02:37.0 (116718296)|ENTERING_MANAGED_PKG|tdc_tsw
23:02:37.0 (117110824)|ENTERING_MANAGED_PKG|tdc_tsw
23:02:37.0 (118250631)|ENTERING_MANAGED_PKG|tdc_tsw
23:02:37.0 (119094865)|ENTERING_MANAGED_PKG|tdc_tsw
23:02:37.0 (119321182)|ENTERING_MANAGED_PKG|tdc_tsw
23:02:37.0 (119724675)|ENTERING_MANAGED_PKG|tdc_tsw
23:02:37.0 (120772569)|ENTERING_MANAGED_PKG|tdc_tsw
23:02:37.0 (121538260)|ENTERING_MANAGED_PKG|tdc_tsw
23:02:37.0 (121760736)|ENTERING_MANAGED_PKG|tdc_tsw
23:02:37.0 (122142231)|ENTERING_MANAGED_PKG|tdc_tsw
23:02:37.0 (123262620)|ENTERING_MANAGED_PKG|tdc_tsw
23:02:37.0 (124007358)|ENTERING_MANAGED_PKG|tdc_tsw
23:02:37.0 (124230254)|ENTERING_MANAGED_PKG|tdc_tsw
23:02:37.0 (124654377)|ENTERING_MANAGED_PKG|tdc_tsw
23:02:37.0 (125734620)|ENTERING_MANAGED_PKG|tdc_tsw
23:02:37.0 (126522392)|ENTERING_MANAGED_PKG|tdc_tsw
23:02:37.0 (126748490)|ENTERING_MANAGED_PKG|tdc_tsw
23:02:37.0 (127131612)|ENTERING_MANAGED_PKG|tdc_tsw
23:02:37.0 (128207595)|ENTERING_MANAGED_PKG|tdc_tsw
23:02:37.0 (128970660)|ENTERING_MANAGED_PKG|tdc_tsw
23:02:37.0 (129192425)|ENTERING_MANAGED_PKG|tdc_tsw
23:02:37.0 (129589488)|ENTERING_MANAGED_PKG|tdc_tsw
23:02:37.0 (130623246)|ENTERING_MANAGED_PKG|tdc_tsw
23:02:37.0 (131360680)|ENTERING_MANAGED_PKG|tdc_tsw
23:02:37.0 (131583513)|ENTERING_MANAGED_PKG|tdc_tsw
23:02:37.0 (131963787)|ENTERING_MANAGED_PKG|tdc_tsw
23:02:37.0 (133042643)|ENTERING_MANAGED_PKG|tdc_tsw
23:02:37.0 (133785382)|ENTERING_MANAGED_PKG|tdc_tsw
23:02:37.0 (134006718)|ENTERING_MANAGED_PKG|tdc_tsw
23:02:37.0 (134401294)|ENTERING_MANAGED_PKG|tdc_tsw
23:02:37.0 (135450308)|ENTERING_MANAGED_PKG|tdc_tsw
23:02:37.0 (136189879)|ENTERING_MANAGED_PKG|tdc_tsw
23:02:37.0 (136427549)|ENTERING_MANAGED_PKG|tdc_tsw
23:02:37.0 (136814263)|ENTERING_MANAGED_PKG|tdc_tsw
23:02:37.0 (137904375)|ENTERING_MANAGED_PKG|tdc_tsw
23:02:37.0 (138640161)|ENTERING_MANAGED_PKG|tdc_tsw
23:02:37.0 (138862169)|ENTERING_MANAGED_PKG|tdc_tsw
23:02:37.0 (139380438)|ENTERING_MANAGED_PKG|tdc_tsw
23:02:37.0 (140434298)|ENTERING_MANAGED_PKG|tdc_tsw
23:02:37.0 (141160782)|ENTERING_MANAGED_PKG|tdc_tsw
23:02:37.0 (141418029)|ENTERING_MANAGED_PKG|tdc_tsw
23:02:37.0 (141801883)|ENTERING_MANAGED_PKG|tdc_tsw
23:02:37.0 (142839677)|ENTERING_MANAGED_PKG|tdc_tsw
23:02:37.0 (143584914)|ENTERING_MANAGED_PKG|tdc_tsw
23:02:37.0 (143807160)|ENTERING_MANAGED_PKG|tdc_tsw
23:02:37.0 (144207210)|ENTERING_MANAGED_PKG|tdc_tsw
23:02:37.0 (145288675)|ENTERING_MANAGED_PKG|tdc_tsw
23:02:37.0 (146036299)|ENTERING_MANAGED_PKG|tdc_tsw
23:02:37.0 (146263125)|ENTERING_MANAGED_PKG|tdc_tsw
23:02:37.0 (146659371)|ENTERING_MANAGED_PKG|tdc_tsw
23:02:37.0 (147903862)|ENTERING_MANAGED_PKG|tdc_tsw
23:02:37.0 (148655999)|ENTERING_MANAGED_PKG|tdc_tsw
23:02:37.0 (148878255)|ENTERING_MANAGED_PKG|tdc_tsw
23:02:37.0 (149309962)|ENTERING_MANAGED_PKG|tdc_tsw
23:02:37.0 (150356473)|ENTERING_MANAGED_PKG|tdc_tsw
23:02:37.0 (151093701)|ENTERING_MANAGED_PKG|tdc_tsw
23:02:37.0 (151339794)|ENTERING_MANAGED_PKG|tdc_tsw
23:02:37.0 (151750104)|ENTERING_MANAGED_PKG|tdc_tsw
23:02:37.0 (152835382)|ENTERING_MANAGED_PKG|tdc_tsw
23:02:37.0 (153891743)|ENTERING_MANAGED_PKG|tdc_tsw
23:02:37.0 (154114435)|ENTERING_MANAGED_PKG|tdc_tsw
23:02:37.0 (154541864)|ENTERING_MANAGED_PKG|tdc_tsw
23:02:37.0 (155605645)|ENTERING_MANAGED_PKG|tdc_tsw
23:02:37.0 (156357179)|ENTERING_MANAGED_PKG|tdc_tsw
23:02:37.0 (156582813)|ENTERING_MANAGED_PKG|tdc_tsw
23:02:37.0 (156968504)|ENTERING_MANAGED_PKG|tdc_tsw
23:02:37.0 (158009838)|ENTERING_MANAGED_PKG|tdc_tsw
23:02:37.0 (158753778)|ENTERING_MANAGED_PKG|tdc_tsw
23:02:37.0 (158955070)|ENTERING_MANAGED_PKG|tdc_tsw
23:02:37.0 (159353853)|ENTERING_MANAGED_PKG|tdc_tsw
23:02:37.0 (160392042)|ENTERING_MANAGED_PKG|tdc_tsw
23:02:37.0 (161152042)|ENTERING_MANAGED_PKG|tdc_tsw
23:02:37.0 (161380858)|ENTERING_MANAGED_PKG|tdc_tsw
23:02:37.0 (161873000)|ENTERING_MANAGED_PKG|tdc_tsw
23:02:37.0 (162983430)|ENTERING_MANAGED_PKG|tdc_tsw
23:02:37.0 (163774342)|ENTERING_MANAGED_PKG|tdc_tsw
23:02:37.0 (163976133)|ENTERING_MANAGED_PKG|tdc_tsw
23:02:37.0 (164373755)|ENTERING_MANAGED_PKG|tdc_tsw
23:02:37.0 (165587265)|ENTERING_MANAGED_PKG|tdc_tsw
23:02:37.0 (166461145)|ENTERING_MANAGED_PKG|tdc_tsw
23:02:37.0 (166541527)|ENTERING_MANAGED_PKG|tdc_tsw
23:02:37.0 (167160250)|SOQL_EXECUTE_BEGIN|[200]|Aggregations:0|SELECT Name, NamespacePrefix, SystemModStamp FROM StaticResource WHERE Name LIKE :tmpVar1 LIMIT 10
23:02:37.0 (170832374)|SOQL_EXECUTE_END|[200]|Rows:1
23:02:37.0 (171686212)|ENTERING_MANAGED_PKG|tdc_tsw
23:02:37.0 (172092085)|SOQL_EXECUTE_BEGIN|[200]|Aggregations:0|SELECT Name, NamespacePrefix, SystemModStamp FROM StaticResource WHERE Name LIKE :tmpVar1 LIMIT 10
23:02:37.0 (174730761)|SOQL_EXECUTE_END|[200]|Rows:1
23:02:37.0 (175182071)|ENTERING_MANAGED_PKG|tdc_tsw
23:02:37.0 (178653859)|ENTERING_MANAGED_PKG|tdc_tsw
23:02:37.0 (180094440)|ENTERING_MANAGED_PKG|tdc_tsw
23:02:37.0 (180410388)|ENTERING_MANAGED_PKG|tdc_tsw
23:02:37.0 (181491404)|ENTERING_MANAGED_PKG|tdc_tsw
23:02:37.0 (181996273)|SOQL_EXECUTE_BEGIN|[200]|Aggregations:0|SELECT Name, NamespacePrefix, SystemModStamp FROM StaticResource WHERE Name LIKE :tmpVar1 LIMIT 10
23:02:37.0 (185220049)|SOQL_EXECUTE_END|[200]|Rows:1
23:02:37.195 (195525726)|USER_INFO|[EXTERNAL]|0051H000009gxp8|chanida.dev2@solvedbysoftwareco.com|Eastern Standard Time|GMT-05:00
23:02:37.195 (197499752)|ENTERING_MANAGED_PKG|tdc_tsw
23:02:37.195 (197745096)|ENTERING_MANAGED_PKG|tdc_tsw
23:02:37.195 (200518223)|SOQL_EXECUTE_BEGIN|[355]|Aggregations:0|SELECT id, name, Disable_Incoming_SMS_Sharing__c FROM User WHERE id = :tmpVar1
23:02:37.195 (206701092)|SOQL_EXECUTE_END|[355]|Rows:1
23:02:37.195 (207779087)|SOQL_EXECUTE_BEGIN|[367]|Aggregations:0|SELECT CreatedDate,Id,LastModifiedDate,Related_Object_Id__c FROM Message__c WHERE Name = 'Incoming' AND Read__c = false ORDER BY CreatedDate Desc limit 100
23:02:37.195 (215489024)|SOQL_EXECUTE_END|[367]|Rows:100
