44.0 APEX_CODE,FINEST;APEX_PROFILING,INFO;CALLOUT,INFO;DB,INFO;NBA,INFO;SYSTEM,DEBUG;VALIDATION,INFO;VISUALFORCE,INFO;WAVE,INFO;WORKFLOW,INFO
10:58:45.0 (114791)|USER_INFO|[EXTERNAL]|0051H000009gxp8|chanida.dev2@solvedbysoftwareco.com|Eastern Standard Time|GMT-05:00
10:58:45.0 (1809300)|ENTERING_MANAGED_PKG|tdc_tsw
10:58:45.0 (2199719)|ENTERING_MANAGED_PKG|tdc_tsw
10:58:45.0 (5346849)|SOQL_EXECUTE_BEGIN|[16]|Aggregations:0|SELECT id, name, Disable_Incoming_SMS_Sharing__c FROM User WHERE id = :tmpVar1
10:58:45.0 (12017955)|SOQL_EXECUTE_END|[16]|Rows:1
10:58:45.0 (17899145)|SOQL_EXECUTE_BEGIN|[37]|Aggregations:0|SELECT CreatedDate,Created_Date__c,Id,LastModifiedDate,MessageId__c,Message_Text_New__c,Name,OwnerId,Read__c,Related_Object_Id__c,Related_Object__c,Sender_Number__c, Sender_Name__c,ToNumber__c,Attachments_Ids__c FROM Message__c WHERE Name = 'Incoming' AND Read__c = false ORDER BY CreatedDate Desc limit 100
10:58:45.0 (42049611)|SOQL_EXECUTE_END|[37]|Rows:100
10:58:45.0 (72105437)|ENTERING_MANAGED_PKG|tdc_tsw
10:58:45.0 (74469610)|ENTERING_MANAGED_PKG|tdc_tsw
10:58:45.0 (74948397)|ENTERING_MANAGED_PKG|tdc_tsw
10:58:45.0 (75583107)|ENTERING_MANAGED_PKG|tdc_tsw
10:58:45.0 (78382784)|ENTERING_MANAGED_PKG|tdc_tsw
10:58:45.0 (79205471)|ENTERING_MANAGED_PKG|tdc_tsw
10:58:45.0 (79449912)|ENTERING_MANAGED_PKG|tdc_tsw
10:58:45.0 (79881483)|ENTERING_MANAGED_PKG|tdc_tsw
10:58:45.0 (81069292)|ENTERING_MANAGED_PKG|tdc_tsw
10:58:45.0 (81843406)|ENTERING_MANAGED_PKG|tdc_tsw
10:58:45.0 (82071690)|ENTERING_MANAGED_PKG|tdc_tsw
10:58:45.0 (82496134)|ENTERING_MANAGED_PKG|tdc_tsw
10:58:45.0 (83562929)|ENTERING_MANAGED_PKG|tdc_tsw
10:58:45.0 (84378916)|ENTERING_MANAGED_PKG|tdc_tsw
10:58:45.0 (84656555)|ENTERING_MANAGED_PKG|tdc_tsw
10:58:45.0 (85069503)|ENTERING_MANAGED_PKG|tdc_tsw
10:58:45.0 (86273998)|ENTERING_MANAGED_PKG|tdc_tsw
10:58:45.0 (87096685)|ENTERING_MANAGED_PKG|tdc_tsw
10:58:45.0 (87364296)|ENTERING_MANAGED_PKG|tdc_tsw
10:58:45.0 (87749178)|ENTERING_MANAGED_PKG|tdc_tsw
10:58:45.0 (88842004)|ENTERING_MANAGED_PKG|tdc_tsw
10:58:45.0 (89603851)|ENTERING_MANAGED_PKG|tdc_tsw
10:58:45.0 (89833243)|ENTERING_MANAGED_PKG|tdc_tsw
10:58:45.0 (90209838)|ENTERING_MANAGED_PKG|tdc_tsw
10:58:45.0 (91276963)|ENTERING_MANAGED_PKG|tdc_tsw
10:58:45.0 (92086552)|ENTERING_MANAGED_PKG|tdc_tsw
10:58:45.0 (92341458)|ENTERING_MANAGED_PKG|tdc_tsw
10:58:45.0 (92722521)|ENTERING_MANAGED_PKG|tdc_tsw
10:58:45.0 (93920247)|ENTERING_MANAGED_PKG|tdc_tsw
10:58:45.0 (94693630)|ENTERING_MANAGED_PKG|tdc_tsw
10:58:45.0 (94966008)|ENTERING_MANAGED_PKG|tdc_tsw
10:58:45.0 (95373248)|ENTERING_MANAGED_PKG|tdc_tsw
10:58:45.0 (96569907)|ENTERING_MANAGED_PKG|tdc_tsw
10:58:45.0 (97323380)|ENTERING_MANAGED_PKG|tdc_tsw
10:58:45.0 (97558439)|ENTERING_MANAGED_PKG|tdc_tsw
10:58:45.0 (97954545)|ENTERING_MANAGED_PKG|tdc_tsw
10:58:45.0 (99040497)|ENTERING_MANAGED_PKG|tdc_tsw
10:58:45.0 (99835125)|ENTERING_MANAGED_PKG|tdc_tsw
10:58:45.0 (100064515)|ENTERING_MANAGED_PKG|tdc_tsw
10:58:45.0 (100480262)|ENTERING_MANAGED_PKG|tdc_tsw
10:58:45.0 (101622489)|ENTERING_MANAGED_PKG|tdc_tsw
10:58:45.0 (102398113)|ENTERING_MANAGED_PKG|tdc_tsw
10:58:45.0 (102625206)|ENTERING_MANAGED_PKG|tdc_tsw
10:58:45.0 (103006567)|ENTERING_MANAGED_PKG|tdc_tsw
10:58:45.0 (104129746)|ENTERING_MANAGED_PKG|tdc_tsw
10:58:45.0 (104864099)|ENTERING_MANAGED_PKG|tdc_tsw
10:58:45.0 (105089106)|ENTERING_MANAGED_PKG|tdc_tsw
10:58:45.0 (105526595)|ENTERING_MANAGED_PKG|tdc_tsw
10:58:45.0 (106604838)|ENTERING_MANAGED_PKG|tdc_tsw
10:58:45.0 (107340267)|ENTERING_MANAGED_PKG|tdc_tsw
10:58:45.0 (107570051)|ENTERING_MANAGED_PKG|tdc_tsw
10:58:45.0 (107995678)|ENTERING_MANAGED_PKG|tdc_tsw
10:58:45.0 (109106439)|ENTERING_MANAGED_PKG|tdc_tsw
10:58:45.0 (109864448)|ENTERING_MANAGED_PKG|tdc_tsw
10:58:45.0 (110090105)|ENTERING_MANAGED_PKG|tdc_tsw
10:58:45.0 (110475839)|ENTERING_MANAGED_PKG|tdc_tsw
10:58:45.0 (111643593)|ENTERING_MANAGED_PKG|tdc_tsw
10:58:45.0 (112423595)|ENTERING_MANAGED_PKG|tdc_tsw
10:58:45.0 (112651350)|ENTERING_MANAGED_PKG|tdc_tsw
10:58:45.0 (113028649)|ENTERING_MANAGED_PKG|tdc_tsw
10:58:45.0 (114139163)|ENTERING_MANAGED_PKG|tdc_tsw
10:58:45.0 (114930607)|ENTERING_MANAGED_PKG|tdc_tsw
10:58:45.0 (115156326)|ENTERING_MANAGED_PKG|tdc_tsw
10:58:45.0 (115593450)|ENTERING_MANAGED_PKG|tdc_tsw
10:58:45.0 (116774392)|ENTERING_MANAGED_PKG|tdc_tsw
10:58:45.0 (117537606)|ENTERING_MANAGED_PKG|tdc_tsw
10:58:45.0 (117764524)|ENTERING_MANAGED_PKG|tdc_tsw
10:58:45.0 (118164195)|ENTERING_MANAGED_PKG|tdc_tsw
10:58:45.0 (119246830)|ENTERING_MANAGED_PKG|tdc_tsw
10:58:45.0 (120032375)|ENTERING_MANAGED_PKG|tdc_tsw
10:58:45.0 (120259365)|ENTERING_MANAGED_PKG|tdc_tsw
10:58:45.0 (120645730)|ENTERING_MANAGED_PKG|tdc_tsw
10:58:45.0 (121699798)|ENTERING_MANAGED_PKG|tdc_tsw
10:58:45.0 (122436069)|ENTERING_MANAGED_PKG|tdc_tsw
10:58:45.0 (122743521)|ENTERING_MANAGED_PKG|tdc_tsw
10:58:45.0 (123144463)|ENTERING_MANAGED_PKG|tdc_tsw
10:58:45.0 (124318095)|ENTERING_MANAGED_PKG|tdc_tsw
10:58:45.0 (125066972)|ENTERING_MANAGED_PKG|tdc_tsw
10:58:45.0 (125300888)|ENTERING_MANAGED_PKG|tdc_tsw
10:58:45.0 (125706687)|ENTERING_MANAGED_PKG|tdc_tsw
10:58:45.0 (126857481)|ENTERING_MANAGED_PKG|tdc_tsw
10:58:45.0 (127685796)|ENTERING_MANAGED_PKG|tdc_tsw
10:58:45.0 (127912781)|ENTERING_MANAGED_PKG|tdc_tsw
10:58:45.0 (128288835)|ENTERING_MANAGED_PKG|tdc_tsw
10:58:45.0 (129396297)|ENTERING_MANAGED_PKG|tdc_tsw
10:58:45.0 (130133810)|ENTERING_MANAGED_PKG|tdc_tsw
10:58:45.0 (130366927)|ENTERING_MANAGED_PKG|tdc_tsw
10:58:45.0 (130766961)|ENTERING_MANAGED_PKG|tdc_tsw
10:58:45.0 (131870893)|ENTERING_MANAGED_PKG|tdc_tsw
10:58:45.0 (132713560)|ENTERING_MANAGED_PKG|tdc_tsw
10:58:45.0 (132951895)|ENTERING_MANAGED_PKG|tdc_tsw
10:58:45.0 (133366904)|ENTERING_MANAGED_PKG|tdc_tsw
10:58:45.0 (134434359)|ENTERING_MANAGED_PKG|tdc_tsw
10:58:45.0 (135183611)|ENTERING_MANAGED_PKG|tdc_tsw
10:58:45.0 (135418778)|ENTERING_MANAGED_PKG|tdc_tsw
10:58:45.0 (135862288)|ENTERING_MANAGED_PKG|tdc_tsw
10:58:45.0 (136988677)|ENTERING_MANAGED_PKG|tdc_tsw
10:58:45.0 (137744486)|ENTERING_MANAGED_PKG|tdc_tsw
10:58:45.0 (137998337)|ENTERING_MANAGED_PKG|tdc_tsw
10:58:45.0 (138705308)|ENTERING_MANAGED_PKG|tdc_tsw
10:58:45.0 (139912461)|ENTERING_MANAGED_PKG|tdc_tsw
10:58:45.0 (140742600)|ENTERING_MANAGED_PKG|tdc_tsw
10:58:45.0 (140970186)|ENTERING_MANAGED_PKG|tdc_tsw
10:58:45.0 (141373086)|ENTERING_MANAGED_PKG|tdc_tsw
10:58:45.0 (142570773)|ENTERING_MANAGED_PKG|tdc_tsw
10:58:45.0 (143424238)|ENTERING_MANAGED_PKG|tdc_tsw
10:58:45.0 (143657048)|ENTERING_MANAGED_PKG|tdc_tsw
10:58:45.0 (144038281)|ENTERING_MANAGED_PKG|tdc_tsw
10:58:45.0 (145190191)|ENTERING_MANAGED_PKG|tdc_tsw
10:58:45.0 (145924194)|ENTERING_MANAGED_PKG|tdc_tsw
10:58:45.0 (146174109)|ENTERING_MANAGED_PKG|tdc_tsw
10:58:45.0 (146564337)|ENTERING_MANAGED_PKG|tdc_tsw
10:58:45.0 (147733906)|ENTERING_MANAGED_PKG|tdc_tsw
10:58:45.0 (148529993)|ENTERING_MANAGED_PKG|tdc_tsw
10:58:45.0 (148760876)|ENTERING_MANAGED_PKG|tdc_tsw
10:58:45.0 (149145356)|ENTERING_MANAGED_PKG|tdc_tsw
10:58:45.0 (150327969)|ENTERING_MANAGED_PKG|tdc_tsw
10:58:45.0 (151148126)|ENTERING_MANAGED_PKG|tdc_tsw
10:58:45.0 (151392082)|ENTERING_MANAGED_PKG|tdc_tsw
10:58:45.0 (151799693)|ENTERING_MANAGED_PKG|tdc_tsw
10:58:45.0 (152914886)|ENTERING_MANAGED_PKG|tdc_tsw
10:58:45.0 (153675698)|ENTERING_MANAGED_PKG|tdc_tsw
10:58:45.0 (153950083)|ENTERING_MANAGED_PKG|tdc_tsw
10:58:45.0 (154393501)|ENTERING_MANAGED_PKG|tdc_tsw
10:58:45.0 (155454632)|ENTERING_MANAGED_PKG|tdc_tsw
10:58:45.0 (156943386)|ENTERING_MANAGED_PKG|tdc_tsw
10:58:45.0 (157289562)|ENTERING_MANAGED_PKG|tdc_tsw
10:58:45.0 (157764016)|ENTERING_MANAGED_PKG|tdc_tsw
10:58:45.0 (158861778)|ENTERING_MANAGED_PKG|tdc_tsw
10:58:45.0 (159646680)|ENTERING_MANAGED_PKG|tdc_tsw
10:58:45.0 (159900581)|ENTERING_MANAGED_PKG|tdc_tsw
10:58:45.0 (160329096)|ENTERING_MANAGED_PKG|tdc_tsw
10:58:45.0 (161420978)|ENTERING_MANAGED_PKG|tdc_tsw
10:58:45.0 (162199236)|ENTERING_MANAGED_PKG|tdc_tsw
10:58:45.0 (162456661)|ENTERING_MANAGED_PKG|tdc_tsw
10:58:45.0 (162868890)|ENTERING_MANAGED_PKG|tdc_tsw
10:58:45.0 (164039815)|ENTERING_MANAGED_PKG|tdc_tsw
10:58:45.0 (164914808)|ENTERING_MANAGED_PKG|tdc_tsw
10:58:45.0 (165176934)|ENTERING_MANAGED_PKG|tdc_tsw
10:58:45.0 (165563026)|ENTERING_MANAGED_PKG|tdc_tsw
10:58:45.0 (166772448)|ENTERING_MANAGED_PKG|tdc_tsw
10:58:45.0 (167539697)|ENTERING_MANAGED_PKG|tdc_tsw
10:58:45.0 (167800482)|ENTERING_MANAGED_PKG|tdc_tsw
10:58:45.0 (168206494)|ENTERING_MANAGED_PKG|tdc_tsw
10:58:45.0 (169317071)|ENTERING_MANAGED_PKG|tdc_tsw
10:58:45.0 (170053735)|ENTERING_MANAGED_PKG|tdc_tsw
10:58:45.0 (170286025)|ENTERING_MANAGED_PKG|tdc_tsw
10:58:45.0 (170695472)|ENTERING_MANAGED_PKG|tdc_tsw
10:58:45.0 (171866100)|ENTERING_MANAGED_PKG|tdc_tsw
10:58:45.0 (172652778)|ENTERING_MANAGED_PKG|tdc_tsw
10:58:45.0 (172879935)|ENTERING_MANAGED_PKG|tdc_tsw
10:58:45.0 (173269053)|ENTERING_MANAGED_PKG|tdc_tsw
10:58:45.0 (174419170)|ENTERING_MANAGED_PKG|tdc_tsw
10:58:45.0 (175149960)|ENTERING_MANAGED_PKG|tdc_tsw
10:58:45.0 (175385223)|ENTERING_MANAGED_PKG|tdc_tsw
10:58:45.0 (175813617)|ENTERING_MANAGED_PKG|tdc_tsw
10:58:45.0 (176933578)|ENTERING_MANAGED_PKG|tdc_tsw
10:58:45.0 (177683021)|ENTERING_MANAGED_PKG|tdc_tsw
10:58:45.0 (177924272)|ENTERING_MANAGED_PKG|tdc_tsw
10:58:45.0 (178301968)|ENTERING_MANAGED_PKG|tdc_tsw
10:58:45.0 (179444114)|ENTERING_MANAGED_PKG|tdc_tsw
10:58:45.0 (180279612)|ENTERING_MANAGED_PKG|tdc_tsw
10:58:45.0 (180575681)|ENTERING_MANAGED_PKG|tdc_tsw
10:58:45.0 (180976895)|ENTERING_MANAGED_PKG|tdc_tsw
10:58:45.0 (182186681)|ENTERING_MANAGED_PKG|tdc_tsw
10:58:45.0 (182977783)|ENTERING_MANAGED_PKG|tdc_tsw
10:58:45.0 (183210329)|ENTERING_MANAGED_PKG|tdc_tsw
10:58:45.0 (183701687)|ENTERING_MANAGED_PKG|tdc_tsw
10:58:45.0 (184783987)|ENTERING_MANAGED_PKG|tdc_tsw
10:58:45.0 (185576575)|ENTERING_MANAGED_PKG|tdc_tsw
10:58:45.0 (185841891)|ENTERING_MANAGED_PKG|tdc_tsw
10:58:45.0 (186299542)|ENTERING_MANAGED_PKG|tdc_tsw
10:58:45.0 (187401149)|ENTERING_MANAGED_PKG|tdc_tsw
10:58:45.0 (188183357)|ENTERING_MANAGED_PKG|tdc_tsw
10:58:45.0 (188426434)|ENTERING_MANAGED_PKG|tdc_tsw
10:58:45.0 (188830426)|ENTERING_MANAGED_PKG|tdc_tsw
10:58:45.0 (190008637)|ENTERING_MANAGED_PKG|tdc_tsw
10:58:45.0 (190843093)|ENTERING_MANAGED_PKG|tdc_tsw
10:58:45.0 (191073600)|ENTERING_MANAGED_PKG|tdc_tsw
10:58:45.0 (191466807)|ENTERING_MANAGED_PKG|tdc_tsw
10:58:45.0 (192560683)|ENTERING_MANAGED_PKG|tdc_tsw
10:58:45.0 (193332006)|ENTERING_MANAGED_PKG|tdc_tsw
10:58:45.0 (193617919)|ENTERING_MANAGED_PKG|tdc_tsw
10:58:45.0 (193995574)|ENTERING_MANAGED_PKG|tdc_tsw
10:58:45.0 (195137024)|ENTERING_MANAGED_PKG|tdc_tsw
10:58:45.0 (195914365)|ENTERING_MANAGED_PKG|tdc_tsw
10:58:45.0 (196147000)|ENTERING_MANAGED_PKG|tdc_tsw
10:58:45.0 (196592382)|ENTERING_MANAGED_PKG|tdc_tsw
10:58:45.0 (197663770)|ENTERING_MANAGED_PKG|tdc_tsw
10:58:45.0 (198399162)|ENTERING_MANAGED_PKG|tdc_tsw
10:58:45.0 (198642424)|ENTERING_MANAGED_PKG|tdc_tsw
10:58:45.0 (199017244)|ENTERING_MANAGED_PKG|tdc_tsw
10:58:45.0 (200225029)|ENTERING_MANAGED_PKG|tdc_tsw
10:58:45.0 (200994693)|ENTERING_MANAGED_PKG|tdc_tsw
10:58:45.0 (201242403)|ENTERING_MANAGED_PKG|tdc_tsw
10:58:45.0 (201680477)|ENTERING_MANAGED_PKG|tdc_tsw
10:58:45.0 (202787836)|ENTERING_MANAGED_PKG|tdc_tsw
10:58:45.0 (203544017)|ENTERING_MANAGED_PKG|tdc_tsw
10:58:45.0 (203776022)|ENTERING_MANAGED_PKG|tdc_tsw
10:58:45.0 (204275691)|ENTERING_MANAGED_PKG|tdc_tsw
10:58:45.0 (205546878)|ENTERING_MANAGED_PKG|tdc_tsw
10:58:45.0 (206379846)|ENTERING_MANAGED_PKG|tdc_tsw
10:58:45.0 (206630564)|ENTERING_MANAGED_PKG|tdc_tsw
10:58:45.0 (207023663)|ENTERING_MANAGED_PKG|tdc_tsw
10:58:45.0 (208176061)|ENTERING_MANAGED_PKG|tdc_tsw
10:58:45.0 (208953195)|ENTERING_MANAGED_PKG|tdc_tsw
10:58:45.0 (209181365)|ENTERING_MANAGED_PKG|tdc_tsw
10:58:45.0 (209568310)|ENTERING_MANAGED_PKG|tdc_tsw
10:58:45.0 (210747986)|ENTERING_MANAGED_PKG|tdc_tsw
10:58:45.0 (211562854)|ENTERING_MANAGED_PKG|tdc_tsw
10:58:45.0 (211808770)|ENTERING_MANAGED_PKG|tdc_tsw
10:58:45.0 (212191683)|ENTERING_MANAGED_PKG|tdc_tsw
10:58:45.0 (213313724)|ENTERING_MANAGED_PKG|tdc_tsw
10:58:45.0 (214098621)|ENTERING_MANAGED_PKG|tdc_tsw
10:58:45.0 (214330536)|ENTERING_MANAGED_PKG|tdc_tsw
10:58:45.0 (214791984)|ENTERING_MANAGED_PKG|tdc_tsw
10:58:45.0 (216027094)|ENTERING_MANAGED_PKG|tdc_tsw
10:58:45.0 (216763303)|ENTERING_MANAGED_PKG|tdc_tsw
10:58:45.0 (216988646)|ENTERING_MANAGED_PKG|tdc_tsw
10:58:45.0 (217384060)|ENTERING_MANAGED_PKG|tdc_tsw
10:58:45.0 (218462383)|ENTERING_MANAGED_PKG|tdc_tsw
10:58:45.0 (219245749)|ENTERING_MANAGED_PKG|tdc_tsw
10:58:45.0 (219486223)|ENTERING_MANAGED_PKG|tdc_tsw
10:58:45.0 (219869476)|ENTERING_MANAGED_PKG|tdc_tsw
10:58:45.0 (221052832)|ENTERING_MANAGED_PKG|tdc_tsw
10:58:45.0 (221815371)|ENTERING_MANAGED_PKG|tdc_tsw
10:58:45.0 (222040414)|ENTERING_MANAGED_PKG|tdc_tsw
10:58:45.0 (222434238)|ENTERING_MANAGED_PKG|tdc_tsw
10:58:45.0 (223494610)|ENTERING_MANAGED_PKG|tdc_tsw
10:58:45.0 (224292120)|ENTERING_MANAGED_PKG|tdc_tsw
10:58:45.0 (224505857)|ENTERING_MANAGED_PKG|tdc_tsw
10:58:45.0 (224904207)|ENTERING_MANAGED_PKG|tdc_tsw
10:58:45.0 (226139927)|ENTERING_MANAGED_PKG|tdc_tsw
10:58:45.0 (227031778)|ENTERING_MANAGED_PKG|tdc_tsw
10:58:45.0 (227105163)|ENTERING_MANAGED_PKG|tdc_tsw
10:58:45.0 (227622474)|SOQL_EXECUTE_BEGIN|[200]|Aggregations:0|SELECT Name, NamespacePrefix, SystemModStamp FROM StaticResource WHERE Name LIKE :tmpVar1 LIMIT 10
10:58:45.0 (230751215)|SOQL_EXECUTE_END|[200]|Rows:1
10:58:45.0 (231674131)|ENTERING_MANAGED_PKG|tdc_tsw
10:58:45.0 (232084193)|SOQL_EXECUTE_BEGIN|[200]|Aggregations:0|SELECT Name, NamespacePrefix, SystemModStamp FROM StaticResource WHERE Name LIKE :tmpVar1 LIMIT 10
10:58:45.0 (234456870)|SOQL_EXECUTE_END|[200]|Rows:1
10:58:45.0 (234842504)|ENTERING_MANAGED_PKG|tdc_tsw
10:58:45.0 (238107426)|ENTERING_MANAGED_PKG|tdc_tsw
10:58:45.0 (239920705)|ENTERING_MANAGED_PKG|tdc_tsw
10:58:45.0 (240288481)|ENTERING_MANAGED_PKG|tdc_tsw
10:58:45.0 (246493981)|ENTERING_MANAGED_PKG|tdc_tsw
10:58:45.0 (247220863)|SOQL_EXECUTE_BEGIN|[200]|Aggregations:0|SELECT Name, NamespacePrefix, SystemModStamp FROM StaticResource WHERE Name LIKE :tmpVar1 LIMIT 10
10:58:45.0 (251044649)|SOQL_EXECUTE_END|[200]|Rows:1
10:58:45.261 (261836008)|USER_INFO|[EXTERNAL]|0051H000009gxp8|chanida.dev2@solvedbysoftwareco.com|Eastern Standard Time|GMT-05:00
10:58:45.261 (263819525)|ENTERING_MANAGED_PKG|tdc_tsw
10:58:45.261 (264112116)|ENTERING_MANAGED_PKG|tdc_tsw
10:58:45.261 (266708043)|SOQL_EXECUTE_BEGIN|[355]|Aggregations:0|SELECT id, name, Disable_Incoming_SMS_Sharing__c FROM User WHERE id = :tmpVar1
10:58:45.261 (272727326)|SOQL_EXECUTE_END|[355]|Rows:1
10:58:45.261 (274450650)|SOQL_EXECUTE_BEGIN|[367]|Aggregations:0|SELECT CreatedDate,Id,LastModifiedDate,Related_Object_Id__c FROM Message__c WHERE Name = 'Incoming' AND Read__c = false ORDER BY CreatedDate Desc limit 100
10:58:45.261 (284435261)|SOQL_EXECUTE_END|[367]|Rows:100
