44.0 APEX_CODE,FINEST;APEX_PROFILING,INFO;CALLOUT,INFO;DB,INFO;NBA,INFO;SYSTEM,DEBUG;VALIDATION,INFO;VISUALFORCE,INFO;WAVE,INFO;WORKFLOW,INFO
22:09:26.0 (741030)|USER_INFO|[EXTERNAL]|0051H000009gxp8|chanida.dev2@solvedbysoftwareco.com|Eastern Standard Time|GMT-05:00
22:09:26.0 (5242616)|ENTERING_MANAGED_PKG|tdc_tsw
22:09:26.0 (5666437)|ENTERING_MANAGED_PKG|tdc_tsw
22:09:26.0 (7967037)|ENTERING_MANAGED_PKG|tdc_tsw
22:09:26.0 (8060534)|ENTERING_MANAGED_PKG|tdc_tsw
22:09:26.0 (9994883)|ENTERING_MANAGED_PKG|tdc_tsw
22:09:26.0 (12133148)|ENTERING_MANAGED_PKG|tdc_tsw
22:09:26.0 (14954970)|ENTERING_MANAGED_PKG|tdc_tsw
22:09:26.0 (15172334)|ENTERING_MANAGED_PKG|tdc_tsw
22:09:26.0 (18328670)|ENTERING_MANAGED_PKG|tdc_tsw
22:09:26.0 (30875154)|SOQL_EXECUTE_BEGIN|[82]|Aggregations:0|SELECT CreatedDate, Id,Task_Created__c,Event_Created__c,isCaseCreated__c,Task_Id__c,Event_Id__c,Case__c, Important__c, Delivered__c, Message_Text_New__c, Name, Owner.Name, Read__c,MessageId__c, ToNumber__c, Related_Object_Id__c, Related_Object__c, Sender_Number__c, LastModifiedDate, Attachments_Ids__c FROM Message__c WHERE Contact__c =: recordId ORDER BY CreatedDate Desc limit 200
22:09:26.0 (47582620)|SOQL_EXECUTE_END|[82]|Rows:2
22:09:26.0 (51197414)|ENTERING_MANAGED_PKG|tdc_tsw
22:09:26.0 (51626349)|ENTERING_MANAGED_PKG|tdc_tsw
22:09:26.0 (51750707)|ENTERING_MANAGED_PKG|tdc_tsw
22:09:26.0 (52554786)|SOQL_EXECUTE_BEGIN|[200]|Aggregations:0|SELECT Name, NamespacePrefix, SystemModStamp FROM StaticResource WHERE Name LIKE :tmpVar1 LIMIT 10
22:09:26.0 (56705282)|SOQL_EXECUTE_END|[200]|Rows:1
22:09:26.0 (60307520)|ENTERING_MANAGED_PKG|tdc_tsw
22:09:26.0 (62921532)|ENTERING_MANAGED_PKG|tdc_tsw
22:09:26.0 (63005333)|ENTERING_MANAGED_PKG|tdc_tsw
22:09:26.0 (65832206)|ENTERING_MANAGED_PKG|tdc_tsw
22:09:26.0 (67187233)|ENTERING_MANAGED_PKG|tdc_tsw
22:09:26.0 (74784758)|SOQL_EXECUTE_BEGIN|[172]|Aggregations:0|SELECT id, name FROM ChatTranscript__c WHERE (Chat_Active__c = TRUE AND (Related_Object_Id__c = :tmpVar1 OR Related_Object_Id__c = :tmpVar2)) LIMIT 1
22:09:26.0 (81645275)|SOQL_EXECUTE_END|[172]|Rows:0
22:09:26.0 (83271096)|ENTERING_MANAGED_PKG|tdc_tsw
22:09:26.0 (83406254)|ENTERING_MANAGED_PKG|tdc_tsw
