44.0 APEX_CODE,FINEST;APEX_PROFILING,INFO;CALLOUT,INFO;DB,INFO;NBA,INFO;SYSTEM,DEBUG;VALIDATION,INFO;VISUALFORCE,INFO;WAVE,INFO;WORKFLOW,INFO
23:23:17.0 (272419)|USER_INFO|[EXTERNAL]|0051H000009gxp8|chanida.dev2@solvedbysoftwareco.com|Eastern Standard Time|GMT-05:00
23:23:17.0 (2073097)|ENTERING_MANAGED_PKG|tdc_tsw
23:23:17.0 (2611457)|ENTERING_MANAGED_PKG|tdc_tsw
23:23:17.0 (6845080)|SOQL_EXECUTE_BEGIN|[16]|Aggregations:0|SELECT id, name, Disable_Incoming_SMS_Sharing__c FROM User WHERE id = :tmpVar1
23:23:17.0 (14755815)|SOQL_EXECUTE_END|[16]|Rows:1
23:23:17.0 (21936282)|SOQL_EXECUTE_BEGIN|[37]|Aggregations:0|SELECT CreatedDate,Created_Date__c,Id,LastModifiedDate,MessageId__c,Message_Text_New__c,Name,OwnerId,Read__c,Related_Object_Id__c,Related_Object__c,Sender_Number__c, Sender_Name__c,ToNumber__c,Attachments_Ids__c FROM Message__c WHERE Name = 'Incoming' AND Read__c = false ORDER BY CreatedDate Desc limit 100
23:23:17.0 (36857980)|SOQL_EXECUTE_END|[37]|Rows:100
23:23:17.0 (56067146)|ENTERING_MANAGED_PKG|tdc_tsw
23:23:17.0 (57995924)|ENTERING_MANAGED_PKG|tdc_tsw
23:23:17.0 (58666251)|ENTERING_MANAGED_PKG|tdc_tsw
23:23:17.0 (59403713)|ENTERING_MANAGED_PKG|tdc_tsw
23:23:17.0 (62645176)|ENTERING_MANAGED_PKG|tdc_tsw
23:23:17.0 (63717603)|ENTERING_MANAGED_PKG|tdc_tsw
23:23:17.0 (63967834)|ENTERING_MANAGED_PKG|tdc_tsw
23:23:17.0 (64372828)|ENTERING_MANAGED_PKG|tdc_tsw
23:23:17.0 (65745992)|ENTERING_MANAGED_PKG|tdc_tsw
23:23:17.0 (66606078)|ENTERING_MANAGED_PKG|tdc_tsw
23:23:17.0 (66828761)|ENTERING_MANAGED_PKG|tdc_tsw
23:23:17.0 (67352949)|ENTERING_MANAGED_PKG|tdc_tsw
23:23:17.0 (68576527)|ENTERING_MANAGED_PKG|tdc_tsw
23:23:17.0 (69338444)|ENTERING_MANAGED_PKG|tdc_tsw
23:23:17.0 (69557398)|ENTERING_MANAGED_PKG|tdc_tsw
23:23:17.0 (69927792)|ENTERING_MANAGED_PKG|tdc_tsw
23:23:17.0 (71031803)|ENTERING_MANAGED_PKG|tdc_tsw
23:23:17.0 (71792089)|ENTERING_MANAGED_PKG|tdc_tsw
23:23:17.0 (72009831)|ENTERING_MANAGED_PKG|tdc_tsw
23:23:17.0 (72457414)|ENTERING_MANAGED_PKG|tdc_tsw
23:23:17.0 (73870840)|ENTERING_MANAGED_PKG|tdc_tsw
23:23:17.0 (74684262)|ENTERING_MANAGED_PKG|tdc_tsw
23:23:17.0 (74942220)|ENTERING_MANAGED_PKG|tdc_tsw
23:23:17.0 (75367071)|ENTERING_MANAGED_PKG|tdc_tsw
23:23:17.0 (76608291)|ENTERING_MANAGED_PKG|tdc_tsw
23:23:17.0 (77419775)|ENTERING_MANAGED_PKG|tdc_tsw
23:23:17.0 (77660518)|ENTERING_MANAGED_PKG|tdc_tsw
23:23:17.0 (78124348)|ENTERING_MANAGED_PKG|tdc_tsw
23:23:17.0 (79410863)|ENTERING_MANAGED_PKG|tdc_tsw
23:23:17.0 (80334582)|ENTERING_MANAGED_PKG|tdc_tsw
23:23:17.0 (80581373)|ENTERING_MANAGED_PKG|tdc_tsw
23:23:17.0 (81011813)|ENTERING_MANAGED_PKG|tdc_tsw
23:23:17.0 (82102084)|ENTERING_MANAGED_PKG|tdc_tsw
23:23:17.0 (82864548)|ENTERING_MANAGED_PKG|tdc_tsw
23:23:17.0 (83082459)|ENTERING_MANAGED_PKG|tdc_tsw
23:23:17.0 (83478282)|ENTERING_MANAGED_PKG|tdc_tsw
23:23:17.0 (84583776)|ENTERING_MANAGED_PKG|tdc_tsw
23:23:17.0 (85331972)|ENTERING_MANAGED_PKG|tdc_tsw
23:23:17.0 (85556866)|ENTERING_MANAGED_PKG|tdc_tsw
23:23:17.0 (85940884)|ENTERING_MANAGED_PKG|tdc_tsw
23:23:17.0 (86957189)|ENTERING_MANAGED_PKG|tdc_tsw
23:23:17.0 (87718649)|ENTERING_MANAGED_PKG|tdc_tsw
23:23:17.0 (87935723)|ENTERING_MANAGED_PKG|tdc_tsw
23:23:17.0 (88325664)|ENTERING_MANAGED_PKG|tdc_tsw
23:23:17.0 (89353463)|ENTERING_MANAGED_PKG|tdc_tsw
23:23:17.0 (90149455)|ENTERING_MANAGED_PKG|tdc_tsw
23:23:17.0 (90424673)|ENTERING_MANAGED_PKG|tdc_tsw
23:23:17.0 (90922845)|ENTERING_MANAGED_PKG|tdc_tsw
23:23:17.0 (92070998)|ENTERING_MANAGED_PKG|tdc_tsw
23:23:17.0 (93004741)|ENTERING_MANAGED_PKG|tdc_tsw
23:23:17.0 (93237309)|ENTERING_MANAGED_PKG|tdc_tsw
23:23:17.0 (93615123)|ENTERING_MANAGED_PKG|tdc_tsw
23:23:17.0 (94847886)|ENTERING_MANAGED_PKG|tdc_tsw
23:23:17.0 (95583658)|ENTERING_MANAGED_PKG|tdc_tsw
23:23:17.0 (95802166)|ENTERING_MANAGED_PKG|tdc_tsw
23:23:17.0 (96174849)|ENTERING_MANAGED_PKG|tdc_tsw
23:23:17.0 (97217941)|ENTERING_MANAGED_PKG|tdc_tsw
23:23:17.0 (97974689)|ENTERING_MANAGED_PKG|tdc_tsw
23:23:17.0 (98193925)|ENTERING_MANAGED_PKG|tdc_tsw
23:23:17.0 (98613308)|ENTERING_MANAGED_PKG|tdc_tsw
23:23:17.0 (99689784)|ENTERING_MANAGED_PKG|tdc_tsw
23:23:17.0 (100436375)|ENTERING_MANAGED_PKG|tdc_tsw
23:23:17.0 (100656073)|ENTERING_MANAGED_PKG|tdc_tsw
23:23:17.0 (101043239)|ENTERING_MANAGED_PKG|tdc_tsw
23:23:17.0 (102134629)|ENTERING_MANAGED_PKG|tdc_tsw
23:23:17.0 (102891097)|ENTERING_MANAGED_PKG|tdc_tsw
23:23:17.0 (103108041)|ENTERING_MANAGED_PKG|tdc_tsw
23:23:17.0 (103529468)|ENTERING_MANAGED_PKG|tdc_tsw
23:23:17.0 (104576699)|ENTERING_MANAGED_PKG|tdc_tsw
23:23:17.0 (105365218)|ENTERING_MANAGED_PKG|tdc_tsw
23:23:17.0 (105584248)|ENTERING_MANAGED_PKG|tdc_tsw
23:23:17.0 (105956718)|ENTERING_MANAGED_PKG|tdc_tsw
23:23:17.0 (107077292)|ENTERING_MANAGED_PKG|tdc_tsw
23:23:17.0 (107960711)|ENTERING_MANAGED_PKG|tdc_tsw
23:23:17.0 (108241342)|ENTERING_MANAGED_PKG|tdc_tsw
23:23:17.0 (108640611)|ENTERING_MANAGED_PKG|tdc_tsw
23:23:17.0 (109730063)|ENTERING_MANAGED_PKG|tdc_tsw
23:23:17.0 (110479555)|ENTERING_MANAGED_PKG|tdc_tsw
23:23:17.0 (110711877)|ENTERING_MANAGED_PKG|tdc_tsw
23:23:17.0 (111094982)|ENTERING_MANAGED_PKG|tdc_tsw
23:23:17.0 (112127733)|ENTERING_MANAGED_PKG|tdc_tsw
23:23:17.0 (112917084)|ENTERING_MANAGED_PKG|tdc_tsw
23:23:17.0 (113133628)|ENTERING_MANAGED_PKG|tdc_tsw
23:23:17.0 (113521698)|ENTERING_MANAGED_PKG|tdc_tsw
23:23:17.0 (114557493)|ENTERING_MANAGED_PKG|tdc_tsw
23:23:17.0 (115305247)|ENTERING_MANAGED_PKG|tdc_tsw
23:23:17.0 (115522747)|ENTERING_MANAGED_PKG|tdc_tsw
23:23:17.0 (115887693)|ENTERING_MANAGED_PKG|tdc_tsw
23:23:17.0 (116936868)|ENTERING_MANAGED_PKG|tdc_tsw
23:23:17.0 (117693526)|ENTERING_MANAGED_PKG|tdc_tsw
23:23:17.0 (117911967)|ENTERING_MANAGED_PKG|tdc_tsw
23:23:17.0 (118334403)|ENTERING_MANAGED_PKG|tdc_tsw
23:23:17.0 (119388365)|ENTERING_MANAGED_PKG|tdc_tsw
23:23:17.0 (120104770)|ENTERING_MANAGED_PKG|tdc_tsw
23:23:17.0 (120342816)|ENTERING_MANAGED_PKG|tdc_tsw
23:23:17.0 (120709243)|ENTERING_MANAGED_PKG|tdc_tsw
23:23:17.0 (121717277)|ENTERING_MANAGED_PKG|tdc_tsw
23:23:17.0 (122438281)|ENTERING_MANAGED_PKG|tdc_tsw
23:23:17.0 (122657196)|ENTERING_MANAGED_PKG|tdc_tsw
23:23:17.0 (123022092)|ENTERING_MANAGED_PKG|tdc_tsw
23:23:17.0 (124029652)|ENTERING_MANAGED_PKG|tdc_tsw
23:23:17.0 (124762349)|ENTERING_MANAGED_PKG|tdc_tsw
23:23:17.0 (124987531)|ENTERING_MANAGED_PKG|tdc_tsw
23:23:17.0 (125361789)|ENTERING_MANAGED_PKG|tdc_tsw
23:23:17.0 (126367777)|ENTERING_MANAGED_PKG|tdc_tsw
23:23:17.0 (127080457)|ENTERING_MANAGED_PKG|tdc_tsw
23:23:17.0 (127315379)|ENTERING_MANAGED_PKG|tdc_tsw
23:23:17.0 (127678724)|ENTERING_MANAGED_PKG|tdc_tsw
23:23:17.0 (128686072)|ENTERING_MANAGED_PKG|tdc_tsw
23:23:17.0 (129608216)|ENTERING_MANAGED_PKG|tdc_tsw
23:23:17.0 (129835586)|ENTERING_MANAGED_PKG|tdc_tsw
23:23:17.0 (130247682)|ENTERING_MANAGED_PKG|tdc_tsw
23:23:17.0 (131280081)|ENTERING_MANAGED_PKG|tdc_tsw
23:23:17.0 (132002672)|ENTERING_MANAGED_PKG|tdc_tsw
23:23:17.0 (132275208)|ENTERING_MANAGED_PKG|tdc_tsw
23:23:17.0 (132645482)|ENTERING_MANAGED_PKG|tdc_tsw
23:23:17.0 (133988405)|ENTERING_MANAGED_PKG|tdc_tsw
23:23:17.0 (134757758)|ENTERING_MANAGED_PKG|tdc_tsw
23:23:17.0 (134974711)|ENTERING_MANAGED_PKG|tdc_tsw
23:23:17.0 (135349095)|ENTERING_MANAGED_PKG|tdc_tsw
23:23:17.0 (136359994)|ENTERING_MANAGED_PKG|tdc_tsw
23:23:17.0 (137075122)|ENTERING_MANAGED_PKG|tdc_tsw
23:23:17.0 (137301991)|ENTERING_MANAGED_PKG|tdc_tsw
23:23:17.0 (137668235)|ENTERING_MANAGED_PKG|tdc_tsw
23:23:17.0 (138674485)|ENTERING_MANAGED_PKG|tdc_tsw
23:23:17.0 (139396324)|ENTERING_MANAGED_PKG|tdc_tsw
23:23:17.0 (139612059)|ENTERING_MANAGED_PKG|tdc_tsw
23:23:17.0 (139984095)|ENTERING_MANAGED_PKG|tdc_tsw
23:23:17.0 (141024426)|ENTERING_MANAGED_PKG|tdc_tsw
23:23:17.0 (141763730)|ENTERING_MANAGED_PKG|tdc_tsw
23:23:17.0 (141979607)|ENTERING_MANAGED_PKG|tdc_tsw
23:23:17.0 (142373558)|ENTERING_MANAGED_PKG|tdc_tsw
23:23:17.0 (143438863)|ENTERING_MANAGED_PKG|tdc_tsw
23:23:17.0 (144184975)|ENTERING_MANAGED_PKG|tdc_tsw
23:23:17.0 (144421487)|ENTERING_MANAGED_PKG|tdc_tsw
23:23:17.0 (144791703)|ENTERING_MANAGED_PKG|tdc_tsw
23:23:17.0 (145813347)|ENTERING_MANAGED_PKG|tdc_tsw
23:23:17.0 (146536016)|ENTERING_MANAGED_PKG|tdc_tsw
23:23:17.0 (146755364)|ENTERING_MANAGED_PKG|tdc_tsw
23:23:17.0 (147125544)|ENTERING_MANAGED_PKG|tdc_tsw
23:23:17.0 (148141046)|ENTERING_MANAGED_PKG|tdc_tsw
23:23:17.0 (148887743)|ENTERING_MANAGED_PKG|tdc_tsw
23:23:17.0 (149104914)|ENTERING_MANAGED_PKG|tdc_tsw
23:23:17.0 (149516340)|ENTERING_MANAGED_PKG|tdc_tsw
23:23:17.0 (150547544)|ENTERING_MANAGED_PKG|tdc_tsw
23:23:17.0 (151297740)|ENTERING_MANAGED_PKG|tdc_tsw
23:23:17.0 (151515465)|ENTERING_MANAGED_PKG|tdc_tsw
23:23:17.0 (151939544)|ENTERING_MANAGED_PKG|tdc_tsw
23:23:17.0 (153002482)|ENTERING_MANAGED_PKG|tdc_tsw
23:23:17.0 (153750779)|ENTERING_MANAGED_PKG|tdc_tsw
23:23:17.0 (153968156)|ENTERING_MANAGED_PKG|tdc_tsw
23:23:17.0 (154374777)|ENTERING_MANAGED_PKG|tdc_tsw
23:23:17.0 (155424697)|ENTERING_MANAGED_PKG|tdc_tsw
23:23:17.0 (156161467)|ENTERING_MANAGED_PKG|tdc_tsw
23:23:17.0 (156385075)|ENTERING_MANAGED_PKG|tdc_tsw
23:23:17.0 (156754950)|ENTERING_MANAGED_PKG|tdc_tsw
23:23:17.0 (157823021)|ENTERING_MANAGED_PKG|tdc_tsw
23:23:17.0 (158550291)|ENTERING_MANAGED_PKG|tdc_tsw
23:23:17.0 (158766993)|ENTERING_MANAGED_PKG|tdc_tsw
23:23:17.0 (159137424)|ENTERING_MANAGED_PKG|tdc_tsw
23:23:17.0 (160178508)|ENTERING_MANAGED_PKG|tdc_tsw
23:23:17.0 (160904275)|ENTERING_MANAGED_PKG|tdc_tsw
23:23:17.0 (161120479)|ENTERING_MANAGED_PKG|tdc_tsw
23:23:17.0 (161504555)|ENTERING_MANAGED_PKG|tdc_tsw
23:23:17.0 (162533025)|ENTERING_MANAGED_PKG|tdc_tsw
23:23:17.0 (163254015)|ENTERING_MANAGED_PKG|tdc_tsw
23:23:17.0 (163472479)|ENTERING_MANAGED_PKG|tdc_tsw
23:23:17.0 (163901441)|ENTERING_MANAGED_PKG|tdc_tsw
23:23:17.0 (164925494)|ENTERING_MANAGED_PKG|tdc_tsw
23:23:17.0 (165643936)|ENTERING_MANAGED_PKG|tdc_tsw
23:23:17.0 (165861935)|ENTERING_MANAGED_PKG|tdc_tsw
23:23:17.0 (166270170)|ENTERING_MANAGED_PKG|tdc_tsw
23:23:17.0 (167297018)|ENTERING_MANAGED_PKG|tdc_tsw
23:23:17.0 (168009911)|ENTERING_MANAGED_PKG|tdc_tsw
23:23:17.0 (168233289)|ENTERING_MANAGED_PKG|tdc_tsw
23:23:17.0 (168609947)|ENTERING_MANAGED_PKG|tdc_tsw
23:23:17.0 (169675097)|ENTERING_MANAGED_PKG|tdc_tsw
23:23:17.0 (170441917)|ENTERING_MANAGED_PKG|tdc_tsw
23:23:17.0 (170671812)|ENTERING_MANAGED_PKG|tdc_tsw
23:23:17.0 (171041825)|ENTERING_MANAGED_PKG|tdc_tsw
23:23:17.0 (172062830)|ENTERING_MANAGED_PKG|tdc_tsw
23:23:17.0 (172784432)|ENTERING_MANAGED_PKG|tdc_tsw
23:23:17.0 (173008422)|ENTERING_MANAGED_PKG|tdc_tsw
23:23:17.0 (173388890)|ENTERING_MANAGED_PKG|tdc_tsw
23:23:17.0 (174536452)|ENTERING_MANAGED_PKG|tdc_tsw
23:23:17.0 (175372299)|ENTERING_MANAGED_PKG|tdc_tsw
23:23:17.0 (175605601)|ENTERING_MANAGED_PKG|tdc_tsw
23:23:17.0 (175976653)|ENTERING_MANAGED_PKG|tdc_tsw
23:23:17.0 (177000644)|ENTERING_MANAGED_PKG|tdc_tsw
23:23:17.0 (177724742)|ENTERING_MANAGED_PKG|tdc_tsw
23:23:17.0 (177940294)|ENTERING_MANAGED_PKG|tdc_tsw
23:23:17.0 (178320949)|ENTERING_MANAGED_PKG|tdc_tsw
23:23:17.0 (179341205)|ENTERING_MANAGED_PKG|tdc_tsw
23:23:17.0 (180067125)|ENTERING_MANAGED_PKG|tdc_tsw
23:23:17.0 (180291746)|ENTERING_MANAGED_PKG|tdc_tsw
23:23:17.0 (180667480)|ENTERING_MANAGED_PKG|tdc_tsw
23:23:17.0 (181694938)|ENTERING_MANAGED_PKG|tdc_tsw
23:23:17.0 (182428680)|ENTERING_MANAGED_PKG|tdc_tsw
23:23:17.0 (182625847)|ENTERING_MANAGED_PKG|tdc_tsw
23:23:17.0 (183002042)|ENTERING_MANAGED_PKG|tdc_tsw
23:23:17.0 (184073018)|ENTERING_MANAGED_PKG|tdc_tsw
23:23:17.0 (184838851)|ENTERING_MANAGED_PKG|tdc_tsw
23:23:17.0 (185055865)|ENTERING_MANAGED_PKG|tdc_tsw
23:23:17.0 (185434253)|ENTERING_MANAGED_PKG|tdc_tsw
23:23:17.0 (186494455)|ENTERING_MANAGED_PKG|tdc_tsw
23:23:17.0 (187233005)|ENTERING_MANAGED_PKG|tdc_tsw
23:23:17.0 (187450892)|ENTERING_MANAGED_PKG|tdc_tsw
23:23:17.0 (187820446)|ENTERING_MANAGED_PKG|tdc_tsw
23:23:17.0 (188973761)|ENTERING_MANAGED_PKG|tdc_tsw
23:23:17.0 (189834411)|ENTERING_MANAGED_PKG|tdc_tsw
23:23:17.0 (189916255)|ENTERING_MANAGED_PKG|tdc_tsw
23:23:17.0 (190485927)|SOQL_EXECUTE_BEGIN|[200]|Aggregations:0|SELECT Name, NamespacePrefix, SystemModStamp FROM StaticResource WHERE Name LIKE :tmpVar1 LIMIT 10
23:23:17.0 (193514511)|SOQL_EXECUTE_END|[200]|Rows:1
23:23:17.0 (194278724)|ENTERING_MANAGED_PKG|tdc_tsw
23:23:17.0 (194603322)|SOQL_EXECUTE_BEGIN|[200]|Aggregations:0|SELECT Name, NamespacePrefix, SystemModStamp FROM StaticResource WHERE Name LIKE :tmpVar1 LIMIT 10
23:23:17.0 (196650980)|SOQL_EXECUTE_END|[200]|Rows:1
23:23:17.0 (197013742)|ENTERING_MANAGED_PKG|tdc_tsw
23:23:17.0 (200225629)|ENTERING_MANAGED_PKG|tdc_tsw
23:23:17.0 (201641950)|ENTERING_MANAGED_PKG|tdc_tsw
23:23:17.0 (201930434)|ENTERING_MANAGED_PKG|tdc_tsw
23:23:17.0 (202734111)|ENTERING_MANAGED_PKG|tdc_tsw
23:23:17.0 (203116771)|SOQL_EXECUTE_BEGIN|[200]|Aggregations:0|SELECT Name, NamespacePrefix, SystemModStamp FROM StaticResource WHERE Name LIKE :tmpVar1 LIMIT 10
23:23:17.0 (205359879)|SOQL_EXECUTE_END|[200]|Rows:1
23:23:17.215 (215025210)|USER_INFO|[EXTERNAL]|0051H000009gxp8|chanida.dev2@solvedbysoftwareco.com|Eastern Standard Time|GMT-05:00
23:23:17.215 (216491093)|ENTERING_MANAGED_PKG|tdc_tsw
23:23:17.215 (216703433)|ENTERING_MANAGED_PKG|tdc_tsw
23:23:17.215 (219175522)|SOQL_EXECUTE_BEGIN|[355]|Aggregations:0|SELECT id, name, Disable_Incoming_SMS_Sharing__c FROM User WHERE id = :tmpVar1
23:23:17.215 (224851346)|SOQL_EXECUTE_END|[355]|Rows:1
23:23:17.215 (225845121)|SOQL_EXECUTE_BEGIN|[367]|Aggregations:0|SELECT CreatedDate,Id,LastModifiedDate,Related_Object_Id__c FROM Message__c WHERE Name = 'Incoming' AND Read__c = false ORDER BY CreatedDate Desc limit 100
23:23:17.215 (233215357)|SOQL_EXECUTE_END|[367]|Rows:100
