44.0 APEX_CODE,FINEST;APEX_PROFILING,INFO;CALLOUT,INFO;DB,INFO;NBA,INFO;SYSTEM,DEBUG;VALIDATION,INFO;VISUALFORCE,INFO;WAVE,INFO;WORKFLOW,INFO
22:51:07.0 (136768)|USER_INFO|[EXTERNAL]|0051H000009gxp8|chanida.dev2@solvedbysoftwareco.com|Eastern Standard Time|GMT-05:00
22:51:07.0 (1638130)|ENTERING_MANAGED_PKG|tdc_tsw
22:51:07.0 (2115633)|ENTERING_MANAGED_PKG|tdc_tsw
22:51:07.0 (28679706)|SOQL_EXECUTE_BEGIN|[16]|Aggregations:0|SELECT id, name, Disable_Incoming_SMS_Sharing__c FROM User WHERE id = :tmpVar1
22:51:07.0 (35136511)|SOQL_EXECUTE_END|[16]|Rows:1
22:51:07.0 (52800724)|SOQL_EXECUTE_BEGIN|[37]|Aggregations:0|SELECT CreatedDate,Created_Date__c,Id,LastModifiedDate,MessageId__c,Message_Text_New__c,Name,OwnerId,Read__c,Related_Object_Id__c,Related_Object__c,Sender_Number__c, Sender_Name__c,ToNumber__c,Attachments_Ids__c FROM Message__c WHERE Name = 'Incoming' AND Read__c = false ORDER BY CreatedDate Desc limit 100
22:51:07.0 (68891558)|SOQL_EXECUTE_END|[37]|Rows:100
22:51:07.0 (85898406)|ENTERING_MANAGED_PKG|tdc_tsw
22:51:07.0 (87613570)|ENTERING_MANAGED_PKG|tdc_tsw
22:51:07.0 (88124404)|ENTERING_MANAGED_PKG|tdc_tsw
22:51:07.0 (88804832)|ENTERING_MANAGED_PKG|tdc_tsw
22:51:07.0 (91640960)|ENTERING_MANAGED_PKG|tdc_tsw
22:51:07.0 (92431775)|ENTERING_MANAGED_PKG|tdc_tsw
22:51:07.0 (92678345)|ENTERING_MANAGED_PKG|tdc_tsw
22:51:07.0 (93086345)|ENTERING_MANAGED_PKG|tdc_tsw
22:51:07.0 (94205225)|ENTERING_MANAGED_PKG|tdc_tsw
22:51:07.0 (94978813)|ENTERING_MANAGED_PKG|tdc_tsw
22:51:07.0 (95210826)|ENTERING_MANAGED_PKG|tdc_tsw
22:51:07.0 (95618138)|ENTERING_MANAGED_PKG|tdc_tsw
22:51:07.0 (96704789)|ENTERING_MANAGED_PKG|tdc_tsw
22:51:07.0 (97464028)|ENTERING_MANAGED_PKG|tdc_tsw
22:51:07.0 (97700357)|ENTERING_MANAGED_PKG|tdc_tsw
22:51:07.0 (98099561)|ENTERING_MANAGED_PKG|tdc_tsw
22:51:07.0 (99184156)|ENTERING_MANAGED_PKG|tdc_tsw
22:51:07.0 (99957628)|ENTERING_MANAGED_PKG|tdc_tsw
22:51:07.0 (100186242)|ENTERING_MANAGED_PKG|tdc_tsw
22:51:07.0 (100600280)|ENTERING_MANAGED_PKG|tdc_tsw
22:51:07.0 (101686086)|ENTERING_MANAGED_PKG|tdc_tsw
22:51:07.0 (102441360)|ENTERING_MANAGED_PKG|tdc_tsw
22:51:07.0 (102679183)|ENTERING_MANAGED_PKG|tdc_tsw
22:51:07.0 (103075291)|ENTERING_MANAGED_PKG|tdc_tsw
22:51:07.0 (104173627)|ENTERING_MANAGED_PKG|tdc_tsw
22:51:07.0 (104933624)|ENTERING_MANAGED_PKG|tdc_tsw
22:51:07.0 (105162564)|ENTERING_MANAGED_PKG|tdc_tsw
22:51:07.0 (105559149)|ENTERING_MANAGED_PKG|tdc_tsw
22:51:07.0 (106663485)|ENTERING_MANAGED_PKG|tdc_tsw
22:51:07.0 (107416231)|ENTERING_MANAGED_PKG|tdc_tsw
22:51:07.0 (107669453)|ENTERING_MANAGED_PKG|tdc_tsw
22:51:07.0 (108067591)|ENTERING_MANAGED_PKG|tdc_tsw
22:51:07.0 (109147183)|ENTERING_MANAGED_PKG|tdc_tsw
22:51:07.0 (109905558)|ENTERING_MANAGED_PKG|tdc_tsw
22:51:07.0 (110132588)|ENTERING_MANAGED_PKG|tdc_tsw
22:51:07.0 (110530321)|ENTERING_MANAGED_PKG|tdc_tsw
22:51:07.0 (111618703)|ENTERING_MANAGED_PKG|tdc_tsw
22:51:07.0 (112370926)|ENTERING_MANAGED_PKG|tdc_tsw
22:51:07.0 (112608688)|ENTERING_MANAGED_PKG|tdc_tsw
22:51:07.0 (113017988)|ENTERING_MANAGED_PKG|tdc_tsw
22:51:07.0 (114109823)|ENTERING_MANAGED_PKG|tdc_tsw
22:51:07.0 (114888765)|ENTERING_MANAGED_PKG|tdc_tsw
22:51:07.0 (115124544)|ENTERING_MANAGED_PKG|tdc_tsw
22:51:07.0 (115520050)|ENTERING_MANAGED_PKG|tdc_tsw
22:51:07.0 (116612149)|ENTERING_MANAGED_PKG|tdc_tsw
22:51:07.0 (117365228)|ENTERING_MANAGED_PKG|tdc_tsw
22:51:07.0 (117600576)|ENTERING_MANAGED_PKG|tdc_tsw
22:51:07.0 (117998025)|ENTERING_MANAGED_PKG|tdc_tsw
22:51:07.0 (119080582)|ENTERING_MANAGED_PKG|tdc_tsw
22:51:07.0 (119830701)|ENTERING_MANAGED_PKG|tdc_tsw
22:51:07.0 (120059558)|ENTERING_MANAGED_PKG|tdc_tsw
22:51:07.0 (120454903)|ENTERING_MANAGED_PKG|tdc_tsw
22:51:07.0 (121537249)|ENTERING_MANAGED_PKG|tdc_tsw
22:51:07.0 (122299641)|ENTERING_MANAGED_PKG|tdc_tsw
22:51:07.0 (122529973)|ENTERING_MANAGED_PKG|tdc_tsw
22:51:07.0 (122932316)|ENTERING_MANAGED_PKG|tdc_tsw
22:51:07.0 (124013543)|ENTERING_MANAGED_PKG|tdc_tsw
22:51:07.0 (124766635)|ENTERING_MANAGED_PKG|tdc_tsw
22:51:07.0 (124997144)|ENTERING_MANAGED_PKG|tdc_tsw
22:51:07.0 (125393098)|ENTERING_MANAGED_PKG|tdc_tsw
22:51:07.0 (126478255)|ENTERING_MANAGED_PKG|tdc_tsw
22:51:07.0 (127231016)|ENTERING_MANAGED_PKG|tdc_tsw
22:51:07.0 (127460924)|ENTERING_MANAGED_PKG|tdc_tsw
22:51:07.0 (127883699)|ENTERING_MANAGED_PKG|tdc_tsw
22:51:07.0 (128990007)|ENTERING_MANAGED_PKG|tdc_tsw
22:51:07.0 (129764381)|ENTERING_MANAGED_PKG|tdc_tsw
22:51:07.0 (129995227)|ENTERING_MANAGED_PKG|tdc_tsw
22:51:07.0 (130392088)|ENTERING_MANAGED_PKG|tdc_tsw
22:51:07.0 (131521545)|ENTERING_MANAGED_PKG|tdc_tsw
22:51:07.0 (132279026)|ENTERING_MANAGED_PKG|tdc_tsw
22:51:07.0 (132512505)|ENTERING_MANAGED_PKG|tdc_tsw
22:51:07.0 (132914390)|ENTERING_MANAGED_PKG|tdc_tsw
22:51:07.0 (133999644)|ENTERING_MANAGED_PKG|tdc_tsw
22:51:07.0 (134758543)|ENTERING_MANAGED_PKG|tdc_tsw
22:51:07.0 (134992949)|ENTERING_MANAGED_PKG|tdc_tsw
22:51:07.0 (135394895)|ENTERING_MANAGED_PKG|tdc_tsw
22:51:07.0 (136478800)|ENTERING_MANAGED_PKG|tdc_tsw
22:51:07.0 (137233526)|ENTERING_MANAGED_PKG|tdc_tsw
22:51:07.0 (137464933)|ENTERING_MANAGED_PKG|tdc_tsw
22:51:07.0 (137871498)|ENTERING_MANAGED_PKG|tdc_tsw
22:51:07.0 (138956904)|ENTERING_MANAGED_PKG|tdc_tsw
22:51:07.0 (139733709)|ENTERING_MANAGED_PKG|tdc_tsw
22:51:07.0 (139963455)|ENTERING_MANAGED_PKG|tdc_tsw
22:51:07.0 (140358826)|ENTERING_MANAGED_PKG|tdc_tsw
22:51:07.0 (141449921)|ENTERING_MANAGED_PKG|tdc_tsw
22:51:07.0 (142215498)|ENTERING_MANAGED_PKG|tdc_tsw
22:51:07.0 (142446543)|ENTERING_MANAGED_PKG|tdc_tsw
22:51:07.0 (142848174)|ENTERING_MANAGED_PKG|tdc_tsw
22:51:07.0 (144183796)|ENTERING_MANAGED_PKG|tdc_tsw
22:51:07.0 (145140804)|ENTERING_MANAGED_PKG|tdc_tsw
22:51:07.0 (145453474)|ENTERING_MANAGED_PKG|tdc_tsw
22:51:07.0 (145878066)|ENTERING_MANAGED_PKG|tdc_tsw
22:51:07.0 (147405274)|ENTERING_MANAGED_PKG|tdc_tsw
22:51:07.0 (148181390)|ENTERING_MANAGED_PKG|tdc_tsw
22:51:07.0 (148413905)|ENTERING_MANAGED_PKG|tdc_tsw
22:51:07.0 (148816887)|ENTERING_MANAGED_PKG|tdc_tsw
22:51:07.0 (149904519)|ENTERING_MANAGED_PKG|tdc_tsw
22:51:07.0 (150969623)|ENTERING_MANAGED_PKG|tdc_tsw
22:51:07.0 (151203413)|ENTERING_MANAGED_PKG|tdc_tsw
22:51:07.0 (151620205)|ENTERING_MANAGED_PKG|tdc_tsw
22:51:07.0 (152715241)|ENTERING_MANAGED_PKG|tdc_tsw
22:51:07.0 (153470458)|ENTERING_MANAGED_PKG|tdc_tsw
22:51:07.0 (153706992)|ENTERING_MANAGED_PKG|tdc_tsw
22:51:07.0 (154114214)|ENTERING_MANAGED_PKG|tdc_tsw
22:51:07.0 (155196506)|ENTERING_MANAGED_PKG|tdc_tsw
22:51:07.0 (155964325)|ENTERING_MANAGED_PKG|tdc_tsw
22:51:07.0 (156193247)|ENTERING_MANAGED_PKG|tdc_tsw
22:51:07.0 (156596766)|ENTERING_MANAGED_PKG|tdc_tsw
22:51:07.0 (157681047)|ENTERING_MANAGED_PKG|tdc_tsw
22:51:07.0 (158434259)|ENTERING_MANAGED_PKG|tdc_tsw
22:51:07.0 (158671729)|ENTERING_MANAGED_PKG|tdc_tsw
22:51:07.0 (159068857)|ENTERING_MANAGED_PKG|tdc_tsw
22:51:07.0 (160150878)|ENTERING_MANAGED_PKG|tdc_tsw
22:51:07.0 (160907037)|ENTERING_MANAGED_PKG|tdc_tsw
22:51:07.0 (161137087)|ENTERING_MANAGED_PKG|tdc_tsw
22:51:07.0 (161534620)|ENTERING_MANAGED_PKG|tdc_tsw
22:51:07.0 (162622488)|ENTERING_MANAGED_PKG|tdc_tsw
22:51:07.0 (163376203)|ENTERING_MANAGED_PKG|tdc_tsw
22:51:07.0 (163613923)|ENTERING_MANAGED_PKG|tdc_tsw
22:51:07.0 (164010692)|ENTERING_MANAGED_PKG|tdc_tsw
22:51:07.0 (165089828)|ENTERING_MANAGED_PKG|tdc_tsw
22:51:07.0 (165847193)|ENTERING_MANAGED_PKG|tdc_tsw
22:51:07.0 (166074472)|ENTERING_MANAGED_PKG|tdc_tsw
22:51:07.0 (166472312)|ENTERING_MANAGED_PKG|tdc_tsw
22:51:07.0 (167556955)|ENTERING_MANAGED_PKG|tdc_tsw
22:51:07.0 (168315698)|ENTERING_MANAGED_PKG|tdc_tsw
22:51:07.0 (168544837)|ENTERING_MANAGED_PKG|tdc_tsw
22:51:07.0 (168947000)|ENTERING_MANAGED_PKG|tdc_tsw
22:51:07.0 (170025961)|ENTERING_MANAGED_PKG|tdc_tsw
22:51:07.0 (170780657)|ENTERING_MANAGED_PKG|tdc_tsw
22:51:07.0 (171009935)|ENTERING_MANAGED_PKG|tdc_tsw
22:51:07.0 (171407943)|ENTERING_MANAGED_PKG|tdc_tsw
22:51:07.0 (172490581)|ENTERING_MANAGED_PKG|tdc_tsw
22:51:07.0 (173251009)|ENTERING_MANAGED_PKG|tdc_tsw
22:51:07.0 (173488691)|ENTERING_MANAGED_PKG|tdc_tsw
22:51:07.0 (173892278)|ENTERING_MANAGED_PKG|tdc_tsw
22:51:07.0 (174975201)|ENTERING_MANAGED_PKG|tdc_tsw
22:51:07.0 (175734206)|ENTERING_MANAGED_PKG|tdc_tsw
22:51:07.0 (175964054)|ENTERING_MANAGED_PKG|tdc_tsw
22:51:07.0 (176362746)|ENTERING_MANAGED_PKG|tdc_tsw
22:51:07.0 (177446150)|ENTERING_MANAGED_PKG|tdc_tsw
22:51:07.0 (178204635)|ENTERING_MANAGED_PKG|tdc_tsw
22:51:07.0 (178435006)|ENTERING_MANAGED_PKG|tdc_tsw
22:51:07.0 (178836133)|ENTERING_MANAGED_PKG|tdc_tsw
22:51:07.0 (179922038)|ENTERING_MANAGED_PKG|tdc_tsw
22:51:07.0 (180679169)|ENTERING_MANAGED_PKG|tdc_tsw
22:51:07.0 (180910623)|ENTERING_MANAGED_PKG|tdc_tsw
22:51:07.0 (181318002)|ENTERING_MANAGED_PKG|tdc_tsw
22:51:07.0 (182447329)|ENTERING_MANAGED_PKG|tdc_tsw
22:51:07.0 (183215787)|ENTERING_MANAGED_PKG|tdc_tsw
22:51:07.0 (183422426)|ENTERING_MANAGED_PKG|tdc_tsw
22:51:07.0 (183826825)|ENTERING_MANAGED_PKG|tdc_tsw
22:51:07.0 (184924332)|ENTERING_MANAGED_PKG|tdc_tsw
22:51:07.0 (185691657)|ENTERING_MANAGED_PKG|tdc_tsw
22:51:07.0 (185921277)|ENTERING_MANAGED_PKG|tdc_tsw
22:51:07.0 (186316589)|ENTERING_MANAGED_PKG|tdc_tsw
22:51:07.0 (187420455)|ENTERING_MANAGED_PKG|tdc_tsw
22:51:07.0 (188182805)|ENTERING_MANAGED_PKG|tdc_tsw
22:51:07.0 (188385969)|ENTERING_MANAGED_PKG|tdc_tsw
22:51:07.0 (188788686)|ENTERING_MANAGED_PKG|tdc_tsw
22:51:07.0 (190028790)|ENTERING_MANAGED_PKG|tdc_tsw
22:51:07.0 (191180092)|ENTERING_MANAGED_PKG|tdc_tsw
22:51:07.0 (191290301)|ENTERING_MANAGED_PKG|tdc_tsw
22:51:07.0 (192260465)|SOQL_EXECUTE_BEGIN|[200]|Aggregations:0|SELECT Name, NamespacePrefix, SystemModStamp FROM StaticResource WHERE Name LIKE :tmpVar1 LIMIT 10
22:51:07.0 (196150167)|SOQL_EXECUTE_END|[200]|Rows:1
22:51:07.0 (196940136)|ENTERING_MANAGED_PKG|tdc_tsw
22:51:07.0 (197311093)|SOQL_EXECUTE_BEGIN|[200]|Aggregations:0|SELECT Name, NamespacePrefix, SystemModStamp FROM StaticResource WHERE Name LIKE :tmpVar1 LIMIT 10
22:51:07.0 (199438599)|SOQL_EXECUTE_END|[200]|Rows:1
22:51:07.0 (199828730)|ENTERING_MANAGED_PKG|tdc_tsw
22:51:07.0 (212780947)|ENTERING_MANAGED_PKG|tdc_tsw
22:51:07.0 (214324488)|ENTERING_MANAGED_PKG|tdc_tsw
22:51:07.0 (214613245)|ENTERING_MANAGED_PKG|tdc_tsw
22:51:07.0 (215427225)|ENTERING_MANAGED_PKG|tdc_tsw
22:51:07.0 (215814064)|SOQL_EXECUTE_BEGIN|[200]|Aggregations:0|SELECT Name, NamespacePrefix, SystemModStamp FROM StaticResource WHERE Name LIKE :tmpVar1 LIMIT 10
22:51:07.0 (218107901)|SOQL_EXECUTE_END|[200]|Rows:1
22:51:07.227 (227108932)|USER_INFO|[EXTERNAL]|0051H000009gxp8|chanida.dev2@solvedbysoftwareco.com|Eastern Standard Time|GMT-05:00
22:51:07.227 (228551056)|ENTERING_MANAGED_PKG|tdc_tsw
22:51:07.227 (228722378)|ENTERING_MANAGED_PKG|tdc_tsw
22:51:07.227 (231086250)|SOQL_EXECUTE_BEGIN|[355]|Aggregations:0|SELECT id, name, Disable_Incoming_SMS_Sharing__c FROM User WHERE id = :tmpVar1
22:51:07.227 (236948941)|SOQL_EXECUTE_END|[355]|Rows:1
22:51:07.227 (237912738)|SOQL_EXECUTE_BEGIN|[367]|Aggregations:0|SELECT CreatedDate,Id,LastModifiedDate,Related_Object_Id__c FROM Message__c WHERE Name = 'Incoming' AND Read__c = false ORDER BY CreatedDate Desc limit 100
22:51:07.227 (248465885)|SOQL_EXECUTE_END|[367]|Rows:100
