44.0 APEX_CODE,FINEST;APEX_PROFILING,INFO;CALLOUT,INFO;DB,INFO;NBA,INFO;SYSTEM,DEBUG;VALIDATION,INFO;VISUALFORCE,INFO;WAVE,INFO;WORKFLOW,INFO
19:24:37.0 (742897)|USER_INFO|[EXTERNAL]|0051H000009gxp8|chanida.dev2@solvedbysoftwareco.com|Eastern Standard Time|GMT-05:00
19:24:37.0 (3140999)|ENTERING_MANAGED_PKG|tdc_tsw
19:24:37.0 (3743681)|ENTERING_MANAGED_PKG|tdc_tsw
19:24:37.0 (11955417)|SOQL_EXECUTE_BEGIN|[16]|Aggregations:0|SELECT id, name, Disable_Incoming_SMS_Sharing__c FROM User WHERE id = :tmpVar1
19:24:37.0 (22120261)|SOQL_EXECUTE_END|[16]|Rows:1
19:24:37.0 (32302222)|SOQL_EXECUTE_BEGIN|[37]|Aggregations:0|SELECT CreatedDate,Created_Date__c,Id,LastModifiedDate,MessageId__c,Message_Text_New__c,Name,OwnerId,Read__c,Related_Object_Id__c,Related_Object__c,Sender_Number__c, Sender_Name__c,ToNumber__c,Attachments_Ids__c FROM Message__c WHERE Name = 'Incoming' AND Read__c = false ORDER BY CreatedDate Desc limit 100
19:24:37.0 (49401082)|SOQL_EXECUTE_END|[37]|Rows:75
19:24:37.0 (64011106)|ENTERING_MANAGED_PKG|tdc_tsw
19:24:37.0 (65874982)|ENTERING_MANAGED_PKG|tdc_tsw
19:24:37.0 (66401916)|ENTERING_MANAGED_PKG|tdc_tsw
19:24:37.0 (67127336)|ENTERING_MANAGED_PKG|tdc_tsw
19:24:37.0 (70198127)|ENTERING_MANAGED_PKG|tdc_tsw
19:24:37.0 (71113940)|ENTERING_MANAGED_PKG|tdc_tsw
19:24:37.0 (71352452)|ENTERING_MANAGED_PKG|tdc_tsw
19:24:37.0 (71793572)|ENTERING_MANAGED_PKG|tdc_tsw
19:24:37.0 (73064846)|ENTERING_MANAGED_PKG|tdc_tsw
19:24:37.0 (73897051)|ENTERING_MANAGED_PKG|tdc_tsw
19:24:37.0 (74159903)|ENTERING_MANAGED_PKG|tdc_tsw
19:24:37.0 (74594570)|ENTERING_MANAGED_PKG|tdc_tsw
19:24:37.0 (75793849)|ENTERING_MANAGED_PKG|tdc_tsw
19:24:37.0 (76614044)|ENTERING_MANAGED_PKG|tdc_tsw
19:24:37.0 (76835750)|ENTERING_MANAGED_PKG|tdc_tsw
19:24:37.0 (77272033)|ENTERING_MANAGED_PKG|tdc_tsw
19:24:37.0 (78462390)|ENTERING_MANAGED_PKG|tdc_tsw
19:24:37.0 (79291571)|ENTERING_MANAGED_PKG|tdc_tsw
19:24:37.0 (79514047)|ENTERING_MANAGED_PKG|tdc_tsw
19:24:37.0 (79950958)|ENTERING_MANAGED_PKG|tdc_tsw
19:24:37.0 (81216421)|ENTERING_MANAGED_PKG|tdc_tsw
19:24:37.0 (82054986)|ENTERING_MANAGED_PKG|tdc_tsw
19:24:37.0 (82366108)|ENTERING_MANAGED_PKG|tdc_tsw
19:24:37.0 (83298869)|ENTERING_MANAGED_PKG|tdc_tsw
19:24:37.0 (85225760)|ENTERING_MANAGED_PKG|tdc_tsw
19:24:37.0 (86549768)|ENTERING_MANAGED_PKG|tdc_tsw
19:24:37.0 (86947326)|ENTERING_MANAGED_PKG|tdc_tsw
19:24:37.0 (87827246)|ENTERING_MANAGED_PKG|tdc_tsw
19:24:37.0 (91093192)|ENTERING_MANAGED_PKG|tdc_tsw
19:24:37.0 (92176767)|ENTERING_MANAGED_PKG|tdc_tsw
19:24:37.0 (92294124)|ENTERING_MANAGED_PKG|tdc_tsw
19:24:37.0 (93256880)|SOQL_EXECUTE_BEGIN|[200]|Aggregations:0|SELECT Name, NamespacePrefix, SystemModStamp FROM StaticResource WHERE Name LIKE :tmpVar1 LIMIT 10
19:24:37.0 (98439360)|SOQL_EXECUTE_END|[200]|Rows:1
19:24:37.0 (99811990)|ENTERING_MANAGED_PKG|tdc_tsw
19:24:37.0 (100325060)|SOQL_EXECUTE_BEGIN|[200]|Aggregations:0|SELECT Name, NamespacePrefix, SystemModStamp FROM StaticResource WHERE Name LIKE :tmpVar1 LIMIT 10
19:24:37.0 (103188434)|SOQL_EXECUTE_END|[200]|Rows:1
19:24:37.0 (103666566)|ENTERING_MANAGED_PKG|tdc_tsw
19:24:37.0 (108174403)|ENTERING_MANAGED_PKG|tdc_tsw
19:24:37.0 (110035052)|ENTERING_MANAGED_PKG|tdc_tsw
19:24:37.0 (110362219)|ENTERING_MANAGED_PKG|tdc_tsw
19:24:37.0 (111407677)|ENTERING_MANAGED_PKG|tdc_tsw
19:24:37.0 (111939132)|SOQL_EXECUTE_BEGIN|[200]|Aggregations:0|SELECT Name, NamespacePrefix, SystemModStamp FROM StaticResource WHERE Name LIKE :tmpVar1 LIMIT 10
19:24:37.0 (115436983)|SOQL_EXECUTE_END|[200]|Rows:1
19:24:37.121 (121845932)|USER_INFO|[EXTERNAL]|0051H000009gxp8|chanida.dev2@solvedbysoftwareco.com|Eastern Standard Time|GMT-05:00
19:24:37.121 (123278486)|ENTERING_MANAGED_PKG|tdc_tsw
19:24:37.121 (123534665)|ENTERING_MANAGED_PKG|tdc_tsw
19:24:37.121 (126729423)|SOQL_EXECUTE_BEGIN|[355]|Aggregations:0|SELECT id, name, Disable_Incoming_SMS_Sharing__c FROM User WHERE id = :tmpVar1
19:24:37.121 (133685533)|SOQL_EXECUTE_END|[355]|Rows:1
19:24:37.121 (135168302)|SOQL_EXECUTE_BEGIN|[367]|Aggregations:0|SELECT CreatedDate,Id,LastModifiedDate,Related_Object_Id__c FROM Message__c WHERE Name = 'Incoming' AND Read__c = false ORDER BY CreatedDate Desc limit 100
19:24:37.121 (145247045)|SOQL_EXECUTE_END|[367]|Rows:75
