44.0 APEX_CODE,FINEST;APEX_PROFILING,INFO;CALLOUT,INFO;DB,INFO;NBA,INFO;SYSTEM,DEBUG;VALIDATION,INFO;VISUALFORCE,INFO;WAVE,INFO;WORKFLOW,INFO
14:07:17.0 (130154)|USER_INFO|[EXTERNAL]|0051H000009gxp8|chanida.dev2@solvedbysoftwareco.com|Eastern Standard Time|GMT-05:00
14:07:17.0 (2483798)|ENTERING_MANAGED_PKG|tdc_tsw
14:07:17.0 (2651373)|ENTERING_MANAGED_PKG|tdc_tsw
14:07:17.0 (3201660)|ENTERING_MANAGED_PKG|tdc_tsw
14:07:17.0 (3262038)|ENTERING_MANAGED_PKG|tdc_tsw
14:07:17.0 (4075175)|ENTERING_MANAGED_PKG|tdc_tsw
14:07:17.0 (4776238)|ENTERING_MANAGED_PKG|tdc_tsw
14:07:17.0 (6396799)|ENTERING_MANAGED_PKG|tdc_tsw
14:07:17.0 (6464012)|ENTERING_MANAGED_PKG|tdc_tsw
14:07:17.0 (7636646)|ENTERING_MANAGED_PKG|tdc_tsw
14:07:17.0 (14809900)|SOQL_EXECUTE_BEGIN|[82]|Aggregations:0|SELECT CreatedDate, Id,Task_Created__c,Event_Created__c,isCaseCreated__c,Task_Id__c,Event_Id__c,Case__c, Important__c, Delivered__c, Message_Text_New__c, Name, Owner.Name, Read__c,MessageId__c, ToNumber__c, Related_Object_Id__c, Related_Object__c, Sender_Number__c, LastModifiedDate, Attachments_Ids__c FROM Message__c WHERE Contact__c =: recordId ORDER BY CreatedDate Desc limit 200
14:07:17.0 (29761111)|SOQL_EXECUTE_END|[82]|Rows:4
14:07:17.0 (31470892)|ENTERING_MANAGED_PKG|tdc_tsw
14:07:17.0 (31762706)|ENTERING_MANAGED_PKG|tdc_tsw
14:07:17.0 (31839654)|ENTERING_MANAGED_PKG|tdc_tsw
14:07:17.0 (32478553)|SOQL_EXECUTE_BEGIN|[200]|Aggregations:0|SELECT Name, NamespacePrefix, SystemModStamp FROM StaticResource WHERE Name LIKE :tmpVar1 LIMIT 10
14:07:17.0 (35627514)|SOQL_EXECUTE_END|[200]|Rows:1
14:07:17.0 (37611217)|ENTERING_MANAGED_PKG|tdc_tsw
14:07:17.0 (39216991)|ENTERING_MANAGED_PKG|tdc_tsw
14:07:17.0 (39271720)|ENTERING_MANAGED_PKG|tdc_tsw
14:07:17.0 (41857007)|ENTERING_MANAGED_PKG|tdc_tsw
14:07:17.0 (42937520)|ENTERING_MANAGED_PKG|tdc_tsw
14:07:17.0 (44267610)|ENTERING_MANAGED_PKG|tdc_tsw
14:07:17.0 (45204515)|ENTERING_MANAGED_PKG|tdc_tsw
14:07:17.0 (46818243)|ENTERING_MANAGED_PKG|tdc_tsw
14:07:17.0 (47622756)|ENTERING_MANAGED_PKG|tdc_tsw
14:07:17.0 (53601788)|SOQL_EXECUTE_BEGIN|[172]|Aggregations:0|SELECT id, name FROM ChatTranscript__c WHERE (Chat_Active__c = TRUE AND (Related_Object_Id__c = :tmpVar1 OR Related_Object_Id__c = :tmpVar2)) LIMIT 1
14:07:17.0 (57583783)|SOQL_EXECUTE_END|[172]|Rows:0
14:07:17.0 (58008257)|ENTERING_MANAGED_PKG|tdc_tsw
14:07:17.0 (58049099)|ENTERING_MANAGED_PKG|tdc_tsw
