44.0 APEX_CODE,FINEST;APEX_PROFILING,INFO;CALLOUT,INFO;DB,INFO;NBA,INFO;SYSTEM,DEBUG;VALIDATION,INFO;VISUALFORCE,INFO;WAVE,INFO;WORKFLOW,INFO
18:42:08.0 (508722)|USER_INFO|[EXTERNAL]|0051H000009gxp8|chanida.dev2@solvedbysoftwareco.com|Eastern Standard Time|GMT-05:00
18:42:08.0 (2455663)|ENTERING_MANAGED_PKG|tdc_tsw
18:42:08.0 (2880353)|ENTERING_MANAGED_PKG|tdc_tsw
18:42:08.0 (7802695)|SOQL_EXECUTE_BEGIN|[16]|Aggregations:0|SELECT id, name, Disable_Incoming_SMS_Sharing__c FROM User WHERE id = :tmpVar1
18:42:08.0 (15394345)|SOQL_EXECUTE_END|[16]|Rows:1
18:42:08.0 (23165003)|SOQL_EXECUTE_BEGIN|[37]|Aggregations:0|SELECT CreatedDate,Created_Date__c,Id,LastModifiedDate,MessageId__c,Message_Text_New__c,Name,OwnerId,Read__c,Related_Object_Id__c,Related_Object__c,Sender_Number__c, Sender_Name__c,ToNumber__c,Attachments_Ids__c FROM Message__c WHERE Name = 'Incoming' AND Read__c = false ORDER BY CreatedDate Desc limit 100
18:42:08.0 (36600591)|SOQL_EXECUTE_END|[37]|Rows:75
18:42:08.0 (48932985)|ENTERING_MANAGED_PKG|tdc_tsw
18:42:08.0 (50619616)|ENTERING_MANAGED_PKG|tdc_tsw
18:42:08.0 (51108930)|ENTERING_MANAGED_PKG|tdc_tsw
18:42:08.0 (51753644)|ENTERING_MANAGED_PKG|tdc_tsw
18:42:08.0 (54322162)|ENTERING_MANAGED_PKG|tdc_tsw
18:42:08.0 (55098495)|ENTERING_MANAGED_PKG|tdc_tsw
18:42:08.0 (55305257)|ENTERING_MANAGED_PKG|tdc_tsw
18:42:08.0 (55695746)|ENTERING_MANAGED_PKG|tdc_tsw
18:42:08.0 (56747123)|ENTERING_MANAGED_PKG|tdc_tsw
18:42:08.0 (57489678)|ENTERING_MANAGED_PKG|tdc_tsw
18:42:08.0 (57710865)|ENTERING_MANAGED_PKG|tdc_tsw
18:42:08.0 (58098229)|ENTERING_MANAGED_PKG|tdc_tsw
18:42:08.0 (59138577)|ENTERING_MANAGED_PKG|tdc_tsw
18:42:08.0 (59873372)|ENTERING_MANAGED_PKG|tdc_tsw
18:42:08.0 (60070043)|ENTERING_MANAGED_PKG|tdc_tsw
18:42:08.0 (60445025)|ENTERING_MANAGED_PKG|tdc_tsw
18:42:08.0 (61478259)|ENTERING_MANAGED_PKG|tdc_tsw
18:42:08.0 (62217390)|ENTERING_MANAGED_PKG|tdc_tsw
18:42:08.0 (62413737)|ENTERING_MANAGED_PKG|tdc_tsw
18:42:08.0 (62788504)|ENTERING_MANAGED_PKG|tdc_tsw
18:42:08.0 (63816796)|ENTERING_MANAGED_PKG|tdc_tsw
18:42:08.0 (64549439)|ENTERING_MANAGED_PKG|tdc_tsw
18:42:08.0 (64769394)|ENTERING_MANAGED_PKG|tdc_tsw
18:42:08.0 (65388117)|ENTERING_MANAGED_PKG|tdc_tsw
18:42:08.0 (66515619)|ENTERING_MANAGED_PKG|tdc_tsw
18:42:08.0 (67250814)|ENTERING_MANAGED_PKG|tdc_tsw
18:42:08.0 (67470987)|ENTERING_MANAGED_PKG|tdc_tsw
18:42:08.0 (67940122)|ENTERING_MANAGED_PKG|tdc_tsw
18:42:08.0 (69896071)|ENTERING_MANAGED_PKG|tdc_tsw
18:42:08.0 (70530938)|ENTERING_MANAGED_PKG|tdc_tsw
18:42:08.0 (70605165)|ENTERING_MANAGED_PKG|tdc_tsw
18:42:08.0 (71200508)|SOQL_EXECUTE_BEGIN|[200]|Aggregations:0|SELECT Name, NamespacePrefix, SystemModStamp FROM StaticResource WHERE Name LIKE :tmpVar1 LIMIT 10
18:42:08.0 (74244301)|SOQL_EXECUTE_END|[200]|Rows:1
18:42:08.0 (75009215)|ENTERING_MANAGED_PKG|tdc_tsw
18:42:08.0 (75337241)|SOQL_EXECUTE_BEGIN|[200]|Aggregations:0|SELECT Name, NamespacePrefix, SystemModStamp FROM StaticResource WHERE Name LIKE :tmpVar1 LIMIT 10
18:42:08.0 (77312187)|SOQL_EXECUTE_END|[200]|Rows:1
18:42:08.0 (77685301)|ENTERING_MANAGED_PKG|tdc_tsw
18:42:08.0 (81136307)|ENTERING_MANAGED_PKG|tdc_tsw
18:42:08.0 (82552439)|ENTERING_MANAGED_PKG|tdc_tsw
18:42:08.0 (82828360)|ENTERING_MANAGED_PKG|tdc_tsw
18:42:08.0 (83591691)|ENTERING_MANAGED_PKG|tdc_tsw
18:42:08.0 (83933147)|SOQL_EXECUTE_BEGIN|[200]|Aggregations:0|SELECT Name, NamespacePrefix, SystemModStamp FROM StaticResource WHERE Name LIKE :tmpVar1 LIMIT 10
18:42:08.0 (85922214)|SOQL_EXECUTE_END|[200]|Rows:1
18:42:08.91 (91636249)|USER_INFO|[EXTERNAL]|0051H000009gxp8|chanida.dev2@solvedbysoftwareco.com|Eastern Standard Time|GMT-05:00
18:42:08.91 (92919676)|ENTERING_MANAGED_PKG|tdc_tsw
18:42:08.91 (93073764)|ENTERING_MANAGED_PKG|tdc_tsw
18:42:08.91 (95301777)|SOQL_EXECUTE_BEGIN|[355]|Aggregations:0|SELECT id, name, Disable_Incoming_SMS_Sharing__c FROM User WHERE id = :tmpVar1
18:42:08.91 (100466791)|SOQL_EXECUTE_END|[355]|Rows:1
18:42:08.91 (101332109)|SOQL_EXECUTE_BEGIN|[367]|Aggregations:0|SELECT CreatedDate,Id,LastModifiedDate,Related_Object_Id__c FROM Message__c WHERE Name = 'Incoming' AND Read__c = false ORDER BY CreatedDate Desc limit 100
18:42:08.91 (108263785)|SOQL_EXECUTE_END|[367]|Rows:75
