44.0 APEX_CODE,FINEST;APEX_PROFILING,INFO;CALLOUT,INFO;DB,INFO;NBA,INFO;SYSTEM,DEBUG;VALIDATION,INFO;VISUALFORCE,INFO;WAVE,INFO;WORKFLOW,INFO
17:05:29.0 (192001)|USER_INFO|[EXTERNAL]|0051H000009gxp8|chanida.dev2@solvedbysoftwareco.com|Eastern Standard Time|GMT-05:00
17:05:29.0 (1865326)|ENTERING_MANAGED_PKG|tdc_tsw
17:05:29.0 (2247270)|ENTERING_MANAGED_PKG|tdc_tsw
17:05:29.0 (6157087)|SOQL_EXECUTE_BEGIN|[16]|Aggregations:0|SELECT id, name, Disable_Incoming_SMS_Sharing__c FROM User WHERE id = :tmpVar1
17:05:29.0 (14747160)|SOQL_EXECUTE_END|[16]|Rows:1
17:05:29.0 (24303078)|SOQL_EXECUTE_BEGIN|[37]|Aggregations:0|SELECT CreatedDate,Created_Date__c,Id,LastModifiedDate,MessageId__c,Message_Text_New__c,Name,OwnerId,Read__c,Related_Object_Id__c,Related_Object__c,Sender_Number__c, Sender_Name__c,ToNumber__c,Attachments_Ids__c FROM Message__c WHERE Name = 'Incoming' AND Read__c = false ORDER BY CreatedDate Desc limit 100
17:05:29.0 (50772638)|SOQL_EXECUTE_END|[37]|Rows:100
17:05:29.0 (68480265)|ENTERING_MANAGED_PKG|tdc_tsw
17:05:29.0 (70491801)|ENTERING_MANAGED_PKG|tdc_tsw
17:05:29.0 (71303698)|ENTERING_MANAGED_PKG|tdc_tsw
17:05:29.0 (72507281)|ENTERING_MANAGED_PKG|tdc_tsw
17:05:29.0 (75931347)|ENTERING_MANAGED_PKG|tdc_tsw
17:05:29.0 (76732521)|ENTERING_MANAGED_PKG|tdc_tsw
17:05:29.0 (76975876)|ENTERING_MANAGED_PKG|tdc_tsw
17:05:29.0 (77379534)|ENTERING_MANAGED_PKG|tdc_tsw
17:05:29.0 (78442355)|ENTERING_MANAGED_PKG|tdc_tsw
17:05:29.0 (79177741)|ENTERING_MANAGED_PKG|tdc_tsw
17:05:29.0 (79407721)|ENTERING_MANAGED_PKG|tdc_tsw
17:05:29.0 (79785799)|ENTERING_MANAGED_PKG|tdc_tsw
17:05:29.0 (80923311)|ENTERING_MANAGED_PKG|tdc_tsw
17:05:29.0 (81706576)|ENTERING_MANAGED_PKG|tdc_tsw
17:05:29.0 (81919198)|ENTERING_MANAGED_PKG|tdc_tsw
17:05:29.0 (82310784)|ENTERING_MANAGED_PKG|tdc_tsw
17:05:29.0 (83432896)|ENTERING_MANAGED_PKG|tdc_tsw
17:05:29.0 (84197220)|ENTERING_MANAGED_PKG|tdc_tsw
17:05:29.0 (84466143)|ENTERING_MANAGED_PKG|tdc_tsw
17:05:29.0 (84882494)|ENTERING_MANAGED_PKG|tdc_tsw
17:05:29.0 (86193886)|ENTERING_MANAGED_PKG|tdc_tsw
17:05:29.0 (87236508)|ENTERING_MANAGED_PKG|tdc_tsw
17:05:29.0 (87470834)|ENTERING_MANAGED_PKG|tdc_tsw
17:05:29.0 (87850925)|ENTERING_MANAGED_PKG|tdc_tsw
17:05:29.0 (89618738)|ENTERING_MANAGED_PKG|tdc_tsw
17:05:29.0 (90715089)|ENTERING_MANAGED_PKG|tdc_tsw
17:05:29.0 (90947536)|ENTERING_MANAGED_PKG|tdc_tsw
17:05:29.0 (91339258)|ENTERING_MANAGED_PKG|tdc_tsw
17:05:29.0 (92399569)|ENTERING_MANAGED_PKG|tdc_tsw
17:05:29.0 (93131576)|ENTERING_MANAGED_PKG|tdc_tsw
17:05:29.0 (93362048)|ENTERING_MANAGED_PKG|tdc_tsw
17:05:29.0 (93739328)|ENTERING_MANAGED_PKG|tdc_tsw
17:05:29.0 (94830996)|ENTERING_MANAGED_PKG|tdc_tsw
17:05:29.0 (95564163)|ENTERING_MANAGED_PKG|tdc_tsw
17:05:29.0 (95792928)|ENTERING_MANAGED_PKG|tdc_tsw
17:05:29.0 (96177889)|ENTERING_MANAGED_PKG|tdc_tsw
17:05:29.0 (97219152)|ENTERING_MANAGED_PKG|tdc_tsw
17:05:29.0 (97940788)|ENTERING_MANAGED_PKG|tdc_tsw
17:05:29.0 (98177574)|ENTERING_MANAGED_PKG|tdc_tsw
17:05:29.0 (98574262)|ENTERING_MANAGED_PKG|tdc_tsw
17:05:29.0 (99621181)|ENTERING_MANAGED_PKG|tdc_tsw
17:05:29.0 (100346607)|ENTERING_MANAGED_PKG|tdc_tsw
17:05:29.0 (100575743)|ENTERING_MANAGED_PKG|tdc_tsw
17:05:29.0 (100951125)|ENTERING_MANAGED_PKG|tdc_tsw
17:05:29.0 (102039379)|ENTERING_MANAGED_PKG|tdc_tsw
17:05:29.0 (102774477)|ENTERING_MANAGED_PKG|tdc_tsw
17:05:29.0 (103011299)|ENTERING_MANAGED_PKG|tdc_tsw
17:05:29.0 (103398224)|ENTERING_MANAGED_PKG|tdc_tsw
17:05:29.0 (104440590)|ENTERING_MANAGED_PKG|tdc_tsw
17:05:29.0 (105168576)|ENTERING_MANAGED_PKG|tdc_tsw
17:05:29.0 (105397681)|ENTERING_MANAGED_PKG|tdc_tsw
17:05:29.0 (105774731)|ENTERING_MANAGED_PKG|tdc_tsw
17:05:29.0 (106821588)|ENTERING_MANAGED_PKG|tdc_tsw
17:05:29.0 (107556069)|ENTERING_MANAGED_PKG|tdc_tsw
17:05:29.0 (107789856)|ENTERING_MANAGED_PKG|tdc_tsw
17:05:29.0 (108189392)|ENTERING_MANAGED_PKG|tdc_tsw
17:05:29.0 (109260101)|ENTERING_MANAGED_PKG|tdc_tsw
17:05:29.0 (109980489)|ENTERING_MANAGED_PKG|tdc_tsw
17:05:29.0 (110214088)|ENTERING_MANAGED_PKG|tdc_tsw
17:05:29.0 (110593552)|ENTERING_MANAGED_PKG|tdc_tsw
17:05:29.0 (111984063)|ENTERING_MANAGED_PKG|tdc_tsw
17:05:29.0 (113241722)|ENTERING_MANAGED_PKG|tdc_tsw
17:05:29.0 (113657540)|ENTERING_MANAGED_PKG|tdc_tsw
17:05:29.0 (114370726)|ENTERING_MANAGED_PKG|tdc_tsw
17:05:29.0 (116451087)|ENTERING_MANAGED_PKG|tdc_tsw
17:05:29.0 (117913511)|ENTERING_MANAGED_PKG|tdc_tsw
17:05:29.0 (118384221)|ENTERING_MANAGED_PKG|tdc_tsw
17:05:29.0 (119240938)|ENTERING_MANAGED_PKG|tdc_tsw
17:05:29.0 (121427629)|ENTERING_MANAGED_PKG|tdc_tsw
17:05:29.0 (122900164)|ENTERING_MANAGED_PKG|tdc_tsw
17:05:29.0 (123371270)|ENTERING_MANAGED_PKG|tdc_tsw
17:05:29.0 (124205986)|ENTERING_MANAGED_PKG|tdc_tsw
17:05:29.0 (126410620)|ENTERING_MANAGED_PKG|tdc_tsw
17:05:29.0 (127313805)|ENTERING_MANAGED_PKG|tdc_tsw
17:05:29.0 (127545743)|ENTERING_MANAGED_PKG|tdc_tsw
17:05:29.0 (127927410)|ENTERING_MANAGED_PKG|tdc_tsw
17:05:29.0 (129119092)|ENTERING_MANAGED_PKG|tdc_tsw
17:05:29.0 (129848495)|ENTERING_MANAGED_PKG|tdc_tsw
17:05:29.0 (130088463)|ENTERING_MANAGED_PKG|tdc_tsw
17:05:29.0 (130467392)|ENTERING_MANAGED_PKG|tdc_tsw
17:05:29.0 (131678565)|ENTERING_MANAGED_PKG|tdc_tsw
17:05:29.0 (132452900)|ENTERING_MANAGED_PKG|tdc_tsw
17:05:29.0 (132682676)|ENTERING_MANAGED_PKG|tdc_tsw
17:05:29.0 (133069201)|ENTERING_MANAGED_PKG|tdc_tsw
17:05:29.0 (134250394)|ENTERING_MANAGED_PKG|tdc_tsw
17:05:29.0 (134987091)|ENTERING_MANAGED_PKG|tdc_tsw
17:05:29.0 (135224667)|ENTERING_MANAGED_PKG|tdc_tsw
17:05:29.0 (135605584)|ENTERING_MANAGED_PKG|tdc_tsw
17:05:29.0 (136656741)|ENTERING_MANAGED_PKG|tdc_tsw
17:05:29.0 (137390262)|ENTERING_MANAGED_PKG|tdc_tsw
17:05:29.0 (137619099)|ENTERING_MANAGED_PKG|tdc_tsw
17:05:29.0 (138000451)|ENTERING_MANAGED_PKG|tdc_tsw
17:05:29.0 (139107844)|ENTERING_MANAGED_PKG|tdc_tsw
17:05:29.0 (140058371)|ENTERING_MANAGED_PKG|tdc_tsw
17:05:29.0 (140363800)|ENTERING_MANAGED_PKG|tdc_tsw
17:05:29.0 (140792063)|ENTERING_MANAGED_PKG|tdc_tsw
17:05:29.0 (141884972)|ENTERING_MANAGED_PKG|tdc_tsw
17:05:29.0 (142776419)|ENTERING_MANAGED_PKG|tdc_tsw
17:05:29.0 (143077137)|ENTERING_MANAGED_PKG|tdc_tsw
17:05:29.0 (143534880)|ENTERING_MANAGED_PKG|tdc_tsw
17:05:29.0 (144760898)|ENTERING_MANAGED_PKG|tdc_tsw
17:05:29.0 (145513359)|ENTERING_MANAGED_PKG|tdc_tsw
17:05:29.0 (145747266)|ENTERING_MANAGED_PKG|tdc_tsw
17:05:29.0 (146153165)|ENTERING_MANAGED_PKG|tdc_tsw
17:05:29.0 (147290931)|ENTERING_MANAGED_PKG|tdc_tsw
17:05:29.0 (148080765)|ENTERING_MANAGED_PKG|tdc_tsw
17:05:29.0 (148290211)|ENTERING_MANAGED_PKG|tdc_tsw
17:05:29.0 (148672784)|ENTERING_MANAGED_PKG|tdc_tsw
17:05:29.0 (149753061)|ENTERING_MANAGED_PKG|tdc_tsw
17:05:29.0 (150517514)|ENTERING_MANAGED_PKG|tdc_tsw
17:05:29.0 (150749552)|ENTERING_MANAGED_PKG|tdc_tsw
17:05:29.0 (151144139)|ENTERING_MANAGED_PKG|tdc_tsw
17:05:29.0 (152415254)|ENTERING_MANAGED_PKG|tdc_tsw
17:05:29.0 (153325257)|ENTERING_MANAGED_PKG|tdc_tsw
17:05:29.0 (153554865)|ENTERING_MANAGED_PKG|tdc_tsw
17:05:29.0 (153939206)|ENTERING_MANAGED_PKG|tdc_tsw
17:05:29.0 (155139685)|ENTERING_MANAGED_PKG|tdc_tsw
17:05:29.0 (155876120)|ENTERING_MANAGED_PKG|tdc_tsw
17:05:29.0 (156117641)|ENTERING_MANAGED_PKG|tdc_tsw
17:05:29.0 (156497040)|ENTERING_MANAGED_PKG|tdc_tsw
17:05:29.0 (157731129)|ENTERING_MANAGED_PKG|tdc_tsw
17:05:29.0 (158473252)|ENTERING_MANAGED_PKG|tdc_tsw
17:05:29.0 (158702615)|ENTERING_MANAGED_PKG|tdc_tsw
17:05:29.0 (159092957)|ENTERING_MANAGED_PKG|tdc_tsw
17:05:29.0 (160282942)|ENTERING_MANAGED_PKG|tdc_tsw
17:05:29.0 (161515235)|ENTERING_MANAGED_PKG|tdc_tsw
17:05:29.0 (161978979)|ENTERING_MANAGED_PKG|tdc_tsw
17:05:29.0 (162828035)|ENTERING_MANAGED_PKG|tdc_tsw
17:05:29.0 (165049608)|ENTERING_MANAGED_PKG|tdc_tsw
17:05:29.0 (166496660)|ENTERING_MANAGED_PKG|tdc_tsw
17:05:29.0 (166921046)|ENTERING_MANAGED_PKG|tdc_tsw
17:05:29.0 (167357396)|ENTERING_MANAGED_PKG|tdc_tsw
17:05:29.0 (168473513)|ENTERING_MANAGED_PKG|tdc_tsw
17:05:29.0 (169253599)|ENTERING_MANAGED_PKG|tdc_tsw
17:05:29.0 (169483511)|ENTERING_MANAGED_PKG|tdc_tsw
17:05:29.0 (169862780)|ENTERING_MANAGED_PKG|tdc_tsw
17:05:29.0 (170916385)|ENTERING_MANAGED_PKG|tdc_tsw
17:05:29.0 (171653034)|ENTERING_MANAGED_PKG|tdc_tsw
17:05:29.0 (171880081)|ENTERING_MANAGED_PKG|tdc_tsw
17:05:29.0 (172274130)|ENTERING_MANAGED_PKG|tdc_tsw
17:05:29.0 (173391751)|ENTERING_MANAGED_PKG|tdc_tsw
17:05:29.0 (174127995)|ENTERING_MANAGED_PKG|tdc_tsw
17:05:29.0 (174358375)|ENTERING_MANAGED_PKG|tdc_tsw
17:05:29.0 (174749237)|ENTERING_MANAGED_PKG|tdc_tsw
17:05:29.0 (176106475)|ENTERING_MANAGED_PKG|tdc_tsw
17:05:29.0 (176840528)|ENTERING_MANAGED_PKG|tdc_tsw
17:05:29.0 (177077435)|ENTERING_MANAGED_PKG|tdc_tsw
17:05:29.0 (177457466)|ENTERING_MANAGED_PKG|tdc_tsw
17:05:29.0 (179521980)|ENTERING_MANAGED_PKG|tdc_tsw
17:05:29.0 (180754235)|ENTERING_MANAGED_PKG|tdc_tsw
17:05:29.0 (181215465)|ENTERING_MANAGED_PKG|tdc_tsw
17:05:29.0 (182017450)|ENTERING_MANAGED_PKG|tdc_tsw
17:05:29.0 (183879263)|ENTERING_MANAGED_PKG|tdc_tsw
17:05:29.0 (185312313)|ENTERING_MANAGED_PKG|tdc_tsw
17:05:29.0 (185715545)|ENTERING_MANAGED_PKG|tdc_tsw
17:05:29.0 (186399538)|ENTERING_MANAGED_PKG|tdc_tsw
17:05:29.0 (188725735)|ENTERING_MANAGED_PKG|tdc_tsw
17:05:29.0 (190070430)|ENTERING_MANAGED_PKG|tdc_tsw
17:05:29.0 (190520930)|ENTERING_MANAGED_PKG|tdc_tsw
17:05:29.0 (191308462)|ENTERING_MANAGED_PKG|tdc_tsw
17:05:29.0 (193200359)|ENTERING_MANAGED_PKG|tdc_tsw
17:05:29.0 (194439953)|ENTERING_MANAGED_PKG|tdc_tsw
17:05:29.0 (194831546)|ENTERING_MANAGED_PKG|tdc_tsw
17:05:29.0 (195248270)|ENTERING_MANAGED_PKG|tdc_tsw
17:05:29.0 (196342588)|ENTERING_MANAGED_PKG|tdc_tsw
17:05:29.0 (197157720)|ENTERING_MANAGED_PKG|tdc_tsw
17:05:29.0 (197443690)|ENTERING_MANAGED_PKG|tdc_tsw
17:05:29.0 (197982563)|ENTERING_MANAGED_PKG|tdc_tsw
17:05:29.0 (199179226)|ENTERING_MANAGED_PKG|tdc_tsw
17:05:29.0 (199910441)|ENTERING_MANAGED_PKG|tdc_tsw
17:05:29.0 (200146326)|ENTERING_MANAGED_PKG|tdc_tsw
17:05:29.0 (200524678)|ENTERING_MANAGED_PKG|tdc_tsw
17:05:29.0 (202486007)|ENTERING_MANAGED_PKG|tdc_tsw
17:05:29.0 (203788380)|ENTERING_MANAGED_PKG|tdc_tsw
17:05:29.0 (204268027)|ENTERING_MANAGED_PKG|tdc_tsw
17:05:29.0 (205104715)|ENTERING_MANAGED_PKG|tdc_tsw
17:05:29.0 (206840812)|ENTERING_MANAGED_PKG|tdc_tsw
17:05:29.0 (207615721)|ENTERING_MANAGED_PKG|tdc_tsw
17:05:29.0 (207847185)|ENTERING_MANAGED_PKG|tdc_tsw
17:05:29.0 (208234363)|ENTERING_MANAGED_PKG|tdc_tsw
17:05:29.0 (209805901)|ENTERING_MANAGED_PKG|tdc_tsw
17:05:29.0 (211230242)|ENTERING_MANAGED_PKG|tdc_tsw
17:05:29.0 (211683050)|ENTERING_MANAGED_PKG|tdc_tsw
17:05:29.0 (212498925)|ENTERING_MANAGED_PKG|tdc_tsw
17:05:29.0 (214614683)|ENTERING_MANAGED_PKG|tdc_tsw
17:05:29.0 (216050957)|ENTERING_MANAGED_PKG|tdc_tsw
17:05:29.0 (216502422)|ENTERING_MANAGED_PKG|tdc_tsw
17:05:29.0 (217314717)|ENTERING_MANAGED_PKG|tdc_tsw
17:05:29.0 (219434324)|ENTERING_MANAGED_PKG|tdc_tsw
17:05:29.0 (220529035)|ENTERING_MANAGED_PKG|tdc_tsw
17:05:29.0 (220929067)|ENTERING_MANAGED_PKG|tdc_tsw
17:05:29.0 (221642372)|ENTERING_MANAGED_PKG|tdc_tsw
17:05:29.0 (223103274)|ENTERING_MANAGED_PKG|tdc_tsw
17:05:29.0 (223841236)|ENTERING_MANAGED_PKG|tdc_tsw
17:05:29.0 (224078472)|ENTERING_MANAGED_PKG|tdc_tsw
17:05:29.0 (224457207)|ENTERING_MANAGED_PKG|tdc_tsw
17:05:29.0 (225494484)|ENTERING_MANAGED_PKG|tdc_tsw
17:05:29.0 (226220155)|ENTERING_MANAGED_PKG|tdc_tsw
17:05:29.0 (226446510)|ENTERING_MANAGED_PKG|tdc_tsw
17:05:29.0 (226820828)|ENTERING_MANAGED_PKG|tdc_tsw
17:05:29.0 (227872261)|ENTERING_MANAGED_PKG|tdc_tsw
17:05:29.0 (228588662)|ENTERING_MANAGED_PKG|tdc_tsw
17:05:29.0 (228814545)|ENTERING_MANAGED_PKG|tdc_tsw
17:05:29.0 (229208140)|ENTERING_MANAGED_PKG|tdc_tsw
17:05:29.0 (230236498)|ENTERING_MANAGED_PKG|tdc_tsw
17:05:29.0 (230947384)|ENTERING_MANAGED_PKG|tdc_tsw
17:05:29.0 (231179379)|ENTERING_MANAGED_PKG|tdc_tsw
17:05:29.0 (231551153)|ENTERING_MANAGED_PKG|tdc_tsw
17:05:29.0 (232776510)|ENTERING_MANAGED_PKG|tdc_tsw
17:05:29.0 (233591216)|ENTERING_MANAGED_PKG|tdc_tsw
17:05:29.0 (233671268)|ENTERING_MANAGED_PKG|tdc_tsw
17:05:29.0 (234264180)|SOQL_EXECUTE_BEGIN|[200]|Aggregations:0|SELECT Name, NamespacePrefix, SystemModStamp FROM StaticResource WHERE Name LIKE :tmpVar1 LIMIT 10
17:05:29.0 (237180345)|SOQL_EXECUTE_END|[200]|Rows:1
17:05:29.0 (238389640)|ENTERING_MANAGED_PKG|tdc_tsw
17:05:29.0 (239068342)|SOQL_EXECUTE_BEGIN|[200]|Aggregations:0|SELECT Name, NamespacePrefix, SystemModStamp FROM StaticResource WHERE Name LIKE :tmpVar1 LIMIT 10
17:05:29.0 (241378416)|SOQL_EXECUTE_END|[200]|Rows:1
17:05:29.0 (241804766)|ENTERING_MANAGED_PKG|tdc_tsw
17:05:29.0 (244966195)|ENTERING_MANAGED_PKG|tdc_tsw
17:05:29.0 (246438892)|ENTERING_MANAGED_PKG|tdc_tsw
17:05:29.0 (246736688)|ENTERING_MANAGED_PKG|tdc_tsw
17:05:29.0 (247516552)|ENTERING_MANAGED_PKG|tdc_tsw
17:05:29.0 (247871276)|SOQL_EXECUTE_BEGIN|[200]|Aggregations:0|SELECT Name, NamespacePrefix, SystemModStamp FROM StaticResource WHERE Name LIKE :tmpVar1 LIMIT 10
17:05:29.0 (250080869)|SOQL_EXECUTE_END|[200]|Rows:1
17:05:29.260 (260588069)|USER_INFO|[EXTERNAL]|0051H000009gxp8|chanida.dev2@solvedbysoftwareco.com|Eastern Standard Time|GMT-05:00
17:05:29.260 (262877219)|ENTERING_MANAGED_PKG|tdc_tsw
17:05:29.260 (263147388)|ENTERING_MANAGED_PKG|tdc_tsw
17:05:29.260 (267016177)|SOQL_EXECUTE_BEGIN|[355]|Aggregations:0|SELECT id, name, Disable_Incoming_SMS_Sharing__c FROM User WHERE id = :tmpVar1
17:05:29.260 (275900449)|SOQL_EXECUTE_END|[355]|Rows:1
17:05:29.260 (276850548)|SOQL_EXECUTE_BEGIN|[367]|Aggregations:0|SELECT CreatedDate,Id,LastModifiedDate,Related_Object_Id__c FROM Message__c WHERE Name = 'Incoming' AND Read__c = false ORDER BY CreatedDate Desc limit 100
17:05:29.260 (288602473)|SOQL_EXECUTE_END|[367]|Rows:100
