44.0 APEX_CODE,FINEST;APEX_PROFILING,INFO;CALLOUT,INFO;DB,INFO;NBA,INFO;SYSTEM,DEBUG;VALIDATION,INFO;VISUALFORCE,INFO;WAVE,INFO;WORKFLOW,INFO
20:44:11.0 (140976)|USER_INFO|[EXTERNAL]|0051H000009gxp8|chanida.dev2@solvedbysoftwareco.com|Eastern Standard Time|GMT-05:00
20:44:11.0 (2439068)|ENTERING_MANAGED_PKG|tdc_tsw
20:44:11.0 (2668577)|ENTERING_MANAGED_PKG|tdc_tsw
20:44:11.0 (3441617)|ENTERING_MANAGED_PKG|tdc_tsw
20:44:11.0 (3505768)|ENTERING_MANAGED_PKG|tdc_tsw
20:44:11.0 (4598404)|ENTERING_MANAGED_PKG|tdc_tsw
20:44:11.0 (5784057)|ENTERING_MANAGED_PKG|tdc_tsw
20:44:11.0 (7732061)|ENTERING_MANAGED_PKG|tdc_tsw
20:44:11.0 (7822157)|ENTERING_MANAGED_PKG|tdc_tsw
20:44:11.0 (9079086)|ENTERING_MANAGED_PKG|tdc_tsw
20:44:11.0 (16911442)|SOQL_EXECUTE_BEGIN|[82]|Aggregations:0|SELECT CreatedDate, Id,Task_Created__c,Event_Created__c,isCaseCreated__c,Task_Id__c,Event_Id__c,Case__c, Important__c, Delivered__c, Message_Text_New__c, Name, Owner.Name, Read__c,MessageId__c, ToNumber__c, Related_Object_Id__c, Related_Object__c, Sender_Number__c, LastModifiedDate, Attachments_Ids__c FROM Message__c WHERE Contact__c =: recordId ORDER BY CreatedDate Desc limit 200
20:44:11.0 (30631803)|SOQL_EXECUTE_END|[82]|Rows:2
20:44:11.0 (32151458)|ENTERING_MANAGED_PKG|tdc_tsw
20:44:11.0 (32440310)|ENTERING_MANAGED_PKG|tdc_tsw
20:44:11.0 (32525966)|ENTERING_MANAGED_PKG|tdc_tsw
20:44:11.0 (33110224)|SOQL_EXECUTE_BEGIN|[200]|Aggregations:0|SELECT Name, NamespacePrefix, SystemModStamp FROM StaticResource WHERE Name LIKE :tmpVar1 LIMIT 10
20:44:11.0 (36045741)|SOQL_EXECUTE_END|[200]|Rows:1
20:44:11.0 (38390875)|ENTERING_MANAGED_PKG|tdc_tsw
20:44:11.0 (41087332)|ENTERING_MANAGED_PKG|tdc_tsw
20:44:11.0 (41171515)|ENTERING_MANAGED_PKG|tdc_tsw
20:44:11.0 (43460729)|ENTERING_MANAGED_PKG|tdc_tsw
20:44:11.0 (44272318)|ENTERING_MANAGED_PKG|tdc_tsw
20:44:11.0 (49488765)|SOQL_EXECUTE_BEGIN|[172]|Aggregations:0|SELECT id, name FROM ChatTranscript__c WHERE (Chat_Active__c = TRUE AND (Related_Object_Id__c = :tmpVar1 OR Related_Object_Id__c = :tmpVar2)) LIMIT 1
20:44:11.0 (53452471)|SOQL_EXECUTE_END|[172]|Rows:0
20:44:11.0 (53928433)|ENTERING_MANAGED_PKG|tdc_tsw
20:44:11.0 (53965352)|ENTERING_MANAGED_PKG|tdc_tsw
