44.0 APEX_CODE,FINEST;APEX_PROFILING,INFO;CALLOUT,INFO;DB,INFO;NBA,INFO;SYSTEM,DEBUG;VALIDATION,INFO;VISUALFORCE,INFO;WAVE,INFO;WORKFLOW,INFO
23:15:26.0 (150860)|USER_INFO|[EXTERNAL]|0051H000009gxp8|chanida.dev2@solvedbysoftwareco.com|Eastern Standard Time|GMT-05:00
23:15:26.0 (2559858)|ENTERING_MANAGED_PKG|tdc_tsw
23:15:26.0 (2747769)|ENTERING_MANAGED_PKG|tdc_tsw
23:15:26.0 (3250421)|ENTERING_MANAGED_PKG|tdc_tsw
23:15:26.0 (3292470)|ENTERING_MANAGED_PKG|tdc_tsw
23:15:26.0 (4050212)|ENTERING_MANAGED_PKG|tdc_tsw
23:15:26.0 (4802819)|ENTERING_MANAGED_PKG|tdc_tsw
23:15:26.0 (6478842)|ENTERING_MANAGED_PKG|tdc_tsw
23:15:26.0 (6563536)|ENTERING_MANAGED_PKG|tdc_tsw
23:15:26.0 (7792869)|ENTERING_MANAGED_PKG|tdc_tsw
23:15:26.0 (13406936)|SOQL_EXECUTE_BEGIN|[82]|Aggregations:0|SELECT CreatedDate, Id,Task_Created__c,Event_Created__c,isCaseCreated__c,Task_Id__c,Event_Id__c,Case__c, Important__c, Delivered__c, Message_Text_New__c, Name, Owner.Name, Read__c,MessageId__c, ToNumber__c, Related_Object_Id__c, Related_Object__c, Sender_Number__c, LastModifiedDate, Attachments_Ids__c FROM Message__c WHERE Contact__c =: recordId ORDER BY CreatedDate Desc limit 200
23:15:26.0 (25100474)|SOQL_EXECUTE_END|[82]|Rows:2
23:15:26.0 (26388825)|ENTERING_MANAGED_PKG|tdc_tsw
23:15:26.0 (26665985)|ENTERING_MANAGED_PKG|tdc_tsw
23:15:26.0 (26741221)|ENTERING_MANAGED_PKG|tdc_tsw
23:15:26.0 (27260613)|SOQL_EXECUTE_BEGIN|[200]|Aggregations:0|SELECT Name, NamespacePrefix, SystemModStamp FROM StaticResource WHERE Name LIKE :tmpVar1 LIMIT 10
23:15:26.0 (32554185)|SOQL_EXECUTE_END|[200]|Rows:1
23:15:26.0 (34452849)|ENTERING_MANAGED_PKG|tdc_tsw
23:15:26.0 (35876681)|ENTERING_MANAGED_PKG|tdc_tsw
23:15:26.0 (35924707)|ENTERING_MANAGED_PKG|tdc_tsw
23:15:26.0 (37632251)|ENTERING_MANAGED_PKG|tdc_tsw
23:15:26.0 (38344823)|ENTERING_MANAGED_PKG|tdc_tsw
23:15:26.0 (42554096)|SOQL_EXECUTE_BEGIN|[172]|Aggregations:0|SELECT id, name FROM ChatTranscript__c WHERE (Chat_Active__c = TRUE AND (Related_Object_Id__c = :tmpVar1 OR Related_Object_Id__c = :tmpVar2)) LIMIT 1
23:15:26.0 (46024502)|SOQL_EXECUTE_END|[172]|Rows:0
23:15:26.0 (46414203)|ENTERING_MANAGED_PKG|tdc_tsw
23:15:26.0 (46457608)|ENTERING_MANAGED_PKG|tdc_tsw
