44.0 APEX_CODE,FINEST;APEX_PROFILING,INFO;CALLOUT,INFO;DB,INFO;NBA,INFO;SYSTEM,DEBUG;VALIDATION,INFO;VISUALFORCE,INFO;WAVE,INFO;WORKFLOW,INFO
17:00:37.0 (202817)|USER_INFO|[EXTERNAL]|0051H000009gxp8|chanida.dev2@solvedbysoftwareco.com|Eastern Standard Time|GMT-05:00
17:00:37.0 (2205300)|ENTERING_MANAGED_PKG|tdc_tsw
17:00:37.0 (2691462)|ENTERING_MANAGED_PKG|tdc_tsw
17:00:37.0 (6951259)|SOQL_EXECUTE_BEGIN|[16]|Aggregations:0|SELECT id, name, Disable_Incoming_SMS_Sharing__c FROM User WHERE id = :tmpVar1
17:00:37.0 (15407268)|SOQL_EXECUTE_END|[16]|Rows:1
17:00:37.0 (21014038)|SOQL_EXECUTE_BEGIN|[37]|Aggregations:0|SELECT CreatedDate,Created_Date__c,Id,LastModifiedDate,MessageId__c,Message_Text_New__c,Name,OwnerId,Read__c,Related_Object_Id__c,Related_Object__c,Sender_Number__c, Sender_Name__c,ToNumber__c,Attachments_Ids__c FROM Message__c WHERE Name = 'Incoming' AND Read__c = false ORDER BY CreatedDate Desc limit 100
17:00:37.0 (35301950)|SOQL_EXECUTE_END|[37]|Rows:53
17:00:37.0 (45174000)|ENTERING_MANAGED_PKG|tdc_tsw
17:00:37.0 (46963120)|ENTERING_MANAGED_PKG|tdc_tsw
17:00:37.0 (47398051)|ENTERING_MANAGED_PKG|tdc_tsw
17:00:37.0 (48106020)|ENTERING_MANAGED_PKG|tdc_tsw
17:00:37.0 (50805014)|ENTERING_MANAGED_PKG|tdc_tsw
17:00:37.0 (51646511)|ENTERING_MANAGED_PKG|tdc_tsw
17:00:37.0 (51909537)|ENTERING_MANAGED_PKG|tdc_tsw
17:00:37.0 (52325622)|ENTERING_MANAGED_PKG|tdc_tsw
17:00:37.0 (53429591)|ENTERING_MANAGED_PKG|tdc_tsw
17:00:37.0 (54212993)|ENTERING_MANAGED_PKG|tdc_tsw
17:00:37.0 (54415135)|ENTERING_MANAGED_PKG|tdc_tsw
17:00:37.0 (54804316)|ENTERING_MANAGED_PKG|tdc_tsw
17:00:37.0 (55842374)|ENTERING_MANAGED_PKG|tdc_tsw
17:00:37.0 (56574456)|ENTERING_MANAGED_PKG|tdc_tsw
17:00:37.0 (56784275)|ENTERING_MANAGED_PKG|tdc_tsw
17:00:37.0 (57181079)|ENTERING_MANAGED_PKG|tdc_tsw
17:00:37.0 (58320329)|ENTERING_MANAGED_PKG|tdc_tsw
17:00:37.0 (59131653)|ENTERING_MANAGED_PKG|tdc_tsw
17:00:37.0 (59371492)|ENTERING_MANAGED_PKG|tdc_tsw
17:00:37.0 (59781409)|ENTERING_MANAGED_PKG|tdc_tsw
17:00:37.0 (60929305)|ENTERING_MANAGED_PKG|tdc_tsw
17:00:37.0 (61707521)|ENTERING_MANAGED_PKG|tdc_tsw
17:00:37.0 (61945739)|ENTERING_MANAGED_PKG|tdc_tsw
17:00:37.0 (62645967)|ENTERING_MANAGED_PKG|tdc_tsw
17:00:37.0 (64013296)|ENTERING_MANAGED_PKG|tdc_tsw
17:00:37.0 (64804989)|ENTERING_MANAGED_PKG|tdc_tsw
17:00:37.0 (64881101)|ENTERING_MANAGED_PKG|tdc_tsw
17:00:37.0 (65416587)|SOQL_EXECUTE_BEGIN|[200]|Aggregations:0|SELECT Name, NamespacePrefix, SystemModStamp FROM StaticResource WHERE Name LIKE :tmpVar1 LIMIT 10
17:00:37.0 (68391316)|SOQL_EXECUTE_END|[200]|Rows:1
17:00:37.0 (69446127)|ENTERING_MANAGED_PKG|tdc_tsw
17:00:37.0 (69958890)|SOQL_EXECUTE_BEGIN|[200]|Aggregations:0|SELECT Name, NamespacePrefix, SystemModStamp FROM StaticResource WHERE Name LIKE :tmpVar1 LIMIT 10
17:00:37.0 (72614235)|SOQL_EXECUTE_END|[200]|Rows:1
17:00:37.0 (73095184)|ENTERING_MANAGED_PKG|tdc_tsw
17:00:37.0 (77212573)|ENTERING_MANAGED_PKG|tdc_tsw
17:00:37.0 (79162017)|ENTERING_MANAGED_PKG|tdc_tsw
17:00:37.0 (79565365)|ENTERING_MANAGED_PKG|tdc_tsw
17:00:37.0 (80608873)|ENTERING_MANAGED_PKG|tdc_tsw
17:00:37.0 (81117626)|SOQL_EXECUTE_BEGIN|[200]|Aggregations:0|SELECT Name, NamespacePrefix, SystemModStamp FROM StaticResource WHERE Name LIKE :tmpVar1 LIMIT 10
17:00:37.0 (83941807)|SOQL_EXECUTE_END|[200]|Rows:1
17:00:37.90 (90621986)|USER_INFO|[EXTERNAL]|0051H000009gxp8|chanida.dev2@solvedbysoftwareco.com|Eastern Standard Time|GMT-05:00
17:00:37.90 (92547784)|ENTERING_MANAGED_PKG|tdc_tsw
17:00:37.90 (92829127)|ENTERING_MANAGED_PKG|tdc_tsw
17:00:37.90 (96056027)|SOQL_EXECUTE_BEGIN|[355]|Aggregations:0|SELECT id, name, Disable_Incoming_SMS_Sharing__c FROM User WHERE id = :tmpVar1
17:00:37.90 (103591644)|SOQL_EXECUTE_END|[355]|Rows:1
17:00:37.90 (105077495)|SOQL_EXECUTE_BEGIN|[367]|Aggregations:0|SELECT CreatedDate,Id,LastModifiedDate,Related_Object_Id__c FROM Message__c WHERE Name = 'Incoming' AND Read__c = false ORDER BY CreatedDate Desc limit 100
17:00:37.90 (113487212)|SOQL_EXECUTE_END|[367]|Rows:53
