44.0 APEX_CODE,FINEST;APEX_PROFILING,INFO;CALLOUT,INFO;DB,INFO;NBA,INFO;SYSTEM,DEBUG;VALIDATION,INFO;VISUALFORCE,INFO;WAVE,INFO;WORKFLOW,INFO
14:50:15.0 (217272)|USER_INFO|[EXTERNAL]|0051H000009gxp8|chanida.dev2@solvedbysoftwareco.com|Eastern Standard Time|GMT-05:00
14:50:15.0 (1954113)|ENTERING_MANAGED_PKG|tdc_tsw
14:50:15.0 (2741289)|ENTERING_MANAGED_PKG|tdc_tsw
14:50:15.0 (7155832)|SOQL_EXECUTE_BEGIN|[16]|Aggregations:0|SELECT id, name, Disable_Incoming_SMS_Sharing__c FROM User WHERE id = :tmpVar1
14:50:15.0 (18176164)|SOQL_EXECUTE_END|[16]|Rows:1
14:50:15.0 (23768941)|SOQL_EXECUTE_BEGIN|[37]|Aggregations:0|SELECT CreatedDate,Created_Date__c,Id,LastModifiedDate,MessageId__c,Message_Text_New__c,Name,OwnerId,Read__c,Related_Object_Id__c,Related_Object__c,Sender_Number__c, Sender_Name__c,ToNumber__c,Attachments_Ids__c FROM Message__c WHERE Name = 'Incoming' AND Read__c = false ORDER BY CreatedDate Desc limit 100
14:50:15.0 (41054828)|SOQL_EXECUTE_END|[37]|Rows:100
14:50:15.0 (57826093)|ENTERING_MANAGED_PKG|tdc_tsw
14:50:15.0 (59507753)|ENTERING_MANAGED_PKG|tdc_tsw
14:50:15.0 (59991998)|ENTERING_MANAGED_PKG|tdc_tsw
14:50:15.0 (60676733)|ENTERING_MANAGED_PKG|tdc_tsw
14:50:15.0 (63502868)|ENTERING_MANAGED_PKG|tdc_tsw
14:50:15.0 (64377764)|ENTERING_MANAGED_PKG|tdc_tsw
14:50:15.0 (64628011)|ENTERING_MANAGED_PKG|tdc_tsw
14:50:15.0 (65037297)|ENTERING_MANAGED_PKG|tdc_tsw
14:50:15.0 (66212190)|ENTERING_MANAGED_PKG|tdc_tsw
14:50:15.0 (66973805)|ENTERING_MANAGED_PKG|tdc_tsw
14:50:15.0 (67210040)|ENTERING_MANAGED_PKG|tdc_tsw
14:50:15.0 (67614613)|ENTERING_MANAGED_PKG|tdc_tsw
14:50:15.0 (68731224)|ENTERING_MANAGED_PKG|tdc_tsw
14:50:15.0 (69465209)|ENTERING_MANAGED_PKG|tdc_tsw
14:50:15.0 (69694673)|ENTERING_MANAGED_PKG|tdc_tsw
14:50:15.0 (70121849)|ENTERING_MANAGED_PKG|tdc_tsw
14:50:15.0 (71200261)|ENTERING_MANAGED_PKG|tdc_tsw
14:50:15.0 (71952077)|ENTERING_MANAGED_PKG|tdc_tsw
14:50:15.0 (72178612)|ENTERING_MANAGED_PKG|tdc_tsw
14:50:15.0 (72552807)|ENTERING_MANAGED_PKG|tdc_tsw
14:50:15.0 (73634836)|ENTERING_MANAGED_PKG|tdc_tsw
14:50:15.0 (74356576)|ENTERING_MANAGED_PKG|tdc_tsw
14:50:15.0 (74585124)|ENTERING_MANAGED_PKG|tdc_tsw
14:50:15.0 (74974306)|ENTERING_MANAGED_PKG|tdc_tsw
14:50:15.0 (76023604)|ENTERING_MANAGED_PKG|tdc_tsw
14:50:15.0 (76793744)|ENTERING_MANAGED_PKG|tdc_tsw
14:50:15.0 (77031381)|ENTERING_MANAGED_PKG|tdc_tsw
14:50:15.0 (77415670)|ENTERING_MANAGED_PKG|tdc_tsw
14:50:15.0 (78471279)|ENTERING_MANAGED_PKG|tdc_tsw
14:50:15.0 (79207024)|ENTERING_MANAGED_PKG|tdc_tsw
14:50:15.0 (79438299)|ENTERING_MANAGED_PKG|tdc_tsw
14:50:15.0 (79812874)|ENTERING_MANAGED_PKG|tdc_tsw
14:50:15.0 (80886768)|ENTERING_MANAGED_PKG|tdc_tsw
14:50:15.0 (81604980)|ENTERING_MANAGED_PKG|tdc_tsw
14:50:15.0 (81841816)|ENTERING_MANAGED_PKG|tdc_tsw
14:50:15.0 (82223534)|ENTERING_MANAGED_PKG|tdc_tsw
14:50:15.0 (83289401)|ENTERING_MANAGED_PKG|tdc_tsw
14:50:15.0 (84015620)|ENTERING_MANAGED_PKG|tdc_tsw
14:50:15.0 (84245682)|ENTERING_MANAGED_PKG|tdc_tsw
14:50:15.0 (84642811)|ENTERING_MANAGED_PKG|tdc_tsw
14:50:15.0 (85707404)|ENTERING_MANAGED_PKG|tdc_tsw
14:50:15.0 (86447413)|ENTERING_MANAGED_PKG|tdc_tsw
14:50:15.0 (86692504)|ENTERING_MANAGED_PKG|tdc_tsw
14:50:15.0 (87079101)|ENTERING_MANAGED_PKG|tdc_tsw
14:50:15.0 (88136500)|ENTERING_MANAGED_PKG|tdc_tsw
14:50:15.0 (88866903)|ENTERING_MANAGED_PKG|tdc_tsw
14:50:15.0 (89070964)|ENTERING_MANAGED_PKG|tdc_tsw
14:50:15.0 (89468649)|ENTERING_MANAGED_PKG|tdc_tsw
14:50:15.0 (90540128)|ENTERING_MANAGED_PKG|tdc_tsw
14:50:15.0 (91273766)|ENTERING_MANAGED_PKG|tdc_tsw
14:50:15.0 (91499964)|ENTERING_MANAGED_PKG|tdc_tsw
14:50:15.0 (91889552)|ENTERING_MANAGED_PKG|tdc_tsw
14:50:15.0 (92947381)|ENTERING_MANAGED_PKG|tdc_tsw
14:50:15.0 (93665615)|ENTERING_MANAGED_PKG|tdc_tsw
14:50:15.0 (93903611)|ENTERING_MANAGED_PKG|tdc_tsw
14:50:15.0 (94282387)|ENTERING_MANAGED_PKG|tdc_tsw
14:50:15.0 (95338218)|ENTERING_MANAGED_PKG|tdc_tsw
14:50:15.0 (96062529)|ENTERING_MANAGED_PKG|tdc_tsw
14:50:15.0 (96315330)|ENTERING_MANAGED_PKG|tdc_tsw
14:50:15.0 (96697246)|ENTERING_MANAGED_PKG|tdc_tsw
14:50:15.0 (97764193)|ENTERING_MANAGED_PKG|tdc_tsw
14:50:15.0 (98489632)|ENTERING_MANAGED_PKG|tdc_tsw
14:50:15.0 (98718789)|ENTERING_MANAGED_PKG|tdc_tsw
14:50:15.0 (99107894)|ENTERING_MANAGED_PKG|tdc_tsw
14:50:15.0 (100157583)|ENTERING_MANAGED_PKG|tdc_tsw
14:50:15.0 (100881425)|ENTERING_MANAGED_PKG|tdc_tsw
14:50:15.0 (101103223)|ENTERING_MANAGED_PKG|tdc_tsw
14:50:15.0 (101477685)|ENTERING_MANAGED_PKG|tdc_tsw
14:50:15.0 (102564441)|ENTERING_MANAGED_PKG|tdc_tsw
14:50:15.0 (103450441)|ENTERING_MANAGED_PKG|tdc_tsw
14:50:15.0 (103672861)|ENTERING_MANAGED_PKG|tdc_tsw
14:50:15.0 (104063187)|ENTERING_MANAGED_PKG|tdc_tsw
14:50:15.0 (105150717)|ENTERING_MANAGED_PKG|tdc_tsw
14:50:15.0 (105884996)|ENTERING_MANAGED_PKG|tdc_tsw
14:50:15.0 (106112015)|ENTERING_MANAGED_PKG|tdc_tsw
14:50:15.0 (106494469)|ENTERING_MANAGED_PKG|tdc_tsw
14:50:15.0 (107562649)|ENTERING_MANAGED_PKG|tdc_tsw
14:50:15.0 (108322200)|ENTERING_MANAGED_PKG|tdc_tsw
14:50:15.0 (108551411)|ENTERING_MANAGED_PKG|tdc_tsw
14:50:15.0 (108961614)|ENTERING_MANAGED_PKG|tdc_tsw
14:50:15.0 (110030055)|ENTERING_MANAGED_PKG|tdc_tsw
14:50:15.0 (110779617)|ENTERING_MANAGED_PKG|tdc_tsw
14:50:15.0 (111021272)|ENTERING_MANAGED_PKG|tdc_tsw
14:50:15.0 (111404829)|ENTERING_MANAGED_PKG|tdc_tsw
14:50:15.0 (112458009)|ENTERING_MANAGED_PKG|tdc_tsw
14:50:15.0 (113195879)|ENTERING_MANAGED_PKG|tdc_tsw
14:50:15.0 (113422002)|ENTERING_MANAGED_PKG|tdc_tsw
14:50:15.0 (113800950)|ENTERING_MANAGED_PKG|tdc_tsw
14:50:15.0 (114866233)|ENTERING_MANAGED_PKG|tdc_tsw
14:50:15.0 (115582022)|ENTERING_MANAGED_PKG|tdc_tsw
14:50:15.0 (115807464)|ENTERING_MANAGED_PKG|tdc_tsw
14:50:15.0 (116193764)|ENTERING_MANAGED_PKG|tdc_tsw
14:50:15.0 (117242512)|ENTERING_MANAGED_PKG|tdc_tsw
14:50:15.0 (117959714)|ENTERING_MANAGED_PKG|tdc_tsw
14:50:15.0 (118210928)|ENTERING_MANAGED_PKG|tdc_tsw
14:50:15.0 (118591595)|ENTERING_MANAGED_PKG|tdc_tsw
14:50:15.0 (119636023)|ENTERING_MANAGED_PKG|tdc_tsw
14:50:15.0 (120342182)|ENTERING_MANAGED_PKG|tdc_tsw
14:50:15.0 (120562806)|ENTERING_MANAGED_PKG|tdc_tsw
14:50:15.0 (120941680)|ENTERING_MANAGED_PKG|tdc_tsw
14:50:15.0 (121966441)|ENTERING_MANAGED_PKG|tdc_tsw
14:50:15.0 (122669987)|ENTERING_MANAGED_PKG|tdc_tsw
14:50:15.0 (122900409)|ENTERING_MANAGED_PKG|tdc_tsw
14:50:15.0 (123320064)|ENTERING_MANAGED_PKG|tdc_tsw
14:50:15.0 (124349968)|ENTERING_MANAGED_PKG|tdc_tsw
14:50:15.0 (125057425)|ENTERING_MANAGED_PKG|tdc_tsw
14:50:15.0 (125279326)|ENTERING_MANAGED_PKG|tdc_tsw
14:50:15.0 (125648230)|ENTERING_MANAGED_PKG|tdc_tsw
14:50:15.0 (126702983)|ENTERING_MANAGED_PKG|tdc_tsw
14:50:15.0 (127738385)|ENTERING_MANAGED_PKG|tdc_tsw
14:50:15.0 (127973426)|ENTERING_MANAGED_PKG|tdc_tsw
14:50:15.0 (128354318)|ENTERING_MANAGED_PKG|tdc_tsw
14:50:15.0 (129423870)|ENTERING_MANAGED_PKG|tdc_tsw
14:50:15.0 (130158939)|ENTERING_MANAGED_PKG|tdc_tsw
14:50:15.0 (130389403)|ENTERING_MANAGED_PKG|tdc_tsw
14:50:15.0 (130780657)|ENTERING_MANAGED_PKG|tdc_tsw
14:50:15.0 (131855080)|ENTERING_MANAGED_PKG|tdc_tsw
14:50:15.0 (132579482)|ENTERING_MANAGED_PKG|tdc_tsw
14:50:15.0 (132811046)|ENTERING_MANAGED_PKG|tdc_tsw
14:50:15.0 (133194808)|ENTERING_MANAGED_PKG|tdc_tsw
14:50:15.0 (134279067)|ENTERING_MANAGED_PKG|tdc_tsw
14:50:15.0 (135034480)|ENTERING_MANAGED_PKG|tdc_tsw
14:50:15.0 (135255373)|ENTERING_MANAGED_PKG|tdc_tsw
14:50:15.0 (135637929)|ENTERING_MANAGED_PKG|tdc_tsw
14:50:15.0 (136694656)|ENTERING_MANAGED_PKG|tdc_tsw
14:50:15.0 (137416034)|ENTERING_MANAGED_PKG|tdc_tsw
14:50:15.0 (137648414)|ENTERING_MANAGED_PKG|tdc_tsw
14:50:15.0 (138037442)|ENTERING_MANAGED_PKG|tdc_tsw
14:50:15.0 (139095703)|ENTERING_MANAGED_PKG|tdc_tsw
14:50:15.0 (139814151)|ENTERING_MANAGED_PKG|tdc_tsw
14:50:15.0 (140053719)|ENTERING_MANAGED_PKG|tdc_tsw
14:50:15.0 (140432766)|ENTERING_MANAGED_PKG|tdc_tsw
14:50:15.0 (141488417)|ENTERING_MANAGED_PKG|tdc_tsw
14:50:15.0 (142289226)|ENTERING_MANAGED_PKG|tdc_tsw
14:50:15.0 (142516427)|ENTERING_MANAGED_PKG|tdc_tsw
14:50:15.0 (142919872)|ENTERING_MANAGED_PKG|tdc_tsw
14:50:15.0 (144028502)|ENTERING_MANAGED_PKG|tdc_tsw
14:50:15.0 (144756388)|ENTERING_MANAGED_PKG|tdc_tsw
14:50:15.0 (144996437)|ENTERING_MANAGED_PKG|tdc_tsw
14:50:15.0 (145410166)|ENTERING_MANAGED_PKG|tdc_tsw
14:50:15.0 (146470501)|ENTERING_MANAGED_PKG|tdc_tsw
14:50:15.0 (147203075)|ENTERING_MANAGED_PKG|tdc_tsw
14:50:15.0 (147430121)|ENTERING_MANAGED_PKG|tdc_tsw
14:50:15.0 (147823301)|ENTERING_MANAGED_PKG|tdc_tsw
14:50:15.0 (148934732)|ENTERING_MANAGED_PKG|tdc_tsw
14:50:15.0 (149660072)|ENTERING_MANAGED_PKG|tdc_tsw
14:50:15.0 (149898931)|ENTERING_MANAGED_PKG|tdc_tsw
14:50:15.0 (150274962)|ENTERING_MANAGED_PKG|tdc_tsw
14:50:15.0 (151387535)|ENTERING_MANAGED_PKG|tdc_tsw
14:50:15.0 (152161285)|ENTERING_MANAGED_PKG|tdc_tsw
14:50:15.0 (152393601)|ENTERING_MANAGED_PKG|tdc_tsw
14:50:15.0 (152772372)|ENTERING_MANAGED_PKG|tdc_tsw
14:50:15.0 (153859911)|ENTERING_MANAGED_PKG|tdc_tsw
14:50:15.0 (154606272)|ENTERING_MANAGED_PKG|tdc_tsw
14:50:15.0 (154844149)|ENTERING_MANAGED_PKG|tdc_tsw
14:50:15.0 (155234374)|ENTERING_MANAGED_PKG|tdc_tsw
14:50:15.0 (156366941)|ENTERING_MANAGED_PKG|tdc_tsw
14:50:15.0 (157141419)|ENTERING_MANAGED_PKG|tdc_tsw
14:50:15.0 (157364356)|ENTERING_MANAGED_PKG|tdc_tsw
14:50:15.0 (157737319)|ENTERING_MANAGED_PKG|tdc_tsw
14:50:15.0 (158799890)|ENTERING_MANAGED_PKG|tdc_tsw
14:50:15.0 (159531546)|ENTERING_MANAGED_PKG|tdc_tsw
14:50:15.0 (159757106)|ENTERING_MANAGED_PKG|tdc_tsw
14:50:15.0 (160230750)|ENTERING_MANAGED_PKG|tdc_tsw
14:50:15.0 (161378702)|ENTERING_MANAGED_PKG|tdc_tsw
14:50:15.0 (162105957)|ENTERING_MANAGED_PKG|tdc_tsw
14:50:15.0 (162334116)|ENTERING_MANAGED_PKG|tdc_tsw
14:50:15.0 (162787167)|ENTERING_MANAGED_PKG|tdc_tsw
14:50:15.0 (163884980)|ENTERING_MANAGED_PKG|tdc_tsw
14:50:15.0 (164600655)|ENTERING_MANAGED_PKG|tdc_tsw
14:50:15.0 (164833632)|ENTERING_MANAGED_PKG|tdc_tsw
14:50:15.0 (165213162)|ENTERING_MANAGED_PKG|tdc_tsw
14:50:15.0 (166279866)|ENTERING_MANAGED_PKG|tdc_tsw
14:50:15.0 (167001822)|ENTERING_MANAGED_PKG|tdc_tsw
14:50:15.0 (167232776)|ENTERING_MANAGED_PKG|tdc_tsw
14:50:15.0 (167611651)|ENTERING_MANAGED_PKG|tdc_tsw
14:50:15.0 (168705261)|ENTERING_MANAGED_PKG|tdc_tsw
14:50:15.0 (169432442)|ENTERING_MANAGED_PKG|tdc_tsw
14:50:15.0 (169687842)|ENTERING_MANAGED_PKG|tdc_tsw
14:50:15.0 (170074219)|ENTERING_MANAGED_PKG|tdc_tsw
14:50:15.0 (171136734)|ENTERING_MANAGED_PKG|tdc_tsw
14:50:15.0 (171860956)|ENTERING_MANAGED_PKG|tdc_tsw
14:50:15.0 (172085567)|ENTERING_MANAGED_PKG|tdc_tsw
14:50:15.0 (172490235)|ENTERING_MANAGED_PKG|tdc_tsw
14:50:15.0 (173539583)|ENTERING_MANAGED_PKG|tdc_tsw
14:50:15.0 (174263026)|ENTERING_MANAGED_PKG|tdc_tsw
14:50:15.0 (174495396)|ENTERING_MANAGED_PKG|tdc_tsw
14:50:15.0 (174879465)|ENTERING_MANAGED_PKG|tdc_tsw
14:50:15.0 (175938323)|ENTERING_MANAGED_PKG|tdc_tsw
14:50:15.0 (176686346)|ENTERING_MANAGED_PKG|tdc_tsw
14:50:15.0 (176926979)|ENTERING_MANAGED_PKG|tdc_tsw
14:50:15.0 (177305064)|ENTERING_MANAGED_PKG|tdc_tsw
14:50:15.0 (178361481)|ENTERING_MANAGED_PKG|tdc_tsw
14:50:15.0 (179117851)|ENTERING_MANAGED_PKG|tdc_tsw
14:50:15.0 (179352689)|ENTERING_MANAGED_PKG|tdc_tsw
14:50:15.0 (179756986)|ENTERING_MANAGED_PKG|tdc_tsw
14:50:15.0 (180850518)|ENTERING_MANAGED_PKG|tdc_tsw
14:50:15.0 (181568419)|ENTERING_MANAGED_PKG|tdc_tsw
14:50:15.0 (181795480)|ENTERING_MANAGED_PKG|tdc_tsw
14:50:15.0 (182202811)|ENTERING_MANAGED_PKG|tdc_tsw
14:50:15.0 (183269275)|ENTERING_MANAGED_PKG|tdc_tsw
14:50:15.0 (183987132)|ENTERING_MANAGED_PKG|tdc_tsw
14:50:15.0 (184212312)|ENTERING_MANAGED_PKG|tdc_tsw
14:50:15.0 (184634442)|ENTERING_MANAGED_PKG|tdc_tsw
14:50:15.0 (185688189)|ENTERING_MANAGED_PKG|tdc_tsw
14:50:15.0 (186421029)|ENTERING_MANAGED_PKG|tdc_tsw
14:50:15.0 (186647781)|ENTERING_MANAGED_PKG|tdc_tsw
14:50:15.0 (187064616)|ENTERING_MANAGED_PKG|tdc_tsw
14:50:15.0 (188174199)|ENTERING_MANAGED_PKG|tdc_tsw
14:50:15.0 (188915261)|ENTERING_MANAGED_PKG|tdc_tsw
14:50:15.0 (189165219)|ENTERING_MANAGED_PKG|tdc_tsw
14:50:15.0 (189577596)|ENTERING_MANAGED_PKG|tdc_tsw
14:50:15.0 (190654916)|ENTERING_MANAGED_PKG|tdc_tsw
14:50:15.0 (191381643)|ENTERING_MANAGED_PKG|tdc_tsw
14:50:15.0 (191611223)|ENTERING_MANAGED_PKG|tdc_tsw
14:50:15.0 (191999636)|ENTERING_MANAGED_PKG|tdc_tsw
14:50:15.0 (193059898)|ENTERING_MANAGED_PKG|tdc_tsw
14:50:15.0 (193780055)|ENTERING_MANAGED_PKG|tdc_tsw
14:50:15.0 (194019700)|ENTERING_MANAGED_PKG|tdc_tsw
14:50:15.0 (194397829)|ENTERING_MANAGED_PKG|tdc_tsw
14:50:15.0 (195457596)|ENTERING_MANAGED_PKG|tdc_tsw
14:50:15.0 (196176088)|ENTERING_MANAGED_PKG|tdc_tsw
14:50:15.0 (196423941)|ENTERING_MANAGED_PKG|tdc_tsw
14:50:15.0 (196803829)|ENTERING_MANAGED_PKG|tdc_tsw
14:50:15.0 (197870303)|ENTERING_MANAGED_PKG|tdc_tsw
14:50:15.0 (198579388)|ENTERING_MANAGED_PKG|tdc_tsw
14:50:15.0 (198803491)|ENTERING_MANAGED_PKG|tdc_tsw
14:50:15.0 (199195254)|ENTERING_MANAGED_PKG|tdc_tsw
14:50:15.0 (200254947)|ENTERING_MANAGED_PKG|tdc_tsw
14:50:15.0 (200969812)|ENTERING_MANAGED_PKG|tdc_tsw
14:50:15.0 (201214396)|ENTERING_MANAGED_PKG|tdc_tsw
14:50:15.0 (201623435)|ENTERING_MANAGED_PKG|tdc_tsw
14:50:15.0 (202708754)|ENTERING_MANAGED_PKG|tdc_tsw
14:50:15.0 (203461682)|ENTERING_MANAGED_PKG|tdc_tsw
14:50:15.0 (203688337)|ENTERING_MANAGED_PKG|tdc_tsw
14:50:15.0 (204099619)|ENTERING_MANAGED_PKG|tdc_tsw
14:50:15.0 (205172752)|ENTERING_MANAGED_PKG|tdc_tsw
14:50:15.0 (205904836)|ENTERING_MANAGED_PKG|tdc_tsw
14:50:15.0 (206135280)|ENTERING_MANAGED_PKG|tdc_tsw
14:50:15.0 (206516641)|ENTERING_MANAGED_PKG|tdc_tsw
14:50:15.0 (207575072)|ENTERING_MANAGED_PKG|tdc_tsw
14:50:15.0 (208304440)|ENTERING_MANAGED_PKG|tdc_tsw
14:50:15.0 (208534135)|ENTERING_MANAGED_PKG|tdc_tsw
14:50:15.0 (208922323)|ENTERING_MANAGED_PKG|tdc_tsw
14:50:15.0 (209993106)|ENTERING_MANAGED_PKG|tdc_tsw
14:50:15.0 (210712504)|ENTERING_MANAGED_PKG|tdc_tsw
14:50:15.0 (210947015)|ENTERING_MANAGED_PKG|tdc_tsw
14:50:15.0 (211325967)|ENTERING_MANAGED_PKG|tdc_tsw
14:50:15.0 (212375322)|ENTERING_MANAGED_PKG|tdc_tsw
14:50:15.0 (213091826)|ENTERING_MANAGED_PKG|tdc_tsw
14:50:15.0 (213322927)|ENTERING_MANAGED_PKG|tdc_tsw
14:50:15.0 (213697023)|ENTERING_MANAGED_PKG|tdc_tsw
14:50:15.0 (214751815)|ENTERING_MANAGED_PKG|tdc_tsw
14:50:15.0 (215473628)|ENTERING_MANAGED_PKG|tdc_tsw
14:50:15.0 (215856083)|ENTERING_MANAGED_PKG|tdc_tsw
14:50:15.0 (216273375)|ENTERING_MANAGED_PKG|tdc_tsw
14:50:15.0 (217339590)|ENTERING_MANAGED_PKG|tdc_tsw
14:50:15.0 (218099936)|ENTERING_MANAGED_PKG|tdc_tsw
14:50:15.0 (218322100)|ENTERING_MANAGED_PKG|tdc_tsw
14:50:15.0 (218705685)|ENTERING_MANAGED_PKG|tdc_tsw
14:50:15.0 (219761952)|ENTERING_MANAGED_PKG|tdc_tsw
14:50:15.0 (220531870)|ENTERING_MANAGED_PKG|tdc_tsw
14:50:15.0 (220760316)|ENTERING_MANAGED_PKG|tdc_tsw
14:50:15.0 (221152517)|ENTERING_MANAGED_PKG|tdc_tsw
14:50:15.0 (222242797)|ENTERING_MANAGED_PKG|tdc_tsw
14:50:15.0 (222971821)|ENTERING_MANAGED_PKG|tdc_tsw
14:50:15.0 (223197724)|ENTERING_MANAGED_PKG|tdc_tsw
14:50:15.0 (223580134)|ENTERING_MANAGED_PKG|tdc_tsw
14:50:15.0 (224790293)|ENTERING_MANAGED_PKG|tdc_tsw
14:50:15.0 (225522388)|ENTERING_MANAGED_PKG|tdc_tsw
14:50:15.0 (225602157)|ENTERING_MANAGED_PKG|tdc_tsw
14:50:15.0 (226121817)|SOQL_EXECUTE_BEGIN|[200]|Aggregations:0|SELECT Name, NamespacePrefix, SystemModStamp FROM StaticResource WHERE Name LIKE :tmpVar1 LIMIT 10
14:50:15.0 (229199656)|SOQL_EXECUTE_END|[200]|Rows:1
14:50:15.0 (230061156)|ENTERING_MANAGED_PKG|tdc_tsw
14:50:15.0 (230441465)|SOQL_EXECUTE_BEGIN|[200]|Aggregations:0|SELECT Name, NamespacePrefix, SystemModStamp FROM StaticResource WHERE Name LIKE :tmpVar1 LIMIT 10
14:50:15.0 (233316946)|SOQL_EXECUTE_END|[200]|Rows:1
14:50:15.0 (233757102)|ENTERING_MANAGED_PKG|tdc_tsw
14:50:15.0 (237230409)|ENTERING_MANAGED_PKG|tdc_tsw
14:50:15.0 (238755170)|ENTERING_MANAGED_PKG|tdc_tsw
14:50:15.0 (239066584)|ENTERING_MANAGED_PKG|tdc_tsw
14:50:15.0 (239988774)|ENTERING_MANAGED_PKG|tdc_tsw
14:50:15.0 (240486859)|SOQL_EXECUTE_BEGIN|[200]|Aggregations:0|SELECT Name, NamespacePrefix, SystemModStamp FROM StaticResource WHERE Name LIKE :tmpVar1 LIMIT 10
14:50:15.0 (274850974)|SOQL_EXECUTE_END|[200]|Rows:1
14:50:15.285 (285314579)|USER_INFO|[EXTERNAL]|0051H000009gxp8|chanida.dev2@solvedbysoftwareco.com|Eastern Standard Time|GMT-05:00
14:50:15.285 (286754455)|ENTERING_MANAGED_PKG|tdc_tsw
14:50:15.285 (286981246)|ENTERING_MANAGED_PKG|tdc_tsw
14:50:15.285 (290249474)|SOQL_EXECUTE_BEGIN|[355]|Aggregations:0|SELECT id, name, Disable_Incoming_SMS_Sharing__c FROM User WHERE id = :tmpVar1
14:50:15.285 (297277656)|SOQL_EXECUTE_END|[355]|Rows:1
14:50:15.285 (298432195)|SOQL_EXECUTE_BEGIN|[367]|Aggregations:0|SELECT CreatedDate,Id,LastModifiedDate,Related_Object_Id__c FROM Message__c WHERE Name = 'Incoming' AND Read__c = false ORDER BY CreatedDate Desc limit 100
14:50:15.285 (309029641)|SOQL_EXECUTE_END|[367]|Rows:100
