44.0 APEX_CODE,FINEST;APEX_PROFILING,INFO;CALLOUT,INFO;DB,INFO;NBA,INFO;SYSTEM,DEBUG;VALIDATION,INFO;VISUALFORCE,INFO;WAVE,INFO;WORKFLOW,INFO
22:06:17.0 (176965)|USER_INFO|[EXTERNAL]|0051H000009gxp8|chanida.dev2@solvedbysoftwareco.com|Eastern Standard Time|GMT-05:00
22:06:17.0 (1781947)|ENTERING_MANAGED_PKG|tdc_tsw
22:06:17.0 (2457810)|ENTERING_MANAGED_PKG|tdc_tsw
22:06:17.0 (9134825)|SOQL_EXECUTE_BEGIN|[16]|Aggregations:0|SELECT id, name, Disable_Incoming_SMS_Sharing__c FROM User WHERE id = :tmpVar1
22:06:17.0 (17939749)|SOQL_EXECUTE_END|[16]|Rows:1
22:06:17.0 (26895799)|SOQL_EXECUTE_BEGIN|[37]|Aggregations:0|SELECT CreatedDate,Created_Date__c,Id,LastModifiedDate,MessageId__c,Message_Text_New__c,Name,OwnerId,Read__c,Related_Object_Id__c,Related_Object__c,Sender_Number__c, Sender_Name__c,ToNumber__c,Attachments_Ids__c FROM Message__c WHERE Name = 'Incoming' AND Read__c = false ORDER BY CreatedDate Desc limit 100
22:06:17.0 (47766999)|SOQL_EXECUTE_END|[37]|Rows:100
22:06:17.0 (66498469)|ENTERING_MANAGED_PKG|tdc_tsw
22:06:17.0 (68216889)|ENTERING_MANAGED_PKG|tdc_tsw
22:06:17.0 (68701005)|ENTERING_MANAGED_PKG|tdc_tsw
22:06:17.0 (69359359)|ENTERING_MANAGED_PKG|tdc_tsw
22:06:17.0 (72221534)|ENTERING_MANAGED_PKG|tdc_tsw
22:06:17.0 (73005090)|ENTERING_MANAGED_PKG|tdc_tsw
22:06:17.0 (73239223)|ENTERING_MANAGED_PKG|tdc_tsw
22:06:17.0 (73631196)|ENTERING_MANAGED_PKG|tdc_tsw
22:06:17.0 (74716543)|ENTERING_MANAGED_PKG|tdc_tsw
22:06:17.0 (75482639)|ENTERING_MANAGED_PKG|tdc_tsw
22:06:17.0 (75713542)|ENTERING_MANAGED_PKG|tdc_tsw
22:06:17.0 (76116569)|ENTERING_MANAGED_PKG|tdc_tsw
22:06:17.0 (77194340)|ENTERING_MANAGED_PKG|tdc_tsw
22:06:17.0 (77953382)|ENTERING_MANAGED_PKG|tdc_tsw
22:06:17.0 (78183136)|ENTERING_MANAGED_PKG|tdc_tsw
22:06:17.0 (78580746)|ENTERING_MANAGED_PKG|tdc_tsw
22:06:17.0 (79656246)|ENTERING_MANAGED_PKG|tdc_tsw
22:06:17.0 (80420270)|ENTERING_MANAGED_PKG|tdc_tsw
22:06:17.0 (80649735)|ENTERING_MANAGED_PKG|tdc_tsw
22:06:17.0 (81050084)|ENTERING_MANAGED_PKG|tdc_tsw
22:06:17.0 (82121194)|ENTERING_MANAGED_PKG|tdc_tsw
22:06:17.0 (82875789)|ENTERING_MANAGED_PKG|tdc_tsw
22:06:17.0 (83106067)|ENTERING_MANAGED_PKG|tdc_tsw
22:06:17.0 (83503898)|ENTERING_MANAGED_PKG|tdc_tsw
22:06:17.0 (84576550)|ENTERING_MANAGED_PKG|tdc_tsw
22:06:17.0 (85333154)|ENTERING_MANAGED_PKG|tdc_tsw
22:06:17.0 (85562305)|ENTERING_MANAGED_PKG|tdc_tsw
22:06:17.0 (85966605)|ENTERING_MANAGED_PKG|tdc_tsw
22:06:17.0 (87040405)|ENTERING_MANAGED_PKG|tdc_tsw
22:06:17.0 (87787937)|ENTERING_MANAGED_PKG|tdc_tsw
22:06:17.0 (88024603)|ENTERING_MANAGED_PKG|tdc_tsw
22:06:17.0 (88435408)|ENTERING_MANAGED_PKG|tdc_tsw
22:06:17.0 (89521335)|ENTERING_MANAGED_PKG|tdc_tsw
22:06:17.0 (90278653)|ENTERING_MANAGED_PKG|tdc_tsw
22:06:17.0 (90507778)|ENTERING_MANAGED_PKG|tdc_tsw
22:06:17.0 (90908995)|ENTERING_MANAGED_PKG|tdc_tsw
22:06:17.0 (91984587)|ENTERING_MANAGED_PKG|tdc_tsw
22:06:17.0 (92730784)|ENTERING_MANAGED_PKG|tdc_tsw
22:06:17.0 (92966399)|ENTERING_MANAGED_PKG|tdc_tsw
22:06:17.0 (93373122)|ENTERING_MANAGED_PKG|tdc_tsw
22:06:17.0 (94448491)|ENTERING_MANAGED_PKG|tdc_tsw
22:06:17.0 (95204160)|ENTERING_MANAGED_PKG|tdc_tsw
22:06:17.0 (95433341)|ENTERING_MANAGED_PKG|tdc_tsw
22:06:17.0 (95826702)|ENTERING_MANAGED_PKG|tdc_tsw
22:06:17.0 (96905722)|ENTERING_MANAGED_PKG|tdc_tsw
22:06:17.0 (97653611)|ENTERING_MANAGED_PKG|tdc_tsw
22:06:17.0 (97886734)|ENTERING_MANAGED_PKG|tdc_tsw
22:06:17.0 (98280946)|ENTERING_MANAGED_PKG|tdc_tsw
22:06:17.0 (99357664)|ENTERING_MANAGED_PKG|tdc_tsw
22:06:17.0 (100118340)|ENTERING_MANAGED_PKG|tdc_tsw
22:06:17.0 (100347688)|ENTERING_MANAGED_PKG|tdc_tsw
22:06:17.0 (100740950)|ENTERING_MANAGED_PKG|tdc_tsw
22:06:17.0 (101818683)|ENTERING_MANAGED_PKG|tdc_tsw
22:06:17.0 (102574728)|ENTERING_MANAGED_PKG|tdc_tsw
22:06:17.0 (102803003)|ENTERING_MANAGED_PKG|tdc_tsw
22:06:17.0 (103209348)|ENTERING_MANAGED_PKG|tdc_tsw
22:06:17.0 (104314688)|ENTERING_MANAGED_PKG|tdc_tsw
22:06:17.0 (105068191)|ENTERING_MANAGED_PKG|tdc_tsw
22:06:17.0 (105297154)|ENTERING_MANAGED_PKG|tdc_tsw
22:06:17.0 (105692894)|ENTERING_MANAGED_PKG|tdc_tsw
22:06:17.0 (106761789)|ENTERING_MANAGED_PKG|tdc_tsw
22:06:17.0 (107519751)|ENTERING_MANAGED_PKG|tdc_tsw
22:06:17.0 (107749885)|ENTERING_MANAGED_PKG|tdc_tsw
22:06:17.0 (108149283)|ENTERING_MANAGED_PKG|tdc_tsw
22:06:17.0 (109224185)|ENTERING_MANAGED_PKG|tdc_tsw
22:06:17.0 (109982439)|ENTERING_MANAGED_PKG|tdc_tsw
22:06:17.0 (110211534)|ENTERING_MANAGED_PKG|tdc_tsw
22:06:17.0 (110605183)|ENTERING_MANAGED_PKG|tdc_tsw
22:06:17.0 (111679261)|ENTERING_MANAGED_PKG|tdc_tsw
22:06:17.0 (112440891)|ENTERING_MANAGED_PKG|tdc_tsw
22:06:17.0 (112679330)|ENTERING_MANAGED_PKG|tdc_tsw
22:06:17.0 (113093925)|ENTERING_MANAGED_PKG|tdc_tsw
22:06:17.0 (114180958)|ENTERING_MANAGED_PKG|tdc_tsw
22:06:17.0 (114935750)|ENTERING_MANAGED_PKG|tdc_tsw
22:06:17.0 (115484491)|ENTERING_MANAGED_PKG|tdc_tsw
22:06:17.0 (115890143)|ENTERING_MANAGED_PKG|tdc_tsw
22:06:17.0 (116971809)|ENTERING_MANAGED_PKG|tdc_tsw
22:06:17.0 (117720173)|ENTERING_MANAGED_PKG|tdc_tsw
22:06:17.0 (117959124)|ENTERING_MANAGED_PKG|tdc_tsw
22:06:17.0 (118357947)|ENTERING_MANAGED_PKG|tdc_tsw
22:06:17.0 (119439756)|ENTERING_MANAGED_PKG|tdc_tsw
22:06:17.0 (120240861)|ENTERING_MANAGED_PKG|tdc_tsw
22:06:17.0 (120448618)|ENTERING_MANAGED_PKG|tdc_tsw
22:06:17.0 (120849747)|ENTERING_MANAGED_PKG|tdc_tsw
22:06:17.0 (121945206)|ENTERING_MANAGED_PKG|tdc_tsw
22:06:17.0 (122717169)|ENTERING_MANAGED_PKG|tdc_tsw
22:06:17.0 (122954419)|ENTERING_MANAGED_PKG|tdc_tsw
22:06:17.0 (123354638)|ENTERING_MANAGED_PKG|tdc_tsw
22:06:17.0 (124439171)|ENTERING_MANAGED_PKG|tdc_tsw
22:06:17.0 (125204625)|ENTERING_MANAGED_PKG|tdc_tsw
22:06:17.0 (125407544)|ENTERING_MANAGED_PKG|tdc_tsw
22:06:17.0 (125808309)|ENTERING_MANAGED_PKG|tdc_tsw
22:06:17.0 (126893569)|ENTERING_MANAGED_PKG|tdc_tsw
22:06:17.0 (127648553)|ENTERING_MANAGED_PKG|tdc_tsw
22:06:17.0 (127883387)|ENTERING_MANAGED_PKG|tdc_tsw
22:06:17.0 (128557170)|ENTERING_MANAGED_PKG|tdc_tsw
22:06:17.0 (129737069)|ENTERING_MANAGED_PKG|tdc_tsw
22:06:17.0 (130500272)|ENTERING_MANAGED_PKG|tdc_tsw
22:06:17.0 (130730075)|ENTERING_MANAGED_PKG|tdc_tsw
22:06:17.0 (131231704)|ENTERING_MANAGED_PKG|tdc_tsw
22:06:17.0 (132412433)|ENTERING_MANAGED_PKG|tdc_tsw
22:06:17.0 (133177735)|ENTERING_MANAGED_PKG|tdc_tsw
22:06:17.0 (133408314)|ENTERING_MANAGED_PKG|tdc_tsw
22:06:17.0 (133910865)|ENTERING_MANAGED_PKG|tdc_tsw
22:06:17.0 (135227927)|ENTERING_MANAGED_PKG|tdc_tsw
22:06:17.0 (136049226)|ENTERING_MANAGED_PKG|tdc_tsw
22:06:17.0 (136123182)|ENTERING_MANAGED_PKG|tdc_tsw
22:06:17.0 (136761704)|SOQL_EXECUTE_BEGIN|[200]|Aggregations:0|SELECT Name, NamespacePrefix, SystemModStamp FROM StaticResource WHERE Name LIKE :tmpVar1 LIMIT 10
22:06:17.0 (139939662)|SOQL_EXECUTE_END|[200]|Rows:1
22:06:17.0 (140789923)|ENTERING_MANAGED_PKG|tdc_tsw
22:06:17.0 (141393843)|SOQL_EXECUTE_BEGIN|[200]|Aggregations:0|SELECT Name, NamespacePrefix, SystemModStamp FROM StaticResource WHERE Name LIKE :tmpVar1 LIMIT 10
22:06:17.0 (144373061)|SOQL_EXECUTE_END|[200]|Rows:1
22:06:17.0 (144878494)|ENTERING_MANAGED_PKG|tdc_tsw
22:06:17.0 (163738644)|ENTERING_MANAGED_PKG|tdc_tsw
22:06:17.0 (165367225)|ENTERING_MANAGED_PKG|tdc_tsw
22:06:17.0 (165672055)|ENTERING_MANAGED_PKG|tdc_tsw
22:06:17.0 (166625721)|ENTERING_MANAGED_PKG|tdc_tsw
22:06:17.0 (167098338)|SOQL_EXECUTE_BEGIN|[200]|Aggregations:0|SELECT Name, NamespacePrefix, SystemModStamp FROM StaticResource WHERE Name LIKE :tmpVar1 LIMIT 10
22:06:17.0 (170207653)|SOQL_EXECUTE_END|[200]|Rows:1
22:06:17.178 (178699696)|USER_INFO|[EXTERNAL]|0051H000009gxp8|chanida.dev2@solvedbysoftwareco.com|Eastern Standard Time|GMT-05:00
22:06:17.178 (180415831)|ENTERING_MANAGED_PKG|tdc_tsw
22:06:17.178 (180683005)|ENTERING_MANAGED_PKG|tdc_tsw
22:06:17.178 (183470694)|SOQL_EXECUTE_BEGIN|[355]|Aggregations:0|SELECT id, name, Disable_Incoming_SMS_Sharing__c FROM User WHERE id = :tmpVar1
22:06:17.178 (193974632)|SOQL_EXECUTE_END|[355]|Rows:1
22:06:17.178 (195373094)|SOQL_EXECUTE_BEGIN|[367]|Aggregations:0|SELECT CreatedDate,Id,LastModifiedDate,Related_Object_Id__c FROM Message__c WHERE Name = 'Incoming' AND Read__c = false ORDER BY CreatedDate Desc limit 100
22:06:17.178 (205232670)|SOQL_EXECUTE_END|[367]|Rows:100
