44.0 APEX_CODE,FINEST;APEX_PROFILING,INFO;CALLOUT,INFO;DB,INFO;NBA,INFO;SYSTEM,DEBUG;VALIDATION,INFO;VISUALFORCE,INFO;WAVE,INFO;WORKFLOW,INFO
13:58:32.0 (109981)|USER_INFO|[EXTERNAL]|0051H000009gxp8|chanida.dev2@solvedbysoftwareco.com|Eastern Standard Time|GMT-05:00
13:58:32.0 (2274045)|ENTERING_MANAGED_PKG|tdc_tsw
13:58:32.0 (2469751)|ENTERING_MANAGED_PKG|tdc_tsw
13:58:32.0 (2965081)|ENTERING_MANAGED_PKG|tdc_tsw
13:58:32.0 (3008490)|ENTERING_MANAGED_PKG|tdc_tsw
13:58:32.0 (3848630)|ENTERING_MANAGED_PKG|tdc_tsw
13:58:32.0 (4653946)|ENTERING_MANAGED_PKG|tdc_tsw
13:58:32.0 (6104043)|ENTERING_MANAGED_PKG|tdc_tsw
13:58:32.0 (6172412)|ENTERING_MANAGED_PKG|tdc_tsw
13:58:32.0 (7472594)|ENTERING_MANAGED_PKG|tdc_tsw
13:58:32.0 (13978609)|SOQL_EXECUTE_BEGIN|[82]|Aggregations:0|SELECT CreatedDate, Id,Task_Created__c,Event_Created__c,isCaseCreated__c,Task_Id__c,Event_Id__c,Case__c, Important__c, Delivered__c, Message_Text_New__c, Name, Owner.Name, Read__c,MessageId__c, ToNumber__c, Related_Object_Id__c, Related_Object__c, Sender_Number__c, LastModifiedDate, Attachments_Ids__c FROM Message__c WHERE Contact__c =: recordId ORDER BY CreatedDate Desc limit 200
13:58:32.0 (25838047)|SOQL_EXECUTE_END|[82]|Rows:4
13:58:32.0 (27427232)|ENTERING_MANAGED_PKG|tdc_tsw
13:58:32.0 (27740933)|ENTERING_MANAGED_PKG|tdc_tsw
13:58:32.0 (27814496)|ENTERING_MANAGED_PKG|tdc_tsw
13:58:32.0 (28411399)|SOQL_EXECUTE_BEGIN|[200]|Aggregations:0|SELECT Name, NamespacePrefix, SystemModStamp FROM StaticResource WHERE Name LIKE :tmpVar1 LIMIT 10
13:58:32.0 (30981141)|SOQL_EXECUTE_END|[200]|Rows:1
13:58:32.0 (32610680)|ENTERING_MANAGED_PKG|tdc_tsw
13:58:32.0 (34015915)|ENTERING_MANAGED_PKG|tdc_tsw
13:58:32.0 (34061715)|ENTERING_MANAGED_PKG|tdc_tsw
13:58:32.0 (36267346)|ENTERING_MANAGED_PKG|tdc_tsw
13:58:32.0 (37012933)|ENTERING_MANAGED_PKG|tdc_tsw
13:58:32.0 (38252014)|ENTERING_MANAGED_PKG|tdc_tsw
13:58:32.0 (39073194)|ENTERING_MANAGED_PKG|tdc_tsw
13:58:32.0 (40373389)|ENTERING_MANAGED_PKG|tdc_tsw
13:58:32.0 (41110226)|ENTERING_MANAGED_PKG|tdc_tsw
13:58:32.0 (45989594)|SOQL_EXECUTE_BEGIN|[172]|Aggregations:0|SELECT id, name FROM ChatTranscript__c WHERE (Chat_Active__c = TRUE AND (Related_Object_Id__c = :tmpVar1 OR Related_Object_Id__c = :tmpVar2)) LIMIT 1
13:58:32.0 (49304137)|SOQL_EXECUTE_END|[172]|Rows:0
13:58:32.0 (49678617)|ENTERING_MANAGED_PKG|tdc_tsw
13:58:32.0 (49715207)|ENTERING_MANAGED_PKG|tdc_tsw
