44.0 APEX_CODE,FINEST;APEX_PROFILING,INFO;CALLOUT,INFO;DB,INFO;NBA,INFO;SYSTEM,DEBUG;VALIDATION,INFO;VISUALFORCE,INFO;WAVE,INFO;WORKFLOW,INFO
23:17:36.0 (168137)|USER_INFO|[EXTERNAL]|0051H000009gxp8|chanida.dev2@solvedbysoftwareco.com|Eastern Standard Time|GMT-05:00
23:17:36.0 (2176548)|ENTERING_MANAGED_PKG|tdc_tsw
23:17:36.0 (2583536)|ENTERING_MANAGED_PKG|tdc_tsw
23:17:36.0 (5961090)|SOQL_EXECUTE_BEGIN|[16]|Aggregations:0|SELECT id, name, Disable_Incoming_SMS_Sharing__c FROM User WHERE id = :tmpVar1
23:17:36.0 (12608450)|SOQL_EXECUTE_END|[16]|Rows:1
23:17:36.0 (17910684)|SOQL_EXECUTE_BEGIN|[37]|Aggregations:0|SELECT CreatedDate,Created_Date__c,Id,LastModifiedDate,MessageId__c,Message_Text_New__c,Name,OwnerId,Read__c,Related_Object_Id__c,Related_Object__c,Sender_Number__c, Sender_Name__c,ToNumber__c,Attachments_Ids__c FROM Message__c WHERE Name = 'Incoming' AND Read__c = false ORDER BY CreatedDate Desc limit 100
23:17:36.0 (40098551)|SOQL_EXECUTE_END|[37]|Rows:100
23:17:36.0 (59080826)|ENTERING_MANAGED_PKG|tdc_tsw
23:17:36.0 (60786979)|ENTERING_MANAGED_PKG|tdc_tsw
23:17:36.0 (61262446)|ENTERING_MANAGED_PKG|tdc_tsw
23:17:36.0 (61924219)|ENTERING_MANAGED_PKG|tdc_tsw
23:17:36.0 (64530082)|ENTERING_MANAGED_PKG|tdc_tsw
23:17:36.0 (65349528)|ENTERING_MANAGED_PKG|tdc_tsw
23:17:36.0 (65585384)|ENTERING_MANAGED_PKG|tdc_tsw
23:17:36.0 (65986492)|ENTERING_MANAGED_PKG|tdc_tsw
23:17:36.0 (67073970)|ENTERING_MANAGED_PKG|tdc_tsw
23:17:36.0 (67848006)|ENTERING_MANAGED_PKG|tdc_tsw
23:17:36.0 (68077308)|ENTERING_MANAGED_PKG|tdc_tsw
23:17:36.0 (68483821)|ENTERING_MANAGED_PKG|tdc_tsw
23:17:36.0 (69568913)|ENTERING_MANAGED_PKG|tdc_tsw
23:17:36.0 (70377055)|ENTERING_MANAGED_PKG|tdc_tsw
23:17:36.0 (70609927)|ENTERING_MANAGED_PKG|tdc_tsw
23:17:36.0 (71005085)|ENTERING_MANAGED_PKG|tdc_tsw
23:17:36.0 (72086848)|ENTERING_MANAGED_PKG|tdc_tsw
23:17:36.0 (72857099)|ENTERING_MANAGED_PKG|tdc_tsw
23:17:36.0 (73086931)|ENTERING_MANAGED_PKG|tdc_tsw
23:17:36.0 (73490910)|ENTERING_MANAGED_PKG|tdc_tsw
23:17:36.0 (74604678)|ENTERING_MANAGED_PKG|tdc_tsw
23:17:36.0 (75406458)|ENTERING_MANAGED_PKG|tdc_tsw
23:17:36.0 (75637569)|ENTERING_MANAGED_PKG|tdc_tsw
23:17:36.0 (76031956)|ENTERING_MANAGED_PKG|tdc_tsw
23:17:36.0 (77115749)|ENTERING_MANAGED_PKG|tdc_tsw
23:17:36.0 (77883239)|ENTERING_MANAGED_PKG|tdc_tsw
23:17:36.0 (78113680)|ENTERING_MANAGED_PKG|tdc_tsw
23:17:36.0 (78546307)|ENTERING_MANAGED_PKG|tdc_tsw
23:17:36.0 (79627651)|ENTERING_MANAGED_PKG|tdc_tsw
23:17:36.0 (80381714)|ENTERING_MANAGED_PKG|tdc_tsw
23:17:36.0 (80612147)|ENTERING_MANAGED_PKG|tdc_tsw
23:17:36.0 (81006763)|ENTERING_MANAGED_PKG|tdc_tsw
23:17:36.0 (82091497)|ENTERING_MANAGED_PKG|tdc_tsw
23:17:36.0 (82856970)|ENTERING_MANAGED_PKG|tdc_tsw
23:17:36.0 (83092084)|ENTERING_MANAGED_PKG|tdc_tsw
23:17:36.0 (83495740)|ENTERING_MANAGED_PKG|tdc_tsw
23:17:36.0 (84587896)|ENTERING_MANAGED_PKG|tdc_tsw
23:17:36.0 (85393223)|ENTERING_MANAGED_PKG|tdc_tsw
23:17:36.0 (85647715)|ENTERING_MANAGED_PKG|tdc_tsw
23:17:36.0 (86059594)|ENTERING_MANAGED_PKG|tdc_tsw
23:17:36.0 (87144353)|ENTERING_MANAGED_PKG|tdc_tsw
23:17:36.0 (87907390)|ENTERING_MANAGED_PKG|tdc_tsw
23:17:36.0 (88137443)|ENTERING_MANAGED_PKG|tdc_tsw
23:17:36.0 (88544426)|ENTERING_MANAGED_PKG|tdc_tsw
23:17:36.0 (89613182)|ENTERING_MANAGED_PKG|tdc_tsw
23:17:36.0 (90370755)|ENTERING_MANAGED_PKG|tdc_tsw
23:17:36.0 (90602609)|ENTERING_MANAGED_PKG|tdc_tsw
23:17:36.0 (90997344)|ENTERING_MANAGED_PKG|tdc_tsw
23:17:36.0 (92076117)|ENTERING_MANAGED_PKG|tdc_tsw
23:17:36.0 (92831360)|ENTERING_MANAGED_PKG|tdc_tsw
23:17:36.0 (93062794)|ENTERING_MANAGED_PKG|tdc_tsw
23:17:36.0 (93457038)|ENTERING_MANAGED_PKG|tdc_tsw
23:17:36.0 (94496450)|ENTERING_MANAGED_PKG|tdc_tsw
23:17:36.0 (95267471)|ENTERING_MANAGED_PKG|tdc_tsw
23:17:36.0 (95509169)|ENTERING_MANAGED_PKG|tdc_tsw
23:17:36.0 (95904911)|ENTERING_MANAGED_PKG|tdc_tsw
23:17:36.0 (96999586)|ENTERING_MANAGED_PKG|tdc_tsw
23:17:36.0 (106022163)|ENTERING_MANAGED_PKG|tdc_tsw
23:17:36.0 (106300285)|ENTERING_MANAGED_PKG|tdc_tsw
23:17:36.0 (106737836)|ENTERING_MANAGED_PKG|tdc_tsw
23:17:36.0 (107865959)|ENTERING_MANAGED_PKG|tdc_tsw
23:17:36.0 (108657985)|ENTERING_MANAGED_PKG|tdc_tsw
23:17:36.0 (108877247)|ENTERING_MANAGED_PKG|tdc_tsw
23:17:36.0 (109250088)|ENTERING_MANAGED_PKG|tdc_tsw
23:17:36.0 (110282649)|ENTERING_MANAGED_PKG|tdc_tsw
23:17:36.0 (111013355)|ENTERING_MANAGED_PKG|tdc_tsw
23:17:36.0 (111237237)|ENTERING_MANAGED_PKG|tdc_tsw
23:17:36.0 (111618970)|ENTERING_MANAGED_PKG|tdc_tsw
23:17:36.0 (112632340)|ENTERING_MANAGED_PKG|tdc_tsw
23:17:36.0 (113364474)|ENTERING_MANAGED_PKG|tdc_tsw
23:17:36.0 (113592202)|ENTERING_MANAGED_PKG|tdc_tsw
23:17:36.0 (114000552)|ENTERING_MANAGED_PKG|tdc_tsw
23:17:36.0 (115041296)|ENTERING_MANAGED_PKG|tdc_tsw
23:17:36.0 (115823617)|ENTERING_MANAGED_PKG|tdc_tsw
23:17:36.0 (116044197)|ENTERING_MANAGED_PKG|tdc_tsw
23:17:36.0 (116429846)|ENTERING_MANAGED_PKG|tdc_tsw
23:17:36.0 (117477682)|ENTERING_MANAGED_PKG|tdc_tsw
23:17:36.0 (118237565)|ENTERING_MANAGED_PKG|tdc_tsw
23:17:36.0 (118476180)|ENTERING_MANAGED_PKG|tdc_tsw
23:17:36.0 (118872573)|ENTERING_MANAGED_PKG|tdc_tsw
23:17:36.0 (119968083)|ENTERING_MANAGED_PKG|tdc_tsw
23:17:36.0 (120760247)|ENTERING_MANAGED_PKG|tdc_tsw
23:17:36.0 (120999365)|ENTERING_MANAGED_PKG|tdc_tsw
23:17:36.0 (121405562)|ENTERING_MANAGED_PKG|tdc_tsw
23:17:36.0 (122490852)|ENTERING_MANAGED_PKG|tdc_tsw
23:17:36.0 (131004901)|ENTERING_MANAGED_PKG|tdc_tsw
23:17:36.0 (131263046)|ENTERING_MANAGED_PKG|tdc_tsw
23:17:36.0 (131698532)|ENTERING_MANAGED_PKG|tdc_tsw
23:17:36.0 (132843211)|ENTERING_MANAGED_PKG|tdc_tsw
23:17:36.0 (133614019)|ENTERING_MANAGED_PKG|tdc_tsw
23:17:36.0 (133845498)|ENTERING_MANAGED_PKG|tdc_tsw
23:17:36.0 (134240654)|ENTERING_MANAGED_PKG|tdc_tsw
23:17:36.0 (135330583)|ENTERING_MANAGED_PKG|tdc_tsw
23:17:36.0 (136112019)|ENTERING_MANAGED_PKG|tdc_tsw
23:17:36.0 (136354594)|ENTERING_MANAGED_PKG|tdc_tsw
23:17:36.0 (136748328)|ENTERING_MANAGED_PKG|tdc_tsw
23:17:36.0 (137828218)|ENTERING_MANAGED_PKG|tdc_tsw
23:17:36.0 (138589795)|ENTERING_MANAGED_PKG|tdc_tsw
23:17:36.0 (138823032)|ENTERING_MANAGED_PKG|tdc_tsw
23:17:36.0 (139211820)|ENTERING_MANAGED_PKG|tdc_tsw
23:17:36.0 (140286296)|ENTERING_MANAGED_PKG|tdc_tsw
23:17:36.0 (141073591)|ENTERING_MANAGED_PKG|tdc_tsw
23:17:36.0 (141303989)|ENTERING_MANAGED_PKG|tdc_tsw
23:17:36.0 (141707085)|ENTERING_MANAGED_PKG|tdc_tsw
23:17:36.0 (142811642)|ENTERING_MANAGED_PKG|tdc_tsw
23:17:36.0 (143587729)|ENTERING_MANAGED_PKG|tdc_tsw
23:17:36.0 (143816004)|ENTERING_MANAGED_PKG|tdc_tsw
23:17:36.0 (144205252)|ENTERING_MANAGED_PKG|tdc_tsw
23:17:36.0 (145243445)|ENTERING_MANAGED_PKG|tdc_tsw
23:17:36.0 (145995679)|ENTERING_MANAGED_PKG|tdc_tsw
23:17:36.0 (146225659)|ENTERING_MANAGED_PKG|tdc_tsw
23:17:36.0 (146623827)|ENTERING_MANAGED_PKG|tdc_tsw
23:17:36.0 (147701460)|ENTERING_MANAGED_PKG|tdc_tsw
23:17:36.0 (148456578)|ENTERING_MANAGED_PKG|tdc_tsw
23:17:36.0 (148687956)|ENTERING_MANAGED_PKG|tdc_tsw
23:17:36.0 (149080596)|ENTERING_MANAGED_PKG|tdc_tsw
23:17:36.0 (150162362)|ENTERING_MANAGED_PKG|tdc_tsw
23:17:36.0 (150954717)|ENTERING_MANAGED_PKG|tdc_tsw
23:17:36.0 (151184875)|ENTERING_MANAGED_PKG|tdc_tsw
23:17:36.0 (151585674)|ENTERING_MANAGED_PKG|tdc_tsw
23:17:36.0 (152667538)|ENTERING_MANAGED_PKG|tdc_tsw
23:17:36.0 (153431632)|ENTERING_MANAGED_PKG|tdc_tsw
23:17:36.0 (153662961)|ENTERING_MANAGED_PKG|tdc_tsw
23:17:36.0 (154054799)|ENTERING_MANAGED_PKG|tdc_tsw
23:17:36.0 (155139428)|ENTERING_MANAGED_PKG|tdc_tsw
23:17:36.0 (155901776)|ENTERING_MANAGED_PKG|tdc_tsw
23:17:36.0 (156132475)|ENTERING_MANAGED_PKG|tdc_tsw
23:17:36.0 (156570114)|ENTERING_MANAGED_PKG|tdc_tsw
23:17:36.0 (157659557)|ENTERING_MANAGED_PKG|tdc_tsw
23:17:36.0 (158420200)|ENTERING_MANAGED_PKG|tdc_tsw
23:17:36.0 (158651764)|ENTERING_MANAGED_PKG|tdc_tsw
23:17:36.0 (159057289)|ENTERING_MANAGED_PKG|tdc_tsw
23:17:36.0 (160152088)|ENTERING_MANAGED_PKG|tdc_tsw
23:17:36.0 (160954206)|ENTERING_MANAGED_PKG|tdc_tsw
23:17:36.0 (161185901)|ENTERING_MANAGED_PKG|tdc_tsw
23:17:36.0 (161595290)|ENTERING_MANAGED_PKG|tdc_tsw
23:17:36.0 (162690474)|ENTERING_MANAGED_PKG|tdc_tsw
23:17:36.0 (163459434)|ENTERING_MANAGED_PKG|tdc_tsw
23:17:36.0 (163691197)|ENTERING_MANAGED_PKG|tdc_tsw
23:17:36.0 (164090110)|ENTERING_MANAGED_PKG|tdc_tsw
23:17:36.0 (165179900)|ENTERING_MANAGED_PKG|tdc_tsw
23:17:36.0 (165940313)|ENTERING_MANAGED_PKG|tdc_tsw
23:17:36.0 (166169767)|ENTERING_MANAGED_PKG|tdc_tsw
23:17:36.0 (166583620)|ENTERING_MANAGED_PKG|tdc_tsw
23:17:36.0 (167672719)|ENTERING_MANAGED_PKG|tdc_tsw
23:17:36.0 (168435533)|ENTERING_MANAGED_PKG|tdc_tsw
23:17:36.0 (168666384)|ENTERING_MANAGED_PKG|tdc_tsw
23:17:36.0 (169063167)|ENTERING_MANAGED_PKG|tdc_tsw
23:17:36.0 (170151959)|ENTERING_MANAGED_PKG|tdc_tsw
23:17:36.0 (170941399)|ENTERING_MANAGED_PKG|tdc_tsw
23:17:36.0 (171170449)|ENTERING_MANAGED_PKG|tdc_tsw
23:17:36.0 (171582292)|ENTERING_MANAGED_PKG|tdc_tsw
23:17:36.0 (172668046)|ENTERING_MANAGED_PKG|tdc_tsw
23:17:36.0 (173427571)|ENTERING_MANAGED_PKG|tdc_tsw
23:17:36.0 (173657601)|ENTERING_MANAGED_PKG|tdc_tsw
23:17:36.0 (174054862)|ENTERING_MANAGED_PKG|tdc_tsw
23:17:36.0 (175133986)|ENTERING_MANAGED_PKG|tdc_tsw
23:17:36.0 (175899760)|ENTERING_MANAGED_PKG|tdc_tsw
23:17:36.0 (176128804)|ENTERING_MANAGED_PKG|tdc_tsw
23:17:36.0 (176538750)|ENTERING_MANAGED_PKG|tdc_tsw
23:17:36.0 (177632801)|ENTERING_MANAGED_PKG|tdc_tsw
23:17:36.0 (178377254)|ENTERING_MANAGED_PKG|tdc_tsw
23:17:36.0 (178605942)|ENTERING_MANAGED_PKG|tdc_tsw
23:17:36.0 (178992782)|ENTERING_MANAGED_PKG|tdc_tsw
23:17:36.0 (180073334)|ENTERING_MANAGED_PKG|tdc_tsw
23:17:36.0 (180847717)|ENTERING_MANAGED_PKG|tdc_tsw
23:17:36.0 (181066392)|ENTERING_MANAGED_PKG|tdc_tsw
23:17:36.0 (181525184)|ENTERING_MANAGED_PKG|tdc_tsw
23:17:36.0 (182588233)|ENTERING_MANAGED_PKG|tdc_tsw
23:17:36.0 (183314078)|ENTERING_MANAGED_PKG|tdc_tsw
23:17:36.0 (183552803)|ENTERING_MANAGED_PKG|tdc_tsw
23:17:36.0 (183924513)|ENTERING_MANAGED_PKG|tdc_tsw
23:17:36.0 (184999307)|ENTERING_MANAGED_PKG|tdc_tsw
23:17:36.0 (185757140)|ENTERING_MANAGED_PKG|tdc_tsw
23:17:36.0 (185986322)|ENTERING_MANAGED_PKG|tdc_tsw
23:17:36.0 (186387264)|ENTERING_MANAGED_PKG|tdc_tsw
23:17:36.0 (187443314)|ENTERING_MANAGED_PKG|tdc_tsw
23:17:36.0 (188169259)|ENTERING_MANAGED_PKG|tdc_tsw
23:17:36.0 (188398360)|ENTERING_MANAGED_PKG|tdc_tsw
23:17:36.0 (188770892)|ENTERING_MANAGED_PKG|tdc_tsw
23:17:36.0 (189820764)|ENTERING_MANAGED_PKG|tdc_tsw
23:17:36.0 (190581191)|ENTERING_MANAGED_PKG|tdc_tsw
23:17:36.0 (190831944)|ENTERING_MANAGED_PKG|tdc_tsw
23:17:36.0 (191252819)|ENTERING_MANAGED_PKG|tdc_tsw
23:17:36.0 (192357410)|ENTERING_MANAGED_PKG|tdc_tsw
23:17:36.0 (193110082)|ENTERING_MANAGED_PKG|tdc_tsw
23:17:36.0 (193347770)|ENTERING_MANAGED_PKG|tdc_tsw
23:17:36.0 (193748893)|ENTERING_MANAGED_PKG|tdc_tsw
23:17:36.0 (194840780)|ENTERING_MANAGED_PKG|tdc_tsw
23:17:36.0 (195601572)|ENTERING_MANAGED_PKG|tdc_tsw
23:17:36.0 (195833534)|ENTERING_MANAGED_PKG|tdc_tsw
23:17:36.0 (196232827)|ENTERING_MANAGED_PKG|tdc_tsw
23:17:36.0 (197368455)|ENTERING_MANAGED_PKG|tdc_tsw
23:17:36.0 (198161507)|ENTERING_MANAGED_PKG|tdc_tsw
23:17:36.0 (200510151)|ENTERING_MANAGED_PKG|tdc_tsw
23:17:36.0 (200945024)|ENTERING_MANAGED_PKG|tdc_tsw
23:17:36.0 (202084490)|ENTERING_MANAGED_PKG|tdc_tsw
23:17:36.0 (202861106)|ENTERING_MANAGED_PKG|tdc_tsw
23:17:36.0 (203071992)|ENTERING_MANAGED_PKG|tdc_tsw
23:17:36.0 (203482417)|ENTERING_MANAGED_PKG|tdc_tsw
23:17:36.0 (204562573)|ENTERING_MANAGED_PKG|tdc_tsw
23:17:36.0 (205335293)|ENTERING_MANAGED_PKG|tdc_tsw
23:17:36.0 (205563257)|ENTERING_MANAGED_PKG|tdc_tsw
23:17:36.0 (205960930)|ENTERING_MANAGED_PKG|tdc_tsw
23:17:36.0 (207053991)|ENTERING_MANAGED_PKG|tdc_tsw
23:17:36.0 (207826931)|ENTERING_MANAGED_PKG|tdc_tsw
23:17:36.0 (208055297)|ENTERING_MANAGED_PKG|tdc_tsw
23:17:36.0 (208462667)|ENTERING_MANAGED_PKG|tdc_tsw
23:17:36.0 (209668007)|ENTERING_MANAGED_PKG|tdc_tsw
23:17:36.0 (210438394)|ENTERING_MANAGED_PKG|tdc_tsw
23:17:36.0 (210509136)|ENTERING_MANAGED_PKG|tdc_tsw
23:17:36.0 (211041556)|SOQL_EXECUTE_BEGIN|[200]|Aggregations:0|SELECT Name, NamespacePrefix, SystemModStamp FROM StaticResource WHERE Name LIKE :tmpVar1 LIMIT 10
23:17:36.0 (214406876)|SOQL_EXECUTE_END|[200]|Rows:1
23:17:36.0 (215453055)|ENTERING_MANAGED_PKG|tdc_tsw
23:17:36.0 (215837076)|SOQL_EXECUTE_BEGIN|[200]|Aggregations:0|SELECT Name, NamespacePrefix, SystemModStamp FROM StaticResource WHERE Name LIKE :tmpVar1 LIMIT 10
23:17:36.0 (218393875)|SOQL_EXECUTE_END|[200]|Rows:1
23:17:36.0 (218834751)|ENTERING_MANAGED_PKG|tdc_tsw
23:17:36.0 (222456579)|ENTERING_MANAGED_PKG|tdc_tsw
23:17:36.0 (224473743)|ENTERING_MANAGED_PKG|tdc_tsw
23:17:36.0 (224786916)|ENTERING_MANAGED_PKG|tdc_tsw
23:17:36.0 (226136177)|ENTERING_MANAGED_PKG|tdc_tsw
23:17:36.0 (226755748)|SOQL_EXECUTE_BEGIN|[200]|Aggregations:0|SELECT Name, NamespacePrefix, SystemModStamp FROM StaticResource WHERE Name LIKE :tmpVar1 LIMIT 10
23:17:36.0 (229875266)|SOQL_EXECUTE_END|[200]|Rows:1
23:17:36.268 (268020432)|USER_INFO|[EXTERNAL]|0051H000009gxp8|chanida.dev2@solvedbysoftwareco.com|Eastern Standard Time|GMT-05:00
23:17:36.268 (269869772)|ENTERING_MANAGED_PKG|tdc_tsw
23:17:36.268 (270089996)|ENTERING_MANAGED_PKG|tdc_tsw
23:17:36.268 (272531790)|SOQL_EXECUTE_BEGIN|[355]|Aggregations:0|SELECT id, name, Disable_Incoming_SMS_Sharing__c FROM User WHERE id = :tmpVar1
23:17:36.268 (278439191)|SOQL_EXECUTE_END|[355]|Rows:1
23:17:36.268 (279987961)|SOQL_EXECUTE_BEGIN|[367]|Aggregations:0|SELECT CreatedDate,Id,LastModifiedDate,Related_Object_Id__c FROM Message__c WHERE Name = 'Incoming' AND Read__c = false ORDER BY CreatedDate Desc limit 100
23:17:36.268 (291561785)|SOQL_EXECUTE_END|[367]|Rows:100
