44.0 APEX_CODE,FINEST;APEX_PROFILING,INFO;CALLOUT,INFO;DB,INFO;NBA,INFO;SYSTEM,DEBUG;VALIDATION,INFO;VISUALFORCE,INFO;WAVE,INFO;WORKFLOW,INFO
16:59:00.0 (140798)|USER_INFO|[EXTERNAL]|0051H000009gxp8|chanida.dev2@solvedbysoftwareco.com|Eastern Standard Time|GMT-05:00
16:59:00.0 (1894660)|ENTERING_MANAGED_PKG|tdc_tsw
16:59:00.0 (2419551)|ENTERING_MANAGED_PKG|tdc_tsw
16:59:00.0 (7009953)|SOQL_EXECUTE_BEGIN|[16]|Aggregations:0|SELECT id, name, Disable_Incoming_SMS_Sharing__c FROM User WHERE id = :tmpVar1
16:59:00.0 (16325831)|SOQL_EXECUTE_END|[16]|Rows:1
16:59:00.0 (23291478)|SOQL_EXECUTE_BEGIN|[37]|Aggregations:0|SELECT CreatedDate,Created_Date__c,Id,LastModifiedDate,MessageId__c,Message_Text_New__c,Name,OwnerId,Read__c,Related_Object_Id__c,Related_Object__c,Sender_Number__c, Sender_Name__c,ToNumber__c,Attachments_Ids__c FROM Message__c WHERE Name = 'Incoming' AND Read__c = false ORDER BY CreatedDate Desc limit 100
16:59:00.0 (41522709)|SOQL_EXECUTE_END|[37]|Rows:100
16:59:00.0 (60458407)|ENTERING_MANAGED_PKG|tdc_tsw
16:59:00.0 (62268624)|ENTERING_MANAGED_PKG|tdc_tsw
16:59:00.0 (62728987)|ENTERING_MANAGED_PKG|tdc_tsw
16:59:00.0 (63380602)|ENTERING_MANAGED_PKG|tdc_tsw
16:59:00.0 (66471519)|ENTERING_MANAGED_PKG|tdc_tsw
16:59:00.0 (67461403)|ENTERING_MANAGED_PKG|tdc_tsw
16:59:00.0 (67743016)|ENTERING_MANAGED_PKG|tdc_tsw
16:59:00.0 (68183956)|ENTERING_MANAGED_PKG|tdc_tsw
16:59:00.0 (69432029)|ENTERING_MANAGED_PKG|tdc_tsw
16:59:00.0 (70618050)|ENTERING_MANAGED_PKG|tdc_tsw
16:59:00.0 (70980278)|ENTERING_MANAGED_PKG|tdc_tsw
16:59:00.0 (71673469)|ENTERING_MANAGED_PKG|tdc_tsw
16:59:00.0 (73363043)|ENTERING_MANAGED_PKG|tdc_tsw
16:59:00.0 (74609129)|ENTERING_MANAGED_PKG|tdc_tsw
16:59:00.0 (74989182)|ENTERING_MANAGED_PKG|tdc_tsw
16:59:00.0 (75791556)|ENTERING_MANAGED_PKG|tdc_tsw
16:59:00.0 (78100596)|ENTERING_MANAGED_PKG|tdc_tsw
16:59:00.0 (79467144)|ENTERING_MANAGED_PKG|tdc_tsw
16:59:00.0 (80106416)|ENTERING_MANAGED_PKG|tdc_tsw
16:59:00.0 (80581272)|ENTERING_MANAGED_PKG|tdc_tsw
16:59:00.0 (81700967)|ENTERING_MANAGED_PKG|tdc_tsw
16:59:00.0 (82473929)|ENTERING_MANAGED_PKG|tdc_tsw
16:59:00.0 (82713327)|ENTERING_MANAGED_PKG|tdc_tsw
16:59:00.0 (83218370)|ENTERING_MANAGED_PKG|tdc_tsw
16:59:00.0 (84352149)|ENTERING_MANAGED_PKG|tdc_tsw
16:59:00.0 (85234177)|ENTERING_MANAGED_PKG|tdc_tsw
16:59:00.0 (85539383)|ENTERING_MANAGED_PKG|tdc_tsw
16:59:00.0 (86043314)|ENTERING_MANAGED_PKG|tdc_tsw
16:59:00.0 (87317738)|ENTERING_MANAGED_PKG|tdc_tsw
16:59:00.0 (88132309)|ENTERING_MANAGED_PKG|tdc_tsw
16:59:00.0 (88381977)|ENTERING_MANAGED_PKG|tdc_tsw
16:59:00.0 (88767970)|ENTERING_MANAGED_PKG|tdc_tsw
16:59:00.0 (89962327)|ENTERING_MANAGED_PKG|tdc_tsw
16:59:00.0 (90813980)|ENTERING_MANAGED_PKG|tdc_tsw
16:59:00.0 (91047812)|ENTERING_MANAGED_PKG|tdc_tsw
16:59:00.0 (91452445)|ENTERING_MANAGED_PKG|tdc_tsw
16:59:00.0 (92551729)|ENTERING_MANAGED_PKG|tdc_tsw
16:59:00.0 (93373103)|ENTERING_MANAGED_PKG|tdc_tsw
16:59:00.0 (93608010)|ENTERING_MANAGED_PKG|tdc_tsw
16:59:00.0 (94014460)|ENTERING_MANAGED_PKG|tdc_tsw
16:59:00.0 (95143921)|ENTERING_MANAGED_PKG|tdc_tsw
16:59:00.0 (95938632)|ENTERING_MANAGED_PKG|tdc_tsw
16:59:00.0 (96215463)|ENTERING_MANAGED_PKG|tdc_tsw
16:59:00.0 (96621795)|ENTERING_MANAGED_PKG|tdc_tsw
16:59:00.0 (97710495)|ENTERING_MANAGED_PKG|tdc_tsw
16:59:00.0 (98513517)|ENTERING_MANAGED_PKG|tdc_tsw
16:59:00.0 (98758522)|ENTERING_MANAGED_PKG|tdc_tsw
16:59:00.0 (99259294)|ENTERING_MANAGED_PKG|tdc_tsw
16:59:00.0 (100704640)|ENTERING_MANAGED_PKG|tdc_tsw
16:59:00.0 (101691884)|ENTERING_MANAGED_PKG|tdc_tsw
16:59:00.0 (102003767)|ENTERING_MANAGED_PKG|tdc_tsw
16:59:00.0 (102585646)|ENTERING_MANAGED_PKG|tdc_tsw
16:59:00.0 (104145164)|ENTERING_MANAGED_PKG|tdc_tsw
16:59:00.0 (104971160)|ENTERING_MANAGED_PKG|tdc_tsw
16:59:00.0 (105211844)|ENTERING_MANAGED_PKG|tdc_tsw
16:59:00.0 (105618300)|ENTERING_MANAGED_PKG|tdc_tsw
16:59:00.0 (106711752)|ENTERING_MANAGED_PKG|tdc_tsw
16:59:00.0 (107481343)|ENTERING_MANAGED_PKG|tdc_tsw
16:59:00.0 (107714870)|ENTERING_MANAGED_PKG|tdc_tsw
16:59:00.0 (108103932)|ENTERING_MANAGED_PKG|tdc_tsw
16:59:00.0 (109219812)|ENTERING_MANAGED_PKG|tdc_tsw
16:59:00.0 (110001900)|ENTERING_MANAGED_PKG|tdc_tsw
16:59:00.0 (110232477)|ENTERING_MANAGED_PKG|tdc_tsw
16:59:00.0 (110730031)|ENTERING_MANAGED_PKG|tdc_tsw
16:59:00.0 (112157919)|ENTERING_MANAGED_PKG|tdc_tsw
16:59:00.0 (112922859)|ENTERING_MANAGED_PKG|tdc_tsw
16:59:00.0 (113161736)|ENTERING_MANAGED_PKG|tdc_tsw
16:59:00.0 (113573176)|ENTERING_MANAGED_PKG|tdc_tsw
16:59:00.0 (114799080)|ENTERING_MANAGED_PKG|tdc_tsw
16:59:00.0 (115747621)|ENTERING_MANAGED_PKG|tdc_tsw
16:59:00.0 (116034707)|ENTERING_MANAGED_PKG|tdc_tsw
16:59:00.0 (116527060)|ENTERING_MANAGED_PKG|tdc_tsw
16:59:00.0 (117817584)|ENTERING_MANAGED_PKG|tdc_tsw
16:59:00.0 (118616192)|ENTERING_MANAGED_PKG|tdc_tsw
16:59:00.0 (118858985)|ENTERING_MANAGED_PKG|tdc_tsw
16:59:00.0 (119449440)|ENTERING_MANAGED_PKG|tdc_tsw
16:59:00.0 (120823392)|ENTERING_MANAGED_PKG|tdc_tsw
16:59:00.0 (121598897)|ENTERING_MANAGED_PKG|tdc_tsw
16:59:00.0 (121833107)|ENTERING_MANAGED_PKG|tdc_tsw
16:59:00.0 (122241470)|ENTERING_MANAGED_PKG|tdc_tsw
16:59:00.0 (123329703)|ENTERING_MANAGED_PKG|tdc_tsw
16:59:00.0 (124110972)|ENTERING_MANAGED_PKG|tdc_tsw
16:59:00.0 (124348488)|ENTERING_MANAGED_PKG|tdc_tsw
16:59:00.0 (124736112)|ENTERING_MANAGED_PKG|tdc_tsw
16:59:00.0 (125826584)|ENTERING_MANAGED_PKG|tdc_tsw
16:59:00.0 (126650914)|ENTERING_MANAGED_PKG|tdc_tsw
16:59:00.0 (126895835)|ENTERING_MANAGED_PKG|tdc_tsw
16:59:00.0 (127292212)|ENTERING_MANAGED_PKG|tdc_tsw
16:59:00.0 (128405295)|ENTERING_MANAGED_PKG|tdc_tsw
16:59:00.0 (129183793)|ENTERING_MANAGED_PKG|tdc_tsw
16:59:00.0 (129450870)|ENTERING_MANAGED_PKG|tdc_tsw
16:59:00.0 (129867484)|ENTERING_MANAGED_PKG|tdc_tsw
16:59:00.0 (131077491)|ENTERING_MANAGED_PKG|tdc_tsw
16:59:00.0 (132050333)|ENTERING_MANAGED_PKG|tdc_tsw
16:59:00.0 (132267665)|ENTERING_MANAGED_PKG|tdc_tsw
16:59:00.0 (132749647)|ENTERING_MANAGED_PKG|tdc_tsw
16:59:00.0 (133946691)|ENTERING_MANAGED_PKG|tdc_tsw
16:59:00.0 (134731691)|ENTERING_MANAGED_PKG|tdc_tsw
16:59:00.0 (134965273)|ENTERING_MANAGED_PKG|tdc_tsw
16:59:00.0 (135395683)|ENTERING_MANAGED_PKG|tdc_tsw
16:59:00.0 (136872264)|ENTERING_MANAGED_PKG|tdc_tsw
16:59:00.0 (137889900)|ENTERING_MANAGED_PKG|tdc_tsw
16:59:00.0 (138203108)|ENTERING_MANAGED_PKG|tdc_tsw
16:59:00.0 (138726634)|ENTERING_MANAGED_PKG|tdc_tsw
16:59:00.0 (140111632)|ENTERING_MANAGED_PKG|tdc_tsw
16:59:00.0 (141037925)|ENTERING_MANAGED_PKG|tdc_tsw
16:59:00.0 (141280682)|ENTERING_MANAGED_PKG|tdc_tsw
16:59:00.0 (141796868)|ENTERING_MANAGED_PKG|tdc_tsw
16:59:00.0 (143176576)|ENTERING_MANAGED_PKG|tdc_tsw
16:59:00.0 (144126779)|ENTERING_MANAGED_PKG|tdc_tsw
16:59:00.0 (144433364)|ENTERING_MANAGED_PKG|tdc_tsw
16:59:00.0 (144825976)|ENTERING_MANAGED_PKG|tdc_tsw
16:59:00.0 (146111161)|ENTERING_MANAGED_PKG|tdc_tsw
16:59:00.0 (147125595)|ENTERING_MANAGED_PKG|tdc_tsw
16:59:00.0 (147536774)|ENTERING_MANAGED_PKG|tdc_tsw
16:59:00.0 (148069557)|ENTERING_MANAGED_PKG|tdc_tsw
16:59:00.0 (149396394)|ENTERING_MANAGED_PKG|tdc_tsw
16:59:00.0 (150311346)|ENTERING_MANAGED_PKG|tdc_tsw
16:59:00.0 (150556330)|ENTERING_MANAGED_PKG|tdc_tsw
16:59:00.0 (151193579)|ENTERING_MANAGED_PKG|tdc_tsw
16:59:00.0 (152989470)|ENTERING_MANAGED_PKG|tdc_tsw
16:59:00.0 (153952510)|ENTERING_MANAGED_PKG|tdc_tsw
16:59:00.0 (154279694)|ENTERING_MANAGED_PKG|tdc_tsw
16:59:00.0 (154764093)|ENTERING_MANAGED_PKG|tdc_tsw
16:59:00.0 (155975655)|ENTERING_MANAGED_PKG|tdc_tsw
16:59:00.0 (156797358)|ENTERING_MANAGED_PKG|tdc_tsw
16:59:00.0 (157035994)|ENTERING_MANAGED_PKG|tdc_tsw
16:59:00.0 (157469965)|ENTERING_MANAGED_PKG|tdc_tsw
16:59:00.0 (158706418)|ENTERING_MANAGED_PKG|tdc_tsw
16:59:00.0 (159486425)|ENTERING_MANAGED_PKG|tdc_tsw
16:59:00.0 (159860946)|ENTERING_MANAGED_PKG|tdc_tsw
16:59:00.0 (160534188)|ENTERING_MANAGED_PKG|tdc_tsw
16:59:00.0 (162277365)|ENTERING_MANAGED_PKG|tdc_tsw
16:59:00.0 (163156369)|ENTERING_MANAGED_PKG|tdc_tsw
16:59:00.0 (163414816)|ENTERING_MANAGED_PKG|tdc_tsw
16:59:00.0 (163876136)|ENTERING_MANAGED_PKG|tdc_tsw
16:59:00.0 (165016275)|ENTERING_MANAGED_PKG|tdc_tsw
16:59:00.0 (165875384)|ENTERING_MANAGED_PKG|tdc_tsw
16:59:00.0 (166132044)|ENTERING_MANAGED_PKG|tdc_tsw
16:59:00.0 (166603563)|ENTERING_MANAGED_PKG|tdc_tsw
16:59:00.0 (167970826)|ENTERING_MANAGED_PKG|tdc_tsw
16:59:00.0 (168938806)|ENTERING_MANAGED_PKG|tdc_tsw
16:59:00.0 (169279765)|ENTERING_MANAGED_PKG|tdc_tsw
16:59:00.0 (169929906)|ENTERING_MANAGED_PKG|tdc_tsw
16:59:00.0 (171542146)|ENTERING_MANAGED_PKG|tdc_tsw
16:59:00.0 (172581436)|ENTERING_MANAGED_PKG|tdc_tsw
16:59:00.0 (172827066)|ENTERING_MANAGED_PKG|tdc_tsw
16:59:00.0 (173435692)|ENTERING_MANAGED_PKG|tdc_tsw
16:59:00.0 (175087805)|ENTERING_MANAGED_PKG|tdc_tsw
16:59:00.0 (176135926)|ENTERING_MANAGED_PKG|tdc_tsw
16:59:00.0 (176567551)|ENTERING_MANAGED_PKG|tdc_tsw
16:59:00.0 (177001661)|ENTERING_MANAGED_PKG|tdc_tsw
16:59:00.0 (178273969)|ENTERING_MANAGED_PKG|tdc_tsw
16:59:00.0 (179117655)|ENTERING_MANAGED_PKG|tdc_tsw
16:59:00.0 (179444139)|ENTERING_MANAGED_PKG|tdc_tsw
16:59:00.0 (179866812)|ENTERING_MANAGED_PKG|tdc_tsw
16:59:00.0 (181146014)|ENTERING_MANAGED_PKG|tdc_tsw
16:59:00.0 (182367262)|ENTERING_MANAGED_PKG|tdc_tsw
16:59:00.0 (182698329)|ENTERING_MANAGED_PKG|tdc_tsw
16:59:00.0 (183147139)|ENTERING_MANAGED_PKG|tdc_tsw
16:59:00.0 (184527142)|ENTERING_MANAGED_PKG|tdc_tsw
16:59:00.0 (185550953)|ENTERING_MANAGED_PKG|tdc_tsw
16:59:00.0 (185794148)|ENTERING_MANAGED_PKG|tdc_tsw
16:59:00.0 (186539008)|ENTERING_MANAGED_PKG|tdc_tsw
16:59:00.0 (188435191)|ENTERING_MANAGED_PKG|tdc_tsw
16:59:00.0 (189730183)|ENTERING_MANAGED_PKG|tdc_tsw
16:59:00.0 (190044243)|ENTERING_MANAGED_PKG|tdc_tsw
16:59:00.0 (190616368)|ENTERING_MANAGED_PKG|tdc_tsw
16:59:00.0 (192018448)|ENTERING_MANAGED_PKG|tdc_tsw
16:59:00.0 (193058757)|ENTERING_MANAGED_PKG|tdc_tsw
16:59:00.0 (193422745)|ENTERING_MANAGED_PKG|tdc_tsw
16:59:00.0 (194003109)|ENTERING_MANAGED_PKG|tdc_tsw
16:59:00.0 (195617414)|ENTERING_MANAGED_PKG|tdc_tsw
16:59:00.0 (196687539)|ENTERING_MANAGED_PKG|tdc_tsw
16:59:00.0 (197068346)|ENTERING_MANAGED_PKG|tdc_tsw
16:59:00.0 (197526885)|ENTERING_MANAGED_PKG|tdc_tsw
16:59:00.0 (198742712)|ENTERING_MANAGED_PKG|tdc_tsw
16:59:00.0 (199664075)|ENTERING_MANAGED_PKG|tdc_tsw
16:59:00.0 (200080402)|ENTERING_MANAGED_PKG|tdc_tsw
16:59:00.0 (200642995)|ENTERING_MANAGED_PKG|tdc_tsw
16:59:00.0 (206729549)|ENTERING_MANAGED_PKG|tdc_tsw
16:59:00.0 (207763534)|ENTERING_MANAGED_PKG|tdc_tsw
16:59:00.0 (208026311)|ENTERING_MANAGED_PKG|tdc_tsw
16:59:00.0 (208439585)|ENTERING_MANAGED_PKG|tdc_tsw
16:59:00.0 (209832703)|ENTERING_MANAGED_PKG|tdc_tsw
16:59:00.0 (210709436)|ENTERING_MANAGED_PKG|tdc_tsw
16:59:00.0 (211047673)|ENTERING_MANAGED_PKG|tdc_tsw
16:59:00.0 (211550967)|ENTERING_MANAGED_PKG|tdc_tsw
16:59:00.0 (212929601)|ENTERING_MANAGED_PKG|tdc_tsw
16:59:00.0 (213820732)|ENTERING_MANAGED_PKG|tdc_tsw
16:59:00.0 (214060748)|ENTERING_MANAGED_PKG|tdc_tsw
16:59:00.0 (214466197)|ENTERING_MANAGED_PKG|tdc_tsw
16:59:00.0 (215557110)|ENTERING_MANAGED_PKG|tdc_tsw
16:59:00.0 (216304016)|ENTERING_MANAGED_PKG|tdc_tsw
16:59:00.0 (216538227)|ENTERING_MANAGED_PKG|tdc_tsw
16:59:00.0 (216925930)|ENTERING_MANAGED_PKG|tdc_tsw
16:59:00.0 (218003069)|ENTERING_MANAGED_PKG|tdc_tsw
16:59:00.0 (218751598)|ENTERING_MANAGED_PKG|tdc_tsw
16:59:00.0 (218979095)|ENTERING_MANAGED_PKG|tdc_tsw
16:59:00.0 (219373276)|ENTERING_MANAGED_PKG|tdc_tsw
16:59:00.0 (220454495)|ENTERING_MANAGED_PKG|tdc_tsw
16:59:00.0 (221195661)|ENTERING_MANAGED_PKG|tdc_tsw
16:59:00.0 (221433783)|ENTERING_MANAGED_PKG|tdc_tsw
16:59:00.0 (221819259)|ENTERING_MANAGED_PKG|tdc_tsw
16:59:00.0 (222891197)|ENTERING_MANAGED_PKG|tdc_tsw
16:59:00.0 (223627750)|ENTERING_MANAGED_PKG|tdc_tsw
16:59:00.0 (223858057)|ENTERING_MANAGED_PKG|tdc_tsw
16:59:00.0 (224242411)|ENTERING_MANAGED_PKG|tdc_tsw
16:59:00.0 (225453058)|ENTERING_MANAGED_PKG|tdc_tsw
16:59:00.0 (226353480)|ENTERING_MANAGED_PKG|tdc_tsw
16:59:00.0 (226431884)|ENTERING_MANAGED_PKG|tdc_tsw
16:59:00.0 (227019270)|SOQL_EXECUTE_BEGIN|[200]|Aggregations:0|SELECT Name, NamespacePrefix, SystemModStamp FROM StaticResource WHERE Name LIKE :tmpVar1 LIMIT 10
16:59:00.0 (230192046)|SOQL_EXECUTE_END|[200]|Rows:1
16:59:00.0 (230990959)|ENTERING_MANAGED_PKG|tdc_tsw
16:59:00.0 (231369735)|SOQL_EXECUTE_BEGIN|[200]|Aggregations:0|SELECT Name, NamespacePrefix, SystemModStamp FROM StaticResource WHERE Name LIKE :tmpVar1 LIMIT 10
16:59:00.0 (233640079)|SOQL_EXECUTE_END|[200]|Rows:1
16:59:00.0 (234097884)|ENTERING_MANAGED_PKG|tdc_tsw
16:59:00.0 (252596605)|ENTERING_MANAGED_PKG|tdc_tsw
16:59:00.0 (254229952)|ENTERING_MANAGED_PKG|tdc_tsw
16:59:00.0 (254541039)|ENTERING_MANAGED_PKG|tdc_tsw
16:59:00.0 (255461454)|ENTERING_MANAGED_PKG|tdc_tsw
16:59:00.0 (255952920)|SOQL_EXECUTE_BEGIN|[200]|Aggregations:0|SELECT Name, NamespacePrefix, SystemModStamp FROM StaticResource WHERE Name LIKE :tmpVar1 LIMIT 10
16:59:00.0 (259181807)|SOQL_EXECUTE_END|[200]|Rows:1
16:59:00.269 (269984154)|USER_INFO|[EXTERNAL]|0051H000009gxp8|chanida.dev2@solvedbysoftwareco.com|Eastern Standard Time|GMT-05:00
16:59:00.269 (271965954)|ENTERING_MANAGED_PKG|tdc_tsw
16:59:00.269 (272168515)|ENTERING_MANAGED_PKG|tdc_tsw
16:59:00.269 (275209254)|SOQL_EXECUTE_BEGIN|[355]|Aggregations:0|SELECT id, name, Disable_Incoming_SMS_Sharing__c FROM User WHERE id = :tmpVar1
16:59:00.269 (281582108)|SOQL_EXECUTE_END|[355]|Rows:1
16:59:00.269 (282800619)|SOQL_EXECUTE_BEGIN|[367]|Aggregations:0|SELECT CreatedDate,Id,LastModifiedDate,Related_Object_Id__c FROM Message__c WHERE Name = 'Incoming' AND Read__c = false ORDER BY CreatedDate Desc limit 100
16:59:00.269 (292645219)|SOQL_EXECUTE_END|[367]|Rows:100
