44.0 APEX_CODE,FINEST;APEX_PROFILING,INFO;CALLOUT,INFO;DB,INFO;NBA,INFO;SYSTEM,DEBUG;VALIDATION,INFO;VISUALFORCE,INFO;WAVE,INFO;WORKFLOW,INFO
11:22:13.0 (161196)|USER_INFO|[EXTERNAL]|0051H000009gxp8|chanida.dev2@solvedbysoftwareco.com|Eastern Standard Time|GMT-05:00
11:22:13.0 (1871643)|ENTERING_MANAGED_PKG|tdc_tsw
11:22:13.0 (2519681)|ENTERING_MANAGED_PKG|tdc_tsw
11:22:13.0 (6971628)|SOQL_EXECUTE_BEGIN|[16]|Aggregations:0|SELECT id, name, Disable_Incoming_SMS_Sharing__c FROM User WHERE id = :tmpVar1
11:22:13.0 (15092141)|SOQL_EXECUTE_END|[16]|Rows:1
11:22:13.0 (21659652)|SOQL_EXECUTE_BEGIN|[37]|Aggregations:0|SELECT CreatedDate,Created_Date__c,Id,LastModifiedDate,MessageId__c,Message_Text_New__c,Name,OwnerId,Read__c,Related_Object_Id__c,Related_Object__c,Sender_Number__c, Sender_Name__c,ToNumber__c,Attachments_Ids__c FROM Message__c WHERE Name = 'Incoming' AND Read__c = false ORDER BY CreatedDate Desc limit 100
11:22:13.0 (41455166)|SOQL_EXECUTE_END|[37]|Rows:100
11:22:13.0 (60107213)|ENTERING_MANAGED_PKG|tdc_tsw
11:22:13.0 (61938785)|ENTERING_MANAGED_PKG|tdc_tsw
11:22:13.0 (62419653)|ENTERING_MANAGED_PKG|tdc_tsw
11:22:13.0 (63149133)|ENTERING_MANAGED_PKG|tdc_tsw
11:22:13.0 (66126957)|ENTERING_MANAGED_PKG|tdc_tsw
11:22:13.0 (66955710)|ENTERING_MANAGED_PKG|tdc_tsw
11:22:13.0 (67229726)|ENTERING_MANAGED_PKG|tdc_tsw
11:22:13.0 (67672953)|ENTERING_MANAGED_PKG|tdc_tsw
11:22:13.0 (68835524)|ENTERING_MANAGED_PKG|tdc_tsw
11:22:13.0 (69610551)|ENTERING_MANAGED_PKG|tdc_tsw
11:22:13.0 (69851528)|ENTERING_MANAGED_PKG|tdc_tsw
11:22:13.0 (70258446)|ENTERING_MANAGED_PKG|tdc_tsw
11:22:13.0 (71506545)|ENTERING_MANAGED_PKG|tdc_tsw
11:22:13.0 (72267296)|ENTERING_MANAGED_PKG|tdc_tsw
11:22:13.0 (72516001)|ENTERING_MANAGED_PKG|tdc_tsw
11:22:13.0 (72922615)|ENTERING_MANAGED_PKG|tdc_tsw
11:22:13.0 (74062062)|ENTERING_MANAGED_PKG|tdc_tsw
11:22:13.0 (74857791)|ENTERING_MANAGED_PKG|tdc_tsw
11:22:13.0 (75120674)|ENTERING_MANAGED_PKG|tdc_tsw
11:22:13.0 (75539015)|ENTERING_MANAGED_PKG|tdc_tsw
11:22:13.0 (76703771)|ENTERING_MANAGED_PKG|tdc_tsw
11:22:13.0 (77467205)|ENTERING_MANAGED_PKG|tdc_tsw
11:22:13.0 (77708375)|ENTERING_MANAGED_PKG|tdc_tsw
11:22:13.0 (78114764)|ENTERING_MANAGED_PKG|tdc_tsw
11:22:13.0 (79302914)|ENTERING_MANAGED_PKG|tdc_tsw
11:22:13.0 (80084936)|ENTERING_MANAGED_PKG|tdc_tsw
11:22:13.0 (80330174)|ENTERING_MANAGED_PKG|tdc_tsw
11:22:13.0 (80754619)|ENTERING_MANAGED_PKG|tdc_tsw
11:22:13.0 (82003155)|ENTERING_MANAGED_PKG|tdc_tsw
11:22:13.0 (82773106)|ENTERING_MANAGED_PKG|tdc_tsw
11:22:13.0 (83011630)|ENTERING_MANAGED_PKG|tdc_tsw
11:22:13.0 (83434620)|ENTERING_MANAGED_PKG|tdc_tsw
11:22:13.0 (84570466)|ENTERING_MANAGED_PKG|tdc_tsw
11:22:13.0 (85333128)|ENTERING_MANAGED_PKG|tdc_tsw
11:22:13.0 (85613766)|ENTERING_MANAGED_PKG|tdc_tsw
11:22:13.0 (86023186)|ENTERING_MANAGED_PKG|tdc_tsw
11:22:13.0 (87224492)|ENTERING_MANAGED_PKG|tdc_tsw
11:22:13.0 (88000188)|ENTERING_MANAGED_PKG|tdc_tsw
11:22:13.0 (88242944)|ENTERING_MANAGED_PKG|tdc_tsw
11:22:13.0 (88671391)|ENTERING_MANAGED_PKG|tdc_tsw
11:22:13.0 (89907039)|ENTERING_MANAGED_PKG|tdc_tsw
11:22:13.0 (91060462)|ENTERING_MANAGED_PKG|tdc_tsw
11:22:13.0 (91348481)|ENTERING_MANAGED_PKG|tdc_tsw
11:22:13.0 (91758382)|ENTERING_MANAGED_PKG|tdc_tsw
11:22:13.0 (93029404)|ENTERING_MANAGED_PKG|tdc_tsw
11:22:13.0 (93804060)|ENTERING_MANAGED_PKG|tdc_tsw
11:22:13.0 (94045885)|ENTERING_MANAGED_PKG|tdc_tsw
11:22:13.0 (94460600)|ENTERING_MANAGED_PKG|tdc_tsw
11:22:13.0 (95600631)|ENTERING_MANAGED_PKG|tdc_tsw
11:22:13.0 (96447208)|ENTERING_MANAGED_PKG|tdc_tsw
11:22:13.0 (96687686)|ENTERING_MANAGED_PKG|tdc_tsw
11:22:13.0 (97121199)|ENTERING_MANAGED_PKG|tdc_tsw
11:22:13.0 (98298126)|ENTERING_MANAGED_PKG|tdc_tsw
11:22:13.0 (99153344)|ENTERING_MANAGED_PKG|tdc_tsw
11:22:13.0 (99407411)|ENTERING_MANAGED_PKG|tdc_tsw
11:22:13.0 (99814717)|ENTERING_MANAGED_PKG|tdc_tsw
11:22:13.0 (100950203)|ENTERING_MANAGED_PKG|tdc_tsw
11:22:13.0 (101793300)|ENTERING_MANAGED_PKG|tdc_tsw
11:22:13.0 (102036067)|ENTERING_MANAGED_PKG|tdc_tsw
11:22:13.0 (102453855)|ENTERING_MANAGED_PKG|tdc_tsw
11:22:13.0 (103620125)|ENTERING_MANAGED_PKG|tdc_tsw
11:22:13.0 (104440589)|ENTERING_MANAGED_PKG|tdc_tsw
11:22:13.0 (104683566)|ENTERING_MANAGED_PKG|tdc_tsw
11:22:13.0 (105090262)|ENTERING_MANAGED_PKG|tdc_tsw
11:22:13.0 (139155692)|ENTERING_MANAGED_PKG|tdc_tsw
11:22:13.0 (139975496)|ENTERING_MANAGED_PKG|tdc_tsw
11:22:13.0 (140225648)|ENTERING_MANAGED_PKG|tdc_tsw
11:22:13.0 (140659827)|ENTERING_MANAGED_PKG|tdc_tsw
11:22:13.0 (141836611)|ENTERING_MANAGED_PKG|tdc_tsw
11:22:13.0 (142624352)|ENTERING_MANAGED_PKG|tdc_tsw
11:22:13.0 (142869121)|ENTERING_MANAGED_PKG|tdc_tsw
11:22:13.0 (143321919)|ENTERING_MANAGED_PKG|tdc_tsw
11:22:13.0 (144494047)|ENTERING_MANAGED_PKG|tdc_tsw
11:22:13.0 (145273875)|ENTERING_MANAGED_PKG|tdc_tsw
11:22:13.0 (145534667)|ENTERING_MANAGED_PKG|tdc_tsw
11:22:13.0 (145947714)|ENTERING_MANAGED_PKG|tdc_tsw
11:22:13.0 (147166842)|ENTERING_MANAGED_PKG|tdc_tsw
11:22:13.0 (147975058)|ENTERING_MANAGED_PKG|tdc_tsw
11:22:13.0 (148233615)|ENTERING_MANAGED_PKG|tdc_tsw
11:22:13.0 (148702076)|ENTERING_MANAGED_PKG|tdc_tsw
11:22:13.0 (149900344)|ENTERING_MANAGED_PKG|tdc_tsw
11:22:13.0 (150744480)|ENTERING_MANAGED_PKG|tdc_tsw
11:22:13.0 (151006008)|ENTERING_MANAGED_PKG|tdc_tsw
11:22:13.0 (151430180)|ENTERING_MANAGED_PKG|tdc_tsw
11:22:13.0 (152641636)|ENTERING_MANAGED_PKG|tdc_tsw
11:22:13.0 (153428163)|ENTERING_MANAGED_PKG|tdc_tsw
11:22:13.0 (153671179)|ENTERING_MANAGED_PKG|tdc_tsw
11:22:13.0 (154086133)|ENTERING_MANAGED_PKG|tdc_tsw
11:22:13.0 (155300098)|ENTERING_MANAGED_PKG|tdc_tsw
11:22:13.0 (156089814)|ENTERING_MANAGED_PKG|tdc_tsw
11:22:13.0 (156342055)|ENTERING_MANAGED_PKG|tdc_tsw
11:22:13.0 (156756505)|ENTERING_MANAGED_PKG|tdc_tsw
11:22:13.0 (157920394)|ENTERING_MANAGED_PKG|tdc_tsw
11:22:13.0 (158712797)|ENTERING_MANAGED_PKG|tdc_tsw
11:22:13.0 (158962492)|ENTERING_MANAGED_PKG|tdc_tsw
11:22:13.0 (159383859)|ENTERING_MANAGED_PKG|tdc_tsw
11:22:13.0 (160549309)|ENTERING_MANAGED_PKG|tdc_tsw
11:22:13.0 (161368227)|ENTERING_MANAGED_PKG|tdc_tsw
11:22:13.0 (161615508)|ENTERING_MANAGED_PKG|tdc_tsw
11:22:13.0 (162050108)|ENTERING_MANAGED_PKG|tdc_tsw
11:22:13.0 (163258362)|ENTERING_MANAGED_PKG|tdc_tsw
11:22:13.0 (164063189)|ENTERING_MANAGED_PKG|tdc_tsw
11:22:13.0 (164305902)|ENTERING_MANAGED_PKG|tdc_tsw
11:22:13.0 (164751557)|ENTERING_MANAGED_PKG|tdc_tsw
11:22:13.0 (165950167)|ENTERING_MANAGED_PKG|tdc_tsw
11:22:13.0 (166724484)|ENTERING_MANAGED_PKG|tdc_tsw
11:22:13.0 (166969258)|ENTERING_MANAGED_PKG|tdc_tsw
11:22:13.0 (167416528)|ENTERING_MANAGED_PKG|tdc_tsw
11:22:13.0 (168574268)|ENTERING_MANAGED_PKG|tdc_tsw
11:22:13.0 (169375616)|ENTERING_MANAGED_PKG|tdc_tsw
11:22:13.0 (169640490)|ENTERING_MANAGED_PKG|tdc_tsw
11:22:13.0 (170077257)|ENTERING_MANAGED_PKG|tdc_tsw
11:22:13.0 (171289070)|ENTERING_MANAGED_PKG|tdc_tsw
11:22:13.0 (172063743)|ENTERING_MANAGED_PKG|tdc_tsw
11:22:13.0 (172306240)|ENTERING_MANAGED_PKG|tdc_tsw
11:22:13.0 (172771399)|ENTERING_MANAGED_PKG|tdc_tsw
11:22:13.0 (173962197)|ENTERING_MANAGED_PKG|tdc_tsw
11:22:13.0 (174762250)|ENTERING_MANAGED_PKG|tdc_tsw
11:22:13.0 (175024245)|ENTERING_MANAGED_PKG|tdc_tsw
11:22:13.0 (175472148)|ENTERING_MANAGED_PKG|tdc_tsw
11:22:13.0 (176748569)|ENTERING_MANAGED_PKG|tdc_tsw
11:22:13.0 (177570714)|ENTERING_MANAGED_PKG|tdc_tsw
11:22:13.0 (177803382)|ENTERING_MANAGED_PKG|tdc_tsw
11:22:13.0 (178204886)|ENTERING_MANAGED_PKG|tdc_tsw
11:22:13.0 (179370993)|ENTERING_MANAGED_PKG|tdc_tsw
11:22:13.0 (180141310)|ENTERING_MANAGED_PKG|tdc_tsw
11:22:13.0 (180393502)|ENTERING_MANAGED_PKG|tdc_tsw
11:22:13.0 (180805546)|ENTERING_MANAGED_PKG|tdc_tsw
11:22:13.0 (181964700)|ENTERING_MANAGED_PKG|tdc_tsw
11:22:13.0 (182790141)|ENTERING_MANAGED_PKG|tdc_tsw
11:22:13.0 (183044185)|ENTERING_MANAGED_PKG|tdc_tsw
11:22:13.0 (183468044)|ENTERING_MANAGED_PKG|tdc_tsw
11:22:13.0 (184652374)|ENTERING_MANAGED_PKG|tdc_tsw
11:22:13.0 (185410809)|ENTERING_MANAGED_PKG|tdc_tsw
11:22:13.0 (185641612)|ENTERING_MANAGED_PKG|tdc_tsw
11:22:13.0 (186051246)|ENTERING_MANAGED_PKG|tdc_tsw
11:22:13.0 (187170926)|ENTERING_MANAGED_PKG|tdc_tsw
11:22:13.0 (187924135)|ENTERING_MANAGED_PKG|tdc_tsw
11:22:13.0 (188164149)|ENTERING_MANAGED_PKG|tdc_tsw
11:22:13.0 (188569330)|ENTERING_MANAGED_PKG|tdc_tsw
11:22:13.0 (189655630)|ENTERING_MANAGED_PKG|tdc_tsw
11:22:13.0 (190393690)|ENTERING_MANAGED_PKG|tdc_tsw
11:22:13.0 (190658072)|ENTERING_MANAGED_PKG|tdc_tsw
11:22:13.0 (191043405)|ENTERING_MANAGED_PKG|tdc_tsw
11:22:13.0 (192157843)|ENTERING_MANAGED_PKG|tdc_tsw
11:22:13.0 (192916486)|ENTERING_MANAGED_PKG|tdc_tsw
11:22:13.0 (193153240)|ENTERING_MANAGED_PKG|tdc_tsw
11:22:13.0 (193571744)|ENTERING_MANAGED_PKG|tdc_tsw
11:22:13.0 (194728071)|ENTERING_MANAGED_PKG|tdc_tsw
11:22:13.0 (195501339)|ENTERING_MANAGED_PKG|tdc_tsw
11:22:13.0 (195746156)|ENTERING_MANAGED_PKG|tdc_tsw
11:22:13.0 (196158348)|ENTERING_MANAGED_PKG|tdc_tsw
11:22:13.0 (197314671)|ENTERING_MANAGED_PKG|tdc_tsw
11:22:13.0 (198125919)|ENTERING_MANAGED_PKG|tdc_tsw
11:22:13.0 (198378705)|ENTERING_MANAGED_PKG|tdc_tsw
11:22:13.0 (198790825)|ENTERING_MANAGED_PKG|tdc_tsw
11:22:13.0 (199933101)|ENTERING_MANAGED_PKG|tdc_tsw
11:22:13.0 (200695644)|ENTERING_MANAGED_PKG|tdc_tsw
11:22:13.0 (200926656)|ENTERING_MANAGED_PKG|tdc_tsw
11:22:13.0 (201322193)|ENTERING_MANAGED_PKG|tdc_tsw
11:22:13.0 (202453864)|ENTERING_MANAGED_PKG|tdc_tsw
11:22:13.0 (203217673)|ENTERING_MANAGED_PKG|tdc_tsw
11:22:13.0 (203477615)|ENTERING_MANAGED_PKG|tdc_tsw
11:22:13.0 (203889975)|ENTERING_MANAGED_PKG|tdc_tsw
11:22:13.0 (205048204)|ENTERING_MANAGED_PKG|tdc_tsw
11:22:13.0 (205839449)|ENTERING_MANAGED_PKG|tdc_tsw
11:22:13.0 (206083364)|ENTERING_MANAGED_PKG|tdc_tsw
11:22:13.0 (206569305)|ENTERING_MANAGED_PKG|tdc_tsw
11:22:13.0 (207760470)|ENTERING_MANAGED_PKG|tdc_tsw
11:22:13.0 (208546413)|ENTERING_MANAGED_PKG|tdc_tsw
11:22:13.0 (208791656)|ENTERING_MANAGED_PKG|tdc_tsw
11:22:13.0 (209201813)|ENTERING_MANAGED_PKG|tdc_tsw
11:22:13.0 (210367330)|ENTERING_MANAGED_PKG|tdc_tsw
11:22:13.0 (211134216)|ENTERING_MANAGED_PKG|tdc_tsw
11:22:13.0 (211385907)|ENTERING_MANAGED_PKG|tdc_tsw
11:22:13.0 (211799136)|ENTERING_MANAGED_PKG|tdc_tsw
11:22:13.0 (212977431)|ENTERING_MANAGED_PKG|tdc_tsw
11:22:13.0 (213747334)|ENTERING_MANAGED_PKG|tdc_tsw
11:22:13.0 (213990928)|ENTERING_MANAGED_PKG|tdc_tsw
11:22:13.0 (214411333)|ENTERING_MANAGED_PKG|tdc_tsw
11:22:13.0 (215881430)|ENTERING_MANAGED_PKG|tdc_tsw
11:22:13.0 (216624247)|ENTERING_MANAGED_PKG|tdc_tsw
11:22:13.0 (216871078)|ENTERING_MANAGED_PKG|tdc_tsw
11:22:13.0 (217263178)|ENTERING_MANAGED_PKG|tdc_tsw
11:22:13.0 (218366538)|ENTERING_MANAGED_PKG|tdc_tsw
11:22:13.0 (219095902)|ENTERING_MANAGED_PKG|tdc_tsw
11:22:13.0 (219366670)|ENTERING_MANAGED_PKG|tdc_tsw
11:22:13.0 (219751232)|ENTERING_MANAGED_PKG|tdc_tsw
11:22:13.0 (220856476)|ENTERING_MANAGED_PKG|tdc_tsw
11:22:13.0 (221653616)|ENTERING_MANAGED_PKG|tdc_tsw
11:22:13.0 (221896672)|ENTERING_MANAGED_PKG|tdc_tsw
11:22:13.0 (222280832)|ENTERING_MANAGED_PKG|tdc_tsw
11:22:13.0 (223388254)|ENTERING_MANAGED_PKG|tdc_tsw
11:22:13.0 (224165422)|ENTERING_MANAGED_PKG|tdc_tsw
11:22:13.0 (224402950)|ENTERING_MANAGED_PKG|tdc_tsw
11:22:13.0 (224811278)|ENTERING_MANAGED_PKG|tdc_tsw
11:22:13.0 (225938976)|ENTERING_MANAGED_PKG|tdc_tsw
11:22:13.0 (226735900)|ENTERING_MANAGED_PKG|tdc_tsw
11:22:13.0 (226989142)|ENTERING_MANAGED_PKG|tdc_tsw
11:22:13.0 (227424497)|ENTERING_MANAGED_PKG|tdc_tsw
11:22:13.0 (228603391)|ENTERING_MANAGED_PKG|tdc_tsw
11:22:13.0 (229335968)|ENTERING_MANAGED_PKG|tdc_tsw
11:22:13.0 (229567242)|ENTERING_MANAGED_PKG|tdc_tsw
11:22:13.0 (229971376)|ENTERING_MANAGED_PKG|tdc_tsw
11:22:13.0 (231124906)|ENTERING_MANAGED_PKG|tdc_tsw
11:22:13.0 (231860219)|ENTERING_MANAGED_PKG|tdc_tsw
11:22:13.0 (232117540)|ENTERING_MANAGED_PKG|tdc_tsw
11:22:13.0 (232538733)|ENTERING_MANAGED_PKG|tdc_tsw
11:22:13.0 (233717162)|ENTERING_MANAGED_PKG|tdc_tsw
11:22:13.0 (234534912)|ENTERING_MANAGED_PKG|tdc_tsw
11:22:13.0 (234778051)|ENTERING_MANAGED_PKG|tdc_tsw
11:22:13.0 (235192047)|ENTERING_MANAGED_PKG|tdc_tsw
11:22:13.0 (236357500)|ENTERING_MANAGED_PKG|tdc_tsw
11:22:13.0 (237124504)|ENTERING_MANAGED_PKG|tdc_tsw
11:22:13.0 (237375020)|ENTERING_MANAGED_PKG|tdc_tsw
11:22:13.0 (237785454)|ENTERING_MANAGED_PKG|tdc_tsw
11:22:13.0 (238898192)|ENTERING_MANAGED_PKG|tdc_tsw
11:22:13.0 (239636876)|ENTERING_MANAGED_PKG|tdc_tsw
11:22:13.0 (239873417)|ENTERING_MANAGED_PKG|tdc_tsw
11:22:13.0 (240257351)|ENTERING_MANAGED_PKG|tdc_tsw
11:22:13.0 (241349928)|ENTERING_MANAGED_PKG|tdc_tsw
11:22:13.0 (242079559)|ENTERING_MANAGED_PKG|tdc_tsw
11:22:13.0 (242309011)|ENTERING_MANAGED_PKG|tdc_tsw
11:22:13.0 (242700234)|ENTERING_MANAGED_PKG|tdc_tsw
11:22:13.0 (243807037)|ENTERING_MANAGED_PKG|tdc_tsw
11:22:13.0 (244548766)|ENTERING_MANAGED_PKG|tdc_tsw
11:22:13.0 (244778864)|ENTERING_MANAGED_PKG|tdc_tsw
11:22:13.0 (245163637)|ENTERING_MANAGED_PKG|tdc_tsw
11:22:13.0 (246258987)|ENTERING_MANAGED_PKG|tdc_tsw
11:22:13.0 (247024836)|ENTERING_MANAGED_PKG|tdc_tsw
11:22:13.0 (247229842)|ENTERING_MANAGED_PKG|tdc_tsw
11:22:13.0 (247622826)|ENTERING_MANAGED_PKG|tdc_tsw
11:22:13.0 (248933060)|ENTERING_MANAGED_PKG|tdc_tsw
11:22:13.0 (249851138)|ENTERING_MANAGED_PKG|tdc_tsw
11:22:13.0 (249946111)|ENTERING_MANAGED_PKG|tdc_tsw
11:22:13.0 (250662643)|SOQL_EXECUTE_BEGIN|[200]|Aggregations:0|SELECT Name, NamespacePrefix, SystemModStamp FROM StaticResource WHERE Name LIKE :tmpVar1 LIMIT 10
11:22:13.0 (254057741)|SOQL_EXECUTE_END|[200]|Rows:1
11:22:13.0 (254877200)|ENTERING_MANAGED_PKG|tdc_tsw
11:22:13.0 (255279944)|SOQL_EXECUTE_BEGIN|[200]|Aggregations:0|SELECT Name, NamespacePrefix, SystemModStamp FROM StaticResource WHERE Name LIKE :tmpVar1 LIMIT 10
11:22:13.0 (257449903)|SOQL_EXECUTE_END|[200]|Rows:1
11:22:13.0 (257915414)|ENTERING_MANAGED_PKG|tdc_tsw
11:22:13.0 (261027037)|ENTERING_MANAGED_PKG|tdc_tsw
11:22:13.0 (262316000)|ENTERING_MANAGED_PKG|tdc_tsw
11:22:13.0 (262594257)|ENTERING_MANAGED_PKG|tdc_tsw
11:22:13.0 (263520288)|ENTERING_MANAGED_PKG|tdc_tsw
11:22:13.0 (263968207)|SOQL_EXECUTE_BEGIN|[200]|Aggregations:0|SELECT Name, NamespacePrefix, SystemModStamp FROM StaticResource WHERE Name LIKE :tmpVar1 LIMIT 10
11:22:13.0 (266420844)|SOQL_EXECUTE_END|[200]|Rows:1
11:22:13.277 (277504692)|USER_INFO|[EXTERNAL]|0051H000009gxp8|chanida.dev2@solvedbysoftwareco.com|Eastern Standard Time|GMT-05:00
11:22:13.277 (278959052)|ENTERING_MANAGED_PKG|tdc_tsw
11:22:13.277 (279199715)|ENTERING_MANAGED_PKG|tdc_tsw
11:22:13.277 (282009671)|SOQL_EXECUTE_BEGIN|[355]|Aggregations:0|SELECT id, name, Disable_Incoming_SMS_Sharing__c FROM User WHERE id = :tmpVar1
11:22:13.277 (288735919)|SOQL_EXECUTE_END|[355]|Rows:1
11:22:13.277 (289815580)|SOQL_EXECUTE_BEGIN|[367]|Aggregations:0|SELECT CreatedDate,Id,LastModifiedDate,Related_Object_Id__c FROM Message__c WHERE Name = 'Incoming' AND Read__c = false ORDER BY CreatedDate Desc limit 100
11:22:13.277 (299509795)|SOQL_EXECUTE_END|[367]|Rows:100
