44.0 APEX_CODE,FINEST;APEX_PROFILING,INFO;CALLOUT,INFO;DB,INFO;NBA,INFO;SYSTEM,DEBUG;VALIDATION,INFO;VISUALFORCE,INFO;WAVE,INFO;WORKFLOW,INFO
22:27:56.0 (191846)|USER_INFO|[EXTERNAL]|0051H000009gxp8|chanida.dev2@solvedbysoftwareco.com|Eastern Standard Time|GMT-05:00
22:27:56.0 (2912650)|ENTERING_MANAGED_PKG|tdc_tsw
22:27:56.0 (3095491)|ENTERING_MANAGED_PKG|tdc_tsw
22:27:56.0 (9473771)|ENTERING_MANAGED_PKG|tdc_tsw
22:27:56.0 (9520668)|ENTERING_MANAGED_PKG|tdc_tsw
22:27:56.0 (12617897)|ENTERING_MANAGED_PKG|tdc_tsw
22:27:56.0 (18181145)|ENTERING_MANAGED_PKG|tdc_tsw
22:27:56.0 (19515960)|ENTERING_MANAGED_PKG|tdc_tsw
22:27:56.0 (19596673)|ENTERING_MANAGED_PKG|tdc_tsw
22:27:56.0 (20797371)|ENTERING_MANAGED_PKG|tdc_tsw
22:27:56.0 (26547706)|SOQL_EXECUTE_BEGIN|[82]|Aggregations:0|SELECT CreatedDate, Id,Task_Created__c,Event_Created__c,isCaseCreated__c,Task_Id__c,Event_Id__c,Case__c, Important__c, Delivered__c, Message_Text_New__c, Name, Owner.Name, Read__c,MessageId__c, ToNumber__c, Related_Object_Id__c, Related_Object__c, Sender_Number__c, LastModifiedDate, Attachments_Ids__c FROM Message__c WHERE Contact__c =: recordId ORDER BY CreatedDate Desc limit 200
22:27:56.0 (37531149)|SOQL_EXECUTE_END|[82]|Rows:2
22:27:56.0 (42043707)|ENTERING_MANAGED_PKG|tdc_tsw
22:27:56.0 (42338923)|ENTERING_MANAGED_PKG|tdc_tsw
22:27:56.0 (42441865)|ENTERING_MANAGED_PKG|tdc_tsw
22:27:56.0 (43179402)|SOQL_EXECUTE_BEGIN|[200]|Aggregations:0|SELECT Name, NamespacePrefix, SystemModStamp FROM StaticResource WHERE Name LIKE :tmpVar1 LIMIT 10
22:27:56.0 (46397595)|SOQL_EXECUTE_END|[200]|Rows:1
22:27:56.0 (48728258)|ENTERING_MANAGED_PKG|tdc_tsw
22:27:56.0 (50449829)|ENTERING_MANAGED_PKG|tdc_tsw
22:27:56.0 (50497484)|ENTERING_MANAGED_PKG|tdc_tsw
22:27:56.0 (52338476)|ENTERING_MANAGED_PKG|tdc_tsw
22:27:56.0 (53060819)|ENTERING_MANAGED_PKG|tdc_tsw
22:27:56.0 (57471812)|SOQL_EXECUTE_BEGIN|[172]|Aggregations:0|SELECT id, name FROM ChatTranscript__c WHERE (Chat_Active__c = TRUE AND (Related_Object_Id__c = :tmpVar1 OR Related_Object_Id__c = :tmpVar2)) LIMIT 1
22:27:56.0 (60833528)|SOQL_EXECUTE_END|[172]|Rows:0
22:27:56.0 (64295330)|ENTERING_MANAGED_PKG|tdc_tsw
22:27:56.0 (64335994)|ENTERING_MANAGED_PKG|tdc_tsw
