44.0 APEX_CODE,FINEST;APEX_PROFILING,INFO;CALLOUT,INFO;DB,INFO;NBA,INFO;SYSTEM,DEBUG;VALIDATION,INFO;VISUALFORCE,INFO;WAVE,INFO;WORKFLOW,INFO
21:48:02.0 (127029)|USER_INFO|[EXTERNAL]|0051H000009gxp8|chanida.dev2@solvedbysoftwareco.com|Eastern Standard Time|GMT-05:00
21:48:02.0 (1752299)|ENTERING_MANAGED_PKG|tdc_tsw
21:48:02.0 (2226059)|ENTERING_MANAGED_PKG|tdc_tsw
21:48:02.0 (29129555)|SOQL_EXECUTE_BEGIN|[16]|Aggregations:0|SELECT id, name, Disable_Incoming_SMS_Sharing__c FROM User WHERE id = :tmpVar1
21:48:02.0 (36293821)|SOQL_EXECUTE_END|[16]|Rows:1
21:48:02.0 (59062230)|SOQL_EXECUTE_BEGIN|[37]|Aggregations:0|SELECT CreatedDate,Created_Date__c,Id,LastModifiedDate,MessageId__c,Message_Text_New__c,Name,OwnerId,Read__c,Related_Object_Id__c,Related_Object__c,Sender_Number__c, Sender_Name__c,ToNumber__c,Attachments_Ids__c FROM Message__c WHERE Name = 'Incoming' AND Read__c = false ORDER BY CreatedDate Desc limit 100
21:48:02.0 (73147211)|SOQL_EXECUTE_END|[37]|Rows:16
21:48:02.0 (78697783)|ENTERING_MANAGED_PKG|tdc_tsw
21:48:02.0 (81025238)|ENTERING_MANAGED_PKG|tdc_tsw
21:48:02.0 (81601302)|ENTERING_MANAGED_PKG|tdc_tsw
21:48:02.0 (82564877)|ENTERING_MANAGED_PKG|tdc_tsw
21:48:02.0 (85822816)|ENTERING_MANAGED_PKG|tdc_tsw
21:48:02.0 (86664051)|ENTERING_MANAGED_PKG|tdc_tsw
21:48:02.0 (86935493)|ENTERING_MANAGED_PKG|tdc_tsw
21:48:02.0 (87356922)|ENTERING_MANAGED_PKG|tdc_tsw
21:48:02.0 (88456881)|ENTERING_MANAGED_PKG|tdc_tsw
21:48:02.0 (89218500)|ENTERING_MANAGED_PKG|tdc_tsw
21:48:02.0 (89453976)|ENTERING_MANAGED_PKG|tdc_tsw
21:48:02.0 (89841902)|ENTERING_MANAGED_PKG|tdc_tsw
21:48:02.0 (91061619)|ENTERING_MANAGED_PKG|tdc_tsw
21:48:02.0 (91704776)|ENTERING_MANAGED_PKG|tdc_tsw
21:48:02.0 (91779993)|ENTERING_MANAGED_PKG|tdc_tsw
21:48:02.0 (92344199)|SOQL_EXECUTE_BEGIN|[200]|Aggregations:0|SELECT Name, NamespacePrefix, SystemModStamp FROM StaticResource WHERE Name LIKE :tmpVar1 LIMIT 10
21:48:02.0 (95414305)|SOQL_EXECUTE_END|[200]|Rows:1
21:48:02.0 (96509161)|ENTERING_MANAGED_PKG|tdc_tsw
21:48:02.0 (97092841)|SOQL_EXECUTE_BEGIN|[200]|Aggregations:0|SELECT Name, NamespacePrefix, SystemModStamp FROM StaticResource WHERE Name LIKE :tmpVar1 LIMIT 10
21:48:02.0 (99697276)|SOQL_EXECUTE_END|[200]|Rows:1
21:48:02.0 (100214594)|ENTERING_MANAGED_PKG|tdc_tsw
21:48:02.0 (112793477)|ENTERING_MANAGED_PKG|tdc_tsw
21:48:02.0 (114340961)|ENTERING_MANAGED_PKG|tdc_tsw
21:48:02.0 (114666531)|ENTERING_MANAGED_PKG|tdc_tsw
21:48:02.0 (115684830)|ENTERING_MANAGED_PKG|tdc_tsw
21:48:02.0 (116169479)|SOQL_EXECUTE_BEGIN|[200]|Aggregations:0|SELECT Name, NamespacePrefix, SystemModStamp FROM StaticResource WHERE Name LIKE :tmpVar1 LIMIT 10
21:48:02.0 (119094472)|SOQL_EXECUTE_END|[200]|Rows:1
21:48:02.124 (124689347)|USER_INFO|[EXTERNAL]|0051H000009gxp8|chanida.dev2@solvedbysoftwareco.com|Eastern Standard Time|GMT-05:00
21:48:02.124 (126133282)|ENTERING_MANAGED_PKG|tdc_tsw
21:48:02.124 (126363997)|ENTERING_MANAGED_PKG|tdc_tsw
21:48:02.124 (129598469)|SOQL_EXECUTE_BEGIN|[355]|Aggregations:0|SELECT id, name, Disable_Incoming_SMS_Sharing__c FROM User WHERE id = :tmpVar1
21:48:02.124 (137372719)|SOQL_EXECUTE_END|[355]|Rows:1
21:48:02.124 (138635576)|SOQL_EXECUTE_BEGIN|[367]|Aggregations:0|SELECT CreatedDate,Id,LastModifiedDate,Related_Object_Id__c FROM Message__c WHERE Name = 'Incoming' AND Read__c = false ORDER BY CreatedDate Desc limit 100
21:48:02.124 (146039502)|SOQL_EXECUTE_END|[367]|Rows:16
