44.0 APEX_CODE,FINEST;APEX_PROFILING,INFO;CALLOUT,INFO;DB,INFO;NBA,INFO;SYSTEM,DEBUG;VALIDATION,INFO;VISUALFORCE,INFO;WAVE,INFO;WORKFLOW,INFO
20:45:47.0 (110345)|USER_INFO|[EXTERNAL]|0051H000009gxp8|chanida.dev2@solvedbysoftwareco.com|Eastern Standard Time|GMT-05:00
20:45:47.0 (1606939)|ENTERING_MANAGED_PKG|tdc_tsw
20:45:47.0 (2033344)|ENTERING_MANAGED_PKG|tdc_tsw
20:45:47.0 (28620966)|SOQL_EXECUTE_BEGIN|[16]|Aggregations:0|SELECT id, name, Disable_Incoming_SMS_Sharing__c FROM User WHERE id = :tmpVar1
20:45:47.0 (35694000)|SOQL_EXECUTE_END|[16]|Rows:1
20:45:47.0 (54674476)|SOQL_EXECUTE_BEGIN|[37]|Aggregations:0|SELECT CreatedDate,Created_Date__c,Id,LastModifiedDate,MessageId__c,Message_Text_New__c,Name,OwnerId,Read__c,Related_Object_Id__c,Related_Object__c,Sender_Number__c, Sender_Name__c,ToNumber__c,Attachments_Ids__c FROM Message__c WHERE Name = 'Incoming' AND Read__c = false ORDER BY CreatedDate Desc limit 100
20:45:47.0 (65269044)|SOQL_EXECUTE_END|[37]|Rows:16
20:45:47.0 (68873097)|ENTERING_MANAGED_PKG|tdc_tsw
20:45:47.0 (70627716)|ENTERING_MANAGED_PKG|tdc_tsw
20:45:47.0 (71063381)|ENTERING_MANAGED_PKG|tdc_tsw
20:45:47.0 (71754845)|ENTERING_MANAGED_PKG|tdc_tsw
20:45:47.0 (74477693)|ENTERING_MANAGED_PKG|tdc_tsw
20:45:47.0 (75253911)|ENTERING_MANAGED_PKG|tdc_tsw
20:45:47.0 (75525877)|ENTERING_MANAGED_PKG|tdc_tsw
20:45:47.0 (75931582)|ENTERING_MANAGED_PKG|tdc_tsw
20:45:47.0 (77040143)|ENTERING_MANAGED_PKG|tdc_tsw
20:45:47.0 (77809517)|ENTERING_MANAGED_PKG|tdc_tsw
20:45:47.0 (78040029)|ENTERING_MANAGED_PKG|tdc_tsw
20:45:47.0 (78447556)|ENTERING_MANAGED_PKG|tdc_tsw
20:45:47.0 (79719824)|ENTERING_MANAGED_PKG|tdc_tsw
20:45:47.0 (80381678)|ENTERING_MANAGED_PKG|tdc_tsw
20:45:47.0 (80461975)|ENTERING_MANAGED_PKG|tdc_tsw
20:45:47.0 (80997570)|SOQL_EXECUTE_BEGIN|[200]|Aggregations:0|SELECT Name, NamespacePrefix, SystemModStamp FROM StaticResource WHERE Name LIKE :tmpVar1 LIMIT 10
20:45:47.0 (83564323)|SOQL_EXECUTE_END|[200]|Rows:1
20:45:47.0 (84427373)|ENTERING_MANAGED_PKG|tdc_tsw
20:45:47.0 (84853775)|SOQL_EXECUTE_BEGIN|[200]|Aggregations:0|SELECT Name, NamespacePrefix, SystemModStamp FROM StaticResource WHERE Name LIKE :tmpVar1 LIMIT 10
20:45:47.0 (87205444)|SOQL_EXECUTE_END|[200]|Rows:1
20:45:47.0 (87658603)|ENTERING_MANAGED_PKG|tdc_tsw
20:45:47.0 (100093350)|ENTERING_MANAGED_PKG|tdc_tsw
20:45:47.0 (101894964)|ENTERING_MANAGED_PKG|tdc_tsw
20:45:47.0 (102235702)|ENTERING_MANAGED_PKG|tdc_tsw
20:45:47.0 (103152410)|ENTERING_MANAGED_PKG|tdc_tsw
20:45:47.0 (103589905)|SOQL_EXECUTE_BEGIN|[200]|Aggregations:0|SELECT Name, NamespacePrefix, SystemModStamp FROM StaticResource WHERE Name LIKE :tmpVar1 LIMIT 10
20:45:47.0 (106027688)|SOQL_EXECUTE_END|[200]|Rows:1
20:45:47.111 (111181429)|USER_INFO|[EXTERNAL]|0051H000009gxp8|chanida.dev2@solvedbysoftwareco.com|Eastern Standard Time|GMT-05:00
20:45:47.111 (112501308)|ENTERING_MANAGED_PKG|tdc_tsw
20:45:47.111 (112674606)|ENTERING_MANAGED_PKG|tdc_tsw
20:45:47.111 (115288017)|SOQL_EXECUTE_BEGIN|[355]|Aggregations:0|SELECT id, name, Disable_Incoming_SMS_Sharing__c FROM User WHERE id = :tmpVar1
20:45:47.111 (121804729)|SOQL_EXECUTE_END|[355]|Rows:1
20:45:47.111 (122763497)|SOQL_EXECUTE_BEGIN|[367]|Aggregations:0|SELECT CreatedDate,Id,LastModifiedDate,Related_Object_Id__c FROM Message__c WHERE Name = 'Incoming' AND Read__c = false ORDER BY CreatedDate Desc limit 100
20:45:47.111 (128473336)|SOQL_EXECUTE_END|[367]|Rows:16
