44.0 APEX_CODE,FINEST;APEX_PROFILING,INFO;CALLOUT,INFO;DB,INFO;NBA,INFO;SYSTEM,DEBUG;VALIDATION,INFO;VISUALFORCE,INFO;WAVE,INFO;WORKFLOW,INFO
23:17:17.0 (197213)|USER_INFO|[EXTERNAL]|0051H000009gxp8|chanida.dev2@solvedbysoftwareco.com|Eastern Standard Time|GMT-05:00
23:17:17.0 (2248484)|ENTERING_MANAGED_PKG|tdc_tsw
23:17:17.0 (2804455)|ENTERING_MANAGED_PKG|tdc_tsw
23:17:17.0 (6669097)|SOQL_EXECUTE_BEGIN|[16]|Aggregations:0|SELECT id, name, Disable_Incoming_SMS_Sharing__c FROM User WHERE id = :tmpVar1
23:17:17.0 (13550549)|SOQL_EXECUTE_END|[16]|Rows:1
23:17:17.0 (18510732)|SOQL_EXECUTE_BEGIN|[37]|Aggregations:0|SELECT CreatedDate,Created_Date__c,Id,LastModifiedDate,MessageId__c,Message_Text_New__c,Name,OwnerId,Read__c,Related_Object_Id__c,Related_Object__c,Sender_Number__c, Sender_Name__c,ToNumber__c,Attachments_Ids__c FROM Message__c WHERE Name = 'Incoming' AND Read__c = false ORDER BY CreatedDate Desc limit 100
23:17:17.0 (35910185)|SOQL_EXECUTE_END|[37]|Rows:100
23:17:17.0 (51957366)|ENTERING_MANAGED_PKG|tdc_tsw
23:17:17.0 (53789019)|ENTERING_MANAGED_PKG|tdc_tsw
23:17:17.0 (54257494)|ENTERING_MANAGED_PKG|tdc_tsw
23:17:17.0 (54933055)|ENTERING_MANAGED_PKG|tdc_tsw
23:17:17.0 (57675177)|ENTERING_MANAGED_PKG|tdc_tsw
23:17:17.0 (58467666)|ENTERING_MANAGED_PKG|tdc_tsw
23:17:17.0 (58695802)|ENTERING_MANAGED_PKG|tdc_tsw
23:17:17.0 (59090086)|ENTERING_MANAGED_PKG|tdc_tsw
23:17:17.0 (60168944)|ENTERING_MANAGED_PKG|tdc_tsw
23:17:17.0 (60926043)|ENTERING_MANAGED_PKG|tdc_tsw
23:17:17.0 (61158575)|ENTERING_MANAGED_PKG|tdc_tsw
23:17:17.0 (61538178)|ENTERING_MANAGED_PKG|tdc_tsw
23:17:17.0 (62550892)|ENTERING_MANAGED_PKG|tdc_tsw
23:17:17.0 (63269751)|ENTERING_MANAGED_PKG|tdc_tsw
23:17:17.0 (63487041)|ENTERING_MANAGED_PKG|tdc_tsw
23:17:17.0 (63856991)|ENTERING_MANAGED_PKG|tdc_tsw
23:17:17.0 (64866971)|ENTERING_MANAGED_PKG|tdc_tsw
23:17:17.0 (65596278)|ENTERING_MANAGED_PKG|tdc_tsw
23:17:17.0 (65813217)|ENTERING_MANAGED_PKG|tdc_tsw
23:17:17.0 (66191234)|ENTERING_MANAGED_PKG|tdc_tsw
23:17:17.0 (67207223)|ENTERING_MANAGED_PKG|tdc_tsw
23:17:17.0 (67918190)|ENTERING_MANAGED_PKG|tdc_tsw
23:17:17.0 (68141120)|ENTERING_MANAGED_PKG|tdc_tsw
23:17:17.0 (68512196)|ENTERING_MANAGED_PKG|tdc_tsw
23:17:17.0 (69519506)|ENTERING_MANAGED_PKG|tdc_tsw
23:17:17.0 (70246654)|ENTERING_MANAGED_PKG|tdc_tsw
23:17:17.0 (70462891)|ENTERING_MANAGED_PKG|tdc_tsw
23:17:17.0 (70833287)|ENTERING_MANAGED_PKG|tdc_tsw
23:17:17.0 (71861786)|ENTERING_MANAGED_PKG|tdc_tsw
23:17:17.0 (72584100)|ENTERING_MANAGED_PKG|tdc_tsw
23:17:17.0 (72801284)|ENTERING_MANAGED_PKG|tdc_tsw
23:17:17.0 (73192135)|ENTERING_MANAGED_PKG|tdc_tsw
23:17:17.0 (74202203)|ENTERING_MANAGED_PKG|tdc_tsw
23:17:17.0 (74932679)|ENTERING_MANAGED_PKG|tdc_tsw
23:17:17.0 (75157161)|ENTERING_MANAGED_PKG|tdc_tsw
23:17:17.0 (75528298)|ENTERING_MANAGED_PKG|tdc_tsw
23:17:17.0 (76538225)|ENTERING_MANAGED_PKG|tdc_tsw
23:17:17.0 (77261971)|ENTERING_MANAGED_PKG|tdc_tsw
23:17:17.0 (77478977)|ENTERING_MANAGED_PKG|tdc_tsw
23:17:17.0 (77863011)|ENTERING_MANAGED_PKG|tdc_tsw
23:17:17.0 (78873332)|ENTERING_MANAGED_PKG|tdc_tsw
23:17:17.0 (79608377)|ENTERING_MANAGED_PKG|tdc_tsw
23:17:17.0 (79825043)|ENTERING_MANAGED_PKG|tdc_tsw
23:17:17.0 (80206221)|ENTERING_MANAGED_PKG|tdc_tsw
23:17:17.0 (81218306)|ENTERING_MANAGED_PKG|tdc_tsw
23:17:17.0 (81935173)|ENTERING_MANAGED_PKG|tdc_tsw
23:17:17.0 (82160390)|ENTERING_MANAGED_PKG|tdc_tsw
23:17:17.0 (82533095)|ENTERING_MANAGED_PKG|tdc_tsw
23:17:17.0 (83541971)|ENTERING_MANAGED_PKG|tdc_tsw
23:17:17.0 (84274429)|ENTERING_MANAGED_PKG|tdc_tsw
23:17:17.0 (84491368)|ENTERING_MANAGED_PKG|tdc_tsw
23:17:17.0 (84866104)|ENTERING_MANAGED_PKG|tdc_tsw
23:17:17.0 (85890711)|ENTERING_MANAGED_PKG|tdc_tsw
23:17:17.0 (86611207)|ENTERING_MANAGED_PKG|tdc_tsw
23:17:17.0 (86827700)|ENTERING_MANAGED_PKG|tdc_tsw
23:17:17.0 (87212855)|ENTERING_MANAGED_PKG|tdc_tsw
23:17:17.0 (88234164)|ENTERING_MANAGED_PKG|tdc_tsw
23:17:17.0 (88957566)|ENTERING_MANAGED_PKG|tdc_tsw
23:17:17.0 (92561014)|ENTERING_MANAGED_PKG|tdc_tsw
23:17:17.0 (92966993)|ENTERING_MANAGED_PKG|tdc_tsw
23:17:17.0 (94084814)|ENTERING_MANAGED_PKG|tdc_tsw
23:17:17.0 (94903747)|ENTERING_MANAGED_PKG|tdc_tsw
23:17:17.0 (95132324)|ENTERING_MANAGED_PKG|tdc_tsw
23:17:17.0 (95506572)|ENTERING_MANAGED_PKG|tdc_tsw
23:17:17.0 (96525860)|ENTERING_MANAGED_PKG|tdc_tsw
23:17:17.0 (97245909)|ENTERING_MANAGED_PKG|tdc_tsw
23:17:17.0 (97463550)|ENTERING_MANAGED_PKG|tdc_tsw
23:17:17.0 (97836039)|ENTERING_MANAGED_PKG|tdc_tsw
23:17:17.0 (98850734)|ENTERING_MANAGED_PKG|tdc_tsw
23:17:17.0 (99578081)|ENTERING_MANAGED_PKG|tdc_tsw
23:17:17.0 (99798632)|ENTERING_MANAGED_PKG|tdc_tsw
23:17:17.0 (100176999)|ENTERING_MANAGED_PKG|tdc_tsw
23:17:17.0 (101193322)|ENTERING_MANAGED_PKG|tdc_tsw
23:17:17.0 (101909039)|ENTERING_MANAGED_PKG|tdc_tsw
23:17:17.0 (102134107)|ENTERING_MANAGED_PKG|tdc_tsw
23:17:17.0 (102506333)|ENTERING_MANAGED_PKG|tdc_tsw
23:17:17.0 (103525044)|ENTERING_MANAGED_PKG|tdc_tsw
23:17:17.0 (104255224)|ENTERING_MANAGED_PKG|tdc_tsw
23:17:17.0 (104470513)|ENTERING_MANAGED_PKG|tdc_tsw
23:17:17.0 (104841669)|ENTERING_MANAGED_PKG|tdc_tsw
23:17:17.0 (105848566)|ENTERING_MANAGED_PKG|tdc_tsw
23:17:17.0 (106597177)|ENTERING_MANAGED_PKG|tdc_tsw
23:17:17.0 (106814642)|ENTERING_MANAGED_PKG|tdc_tsw
23:17:17.0 (107199096)|ENTERING_MANAGED_PKG|tdc_tsw
23:17:17.0 (108206187)|ENTERING_MANAGED_PKG|tdc_tsw
23:17:17.0 (108922467)|ENTERING_MANAGED_PKG|tdc_tsw
23:17:17.0 (109151119)|ENTERING_MANAGED_PKG|tdc_tsw
23:17:17.0 (109521814)|ENTERING_MANAGED_PKG|tdc_tsw
23:17:17.0 (110528901)|ENTERING_MANAGED_PKG|tdc_tsw
23:17:17.0 (111249337)|ENTERING_MANAGED_PKG|tdc_tsw
23:17:17.0 (111464781)|ENTERING_MANAGED_PKG|tdc_tsw
23:17:17.0 (111838323)|ENTERING_MANAGED_PKG|tdc_tsw
23:17:17.0 (112842367)|ENTERING_MANAGED_PKG|tdc_tsw
23:17:17.0 (113566660)|ENTERING_MANAGED_PKG|tdc_tsw
23:17:17.0 (113782577)|ENTERING_MANAGED_PKG|tdc_tsw
23:17:17.0 (114156903)|ENTERING_MANAGED_PKG|tdc_tsw
23:17:17.0 (115159205)|ENTERING_MANAGED_PKG|tdc_tsw
23:17:17.0 (115875706)|ENTERING_MANAGED_PKG|tdc_tsw
23:17:17.0 (116091464)|ENTERING_MANAGED_PKG|tdc_tsw
23:17:17.0 (116467256)|ENTERING_MANAGED_PKG|tdc_tsw
23:17:17.0 (117465269)|ENTERING_MANAGED_PKG|tdc_tsw
23:17:17.0 (118185341)|ENTERING_MANAGED_PKG|tdc_tsw
23:17:17.0 (118401129)|ENTERING_MANAGED_PKG|tdc_tsw
23:17:17.0 (118768495)|ENTERING_MANAGED_PKG|tdc_tsw
23:17:17.0 (119768287)|ENTERING_MANAGED_PKG|tdc_tsw
23:17:17.0 (120799519)|ENTERING_MANAGED_PKG|tdc_tsw
23:17:17.0 (121015595)|ENTERING_MANAGED_PKG|tdc_tsw
23:17:17.0 (121389512)|ENTERING_MANAGED_PKG|tdc_tsw
23:17:17.0 (122404658)|ENTERING_MANAGED_PKG|tdc_tsw
23:17:17.0 (123128204)|ENTERING_MANAGED_PKG|tdc_tsw
23:17:17.0 (123346331)|ENTERING_MANAGED_PKG|tdc_tsw
23:17:17.0 (123713168)|ENTERING_MANAGED_PKG|tdc_tsw
23:17:17.0 (124720647)|ENTERING_MANAGED_PKG|tdc_tsw
23:17:17.0 (125440420)|ENTERING_MANAGED_PKG|tdc_tsw
23:17:17.0 (125657178)|ENTERING_MANAGED_PKG|tdc_tsw
23:17:17.0 (126032069)|ENTERING_MANAGED_PKG|tdc_tsw
23:17:17.0 (127032891)|ENTERING_MANAGED_PKG|tdc_tsw
23:17:17.0 (127752789)|ENTERING_MANAGED_PKG|tdc_tsw
23:17:17.0 (127969374)|ENTERING_MANAGED_PKG|tdc_tsw
23:17:17.0 (128341733)|ENTERING_MANAGED_PKG|tdc_tsw
23:17:17.0 (129350419)|ENTERING_MANAGED_PKG|tdc_tsw
23:17:17.0 (130060570)|ENTERING_MANAGED_PKG|tdc_tsw
23:17:17.0 (130283425)|ENTERING_MANAGED_PKG|tdc_tsw
23:17:17.0 (130647821)|ENTERING_MANAGED_PKG|tdc_tsw
23:17:17.0 (131646091)|ENTERING_MANAGED_PKG|tdc_tsw
23:17:17.0 (132367540)|ENTERING_MANAGED_PKG|tdc_tsw
23:17:17.0 (132583170)|ENTERING_MANAGED_PKG|tdc_tsw
23:17:17.0 (132946986)|ENTERING_MANAGED_PKG|tdc_tsw
23:17:17.0 (133945053)|ENTERING_MANAGED_PKG|tdc_tsw
23:17:17.0 (134677786)|ENTERING_MANAGED_PKG|tdc_tsw
23:17:17.0 (134894350)|ENTERING_MANAGED_PKG|tdc_tsw
23:17:17.0 (135295205)|ENTERING_MANAGED_PKG|tdc_tsw
23:17:17.0 (136316755)|ENTERING_MANAGED_PKG|tdc_tsw
23:17:17.0 (137032099)|ENTERING_MANAGED_PKG|tdc_tsw
23:17:17.0 (137254385)|ENTERING_MANAGED_PKG|tdc_tsw
23:17:17.0 (137625428)|ENTERING_MANAGED_PKG|tdc_tsw
23:17:17.0 (138635119)|ENTERING_MANAGED_PKG|tdc_tsw
23:17:17.0 (139359600)|ENTERING_MANAGED_PKG|tdc_tsw
23:17:17.0 (139577027)|ENTERING_MANAGED_PKG|tdc_tsw
23:17:17.0 (139947664)|ENTERING_MANAGED_PKG|tdc_tsw
23:17:17.0 (140951714)|ENTERING_MANAGED_PKG|tdc_tsw
23:17:17.0 (141677110)|ENTERING_MANAGED_PKG|tdc_tsw
23:17:17.0 (141893774)|ENTERING_MANAGED_PKG|tdc_tsw
23:17:17.0 (142272570)|ENTERING_MANAGED_PKG|tdc_tsw
23:17:17.0 (143276142)|ENTERING_MANAGED_PKG|tdc_tsw
23:17:17.0 (143994881)|ENTERING_MANAGED_PKG|tdc_tsw
23:17:17.0 (144222196)|ENTERING_MANAGED_PKG|tdc_tsw
23:17:17.0 (144591981)|ENTERING_MANAGED_PKG|tdc_tsw
23:17:17.0 (145595793)|ENTERING_MANAGED_PKG|tdc_tsw
23:17:17.0 (146320710)|ENTERING_MANAGED_PKG|tdc_tsw
23:17:17.0 (146538961)|ENTERING_MANAGED_PKG|tdc_tsw
23:17:17.0 (146910835)|ENTERING_MANAGED_PKG|tdc_tsw
23:17:17.0 (147921747)|ENTERING_MANAGED_PKG|tdc_tsw
23:17:17.0 (148639954)|ENTERING_MANAGED_PKG|tdc_tsw
23:17:17.0 (148856161)|ENTERING_MANAGED_PKG|tdc_tsw
23:17:17.0 (149242509)|ENTERING_MANAGED_PKG|tdc_tsw
23:17:17.0 (150245665)|ENTERING_MANAGED_PKG|tdc_tsw
23:17:17.0 (150962871)|ENTERING_MANAGED_PKG|tdc_tsw
23:17:17.0 (151186598)|ENTERING_MANAGED_PKG|tdc_tsw
23:17:17.0 (151558050)|ENTERING_MANAGED_PKG|tdc_tsw
23:17:17.0 (152558532)|ENTERING_MANAGED_PKG|tdc_tsw
23:17:17.0 (153284389)|ENTERING_MANAGED_PKG|tdc_tsw
23:17:17.0 (153501394)|ENTERING_MANAGED_PKG|tdc_tsw
23:17:17.0 (153874305)|ENTERING_MANAGED_PKG|tdc_tsw
23:17:17.0 (154893047)|ENTERING_MANAGED_PKG|tdc_tsw
23:17:17.0 (155624545)|ENTERING_MANAGED_PKG|tdc_tsw
23:17:17.0 (155839759)|ENTERING_MANAGED_PKG|tdc_tsw
23:17:17.0 (156276984)|ENTERING_MANAGED_PKG|tdc_tsw
23:17:17.0 (157285153)|ENTERING_MANAGED_PKG|tdc_tsw
23:17:17.0 (157998541)|ENTERING_MANAGED_PKG|tdc_tsw
23:17:17.0 (158225626)|ENTERING_MANAGED_PKG|tdc_tsw
23:17:17.0 (158596481)|ENTERING_MANAGED_PKG|tdc_tsw
23:17:17.0 (159601306)|ENTERING_MANAGED_PKG|tdc_tsw
23:17:17.0 (160331417)|ENTERING_MANAGED_PKG|tdc_tsw
23:17:17.0 (160553140)|ENTERING_MANAGED_PKG|tdc_tsw
23:17:17.0 (160928369)|ENTERING_MANAGED_PKG|tdc_tsw
23:17:17.0 (161934442)|ENTERING_MANAGED_PKG|tdc_tsw
23:17:17.0 (162651135)|ENTERING_MANAGED_PKG|tdc_tsw
23:17:17.0 (162866671)|ENTERING_MANAGED_PKG|tdc_tsw
23:17:17.0 (163250843)|ENTERING_MANAGED_PKG|tdc_tsw
23:17:17.0 (164258942)|ENTERING_MANAGED_PKG|tdc_tsw
23:17:17.0 (164971313)|ENTERING_MANAGED_PKG|tdc_tsw
23:17:17.0 (165194064)|ENTERING_MANAGED_PKG|tdc_tsw
23:17:17.0 (165565080)|ENTERING_MANAGED_PKG|tdc_tsw
23:17:17.0 (166569289)|ENTERING_MANAGED_PKG|tdc_tsw
23:17:17.0 (167301880)|ENTERING_MANAGED_PKG|tdc_tsw
23:17:17.0 (167520537)|ENTERING_MANAGED_PKG|tdc_tsw
23:17:17.0 (167890707)|ENTERING_MANAGED_PKG|tdc_tsw
23:17:17.0 (168891990)|ENTERING_MANAGED_PKG|tdc_tsw
23:17:17.0 (169618196)|ENTERING_MANAGED_PKG|tdc_tsw
23:17:17.0 (169834727)|ENTERING_MANAGED_PKG|tdc_tsw
23:17:17.0 (170218971)|ENTERING_MANAGED_PKG|tdc_tsw
23:17:17.0 (171222661)|ENTERING_MANAGED_PKG|tdc_tsw
23:17:17.0 (171933259)|ENTERING_MANAGED_PKG|tdc_tsw
23:17:17.0 (172157032)|ENTERING_MANAGED_PKG|tdc_tsw
23:17:17.0 (172530251)|ENTERING_MANAGED_PKG|tdc_tsw
23:17:17.0 (173539556)|ENTERING_MANAGED_PKG|tdc_tsw
23:17:17.0 (174264820)|ENTERING_MANAGED_PKG|tdc_tsw
23:17:17.0 (174460949)|ENTERING_MANAGED_PKG|tdc_tsw
23:17:17.0 (174831136)|ENTERING_MANAGED_PKG|tdc_tsw
23:17:17.0 (175836432)|ENTERING_MANAGED_PKG|tdc_tsw
23:17:17.0 (176565353)|ENTERING_MANAGED_PKG|tdc_tsw
23:17:17.0 (176781605)|ENTERING_MANAGED_PKG|tdc_tsw
23:17:17.0 (177159198)|ENTERING_MANAGED_PKG|tdc_tsw
23:17:17.0 (178164314)|ENTERING_MANAGED_PKG|tdc_tsw
23:17:17.0 (178884572)|ENTERING_MANAGED_PKG|tdc_tsw
23:17:17.0 (179107246)|ENTERING_MANAGED_PKG|tdc_tsw
23:17:17.0 (179489795)|ENTERING_MANAGED_PKG|tdc_tsw
23:17:17.0 (180669584)|ENTERING_MANAGED_PKG|tdc_tsw
23:17:17.0 (181506943)|ENTERING_MANAGED_PKG|tdc_tsw
23:17:17.0 (181580880)|ENTERING_MANAGED_PKG|tdc_tsw
23:17:17.0 (182055406)|SOQL_EXECUTE_BEGIN|[200]|Aggregations:0|SELECT Name, NamespacePrefix, SystemModStamp FROM StaticResource WHERE Name LIKE :tmpVar1 LIMIT 10
23:17:17.0 (185214357)|SOQL_EXECUTE_END|[200]|Rows:1
23:17:17.0 (185949290)|ENTERING_MANAGED_PKG|tdc_tsw
23:17:17.0 (186276753)|SOQL_EXECUTE_BEGIN|[200]|Aggregations:0|SELECT Name, NamespacePrefix, SystemModStamp FROM StaticResource WHERE Name LIKE :tmpVar1 LIMIT 10
23:17:17.0 (188288370)|SOQL_EXECUTE_END|[200]|Rows:1
23:17:17.0 (188648942)|ENTERING_MANAGED_PKG|tdc_tsw
23:17:17.0 (191693399)|ENTERING_MANAGED_PKG|tdc_tsw
23:17:17.0 (193102081)|ENTERING_MANAGED_PKG|tdc_tsw
23:17:17.0 (193381487)|ENTERING_MANAGED_PKG|tdc_tsw
23:17:17.0 (194273313)|ENTERING_MANAGED_PKG|tdc_tsw
23:17:17.0 (194624693)|SOQL_EXECUTE_BEGIN|[200]|Aggregations:0|SELECT Name, NamespacePrefix, SystemModStamp FROM StaticResource WHERE Name LIKE :tmpVar1 LIMIT 10
23:17:17.0 (197362480)|SOQL_EXECUTE_END|[200]|Rows:1
23:17:17.208 (208316062)|USER_INFO|[EXTERNAL]|0051H000009gxp8|chanida.dev2@solvedbysoftwareco.com|Eastern Standard Time|GMT-05:00
23:17:17.208 (210743316)|ENTERING_MANAGED_PKG|tdc_tsw
23:17:17.208 (210920255)|ENTERING_MANAGED_PKG|tdc_tsw
23:17:17.208 (213165652)|SOQL_EXECUTE_BEGIN|[355]|Aggregations:0|SELECT id, name, Disable_Incoming_SMS_Sharing__c FROM User WHERE id = :tmpVar1
23:17:17.208 (218478847)|SOQL_EXECUTE_END|[355]|Rows:1
23:17:17.208 (219350003)|SOQL_EXECUTE_BEGIN|[367]|Aggregations:0|SELECT CreatedDate,Id,LastModifiedDate,Related_Object_Id__c FROM Message__c WHERE Name = 'Incoming' AND Read__c = false ORDER BY CreatedDate Desc limit 100
23:17:17.208 (227673742)|SOQL_EXECUTE_END|[367]|Rows:100
