36.0 APEX_CODE,FINEST;APEX_PROFILING,INFO;CALLOUT,INFO;DB,INFO;NBA,INFO;SYSTEM,DEBUG;VALIDATION,INFO;VISUALFORCE,INFO;WAVE,INFO;WORKFLOW,INFO
16:58:22.11 (11769543)|ENTERING_MANAGED_PKG|tdc_tsw
16:58:22.11 (12187996)|ENTERING_MANAGED_PKG|tdc_tsw
16:58:22.11 (12959681)|ENTERING_MANAGED_PKG|tdc_tsw
16:58:22.11 (13255842)|ENTERING_MANAGED_PKG|tdc_tsw
16:58:22.11 (13295675)|ENTERING_MANAGED_PKG|tdc_tsw
16:58:22.11 (16387423)|ENTERING_MANAGED_PKG|tdc_tsw
16:58:22.11 (18206106)|ENTERING_MANAGED_PKG|tdc_tsw
16:58:22.11 (18245801)|ENTERING_MANAGED_PKG|tdc_tsw
16:58:22.11 (18287479)|ENTERING_MANAGED_PKG|tdc_tsw
16:58:22.11 (18845612)|ENTERING_MANAGED_PKG|tdc_tsw
16:58:22.11 (19072192)|ENTERING_MANAGED_PKG|tdc_tsw
16:58:22.11 (19329049)|ENTERING_MANAGED_PKG|tdc_tsw
16:58:22.11 (20986110)|ENTERING_MANAGED_PKG|tdc_tsw
16:58:22.11 (21026486)|ENTERING_MANAGED_PKG|tdc_tsw
16:58:22.11 (21369081)|ENTERING_MANAGED_PKG|tdc_tsw
16:58:22.11 (23402588)|ENTERING_MANAGED_PKG|tdc_tsw
16:58:22.11 (23768346)|ENTERING_MANAGED_PKG|tdc_tsw
16:58:22.11 (23813504)|ENTERING_MANAGED_PKG|tdc_tsw
16:58:22.11 (23872273)|ENTERING_MANAGED_PKG|tdc_tsw
16:58:22.11 (23986380)|ENTERING_MANAGED_PKG|tdc_tsw
16:58:22.11 (24110027)|ENTERING_MANAGED_PKG|tdc_tsw
16:58:22.11 (24482072)|ENTERING_MANAGED_PKG|tdc_tsw
16:58:22.11 (24524520)|ENTERING_MANAGED_PKG|tdc_tsw
16:58:22.11 (24592824)|ENTERING_MANAGED_PKG|tdc_tsw
16:58:22.11 (24653607)|ENTERING_MANAGED_PKG|tdc_tsw
16:58:22.11 (24674423)|ENTERING_MANAGED_PKG|tdc_tsw
16:58:22.11 (24828259)|ENTERING_MANAGED_PKG|tdc_tsw
16:58:22.11 (24878081)|ENTERING_MANAGED_PKG|tdc_tsw
16:58:22.11 (24928123)|ENTERING_MANAGED_PKG|tdc_tsw
16:58:22.11 (25029372)|ENTERING_MANAGED_PKG|tdc_tsw
16:58:22.11 (25078188)|ENTERING_MANAGED_PKG|tdc_tsw
16:58:22.11 (25467872)|ENTERING_MANAGED_PKG|tdc_tsw
16:58:22.11 (25522584)|ENTERING_MANAGED_PKG|tdc_tsw
16:58:22.11 (25577230)|ENTERING_MANAGED_PKG|tdc_tsw
16:58:22.11 (25750248)|ENTERING_MANAGED_PKG|tdc_tsw
16:58:22.11 (25791320)|ENTERING_MANAGED_PKG|tdc_tsw
16:58:22.11 (25840486)|ENTERING_MANAGED_PKG|tdc_tsw
16:58:22.11 (25894391)|ENTERING_MANAGED_PKG|tdc_tsw
16:58:22.11 (25993659)|ENTERING_MANAGED_PKG|tdc_tsw
16:58:22.11 (26094298)|ENTERING_MANAGED_PKG|tdc_tsw
16:58:22.11 (26139216)|ENTERING_MANAGED_PKG|tdc_tsw
16:58:22.11 (26197862)|ENTERING_MANAGED_PKG|tdc_tsw
16:58:22.11 (26238741)|ENTERING_MANAGED_PKG|tdc_tsw
16:58:22.11 (26275021)|ENTERING_MANAGED_PKG|tdc_tsw
16:58:22.11 (26308584)|ENTERING_MANAGED_PKG|tdc_tsw
16:58:22.11 (26352207)|ENTERING_MANAGED_PKG|tdc_tsw
16:58:22.11 (26417666)|ENTERING_MANAGED_PKG|tdc_tsw
16:58:22.11 (26559649)|ENTERING_MANAGED_PKG|tdc_tsw
16:58:22.11 (26615829)|ENTERING_MANAGED_PKG|tdc_tsw
16:58:22.11 (26794841)|ENTERING_MANAGED_PKG|tdc_tsw
16:58:22.11 (26912705)|ENTERING_MANAGED_PKG|tdc_tsw
16:58:22.11 (27034375)|ENTERING_MANAGED_PKG|tdc_tsw
16:58:22.11 (27084752)|ENTERING_MANAGED_PKG|tdc_tsw
16:58:22.11 (27143239)|ENTERING_MANAGED_PKG|tdc_tsw
16:58:22.11 (27444902)|ENTERING_MANAGED_PKG|tdc_tsw
16:58:22.11 (198087282)|ENTERING_MANAGED_PKG|tdc_tsw
16:58:22.11 (198203230)|ENTERING_MANAGED_PKG|tdc_tsw
16:58:22.11 (199084238)|ENTERING_MANAGED_PKG|tdc_tsw
16:58:22.11 (199139983)|ENTERING_MANAGED_PKG|tdc_tsw
16:58:22.11 (199218232)|ENTERING_MANAGED_PKG|tdc_tsw
16:58:22.11 (199310476)|ENTERING_MANAGED_PKG|tdc_tsw
16:58:22.11 (199359466)|ENTERING_MANAGED_PKG|tdc_tsw
16:58:22.11 (199400098)|ENTERING_MANAGED_PKG|tdc_tsw
16:58:22.11 (199452018)|ENTERING_MANAGED_PKG|tdc_tsw
16:58:22.11 (199489253)|ENTERING_MANAGED_PKG|tdc_tsw
16:58:22.11 (199520406)|ENTERING_MANAGED_PKG|tdc_tsw
16:58:22.11 (199583353)|ENTERING_MANAGED_PKG|tdc_tsw
16:58:22.11 (199630195)|ENTERING_MANAGED_PKG|tdc_tsw
16:58:22.11 (199671760)|ENTERING_MANAGED_PKG|tdc_tsw
16:58:22.11 (199944230)|ENTERING_MANAGED_PKG|tdc_tsw
16:58:22.11 (200370375)|ENTERING_MANAGED_PKG|tdc_tsw
16:58:22.11 (200698329)|ENTERING_MANAGED_PKG|tdc_tsw
16:58:22.11 (209580521)|ENTERING_MANAGED_PKG|tdc_tsw
16:58:22.11 (210685791)|ENTERING_MANAGED_PKG|tdc_tsw
16:58:22.11 (210768229)|ENTERING_MANAGED_PKG|tdc_tsw
16:58:22.11 (210811632)|ENTERING_MANAGED_PKG|tdc_tsw
16:58:22.11 (210908976)|ENTERING_MANAGED_PKG|tdc_tsw
16:58:22.11 (210997320)|ENTERING_MANAGED_PKG|tdc_tsw
16:58:22.11 (211138023)|ENTERING_MANAGED_PKG|tdc_tsw
16:58:22.11 (211568823)|ENTERING_MANAGED_PKG|tdc_tsw
16:58:22.11 (211622259)|ENTERING_MANAGED_PKG|tdc_tsw
16:58:22.11 (211909031)|ENTERING_MANAGED_PKG|tdc_tsw
16:58:22.11 (211962495)|ENTERING_MANAGED_PKG|tdc_tsw
16:58:22.11 (212223567)|ENTERING_MANAGED_PKG|tdc_tsw
16:58:22.11 (212289255)|ENTERING_MANAGED_PKG|tdc_tsw
16:58:22.11 (212333137)|ENTERING_MANAGED_PKG|tdc_tsw
16:58:22.11 (212368146)|ENTERING_MANAGED_PKG|tdc_tsw
16:58:22.11 (212409551)|ENTERING_MANAGED_PKG|tdc_tsw
16:58:22.11 (212474996)|ENTERING_MANAGED_PKG|tdc_tsw
16:58:22.11 (212555913)|ENTERING_MANAGED_PKG|tdc_tsw
16:58:22.11 (212584109)|ENTERING_MANAGED_PKG|tdc_tsw
16:58:22.11 (212627040)|ENTERING_MANAGED_PKG|tdc_tsw
16:58:22.11 (212816765)|ENTERING_MANAGED_PKG|tdc_tsw
16:58:22.11 (212853365)|ENTERING_MANAGED_PKG|tdc_tsw
16:58:22.11 (212895826)|ENTERING_MANAGED_PKG|tdc_tsw
16:58:22.11 (212932737)|ENTERING_MANAGED_PKG|tdc_tsw
16:58:22.11 (212974102)|ENTERING_MANAGED_PKG|tdc_tsw
16:58:22.11 (213028944)|ENTERING_MANAGED_PKG|tdc_tsw
16:58:22.11 (213077720)|ENTERING_MANAGED_PKG|tdc_tsw
16:58:22.11 (213137331)|ENTERING_MANAGED_PKG|tdc_tsw
16:58:22.11 (213175136)|ENTERING_MANAGED_PKG|tdc_tsw
16:58:22.11 (213305862)|ENTERING_MANAGED_PKG|tdc_tsw
16:58:22.11 (213401198)|ENTERING_MANAGED_PKG|tdc_tsw
16:58:22.11 (213469650)|ENTERING_MANAGED_PKG|tdc_tsw
16:58:22.11 (213519706)|ENTERING_MANAGED_PKG|tdc_tsw
16:58:22.11 (213603369)|ENTERING_MANAGED_PKG|tdc_tsw
16:58:22.11 (516220861)|ENTERING_MANAGED_PKG|tdc_tsw
16:58:22.11 (516649691)|ENTERING_MANAGED_PKG|tdc_tsw
16:58:22.11 (516689722)|ENTERING_MANAGED_PKG|tdc_tsw
16:58:22.11 (516738473)|ENTERING_MANAGED_PKG|tdc_tsw
16:58:22.11 (516794104)|ENTERING_MANAGED_PKG|tdc_tsw
16:58:22.11 (516822752)|ENTERING_MANAGED_PKG|tdc_tsw
16:58:22.11 (516847434)|ENTERING_MANAGED_PKG|tdc_tsw
16:58:22.11 (516885400)|ENTERING_MANAGED_PKG|tdc_tsw
16:58:22.11 (516911516)|ENTERING_MANAGED_PKG|tdc_tsw
16:58:22.11 (516933265)|ENTERING_MANAGED_PKG|tdc_tsw
16:58:22.11 (516997222)|ENTERING_MANAGED_PKG|tdc_tsw
16:58:22.11 (517063914)|ENTERING_MANAGED_PKG|tdc_tsw
16:58:22.11 (517110772)|ENTERING_MANAGED_PKG|tdc_tsw
16:58:22.11 (517203915)|ENTERING_MANAGED_PKG|tdc_tsw
16:58:22.11 (517309369)|ENTERING_MANAGED_PKG|tdc_tsw
16:58:22.11 (521310500)|ENTERING_MANAGED_PKG|tdc_tsw
16:58:22.11 (521893093)|ENTERING_MANAGED_PKG|tdc_tsw
16:58:22.11 (528684349)|ENTERING_MANAGED_PKG|tdc_tsw
16:58:22.11 (529688497)|ENTERING_MANAGED_PKG|tdc_tsw
16:58:22.11 (536429749)|ENTERING_MANAGED_PKG|tdc_tsw
16:58:22.11 (537419049)|ENTERING_MANAGED_PKG|tdc_tsw
16:58:22.11 (544166682)|ENTERING_MANAGED_PKG|tdc_tsw
16:58:22.11 (545149790)|ENTERING_MANAGED_PKG|tdc_tsw
16:58:22.11 (551926368)|ENTERING_MANAGED_PKG|tdc_tsw
16:58:22.11 (552916238)|ENTERING_MANAGED_PKG|tdc_tsw
16:58:22.11 (560019166)|ENTERING_MANAGED_PKG|tdc_tsw
16:58:22.11 (561004340)|ENTERING_MANAGED_PKG|tdc_tsw
16:58:22.11 (567799066)|ENTERING_MANAGED_PKG|tdc_tsw
16:58:22.11 (568781388)|ENTERING_MANAGED_PKG|tdc_tsw
16:58:22.11 (575584343)|ENTERING_MANAGED_PKG|tdc_tsw
16:58:22.11 (576634361)|ENTERING_MANAGED_PKG|tdc_tsw
16:58:22.11 (583395954)|ENTERING_MANAGED_PKG|tdc_tsw
16:58:22.11 (584376859)|ENTERING_MANAGED_PKG|tdc_tsw
16:58:22.11 (591127240)|ENTERING_MANAGED_PKG|tdc_tsw
16:58:22.11 (592107289)|ENTERING_MANAGED_PKG|tdc_tsw
16:58:22.11 (598866397)|ENTERING_MANAGED_PKG|tdc_tsw
16:58:22.11 (599849383)|ENTERING_MANAGED_PKG|tdc_tsw
16:58:22.11 (606656035)|ENTERING_MANAGED_PKG|tdc_tsw
16:58:22.11 (607646513)|ENTERING_MANAGED_PKG|tdc_tsw
16:58:22.11 (614431061)|ENTERING_MANAGED_PKG|tdc_tsw
16:58:22.11 (615416050)|ENTERING_MANAGED_PKG|tdc_tsw
16:58:22.11 (622199725)|ENTERING_MANAGED_PKG|tdc_tsw
16:58:22.11 (623176162)|ENTERING_MANAGED_PKG|tdc_tsw
16:58:22.11 (629941821)|ENTERING_MANAGED_PKG|tdc_tsw
16:58:22.11 (630927208)|ENTERING_MANAGED_PKG|tdc_tsw
16:58:22.11 (637722123)|ENTERING_MANAGED_PKG|tdc_tsw
16:58:22.11 (638713096)|ENTERING_MANAGED_PKG|tdc_tsw
16:58:22.11 (645478780)|ENTERING_MANAGED_PKG|tdc_tsw
16:58:22.11 (646458762)|ENTERING_MANAGED_PKG|tdc_tsw
16:58:22.11 (653216828)|ENTERING_MANAGED_PKG|tdc_tsw
16:58:22.11 (654196566)|ENTERING_MANAGED_PKG|tdc_tsw
16:58:22.11 (660956360)|ENTERING_MANAGED_PKG|tdc_tsw
16:58:22.11 (661938288)|ENTERING_MANAGED_PKG|tdc_tsw
16:58:22.11 (668815759)|ENTERING_MANAGED_PKG|tdc_tsw
16:58:22.11 (669802907)|ENTERING_MANAGED_PKG|tdc_tsw
16:58:22.11 (676564585)|ENTERING_MANAGED_PKG|tdc_tsw
16:58:22.11 (677545540)|ENTERING_MANAGED_PKG|tdc_tsw
16:58:22.11 (684624512)|ENTERING_MANAGED_PKG|tdc_tsw
16:58:22.11 (685605540)|ENTERING_MANAGED_PKG|tdc_tsw
16:58:22.11 (692375346)|ENTERING_MANAGED_PKG|tdc_tsw
16:58:22.11 (693361343)|ENTERING_MANAGED_PKG|tdc_tsw
16:58:22.11 (700156101)|ENTERING_MANAGED_PKG|tdc_tsw
16:58:22.11 (701134691)|ENTERING_MANAGED_PKG|tdc_tsw
16:58:22.11 (707882223)|ENTERING_MANAGED_PKG|tdc_tsw
16:58:22.11 (708861109)|ENTERING_MANAGED_PKG|tdc_tsw
16:58:22.11 (715629157)|ENTERING_MANAGED_PKG|tdc_tsw
16:58:22.11 (716619717)|ENTERING_MANAGED_PKG|tdc_tsw
16:58:22.11 (723387184)|ENTERING_MANAGED_PKG|tdc_tsw
16:58:22.11 (724374871)|ENTERING_MANAGED_PKG|tdc_tsw
16:58:22.11 (731143508)|ENTERING_MANAGED_PKG|tdc_tsw
16:58:22.11 (732122377)|ENTERING_MANAGED_PKG|tdc_tsw
16:58:22.11 (738885293)|ENTERING_MANAGED_PKG|tdc_tsw
16:58:22.11 (739869632)|ENTERING_MANAGED_PKG|tdc_tsw
16:58:22.11 (746631708)|ENTERING_MANAGED_PKG|tdc_tsw
16:58:22.11 (747612213)|ENTERING_MANAGED_PKG|tdc_tsw
16:58:22.11 (754390109)|ENTERING_MANAGED_PKG|tdc_tsw
16:58:22.11 (755425636)|ENTERING_MANAGED_PKG|tdc_tsw
16:58:22.11 (762173720)|ENTERING_MANAGED_PKG|tdc_tsw
16:58:22.11 (763156554)|ENTERING_MANAGED_PKG|tdc_tsw
16:58:22.11 (769938252)|ENTERING_MANAGED_PKG|tdc_tsw
16:58:22.11 (770922961)|ENTERING_MANAGED_PKG|tdc_tsw
16:58:22.11 (777684701)|ENTERING_MANAGED_PKG|tdc_tsw
16:58:22.11 (778696622)|ENTERING_MANAGED_PKG|tdc_tsw
16:58:22.11 (785468838)|ENTERING_MANAGED_PKG|tdc_tsw
16:58:22.11 (786460972)|ENTERING_MANAGED_PKG|tdc_tsw
16:58:22.11 (840740324)|ENTERING_MANAGED_PKG|tdc_tsw
16:58:22.11 (841951959)|ENTERING_MANAGED_PKG|tdc_tsw
16:58:22.11 (849985973)|ENTERING_MANAGED_PKG|tdc_tsw
16:58:22.11 (851133513)|ENTERING_MANAGED_PKG|tdc_tsw
16:58:22.11 (859109365)|ENTERING_MANAGED_PKG|tdc_tsw
16:58:22.11 (860280355)|ENTERING_MANAGED_PKG|tdc_tsw
16:58:22.11 (868257893)|ENTERING_MANAGED_PKG|tdc_tsw
16:58:22.11 (869418785)|ENTERING_MANAGED_PKG|tdc_tsw
16:58:22.11 (881058427)|ENTERING_MANAGED_PKG|tdc_tsw
16:58:22.11 (882224279)|ENTERING_MANAGED_PKG|tdc_tsw
16:58:22.11 (890174639)|ENTERING_MANAGED_PKG|tdc_tsw
16:58:22.11 (891333645)|ENTERING_MANAGED_PKG|tdc_tsw
16:58:22.11 (899314589)|ENTERING_MANAGED_PKG|tdc_tsw
16:58:22.11 (900473534)|ENTERING_MANAGED_PKG|tdc_tsw
16:58:22.11 (908462055)|ENTERING_MANAGED_PKG|tdc_tsw
16:58:22.11 (909460190)|ENTERING_MANAGED_PKG|tdc_tsw
16:58:22.11 (916167644)|ENTERING_MANAGED_PKG|tdc_tsw
16:58:22.11 (917142181)|ENTERING_MANAGED_PKG|tdc_tsw
16:58:22.11 (923989017)|ENTERING_MANAGED_PKG|tdc_tsw
16:58:22.11 (924972790)|ENTERING_MANAGED_PKG|tdc_tsw
16:58:22.11 (931726079)|ENTERING_MANAGED_PKG|tdc_tsw
16:58:22.11 (932700671)|ENTERING_MANAGED_PKG|tdc_tsw
16:58:22.11 (939736300)|ENTERING_MANAGED_PKG|tdc_tsw
16:58:22.11 (940756208)|ENTERING_MANAGED_PKG|tdc_tsw
16:58:22.11 (947533989)|ENTERING_MANAGED_PKG|tdc_tsw
16:58:22.11 (948543014)|ENTERING_MANAGED_PKG|tdc_tsw
16:58:22.11 (955362796)|ENTERING_MANAGED_PKG|tdc_tsw
16:58:22.11 (956335851)|ENTERING_MANAGED_PKG|tdc_tsw
16:58:22.11 (963020699)|ENTERING_MANAGED_PKG|tdc_tsw
16:58:22.11 (964010974)|ENTERING_MANAGED_PKG|tdc_tsw
16:58:22.11 (971364646)|ENTERING_MANAGED_PKG|tdc_tsw
16:58:22.11 (974940879)|ENTERING_MANAGED_PKG|tdc_tsw
16:58:22.11 (975129016)|ENTERING_MANAGED_PKG|tdc_tsw
16:58:22.11 (975260602)|ENTERING_MANAGED_PKG|tdc_tsw
16:58:22.11 (975382444)|ENTERING_MANAGED_PKG|tdc_tsw
16:58:22.11 (975464690)|ENTERING_MANAGED_PKG|tdc_tsw
16:58:22.11 (975516582)|ENTERING_MANAGED_PKG|tdc_tsw
16:58:22.11 (975643519)|ENTERING_MANAGED_PKG|tdc_tsw
16:58:22.11 (975692156)|ENTERING_MANAGED_PKG|tdc_tsw
16:58:22.11 (975770230)|ENTERING_MANAGED_PKG|tdc_tsw
16:58:22.11 (975884298)|ENTERING_MANAGED_PKG|tdc_tsw
16:58:22.11 (977444835)|ENTERING_MANAGED_PKG|tdc_tsw
16:58:22.11 (977807299)|ENTERING_MANAGED_PKG|tdc_tsw
16:58:22.11 (984774502)|ENTERING_MANAGED_PKG|tdc_tsw
16:58:22.11 (985881739)|ENTERING_MANAGED_PKG|tdc_tsw
16:58:22.11 (993701264)|ENTERING_MANAGED_PKG|tdc_tsw
16:58:22.11 (994690329)|ENTERING_MANAGED_PKG|tdc_tsw
16:58:22.11 (1001957633)|ENTERING_MANAGED_PKG|tdc_tsw
16:58:22.11 (1002936764)|ENTERING_MANAGED_PKG|tdc_tsw
16:58:22.11 (1010118583)|ENTERING_MANAGED_PKG|tdc_tsw
16:58:23.11 (1011124923)|ENTERING_MANAGED_PKG|tdc_tsw
16:58:23.11 (1018025185)|ENTERING_MANAGED_PKG|tdc_tsw
16:58:23.11 (1019159739)|ENTERING_MANAGED_PKG|tdc_tsw
16:58:23.11 (1025993679)|ENTERING_MANAGED_PKG|tdc_tsw
16:58:23.11 (1026973089)|ENTERING_MANAGED_PKG|tdc_tsw
16:58:23.11 (1033651753)|ENTERING_MANAGED_PKG|tdc_tsw
16:58:23.11 (1034618709)|ENTERING_MANAGED_PKG|tdc_tsw
16:58:23.11 (1041387237)|ENTERING_MANAGED_PKG|tdc_tsw
16:58:23.11 (1042448915)|ENTERING_MANAGED_PKG|tdc_tsw
16:58:23.11 (1049117677)|ENTERING_MANAGED_PKG|tdc_tsw
16:58:23.11 (1050090840)|ENTERING_MANAGED_PKG|tdc_tsw
16:58:23.11 (1058150058)|ENTERING_MANAGED_PKG|tdc_tsw
16:58:23.11 (1059150144)|ENTERING_MANAGED_PKG|tdc_tsw
16:58:23.11 (1066169835)|ENTERING_MANAGED_PKG|tdc_tsw
16:58:23.11 (1067263989)|ENTERING_MANAGED_PKG|tdc_tsw
16:58:23.11 (1074124845)|ENTERING_MANAGED_PKG|tdc_tsw
16:58:23.11 (1078518772)|ENTERING_MANAGED_PKG|tdc_tsw
16:58:23.11 (1085245893)|ENTERING_MANAGED_PKG|tdc_tsw
16:58:23.11 (1086218688)|ENTERING_MANAGED_PKG|tdc_tsw
16:58:23.11 (1092883365)|ENTERING_MANAGED_PKG|tdc_tsw
16:58:23.11 (1093856030)|ENTERING_MANAGED_PKG|tdc_tsw
16:58:23.11 (1100551500)|ENTERING_MANAGED_PKG|tdc_tsw
16:58:23.11 (1101963894)|ENTERING_MANAGED_PKG|tdc_tsw
16:58:23.11 (1110740535)|ENTERING_MANAGED_PKG|tdc_tsw
16:58:23.11 (1112209170)|ENTERING_MANAGED_PKG|tdc_tsw
16:58:23.11 (1120349346)|ENTERING_MANAGED_PKG|tdc_tsw
16:58:23.11 (1121345106)|ENTERING_MANAGED_PKG|tdc_tsw
16:58:23.11 (1129412428)|ENTERING_MANAGED_PKG|tdc_tsw
16:58:23.11 (1130687587)|ENTERING_MANAGED_PKG|tdc_tsw
16:58:23.11 (1137926722)|ENTERING_MANAGED_PKG|tdc_tsw
16:58:23.11 (1138930021)|ENTERING_MANAGED_PKG|tdc_tsw
16:58:23.11 (1145999575)|ENTERING_MANAGED_PKG|tdc_tsw
16:58:23.11 (1146977634)|ENTERING_MANAGED_PKG|tdc_tsw
16:58:23.11 (1153878773)|ENTERING_MANAGED_PKG|tdc_tsw
16:58:23.11 (1155043727)|ENTERING_MANAGED_PKG|tdc_tsw
16:58:23.11 (1161871557)|ENTERING_MANAGED_PKG|tdc_tsw
16:58:23.11 (1162962184)|ENTERING_MANAGED_PKG|tdc_tsw
16:58:23.11 (1169903090)|ENTERING_MANAGED_PKG|tdc_tsw
16:58:23.11 (1170913402)|ENTERING_MANAGED_PKG|tdc_tsw
16:58:23.11 (1178670890)|ENTERING_MANAGED_PKG|tdc_tsw
16:58:23.11 (1179877935)|ENTERING_MANAGED_PKG|tdc_tsw
16:58:23.11 (1188082206)|ENTERING_MANAGED_PKG|tdc_tsw
16:58:23.11 (1189092169)|ENTERING_MANAGED_PKG|tdc_tsw
16:58:23.11 (1195979418)|ENTERING_MANAGED_PKG|tdc_tsw
16:58:23.11 (1196973790)|ENTERING_MANAGED_PKG|tdc_tsw
16:58:23.11 (1203934897)|ENTERING_MANAGED_PKG|tdc_tsw
16:58:23.11 (1204914693)|ENTERING_MANAGED_PKG|tdc_tsw
16:58:23.11 (1211588055)|ENTERING_MANAGED_PKG|tdc_tsw
16:58:23.11 (1212576020)|ENTERING_MANAGED_PKG|tdc_tsw
16:58:23.11 (1219288238)|ENTERING_MANAGED_PKG|tdc_tsw
16:58:23.11 (1220286375)|ENTERING_MANAGED_PKG|tdc_tsw
16:58:23.11 (1227023126)|ENTERING_MANAGED_PKG|tdc_tsw
16:58:23.11 (1228050198)|ENTERING_MANAGED_PKG|tdc_tsw
16:58:23.11 (1235543767)|ENTERING_MANAGED_PKG|tdc_tsw
16:58:23.11 (1236699984)|ENTERING_MANAGED_PKG|tdc_tsw
16:58:23.11 (1244150365)|ENTERING_MANAGED_PKG|tdc_tsw
16:58:23.11 (1245157349)|ENTERING_MANAGED_PKG|tdc_tsw
16:58:23.11 (1253436308)|ENTERING_MANAGED_PKG|tdc_tsw
16:58:23.11 (1254447232)|ENTERING_MANAGED_PKG|tdc_tsw
16:58:23.11 (1261503370)|ENTERING_MANAGED_PKG|tdc_tsw
16:58:23.11 (1262624979)|ENTERING_MANAGED_PKG|tdc_tsw
16:58:23.11 (1271438730)|ENTERING_MANAGED_PKG|tdc_tsw
16:58:23.11 (1272551339)|ENTERING_MANAGED_PKG|tdc_tsw
16:58:23.11 (1281024803)|ENTERING_MANAGED_PKG|tdc_tsw
16:58:23.11 (1282243532)|ENTERING_MANAGED_PKG|tdc_tsw
16:58:23.11 (1289940506)|ENTERING_MANAGED_PKG|tdc_tsw
16:58:23.11 (1291079924)|ENTERING_MANAGED_PKG|tdc_tsw
16:58:23.11 (1298130418)|ENTERING_MANAGED_PKG|tdc_tsw
16:58:23.11 (1299363611)|ENTERING_MANAGED_PKG|tdc_tsw
16:58:23.11 (1306836373)|ENTERING_MANAGED_PKG|tdc_tsw
16:58:23.11 (1307881802)|ENTERING_MANAGED_PKG|tdc_tsw
16:58:23.11 (1315268957)|ENTERING_MANAGED_PKG|tdc_tsw
16:58:23.11 (1316275135)|ENTERING_MANAGED_PKG|tdc_tsw
16:58:23.11 (1323587896)|ENTERING_MANAGED_PKG|tdc_tsw
16:58:23.11 (1324590347)|ENTERING_MANAGED_PKG|tdc_tsw
16:58:23.11 (1333581177)|ENTERING_MANAGED_PKG|tdc_tsw
16:58:23.11 (1334736291)|ENTERING_MANAGED_PKG|tdc_tsw
16:58:23.11 (1341619362)|ENTERING_MANAGED_PKG|tdc_tsw
16:58:23.11 (1342666036)|ENTERING_MANAGED_PKG|tdc_tsw
16:58:23.11 (1350173944)|ENTERING_MANAGED_PKG|tdc_tsw
16:58:23.11 (1351164468)|ENTERING_MANAGED_PKG|tdc_tsw
16:58:23.11 (1358306161)|ENTERING_MANAGED_PKG|tdc_tsw
16:58:23.11 (1359329809)|ENTERING_MANAGED_PKG|tdc_tsw
16:58:23.11 (1367932372)|ENTERING_MANAGED_PKG|tdc_tsw
16:58:23.11 (1368941133)|ENTERING_MANAGED_PKG|tdc_tsw
16:58:23.11 (1375722395)|ENTERING_MANAGED_PKG|tdc_tsw
16:58:23.11 (1376724833)|ENTERING_MANAGED_PKG|tdc_tsw
16:58:23.11 (1383589254)|ENTERING_MANAGED_PKG|tdc_tsw
16:58:23.11 (1384634179)|ENTERING_MANAGED_PKG|tdc_tsw
16:58:23.11 (1391410651)|ENTERING_MANAGED_PKG|tdc_tsw
16:58:23.11 (1392394463)|ENTERING_MANAGED_PKG|tdc_tsw
16:58:23.11 (1399209916)|ENTERING_MANAGED_PKG|tdc_tsw
16:58:23.11 (1402124557)|ENTERING_MANAGED_PKG|tdc_tsw
16:58:23.11 (1402306630)|ENTERING_MANAGED_PKG|tdc_tsw
16:58:23.11 (1402566587)|ENTERING_MANAGED_PKG|tdc_tsw
16:58:23.11 (1402620658)|ENTERING_MANAGED_PKG|tdc_tsw
16:58:23.11 (1402671915)|ENTERING_MANAGED_PKG|tdc_tsw
16:58:23.11 (1402716973)|ENTERING_MANAGED_PKG|tdc_tsw
16:58:23.11 (1402752396)|ENTERING_MANAGED_PKG|tdc_tsw
16:58:23.11 (1402856260)|ENTERING_MANAGED_PKG|tdc_tsw
16:58:23.11 (1403067772)|ENTERING_MANAGED_PKG|tdc_tsw
16:58:23.11 (1403103402)|ENTERING_MANAGED_PKG|tdc_tsw
16:58:23.11 (1403143820)|ENTERING_MANAGED_PKG|tdc_tsw
16:58:23.11 (1403191148)|ENTERING_MANAGED_PKG|tdc_tsw
16:58:23.11 (1403222137)|ENTERING_MANAGED_PKG|tdc_tsw
16:58:23.11 (1403307909)|ENTERING_MANAGED_PKG|tdc_tsw
16:58:23.11 (1403485300)|ENTERING_MANAGED_PKG|tdc_tsw
16:58:23.11 (1403520110)|ENTERING_MANAGED_PKG|tdc_tsw
16:58:23.11 (1403559681)|ENTERING_MANAGED_PKG|tdc_tsw
16:58:23.11 (1403596910)|ENTERING_MANAGED_PKG|tdc_tsw
16:58:23.11 (1403626192)|ENTERING_MANAGED_PKG|tdc_tsw
16:58:23.11 (1403710635)|ENTERING_MANAGED_PKG|tdc_tsw
16:58:23.11 (1403885654)|ENTERING_MANAGED_PKG|tdc_tsw
16:58:23.11 (1403919863)|ENTERING_MANAGED_PKG|tdc_tsw
16:58:23.11 (1403959112)|ENTERING_MANAGED_PKG|tdc_tsw
16:58:23.11 (1403996030)|ENTERING_MANAGED_PKG|tdc_tsw
16:58:23.11 (1404024980)|ENTERING_MANAGED_PKG|tdc_tsw
16:58:23.11 (1404109454)|ENTERING_MANAGED_PKG|tdc_tsw
16:58:23.11 (1404314945)|ENTERING_MANAGED_PKG|tdc_tsw
16:58:23.11 (1404349633)|ENTERING_MANAGED_PKG|tdc_tsw
16:58:23.11 (1404388737)|ENTERING_MANAGED_PKG|tdc_tsw
16:58:23.11 (1404440685)|ENTERING_MANAGED_PKG|tdc_tsw
16:58:23.11 (1404475572)|ENTERING_MANAGED_PKG|tdc_tsw
16:58:23.11 (1404561799)|ENTERING_MANAGED_PKG|tdc_tsw
16:58:23.11 (1404754197)|ENTERING_MANAGED_PKG|tdc_tsw
16:58:23.11 (1404789373)|ENTERING_MANAGED_PKG|tdc_tsw
16:58:23.11 (1404828547)|ENTERING_MANAGED_PKG|tdc_tsw
16:58:23.11 (1404865759)|ENTERING_MANAGED_PKG|tdc_tsw
16:58:23.11 (1404895459)|ENTERING_MANAGED_PKG|tdc_tsw
16:58:23.11 (1404979699)|ENTERING_MANAGED_PKG|tdc_tsw
16:58:23.11 (1405152059)|ENTERING_MANAGED_PKG|tdc_tsw
16:58:23.11 (1405204234)|ENTERING_MANAGED_PKG|tdc_tsw
16:58:23.11 (1405247104)|ENTERING_MANAGED_PKG|tdc_tsw
16:58:23.11 (1405284291)|ENTERING_MANAGED_PKG|tdc_tsw
16:58:23.11 (1405313624)|ENTERING_MANAGED_PKG|tdc_tsw
16:58:23.11 (1405396769)|ENTERING_MANAGED_PKG|tdc_tsw
16:58:23.11 (1405568683)|ENTERING_MANAGED_PKG|tdc_tsw
16:58:23.11 (1405602443)|ENTERING_MANAGED_PKG|tdc_tsw
16:58:23.11 (1405641355)|ENTERING_MANAGED_PKG|tdc_tsw
16:58:23.11 (1405678534)|ENTERING_MANAGED_PKG|tdc_tsw
16:58:23.11 (1405707922)|ENTERING_MANAGED_PKG|tdc_tsw
16:58:23.11 (1405804875)|ENTERING_MANAGED_PKG|tdc_tsw
16:58:23.11 (1405977277)|ENTERING_MANAGED_PKG|tdc_tsw
16:58:23.11 (1406011113)|ENTERING_MANAGED_PKG|tdc_tsw
16:58:23.11 (1406068252)|ENTERING_MANAGED_PKG|tdc_tsw
16:58:23.11 (1406107988)|ENTERING_MANAGED_PKG|tdc_tsw
16:58:23.11 (1406141990)|ENTERING_MANAGED_PKG|tdc_tsw
16:58:23.11 (1406235203)|ENTERING_MANAGED_PKG|tdc_tsw
16:58:23.11 (1406407823)|ENTERING_MANAGED_PKG|tdc_tsw
16:58:23.11 (1406441512)|ENTERING_MANAGED_PKG|tdc_tsw
16:58:23.11 (1406480042)|ENTERING_MANAGED_PKG|tdc_tsw
16:58:23.11 (1406516947)|ENTERING_MANAGED_PKG|tdc_tsw
16:58:23.11 (1406545851)|ENTERING_MANAGED_PKG|tdc_tsw
16:58:23.11 (1406649293)|ENTERING_MANAGED_PKG|tdc_tsw
16:58:23.11 (1406821444)|ENTERING_MANAGED_PKG|tdc_tsw
16:58:23.11 (1406855229)|ENTERING_MANAGED_PKG|tdc_tsw
16:58:23.11 (1406893727)|ENTERING_MANAGED_PKG|tdc_tsw
16:58:23.11 (1406930744)|ENTERING_MANAGED_PKG|tdc_tsw
16:58:23.11 (1406959908)|ENTERING_MANAGED_PKG|tdc_tsw
16:58:23.11 (1407042188)|ENTERING_MANAGED_PKG|tdc_tsw
16:58:23.11 (1407225321)|ENTERING_MANAGED_PKG|tdc_tsw
16:58:23.11 (1407259381)|ENTERING_MANAGED_PKG|tdc_tsw
16:58:23.11 (1407297842)|ENTERING_MANAGED_PKG|tdc_tsw
16:58:23.11 (1407334976)|ENTERING_MANAGED_PKG|tdc_tsw
16:58:23.11 (1407364156)|ENTERING_MANAGED_PKG|tdc_tsw
16:58:23.11 (1407446620)|ENTERING_MANAGED_PKG|tdc_tsw
16:58:23.11 (1407636917)|ENTERING_MANAGED_PKG|tdc_tsw
16:58:23.11 (1407671008)|ENTERING_MANAGED_PKG|tdc_tsw
16:58:23.11 (1407709749)|ENTERING_MANAGED_PKG|tdc_tsw
16:58:23.11 (1407746580)|ENTERING_MANAGED_PKG|tdc_tsw
16:58:23.11 (1407775376)|ENTERING_MANAGED_PKG|tdc_tsw
16:58:23.11 (1407857729)|ENTERING_MANAGED_PKG|tdc_tsw
16:58:23.11 (1408027437)|ENTERING_MANAGED_PKG|tdc_tsw
16:58:23.11 (1408062458)|ENTERING_MANAGED_PKG|tdc_tsw
16:58:23.11 (1408101323)|ENTERING_MANAGED_PKG|tdc_tsw
16:58:23.11 (1408138490)|ENTERING_MANAGED_PKG|tdc_tsw
16:58:23.11 (1408167519)|ENTERING_MANAGED_PKG|tdc_tsw
16:58:23.11 (1408256809)|ENTERING_MANAGED_PKG|tdc_tsw
16:58:23.11 (1408427686)|ENTERING_MANAGED_PKG|tdc_tsw
16:58:23.11 (1408461421)|ENTERING_MANAGED_PKG|tdc_tsw
16:58:23.11 (1408499773)|ENTERING_MANAGED_PKG|tdc_tsw
16:58:23.11 (1408536914)|ENTERING_MANAGED_PKG|tdc_tsw
16:58:23.11 (1408582900)|ENTERING_MANAGED_PKG|tdc_tsw
16:58:23.11 (1408670349)|ENTERING_MANAGED_PKG|tdc_tsw
16:58:23.11 (1408841855)|ENTERING_MANAGED_PKG|tdc_tsw
16:58:23.11 (1408875888)|ENTERING_MANAGED_PKG|tdc_tsw
16:58:23.11 (1408914636)|ENTERING_MANAGED_PKG|tdc_tsw
16:58:23.11 (1408951381)|ENTERING_MANAGED_PKG|tdc_tsw
16:58:23.11 (1408980573)|ENTERING_MANAGED_PKG|tdc_tsw
16:58:23.11 (1409079940)|ENTERING_MANAGED_PKG|tdc_tsw
16:58:23.11 (1409265382)|ENTERING_MANAGED_PKG|tdc_tsw
16:58:23.11 (1409299549)|ENTERING_MANAGED_PKG|tdc_tsw
16:58:23.11 (1409338054)|ENTERING_MANAGED_PKG|tdc_tsw
16:58:23.11 (1409374951)|ENTERING_MANAGED_PKG|tdc_tsw
16:58:23.11 (1409403963)|ENTERING_MANAGED_PKG|tdc_tsw
16:58:23.11 (1409486321)|ENTERING_MANAGED_PKG|tdc_tsw
16:58:23.11 (1409657102)|ENTERING_MANAGED_PKG|tdc_tsw
16:58:23.11 (1409691060)|ENTERING_MANAGED_PKG|tdc_tsw
16:58:23.11 (1409729680)|ENTERING_MANAGED_PKG|tdc_tsw
16:58:23.11 (1409766440)|ENTERING_MANAGED_PKG|tdc_tsw
16:58:23.11 (1409795536)|ENTERING_MANAGED_PKG|tdc_tsw
16:58:23.11 (1409878609)|ENTERING_MANAGED_PKG|tdc_tsw
16:58:23.11 (1410048759)|ENTERING_MANAGED_PKG|tdc_tsw
16:58:23.11 (1410099501)|ENTERING_MANAGED_PKG|tdc_tsw
16:58:23.11 (1410141229)|ENTERING_MANAGED_PKG|tdc_tsw
16:58:23.11 (1410186923)|ENTERING_MANAGED_PKG|tdc_tsw
16:58:23.11 (1410217811)|ENTERING_MANAGED_PKG|tdc_tsw
16:58:23.11 (1410301812)|ENTERING_MANAGED_PKG|tdc_tsw
16:58:23.11 (1410473429)|ENTERING_MANAGED_PKG|tdc_tsw
16:58:23.11 (1410507090)|ENTERING_MANAGED_PKG|tdc_tsw
16:58:23.11 (1410545357)|ENTERING_MANAGED_PKG|tdc_tsw
16:58:23.11 (1410582180)|ENTERING_MANAGED_PKG|tdc_tsw
16:58:23.11 (1410611102)|ENTERING_MANAGED_PKG|tdc_tsw
16:58:23.11 (1410716098)|ENTERING_MANAGED_PKG|tdc_tsw
16:58:23.11 (1410888325)|ENTERING_MANAGED_PKG|tdc_tsw
16:58:23.11 (1410922271)|ENTERING_MANAGED_PKG|tdc_tsw
16:58:23.11 (1410960467)|ENTERING_MANAGED_PKG|tdc_tsw
16:58:23.11 (1410997367)|ENTERING_MANAGED_PKG|tdc_tsw
16:58:23.11 (1411026331)|ENTERING_MANAGED_PKG|tdc_tsw
16:58:23.11 (1411110695)|ENTERING_MANAGED_PKG|tdc_tsw
16:58:23.11 (1411291334)|ENTERING_MANAGED_PKG|tdc_tsw
16:58:23.11 (1411325473)|ENTERING_MANAGED_PKG|tdc_tsw
16:58:23.11 (1411363902)|ENTERING_MANAGED_PKG|tdc_tsw
16:58:23.11 (1411401116)|ENTERING_MANAGED_PKG|tdc_tsw
16:58:23.11 (1411430202)|ENTERING_MANAGED_PKG|tdc_tsw
16:58:23.11 (1411512820)|ENTERING_MANAGED_PKG|tdc_tsw
16:58:23.11 (1411683972)|ENTERING_MANAGED_PKG|tdc_tsw
16:58:23.11 (1411717869)|ENTERING_MANAGED_PKG|tdc_tsw
16:58:23.11 (1411756579)|ENTERING_MANAGED_PKG|tdc_tsw
16:58:23.11 (1411793189)|ENTERING_MANAGED_PKG|tdc_tsw
16:58:23.11 (1411822203)|ENTERING_MANAGED_PKG|tdc_tsw
16:58:23.11 (1411904643)|ENTERING_MANAGED_PKG|tdc_tsw
16:58:23.11 (1412075041)|ENTERING_MANAGED_PKG|tdc_tsw
16:58:23.11 (1412109401)|ENTERING_MANAGED_PKG|tdc_tsw
16:58:23.11 (1412147859)|ENTERING_MANAGED_PKG|tdc_tsw
16:58:23.11 (1412193187)|ENTERING_MANAGED_PKG|tdc_tsw
16:58:23.11 (1412223717)|ENTERING_MANAGED_PKG|tdc_tsw
16:58:23.11 (1412307041)|ENTERING_MANAGED_PKG|tdc_tsw
16:58:23.11 (1412477313)|ENTERING_MANAGED_PKG|tdc_tsw
16:58:23.11 (1412511618)|ENTERING_MANAGED_PKG|tdc_tsw
16:58:23.11 (1412549983)|ENTERING_MANAGED_PKG|tdc_tsw
16:58:23.11 (1412586667)|ENTERING_MANAGED_PKG|tdc_tsw
16:58:23.11 (1412615578)|ENTERING_MANAGED_PKG|tdc_tsw
16:58:23.11 (1412698491)|ENTERING_MANAGED_PKG|tdc_tsw
16:58:23.11 (1412869198)|ENTERING_MANAGED_PKG|tdc_tsw
16:58:23.11 (1412903024)|ENTERING_MANAGED_PKG|tdc_tsw
16:58:23.11 (1412941448)|ENTERING_MANAGED_PKG|tdc_tsw
16:58:23.11 (1412978218)|ENTERING_MANAGED_PKG|tdc_tsw
16:58:23.11 (1413007113)|ENTERING_MANAGED_PKG|tdc_tsw
16:58:23.11 (1413091290)|ENTERING_MANAGED_PKG|tdc_tsw
16:58:23.11 (1413268956)|ENTERING_MANAGED_PKG|tdc_tsw
16:58:23.11 (1413302980)|ENTERING_MANAGED_PKG|tdc_tsw
16:58:23.11 (1413341478)|ENTERING_MANAGED_PKG|tdc_tsw
16:58:23.11 (1413378347)|ENTERING_MANAGED_PKG|tdc_tsw
16:58:23.11 (1413407406)|ENTERING_MANAGED_PKG|tdc_tsw
16:58:23.11 (1413491102)|ENTERING_MANAGED_PKG|tdc_tsw
16:58:23.11 (1413661403)|ENTERING_MANAGED_PKG|tdc_tsw
16:58:23.11 (1413695373)|ENTERING_MANAGED_PKG|tdc_tsw
16:58:23.11 (1413750371)|ENTERING_MANAGED_PKG|tdc_tsw
16:58:23.11 (1413789513)|ENTERING_MANAGED_PKG|tdc_tsw
16:58:23.11 (1413818947)|ENTERING_MANAGED_PKG|tdc_tsw
16:58:23.11 (1413901769)|ENTERING_MANAGED_PKG|tdc_tsw
16:58:23.11 (1414073109)|ENTERING_MANAGED_PKG|tdc_tsw
16:58:23.11 (1414107858)|ENTERING_MANAGED_PKG|tdc_tsw
16:58:23.11 (1414146164)|ENTERING_MANAGED_PKG|tdc_tsw
16:58:23.11 (1414190457)|ENTERING_MANAGED_PKG|tdc_tsw
16:58:23.11 (1414220925)|ENTERING_MANAGED_PKG|tdc_tsw
16:58:23.11 (1414304695)|ENTERING_MANAGED_PKG|tdc_tsw
16:58:23.11 (1414493590)|ENTERING_MANAGED_PKG|tdc_tsw
16:58:23.11 (1414527511)|ENTERING_MANAGED_PKG|tdc_tsw
16:58:23.11 (1414565930)|ENTERING_MANAGED_PKG|tdc_tsw
16:58:23.11 (1414602553)|ENTERING_MANAGED_PKG|tdc_tsw
16:58:23.11 (1414631318)|ENTERING_MANAGED_PKG|tdc_tsw
16:58:23.11 (1414713148)|ENTERING_MANAGED_PKG|tdc_tsw
16:58:23.11 (1414883478)|ENTERING_MANAGED_PKG|tdc_tsw
16:58:23.11 (1414917283)|ENTERING_MANAGED_PKG|tdc_tsw
16:58:23.11 (1414955810)|ENTERING_MANAGED_PKG|tdc_tsw
16:58:23.11 (1414992940)|ENTERING_MANAGED_PKG|tdc_tsw
16:58:23.11 (1415022172)|ENTERING_MANAGED_PKG|tdc_tsw
16:58:23.11 (1415105876)|ENTERING_MANAGED_PKG|tdc_tsw
16:58:23.11 (1415283230)|ENTERING_MANAGED_PKG|tdc_tsw
16:58:23.11 (1415317276)|ENTERING_MANAGED_PKG|tdc_tsw
16:58:23.11 (1415355801)|ENTERING_MANAGED_PKG|tdc_tsw
16:58:23.11 (1415392477)|ENTERING_MANAGED_PKG|tdc_tsw
16:58:23.11 (1415421418)|ENTERING_MANAGED_PKG|tdc_tsw
16:58:23.11 (1415503752)|ENTERING_MANAGED_PKG|tdc_tsw
16:58:23.11 (1415693037)|ENTERING_MANAGED_PKG|tdc_tsw
16:58:23.11 (1415732860)|ENTERING_MANAGED_PKG|tdc_tsw
16:58:23.11 (1415772575)|ENTERING_MANAGED_PKG|tdc_tsw
16:58:23.11 (1415809465)|ENTERING_MANAGED_PKG|tdc_tsw
16:58:23.11 (1415838272)|ENTERING_MANAGED_PKG|tdc_tsw
16:58:23.11 (1415920874)|ENTERING_MANAGED_PKG|tdc_tsw
16:58:23.11 (1416091573)|ENTERING_MANAGED_PKG|tdc_tsw
16:58:23.11 (1416126182)|ENTERING_MANAGED_PKG|tdc_tsw
16:58:23.11 (1416164528)|ENTERING_MANAGED_PKG|tdc_tsw
16:58:23.11 (1416230970)|ENTERING_MANAGED_PKG|tdc_tsw
16:58:23.11 (1416262131)|ENTERING_MANAGED_PKG|tdc_tsw
16:58:23.11 (1416345759)|ENTERING_MANAGED_PKG|tdc_tsw
16:58:23.11 (1416517973)|ENTERING_MANAGED_PKG|tdc_tsw
16:58:23.11 (1416552010)|ENTERING_MANAGED_PKG|tdc_tsw
16:58:23.11 (1416590443)|ENTERING_MANAGED_PKG|tdc_tsw
16:58:23.11 (1416627279)|ENTERING_MANAGED_PKG|tdc_tsw
16:58:23.11 (1416656284)|ENTERING_MANAGED_PKG|tdc_tsw
16:58:23.11 (1416737910)|ENTERING_MANAGED_PKG|tdc_tsw
16:58:23.11 (1416908194)|ENTERING_MANAGED_PKG|tdc_tsw
16:58:23.11 (1416942362)|ENTERING_MANAGED_PKG|tdc_tsw
16:58:23.11 (1416980569)|ENTERING_MANAGED_PKG|tdc_tsw
16:58:23.11 (1417017429)|ENTERING_MANAGED_PKG|tdc_tsw
16:58:23.11 (1417047338)|ENTERING_MANAGED_PKG|tdc_tsw
16:58:23.11 (1417129882)|ENTERING_MANAGED_PKG|tdc_tsw
16:58:23.11 (1417328525)|ENTERING_MANAGED_PKG|tdc_tsw
16:58:23.11 (1417362766)|ENTERING_MANAGED_PKG|tdc_tsw
16:58:23.11 (1417401398)|ENTERING_MANAGED_PKG|tdc_tsw
16:58:23.11 (1417438324)|ENTERING_MANAGED_PKG|tdc_tsw
16:58:23.11 (1417467199)|ENTERING_MANAGED_PKG|tdc_tsw
16:58:23.11 (1417550261)|ENTERING_MANAGED_PKG|tdc_tsw
16:58:23.11 (1417720779)|ENTERING_MANAGED_PKG|tdc_tsw
16:58:23.11 (1417772015)|ENTERING_MANAGED_PKG|tdc_tsw
16:58:23.11 (1417813287)|ENTERING_MANAGED_PKG|tdc_tsw
16:58:23.11 (1417850487)|ENTERING_MANAGED_PKG|tdc_tsw
16:58:23.11 (1417879766)|ENTERING_MANAGED_PKG|tdc_tsw
16:58:23.11 (1417963365)|ENTERING_MANAGED_PKG|tdc_tsw
16:58:23.11 (1418134362)|ENTERING_MANAGED_PKG|tdc_tsw
16:58:23.11 (1418169257)|ENTERING_MANAGED_PKG|tdc_tsw
16:58:23.11 (1418217533)|ENTERING_MANAGED_PKG|tdc_tsw
16:58:23.11 (1418255127)|ENTERING_MANAGED_PKG|tdc_tsw
16:58:23.11 (1418283805)|ENTERING_MANAGED_PKG|tdc_tsw
16:58:23.11 (1418366170)|ENTERING_MANAGED_PKG|tdc_tsw
16:58:23.11 (1418536368)|ENTERING_MANAGED_PKG|tdc_tsw
16:58:23.11 (1418570154)|ENTERING_MANAGED_PKG|tdc_tsw
16:58:23.11 (1418608567)|ENTERING_MANAGED_PKG|tdc_tsw
16:58:23.11 (1418645651)|ENTERING_MANAGED_PKG|tdc_tsw
16:58:23.11 (1418674610)|ENTERING_MANAGED_PKG|tdc_tsw
16:58:23.11 (1418757154)|ENTERING_MANAGED_PKG|tdc_tsw
16:58:23.11 (1418928553)|ENTERING_MANAGED_PKG|tdc_tsw
16:58:23.11 (1418981345)|ENTERING_MANAGED_PKG|tdc_tsw
16:58:23.11 (1419022885)|ENTERING_MANAGED_PKG|tdc_tsw
16:58:23.11 (1419060848)|ENTERING_MANAGED_PKG|tdc_tsw
16:58:23.11 (1419090021)|ENTERING_MANAGED_PKG|tdc_tsw
16:58:23.11 (1419172926)|ENTERING_MANAGED_PKG|tdc_tsw
16:58:23.11 (1419351253)|ENTERING_MANAGED_PKG|tdc_tsw
16:58:23.11 (1419385232)|ENTERING_MANAGED_PKG|tdc_tsw
16:58:23.11 (1419423628)|ENTERING_MANAGED_PKG|tdc_tsw
16:58:23.11 (1419460484)|ENTERING_MANAGED_PKG|tdc_tsw
16:58:23.11 (1419489396)|ENTERING_MANAGED_PKG|tdc_tsw
16:58:23.11 (1419572551)|ENTERING_MANAGED_PKG|tdc_tsw
16:58:23.11 (1419742957)|ENTERING_MANAGED_PKG|tdc_tsw
16:58:23.11 (1419794692)|ENTERING_MANAGED_PKG|tdc_tsw
16:58:23.11 (1419836274)|ENTERING_MANAGED_PKG|tdc_tsw
16:58:23.11 (1419873759)|ENTERING_MANAGED_PKG|tdc_tsw
16:58:23.11 (1419902799)|ENTERING_MANAGED_PKG|tdc_tsw
16:58:23.11 (1419986178)|ENTERING_MANAGED_PKG|tdc_tsw
16:58:23.11 (1420163258)|ENTERING_MANAGED_PKG|tdc_tsw
16:58:23.11 (1420204825)|ENTERING_MANAGED_PKG|tdc_tsw
16:58:23.11 (1420245362)|ENTERING_MANAGED_PKG|tdc_tsw
16:58:23.11 (1420282105)|ENTERING_MANAGED_PKG|tdc_tsw
16:58:23.11 (1420311035)|ENTERING_MANAGED_PKG|tdc_tsw
16:58:23.11 (1420394590)|ENTERING_MANAGED_PKG|tdc_tsw
16:58:23.11 (1420564617)|ENTERING_MANAGED_PKG|tdc_tsw
16:58:23.11 (1420598401)|ENTERING_MANAGED_PKG|tdc_tsw
16:58:23.11 (1420637127)|ENTERING_MANAGED_PKG|tdc_tsw
16:58:23.11 (1420673719)|ENTERING_MANAGED_PKG|tdc_tsw
16:58:23.11 (1420702725)|ENTERING_MANAGED_PKG|tdc_tsw
16:58:23.11 (1420785123)|ENTERING_MANAGED_PKG|tdc_tsw
16:58:23.11 (1420955306)|ENTERING_MANAGED_PKG|tdc_tsw
16:58:23.11 (1420989678)|ENTERING_MANAGED_PKG|tdc_tsw
16:58:23.11 (1421028253)|ENTERING_MANAGED_PKG|tdc_tsw
16:58:23.11 (1421066047)|ENTERING_MANAGED_PKG|tdc_tsw
16:58:23.11 (1421095253)|ENTERING_MANAGED_PKG|tdc_tsw
16:58:23.11 (1421186517)|ENTERING_MANAGED_PKG|tdc_tsw
16:58:23.11 (1421358623)|ENTERING_MANAGED_PKG|tdc_tsw
16:58:23.11 (1421392619)|ENTERING_MANAGED_PKG|tdc_tsw
16:58:23.11 (1421431672)|ENTERING_MANAGED_PKG|tdc_tsw
16:58:23.11 (1421468635)|ENTERING_MANAGED_PKG|tdc_tsw
16:58:23.11 (1421497653)|ENTERING_MANAGED_PKG|tdc_tsw
16:58:23.11 (1421580419)|ENTERING_MANAGED_PKG|tdc_tsw
16:58:23.11 (1421767275)|ENTERING_MANAGED_PKG|tdc_tsw
16:58:23.11 (1421801927)|ENTERING_MANAGED_PKG|tdc_tsw
16:58:23.11 (1421840509)|ENTERING_MANAGED_PKG|tdc_tsw
16:58:23.11 (1421877251)|ENTERING_MANAGED_PKG|tdc_tsw
16:58:23.11 (1421906248)|ENTERING_MANAGED_PKG|tdc_tsw
16:58:23.11 (1421988514)|ENTERING_MANAGED_PKG|tdc_tsw
16:58:23.11 (1422160414)|ENTERING_MANAGED_PKG|tdc_tsw
16:58:23.11 (1422200387)|ENTERING_MANAGED_PKG|tdc_tsw
16:58:23.11 (1422239883)|ENTERING_MANAGED_PKG|tdc_tsw
16:58:23.11 (1422277109)|ENTERING_MANAGED_PKG|tdc_tsw
16:58:23.11 (1422306257)|ENTERING_MANAGED_PKG|tdc_tsw
16:58:23.11 (1422388282)|ENTERING_MANAGED_PKG|tdc_tsw
16:58:23.11 (1422558338)|ENTERING_MANAGED_PKG|tdc_tsw
16:58:23.11 (1422591970)|ENTERING_MANAGED_PKG|tdc_tsw
16:58:23.11 (1422630152)|ENTERING_MANAGED_PKG|tdc_tsw
16:58:23.11 (1422667183)|ENTERING_MANAGED_PKG|tdc_tsw
16:58:23.11 (1422696133)|ENTERING_MANAGED_PKG|tdc_tsw
16:58:23.11 (1422777340)|ENTERING_MANAGED_PKG|tdc_tsw
16:58:23.11 (1427104843)|ENTERING_MANAGED_PKG|tdc_tsw
16:58:23.11 (1427188978)|ENTERING_MANAGED_PKG|tdc_tsw
16:58:23.11 (1427280582)|ENTERING_MANAGED_PKG|tdc_tsw
16:58:23.11 (1427343097)|ENTERING_MANAGED_PKG|tdc_tsw
16:58:23.11 (1427474569)|ENTERING_MANAGED_PKG|tdc_tsw
16:58:23.11 (1427523143)|ENTERING_MANAGED_PKG|tdc_tsw
16:58:23.11 (1427678280)|ENTERING_MANAGED_PKG|tdc_tsw
16:58:23.11 (1427725491)|ENTERING_MANAGED_PKG|tdc_tsw
16:58:23.11 (1427899414)|ENTERING_MANAGED_PKG|tdc_tsw
16:58:23.11 (1462847682)|SOQL_EXECUTE_BEGIN|[1842]|Aggregations:0|SELECT Id, name FROM RecordType WHERE (sObjectType = :tmpVar1 AND name = :tmpVar2) LIMIT 1
16:58:23.11 (1470697899)|SOQL_EXECUTE_END|[1842]|Rows:1
16:58:23.11 (1473755077)|ENTERING_MANAGED_PKG|tdc_tsw
16:58:23.11 (1482031889)|DML_BEGIN|[719]|Op:Insert|Type:tdc_tsw__Message__c|Rows:1
16:58:23.11 (1487341454)|ENTERING_MANAGED_PKG|tdc_tsw
16:58:23.488 (1488589509)|CUMULATIVE_LIMIT_USAGE
16:58:23.488 (1488589509)|LIMIT_USAGE_FOR_NS|(default)|
  Number of SOQL queries: 0 out of 200
  Number of query rows: 0 out of 50000
  Number of SOSL queries: 0 out of 20
  Number of DML statements: 0 out of 150
  Number of DML rows: 0 out of 10000
  Maximum CPU time: 646 out of 60000
  Maximum heap size: 0 out of 12000000
  Number of callouts: 0 out of 100
  Number of Email Invocations: 0 out of 10
  Number of future calls: 0 out of 50
  Number of queueable jobs added to the queue: 0 out of 1
  Number of Mobile Apex push calls: 0 out of 10

16:58:23.488 (1488589509)|LIMIT_USAGE_FOR_NS|tdc_tsw|
  Number of SOQL queries: 1 out of 200
  Number of query rows: 1 out of 50000
  Number of SOSL queries: 0 out of 20
  Number of DML statements: 1 out of 150
  Number of DML rows: 1 out of 10000
  Maximum CPU time: 0 out of 60000
  Maximum heap size: 0 out of 12000000
  Number of callouts: 2 out of 100
  Number of Email Invocations: 0 out of 10
  Number of future calls: 0 out of 50
  Number of queueable jobs added to the queue: 0 out of 1
  Number of Mobile Apex push calls: 0 out of 10

16:58:23.488 (1488589509)|CUMULATIVE_LIMIT_USAGE_END

16:58:23.11 (1498308851)|DML_END|[719]
