44.0 APEX_CODE,FINEST;APEX_PROFILING,INFO;CALLOUT,INFO;DB,INFO;NBA,INFO;SYSTEM,DEBUG;VALIDATION,INFO;VISUALFORCE,INFO;WAVE,INFO;WORKFLOW,INFO
20:58:33.0 (165219)|USER_INFO|[EXTERNAL]|0051H000009gxp8|chanida.dev2@solvedbysoftwareco.com|Eastern Standard Time|GMT-05:00
20:58:33.0 (1681974)|ENTERING_MANAGED_PKG|tdc_tsw
20:58:33.0 (2146464)|ENTERING_MANAGED_PKG|tdc_tsw
20:58:33.0 (5738573)|SOQL_EXECUTE_BEGIN|[16]|Aggregations:0|SELECT id, name, Disable_Incoming_SMS_Sharing__c FROM User WHERE id = :tmpVar1
20:58:33.0 (12592189)|SOQL_EXECUTE_END|[16]|Rows:1
20:58:33.0 (17841537)|SOQL_EXECUTE_BEGIN|[37]|Aggregations:0|SELECT CreatedDate,Created_Date__c,Id,LastModifiedDate,MessageId__c,Message_Text_New__c,Name,OwnerId,Read__c,Related_Object_Id__c,Related_Object__c,Sender_Number__c, Sender_Name__c,ToNumber__c,Attachments_Ids__c FROM Message__c WHERE Name = 'Incoming' AND Read__c = false ORDER BY CreatedDate Desc limit 100
20:58:33.0 (27515350)|SOQL_EXECUTE_END|[37]|Rows:16
20:58:33.0 (31175443)|ENTERING_MANAGED_PKG|tdc_tsw
20:58:33.0 (32792441)|ENTERING_MANAGED_PKG|tdc_tsw
20:58:33.0 (33247602)|ENTERING_MANAGED_PKG|tdc_tsw
20:58:33.0 (33928588)|ENTERING_MANAGED_PKG|tdc_tsw
20:58:33.0 (36710586)|ENTERING_MANAGED_PKG|tdc_tsw
20:58:33.0 (37513949)|ENTERING_MANAGED_PKG|tdc_tsw
20:58:33.0 (37780056)|ENTERING_MANAGED_PKG|tdc_tsw
20:58:33.0 (38208136)|ENTERING_MANAGED_PKG|tdc_tsw
20:58:33.0 (39333601)|ENTERING_MANAGED_PKG|tdc_tsw
20:58:33.0 (40113465)|ENTERING_MANAGED_PKG|tdc_tsw
20:58:33.0 (40348852)|ENTERING_MANAGED_PKG|tdc_tsw
20:58:33.0 (40749372)|ENTERING_MANAGED_PKG|tdc_tsw
20:58:33.0 (41985686)|ENTERING_MANAGED_PKG|tdc_tsw
20:58:33.0 (42644451)|ENTERING_MANAGED_PKG|tdc_tsw
20:58:33.0 (42714414)|ENTERING_MANAGED_PKG|tdc_tsw
20:58:33.0 (43260243)|SOQL_EXECUTE_BEGIN|[200]|Aggregations:0|SELECT Name, NamespacePrefix, SystemModStamp FROM StaticResource WHERE Name LIKE :tmpVar1 LIMIT 10
20:58:33.0 (45989009)|SOQL_EXECUTE_END|[200]|Rows:1
20:58:33.0 (46682214)|ENTERING_MANAGED_PKG|tdc_tsw
20:58:33.0 (47061134)|SOQL_EXECUTE_BEGIN|[200]|Aggregations:0|SELECT Name, NamespacePrefix, SystemModStamp FROM StaticResource WHERE Name LIKE :tmpVar1 LIMIT 10
20:58:33.0 (49166683)|SOQL_EXECUTE_END|[200]|Rows:1
20:58:33.0 (49551805)|ENTERING_MANAGED_PKG|tdc_tsw
20:58:33.0 (52696751)|ENTERING_MANAGED_PKG|tdc_tsw
20:58:33.0 (54209687)|ENTERING_MANAGED_PKG|tdc_tsw
20:58:33.0 (54496021)|ENTERING_MANAGED_PKG|tdc_tsw
20:58:33.0 (55331862)|ENTERING_MANAGED_PKG|tdc_tsw
20:58:33.0 (55687135)|SOQL_EXECUTE_BEGIN|[200]|Aggregations:0|SELECT Name, NamespacePrefix, SystemModStamp FROM StaticResource WHERE Name LIKE :tmpVar1 LIMIT 10
20:58:33.0 (59652793)|SOQL_EXECUTE_END|[200]|Rows:1
20:58:33.64 (64397426)|USER_INFO|[EXTERNAL]|0051H000009gxp8|chanida.dev2@solvedbysoftwareco.com|Eastern Standard Time|GMT-05:00
20:58:33.64 (65678860)|ENTERING_MANAGED_PKG|tdc_tsw
20:58:33.64 (65832872)|ENTERING_MANAGED_PKG|tdc_tsw
20:58:33.64 (68364015)|SOQL_EXECUTE_BEGIN|[355]|Aggregations:0|SELECT id, name, Disable_Incoming_SMS_Sharing__c FROM User WHERE id = :tmpVar1
20:58:33.64 (73996489)|SOQL_EXECUTE_END|[355]|Rows:1
20:58:33.64 (75352774)|SOQL_EXECUTE_BEGIN|[367]|Aggregations:0|SELECT CreatedDate,Id,LastModifiedDate,Related_Object_Id__c FROM Message__c WHERE Name = 'Incoming' AND Read__c = false ORDER BY CreatedDate Desc limit 100
20:58:33.64 (80805371)|SOQL_EXECUTE_END|[367]|Rows:16
