44.0 APEX_CODE,FINEST;APEX_PROFILING,INFO;CALLOUT,INFO;DB,INFO;NBA,INFO;SYSTEM,DEBUG;VALIDATION,INFO;VISUALFORCE,INFO;WAVE,INFO;WORKFLOW,INFO
17:43:49.0 (682011)|USER_INFO|[EXTERNAL]|0051H000009gxp8|chanida.dev2@solvedbysoftwareco.com|Eastern Standard Time|GMT-05:00
17:43:49.0 (3365712)|ENTERING_MANAGED_PKG|tdc_tsw
17:43:49.0 (3796641)|ENTERING_MANAGED_PKG|tdc_tsw
17:43:49.0 (8506328)|SOQL_EXECUTE_BEGIN|[16]|Aggregations:0|SELECT id, name, Disable_Incoming_SMS_Sharing__c FROM User WHERE id = :tmpVar1
17:43:49.0 (15299434)|SOQL_EXECUTE_END|[16]|Rows:1
17:43:49.0 (22846445)|SOQL_EXECUTE_BEGIN|[37]|Aggregations:0|SELECT CreatedDate,Created_Date__c,Id,LastModifiedDate,MessageId__c,Message_Text_New__c,Name,OwnerId,Read__c,Related_Object_Id__c,Related_Object__c,Sender_Number__c, Sender_Name__c,ToNumber__c,Attachments_Ids__c FROM Message__c WHERE Name = 'Incoming' AND Read__c = false ORDER BY CreatedDate Desc limit 100
17:43:49.0 (36434697)|SOQL_EXECUTE_END|[37]|Rows:62
17:43:49.0 (47136314)|ENTERING_MANAGED_PKG|tdc_tsw
17:43:49.0 (49025042)|ENTERING_MANAGED_PKG|tdc_tsw
17:43:49.0 (49469487)|ENTERING_MANAGED_PKG|tdc_tsw
17:43:49.0 (50182517)|ENTERING_MANAGED_PKG|tdc_tsw
17:43:49.0 (52909869)|ENTERING_MANAGED_PKG|tdc_tsw
17:43:49.0 (53722245)|ENTERING_MANAGED_PKG|tdc_tsw
17:43:49.0 (53980342)|ENTERING_MANAGED_PKG|tdc_tsw
17:43:49.0 (54375506)|ENTERING_MANAGED_PKG|tdc_tsw
17:43:49.0 (55442854)|ENTERING_MANAGED_PKG|tdc_tsw
17:43:49.0 (56237356)|ENTERING_MANAGED_PKG|tdc_tsw
17:43:49.0 (56452172)|ENTERING_MANAGED_PKG|tdc_tsw
17:43:49.0 (56851784)|ENTERING_MANAGED_PKG|tdc_tsw
17:43:49.0 (57930145)|ENTERING_MANAGED_PKG|tdc_tsw
17:43:49.0 (58700457)|ENTERING_MANAGED_PKG|tdc_tsw
17:43:49.0 (58907798)|ENTERING_MANAGED_PKG|tdc_tsw
17:43:49.0 (59299600)|ENTERING_MANAGED_PKG|tdc_tsw
17:43:49.0 (60381309)|ENTERING_MANAGED_PKG|tdc_tsw
17:43:49.0 (61143700)|ENTERING_MANAGED_PKG|tdc_tsw
17:43:49.0 (61380010)|ENTERING_MANAGED_PKG|tdc_tsw
17:43:49.0 (61773336)|ENTERING_MANAGED_PKG|tdc_tsw
17:43:49.0 (62829881)|ENTERING_MANAGED_PKG|tdc_tsw
17:43:49.0 (63603724)|ENTERING_MANAGED_PKG|tdc_tsw
17:43:49.0 (63841072)|ENTERING_MANAGED_PKG|tdc_tsw
17:43:49.0 (64459809)|ENTERING_MANAGED_PKG|tdc_tsw
17:43:49.0 (66437539)|ENTERING_MANAGED_PKG|tdc_tsw
17:43:49.0 (67107973)|ENTERING_MANAGED_PKG|tdc_tsw
17:43:49.0 (67188657)|ENTERING_MANAGED_PKG|tdc_tsw
17:43:49.0 (67773686)|SOQL_EXECUTE_BEGIN|[200]|Aggregations:0|SELECT Name, NamespacePrefix, SystemModStamp FROM StaticResource WHERE Name LIKE :tmpVar1 LIMIT 10
17:43:49.0 (71349606)|SOQL_EXECUTE_END|[200]|Rows:1
17:43:49.0 (72127960)|ENTERING_MANAGED_PKG|tdc_tsw
17:43:49.0 (72472474)|SOQL_EXECUTE_BEGIN|[200]|Aggregations:0|SELECT Name, NamespacePrefix, SystemModStamp FROM StaticResource WHERE Name LIKE :tmpVar1 LIMIT 10
17:43:49.0 (74870599)|SOQL_EXECUTE_END|[200]|Rows:1
17:43:49.0 (75295727)|ENTERING_MANAGED_PKG|tdc_tsw
17:43:49.0 (79538180)|ENTERING_MANAGED_PKG|tdc_tsw
17:43:49.0 (81256586)|ENTERING_MANAGED_PKG|tdc_tsw
17:43:49.0 (81621822)|ENTERING_MANAGED_PKG|tdc_tsw
17:43:49.0 (82532430)|ENTERING_MANAGED_PKG|tdc_tsw
17:43:49.0 (82986956)|SOQL_EXECUTE_BEGIN|[200]|Aggregations:0|SELECT Name, NamespacePrefix, SystemModStamp FROM StaticResource WHERE Name LIKE :tmpVar1 LIMIT 10
17:43:49.0 (85636766)|SOQL_EXECUTE_END|[200]|Rows:1
17:43:49.92 (92749232)|USER_INFO|[EXTERNAL]|0051H000009gxp8|chanida.dev2@solvedbysoftwareco.com|Eastern Standard Time|GMT-05:00
17:43:49.92 (94587721)|ENTERING_MANAGED_PKG|tdc_tsw
17:43:49.92 (94763280)|ENTERING_MANAGED_PKG|tdc_tsw
17:43:49.92 (97315166)|SOQL_EXECUTE_BEGIN|[355]|Aggregations:0|SELECT id, name, Disable_Incoming_SMS_Sharing__c FROM User WHERE id = :tmpVar1
17:43:49.92 (103457368)|SOQL_EXECUTE_END|[355]|Rows:1
17:43:49.92 (104347803)|SOQL_EXECUTE_BEGIN|[367]|Aggregations:0|SELECT CreatedDate,Id,LastModifiedDate,Related_Object_Id__c FROM Message__c WHERE Name = 'Incoming' AND Read__c = false ORDER BY CreatedDate Desc limit 100
17:43:49.92 (111650139)|SOQL_EXECUTE_END|[367]|Rows:62
