44.0 APEX_CODE,FINEST;APEX_PROFILING,INFO;CALLOUT,INFO;DB,INFO;NBA,INFO;SYSTEM,DEBUG;VALIDATION,INFO;VISUALFORCE,INFO;WAVE,INFO;WORKFLOW,INFO
20:48:41.0 (129962)|USER_INFO|[EXTERNAL]|0051H000009gxp8|chanida.dev2@solvedbysoftwareco.com|Eastern Standard Time|GMT-05:00
20:48:41.0 (2212292)|ENTERING_MANAGED_PKG|tdc_tsw
20:48:41.0 (2356672)|ENTERING_MANAGED_PKG|tdc_tsw
20:48:41.0 (2841861)|ENTERING_MANAGED_PKG|tdc_tsw
20:48:41.0 (2879742)|ENTERING_MANAGED_PKG|tdc_tsw
20:48:41.0 (3654839)|ENTERING_MANAGED_PKG|tdc_tsw
20:48:41.0 (4412896)|ENTERING_MANAGED_PKG|tdc_tsw
20:48:41.0 (5709230)|ENTERING_MANAGED_PKG|tdc_tsw
20:48:41.0 (5782953)|ENTERING_MANAGED_PKG|tdc_tsw
20:48:41.0 (6913264)|ENTERING_MANAGED_PKG|tdc_tsw
20:48:41.0 (12498964)|SOQL_EXECUTE_BEGIN|[82]|Aggregations:0|SELECT CreatedDate, Id,Task_Created__c,Event_Created__c,isCaseCreated__c,Task_Id__c,Event_Id__c,Case__c, Important__c, Delivered__c, Message_Text_New__c, Name, Owner.Name, Read__c,MessageId__c, ToNumber__c, Related_Object_Id__c, Related_Object__c, Sender_Number__c, LastModifiedDate, Attachments_Ids__c FROM Message__c WHERE Contact__c =: recordId ORDER BY CreatedDate Desc limit 200
20:48:41.0 (23776317)|SOQL_EXECUTE_END|[82]|Rows:2
20:48:41.0 (25213620)|ENTERING_MANAGED_PKG|tdc_tsw
20:48:41.0 (25480541)|ENTERING_MANAGED_PKG|tdc_tsw
20:48:41.0 (25557051)|ENTERING_MANAGED_PKG|tdc_tsw
20:48:41.0 (26119812)|SOQL_EXECUTE_BEGIN|[200]|Aggregations:0|SELECT Name, NamespacePrefix, SystemModStamp FROM StaticResource WHERE Name LIKE :tmpVar1 LIMIT 10
20:48:41.0 (29280107)|SOQL_EXECUTE_END|[200]|Rows:1
20:48:41.0 (31496510)|ENTERING_MANAGED_PKG|tdc_tsw
20:48:41.0 (33019253)|ENTERING_MANAGED_PKG|tdc_tsw
20:48:41.0 (33064763)|ENTERING_MANAGED_PKG|tdc_tsw
20:48:41.0 (34841527)|ENTERING_MANAGED_PKG|tdc_tsw
20:48:41.0 (35627668)|ENTERING_MANAGED_PKG|tdc_tsw
20:48:41.0 (39948868)|SOQL_EXECUTE_BEGIN|[172]|Aggregations:0|SELECT id, name FROM ChatTranscript__c WHERE (Chat_Active__c = TRUE AND (Related_Object_Id__c = :tmpVar1 OR Related_Object_Id__c = :tmpVar2)) LIMIT 1
20:48:41.0 (43535707)|SOQL_EXECUTE_END|[172]|Rows:0
20:48:41.0 (43981694)|ENTERING_MANAGED_PKG|tdc_tsw
20:48:41.0 (44023119)|ENTERING_MANAGED_PKG|tdc_tsw
