44.0 APEX_CODE,FINEST;APEX_PROFILING,INFO;CALLOUT,INFO;DB,INFO;NBA,INFO;SYSTEM,DEBUG;VALIDATION,INFO;VISUALFORCE,INFO;WAVE,INFO;WORKFLOW,INFO
17:11:00.0 (640920)|USER_INFO|[EXTERNAL]|0051H000009gxp8|chanida.dev2@solvedbysoftwareco.com|Eastern Standard Time|GMT-05:00
17:11:00.0 (3002124)|ENTERING_MANAGED_PKG|tdc_tsw
17:11:00.0 (3464026)|ENTERING_MANAGED_PKG|tdc_tsw
17:11:00.0 (9337429)|SOQL_EXECUTE_BEGIN|[16]|Aggregations:0|SELECT id, name, Disable_Incoming_SMS_Sharing__c FROM User WHERE id = :tmpVar1
17:11:00.0 (18757994)|SOQL_EXECUTE_END|[16]|Rows:1
17:11:00.0 (27607887)|SOQL_EXECUTE_BEGIN|[37]|Aggregations:0|SELECT CreatedDate,Created_Date__c,Id,LastModifiedDate,MessageId__c,Message_Text_New__c,Name,OwnerId,Read__c,Related_Object_Id__c,Related_Object__c,Sender_Number__c, Sender_Name__c,ToNumber__c,Attachments_Ids__c FROM Message__c WHERE Name = 'Incoming' AND Read__c = false ORDER BY CreatedDate Desc limit 100
17:11:00.0 (48080781)|SOQL_EXECUTE_END|[37]|Rows:100
17:11:00.0 (68576123)|ENTERING_MANAGED_PKG|tdc_tsw
17:11:00.0 (70696908)|ENTERING_MANAGED_PKG|tdc_tsw
17:11:00.0 (71331190)|ENTERING_MANAGED_PKG|tdc_tsw
17:11:00.0 (72159369)|ENTERING_MANAGED_PKG|tdc_tsw
17:11:00.0 (75011713)|ENTERING_MANAGED_PKG|tdc_tsw
17:11:00.0 (75821738)|ENTERING_MANAGED_PKG|tdc_tsw
17:11:00.0 (76083237)|ENTERING_MANAGED_PKG|tdc_tsw
17:11:00.0 (76517905)|ENTERING_MANAGED_PKG|tdc_tsw
17:11:00.0 (77685802)|ENTERING_MANAGED_PKG|tdc_tsw
17:11:00.0 (78498681)|ENTERING_MANAGED_PKG|tdc_tsw
17:11:00.0 (78737940)|ENTERING_MANAGED_PKG|tdc_tsw
17:11:00.0 (79174397)|ENTERING_MANAGED_PKG|tdc_tsw
17:11:00.0 (80357689)|ENTERING_MANAGED_PKG|tdc_tsw
17:11:00.0 (81185736)|ENTERING_MANAGED_PKG|tdc_tsw
17:11:00.0 (81428002)|ENTERING_MANAGED_PKG|tdc_tsw
17:11:00.0 (81880390)|ENTERING_MANAGED_PKG|tdc_tsw
17:11:00.0 (83390293)|ENTERING_MANAGED_PKG|tdc_tsw
17:11:00.0 (84169676)|ENTERING_MANAGED_PKG|tdc_tsw
17:11:00.0 (84411028)|ENTERING_MANAGED_PKG|tdc_tsw
17:11:00.0 (84823651)|ENTERING_MANAGED_PKG|tdc_tsw
17:11:00.0 (86010744)|ENTERING_MANAGED_PKG|tdc_tsw
17:11:00.0 (86818335)|ENTERING_MANAGED_PKG|tdc_tsw
17:11:00.0 (87786362)|ENTERING_MANAGED_PKG|tdc_tsw
17:11:00.0 (88223980)|ENTERING_MANAGED_PKG|tdc_tsw
17:11:00.0 (89409368)|ENTERING_MANAGED_PKG|tdc_tsw
17:11:00.0 (90227021)|ENTERING_MANAGED_PKG|tdc_tsw
17:11:00.0 (90468920)|ENTERING_MANAGED_PKG|tdc_tsw
17:11:00.0 (90909495)|ENTERING_MANAGED_PKG|tdc_tsw
17:11:00.0 (92085989)|ENTERING_MANAGED_PKG|tdc_tsw
17:11:00.0 (92849521)|ENTERING_MANAGED_PKG|tdc_tsw
17:11:00.0 (93139691)|ENTERING_MANAGED_PKG|tdc_tsw
17:11:00.0 (93562226)|ENTERING_MANAGED_PKG|tdc_tsw
17:11:00.0 (94688923)|ENTERING_MANAGED_PKG|tdc_tsw
17:11:00.0 (95484203)|ENTERING_MANAGED_PKG|tdc_tsw
17:11:00.0 (95726153)|ENTERING_MANAGED_PKG|tdc_tsw
17:11:00.0 (96163957)|ENTERING_MANAGED_PKG|tdc_tsw
17:11:00.0 (97321660)|ENTERING_MANAGED_PKG|tdc_tsw
17:11:00.0 (98149699)|ENTERING_MANAGED_PKG|tdc_tsw
17:11:00.0 (98394304)|ENTERING_MANAGED_PKG|tdc_tsw
17:11:00.0 (98869344)|ENTERING_MANAGED_PKG|tdc_tsw
17:11:00.0 (100027433)|ENTERING_MANAGED_PKG|tdc_tsw
17:11:00.0 (100797276)|ENTERING_MANAGED_PKG|tdc_tsw
17:11:00.0 (101061040)|ENTERING_MANAGED_PKG|tdc_tsw
17:11:00.0 (101497569)|ENTERING_MANAGED_PKG|tdc_tsw
17:11:00.0 (102688661)|ENTERING_MANAGED_PKG|tdc_tsw
17:11:00.0 (103484059)|ENTERING_MANAGED_PKG|tdc_tsw
17:11:00.0 (103719643)|ENTERING_MANAGED_PKG|tdc_tsw
17:11:00.0 (104142877)|ENTERING_MANAGED_PKG|tdc_tsw
17:11:00.0 (105353644)|ENTERING_MANAGED_PKG|tdc_tsw
17:11:00.0 (106152117)|ENTERING_MANAGED_PKG|tdc_tsw
17:11:00.0 (106407923)|ENTERING_MANAGED_PKG|tdc_tsw
17:11:00.0 (106814874)|ENTERING_MANAGED_PKG|tdc_tsw
17:11:00.0 (107990269)|ENTERING_MANAGED_PKG|tdc_tsw
17:11:00.0 (108813194)|ENTERING_MANAGED_PKG|tdc_tsw
17:11:00.0 (109079139)|ENTERING_MANAGED_PKG|tdc_tsw
17:11:00.0 (109516529)|ENTERING_MANAGED_PKG|tdc_tsw
17:11:00.0 (110708913)|ENTERING_MANAGED_PKG|tdc_tsw
17:11:00.0 (111581542)|ENTERING_MANAGED_PKG|tdc_tsw
17:11:00.0 (111877168)|ENTERING_MANAGED_PKG|tdc_tsw
17:11:00.0 (112313326)|ENTERING_MANAGED_PKG|tdc_tsw
17:11:00.0 (113467279)|ENTERING_MANAGED_PKG|tdc_tsw
17:11:00.0 (114285048)|ENTERING_MANAGED_PKG|tdc_tsw
17:11:00.0 (114542531)|ENTERING_MANAGED_PKG|tdc_tsw
17:11:00.0 (114984657)|ENTERING_MANAGED_PKG|tdc_tsw
17:11:00.0 (116181571)|ENTERING_MANAGED_PKG|tdc_tsw
17:11:00.0 (116987311)|ENTERING_MANAGED_PKG|tdc_tsw
17:11:00.0 (117251270)|ENTERING_MANAGED_PKG|tdc_tsw
17:11:00.0 (117673898)|ENTERING_MANAGED_PKG|tdc_tsw
17:11:00.0 (118828504)|ENTERING_MANAGED_PKG|tdc_tsw
17:11:00.0 (119633281)|ENTERING_MANAGED_PKG|tdc_tsw
17:11:00.0 (119866798)|ENTERING_MANAGED_PKG|tdc_tsw
17:11:00.0 (120302214)|ENTERING_MANAGED_PKG|tdc_tsw
17:11:00.0 (121488837)|ENTERING_MANAGED_PKG|tdc_tsw
17:11:00.0 (122296449)|ENTERING_MANAGED_PKG|tdc_tsw
17:11:00.0 (122531185)|ENTERING_MANAGED_PKG|tdc_tsw
17:11:00.0 (122949834)|ENTERING_MANAGED_PKG|tdc_tsw
17:11:00.0 (124128188)|ENTERING_MANAGED_PKG|tdc_tsw
17:11:00.0 (124959764)|ENTERING_MANAGED_PKG|tdc_tsw
17:11:00.0 (125204709)|ENTERING_MANAGED_PKG|tdc_tsw
17:11:00.0 (125643963)|ENTERING_MANAGED_PKG|tdc_tsw
17:11:00.0 (126801394)|ENTERING_MANAGED_PKG|tdc_tsw
17:11:00.0 (127677849)|ENTERING_MANAGED_PKG|tdc_tsw
17:11:00.0 (127937758)|ENTERING_MANAGED_PKG|tdc_tsw
17:11:00.0 (128376797)|ENTERING_MANAGED_PKG|tdc_tsw
17:11:00.0 (129543375)|ENTERING_MANAGED_PKG|tdc_tsw
17:11:00.0 (130352163)|ENTERING_MANAGED_PKG|tdc_tsw
17:11:00.0 (130589285)|ENTERING_MANAGED_PKG|tdc_tsw
17:11:00.0 (131003493)|ENTERING_MANAGED_PKG|tdc_tsw
17:11:00.0 (132184791)|ENTERING_MANAGED_PKG|tdc_tsw
17:11:00.0 (132954202)|ENTERING_MANAGED_PKG|tdc_tsw
17:11:00.0 (133197785)|ENTERING_MANAGED_PKG|tdc_tsw
17:11:00.0 (133611967)|ENTERING_MANAGED_PKG|tdc_tsw
17:11:00.0 (134712678)|ENTERING_MANAGED_PKG|tdc_tsw
17:11:00.0 (135500657)|ENTERING_MANAGED_PKG|tdc_tsw
17:11:00.0 (135735977)|ENTERING_MANAGED_PKG|tdc_tsw
17:11:00.0 (136139337)|ENTERING_MANAGED_PKG|tdc_tsw
17:11:00.0 (137249128)|ENTERING_MANAGED_PKG|tdc_tsw
17:11:00.0 (137994026)|ENTERING_MANAGED_PKG|tdc_tsw
17:11:00.0 (138263768)|ENTERING_MANAGED_PKG|tdc_tsw
17:11:00.0 (138667087)|ENTERING_MANAGED_PKG|tdc_tsw
17:11:00.0 (139842385)|ENTERING_MANAGED_PKG|tdc_tsw
17:11:00.0 (140602790)|ENTERING_MANAGED_PKG|tdc_tsw
17:11:00.0 (140839162)|ENTERING_MANAGED_PKG|tdc_tsw
17:11:00.0 (141302680)|ENTERING_MANAGED_PKG|tdc_tsw
17:11:00.0 (142427368)|ENTERING_MANAGED_PKG|tdc_tsw
17:11:00.0 (143207285)|ENTERING_MANAGED_PKG|tdc_tsw
17:11:00.0 (143416463)|ENTERING_MANAGED_PKG|tdc_tsw
17:11:00.0 (143845384)|ENTERING_MANAGED_PKG|tdc_tsw
17:11:00.0 (144993529)|ENTERING_MANAGED_PKG|tdc_tsw
17:11:00.0 (145809853)|ENTERING_MANAGED_PKG|tdc_tsw
17:11:00.0 (146047037)|ENTERING_MANAGED_PKG|tdc_tsw
17:11:00.0 (146496342)|ENTERING_MANAGED_PKG|tdc_tsw
17:11:00.0 (147668600)|ENTERING_MANAGED_PKG|tdc_tsw
17:11:00.0 (148509463)|ENTERING_MANAGED_PKG|tdc_tsw
17:11:00.0 (148766080)|ENTERING_MANAGED_PKG|tdc_tsw
17:11:00.0 (149194050)|ENTERING_MANAGED_PKG|tdc_tsw
17:11:00.0 (150376587)|ENTERING_MANAGED_PKG|tdc_tsw
17:11:00.0 (151153010)|ENTERING_MANAGED_PKG|tdc_tsw
17:11:00.0 (151475019)|ENTERING_MANAGED_PKG|tdc_tsw
17:11:00.0 (151944175)|ENTERING_MANAGED_PKG|tdc_tsw
17:11:00.0 (153166455)|ENTERING_MANAGED_PKG|tdc_tsw
17:11:00.0 (153994902)|ENTERING_MANAGED_PKG|tdc_tsw
17:11:00.0 (154284504)|ENTERING_MANAGED_PKG|tdc_tsw
17:11:00.0 (154720351)|ENTERING_MANAGED_PKG|tdc_tsw
17:11:00.0 (155926196)|ENTERING_MANAGED_PKG|tdc_tsw
17:11:00.0 (156717051)|ENTERING_MANAGED_PKG|tdc_tsw
17:11:00.0 (156954470)|ENTERING_MANAGED_PKG|tdc_tsw
17:11:00.0 (157370702)|ENTERING_MANAGED_PKG|tdc_tsw
17:11:00.0 (158526510)|ENTERING_MANAGED_PKG|tdc_tsw
17:11:00.0 (159345437)|ENTERING_MANAGED_PKG|tdc_tsw
17:11:00.0 (159580713)|ENTERING_MANAGED_PKG|tdc_tsw
17:11:00.0 (159975130)|ENTERING_MANAGED_PKG|tdc_tsw
17:11:00.0 (161125150)|ENTERING_MANAGED_PKG|tdc_tsw
17:11:00.0 (161870623)|ENTERING_MANAGED_PKG|tdc_tsw
17:11:00.0 (162111050)|ENTERING_MANAGED_PKG|tdc_tsw
17:11:00.0 (162567369)|ENTERING_MANAGED_PKG|tdc_tsw
17:11:00.0 (163776152)|ENTERING_MANAGED_PKG|tdc_tsw
17:11:00.0 (164588417)|ENTERING_MANAGED_PKG|tdc_tsw
17:11:00.0 (164861187)|ENTERING_MANAGED_PKG|tdc_tsw
17:11:00.0 (165287428)|ENTERING_MANAGED_PKG|tdc_tsw
17:11:00.0 (166428014)|ENTERING_MANAGED_PKG|tdc_tsw
17:11:00.0 (167200001)|ENTERING_MANAGED_PKG|tdc_tsw
17:11:00.0 (167461418)|ENTERING_MANAGED_PKG|tdc_tsw
17:11:00.0 (167900390)|ENTERING_MANAGED_PKG|tdc_tsw
17:11:00.0 (169046542)|ENTERING_MANAGED_PKG|tdc_tsw
17:11:00.0 (169826950)|ENTERING_MANAGED_PKG|tdc_tsw
17:11:00.0 (170081798)|ENTERING_MANAGED_PKG|tdc_tsw
17:11:00.0 (170505222)|ENTERING_MANAGED_PKG|tdc_tsw
17:11:00.0 (171701787)|ENTERING_MANAGED_PKG|tdc_tsw
17:11:00.0 (172489837)|ENTERING_MANAGED_PKG|tdc_tsw
17:11:00.0 (172756406)|ENTERING_MANAGED_PKG|tdc_tsw
17:11:00.0 (173200668)|ENTERING_MANAGED_PKG|tdc_tsw
17:11:00.0 (174390732)|ENTERING_MANAGED_PKG|tdc_tsw
17:11:00.0 (175212339)|ENTERING_MANAGED_PKG|tdc_tsw
17:11:00.0 (175483552)|ENTERING_MANAGED_PKG|tdc_tsw
17:11:00.0 (175880748)|ENTERING_MANAGED_PKG|tdc_tsw
17:11:00.0 (177021097)|ENTERING_MANAGED_PKG|tdc_tsw
17:11:00.0 (177846442)|ENTERING_MANAGED_PKG|tdc_tsw
17:11:00.0 (178087506)|ENTERING_MANAGED_PKG|tdc_tsw
17:11:00.0 (178529646)|ENTERING_MANAGED_PKG|tdc_tsw
17:11:00.0 (179656430)|ENTERING_MANAGED_PKG|tdc_tsw
17:11:00.0 (180478722)|ENTERING_MANAGED_PKG|tdc_tsw
17:11:00.0 (180726238)|ENTERING_MANAGED_PKG|tdc_tsw
17:11:00.0 (181158943)|ENTERING_MANAGED_PKG|tdc_tsw
17:11:00.0 (182372564)|ENTERING_MANAGED_PKG|tdc_tsw
17:11:00.0 (183213775)|ENTERING_MANAGED_PKG|tdc_tsw
17:11:00.0 (183493232)|ENTERING_MANAGED_PKG|tdc_tsw
17:11:00.0 (183982540)|ENTERING_MANAGED_PKG|tdc_tsw
17:11:00.0 (185157254)|ENTERING_MANAGED_PKG|tdc_tsw
17:11:00.0 (185928485)|ENTERING_MANAGED_PKG|tdc_tsw
17:11:00.0 (186188124)|ENTERING_MANAGED_PKG|tdc_tsw
17:11:00.0 (186583990)|ENTERING_MANAGED_PKG|tdc_tsw
17:11:00.0 (187692069)|ENTERING_MANAGED_PKG|tdc_tsw
17:11:00.0 (188508567)|ENTERING_MANAGED_PKG|tdc_tsw
17:11:00.0 (188745994)|ENTERING_MANAGED_PKG|tdc_tsw
17:11:00.0 (189167294)|ENTERING_MANAGED_PKG|tdc_tsw
17:11:00.0 (190307456)|ENTERING_MANAGED_PKG|tdc_tsw
17:11:00.0 (191069793)|ENTERING_MANAGED_PKG|tdc_tsw
17:11:00.0 (191333789)|ENTERING_MANAGED_PKG|tdc_tsw
17:11:00.0 (191823408)|ENTERING_MANAGED_PKG|tdc_tsw
17:11:00.0 (192998982)|ENTERING_MANAGED_PKG|tdc_tsw
17:11:00.0 (193791834)|ENTERING_MANAGED_PKG|tdc_tsw
17:11:00.0 (194029233)|ENTERING_MANAGED_PKG|tdc_tsw
17:11:00.0 (194467775)|ENTERING_MANAGED_PKG|tdc_tsw
17:11:00.0 (195595644)|ENTERING_MANAGED_PKG|tdc_tsw
17:11:00.0 (196384918)|ENTERING_MANAGED_PKG|tdc_tsw
17:11:00.0 (196620328)|ENTERING_MANAGED_PKG|tdc_tsw
17:11:00.0 (197031871)|ENTERING_MANAGED_PKG|tdc_tsw
17:11:00.0 (198161514)|ENTERING_MANAGED_PKG|tdc_tsw
17:11:00.0 (198942837)|ENTERING_MANAGED_PKG|tdc_tsw
17:11:00.0 (199184991)|ENTERING_MANAGED_PKG|tdc_tsw
17:11:00.0 (199599793)|ENTERING_MANAGED_PKG|tdc_tsw
17:11:00.0 (200717566)|ENTERING_MANAGED_PKG|tdc_tsw
17:11:00.0 (201499389)|ENTERING_MANAGED_PKG|tdc_tsw
17:11:00.0 (201748902)|ENTERING_MANAGED_PKG|tdc_tsw
17:11:00.0 (202152112)|ENTERING_MANAGED_PKG|tdc_tsw
17:11:00.0 (203284033)|ENTERING_MANAGED_PKG|tdc_tsw
17:11:00.0 (204073145)|ENTERING_MANAGED_PKG|tdc_tsw
17:11:00.0 (204314642)|ENTERING_MANAGED_PKG|tdc_tsw
17:11:00.0 (204727079)|ENTERING_MANAGED_PKG|tdc_tsw
17:11:00.0 (205869617)|ENTERING_MANAGED_PKG|tdc_tsw
17:11:00.0 (206651460)|ENTERING_MANAGED_PKG|tdc_tsw
17:11:00.0 (206887264)|ENTERING_MANAGED_PKG|tdc_tsw
17:11:00.0 (207305504)|ENTERING_MANAGED_PKG|tdc_tsw
17:11:00.0 (208806276)|ENTERING_MANAGED_PKG|tdc_tsw
17:11:00.0 (209577528)|ENTERING_MANAGED_PKG|tdc_tsw
17:11:00.0 (209834653)|ENTERING_MANAGED_PKG|tdc_tsw
17:11:00.0 (210257487)|ENTERING_MANAGED_PKG|tdc_tsw
17:11:00.0 (212437647)|ENTERING_MANAGED_PKG|tdc_tsw
17:11:00.0 (213348422)|ENTERING_MANAGED_PKG|tdc_tsw
17:11:00.0 (213430615)|ENTERING_MANAGED_PKG|tdc_tsw
17:11:00.0 (214035639)|SOQL_EXECUTE_BEGIN|[200]|Aggregations:0|SELECT Name, NamespacePrefix, SystemModStamp FROM StaticResource WHERE Name LIKE :tmpVar1 LIMIT 10
17:11:00.0 (219764149)|SOQL_EXECUTE_END|[200]|Rows:1
17:11:00.0 (220589240)|ENTERING_MANAGED_PKG|tdc_tsw
17:11:00.0 (220976756)|SOQL_EXECUTE_BEGIN|[200]|Aggregations:0|SELECT Name, NamespacePrefix, SystemModStamp FROM StaticResource WHERE Name LIKE :tmpVar1 LIMIT 10
17:11:00.0 (223421081)|SOQL_EXECUTE_END|[200]|Rows:1
17:11:00.0 (223805562)|ENTERING_MANAGED_PKG|tdc_tsw
17:11:00.0 (227849219)|ENTERING_MANAGED_PKG|tdc_tsw
17:11:00.0 (229421696)|ENTERING_MANAGED_PKG|tdc_tsw
17:11:00.0 (229722926)|ENTERING_MANAGED_PKG|tdc_tsw
17:11:00.0 (230524684)|ENTERING_MANAGED_PKG|tdc_tsw
17:11:00.0 (230896069)|SOQL_EXECUTE_BEGIN|[200]|Aggregations:0|SELECT Name, NamespacePrefix, SystemModStamp FROM StaticResource WHERE Name LIKE :tmpVar1 LIMIT 10
17:11:00.0 (234101199)|SOQL_EXECUTE_END|[200]|Rows:1
17:11:00.244 (244535005)|USER_INFO|[EXTERNAL]|0051H000009gxp8|chanida.dev2@solvedbysoftwareco.com|Eastern Standard Time|GMT-05:00
17:11:00.244 (245930551)|ENTERING_MANAGED_PKG|tdc_tsw
17:11:00.244 (246198703)|ENTERING_MANAGED_PKG|tdc_tsw
17:11:00.244 (248862402)|SOQL_EXECUTE_BEGIN|[355]|Aggregations:0|SELECT id, name, Disable_Incoming_SMS_Sharing__c FROM User WHERE id = :tmpVar1
17:11:00.244 (255583417)|SOQL_EXECUTE_END|[355]|Rows:1
17:11:00.244 (256644120)|SOQL_EXECUTE_BEGIN|[367]|Aggregations:0|SELECT CreatedDate,Id,LastModifiedDate,Related_Object_Id__c FROM Message__c WHERE Name = 'Incoming' AND Read__c = false ORDER BY CreatedDate Desc limit 100
17:11:00.244 (265773731)|SOQL_EXECUTE_END|[367]|Rows:100
