44.0 APEX_CODE,FINEST;APEX_PROFILING,INFO;CALLOUT,INFO;DB,INFO;NBA,INFO;SYSTEM,DEBUG;VALIDATION,INFO;VISUALFORCE,INFO;WAVE,INFO;WORKFLOW,INFO
23:24:06.0 (306610)|USER_INFO|[EXTERNAL]|0051H000009gxp8|chanida.dev2@solvedbysoftwareco.com|Eastern Standard Time|GMT-05:00
23:24:06.0 (2227290)|ENTERING_MANAGED_PKG|tdc_tsw
23:24:06.0 (2770005)|ENTERING_MANAGED_PKG|tdc_tsw
23:24:06.0 (8686052)|SOQL_EXECUTE_BEGIN|[16]|Aggregations:0|SELECT id, name, Disable_Incoming_SMS_Sharing__c FROM User WHERE id = :tmpVar1
23:24:06.0 (18993066)|SOQL_EXECUTE_END|[16]|Rows:1
23:24:06.0 (27350106)|SOQL_EXECUTE_BEGIN|[37]|Aggregations:0|SELECT CreatedDate,Created_Date__c,Id,LastModifiedDate,MessageId__c,Message_Text_New__c,Name,OwnerId,Read__c,Related_Object_Id__c,Related_Object__c,Sender_Number__c, Sender_Name__c,ToNumber__c,Attachments_Ids__c FROM Message__c WHERE Name = 'Incoming' AND Read__c = false ORDER BY CreatedDate Desc limit 100
23:24:06.0 (44729149)|SOQL_EXECUTE_END|[37]|Rows:100
23:24:06.0 (63180116)|ENTERING_MANAGED_PKG|tdc_tsw
23:24:06.0 (65166369)|ENTERING_MANAGED_PKG|tdc_tsw
23:24:06.0 (65686478)|ENTERING_MANAGED_PKG|tdc_tsw
23:24:06.0 (66405144)|ENTERING_MANAGED_PKG|tdc_tsw
23:24:06.0 (69310079)|ENTERING_MANAGED_PKG|tdc_tsw
23:24:06.0 (70145126)|ENTERING_MANAGED_PKG|tdc_tsw
23:24:06.0 (70380867)|ENTERING_MANAGED_PKG|tdc_tsw
23:24:06.0 (70793915)|ENTERING_MANAGED_PKG|tdc_tsw
23:24:06.0 (71903292)|ENTERING_MANAGED_PKG|tdc_tsw
23:24:06.0 (72673787)|ENTERING_MANAGED_PKG|tdc_tsw
23:24:06.0 (72904487)|ENTERING_MANAGED_PKG|tdc_tsw
23:24:06.0 (73306948)|ENTERING_MANAGED_PKG|tdc_tsw
23:24:06.0 (74400114)|ENTERING_MANAGED_PKG|tdc_tsw
23:24:06.0 (75153791)|ENTERING_MANAGED_PKG|tdc_tsw
23:24:06.0 (75385456)|ENTERING_MANAGED_PKG|tdc_tsw
23:24:06.0 (75788394)|ENTERING_MANAGED_PKG|tdc_tsw
23:24:06.0 (76889237)|ENTERING_MANAGED_PKG|tdc_tsw
23:24:06.0 (77648754)|ENTERING_MANAGED_PKG|tdc_tsw
23:24:06.0 (77881285)|ENTERING_MANAGED_PKG|tdc_tsw
23:24:06.0 (78275945)|ENTERING_MANAGED_PKG|tdc_tsw
23:24:06.0 (79357419)|ENTERING_MANAGED_PKG|tdc_tsw
23:24:06.0 (80105345)|ENTERING_MANAGED_PKG|tdc_tsw
23:24:06.0 (80336391)|ENTERING_MANAGED_PKG|tdc_tsw
23:24:06.0 (80743237)|ENTERING_MANAGED_PKG|tdc_tsw
23:24:06.0 (81860256)|ENTERING_MANAGED_PKG|tdc_tsw
23:24:06.0 (82621382)|ENTERING_MANAGED_PKG|tdc_tsw
23:24:06.0 (82860517)|ENTERING_MANAGED_PKG|tdc_tsw
23:24:06.0 (83279212)|ENTERING_MANAGED_PKG|tdc_tsw
23:24:06.0 (84468067)|ENTERING_MANAGED_PKG|tdc_tsw
23:24:06.0 (85439247)|ENTERING_MANAGED_PKG|tdc_tsw
23:24:06.0 (85703157)|ENTERING_MANAGED_PKG|tdc_tsw
23:24:06.0 (86123080)|ENTERING_MANAGED_PKG|tdc_tsw
23:24:06.0 (87289606)|ENTERING_MANAGED_PKG|tdc_tsw
23:24:06.0 (88093765)|ENTERING_MANAGED_PKG|tdc_tsw
23:24:06.0 (88340772)|ENTERING_MANAGED_PKG|tdc_tsw
23:24:06.0 (88798657)|ENTERING_MANAGED_PKG|tdc_tsw
23:24:06.0 (89979240)|ENTERING_MANAGED_PKG|tdc_tsw
23:24:06.0 (90745981)|ENTERING_MANAGED_PKG|tdc_tsw
23:24:06.0 (90974950)|ENTERING_MANAGED_PKG|tdc_tsw
23:24:06.0 (91405331)|ENTERING_MANAGED_PKG|tdc_tsw
23:24:06.0 (92590900)|ENTERING_MANAGED_PKG|tdc_tsw
23:24:06.0 (93394090)|ENTERING_MANAGED_PKG|tdc_tsw
23:24:06.0 (93639078)|ENTERING_MANAGED_PKG|tdc_tsw
23:24:06.0 (94046987)|ENTERING_MANAGED_PKG|tdc_tsw
23:24:06.0 (95245460)|ENTERING_MANAGED_PKG|tdc_tsw
23:24:06.0 (96044425)|ENTERING_MANAGED_PKG|tdc_tsw
23:24:06.0 (96291439)|ENTERING_MANAGED_PKG|tdc_tsw
23:24:06.0 (96716907)|ENTERING_MANAGED_PKG|tdc_tsw
23:24:06.0 (97883238)|ENTERING_MANAGED_PKG|tdc_tsw
23:24:06.0 (98683238)|ENTERING_MANAGED_PKG|tdc_tsw
23:24:06.0 (98934668)|ENTERING_MANAGED_PKG|tdc_tsw
23:24:06.0 (99352536)|ENTERING_MANAGED_PKG|tdc_tsw
23:24:06.0 (100501994)|ENTERING_MANAGED_PKG|tdc_tsw
23:24:06.0 (101286560)|ENTERING_MANAGED_PKG|tdc_tsw
23:24:06.0 (101531755)|ENTERING_MANAGED_PKG|tdc_tsw
23:24:06.0 (101963667)|ENTERING_MANAGED_PKG|tdc_tsw
23:24:06.0 (103119193)|ENTERING_MANAGED_PKG|tdc_tsw
23:24:06.0 (103890296)|ENTERING_MANAGED_PKG|tdc_tsw
23:24:06.0 (104119129)|ENTERING_MANAGED_PKG|tdc_tsw
23:24:06.0 (104516412)|ENTERING_MANAGED_PKG|tdc_tsw
23:24:06.0 (106011390)|ENTERING_MANAGED_PKG|tdc_tsw
23:24:06.0 (106757630)|ENTERING_MANAGED_PKG|tdc_tsw
23:24:06.0 (106989764)|ENTERING_MANAGED_PKG|tdc_tsw
23:24:06.0 (107390880)|ENTERING_MANAGED_PKG|tdc_tsw
23:24:06.0 (108477430)|ENTERING_MANAGED_PKG|tdc_tsw
23:24:06.0 (109254300)|ENTERING_MANAGED_PKG|tdc_tsw
23:24:06.0 (109504614)|ENTERING_MANAGED_PKG|tdc_tsw
23:24:06.0 (109951955)|ENTERING_MANAGED_PKG|tdc_tsw
23:24:06.0 (111047314)|ENTERING_MANAGED_PKG|tdc_tsw
23:24:06.0 (111819650)|ENTERING_MANAGED_PKG|tdc_tsw
23:24:06.0 (112049781)|ENTERING_MANAGED_PKG|tdc_tsw
23:24:06.0 (112452182)|ENTERING_MANAGED_PKG|tdc_tsw
23:24:06.0 (113542166)|ENTERING_MANAGED_PKG|tdc_tsw
23:24:06.0 (114311739)|ENTERING_MANAGED_PKG|tdc_tsw
23:24:06.0 (114544026)|ENTERING_MANAGED_PKG|tdc_tsw
23:24:06.0 (114943218)|ENTERING_MANAGED_PKG|tdc_tsw
23:24:06.0 (116055286)|ENTERING_MANAGED_PKG|tdc_tsw
23:24:06.0 (116833081)|ENTERING_MANAGED_PKG|tdc_tsw
23:24:06.0 (117078969)|ENTERING_MANAGED_PKG|tdc_tsw
23:24:06.0 (117518910)|ENTERING_MANAGED_PKG|tdc_tsw
23:24:06.0 (118690345)|ENTERING_MANAGED_PKG|tdc_tsw
23:24:06.0 (119511498)|ENTERING_MANAGED_PKG|tdc_tsw
23:24:06.0 (119752740)|ENTERING_MANAGED_PKG|tdc_tsw
23:24:06.0 (120166763)|ENTERING_MANAGED_PKG|tdc_tsw
23:24:06.0 (121281932)|ENTERING_MANAGED_PKG|tdc_tsw
23:24:06.0 (122033794)|ENTERING_MANAGED_PKG|tdc_tsw
23:24:06.0 (122263317)|ENTERING_MANAGED_PKG|tdc_tsw
23:24:06.0 (122661011)|ENTERING_MANAGED_PKG|tdc_tsw
23:24:06.0 (123745226)|ENTERING_MANAGED_PKG|tdc_tsw
23:24:06.0 (124490691)|ENTERING_MANAGED_PKG|tdc_tsw
23:24:06.0 (124727060)|ENTERING_MANAGED_PKG|tdc_tsw
23:24:06.0 (125117902)|ENTERING_MANAGED_PKG|tdc_tsw
23:24:06.0 (126195480)|ENTERING_MANAGED_PKG|tdc_tsw
23:24:06.0 (126951172)|ENTERING_MANAGED_PKG|tdc_tsw
23:24:06.0 (127183022)|ENTERING_MANAGED_PKG|tdc_tsw
23:24:06.0 (127585690)|ENTERING_MANAGED_PKG|tdc_tsw
23:24:06.0 (128686393)|ENTERING_MANAGED_PKG|tdc_tsw
23:24:06.0 (129712895)|ENTERING_MANAGED_PKG|tdc_tsw
23:24:06.0 (129953026)|ENTERING_MANAGED_PKG|tdc_tsw
23:24:06.0 (130343988)|ENTERING_MANAGED_PKG|tdc_tsw
23:24:06.0 (131430309)|ENTERING_MANAGED_PKG|tdc_tsw
23:24:06.0 (132250204)|ENTERING_MANAGED_PKG|tdc_tsw
23:24:06.0 (132497604)|ENTERING_MANAGED_PKG|tdc_tsw
23:24:06.0 (132912230)|ENTERING_MANAGED_PKG|tdc_tsw
23:24:06.0 (133997361)|ENTERING_MANAGED_PKG|tdc_tsw
23:24:06.0 (134757025)|ENTERING_MANAGED_PKG|tdc_tsw
23:24:06.0 (134988830)|ENTERING_MANAGED_PKG|tdc_tsw
23:24:06.0 (135389539)|ENTERING_MANAGED_PKG|tdc_tsw
23:24:06.0 (136504066)|ENTERING_MANAGED_PKG|tdc_tsw
23:24:06.0 (137294280)|ENTERING_MANAGED_PKG|tdc_tsw
23:24:06.0 (137693551)|ENTERING_MANAGED_PKG|tdc_tsw
23:24:06.0 (138109785)|ENTERING_MANAGED_PKG|tdc_tsw
23:24:06.0 (139230087)|ENTERING_MANAGED_PKG|tdc_tsw
23:24:06.0 (139987423)|ENTERING_MANAGED_PKG|tdc_tsw
23:24:06.0 (140219316)|ENTERING_MANAGED_PKG|tdc_tsw
23:24:06.0 (140616257)|ENTERING_MANAGED_PKG|tdc_tsw
23:24:06.0 (141698036)|ENTERING_MANAGED_PKG|tdc_tsw
23:24:06.0 (142464992)|ENTERING_MANAGED_PKG|tdc_tsw
23:24:06.0 (142832198)|ENTERING_MANAGED_PKG|tdc_tsw
23:24:06.0 (143506838)|ENTERING_MANAGED_PKG|tdc_tsw
23:24:06.0 (145068019)|ENTERING_MANAGED_PKG|tdc_tsw
23:24:06.0 (146037260)|ENTERING_MANAGED_PKG|tdc_tsw
23:24:06.0 (146277372)|ENTERING_MANAGED_PKG|tdc_tsw
23:24:06.0 (146682110)|ENTERING_MANAGED_PKG|tdc_tsw
23:24:06.0 (147774551)|ENTERING_MANAGED_PKG|tdc_tsw
23:24:06.0 (148543803)|ENTERING_MANAGED_PKG|tdc_tsw
23:24:06.0 (148796625)|ENTERING_MANAGED_PKG|tdc_tsw
23:24:06.0 (149209224)|ENTERING_MANAGED_PKG|tdc_tsw
23:24:06.0 (150392034)|ENTERING_MANAGED_PKG|tdc_tsw
23:24:06.0 (151190219)|ENTERING_MANAGED_PKG|tdc_tsw
23:24:06.0 (151436930)|ENTERING_MANAGED_PKG|tdc_tsw
23:24:06.0 (151881470)|ENTERING_MANAGED_PKG|tdc_tsw
23:24:06.0 (153032391)|ENTERING_MANAGED_PKG|tdc_tsw
23:24:06.0 (153807662)|ENTERING_MANAGED_PKG|tdc_tsw
23:24:06.0 (154038338)|ENTERING_MANAGED_PKG|tdc_tsw
23:24:06.0 (154483122)|ENTERING_MANAGED_PKG|tdc_tsw
23:24:06.0 (155591395)|ENTERING_MANAGED_PKG|tdc_tsw
23:24:06.0 (156341004)|ENTERING_MANAGED_PKG|tdc_tsw
23:24:06.0 (156576750)|ENTERING_MANAGED_PKG|tdc_tsw
23:24:06.0 (156973279)|ENTERING_MANAGED_PKG|tdc_tsw
23:24:06.0 (158120740)|ENTERING_MANAGED_PKG|tdc_tsw
23:24:06.0 (158908954)|ENTERING_MANAGED_PKG|tdc_tsw
23:24:06.0 (159138497)|ENTERING_MANAGED_PKG|tdc_tsw
23:24:06.0 (159554684)|ENTERING_MANAGED_PKG|tdc_tsw
23:24:06.0 (160681812)|ENTERING_MANAGED_PKG|tdc_tsw
23:24:06.0 (161516807)|ENTERING_MANAGED_PKG|tdc_tsw
23:24:06.0 (161759321)|ENTERING_MANAGED_PKG|tdc_tsw
23:24:06.0 (162154577)|ENTERING_MANAGED_PKG|tdc_tsw
23:24:06.0 (163281034)|ENTERING_MANAGED_PKG|tdc_tsw
23:24:06.0 (164046508)|ENTERING_MANAGED_PKG|tdc_tsw
23:24:06.0 (164277775)|ENTERING_MANAGED_PKG|tdc_tsw
23:24:06.0 (164685419)|ENTERING_MANAGED_PKG|tdc_tsw
23:24:06.0 (165797059)|ENTERING_MANAGED_PKG|tdc_tsw
23:24:06.0 (166540229)|ENTERING_MANAGED_PKG|tdc_tsw
23:24:06.0 (166777101)|ENTERING_MANAGED_PKG|tdc_tsw
23:24:06.0 (167177447)|ENTERING_MANAGED_PKG|tdc_tsw
23:24:06.0 (168259624)|ENTERING_MANAGED_PKG|tdc_tsw
23:24:06.0 (169015151)|ENTERING_MANAGED_PKG|tdc_tsw
23:24:06.0 (169244765)|ENTERING_MANAGED_PKG|tdc_tsw
23:24:06.0 (169651939)|ENTERING_MANAGED_PKG|tdc_tsw
23:24:06.0 (170733729)|ENTERING_MANAGED_PKG|tdc_tsw
23:24:06.0 (171475333)|ENTERING_MANAGED_PKG|tdc_tsw
23:24:06.0 (171715896)|ENTERING_MANAGED_PKG|tdc_tsw
23:24:06.0 (172109860)|ENTERING_MANAGED_PKG|tdc_tsw
23:24:06.0 (173191002)|ENTERING_MANAGED_PKG|tdc_tsw
23:24:06.0 (173978052)|ENTERING_MANAGED_PKG|tdc_tsw
23:24:06.0 (174223064)|ENTERING_MANAGED_PKG|tdc_tsw
23:24:06.0 (174723668)|ENTERING_MANAGED_PKG|tdc_tsw
23:24:06.0 (175875408)|ENTERING_MANAGED_PKG|tdc_tsw
23:24:06.0 (176630392)|ENTERING_MANAGED_PKG|tdc_tsw
23:24:06.0 (176860385)|ENTERING_MANAGED_PKG|tdc_tsw
23:24:06.0 (177256502)|ENTERING_MANAGED_PKG|tdc_tsw
23:24:06.0 (178340172)|ENTERING_MANAGED_PKG|tdc_tsw
23:24:06.0 (179130448)|ENTERING_MANAGED_PKG|tdc_tsw
23:24:06.0 (179362642)|ENTERING_MANAGED_PKG|tdc_tsw
23:24:06.0 (179767547)|ENTERING_MANAGED_PKG|tdc_tsw
23:24:06.0 (180846380)|ENTERING_MANAGED_PKG|tdc_tsw
23:24:06.0 (181592839)|ENTERING_MANAGED_PKG|tdc_tsw
23:24:06.0 (181824876)|ENTERING_MANAGED_PKG|tdc_tsw
23:24:06.0 (182218651)|ENTERING_MANAGED_PKG|tdc_tsw
23:24:06.0 (183303084)|ENTERING_MANAGED_PKG|tdc_tsw
23:24:06.0 (184080483)|ENTERING_MANAGED_PKG|tdc_tsw
23:24:06.0 (184312964)|ENTERING_MANAGED_PKG|tdc_tsw
23:24:06.0 (184736776)|ENTERING_MANAGED_PKG|tdc_tsw
23:24:06.0 (185907756)|ENTERING_MANAGED_PKG|tdc_tsw
23:24:06.0 (186708431)|ENTERING_MANAGED_PKG|tdc_tsw
23:24:06.0 (186949849)|ENTERING_MANAGED_PKG|tdc_tsw
23:24:06.0 (187373938)|ENTERING_MANAGED_PKG|tdc_tsw
23:24:06.0 (188523678)|ENTERING_MANAGED_PKG|tdc_tsw
23:24:06.0 (189330362)|ENTERING_MANAGED_PKG|tdc_tsw
23:24:06.0 (189565941)|ENTERING_MANAGED_PKG|tdc_tsw
23:24:06.0 (189968745)|ENTERING_MANAGED_PKG|tdc_tsw
23:24:06.0 (191054693)|ENTERING_MANAGED_PKG|tdc_tsw
23:24:06.0 (191805327)|ENTERING_MANAGED_PKG|tdc_tsw
23:24:06.0 (192035013)|ENTERING_MANAGED_PKG|tdc_tsw
23:24:06.0 (192431649)|ENTERING_MANAGED_PKG|tdc_tsw
23:24:06.0 (193517050)|ENTERING_MANAGED_PKG|tdc_tsw
23:24:06.0 (194273882)|ENTERING_MANAGED_PKG|tdc_tsw
23:24:06.0 (194480837)|ENTERING_MANAGED_PKG|tdc_tsw
23:24:06.0 (194882776)|ENTERING_MANAGED_PKG|tdc_tsw
23:24:06.0 (195978226)|ENTERING_MANAGED_PKG|tdc_tsw
23:24:06.0 (196738807)|ENTERING_MANAGED_PKG|tdc_tsw
23:24:06.0 (196970288)|ENTERING_MANAGED_PKG|tdc_tsw
23:24:06.0 (197397285)|ENTERING_MANAGED_PKG|tdc_tsw
23:24:06.0 (198484996)|ENTERING_MANAGED_PKG|tdc_tsw
23:24:06.0 (199243486)|ENTERING_MANAGED_PKG|tdc_tsw
23:24:06.0 (199475375)|ENTERING_MANAGED_PKG|tdc_tsw
23:24:06.0 (199886248)|ENTERING_MANAGED_PKG|tdc_tsw
23:24:06.0 (202203639)|ENTERING_MANAGED_PKG|tdc_tsw
23:24:06.0 (203103004)|ENTERING_MANAGED_PKG|tdc_tsw
23:24:06.0 (203202073)|ENTERING_MANAGED_PKG|tdc_tsw
23:24:06.0 (203916654)|SOQL_EXECUTE_BEGIN|[200]|Aggregations:0|SELECT Name, NamespacePrefix, SystemModStamp FROM StaticResource WHERE Name LIKE :tmpVar1 LIMIT 10
23:24:06.0 (207438926)|SOQL_EXECUTE_END|[200]|Rows:1
23:24:06.0 (208369710)|ENTERING_MANAGED_PKG|tdc_tsw
23:24:06.0 (208791742)|SOQL_EXECUTE_BEGIN|[200]|Aggregations:0|SELECT Name, NamespacePrefix, SystemModStamp FROM StaticResource WHERE Name LIKE :tmpVar1 LIMIT 10
23:24:06.0 (211217230)|SOQL_EXECUTE_END|[200]|Rows:1
23:24:06.0 (211928004)|ENTERING_MANAGED_PKG|tdc_tsw
23:24:06.0 (218776260)|ENTERING_MANAGED_PKG|tdc_tsw
23:24:06.0 (220686122)|ENTERING_MANAGED_PKG|tdc_tsw
23:24:06.0 (221026649)|ENTERING_MANAGED_PKG|tdc_tsw
23:24:06.0 (221993316)|ENTERING_MANAGED_PKG|tdc_tsw
23:24:06.0 (222461822)|SOQL_EXECUTE_BEGIN|[200]|Aggregations:0|SELECT Name, NamespacePrefix, SystemModStamp FROM StaticResource WHERE Name LIKE :tmpVar1 LIMIT 10
23:24:06.0 (225354760)|SOQL_EXECUTE_END|[200]|Rows:1
23:24:06.267 (267246572)|USER_INFO|[EXTERNAL]|0051H000009gxp8|chanida.dev2@solvedbysoftwareco.com|Eastern Standard Time|GMT-05:00
23:24:06.267 (268935541)|ENTERING_MANAGED_PKG|tdc_tsw
23:24:06.267 (269222464)|ENTERING_MANAGED_PKG|tdc_tsw
23:24:06.267 (273678383)|SOQL_EXECUTE_BEGIN|[355]|Aggregations:0|SELECT id, name, Disable_Incoming_SMS_Sharing__c FROM User WHERE id = :tmpVar1
23:24:06.267 (282555599)|SOQL_EXECUTE_END|[355]|Rows:1
23:24:06.267 (283873480)|SOQL_EXECUTE_BEGIN|[367]|Aggregations:0|SELECT CreatedDate,Id,LastModifiedDate,Related_Object_Id__c FROM Message__c WHERE Name = 'Incoming' AND Read__c = false ORDER BY CreatedDate Desc limit 100
23:24:06.267 (293216825)|SOQL_EXECUTE_END|[367]|Rows:100
