44.0 APEX_CODE,FINEST;APEX_PROFILING,INFO;CALLOUT,INFO;DB,INFO;NBA,INFO;SYSTEM,DEBUG;VALIDATION,INFO;VISUALFORCE,INFO;WAVE,INFO;WORKFLOW,INFO
10:50:00.0 (159293)|USER_INFO|[EXTERNAL]|0051H000009gxp8|chanida.dev2@solvedbysoftwareco.com|Eastern Standard Time|GMT-05:00
10:50:00.0 (2085380)|ENTERING_MANAGED_PKG|tdc_tsw
10:50:00.0 (2442574)|ENTERING_MANAGED_PKG|tdc_tsw
10:50:00.0 (5834143)|SOQL_EXECUTE_BEGIN|[16]|Aggregations:0|SELECT id, name, Disable_Incoming_SMS_Sharing__c FROM User WHERE id = :tmpVar1
10:50:00.0 (15539669)|SOQL_EXECUTE_END|[16]|Rows:1
10:50:00.0 (20891387)|SOQL_EXECUTE_BEGIN|[37]|Aggregations:0|SELECT CreatedDate,Created_Date__c,Id,LastModifiedDate,MessageId__c,Message_Text_New__c,Name,OwnerId,Read__c,Related_Object_Id__c,Related_Object__c,Sender_Number__c, Sender_Name__c,ToNumber__c,Attachments_Ids__c FROM Message__c WHERE Name = 'Incoming' AND Read__c = false ORDER BY CreatedDate Desc limit 100
10:50:00.0 (40295915)|SOQL_EXECUTE_END|[37]|Rows:100
10:50:00.0 (59195093)|ENTERING_MANAGED_PKG|tdc_tsw
10:50:00.0 (60866516)|ENTERING_MANAGED_PKG|tdc_tsw
10:50:00.0 (61325409)|ENTERING_MANAGED_PKG|tdc_tsw
10:50:00.0 (62036310)|ENTERING_MANAGED_PKG|tdc_tsw
10:50:00.0 (64641272)|ENTERING_MANAGED_PKG|tdc_tsw
10:50:00.0 (65515225)|ENTERING_MANAGED_PKG|tdc_tsw
10:50:00.0 (65828723)|ENTERING_MANAGED_PKG|tdc_tsw
10:50:00.0 (66295691)|ENTERING_MANAGED_PKG|tdc_tsw
10:50:00.0 (67505389)|ENTERING_MANAGED_PKG|tdc_tsw
10:50:00.0 (68339483)|ENTERING_MANAGED_PKG|tdc_tsw
10:50:00.0 (68564950)|ENTERING_MANAGED_PKG|tdc_tsw
10:50:00.0 (68971165)|ENTERING_MANAGED_PKG|tdc_tsw
10:50:00.0 (70012175)|ENTERING_MANAGED_PKG|tdc_tsw
10:50:00.0 (70721211)|ENTERING_MANAGED_PKG|tdc_tsw
10:50:00.0 (70955182)|ENTERING_MANAGED_PKG|tdc_tsw
10:50:00.0 (71327732)|ENTERING_MANAGED_PKG|tdc_tsw
10:50:00.0 (72370943)|ENTERING_MANAGED_PKG|tdc_tsw
10:50:00.0 (73689698)|ENTERING_MANAGED_PKG|tdc_tsw
10:50:00.0 (74046041)|ENTERING_MANAGED_PKG|tdc_tsw
10:50:00.0 (74674693)|ENTERING_MANAGED_PKG|tdc_tsw
10:50:00.0 (75970529)|ENTERING_MANAGED_PKG|tdc_tsw
10:50:00.0 (76683230)|ENTERING_MANAGED_PKG|tdc_tsw
10:50:00.0 (76919933)|ENTERING_MANAGED_PKG|tdc_tsw
10:50:00.0 (77294993)|ENTERING_MANAGED_PKG|tdc_tsw
10:50:00.0 (78342938)|ENTERING_MANAGED_PKG|tdc_tsw
10:50:00.0 (79185778)|ENTERING_MANAGED_PKG|tdc_tsw
10:50:00.0 (79409560)|ENTERING_MANAGED_PKG|tdc_tsw
10:50:00.0 (79790838)|ENTERING_MANAGED_PKG|tdc_tsw
10:50:00.0 (80835357)|ENTERING_MANAGED_PKG|tdc_tsw
10:50:00.0 (81538278)|ENTERING_MANAGED_PKG|tdc_tsw
10:50:00.0 (81814433)|ENTERING_MANAGED_PKG|tdc_tsw
10:50:00.0 (82250466)|ENTERING_MANAGED_PKG|tdc_tsw
10:50:00.0 (83284516)|ENTERING_MANAGED_PKG|tdc_tsw
10:50:00.0 (84001068)|ENTERING_MANAGED_PKG|tdc_tsw
10:50:00.0 (84223843)|ENTERING_MANAGED_PKG|tdc_tsw
10:50:00.0 (84597190)|ENTERING_MANAGED_PKG|tdc_tsw
10:50:00.0 (85892212)|ENTERING_MANAGED_PKG|tdc_tsw
10:50:00.0 (86607639)|ENTERING_MANAGED_PKG|tdc_tsw
10:50:00.0 (86859671)|ENTERING_MANAGED_PKG|tdc_tsw
10:50:00.0 (87250601)|ENTERING_MANAGED_PKG|tdc_tsw
10:50:00.0 (88327297)|ENTERING_MANAGED_PKG|tdc_tsw
10:50:00.0 (89038310)|ENTERING_MANAGED_PKG|tdc_tsw
10:50:00.0 (89286220)|ENTERING_MANAGED_PKG|tdc_tsw
10:50:00.0 (89709999)|ENTERING_MANAGED_PKG|tdc_tsw
10:50:00.0 (90852738)|ENTERING_MANAGED_PKG|tdc_tsw
10:50:00.0 (91558935)|ENTERING_MANAGED_PKG|tdc_tsw
10:50:00.0 (91870932)|ENTERING_MANAGED_PKG|tdc_tsw
10:50:00.0 (92245407)|ENTERING_MANAGED_PKG|tdc_tsw
10:50:00.0 (93304449)|ENTERING_MANAGED_PKG|tdc_tsw
10:50:00.0 (94114578)|ENTERING_MANAGED_PKG|tdc_tsw
10:50:00.0 (94338471)|ENTERING_MANAGED_PKG|tdc_tsw
10:50:00.0 (94711484)|ENTERING_MANAGED_PKG|tdc_tsw
10:50:00.0 (95782704)|ENTERING_MANAGED_PKG|tdc_tsw
10:50:00.0 (96491036)|ENTERING_MANAGED_PKG|tdc_tsw
10:50:00.0 (96713830)|ENTERING_MANAGED_PKG|tdc_tsw
10:50:00.0 (97151417)|ENTERING_MANAGED_PKG|tdc_tsw
10:50:00.0 (98204088)|ENTERING_MANAGED_PKG|tdc_tsw
10:50:00.0 (98928549)|ENTERING_MANAGED_PKG|tdc_tsw
10:50:00.0 (99150244)|ENTERING_MANAGED_PKG|tdc_tsw
10:50:00.0 (99532383)|ENTERING_MANAGED_PKG|tdc_tsw
10:50:00.0 (100577496)|ENTERING_MANAGED_PKG|tdc_tsw
10:50:00.0 (101307640)|ENTERING_MANAGED_PKG|tdc_tsw
10:50:00.0 (101529945)|ENTERING_MANAGED_PKG|tdc_tsw
10:50:00.0 (101928388)|ENTERING_MANAGED_PKG|tdc_tsw
10:50:00.0 (102959556)|ENTERING_MANAGED_PKG|tdc_tsw
10:50:00.0 (103697607)|ENTERING_MANAGED_PKG|tdc_tsw
10:50:00.0 (103931232)|ENTERING_MANAGED_PKG|tdc_tsw
10:50:00.0 (104361184)|ENTERING_MANAGED_PKG|tdc_tsw
10:50:00.0 (105414365)|ENTERING_MANAGED_PKG|tdc_tsw
10:50:00.0 (106147811)|ENTERING_MANAGED_PKG|tdc_tsw
10:50:00.0 (106370089)|ENTERING_MANAGED_PKG|tdc_tsw
10:50:00.0 (106809551)|ENTERING_MANAGED_PKG|tdc_tsw
10:50:00.0 (107897990)|ENTERING_MANAGED_PKG|tdc_tsw
10:50:00.0 (108610957)|ENTERING_MANAGED_PKG|tdc_tsw
10:50:00.0 (108846256)|ENTERING_MANAGED_PKG|tdc_tsw
10:50:00.0 (109227251)|ENTERING_MANAGED_PKG|tdc_tsw
10:50:00.0 (110268749)|ENTERING_MANAGED_PKG|tdc_tsw
10:50:00.0 (110987273)|ENTERING_MANAGED_PKG|tdc_tsw
10:50:00.0 (111215714)|ENTERING_MANAGED_PKG|tdc_tsw
10:50:00.0 (111597648)|ENTERING_MANAGED_PKG|tdc_tsw
10:50:00.0 (112717492)|ENTERING_MANAGED_PKG|tdc_tsw
10:50:00.0 (113472913)|ENTERING_MANAGED_PKG|tdc_tsw
10:50:00.0 (113694169)|ENTERING_MANAGED_PKG|tdc_tsw
10:50:00.0 (114080325)|ENTERING_MANAGED_PKG|tdc_tsw
10:50:00.0 (115129602)|ENTERING_MANAGED_PKG|tdc_tsw
10:50:00.0 (115925032)|ENTERING_MANAGED_PKG|tdc_tsw
10:50:00.0 (116144790)|ENTERING_MANAGED_PKG|tdc_tsw
10:50:00.0 (116516753)|ENTERING_MANAGED_PKG|tdc_tsw
10:50:00.0 (117599444)|ENTERING_MANAGED_PKG|tdc_tsw
10:50:00.0 (118316555)|ENTERING_MANAGED_PKG|tdc_tsw
10:50:00.0 (118545290)|ENTERING_MANAGED_PKG|tdc_tsw
10:50:00.0 (118931533)|ENTERING_MANAGED_PKG|tdc_tsw
10:50:00.0 (119955114)|ENTERING_MANAGED_PKG|tdc_tsw
10:50:00.0 (120913075)|ENTERING_MANAGED_PKG|tdc_tsw
10:50:00.0 (121136759)|ENTERING_MANAGED_PKG|tdc_tsw
10:50:00.0 (121570244)|ENTERING_MANAGED_PKG|tdc_tsw
10:50:00.0 (122623286)|ENTERING_MANAGED_PKG|tdc_tsw
10:50:00.0 (123340763)|ENTERING_MANAGED_PKG|tdc_tsw
10:50:00.0 (123563550)|ENTERING_MANAGED_PKG|tdc_tsw
10:50:00.0 (123961849)|ENTERING_MANAGED_PKG|tdc_tsw
10:50:00.0 (125086281)|ENTERING_MANAGED_PKG|tdc_tsw
10:50:00.0 (126073568)|ENTERING_MANAGED_PKG|tdc_tsw
10:50:00.0 (126409812)|ENTERING_MANAGED_PKG|tdc_tsw
10:50:00.0 (127005163)|ENTERING_MANAGED_PKG|tdc_tsw
10:50:00.0 (128526004)|ENTERING_MANAGED_PKG|tdc_tsw
10:50:00.0 (129491910)|ENTERING_MANAGED_PKG|tdc_tsw
10:50:00.0 (129797588)|ENTERING_MANAGED_PKG|tdc_tsw
10:50:00.0 (130314148)|ENTERING_MANAGED_PKG|tdc_tsw
10:50:00.0 (131414679)|ENTERING_MANAGED_PKG|tdc_tsw
10:50:00.0 (132163297)|ENTERING_MANAGED_PKG|tdc_tsw
10:50:00.0 (132522665)|ENTERING_MANAGED_PKG|tdc_tsw
10:50:00.0 (132988287)|ENTERING_MANAGED_PKG|tdc_tsw
10:50:00.0 (134037013)|ENTERING_MANAGED_PKG|tdc_tsw
10:50:00.0 (134747995)|ENTERING_MANAGED_PKG|tdc_tsw
10:50:00.0 (134983574)|ENTERING_MANAGED_PKG|tdc_tsw
10:50:00.0 (135364579)|ENTERING_MANAGED_PKG|tdc_tsw
10:50:00.0 (136462491)|ENTERING_MANAGED_PKG|tdc_tsw
10:50:00.0 (137211021)|ENTERING_MANAGED_PKG|tdc_tsw
10:50:00.0 (137435960)|ENTERING_MANAGED_PKG|tdc_tsw
10:50:00.0 (137820151)|ENTERING_MANAGED_PKG|tdc_tsw
10:50:00.0 (138896202)|ENTERING_MANAGED_PKG|tdc_tsw
10:50:00.0 (139606832)|ENTERING_MANAGED_PKG|tdc_tsw
10:50:00.0 (139880634)|ENTERING_MANAGED_PKG|tdc_tsw
10:50:00.0 (140336455)|ENTERING_MANAGED_PKG|tdc_tsw
10:50:00.0 (141532675)|ENTERING_MANAGED_PKG|tdc_tsw
10:50:00.0 (142385547)|ENTERING_MANAGED_PKG|tdc_tsw
10:50:00.0 (142676179)|ENTERING_MANAGED_PKG|tdc_tsw
10:50:00.0 (143070323)|ENTERING_MANAGED_PKG|tdc_tsw
10:50:00.0 (144145903)|ENTERING_MANAGED_PKG|tdc_tsw
10:50:00.0 (144970535)|ENTERING_MANAGED_PKG|tdc_tsw
10:50:00.0 (145228655)|ENTERING_MANAGED_PKG|tdc_tsw
10:50:00.0 (145642599)|ENTERING_MANAGED_PKG|tdc_tsw
10:50:00.0 (146771813)|ENTERING_MANAGED_PKG|tdc_tsw
10:50:00.0 (147536733)|ENTERING_MANAGED_PKG|tdc_tsw
10:50:00.0 (147816544)|ENTERING_MANAGED_PKG|tdc_tsw
10:50:00.0 (148196745)|ENTERING_MANAGED_PKG|tdc_tsw
10:50:00.0 (149251168)|ENTERING_MANAGED_PKG|tdc_tsw
10:50:00.0 (150039228)|ENTERING_MANAGED_PKG|tdc_tsw
10:50:00.0 (150351053)|ENTERING_MANAGED_PKG|tdc_tsw
10:50:00.0 (150731254)|ENTERING_MANAGED_PKG|tdc_tsw
10:50:00.0 (151842830)|ENTERING_MANAGED_PKG|tdc_tsw
10:50:00.0 (152588831)|ENTERING_MANAGED_PKG|tdc_tsw
10:50:00.0 (152833026)|ENTERING_MANAGED_PKG|tdc_tsw
10:50:00.0 (153311713)|ENTERING_MANAGED_PKG|tdc_tsw
10:50:00.0 (154355439)|ENTERING_MANAGED_PKG|tdc_tsw
10:50:00.0 (155111661)|ENTERING_MANAGED_PKG|tdc_tsw
10:50:00.0 (155336215)|ENTERING_MANAGED_PKG|tdc_tsw
10:50:00.0 (155850233)|ENTERING_MANAGED_PKG|tdc_tsw
10:50:00.0 (156931935)|ENTERING_MANAGED_PKG|tdc_tsw
10:50:00.0 (157659794)|ENTERING_MANAGED_PKG|tdc_tsw
10:50:00.0 (157941705)|ENTERING_MANAGED_PKG|tdc_tsw
10:50:00.0 (158369240)|ENTERING_MANAGED_PKG|tdc_tsw
10:50:00.0 (159510364)|ENTERING_MANAGED_PKG|tdc_tsw
10:50:00.0 (160244002)|ENTERING_MANAGED_PKG|tdc_tsw
10:50:00.0 (160472995)|ENTERING_MANAGED_PKG|tdc_tsw
10:50:00.0 (160860960)|ENTERING_MANAGED_PKG|tdc_tsw
10:50:00.0 (161952755)|ENTERING_MANAGED_PKG|tdc_tsw
10:50:00.0 (162792333)|ENTERING_MANAGED_PKG|tdc_tsw
10:50:00.0 (163099693)|ENTERING_MANAGED_PKG|tdc_tsw
10:50:00.0 (163515797)|ENTERING_MANAGED_PKG|tdc_tsw
10:50:00.0 (164612983)|ENTERING_MANAGED_PKG|tdc_tsw
10:50:00.0 (165340661)|ENTERING_MANAGED_PKG|tdc_tsw
10:50:00.0 (165565243)|ENTERING_MANAGED_PKG|tdc_tsw
10:50:00.0 (165970006)|ENTERING_MANAGED_PKG|tdc_tsw
10:50:00.0 (167178703)|ENTERING_MANAGED_PKG|tdc_tsw
10:50:00.0 (167907168)|ENTERING_MANAGED_PKG|tdc_tsw
10:50:00.0 (168158757)|ENTERING_MANAGED_PKG|tdc_tsw
10:50:00.0 (168646489)|ENTERING_MANAGED_PKG|tdc_tsw
10:50:00.0 (169728904)|ENTERING_MANAGED_PKG|tdc_tsw
10:50:00.0 (170547301)|ENTERING_MANAGED_PKG|tdc_tsw
10:50:00.0 (170782786)|ENTERING_MANAGED_PKG|tdc_tsw
10:50:00.0 (171165069)|ENTERING_MANAGED_PKG|tdc_tsw
10:50:00.0 (172235923)|ENTERING_MANAGED_PKG|tdc_tsw
10:50:00.0 (173031101)|ENTERING_MANAGED_PKG|tdc_tsw
10:50:00.0 (173301255)|ENTERING_MANAGED_PKG|tdc_tsw
10:50:00.0 (173676190)|ENTERING_MANAGED_PKG|tdc_tsw
10:50:00.0 (175026038)|ENTERING_MANAGED_PKG|tdc_tsw
10:50:00.0 (175767214)|ENTERING_MANAGED_PKG|tdc_tsw
10:50:00.0 (176000761)|ENTERING_MANAGED_PKG|tdc_tsw
10:50:00.0 (176378291)|ENTERING_MANAGED_PKG|tdc_tsw
10:50:00.0 (177563628)|ENTERING_MANAGED_PKG|tdc_tsw
10:50:00.0 (178295621)|ENTERING_MANAGED_PKG|tdc_tsw
10:50:00.0 (178518966)|ENTERING_MANAGED_PKG|tdc_tsw
10:50:00.0 (178965449)|ENTERING_MANAGED_PKG|tdc_tsw
10:50:00.0 (180231562)|ENTERING_MANAGED_PKG|tdc_tsw
10:50:00.0 (181005075)|ENTERING_MANAGED_PKG|tdc_tsw
10:50:00.0 (181229867)|ENTERING_MANAGED_PKG|tdc_tsw
10:50:00.0 (181754124)|ENTERING_MANAGED_PKG|tdc_tsw
10:50:00.0 (183087745)|ENTERING_MANAGED_PKG|tdc_tsw
10:50:00.0 (183875763)|ENTERING_MANAGED_PKG|tdc_tsw
10:50:00.0 (184102466)|ENTERING_MANAGED_PKG|tdc_tsw
10:50:00.0 (184527502)|ENTERING_MANAGED_PKG|tdc_tsw
10:50:00.0 (185778270)|ENTERING_MANAGED_PKG|tdc_tsw
10:50:00.0 (186595656)|ENTERING_MANAGED_PKG|tdc_tsw
10:50:00.0 (186850131)|ENTERING_MANAGED_PKG|tdc_tsw
10:50:00.0 (187232439)|ENTERING_MANAGED_PKG|tdc_tsw
10:50:00.0 (188330514)|ENTERING_MANAGED_PKG|tdc_tsw
10:50:00.0 (189327167)|ENTERING_MANAGED_PKG|tdc_tsw
10:50:00.0 (189603594)|ENTERING_MANAGED_PKG|tdc_tsw
10:50:00.0 (190055447)|ENTERING_MANAGED_PKG|tdc_tsw
10:50:00.0 (191214800)|ENTERING_MANAGED_PKG|tdc_tsw
10:50:00.0 (191946272)|ENTERING_MANAGED_PKG|tdc_tsw
10:50:00.0 (192200397)|ENTERING_MANAGED_PKG|tdc_tsw
10:50:00.0 (192620463)|ENTERING_MANAGED_PKG|tdc_tsw
10:50:00.0 (193667858)|ENTERING_MANAGED_PKG|tdc_tsw
10:50:00.0 (194402246)|ENTERING_MANAGED_PKG|tdc_tsw
10:50:00.0 (194625760)|ENTERING_MANAGED_PKG|tdc_tsw
10:50:00.0 (195089228)|ENTERING_MANAGED_PKG|tdc_tsw
10:50:00.0 (196321679)|ENTERING_MANAGED_PKG|tdc_tsw
10:50:00.0 (197085481)|ENTERING_MANAGED_PKG|tdc_tsw
10:50:00.0 (197308680)|ENTERING_MANAGED_PKG|tdc_tsw
10:50:00.0 (197681805)|ENTERING_MANAGED_PKG|tdc_tsw
10:50:00.0 (199085973)|ENTERING_MANAGED_PKG|tdc_tsw
10:50:00.0 (199827065)|ENTERING_MANAGED_PKG|tdc_tsw
10:50:00.0 (200048706)|ENTERING_MANAGED_PKG|tdc_tsw
10:50:00.0 (200435373)|ENTERING_MANAGED_PKG|tdc_tsw
10:50:00.0 (201493739)|ENTERING_MANAGED_PKG|tdc_tsw
10:50:00.0 (202209258)|ENTERING_MANAGED_PKG|tdc_tsw
10:50:00.0 (202463542)|ENTERING_MANAGED_PKG|tdc_tsw
10:50:00.0 (202882659)|ENTERING_MANAGED_PKG|tdc_tsw
10:50:00.0 (203916412)|ENTERING_MANAGED_PKG|tdc_tsw
10:50:00.0 (204728757)|ENTERING_MANAGED_PKG|tdc_tsw
10:50:00.0 (204966005)|ENTERING_MANAGED_PKG|tdc_tsw
10:50:00.0 (205338502)|ENTERING_MANAGED_PKG|tdc_tsw
10:50:00.0 (206382881)|ENTERING_MANAGED_PKG|tdc_tsw
10:50:00.0 (207247061)|ENTERING_MANAGED_PKG|tdc_tsw
10:50:00.0 (207471653)|ENTERING_MANAGED_PKG|tdc_tsw
10:50:00.0 (207948392)|ENTERING_MANAGED_PKG|tdc_tsw
10:50:00.0 (209173387)|ENTERING_MANAGED_PKG|tdc_tsw
10:50:00.0 (209911204)|ENTERING_MANAGED_PKG|tdc_tsw
10:50:00.0 (210111171)|ENTERING_MANAGED_PKG|tdc_tsw
10:50:00.0 (210482516)|ENTERING_MANAGED_PKG|tdc_tsw
10:50:00.0 (211571772)|ENTERING_MANAGED_PKG|tdc_tsw
10:50:00.0 (212298762)|ENTERING_MANAGED_PKG|tdc_tsw
10:50:00.0 (212521138)|ENTERING_MANAGED_PKG|tdc_tsw
10:50:00.0 (212914227)|ENTERING_MANAGED_PKG|tdc_tsw
10:50:00.0 (214150098)|ENTERING_MANAGED_PKG|tdc_tsw
10:50:00.0 (215063508)|ENTERING_MANAGED_PKG|tdc_tsw
10:50:00.0 (215153067)|ENTERING_MANAGED_PKG|tdc_tsw
10:50:00.0 (215751572)|SOQL_EXECUTE_BEGIN|[200]|Aggregations:0|SELECT Name, NamespacePrefix, SystemModStamp FROM StaticResource WHERE Name LIKE :tmpVar1 LIMIT 10
10:50:00.0 (219178916)|SOQL_EXECUTE_END|[200]|Rows:1
10:50:00.0 (220031192)|ENTERING_MANAGED_PKG|tdc_tsw
10:50:00.0 (220417514)|SOQL_EXECUTE_BEGIN|[200]|Aggregations:0|SELECT Name, NamespacePrefix, SystemModStamp FROM StaticResource WHERE Name LIKE :tmpVar1 LIMIT 10
10:50:00.0 (223007463)|SOQL_EXECUTE_END|[200]|Rows:1
10:50:00.0 (223652345)|ENTERING_MANAGED_PKG|tdc_tsw
10:50:00.0 (226576414)|ENTERING_MANAGED_PKG|tdc_tsw
10:50:00.0 (227934469)|ENTERING_MANAGED_PKG|tdc_tsw
10:50:00.0 (228365574)|ENTERING_MANAGED_PKG|tdc_tsw
10:50:00.0 (229514947)|ENTERING_MANAGED_PKG|tdc_tsw
10:50:00.0 (230257773)|SOQL_EXECUTE_BEGIN|[200]|Aggregations:0|SELECT Name, NamespacePrefix, SystemModStamp FROM StaticResource WHERE Name LIKE :tmpVar1 LIMIT 10
10:50:00.0 (233761642)|SOQL_EXECUTE_END|[200]|Rows:1
10:50:00.246 (246018342)|USER_INFO|[EXTERNAL]|0051H000009gxp8|chanida.dev2@solvedbysoftwareco.com|Eastern Standard Time|GMT-05:00
10:50:00.246 (247887011)|ENTERING_MANAGED_PKG|tdc_tsw
10:50:00.246 (248118526)|ENTERING_MANAGED_PKG|tdc_tsw
10:50:00.246 (251009854)|SOQL_EXECUTE_BEGIN|[355]|Aggregations:0|SELECT id, name, Disable_Incoming_SMS_Sharing__c FROM User WHERE id = :tmpVar1
10:50:00.246 (259000644)|SOQL_EXECUTE_END|[355]|Rows:1
10:50:00.246 (260392457)|SOQL_EXECUTE_BEGIN|[367]|Aggregations:0|SELECT CreatedDate,Id,LastModifiedDate,Related_Object_Id__c FROM Message__c WHERE Name = 'Incoming' AND Read__c = false ORDER BY CreatedDate Desc limit 100
10:50:00.246 (269927867)|SOQL_EXECUTE_END|[367]|Rows:100
