44.0 APEX_CODE,FINEST;APEX_PROFILING,INFO;CALLOUT,INFO;DB,INFO;NBA,INFO;SYSTEM,DEBUG;VALIDATION,INFO;VISUALFORCE,INFO;WAVE,INFO;WORKFLOW,INFO
17:30:53.0 (169447)|USER_INFO|[EXTERNAL]|0051H000009gxp8|chanida.dev2@solvedbysoftwareco.com|Eastern Standard Time|GMT-05:00
17:30:53.0 (1710186)|ENTERING_MANAGED_PKG|tdc_tsw
17:30:53.0 (2143119)|ENTERING_MANAGED_PKG|tdc_tsw
17:30:53.0 (6041483)|SOQL_EXECUTE_BEGIN|[16]|Aggregations:0|SELECT id, name, Disable_Incoming_SMS_Sharing__c FROM User WHERE id = :tmpVar1
17:30:53.0 (13065917)|SOQL_EXECUTE_END|[16]|Rows:1
17:30:53.0 (18511498)|SOQL_EXECUTE_BEGIN|[37]|Aggregations:0|SELECT CreatedDate,Created_Date__c,Id,LastModifiedDate,MessageId__c,Message_Text_New__c,Name,OwnerId,Read__c,Related_Object_Id__c,Related_Object__c,Sender_Number__c, Sender_Name__c,ToNumber__c,Attachments_Ids__c FROM Message__c WHERE Name = 'Incoming' AND Read__c = false ORDER BY CreatedDate Desc limit 100
17:30:53.0 (28837155)|SOQL_EXECUTE_END|[37]|Rows:14
17:30:53.0 (33131605)|ENTERING_MANAGED_PKG|tdc_tsw
17:30:53.0 (35020327)|ENTERING_MANAGED_PKG|tdc_tsw
17:30:53.0 (35488688)|ENTERING_MANAGED_PKG|tdc_tsw
17:30:53.0 (36223381)|ENTERING_MANAGED_PKG|tdc_tsw
17:30:53.0 (39006678)|ENTERING_MANAGED_PKG|tdc_tsw
17:30:53.0 (39793326)|ENTERING_MANAGED_PKG|tdc_tsw
17:30:53.0 (40056358)|ENTERING_MANAGED_PKG|tdc_tsw
17:30:53.0 (40474846)|ENTERING_MANAGED_PKG|tdc_tsw
17:30:53.0 (41748203)|ENTERING_MANAGED_PKG|tdc_tsw
17:30:53.0 (42412281)|ENTERING_MANAGED_PKG|tdc_tsw
17:30:53.0 (42487810)|ENTERING_MANAGED_PKG|tdc_tsw
17:30:53.0 (43070058)|SOQL_EXECUTE_BEGIN|[200]|Aggregations:0|SELECT Name, NamespacePrefix, SystemModStamp FROM StaticResource WHERE Name LIKE :tmpVar1 LIMIT 10
17:30:53.0 (46060934)|SOQL_EXECUTE_END|[200]|Rows:1
17:30:53.0 (46813883)|ENTERING_MANAGED_PKG|tdc_tsw
17:30:53.0 (47172766)|SOQL_EXECUTE_BEGIN|[200]|Aggregations:0|SELECT Name, NamespacePrefix, SystemModStamp FROM StaticResource WHERE Name LIKE :tmpVar1 LIMIT 10
17:30:53.0 (49346106)|SOQL_EXECUTE_END|[200]|Rows:1
17:30:53.0 (49733886)|ENTERING_MANAGED_PKG|tdc_tsw
17:30:53.0 (53044698)|ENTERING_MANAGED_PKG|tdc_tsw
17:30:53.0 (54591235)|ENTERING_MANAGED_PKG|tdc_tsw
17:30:53.0 (54894270)|ENTERING_MANAGED_PKG|tdc_tsw
17:30:53.0 (55778722)|ENTERING_MANAGED_PKG|tdc_tsw
17:30:53.0 (56177155)|SOQL_EXECUTE_BEGIN|[200]|Aggregations:0|SELECT Name, NamespacePrefix, SystemModStamp FROM StaticResource WHERE Name LIKE :tmpVar1 LIMIT 10
17:30:53.0 (58571651)|SOQL_EXECUTE_END|[200]|Rows:1
17:30:53.63 (63494964)|USER_INFO|[EXTERNAL]|0051H000009gxp8|chanida.dev2@solvedbysoftwareco.com|Eastern Standard Time|GMT-05:00
17:30:53.63 (64933416)|ENTERING_MANAGED_PKG|tdc_tsw
17:30:53.63 (65111564)|ENTERING_MANAGED_PKG|tdc_tsw
17:30:53.63 (67505110)|SOQL_EXECUTE_BEGIN|[355]|Aggregations:0|SELECT id, name, Disable_Incoming_SMS_Sharing__c FROM User WHERE id = :tmpVar1
17:30:53.63 (73464757)|SOQL_EXECUTE_END|[355]|Rows:1
17:30:53.63 (74417987)|SOQL_EXECUTE_BEGIN|[367]|Aggregations:0|SELECT CreatedDate,Id,LastModifiedDate,Related_Object_Id__c FROM Message__c WHERE Name = 'Incoming' AND Read__c = false ORDER BY CreatedDate Desc limit 100
17:30:53.63 (79963002)|SOQL_EXECUTE_END|[367]|Rows:14
