44.0 APEX_CODE,FINEST;APEX_PROFILING,INFO;CALLOUT,INFO;DB,INFO;NBA,INFO;SYSTEM,DEBUG;VALIDATION,INFO;VISUALFORCE,INFO;WAVE,INFO;WORKFLOW,INFO
23:54:41.0 (183401)|USER_INFO|[EXTERNAL]|0051H000009gxp8|chanida.dev2@solvedbysoftwareco.com|Eastern Standard Time|GMT-05:00
23:54:41.0 (2181747)|ENTERING_MANAGED_PKG|tdc_tsw
23:54:41.0 (2801930)|ENTERING_MANAGED_PKG|tdc_tsw
23:54:41.0 (8592735)|SOQL_EXECUTE_BEGIN|[16]|Aggregations:0|SELECT id, name, Disable_Incoming_SMS_Sharing__c FROM User WHERE id = :tmpVar1
23:54:41.0 (21475081)|SOQL_EXECUTE_END|[16]|Rows:1
23:54:41.0 (32135732)|SOQL_EXECUTE_BEGIN|[37]|Aggregations:0|SELECT CreatedDate,Created_Date__c,Id,LastModifiedDate,MessageId__c,Message_Text_New__c,Name,OwnerId,Read__c,Related_Object_Id__c,Related_Object__c,Sender_Number__c, Sender_Name__c,ToNumber__c,Attachments_Ids__c FROM Message__c WHERE Name = 'Incoming' AND Read__c = false ORDER BY CreatedDate Desc limit 100
23:54:41.0 (50886391)|SOQL_EXECUTE_END|[37]|Rows:100
23:54:41.0 (68361889)|ENTERING_MANAGED_PKG|tdc_tsw
23:54:41.0 (70157214)|ENTERING_MANAGED_PKG|tdc_tsw
23:54:41.0 (70828800)|ENTERING_MANAGED_PKG|tdc_tsw
23:54:41.0 (71699774)|ENTERING_MANAGED_PKG|tdc_tsw
23:54:41.0 (74532731)|ENTERING_MANAGED_PKG|tdc_tsw
23:54:41.0 (75345187)|ENTERING_MANAGED_PKG|tdc_tsw
23:54:41.0 (75594233)|ENTERING_MANAGED_PKG|tdc_tsw
23:54:41.0 (75996228)|ENTERING_MANAGED_PKG|tdc_tsw
23:54:41.0 (77089675)|ENTERING_MANAGED_PKG|tdc_tsw
23:54:41.0 (77913637)|ENTERING_MANAGED_PKG|tdc_tsw
23:54:41.0 (78147595)|ENTERING_MANAGED_PKG|tdc_tsw
23:54:41.0 (78553371)|ENTERING_MANAGED_PKG|tdc_tsw
23:54:41.0 (79645639)|ENTERING_MANAGED_PKG|tdc_tsw
23:54:41.0 (80392803)|ENTERING_MANAGED_PKG|tdc_tsw
23:54:41.0 (80636142)|ENTERING_MANAGED_PKG|tdc_tsw
23:54:41.0 (81034206)|ENTERING_MANAGED_PKG|tdc_tsw
23:54:41.0 (82125199)|ENTERING_MANAGED_PKG|tdc_tsw
23:54:41.0 (82893360)|ENTERING_MANAGED_PKG|tdc_tsw
23:54:41.0 (83120535)|ENTERING_MANAGED_PKG|tdc_tsw
23:54:41.0 (83608540)|ENTERING_MANAGED_PKG|tdc_tsw
23:54:41.0 (84801780)|ENTERING_MANAGED_PKG|tdc_tsw
23:54:41.0 (85743010)|ENTERING_MANAGED_PKG|tdc_tsw
23:54:41.0 (86019029)|ENTERING_MANAGED_PKG|tdc_tsw
23:54:41.0 (86411215)|ENTERING_MANAGED_PKG|tdc_tsw
23:54:41.0 (87526644)|ENTERING_MANAGED_PKG|tdc_tsw
23:54:41.0 (88285801)|ENTERING_MANAGED_PKG|tdc_tsw
23:54:41.0 (88522843)|ENTERING_MANAGED_PKG|tdc_tsw
23:54:41.0 (88911286)|ENTERING_MANAGED_PKG|tdc_tsw
23:54:41.0 (90050931)|ENTERING_MANAGED_PKG|tdc_tsw
23:54:41.0 (90823662)|ENTERING_MANAGED_PKG|tdc_tsw
23:54:41.0 (91051954)|ENTERING_MANAGED_PKG|tdc_tsw
23:54:41.0 (91453340)|ENTERING_MANAGED_PKG|tdc_tsw
23:54:41.0 (92537251)|ENTERING_MANAGED_PKG|tdc_tsw
23:54:41.0 (93292587)|ENTERING_MANAGED_PKG|tdc_tsw
23:54:41.0 (93535679)|ENTERING_MANAGED_PKG|tdc_tsw
23:54:41.0 (93991159)|ENTERING_MANAGED_PKG|tdc_tsw
23:54:41.0 (95133993)|ENTERING_MANAGED_PKG|tdc_tsw
23:54:41.0 (95915515)|ENTERING_MANAGED_PKG|tdc_tsw
23:54:41.0 (96144569)|ENTERING_MANAGED_PKG|tdc_tsw
23:54:41.0 (96568968)|ENTERING_MANAGED_PKG|tdc_tsw
23:54:41.0 (97658608)|ENTERING_MANAGED_PKG|tdc_tsw
23:54:41.0 (98869397)|ENTERING_MANAGED_PKG|tdc_tsw
23:54:41.0 (99272998)|ENTERING_MANAGED_PKG|tdc_tsw
23:54:41.0 (100025698)|ENTERING_MANAGED_PKG|tdc_tsw
23:54:41.0 (101977091)|ENTERING_MANAGED_PKG|tdc_tsw
23:54:41.0 (102872251)|ENTERING_MANAGED_PKG|tdc_tsw
23:54:41.0 (103106230)|ENTERING_MANAGED_PKG|tdc_tsw
23:54:41.0 (103509870)|ENTERING_MANAGED_PKG|tdc_tsw
23:54:41.0 (104595101)|ENTERING_MANAGED_PKG|tdc_tsw
23:54:41.0 (105342901)|ENTERING_MANAGED_PKG|tdc_tsw
23:54:41.0 (105580206)|ENTERING_MANAGED_PKG|tdc_tsw
23:54:41.0 (105973235)|ENTERING_MANAGED_PKG|tdc_tsw
23:54:41.0 (107054575)|ENTERING_MANAGED_PKG|tdc_tsw
23:54:41.0 (107813418)|ENTERING_MANAGED_PKG|tdc_tsw
23:54:41.0 (108066325)|ENTERING_MANAGED_PKG|tdc_tsw
23:54:41.0 (108501772)|ENTERING_MANAGED_PKG|tdc_tsw
23:54:41.0 (109607119)|ENTERING_MANAGED_PKG|tdc_tsw
23:54:41.0 (110691992)|ENTERING_MANAGED_PKG|tdc_tsw
23:54:41.0 (110927063)|ENTERING_MANAGED_PKG|tdc_tsw
23:54:41.0 (111331729)|ENTERING_MANAGED_PKG|tdc_tsw
23:54:41.0 (112445773)|ENTERING_MANAGED_PKG|tdc_tsw
23:54:41.0 (113208075)|ENTERING_MANAGED_PKG|tdc_tsw
23:54:41.0 (113447745)|ENTERING_MANAGED_PKG|tdc_tsw
23:54:41.0 (113849049)|ENTERING_MANAGED_PKG|tdc_tsw
23:54:41.0 (114950150)|ENTERING_MANAGED_PKG|tdc_tsw
23:54:41.0 (115757353)|ENTERING_MANAGED_PKG|tdc_tsw
23:54:41.0 (115991319)|ENTERING_MANAGED_PKG|tdc_tsw
23:54:41.0 (116388902)|ENTERING_MANAGED_PKG|tdc_tsw
23:54:41.0 (117517207)|ENTERING_MANAGED_PKG|tdc_tsw
23:54:41.0 (118277905)|ENTERING_MANAGED_PKG|tdc_tsw
23:54:41.0 (118518724)|ENTERING_MANAGED_PKG|tdc_tsw
23:54:41.0 (118917143)|ENTERING_MANAGED_PKG|tdc_tsw
23:54:41.0 (120015537)|ENTERING_MANAGED_PKG|tdc_tsw
23:54:41.0 (120781474)|ENTERING_MANAGED_PKG|tdc_tsw
23:54:41.0 (121011730)|ENTERING_MANAGED_PKG|tdc_tsw
23:54:41.0 (121408067)|ENTERING_MANAGED_PKG|tdc_tsw
23:54:41.0 (122506863)|ENTERING_MANAGED_PKG|tdc_tsw
23:54:41.0 (123263988)|ENTERING_MANAGED_PKG|tdc_tsw
23:54:41.0 (123504481)|ENTERING_MANAGED_PKG|tdc_tsw
23:54:41.0 (123897094)|ENTERING_MANAGED_PKG|tdc_tsw
23:54:41.0 (125124279)|ENTERING_MANAGED_PKG|tdc_tsw
23:54:41.0 (126014551)|ENTERING_MANAGED_PKG|tdc_tsw
23:54:41.0 (126248469)|ENTERING_MANAGED_PKG|tdc_tsw
23:54:41.0 (126653059)|ENTERING_MANAGED_PKG|tdc_tsw
23:54:41.0 (127752295)|ENTERING_MANAGED_PKG|tdc_tsw
23:54:41.0 (128523738)|ENTERING_MANAGED_PKG|tdc_tsw
23:54:41.0 (128747347)|ENTERING_MANAGED_PKG|tdc_tsw
23:54:41.0 (129136791)|ENTERING_MANAGED_PKG|tdc_tsw
23:54:41.0 (130230072)|ENTERING_MANAGED_PKG|tdc_tsw
23:54:41.0 (130996850)|ENTERING_MANAGED_PKG|tdc_tsw
23:54:41.0 (131231094)|ENTERING_MANAGED_PKG|tdc_tsw
23:54:41.0 (131635398)|ENTERING_MANAGED_PKG|tdc_tsw
23:54:41.0 (132731154)|ENTERING_MANAGED_PKG|tdc_tsw
23:54:41.0 (133492493)|ENTERING_MANAGED_PKG|tdc_tsw
23:54:41.0 (133731658)|ENTERING_MANAGED_PKG|tdc_tsw
23:54:41.0 (134125547)|ENTERING_MANAGED_PKG|tdc_tsw
23:54:41.0 (135259703)|ENTERING_MANAGED_PKG|tdc_tsw
23:54:41.0 (136029447)|ENTERING_MANAGED_PKG|tdc_tsw
23:54:41.0 (136264209)|ENTERING_MANAGED_PKG|tdc_tsw
23:54:41.0 (136666167)|ENTERING_MANAGED_PKG|tdc_tsw
23:54:41.0 (137773398)|ENTERING_MANAGED_PKG|tdc_tsw
23:54:41.0 (138545527)|ENTERING_MANAGED_PKG|tdc_tsw
23:54:41.0 (138779839)|ENTERING_MANAGED_PKG|tdc_tsw
23:54:41.0 (139176526)|ENTERING_MANAGED_PKG|tdc_tsw
23:54:41.0 (174074085)|ENTERING_MANAGED_PKG|tdc_tsw
23:54:41.0 (175436001)|ENTERING_MANAGED_PKG|tdc_tsw
23:54:41.0 (175857798)|ENTERING_MANAGED_PKG|tdc_tsw
23:54:41.0 (176619416)|ENTERING_MANAGED_PKG|tdc_tsw
23:54:41.0 (178078890)|ENTERING_MANAGED_PKG|tdc_tsw
23:54:41.0 (178881398)|ENTERING_MANAGED_PKG|tdc_tsw
23:54:41.0 (179122276)|ENTERING_MANAGED_PKG|tdc_tsw
23:54:41.0 (179539768)|ENTERING_MANAGED_PKG|tdc_tsw
23:54:41.0 (180647888)|ENTERING_MANAGED_PKG|tdc_tsw
23:54:41.0 (181410986)|ENTERING_MANAGED_PKG|tdc_tsw
23:54:41.0 (181652507)|ENTERING_MANAGED_PKG|tdc_tsw
23:54:41.0 (182050824)|ENTERING_MANAGED_PKG|tdc_tsw
23:54:41.0 (183306022)|ENTERING_MANAGED_PKG|tdc_tsw
23:54:41.0 (184090664)|ENTERING_MANAGED_PKG|tdc_tsw
23:54:41.0 (184327378)|ENTERING_MANAGED_PKG|tdc_tsw
23:54:41.0 (184757941)|ENTERING_MANAGED_PKG|tdc_tsw
23:54:41.0 (185997070)|ENTERING_MANAGED_PKG|tdc_tsw
23:54:41.0 (186796109)|ENTERING_MANAGED_PKG|tdc_tsw
23:54:41.0 (187094661)|ENTERING_MANAGED_PKG|tdc_tsw
23:54:41.0 (187524729)|ENTERING_MANAGED_PKG|tdc_tsw
23:54:41.0 (189019951)|ENTERING_MANAGED_PKG|tdc_tsw
23:54:41.0 (190042178)|ENTERING_MANAGED_PKG|tdc_tsw
23:54:41.0 (190279461)|ENTERING_MANAGED_PKG|tdc_tsw
23:54:41.0 (190689982)|ENTERING_MANAGED_PKG|tdc_tsw
23:54:41.0 (192467807)|ENTERING_MANAGED_PKG|tdc_tsw
23:54:41.0 (193804240)|ENTERING_MANAGED_PKG|tdc_tsw
23:54:41.0 (194103632)|ENTERING_MANAGED_PKG|tdc_tsw
23:54:41.0 (194519087)|ENTERING_MANAGED_PKG|tdc_tsw
23:54:41.0 (195635495)|ENTERING_MANAGED_PKG|tdc_tsw
23:54:41.0 (196410351)|ENTERING_MANAGED_PKG|tdc_tsw
23:54:41.0 (196652948)|ENTERING_MANAGED_PKG|tdc_tsw
23:54:41.0 (197052198)|ENTERING_MANAGED_PKG|tdc_tsw
23:54:41.0 (198137933)|ENTERING_MANAGED_PKG|tdc_tsw
23:54:41.0 (199027053)|ENTERING_MANAGED_PKG|tdc_tsw
23:54:41.0 (199389883)|ENTERING_MANAGED_PKG|tdc_tsw
23:54:41.0 (200123931)|ENTERING_MANAGED_PKG|tdc_tsw
23:54:41.0 (201856009)|ENTERING_MANAGED_PKG|tdc_tsw
23:54:41.0 (203137795)|ENTERING_MANAGED_PKG|tdc_tsw
23:54:41.0 (203500340)|ENTERING_MANAGED_PKG|tdc_tsw
23:54:41.0 (204205544)|ENTERING_MANAGED_PKG|tdc_tsw
23:54:41.0 (205917312)|ENTERING_MANAGED_PKG|tdc_tsw
23:54:41.0 (206678938)|ENTERING_MANAGED_PKG|tdc_tsw
23:54:41.0 (206902866)|ENTERING_MANAGED_PKG|tdc_tsw
23:54:41.0 (207287273)|ENTERING_MANAGED_PKG|tdc_tsw
23:54:41.0 (208337253)|ENTERING_MANAGED_PKG|tdc_tsw
23:54:41.0 (209072365)|ENTERING_MANAGED_PKG|tdc_tsw
23:54:41.0 (209293472)|ENTERING_MANAGED_PKG|tdc_tsw
23:54:41.0 (209680078)|ENTERING_MANAGED_PKG|tdc_tsw
23:54:41.0 (210768947)|ENTERING_MANAGED_PKG|tdc_tsw
23:54:41.0 (211583626)|ENTERING_MANAGED_PKG|tdc_tsw
23:54:41.0 (211820817)|ENTERING_MANAGED_PKG|tdc_tsw
23:54:41.0 (212490858)|ENTERING_MANAGED_PKG|tdc_tsw
23:54:41.0 (213657944)|ENTERING_MANAGED_PKG|tdc_tsw
23:54:41.0 (214444260)|ENTERING_MANAGED_PKG|tdc_tsw
23:54:41.0 (214683284)|ENTERING_MANAGED_PKG|tdc_tsw
23:54:41.0 (215085323)|ENTERING_MANAGED_PKG|tdc_tsw
23:54:41.0 (216267952)|ENTERING_MANAGED_PKG|tdc_tsw
23:54:41.0 (217223361)|ENTERING_MANAGED_PKG|tdc_tsw
23:54:41.0 (217506934)|ENTERING_MANAGED_PKG|tdc_tsw
23:54:41.0 (217967442)|ENTERING_MANAGED_PKG|tdc_tsw
23:54:41.0 (219873003)|ENTERING_MANAGED_PKG|tdc_tsw
23:54:41.0 (220993786)|ENTERING_MANAGED_PKG|tdc_tsw
23:54:41.0 (221311570)|ENTERING_MANAGED_PKG|tdc_tsw
23:54:41.0 (221802410)|ENTERING_MANAGED_PKG|tdc_tsw
23:54:41.0 (223480760)|ENTERING_MANAGED_PKG|tdc_tsw
23:54:41.0 (224802884)|ENTERING_MANAGED_PKG|tdc_tsw
23:54:41.0 (225206931)|ENTERING_MANAGED_PKG|tdc_tsw
23:54:41.0 (225666079)|ENTERING_MANAGED_PKG|tdc_tsw
23:54:41.0 (226806377)|ENTERING_MANAGED_PKG|tdc_tsw
23:54:41.0 (227590810)|ENTERING_MANAGED_PKG|tdc_tsw
23:54:41.0 (227827353)|ENTERING_MANAGED_PKG|tdc_tsw
23:54:41.0 (228229569)|ENTERING_MANAGED_PKG|tdc_tsw
23:54:41.0 (229324935)|ENTERING_MANAGED_PKG|tdc_tsw
23:54:41.0 (230103069)|ENTERING_MANAGED_PKG|tdc_tsw
23:54:41.0 (230337713)|ENTERING_MANAGED_PKG|tdc_tsw
23:54:41.0 (230918758)|ENTERING_MANAGED_PKG|tdc_tsw
23:54:41.0 (232894188)|ENTERING_MANAGED_PKG|tdc_tsw
23:54:41.0 (234248655)|ENTERING_MANAGED_PKG|tdc_tsw
23:54:41.0 (234973382)|ENTERING_MANAGED_PKG|tdc_tsw
23:54:41.0 (235652445)|ENTERING_MANAGED_PKG|tdc_tsw
23:54:41.0 (237256590)|ENTERING_MANAGED_PKG|tdc_tsw
23:54:41.0 (238403489)|ENTERING_MANAGED_PKG|tdc_tsw
23:54:41.0 (238688091)|ENTERING_MANAGED_PKG|tdc_tsw
23:54:41.0 (239093324)|ENTERING_MANAGED_PKG|tdc_tsw
23:54:41.0 (240557807)|ENTERING_MANAGED_PKG|tdc_tsw
23:54:41.0 (241885753)|ENTERING_MANAGED_PKG|tdc_tsw
23:54:41.0 (242299064)|ENTERING_MANAGED_PKG|tdc_tsw
23:54:41.0 (242933626)|ENTERING_MANAGED_PKG|tdc_tsw
23:54:41.0 (244033353)|ENTERING_MANAGED_PKG|tdc_tsw
23:54:41.0 (244832616)|ENTERING_MANAGED_PKG|tdc_tsw
23:54:41.0 (245202119)|ENTERING_MANAGED_PKG|tdc_tsw
23:54:41.0 (245693340)|ENTERING_MANAGED_PKG|tdc_tsw
23:54:41.0 (246946762)|ENTERING_MANAGED_PKG|tdc_tsw
23:54:41.0 (247820243)|ENTERING_MANAGED_PKG|tdc_tsw
23:54:41.0 (248071339)|ENTERING_MANAGED_PKG|tdc_tsw
23:54:41.0 (248464848)|ENTERING_MANAGED_PKG|tdc_tsw
23:54:41.0 (249738084)|ENTERING_MANAGED_PKG|tdc_tsw
23:54:41.0 (250770202)|ENTERING_MANAGED_PKG|tdc_tsw
23:54:41.0 (251070564)|ENTERING_MANAGED_PKG|tdc_tsw
23:54:41.0 (251599368)|ENTERING_MANAGED_PKG|tdc_tsw
23:54:41.0 (252866950)|ENTERING_MANAGED_PKG|tdc_tsw
23:54:41.0 (253644232)|ENTERING_MANAGED_PKG|tdc_tsw
23:54:41.0 (253880337)|ENTERING_MANAGED_PKG|tdc_tsw
23:54:41.0 (254283279)|ENTERING_MANAGED_PKG|tdc_tsw
23:54:41.0 (255881484)|ENTERING_MANAGED_PKG|tdc_tsw
23:54:41.0 (256737654)|ENTERING_MANAGED_PKG|tdc_tsw
23:54:41.0 (256975024)|ENTERING_MANAGED_PKG|tdc_tsw
23:54:41.0 (257379382)|ENTERING_MANAGED_PKG|tdc_tsw
23:54:41.0 (258696720)|ENTERING_MANAGED_PKG|tdc_tsw
23:54:41.0 (259670135)|ENTERING_MANAGED_PKG|tdc_tsw
23:54:41.0 (259884928)|ENTERING_MANAGED_PKG|tdc_tsw
23:54:41.0 (260287722)|ENTERING_MANAGED_PKG|tdc_tsw
23:54:41.0 (261402621)|ENTERING_MANAGED_PKG|tdc_tsw
23:54:41.0 (262432342)|ENTERING_MANAGED_PKG|tdc_tsw
23:54:41.0 (262757678)|ENTERING_MANAGED_PKG|tdc_tsw
23:54:41.0 (263267290)|ENTERING_MANAGED_PKG|tdc_tsw
23:54:41.0 (264797028)|ENTERING_MANAGED_PKG|tdc_tsw
23:54:41.0 (265715758)|ENTERING_MANAGED_PKG|tdc_tsw
23:54:41.0 (265791598)|ENTERING_MANAGED_PKG|tdc_tsw
23:54:41.0 (266348638)|SOQL_EXECUTE_BEGIN|[200]|Aggregations:0|SELECT Name, NamespacePrefix, SystemModStamp FROM StaticResource WHERE Name LIKE :tmpVar1 LIMIT 10
23:54:41.0 (269362403)|SOQL_EXECUTE_END|[200]|Rows:1
23:54:41.0 (270196396)|ENTERING_MANAGED_PKG|tdc_tsw
23:54:41.0 (270594041)|SOQL_EXECUTE_BEGIN|[200]|Aggregations:0|SELECT Name, NamespacePrefix, SystemModStamp FROM StaticResource WHERE Name LIKE :tmpVar1 LIMIT 10
23:54:41.0 (272978615)|SOQL_EXECUTE_END|[200]|Rows:1
23:54:41.0 (273413418)|ENTERING_MANAGED_PKG|tdc_tsw
23:54:41.0 (277084076)|ENTERING_MANAGED_PKG|tdc_tsw
23:54:41.0 (278965911)|ENTERING_MANAGED_PKG|tdc_tsw
23:54:41.0 (279374263)|ENTERING_MANAGED_PKG|tdc_tsw
23:54:41.0 (280298549)|ENTERING_MANAGED_PKG|tdc_tsw
23:54:41.0 (280842887)|SOQL_EXECUTE_BEGIN|[200]|Aggregations:0|SELECT Name, NamespacePrefix, SystemModStamp FROM StaticResource WHERE Name LIKE :tmpVar1 LIMIT 10
23:54:41.0 (283148084)|SOQL_EXECUTE_END|[200]|Rows:1
23:54:41.294 (294963112)|USER_INFO|[EXTERNAL]|0051H000009gxp8|chanida.dev2@solvedbysoftwareco.com|Eastern Standard Time|GMT-05:00
23:54:41.294 (296388459)|ENTERING_MANAGED_PKG|tdc_tsw
23:54:41.294 (296610477)|ENTERING_MANAGED_PKG|tdc_tsw
23:54:41.294 (299603492)|SOQL_EXECUTE_BEGIN|[355]|Aggregations:0|SELECT id, name, Disable_Incoming_SMS_Sharing__c FROM User WHERE id = :tmpVar1
23:54:41.294 (305873686)|SOQL_EXECUTE_END|[355]|Rows:1
23:54:41.294 (306953082)|SOQL_EXECUTE_BEGIN|[367]|Aggregations:0|SELECT CreatedDate,Id,LastModifiedDate,Related_Object_Id__c FROM Message__c WHERE Name = 'Incoming' AND Read__c = false ORDER BY CreatedDate Desc limit 100
23:54:41.294 (317798579)|SOQL_EXECUTE_END|[367]|Rows:100
