44.0 APEX_CODE,FINEST;APEX_PROFILING,INFO;CALLOUT,INFO;DB,INFO;NBA,INFO;SYSTEM,DEBUG;VALIDATION,INFO;VISUALFORCE,INFO;WAVE,INFO;WORKFLOW,INFO
16:19:15.0 (630545)|USER_INFO|[EXTERNAL]|0051H000009gxp8|chanida.dev2@solvedbysoftwareco.com|Eastern Standard Time|GMT-05:00
16:19:15.0 (3589607)|ENTERING_MANAGED_PKG|tdc_tsw
16:19:15.0 (3955523)|ENTERING_MANAGED_PKG|tdc_tsw
16:19:15.0 (9461912)|SOQL_EXECUTE_BEGIN|[16]|Aggregations:0|SELECT id, name, Disable_Incoming_SMS_Sharing__c FROM User WHERE id = :tmpVar1
16:19:15.0 (17830630)|SOQL_EXECUTE_END|[16]|Rows:1
16:19:15.0 (27386273)|SOQL_EXECUTE_BEGIN|[37]|Aggregations:0|SELECT CreatedDate,Created_Date__c,Id,LastModifiedDate,MessageId__c,Message_Text_New__c,Name,OwnerId,Read__c,Related_Object_Id__c,Related_Object__c,Sender_Number__c, Sender_Name__c,ToNumber__c,Attachments_Ids__c FROM Message__c WHERE Name = 'Incoming' AND Read__c = false ORDER BY CreatedDate Desc limit 100
16:19:15.0 (50472585)|SOQL_EXECUTE_END|[37]|Rows:100
16:19:15.0 (67831601)|ENTERING_MANAGED_PKG|tdc_tsw
16:19:15.0 (69567356)|ENTERING_MANAGED_PKG|tdc_tsw
16:19:15.0 (70050446)|ENTERING_MANAGED_PKG|tdc_tsw
16:19:15.0 (70691877)|ENTERING_MANAGED_PKG|tdc_tsw
16:19:15.0 (73195674)|ENTERING_MANAGED_PKG|tdc_tsw
16:19:15.0 (73967632)|ENTERING_MANAGED_PKG|tdc_tsw
16:19:15.0 (74182292)|ENTERING_MANAGED_PKG|tdc_tsw
16:19:15.0 (74585134)|ENTERING_MANAGED_PKG|tdc_tsw
16:19:15.0 (75745285)|ENTERING_MANAGED_PKG|tdc_tsw
16:19:15.0 (76495335)|ENTERING_MANAGED_PKG|tdc_tsw
16:19:15.0 (76726931)|ENTERING_MANAGED_PKG|tdc_tsw
16:19:15.0 (77122043)|ENTERING_MANAGED_PKG|tdc_tsw
16:19:15.0 (78195941)|ENTERING_MANAGED_PKG|tdc_tsw
16:19:15.0 (79270821)|ENTERING_MANAGED_PKG|tdc_tsw
16:19:15.0 (79500276)|ENTERING_MANAGED_PKG|tdc_tsw
16:19:15.0 (79887436)|ENTERING_MANAGED_PKG|tdc_tsw
16:19:15.0 (80973396)|ENTERING_MANAGED_PKG|tdc_tsw
16:19:15.0 (81750245)|ENTERING_MANAGED_PKG|tdc_tsw
16:19:15.0 (82013704)|ENTERING_MANAGED_PKG|tdc_tsw
16:19:15.0 (82420168)|ENTERING_MANAGED_PKG|tdc_tsw
16:19:15.0 (83525254)|ENTERING_MANAGED_PKG|tdc_tsw
16:19:15.0 (84286159)|ENTERING_MANAGED_PKG|tdc_tsw
16:19:15.0 (84517581)|ENTERING_MANAGED_PKG|tdc_tsw
16:19:15.0 (84933756)|ENTERING_MANAGED_PKG|tdc_tsw
16:19:15.0 (86007329)|ENTERING_MANAGED_PKG|tdc_tsw
16:19:15.0 (86733248)|ENTERING_MANAGED_PKG|tdc_tsw
16:19:15.0 (86984270)|ENTERING_MANAGED_PKG|tdc_tsw
16:19:15.0 (87373666)|ENTERING_MANAGED_PKG|tdc_tsw
16:19:15.0 (88457074)|ENTERING_MANAGED_PKG|tdc_tsw
16:19:15.0 (89235727)|ENTERING_MANAGED_PKG|tdc_tsw
16:19:15.0 (89464781)|ENTERING_MANAGED_PKG|tdc_tsw
16:19:15.0 (89876153)|ENTERING_MANAGED_PKG|tdc_tsw
16:19:15.0 (90969990)|ENTERING_MANAGED_PKG|tdc_tsw
16:19:15.0 (91694457)|ENTERING_MANAGED_PKG|tdc_tsw
16:19:15.0 (91930555)|ENTERING_MANAGED_PKG|tdc_tsw
16:19:15.0 (92313076)|ENTERING_MANAGED_PKG|tdc_tsw
16:19:15.0 (93395507)|ENTERING_MANAGED_PKG|tdc_tsw
16:19:15.0 (94123258)|ENTERING_MANAGED_PKG|tdc_tsw
16:19:15.0 (94352134)|ENTERING_MANAGED_PKG|tdc_tsw
16:19:15.0 (94750141)|ENTERING_MANAGED_PKG|tdc_tsw
16:19:15.0 (95809595)|ENTERING_MANAGED_PKG|tdc_tsw
16:19:15.0 (96552806)|ENTERING_MANAGED_PKG|tdc_tsw
16:19:15.0 (96784177)|ENTERING_MANAGED_PKG|tdc_tsw
16:19:15.0 (97181333)|ENTERING_MANAGED_PKG|tdc_tsw
16:19:15.0 (98260800)|ENTERING_MANAGED_PKG|tdc_tsw
16:19:15.0 (99015466)|ENTERING_MANAGED_PKG|tdc_tsw
16:19:15.0 (99242026)|ENTERING_MANAGED_PKG|tdc_tsw
16:19:15.0 (99623847)|ENTERING_MANAGED_PKG|tdc_tsw
16:19:15.0 (100686488)|ENTERING_MANAGED_PKG|tdc_tsw
16:19:15.0 (101683928)|ENTERING_MANAGED_PKG|tdc_tsw
16:19:15.0 (101946854)|ENTERING_MANAGED_PKG|tdc_tsw
16:19:15.0 (102366277)|ENTERING_MANAGED_PKG|tdc_tsw
16:19:15.0 (103535696)|ENTERING_MANAGED_PKG|tdc_tsw
16:19:15.0 (104289207)|ENTERING_MANAGED_PKG|tdc_tsw
16:19:15.0 (104518435)|ENTERING_MANAGED_PKG|tdc_tsw
16:19:15.0 (104917242)|ENTERING_MANAGED_PKG|tdc_tsw
16:19:15.0 (105976495)|ENTERING_MANAGED_PKG|tdc_tsw
16:19:15.0 (106696345)|ENTERING_MANAGED_PKG|tdc_tsw
16:19:15.0 (106932190)|ENTERING_MANAGED_PKG|tdc_tsw
16:19:15.0 (107319721)|ENTERING_MANAGED_PKG|tdc_tsw
16:19:15.0 (108378630)|ENTERING_MANAGED_PKG|tdc_tsw
16:19:15.0 (109106941)|ENTERING_MANAGED_PKG|tdc_tsw
16:19:15.0 (109332821)|ENTERING_MANAGED_PKG|tdc_tsw
16:19:15.0 (109713737)|ENTERING_MANAGED_PKG|tdc_tsw
16:19:15.0 (110767181)|ENTERING_MANAGED_PKG|tdc_tsw
16:19:15.0 (111485917)|ENTERING_MANAGED_PKG|tdc_tsw
16:19:15.0 (111712132)|ENTERING_MANAGED_PKG|tdc_tsw
16:19:15.0 (112108019)|ENTERING_MANAGED_PKG|tdc_tsw
16:19:15.0 (113167565)|ENTERING_MANAGED_PKG|tdc_tsw
16:19:15.0 (113882067)|ENTERING_MANAGED_PKG|tdc_tsw
16:19:15.0 (114106701)|ENTERING_MANAGED_PKG|tdc_tsw
16:19:15.0 (114488601)|ENTERING_MANAGED_PKG|tdc_tsw
16:19:15.0 (115539254)|ENTERING_MANAGED_PKG|tdc_tsw
16:19:15.0 (116251922)|ENTERING_MANAGED_PKG|tdc_tsw
16:19:15.0 (116477655)|ENTERING_MANAGED_PKG|tdc_tsw
16:19:15.0 (116865097)|ENTERING_MANAGED_PKG|tdc_tsw
16:19:15.0 (117917933)|ENTERING_MANAGED_PKG|tdc_tsw
16:19:15.0 (118631804)|ENTERING_MANAGED_PKG|tdc_tsw
16:19:15.0 (118864614)|ENTERING_MANAGED_PKG|tdc_tsw
16:19:15.0 (119243696)|ENTERING_MANAGED_PKG|tdc_tsw
16:19:15.0 (120293689)|ENTERING_MANAGED_PKG|tdc_tsw
16:19:15.0 (121041645)|ENTERING_MANAGED_PKG|tdc_tsw
16:19:15.0 (121267933)|ENTERING_MANAGED_PKG|tdc_tsw
16:19:15.0 (121647137)|ENTERING_MANAGED_PKG|tdc_tsw
16:19:15.0 (122707589)|ENTERING_MANAGED_PKG|tdc_tsw
16:19:15.0 (123435168)|ENTERING_MANAGED_PKG|tdc_tsw
16:19:15.0 (123661185)|ENTERING_MANAGED_PKG|tdc_tsw
16:19:15.0 (124048405)|ENTERING_MANAGED_PKG|tdc_tsw
16:19:15.0 (125098394)|ENTERING_MANAGED_PKG|tdc_tsw
16:19:15.0 (125822783)|ENTERING_MANAGED_PKG|tdc_tsw
16:19:15.0 (126048769)|ENTERING_MANAGED_PKG|tdc_tsw
16:19:15.0 (126429483)|ENTERING_MANAGED_PKG|tdc_tsw
16:19:15.0 (127485385)|ENTERING_MANAGED_PKG|tdc_tsw
16:19:15.0 (128199982)|ENTERING_MANAGED_PKG|tdc_tsw
16:19:15.0 (128425268)|ENTERING_MANAGED_PKG|tdc_tsw
16:19:15.0 (128812042)|ENTERING_MANAGED_PKG|tdc_tsw
16:19:15.0 (129875240)|ENTERING_MANAGED_PKG|tdc_tsw
16:19:15.0 (130696207)|ENTERING_MANAGED_PKG|tdc_tsw
16:19:15.0 (130936376)|ENTERING_MANAGED_PKG|tdc_tsw
16:19:15.0 (131314763)|ENTERING_MANAGED_PKG|tdc_tsw
16:19:15.0 (132360113)|ENTERING_MANAGED_PKG|tdc_tsw
16:19:15.0 (133075874)|ENTERING_MANAGED_PKG|tdc_tsw
16:19:15.0 (133300476)|ENTERING_MANAGED_PKG|tdc_tsw
16:19:15.0 (133678629)|ENTERING_MANAGED_PKG|tdc_tsw
16:19:15.0 (134723326)|ENTERING_MANAGED_PKG|tdc_tsw
16:19:15.0 (135447905)|ENTERING_MANAGED_PKG|tdc_tsw
16:19:15.0 (135673621)|ENTERING_MANAGED_PKG|tdc_tsw
16:19:15.0 (136060498)|ENTERING_MANAGED_PKG|tdc_tsw
16:19:15.0 (137109247)|ENTERING_MANAGED_PKG|tdc_tsw
16:19:15.0 (137901117)|ENTERING_MANAGED_PKG|tdc_tsw
16:19:15.0 (138128096)|ENTERING_MANAGED_PKG|tdc_tsw
16:19:15.0 (138508558)|ENTERING_MANAGED_PKG|tdc_tsw
16:19:15.0 (139563987)|ENTERING_MANAGED_PKG|tdc_tsw
16:19:15.0 (140291520)|ENTERING_MANAGED_PKG|tdc_tsw
16:19:15.0 (140518425)|ENTERING_MANAGED_PKG|tdc_tsw
16:19:15.0 (140913939)|ENTERING_MANAGED_PKG|tdc_tsw
16:19:15.0 (141964206)|ENTERING_MANAGED_PKG|tdc_tsw
16:19:15.0 (142672427)|ENTERING_MANAGED_PKG|tdc_tsw
16:19:15.0 (142925924)|ENTERING_MANAGED_PKG|tdc_tsw
16:19:15.0 (143308229)|ENTERING_MANAGED_PKG|tdc_tsw
16:19:15.0 (144363814)|ENTERING_MANAGED_PKG|tdc_tsw
16:19:15.0 (145079628)|ENTERING_MANAGED_PKG|tdc_tsw
16:19:15.0 (145304717)|ENTERING_MANAGED_PKG|tdc_tsw
16:19:15.0 (145683488)|ENTERING_MANAGED_PKG|tdc_tsw
16:19:15.0 (146733337)|ENTERING_MANAGED_PKG|tdc_tsw
16:19:15.0 (147448173)|ENTERING_MANAGED_PKG|tdc_tsw
16:19:15.0 (147673751)|ENTERING_MANAGED_PKG|tdc_tsw
16:19:15.0 (148061308)|ENTERING_MANAGED_PKG|tdc_tsw
16:19:15.0 (149116364)|ENTERING_MANAGED_PKG|tdc_tsw
16:19:15.0 (149829816)|ENTERING_MANAGED_PKG|tdc_tsw
16:19:15.0 (150054746)|ENTERING_MANAGED_PKG|tdc_tsw
16:19:15.0 (150435805)|ENTERING_MANAGED_PKG|tdc_tsw
16:19:15.0 (151482714)|ENTERING_MANAGED_PKG|tdc_tsw
16:19:15.0 (152198879)|ENTERING_MANAGED_PKG|tdc_tsw
16:19:15.0 (152424268)|ENTERING_MANAGED_PKG|tdc_tsw
16:19:15.0 (152803267)|ENTERING_MANAGED_PKG|tdc_tsw
16:19:15.0 (153864734)|ENTERING_MANAGED_PKG|tdc_tsw
16:19:15.0 (154567365)|ENTERING_MANAGED_PKG|tdc_tsw
16:19:15.0 (154792290)|ENTERING_MANAGED_PKG|tdc_tsw
16:19:15.0 (155178345)|ENTERING_MANAGED_PKG|tdc_tsw
16:19:15.0 (156226540)|ENTERING_MANAGED_PKG|tdc_tsw
16:19:15.0 (156944633)|ENTERING_MANAGED_PKG|tdc_tsw
16:19:15.0 (157170366)|ENTERING_MANAGED_PKG|tdc_tsw
16:19:15.0 (157547945)|ENTERING_MANAGED_PKG|tdc_tsw
16:19:15.0 (158604336)|ENTERING_MANAGED_PKG|tdc_tsw
16:19:15.0 (159316047)|ENTERING_MANAGED_PKG|tdc_tsw
16:19:15.0 (159541924)|ENTERING_MANAGED_PKG|tdc_tsw
16:19:15.0 (159929185)|ENTERING_MANAGED_PKG|tdc_tsw
16:19:15.0 (160980154)|ENTERING_MANAGED_PKG|tdc_tsw
16:19:15.0 (161693145)|ENTERING_MANAGED_PKG|tdc_tsw
16:19:15.0 (161927269)|ENTERING_MANAGED_PKG|tdc_tsw
16:19:15.0 (162305311)|ENTERING_MANAGED_PKG|tdc_tsw
16:19:15.0 (163355616)|ENTERING_MANAGED_PKG|tdc_tsw
16:19:15.0 (164067951)|ENTERING_MANAGED_PKG|tdc_tsw
16:19:15.0 (164363139)|ENTERING_MANAGED_PKG|tdc_tsw
16:19:15.0 (164744946)|ENTERING_MANAGED_PKG|tdc_tsw
16:19:15.0 (165802384)|ENTERING_MANAGED_PKG|tdc_tsw
16:19:15.0 (166519036)|ENTERING_MANAGED_PKG|tdc_tsw
16:19:15.0 (166744361)|ENTERING_MANAGED_PKG|tdc_tsw
16:19:15.0 (167132612)|ENTERING_MANAGED_PKG|tdc_tsw
16:19:15.0 (168211776)|ENTERING_MANAGED_PKG|tdc_tsw
16:19:15.0 (168965291)|ENTERING_MANAGED_PKG|tdc_tsw
16:19:15.0 (169203193)|ENTERING_MANAGED_PKG|tdc_tsw
16:19:15.0 (169584231)|ENTERING_MANAGED_PKG|tdc_tsw
16:19:15.0 (170640908)|ENTERING_MANAGED_PKG|tdc_tsw
16:19:15.0 (171363581)|ENTERING_MANAGED_PKG|tdc_tsw
16:19:15.0 (171589478)|ENTERING_MANAGED_PKG|tdc_tsw
16:19:15.0 (172018979)|ENTERING_MANAGED_PKG|tdc_tsw
16:19:15.0 (173071215)|ENTERING_MANAGED_PKG|tdc_tsw
16:19:15.0 (173779523)|ENTERING_MANAGED_PKG|tdc_tsw
16:19:15.0 (174010948)|ENTERING_MANAGED_PKG|tdc_tsw
16:19:15.0 (174391915)|ENTERING_MANAGED_PKG|tdc_tsw
16:19:15.0 (175444226)|ENTERING_MANAGED_PKG|tdc_tsw
16:19:15.0 (176161356)|ENTERING_MANAGED_PKG|tdc_tsw
16:19:15.0 (176385853)|ENTERING_MANAGED_PKG|tdc_tsw
16:19:15.0 (176765804)|ENTERING_MANAGED_PKG|tdc_tsw
16:19:15.0 (177830147)|ENTERING_MANAGED_PKG|tdc_tsw
16:19:15.0 (178541437)|ENTERING_MANAGED_PKG|tdc_tsw
16:19:15.0 (178768561)|ENTERING_MANAGED_PKG|tdc_tsw
16:19:15.0 (179155917)|ENTERING_MANAGED_PKG|tdc_tsw
16:19:15.0 (180207424)|ENTERING_MANAGED_PKG|tdc_tsw
16:19:15.0 (180930872)|ENTERING_MANAGED_PKG|tdc_tsw
16:19:15.0 (181155286)|ENTERING_MANAGED_PKG|tdc_tsw
16:19:15.0 (181534759)|ENTERING_MANAGED_PKG|tdc_tsw
16:19:15.0 (182583370)|ENTERING_MANAGED_PKG|tdc_tsw
16:19:15.0 (183295101)|ENTERING_MANAGED_PKG|tdc_tsw
16:19:15.0 (183520727)|ENTERING_MANAGED_PKG|tdc_tsw
16:19:15.0 (183910212)|ENTERING_MANAGED_PKG|tdc_tsw
16:19:15.0 (184962356)|ENTERING_MANAGED_PKG|tdc_tsw
16:19:15.0 (185672619)|ENTERING_MANAGED_PKG|tdc_tsw
16:19:15.0 (185906998)|ENTERING_MANAGED_PKG|tdc_tsw
16:19:15.0 (186286053)|ENTERING_MANAGED_PKG|tdc_tsw
16:19:15.0 (187333797)|ENTERING_MANAGED_PKG|tdc_tsw
16:19:15.0 (188053148)|ENTERING_MANAGED_PKG|tdc_tsw
16:19:15.0 (188278202)|ENTERING_MANAGED_PKG|tdc_tsw
16:19:15.0 (188655029)|ENTERING_MANAGED_PKG|tdc_tsw
16:19:15.0 (189703172)|ENTERING_MANAGED_PKG|tdc_tsw
16:19:15.0 (190416974)|ENTERING_MANAGED_PKG|tdc_tsw
16:19:15.0 (190641883)|ENTERING_MANAGED_PKG|tdc_tsw
16:19:15.0 (191027563)|ENTERING_MANAGED_PKG|tdc_tsw
16:19:15.0 (192084541)|ENTERING_MANAGED_PKG|tdc_tsw
16:19:15.0 (192790929)|ENTERING_MANAGED_PKG|tdc_tsw
16:19:15.0 (193022180)|ENTERING_MANAGED_PKG|tdc_tsw
16:19:15.0 (193400136)|ENTERING_MANAGED_PKG|tdc_tsw
16:19:15.0 (194446854)|ENTERING_MANAGED_PKG|tdc_tsw
16:19:15.0 (195163779)|ENTERING_MANAGED_PKG|tdc_tsw
16:19:15.0 (195390221)|ENTERING_MANAGED_PKG|tdc_tsw
16:19:15.0 (195768984)|ENTERING_MANAGED_PKG|tdc_tsw
16:19:15.0 (196825276)|ENTERING_MANAGED_PKG|tdc_tsw
16:19:15.0 (197532095)|ENTERING_MANAGED_PKG|tdc_tsw
16:19:15.0 (197760128)|ENTERING_MANAGED_PKG|tdc_tsw
16:19:15.0 (198145804)|ENTERING_MANAGED_PKG|tdc_tsw
16:19:15.0 (199191034)|ENTERING_MANAGED_PKG|tdc_tsw
16:19:15.0 (199908928)|ENTERING_MANAGED_PKG|tdc_tsw
16:19:15.0 (200134929)|ENTERING_MANAGED_PKG|tdc_tsw
16:19:15.0 (200514981)|ENTERING_MANAGED_PKG|tdc_tsw
16:19:15.0 (201568493)|ENTERING_MANAGED_PKG|tdc_tsw
16:19:15.0 (202280455)|ENTERING_MANAGED_PKG|tdc_tsw
16:19:15.0 (202505936)|ENTERING_MANAGED_PKG|tdc_tsw
16:19:15.0 (202891184)|ENTERING_MANAGED_PKG|tdc_tsw
16:19:15.0 (204282161)|ENTERING_MANAGED_PKG|tdc_tsw
16:19:15.0 (205037250)|ENTERING_MANAGED_PKG|tdc_tsw
16:19:15.0 (205281610)|ENTERING_MANAGED_PKG|tdc_tsw
16:19:15.0 (205682777)|ENTERING_MANAGED_PKG|tdc_tsw
16:19:15.0 (207050622)|ENTERING_MANAGED_PKG|tdc_tsw
16:19:15.0 (207962645)|ENTERING_MANAGED_PKG|tdc_tsw
16:19:15.0 (208216893)|ENTERING_MANAGED_PKG|tdc_tsw
16:19:15.0 (208650791)|ENTERING_MANAGED_PKG|tdc_tsw
16:19:15.0 (209779329)|ENTERING_MANAGED_PKG|tdc_tsw
16:19:15.0 (210539828)|ENTERING_MANAGED_PKG|tdc_tsw
16:19:15.0 (210780711)|ENTERING_MANAGED_PKG|tdc_tsw
16:19:15.0 (211192883)|ENTERING_MANAGED_PKG|tdc_tsw
16:19:15.0 (212309650)|ENTERING_MANAGED_PKG|tdc_tsw
16:19:15.0 (213049553)|ENTERING_MANAGED_PKG|tdc_tsw
16:19:15.0 (213276633)|ENTERING_MANAGED_PKG|tdc_tsw
16:19:15.0 (213656117)|ENTERING_MANAGED_PKG|tdc_tsw
16:19:15.0 (214704119)|ENTERING_MANAGED_PKG|tdc_tsw
16:19:15.0 (215428613)|ENTERING_MANAGED_PKG|tdc_tsw
16:19:15.0 (215653459)|ENTERING_MANAGED_PKG|tdc_tsw
16:19:15.0 (216058720)|ENTERING_MANAGED_PKG|tdc_tsw
16:19:15.0 (217109634)|ENTERING_MANAGED_PKG|tdc_tsw
16:19:15.0 (217830596)|ENTERING_MANAGED_PKG|tdc_tsw
16:19:15.0 (218056427)|ENTERING_MANAGED_PKG|tdc_tsw
16:19:15.0 (218436055)|ENTERING_MANAGED_PKG|tdc_tsw
16:19:15.0 (219482046)|ENTERING_MANAGED_PKG|tdc_tsw
16:19:15.0 (220210675)|ENTERING_MANAGED_PKG|tdc_tsw
16:19:15.0 (220436382)|ENTERING_MANAGED_PKG|tdc_tsw
16:19:15.0 (220820885)|ENTERING_MANAGED_PKG|tdc_tsw
16:19:15.0 (221867840)|ENTERING_MANAGED_PKG|tdc_tsw
16:19:15.0 (222577238)|ENTERING_MANAGED_PKG|tdc_tsw
16:19:15.0 (222803452)|ENTERING_MANAGED_PKG|tdc_tsw
16:19:15.0 (223191294)|ENTERING_MANAGED_PKG|tdc_tsw
16:19:15.0 (224236248)|ENTERING_MANAGED_PKG|tdc_tsw
16:19:15.0 (224960011)|ENTERING_MANAGED_PKG|tdc_tsw
16:19:15.0 (225184355)|ENTERING_MANAGED_PKG|tdc_tsw
16:19:15.0 (225564720)|ENTERING_MANAGED_PKG|tdc_tsw
16:19:15.0 (226612396)|ENTERING_MANAGED_PKG|tdc_tsw
16:19:15.0 (227329001)|ENTERING_MANAGED_PKG|tdc_tsw
16:19:15.0 (227553934)|ENTERING_MANAGED_PKG|tdc_tsw
16:19:15.0 (227948960)|ENTERING_MANAGED_PKG|tdc_tsw
16:19:15.0 (232660269)|ENTERING_MANAGED_PKG|tdc_tsw
16:19:15.0 (274556282)|ENTERING_MANAGED_PKG|tdc_tsw
16:19:15.0 (274660919)|ENTERING_MANAGED_PKG|tdc_tsw
16:19:15.0 (275367502)|SOQL_EXECUTE_BEGIN|[200]|Aggregations:0|SELECT Name, NamespacePrefix, SystemModStamp FROM StaticResource WHERE Name LIKE :tmpVar1 LIMIT 10
16:19:15.0 (281225531)|SOQL_EXECUTE_END|[200]|Rows:1
16:19:15.0 (282271572)|ENTERING_MANAGED_PKG|tdc_tsw
16:19:15.0 (282755809)|SOQL_EXECUTE_BEGIN|[200]|Aggregations:0|SELECT Name, NamespacePrefix, SystemModStamp FROM StaticResource WHERE Name LIKE :tmpVar1 LIMIT 10
16:19:15.0 (285810845)|SOQL_EXECUTE_END|[200]|Rows:1
16:19:15.0 (286265887)|ENTERING_MANAGED_PKG|tdc_tsw
16:19:15.0 (290343418)|ENTERING_MANAGED_PKG|tdc_tsw
16:19:15.0 (291882117)|ENTERING_MANAGED_PKG|tdc_tsw
16:19:15.0 (292192065)|ENTERING_MANAGED_PKG|tdc_tsw
16:19:15.0 (293050135)|ENTERING_MANAGED_PKG|tdc_tsw
16:19:15.0 (293510570)|SOQL_EXECUTE_BEGIN|[200]|Aggregations:0|SELECT Name, NamespacePrefix, SystemModStamp FROM StaticResource WHERE Name LIKE :tmpVar1 LIMIT 10
16:19:15.0 (296532745)|SOQL_EXECUTE_END|[200]|Rows:1
16:19:15.308 (308297773)|USER_INFO|[EXTERNAL]|0051H000009gxp8|chanida.dev2@solvedbysoftwareco.com|Eastern Standard Time|GMT-05:00
16:19:15.308 (310188147)|ENTERING_MANAGED_PKG|tdc_tsw
16:19:15.308 (310436463)|ENTERING_MANAGED_PKG|tdc_tsw
16:19:15.308 (313197372)|SOQL_EXECUTE_BEGIN|[355]|Aggregations:0|SELECT id, name, Disable_Incoming_SMS_Sharing__c FROM User WHERE id = :tmpVar1
16:19:15.308 (319832322)|SOQL_EXECUTE_END|[355]|Rows:1
16:19:15.308 (321149745)|SOQL_EXECUTE_BEGIN|[367]|Aggregations:0|SELECT CreatedDate,Id,LastModifiedDate,Related_Object_Id__c FROM Message__c WHERE Name = 'Incoming' AND Read__c = false ORDER BY CreatedDate Desc limit 100
16:19:15.308 (331917670)|SOQL_EXECUTE_END|[367]|Rows:100
