44.0 APEX_CODE,FINEST;APEX_PROFILING,INFO;CALLOUT,INFO;DB,INFO;NBA,INFO;SYSTEM,DEBUG;VALIDATION,INFO;VISUALFORCE,INFO;WAVE,INFO;WORKFLOW,INFO
23:44:52.0 (171636)|USER_INFO|[EXTERNAL]|0051H000009gxp8|chanida.dev2@solvedbysoftwareco.com|Eastern Standard Time|GMT-05:00
23:44:52.0 (2390892)|ENTERING_MANAGED_PKG|tdc_tsw
23:44:52.0 (2542676)|ENTERING_MANAGED_PKG|tdc_tsw
23:44:52.0 (6336336)|ENTERING_MANAGED_PKG|tdc_tsw
23:44:52.0 (6392588)|ENTERING_MANAGED_PKG|tdc_tsw
23:44:52.0 (7078370)|ENTERING_MANAGED_PKG|tdc_tsw
23:44:52.0 (9943355)|ENTERING_MANAGED_PKG|tdc_tsw
23:44:52.0 (11139831)|ENTERING_MANAGED_PKG|tdc_tsw
23:44:52.0 (11748780)|ENTERING_MANAGED_PKG|tdc_tsw
23:44:52.0 (12892759)|ENTERING_MANAGED_PKG|tdc_tsw
23:44:52.0 (18538158)|SOQL_EXECUTE_BEGIN|[82]|Aggregations:0|SELECT CreatedDate, Id,Task_Created__c,Event_Created__c,isCaseCreated__c,Task_Id__c,Event_Id__c,Case__c, Important__c, Delivered__c, Message_Text_New__c, Name, Owner.Name, Read__c,MessageId__c, ToNumber__c, Related_Object_Id__c, Related_Object__c, Sender_Number__c, LastModifiedDate, Attachments_Ids__c FROM Message__c WHERE Contact__c =: recordId ORDER BY CreatedDate Desc limit 200
23:44:52.0 (28774332)|SOQL_EXECUTE_END|[82]|Rows:2
23:44:52.0 (31025012)|ENTERING_MANAGED_PKG|tdc_tsw
23:44:52.0 (31321826)|ENTERING_MANAGED_PKG|tdc_tsw
23:44:52.0 (31401269)|ENTERING_MANAGED_PKG|tdc_tsw
23:44:52.0 (32002667)|SOQL_EXECUTE_BEGIN|[200]|Aggregations:0|SELECT Name, NamespacePrefix, SystemModStamp FROM StaticResource WHERE Name LIKE :tmpVar1 LIMIT 10
23:44:52.0 (34762939)|SOQL_EXECUTE_END|[200]|Rows:1
23:44:52.0 (36675341)|ENTERING_MANAGED_PKG|tdc_tsw
23:44:52.0 (38140250)|ENTERING_MANAGED_PKG|tdc_tsw
23:44:52.0 (38188732)|ENTERING_MANAGED_PKG|tdc_tsw
23:44:52.0 (40199594)|ENTERING_MANAGED_PKG|tdc_tsw
23:44:52.0 (40986345)|ENTERING_MANAGED_PKG|tdc_tsw
23:44:52.0 (45814550)|SOQL_EXECUTE_BEGIN|[172]|Aggregations:0|SELECT id, name FROM ChatTranscript__c WHERE (Chat_Active__c = TRUE AND (Related_Object_Id__c = :tmpVar1 OR Related_Object_Id__c = :tmpVar2)) LIMIT 1
23:44:52.0 (49105415)|SOQL_EXECUTE_END|[172]|Rows:0
23:44:52.0 (49393625)|ENTERING_MANAGED_PKG|tdc_tsw
23:44:52.0 (49435434)|ENTERING_MANAGED_PKG|tdc_tsw
