44.0 APEX_CODE,FINEST;APEX_PROFILING,INFO;CALLOUT,INFO;DB,INFO;NBA,INFO;SYSTEM,DEBUG;VALIDATION,INFO;VISUALFORCE,INFO;WAVE,INFO;WORKFLOW,INFO
23:26:41.0 (131260)|USER_INFO|[EXTERNAL]|0051H000009gxp8|chanida.dev2@solvedbysoftwareco.com|Eastern Standard Time|GMT-05:00
23:26:41.0 (1671676)|ENTERING_MANAGED_PKG|tdc_tsw
23:26:41.0 (2067557)|ENTERING_MANAGED_PKG|tdc_tsw
23:26:41.0 (5420487)|SOQL_EXECUTE_BEGIN|[16]|Aggregations:0|SELECT id, name, Disable_Incoming_SMS_Sharing__c FROM User WHERE id = :tmpVar1
23:26:41.0 (11811000)|SOQL_EXECUTE_END|[16]|Rows:1
23:26:41.0 (16539131)|SOQL_EXECUTE_BEGIN|[37]|Aggregations:0|SELECT CreatedDate,Created_Date__c,Id,LastModifiedDate,MessageId__c,Message_Text_New__c,Name,OwnerId,Read__c,Related_Object_Id__c,Related_Object__c,Sender_Number__c, Sender_Name__c,ToNumber__c,Attachments_Ids__c FROM Message__c WHERE Name = 'Incoming' AND Read__c = false ORDER BY CreatedDate Desc limit 100
23:26:41.0 (31877181)|SOQL_EXECUTE_END|[37]|Rows:100
23:26:41.0 (48631443)|ENTERING_MANAGED_PKG|tdc_tsw
23:26:41.0 (50399719)|ENTERING_MANAGED_PKG|tdc_tsw
23:26:41.0 (50866080)|ENTERING_MANAGED_PKG|tdc_tsw
23:26:41.0 (51500480)|ENTERING_MANAGED_PKG|tdc_tsw
23:26:41.0 (54405415)|ENTERING_MANAGED_PKG|tdc_tsw
23:26:41.0 (55170543)|ENTERING_MANAGED_PKG|tdc_tsw
23:26:41.0 (55395149)|ENTERING_MANAGED_PKG|tdc_tsw
23:26:41.0 (55776791)|ENTERING_MANAGED_PKG|tdc_tsw
23:26:41.0 (56832095)|ENTERING_MANAGED_PKG|tdc_tsw
23:26:41.0 (57572950)|ENTERING_MANAGED_PKG|tdc_tsw
23:26:41.0 (57791932)|ENTERING_MANAGED_PKG|tdc_tsw
23:26:41.0 (58180735)|ENTERING_MANAGED_PKG|tdc_tsw
23:26:41.0 (59217367)|ENTERING_MANAGED_PKG|tdc_tsw
23:26:41.0 (59939743)|ENTERING_MANAGED_PKG|tdc_tsw
23:26:41.0 (60166080)|ENTERING_MANAGED_PKG|tdc_tsw
23:26:41.0 (60541784)|ENTERING_MANAGED_PKG|tdc_tsw
23:26:41.0 (61568541)|ENTERING_MANAGED_PKG|tdc_tsw
23:26:41.0 (62315477)|ENTERING_MANAGED_PKG|tdc_tsw
23:26:41.0 (62543673)|ENTERING_MANAGED_PKG|tdc_tsw
23:26:41.0 (62924153)|ENTERING_MANAGED_PKG|tdc_tsw
23:26:41.0 (63945204)|ENTERING_MANAGED_PKG|tdc_tsw
23:26:41.0 (64789806)|ENTERING_MANAGED_PKG|tdc_tsw
23:26:41.0 (65010397)|ENTERING_MANAGED_PKG|tdc_tsw
23:26:41.0 (65401301)|ENTERING_MANAGED_PKG|tdc_tsw
23:26:41.0 (66459622)|ENTERING_MANAGED_PKG|tdc_tsw
23:26:41.0 (67236578)|ENTERING_MANAGED_PKG|tdc_tsw
23:26:41.0 (67457741)|ENTERING_MANAGED_PKG|tdc_tsw
23:26:41.0 (67839915)|ENTERING_MANAGED_PKG|tdc_tsw
23:26:41.0 (68884734)|ENTERING_MANAGED_PKG|tdc_tsw
23:26:41.0 (69613303)|ENTERING_MANAGED_PKG|tdc_tsw
23:26:41.0 (69831543)|ENTERING_MANAGED_PKG|tdc_tsw
23:26:41.0 (70234245)|ENTERING_MANAGED_PKG|tdc_tsw
23:26:41.0 (71252969)|ENTERING_MANAGED_PKG|tdc_tsw
23:26:41.0 (71975327)|ENTERING_MANAGED_PKG|tdc_tsw
23:26:41.0 (72200826)|ENTERING_MANAGED_PKG|tdc_tsw
23:26:41.0 (72574959)|ENTERING_MANAGED_PKG|tdc_tsw
23:26:41.0 (73605656)|ENTERING_MANAGED_PKG|tdc_tsw
23:26:41.0 (74342287)|ENTERING_MANAGED_PKG|tdc_tsw
23:26:41.0 (74569271)|ENTERING_MANAGED_PKG|tdc_tsw
23:26:41.0 (74964168)|ENTERING_MANAGED_PKG|tdc_tsw
23:26:41.0 (75997566)|ENTERING_MANAGED_PKG|tdc_tsw
23:26:41.0 (76725018)|ENTERING_MANAGED_PKG|tdc_tsw
23:26:41.0 (76942478)|ENTERING_MANAGED_PKG|tdc_tsw
23:26:41.0 (77329750)|ENTERING_MANAGED_PKG|tdc_tsw
23:26:41.0 (78360562)|ENTERING_MANAGED_PKG|tdc_tsw
23:26:41.0 (79082791)|ENTERING_MANAGED_PKG|tdc_tsw
23:26:41.0 (79309086)|ENTERING_MANAGED_PKG|tdc_tsw
23:26:41.0 (79682296)|ENTERING_MANAGED_PKG|tdc_tsw
23:26:41.0 (80705954)|ENTERING_MANAGED_PKG|tdc_tsw
23:26:41.0 (81431400)|ENTERING_MANAGED_PKG|tdc_tsw
23:26:41.0 (81649281)|ENTERING_MANAGED_PKG|tdc_tsw
23:26:41.0 (82022090)|ENTERING_MANAGED_PKG|tdc_tsw
23:26:41.0 (83047917)|ENTERING_MANAGED_PKG|tdc_tsw
23:26:41.0 (83805379)|ENTERING_MANAGED_PKG|tdc_tsw
23:26:41.0 (84023060)|ENTERING_MANAGED_PKG|tdc_tsw
23:26:41.0 (84403445)|ENTERING_MANAGED_PKG|tdc_tsw
23:26:41.0 (85492115)|ENTERING_MANAGED_PKG|tdc_tsw
23:26:41.0 (86226591)|ENTERING_MANAGED_PKG|tdc_tsw
23:26:41.0 (86445503)|ENTERING_MANAGED_PKG|tdc_tsw
23:26:41.0 (86833076)|ENTERING_MANAGED_PKG|tdc_tsw
23:26:41.0 (87854668)|ENTERING_MANAGED_PKG|tdc_tsw
23:26:41.0 (88585069)|ENTERING_MANAGED_PKG|tdc_tsw
23:26:41.0 (88803891)|ENTERING_MANAGED_PKG|tdc_tsw
23:26:41.0 (89185133)|ENTERING_MANAGED_PKG|tdc_tsw
23:26:41.0 (90207994)|ENTERING_MANAGED_PKG|tdc_tsw
23:26:41.0 (90925259)|ENTERING_MANAGED_PKG|tdc_tsw
23:26:41.0 (91148430)|ENTERING_MANAGED_PKG|tdc_tsw
23:26:41.0 (91523912)|ENTERING_MANAGED_PKG|tdc_tsw
23:26:41.0 (92547798)|ENTERING_MANAGED_PKG|tdc_tsw
23:26:41.0 (93286646)|ENTERING_MANAGED_PKG|tdc_tsw
23:26:41.0 (93506394)|ENTERING_MANAGED_PKG|tdc_tsw
23:26:41.0 (93880179)|ENTERING_MANAGED_PKG|tdc_tsw
23:26:41.0 (94913479)|ENTERING_MANAGED_PKG|tdc_tsw
23:26:41.0 (95643410)|ENTERING_MANAGED_PKG|tdc_tsw
23:26:41.0 (95862122)|ENTERING_MANAGED_PKG|tdc_tsw
23:26:41.0 (96244867)|ENTERING_MANAGED_PKG|tdc_tsw
23:26:41.0 (97274456)|ENTERING_MANAGED_PKG|tdc_tsw
23:26:41.0 (98000593)|ENTERING_MANAGED_PKG|tdc_tsw
23:26:41.0 (98236678)|ENTERING_MANAGED_PKG|tdc_tsw
23:26:41.0 (98611859)|ENTERING_MANAGED_PKG|tdc_tsw
23:26:41.0 (99638086)|ENTERING_MANAGED_PKG|tdc_tsw
23:26:41.0 (100399515)|ENTERING_MANAGED_PKG|tdc_tsw
23:26:41.0 (100621073)|ENTERING_MANAGED_PKG|tdc_tsw
23:26:41.0 (100999597)|ENTERING_MANAGED_PKG|tdc_tsw
23:26:41.0 (102026351)|ENTERING_MANAGED_PKG|tdc_tsw
23:26:41.0 (102753537)|ENTERING_MANAGED_PKG|tdc_tsw
23:26:41.0 (102971076)|ENTERING_MANAGED_PKG|tdc_tsw
23:26:41.0 (103354869)|ENTERING_MANAGED_PKG|tdc_tsw
23:26:41.0 (104380610)|ENTERING_MANAGED_PKG|tdc_tsw
23:26:41.0 (105096575)|ENTERING_MANAGED_PKG|tdc_tsw
23:26:41.0 (105322389)|ENTERING_MANAGED_PKG|tdc_tsw
23:26:41.0 (105690977)|ENTERING_MANAGED_PKG|tdc_tsw
23:26:41.0 (106727739)|ENTERING_MANAGED_PKG|tdc_tsw
23:26:41.0 (107461282)|ENTERING_MANAGED_PKG|tdc_tsw
23:26:41.0 (107679656)|ENTERING_MANAGED_PKG|tdc_tsw
23:26:41.0 (108047600)|ENTERING_MANAGED_PKG|tdc_tsw
23:26:41.0 (109078904)|ENTERING_MANAGED_PKG|tdc_tsw
23:26:41.0 (109803393)|ENTERING_MANAGED_PKG|tdc_tsw
23:26:41.0 (110019248)|ENTERING_MANAGED_PKG|tdc_tsw
23:26:41.0 (110397859)|ENTERING_MANAGED_PKG|tdc_tsw
23:26:41.0 (111410996)|ENTERING_MANAGED_PKG|tdc_tsw
23:26:41.0 (112137241)|ENTERING_MANAGED_PKG|tdc_tsw
23:26:41.0 (112361616)|ENTERING_MANAGED_PKG|tdc_tsw
23:26:41.0 (112731125)|ENTERING_MANAGED_PKG|tdc_tsw
23:26:41.0 (113761392)|ENTERING_MANAGED_PKG|tdc_tsw
23:26:41.0 (114491983)|ENTERING_MANAGED_PKG|tdc_tsw
23:26:41.0 (114710301)|ENTERING_MANAGED_PKG|tdc_tsw
23:26:41.0 (115078781)|ENTERING_MANAGED_PKG|tdc_tsw
23:26:41.0 (116109855)|ENTERING_MANAGED_PKG|tdc_tsw
23:26:41.0 (116838920)|ENTERING_MANAGED_PKG|tdc_tsw
23:26:41.0 (117056308)|ENTERING_MANAGED_PKG|tdc_tsw
23:26:41.0 (117433824)|ENTERING_MANAGED_PKG|tdc_tsw
23:26:41.0 (118801206)|ENTERING_MANAGED_PKG|tdc_tsw
23:26:41.0 (119525523)|ENTERING_MANAGED_PKG|tdc_tsw
23:26:41.0 (119743961)|ENTERING_MANAGED_PKG|tdc_tsw
23:26:41.0 (120114010)|ENTERING_MANAGED_PKG|tdc_tsw
23:26:41.0 (121131799)|ENTERING_MANAGED_PKG|tdc_tsw
23:26:41.0 (121861268)|ENTERING_MANAGED_PKG|tdc_tsw
23:26:41.0 (122170375)|ENTERING_MANAGED_PKG|tdc_tsw
23:26:41.0 (122890936)|ENTERING_MANAGED_PKG|tdc_tsw
23:26:41.0 (124296221)|ENTERING_MANAGED_PKG|tdc_tsw
23:26:41.0 (125032363)|ENTERING_MANAGED_PKG|tdc_tsw
23:26:41.0 (125261794)|ENTERING_MANAGED_PKG|tdc_tsw
23:26:41.0 (125632771)|ENTERING_MANAGED_PKG|tdc_tsw
23:26:41.0 (126655400)|ENTERING_MANAGED_PKG|tdc_tsw
23:26:41.0 (127391521)|ENTERING_MANAGED_PKG|tdc_tsw
23:26:41.0 (127610123)|ENTERING_MANAGED_PKG|tdc_tsw
23:26:41.0 (127979395)|ENTERING_MANAGED_PKG|tdc_tsw
23:26:41.0 (129027128)|ENTERING_MANAGED_PKG|tdc_tsw
23:26:41.0 (129758749)|ENTERING_MANAGED_PKG|tdc_tsw
23:26:41.0 (129976445)|ENTERING_MANAGED_PKG|tdc_tsw
23:26:41.0 (130370815)|ENTERING_MANAGED_PKG|tdc_tsw
23:26:41.0 (131401022)|ENTERING_MANAGED_PKG|tdc_tsw
23:26:41.0 (132258394)|ENTERING_MANAGED_PKG|tdc_tsw
23:26:41.0 (132519558)|ENTERING_MANAGED_PKG|tdc_tsw
23:26:41.0 (132957105)|ENTERING_MANAGED_PKG|tdc_tsw
23:26:41.0 (134052031)|ENTERING_MANAGED_PKG|tdc_tsw
23:26:41.0 (134790698)|ENTERING_MANAGED_PKG|tdc_tsw
23:26:41.0 (135009703)|ENTERING_MANAGED_PKG|tdc_tsw
23:26:41.0 (135397268)|ENTERING_MANAGED_PKG|tdc_tsw
23:26:41.0 (136428376)|ENTERING_MANAGED_PKG|tdc_tsw
23:26:41.0 (137160716)|ENTERING_MANAGED_PKG|tdc_tsw
23:26:41.0 (137379744)|ENTERING_MANAGED_PKG|tdc_tsw
23:26:41.0 (137753479)|ENTERING_MANAGED_PKG|tdc_tsw
23:26:41.0 (138777532)|ENTERING_MANAGED_PKG|tdc_tsw
23:26:41.0 (139511484)|ENTERING_MANAGED_PKG|tdc_tsw
23:26:41.0 (139729463)|ENTERING_MANAGED_PKG|tdc_tsw
23:26:41.0 (140102479)|ENTERING_MANAGED_PKG|tdc_tsw
23:26:41.0 (141128363)|ENTERING_MANAGED_PKG|tdc_tsw
23:26:41.0 (142128725)|ENTERING_MANAGED_PKG|tdc_tsw
23:26:41.0 (142397903)|ENTERING_MANAGED_PKG|tdc_tsw
23:26:41.0 (142776482)|ENTERING_MANAGED_PKG|tdc_tsw
23:26:41.0 (144235715)|ENTERING_MANAGED_PKG|tdc_tsw
23:26:41.0 (145000678)|ENTERING_MANAGED_PKG|tdc_tsw
23:26:41.0 (145243856)|ENTERING_MANAGED_PKG|tdc_tsw
23:26:41.0 (145621462)|ENTERING_MANAGED_PKG|tdc_tsw
23:26:41.0 (146657180)|ENTERING_MANAGED_PKG|tdc_tsw
23:26:41.0 (147394695)|ENTERING_MANAGED_PKG|tdc_tsw
23:26:41.0 (147613634)|ENTERING_MANAGED_PKG|tdc_tsw
23:26:41.0 (148004620)|ENTERING_MANAGED_PKG|tdc_tsw
23:26:41.0 (149050133)|ENTERING_MANAGED_PKG|tdc_tsw
23:26:41.0 (149789215)|ENTERING_MANAGED_PKG|tdc_tsw
23:26:41.0 (150036803)|ENTERING_MANAGED_PKG|tdc_tsw
23:26:41.0 (150424559)|ENTERING_MANAGED_PKG|tdc_tsw
23:26:41.0 (151450145)|ENTERING_MANAGED_PKG|tdc_tsw
23:26:41.0 (152181709)|ENTERING_MANAGED_PKG|tdc_tsw
23:26:41.0 (152400108)|ENTERING_MANAGED_PKG|tdc_tsw
23:26:41.0 (152820532)|ENTERING_MANAGED_PKG|tdc_tsw
23:26:41.0 (153844702)|ENTERING_MANAGED_PKG|tdc_tsw
23:26:41.0 (154591287)|ENTERING_MANAGED_PKG|tdc_tsw
23:26:41.0 (154809552)|ENTERING_MANAGED_PKG|tdc_tsw
23:26:41.0 (155190275)|ENTERING_MANAGED_PKG|tdc_tsw
23:26:41.0 (156206670)|ENTERING_MANAGED_PKG|tdc_tsw
23:26:41.0 (156926764)|ENTERING_MANAGED_PKG|tdc_tsw
23:26:41.0 (157151139)|ENTERING_MANAGED_PKG|tdc_tsw
23:26:41.0 (157525882)|ENTERING_MANAGED_PKG|tdc_tsw
23:26:41.0 (158587653)|ENTERING_MANAGED_PKG|tdc_tsw
23:26:41.0 (159313828)|ENTERING_MANAGED_PKG|tdc_tsw
23:26:41.0 (159531734)|ENTERING_MANAGED_PKG|tdc_tsw
23:26:41.0 (159910451)|ENTERING_MANAGED_PKG|tdc_tsw
23:26:41.0 (160940646)|ENTERING_MANAGED_PKG|tdc_tsw
23:26:41.0 (161692887)|ENTERING_MANAGED_PKG|tdc_tsw
23:26:41.0 (161911003)|ENTERING_MANAGED_PKG|tdc_tsw
23:26:41.0 (162292921)|ENTERING_MANAGED_PKG|tdc_tsw
23:26:41.0 (163321372)|ENTERING_MANAGED_PKG|tdc_tsw
23:26:41.0 (164048632)|ENTERING_MANAGED_PKG|tdc_tsw
23:26:41.0 (164274952)|ENTERING_MANAGED_PKG|tdc_tsw
23:26:41.0 (164648505)|ENTERING_MANAGED_PKG|tdc_tsw
23:26:41.0 (165664122)|ENTERING_MANAGED_PKG|tdc_tsw
23:26:41.0 (166392890)|ENTERING_MANAGED_PKG|tdc_tsw
23:26:41.0 (166610115)|ENTERING_MANAGED_PKG|tdc_tsw
23:26:41.0 (166982832)|ENTERING_MANAGED_PKG|tdc_tsw
23:26:41.0 (168003735)|ENTERING_MANAGED_PKG|tdc_tsw
23:26:41.0 (168727943)|ENTERING_MANAGED_PKG|tdc_tsw
23:26:41.0 (168944320)|ENTERING_MANAGED_PKG|tdc_tsw
23:26:41.0 (169326360)|ENTERING_MANAGED_PKG|tdc_tsw
23:26:41.0 (170344001)|ENTERING_MANAGED_PKG|tdc_tsw
23:26:41.0 (171135427)|ENTERING_MANAGED_PKG|tdc_tsw
23:26:41.0 (171342531)|ENTERING_MANAGED_PKG|tdc_tsw
23:26:41.0 (171718301)|ENTERING_MANAGED_PKG|tdc_tsw
23:26:41.0 (172753112)|ENTERING_MANAGED_PKG|tdc_tsw
23:26:41.0 (173487700)|ENTERING_MANAGED_PKG|tdc_tsw
23:26:41.0 (173705122)|ENTERING_MANAGED_PKG|tdc_tsw
23:26:41.0 (174077429)|ENTERING_MANAGED_PKG|tdc_tsw
23:26:41.0 (175099562)|ENTERING_MANAGED_PKG|tdc_tsw
23:26:41.0 (175830655)|ENTERING_MANAGED_PKG|tdc_tsw
23:26:41.0 (176046929)|ENTERING_MANAGED_PKG|tdc_tsw
23:26:41.0 (176428601)|ENTERING_MANAGED_PKG|tdc_tsw
23:26:41.0 (177570560)|ENTERING_MANAGED_PKG|tdc_tsw
23:26:41.0 (178442146)|ENTERING_MANAGED_PKG|tdc_tsw
23:26:41.0 (178515080)|ENTERING_MANAGED_PKG|tdc_tsw
23:26:41.0 (179076446)|SOQL_EXECUTE_BEGIN|[200]|Aggregations:0|SELECT Name, NamespacePrefix, SystemModStamp FROM StaticResource WHERE Name LIKE :tmpVar1 LIMIT 10
23:26:41.0 (182441202)|SOQL_EXECUTE_END|[200]|Rows:1
23:26:41.0 (183200101)|ENTERING_MANAGED_PKG|tdc_tsw
23:26:41.0 (183553583)|SOQL_EXECUTE_BEGIN|[200]|Aggregations:0|SELECT Name, NamespacePrefix, SystemModStamp FROM StaticResource WHERE Name LIKE :tmpVar1 LIMIT 10
23:26:41.0 (185589506)|SOQL_EXECUTE_END|[200]|Rows:1
23:26:41.0 (185952804)|ENTERING_MANAGED_PKG|tdc_tsw
23:26:41.0 (188969115)|ENTERING_MANAGED_PKG|tdc_tsw
23:26:41.0 (190392999)|ENTERING_MANAGED_PKG|tdc_tsw
23:26:41.0 (190661328)|ENTERING_MANAGED_PKG|tdc_tsw
23:26:41.0 (191630615)|ENTERING_MANAGED_PKG|tdc_tsw
23:26:41.0 (192119247)|SOQL_EXECUTE_BEGIN|[200]|Aggregations:0|SELECT Name, NamespacePrefix, SystemModStamp FROM StaticResource WHERE Name LIKE :tmpVar1 LIMIT 10
23:26:41.0 (194394164)|SOQL_EXECUTE_END|[200]|Rows:1
23:26:41.204 (204908589)|USER_INFO|[EXTERNAL]|0051H000009gxp8|chanida.dev2@solvedbysoftwareco.com|Eastern Standard Time|GMT-05:00
23:26:41.204 (206320948)|ENTERING_MANAGED_PKG|tdc_tsw
23:26:41.204 (206495149)|ENTERING_MANAGED_PKG|tdc_tsw
23:26:41.204 (208762840)|SOQL_EXECUTE_BEGIN|[355]|Aggregations:0|SELECT id, name, Disable_Incoming_SMS_Sharing__c FROM User WHERE id = :tmpVar1
23:26:41.204 (214377831)|SOQL_EXECUTE_END|[355]|Rows:1
23:26:41.204 (215249536)|SOQL_EXECUTE_BEGIN|[367]|Aggregations:0|SELECT CreatedDate,Id,LastModifiedDate,Related_Object_Id__c FROM Message__c WHERE Name = 'Incoming' AND Read__c = false ORDER BY CreatedDate Desc limit 100
23:26:41.204 (222588149)|SOQL_EXECUTE_END|[367]|Rows:100
