44.0 APEX_CODE,FINEST;APEX_PROFILING,INFO;CALLOUT,INFO;DB,INFO;NBA,INFO;SYSTEM,DEBUG;VALIDATION,INFO;VISUALFORCE,INFO;WAVE,INFO;WORKFLOW,INFO
21:17:33.0 (103096)|USER_INFO|[EXTERNAL]|0051H000009gxp8|chanida.dev2@solvedbysoftwareco.com|Eastern Standard Time|GMT-05:00
21:17:33.0 (1523077)|ENTERING_MANAGED_PKG|tdc_tsw
21:17:33.0 (1948174)|ENTERING_MANAGED_PKG|tdc_tsw
21:17:33.0 (5542585)|SOQL_EXECUTE_BEGIN|[16]|Aggregations:0|SELECT id, name, Disable_Incoming_SMS_Sharing__c FROM User WHERE id = :tmpVar1
21:17:33.0 (12503020)|SOQL_EXECUTE_END|[16]|Rows:1
21:17:33.0 (17708279)|SOQL_EXECUTE_BEGIN|[37]|Aggregations:0|SELECT CreatedDate,Created_Date__c,Id,LastModifiedDate,MessageId__c,Message_Text_New__c,Name,OwnerId,Read__c,Related_Object_Id__c,Related_Object__c,Sender_Number__c, Sender_Name__c,ToNumber__c,Attachments_Ids__c FROM Message__c WHERE Name = 'Incoming' AND Read__c = false ORDER BY CreatedDate Desc limit 100
21:17:33.0 (27361831)|SOQL_EXECUTE_END|[37]|Rows:16
21:17:33.0 (31018434)|ENTERING_MANAGED_PKG|tdc_tsw
21:17:33.0 (32631291)|ENTERING_MANAGED_PKG|tdc_tsw
21:17:33.0 (33055924)|ENTERING_MANAGED_PKG|tdc_tsw
21:17:33.0 (33723839)|ENTERING_MANAGED_PKG|tdc_tsw
21:17:33.0 (36476664)|ENTERING_MANAGED_PKG|tdc_tsw
21:17:33.0 (37285622)|ENTERING_MANAGED_PKG|tdc_tsw
21:17:33.0 (37559542)|ENTERING_MANAGED_PKG|tdc_tsw
21:17:33.0 (37979064)|ENTERING_MANAGED_PKG|tdc_tsw
21:17:33.0 (39105029)|ENTERING_MANAGED_PKG|tdc_tsw
21:17:33.0 (39892910)|ENTERING_MANAGED_PKG|tdc_tsw
21:17:33.0 (40130230)|ENTERING_MANAGED_PKG|tdc_tsw
21:17:33.0 (40543822)|ENTERING_MANAGED_PKG|tdc_tsw
21:17:33.0 (42042348)|ENTERING_MANAGED_PKG|tdc_tsw
21:17:33.0 (42706637)|ENTERING_MANAGED_PKG|tdc_tsw
21:17:33.0 (42775551)|ENTERING_MANAGED_PKG|tdc_tsw
21:17:33.0 (43289185)|SOQL_EXECUTE_BEGIN|[200]|Aggregations:0|SELECT Name, NamespacePrefix, SystemModStamp FROM StaticResource WHERE Name LIKE :tmpVar1 LIMIT 10
21:17:33.0 (45827330)|SOQL_EXECUTE_END|[200]|Rows:1
21:17:33.0 (46512502)|ENTERING_MANAGED_PKG|tdc_tsw
21:17:33.0 (46862709)|SOQL_EXECUTE_BEGIN|[200]|Aggregations:0|SELECT Name, NamespacePrefix, SystemModStamp FROM StaticResource WHERE Name LIKE :tmpVar1 LIMIT 10
21:17:33.0 (48958111)|SOQL_EXECUTE_END|[200]|Rows:1
21:17:33.0 (49348646)|ENTERING_MANAGED_PKG|tdc_tsw
21:17:33.0 (52451493)|ENTERING_MANAGED_PKG|tdc_tsw
21:17:33.0 (53953663)|ENTERING_MANAGED_PKG|tdc_tsw
21:17:33.0 (54263599)|ENTERING_MANAGED_PKG|tdc_tsw
21:17:33.0 (55090678)|ENTERING_MANAGED_PKG|tdc_tsw
21:17:33.0 (55457621)|SOQL_EXECUTE_BEGIN|[200]|Aggregations:0|SELECT Name, NamespacePrefix, SystemModStamp FROM StaticResource WHERE Name LIKE :tmpVar1 LIMIT 10
21:17:33.0 (57593207)|SOQL_EXECUTE_END|[200]|Rows:1
21:17:33.62 (62984497)|USER_INFO|[EXTERNAL]|0051H000009gxp8|chanida.dev2@solvedbysoftwareco.com|Eastern Standard Time|GMT-05:00
21:17:33.62 (64363561)|ENTERING_MANAGED_PKG|tdc_tsw
21:17:33.62 (64533027)|ENTERING_MANAGED_PKG|tdc_tsw
21:17:33.62 (66864652)|SOQL_EXECUTE_BEGIN|[355]|Aggregations:0|SELECT id, name, Disable_Incoming_SMS_Sharing__c FROM User WHERE id = :tmpVar1
21:17:33.62 (72766825)|SOQL_EXECUTE_END|[355]|Rows:1
21:17:33.62 (73706554)|SOQL_EXECUTE_BEGIN|[367]|Aggregations:0|SELECT CreatedDate,Id,LastModifiedDate,Related_Object_Id__c FROM Message__c WHERE Name = 'Incoming' AND Read__c = false ORDER BY CreatedDate Desc limit 100
21:17:33.62 (79333114)|SOQL_EXECUTE_END|[367]|Rows:16
