44.0 APEX_CODE,FINEST;APEX_PROFILING,INFO;CALLOUT,INFO;DB,INFO;NBA,INFO;SYSTEM,DEBUG;VALIDATION,INFO;VISUALFORCE,INFO;WAVE,INFO;WORKFLOW,INFO
22:54:56.0 (256812)|USER_INFO|[EXTERNAL]|0051H000009gxp8|chanida.dev2@solvedbysoftwareco.com|Eastern Standard Time|GMT-05:00
22:54:56.0 (3247097)|ENTERING_MANAGED_PKG|tdc_tsw
22:54:56.0 (3442204)|ENTERING_MANAGED_PKG|tdc_tsw
22:54:56.0 (9622256)|ENTERING_MANAGED_PKG|tdc_tsw
22:54:56.0 (9675386)|ENTERING_MANAGED_PKG|tdc_tsw
22:54:56.0 (12847868)|ENTERING_MANAGED_PKG|tdc_tsw
22:54:56.0 (18165097)|ENTERING_MANAGED_PKG|tdc_tsw
22:54:56.0 (19666679)|ENTERING_MANAGED_PKG|tdc_tsw
22:54:56.0 (19772239)|ENTERING_MANAGED_PKG|tdc_tsw
22:54:56.0 (21011721)|ENTERING_MANAGED_PKG|tdc_tsw
22:54:56.0 (27375828)|SOQL_EXECUTE_BEGIN|[82]|Aggregations:0|SELECT CreatedDate, Id,Task_Created__c,Event_Created__c,isCaseCreated__c,Task_Id__c,Event_Id__c,Case__c, Important__c, Delivered__c, Message_Text_New__c, Name, Owner.Name, Read__c,MessageId__c, ToNumber__c, Related_Object_Id__c, Related_Object__c, Sender_Number__c, LastModifiedDate, Attachments_Ids__c FROM Message__c WHERE Contact__c =: recordId ORDER BY CreatedDate Desc limit 200
22:54:56.0 (39055848)|SOQL_EXECUTE_END|[82]|Rows:2
22:54:56.0 (43094379)|ENTERING_MANAGED_PKG|tdc_tsw
22:54:56.0 (43382448)|ENTERING_MANAGED_PKG|tdc_tsw
22:54:56.0 (43458654)|ENTERING_MANAGED_PKG|tdc_tsw
22:54:56.0 (44042561)|SOQL_EXECUTE_BEGIN|[200]|Aggregations:0|SELECT Name, NamespacePrefix, SystemModStamp FROM StaticResource WHERE Name LIKE :tmpVar1 LIMIT 10
22:54:56.0 (46584012)|SOQL_EXECUTE_END|[200]|Rows:1
22:54:56.0 (48660170)|ENTERING_MANAGED_PKG|tdc_tsw
22:54:56.0 (50342134)|ENTERING_MANAGED_PKG|tdc_tsw
22:54:56.0 (50391879)|ENTERING_MANAGED_PKG|tdc_tsw
22:54:56.0 (52225637)|ENTERING_MANAGED_PKG|tdc_tsw
22:54:56.0 (52970299)|ENTERING_MANAGED_PKG|tdc_tsw
22:54:56.0 (57076603)|SOQL_EXECUTE_BEGIN|[172]|Aggregations:0|SELECT id, name FROM ChatTranscript__c WHERE (Chat_Active__c = TRUE AND (Related_Object_Id__c = :tmpVar1 OR Related_Object_Id__c = :tmpVar2)) LIMIT 1
22:54:56.0 (59961668)|SOQL_EXECUTE_END|[172]|Rows:0
22:54:56.0 (63263698)|ENTERING_MANAGED_PKG|tdc_tsw
22:54:56.0 (63304739)|ENTERING_MANAGED_PKG|tdc_tsw
