44.0 APEX_CODE,FINEST;APEX_PROFILING,INFO;CALLOUT,INFO;DB,INFO;NBA,INFO;SYSTEM,DEBUG;VALIDATION,INFO;VISUALFORCE,INFO;WAVE,INFO;WORKFLOW,INFO
13:46:48.0 (140076)|USER_INFO|[EXTERNAL]|0051H000009gxp8|chanida.dev2@solvedbysoftwareco.com|Eastern Standard Time|GMT-05:00
13:46:48.0 (2598308)|ENTERING_MANAGED_PKG|tdc_tsw
13:46:48.0 (2765657)|ENTERING_MANAGED_PKG|tdc_tsw
13:46:48.0 (3219104)|ENTERING_MANAGED_PKG|tdc_tsw
13:46:48.0 (3263117)|ENTERING_MANAGED_PKG|tdc_tsw
13:46:48.0 (3984704)|ENTERING_MANAGED_PKG|tdc_tsw
13:46:48.0 (4628240)|ENTERING_MANAGED_PKG|tdc_tsw
13:46:48.0 (6070712)|ENTERING_MANAGED_PKG|tdc_tsw
13:46:48.0 (6142054)|ENTERING_MANAGED_PKG|tdc_tsw
13:46:48.0 (7280349)|ENTERING_MANAGED_PKG|tdc_tsw
13:46:48.0 (13368519)|SOQL_EXECUTE_BEGIN|[82]|Aggregations:0|SELECT CreatedDate, Id,Task_Created__c,Event_Created__c,isCaseCreated__c,Task_Id__c,Event_Id__c,Case__c, Important__c, Delivered__c, Message_Text_New__c, Name, Owner.Name, Read__c,MessageId__c, ToNumber__c, Related_Object_Id__c, Related_Object__c, Sender_Number__c, LastModifiedDate, Attachments_Ids__c FROM Message__c WHERE Contact__c =: recordId ORDER BY CreatedDate Desc limit 200
13:46:48.0 (25385181)|SOQL_EXECUTE_END|[82]|Rows:2
13:46:48.0 (26841227)|ENTERING_MANAGED_PKG|tdc_tsw
13:46:48.0 (27121023)|ENTERING_MANAGED_PKG|tdc_tsw
13:46:48.0 (27196991)|ENTERING_MANAGED_PKG|tdc_tsw
13:46:48.0 (27723637)|SOQL_EXECUTE_BEGIN|[200]|Aggregations:0|SELECT Name, NamespacePrefix, SystemModStamp FROM StaticResource WHERE Name LIKE :tmpVar1 LIMIT 10
13:46:48.0 (30663562)|SOQL_EXECUTE_END|[200]|Rows:1
13:46:48.0 (32399452)|ENTERING_MANAGED_PKG|tdc_tsw
13:46:48.0 (33845613)|ENTERING_MANAGED_PKG|tdc_tsw
13:46:48.0 (33892848)|ENTERING_MANAGED_PKG|tdc_tsw
13:46:48.0 (36049164)|ENTERING_MANAGED_PKG|tdc_tsw
13:46:48.0 (36803143)|ENTERING_MANAGED_PKG|tdc_tsw
13:46:48.0 (41163540)|SOQL_EXECUTE_BEGIN|[172]|Aggregations:0|SELECT id, name FROM ChatTranscript__c WHERE (Chat_Active__c = TRUE AND (Related_Object_Id__c = :tmpVar1 OR Related_Object_Id__c = :tmpVar2)) LIMIT 1
13:46:48.0 (44894138)|SOQL_EXECUTE_END|[172]|Rows:0
13:46:48.0 (45359223)|ENTERING_MANAGED_PKG|tdc_tsw
13:46:48.0 (45408456)|ENTERING_MANAGED_PKG|tdc_tsw
