44.0 APEX_CODE,FINEST;APEX_PROFILING,INFO;CALLOUT,INFO;DB,INFO;NBA,INFO;SYSTEM,DEBUG;VALIDATION,INFO;VISUALFORCE,INFO;WAVE,INFO;WORKFLOW,INFO
23:39:36.0 (185358)|USER_INFO|[EXTERNAL]|0051H000009gxp8|chanida.dev2@solvedbysoftwareco.com|Eastern Standard Time|GMT-05:00
23:39:36.0 (2022921)|ENTERING_MANAGED_PKG|tdc_tsw
23:39:36.0 (2418512)|ENTERING_MANAGED_PKG|tdc_tsw
23:39:36.0 (5865664)|SOQL_EXECUTE_BEGIN|[16]|Aggregations:0|SELECT id, name, Disable_Incoming_SMS_Sharing__c FROM User WHERE id = :tmpVar1
23:39:36.0 (12193617)|SOQL_EXECUTE_END|[16]|Rows:1
23:39:36.0 (17508351)|SOQL_EXECUTE_BEGIN|[37]|Aggregations:0|SELECT CreatedDate,Created_Date__c,Id,LastModifiedDate,MessageId__c,Message_Text_New__c,Name,OwnerId,Read__c,Related_Object_Id__c,Related_Object__c,Sender_Number__c, Sender_Name__c,ToNumber__c,Attachments_Ids__c FROM Message__c WHERE Name = 'Incoming' AND Read__c = false ORDER BY CreatedDate Desc limit 100
23:39:36.0 (33192743)|SOQL_EXECUTE_END|[37]|Rows:100
23:39:36.0 (49622920)|ENTERING_MANAGED_PKG|tdc_tsw
23:39:36.0 (51357194)|ENTERING_MANAGED_PKG|tdc_tsw
23:39:36.0 (51853365)|ENTERING_MANAGED_PKG|tdc_tsw
23:39:36.0 (52499160)|ENTERING_MANAGED_PKG|tdc_tsw
23:39:36.0 (55029028)|ENTERING_MANAGED_PKG|tdc_tsw
23:39:36.0 (60084159)|ENTERING_MANAGED_PKG|tdc_tsw
23:39:36.0 (60338355)|ENTERING_MANAGED_PKG|tdc_tsw
23:39:36.0 (60749291)|ENTERING_MANAGED_PKG|tdc_tsw
23:39:36.0 (61871245)|ENTERING_MANAGED_PKG|tdc_tsw
23:39:36.0 (62638733)|ENTERING_MANAGED_PKG|tdc_tsw
23:39:36.0 (62881765)|ENTERING_MANAGED_PKG|tdc_tsw
23:39:36.0 (63265561)|ENTERING_MANAGED_PKG|tdc_tsw
23:39:36.0 (64321902)|ENTERING_MANAGED_PKG|tdc_tsw
23:39:36.0 (65042299)|ENTERING_MANAGED_PKG|tdc_tsw
23:39:36.0 (65260340)|ENTERING_MANAGED_PKG|tdc_tsw
23:39:36.0 (65657182)|ENTERING_MANAGED_PKG|tdc_tsw
23:39:36.0 (66724003)|ENTERING_MANAGED_PKG|tdc_tsw
23:39:36.0 (67453470)|ENTERING_MANAGED_PKG|tdc_tsw
23:39:36.0 (67680467)|ENTERING_MANAGED_PKG|tdc_tsw
23:39:36.0 (68053766)|ENTERING_MANAGED_PKG|tdc_tsw
23:39:36.0 (69081347)|ENTERING_MANAGED_PKG|tdc_tsw
23:39:36.0 (69817322)|ENTERING_MANAGED_PKG|tdc_tsw
23:39:36.0 (70035958)|ENTERING_MANAGED_PKG|tdc_tsw
23:39:36.0 (70562762)|ENTERING_MANAGED_PKG|tdc_tsw
23:39:36.0 (71620050)|ENTERING_MANAGED_PKG|tdc_tsw
23:39:36.0 (72348562)|ENTERING_MANAGED_PKG|tdc_tsw
23:39:36.0 (72575807)|ENTERING_MANAGED_PKG|tdc_tsw
23:39:36.0 (72964321)|ENTERING_MANAGED_PKG|tdc_tsw
23:39:36.0 (74163138)|ENTERING_MANAGED_PKG|tdc_tsw
23:39:36.0 (74920263)|ENTERING_MANAGED_PKG|tdc_tsw
23:39:36.0 (75138676)|ENTERING_MANAGED_PKG|tdc_tsw
23:39:36.0 (75516593)|ENTERING_MANAGED_PKG|tdc_tsw
23:39:36.0 (77174224)|ENTERING_MANAGED_PKG|tdc_tsw
23:39:36.0 (77985744)|ENTERING_MANAGED_PKG|tdc_tsw
23:39:36.0 (78228021)|ENTERING_MANAGED_PKG|tdc_tsw
23:39:36.0 (78618253)|ENTERING_MANAGED_PKG|tdc_tsw
23:39:36.0 (79651165)|ENTERING_MANAGED_PKG|tdc_tsw
23:39:36.0 (80380427)|ENTERING_MANAGED_PKG|tdc_tsw
23:39:36.0 (80607582)|ENTERING_MANAGED_PKG|tdc_tsw
23:39:36.0 (80996694)|ENTERING_MANAGED_PKG|tdc_tsw
23:39:36.0 (82040448)|ENTERING_MANAGED_PKG|tdc_tsw
23:39:36.0 (82810940)|ENTERING_MANAGED_PKG|tdc_tsw
23:39:36.0 (83028623)|ENTERING_MANAGED_PKG|tdc_tsw
23:39:36.0 (83403427)|ENTERING_MANAGED_PKG|tdc_tsw
23:39:36.0 (84473947)|ENTERING_MANAGED_PKG|tdc_tsw
23:39:36.0 (85246663)|ENTERING_MANAGED_PKG|tdc_tsw
23:39:36.0 (85472399)|ENTERING_MANAGED_PKG|tdc_tsw
23:39:36.0 (85896590)|ENTERING_MANAGED_PKG|tdc_tsw
23:39:36.0 (86981832)|ENTERING_MANAGED_PKG|tdc_tsw
23:39:36.0 (87722547)|ENTERING_MANAGED_PKG|tdc_tsw
23:39:36.0 (87939619)|ENTERING_MANAGED_PKG|tdc_tsw
23:39:36.0 (88310492)|ENTERING_MANAGED_PKG|tdc_tsw
23:39:36.0 (89367178)|ENTERING_MANAGED_PKG|tdc_tsw
23:39:36.0 (90091103)|ENTERING_MANAGED_PKG|tdc_tsw
23:39:36.0 (90308478)|ENTERING_MANAGED_PKG|tdc_tsw
23:39:36.0 (90707636)|ENTERING_MANAGED_PKG|tdc_tsw
23:39:36.0 (91744067)|ENTERING_MANAGED_PKG|tdc_tsw
23:39:36.0 (92458873)|ENTERING_MANAGED_PKG|tdc_tsw
23:39:36.0 (92705399)|ENTERING_MANAGED_PKG|tdc_tsw
23:39:36.0 (93096685)|ENTERING_MANAGED_PKG|tdc_tsw
23:39:36.0 (94146079)|ENTERING_MANAGED_PKG|tdc_tsw
23:39:36.0 (94868241)|ENTERING_MANAGED_PKG|tdc_tsw
23:39:36.0 (95082992)|ENTERING_MANAGED_PKG|tdc_tsw
23:39:36.0 (95453438)|ENTERING_MANAGED_PKG|tdc_tsw
23:39:36.0 (96489743)|ENTERING_MANAGED_PKG|tdc_tsw
23:39:36.0 (97226706)|ENTERING_MANAGED_PKG|tdc_tsw
23:39:36.0 (97443721)|ENTERING_MANAGED_PKG|tdc_tsw
23:39:36.0 (97828974)|ENTERING_MANAGED_PKG|tdc_tsw
23:39:36.0 (98862360)|ENTERING_MANAGED_PKG|tdc_tsw
23:39:36.0 (99647662)|ENTERING_MANAGED_PKG|tdc_tsw
23:39:36.0 (99891715)|ENTERING_MANAGED_PKG|tdc_tsw
23:39:36.0 (100257297)|ENTERING_MANAGED_PKG|tdc_tsw
23:39:36.0 (101296448)|ENTERING_MANAGED_PKG|tdc_tsw
23:39:36.0 (102044268)|ENTERING_MANAGED_PKG|tdc_tsw
23:39:36.0 (102260572)|ENTERING_MANAGED_PKG|tdc_tsw
23:39:36.0 (102635916)|ENTERING_MANAGED_PKG|tdc_tsw
23:39:36.0 (103717486)|ENTERING_MANAGED_PKG|tdc_tsw
23:39:36.0 (104435161)|ENTERING_MANAGED_PKG|tdc_tsw
23:39:36.0 (104662012)|ENTERING_MANAGED_PKG|tdc_tsw
23:39:36.0 (105069032)|ENTERING_MANAGED_PKG|tdc_tsw
23:39:36.0 (106078081)|ENTERING_MANAGED_PKG|tdc_tsw
23:39:36.0 (106871808)|ENTERING_MANAGED_PKG|tdc_tsw
23:39:36.0 (107088176)|ENTERING_MANAGED_PKG|tdc_tsw
23:39:36.0 (107454019)|ENTERING_MANAGED_PKG|tdc_tsw
23:39:36.0 (108459183)|ENTERING_MANAGED_PKG|tdc_tsw
23:39:36.0 (109196861)|ENTERING_MANAGED_PKG|tdc_tsw
23:39:36.0 (109444775)|ENTERING_MANAGED_PKG|tdc_tsw
23:39:36.0 (109837284)|ENTERING_MANAGED_PKG|tdc_tsw
23:39:36.0 (110922916)|ENTERING_MANAGED_PKG|tdc_tsw
23:39:36.0 (111639050)|ENTERING_MANAGED_PKG|tdc_tsw
23:39:36.0 (111855652)|ENTERING_MANAGED_PKG|tdc_tsw
23:39:36.0 (112221033)|ENTERING_MANAGED_PKG|tdc_tsw
23:39:36.0 (113272656)|ENTERING_MANAGED_PKG|tdc_tsw
23:39:36.0 (114035727)|ENTERING_MANAGED_PKG|tdc_tsw
23:39:36.0 (114252240)|ENTERING_MANAGED_PKG|tdc_tsw
23:39:36.0 (114634269)|ENTERING_MANAGED_PKG|tdc_tsw
23:39:36.0 (115641417)|ENTERING_MANAGED_PKG|tdc_tsw
23:39:36.0 (116351780)|ENTERING_MANAGED_PKG|tdc_tsw
23:39:36.0 (116576465)|ENTERING_MANAGED_PKG|tdc_tsw
23:39:36.0 (116941431)|ENTERING_MANAGED_PKG|tdc_tsw
23:39:36.0 (117962170)|ENTERING_MANAGED_PKG|tdc_tsw
23:39:36.0 (118706251)|ENTERING_MANAGED_PKG|tdc_tsw
23:39:36.0 (118923214)|ENTERING_MANAGED_PKG|tdc_tsw
23:39:36.0 (119295407)|ENTERING_MANAGED_PKG|tdc_tsw
23:39:36.0 (120329045)|ENTERING_MANAGED_PKG|tdc_tsw
23:39:36.0 (121043123)|ENTERING_MANAGED_PKG|tdc_tsw
23:39:36.0 (121281046)|ENTERING_MANAGED_PKG|tdc_tsw
23:39:36.0 (121661338)|ENTERING_MANAGED_PKG|tdc_tsw
23:39:36.0 (122668775)|ENTERING_MANAGED_PKG|tdc_tsw
23:39:36.0 (123379955)|ENTERING_MANAGED_PKG|tdc_tsw
23:39:36.0 (123606114)|ENTERING_MANAGED_PKG|tdc_tsw
23:39:36.0 (124019702)|ENTERING_MANAGED_PKG|tdc_tsw
23:39:36.0 (125033493)|ENTERING_MANAGED_PKG|tdc_tsw
23:39:36.0 (125753951)|ENTERING_MANAGED_PKG|tdc_tsw
23:39:36.0 (125970128)|ENTERING_MANAGED_PKG|tdc_tsw
23:39:36.0 (126335904)|ENTERING_MANAGED_PKG|tdc_tsw
23:39:36.0 (127341148)|ENTERING_MANAGED_PKG|tdc_tsw
23:39:36.0 (128059863)|ENTERING_MANAGED_PKG|tdc_tsw
23:39:36.0 (128277078)|ENTERING_MANAGED_PKG|tdc_tsw
23:39:36.0 (128651547)|ENTERING_MANAGED_PKG|tdc_tsw
23:39:36.0 (129659141)|ENTERING_MANAGED_PKG|tdc_tsw
23:39:36.0 (130364750)|ENTERING_MANAGED_PKG|tdc_tsw
23:39:36.0 (130589528)|ENTERING_MANAGED_PKG|tdc_tsw
23:39:36.0 (130956144)|ENTERING_MANAGED_PKG|tdc_tsw
23:39:36.0 (131962603)|ENTERING_MANAGED_PKG|tdc_tsw
23:39:36.0 (132710147)|ENTERING_MANAGED_PKG|tdc_tsw
23:39:36.0 (132927409)|ENTERING_MANAGED_PKG|tdc_tsw
23:39:36.0 (133294634)|ENTERING_MANAGED_PKG|tdc_tsw
23:39:36.0 (134342665)|ENTERING_MANAGED_PKG|tdc_tsw
23:39:36.0 (135062708)|ENTERING_MANAGED_PKG|tdc_tsw
23:39:36.0 (135279411)|ENTERING_MANAGED_PKG|tdc_tsw
23:39:36.0 (135667412)|ENTERING_MANAGED_PKG|tdc_tsw
23:39:36.0 (136683001)|ENTERING_MANAGED_PKG|tdc_tsw
23:39:36.0 (137390302)|ENTERING_MANAGED_PKG|tdc_tsw
23:39:36.0 (137613596)|ENTERING_MANAGED_PKG|tdc_tsw
23:39:36.0 (137984136)|ENTERING_MANAGED_PKG|tdc_tsw
23:39:36.0 (138993978)|ENTERING_MANAGED_PKG|tdc_tsw
23:39:36.0 (139708201)|ENTERING_MANAGED_PKG|tdc_tsw
23:39:36.0 (139925580)|ENTERING_MANAGED_PKG|tdc_tsw
23:39:36.0 (140301953)|ENTERING_MANAGED_PKG|tdc_tsw
23:39:36.0 (141315560)|ENTERING_MANAGED_PKG|tdc_tsw
23:39:36.0 (142032343)|ENTERING_MANAGED_PKG|tdc_tsw
23:39:36.0 (142248521)|ENTERING_MANAGED_PKG|tdc_tsw
23:39:36.0 (142628407)|ENTERING_MANAGED_PKG|tdc_tsw
23:39:36.0 (143639314)|ENTERING_MANAGED_PKG|tdc_tsw
23:39:36.0 (144383257)|ENTERING_MANAGED_PKG|tdc_tsw
23:39:36.0 (144613675)|ENTERING_MANAGED_PKG|tdc_tsw
23:39:36.0 (144986615)|ENTERING_MANAGED_PKG|tdc_tsw
23:39:36.0 (146035024)|ENTERING_MANAGED_PKG|tdc_tsw
23:39:36.0 (146752360)|ENTERING_MANAGED_PKG|tdc_tsw
23:39:36.0 (146966590)|ENTERING_MANAGED_PKG|tdc_tsw
23:39:36.0 (147361541)|ENTERING_MANAGED_PKG|tdc_tsw
23:39:36.0 (148425782)|ENTERING_MANAGED_PKG|tdc_tsw
23:39:36.0 (149140066)|ENTERING_MANAGED_PKG|tdc_tsw
23:39:36.0 (149355868)|ENTERING_MANAGED_PKG|tdc_tsw
23:39:36.0 (149734558)|ENTERING_MANAGED_PKG|tdc_tsw
23:39:36.0 (150749083)|ENTERING_MANAGED_PKG|tdc_tsw
23:39:36.0 (151459039)|ENTERING_MANAGED_PKG|tdc_tsw
23:39:36.0 (151680853)|ENTERING_MANAGED_PKG|tdc_tsw
23:39:36.0 (152052139)|ENTERING_MANAGED_PKG|tdc_tsw
23:39:36.0 (153066929)|ENTERING_MANAGED_PKG|tdc_tsw
23:39:36.0 (153783301)|ENTERING_MANAGED_PKG|tdc_tsw
23:39:36.0 (154037764)|ENTERING_MANAGED_PKG|tdc_tsw
23:39:36.0 (154413101)|ENTERING_MANAGED_PKG|tdc_tsw
23:39:36.0 (155439667)|ENTERING_MANAGED_PKG|tdc_tsw
23:39:36.0 (156159807)|ENTERING_MANAGED_PKG|tdc_tsw
23:39:36.0 (156376534)|ENTERING_MANAGED_PKG|tdc_tsw
23:39:36.0 (156812998)|ENTERING_MANAGED_PKG|tdc_tsw
23:39:36.0 (158153088)|ENTERING_MANAGED_PKG|tdc_tsw
23:39:36.0 (158897912)|ENTERING_MANAGED_PKG|tdc_tsw
23:39:36.0 (159114498)|ENTERING_MANAGED_PKG|tdc_tsw
23:39:36.0 (159517374)|ENTERING_MANAGED_PKG|tdc_tsw
23:39:36.0 (160529802)|ENTERING_MANAGED_PKG|tdc_tsw
23:39:36.0 (161241488)|ENTERING_MANAGED_PKG|tdc_tsw
23:39:36.0 (161457684)|ENTERING_MANAGED_PKG|tdc_tsw
23:39:36.0 (161833977)|ENTERING_MANAGED_PKG|tdc_tsw
23:39:36.0 (162852180)|ENTERING_MANAGED_PKG|tdc_tsw
23:39:36.0 (163601417)|ENTERING_MANAGED_PKG|tdc_tsw
23:39:36.0 (163817241)|ENTERING_MANAGED_PKG|tdc_tsw
23:39:36.0 (164265006)|ENTERING_MANAGED_PKG|tdc_tsw
23:39:36.0 (165283936)|ENTERING_MANAGED_PKG|tdc_tsw
23:39:36.0 (166029567)|ENTERING_MANAGED_PKG|tdc_tsw
23:39:36.0 (166245115)|ENTERING_MANAGED_PKG|tdc_tsw
23:39:36.0 (166625184)|ENTERING_MANAGED_PKG|tdc_tsw
23:39:36.0 (167652329)|ENTERING_MANAGED_PKG|tdc_tsw
23:39:36.0 (168359217)|ENTERING_MANAGED_PKG|tdc_tsw
23:39:36.0 (168600980)|ENTERING_MANAGED_PKG|tdc_tsw
23:39:36.0 (168972377)|ENTERING_MANAGED_PKG|tdc_tsw
23:39:36.0 (169984149)|ENTERING_MANAGED_PKG|tdc_tsw
23:39:36.0 (170700259)|ENTERING_MANAGED_PKG|tdc_tsw
23:39:36.0 (170915978)|ENTERING_MANAGED_PKG|tdc_tsw
23:39:36.0 (171287814)|ENTERING_MANAGED_PKG|tdc_tsw
23:39:36.0 (172292986)|ENTERING_MANAGED_PKG|tdc_tsw
23:39:36.0 (173006930)|ENTERING_MANAGED_PKG|tdc_tsw
23:39:36.0 (173222472)|ENTERING_MANAGED_PKG|tdc_tsw
23:39:36.0 (173602737)|ENTERING_MANAGED_PKG|tdc_tsw
23:39:36.0 (174656018)|ENTERING_MANAGED_PKG|tdc_tsw
23:39:36.0 (175369487)|ENTERING_MANAGED_PKG|tdc_tsw
23:39:36.0 (175573596)|ENTERING_MANAGED_PKG|tdc_tsw
23:39:36.0 (175945269)|ENTERING_MANAGED_PKG|tdc_tsw
23:39:36.0 (176970770)|ENTERING_MANAGED_PKG|tdc_tsw
23:39:36.0 (177699035)|ENTERING_MANAGED_PKG|tdc_tsw
23:39:36.0 (177934556)|ENTERING_MANAGED_PKG|tdc_tsw
23:39:36.0 (178312350)|ENTERING_MANAGED_PKG|tdc_tsw
23:39:36.0 (179329920)|ENTERING_MANAGED_PKG|tdc_tsw
23:39:36.0 (180055433)|ENTERING_MANAGED_PKG|tdc_tsw
23:39:36.0 (180271554)|ENTERING_MANAGED_PKG|tdc_tsw
23:39:36.0 (180650427)|ENTERING_MANAGED_PKG|tdc_tsw
23:39:36.0 (181790931)|ENTERING_MANAGED_PKG|tdc_tsw
23:39:36.0 (182737688)|ENTERING_MANAGED_PKG|tdc_tsw
23:39:36.0 (182811179)|ENTERING_MANAGED_PKG|tdc_tsw
23:39:36.0 (183367584)|SOQL_EXECUTE_BEGIN|[200]|Aggregations:0|SELECT Name, NamespacePrefix, SystemModStamp FROM StaticResource WHERE Name LIKE :tmpVar1 LIMIT 10
23:39:36.0 (187276284)|SOQL_EXECUTE_END|[200]|Rows:1
23:39:36.0 (188082292)|ENTERING_MANAGED_PKG|tdc_tsw
23:39:36.0 (188419883)|SOQL_EXECUTE_BEGIN|[200]|Aggregations:0|SELECT Name, NamespacePrefix, SystemModStamp FROM StaticResource WHERE Name LIKE :tmpVar1 LIMIT 10
23:39:36.0 (190525830)|SOQL_EXECUTE_END|[200]|Rows:1
23:39:36.0 (190902971)|ENTERING_MANAGED_PKG|tdc_tsw
23:39:36.0 (194160367)|ENTERING_MANAGED_PKG|tdc_tsw
23:39:36.0 (195597368)|ENTERING_MANAGED_PKG|tdc_tsw
23:39:36.0 (195886149)|ENTERING_MANAGED_PKG|tdc_tsw
23:39:36.0 (196790108)|ENTERING_MANAGED_PKG|tdc_tsw
23:39:36.0 (197180206)|SOQL_EXECUTE_BEGIN|[200]|Aggregations:0|SELECT Name, NamespacePrefix, SystemModStamp FROM StaticResource WHERE Name LIKE :tmpVar1 LIMIT 10
23:39:36.0 (202589954)|SOQL_EXECUTE_END|[200]|Rows:1
23:39:36.216 (216054929)|USER_INFO|[EXTERNAL]|0051H000009gxp8|chanida.dev2@solvedbysoftwareco.com|Eastern Standard Time|GMT-05:00
23:39:36.216 (217732866)|ENTERING_MANAGED_PKG|tdc_tsw
23:39:36.216 (217955275)|ENTERING_MANAGED_PKG|tdc_tsw
23:39:36.216 (220345398)|SOQL_EXECUTE_BEGIN|[355]|Aggregations:0|SELECT id, name, Disable_Incoming_SMS_Sharing__c FROM User WHERE id = :tmpVar1
23:39:36.216 (225828375)|SOQL_EXECUTE_END|[355]|Rows:1
23:39:36.216 (226826162)|SOQL_EXECUTE_BEGIN|[367]|Aggregations:0|SELECT CreatedDate,Id,LastModifiedDate,Related_Object_Id__c FROM Message__c WHERE Name = 'Incoming' AND Read__c = false ORDER BY CreatedDate Desc limit 100
23:39:36.216 (235355359)|SOQL_EXECUTE_END|[367]|Rows:100
