44.0 APEX_CODE,FINEST;APEX_PROFILING,INFO;CALLOUT,INFO;DB,INFO;NBA,INFO;SYSTEM,DEBUG;VALIDATION,INFO;VISUALFORCE,INFO;WAVE,INFO;WORKFLOW,INFO
23:57:18.0 (135022)|USER_INFO|[EXTERNAL]|0051H000009gxp8|chanida.dev2@solvedbysoftwareco.com|Eastern Standard Time|GMT-05:00
23:57:18.0 (1710468)|ENTERING_MANAGED_PKG|tdc_tsw
23:57:18.0 (2133364)|ENTERING_MANAGED_PKG|tdc_tsw
23:57:18.0 (5679705)|SOQL_EXECUTE_BEGIN|[16]|Aggregations:0|SELECT id, name, Disable_Incoming_SMS_Sharing__c FROM User WHERE id = :tmpVar1
23:57:18.0 (13212887)|SOQL_EXECUTE_END|[16]|Rows:1
23:57:18.0 (19137703)|SOQL_EXECUTE_BEGIN|[37]|Aggregations:0|SELECT CreatedDate,Created_Date__c,Id,LastModifiedDate,MessageId__c,Message_Text_New__c,Name,OwnerId,Read__c,Related_Object_Id__c,Related_Object__c,Sender_Number__c, Sender_Name__c,ToNumber__c,Attachments_Ids__c FROM Message__c WHERE Name = 'Incoming' AND Read__c = false ORDER BY CreatedDate Desc limit 100
23:57:18.0 (36571577)|SOQL_EXECUTE_END|[37]|Rows:100
23:57:18.0 (69454065)|ENTERING_MANAGED_PKG|tdc_tsw
23:57:18.0 (72478656)|ENTERING_MANAGED_PKG|tdc_tsw
23:57:18.0 (73307240)|ENTERING_MANAGED_PKG|tdc_tsw
23:57:18.0 (74550592)|ENTERING_MANAGED_PKG|tdc_tsw
23:57:18.0 (78625895)|ENTERING_MANAGED_PKG|tdc_tsw
23:57:18.0 (79527766)|ENTERING_MANAGED_PKG|tdc_tsw
23:57:18.0 (79784370)|ENTERING_MANAGED_PKG|tdc_tsw
23:57:18.0 (80219608)|ENTERING_MANAGED_PKG|tdc_tsw
23:57:18.0 (81461648)|ENTERING_MANAGED_PKG|tdc_tsw
23:57:18.0 (82579831)|ENTERING_MANAGED_PKG|tdc_tsw
23:57:18.0 (82831816)|ENTERING_MANAGED_PKG|tdc_tsw
23:57:18.0 (83303920)|ENTERING_MANAGED_PKG|tdc_tsw
23:57:18.0 (84446230)|ENTERING_MANAGED_PKG|tdc_tsw
23:57:18.0 (85236515)|ENTERING_MANAGED_PKG|tdc_tsw
23:57:18.0 (85477641)|ENTERING_MANAGED_PKG|tdc_tsw
23:57:18.0 (86216170)|ENTERING_MANAGED_PKG|tdc_tsw
23:57:18.0 (87515427)|ENTERING_MANAGED_PKG|tdc_tsw
23:57:18.0 (88733933)|ENTERING_MANAGED_PKG|tdc_tsw
23:57:18.0 (89125054)|ENTERING_MANAGED_PKG|tdc_tsw
23:57:18.0 (89859642)|ENTERING_MANAGED_PKG|tdc_tsw
23:57:18.0 (91698088)|ENTERING_MANAGED_PKG|tdc_tsw
23:57:18.0 (92998414)|ENTERING_MANAGED_PKG|tdc_tsw
23:57:18.0 (93305628)|ENTERING_MANAGED_PKG|tdc_tsw
23:57:18.0 (93984726)|ENTERING_MANAGED_PKG|tdc_tsw
23:57:18.0 (96032994)|ENTERING_MANAGED_PKG|tdc_tsw
23:57:18.0 (97377565)|ENTERING_MANAGED_PKG|tdc_tsw
23:57:18.0 (97801827)|ENTERING_MANAGED_PKG|tdc_tsw
23:57:18.0 (98580616)|ENTERING_MANAGED_PKG|tdc_tsw
23:57:18.0 (100038884)|ENTERING_MANAGED_PKG|tdc_tsw
23:57:18.0 (101160304)|ENTERING_MANAGED_PKG|tdc_tsw
23:57:18.0 (101606410)|ENTERING_MANAGED_PKG|tdc_tsw
23:57:18.0 (102421637)|ENTERING_MANAGED_PKG|tdc_tsw
23:57:18.0 (104623522)|ENTERING_MANAGED_PKG|tdc_tsw
23:57:18.0 (105932712)|ENTERING_MANAGED_PKG|tdc_tsw
23:57:18.0 (106329294)|ENTERING_MANAGED_PKG|tdc_tsw
23:57:18.0 (107077576)|ENTERING_MANAGED_PKG|tdc_tsw
23:57:18.0 (109151917)|ENTERING_MANAGED_PKG|tdc_tsw
23:57:18.0 (110528345)|ENTERING_MANAGED_PKG|tdc_tsw
23:57:18.0 (110982558)|ENTERING_MANAGED_PKG|tdc_tsw
23:57:18.0 (111683499)|ENTERING_MANAGED_PKG|tdc_tsw
23:57:18.0 (112951199)|ENTERING_MANAGED_PKG|tdc_tsw
23:57:18.0 (113753754)|ENTERING_MANAGED_PKG|tdc_tsw
23:57:18.0 (114005730)|ENTERING_MANAGED_PKG|tdc_tsw
23:57:18.0 (114475661)|ENTERING_MANAGED_PKG|tdc_tsw
23:57:18.0 (115630613)|ENTERING_MANAGED_PKG|tdc_tsw
23:57:18.0 (116449052)|ENTERING_MANAGED_PKG|tdc_tsw
23:57:18.0 (116691460)|ENTERING_MANAGED_PKG|tdc_tsw
23:57:18.0 (117148853)|ENTERING_MANAGED_PKG|tdc_tsw
23:57:18.0 (118402017)|ENTERING_MANAGED_PKG|tdc_tsw
23:57:18.0 (119236172)|ENTERING_MANAGED_PKG|tdc_tsw
23:57:18.0 (119474514)|ENTERING_MANAGED_PKG|tdc_tsw
23:57:18.0 (119934415)|ENTERING_MANAGED_PKG|tdc_tsw
23:57:18.0 (121092841)|ENTERING_MANAGED_PKG|tdc_tsw
23:57:18.0 (121874471)|ENTERING_MANAGED_PKG|tdc_tsw
23:57:18.0 (122113976)|ENTERING_MANAGED_PKG|tdc_tsw
23:57:18.0 (122527136)|ENTERING_MANAGED_PKG|tdc_tsw
23:57:18.0 (123660419)|ENTERING_MANAGED_PKG|tdc_tsw
23:57:18.0 (124798118)|ENTERING_MANAGED_PKG|tdc_tsw
23:57:18.0 (125068804)|ENTERING_MANAGED_PKG|tdc_tsw
23:57:18.0 (125747528)|ENTERING_MANAGED_PKG|tdc_tsw
23:57:18.0 (127447838)|ENTERING_MANAGED_PKG|tdc_tsw
23:57:18.0 (128250989)|ENTERING_MANAGED_PKG|tdc_tsw
23:57:18.0 (128499339)|ENTERING_MANAGED_PKG|tdc_tsw
23:57:18.0 (128929564)|ENTERING_MANAGED_PKG|tdc_tsw
23:57:18.0 (130066956)|ENTERING_MANAGED_PKG|tdc_tsw
23:57:18.0 (130850448)|ENTERING_MANAGED_PKG|tdc_tsw
23:57:18.0 (131089029)|ENTERING_MANAGED_PKG|tdc_tsw
23:57:18.0 (131502934)|ENTERING_MANAGED_PKG|tdc_tsw
23:57:18.0 (132659303)|ENTERING_MANAGED_PKG|tdc_tsw
23:57:18.0 (133481373)|ENTERING_MANAGED_PKG|tdc_tsw
23:57:18.0 (133759967)|ENTERING_MANAGED_PKG|tdc_tsw
23:57:18.0 (134350945)|ENTERING_MANAGED_PKG|tdc_tsw
23:57:18.0 (135899251)|ENTERING_MANAGED_PKG|tdc_tsw
23:57:18.0 (136688255)|ENTERING_MANAGED_PKG|tdc_tsw
23:57:18.0 (136960778)|ENTERING_MANAGED_PKG|tdc_tsw
23:57:18.0 (137375559)|ENTERING_MANAGED_PKG|tdc_tsw
23:57:18.0 (138508309)|ENTERING_MANAGED_PKG|tdc_tsw
23:57:18.0 (139374007)|ENTERING_MANAGED_PKG|tdc_tsw
23:57:18.0 (139615824)|ENTERING_MANAGED_PKG|tdc_tsw
23:57:18.0 (140039124)|ENTERING_MANAGED_PKG|tdc_tsw
23:57:18.0 (141445098)|ENTERING_MANAGED_PKG|tdc_tsw
23:57:18.0 (142336036)|ENTERING_MANAGED_PKG|tdc_tsw
23:57:18.0 (142597464)|ENTERING_MANAGED_PKG|tdc_tsw
23:57:18.0 (143027207)|ENTERING_MANAGED_PKG|tdc_tsw
23:57:18.0 (144655631)|ENTERING_MANAGED_PKG|tdc_tsw
23:57:18.0 (145960849)|ENTERING_MANAGED_PKG|tdc_tsw
23:57:18.0 (146380692)|ENTERING_MANAGED_PKG|tdc_tsw
23:57:18.0 (147089792)|ENTERING_MANAGED_PKG|tdc_tsw
23:57:18.0 (148963458)|ENTERING_MANAGED_PKG|tdc_tsw
23:57:18.0 (149914354)|ENTERING_MANAGED_PKG|tdc_tsw
23:57:18.0 (150157074)|ENTERING_MANAGED_PKG|tdc_tsw
23:57:18.0 (150566998)|ENTERING_MANAGED_PKG|tdc_tsw
23:57:18.0 (151710923)|ENTERING_MANAGED_PKG|tdc_tsw
23:57:18.0 (152509905)|ENTERING_MANAGED_PKG|tdc_tsw
23:57:18.0 (152749573)|ENTERING_MANAGED_PKG|tdc_tsw
23:57:18.0 (153164630)|ENTERING_MANAGED_PKG|tdc_tsw
23:57:18.0 (154285594)|ENTERING_MANAGED_PKG|tdc_tsw
23:57:18.0 (155075812)|ENTERING_MANAGED_PKG|tdc_tsw
23:57:18.0 (155317871)|ENTERING_MANAGED_PKG|tdc_tsw
23:57:18.0 (155733161)|ENTERING_MANAGED_PKG|tdc_tsw
23:57:18.0 (157249292)|ENTERING_MANAGED_PKG|tdc_tsw
23:57:18.0 (158248539)|ENTERING_MANAGED_PKG|tdc_tsw
23:57:18.0 (158516315)|ENTERING_MANAGED_PKG|tdc_tsw
23:57:18.0 (158987041)|ENTERING_MANAGED_PKG|tdc_tsw
23:57:18.0 (160508581)|ENTERING_MANAGED_PKG|tdc_tsw
23:57:18.0 (161309128)|ENTERING_MANAGED_PKG|tdc_tsw
23:57:18.0 (161556003)|ENTERING_MANAGED_PKG|tdc_tsw
23:57:18.0 (161982413)|ENTERING_MANAGED_PKG|tdc_tsw
23:57:18.0 (163112349)|ENTERING_MANAGED_PKG|tdc_tsw
23:57:18.0 (163897366)|ENTERING_MANAGED_PKG|tdc_tsw
23:57:18.0 (164134856)|ENTERING_MANAGED_PKG|tdc_tsw
23:57:18.0 (164541186)|ENTERING_MANAGED_PKG|tdc_tsw
23:57:18.0 (165746813)|ENTERING_MANAGED_PKG|tdc_tsw
23:57:18.0 (166534258)|ENTERING_MANAGED_PKG|tdc_tsw
23:57:18.0 (166774143)|ENTERING_MANAGED_PKG|tdc_tsw
23:57:18.0 (167190664)|ENTERING_MANAGED_PKG|tdc_tsw
23:57:18.0 (168324833)|ENTERING_MANAGED_PKG|tdc_tsw
23:57:18.0 (169103520)|ENTERING_MANAGED_PKG|tdc_tsw
23:57:18.0 (169342301)|ENTERING_MANAGED_PKG|tdc_tsw
23:57:18.0 (169748535)|ENTERING_MANAGED_PKG|tdc_tsw
23:57:18.0 (170885301)|ENTERING_MANAGED_PKG|tdc_tsw
23:57:18.0 (171674425)|ENTERING_MANAGED_PKG|tdc_tsw
23:57:18.0 (171930246)|ENTERING_MANAGED_PKG|tdc_tsw
23:57:18.0 (172333278)|ENTERING_MANAGED_PKG|tdc_tsw
23:57:18.0 (173463152)|ENTERING_MANAGED_PKG|tdc_tsw
23:57:18.0 (174249332)|ENTERING_MANAGED_PKG|tdc_tsw
23:57:18.0 (174488770)|ENTERING_MANAGED_PKG|tdc_tsw
23:57:18.0 (174906682)|ENTERING_MANAGED_PKG|tdc_tsw
23:57:18.0 (176048114)|ENTERING_MANAGED_PKG|tdc_tsw
23:57:18.0 (176827530)|ENTERING_MANAGED_PKG|tdc_tsw
23:57:18.0 (177066703)|ENTERING_MANAGED_PKG|tdc_tsw
23:57:18.0 (177474379)|ENTERING_MANAGED_PKG|tdc_tsw
23:57:18.0 (178601839)|ENTERING_MANAGED_PKG|tdc_tsw
23:57:18.0 (179378282)|ENTERING_MANAGED_PKG|tdc_tsw
23:57:18.0 (179617661)|ENTERING_MANAGED_PKG|tdc_tsw
23:57:18.0 (180027362)|ENTERING_MANAGED_PKG|tdc_tsw
23:57:18.0 (181151126)|ENTERING_MANAGED_PKG|tdc_tsw
23:57:18.0 (181930409)|ENTERING_MANAGED_PKG|tdc_tsw
23:57:18.0 (182167789)|ENTERING_MANAGED_PKG|tdc_tsw
23:57:18.0 (182572602)|ENTERING_MANAGED_PKG|tdc_tsw
23:57:18.0 (183694022)|ENTERING_MANAGED_PKG|tdc_tsw
23:57:18.0 (184465703)|ENTERING_MANAGED_PKG|tdc_tsw
23:57:18.0 (184703548)|ENTERING_MANAGED_PKG|tdc_tsw
23:57:18.0 (185115647)|ENTERING_MANAGED_PKG|tdc_tsw
23:57:18.0 (186241388)|ENTERING_MANAGED_PKG|tdc_tsw
23:57:18.0 (187021347)|ENTERING_MANAGED_PKG|tdc_tsw
23:57:18.0 (187258115)|ENTERING_MANAGED_PKG|tdc_tsw
23:57:18.0 (187661273)|ENTERING_MANAGED_PKG|tdc_tsw
23:57:18.0 (188783276)|ENTERING_MANAGED_PKG|tdc_tsw
23:57:18.0 (189564118)|ENTERING_MANAGED_PKG|tdc_tsw
23:57:18.0 (189806516)|ENTERING_MANAGED_PKG|tdc_tsw
23:57:18.0 (190213930)|ENTERING_MANAGED_PKG|tdc_tsw
23:57:18.0 (191329022)|ENTERING_MANAGED_PKG|tdc_tsw
23:57:18.0 (192110937)|ENTERING_MANAGED_PKG|tdc_tsw
23:57:18.0 (192349993)|ENTERING_MANAGED_PKG|tdc_tsw
23:57:18.0 (192755629)|ENTERING_MANAGED_PKG|tdc_tsw
23:57:18.0 (193891680)|ENTERING_MANAGED_PKG|tdc_tsw
23:57:18.0 (194665222)|ENTERING_MANAGED_PKG|tdc_tsw
23:57:18.0 (194911263)|ENTERING_MANAGED_PKG|tdc_tsw
23:57:18.0 (195327033)|ENTERING_MANAGED_PKG|tdc_tsw
23:57:18.0 (196455810)|ENTERING_MANAGED_PKG|tdc_tsw
23:57:18.0 (197266074)|ENTERING_MANAGED_PKG|tdc_tsw
23:57:18.0 (197504703)|ENTERING_MANAGED_PKG|tdc_tsw
23:57:18.0 (197932239)|ENTERING_MANAGED_PKG|tdc_tsw
23:57:18.0 (199079632)|ENTERING_MANAGED_PKG|tdc_tsw
23:57:18.0 (199861153)|ENTERING_MANAGED_PKG|tdc_tsw
23:57:18.0 (200099704)|ENTERING_MANAGED_PKG|tdc_tsw
23:57:18.0 (200577256)|ENTERING_MANAGED_PKG|tdc_tsw
23:57:18.0 (201741700)|ENTERING_MANAGED_PKG|tdc_tsw
23:57:18.0 (202531027)|ENTERING_MANAGED_PKG|tdc_tsw
23:57:18.0 (202769320)|ENTERING_MANAGED_PKG|tdc_tsw
23:57:18.0 (203193225)|ENTERING_MANAGED_PKG|tdc_tsw
23:57:18.0 (204319806)|ENTERING_MANAGED_PKG|tdc_tsw
23:57:18.0 (205115425)|ENTERING_MANAGED_PKG|tdc_tsw
23:57:18.0 (205353115)|ENTERING_MANAGED_PKG|tdc_tsw
23:57:18.0 (205764825)|ENTERING_MANAGED_PKG|tdc_tsw
23:57:18.0 (206894326)|ENTERING_MANAGED_PKG|tdc_tsw
23:57:18.0 (207721957)|ENTERING_MANAGED_PKG|tdc_tsw
23:57:18.0 (207969496)|ENTERING_MANAGED_PKG|tdc_tsw
23:57:18.0 (208382207)|ENTERING_MANAGED_PKG|tdc_tsw
23:57:18.0 (209629454)|ENTERING_MANAGED_PKG|tdc_tsw
23:57:18.0 (210409380)|ENTERING_MANAGED_PKG|tdc_tsw
23:57:18.0 (210650257)|ENTERING_MANAGED_PKG|tdc_tsw
23:57:18.0 (211069614)|ENTERING_MANAGED_PKG|tdc_tsw
23:57:18.0 (212206833)|ENTERING_MANAGED_PKG|tdc_tsw
23:57:18.0 (213000044)|ENTERING_MANAGED_PKG|tdc_tsw
23:57:18.0 (213238533)|ENTERING_MANAGED_PKG|tdc_tsw
23:57:18.0 (213650956)|ENTERING_MANAGED_PKG|tdc_tsw
23:57:18.0 (214777750)|ENTERING_MANAGED_PKG|tdc_tsw
23:57:18.0 (215553928)|ENTERING_MANAGED_PKG|tdc_tsw
23:57:18.0 (215797728)|ENTERING_MANAGED_PKG|tdc_tsw
23:57:18.0 (216209993)|ENTERING_MANAGED_PKG|tdc_tsw
23:57:18.0 (217437865)|ENTERING_MANAGED_PKG|tdc_tsw
23:57:18.0 (218220818)|ENTERING_MANAGED_PKG|tdc_tsw
23:57:18.0 (218461359)|ENTERING_MANAGED_PKG|tdc_tsw
23:57:18.0 (218883155)|ENTERING_MANAGED_PKG|tdc_tsw
23:57:18.0 (220012367)|ENTERING_MANAGED_PKG|tdc_tsw
23:57:18.0 (220852921)|ENTERING_MANAGED_PKG|tdc_tsw
23:57:18.0 (221113154)|ENTERING_MANAGED_PKG|tdc_tsw
23:57:18.0 (221523732)|ENTERING_MANAGED_PKG|tdc_tsw
23:57:18.0 (222679388)|ENTERING_MANAGED_PKG|tdc_tsw
23:57:18.0 (223462183)|ENTERING_MANAGED_PKG|tdc_tsw
23:57:18.0 (223700686)|ENTERING_MANAGED_PKG|tdc_tsw
23:57:18.0 (224154216)|ENTERING_MANAGED_PKG|tdc_tsw
23:57:18.0 (225282809)|ENTERING_MANAGED_PKG|tdc_tsw
23:57:18.0 (226070656)|ENTERING_MANAGED_PKG|tdc_tsw
23:57:18.0 (226314948)|ENTERING_MANAGED_PKG|tdc_tsw
23:57:18.0 (226732224)|ENTERING_MANAGED_PKG|tdc_tsw
23:57:18.0 (227912272)|ENTERING_MANAGED_PKG|tdc_tsw
23:57:18.0 (228707576)|ENTERING_MANAGED_PKG|tdc_tsw
23:57:18.0 (228957270)|ENTERING_MANAGED_PKG|tdc_tsw
23:57:18.0 (229370684)|ENTERING_MANAGED_PKG|tdc_tsw
23:57:18.0 (230497601)|ENTERING_MANAGED_PKG|tdc_tsw
23:57:18.0 (231316309)|ENTERING_MANAGED_PKG|tdc_tsw
23:57:18.0 (231555085)|ENTERING_MANAGED_PKG|tdc_tsw
23:57:18.0 (231981384)|ENTERING_MANAGED_PKG|tdc_tsw
23:57:18.0 (233149352)|ENTERING_MANAGED_PKG|tdc_tsw
23:57:18.0 (233933010)|ENTERING_MANAGED_PKG|tdc_tsw
23:57:18.0 (234170590)|ENTERING_MANAGED_PKG|tdc_tsw
23:57:18.0 (234585166)|ENTERING_MANAGED_PKG|tdc_tsw
23:57:18.0 (235719078)|ENTERING_MANAGED_PKG|tdc_tsw
23:57:18.0 (236598526)|ENTERING_MANAGED_PKG|tdc_tsw
23:57:18.0 (236853787)|ENTERING_MANAGED_PKG|tdc_tsw
23:57:18.0 (237268156)|ENTERING_MANAGED_PKG|tdc_tsw
23:57:18.0 (238401626)|ENTERING_MANAGED_PKG|tdc_tsw
23:57:18.0 (239181503)|ENTERING_MANAGED_PKG|tdc_tsw
23:57:18.0 (239396498)|ENTERING_MANAGED_PKG|tdc_tsw
23:57:18.0 (239814317)|ENTERING_MANAGED_PKG|tdc_tsw
23:57:18.0 (240946082)|ENTERING_MANAGED_PKG|tdc_tsw
23:57:18.0 (241742745)|ENTERING_MANAGED_PKG|tdc_tsw
23:57:18.0 (241994696)|ENTERING_MANAGED_PKG|tdc_tsw
23:57:18.0 (242407731)|ENTERING_MANAGED_PKG|tdc_tsw
23:57:18.0 (243642132)|ENTERING_MANAGED_PKG|tdc_tsw
23:57:18.0 (244559379)|ENTERING_MANAGED_PKG|tdc_tsw
23:57:18.0 (244641964)|ENTERING_MANAGED_PKG|tdc_tsw
23:57:18.0 (245259742)|SOQL_EXECUTE_BEGIN|[200]|Aggregations:0|SELECT Name, NamespacePrefix, SystemModStamp FROM StaticResource WHERE Name LIKE :tmpVar1 LIMIT 10
23:57:18.0 (248556519)|SOQL_EXECUTE_END|[200]|Rows:1
23:57:18.0 (249511071)|ENTERING_MANAGED_PKG|tdc_tsw
23:57:18.0 (250003151)|SOQL_EXECUTE_BEGIN|[200]|Aggregations:0|SELECT Name, NamespacePrefix, SystemModStamp FROM StaticResource WHERE Name LIKE :tmpVar1 LIMIT 10
23:57:18.0 (252575418)|SOQL_EXECUTE_END|[200]|Rows:1
23:57:18.0 (253080083)|ENTERING_MANAGED_PKG|tdc_tsw
23:57:18.0 (257215037)|ENTERING_MANAGED_PKG|tdc_tsw
23:57:18.0 (258811277)|ENTERING_MANAGED_PKG|tdc_tsw
23:57:18.0 (259110564)|ENTERING_MANAGED_PKG|tdc_tsw
23:57:18.0 (260034086)|ENTERING_MANAGED_PKG|tdc_tsw
23:57:18.0 (261315997)|SOQL_EXECUTE_BEGIN|[200]|Aggregations:0|SELECT Name, NamespacePrefix, SystemModStamp FROM StaticResource WHERE Name LIKE :tmpVar1 LIMIT 10
23:57:18.0 (264259804)|SOQL_EXECUTE_END|[200]|Rows:1
23:57:18.275 (275931396)|USER_INFO|[EXTERNAL]|0051H000009gxp8|chanida.dev2@solvedbysoftwareco.com|Eastern Standard Time|GMT-05:00
23:57:18.275 (277467511)|ENTERING_MANAGED_PKG|tdc_tsw
23:57:18.275 (277727336)|ENTERING_MANAGED_PKG|tdc_tsw
23:57:18.275 (280711348)|SOQL_EXECUTE_BEGIN|[355]|Aggregations:0|SELECT id, name, Disable_Incoming_SMS_Sharing__c FROM User WHERE id = :tmpVar1
23:57:18.275 (288168278)|SOQL_EXECUTE_END|[355]|Rows:1
23:57:18.275 (289616902)|SOQL_EXECUTE_BEGIN|[367]|Aggregations:0|SELECT CreatedDate,Id,LastModifiedDate,Related_Object_Id__c FROM Message__c WHERE Name = 'Incoming' AND Read__c = false ORDER BY CreatedDate Desc limit 100
23:57:18.275 (299159486)|SOQL_EXECUTE_END|[367]|Rows:100
