44.0 APEX_CODE,FINEST;APEX_PROFILING,INFO;CALLOUT,INFO;DB,INFO;NBA,INFO;SYSTEM,DEBUG;VALIDATION,INFO;VISUALFORCE,INFO;WAVE,INFO;WORKFLOW,INFO
21:51:15.0 (161594)|USER_INFO|[EXTERNAL]|0051H000009gxp8|chanida.dev2@solvedbysoftwareco.com|Eastern Standard Time|GMT-05:00
21:51:15.0 (1818898)|ENTERING_MANAGED_PKG|tdc_tsw
21:51:15.0 (2257299)|ENTERING_MANAGED_PKG|tdc_tsw
21:51:15.0 (6522171)|SOQL_EXECUTE_BEGIN|[16]|Aggregations:0|SELECT id, name, Disable_Incoming_SMS_Sharing__c FROM User WHERE id = :tmpVar1
21:51:15.0 (12893879)|SOQL_EXECUTE_END|[16]|Rows:1
21:51:15.0 (18090604)|SOQL_EXECUTE_BEGIN|[37]|Aggregations:0|SELECT CreatedDate,Created_Date__c,Id,LastModifiedDate,MessageId__c,Message_Text_New__c,Name,OwnerId,Read__c,Related_Object_Id__c,Related_Object__c,Sender_Number__c, Sender_Name__c,ToNumber__c,Attachments_Ids__c FROM Message__c WHERE Name = 'Incoming' AND Read__c = false ORDER BY CreatedDate Desc limit 100
21:51:15.0 (27223045)|SOQL_EXECUTE_END|[37]|Rows:16
21:51:15.0 (30873694)|ENTERING_MANAGED_PKG|tdc_tsw
21:51:15.0 (32598462)|ENTERING_MANAGED_PKG|tdc_tsw
21:51:15.0 (33026276)|ENTERING_MANAGED_PKG|tdc_tsw
21:51:15.0 (33696279)|ENTERING_MANAGED_PKG|tdc_tsw
21:51:15.0 (36385615)|ENTERING_MANAGED_PKG|tdc_tsw
21:51:15.0 (37160322)|ENTERING_MANAGED_PKG|tdc_tsw
21:51:15.0 (37411145)|ENTERING_MANAGED_PKG|tdc_tsw
21:51:15.0 (37814644)|ENTERING_MANAGED_PKG|tdc_tsw
21:51:15.0 (38877174)|ENTERING_MANAGED_PKG|tdc_tsw
21:51:15.0 (39626813)|ENTERING_MANAGED_PKG|tdc_tsw
21:51:15.0 (39851997)|ENTERING_MANAGED_PKG|tdc_tsw
21:51:15.0 (40235263)|ENTERING_MANAGED_PKG|tdc_tsw
21:51:15.0 (41421373)|ENTERING_MANAGED_PKG|tdc_tsw
21:51:15.0 (42049208)|ENTERING_MANAGED_PKG|tdc_tsw
21:51:15.0 (42120386)|ENTERING_MANAGED_PKG|tdc_tsw
21:51:15.0 (42614352)|SOQL_EXECUTE_BEGIN|[200]|Aggregations:0|SELECT Name, NamespacePrefix, SystemModStamp FROM StaticResource WHERE Name LIKE :tmpVar1 LIMIT 10
21:51:15.0 (45367181)|SOQL_EXECUTE_END|[200]|Rows:1
21:51:15.0 (46172812)|ENTERING_MANAGED_PKG|tdc_tsw
21:51:15.0 (46556072)|SOQL_EXECUTE_BEGIN|[200]|Aggregations:0|SELECT Name, NamespacePrefix, SystemModStamp FROM StaticResource WHERE Name LIKE :tmpVar1 LIMIT 10
21:51:15.0 (51555129)|SOQL_EXECUTE_END|[200]|Rows:1
21:51:15.0 (51945192)|ENTERING_MANAGED_PKG|tdc_tsw
21:51:15.0 (55096115)|ENTERING_MANAGED_PKG|tdc_tsw
21:51:15.0 (56538015)|ENTERING_MANAGED_PKG|tdc_tsw
21:51:15.0 (56840408)|ENTERING_MANAGED_PKG|tdc_tsw
21:51:15.0 (57664624)|ENTERING_MANAGED_PKG|tdc_tsw
21:51:15.0 (58026389)|SOQL_EXECUTE_BEGIN|[200]|Aggregations:0|SELECT Name, NamespacePrefix, SystemModStamp FROM StaticResource WHERE Name LIKE :tmpVar1 LIMIT 10
21:51:15.0 (60319397)|SOQL_EXECUTE_END|[200]|Rows:1
21:51:15.65 (65711683)|USER_INFO|[EXTERNAL]|0051H000009gxp8|chanida.dev2@solvedbysoftwareco.com|Eastern Standard Time|GMT-05:00
21:51:15.65 (67053996)|ENTERING_MANAGED_PKG|tdc_tsw
21:51:15.65 (67235671)|ENTERING_MANAGED_PKG|tdc_tsw
21:51:15.65 (69544401)|SOQL_EXECUTE_BEGIN|[355]|Aggregations:0|SELECT id, name, Disable_Incoming_SMS_Sharing__c FROM User WHERE id = :tmpVar1
21:51:15.65 (75147622)|SOQL_EXECUTE_END|[355]|Rows:1
21:51:15.65 (76026396)|SOQL_EXECUTE_BEGIN|[367]|Aggregations:0|SELECT CreatedDate,Id,LastModifiedDate,Related_Object_Id__c FROM Message__c WHERE Name = 'Incoming' AND Read__c = false ORDER BY CreatedDate Desc limit 100
21:51:15.65 (81223486)|SOQL_EXECUTE_END|[367]|Rows:16
