36.0 APEX_CODE,FINEST;APEX_PROFILING,INFO;CALLOUT,INFO;DB,INFO;NBA,INFO;SYSTEM,DEBUG;VALIDATION,INFO;VISUALFORCE,INFO;WAVE,INFO;WORKFLOW,INFO
22:16:42.17 (17239793)|ENTERING_MANAGED_PKG|tdc_tsw
22:16:42.17 (18052735)|ENTERING_MANAGED_PKG|tdc_tsw
22:16:42.17 (19167779)|ENTERING_MANAGED_PKG|tdc_tsw
22:16:42.17 (37096092)|ENTERING_MANAGED_PKG|tdc_tsw
22:16:42.17 (37243854)|ENTERING_MANAGED_PKG|tdc_tsw
22:16:42.17 (56514889)|ENTERING_MANAGED_PKG|tdc_tsw
22:16:42.17 (63146951)|ENTERING_MANAGED_PKG|tdc_tsw
22:16:42.17 (63253381)|ENTERING_MANAGED_PKG|tdc_tsw
22:16:42.17 (63365166)|ENTERING_MANAGED_PKG|tdc_tsw
22:16:42.17 (64985109)|ENTERING_MANAGED_PKG|tdc_tsw
22:16:42.17 (65670494)|ENTERING_MANAGED_PKG|tdc_tsw
22:16:42.17 (66231496)|ENTERING_MANAGED_PKG|tdc_tsw
22:16:42.17 (68960342)|ENTERING_MANAGED_PKG|tdc_tsw
22:16:42.17 (69013654)|ENTERING_MANAGED_PKG|tdc_tsw
22:16:42.17 (69499263)|ENTERING_MANAGED_PKG|tdc_tsw
22:16:42.17 (71913061)|ENTERING_MANAGED_PKG|tdc_tsw
22:16:42.17 (76811865)|ENTERING_MANAGED_PKG|tdc_tsw
22:16:42.17 (82746257)|ENTERING_MANAGED_PKG|tdc_tsw
22:16:42.17 (82867417)|ENTERING_MANAGED_PKG|tdc_tsw
22:16:42.17 (83061900)|ENTERING_MANAGED_PKG|tdc_tsw
22:16:42.17 (83274474)|ENTERING_MANAGED_PKG|tdc_tsw
22:16:42.17 (83530176)|ENTERING_MANAGED_PKG|tdc_tsw
22:16:42.17 (83602796)|ENTERING_MANAGED_PKG|tdc_tsw
22:16:42.17 (83723253)|ENTERING_MANAGED_PKG|tdc_tsw
22:16:42.17 (83813913)|ENTERING_MANAGED_PKG|tdc_tsw
22:16:42.17 (83842965)|ENTERING_MANAGED_PKG|tdc_tsw
22:16:42.17 (84091628)|ENTERING_MANAGED_PKG|tdc_tsw
22:16:42.17 (84193142)|ENTERING_MANAGED_PKG|tdc_tsw
22:16:42.17 (84394412)|ENTERING_MANAGED_PKG|tdc_tsw
22:16:42.17 (84591287)|ENTERING_MANAGED_PKG|tdc_tsw
22:16:42.17 (84674530)|ENTERING_MANAGED_PKG|tdc_tsw
22:16:42.17 (86780595)|ENTERING_MANAGED_PKG|tdc_tsw
22:16:42.17 (86887113)|ENTERING_MANAGED_PKG|tdc_tsw
22:16:42.17 (86964004)|ENTERING_MANAGED_PKG|tdc_tsw
22:16:42.17 (89387529)|ENTERING_MANAGED_PKG|tdc_tsw
22:16:42.17 (89473178)|ENTERING_MANAGED_PKG|tdc_tsw
22:16:42.17 (89559104)|ENTERING_MANAGED_PKG|tdc_tsw
22:16:42.17 (89685246)|ENTERING_MANAGED_PKG|tdc_tsw
22:16:42.17 (89828056)|ENTERING_MANAGED_PKG|tdc_tsw
22:16:42.17 (89967077)|ENTERING_MANAGED_PKG|tdc_tsw
22:16:42.17 (90055750)|ENTERING_MANAGED_PKG|tdc_tsw
22:16:42.17 (90135023)|ENTERING_MANAGED_PKG|tdc_tsw
22:16:42.17 (90208985)|ENTERING_MANAGED_PKG|tdc_tsw
22:16:42.17 (90288895)|ENTERING_MANAGED_PKG|tdc_tsw
22:16:42.17 (90342775)|ENTERING_MANAGED_PKG|tdc_tsw
22:16:42.17 (90414737)|ENTERING_MANAGED_PKG|tdc_tsw
22:16:42.17 (90508406)|ENTERING_MANAGED_PKG|tdc_tsw
22:16:42.17 (92495746)|ENTERING_MANAGED_PKG|tdc_tsw
22:16:42.17 (92601616)|ENTERING_MANAGED_PKG|tdc_tsw
22:16:42.17 (92880631)|ENTERING_MANAGED_PKG|tdc_tsw
22:16:42.17 (93038359)|ENTERING_MANAGED_PKG|tdc_tsw
22:16:42.17 (93229335)|ENTERING_MANAGED_PKG|tdc_tsw
22:16:42.17 (93316597)|ENTERING_MANAGED_PKG|tdc_tsw
22:16:42.17 (93497729)|ENTERING_MANAGED_PKG|tdc_tsw
22:16:42.17 (94042832)|ENTERING_MANAGED_PKG|tdc_tsw
22:16:42.17 (386659508)|ENTERING_MANAGED_PKG|tdc_tsw
22:16:42.17 (386882774)|ENTERING_MANAGED_PKG|tdc_tsw
22:16:42.17 (388018351)|ENTERING_MANAGED_PKG|tdc_tsw
22:16:42.17 (388118770)|ENTERING_MANAGED_PKG|tdc_tsw
22:16:42.17 (388245759)|ENTERING_MANAGED_PKG|tdc_tsw
22:16:42.17 (388360311)|ENTERING_MANAGED_PKG|tdc_tsw
22:16:42.17 (388429024)|ENTERING_MANAGED_PKG|tdc_tsw
22:16:42.17 (388492939)|ENTERING_MANAGED_PKG|tdc_tsw
22:16:42.17 (388572393)|ENTERING_MANAGED_PKG|tdc_tsw
22:16:42.17 (388632204)|ENTERING_MANAGED_PKG|tdc_tsw
22:16:42.17 (388679676)|ENTERING_MANAGED_PKG|tdc_tsw
22:16:42.17 (388746989)|ENTERING_MANAGED_PKG|tdc_tsw
22:16:42.17 (388824671)|ENTERING_MANAGED_PKG|tdc_tsw
22:16:42.17 (388910026)|ENTERING_MANAGED_PKG|tdc_tsw
22:16:42.17 (393252110)|ENTERING_MANAGED_PKG|tdc_tsw
22:16:42.17 (393612749)|ENTERING_MANAGED_PKG|tdc_tsw
22:16:42.17 (396221845)|ENTERING_MANAGED_PKG|tdc_tsw
22:16:42.17 (405359049)|ENTERING_MANAGED_PKG|tdc_tsw
22:16:42.17 (406353901)|ENTERING_MANAGED_PKG|tdc_tsw
22:16:42.17 (406469436)|ENTERING_MANAGED_PKG|tdc_tsw
22:16:42.17 (406547201)|ENTERING_MANAGED_PKG|tdc_tsw
22:16:42.17 (406643674)|ENTERING_MANAGED_PKG|tdc_tsw
22:16:42.17 (406727818)|ENTERING_MANAGED_PKG|tdc_tsw
22:16:42.17 (406926503)|ENTERING_MANAGED_PKG|tdc_tsw
22:16:42.17 (407808449)|ENTERING_MANAGED_PKG|tdc_tsw
22:16:42.17 (407882214)|ENTERING_MANAGED_PKG|tdc_tsw
22:16:42.17 (408175962)|ENTERING_MANAGED_PKG|tdc_tsw
22:16:42.17 (408249617)|ENTERING_MANAGED_PKG|tdc_tsw
22:16:42.17 (408523127)|ENTERING_MANAGED_PKG|tdc_tsw
22:16:42.17 (408593473)|ENTERING_MANAGED_PKG|tdc_tsw
22:16:42.17 (408641950)|ENTERING_MANAGED_PKG|tdc_tsw
22:16:42.17 (408682382)|ENTERING_MANAGED_PKG|tdc_tsw
22:16:42.17 (408729168)|ENTERING_MANAGED_PKG|tdc_tsw
22:16:42.17 (408805190)|ENTERING_MANAGED_PKG|tdc_tsw
22:16:42.17 (408896058)|ENTERING_MANAGED_PKG|tdc_tsw
22:16:42.17 (408928332)|ENTERING_MANAGED_PKG|tdc_tsw
22:16:42.17 (408977799)|ENTERING_MANAGED_PKG|tdc_tsw
22:16:42.17 (409219790)|ENTERING_MANAGED_PKG|tdc_tsw
22:16:42.17 (409277358)|ENTERING_MANAGED_PKG|tdc_tsw
22:16:42.17 (409340793)|ENTERING_MANAGED_PKG|tdc_tsw
22:16:42.17 (409419113)|ENTERING_MANAGED_PKG|tdc_tsw
22:16:42.17 (409475366)|ENTERING_MANAGED_PKG|tdc_tsw
22:16:42.17 (409538188)|ENTERING_MANAGED_PKG|tdc_tsw
22:16:42.17 (409586566)|ENTERING_MANAGED_PKG|tdc_tsw
22:16:42.17 (409652637)|ENTERING_MANAGED_PKG|tdc_tsw
22:16:42.17 (409694518)|ENTERING_MANAGED_PKG|tdc_tsw
22:16:42.17 (409828669)|ENTERING_MANAGED_PKG|tdc_tsw
22:16:42.17 (409926137)|ENTERING_MANAGED_PKG|tdc_tsw
22:16:42.17 (409999749)|ENTERING_MANAGED_PKG|tdc_tsw
22:16:42.17 (410079087)|ENTERING_MANAGED_PKG|tdc_tsw
22:16:42.17 (410181285)|ENTERING_MANAGED_PKG|tdc_tsw
22:16:42.17 (667980663)|ENTERING_MANAGED_PKG|tdc_tsw
22:16:42.17 (668490654)|ENTERING_MANAGED_PKG|tdc_tsw
22:16:42.17 (668555303)|ENTERING_MANAGED_PKG|tdc_tsw
22:16:42.17 (668614622)|ENTERING_MANAGED_PKG|tdc_tsw
22:16:42.17 (668674112)|ENTERING_MANAGED_PKG|tdc_tsw
22:16:42.17 (668706059)|ENTERING_MANAGED_PKG|tdc_tsw
22:16:42.17 (668732861)|ENTERING_MANAGED_PKG|tdc_tsw
22:16:42.17 (668775040)|ENTERING_MANAGED_PKG|tdc_tsw
22:16:42.17 (668805397)|ENTERING_MANAGED_PKG|tdc_tsw
22:16:42.17 (668847975)|ENTERING_MANAGED_PKG|tdc_tsw
22:16:42.17 (668935587)|ENTERING_MANAGED_PKG|tdc_tsw
22:16:42.17 (669061874)|ENTERING_MANAGED_PKG|tdc_tsw
22:16:42.17 (669137331)|ENTERING_MANAGED_PKG|tdc_tsw
22:16:42.17 (669242164)|ENTERING_MANAGED_PKG|tdc_tsw
22:16:42.17 (669373254)|ENTERING_MANAGED_PKG|tdc_tsw
22:16:42.17 (673926810)|ENTERING_MANAGED_PKG|tdc_tsw
22:16:42.17 (674754864)|ENTERING_MANAGED_PKG|tdc_tsw
22:16:42.17 (682464650)|ENTERING_MANAGED_PKG|tdc_tsw
22:16:42.17 (683560340)|ENTERING_MANAGED_PKG|tdc_tsw
22:16:42.17 (690508810)|ENTERING_MANAGED_PKG|tdc_tsw
22:16:42.17 (691593163)|ENTERING_MANAGED_PKG|tdc_tsw
22:16:42.17 (698615425)|ENTERING_MANAGED_PKG|tdc_tsw
22:16:42.17 (699685644)|ENTERING_MANAGED_PKG|tdc_tsw
22:16:42.17 (708527976)|ENTERING_MANAGED_PKG|tdc_tsw
22:16:42.17 (709670990)|ENTERING_MANAGED_PKG|tdc_tsw
22:16:42.17 (716656104)|ENTERING_MANAGED_PKG|tdc_tsw
22:16:42.17 (717706000)|ENTERING_MANAGED_PKG|tdc_tsw
22:16:42.17 (724533848)|ENTERING_MANAGED_PKG|tdc_tsw
22:16:42.17 (725578272)|ENTERING_MANAGED_PKG|tdc_tsw
22:16:42.17 (732457496)|ENTERING_MANAGED_PKG|tdc_tsw
22:16:42.17 (733468983)|ENTERING_MANAGED_PKG|tdc_tsw
22:16:42.17 (740356025)|ENTERING_MANAGED_PKG|tdc_tsw
22:16:42.17 (741386156)|ENTERING_MANAGED_PKG|tdc_tsw
22:16:42.17 (748299264)|ENTERING_MANAGED_PKG|tdc_tsw
22:16:42.17 (749313620)|ENTERING_MANAGED_PKG|tdc_tsw
22:16:42.17 (755809928)|ENTERING_MANAGED_PKG|tdc_tsw
22:16:42.17 (756802254)|ENTERING_MANAGED_PKG|tdc_tsw
22:16:42.17 (763334672)|ENTERING_MANAGED_PKG|tdc_tsw
22:16:42.17 (764350167)|ENTERING_MANAGED_PKG|tdc_tsw
22:16:42.17 (771824956)|ENTERING_MANAGED_PKG|tdc_tsw
22:16:42.17 (772950433)|ENTERING_MANAGED_PKG|tdc_tsw
22:16:42.17 (779416484)|ENTERING_MANAGED_PKG|tdc_tsw
22:16:42.17 (780386862)|ENTERING_MANAGED_PKG|tdc_tsw
22:16:42.17 (786843100)|ENTERING_MANAGED_PKG|tdc_tsw
22:16:42.17 (787823490)|ENTERING_MANAGED_PKG|tdc_tsw
22:16:42.17 (794518910)|ENTERING_MANAGED_PKG|tdc_tsw
22:16:42.17 (795967378)|ENTERING_MANAGED_PKG|tdc_tsw
22:16:42.17 (802461927)|ENTERING_MANAGED_PKG|tdc_tsw
22:16:42.17 (803595270)|ENTERING_MANAGED_PKG|tdc_tsw
22:16:42.17 (810116458)|ENTERING_MANAGED_PKG|tdc_tsw
22:16:42.17 (811115000)|ENTERING_MANAGED_PKG|tdc_tsw
22:16:42.17 (817588859)|ENTERING_MANAGED_PKG|tdc_tsw
22:16:42.17 (818718945)|ENTERING_MANAGED_PKG|tdc_tsw
22:16:42.17 (825247105)|ENTERING_MANAGED_PKG|tdc_tsw
22:16:42.17 (826234265)|ENTERING_MANAGED_PKG|tdc_tsw
22:16:42.17 (854284060)|ENTERING_MANAGED_PKG|tdc_tsw
22:16:42.17 (855280442)|ENTERING_MANAGED_PKG|tdc_tsw
22:16:42.17 (861775159)|ENTERING_MANAGED_PKG|tdc_tsw
22:16:42.17 (862959986)|ENTERING_MANAGED_PKG|tdc_tsw
22:16:42.17 (869408909)|ENTERING_MANAGED_PKG|tdc_tsw
22:16:42.17 (870387676)|ENTERING_MANAGED_PKG|tdc_tsw
22:16:42.17 (876977655)|ENTERING_MANAGED_PKG|tdc_tsw
22:16:42.17 (877956671)|ENTERING_MANAGED_PKG|tdc_tsw
22:16:42.17 (884622178)|ENTERING_MANAGED_PKG|tdc_tsw
22:16:42.17 (885608385)|ENTERING_MANAGED_PKG|tdc_tsw
22:16:42.17 (891967287)|ENTERING_MANAGED_PKG|tdc_tsw
22:16:42.17 (893048891)|ENTERING_MANAGED_PKG|tdc_tsw
22:16:42.17 (899760709)|ENTERING_MANAGED_PKG|tdc_tsw
22:16:42.17 (900750565)|ENTERING_MANAGED_PKG|tdc_tsw
22:16:42.17 (907227643)|ENTERING_MANAGED_PKG|tdc_tsw
22:16:42.17 (908284336)|ENTERING_MANAGED_PKG|tdc_tsw
22:16:42.17 (914656129)|ENTERING_MANAGED_PKG|tdc_tsw
22:16:42.17 (915648678)|ENTERING_MANAGED_PKG|tdc_tsw
22:16:42.17 (922029545)|ENTERING_MANAGED_PKG|tdc_tsw
22:16:42.17 (922996200)|ENTERING_MANAGED_PKG|tdc_tsw
22:16:42.17 (929297238)|ENTERING_MANAGED_PKG|tdc_tsw
22:16:42.17 (930232622)|ENTERING_MANAGED_PKG|tdc_tsw
22:16:42.17 (936599031)|ENTERING_MANAGED_PKG|tdc_tsw
22:16:42.17 (937541526)|ENTERING_MANAGED_PKG|tdc_tsw
22:16:42.17 (943877830)|ENTERING_MANAGED_PKG|tdc_tsw
22:16:42.17 (944833275)|ENTERING_MANAGED_PKG|tdc_tsw
22:16:42.17 (951266516)|ENTERING_MANAGED_PKG|tdc_tsw
22:16:42.17 (952246619)|ENTERING_MANAGED_PKG|tdc_tsw
22:16:42.17 (958895962)|ENTERING_MANAGED_PKG|tdc_tsw
22:16:42.17 (959864971)|ENTERING_MANAGED_PKG|tdc_tsw
22:16:42.17 (966357268)|ENTERING_MANAGED_PKG|tdc_tsw
22:16:42.17 (967366819)|ENTERING_MANAGED_PKG|tdc_tsw
22:16:42.17 (973868584)|ENTERING_MANAGED_PKG|tdc_tsw
22:16:42.17 (974834131)|ENTERING_MANAGED_PKG|tdc_tsw
22:16:42.17 (981140027)|ENTERING_MANAGED_PKG|tdc_tsw
22:16:42.17 (982075768)|ENTERING_MANAGED_PKG|tdc_tsw
22:16:42.17 (988394492)|ENTERING_MANAGED_PKG|tdc_tsw
22:16:42.17 (989333743)|ENTERING_MANAGED_PKG|tdc_tsw
22:16:42.17 (995636383)|ENTERING_MANAGED_PKG|tdc_tsw
22:16:42.17 (996580493)|ENTERING_MANAGED_PKG|tdc_tsw
22:16:42.17 (1002899408)|ENTERING_MANAGED_PKG|tdc_tsw
22:16:42.17 (1003861471)|ENTERING_MANAGED_PKG|tdc_tsw
22:16:42.17 (1010206986)|ENTERING_MANAGED_PKG|tdc_tsw
22:16:42.17 (1011165455)|ENTERING_MANAGED_PKG|tdc_tsw
22:16:43.18 (1018103543)|ENTERING_MANAGED_PKG|tdc_tsw
22:16:43.18 (1019611531)|ENTERING_MANAGED_PKG|tdc_tsw
22:16:43.18 (1027049593)|ENTERING_MANAGED_PKG|tdc_tsw
22:16:43.18 (1028012646)|ENTERING_MANAGED_PKG|tdc_tsw
22:16:43.18 (1034435343)|ENTERING_MANAGED_PKG|tdc_tsw
22:16:43.18 (1035398583)|ENTERING_MANAGED_PKG|tdc_tsw
22:16:43.18 (1041748634)|ENTERING_MANAGED_PKG|tdc_tsw
22:16:43.18 (1042749186)|ENTERING_MANAGED_PKG|tdc_tsw
22:16:43.18 (1049156029)|ENTERING_MANAGED_PKG|tdc_tsw
22:16:43.18 (1050114602)|ENTERING_MANAGED_PKG|tdc_tsw
22:16:43.18 (1056649945)|ENTERING_MANAGED_PKG|tdc_tsw
22:16:43.18 (1057709649)|ENTERING_MANAGED_PKG|tdc_tsw
22:16:43.18 (1064409856)|ENTERING_MANAGED_PKG|tdc_tsw
22:16:43.18 (1065380234)|ENTERING_MANAGED_PKG|tdc_tsw
22:16:43.18 (1071735204)|ENTERING_MANAGED_PKG|tdc_tsw
22:16:43.18 (1072687893)|ENTERING_MANAGED_PKG|tdc_tsw
22:16:43.18 (1079000316)|ENTERING_MANAGED_PKG|tdc_tsw
22:16:43.18 (1081855525)|ENTERING_MANAGED_PKG|tdc_tsw
22:16:43.18 (1082089953)|ENTERING_MANAGED_PKG|tdc_tsw
22:16:43.18 (1082239141)|ENTERING_MANAGED_PKG|tdc_tsw
22:16:43.18 (1082378623)|ENTERING_MANAGED_PKG|tdc_tsw
22:16:43.18 (1082602120)|ENTERING_MANAGED_PKG|tdc_tsw
22:16:43.18 (1082666039)|ENTERING_MANAGED_PKG|tdc_tsw
22:16:43.18 (1082823604)|ENTERING_MANAGED_PKG|tdc_tsw
22:16:43.18 (1082880625)|ENTERING_MANAGED_PKG|tdc_tsw
22:16:43.18 (1082967071)|ENTERING_MANAGED_PKG|tdc_tsw
22:16:43.18 (1083111847)|ENTERING_MANAGED_PKG|tdc_tsw
22:16:43.18 (1084506627)|ENTERING_MANAGED_PKG|tdc_tsw
22:16:43.18 (1084867040)|ENTERING_MANAGED_PKG|tdc_tsw
22:16:43.18 (1091175414)|ENTERING_MANAGED_PKG|tdc_tsw
22:16:43.18 (1092110341)|ENTERING_MANAGED_PKG|tdc_tsw
22:16:43.18 (1098388553)|ENTERING_MANAGED_PKG|tdc_tsw
22:16:43.18 (1099336214)|ENTERING_MANAGED_PKG|tdc_tsw
22:16:43.18 (1105642288)|ENTERING_MANAGED_PKG|tdc_tsw
22:16:43.18 (1106574744)|ENTERING_MANAGED_PKG|tdc_tsw
22:16:43.18 (1112858006)|ENTERING_MANAGED_PKG|tdc_tsw
22:16:43.18 (1113790635)|ENTERING_MANAGED_PKG|tdc_tsw
22:16:43.18 (1120091904)|ENTERING_MANAGED_PKG|tdc_tsw
22:16:43.18 (1121013938)|ENTERING_MANAGED_PKG|tdc_tsw
22:16:43.18 (1127325795)|ENTERING_MANAGED_PKG|tdc_tsw
22:16:43.18 (1128263420)|ENTERING_MANAGED_PKG|tdc_tsw
22:16:43.18 (1134567165)|ENTERING_MANAGED_PKG|tdc_tsw
22:16:43.18 (1135494249)|ENTERING_MANAGED_PKG|tdc_tsw
22:16:43.18 (1141792707)|ENTERING_MANAGED_PKG|tdc_tsw
22:16:43.18 (1142718352)|ENTERING_MANAGED_PKG|tdc_tsw
22:16:43.18 (1149334117)|ENTERING_MANAGED_PKG|tdc_tsw
22:16:43.18 (1150258987)|ENTERING_MANAGED_PKG|tdc_tsw
22:16:43.18 (1156579272)|ENTERING_MANAGED_PKG|tdc_tsw
22:16:43.18 (1157509831)|ENTERING_MANAGED_PKG|tdc_tsw
22:16:43.18 (1163811990)|ENTERING_MANAGED_PKG|tdc_tsw
22:16:43.18 (1164767658)|ENTERING_MANAGED_PKG|tdc_tsw
22:16:43.18 (1171090745)|ENTERING_MANAGED_PKG|tdc_tsw
22:16:43.18 (1172048925)|ENTERING_MANAGED_PKG|tdc_tsw
22:16:43.18 (1178369064)|ENTERING_MANAGED_PKG|tdc_tsw
22:16:43.18 (1179338989)|ENTERING_MANAGED_PKG|tdc_tsw
22:16:43.18 (1185714878)|ENTERING_MANAGED_PKG|tdc_tsw
22:16:43.18 (1186691383)|ENTERING_MANAGED_PKG|tdc_tsw
22:16:43.18 (1192997217)|ENTERING_MANAGED_PKG|tdc_tsw
22:16:43.18 (1193982146)|ENTERING_MANAGED_PKG|tdc_tsw
22:16:43.18 (1200282304)|ENTERING_MANAGED_PKG|tdc_tsw
22:16:43.18 (1201265566)|ENTERING_MANAGED_PKG|tdc_tsw
22:16:43.18 (1207575054)|ENTERING_MANAGED_PKG|tdc_tsw
22:16:43.18 (1208525190)|ENTERING_MANAGED_PKG|tdc_tsw
22:16:43.18 (1214839289)|ENTERING_MANAGED_PKG|tdc_tsw
22:16:43.18 (1215792693)|ENTERING_MANAGED_PKG|tdc_tsw
22:16:43.18 (1222154979)|ENTERING_MANAGED_PKG|tdc_tsw
22:16:43.18 (1223089147)|ENTERING_MANAGED_PKG|tdc_tsw
22:16:43.18 (1229434859)|ENTERING_MANAGED_PKG|tdc_tsw
22:16:43.18 (1230506747)|ENTERING_MANAGED_PKG|tdc_tsw
22:16:43.18 (1236916242)|ENTERING_MANAGED_PKG|tdc_tsw
22:16:43.18 (1237867114)|ENTERING_MANAGED_PKG|tdc_tsw
22:16:43.18 (1244158129)|ENTERING_MANAGED_PKG|tdc_tsw
22:16:43.18 (1245088036)|ENTERING_MANAGED_PKG|tdc_tsw
22:16:43.18 (1251521599)|ENTERING_MANAGED_PKG|tdc_tsw
22:16:43.18 (1252509757)|ENTERING_MANAGED_PKG|tdc_tsw
22:16:43.18 (1258854520)|ENTERING_MANAGED_PKG|tdc_tsw
22:16:43.18 (1259828242)|ENTERING_MANAGED_PKG|tdc_tsw
22:16:43.18 (1266209566)|ENTERING_MANAGED_PKG|tdc_tsw
22:16:43.18 (1267199282)|ENTERING_MANAGED_PKG|tdc_tsw
22:16:43.18 (1273931737)|ENTERING_MANAGED_PKG|tdc_tsw
22:16:43.18 (1274904264)|ENTERING_MANAGED_PKG|tdc_tsw
22:16:43.18 (1281244931)|ENTERING_MANAGED_PKG|tdc_tsw
22:16:43.18 (1282209803)|ENTERING_MANAGED_PKG|tdc_tsw
22:16:43.18 (1288526979)|ENTERING_MANAGED_PKG|tdc_tsw
22:16:43.18 (1289467019)|ENTERING_MANAGED_PKG|tdc_tsw
22:16:43.18 (1295755807)|ENTERING_MANAGED_PKG|tdc_tsw
22:16:43.18 (1296684147)|ENTERING_MANAGED_PKG|tdc_tsw
22:16:43.18 (1302966761)|ENTERING_MANAGED_PKG|tdc_tsw
22:16:43.18 (1303898976)|ENTERING_MANAGED_PKG|tdc_tsw
22:16:43.18 (1310235368)|ENTERING_MANAGED_PKG|tdc_tsw
22:16:43.18 (1311169658)|ENTERING_MANAGED_PKG|tdc_tsw
22:16:43.18 (1317480355)|ENTERING_MANAGED_PKG|tdc_tsw
22:16:43.18 (1318419626)|ENTERING_MANAGED_PKG|tdc_tsw
22:16:43.18 (1324704882)|ENTERING_MANAGED_PKG|tdc_tsw
22:16:43.18 (1325640202)|ENTERING_MANAGED_PKG|tdc_tsw
22:16:43.18 (1331911850)|ENTERING_MANAGED_PKG|tdc_tsw
22:16:43.18 (1332849094)|ENTERING_MANAGED_PKG|tdc_tsw
22:16:43.18 (1339187298)|ENTERING_MANAGED_PKG|tdc_tsw
22:16:43.18 (1340108256)|ENTERING_MANAGED_PKG|tdc_tsw
22:16:43.18 (1346402182)|ENTERING_MANAGED_PKG|tdc_tsw
22:16:43.18 (1347337405)|ENTERING_MANAGED_PKG|tdc_tsw
22:16:43.18 (1353815648)|ENTERING_MANAGED_PKG|tdc_tsw
22:16:43.18 (1354786021)|ENTERING_MANAGED_PKG|tdc_tsw
22:16:43.18 (1361143516)|ENTERING_MANAGED_PKG|tdc_tsw
22:16:43.18 (1362110257)|ENTERING_MANAGED_PKG|tdc_tsw
22:16:43.18 (1368487020)|ENTERING_MANAGED_PKG|tdc_tsw
22:16:43.18 (1369462733)|ENTERING_MANAGED_PKG|tdc_tsw
22:16:43.18 (1375806053)|ENTERING_MANAGED_PKG|tdc_tsw
22:16:43.18 (1376769146)|ENTERING_MANAGED_PKG|tdc_tsw
22:16:43.18 (1383076806)|ENTERING_MANAGED_PKG|tdc_tsw
22:16:43.18 (1384048509)|ENTERING_MANAGED_PKG|tdc_tsw
22:16:43.18 (1390415327)|ENTERING_MANAGED_PKG|tdc_tsw
22:16:43.18 (1391382317)|ENTERING_MANAGED_PKG|tdc_tsw
22:16:43.18 (1398229664)|ENTERING_MANAGED_PKG|tdc_tsw
22:16:43.18 (1399221025)|ENTERING_MANAGED_PKG|tdc_tsw
22:16:43.18 (1405630388)|ENTERING_MANAGED_PKG|tdc_tsw
22:16:43.18 (1406631694)|ENTERING_MANAGED_PKG|tdc_tsw
22:16:43.18 (1413117969)|ENTERING_MANAGED_PKG|tdc_tsw
22:16:43.18 (1414100090)|ENTERING_MANAGED_PKG|tdc_tsw
22:16:43.18 (1420411239)|ENTERING_MANAGED_PKG|tdc_tsw
22:16:43.18 (1421357740)|ENTERING_MANAGED_PKG|tdc_tsw
22:16:43.18 (1427677855)|ENTERING_MANAGED_PKG|tdc_tsw
22:16:43.18 (1428633302)|ENTERING_MANAGED_PKG|tdc_tsw
22:16:43.18 (1434967840)|ENTERING_MANAGED_PKG|tdc_tsw
22:16:43.18 (1435951578)|ENTERING_MANAGED_PKG|tdc_tsw
22:16:43.18 (1442252664)|ENTERING_MANAGED_PKG|tdc_tsw
22:16:43.18 (1443213249)|ENTERING_MANAGED_PKG|tdc_tsw
22:16:43.18 (1449540903)|ENTERING_MANAGED_PKG|tdc_tsw
22:16:43.18 (1452262473)|ENTERING_MANAGED_PKG|tdc_tsw
22:16:43.18 (1452467278)|ENTERING_MANAGED_PKG|tdc_tsw
22:16:43.18 (1452723515)|ENTERING_MANAGED_PKG|tdc_tsw
22:16:43.18 (1452779751)|ENTERING_MANAGED_PKG|tdc_tsw
22:16:43.18 (1452836752)|ENTERING_MANAGED_PKG|tdc_tsw
22:16:43.18 (1452884907)|ENTERING_MANAGED_PKG|tdc_tsw
22:16:43.18 (1452931645)|ENTERING_MANAGED_PKG|tdc_tsw
22:16:43.18 (1453045734)|ENTERING_MANAGED_PKG|tdc_tsw
22:16:43.18 (1453286342)|ENTERING_MANAGED_PKG|tdc_tsw
22:16:43.18 (1453323669)|ENTERING_MANAGED_PKG|tdc_tsw
22:16:43.18 (1453368133)|ENTERING_MANAGED_PKG|tdc_tsw
22:16:43.18 (1453410737)|ENTERING_MANAGED_PKG|tdc_tsw
22:16:43.18 (1453447898)|ENTERING_MANAGED_PKG|tdc_tsw
22:16:43.18 (1453545336)|ENTERING_MANAGED_PKG|tdc_tsw
22:16:43.18 (1453738617)|ENTERING_MANAGED_PKG|tdc_tsw
22:16:43.18 (1453775950)|ENTERING_MANAGED_PKG|tdc_tsw
22:16:43.18 (1453819669)|ENTERING_MANAGED_PKG|tdc_tsw
22:16:43.18 (1453861579)|ENTERING_MANAGED_PKG|tdc_tsw
22:16:43.18 (1453898698)|ENTERING_MANAGED_PKG|tdc_tsw
22:16:43.18 (1453993159)|ENTERING_MANAGED_PKG|tdc_tsw
22:16:43.18 (1454189673)|ENTERING_MANAGED_PKG|tdc_tsw
22:16:43.18 (1454227288)|ENTERING_MANAGED_PKG|tdc_tsw
22:16:43.18 (1454270905)|ENTERING_MANAGED_PKG|tdc_tsw
22:16:43.18 (1454312669)|ENTERING_MANAGED_PKG|tdc_tsw
22:16:43.18 (1454349634)|ENTERING_MANAGED_PKG|tdc_tsw
22:16:43.18 (1454445247)|ENTERING_MANAGED_PKG|tdc_tsw
22:16:43.18 (1454633250)|ENTERING_MANAGED_PKG|tdc_tsw
22:16:43.18 (1454669947)|ENTERING_MANAGED_PKG|tdc_tsw
22:16:43.18 (1454715097)|ENTERING_MANAGED_PKG|tdc_tsw
22:16:43.18 (1454756636)|ENTERING_MANAGED_PKG|tdc_tsw
22:16:43.18 (1454793115)|ENTERING_MANAGED_PKG|tdc_tsw
22:16:43.18 (1454888749)|ENTERING_MANAGED_PKG|tdc_tsw
22:16:43.18 (1455073777)|ENTERING_MANAGED_PKG|tdc_tsw
22:16:43.18 (1455113242)|ENTERING_MANAGED_PKG|tdc_tsw
22:16:43.18 (1455219272)|ENTERING_MANAGED_PKG|tdc_tsw
22:16:43.18 (1455267883)|ENTERING_MANAGED_PKG|tdc_tsw
22:16:43.18 (1455305186)|ENTERING_MANAGED_PKG|tdc_tsw
22:16:43.18 (1455400993)|ENTERING_MANAGED_PKG|tdc_tsw
22:16:43.18 (1455587515)|ENTERING_MANAGED_PKG|tdc_tsw
22:16:43.18 (1455623962)|ENTERING_MANAGED_PKG|tdc_tsw
22:16:43.18 (1455667073)|ENTERING_MANAGED_PKG|tdc_tsw
22:16:43.18 (1455710179)|ENTERING_MANAGED_PKG|tdc_tsw
22:16:43.18 (1455745030)|ENTERING_MANAGED_PKG|tdc_tsw
22:16:43.18 (1455841371)|ENTERING_MANAGED_PKG|tdc_tsw
22:16:43.18 (1456023860)|ENTERING_MANAGED_PKG|tdc_tsw
22:16:43.18 (1456060986)|ENTERING_MANAGED_PKG|tdc_tsw
22:16:43.18 (1456103614)|ENTERING_MANAGED_PKG|tdc_tsw
22:16:43.18 (1456152333)|ENTERING_MANAGED_PKG|tdc_tsw
22:16:43.18 (1456190478)|ENTERING_MANAGED_PKG|tdc_tsw
22:16:43.18 (1456285977)|ENTERING_MANAGED_PKG|tdc_tsw
22:16:43.18 (1456468350)|ENTERING_MANAGED_PKG|tdc_tsw
22:16:43.18 (1456504275)|ENTERING_MANAGED_PKG|tdc_tsw
22:16:43.18 (1456546519)|ENTERING_MANAGED_PKG|tdc_tsw
22:16:43.18 (1456587608)|ENTERING_MANAGED_PKG|tdc_tsw
22:16:43.18 (1456624419)|ENTERING_MANAGED_PKG|tdc_tsw
22:16:43.18 (1456717913)|ENTERING_MANAGED_PKG|tdc_tsw
22:16:43.18 (1456907323)|ENTERING_MANAGED_PKG|tdc_tsw
22:16:43.18 (1456943713)|ENTERING_MANAGED_PKG|tdc_tsw
22:16:43.18 (1456985996)|ENTERING_MANAGED_PKG|tdc_tsw
22:16:43.18 (1457027092)|ENTERING_MANAGED_PKG|tdc_tsw
22:16:43.18 (1457064924)|ENTERING_MANAGED_PKG|tdc_tsw
22:16:43.18 (1457164340)|ENTERING_MANAGED_PKG|tdc_tsw
22:16:43.18 (1457347627)|ENTERING_MANAGED_PKG|tdc_tsw
22:16:43.18 (1457383606)|ENTERING_MANAGED_PKG|tdc_tsw
22:16:43.18 (1457426149)|ENTERING_MANAGED_PKG|tdc_tsw
22:16:43.18 (1457467417)|ENTERING_MANAGED_PKG|tdc_tsw
22:16:43.18 (1457503986)|ENTERING_MANAGED_PKG|tdc_tsw
22:16:43.18 (1457595366)|ENTERING_MANAGED_PKG|tdc_tsw
22:16:43.18 (1457779849)|ENTERING_MANAGED_PKG|tdc_tsw
22:16:43.18 (1457815683)|ENTERING_MANAGED_PKG|tdc_tsw
22:16:43.18 (1457858504)|ENTERING_MANAGED_PKG|tdc_tsw
22:16:43.18 (1457899650)|ENTERING_MANAGED_PKG|tdc_tsw
22:16:43.18 (1457936085)|ENTERING_MANAGED_PKG|tdc_tsw
22:16:43.18 (1458030422)|ENTERING_MANAGED_PKG|tdc_tsw
22:16:43.18 (1458219740)|ENTERING_MANAGED_PKG|tdc_tsw
22:16:43.18 (1458255613)|ENTERING_MANAGED_PKG|tdc_tsw
22:16:43.18 (1458298080)|ENTERING_MANAGED_PKG|tdc_tsw
22:16:43.18 (1458339438)|ENTERING_MANAGED_PKG|tdc_tsw
22:16:43.18 (1458375855)|ENTERING_MANAGED_PKG|tdc_tsw
22:16:43.18 (1458468612)|ENTERING_MANAGED_PKG|tdc_tsw
22:16:43.18 (1458651465)|ENTERING_MANAGED_PKG|tdc_tsw
22:16:43.18 (1458687544)|ENTERING_MANAGED_PKG|tdc_tsw
22:16:43.18 (1458730673)|ENTERING_MANAGED_PKG|tdc_tsw
22:16:43.18 (1458771810)|ENTERING_MANAGED_PKG|tdc_tsw
22:16:43.18 (1458808271)|ENTERING_MANAGED_PKG|tdc_tsw
22:16:43.18 (1458900291)|ENTERING_MANAGED_PKG|tdc_tsw
22:16:43.18 (1459080931)|ENTERING_MANAGED_PKG|tdc_tsw
22:16:43.18 (1459117970)|ENTERING_MANAGED_PKG|tdc_tsw
22:16:43.18 (1459166569)|ENTERING_MANAGED_PKG|tdc_tsw
22:16:43.18 (1459209478)|ENTERING_MANAGED_PKG|tdc_tsw
22:16:43.18 (1459246028)|ENTERING_MANAGED_PKG|tdc_tsw
22:16:43.18 (1459338598)|ENTERING_MANAGED_PKG|tdc_tsw
22:16:43.18 (1459520194)|ENTERING_MANAGED_PKG|tdc_tsw
22:16:43.18 (1459556785)|ENTERING_MANAGED_PKG|tdc_tsw
22:16:43.18 (1459601018)|ENTERING_MANAGED_PKG|tdc_tsw
22:16:43.18 (1459642222)|ENTERING_MANAGED_PKG|tdc_tsw
22:16:43.18 (1459678869)|ENTERING_MANAGED_PKG|tdc_tsw
22:16:43.18 (1459772192)|ENTERING_MANAGED_PKG|tdc_tsw
22:16:43.18 (1459953489)|ENTERING_MANAGED_PKG|tdc_tsw
22:16:43.18 (1459989663)|ENTERING_MANAGED_PKG|tdc_tsw
22:16:43.18 (1460032459)|ENTERING_MANAGED_PKG|tdc_tsw
22:16:43.18 (1460076363)|ENTERING_MANAGED_PKG|tdc_tsw
22:16:43.18 (1460111312)|ENTERING_MANAGED_PKG|tdc_tsw
22:16:43.18 (1460213721)|ENTERING_MANAGED_PKG|tdc_tsw
22:16:43.18 (1460395885)|ENTERING_MANAGED_PKG|tdc_tsw
22:16:43.18 (1460431723)|ENTERING_MANAGED_PKG|tdc_tsw
22:16:43.18 (1460474187)|ENTERING_MANAGED_PKG|tdc_tsw
22:16:43.18 (1460515705)|ENTERING_MANAGED_PKG|tdc_tsw
22:16:43.18 (1460555128)|ENTERING_MANAGED_PKG|tdc_tsw
22:16:43.18 (1460647711)|ENTERING_MANAGED_PKG|tdc_tsw
22:16:43.18 (1460829458)|ENTERING_MANAGED_PKG|tdc_tsw
22:16:43.18 (1460865634)|ENTERING_MANAGED_PKG|tdc_tsw
22:16:43.18 (1460908052)|ENTERING_MANAGED_PKG|tdc_tsw
22:16:43.18 (1460949255)|ENTERING_MANAGED_PKG|tdc_tsw
22:16:43.18 (1460986312)|ENTERING_MANAGED_PKG|tdc_tsw
22:16:43.18 (1461081483)|ENTERING_MANAGED_PKG|tdc_tsw
22:16:43.18 (1461270187)|ENTERING_MANAGED_PKG|tdc_tsw
22:16:43.18 (1461306038)|ENTERING_MANAGED_PKG|tdc_tsw
22:16:43.18 (1461348186)|ENTERING_MANAGED_PKG|tdc_tsw
22:16:43.18 (1461404475)|ENTERING_MANAGED_PKG|tdc_tsw
22:16:43.18 (1461445501)|ENTERING_MANAGED_PKG|tdc_tsw
22:16:43.18 (1461541121)|ENTERING_MANAGED_PKG|tdc_tsw
22:16:43.18 (1461725782)|ENTERING_MANAGED_PKG|tdc_tsw
22:16:43.18 (1461761420)|ENTERING_MANAGED_PKG|tdc_tsw
22:16:43.18 (1461804122)|ENTERING_MANAGED_PKG|tdc_tsw
22:16:43.18 (1461845313)|ENTERING_MANAGED_PKG|tdc_tsw
22:16:43.18 (1461882675)|ENTERING_MANAGED_PKG|tdc_tsw
22:16:43.18 (1461988978)|ENTERING_MANAGED_PKG|tdc_tsw
22:16:43.18 (1462181673)|ENTERING_MANAGED_PKG|tdc_tsw
22:16:43.18 (1462218754)|ENTERING_MANAGED_PKG|tdc_tsw
22:16:43.18 (1462261532)|ENTERING_MANAGED_PKG|tdc_tsw
22:16:43.18 (1462302726)|ENTERING_MANAGED_PKG|tdc_tsw
22:16:43.18 (1462339434)|ENTERING_MANAGED_PKG|tdc_tsw
22:16:43.18 (1462433445)|ENTERING_MANAGED_PKG|tdc_tsw
22:16:43.18 (1462616786)|ENTERING_MANAGED_PKG|tdc_tsw
22:16:43.18 (1462652611)|ENTERING_MANAGED_PKG|tdc_tsw
22:16:43.18 (1462694657)|ENTERING_MANAGED_PKG|tdc_tsw
22:16:43.18 (1462735649)|ENTERING_MANAGED_PKG|tdc_tsw
22:16:43.18 (1462772567)|ENTERING_MANAGED_PKG|tdc_tsw
22:16:43.18 (1462864937)|ENTERING_MANAGED_PKG|tdc_tsw
22:16:43.18 (1463049298)|ENTERING_MANAGED_PKG|tdc_tsw
22:16:43.18 (1463086127)|ENTERING_MANAGED_PKG|tdc_tsw
22:16:43.18 (1463133269)|ENTERING_MANAGED_PKG|tdc_tsw
22:16:43.18 (1463176144)|ENTERING_MANAGED_PKG|tdc_tsw
22:16:43.18 (1463212572)|ENTERING_MANAGED_PKG|tdc_tsw
22:16:43.18 (1463305377)|ENTERING_MANAGED_PKG|tdc_tsw
22:16:43.18 (1463489495)|ENTERING_MANAGED_PKG|tdc_tsw
22:16:43.18 (1463525638)|ENTERING_MANAGED_PKG|tdc_tsw
22:16:43.18 (1463567769)|ENTERING_MANAGED_PKG|tdc_tsw
22:16:43.18 (1463608356)|ENTERING_MANAGED_PKG|tdc_tsw
22:16:43.18 (1463644881)|ENTERING_MANAGED_PKG|tdc_tsw
22:16:43.18 (1463737730)|ENTERING_MANAGED_PKG|tdc_tsw
22:16:43.18 (1463919887)|ENTERING_MANAGED_PKG|tdc_tsw
22:16:43.18 (1463956368)|ENTERING_MANAGED_PKG|tdc_tsw
22:16:43.18 (1464000781)|ENTERING_MANAGED_PKG|tdc_tsw
22:16:43.18 (1464042360)|ENTERING_MANAGED_PKG|tdc_tsw
22:16:43.18 (1464078689)|ENTERING_MANAGED_PKG|tdc_tsw
22:16:43.18 (1464177260)|ENTERING_MANAGED_PKG|tdc_tsw
22:16:43.18 (1464357316)|ENTERING_MANAGED_PKG|tdc_tsw
22:16:43.18 (1464392985)|ENTERING_MANAGED_PKG|tdc_tsw
22:16:43.18 (1464435387)|ENTERING_MANAGED_PKG|tdc_tsw
22:16:43.18 (1464476470)|ENTERING_MANAGED_PKG|tdc_tsw
22:16:43.18 (1464513155)|ENTERING_MANAGED_PKG|tdc_tsw
22:16:43.18 (1464608496)|ENTERING_MANAGED_PKG|tdc_tsw
22:16:43.18 (1464789332)|ENTERING_MANAGED_PKG|tdc_tsw
22:16:43.18 (1464825446)|ENTERING_MANAGED_PKG|tdc_tsw
22:16:43.18 (1464868258)|ENTERING_MANAGED_PKG|tdc_tsw
22:16:43.18 (1464911042)|ENTERING_MANAGED_PKG|tdc_tsw
22:16:43.18 (1464945281)|ENTERING_MANAGED_PKG|tdc_tsw
22:16:43.18 (1465041044)|ENTERING_MANAGED_PKG|tdc_tsw
22:16:43.18 (1465230098)|ENTERING_MANAGED_PKG|tdc_tsw
22:16:43.18 (1465266044)|ENTERING_MANAGED_PKG|tdc_tsw
22:16:43.18 (1465308752)|ENTERING_MANAGED_PKG|tdc_tsw
22:16:43.18 (1465349694)|ENTERING_MANAGED_PKG|tdc_tsw
22:16:43.18 (1465386635)|ENTERING_MANAGED_PKG|tdc_tsw
22:16:43.18 (1465480566)|ENTERING_MANAGED_PKG|tdc_tsw
22:16:43.18 (1465661132)|ENTERING_MANAGED_PKG|tdc_tsw
22:16:43.18 (1465697099)|ENTERING_MANAGED_PKG|tdc_tsw
22:16:43.18 (1465739300)|ENTERING_MANAGED_PKG|tdc_tsw
22:16:43.18 (1465780371)|ENTERING_MANAGED_PKG|tdc_tsw
22:16:43.18 (1465816717)|ENTERING_MANAGED_PKG|tdc_tsw
22:16:43.18 (1465910054)|ENTERING_MANAGED_PKG|tdc_tsw
22:16:43.18 (1466091425)|ENTERING_MANAGED_PKG|tdc_tsw
22:16:43.18 (1466132609)|ENTERING_MANAGED_PKG|tdc_tsw
22:16:43.18 (1466176731)|ENTERING_MANAGED_PKG|tdc_tsw
22:16:43.18 (1466217085)|ENTERING_MANAGED_PKG|tdc_tsw
22:16:43.18 (1466253878)|ENTERING_MANAGED_PKG|tdc_tsw
22:16:43.18 (1466346759)|ENTERING_MANAGED_PKG|tdc_tsw
22:16:43.18 (1466536862)|ENTERING_MANAGED_PKG|tdc_tsw
22:16:43.18 (1466573183)|ENTERING_MANAGED_PKG|tdc_tsw
22:16:43.18 (1466615686)|ENTERING_MANAGED_PKG|tdc_tsw
22:16:43.18 (1466656208)|ENTERING_MANAGED_PKG|tdc_tsw
22:16:43.18 (1466692657)|ENTERING_MANAGED_PKG|tdc_tsw
22:16:43.18 (1466785408)|ENTERING_MANAGED_PKG|tdc_tsw
22:16:43.18 (1466968872)|ENTERING_MANAGED_PKG|tdc_tsw
22:16:43.18 (1467004445)|ENTERING_MANAGED_PKG|tdc_tsw
22:16:43.18 (1467047603)|ENTERING_MANAGED_PKG|tdc_tsw
22:16:43.18 (1467088206)|ENTERING_MANAGED_PKG|tdc_tsw
22:16:43.18 (1467130288)|ENTERING_MANAGED_PKG|tdc_tsw
22:16:43.18 (1467225908)|ENTERING_MANAGED_PKG|tdc_tsw
22:16:43.18 (1467407084)|ENTERING_MANAGED_PKG|tdc_tsw
22:16:43.18 (1467443333)|ENTERING_MANAGED_PKG|tdc_tsw
22:16:43.18 (1467487450)|ENTERING_MANAGED_PKG|tdc_tsw
22:16:43.18 (1467528093)|ENTERING_MANAGED_PKG|tdc_tsw
22:16:43.18 (1467564495)|ENTERING_MANAGED_PKG|tdc_tsw
22:16:43.18 (1467657282)|ENTERING_MANAGED_PKG|tdc_tsw
22:16:43.18 (1467841870)|ENTERING_MANAGED_PKG|tdc_tsw
22:16:43.18 (1467877371)|ENTERING_MANAGED_PKG|tdc_tsw
22:16:43.18 (1467919502)|ENTERING_MANAGED_PKG|tdc_tsw
22:16:43.18 (1467960389)|ENTERING_MANAGED_PKG|tdc_tsw
22:16:43.18 (1467997204)|ENTERING_MANAGED_PKG|tdc_tsw
22:16:43.18 (1468089869)|ENTERING_MANAGED_PKG|tdc_tsw
22:16:43.18 (1468276115)|ENTERING_MANAGED_PKG|tdc_tsw
22:16:43.18 (1468312294)|ENTERING_MANAGED_PKG|tdc_tsw
22:16:43.18 (1468356315)|ENTERING_MANAGED_PKG|tdc_tsw
22:16:43.18 (1468397700)|ENTERING_MANAGED_PKG|tdc_tsw
22:16:43.18 (1468437849)|ENTERING_MANAGED_PKG|tdc_tsw
22:16:43.18 (1468541166)|ENTERING_MANAGED_PKG|tdc_tsw
22:16:43.18 (1468723083)|ENTERING_MANAGED_PKG|tdc_tsw
22:16:43.18 (1468759021)|ENTERING_MANAGED_PKG|tdc_tsw
22:16:43.18 (1468801409)|ENTERING_MANAGED_PKG|tdc_tsw
22:16:43.18 (1468842534)|ENTERING_MANAGED_PKG|tdc_tsw
22:16:43.18 (1468881516)|ENTERING_MANAGED_PKG|tdc_tsw
22:16:43.18 (1468982402)|ENTERING_MANAGED_PKG|tdc_tsw
22:16:43.18 (1469170937)|ENTERING_MANAGED_PKG|tdc_tsw
22:16:43.18 (1469208543)|ENTERING_MANAGED_PKG|tdc_tsw
22:16:43.18 (1469251412)|ENTERING_MANAGED_PKG|tdc_tsw
22:16:43.18 (1469294371)|ENTERING_MANAGED_PKG|tdc_tsw
22:16:43.18 (1469329015)|ENTERING_MANAGED_PKG|tdc_tsw
22:16:43.18 (1469428809)|ENTERING_MANAGED_PKG|tdc_tsw
22:16:43.18 (1469611010)|ENTERING_MANAGED_PKG|tdc_tsw
22:16:43.18 (1469646865)|ENTERING_MANAGED_PKG|tdc_tsw
22:16:43.18 (1469689018)|ENTERING_MANAGED_PKG|tdc_tsw
22:16:43.18 (1469730017)|ENTERING_MANAGED_PKG|tdc_tsw
22:16:43.18 (1469766788)|ENTERING_MANAGED_PKG|tdc_tsw
22:16:43.18 (1469860633)|ENTERING_MANAGED_PKG|tdc_tsw
22:16:43.18 (1470044194)|ENTERING_MANAGED_PKG|tdc_tsw
22:16:43.18 (1470081386)|ENTERING_MANAGED_PKG|tdc_tsw
22:16:43.18 (1470124169)|ENTERING_MANAGED_PKG|tdc_tsw
22:16:43.18 (1470170980)|ENTERING_MANAGED_PKG|tdc_tsw
22:16:43.18 (1470207717)|ENTERING_MANAGED_PKG|tdc_tsw
22:16:43.18 (1470302560)|ENTERING_MANAGED_PKG|tdc_tsw
22:16:43.18 (1470540107)|ENTERING_MANAGED_PKG|tdc_tsw
22:16:43.18 (1470576811)|ENTERING_MANAGED_PKG|tdc_tsw
22:16:43.18 (1470622847)|ENTERING_MANAGED_PKG|tdc_tsw
22:16:43.18 (1470664165)|ENTERING_MANAGED_PKG|tdc_tsw
22:16:43.18 (1470701098)|ENTERING_MANAGED_PKG|tdc_tsw
22:16:43.18 (1470795822)|ENTERING_MANAGED_PKG|tdc_tsw
22:16:43.18 (1471025296)|ENTERING_MANAGED_PKG|tdc_tsw
22:16:43.18 (1471085732)|ENTERING_MANAGED_PKG|tdc_tsw
22:16:43.18 (1471154828)|ENTERING_MANAGED_PKG|tdc_tsw
22:16:43.18 (1471199340)|ENTERING_MANAGED_PKG|tdc_tsw
22:16:43.18 (1471239698)|ENTERING_MANAGED_PKG|tdc_tsw
22:16:43.18 (1471335283)|ENTERING_MANAGED_PKG|tdc_tsw
22:16:43.18 (1471560150)|ENTERING_MANAGED_PKG|tdc_tsw
22:16:43.18 (1471620226)|ENTERING_MANAGED_PKG|tdc_tsw
22:16:43.18 (1471670372)|ENTERING_MANAGED_PKG|tdc_tsw
22:16:43.18 (1471712075)|ENTERING_MANAGED_PKG|tdc_tsw
22:16:43.18 (1471749095)|ENTERING_MANAGED_PKG|tdc_tsw
22:16:43.18 (1471843956)|ENTERING_MANAGED_PKG|tdc_tsw
22:16:43.18 (1472032917)|ENTERING_MANAGED_PKG|tdc_tsw
22:16:43.18 (1472071017)|ENTERING_MANAGED_PKG|tdc_tsw
22:16:43.18 (1472113727)|ENTERING_MANAGED_PKG|tdc_tsw
22:16:43.18 (1472164946)|ENTERING_MANAGED_PKG|tdc_tsw
22:16:43.18 (1472203693)|ENTERING_MANAGED_PKG|tdc_tsw
22:16:43.18 (1472303760)|ENTERING_MANAGED_PKG|tdc_tsw
22:16:43.18 (1472497971)|ENTERING_MANAGED_PKG|tdc_tsw
22:16:43.18 (1472534302)|ENTERING_MANAGED_PKG|tdc_tsw
22:16:43.18 (1472583301)|ENTERING_MANAGED_PKG|tdc_tsw
22:16:43.18 (1472625093)|ENTERING_MANAGED_PKG|tdc_tsw
22:16:43.18 (1472665677)|ENTERING_MANAGED_PKG|tdc_tsw
22:16:43.18 (1472772895)|ENTERING_MANAGED_PKG|tdc_tsw
22:16:43.18 (1472967512)|ENTERING_MANAGED_PKG|tdc_tsw
22:16:43.18 (1473004156)|ENTERING_MANAGED_PKG|tdc_tsw
22:16:43.18 (1473057183)|ENTERING_MANAGED_PKG|tdc_tsw
22:16:43.18 (1473120674)|ENTERING_MANAGED_PKG|tdc_tsw
22:16:43.18 (1473174037)|ENTERING_MANAGED_PKG|tdc_tsw
22:16:43.18 (1473276830)|ENTERING_MANAGED_PKG|tdc_tsw
22:16:43.18 (1473466734)|ENTERING_MANAGED_PKG|tdc_tsw
22:16:43.18 (1473507878)|ENTERING_MANAGED_PKG|tdc_tsw
22:16:43.18 (1473551424)|ENTERING_MANAGED_PKG|tdc_tsw
22:16:43.18 (1473598605)|ENTERING_MANAGED_PKG|tdc_tsw
22:16:43.18 (1473634930)|ENTERING_MANAGED_PKG|tdc_tsw
22:16:43.18 (1473733820)|ENTERING_MANAGED_PKG|tdc_tsw
22:16:43.18 (1473926354)|ENTERING_MANAGED_PKG|tdc_tsw
22:16:43.18 (1473962922)|ENTERING_MANAGED_PKG|tdc_tsw
22:16:43.18 (1474010461)|ENTERING_MANAGED_PKG|tdc_tsw
22:16:43.18 (1474054430)|ENTERING_MANAGED_PKG|tdc_tsw
22:16:43.18 (1474105312)|ENTERING_MANAGED_PKG|tdc_tsw
22:16:43.18 (1474218417)|ENTERING_MANAGED_PKG|tdc_tsw
22:16:43.18 (1474411526)|ENTERING_MANAGED_PKG|tdc_tsw
22:16:43.18 (1474448171)|ENTERING_MANAGED_PKG|tdc_tsw
22:16:43.18 (1474494283)|ENTERING_MANAGED_PKG|tdc_tsw
22:16:43.18 (1474535941)|ENTERING_MANAGED_PKG|tdc_tsw
22:16:43.18 (1474577084)|ENTERING_MANAGED_PKG|tdc_tsw
22:16:43.18 (1475433349)|ENTERING_MANAGED_PKG|tdc_tsw
22:16:43.18 (1475650969)|ENTERING_MANAGED_PKG|tdc_tsw
22:16:43.18 (1475707853)|ENTERING_MANAGED_PKG|tdc_tsw
22:16:43.18 (1475786971)|ENTERING_MANAGED_PKG|tdc_tsw
22:16:43.18 (1475845692)|ENTERING_MANAGED_PKG|tdc_tsw
22:16:43.18 (1475887138)|ENTERING_MANAGED_PKG|tdc_tsw
22:16:43.18 (1475985118)|ENTERING_MANAGED_PKG|tdc_tsw
22:16:43.18 (1483124019)|ENTERING_MANAGED_PKG|tdc_tsw
22:16:43.18 (1483237356)|ENTERING_MANAGED_PKG|tdc_tsw
22:16:43.18 (1483331074)|ENTERING_MANAGED_PKG|tdc_tsw
22:16:43.18 (1483425911)|ENTERING_MANAGED_PKG|tdc_tsw
22:16:43.18 (1483563545)|ENTERING_MANAGED_PKG|tdc_tsw
22:16:43.18 (1483637202)|ENTERING_MANAGED_PKG|tdc_tsw
22:16:43.18 (1483837633)|ENTERING_MANAGED_PKG|tdc_tsw
22:16:43.18 (1483925673)|ENTERING_MANAGED_PKG|tdc_tsw
22:16:43.18 (1484140101)|ENTERING_MANAGED_PKG|tdc_tsw
22:16:43.18 (1535997896)|SOQL_EXECUTE_BEGIN|[1842]|Aggregations:0|SELECT Id, name FROM RecordType WHERE (sObjectType = :tmpVar1 AND name = :tmpVar2) LIMIT 1
22:16:43.18 (1544771591)|SOQL_EXECUTE_END|[1842]|Rows:1
22:16:43.18 (1548467222)|ENTERING_MANAGED_PKG|tdc_tsw
22:16:43.18 (1554330776)|DML_BEGIN|[719]|Op:Insert|Type:tdc_tsw__Message__c|Rows:1
22:16:43.18 (1564294913)|ENTERING_MANAGED_PKG|tdc_tsw
22:16:43.565 (1565924305)|CUMULATIVE_LIMIT_USAGE
22:16:43.565 (1565924305)|LIMIT_USAGE_FOR_NS|(default)|
  Number of SOQL queries: 0 out of 200
  Number of query rows: 0 out of 50000
  Number of SOSL queries: 0 out of 20
  Number of DML statements: 0 out of 150
  Number of DML rows: 0 out of 10000
  Maximum CPU time: 699 out of 60000
  Maximum heap size: 0 out of 12000000
  Number of callouts: 0 out of 100
  Number of Email Invocations: 0 out of 10
  Number of future calls: 0 out of 50
  Number of queueable jobs added to the queue: 0 out of 1
  Number of Mobile Apex push calls: 0 out of 10

22:16:43.565 (1565924305)|LIMIT_USAGE_FOR_NS|tdc_tsw|
  Number of SOQL queries: 1 out of 200
  Number of query rows: 1 out of 50000
  Number of SOSL queries: 0 out of 20
  Number of DML statements: 1 out of 150
  Number of DML rows: 1 out of 10000
  Maximum CPU time: 0 out of 60000
  Maximum heap size: 0 out of 12000000
  Number of callouts: 2 out of 100
  Number of Email Invocations: 0 out of 10
  Number of future calls: 0 out of 50
  Number of queueable jobs added to the queue: 0 out of 1
  Number of Mobile Apex push calls: 0 out of 10

22:16:43.565 (1565924305)|CUMULATIVE_LIMIT_USAGE_END

22:16:43.570 (1570932534)|CODE_UNIT_STARTED|[EXTERNAL]|01q3B000000BSJB|IncomingSMS on Message trigger event BeforeInsert|__sfdc_trigger/IncomingSMS
22:16:43.570 (1571020056)|HEAP_ALLOCATE|[EXTERNAL]|Bytes:8
22:16:43.570 (1571195244)|HEAP_ALLOCATE|[EXTERNAL]|Bytes:1
22:16:43.570 (1571263147)|HEAP_ALLOCATE|[EXTERNAL]|Bytes:4
22:16:43.570 (1571300563)|VARIABLE_SCOPE_BEGIN|[1]|this|IncomingSMS|true|false
22:16:43.570 (1571807528)|VARIABLE_ASSIGNMENT|[1]|this|{}|0x6ae49f76
22:16:43.570 (1571891864)|HEAP_ALLOCATE|[EXTERNAL]|Bytes:4
22:16:43.570 (1571906537)|VARIABLE_SCOPE_BEGIN|[1]|this|IncomingSMS|true|false
22:16:43.570 (1571964847)|VARIABLE_ASSIGNMENT|[1]|this|{}|0x6ae49f76
22:16:43.570 (1572007274)|STATEMENT_EXECUTE|[1]
22:16:43.570 (1572043554)|STATEMENT_EXECUTE|[2]
22:16:43.570 (1572305584)|HEAP_ALLOCATE|[3]|Bytes:5
22:16:43.570 (1572355666)|HEAP_ALLOCATE|[3]|Bytes:4
22:16:43.570 (1572370839)|VARIABLE_SCOPE_BEGIN|[3]|sms|tdc_tsw__Message__c|true|false
22:16:43.570 (1580240432)|VARIABLE_ASSIGNMENT|[3]|sms|{"tdc_tsw__ToNumber__c":"+13038816946","tdc_tsw__Sender_Number__c":"17065037067","tdc_tsw__Read__c":false,"tdc_tsw__Message_Segment__c":1,"tdc_tsw__Read_Status__c":"Unread","tdc_tsw__Task_Created__c":false,"Name":"Outgoing","tdc_tsw__Event_Created__c":false,"tdc_tsw__Message_Text_New__c":"No match found","tdc_tsw__MessageId__c":"SMe98675144d2647ffbd (14 more) ...","tdc_tsw__Is_Keyword_Based__c":false,"OwnerId":"0051H000009gxp8QAA","tdc_tsw__Related_Object_Id_URL__c":"_HL_ENCODED_https:// (97 more) ...","RecordTypeId":"0121H000001Ie7gQAC","tdc_tsw__Delivered_SMS__c":"_IM1_/resource/tdc_t (27 more) ...","tdc_tsw__Important__c":false,"tdc_tsw__Delivered__c":false,"tdc_tsw__Related_Object__c":"tdc_tsw__Message__c","IsDeleted":false,"tdc_tsw__Incoming_Status__c":"Not Read","tdc_tsw__isCaseCreated__c":false,"tdc_tsw__Message__c":"a173B000000se8UQAQ","tdc_tsw__Related_Object_Id__c":"a173B000000se8UQAQ","tdc_tsw__isLeadCreated__c":false,"tdc_tsw__SMS_Template__c":"a153B000000pOiqQAE","tdc_tsw__Template_Parse_Id__c":"a173B000000se8UQAQ","tdc_tsw__Delivery_Status__c":"Sent"}|0x2aa1c60e
22:16:43.570 (1580293530)|STATEMENT_EXECUTE|[3]
22:16:43.570 (1580338209)|HEAP_ALLOCATE|[4]|Bytes:8
22:16:43.570 (1580379923)|STATEMENT_EXECUTE|[4]
22:16:43.570 (1580403179)|HEAP_ALLOCATE|[3]|Bytes:5
22:16:43.570 (1580445601)|VARIABLE_ASSIGNMENT|[3]|sms|null|
22:16:43.580 (1580470564)|CUMULATIVE_LIMIT_USAGE
22:16:43.580 (1580470564)|LIMIT_USAGE_FOR_NS|(default)|
  Number of SOQL queries: 0 out of 200
  Number of query rows: 0 out of 50000
  Number of SOSL queries: 0 out of 20
  Number of DML statements: 0 out of 150
  Number of DML rows: 0 out of 10000
  Maximum CPU time: 699 out of 60000
  Maximum heap size: 0 out of 12000000
  Number of callouts: 0 out of 100
  Number of Email Invocations: 0 out of 10
  Number of future calls: 0 out of 50
  Number of queueable jobs added to the queue: 0 out of 1
  Number of Mobile Apex push calls: 0 out of 10

22:16:43.580 (1580470564)|LIMIT_USAGE_FOR_NS|tdc_tsw|
  Number of SOQL queries: 1 out of 200
  Number of query rows: 1 out of 50000
  Number of SOSL queries: 0 out of 20
  Number of DML statements: 1 out of 150
  Number of DML rows: 1 out of 10000
  Maximum CPU time: 0 out of 60000
  Maximum heap size: 0 out of 12000000
  Number of callouts: 2 out of 100
  Number of Email Invocations: 0 out of 10
  Number of future calls: 0 out of 50
  Number of queueable jobs added to the queue: 0 out of 1
  Number of Mobile Apex push calls: 0 out of 10

22:16:43.580 (1580470564)|CUMULATIVE_LIMIT_USAGE_END

22:16:43.18 (1657708919)|ENTERING_MANAGED_PKG|tdc_tsw
22:16:43.18 (1666266815)|ENTERING_MANAGED_PKG|tdc_tsw
22:16:43.18 (1666972088)|ENTERING_MANAGED_PKG|tdc_tsw
22:16:43.18 (1667218170)|ENTERING_MANAGED_PKG|tdc_tsw
22:16:43.18 (1675484029)|SOQL_EXECUTE_BEGIN|[15]|Aggregations:0|SELECT Id, Email FROM User WHERE isActive = TRUE LIMIT 10000
22:16:43.18 (1683122157)|SOQL_EXECUTE_END|[15]|Rows:9
22:16:43.18 (1686531376)|ENTERING_MANAGED_PKG|tdc_tsw
22:16:43.18 (1690671219)|SOQL_EXECUTE_BEGIN|[434]|Aggregations:0|SELECT id, name, First_Question__c, Question_Text__c, Question__c, Question_Label__c, Object__c, tdc_tsw__Survey__c, Survey__r.name FROM Question__c WHERE id = :tmpVar1
22:16:43.18 (1695141793)|SOQL_EXECUTE_END|[434]|Rows:0
22:16:43.18 (1696023761)|ENTERING_MANAGED_PKG|tdc_tsw
22:16:43.18 (1698006145)|SOQL_EXECUTE_BEGIN|[628]|Aggregations:0|Select id, leadId, contactId from CampaignMember where Id In : Ids
22:16:43.18 (1701750129)|SOQL_EXECUTE_END|[628]|Rows:0
22:16:43.702 (1702524117)|CUMULATIVE_LIMIT_USAGE
22:16:43.702 (1702524117)|LIMIT_USAGE_FOR_NS|(default)|
  Number of SOQL queries: 0 out of 200
  Number of query rows: 0 out of 50000
  Number of SOSL queries: 0 out of 20
  Number of DML statements: 0 out of 150
  Number of DML rows: 0 out of 10000
  Maximum CPU time: 831 out of 60000
  Maximum heap size: 0 out of 12000000
  Number of callouts: 0 out of 100
  Number of Email Invocations: 0 out of 10
  Number of future calls: 0 out of 50
  Number of queueable jobs added to the queue: 0 out of 1
  Number of Mobile Apex push calls: 0 out of 10

22:16:43.702 (1702524117)|LIMIT_USAGE_FOR_NS|tdc_tsw|
  Number of SOQL queries: 4 out of 200
  Number of query rows: 10 out of 50000
  Number of SOSL queries: 0 out of 20
  Number of DML statements: 1 out of 150
  Number of DML rows: 1 out of 10000
  Maximum CPU time: 0 out of 60000
  Maximum heap size: 0 out of 12000000
  Number of callouts: 2 out of 100
  Number of Email Invocations: 0 out of 10
  Number of future calls: 0 out of 50
  Number of queueable jobs added to the queue: 0 out of 1
  Number of Mobile Apex push calls: 0 out of 10

22:16:43.702 (1702524117)|CUMULATIVE_LIMIT_USAGE_END

22:16:43.18 (1753938668)|DML_END|[719]
22:16:43.18 (1754342287)|ENTERING_MANAGED_PKG|tdc_tsw
22:16:43.18 (1756962475)|DML_BEGIN|[1467]|Op:Update|Type:tdc_tsw__OrgSMSConfig__c|Rows:1
22:16:43.18 (1782364886)|DML_END|[1467]
