44.0 APEX_CODE,FINEST;APEX_PROFILING,INFO;CALLOUT,INFO;DB,INFO;NBA,INFO;SYSTEM,DEBUG;VALIDATION,INFO;VISUALFORCE,INFO;WAVE,INFO;WORKFLOW,INFO
19:22:37.0 (162579)|USER_INFO|[EXTERNAL]|0051H000009gxp8|chanida.dev2@solvedbysoftwareco.com|Eastern Standard Time|GMT-05:00
19:22:37.0 (1730773)|ENTERING_MANAGED_PKG|tdc_tsw
19:22:37.0 (2141034)|ENTERING_MANAGED_PKG|tdc_tsw
19:22:37.0 (5844757)|SOQL_EXECUTE_BEGIN|[16]|Aggregations:0|SELECT id, name, Disable_Incoming_SMS_Sharing__c FROM User WHERE id = :tmpVar1
19:22:37.0 (13188446)|SOQL_EXECUTE_END|[16]|Rows:1
19:22:37.0 (19194043)|SOQL_EXECUTE_BEGIN|[37]|Aggregations:0|SELECT CreatedDate,Created_Date__c,Id,LastModifiedDate,MessageId__c,Message_Text_New__c,Name,OwnerId,Read__c,Related_Object_Id__c,Related_Object__c,Sender_Number__c, Sender_Name__c,ToNumber__c,Attachments_Ids__c FROM Message__c WHERE Name = 'Incoming' AND Read__c = false ORDER BY CreatedDate Desc limit 100
19:22:37.0 (35272249)|SOQL_EXECUTE_END|[37]|Rows:75
19:22:37.0 (48286333)|ENTERING_MANAGED_PKG|tdc_tsw
19:22:37.0 (50007794)|ENTERING_MANAGED_PKG|tdc_tsw
19:22:37.0 (50510897)|ENTERING_MANAGED_PKG|tdc_tsw
19:22:37.0 (51185936)|ENTERING_MANAGED_PKG|tdc_tsw
19:22:37.0 (54100288)|ENTERING_MANAGED_PKG|tdc_tsw
19:22:37.0 (54871302)|ENTERING_MANAGED_PKG|tdc_tsw
19:22:37.0 (55087991)|ENTERING_MANAGED_PKG|tdc_tsw
19:22:37.0 (55479478)|ENTERING_MANAGED_PKG|tdc_tsw
19:22:37.0 (56560108)|ENTERING_MANAGED_PKG|tdc_tsw
19:22:37.0 (57318614)|ENTERING_MANAGED_PKG|tdc_tsw
19:22:37.0 (57549265)|ENTERING_MANAGED_PKG|tdc_tsw
19:22:37.0 (57942579)|ENTERING_MANAGED_PKG|tdc_tsw
19:22:37.0 (59016754)|ENTERING_MANAGED_PKG|tdc_tsw
19:22:37.0 (59763975)|ENTERING_MANAGED_PKG|tdc_tsw
19:22:37.0 (59967706)|ENTERING_MANAGED_PKG|tdc_tsw
19:22:37.0 (60363146)|ENTERING_MANAGED_PKG|tdc_tsw
19:22:37.0 (61429451)|ENTERING_MANAGED_PKG|tdc_tsw
19:22:37.0 (62193885)|ENTERING_MANAGED_PKG|tdc_tsw
19:22:37.0 (62397569)|ENTERING_MANAGED_PKG|tdc_tsw
19:22:37.0 (62787654)|ENTERING_MANAGED_PKG|tdc_tsw
19:22:37.0 (63856191)|ENTERING_MANAGED_PKG|tdc_tsw
19:22:37.0 (64618559)|ENTERING_MANAGED_PKG|tdc_tsw
19:22:37.0 (64849018)|ENTERING_MANAGED_PKG|tdc_tsw
19:22:37.0 (65516922)|ENTERING_MANAGED_PKG|tdc_tsw
19:22:37.0 (66689340)|ENTERING_MANAGED_PKG|tdc_tsw
19:22:37.0 (67444512)|ENTERING_MANAGED_PKG|tdc_tsw
19:22:37.0 (67674316)|ENTERING_MANAGED_PKG|tdc_tsw
19:22:37.0 (68163753)|ENTERING_MANAGED_PKG|tdc_tsw
19:22:37.0 (69497840)|ENTERING_MANAGED_PKG|tdc_tsw
19:22:37.0 (70418068)|ENTERING_MANAGED_PKG|tdc_tsw
19:22:37.0 (70500464)|ENTERING_MANAGED_PKG|tdc_tsw
19:22:37.0 (71128695)|SOQL_EXECUTE_BEGIN|[200]|Aggregations:0|SELECT Name, NamespacePrefix, SystemModStamp FROM StaticResource WHERE Name LIKE :tmpVar1 LIMIT 10
19:22:37.0 (74379460)|SOQL_EXECUTE_END|[200]|Rows:1
19:22:37.0 (75267219)|ENTERING_MANAGED_PKG|tdc_tsw
19:22:37.0 (75653450)|SOQL_EXECUTE_BEGIN|[200]|Aggregations:0|SELECT Name, NamespacePrefix, SystemModStamp FROM StaticResource WHERE Name LIKE :tmpVar1 LIMIT 10
19:22:37.0 (78007120)|SOQL_EXECUTE_END|[200]|Rows:1
19:22:37.0 (78434785)|ENTERING_MANAGED_PKG|tdc_tsw
19:22:37.0 (82179309)|ENTERING_MANAGED_PKG|tdc_tsw
19:22:37.0 (83658767)|ENTERING_MANAGED_PKG|tdc_tsw
19:22:37.0 (83960284)|ENTERING_MANAGED_PKG|tdc_tsw
19:22:37.0 (84781682)|ENTERING_MANAGED_PKG|tdc_tsw
19:22:37.0 (85199719)|SOQL_EXECUTE_BEGIN|[200]|Aggregations:0|SELECT Name, NamespacePrefix, SystemModStamp FROM StaticResource WHERE Name LIKE :tmpVar1 LIMIT 10
19:22:37.0 (87737401)|SOQL_EXECUTE_END|[200]|Rows:1
19:22:37.104 (104055592)|USER_INFO|[EXTERNAL]|0051H000009gxp8|chanida.dev2@solvedbysoftwareco.com|Eastern Standard Time|GMT-05:00
19:22:37.104 (105432468)|ENTERING_MANAGED_PKG|tdc_tsw
19:22:37.104 (105658242)|ENTERING_MANAGED_PKG|tdc_tsw
19:22:37.104 (108257902)|SOQL_EXECUTE_BEGIN|[355]|Aggregations:0|SELECT id, name, Disable_Incoming_SMS_Sharing__c FROM User WHERE id = :tmpVar1
19:22:37.104 (117208463)|SOQL_EXECUTE_END|[355]|Rows:1
19:22:37.104 (118233060)|SOQL_EXECUTE_BEGIN|[367]|Aggregations:0|SELECT CreatedDate,Id,LastModifiedDate,Related_Object_Id__c FROM Message__c WHERE Name = 'Incoming' AND Read__c = false ORDER BY CreatedDate Desc limit 100
19:22:37.104 (124888159)|SOQL_EXECUTE_END|[367]|Rows:75
