44.0 APEX_CODE,FINEST;APEX_PROFILING,INFO;CALLOUT,INFO;DB,INFO;NBA,INFO;SYSTEM,DEBUG;VALIDATION,INFO;VISUALFORCE,INFO;WAVE,INFO;WORKFLOW,INFO
18:44:07.0 (751114)|USER_INFO|[EXTERNAL]|0051H000009gxp8|chanida.dev2@solvedbysoftwareco.com|Eastern Standard Time|GMT-05:00
18:44:07.0 (3281247)|ENTERING_MANAGED_PKG|tdc_tsw
18:44:07.0 (3750112)|ENTERING_MANAGED_PKG|tdc_tsw
18:44:07.0 (9852370)|SOQL_EXECUTE_BEGIN|[16]|Aggregations:0|SELECT id, name, Disable_Incoming_SMS_Sharing__c FROM User WHERE id = :tmpVar1
18:44:07.0 (19072749)|SOQL_EXECUTE_END|[16]|Rows:1
18:44:07.0 (28509406)|SOQL_EXECUTE_BEGIN|[37]|Aggregations:0|SELECT CreatedDate,Created_Date__c,Id,LastModifiedDate,MessageId__c,Message_Text_New__c,Name,OwnerId,Read__c,Related_Object_Id__c,Related_Object__c,Sender_Number__c, Sender_Name__c,ToNumber__c,Attachments_Ids__c FROM Message__c WHERE Name = 'Incoming' AND Read__c = false ORDER BY CreatedDate Desc limit 100
18:44:07.0 (44082858)|SOQL_EXECUTE_END|[37]|Rows:75
18:44:07.0 (58150176)|ENTERING_MANAGED_PKG|tdc_tsw
18:44:07.0 (60066681)|ENTERING_MANAGED_PKG|tdc_tsw
18:44:07.0 (60600567)|ENTERING_MANAGED_PKG|tdc_tsw
18:44:07.0 (61299985)|ENTERING_MANAGED_PKG|tdc_tsw
18:44:07.0 (64313902)|ENTERING_MANAGED_PKG|tdc_tsw
18:44:07.0 (65122903)|ENTERING_MANAGED_PKG|tdc_tsw
18:44:07.0 (65352114)|ENTERING_MANAGED_PKG|tdc_tsw
18:44:07.0 (65766301)|ENTERING_MANAGED_PKG|tdc_tsw
18:44:07.0 (66905698)|ENTERING_MANAGED_PKG|tdc_tsw
18:44:07.0 (67703099)|ENTERING_MANAGED_PKG|tdc_tsw
18:44:07.0 (67945287)|ENTERING_MANAGED_PKG|tdc_tsw
18:44:07.0 (68366538)|ENTERING_MANAGED_PKG|tdc_tsw
18:44:07.0 (69507397)|ENTERING_MANAGED_PKG|tdc_tsw
18:44:07.0 (70297084)|ENTERING_MANAGED_PKG|tdc_tsw
18:44:07.0 (70510657)|ENTERING_MANAGED_PKG|tdc_tsw
18:44:07.0 (70918455)|ENTERING_MANAGED_PKG|tdc_tsw
18:44:07.0 (72059913)|ENTERING_MANAGED_PKG|tdc_tsw
18:44:07.0 (72852572)|ENTERING_MANAGED_PKG|tdc_tsw
18:44:07.0 (73064717)|ENTERING_MANAGED_PKG|tdc_tsw
18:44:07.0 (73484444)|ENTERING_MANAGED_PKG|tdc_tsw
18:44:07.0 (74614540)|ENTERING_MANAGED_PKG|tdc_tsw
18:44:07.0 (75400125)|ENTERING_MANAGED_PKG|tdc_tsw
18:44:07.0 (75638154)|ENTERING_MANAGED_PKG|tdc_tsw
18:44:07.0 (76470514)|ENTERING_MANAGED_PKG|tdc_tsw
18:44:07.0 (77734014)|ENTERING_MANAGED_PKG|tdc_tsw
18:44:07.0 (78518191)|ENTERING_MANAGED_PKG|tdc_tsw
18:44:07.0 (78777640)|ENTERING_MANAGED_PKG|tdc_tsw
18:44:07.0 (79313933)|ENTERING_MANAGED_PKG|tdc_tsw
18:44:07.0 (81566834)|ENTERING_MANAGED_PKG|tdc_tsw
18:44:07.0 (82391857)|ENTERING_MANAGED_PKG|tdc_tsw
18:44:07.0 (82477121)|ENTERING_MANAGED_PKG|tdc_tsw
18:44:07.0 (83123798)|SOQL_EXECUTE_BEGIN|[200]|Aggregations:0|SELECT Name, NamespacePrefix, SystemModStamp FROM StaticResource WHERE Name LIKE :tmpVar1 LIMIT 10
18:44:07.0 (86542882)|SOQL_EXECUTE_END|[200]|Rows:1
18:44:07.0 (87447543)|ENTERING_MANAGED_PKG|tdc_tsw
18:44:07.0 (87843302)|SOQL_EXECUTE_BEGIN|[200]|Aggregations:0|SELECT Name, NamespacePrefix, SystemModStamp FROM StaticResource WHERE Name LIKE :tmpVar1 LIMIT 10
18:44:07.0 (90167562)|SOQL_EXECUTE_END|[200]|Rows:1
18:44:07.0 (90588873)|ENTERING_MANAGED_PKG|tdc_tsw
18:44:07.0 (94776804)|ENTERING_MANAGED_PKG|tdc_tsw
18:44:07.0 (96334945)|ENTERING_MANAGED_PKG|tdc_tsw
18:44:07.0 (96653089)|ENTERING_MANAGED_PKG|tdc_tsw
18:44:07.0 (97567948)|ENTERING_MANAGED_PKG|tdc_tsw
18:44:07.0 (98002149)|SOQL_EXECUTE_BEGIN|[200]|Aggregations:0|SELECT Name, NamespacePrefix, SystemModStamp FROM StaticResource WHERE Name LIKE :tmpVar1 LIMIT 10
18:44:07.0 (100679819)|SOQL_EXECUTE_END|[200]|Rows:1
18:44:07.116 (116293404)|USER_INFO|[EXTERNAL]|0051H000009gxp8|chanida.dev2@solvedbysoftwareco.com|Eastern Standard Time|GMT-05:00
18:44:07.116 (117753345)|ENTERING_MANAGED_PKG|tdc_tsw
18:44:07.116 (118000529)|ENTERING_MANAGED_PKG|tdc_tsw
18:44:07.116 (120716569)|SOQL_EXECUTE_BEGIN|[355]|Aggregations:0|SELECT id, name, Disable_Incoming_SMS_Sharing__c FROM User WHERE id = :tmpVar1
18:44:07.116 (127567487)|SOQL_EXECUTE_END|[355]|Rows:1
18:44:07.116 (129489587)|SOQL_EXECUTE_BEGIN|[367]|Aggregations:0|SELECT CreatedDate,Id,LastModifiedDate,Related_Object_Id__c FROM Message__c WHERE Name = 'Incoming' AND Read__c = false ORDER BY CreatedDate Desc limit 100
18:44:07.116 (139409887)|SOQL_EXECUTE_END|[367]|Rows:75
