44.0 APEX_CODE,FINEST;APEX_PROFILING,INFO;CALLOUT,INFO;DB,INFO;NBA,INFO;SYSTEM,DEBUG;VALIDATION,INFO;VISUALFORCE,INFO;WAVE,INFO;WORKFLOW,INFO
00:09:18.0 (126481)|USER_INFO|[EXTERNAL]|0051H000009gxp8|chanida.dev2@solvedbysoftwareco.com|Eastern Standard Time|GMT-05:00
00:09:18.0 (2021940)|ENTERING_MANAGED_PKG|tdc_tsw
00:09:18.0 (2366465)|ENTERING_MANAGED_PKG|tdc_tsw
00:09:18.0 (5319254)|SOQL_EXECUTE_BEGIN|[16]|Aggregations:0|SELECT id, name, Disable_Incoming_SMS_Sharing__c FROM User WHERE id = :tmpVar1
00:09:18.0 (11504175)|SOQL_EXECUTE_END|[16]|Rows:1
00:09:18.0 (16218805)|SOQL_EXECUTE_BEGIN|[37]|Aggregations:0|SELECT CreatedDate,Created_Date__c,Id,LastModifiedDate,MessageId__c,Message_Text_New__c,Name,OwnerId,Read__c,Related_Object_Id__c,Related_Object__c,Sender_Number__c, Sender_Name__c,ToNumber__c,Attachments_Ids__c FROM Message__c WHERE Name = 'Incoming' AND Read__c = false ORDER BY CreatedDate Desc limit 100
00:09:18.0 (33485701)|SOQL_EXECUTE_END|[37]|Rows:100
00:09:18.0 (49938132)|ENTERING_MANAGED_PKG|tdc_tsw
00:09:18.0 (51574923)|ENTERING_MANAGED_PKG|tdc_tsw
00:09:18.0 (52032803)|ENTERING_MANAGED_PKG|tdc_tsw
00:09:18.0 (52684058)|ENTERING_MANAGED_PKG|tdc_tsw
00:09:18.0 (55256550)|ENTERING_MANAGED_PKG|tdc_tsw
00:09:18.0 (56005915)|ENTERING_MANAGED_PKG|tdc_tsw
00:09:18.0 (56239656)|ENTERING_MANAGED_PKG|tdc_tsw
00:09:18.0 (56630702)|ENTERING_MANAGED_PKG|tdc_tsw
00:09:18.0 (57679709)|ENTERING_MANAGED_PKG|tdc_tsw
00:09:18.0 (58413201)|ENTERING_MANAGED_PKG|tdc_tsw
00:09:18.0 (58635378)|ENTERING_MANAGED_PKG|tdc_tsw
00:09:18.0 (59016108)|ENTERING_MANAGED_PKG|tdc_tsw
00:09:18.0 (60061661)|ENTERING_MANAGED_PKG|tdc_tsw
00:09:18.0 (60793101)|ENTERING_MANAGED_PKG|tdc_tsw
00:09:18.0 (61014148)|ENTERING_MANAGED_PKG|tdc_tsw
00:09:18.0 (61404066)|ENTERING_MANAGED_PKG|tdc_tsw
00:09:18.0 (62467802)|ENTERING_MANAGED_PKG|tdc_tsw
00:09:18.0 (63205815)|ENTERING_MANAGED_PKG|tdc_tsw
00:09:18.0 (63428185)|ENTERING_MANAGED_PKG|tdc_tsw
00:09:18.0 (63808147)|ENTERING_MANAGED_PKG|tdc_tsw
00:09:18.0 (64848180)|ENTERING_MANAGED_PKG|tdc_tsw
00:09:18.0 (65585330)|ENTERING_MANAGED_PKG|tdc_tsw
00:09:18.0 (65807156)|ENTERING_MANAGED_PKG|tdc_tsw
00:09:18.0 (66197813)|ENTERING_MANAGED_PKG|tdc_tsw
00:09:18.0 (67235149)|ENTERING_MANAGED_PKG|tdc_tsw
00:09:18.0 (67959421)|ENTERING_MANAGED_PKG|tdc_tsw
00:09:18.0 (68189090)|ENTERING_MANAGED_PKG|tdc_tsw
00:09:18.0 (68569411)|ENTERING_MANAGED_PKG|tdc_tsw
00:09:18.0 (69605869)|ENTERING_MANAGED_PKG|tdc_tsw
00:09:18.0 (70333406)|ENTERING_MANAGED_PKG|tdc_tsw
00:09:18.0 (70555045)|ENTERING_MANAGED_PKG|tdc_tsw
00:09:18.0 (70933107)|ENTERING_MANAGED_PKG|tdc_tsw
00:09:18.0 (71971086)|ENTERING_MANAGED_PKG|tdc_tsw
00:09:18.0 (72718987)|ENTERING_MANAGED_PKG|tdc_tsw
00:09:18.0 (72938458)|ENTERING_MANAGED_PKG|tdc_tsw
00:09:18.0 (73324330)|ENTERING_MANAGED_PKG|tdc_tsw
00:09:18.0 (74357716)|ENTERING_MANAGED_PKG|tdc_tsw
00:09:18.0 (75093864)|ENTERING_MANAGED_PKG|tdc_tsw
00:09:18.0 (75316127)|ENTERING_MANAGED_PKG|tdc_tsw
00:09:18.0 (75704496)|ENTERING_MANAGED_PKG|tdc_tsw
00:09:18.0 (76744805)|ENTERING_MANAGED_PKG|tdc_tsw
00:09:18.0 (77481161)|ENTERING_MANAGED_PKG|tdc_tsw
00:09:18.0 (77701295)|ENTERING_MANAGED_PKG|tdc_tsw
00:09:18.0 (78083607)|ENTERING_MANAGED_PKG|tdc_tsw
00:09:18.0 (79121023)|ENTERING_MANAGED_PKG|tdc_tsw
00:09:18.0 (79843921)|ENTERING_MANAGED_PKG|tdc_tsw
00:09:18.0 (80063434)|ENTERING_MANAGED_PKG|tdc_tsw
00:09:18.0 (80448413)|ENTERING_MANAGED_PKG|tdc_tsw
00:09:18.0 (81486125)|ENTERING_MANAGED_PKG|tdc_tsw
00:09:18.0 (82212756)|ENTERING_MANAGED_PKG|tdc_tsw
00:09:18.0 (82433561)|ENTERING_MANAGED_PKG|tdc_tsw
00:09:18.0 (82811433)|ENTERING_MANAGED_PKG|tdc_tsw
00:09:18.0 (83848047)|ENTERING_MANAGED_PKG|tdc_tsw
00:09:18.0 (84581806)|ENTERING_MANAGED_PKG|tdc_tsw
00:09:18.0 (84809554)|ENTERING_MANAGED_PKG|tdc_tsw
00:09:18.0 (85192701)|ENTERING_MANAGED_PKG|tdc_tsw
00:09:18.0 (86223749)|ENTERING_MANAGED_PKG|tdc_tsw
00:09:18.0 (86943672)|ENTERING_MANAGED_PKG|tdc_tsw
00:09:18.0 (87172489)|ENTERING_MANAGED_PKG|tdc_tsw
00:09:18.0 (87545685)|ENTERING_MANAGED_PKG|tdc_tsw
00:09:18.0 (88578502)|ENTERING_MANAGED_PKG|tdc_tsw
00:09:18.0 (89313764)|ENTERING_MANAGED_PKG|tdc_tsw
00:09:18.0 (89533525)|ENTERING_MANAGED_PKG|tdc_tsw
00:09:18.0 (89915906)|ENTERING_MANAGED_PKG|tdc_tsw
00:09:18.0 (90944414)|ENTERING_MANAGED_PKG|tdc_tsw
00:09:18.0 (91672976)|ENTERING_MANAGED_PKG|tdc_tsw
00:09:18.0 (91892744)|ENTERING_MANAGED_PKG|tdc_tsw
00:09:18.0 (92274474)|ENTERING_MANAGED_PKG|tdc_tsw
00:09:18.0 (93327645)|ENTERING_MANAGED_PKG|tdc_tsw
00:09:18.0 (94054307)|ENTERING_MANAGED_PKG|tdc_tsw
00:09:18.0 (94287481)|ENTERING_MANAGED_PKG|tdc_tsw
00:09:18.0 (94663842)|ENTERING_MANAGED_PKG|tdc_tsw
00:09:18.0 (95699994)|ENTERING_MANAGED_PKG|tdc_tsw
00:09:18.0 (96472248)|ENTERING_MANAGED_PKG|tdc_tsw
00:09:18.0 (96699967)|ENTERING_MANAGED_PKG|tdc_tsw
00:09:18.0 (97090120)|ENTERING_MANAGED_PKG|tdc_tsw
00:09:18.0 (98122143)|ENTERING_MANAGED_PKG|tdc_tsw
00:09:18.0 (98846795)|ENTERING_MANAGED_PKG|tdc_tsw
00:09:18.0 (99066254)|ENTERING_MANAGED_PKG|tdc_tsw
00:09:18.0 (99451438)|ENTERING_MANAGED_PKG|tdc_tsw
00:09:18.0 (100480739)|ENTERING_MANAGED_PKG|tdc_tsw
00:09:18.0 (101238379)|ENTERING_MANAGED_PKG|tdc_tsw
00:09:18.0 (101459265)|ENTERING_MANAGED_PKG|tdc_tsw
00:09:18.0 (101834249)|ENTERING_MANAGED_PKG|tdc_tsw
00:09:18.0 (102863292)|ENTERING_MANAGED_PKG|tdc_tsw
00:09:18.0 (103595504)|ENTERING_MANAGED_PKG|tdc_tsw
00:09:18.0 (103814815)|ENTERING_MANAGED_PKG|tdc_tsw
00:09:18.0 (104202508)|ENTERING_MANAGED_PKG|tdc_tsw
00:09:18.0 (105253316)|ENTERING_MANAGED_PKG|tdc_tsw
00:09:18.0 (105975980)|ENTERING_MANAGED_PKG|tdc_tsw
00:09:18.0 (106206216)|ENTERING_MANAGED_PKG|tdc_tsw
00:09:18.0 (106741577)|ENTERING_MANAGED_PKG|tdc_tsw
00:09:18.0 (107795525)|ENTERING_MANAGED_PKG|tdc_tsw
00:09:18.0 (108593560)|ENTERING_MANAGED_PKG|tdc_tsw
00:09:18.0 (108915888)|ENTERING_MANAGED_PKG|tdc_tsw
00:09:18.0 (109306412)|ENTERING_MANAGED_PKG|tdc_tsw
00:09:18.0 (110349838)|ENTERING_MANAGED_PKG|tdc_tsw
00:09:18.0 (111083529)|ENTERING_MANAGED_PKG|tdc_tsw
00:09:18.0 (111305354)|ENTERING_MANAGED_PKG|tdc_tsw
00:09:18.0 (111679731)|ENTERING_MANAGED_PKG|tdc_tsw
00:09:18.0 (112801547)|ENTERING_MANAGED_PKG|tdc_tsw
00:09:18.0 (113535309)|ENTERING_MANAGED_PKG|tdc_tsw
00:09:18.0 (113756682)|ENTERING_MANAGED_PKG|tdc_tsw
00:09:18.0 (114138242)|ENTERING_MANAGED_PKG|tdc_tsw
00:09:18.0 (115233130)|ENTERING_MANAGED_PKG|tdc_tsw
00:09:18.0 (115954802)|ENTERING_MANAGED_PKG|tdc_tsw
00:09:18.0 (116189533)|ENTERING_MANAGED_PKG|tdc_tsw
00:09:18.0 (116564495)|ENTERING_MANAGED_PKG|tdc_tsw
00:09:18.0 (117597158)|ENTERING_MANAGED_PKG|tdc_tsw
00:09:18.0 (118337679)|ENTERING_MANAGED_PKG|tdc_tsw
00:09:18.0 (118559622)|ENTERING_MANAGED_PKG|tdc_tsw
00:09:18.0 (118932822)|ENTERING_MANAGED_PKG|tdc_tsw
00:09:18.0 (119982149)|ENTERING_MANAGED_PKG|tdc_tsw
00:09:18.0 (120882642)|ENTERING_MANAGED_PKG|tdc_tsw
00:09:18.0 (121113766)|ENTERING_MANAGED_PKG|tdc_tsw
00:09:18.0 (121548365)|ENTERING_MANAGED_PKG|tdc_tsw
00:09:18.0 (122851439)|ENTERING_MANAGED_PKG|tdc_tsw
00:09:18.0 (123799308)|ENTERING_MANAGED_PKG|tdc_tsw
00:09:18.0 (124049179)|ENTERING_MANAGED_PKG|tdc_tsw
00:09:18.0 (124437759)|ENTERING_MANAGED_PKG|tdc_tsw
00:09:18.0 (125486388)|ENTERING_MANAGED_PKG|tdc_tsw
00:09:18.0 (126415789)|ENTERING_MANAGED_PKG|tdc_tsw
00:09:18.0 (126670021)|ENTERING_MANAGED_PKG|tdc_tsw
00:09:18.0 (127047075)|ENTERING_MANAGED_PKG|tdc_tsw
00:09:18.0 (128165160)|ENTERING_MANAGED_PKG|tdc_tsw
00:09:18.0 (129004617)|ENTERING_MANAGED_PKG|tdc_tsw
00:09:18.0 (129238347)|ENTERING_MANAGED_PKG|tdc_tsw
00:09:18.0 (129613768)|ENTERING_MANAGED_PKG|tdc_tsw
00:09:18.0 (130819837)|ENTERING_MANAGED_PKG|tdc_tsw
00:09:18.0 (131561554)|ENTERING_MANAGED_PKG|tdc_tsw
00:09:18.0 (131782890)|ENTERING_MANAGED_PKG|tdc_tsw
00:09:18.0 (132173765)|ENTERING_MANAGED_PKG|tdc_tsw
00:09:18.0 (133459854)|ENTERING_MANAGED_PKG|tdc_tsw
00:09:18.0 (134658304)|ENTERING_MANAGED_PKG|tdc_tsw
00:09:18.0 (135044379)|ENTERING_MANAGED_PKG|tdc_tsw
00:09:18.0 (135733212)|ENTERING_MANAGED_PKG|tdc_tsw
00:09:18.0 (137609440)|ENTERING_MANAGED_PKG|tdc_tsw
00:09:18.0 (138717677)|ENTERING_MANAGED_PKG|tdc_tsw
00:09:18.0 (139050971)|ENTERING_MANAGED_PKG|tdc_tsw
00:09:18.0 (139732455)|ENTERING_MANAGED_PKG|tdc_tsw
00:09:18.0 (141672732)|ENTERING_MANAGED_PKG|tdc_tsw
00:09:18.0 (143063812)|ENTERING_MANAGED_PKG|tdc_tsw
00:09:18.0 (143500597)|ENTERING_MANAGED_PKG|tdc_tsw
00:09:18.0 (144267196)|ENTERING_MANAGED_PKG|tdc_tsw
00:09:18.0 (146197871)|ENTERING_MANAGED_PKG|tdc_tsw
00:09:18.0 (147493060)|ENTERING_MANAGED_PKG|tdc_tsw
00:09:18.0 (147883282)|ENTERING_MANAGED_PKG|tdc_tsw
00:09:18.0 (148623632)|ENTERING_MANAGED_PKG|tdc_tsw
00:09:18.0 (150682175)|ENTERING_MANAGED_PKG|tdc_tsw
00:09:18.0 (151737421)|ENTERING_MANAGED_PKG|tdc_tsw
00:09:18.0 (152136980)|ENTERING_MANAGED_PKG|tdc_tsw
00:09:18.0 (152582988)|ENTERING_MANAGED_PKG|tdc_tsw
00:09:18.0 (153814876)|ENTERING_MANAGED_PKG|tdc_tsw
00:09:18.0 (154663327)|ENTERING_MANAGED_PKG|tdc_tsw
00:09:18.0 (154888553)|ENTERING_MANAGED_PKG|tdc_tsw
00:09:18.0 (155277622)|ENTERING_MANAGED_PKG|tdc_tsw
00:09:18.0 (156321292)|ENTERING_MANAGED_PKG|tdc_tsw
00:09:18.0 (157043940)|ENTERING_MANAGED_PKG|tdc_tsw
00:09:18.0 (157273478)|ENTERING_MANAGED_PKG|tdc_tsw
00:09:18.0 (157651542)|ENTERING_MANAGED_PKG|tdc_tsw
00:09:18.0 (158686450)|ENTERING_MANAGED_PKG|tdc_tsw
00:09:18.0 (159419337)|ENTERING_MANAGED_PKG|tdc_tsw
00:09:18.0 (159639916)|ENTERING_MANAGED_PKG|tdc_tsw
00:09:18.0 (160017444)|ENTERING_MANAGED_PKG|tdc_tsw
00:09:18.0 (161049377)|ENTERING_MANAGED_PKG|tdc_tsw
00:09:18.0 (161772963)|ENTERING_MANAGED_PKG|tdc_tsw
00:09:18.0 (161991783)|ENTERING_MANAGED_PKG|tdc_tsw
00:09:18.0 (162461267)|ENTERING_MANAGED_PKG|tdc_tsw
00:09:18.0 (163505633)|ENTERING_MANAGED_PKG|tdc_tsw
00:09:18.0 (164231446)|ENTERING_MANAGED_PKG|tdc_tsw
00:09:18.0 (164450100)|ENTERING_MANAGED_PKG|tdc_tsw
00:09:18.0 (164825333)|ENTERING_MANAGED_PKG|tdc_tsw
00:09:18.0 (165861937)|ENTERING_MANAGED_PKG|tdc_tsw
00:09:18.0 (166586261)|ENTERING_MANAGED_PKG|tdc_tsw
00:09:18.0 (166804378)|ENTERING_MANAGED_PKG|tdc_tsw
00:09:18.0 (167192018)|ENTERING_MANAGED_PKG|tdc_tsw
00:09:18.0 (168223628)|ENTERING_MANAGED_PKG|tdc_tsw
00:09:18.0 (168935544)|ENTERING_MANAGED_PKG|tdc_tsw
00:09:18.0 (169161250)|ENTERING_MANAGED_PKG|tdc_tsw
00:09:18.0 (169535278)|ENTERING_MANAGED_PKG|tdc_tsw
00:09:18.0 (170566473)|ENTERING_MANAGED_PKG|tdc_tsw
00:09:18.0 (171296157)|ENTERING_MANAGED_PKG|tdc_tsw
00:09:18.0 (171515940)|ENTERING_MANAGED_PKG|tdc_tsw
00:09:18.0 (171892054)|ENTERING_MANAGED_PKG|tdc_tsw
00:09:18.0 (172935594)|ENTERING_MANAGED_PKG|tdc_tsw
00:09:18.0 (173654041)|ENTERING_MANAGED_PKG|tdc_tsw
00:09:18.0 (173873002)|ENTERING_MANAGED_PKG|tdc_tsw
00:09:18.0 (174260032)|ENTERING_MANAGED_PKG|tdc_tsw
00:09:18.0 (175288646)|ENTERING_MANAGED_PKG|tdc_tsw
00:09:18.0 (176002166)|ENTERING_MANAGED_PKG|tdc_tsw
00:09:18.0 (176229910)|ENTERING_MANAGED_PKG|tdc_tsw
00:09:18.0 (176604430)|ENTERING_MANAGED_PKG|tdc_tsw
00:09:18.0 (177632946)|ENTERING_MANAGED_PKG|tdc_tsw
00:09:18.0 (178350754)|ENTERING_MANAGED_PKG|tdc_tsw
00:09:18.0 (178577439)|ENTERING_MANAGED_PKG|tdc_tsw
00:09:18.0 (178952526)|ENTERING_MANAGED_PKG|tdc_tsw
00:09:18.0 (179977440)|ENTERING_MANAGED_PKG|tdc_tsw
00:09:18.0 (180697620)|ENTERING_MANAGED_PKG|tdc_tsw
00:09:18.0 (180915851)|ENTERING_MANAGED_PKG|tdc_tsw
00:09:18.0 (181300217)|ENTERING_MANAGED_PKG|tdc_tsw
00:09:18.0 (182332147)|ENTERING_MANAGED_PKG|tdc_tsw
00:09:18.0 (183045419)|ENTERING_MANAGED_PKG|tdc_tsw
00:09:18.0 (183270386)|ENTERING_MANAGED_PKG|tdc_tsw
00:09:18.0 (183645378)|ENTERING_MANAGED_PKG|tdc_tsw
00:09:18.0 (184668639)|ENTERING_MANAGED_PKG|tdc_tsw
00:09:18.0 (185389897)|ENTERING_MANAGED_PKG|tdc_tsw
00:09:18.0 (185608308)|ENTERING_MANAGED_PKG|tdc_tsw
00:09:18.0 (185983165)|ENTERING_MANAGED_PKG|tdc_tsw
00:09:18.0 (187009003)|ENTERING_MANAGED_PKG|tdc_tsw
00:09:18.0 (187725888)|ENTERING_MANAGED_PKG|tdc_tsw
00:09:18.0 (187943987)|ENTERING_MANAGED_PKG|tdc_tsw
00:09:18.0 (188328160)|ENTERING_MANAGED_PKG|tdc_tsw
00:09:18.0 (189351984)|ENTERING_MANAGED_PKG|tdc_tsw
00:09:18.0 (190068043)|ENTERING_MANAGED_PKG|tdc_tsw
00:09:18.0 (190294369)|ENTERING_MANAGED_PKG|tdc_tsw
00:09:18.0 (190669207)|ENTERING_MANAGED_PKG|tdc_tsw
00:09:18.0 (191691127)|ENTERING_MANAGED_PKG|tdc_tsw
00:09:18.0 (192415701)|ENTERING_MANAGED_PKG|tdc_tsw
00:09:18.0 (192633879)|ENTERING_MANAGED_PKG|tdc_tsw
00:09:18.0 (193008762)|ENTERING_MANAGED_PKG|tdc_tsw
00:09:18.0 (194039275)|ENTERING_MANAGED_PKG|tdc_tsw
00:09:18.0 (194760288)|ENTERING_MANAGED_PKG|tdc_tsw
00:09:18.0 (194979056)|ENTERING_MANAGED_PKG|tdc_tsw
00:09:18.0 (195361326)|ENTERING_MANAGED_PKG|tdc_tsw
00:09:18.0 (196385268)|ENTERING_MANAGED_PKG|tdc_tsw
00:09:18.0 (197129339)|ENTERING_MANAGED_PKG|tdc_tsw
00:09:18.0 (197349240)|ENTERING_MANAGED_PKG|tdc_tsw
00:09:18.0 (197723235)|ENTERING_MANAGED_PKG|tdc_tsw
00:09:18.0 (202066060)|ENTERING_MANAGED_PKG|tdc_tsw
00:09:18.0 (202794518)|ENTERING_MANAGED_PKG|tdc_tsw
00:09:18.0 (202993624)|ENTERING_MANAGED_PKG|tdc_tsw
00:09:18.0 (203379002)|ENTERING_MANAGED_PKG|tdc_tsw
00:09:18.0 (204406540)|ENTERING_MANAGED_PKG|tdc_tsw
00:09:18.0 (205141396)|ENTERING_MANAGED_PKG|tdc_tsw
00:09:18.0 (205360659)|ENTERING_MANAGED_PKG|tdc_tsw
00:09:18.0 (205736306)|ENTERING_MANAGED_PKG|tdc_tsw
00:09:18.0 (207005818)|ENTERING_MANAGED_PKG|tdc_tsw
00:09:18.0 (208062468)|ENTERING_MANAGED_PKG|tdc_tsw
00:09:18.0 (208150672)|ENTERING_MANAGED_PKG|tdc_tsw
00:09:18.0 (208807859)|SOQL_EXECUTE_BEGIN|[200]|Aggregations:0|SELECT Name, NamespacePrefix, SystemModStamp FROM StaticResource WHERE Name LIKE :tmpVar1 LIMIT 10
00:09:18.0 (212618949)|SOQL_EXECUTE_END|[200]|Rows:1
00:09:18.0 (213662389)|ENTERING_MANAGED_PKG|tdc_tsw
00:09:18.0 (214120682)|SOQL_EXECUTE_BEGIN|[200]|Aggregations:0|SELECT Name, NamespacePrefix, SystemModStamp FROM StaticResource WHERE Name LIKE :tmpVar1 LIMIT 10
00:09:18.0 (216783067)|SOQL_EXECUTE_END|[200]|Rows:1
00:09:18.0 (217179293)|ENTERING_MANAGED_PKG|tdc_tsw
00:09:18.0 (220133279)|ENTERING_MANAGED_PKG|tdc_tsw
00:09:18.0 (221289906)|ENTERING_MANAGED_PKG|tdc_tsw
00:09:18.0 (221539484)|ENTERING_MANAGED_PKG|tdc_tsw
00:09:18.0 (222327721)|ENTERING_MANAGED_PKG|tdc_tsw
00:09:18.0 (222668131)|SOQL_EXECUTE_BEGIN|[200]|Aggregations:0|SELECT Name, NamespacePrefix, SystemModStamp FROM StaticResource WHERE Name LIKE :tmpVar1 LIMIT 10
00:09:18.0 (225117647)|SOQL_EXECUTE_END|[200]|Rows:1
00:09:18.236 (236423914)|USER_INFO|[EXTERNAL]|0051H000009gxp8|chanida.dev2@solvedbysoftwareco.com|Eastern Standard Time|GMT-05:00
00:09:18.236 (237814932)|ENTERING_MANAGED_PKG|tdc_tsw
00:09:18.236 (238014478)|ENTERING_MANAGED_PKG|tdc_tsw
00:09:18.236 (240432266)|SOQL_EXECUTE_BEGIN|[355]|Aggregations:0|SELECT id, name, Disable_Incoming_SMS_Sharing__c FROM User WHERE id = :tmpVar1
00:09:18.236 (246583881)|SOQL_EXECUTE_END|[355]|Rows:1
00:09:18.236 (247578351)|SOQL_EXECUTE_BEGIN|[367]|Aggregations:0|SELECT CreatedDate,Id,LastModifiedDate,Related_Object_Id__c FROM Message__c WHERE Name = 'Incoming' AND Read__c = false ORDER BY CreatedDate Desc limit 100
00:09:18.236 (256446852)|SOQL_EXECUTE_END|[367]|Rows:100
