44.0 APEX_CODE,FINEST;APEX_PROFILING,INFO;CALLOUT,INFO;DB,INFO;NBA,INFO;SYSTEM,DEBUG;VALIDATION,INFO;VISUALFORCE,INFO;WAVE,INFO;WORKFLOW,INFO
16:42:14.0 (225422)|USER_INFO|[EXTERNAL]|0051H000009gxp8|chanida.dev2@solvedbysoftwareco.com|Eastern Standard Time|GMT-05:00
16:42:14.0 (2175496)|ENTERING_MANAGED_PKG|tdc_tsw
16:42:14.0 (2705351)|ENTERING_MANAGED_PKG|tdc_tsw
16:42:14.0 (7455190)|SOQL_EXECUTE_BEGIN|[16]|Aggregations:0|SELECT id, name, Disable_Incoming_SMS_Sharing__c FROM User WHERE id = :tmpVar1
16:42:14.0 (15582091)|SOQL_EXECUTE_END|[16]|Rows:1
16:42:14.0 (23106109)|SOQL_EXECUTE_BEGIN|[37]|Aggregations:0|SELECT CreatedDate,Created_Date__c,Id,LastModifiedDate,MessageId__c,Message_Text_New__c,Name,OwnerId,Read__c,Related_Object_Id__c,Related_Object__c,Sender_Number__c, Sender_Name__c,ToNumber__c,Attachments_Ids__c FROM Message__c WHERE Name = 'Incoming' AND Read__c = false ORDER BY CreatedDate Desc limit 100
16:42:14.0 (42879735)|SOQL_EXECUTE_END|[37]|Rows:100
16:42:14.0 (60549736)|ENTERING_MANAGED_PKG|tdc_tsw
16:42:14.0 (62668817)|ENTERING_MANAGED_PKG|tdc_tsw
16:42:14.0 (63189751)|ENTERING_MANAGED_PKG|tdc_tsw
16:42:14.0 (64004470)|ENTERING_MANAGED_PKG|tdc_tsw
16:42:14.0 (67568793)|ENTERING_MANAGED_PKG|tdc_tsw
16:42:14.0 (68901114)|ENTERING_MANAGED_PKG|tdc_tsw
16:42:14.0 (69216682)|ENTERING_MANAGED_PKG|tdc_tsw
16:42:14.0 (69915739)|ENTERING_MANAGED_PKG|tdc_tsw
16:42:14.0 (71575735)|ENTERING_MANAGED_PKG|tdc_tsw
16:42:14.0 (72660306)|ENTERING_MANAGED_PKG|tdc_tsw
16:42:14.0 (72938237)|ENTERING_MANAGED_PKG|tdc_tsw
16:42:14.0 (73644091)|ENTERING_MANAGED_PKG|tdc_tsw
16:42:14.0 (75540982)|ENTERING_MANAGED_PKG|tdc_tsw
16:42:14.0 (76520328)|ENTERING_MANAGED_PKG|tdc_tsw
16:42:14.0 (76809250)|ENTERING_MANAGED_PKG|tdc_tsw
16:42:14.0 (77242162)|ENTERING_MANAGED_PKG|tdc_tsw
16:42:14.0 (78565190)|ENTERING_MANAGED_PKG|tdc_tsw
16:42:14.0 (79354482)|ENTERING_MANAGED_PKG|tdc_tsw
16:42:14.0 (79587703)|ENTERING_MANAGED_PKG|tdc_tsw
16:42:14.0 (79979089)|ENTERING_MANAGED_PKG|tdc_tsw
16:42:14.0 (81155980)|ENTERING_MANAGED_PKG|tdc_tsw
16:42:14.0 (82128691)|ENTERING_MANAGED_PKG|tdc_tsw
16:42:14.0 (82370737)|ENTERING_MANAGED_PKG|tdc_tsw
16:42:14.0 (82770628)|ENTERING_MANAGED_PKG|tdc_tsw
16:42:14.0 (83863964)|ENTERING_MANAGED_PKG|tdc_tsw
16:42:14.0 (84660087)|ENTERING_MANAGED_PKG|tdc_tsw
16:42:14.0 (84894720)|ENTERING_MANAGED_PKG|tdc_tsw
16:42:14.0 (85294599)|ENTERING_MANAGED_PKG|tdc_tsw
16:42:14.0 (86443432)|ENTERING_MANAGED_PKG|tdc_tsw
16:42:14.0 (87218391)|ENTERING_MANAGED_PKG|tdc_tsw
16:42:14.0 (87464452)|ENTERING_MANAGED_PKG|tdc_tsw
16:42:14.0 (87884104)|ENTERING_MANAGED_PKG|tdc_tsw
16:42:14.0 (89082015)|ENTERING_MANAGED_PKG|tdc_tsw
16:42:14.0 (89889299)|ENTERING_MANAGED_PKG|tdc_tsw
16:42:14.0 (90142452)|ENTERING_MANAGED_PKG|tdc_tsw
16:42:14.0 (90565554)|ENTERING_MANAGED_PKG|tdc_tsw
16:42:14.0 (91760618)|ENTERING_MANAGED_PKG|tdc_tsw
16:42:14.0 (92846441)|ENTERING_MANAGED_PKG|tdc_tsw
16:42:14.0 (93083348)|ENTERING_MANAGED_PKG|tdc_tsw
16:42:14.0 (93504944)|ENTERING_MANAGED_PKG|tdc_tsw
16:42:14.0 (94805625)|ENTERING_MANAGED_PKG|tdc_tsw
16:42:14.0 (95649305)|ENTERING_MANAGED_PKG|tdc_tsw
16:42:14.0 (95913116)|ENTERING_MANAGED_PKG|tdc_tsw
16:42:14.0 (96347487)|ENTERING_MANAGED_PKG|tdc_tsw
16:42:14.0 (97646763)|ENTERING_MANAGED_PKG|tdc_tsw
16:42:14.0 (98884562)|ENTERING_MANAGED_PKG|tdc_tsw
16:42:14.0 (99129559)|ENTERING_MANAGED_PKG|tdc_tsw
16:42:14.0 (99521649)|ENTERING_MANAGED_PKG|tdc_tsw
16:42:14.0 (100619467)|ENTERING_MANAGED_PKG|tdc_tsw
16:42:14.0 (101385463)|ENTERING_MANAGED_PKG|tdc_tsw
16:42:14.0 (101630526)|ENTERING_MANAGED_PKG|tdc_tsw
16:42:14.0 (102036702)|ENTERING_MANAGED_PKG|tdc_tsw
16:42:14.0 (103243248)|ENTERING_MANAGED_PKG|tdc_tsw
16:42:14.0 (104597286)|ENTERING_MANAGED_PKG|tdc_tsw
16:42:14.0 (105052345)|ENTERING_MANAGED_PKG|tdc_tsw
16:42:14.0 (105555272)|ENTERING_MANAGED_PKG|tdc_tsw
16:42:14.0 (106702453)|ENTERING_MANAGED_PKG|tdc_tsw
16:42:14.0 (107499044)|ENTERING_MANAGED_PKG|tdc_tsw
16:42:14.0 (107758174)|ENTERING_MANAGED_PKG|tdc_tsw
16:42:14.0 (108173355)|ENTERING_MANAGED_PKG|tdc_tsw
16:42:14.0 (109265143)|ENTERING_MANAGED_PKG|tdc_tsw
16:42:14.0 (110233684)|ENTERING_MANAGED_PKG|tdc_tsw
16:42:14.0 (110539946)|ENTERING_MANAGED_PKG|tdc_tsw
16:42:14.0 (110978354)|ENTERING_MANAGED_PKG|tdc_tsw
16:42:14.0 (112147498)|ENTERING_MANAGED_PKG|tdc_tsw
16:42:14.0 (113026075)|ENTERING_MANAGED_PKG|tdc_tsw
16:42:14.0 (113302808)|ENTERING_MANAGED_PKG|tdc_tsw
16:42:14.0 (113708341)|ENTERING_MANAGED_PKG|tdc_tsw
16:42:14.0 (114891049)|ENTERING_MANAGED_PKG|tdc_tsw
16:42:14.0 (115656371)|ENTERING_MANAGED_PKG|tdc_tsw
16:42:14.0 (115863873)|ENTERING_MANAGED_PKG|tdc_tsw
16:42:14.0 (116268801)|ENTERING_MANAGED_PKG|tdc_tsw
16:42:14.0 (117643224)|ENTERING_MANAGED_PKG|tdc_tsw
16:42:14.0 (118728880)|ENTERING_MANAGED_PKG|tdc_tsw
16:42:14.0 (119005293)|ENTERING_MANAGED_PKG|tdc_tsw
16:42:14.0 (119464923)|ENTERING_MANAGED_PKG|tdc_tsw
16:42:14.0 (120803139)|ENTERING_MANAGED_PKG|tdc_tsw
16:42:14.0 (121842385)|ENTERING_MANAGED_PKG|tdc_tsw
16:42:14.0 (122080403)|ENTERING_MANAGED_PKG|tdc_tsw
16:42:14.0 (122525484)|ENTERING_MANAGED_PKG|tdc_tsw
16:42:14.0 (123724841)|ENTERING_MANAGED_PKG|tdc_tsw
16:42:14.0 (124510830)|ENTERING_MANAGED_PKG|tdc_tsw
16:42:14.0 (124748464)|ENTERING_MANAGED_PKG|tdc_tsw
16:42:14.0 (125193326)|ENTERING_MANAGED_PKG|tdc_tsw
16:42:14.0 (126792220)|ENTERING_MANAGED_PKG|tdc_tsw
16:42:14.0 (127625731)|ENTERING_MANAGED_PKG|tdc_tsw
16:42:14.0 (127900307)|ENTERING_MANAGED_PKG|tdc_tsw
16:42:14.0 (128369662)|ENTERING_MANAGED_PKG|tdc_tsw
16:42:14.0 (130010079)|ENTERING_MANAGED_PKG|tdc_tsw
16:42:14.0 (131225135)|ENTERING_MANAGED_PKG|tdc_tsw
16:42:14.0 (131477757)|ENTERING_MANAGED_PKG|tdc_tsw
16:42:14.0 (132177595)|ENTERING_MANAGED_PKG|tdc_tsw
16:42:14.0 (134101056)|ENTERING_MANAGED_PKG|tdc_tsw
16:42:14.0 (135032081)|ENTERING_MANAGED_PKG|tdc_tsw
16:42:14.0 (135411604)|ENTERING_MANAGED_PKG|tdc_tsw
16:42:14.0 (136077826)|ENTERING_MANAGED_PKG|tdc_tsw
16:42:14.0 (137651371)|ENTERING_MANAGED_PKG|tdc_tsw
16:42:14.0 (138422069)|ENTERING_MANAGED_PKG|tdc_tsw
16:42:14.0 (138658601)|ENTERING_MANAGED_PKG|tdc_tsw
16:42:14.0 (139048377)|ENTERING_MANAGED_PKG|tdc_tsw
16:42:14.0 (140171997)|ENTERING_MANAGED_PKG|tdc_tsw
16:42:14.0 (140928971)|ENTERING_MANAGED_PKG|tdc_tsw
16:42:14.0 (141174640)|ENTERING_MANAGED_PKG|tdc_tsw
16:42:14.0 (141619940)|ENTERING_MANAGED_PKG|tdc_tsw
16:42:14.0 (142795586)|ENTERING_MANAGED_PKG|tdc_tsw
16:42:14.0 (143578122)|ENTERING_MANAGED_PKG|tdc_tsw
16:42:14.0 (143812752)|ENTERING_MANAGED_PKG|tdc_tsw
16:42:14.0 (144382571)|ENTERING_MANAGED_PKG|tdc_tsw
16:42:14.0 (145494156)|ENTERING_MANAGED_PKG|tdc_tsw
16:42:14.0 (146351588)|ENTERING_MANAGED_PKG|tdc_tsw
16:42:14.0 (146713382)|ENTERING_MANAGED_PKG|tdc_tsw
16:42:14.0 (147119925)|ENTERING_MANAGED_PKG|tdc_tsw
16:42:14.0 (148549662)|ENTERING_MANAGED_PKG|tdc_tsw
16:42:14.0 (149316082)|ENTERING_MANAGED_PKG|tdc_tsw
16:42:14.0 (149591776)|ENTERING_MANAGED_PKG|tdc_tsw
16:42:14.0 (149990399)|ENTERING_MANAGED_PKG|tdc_tsw
16:42:14.0 (151124836)|ENTERING_MANAGED_PKG|tdc_tsw
16:42:14.0 (151870568)|ENTERING_MANAGED_PKG|tdc_tsw
16:42:14.0 (152120971)|ENTERING_MANAGED_PKG|tdc_tsw
16:42:14.0 (152730104)|ENTERING_MANAGED_PKG|tdc_tsw
16:42:14.0 (154016148)|ENTERING_MANAGED_PKG|tdc_tsw
16:42:14.0 (154783949)|ENTERING_MANAGED_PKG|tdc_tsw
16:42:14.0 (155017743)|ENTERING_MANAGED_PKG|tdc_tsw
16:42:14.0 (155554809)|ENTERING_MANAGED_PKG|tdc_tsw
16:42:14.0 (156780912)|ENTERING_MANAGED_PKG|tdc_tsw
16:42:14.0 (157671967)|ENTERING_MANAGED_PKG|tdc_tsw
16:42:14.0 (157912853)|ENTERING_MANAGED_PKG|tdc_tsw
16:42:14.0 (158317594)|ENTERING_MANAGED_PKG|tdc_tsw
16:42:14.0 (159622321)|ENTERING_MANAGED_PKG|tdc_tsw
16:42:14.0 (160574787)|ENTERING_MANAGED_PKG|tdc_tsw
16:42:14.0 (160961808)|ENTERING_MANAGED_PKG|tdc_tsw
16:42:14.0 (161558027)|ENTERING_MANAGED_PKG|tdc_tsw
16:42:14.0 (162925017)|ENTERING_MANAGED_PKG|tdc_tsw
16:42:14.0 (164212250)|ENTERING_MANAGED_PKG|tdc_tsw
16:42:14.0 (164569582)|ENTERING_MANAGED_PKG|tdc_tsw
16:42:14.0 (165067748)|ENTERING_MANAGED_PKG|tdc_tsw
16:42:14.0 (166276924)|ENTERING_MANAGED_PKG|tdc_tsw
16:42:14.0 (167139735)|ENTERING_MANAGED_PKG|tdc_tsw
16:42:14.0 (167383525)|ENTERING_MANAGED_PKG|tdc_tsw
16:42:14.0 (167817791)|ENTERING_MANAGED_PKG|tdc_tsw
16:42:14.0 (169103083)|ENTERING_MANAGED_PKG|tdc_tsw
16:42:14.0 (169873159)|ENTERING_MANAGED_PKG|tdc_tsw
16:42:14.0 (170117477)|ENTERING_MANAGED_PKG|tdc_tsw
16:42:14.0 (170515409)|ENTERING_MANAGED_PKG|tdc_tsw
16:42:14.0 (171672599)|ENTERING_MANAGED_PKG|tdc_tsw
16:42:14.0 (172702870)|ENTERING_MANAGED_PKG|tdc_tsw
16:42:14.0 (172950478)|ENTERING_MANAGED_PKG|tdc_tsw
16:42:14.0 (173355714)|ENTERING_MANAGED_PKG|tdc_tsw
16:42:14.0 (174452732)|ENTERING_MANAGED_PKG|tdc_tsw
16:42:14.0 (175209457)|ENTERING_MANAGED_PKG|tdc_tsw
16:42:14.0 (175480315)|ENTERING_MANAGED_PKG|tdc_tsw
16:42:14.0 (175906054)|ENTERING_MANAGED_PKG|tdc_tsw
16:42:14.0 (177027749)|ENTERING_MANAGED_PKG|tdc_tsw
16:42:14.0 (177849899)|ENTERING_MANAGED_PKG|tdc_tsw
16:42:14.0 (178129911)|ENTERING_MANAGED_PKG|tdc_tsw
16:42:14.0 (178571750)|ENTERING_MANAGED_PKG|tdc_tsw
16:42:14.0 (179777734)|ENTERING_MANAGED_PKG|tdc_tsw
16:42:14.0 (180574532)|ENTERING_MANAGED_PKG|tdc_tsw
16:42:14.0 (180841267)|ENTERING_MANAGED_PKG|tdc_tsw
16:42:14.0 (181289029)|ENTERING_MANAGED_PKG|tdc_tsw
16:42:14.0 (182407347)|ENTERING_MANAGED_PKG|tdc_tsw
16:42:14.0 (183154068)|ENTERING_MANAGED_PKG|tdc_tsw
16:42:14.0 (183386992)|ENTERING_MANAGED_PKG|tdc_tsw
16:42:14.0 (183835180)|ENTERING_MANAGED_PKG|tdc_tsw
16:42:14.0 (185157589)|ENTERING_MANAGED_PKG|tdc_tsw
16:42:14.0 (185980657)|ENTERING_MANAGED_PKG|tdc_tsw
16:42:14.0 (186227649)|ENTERING_MANAGED_PKG|tdc_tsw
16:42:14.0 (186788348)|ENTERING_MANAGED_PKG|tdc_tsw
16:42:14.0 (188089202)|ENTERING_MANAGED_PKG|tdc_tsw
16:42:14.0 (188956961)|ENTERING_MANAGED_PKG|tdc_tsw
16:42:14.0 (189214390)|ENTERING_MANAGED_PKG|tdc_tsw
16:42:14.0 (189762624)|ENTERING_MANAGED_PKG|tdc_tsw
16:42:14.0 (191005736)|ENTERING_MANAGED_PKG|tdc_tsw
16:42:14.0 (191773651)|ENTERING_MANAGED_PKG|tdc_tsw
16:42:14.0 (192007617)|ENTERING_MANAGED_PKG|tdc_tsw
16:42:14.0 (192407856)|ENTERING_MANAGED_PKG|tdc_tsw
16:42:14.0 (193930867)|ENTERING_MANAGED_PKG|tdc_tsw
16:42:14.0 (194935754)|ENTERING_MANAGED_PKG|tdc_tsw
16:42:14.0 (195184952)|ENTERING_MANAGED_PKG|tdc_tsw
16:42:14.0 (195601516)|ENTERING_MANAGED_PKG|tdc_tsw
16:42:14.0 (196863598)|ENTERING_MANAGED_PKG|tdc_tsw
16:42:14.0 (197726345)|ENTERING_MANAGED_PKG|tdc_tsw
16:42:14.0 (198140557)|ENTERING_MANAGED_PKG|tdc_tsw
16:42:14.0 (198841079)|ENTERING_MANAGED_PKG|tdc_tsw
16:42:14.0 (200625209)|ENTERING_MANAGED_PKG|tdc_tsw
16:42:14.0 (201847734)|ENTERING_MANAGED_PKG|tdc_tsw
16:42:14.0 (202149792)|ENTERING_MANAGED_PKG|tdc_tsw
16:42:14.0 (202835088)|ENTERING_MANAGED_PKG|tdc_tsw
16:42:14.0 (204374115)|ENTERING_MANAGED_PKG|tdc_tsw
16:42:14.0 (205137524)|ENTERING_MANAGED_PKG|tdc_tsw
16:42:14.0 (205372665)|ENTERING_MANAGED_PKG|tdc_tsw
16:42:14.0 (205780962)|ENTERING_MANAGED_PKG|tdc_tsw
16:42:14.0 (206987226)|ENTERING_MANAGED_PKG|tdc_tsw
16:42:14.0 (207796888)|ENTERING_MANAGED_PKG|tdc_tsw
16:42:14.0 (208029688)|ENTERING_MANAGED_PKG|tdc_tsw
16:42:14.0 (208427639)|ENTERING_MANAGED_PKG|tdc_tsw
16:42:14.0 (209704493)|ENTERING_MANAGED_PKG|tdc_tsw
16:42:14.0 (210500426)|ENTERING_MANAGED_PKG|tdc_tsw
16:42:14.0 (210813573)|ENTERING_MANAGED_PKG|tdc_tsw
16:42:14.0 (211225892)|ENTERING_MANAGED_PKG|tdc_tsw
16:42:14.0 (212533659)|ENTERING_MANAGED_PKG|tdc_tsw
16:42:14.0 (213334189)|ENTERING_MANAGED_PKG|tdc_tsw
16:42:14.0 (213708880)|ENTERING_MANAGED_PKG|tdc_tsw
16:42:14.0 (214121474)|ENTERING_MANAGED_PKG|tdc_tsw
16:42:14.0 (215436939)|ENTERING_MANAGED_PKG|tdc_tsw
16:42:14.0 (216244030)|ENTERING_MANAGED_PKG|tdc_tsw
16:42:14.0 (216480884)|ENTERING_MANAGED_PKG|tdc_tsw
16:42:14.0 (216872291)|ENTERING_MANAGED_PKG|tdc_tsw
16:42:14.0 (218009123)|ENTERING_MANAGED_PKG|tdc_tsw
16:42:14.0 (219004039)|ENTERING_MANAGED_PKG|tdc_tsw
16:42:14.0 (219307463)|ENTERING_MANAGED_PKG|tdc_tsw
16:42:14.0 (219699970)|ENTERING_MANAGED_PKG|tdc_tsw
16:42:14.0 (220824726)|ENTERING_MANAGED_PKG|tdc_tsw
16:42:14.0 (221664900)|ENTERING_MANAGED_PKG|tdc_tsw
16:42:14.0 (221899189)|ENTERING_MANAGED_PKG|tdc_tsw
16:42:14.0 (222383547)|ENTERING_MANAGED_PKG|tdc_tsw
16:42:14.0 (224429333)|ENTERING_MANAGED_PKG|tdc_tsw
16:42:14.0 (225691704)|ENTERING_MANAGED_PKG|tdc_tsw
16:42:14.0 (226149798)|ENTERING_MANAGED_PKG|tdc_tsw
16:42:14.0 (226715844)|ENTERING_MANAGED_PKG|tdc_tsw
16:42:14.0 (228156349)|ENTERING_MANAGED_PKG|tdc_tsw
16:42:14.0 (229410399)|ENTERING_MANAGED_PKG|tdc_tsw
16:42:14.0 (229736410)|ENTERING_MANAGED_PKG|tdc_tsw
16:42:14.0 (230255609)|ENTERING_MANAGED_PKG|tdc_tsw
16:42:14.0 (231941896)|ENTERING_MANAGED_PKG|tdc_tsw
16:42:14.0 (232877479)|ENTERING_MANAGED_PKG|tdc_tsw
16:42:14.0 (233124744)|ENTERING_MANAGED_PKG|tdc_tsw
16:42:14.0 (233639722)|ENTERING_MANAGED_PKG|tdc_tsw
16:42:14.0 (235056526)|ENTERING_MANAGED_PKG|tdc_tsw
16:42:14.0 (236036536)|ENTERING_MANAGED_PKG|tdc_tsw
16:42:14.0 (236335335)|ENTERING_MANAGED_PKG|tdc_tsw
16:42:14.0 (236853209)|ENTERING_MANAGED_PKG|tdc_tsw
16:42:14.0 (238192850)|ENTERING_MANAGED_PKG|tdc_tsw
16:42:14.0 (239162574)|ENTERING_MANAGED_PKG|tdc_tsw
16:42:14.0 (239561542)|ENTERING_MANAGED_PKG|tdc_tsw
16:42:14.0 (240311101)|ENTERING_MANAGED_PKG|tdc_tsw
16:42:14.0 (241847353)|ENTERING_MANAGED_PKG|tdc_tsw
16:42:14.0 (242625854)|ENTERING_MANAGED_PKG|tdc_tsw
16:42:14.0 (242860657)|ENTERING_MANAGED_PKG|tdc_tsw
16:42:14.0 (243291338)|ENTERING_MANAGED_PKG|tdc_tsw
16:42:14.0 (244488349)|ENTERING_MANAGED_PKG|tdc_tsw
16:42:14.0 (245364684)|ENTERING_MANAGED_PKG|tdc_tsw
16:42:14.0 (245620655)|ENTERING_MANAGED_PKG|tdc_tsw
16:42:14.0 (246044043)|ENTERING_MANAGED_PKG|tdc_tsw
16:42:14.0 (247143781)|ENTERING_MANAGED_PKG|tdc_tsw
16:42:14.0 (247889840)|ENTERING_MANAGED_PKG|tdc_tsw
16:42:14.0 (248127056)|ENTERING_MANAGED_PKG|tdc_tsw
16:42:14.0 (248516025)|ENTERING_MANAGED_PKG|tdc_tsw
16:42:14.0 (249948666)|ENTERING_MANAGED_PKG|tdc_tsw
16:42:14.0 (250934101)|ENTERING_MANAGED_PKG|tdc_tsw
16:42:14.0 (251070440)|ENTERING_MANAGED_PKG|tdc_tsw
16:42:14.0 (252007744)|SOQL_EXECUTE_BEGIN|[200]|Aggregations:0|SELECT Name, NamespacePrefix, SystemModStamp FROM StaticResource WHERE Name LIKE :tmpVar1 LIMIT 10
16:42:14.0 (258386854)|SOQL_EXECUTE_END|[200]|Rows:1
16:42:14.0 (259404267)|ENTERING_MANAGED_PKG|tdc_tsw
16:42:14.0 (259833136)|SOQL_EXECUTE_BEGIN|[200]|Aggregations:0|SELECT Name, NamespacePrefix, SystemModStamp FROM StaticResource WHERE Name LIKE :tmpVar1 LIMIT 10
16:42:14.0 (262828658)|SOQL_EXECUTE_END|[200]|Rows:1
16:42:14.0 (263291135)|ENTERING_MANAGED_PKG|tdc_tsw
16:42:14.0 (267010326)|ENTERING_MANAGED_PKG|tdc_tsw
16:42:14.0 (268701591)|ENTERING_MANAGED_PKG|tdc_tsw
16:42:14.0 (269024246)|ENTERING_MANAGED_PKG|tdc_tsw
16:42:14.0 (269938195)|ENTERING_MANAGED_PKG|tdc_tsw
16:42:14.0 (270437811)|SOQL_EXECUTE_BEGIN|[200]|Aggregations:0|SELECT Name, NamespacePrefix, SystemModStamp FROM StaticResource WHERE Name LIKE :tmpVar1 LIMIT 10
16:42:14.0 (273775525)|SOQL_EXECUTE_END|[200]|Rows:1
16:42:14.295 (295575033)|USER_INFO|[EXTERNAL]|0051H000009gxp8|chanida.dev2@solvedbysoftwareco.com|Eastern Standard Time|GMT-05:00
16:42:14.295 (298065989)|ENTERING_MANAGED_PKG|tdc_tsw
16:42:14.295 (298339529)|ENTERING_MANAGED_PKG|tdc_tsw
16:42:14.295 (301173269)|SOQL_EXECUTE_BEGIN|[355]|Aggregations:0|SELECT id, name, Disable_Incoming_SMS_Sharing__c FROM User WHERE id = :tmpVar1
16:42:14.295 (307408402)|SOQL_EXECUTE_END|[355]|Rows:1
16:42:14.295 (308398090)|SOQL_EXECUTE_BEGIN|[367]|Aggregations:0|SELECT CreatedDate,Id,LastModifiedDate,Related_Object_Id__c FROM Message__c WHERE Name = 'Incoming' AND Read__c = false ORDER BY CreatedDate Desc limit 100
16:42:14.295 (323058039)|SOQL_EXECUTE_END|[367]|Rows:100
