44.0 APEX_CODE,FINEST;APEX_PROFILING,INFO;CALLOUT,INFO;DB,INFO;NBA,INFO;SYSTEM,DEBUG;VALIDATION,INFO;VISUALFORCE,INFO;WAVE,INFO;WORKFLOW,INFO
23:05:26.0 (280349)|USER_INFO|[EXTERNAL]|0051H000009gxp8|chanida.dev2@solvedbysoftwareco.com|Eastern Standard Time|GMT-05:00
23:05:26.0 (2843847)|ENTERING_MANAGED_PKG|tdc_tsw
23:05:26.0 (3014640)|ENTERING_MANAGED_PKG|tdc_tsw
23:05:26.0 (9421236)|ENTERING_MANAGED_PKG|tdc_tsw
23:05:26.0 (9523906)|ENTERING_MANAGED_PKG|tdc_tsw
23:05:26.0 (12988498)|ENTERING_MANAGED_PKG|tdc_tsw
23:05:26.0 (18620033)|ENTERING_MANAGED_PKG|tdc_tsw
23:05:26.0 (20080938)|ENTERING_MANAGED_PKG|tdc_tsw
23:05:26.0 (20181257)|ENTERING_MANAGED_PKG|tdc_tsw
23:05:26.0 (21260006)|ENTERING_MANAGED_PKG|tdc_tsw
23:05:26.0 (27131302)|SOQL_EXECUTE_BEGIN|[82]|Aggregations:0|SELECT CreatedDate, Id,Task_Created__c,Event_Created__c,isCaseCreated__c,Task_Id__c,Event_Id__c,Case__c, Important__c, Delivered__c, Message_Text_New__c, Name, Owner.Name, Read__c,MessageId__c, ToNumber__c, Related_Object_Id__c, Related_Object__c, Sender_Number__c, LastModifiedDate, Attachments_Ids__c FROM Message__c WHERE Contact__c =: recordId ORDER BY CreatedDate Desc limit 200
23:05:26.0 (40390836)|SOQL_EXECUTE_END|[82]|Rows:2
23:05:26.0 (42443189)|ENTERING_MANAGED_PKG|tdc_tsw
23:05:26.0 (42726252)|ENTERING_MANAGED_PKG|tdc_tsw
23:05:26.0 (42804433)|ENTERING_MANAGED_PKG|tdc_tsw
23:05:26.0 (43400340)|SOQL_EXECUTE_BEGIN|[200]|Aggregations:0|SELECT Name, NamespacePrefix, SystemModStamp FROM StaticResource WHERE Name LIKE :tmpVar1 LIMIT 10
23:05:26.0 (46408610)|SOQL_EXECUTE_END|[200]|Rows:1
23:05:26.0 (48570799)|ENTERING_MANAGED_PKG|tdc_tsw
23:05:26.0 (50067464)|ENTERING_MANAGED_PKG|tdc_tsw
23:05:26.0 (50113347)|ENTERING_MANAGED_PKG|tdc_tsw
23:05:26.0 (51806266)|ENTERING_MANAGED_PKG|tdc_tsw
23:05:26.0 (52520462)|ENTERING_MANAGED_PKG|tdc_tsw
23:05:26.0 (56980825)|SOQL_EXECUTE_BEGIN|[172]|Aggregations:0|SELECT id, name FROM ChatTranscript__c WHERE (Chat_Active__c = TRUE AND (Related_Object_Id__c = :tmpVar1 OR Related_Object_Id__c = :tmpVar2)) LIMIT 1
23:05:26.0 (60283452)|SOQL_EXECUTE_END|[172]|Rows:0
23:05:26.0 (63795506)|ENTERING_MANAGED_PKG|tdc_tsw
23:05:26.0 (63854044)|ENTERING_MANAGED_PKG|tdc_tsw
