43.0 APEX_CODE,FINEST;APEX_PROFILING,INFO;CALLOUT,INFO;DB,INFO;NBA,INFO;SYSTEM,DEBUG;VALIDATION,INFO;VISUALFORCE,INFO;WAVE,INFO;WORKFLOW,INFO
19:38:27.30 (30937463)|ENTERING_MANAGED_PKG|tdc_tsw
19:38:27.30 (32471222)|ENTERING_MANAGED_PKG|tdc_tsw
19:38:27.30 (32662516)|ENTERING_MANAGED_PKG|tdc_tsw
19:38:27.30 (32749959)|ENTERING_MANAGED_PKG|tdc_tsw
19:38:27.30 (34827107)|ENTERING_MANAGED_PKG|tdc_tsw
19:38:27.30 (34976987)|ENTERING_MANAGED_PKG|tdc_tsw
19:38:27.30 (35028600)|ENTERING_MANAGED_PKG|tdc_tsw
19:38:27.30 (35078471)|ENTERING_MANAGED_PKG|tdc_tsw
19:38:27.30 (39147698)|SOQL_EXECUTE_BEGIN|[109]|Aggregations:0|SELECT id, name FROM Folder__c ORDER BY name ASC NULLS FIRST LIMIT 999
19:38:27.30 (42458158)|SOQL_EXECUTE_END|[109]|Rows:0
19:38:27.30 (42562389)|ENTERING_MANAGED_PKG|tdc_tsw
19:38:27.30 (42652282)|ENTERING_MANAGED_PKG|tdc_tsw
19:38:27.30 (42736623)|ENTERING_MANAGED_PKG|tdc_tsw
19:38:27.30 (42815545)|ENTERING_MANAGED_PKG|tdc_tsw
19:38:27.30 (42891416)|ENTERING_MANAGED_PKG|tdc_tsw
19:38:27.30 (42968274)|ENTERING_MANAGED_PKG|tdc_tsw
19:38:27.30 (43045537)|ENTERING_MANAGED_PKG|tdc_tsw
19:38:27.30 (43137019)|ENTERING_MANAGED_PKG|tdc_tsw
19:38:27.30 (43223848)|ENTERING_MANAGED_PKG|tdc_tsw
19:38:27.30 (43541476)|ENTERING_MANAGED_PKG|tdc_tsw
19:38:27.30 (43750810)|ENTERING_MANAGED_PKG|tdc_tsw
19:38:27.30 (43831981)|ENTERING_MANAGED_PKG|tdc_tsw
19:38:27.30 (43907494)|ENTERING_MANAGED_PKG|tdc_tsw
19:38:27.30 (44236650)|ENTERING_MANAGED_PKG|tdc_tsw
19:38:27.30 (44321606)|ENTERING_MANAGED_PKG|tdc_tsw
19:38:27.30 (44356062)|ENTERING_MANAGED_PKG|tdc_tsw
19:38:27.30 (44532291)|ENTERING_MANAGED_PKG|tdc_tsw
19:38:27.30 (44634201)|ENTERING_MANAGED_PKG|tdc_tsw
19:38:27.30 (44698383)|ENTERING_MANAGED_PKG|tdc_tsw
19:38:27.30 (131660120)|ENTERING_MANAGED_PKG|tdc_tsw
19:38:27.30 (131853244)|ENTERING_MANAGED_PKG|tdc_tsw
19:38:27.30 (132692437)|ENTERING_MANAGED_PKG|tdc_tsw
19:38:27.30 (132789470)|ENTERING_MANAGED_PKG|tdc_tsw
19:38:27.30 (133542047)|ENTERING_MANAGED_PKG|tdc_tsw
19:38:27.30 (133634337)|ENTERING_MANAGED_PKG|tdc_tsw
19:38:27.30 (134400874)|ENTERING_MANAGED_PKG|tdc_tsw
19:38:27.30 (134493210)|ENTERING_MANAGED_PKG|tdc_tsw
19:38:27.30 (135241742)|ENTERING_MANAGED_PKG|tdc_tsw
19:38:27.30 (135331973)|ENTERING_MANAGED_PKG|tdc_tsw
19:38:27.30 (136169150)|ENTERING_MANAGED_PKG|tdc_tsw
19:38:27.30 (136270347)|ENTERING_MANAGED_PKG|tdc_tsw
19:38:27.30 (137051678)|ENTERING_MANAGED_PKG|tdc_tsw
19:38:27.30 (137153857)|ENTERING_MANAGED_PKG|tdc_tsw
19:38:27.30 (137921037)|ENTERING_MANAGED_PKG|tdc_tsw
19:38:27.30 (138011811)|ENTERING_MANAGED_PKG|tdc_tsw
19:38:27.30 (138758453)|ENTERING_MANAGED_PKG|tdc_tsw
19:38:27.30 (138850806)|ENTERING_MANAGED_PKG|tdc_tsw
19:38:27.30 (139625681)|ENTERING_MANAGED_PKG|tdc_tsw
19:38:27.30 (139718269)|ENTERING_MANAGED_PKG|tdc_tsw
19:38:27.30 (140458699)|ENTERING_MANAGED_PKG|tdc_tsw
19:38:27.30 (140548734)|ENTERING_MANAGED_PKG|tdc_tsw
19:38:27.30 (141388547)|ENTERING_MANAGED_PKG|tdc_tsw
19:38:27.30 (141479463)|ENTERING_MANAGED_PKG|tdc_tsw
19:38:27.30 (142211244)|ENTERING_MANAGED_PKG|tdc_tsw
19:38:27.30 (142302866)|ENTERING_MANAGED_PKG|tdc_tsw
19:38:27.30 (143053121)|ENTERING_MANAGED_PKG|tdc_tsw
19:38:27.30 (143156425)|ENTERING_MANAGED_PKG|tdc_tsw
19:38:27.30 (144361003)|ENTERING_MANAGED_PKG|tdc_tsw
19:38:27.30 (144453901)|ENTERING_MANAGED_PKG|tdc_tsw
19:38:27.30 (145193731)|ENTERING_MANAGED_PKG|tdc_tsw
19:38:27.30 (145283041)|ENTERING_MANAGED_PKG|tdc_tsw
19:38:27.30 (145999275)|ENTERING_MANAGED_PKG|tdc_tsw
19:38:27.30 (146088543)|ENTERING_MANAGED_PKG|tdc_tsw
19:38:27.30 (146822610)|ENTERING_MANAGED_PKG|tdc_tsw
19:38:27.30 (146911086)|ENTERING_MANAGED_PKG|tdc_tsw
19:38:27.30 (147701347)|ENTERING_MANAGED_PKG|tdc_tsw
19:38:27.30 (147791327)|ENTERING_MANAGED_PKG|tdc_tsw
19:38:27.30 (148813836)|ENTERING_MANAGED_PKG|tdc_tsw
19:38:27.30 (148903609)|ENTERING_MANAGED_PKG|tdc_tsw
19:38:27.30 (149634216)|ENTERING_MANAGED_PKG|tdc_tsw
19:38:27.30 (149723536)|ENTERING_MANAGED_PKG|tdc_tsw
19:38:27.30 (150437147)|ENTERING_MANAGED_PKG|tdc_tsw
19:38:27.30 (150526709)|ENTERING_MANAGED_PKG|tdc_tsw
19:38:27.30 (151242417)|ENTERING_MANAGED_PKG|tdc_tsw
19:38:27.30 (151332096)|ENTERING_MANAGED_PKG|tdc_tsw
19:38:27.30 (152024789)|ENTERING_MANAGED_PKG|tdc_tsw
19:38:27.30 (152114191)|ENTERING_MANAGED_PKG|tdc_tsw
19:38:27.30 (152897097)|ENTERING_MANAGED_PKG|tdc_tsw
19:38:27.30 (152985953)|ENTERING_MANAGED_PKG|tdc_tsw
19:38:27.30 (154295158)|ENTERING_MANAGED_PKG|tdc_tsw
19:38:27.30 (154386452)|ENTERING_MANAGED_PKG|tdc_tsw
19:38:27.30 (155044366)|ENTERING_MANAGED_PKG|tdc_tsw
19:38:27.30 (155143423)|ENTERING_MANAGED_PKG|tdc_tsw
19:38:27.30 (155817026)|ENTERING_MANAGED_PKG|tdc_tsw
19:38:27.30 (155905629)|ENTERING_MANAGED_PKG|tdc_tsw
19:38:27.30 (156629661)|ENTERING_MANAGED_PKG|tdc_tsw
19:38:27.30 (156719863)|ENTERING_MANAGED_PKG|tdc_tsw
19:38:27.30 (157454954)|ENTERING_MANAGED_PKG|tdc_tsw
19:38:27.30 (157544418)|ENTERING_MANAGED_PKG|tdc_tsw
19:38:27.30 (158267959)|ENTERING_MANAGED_PKG|tdc_tsw
19:38:27.30 (158357332)|ENTERING_MANAGED_PKG|tdc_tsw
19:38:27.30 (159062330)|ENTERING_MANAGED_PKG|tdc_tsw
19:38:27.30 (159160341)|ENTERING_MANAGED_PKG|tdc_tsw
19:38:27.30 (159863862)|ENTERING_MANAGED_PKG|tdc_tsw
19:38:27.30 (159952072)|ENTERING_MANAGED_PKG|tdc_tsw
19:38:27.30 (160964173)|ENTERING_MANAGED_PKG|tdc_tsw
19:38:27.30 (161054446)|ENTERING_MANAGED_PKG|tdc_tsw
19:38:27.30 (161785809)|ENTERING_MANAGED_PKG|tdc_tsw
19:38:27.30 (161875788)|ENTERING_MANAGED_PKG|tdc_tsw
19:38:27.30 (162303328)|ENTERING_MANAGED_PKG|tdc_tsw
19:38:27.30 (162395191)|ENTERING_MANAGED_PKG|tdc_tsw
19:38:27.30 (162936999)|ENTERING_MANAGED_PKG|tdc_tsw
19:38:27.30 (163026734)|ENTERING_MANAGED_PKG|tdc_tsw
19:38:27.30 (163849695)|ENTERING_MANAGED_PKG|tdc_tsw
19:38:27.30 (163941034)|ENTERING_MANAGED_PKG|tdc_tsw
19:38:27.30 (164325345)|ENTERING_MANAGED_PKG|tdc_tsw
19:38:27.30 (164415926)|ENTERING_MANAGED_PKG|tdc_tsw
19:38:27.30 (165016361)|ENTERING_MANAGED_PKG|tdc_tsw
19:38:27.30 (165106294)|ENTERING_MANAGED_PKG|tdc_tsw
19:38:27.30 (165757800)|ENTERING_MANAGED_PKG|tdc_tsw
19:38:27.30 (165848254)|ENTERING_MANAGED_PKG|tdc_tsw
19:38:27.30 (166226633)|ENTERING_MANAGED_PKG|tdc_tsw
19:38:27.30 (166316052)|ENTERING_MANAGED_PKG|tdc_tsw
19:38:27.30 (166968181)|ENTERING_MANAGED_PKG|tdc_tsw
19:38:27.30 (167057470)|ENTERING_MANAGED_PKG|tdc_tsw
19:38:27.30 (167435219)|ENTERING_MANAGED_PKG|tdc_tsw
19:38:27.30 (167524207)|ENTERING_MANAGED_PKG|tdc_tsw
19:38:27.30 (168264890)|ENTERING_MANAGED_PKG|tdc_tsw
19:38:27.30 (168464715)|ENTERING_MANAGED_PKG|tdc_tsw
19:38:27.30 (169050462)|ENTERING_MANAGED_PKG|tdc_tsw
19:38:27.30 (169154120)|ENTERING_MANAGED_PKG|tdc_tsw
19:38:27.30 (170044573)|ENTERING_MANAGED_PKG|tdc_tsw
19:38:27.30 (170146083)|ENTERING_MANAGED_PKG|tdc_tsw
19:38:27.30 (170530854)|ENTERING_MANAGED_PKG|tdc_tsw
19:38:27.30 (170622507)|ENTERING_MANAGED_PKG|tdc_tsw
19:38:27.30 (171299902)|ENTERING_MANAGED_PKG|tdc_tsw
19:38:27.30 (171393889)|ENTERING_MANAGED_PKG|tdc_tsw
19:38:27.30 (171771637)|ENTERING_MANAGED_PKG|tdc_tsw
19:38:27.30 (171863111)|ENTERING_MANAGED_PKG|tdc_tsw
19:38:27.30 (172525561)|ENTERING_MANAGED_PKG|tdc_tsw
19:38:27.30 (172619680)|ENTERING_MANAGED_PKG|tdc_tsw
19:38:27.30 (172995647)|ENTERING_MANAGED_PKG|tdc_tsw
19:38:27.30 (173094971)|ENTERING_MANAGED_PKG|tdc_tsw
19:38:27.30 (173758266)|ENTERING_MANAGED_PKG|tdc_tsw
19:38:27.30 (173848584)|ENTERING_MANAGED_PKG|tdc_tsw
19:38:27.30 (174232070)|ENTERING_MANAGED_PKG|tdc_tsw
19:38:27.30 (174322851)|ENTERING_MANAGED_PKG|tdc_tsw
19:38:27.30 (174946151)|ENTERING_MANAGED_PKG|tdc_tsw
19:38:27.30 (175038751)|ENTERING_MANAGED_PKG|tdc_tsw
19:38:27.30 (175419225)|ENTERING_MANAGED_PKG|tdc_tsw
19:38:27.30 (175510844)|ENTERING_MANAGED_PKG|tdc_tsw
19:38:27.30 (176206503)|ENTERING_MANAGED_PKG|tdc_tsw
19:38:27.30 (176301253)|ENTERING_MANAGED_PKG|tdc_tsw
19:38:27.30 (176687076)|ENTERING_MANAGED_PKG|tdc_tsw
19:38:27.30 (176778952)|ENTERING_MANAGED_PKG|tdc_tsw
19:38:27.30 (177422766)|ENTERING_MANAGED_PKG|tdc_tsw
19:38:27.30 (177512630)|ENTERING_MANAGED_PKG|tdc_tsw
19:38:27.30 (178180931)|ENTERING_MANAGED_PKG|tdc_tsw
19:38:27.30 (178274180)|ENTERING_MANAGED_PKG|tdc_tsw
19:38:27.30 (178645954)|ENTERING_MANAGED_PKG|tdc_tsw
19:38:27.30 (178737314)|ENTERING_MANAGED_PKG|tdc_tsw
19:38:27.30 (179294520)|ENTERING_MANAGED_PKG|tdc_tsw
19:38:27.30 (179386889)|ENTERING_MANAGED_PKG|tdc_tsw
19:38:27.30 (196584702)|ENTERING_MANAGED_PKG|tdc_tsw
19:38:27.30 (196681458)|ENTERING_MANAGED_PKG|tdc_tsw
19:38:27.30 (197417575)|ENTERING_MANAGED_PKG|tdc_tsw
19:38:27.30 (197513332)|ENTERING_MANAGED_PKG|tdc_tsw
19:38:27.30 (198289536)|ENTERING_MANAGED_PKG|tdc_tsw
19:38:27.30 (198384152)|ENTERING_MANAGED_PKG|tdc_tsw
19:38:27.30 (199487118)|ENTERING_MANAGED_PKG|tdc_tsw
19:38:27.30 (199582050)|ENTERING_MANAGED_PKG|tdc_tsw
19:38:27.30 (200607590)|ENTERING_MANAGED_PKG|tdc_tsw
19:38:27.30 (200702175)|ENTERING_MANAGED_PKG|tdc_tsw
19:38:27.30 (201418029)|ENTERING_MANAGED_PKG|tdc_tsw
19:38:27.30 (201511878)|ENTERING_MANAGED_PKG|tdc_tsw
19:38:27.30 (202235642)|ENTERING_MANAGED_PKG|tdc_tsw
19:38:27.30 (202328795)|ENTERING_MANAGED_PKG|tdc_tsw
19:38:27.30 (202993590)|ENTERING_MANAGED_PKG|tdc_tsw
19:38:27.30 (203086895)|ENTERING_MANAGED_PKG|tdc_tsw
19:38:27.30 (203811484)|ENTERING_MANAGED_PKG|tdc_tsw
19:38:27.30 (203906464)|ENTERING_MANAGED_PKG|tdc_tsw
19:38:27.30 (204628333)|ENTERING_MANAGED_PKG|tdc_tsw
19:38:27.30 (204721332)|ENTERING_MANAGED_PKG|tdc_tsw
19:38:27.30 (205437145)|ENTERING_MANAGED_PKG|tdc_tsw
19:38:27.30 (205537471)|ENTERING_MANAGED_PKG|tdc_tsw
19:38:27.30 (206244783)|ENTERING_MANAGED_PKG|tdc_tsw
19:38:27.30 (206340144)|ENTERING_MANAGED_PKG|tdc_tsw
19:38:27.30 (207049598)|ENTERING_MANAGED_PKG|tdc_tsw
19:38:27.30 (207151060)|ENTERING_MANAGED_PKG|tdc_tsw
19:38:27.30 (207852163)|ENTERING_MANAGED_PKG|tdc_tsw
19:38:27.30 (207943651)|ENTERING_MANAGED_PKG|tdc_tsw
19:38:27.30 (208618147)|ENTERING_MANAGED_PKG|tdc_tsw
19:38:27.30 (208711974)|ENTERING_MANAGED_PKG|tdc_tsw
19:38:27.30 (209424851)|ENTERING_MANAGED_PKG|tdc_tsw
19:38:27.30 (209518939)|ENTERING_MANAGED_PKG|tdc_tsw
19:38:27.30 (210246235)|ENTERING_MANAGED_PKG|tdc_tsw
19:38:27.30 (210340392)|ENTERING_MANAGED_PKG|tdc_tsw
19:38:27.30 (211002086)|ENTERING_MANAGED_PKG|tdc_tsw
19:38:27.30 (211096318)|ENTERING_MANAGED_PKG|tdc_tsw
19:38:27.30 (211827028)|ENTERING_MANAGED_PKG|tdc_tsw
19:38:27.30 (211919639)|ENTERING_MANAGED_PKG|tdc_tsw
19:38:27.30 (212685717)|ENTERING_MANAGED_PKG|tdc_tsw
19:38:27.30 (212781180)|ENTERING_MANAGED_PKG|tdc_tsw
19:38:27.30 (213495084)|ENTERING_MANAGED_PKG|tdc_tsw
19:38:27.30 (213588948)|ENTERING_MANAGED_PKG|tdc_tsw
19:38:27.30 (214347685)|ENTERING_MANAGED_PKG|tdc_tsw
19:38:27.30 (214442575)|ENTERING_MANAGED_PKG|tdc_tsw
19:38:27.30 (215177070)|ENTERING_MANAGED_PKG|tdc_tsw
19:38:27.30 (215272207)|ENTERING_MANAGED_PKG|tdc_tsw
19:38:27.30 (215990635)|ENTERING_MANAGED_PKG|tdc_tsw
19:38:27.30 (216145424)|ENTERING_MANAGED_PKG|tdc_tsw
19:38:27.30 (217032052)|ENTERING_MANAGED_PKG|tdc_tsw
19:38:27.30 (217184252)|ENTERING_MANAGED_PKG|tdc_tsw
19:38:27.30 (218063796)|ENTERING_MANAGED_PKG|tdc_tsw
19:38:27.30 (218216785)|ENTERING_MANAGED_PKG|tdc_tsw
19:38:27.30 (219111540)|ENTERING_MANAGED_PKG|tdc_tsw
19:38:27.30 (219247256)|ENTERING_MANAGED_PKG|tdc_tsw
19:38:27.30 (220092857)|ENTERING_MANAGED_PKG|tdc_tsw
19:38:27.30 (220236838)|ENTERING_MANAGED_PKG|tdc_tsw
19:38:27.30 (221058860)|ENTERING_MANAGED_PKG|tdc_tsw
19:38:27.30 (221176762)|ENTERING_MANAGED_PKG|tdc_tsw
19:38:27.30 (222511234)|ENTERING_MANAGED_PKG|tdc_tsw
19:38:27.30 (222647607)|ENTERING_MANAGED_PKG|tdc_tsw
19:38:27.30 (223556504)|ENTERING_MANAGED_PKG|tdc_tsw
19:38:27.30 (223692957)|ENTERING_MANAGED_PKG|tdc_tsw
19:38:27.30 (224596192)|ENTERING_MANAGED_PKG|tdc_tsw
19:38:27.30 (224748114)|ENTERING_MANAGED_PKG|tdc_tsw
19:38:27.30 (225628281)|ENTERING_MANAGED_PKG|tdc_tsw
19:38:27.30 (225771544)|ENTERING_MANAGED_PKG|tdc_tsw
19:38:27.30 (226764589)|ENTERING_MANAGED_PKG|tdc_tsw
19:38:27.30 (226859149)|ENTERING_MANAGED_PKG|tdc_tsw
19:38:27.30 (228574387)|ENTERING_MANAGED_PKG|tdc_tsw
19:38:27.30 (228669603)|ENTERING_MANAGED_PKG|tdc_tsw
19:38:27.30 (229240356)|ENTERING_MANAGED_PKG|tdc_tsw
19:38:27.30 (229336096)|ENTERING_MANAGED_PKG|tdc_tsw
19:38:27.30 (229952744)|ENTERING_MANAGED_PKG|tdc_tsw
19:38:27.30 (230047172)|ENTERING_MANAGED_PKG|tdc_tsw
19:38:27.30 (230672176)|ENTERING_MANAGED_PKG|tdc_tsw
19:38:27.30 (230765347)|ENTERING_MANAGED_PKG|tdc_tsw
19:38:27.30 (230975545)|ENTERING_MANAGED_PKG|tdc_tsw
19:38:27.30 (231052844)|ENTERING_MANAGED_PKG|tdc_tsw
19:38:27.30 (231087775)|ENTERING_MANAGED_PKG|tdc_tsw
19:38:27.30 (231143467)|ENTERING_MANAGED_PKG|tdc_tsw
19:38:27.30 (231177073)|ENTERING_MANAGED_PKG|tdc_tsw
19:38:27.30 (231228093)|ENTERING_MANAGED_PKG|tdc_tsw
19:38:27.30 (231261186)|ENTERING_MANAGED_PKG|tdc_tsw
19:38:27.30 (231318201)|ENTERING_MANAGED_PKG|tdc_tsw
19:38:27.30 (231349474)|ENTERING_MANAGED_PKG|tdc_tsw
19:38:27.30 (231399548)|ENTERING_MANAGED_PKG|tdc_tsw
19:38:27.30 (231431713)|ENTERING_MANAGED_PKG|tdc_tsw
19:38:27.30 (231480814)|ENTERING_MANAGED_PKG|tdc_tsw
19:38:27.30 (231511105)|ENTERING_MANAGED_PKG|tdc_tsw
19:38:27.30 (231560409)|ENTERING_MANAGED_PKG|tdc_tsw
19:38:27.30 (231592712)|ENTERING_MANAGED_PKG|tdc_tsw
19:38:27.30 (231643273)|ENTERING_MANAGED_PKG|tdc_tsw
19:38:27.30 (231675860)|ENTERING_MANAGED_PKG|tdc_tsw
19:38:27.30 (231723618)|ENTERING_MANAGED_PKG|tdc_tsw
19:38:27.30 (231755484)|ENTERING_MANAGED_PKG|tdc_tsw
19:38:27.30 (231809476)|ENTERING_MANAGED_PKG|tdc_tsw
19:38:27.30 (231842296)|ENTERING_MANAGED_PKG|tdc_tsw
19:38:27.30 (231891691)|ENTERING_MANAGED_PKG|tdc_tsw
19:38:27.30 (231923416)|ENTERING_MANAGED_PKG|tdc_tsw
19:38:27.30 (231972336)|ENTERING_MANAGED_PKG|tdc_tsw
19:38:27.30 (232004004)|ENTERING_MANAGED_PKG|tdc_tsw
19:38:27.30 (232070061)|ENTERING_MANAGED_PKG|tdc_tsw
19:38:27.30 (232102604)|ENTERING_MANAGED_PKG|tdc_tsw
19:38:27.30 (232158492)|ENTERING_MANAGED_PKG|tdc_tsw
19:38:27.30 (232191269)|ENTERING_MANAGED_PKG|tdc_tsw
19:38:27.30 (232240707)|ENTERING_MANAGED_PKG|tdc_tsw
19:38:27.30 (232308515)|ENTERING_MANAGED_PKG|tdc_tsw
19:38:27.30 (232351836)|ENTERING_MANAGED_PKG|tdc_tsw
19:38:27.30 (232403082)|ENTERING_MANAGED_PKG|tdc_tsw
19:38:27.30 (232494718)|ENTERING_MANAGED_PKG|tdc_tsw
19:38:27.30 (232602936)|ENTERING_MANAGED_PKG|tdc_tsw
19:38:27.30 (232878298)|ENTERING_MANAGED_PKG|tdc_tsw
19:38:27.30 (232958799)|ENTERING_MANAGED_PKG|tdc_tsw
19:38:27.30 (233027315)|ENTERING_MANAGED_PKG|tdc_tsw
19:38:27.30 (233104691)|ENTERING_MANAGED_PKG|tdc_tsw
19:38:27.30 (233226154)|ENTERING_MANAGED_PKG|tdc_tsw
19:38:27.30 (233344354)|ENTERING_MANAGED_PKG|tdc_tsw
19:38:27.30 (233418033)|ENTERING_MANAGED_PKG|tdc_tsw
19:38:27.30 (233474732)|ENTERING_MANAGED_PKG|tdc_tsw
19:38:27.30 (233558140)|ENTERING_MANAGED_PKG|tdc_tsw
19:38:27.30 (233637386)|ENTERING_MANAGED_PKG|tdc_tsw
19:38:27.30 (233712349)|ENTERING_MANAGED_PKG|tdc_tsw
19:38:27.30 (233814687)|ENTERING_MANAGED_PKG|tdc_tsw
19:38:27.30 (233871853)|ENTERING_MANAGED_PKG|tdc_tsw
19:38:27.30 (278675525)|ENTERING_MANAGED_PKG|tdc_tsw
19:38:27.30 (278812673)|ENTERING_MANAGED_PKG|tdc_tsw
19:38:27.30 (279107811)|ENTERING_MANAGED_PKG|tdc_tsw
19:38:27.30 (279203677)|ENTERING_MANAGED_PKG|tdc_tsw
19:38:27.30 (279495532)|ENTERING_MANAGED_PKG|tdc_tsw
19:38:27.30 (279581661)|ENTERING_MANAGED_PKG|tdc_tsw
19:38:27.30 (279872102)|ENTERING_MANAGED_PKG|tdc_tsw
19:38:27.30 (279957713)|ENTERING_MANAGED_PKG|tdc_tsw
19:38:27.30 (280256120)|ENTERING_MANAGED_PKG|tdc_tsw
19:38:27.30 (280340686)|ENTERING_MANAGED_PKG|tdc_tsw
19:38:27.30 (280631865)|ENTERING_MANAGED_PKG|tdc_tsw
19:38:27.30 (280715698)|ENTERING_MANAGED_PKG|tdc_tsw
19:38:27.30 (281006226)|ENTERING_MANAGED_PKG|tdc_tsw
19:38:27.30 (281090831)|ENTERING_MANAGED_PKG|tdc_tsw
19:38:27.30 (281388666)|ENTERING_MANAGED_PKG|tdc_tsw
19:38:27.30 (281475377)|ENTERING_MANAGED_PKG|tdc_tsw
19:38:27.30 (281763457)|ENTERING_MANAGED_PKG|tdc_tsw
19:38:27.30 (281849444)|ENTERING_MANAGED_PKG|tdc_tsw
19:38:27.30 (282145173)|ENTERING_MANAGED_PKG|tdc_tsw
19:38:27.30 (282230072)|ENTERING_MANAGED_PKG|tdc_tsw
19:38:27.30 (282520077)|ENTERING_MANAGED_PKG|tdc_tsw
19:38:27.30 (282605500)|ENTERING_MANAGED_PKG|tdc_tsw
19:38:27.30 (282963022)|ENTERING_MANAGED_PKG|tdc_tsw
19:38:27.30 (283048327)|ENTERING_MANAGED_PKG|tdc_tsw
19:38:27.30 (283343497)|ENTERING_MANAGED_PKG|tdc_tsw
19:38:27.30 (283430453)|ENTERING_MANAGED_PKG|tdc_tsw
19:38:27.30 (283721356)|ENTERING_MANAGED_PKG|tdc_tsw
19:38:27.30 (283807275)|ENTERING_MANAGED_PKG|tdc_tsw
19:38:27.30 (284448385)|ENTERING_MANAGED_PKG|tdc_tsw
19:38:27.30 (284534204)|ENTERING_MANAGED_PKG|tdc_tsw
19:38:27.30 (284824894)|ENTERING_MANAGED_PKG|tdc_tsw
19:38:27.30 (284910732)|ENTERING_MANAGED_PKG|tdc_tsw
19:38:27.30 (285219093)|ENTERING_MANAGED_PKG|tdc_tsw
19:38:27.30 (285306136)|ENTERING_MANAGED_PKG|tdc_tsw
19:38:27.30 (285606302)|ENTERING_MANAGED_PKG|tdc_tsw
19:38:27.30 (285692594)|ENTERING_MANAGED_PKG|tdc_tsw
19:38:27.30 (286049336)|ENTERING_MANAGED_PKG|tdc_tsw
19:38:27.30 (286144468)|ENTERING_MANAGED_PKG|tdc_tsw
19:38:27.30 (286623547)|ENTERING_MANAGED_PKG|tdc_tsw
19:38:27.30 (286709302)|ENTERING_MANAGED_PKG|tdc_tsw
19:38:27.30 (286996843)|ENTERING_MANAGED_PKG|tdc_tsw
19:38:27.30 (287083215)|ENTERING_MANAGED_PKG|tdc_tsw
19:38:27.30 (287376443)|ENTERING_MANAGED_PKG|tdc_tsw
19:38:27.30 (287455837)|ENTERING_MANAGED_PKG|tdc_tsw
19:38:27.30 (287725550)|ENTERING_MANAGED_PKG|tdc_tsw
19:38:27.30 (287804708)|ENTERING_MANAGED_PKG|tdc_tsw
19:38:27.30 (288074057)|ENTERING_MANAGED_PKG|tdc_tsw
19:38:27.30 (288167370)|ENTERING_MANAGED_PKG|tdc_tsw
19:38:27.30 (288524458)|ENTERING_MANAGED_PKG|tdc_tsw
19:38:27.30 (288609876)|ENTERING_MANAGED_PKG|tdc_tsw
19:38:27.30 (289278626)|ENTERING_MANAGED_PKG|tdc_tsw
19:38:27.30 (289367436)|ENTERING_MANAGED_PKG|tdc_tsw
19:38:27.30 (289655864)|ENTERING_MANAGED_PKG|tdc_tsw
19:38:27.30 (289741221)|ENTERING_MANAGED_PKG|tdc_tsw
19:38:27.30 (290030562)|ENTERING_MANAGED_PKG|tdc_tsw
19:38:27.30 (290119122)|ENTERING_MANAGED_PKG|tdc_tsw
19:38:27.30 (290413490)|ENTERING_MANAGED_PKG|tdc_tsw
19:38:27.30 (290499274)|ENTERING_MANAGED_PKG|tdc_tsw
19:38:27.30 (290785542)|ENTERING_MANAGED_PKG|tdc_tsw
19:38:27.30 (290871811)|ENTERING_MANAGED_PKG|tdc_tsw
19:38:27.30 (291148360)|ENTERING_MANAGED_PKG|tdc_tsw
19:38:27.30 (291229185)|ENTERING_MANAGED_PKG|tdc_tsw
19:38:27.30 (291510831)|ENTERING_MANAGED_PKG|tdc_tsw
19:38:27.30 (291596512)|ENTERING_MANAGED_PKG|tdc_tsw
19:38:27.30 (291885566)|ENTERING_MANAGED_PKG|tdc_tsw
19:38:27.30 (291972836)|ENTERING_MANAGED_PKG|tdc_tsw
19:38:27.30 (292458296)|ENTERING_MANAGED_PKG|tdc_tsw
19:38:27.30 (292547639)|ENTERING_MANAGED_PKG|tdc_tsw
19:38:27.30 (292837432)|ENTERING_MANAGED_PKG|tdc_tsw
19:38:27.30 (292923694)|ENTERING_MANAGED_PKG|tdc_tsw
19:38:27.30 (293148682)|ENTERING_MANAGED_PKG|tdc_tsw
19:38:27.30 (293236537)|ENTERING_MANAGED_PKG|tdc_tsw
19:38:27.30 (293446940)|ENTERING_MANAGED_PKG|tdc_tsw
19:38:27.30 (293529779)|ENTERING_MANAGED_PKG|tdc_tsw
19:38:27.30 (293864126)|ENTERING_MANAGED_PKG|tdc_tsw
19:38:27.30 (293946227)|ENTERING_MANAGED_PKG|tdc_tsw
19:38:27.30 (294172557)|ENTERING_MANAGED_PKG|tdc_tsw
19:38:27.30 (294261220)|ENTERING_MANAGED_PKG|tdc_tsw
19:38:27.30 (294596692)|ENTERING_MANAGED_PKG|tdc_tsw
19:38:27.30 (294684639)|ENTERING_MANAGED_PKG|tdc_tsw
19:38:27.30 (294904347)|ENTERING_MANAGED_PKG|tdc_tsw
19:38:27.30 (294991486)|ENTERING_MANAGED_PKG|tdc_tsw
19:38:27.30 (295218810)|ENTERING_MANAGED_PKG|tdc_tsw
19:38:27.30 (295308869)|ENTERING_MANAGED_PKG|tdc_tsw
19:38:27.30 (295530454)|ENTERING_MANAGED_PKG|tdc_tsw
19:38:27.30 (295625524)|ENTERING_MANAGED_PKG|tdc_tsw
19:38:27.30 (295845583)|ENTERING_MANAGED_PKG|tdc_tsw
19:38:27.30 (295932349)|ENTERING_MANAGED_PKG|tdc_tsw
19:38:27.30 (296157085)|ENTERING_MANAGED_PKG|tdc_tsw
19:38:27.30 (296246621)|ENTERING_MANAGED_PKG|tdc_tsw
19:38:27.30 (296466627)|ENTERING_MANAGED_PKG|tdc_tsw
19:38:27.30 (296554033)|ENTERING_MANAGED_PKG|tdc_tsw
19:38:27.30 (296774029)|ENTERING_MANAGED_PKG|tdc_tsw
19:38:27.30 (296862034)|ENTERING_MANAGED_PKG|tdc_tsw
19:38:27.30 (297067186)|ENTERING_MANAGED_PKG|tdc_tsw
19:38:27.30 (297153449)|ENTERING_MANAGED_PKG|tdc_tsw
19:38:27.30 (297358447)|ENTERING_MANAGED_PKG|tdc_tsw
19:38:27.30 (297437555)|ENTERING_MANAGED_PKG|tdc_tsw
19:38:27.30 (297650528)|ENTERING_MANAGED_PKG|tdc_tsw
19:38:27.30 (297737674)|ENTERING_MANAGED_PKG|tdc_tsw
19:38:27.30 (297957144)|ENTERING_MANAGED_PKG|tdc_tsw
19:38:27.30 (298043773)|ENTERING_MANAGED_PKG|tdc_tsw
19:38:27.30 (298272658)|ENTERING_MANAGED_PKG|tdc_tsw
19:38:27.30 (298361070)|ENTERING_MANAGED_PKG|tdc_tsw
19:38:27.30 (298575580)|ENTERING_MANAGED_PKG|tdc_tsw
19:38:27.30 (298660266)|ENTERING_MANAGED_PKG|tdc_tsw
19:38:27.30 (298865809)|ENTERING_MANAGED_PKG|tdc_tsw
19:38:27.30 (298949088)|ENTERING_MANAGED_PKG|tdc_tsw
19:38:27.30 (299176664)|ENTERING_MANAGED_PKG|tdc_tsw
19:38:27.30 (299267545)|ENTERING_MANAGED_PKG|tdc_tsw
19:38:27.30 (299486974)|ENTERING_MANAGED_PKG|tdc_tsw
19:38:27.30 (299573777)|ENTERING_MANAGED_PKG|tdc_tsw
19:38:27.30 (299793509)|ENTERING_MANAGED_PKG|tdc_tsw
19:38:27.30 (299883238)|ENTERING_MANAGED_PKG|tdc_tsw
19:38:27.30 (300100972)|ENTERING_MANAGED_PKG|tdc_tsw
19:38:27.30 (300197335)|ENTERING_MANAGED_PKG|tdc_tsw
19:38:27.30 (300533231)|ENTERING_MANAGED_PKG|tdc_tsw
19:38:27.30 (300620839)|ENTERING_MANAGED_PKG|tdc_tsw
19:38:27.30 (300840445)|ENTERING_MANAGED_PKG|tdc_tsw
19:38:27.30 (300928638)|ENTERING_MANAGED_PKG|tdc_tsw
19:38:27.30 (301157783)|ENTERING_MANAGED_PKG|tdc_tsw
19:38:27.30 (301247173)|ENTERING_MANAGED_PKG|tdc_tsw
19:38:27.30 (301468583)|ENTERING_MANAGED_PKG|tdc_tsw
19:38:27.30 (301556875)|ENTERING_MANAGED_PKG|tdc_tsw
19:38:27.30 (307828529)|ENTERING_MANAGED_PKG|tdc_tsw
19:38:27.30 (307946837)|ENTERING_MANAGED_PKG|tdc_tsw
19:38:27.30 (308268515)|ENTERING_MANAGED_PKG|tdc_tsw
19:38:27.30 (308362795)|ENTERING_MANAGED_PKG|tdc_tsw
19:38:27.30 (308657536)|ENTERING_MANAGED_PKG|tdc_tsw
19:38:27.30 (308747975)|ENTERING_MANAGED_PKG|tdc_tsw
19:38:27.30 (309326037)|ENTERING_MANAGED_PKG|tdc_tsw
19:38:27.30 (309418872)|ENTERING_MANAGED_PKG|tdc_tsw
19:38:27.30 (309905899)|ENTERING_MANAGED_PKG|tdc_tsw
19:38:27.30 (309996436)|ENTERING_MANAGED_PKG|tdc_tsw
19:38:27.30 (310301685)|ENTERING_MANAGED_PKG|tdc_tsw
19:38:27.30 (310395827)|ENTERING_MANAGED_PKG|tdc_tsw
19:38:27.30 (310701620)|ENTERING_MANAGED_PKG|tdc_tsw
19:38:27.30 (310792590)|ENTERING_MANAGED_PKG|tdc_tsw
19:38:27.30 (311088912)|ENTERING_MANAGED_PKG|tdc_tsw
19:38:27.30 (311190868)|ENTERING_MANAGED_PKG|tdc_tsw
19:38:27.30 (311503324)|ENTERING_MANAGED_PKG|tdc_tsw
19:38:27.30 (311597409)|ENTERING_MANAGED_PKG|tdc_tsw
19:38:27.30 (311893331)|ENTERING_MANAGED_PKG|tdc_tsw
19:38:27.30 (311982865)|ENTERING_MANAGED_PKG|tdc_tsw
19:38:27.30 (312304979)|ENTERING_MANAGED_PKG|tdc_tsw
19:38:27.30 (312396753)|ENTERING_MANAGED_PKG|tdc_tsw
19:38:27.30 (312701438)|ENTERING_MANAGED_PKG|tdc_tsw
19:38:27.30 (312794888)|ENTERING_MANAGED_PKG|tdc_tsw
19:38:27.30 (313073131)|ENTERING_MANAGED_PKG|tdc_tsw
19:38:27.30 (313169841)|ENTERING_MANAGED_PKG|tdc_tsw
19:38:27.30 (313445626)|ENTERING_MANAGED_PKG|tdc_tsw
19:38:27.30 (313532895)|ENTERING_MANAGED_PKG|tdc_tsw
19:38:27.30 (313812694)|ENTERING_MANAGED_PKG|tdc_tsw
19:38:27.30 (313904506)|ENTERING_MANAGED_PKG|tdc_tsw
19:38:27.30 (314205036)|ENTERING_MANAGED_PKG|tdc_tsw
19:38:27.30 (314297472)|ENTERING_MANAGED_PKG|tdc_tsw
19:38:27.30 (314644514)|ENTERING_MANAGED_PKG|tdc_tsw
19:38:27.30 (314738317)|ENTERING_MANAGED_PKG|tdc_tsw
19:38:27.30 (315022084)|ENTERING_MANAGED_PKG|tdc_tsw
19:38:27.30 (315153096)|ENTERING_MANAGED_PKG|tdc_tsw
19:38:27.30 (315505000)|ENTERING_MANAGED_PKG|tdc_tsw
19:38:27.30 (315597627)|ENTERING_MANAGED_PKG|tdc_tsw
19:38:27.30 (315990089)|ENTERING_MANAGED_PKG|tdc_tsw
19:38:27.30 (316081934)|ENTERING_MANAGED_PKG|tdc_tsw
19:38:27.30 (316455497)|ENTERING_MANAGED_PKG|tdc_tsw
19:38:27.30 (316547765)|ENTERING_MANAGED_PKG|tdc_tsw
19:38:27.30 (316923467)|ENTERING_MANAGED_PKG|tdc_tsw
19:38:27.30 (317015418)|ENTERING_MANAGED_PKG|tdc_tsw
19:38:27.30 (317317021)|ENTERING_MANAGED_PKG|tdc_tsw
19:38:27.30 (317409930)|ENTERING_MANAGED_PKG|tdc_tsw
19:38:27.30 (317704890)|ENTERING_MANAGED_PKG|tdc_tsw
19:38:27.30 (317795894)|ENTERING_MANAGED_PKG|tdc_tsw
19:38:27.30 (318090002)|ENTERING_MANAGED_PKG|tdc_tsw
19:38:27.30 (318188013)|ENTERING_MANAGED_PKG|tdc_tsw
19:38:27.30 (318480739)|ENTERING_MANAGED_PKG|tdc_tsw
19:38:27.30 (318573131)|ENTERING_MANAGED_PKG|tdc_tsw
19:38:27.30 (318894010)|ENTERING_MANAGED_PKG|tdc_tsw
19:38:27.30 (318988385)|ENTERING_MANAGED_PKG|tdc_tsw
19:38:27.30 (319288950)|ENTERING_MANAGED_PKG|tdc_tsw
19:38:27.30 (319380340)|ENTERING_MANAGED_PKG|tdc_tsw
19:38:27.30 (319792518)|ENTERING_MANAGED_PKG|tdc_tsw
19:38:27.30 (319890699)|ENTERING_MANAGED_PKG|tdc_tsw
19:38:27.30 (320267768)|ENTERING_MANAGED_PKG|tdc_tsw
19:38:27.30 (320361322)|ENTERING_MANAGED_PKG|tdc_tsw
19:38:27.30 (320656861)|ENTERING_MANAGED_PKG|tdc_tsw
19:38:27.30 (320748111)|ENTERING_MANAGED_PKG|tdc_tsw
19:38:27.30 (321038907)|ENTERING_MANAGED_PKG|tdc_tsw
19:38:27.30 (321139900)|ENTERING_MANAGED_PKG|tdc_tsw
19:38:27.30 (321438080)|ENTERING_MANAGED_PKG|tdc_tsw
19:38:27.30 (321547628)|ENTERING_MANAGED_PKG|tdc_tsw
19:38:27.30 (321933009)|ENTERING_MANAGED_PKG|tdc_tsw
19:38:27.30 (322026163)|ENTERING_MANAGED_PKG|tdc_tsw
19:38:27.30 (322878495)|ENTERING_MANAGED_PKG|tdc_tsw
19:38:27.30 (322971439)|ENTERING_MANAGED_PKG|tdc_tsw
19:38:27.30 (323206454)|ENTERING_MANAGED_PKG|tdc_tsw
19:38:27.30 (323299603)|ENTERING_MANAGED_PKG|tdc_tsw
19:38:27.30 (323522732)|ENTERING_MANAGED_PKG|tdc_tsw
19:38:27.30 (323614197)|ENTERING_MANAGED_PKG|tdc_tsw
19:38:27.30 (323838684)|ENTERING_MANAGED_PKG|tdc_tsw
19:38:27.30 (323930452)|ENTERING_MANAGED_PKG|tdc_tsw
19:38:27.30 (324141348)|ENTERING_MANAGED_PKG|tdc_tsw
19:38:27.30 (324207465)|ENTERING_MANAGED_PKG|tdc_tsw
19:38:27.30 (324241591)|ENTERING_MANAGED_PKG|tdc_tsw
19:38:27.30 (324289001)|ENTERING_MANAGED_PKG|tdc_tsw
19:38:27.30 (324321780)|ENTERING_MANAGED_PKG|tdc_tsw
19:38:27.30 (324365807)|ENTERING_MANAGED_PKG|tdc_tsw
19:38:27.30 (324398372)|ENTERING_MANAGED_PKG|tdc_tsw
19:38:27.30 (324448186)|ENTERING_MANAGED_PKG|tdc_tsw
19:38:27.30 (324481443)|ENTERING_MANAGED_PKG|tdc_tsw
19:38:27.30 (324532127)|ENTERING_MANAGED_PKG|tdc_tsw
19:38:27.30 (324565564)|ENTERING_MANAGED_PKG|tdc_tsw
19:38:27.30 (324608593)|ENTERING_MANAGED_PKG|tdc_tsw
19:38:27.30 (324641524)|ENTERING_MANAGED_PKG|tdc_tsw
19:38:27.30 (324686585)|ENTERING_MANAGED_PKG|tdc_tsw
19:38:27.30 (324719679)|ENTERING_MANAGED_PKG|tdc_tsw
19:38:27.30 (324764451)|ENTERING_MANAGED_PKG|tdc_tsw
19:38:27.30 (324797023)|ENTERING_MANAGED_PKG|tdc_tsw
19:38:27.30 (324845492)|ENTERING_MANAGED_PKG|tdc_tsw
19:38:27.30 (324880931)|ENTERING_MANAGED_PKG|tdc_tsw
19:38:27.30 (324931818)|ENTERING_MANAGED_PKG|tdc_tsw
19:38:27.30 (324976828)|ENTERING_MANAGED_PKG|tdc_tsw
19:38:27.30 (325027064)|ENTERING_MANAGED_PKG|tdc_tsw
19:38:27.30 (325060545)|ENTERING_MANAGED_PKG|tdc_tsw
19:38:27.30 (325112265)|ENTERING_MANAGED_PKG|tdc_tsw
19:38:27.30 (325155142)|ENTERING_MANAGED_PKG|tdc_tsw
19:38:27.30 (325203778)|ENTERING_MANAGED_PKG|tdc_tsw
19:38:27.30 (325236181)|ENTERING_MANAGED_PKG|tdc_tsw
19:38:27.30 (325282419)|ENTERING_MANAGED_PKG|tdc_tsw
19:38:27.30 (337101104)|ENTERING_MANAGED_PKG|tdc_tsw
19:38:27.30 (337209321)|ENTERING_MANAGED_PKG|tdc_tsw
19:38:27.30 (337260528)|ENTERING_MANAGED_PKG|tdc_tsw
19:38:27.30 (337805511)|ENTERING_MANAGED_PKG|tdc_tsw
19:38:27.30 (337876282)|ENTERING_MANAGED_PKG|tdc_tsw
19:38:27.30 (337915176)|ENTERING_MANAGED_PKG|tdc_tsw
19:38:27.30 (337943028)|ENTERING_MANAGED_PKG|tdc_tsw
19:38:27.30 (339072928)|SOQL_EXECUTE_BEGIN|[109]|Aggregations:0|SELECT id, name FROM Folder__c ORDER BY name ASC NULLS FIRST LIMIT 999
19:38:27.30 (341793257)|SOQL_EXECUTE_END|[109]|Rows:0
19:38:27.30 (341890281)|ENTERING_MANAGED_PKG|tdc_tsw
19:38:27.30 (341931822)|ENTERING_MANAGED_PKG|tdc_tsw
19:38:27.30 (341972240)|ENTERING_MANAGED_PKG|tdc_tsw
19:38:27.30 (342010260)|ENTERING_MANAGED_PKG|tdc_tsw
19:38:27.30 (342048313)|ENTERING_MANAGED_PKG|tdc_tsw
19:38:27.30 (342084822)|ENTERING_MANAGED_PKG|tdc_tsw
19:38:27.30 (342126461)|ENTERING_MANAGED_PKG|tdc_tsw
19:38:27.30 (342217894)|ENTERING_MANAGED_PKG|tdc_tsw
19:38:27.30 (342267750)|ENTERING_MANAGED_PKG|tdc_tsw
19:38:27.30 (342427605)|ENTERING_MANAGED_PKG|tdc_tsw
19:38:27.30 (342529495)|ENTERING_MANAGED_PKG|tdc_tsw
19:38:27.30 (342588743)|ENTERING_MANAGED_PKG|tdc_tsw
19:38:27.30 (342649209)|ENTERING_MANAGED_PKG|tdc_tsw
19:38:27.30 (342880628)|ENTERING_MANAGED_PKG|tdc_tsw
19:38:27.30 (342953598)|ENTERING_MANAGED_PKG|tdc_tsw
19:38:27.30 (342975224)|ENTERING_MANAGED_PKG|tdc_tsw
19:38:27.30 (343072579)|ENTERING_MANAGED_PKG|tdc_tsw
19:38:27.30 (343142272)|ENTERING_MANAGED_PKG|tdc_tsw
19:38:27.30 (343177975)|ENTERING_MANAGED_PKG|tdc_tsw
19:38:27.30 (389792030)|ENTERING_MANAGED_PKG|tdc_tsw
19:38:27.30 (389898053)|ENTERING_MANAGED_PKG|tdc_tsw
19:38:27.30 (390209769)|ENTERING_MANAGED_PKG|tdc_tsw
19:38:27.30 (390300129)|ENTERING_MANAGED_PKG|tdc_tsw
19:38:27.30 (390595254)|ENTERING_MANAGED_PKG|tdc_tsw
19:38:27.30 (390682938)|ENTERING_MANAGED_PKG|tdc_tsw
19:38:27.30 (390979421)|ENTERING_MANAGED_PKG|tdc_tsw
19:38:27.30 (391066340)|ENTERING_MANAGED_PKG|tdc_tsw
19:38:27.30 (391396286)|ENTERING_MANAGED_PKG|tdc_tsw
19:38:27.30 (391481488)|ENTERING_MANAGED_PKG|tdc_tsw
19:38:27.30 (391777789)|ENTERING_MANAGED_PKG|tdc_tsw
19:38:27.30 (391863795)|ENTERING_MANAGED_PKG|tdc_tsw
19:38:27.30 (392167420)|ENTERING_MANAGED_PKG|tdc_tsw
19:38:27.30 (392256644)|ENTERING_MANAGED_PKG|tdc_tsw
19:38:27.30 (392549762)|ENTERING_MANAGED_PKG|tdc_tsw
19:38:27.30 (392636846)|ENTERING_MANAGED_PKG|tdc_tsw
19:38:27.30 (392950861)|ENTERING_MANAGED_PKG|tdc_tsw
19:38:27.30 (393039088)|ENTERING_MANAGED_PKG|tdc_tsw
19:38:27.30 (393362971)|ENTERING_MANAGED_PKG|tdc_tsw
19:38:27.30 (393447961)|ENTERING_MANAGED_PKG|tdc_tsw
19:38:27.30 (393743790)|ENTERING_MANAGED_PKG|tdc_tsw
19:38:27.30 (393830736)|ENTERING_MANAGED_PKG|tdc_tsw
19:38:27.30 (394240570)|ENTERING_MANAGED_PKG|tdc_tsw
19:38:27.30 (394329165)|ENTERING_MANAGED_PKG|tdc_tsw
19:38:27.30 (394621585)|ENTERING_MANAGED_PKG|tdc_tsw
19:38:27.30 (394709282)|ENTERING_MANAGED_PKG|tdc_tsw
19:38:27.30 (395024795)|ENTERING_MANAGED_PKG|tdc_tsw
19:38:27.30 (395133786)|ENTERING_MANAGED_PKG|tdc_tsw
19:38:27.30 (395783646)|ENTERING_MANAGED_PKG|tdc_tsw
19:38:27.30 (395870966)|ENTERING_MANAGED_PKG|tdc_tsw
19:38:27.30 (396207409)|ENTERING_MANAGED_PKG|tdc_tsw
19:38:27.30 (396298354)|ENTERING_MANAGED_PKG|tdc_tsw
19:38:27.30 (396596193)|ENTERING_MANAGED_PKG|tdc_tsw
19:38:27.30 (396683752)|ENTERING_MANAGED_PKG|tdc_tsw
19:38:27.30 (396997669)|ENTERING_MANAGED_PKG|tdc_tsw
19:38:27.30 (397087135)|ENTERING_MANAGED_PKG|tdc_tsw
19:38:27.30 (397462202)|ENTERING_MANAGED_PKG|tdc_tsw
19:38:27.30 (397549829)|ENTERING_MANAGED_PKG|tdc_tsw
19:38:27.30 (398037700)|ENTERING_MANAGED_PKG|tdc_tsw
19:38:27.30 (398126126)|ENTERING_MANAGED_PKG|tdc_tsw
19:38:27.30 (398427611)|ENTERING_MANAGED_PKG|tdc_tsw
19:38:27.30 (398515591)|ENTERING_MANAGED_PKG|tdc_tsw
19:38:27.30 (398809646)|ENTERING_MANAGED_PKG|tdc_tsw
19:38:27.30 (398898228)|ENTERING_MANAGED_PKG|tdc_tsw
19:38:27.30 (399201044)|ENTERING_MANAGED_PKG|tdc_tsw
19:38:27.30 (399288346)|ENTERING_MANAGED_PKG|tdc_tsw
19:38:27.30 (399582099)|ENTERING_MANAGED_PKG|tdc_tsw
19:38:27.30 (399668998)|ENTERING_MANAGED_PKG|tdc_tsw
19:38:27.30 (400148556)|ENTERING_MANAGED_PKG|tdc_tsw
19:38:27.30 (400241241)|ENTERING_MANAGED_PKG|tdc_tsw
19:38:27.30 (400985847)|ENTERING_MANAGED_PKG|tdc_tsw
19:38:27.30 (401074412)|ENTERING_MANAGED_PKG|tdc_tsw
19:38:27.30 (401381956)|ENTERING_MANAGED_PKG|tdc_tsw
19:38:27.30 (401468872)|ENTERING_MANAGED_PKG|tdc_tsw
19:38:27.30 (401760973)|ENTERING_MANAGED_PKG|tdc_tsw
19:38:27.30 (401851266)|ENTERING_MANAGED_PKG|tdc_tsw
19:38:27.30 (402155009)|ENTERING_MANAGED_PKG|tdc_tsw
19:38:27.30 (402273055)|ENTERING_MANAGED_PKG|tdc_tsw
19:38:27.30 (402568909)|ENTERING_MANAGED_PKG|tdc_tsw
19:38:27.30 (402658440)|ENTERING_MANAGED_PKG|tdc_tsw
19:38:27.30 (402952182)|ENTERING_MANAGED_PKG|tdc_tsw
19:38:27.30 (403040922)|ENTERING_MANAGED_PKG|tdc_tsw
19:38:27.30 (403346768)|ENTERING_MANAGED_PKG|tdc_tsw
19:38:27.30 (403438937)|ENTERING_MANAGED_PKG|tdc_tsw
19:38:27.30 (403732048)|ENTERING_MANAGED_PKG|tdc_tsw
19:38:27.30 (403822130)|ENTERING_MANAGED_PKG|tdc_tsw
19:38:27.30 (404411449)|ENTERING_MANAGED_PKG|tdc_tsw
19:38:27.30 (404502903)|ENTERING_MANAGED_PKG|tdc_tsw
19:38:27.30 (404795779)|ENTERING_MANAGED_PKG|tdc_tsw
19:38:27.30 (404884744)|ENTERING_MANAGED_PKG|tdc_tsw
19:38:27.30 (405196540)|ENTERING_MANAGED_PKG|tdc_tsw
19:38:27.30 (405291336)|ENTERING_MANAGED_PKG|tdc_tsw
19:38:27.30 (405515279)|ENTERING_MANAGED_PKG|tdc_tsw
19:38:27.30 (405619247)|ENTERING_MANAGED_PKG|tdc_tsw
19:38:27.30 (405988864)|ENTERING_MANAGED_PKG|tdc_tsw
19:38:27.30 (406079711)|ENTERING_MANAGED_PKG|tdc_tsw
19:38:27.30 (406342041)|ENTERING_MANAGED_PKG|tdc_tsw
19:38:27.30 (406432291)|ENTERING_MANAGED_PKG|tdc_tsw
19:38:27.30 (406770163)|ENTERING_MANAGED_PKG|tdc_tsw
19:38:27.30 (406877499)|ENTERING_MANAGED_PKG|tdc_tsw
19:38:27.30 (407191718)|ENTERING_MANAGED_PKG|tdc_tsw
19:38:27.30 (407283142)|ENTERING_MANAGED_PKG|tdc_tsw
19:38:27.30 (407504290)|ENTERING_MANAGED_PKG|tdc_tsw
19:38:27.30 (407593742)|ENTERING_MANAGED_PKG|tdc_tsw
19:38:27.30 (407817908)|ENTERING_MANAGED_PKG|tdc_tsw
19:38:27.30 (407905724)|ENTERING_MANAGED_PKG|tdc_tsw
19:38:27.30 (408156148)|ENTERING_MANAGED_PKG|tdc_tsw
19:38:27.30 (408249603)|ENTERING_MANAGED_PKG|tdc_tsw
19:38:27.30 (408471998)|ENTERING_MANAGED_PKG|tdc_tsw
19:38:27.30 (408560551)|ENTERING_MANAGED_PKG|tdc_tsw
19:38:27.30 (408784209)|ENTERING_MANAGED_PKG|tdc_tsw
19:38:27.30 (408873196)|ENTERING_MANAGED_PKG|tdc_tsw
19:38:27.30 (409116409)|ENTERING_MANAGED_PKG|tdc_tsw
19:38:27.30 (409212926)|ENTERING_MANAGED_PKG|tdc_tsw
19:38:27.30 (409437686)|ENTERING_MANAGED_PKG|tdc_tsw
19:38:27.30 (409526507)|ENTERING_MANAGED_PKG|tdc_tsw
19:38:27.30 (409771732)|ENTERING_MANAGED_PKG|tdc_tsw
19:38:27.30 (409861625)|ENTERING_MANAGED_PKG|tdc_tsw
19:38:27.30 (410087364)|ENTERING_MANAGED_PKG|tdc_tsw
19:38:27.30 (410188707)|ENTERING_MANAGED_PKG|tdc_tsw
19:38:27.30 (410422713)|ENTERING_MANAGED_PKG|tdc_tsw
19:38:27.30 (410512684)|ENTERING_MANAGED_PKG|tdc_tsw
19:38:27.30 (410736833)|ENTERING_MANAGED_PKG|tdc_tsw
19:38:27.30 (410825345)|ENTERING_MANAGED_PKG|tdc_tsw
19:38:27.30 (411049592)|ENTERING_MANAGED_PKG|tdc_tsw
19:38:27.30 (411144827)|ENTERING_MANAGED_PKG|tdc_tsw
19:38:27.30 (411369807)|ENTERING_MANAGED_PKG|tdc_tsw
19:38:27.30 (411459596)|ENTERING_MANAGED_PKG|tdc_tsw
19:38:27.30 (411682439)|ENTERING_MANAGED_PKG|tdc_tsw
19:38:27.30 (411771616)|ENTERING_MANAGED_PKG|tdc_tsw
19:38:27.30 (411995462)|ENTERING_MANAGED_PKG|tdc_tsw
19:38:27.30 (412086880)|ENTERING_MANAGED_PKG|tdc_tsw
19:38:27.30 (412320407)|ENTERING_MANAGED_PKG|tdc_tsw
19:38:27.30 (412409763)|ENTERING_MANAGED_PKG|tdc_tsw
19:38:27.30 (412634668)|ENTERING_MANAGED_PKG|tdc_tsw
19:38:27.30 (412723136)|ENTERING_MANAGED_PKG|tdc_tsw
19:38:27.30 (413082740)|ENTERING_MANAGED_PKG|tdc_tsw
19:38:27.30 (413184323)|ENTERING_MANAGED_PKG|tdc_tsw
19:38:27.30 (413406876)|ENTERING_MANAGED_PKG|tdc_tsw
19:38:27.30 (413494881)|ENTERING_MANAGED_PKG|tdc_tsw
19:38:27.30 (413720220)|ENTERING_MANAGED_PKG|tdc_tsw
19:38:27.30 (413810243)|ENTERING_MANAGED_PKG|tdc_tsw
19:38:27.30 (414034841)|ENTERING_MANAGED_PKG|tdc_tsw
19:38:27.30 (414123986)|ENTERING_MANAGED_PKG|tdc_tsw
19:38:27.30 (420208983)|ENTERING_MANAGED_PKG|tdc_tsw
19:38:27.30 (420307537)|ENTERING_MANAGED_PKG|tdc_tsw
19:38:27.30 (420628860)|ENTERING_MANAGED_PKG|tdc_tsw
19:38:27.30 (420721149)|ENTERING_MANAGED_PKG|tdc_tsw
19:38:27.30 (421018938)|ENTERING_MANAGED_PKG|tdc_tsw
19:38:27.30 (421110965)|ENTERING_MANAGED_PKG|tdc_tsw
19:38:27.30 (421677096)|ENTERING_MANAGED_PKG|tdc_tsw
19:38:27.30 (421769744)|ENTERING_MANAGED_PKG|tdc_tsw
19:38:27.30 (422295253)|ENTERING_MANAGED_PKG|tdc_tsw
19:38:27.30 (422387122)|ENTERING_MANAGED_PKG|tdc_tsw
19:38:27.30 (422681072)|ENTERING_MANAGED_PKG|tdc_tsw
19:38:27.30 (422771133)|ENTERING_MANAGED_PKG|tdc_tsw
19:38:27.30 (423091407)|ENTERING_MANAGED_PKG|tdc_tsw
19:38:27.30 (423193820)|ENTERING_MANAGED_PKG|tdc_tsw
19:38:27.30 (423489441)|ENTERING_MANAGED_PKG|tdc_tsw
19:38:27.30 (423582428)|ENTERING_MANAGED_PKG|tdc_tsw
19:38:27.30 (423883178)|ENTERING_MANAGED_PKG|tdc_tsw
19:38:27.30 (423973700)|ENTERING_MANAGED_PKG|tdc_tsw
19:38:27.30 (424320944)|ENTERING_MANAGED_PKG|tdc_tsw
19:38:27.30 (424413614)|ENTERING_MANAGED_PKG|tdc_tsw
19:38:27.30 (424690283)|ENTERING_MANAGED_PKG|tdc_tsw
19:38:27.30 (424772181)|ENTERING_MANAGED_PKG|tdc_tsw
19:38:27.30 (425062536)|ENTERING_MANAGED_PKG|tdc_tsw
19:38:27.30 (425159350)|ENTERING_MANAGED_PKG|tdc_tsw
19:38:27.30 (425436418)|ENTERING_MANAGED_PKG|tdc_tsw
19:38:27.30 (425539821)|ENTERING_MANAGED_PKG|tdc_tsw
19:38:27.30 (425994914)|ENTERING_MANAGED_PKG|tdc_tsw
19:38:27.30 (426082888)|ENTERING_MANAGED_PKG|tdc_tsw
19:38:27.30 (426437158)|ENTERING_MANAGED_PKG|tdc_tsw
19:38:27.30 (426519878)|ENTERING_MANAGED_PKG|tdc_tsw
19:38:27.30 (426794131)|ENTERING_MANAGED_PKG|tdc_tsw
19:38:27.30 (426875859)|ENTERING_MANAGED_PKG|tdc_tsw
19:38:27.30 (427159074)|ENTERING_MANAGED_PKG|tdc_tsw
19:38:27.30 (427242849)|ENTERING_MANAGED_PKG|tdc_tsw
19:38:27.30 (427516654)|ENTERING_MANAGED_PKG|tdc_tsw
19:38:27.30 (427598335)|ENTERING_MANAGED_PKG|tdc_tsw
19:38:27.30 (427936954)|ENTERING_MANAGED_PKG|tdc_tsw
19:38:27.30 (428036130)|ENTERING_MANAGED_PKG|tdc_tsw
19:38:27.30 (428398512)|ENTERING_MANAGED_PKG|tdc_tsw
19:38:27.30 (428480758)|ENTERING_MANAGED_PKG|tdc_tsw
19:38:27.30 (428820170)|ENTERING_MANAGED_PKG|tdc_tsw
19:38:27.30 (428901767)|ENTERING_MANAGED_PKG|tdc_tsw
19:38:27.30 (429257799)|ENTERING_MANAGED_PKG|tdc_tsw
19:38:27.30 (429341459)|ENTERING_MANAGED_PKG|tdc_tsw
19:38:27.30 (429616837)|ENTERING_MANAGED_PKG|tdc_tsw
19:38:27.30 (429704304)|ENTERING_MANAGED_PKG|tdc_tsw
19:38:27.30 (430003817)|ENTERING_MANAGED_PKG|tdc_tsw
19:38:27.30 (430086428)|ENTERING_MANAGED_PKG|tdc_tsw
19:38:27.30 (430397554)|ENTERING_MANAGED_PKG|tdc_tsw
19:38:27.30 (430482737)|ENTERING_MANAGED_PKG|tdc_tsw
19:38:27.30 (430777831)|ENTERING_MANAGED_PKG|tdc_tsw
19:38:27.30 (430859874)|ENTERING_MANAGED_PKG|tdc_tsw
19:38:27.30 (431141886)|ENTERING_MANAGED_PKG|tdc_tsw
19:38:27.30 (431226678)|ENTERING_MANAGED_PKG|tdc_tsw
19:38:27.30 (431524391)|ENTERING_MANAGED_PKG|tdc_tsw
19:38:27.30 (431606780)|ENTERING_MANAGED_PKG|tdc_tsw
19:38:27.30 (431882156)|ENTERING_MANAGED_PKG|tdc_tsw
19:38:27.30 (431964206)|ENTERING_MANAGED_PKG|tdc_tsw
19:38:27.30 (432356721)|ENTERING_MANAGED_PKG|tdc_tsw
19:38:27.30 (432440400)|ENTERING_MANAGED_PKG|tdc_tsw
19:38:27.30 (432726788)|ENTERING_MANAGED_PKG|tdc_tsw
19:38:27.30 (432820227)|ENTERING_MANAGED_PKG|tdc_tsw
19:38:27.30 (433114835)|ENTERING_MANAGED_PKG|tdc_tsw
19:38:27.30 (433222943)|ENTERING_MANAGED_PKG|tdc_tsw
19:38:27.30 (433517757)|ENTERING_MANAGED_PKG|tdc_tsw
19:38:27.30 (433608671)|ENTERING_MANAGED_PKG|tdc_tsw
19:38:27.30 (433998710)|ENTERING_MANAGED_PKG|tdc_tsw
19:38:27.30 (434090488)|ENTERING_MANAGED_PKG|tdc_tsw
19:38:27.30 (434957754)|ENTERING_MANAGED_PKG|tdc_tsw
19:38:27.30 (435051556)|ENTERING_MANAGED_PKG|tdc_tsw
19:38:27.30 (435287756)|ENTERING_MANAGED_PKG|tdc_tsw
19:38:27.30 (435380041)|ENTERING_MANAGED_PKG|tdc_tsw
19:38:27.30 (435605758)|ENTERING_MANAGED_PKG|tdc_tsw
19:38:27.30 (435698164)|ENTERING_MANAGED_PKG|tdc_tsw
19:38:27.30 (435922516)|ENTERING_MANAGED_PKG|tdc_tsw
19:38:27.30 (436014908)|ENTERING_MANAGED_PKG|tdc_tsw
19:38:27.30 (436255830)|ENTERING_MANAGED_PKG|tdc_tsw
19:38:27.30 (436295947)|ENTERING_MANAGED_PKG|tdc_tsw
19:38:27.30 (436327906)|ENTERING_MANAGED_PKG|tdc_tsw
19:38:27.30 (436362889)|ENTERING_MANAGED_PKG|tdc_tsw
19:38:27.30 (436393151)|ENTERING_MANAGED_PKG|tdc_tsw
19:38:27.30 (436429223)|ENTERING_MANAGED_PKG|tdc_tsw
19:38:27.30 (436459669)|ENTERING_MANAGED_PKG|tdc_tsw
19:38:27.30 (436494478)|ENTERING_MANAGED_PKG|tdc_tsw
19:38:27.30 (436524901)|ENTERING_MANAGED_PKG|tdc_tsw
19:38:27.30 (436559950)|ENTERING_MANAGED_PKG|tdc_tsw
19:38:27.30 (436589593)|ENTERING_MANAGED_PKG|tdc_tsw
19:38:27.30 (436624912)|ENTERING_MANAGED_PKG|tdc_tsw
19:38:27.30 (436654922)|ENTERING_MANAGED_PKG|tdc_tsw
19:38:27.30 (436689543)|ENTERING_MANAGED_PKG|tdc_tsw
19:38:27.30 (436719456)|ENTERING_MANAGED_PKG|tdc_tsw
19:38:27.30 (436754163)|ENTERING_MANAGED_PKG|tdc_tsw
19:38:27.30 (436783756)|ENTERING_MANAGED_PKG|tdc_tsw
19:38:27.30 (436818859)|ENTERING_MANAGED_PKG|tdc_tsw
19:38:27.30 (436847137)|ENTERING_MANAGED_PKG|tdc_tsw
19:38:27.30 (436882794)|ENTERING_MANAGED_PKG|tdc_tsw
19:38:27.30 (436912460)|ENTERING_MANAGED_PKG|tdc_tsw
19:38:27.30 (436947081)|ENTERING_MANAGED_PKG|tdc_tsw
19:38:27.30 (436982122)|ENTERING_MANAGED_PKG|tdc_tsw
19:38:27.30 (437017569)|ENTERING_MANAGED_PKG|tdc_tsw
19:38:27.30 (437048407)|ENTERING_MANAGED_PKG|tdc_tsw
19:38:27.30 (437082636)|ENTERING_MANAGED_PKG|tdc_tsw
19:38:27.30 (437113263)|ENTERING_MANAGED_PKG|tdc_tsw
19:38:27.30 (437157373)|ENTERING_MANAGED_PKG|tdc_tsw
19:38:27.30 (437205721)|ENTERING_MANAGED_PKG|tdc_tsw
19:38:27.30 (437244419)|ENTERING_MANAGED_PKG|tdc_tsw
19:38:27.30 (437287634)|ENTERING_MANAGED_PKG|tdc_tsw
19:38:27.30 (437310470)|ENTERING_MANAGED_PKG|tdc_tsw
19:38:27.30 (437343496)|ENTERING_MANAGED_PKG|tdc_tsw
19:38:27.30 (437366785)|ENTERING_MANAGED_PKG|tdc_tsw
19:38:27.30 (437427749)|ENTERING_MANAGED_PKG|tdc_tsw
19:38:27.30 (437584800)|ENTERING_MANAGED_PKG|tdc_tsw
19:38:27.30 (437639687)|ENTERING_MANAGED_PKG|tdc_tsw
19:38:27.30 (437672033)|ENTERING_MANAGED_PKG|tdc_tsw
19:38:27.30 (437713428)|ENTERING_MANAGED_PKG|tdc_tsw
19:38:27.30 (437802499)|ENTERING_MANAGED_PKG|tdc_tsw
19:38:27.30 (437880223)|ENTERING_MANAGED_PKG|tdc_tsw
19:38:27.30 (437915774)|ENTERING_MANAGED_PKG|tdc_tsw
19:38:27.30 (437941792)|ENTERING_MANAGED_PKG|tdc_tsw
19:38:27.30 (437985110)|ENTERING_MANAGED_PKG|tdc_tsw
19:38:27.30 (438020910)|ENTERING_MANAGED_PKG|tdc_tsw
19:38:27.30 (438058615)|ENTERING_MANAGED_PKG|tdc_tsw
19:38:27.30 (438095860)|ENTERING_MANAGED_PKG|tdc_tsw
19:38:27.30 (438125892)|ENTERING_MANAGED_PKG|tdc_tsw
19:38:27.30 (482378971)|ENTERING_MANAGED_PKG|tdc_tsw
19:38:27.30 (482484745)|ENTERING_MANAGED_PKG|tdc_tsw
19:38:27.30 (482786963)|ENTERING_MANAGED_PKG|tdc_tsw
19:38:27.30 (482873442)|ENTERING_MANAGED_PKG|tdc_tsw
19:38:27.30 (483182405)|ENTERING_MANAGED_PKG|tdc_tsw
19:38:27.30 (483288448)|ENTERING_MANAGED_PKG|tdc_tsw
19:38:27.30 (483588138)|ENTERING_MANAGED_PKG|tdc_tsw
19:38:27.30 (483674646)|ENTERING_MANAGED_PKG|tdc_tsw
19:38:27.30 (483970361)|ENTERING_MANAGED_PKG|tdc_tsw
19:38:27.30 (484060049)|ENTERING_MANAGED_PKG|tdc_tsw
19:38:27.30 (484368688)|ENTERING_MANAGED_PKG|tdc_tsw
19:38:27.30 (484454635)|ENTERING_MANAGED_PKG|tdc_tsw
19:38:27.30 (484749266)|ENTERING_MANAGED_PKG|tdc_tsw
19:38:27.30 (484837073)|ENTERING_MANAGED_PKG|tdc_tsw
19:38:27.30 (485133815)|ENTERING_MANAGED_PKG|tdc_tsw
19:38:27.30 (485223270)|ENTERING_MANAGED_PKG|tdc_tsw
19:38:27.30 (485519265)|ENTERING_MANAGED_PKG|tdc_tsw
19:38:27.30 (485604839)|ENTERING_MANAGED_PKG|tdc_tsw
19:38:27.30 (485899076)|ENTERING_MANAGED_PKG|tdc_tsw
19:38:27.30 (485985111)|ENTERING_MANAGED_PKG|tdc_tsw
19:38:27.30 (486289177)|ENTERING_MANAGED_PKG|tdc_tsw
19:38:27.30 (486377364)|ENTERING_MANAGED_PKG|tdc_tsw
19:38:27.30 (486739575)|ENTERING_MANAGED_PKG|tdc_tsw
19:38:27.30 (486827144)|ENTERING_MANAGED_PKG|tdc_tsw
19:38:27.30 (487119755)|ENTERING_MANAGED_PKG|tdc_tsw
19:38:27.30 (487214423)|ENTERING_MANAGED_PKG|tdc_tsw
19:38:27.30 (487508820)|ENTERING_MANAGED_PKG|tdc_tsw
19:38:27.30 (487595794)|ENTERING_MANAGED_PKG|tdc_tsw
19:38:27.30 (488225838)|ENTERING_MANAGED_PKG|tdc_tsw
19:38:27.30 (488314313)|ENTERING_MANAGED_PKG|tdc_tsw
19:38:27.30 (488606107)|ENTERING_MANAGED_PKG|tdc_tsw
19:38:27.30 (488694070)|ENTERING_MANAGED_PKG|tdc_tsw
19:38:27.30 (488987438)|ENTERING_MANAGED_PKG|tdc_tsw
19:38:27.30 (489074526)|ENTERING_MANAGED_PKG|tdc_tsw
19:38:27.30 (489381335)|ENTERING_MANAGED_PKG|tdc_tsw
19:38:27.30 (489469923)|ENTERING_MANAGED_PKG|tdc_tsw
19:38:27.30 (489835091)|ENTERING_MANAGED_PKG|tdc_tsw
19:38:27.30 (489922272)|ENTERING_MANAGED_PKG|tdc_tsw
19:38:27.30 (490410507)|ENTERING_MANAGED_PKG|tdc_tsw
19:38:27.30 (490498965)|ENTERING_MANAGED_PKG|tdc_tsw
19:38:27.30 (490792159)|ENTERING_MANAGED_PKG|tdc_tsw
19:38:27.30 (490879226)|ENTERING_MANAGED_PKG|tdc_tsw
19:38:27.30 (491181010)|ENTERING_MANAGED_PKG|tdc_tsw
19:38:27.30 (491269927)|ENTERING_MANAGED_PKG|tdc_tsw
19:38:27.30 (491570177)|ENTERING_MANAGED_PKG|tdc_tsw
19:38:27.30 (491657996)|ENTERING_MANAGED_PKG|tdc_tsw
19:38:27.30 (491952397)|ENTERING_MANAGED_PKG|tdc_tsw
19:38:27.30 (492039353)|ENTERING_MANAGED_PKG|tdc_tsw
19:38:27.30 (492411543)|ENTERING_MANAGED_PKG|tdc_tsw
19:38:27.30 (492501129)|ENTERING_MANAGED_PKG|tdc_tsw
19:38:27.30 (493177110)|ENTERING_MANAGED_PKG|tdc_tsw
19:38:27.30 (493265733)|ENTERING_MANAGED_PKG|tdc_tsw
19:38:27.30 (493557472)|ENTERING_MANAGED_PKG|tdc_tsw
19:38:27.30 (493647063)|ENTERING_MANAGED_PKG|tdc_tsw
19:38:27.30 (493950116)|ENTERING_MANAGED_PKG|tdc_tsw
19:38:27.30 (494042081)|ENTERING_MANAGED_PKG|tdc_tsw
19:38:27.30 (494342044)|ENTERING_MANAGED_PKG|tdc_tsw
19:38:27.30 (494432254)|ENTERING_MANAGED_PKG|tdc_tsw
19:38:27.30 (494722745)|ENTERING_MANAGED_PKG|tdc_tsw
19:38:27.30 (494812621)|ENTERING_MANAGED_PKG|tdc_tsw
19:38:27.30 (495105981)|ENTERING_MANAGED_PKG|tdc_tsw
19:38:27.30 (495202803)|ENTERING_MANAGED_PKG|tdc_tsw
19:38:27.30 (495494356)|ENTERING_MANAGED_PKG|tdc_tsw
19:38:27.30 (495583925)|ENTERING_MANAGED_PKG|tdc_tsw
19:38:27.30 (495875004)|ENTERING_MANAGED_PKG|tdc_tsw
19:38:27.30 (495965341)|ENTERING_MANAGED_PKG|tdc_tsw
19:38:27.30 (496457683)|ENTERING_MANAGED_PKG|tdc_tsw
19:38:27.30 (496547922)|ENTERING_MANAGED_PKG|tdc_tsw
19:38:27.30 (496839224)|ENTERING_MANAGED_PKG|tdc_tsw
19:38:27.30 (496927649)|ENTERING_MANAGED_PKG|tdc_tsw
19:38:27.30 (497156674)|ENTERING_MANAGED_PKG|tdc_tsw
19:38:27.30 (497245249)|ENTERING_MANAGED_PKG|tdc_tsw
19:38:27.30 (497469354)|ENTERING_MANAGED_PKG|tdc_tsw
19:38:27.30 (497557276)|ENTERING_MANAGED_PKG|tdc_tsw
19:38:27.30 (497918400)|ENTERING_MANAGED_PKG|tdc_tsw
19:38:27.30 (498008192)|ENTERING_MANAGED_PKG|tdc_tsw
19:38:27.30 (498240873)|ENTERING_MANAGED_PKG|tdc_tsw
19:38:27.30 (498330038)|ENTERING_MANAGED_PKG|tdc_tsw
19:38:27.30 (498678889)|ENTERING_MANAGED_PKG|tdc_tsw
19:38:27.30 (498768261)|ENTERING_MANAGED_PKG|tdc_tsw
19:38:27.30 (499001925)|ENTERING_MANAGED_PKG|tdc_tsw
19:38:27.30 (499092839)|ENTERING_MANAGED_PKG|tdc_tsw
19:38:27.30 (499322928)|ENTERING_MANAGED_PKG|tdc_tsw
19:38:27.30 (499412745)|ENTERING_MANAGED_PKG|tdc_tsw
19:38:27.30 (499636075)|ENTERING_MANAGED_PKG|tdc_tsw
19:38:27.30 (499724768)|ENTERING_MANAGED_PKG|tdc_tsw
19:38:27.30 (499947938)|ENTERING_MANAGED_PKG|tdc_tsw
19:38:27.30 (500037211)|ENTERING_MANAGED_PKG|tdc_tsw
19:38:27.30 (500268426)|ENTERING_MANAGED_PKG|tdc_tsw
19:38:27.30 (500358674)|ENTERING_MANAGED_PKG|tdc_tsw
19:38:27.30 (500581383)|ENTERING_MANAGED_PKG|tdc_tsw
19:38:27.30 (500671141)|ENTERING_MANAGED_PKG|tdc_tsw
19:38:27.30 (500895633)|ENTERING_MANAGED_PKG|tdc_tsw
19:38:27.30 (500985111)|ENTERING_MANAGED_PKG|tdc_tsw
19:38:27.30 (501238087)|ENTERING_MANAGED_PKG|tdc_tsw
19:38:27.30 (501328241)|ENTERING_MANAGED_PKG|tdc_tsw
19:38:27.30 (501593085)|ENTERING_MANAGED_PKG|tdc_tsw
19:38:27.30 (501683933)|ENTERING_MANAGED_PKG|tdc_tsw
19:38:27.30 (501908015)|ENTERING_MANAGED_PKG|tdc_tsw
19:38:27.30 (502015635)|ENTERING_MANAGED_PKG|tdc_tsw
19:38:27.30 (502249226)|ENTERING_MANAGED_PKG|tdc_tsw
19:38:27.30 (502338611)|ENTERING_MANAGED_PKG|tdc_tsw
19:38:27.30 (502562234)|ENTERING_MANAGED_PKG|tdc_tsw
19:38:27.30 (502667630)|ENTERING_MANAGED_PKG|tdc_tsw
19:38:27.30 (502911256)|ENTERING_MANAGED_PKG|tdc_tsw
19:38:27.30 (503000543)|ENTERING_MANAGED_PKG|tdc_tsw
19:38:27.30 (503233851)|ENTERING_MANAGED_PKG|tdc_tsw
19:38:27.30 (503323285)|ENTERING_MANAGED_PKG|tdc_tsw
19:38:27.30 (503567928)|ENTERING_MANAGED_PKG|tdc_tsw
19:38:27.30 (503674993)|ENTERING_MANAGED_PKG|tdc_tsw
19:38:27.30 (503918342)|ENTERING_MANAGED_PKG|tdc_tsw
19:38:27.30 (504009121)|ENTERING_MANAGED_PKG|tdc_tsw
19:38:27.30 (504242872)|ENTERING_MANAGED_PKG|tdc_tsw
19:38:27.30 (504334130)|ENTERING_MANAGED_PKG|tdc_tsw
19:38:27.30 (504557408)|ENTERING_MANAGED_PKG|tdc_tsw
19:38:27.30 (504646526)|ENTERING_MANAGED_PKG|tdc_tsw
19:38:27.30 (504994865)|ENTERING_MANAGED_PKG|tdc_tsw
19:38:27.30 (505084214)|ENTERING_MANAGED_PKG|tdc_tsw
19:38:27.30 (505329939)|ENTERING_MANAGED_PKG|tdc_tsw
19:38:27.30 (505420664)|ENTERING_MANAGED_PKG|tdc_tsw
19:38:27.30 (505642664)|ENTERING_MANAGED_PKG|tdc_tsw
19:38:27.30 (505734066)|ENTERING_MANAGED_PKG|tdc_tsw
19:38:27.30 (505972587)|ENTERING_MANAGED_PKG|tdc_tsw
19:38:27.30 (506064239)|ENTERING_MANAGED_PKG|tdc_tsw
19:38:27.30 (511748855)|ENTERING_MANAGED_PKG|tdc_tsw
19:38:27.30 (511842448)|ENTERING_MANAGED_PKG|tdc_tsw
19:38:27.30 (512144501)|ENTERING_MANAGED_PKG|tdc_tsw
19:38:27.30 (512241917)|ENTERING_MANAGED_PKG|tdc_tsw
19:38:27.30 (512529265)|ENTERING_MANAGED_PKG|tdc_tsw
19:38:27.30 (512618682)|ENTERING_MANAGED_PKG|tdc_tsw
19:38:27.30 (513169846)|ENTERING_MANAGED_PKG|tdc_tsw
19:38:27.30 (513262272)|ENTERING_MANAGED_PKG|tdc_tsw
19:38:27.30 (513748410)|ENTERING_MANAGED_PKG|tdc_tsw
19:38:27.30 (513837113)|ENTERING_MANAGED_PKG|tdc_tsw
19:38:27.30 (514138509)|ENTERING_MANAGED_PKG|tdc_tsw
19:38:27.30 (514231297)|ENTERING_MANAGED_PKG|tdc_tsw
19:38:27.30 (514522144)|ENTERING_MANAGED_PKG|tdc_tsw
19:38:27.30 (514611791)|ENTERING_MANAGED_PKG|tdc_tsw
19:38:27.30 (514905593)|ENTERING_MANAGED_PKG|tdc_tsw
19:38:27.30 (514995514)|ENTERING_MANAGED_PKG|tdc_tsw
19:38:27.30 (515297011)|ENTERING_MANAGED_PKG|tdc_tsw
19:38:27.30 (515390258)|ENTERING_MANAGED_PKG|tdc_tsw
19:38:27.30 (515682329)|ENTERING_MANAGED_PKG|tdc_tsw
19:38:27.30 (515772599)|ENTERING_MANAGED_PKG|tdc_tsw
19:38:27.30 (516061739)|ENTERING_MANAGED_PKG|tdc_tsw
19:38:27.30 (516149816)|ENTERING_MANAGED_PKG|tdc_tsw
19:38:27.30 (516424057)|ENTERING_MANAGED_PKG|tdc_tsw
19:38:27.30 (516505684)|ENTERING_MANAGED_PKG|tdc_tsw
19:38:27.30 (516789352)|ENTERING_MANAGED_PKG|tdc_tsw
19:38:27.30 (516881193)|ENTERING_MANAGED_PKG|tdc_tsw
19:38:27.30 (517183726)|ENTERING_MANAGED_PKG|tdc_tsw
19:38:27.30 (517278555)|ENTERING_MANAGED_PKG|tdc_tsw
19:38:27.30 (517570205)|ENTERING_MANAGED_PKG|tdc_tsw
19:38:27.30 (517661996)|ENTERING_MANAGED_PKG|tdc_tsw
19:38:27.30 (517953309)|ENTERING_MANAGED_PKG|tdc_tsw
19:38:27.30 (518045287)|ENTERING_MANAGED_PKG|tdc_tsw
19:38:27.30 (518349396)|ENTERING_MANAGED_PKG|tdc_tsw
19:38:27.30 (518441951)|ENTERING_MANAGED_PKG|tdc_tsw
19:38:27.30 (518733287)|ENTERING_MANAGED_PKG|tdc_tsw
19:38:27.30 (518825882)|ENTERING_MANAGED_PKG|tdc_tsw
19:38:27.30 (519193978)|ENTERING_MANAGED_PKG|tdc_tsw
19:38:27.30 (519277167)|ENTERING_MANAGED_PKG|tdc_tsw
19:38:27.30 (519615333)|ENTERING_MANAGED_PKG|tdc_tsw
19:38:27.30 (519697781)|ENTERING_MANAGED_PKG|tdc_tsw
19:38:27.30 (520034229)|ENTERING_MANAGED_PKG|tdc_tsw
19:38:27.30 (520117271)|ENTERING_MANAGED_PKG|tdc_tsw
19:38:27.30 (520465006)|ENTERING_MANAGED_PKG|tdc_tsw
19:38:27.30 (520547083)|ENTERING_MANAGED_PKG|tdc_tsw
19:38:27.30 (520831069)|ENTERING_MANAGED_PKG|tdc_tsw
19:38:27.30 (520913430)|ENTERING_MANAGED_PKG|tdc_tsw
19:38:27.30 (521205420)|ENTERING_MANAGED_PKG|tdc_tsw
19:38:27.30 (521289698)|ENTERING_MANAGED_PKG|tdc_tsw
19:38:27.30 (521563120)|ENTERING_MANAGED_PKG|tdc_tsw
19:38:27.30 (521645060)|ENTERING_MANAGED_PKG|tdc_tsw
19:38:27.30 (521918858)|ENTERING_MANAGED_PKG|tdc_tsw
19:38:27.30 (522001177)|ENTERING_MANAGED_PKG|tdc_tsw
19:38:27.30 (522289089)|ENTERING_MANAGED_PKG|tdc_tsw
19:38:27.30 (522379463)|ENTERING_MANAGED_PKG|tdc_tsw
19:38:27.30 (522674678)|ENTERING_MANAGED_PKG|tdc_tsw
19:38:27.30 (522766682)|ENTERING_MANAGED_PKG|tdc_tsw
19:38:27.30 (523059445)|ENTERING_MANAGED_PKG|tdc_tsw
19:38:27.30 (523159138)|ENTERING_MANAGED_PKG|tdc_tsw
19:38:27.30 (523524430)|ENTERING_MANAGED_PKG|tdc_tsw
19:38:27.30 (523615843)|ENTERING_MANAGED_PKG|tdc_tsw
19:38:27.30 (523914789)|ENTERING_MANAGED_PKG|tdc_tsw
19:38:27.30 (523998530)|ENTERING_MANAGED_PKG|tdc_tsw
19:38:27.30 (524280678)|ENTERING_MANAGED_PKG|tdc_tsw
19:38:27.30 (524364792)|ENTERING_MANAGED_PKG|tdc_tsw
19:38:27.30 (524638675)|ENTERING_MANAGED_PKG|tdc_tsw
19:38:27.30 (524726637)|ENTERING_MANAGED_PKG|tdc_tsw
19:38:27.30 (525087343)|ENTERING_MANAGED_PKG|tdc_tsw
19:38:27.30 (525188729)|ENTERING_MANAGED_PKG|tdc_tsw
19:38:27.30 (526019764)|ENTERING_MANAGED_PKG|tdc_tsw
19:38:27.30 (526113024)|ENTERING_MANAGED_PKG|tdc_tsw
19:38:27.30 (526345824)|ENTERING_MANAGED_PKG|tdc_tsw
19:38:27.30 (526438466)|ENTERING_MANAGED_PKG|tdc_tsw
19:38:27.30 (526662155)|ENTERING_MANAGED_PKG|tdc_tsw
19:38:27.30 (526753939)|ENTERING_MANAGED_PKG|tdc_tsw
19:38:27.30 (526977590)|ENTERING_MANAGED_PKG|tdc_tsw
19:38:27.30 (527069766)|ENTERING_MANAGED_PKG|tdc_tsw
19:38:27.30 (527281076)|ENTERING_MANAGED_PKG|tdc_tsw
19:38:27.30 (527319768)|ENTERING_MANAGED_PKG|tdc_tsw
19:38:27.30 (527351763)|ENTERING_MANAGED_PKG|tdc_tsw
19:38:27.30 (527386482)|ENTERING_MANAGED_PKG|tdc_tsw
19:38:27.30 (527415350)|ENTERING_MANAGED_PKG|tdc_tsw
19:38:27.30 (527450261)|ENTERING_MANAGED_PKG|tdc_tsw
19:38:27.30 (527480461)|ENTERING_MANAGED_PKG|tdc_tsw
19:38:27.30 (527514851)|ENTERING_MANAGED_PKG|tdc_tsw
19:38:27.30 (527544972)|ENTERING_MANAGED_PKG|tdc_tsw
19:38:27.30 (527580022)|ENTERING_MANAGED_PKG|tdc_tsw
19:38:27.30 (527610202)|ENTERING_MANAGED_PKG|tdc_tsw
19:38:27.30 (527645341)|ENTERING_MANAGED_PKG|tdc_tsw
19:38:27.30 (527675208)|ENTERING_MANAGED_PKG|tdc_tsw
19:38:27.30 (527709817)|ENTERING_MANAGED_PKG|tdc_tsw
19:38:27.30 (527739999)|ENTERING_MANAGED_PKG|tdc_tsw
19:38:27.30 (527774775)|ENTERING_MANAGED_PKG|tdc_tsw
19:38:27.30 (527804967)|ENTERING_MANAGED_PKG|tdc_tsw
19:38:27.30 (527839980)|ENTERING_MANAGED_PKG|tdc_tsw
19:38:27.30 (527870188)|ENTERING_MANAGED_PKG|tdc_tsw
19:38:27.30 (527904677)|ENTERING_MANAGED_PKG|tdc_tsw
19:38:27.30 (527935098)|ENTERING_MANAGED_PKG|tdc_tsw
19:38:27.30 (527969904)|ENTERING_MANAGED_PKG|tdc_tsw
19:38:27.30 (527999934)|ENTERING_MANAGED_PKG|tdc_tsw
19:38:27.30 (528034502)|ENTERING_MANAGED_PKG|tdc_tsw
19:38:27.30 (528065548)|ENTERING_MANAGED_PKG|tdc_tsw
19:38:27.30 (528101357)|ENTERING_MANAGED_PKG|tdc_tsw
19:38:27.30 (528134106)|ENTERING_MANAGED_PKG|tdc_tsw
19:38:27.30 (528177040)|ENTERING_MANAGED_PKG|tdc_tsw
19:38:27.30 (529859116)|ENTERING_MANAGED_PKG|tdc_tsw
19:38:27.30 (530025971)|ENTERING_MANAGED_PKG|tdc_tsw
19:38:27.30 (540500370)|SOQL_EXECUTE_BEGIN|[67]|Aggregations:0|SELECT Id, IsSandbox, OrganizationType, Name FROM Organization LIMIT 1
19:38:27.30 (546473762)|SOQL_EXECUTE_END|[67]|Rows:1
19:38:27.30 (546800023)|ENTERING_MANAGED_PKG|tdc_tsw
19:38:27.30 (547250303)|ENTERING_MANAGED_PKG|tdc_tsw
19:38:27.30 (547343910)|ENTERING_MANAGED_PKG|tdc_tsw
19:38:27.30 (593666231)|ENTERING_MANAGED_PKG|tdc_tsw
19:38:27.30 (593740740)|ENTERING_MANAGED_PKG|tdc_tsw
19:38:27.30 (593808807)|ENTERING_MANAGED_PKG|tdc_tsw
19:38:27.30 (593849576)|ENTERING_MANAGED_PKG|tdc_tsw
19:38:27.30 (594355288)|ENTERING_MANAGED_PKG|tdc_tsw
19:38:27.30 (594422837)|ENTERING_MANAGED_PKG|tdc_tsw
19:38:27.30 (594460493)|ENTERING_MANAGED_PKG|tdc_tsw
19:38:27.30 (594482323)|ENTERING_MANAGED_PKG|tdc_tsw
19:38:27.30 (595539616)|SOQL_EXECUTE_BEGIN|[109]|Aggregations:0|SELECT id, name FROM Folder__c ORDER BY name ASC NULLS FIRST LIMIT 999
19:38:27.30 (597979914)|SOQL_EXECUTE_END|[109]|Rows:0
19:38:27.30 (598076535)|ENTERING_MANAGED_PKG|tdc_tsw
19:38:27.30 (598118571)|ENTERING_MANAGED_PKG|tdc_tsw
19:38:27.30 (598166891)|ENTERING_MANAGED_PKG|tdc_tsw
19:38:27.30 (598203484)|ENTERING_MANAGED_PKG|tdc_tsw
19:38:27.30 (598238692)|ENTERING_MANAGED_PKG|tdc_tsw
19:38:27.30 (598273706)|ENTERING_MANAGED_PKG|tdc_tsw
19:38:27.30 (598308589)|ENTERING_MANAGED_PKG|tdc_tsw
19:38:27.30 (598348391)|ENTERING_MANAGED_PKG|tdc_tsw
19:38:27.30 (598393193)|ENTERING_MANAGED_PKG|tdc_tsw
19:38:27.30 (598468483)|ENTERING_MANAGED_PKG|tdc_tsw
19:38:27.30 (598525517)|ENTERING_MANAGED_PKG|tdc_tsw
19:38:27.30 (598586577)|ENTERING_MANAGED_PKG|tdc_tsw
19:38:27.30 (598822764)|ENTERING_MANAGED_PKG|tdc_tsw
19:38:27.30 (598893598)|ENTERING_MANAGED_PKG|tdc_tsw
19:38:27.30 (598914917)|ENTERING_MANAGED_PKG|tdc_tsw
19:38:27.30 (599013496)|ENTERING_MANAGED_PKG|tdc_tsw
19:38:27.30 (599074043)|ENTERING_MANAGED_PKG|tdc_tsw
19:38:27.30 (599108239)|ENTERING_MANAGED_PKG|tdc_tsw
19:38:27.30 (642933254)|ENTERING_MANAGED_PKG|tdc_tsw
19:38:27.30 (643083916)|ENTERING_MANAGED_PKG|tdc_tsw
19:38:27.30 (643460760)|ENTERING_MANAGED_PKG|tdc_tsw
19:38:27.30 (643548178)|ENTERING_MANAGED_PKG|tdc_tsw
19:38:27.30 (643846480)|ENTERING_MANAGED_PKG|tdc_tsw
19:38:27.30 (643931415)|ENTERING_MANAGED_PKG|tdc_tsw
19:38:27.30 (644240280)|ENTERING_MANAGED_PKG|tdc_tsw
19:38:27.30 (644328563)|ENTERING_MANAGED_PKG|tdc_tsw
19:38:27.30 (644620363)|ENTERING_MANAGED_PKG|tdc_tsw
19:38:27.30 (644707711)|ENTERING_MANAGED_PKG|tdc_tsw
19:38:27.30 (645000027)|ENTERING_MANAGED_PKG|tdc_tsw
19:38:27.30 (645088043)|ENTERING_MANAGED_PKG|tdc_tsw
19:38:27.30 (645392210)|ENTERING_MANAGED_PKG|tdc_tsw
19:38:27.30 (645477209)|ENTERING_MANAGED_PKG|tdc_tsw
19:38:27.30 (645770508)|ENTERING_MANAGED_PKG|tdc_tsw
19:38:27.30 (645855925)|ENTERING_MANAGED_PKG|tdc_tsw
19:38:27.30 (646160318)|ENTERING_MANAGED_PKG|tdc_tsw
19:38:27.30 (646248310)|ENTERING_MANAGED_PKG|tdc_tsw
19:38:27.30 (646546793)|ENTERING_MANAGED_PKG|tdc_tsw
19:38:27.30 (646633122)|ENTERING_MANAGED_PKG|tdc_tsw
19:38:27.30 (646923993)|ENTERING_MANAGED_PKG|tdc_tsw
19:38:27.30 (647011761)|ENTERING_MANAGED_PKG|tdc_tsw
19:38:27.30 (647386696)|ENTERING_MANAGED_PKG|tdc_tsw
19:38:27.30 (647472289)|ENTERING_MANAGED_PKG|tdc_tsw
19:38:27.30 (647766037)|ENTERING_MANAGED_PKG|tdc_tsw
19:38:27.30 (647852760)|ENTERING_MANAGED_PKG|tdc_tsw
19:38:27.30 (648148744)|ENTERING_MANAGED_PKG|tdc_tsw
19:38:27.30 (648238051)|ENTERING_MANAGED_PKG|tdc_tsw
19:38:27.30 (648861939)|ENTERING_MANAGED_PKG|tdc_tsw
19:38:27.30 (648949914)|ENTERING_MANAGED_PKG|tdc_tsw
19:38:27.30 (649250890)|ENTERING_MANAGED_PKG|tdc_tsw
19:38:27.30 (649339174)|ENTERING_MANAGED_PKG|tdc_tsw
19:38:27.30 (649630331)|ENTERING_MANAGED_PKG|tdc_tsw
19:38:27.30 (649717279)|ENTERING_MANAGED_PKG|tdc_tsw
19:38:27.30 (650011472)|ENTERING_MANAGED_PKG|tdc_tsw
19:38:27.30 (650098629)|ENTERING_MANAGED_PKG|tdc_tsw
19:38:27.30 (650464911)|ENTERING_MANAGED_PKG|tdc_tsw
19:38:27.30 (650552373)|ENTERING_MANAGED_PKG|tdc_tsw
19:38:27.30 (651034793)|ENTERING_MANAGED_PKG|tdc_tsw
19:38:27.30 (651123268)|ENTERING_MANAGED_PKG|tdc_tsw
19:38:27.30 (651427932)|ENTERING_MANAGED_PKG|tdc_tsw
19:38:27.30 (651514004)|ENTERING_MANAGED_PKG|tdc_tsw
19:38:27.30 (651809116)|ENTERING_MANAGED_PKG|tdc_tsw
19:38:27.30 (651895528)|ENTERING_MANAGED_PKG|tdc_tsw
19:38:27.30 (652196318)|ENTERING_MANAGED_PKG|tdc_tsw
19:38:27.30 (652284609)|ENTERING_MANAGED_PKG|tdc_tsw
19:38:27.30 (652579347)|ENTERING_MANAGED_PKG|tdc_tsw
19:38:27.30 (652666549)|ENTERING_MANAGED_PKG|tdc_tsw
19:38:27.30 (653030353)|ENTERING_MANAGED_PKG|tdc_tsw
19:38:27.30 (653118090)|ENTERING_MANAGED_PKG|tdc_tsw
19:38:27.30 (653801958)|ENTERING_MANAGED_PKG|tdc_tsw
19:38:27.30 (653890967)|ENTERING_MANAGED_PKG|tdc_tsw
19:38:27.30 (654193639)|ENTERING_MANAGED_PKG|tdc_tsw
19:38:27.30 (654280830)|ENTERING_MANAGED_PKG|tdc_tsw
19:38:27.30 (654575054)|ENTERING_MANAGED_PKG|tdc_tsw
19:38:27.30 (654662398)|ENTERING_MANAGED_PKG|tdc_tsw
19:38:27.30 (654956842)|ENTERING_MANAGED_PKG|tdc_tsw
19:38:27.30 (655043602)|ENTERING_MANAGED_PKG|tdc_tsw
19:38:27.30 (655348841)|ENTERING_MANAGED_PKG|tdc_tsw
19:38:27.30 (655435333)|ENTERING_MANAGED_PKG|tdc_tsw
19:38:27.30 (655729544)|ENTERING_MANAGED_PKG|tdc_tsw
19:38:27.30 (655815480)|ENTERING_MANAGED_PKG|tdc_tsw
19:38:27.30 (656108931)|ENTERING_MANAGED_PKG|tdc_tsw
19:38:27.30 (656205202)|ENTERING_MANAGED_PKG|tdc_tsw
19:38:27.30 (656500418)|ENTERING_MANAGED_PKG|tdc_tsw
19:38:27.30 (656587295)|ENTERING_MANAGED_PKG|tdc_tsw
19:38:27.30 (657072459)|ENTERING_MANAGED_PKG|tdc_tsw
19:38:27.30 (657167998)|ENTERING_MANAGED_PKG|tdc_tsw
19:38:27.30 (657463833)|ENTERING_MANAGED_PKG|tdc_tsw
19:38:27.30 (657551756)|ENTERING_MANAGED_PKG|tdc_tsw
19:38:27.30 (657772216)|ENTERING_MANAGED_PKG|tdc_tsw
19:38:27.30 (657860572)|ENTERING_MANAGED_PKG|tdc_tsw
19:38:27.30 (658082792)|ENTERING_MANAGED_PKG|tdc_tsw
19:38:27.30 (658178267)|ENTERING_MANAGED_PKG|tdc_tsw
19:38:27.30 (658543148)|ENTERING_MANAGED_PKG|tdc_tsw
19:38:27.30 (658629743)|ENTERING_MANAGED_PKG|tdc_tsw
19:38:27.30 (658852304)|ENTERING_MANAGED_PKG|tdc_tsw
19:38:27.30 (658941081)|ENTERING_MANAGED_PKG|tdc_tsw
19:38:27.30 (659289100)|ENTERING_MANAGED_PKG|tdc_tsw
19:38:27.30 (659378707)|ENTERING_MANAGED_PKG|tdc_tsw
19:38:27.30 (659602233)|ENTERING_MANAGED_PKG|tdc_tsw
19:38:27.30 (659689852)|ENTERING_MANAGED_PKG|tdc_tsw
19:38:27.30 (659911672)|ENTERING_MANAGED_PKG|tdc_tsw
19:38:27.30 (659999418)|ENTERING_MANAGED_PKG|tdc_tsw
19:38:27.30 (660229913)|ENTERING_MANAGED_PKG|tdc_tsw
19:38:27.30 (660319299)|ENTERING_MANAGED_PKG|tdc_tsw
19:38:27.30 (660551563)|ENTERING_MANAGED_PKG|tdc_tsw
19:38:27.30 (660639344)|ENTERING_MANAGED_PKG|tdc_tsw
19:38:27.30 (660862151)|ENTERING_MANAGED_PKG|tdc_tsw
19:38:27.30 (660950195)|ENTERING_MANAGED_PKG|tdc_tsw
19:38:27.30 (661177429)|ENTERING_MANAGED_PKG|tdc_tsw
19:38:27.30 (661269125)|ENTERING_MANAGED_PKG|tdc_tsw
19:38:27.30 (661492072)|ENTERING_MANAGED_PKG|tdc_tsw
19:38:27.30 (661580653)|ENTERING_MANAGED_PKG|tdc_tsw
19:38:27.30 (661804773)|ENTERING_MANAGED_PKG|tdc_tsw
19:38:27.30 (661893163)|ENTERING_MANAGED_PKG|tdc_tsw
19:38:27.30 (662117262)|ENTERING_MANAGED_PKG|tdc_tsw
19:38:27.30 (662214807)|ENTERING_MANAGED_PKG|tdc_tsw
19:38:27.30 (662438307)|ENTERING_MANAGED_PKG|tdc_tsw
19:38:27.30 (662526575)|ENTERING_MANAGED_PKG|tdc_tsw
19:38:27.30 (662749589)|ENTERING_MANAGED_PKG|tdc_tsw
19:38:27.30 (662838632)|ENTERING_MANAGED_PKG|tdc_tsw
19:38:27.30 (663062052)|ENTERING_MANAGED_PKG|tdc_tsw
19:38:27.30 (663158434)|ENTERING_MANAGED_PKG|tdc_tsw
19:38:27.30 (663382510)|ENTERING_MANAGED_PKG|tdc_tsw
19:38:27.30 (663473521)|ENTERING_MANAGED_PKG|tdc_tsw
19:38:27.30 (663696754)|ENTERING_MANAGED_PKG|tdc_tsw
19:38:27.30 (663788307)|ENTERING_MANAGED_PKG|tdc_tsw
19:38:27.30 (664011702)|ENTERING_MANAGED_PKG|tdc_tsw
19:38:27.30 (664101867)|ENTERING_MANAGED_PKG|tdc_tsw
19:38:27.30 (664334309)|ENTERING_MANAGED_PKG|tdc_tsw
19:38:27.30 (664422981)|ENTERING_MANAGED_PKG|tdc_tsw
19:38:27.30 (664648744)|ENTERING_MANAGED_PKG|tdc_tsw
19:38:27.30 (664738611)|ENTERING_MANAGED_PKG|tdc_tsw
19:38:27.30 (664960424)|ENTERING_MANAGED_PKG|tdc_tsw
19:38:27.30 (665050716)|ENTERING_MANAGED_PKG|tdc_tsw
19:38:27.30 (665401785)|ENTERING_MANAGED_PKG|tdc_tsw
19:38:27.30 (665490091)|ENTERING_MANAGED_PKG|tdc_tsw
19:38:27.30 (665714772)|ENTERING_MANAGED_PKG|tdc_tsw
19:38:27.30 (665803809)|ENTERING_MANAGED_PKG|tdc_tsw
19:38:27.30 (666025397)|ENTERING_MANAGED_PKG|tdc_tsw
19:38:27.30 (666117086)|ENTERING_MANAGED_PKG|tdc_tsw
19:38:27.30 (666345872)|ENTERING_MANAGED_PKG|tdc_tsw
19:38:27.30 (666435803)|ENTERING_MANAGED_PKG|tdc_tsw
19:38:27.30 (672100235)|ENTERING_MANAGED_PKG|tdc_tsw
19:38:27.30 (672198628)|ENTERING_MANAGED_PKG|tdc_tsw
19:38:27.30 (672494993)|ENTERING_MANAGED_PKG|tdc_tsw
19:38:27.30 (672585684)|ENTERING_MANAGED_PKG|tdc_tsw
19:38:27.30 (672890951)|ENTERING_MANAGED_PKG|tdc_tsw
19:38:27.30 (672992563)|ENTERING_MANAGED_PKG|tdc_tsw
19:38:27.30 (673555158)|ENTERING_MANAGED_PKG|tdc_tsw
19:38:27.30 (673647248)|ENTERING_MANAGED_PKG|tdc_tsw
19:38:27.30 (674140719)|ENTERING_MANAGED_PKG|tdc_tsw
19:38:27.30 (674232875)|ENTERING_MANAGED_PKG|tdc_tsw
19:38:27.30 (674528114)|ENTERING_MANAGED_PKG|tdc_tsw
19:38:27.30 (674618223)|ENTERING_MANAGED_PKG|tdc_tsw
19:38:27.30 (674910153)|ENTERING_MANAGED_PKG|tdc_tsw
19:38:27.30 (675000810)|ENTERING_MANAGED_PKG|tdc_tsw
19:38:27.30 (675302324)|ENTERING_MANAGED_PKG|tdc_tsw
19:38:27.30 (675391859)|ENTERING_MANAGED_PKG|tdc_tsw
19:38:27.30 (675686749)|ENTERING_MANAGED_PKG|tdc_tsw
19:38:27.30 (675776783)|ENTERING_MANAGED_PKG|tdc_tsw
19:38:27.30 (676069113)|ENTERING_MANAGED_PKG|tdc_tsw
19:38:27.30 (676174495)|ENTERING_MANAGED_PKG|tdc_tsw
19:38:27.30 (676467610)|ENTERING_MANAGED_PKG|tdc_tsw
19:38:27.30 (676559394)|ENTERING_MANAGED_PKG|tdc_tsw
19:38:27.30 (676861786)|ENTERING_MANAGED_PKG|tdc_tsw
19:38:27.30 (676951866)|ENTERING_MANAGED_PKG|tdc_tsw
19:38:27.30 (677255219)|ENTERING_MANAGED_PKG|tdc_tsw
19:38:27.30 (677345965)|ENTERING_MANAGED_PKG|tdc_tsw
19:38:27.30 (677641433)|ENTERING_MANAGED_PKG|tdc_tsw
19:38:27.30 (677731195)|ENTERING_MANAGED_PKG|tdc_tsw
19:38:27.30 (678026819)|ENTERING_MANAGED_PKG|tdc_tsw
19:38:27.30 (678118158)|ENTERING_MANAGED_PKG|tdc_tsw
19:38:27.30 (678423093)|ENTERING_MANAGED_PKG|tdc_tsw
19:38:27.30 (678512663)|ENTERING_MANAGED_PKG|tdc_tsw
19:38:27.30 (678808070)|ENTERING_MANAGED_PKG|tdc_tsw
19:38:27.30 (678898102)|ENTERING_MANAGED_PKG|tdc_tsw
19:38:27.30 (679199144)|ENTERING_MANAGED_PKG|tdc_tsw
19:38:27.30 (679289974)|ENTERING_MANAGED_PKG|tdc_tsw
19:38:27.30 (679652831)|ENTERING_MANAGED_PKG|tdc_tsw
19:38:27.30 (679745655)|ENTERING_MANAGED_PKG|tdc_tsw
19:38:27.30 (680118755)|ENTERING_MANAGED_PKG|tdc_tsw
19:38:27.30 (680220074)|ENTERING_MANAGED_PKG|tdc_tsw
19:38:27.30 (680585185)|ENTERING_MANAGED_PKG|tdc_tsw
19:38:27.30 (680677264)|ENTERING_MANAGED_PKG|tdc_tsw
19:38:27.30 (681042217)|ENTERING_MANAGED_PKG|tdc_tsw
19:38:27.30 (681143695)|ENTERING_MANAGED_PKG|tdc_tsw
19:38:27.30 (681439676)|ENTERING_MANAGED_PKG|tdc_tsw
19:38:27.30 (681530939)|ENTERING_MANAGED_PKG|tdc_tsw
19:38:27.30 (681823580)|ENTERING_MANAGED_PKG|tdc_tsw
19:38:27.30 (681916686)|ENTERING_MANAGED_PKG|tdc_tsw
19:38:27.30 (682218587)|ENTERING_MANAGED_PKG|tdc_tsw
19:38:27.30 (682309661)|ENTERING_MANAGED_PKG|tdc_tsw
19:38:27.30 (682606348)|ENTERING_MANAGED_PKG|tdc_tsw
19:38:27.30 (682698178)|ENTERING_MANAGED_PKG|tdc_tsw
19:38:27.30 (682992527)|ENTERING_MANAGED_PKG|tdc_tsw
19:38:27.30 (683083988)|ENTERING_MANAGED_PKG|tdc_tsw
19:38:27.30 (683385995)|ENTERING_MANAGED_PKG|tdc_tsw
19:38:27.30 (683477060)|ENTERING_MANAGED_PKG|tdc_tsw
19:38:27.30 (683773644)|ENTERING_MANAGED_PKG|tdc_tsw
19:38:27.30 (683865240)|ENTERING_MANAGED_PKG|tdc_tsw
19:38:27.30 (684238529)|ENTERING_MANAGED_PKG|tdc_tsw
19:38:27.30 (684329985)|ENTERING_MANAGED_PKG|tdc_tsw
19:38:27.30 (684626213)|ENTERING_MANAGED_PKG|tdc_tsw
19:38:27.30 (684716817)|ENTERING_MANAGED_PKG|tdc_tsw
19:38:27.30 (685010768)|ENTERING_MANAGED_PKG|tdc_tsw
19:38:27.30 (685103192)|ENTERING_MANAGED_PKG|tdc_tsw
19:38:27.30 (685408390)|ENTERING_MANAGED_PKG|tdc_tsw
19:38:27.30 (685499610)|ENTERING_MANAGED_PKG|tdc_tsw
19:38:27.30 (685862337)|ENTERING_MANAGED_PKG|tdc_tsw
19:38:27.30 (685960838)|ENTERING_MANAGED_PKG|tdc_tsw
19:38:27.30 (686802574)|ENTERING_MANAGED_PKG|tdc_tsw
19:38:27.30 (686895542)|ENTERING_MANAGED_PKG|tdc_tsw
19:38:27.30 (687119306)|ENTERING_MANAGED_PKG|tdc_tsw
19:38:27.30 (687221322)|ENTERING_MANAGED_PKG|tdc_tsw
19:38:27.30 (687445909)|ENTERING_MANAGED_PKG|tdc_tsw
19:38:27.30 (687538312)|ENTERING_MANAGED_PKG|tdc_tsw
19:38:27.30 (687760192)|ENTERING_MANAGED_PKG|tdc_tsw
19:38:27.30 (687853503)|ENTERING_MANAGED_PKG|tdc_tsw
19:38:27.30 (688058535)|ENTERING_MANAGED_PKG|tdc_tsw
19:38:27.30 (688098080)|ENTERING_MANAGED_PKG|tdc_tsw
19:38:27.30 (688134182)|ENTERING_MANAGED_PKG|tdc_tsw
19:38:27.30 (688170563)|ENTERING_MANAGED_PKG|tdc_tsw
19:38:27.30 (688201325)|ENTERING_MANAGED_PKG|tdc_tsw
19:38:27.30 (688235515)|ENTERING_MANAGED_PKG|tdc_tsw
19:38:27.30 (688265575)|ENTERING_MANAGED_PKG|tdc_tsw
19:38:27.30 (688300376)|ENTERING_MANAGED_PKG|tdc_tsw
19:38:27.30 (688330712)|ENTERING_MANAGED_PKG|tdc_tsw
19:38:27.30 (688365602)|ENTERING_MANAGED_PKG|tdc_tsw
19:38:27.30 (688395526)|ENTERING_MANAGED_PKG|tdc_tsw
19:38:27.30 (688430427)|ENTERING_MANAGED_PKG|tdc_tsw
19:38:27.30 (688460901)|ENTERING_MANAGED_PKG|tdc_tsw
19:38:27.30 (688495303)|ENTERING_MANAGED_PKG|tdc_tsw
19:38:27.30 (688525490)|ENTERING_MANAGED_PKG|tdc_tsw
19:38:27.30 (688559292)|ENTERING_MANAGED_PKG|tdc_tsw
19:38:27.30 (688588948)|ENTERING_MANAGED_PKG|tdc_tsw
19:38:27.30 (688623803)|ENTERING_MANAGED_PKG|tdc_tsw
19:38:27.30 (688653413)|ENTERING_MANAGED_PKG|tdc_tsw
19:38:27.30 (688687255)|ENTERING_MANAGED_PKG|tdc_tsw
19:38:27.30 (688717370)|ENTERING_MANAGED_PKG|tdc_tsw
19:38:27.30 (688752003)|ENTERING_MANAGED_PKG|tdc_tsw
19:38:27.30 (688782176)|ENTERING_MANAGED_PKG|tdc_tsw
19:38:27.30 (688818014)|ENTERING_MANAGED_PKG|tdc_tsw
19:38:27.30 (688846320)|ENTERING_MANAGED_PKG|tdc_tsw
19:38:27.30 (688881756)|ENTERING_MANAGED_PKG|tdc_tsw
19:38:27.30 (688909966)|ENTERING_MANAGED_PKG|tdc_tsw
19:38:27.30 (688945610)|ENTERING_MANAGED_PKG|tdc_tsw
19:38:27.30 (688975610)|ENTERING_MANAGED_PKG|tdc_tsw
19:38:27.30 (689010087)|ENTERING_MANAGED_PKG|tdc_tsw
19:38:27.30 (689052360)|ENTERING_MANAGED_PKG|tdc_tsw
19:38:27.30 (689074797)|ENTERING_MANAGED_PKG|tdc_tsw
19:38:27.30 (689107626)|ENTERING_MANAGED_PKG|tdc_tsw
19:38:27.30 (689135663)|ENTERING_MANAGED_PKG|tdc_tsw
19:38:27.30 (689197935)|ENTERING_MANAGED_PKG|tdc_tsw
19:38:27.30 (689336712)|ENTERING_MANAGED_PKG|tdc_tsw
19:38:27.30 (689371966)|ENTERING_MANAGED_PKG|tdc_tsw
19:38:27.30 (689399442)|ENTERING_MANAGED_PKG|tdc_tsw
19:38:27.30 (689441560)|ENTERING_MANAGED_PKG|tdc_tsw
19:38:27.30 (689514093)|ENTERING_MANAGED_PKG|tdc_tsw
19:38:27.30 (689572425)|ENTERING_MANAGED_PKG|tdc_tsw
19:38:27.30 (689606546)|ENTERING_MANAGED_PKG|tdc_tsw
19:38:27.30 (689633981)|ENTERING_MANAGED_PKG|tdc_tsw
19:38:27.30 (689677377)|ENTERING_MANAGED_PKG|tdc_tsw
19:38:27.30 (689712697)|ENTERING_MANAGED_PKG|tdc_tsw
19:38:27.30 (689746748)|ENTERING_MANAGED_PKG|tdc_tsw
19:38:27.30 (689783009)|ENTERING_MANAGED_PKG|tdc_tsw
19:38:27.30 (689812641)|ENTERING_MANAGED_PKG|tdc_tsw
19:38:27.30 (733543294)|ENTERING_MANAGED_PKG|tdc_tsw
19:38:27.30 (733652059)|ENTERING_MANAGED_PKG|tdc_tsw
19:38:27.30 (733955973)|ENTERING_MANAGED_PKG|tdc_tsw
19:38:27.30 (734044704)|ENTERING_MANAGED_PKG|tdc_tsw
19:38:27.30 (734354004)|ENTERING_MANAGED_PKG|tdc_tsw
19:38:27.30 (734441589)|ENTERING_MANAGED_PKG|tdc_tsw
19:38:27.30 (734734359)|ENTERING_MANAGED_PKG|tdc_tsw
19:38:27.30 (734821466)|ENTERING_MANAGED_PKG|tdc_tsw
19:38:27.30 (735114631)|ENTERING_MANAGED_PKG|tdc_tsw
19:38:27.30 (735209192)|ENTERING_MANAGED_PKG|tdc_tsw
19:38:27.30 (735502727)|ENTERING_MANAGED_PKG|tdc_tsw
19:38:27.30 (735587841)|ENTERING_MANAGED_PKG|tdc_tsw
19:38:27.30 (735882497)|ENTERING_MANAGED_PKG|tdc_tsw
19:38:27.30 (735969239)|ENTERING_MANAGED_PKG|tdc_tsw
19:38:27.30 (736270918)|ENTERING_MANAGED_PKG|tdc_tsw
19:38:27.30 (736359227)|ENTERING_MANAGED_PKG|tdc_tsw
19:38:27.30 (736651137)|ENTERING_MANAGED_PKG|tdc_tsw
19:38:27.30 (736738491)|ENTERING_MANAGED_PKG|tdc_tsw
19:38:27.30 (737030678)|ENTERING_MANAGED_PKG|tdc_tsw
19:38:27.30 (737117574)|ENTERING_MANAGED_PKG|tdc_tsw
19:38:27.30 (737425743)|ENTERING_MANAGED_PKG|tdc_tsw
19:38:27.30 (737511093)|ENTERING_MANAGED_PKG|tdc_tsw
19:38:27.30 (737875281)|ENTERING_MANAGED_PKG|tdc_tsw
19:38:27.30 (737962253)|ENTERING_MANAGED_PKG|tdc_tsw
19:38:27.30 (738263631)|ENTERING_MANAGED_PKG|tdc_tsw
19:38:27.30 (738351500)|ENTERING_MANAGED_PKG|tdc_tsw
19:38:27.30 (738645676)|ENTERING_MANAGED_PKG|tdc_tsw
19:38:27.30 (738730448)|ENTERING_MANAGED_PKG|tdc_tsw
19:38:27.30 (739360851)|ENTERING_MANAGED_PKG|tdc_tsw
19:38:27.30 (739448127)|ENTERING_MANAGED_PKG|tdc_tsw
19:38:27.30 (739745011)|ENTERING_MANAGED_PKG|tdc_tsw
19:38:27.30 (739832279)|ENTERING_MANAGED_PKG|tdc_tsw
19:38:27.30 (740135222)|ENTERING_MANAGED_PKG|tdc_tsw
19:38:27.30 (740224731)|ENTERING_MANAGED_PKG|tdc_tsw
19:38:27.30 (740524582)|ENTERING_MANAGED_PKG|tdc_tsw
19:38:27.30 (740612174)|ENTERING_MANAGED_PKG|tdc_tsw
19:38:27.30 (740979620)|ENTERING_MANAGED_PKG|tdc_tsw
19:38:27.30 (741066297)|ENTERING_MANAGED_PKG|tdc_tsw
19:38:27.30 (741557490)|ENTERING_MANAGED_PKG|tdc_tsw
19:38:27.30 (741644732)|ENTERING_MANAGED_PKG|tdc_tsw
19:38:27.30 (741939074)|ENTERING_MANAGED_PKG|tdc_tsw
19:38:27.30 (742025912)|ENTERING_MANAGED_PKG|tdc_tsw
19:38:27.30 (742329133)|ENTERING_MANAGED_PKG|tdc_tsw
19:38:27.30 (742416877)|ENTERING_MANAGED_PKG|tdc_tsw
19:38:27.30 (742712118)|ENTERING_MANAGED_PKG|tdc_tsw
19:38:27.30 (742798995)|ENTERING_MANAGED_PKG|tdc_tsw
19:38:27.30 (743242086)|ENTERING_MANAGED_PKG|tdc_tsw
19:38:27.30 (743379062)|ENTERING_MANAGED_PKG|tdc_tsw
19:38:27.30 (744199855)|ENTERING_MANAGED_PKG|tdc_tsw
19:38:27.30 (744380144)|ENTERING_MANAGED_PKG|tdc_tsw
19:38:27.30 (745732003)|ENTERING_MANAGED_PKG|tdc_tsw
19:38:27.30 (745820137)|ENTERING_MANAGED_PKG|tdc_tsw
19:38:27.30 (746115236)|ENTERING_MANAGED_PKG|tdc_tsw
19:38:27.30 (746211655)|ENTERING_MANAGED_PKG|tdc_tsw
19:38:27.30 (746504228)|ENTERING_MANAGED_PKG|tdc_tsw
19:38:27.30 (746592657)|ENTERING_MANAGED_PKG|tdc_tsw
19:38:27.30 (746884475)|ENTERING_MANAGED_PKG|tdc_tsw
19:38:27.30 (746973028)|ENTERING_MANAGED_PKG|tdc_tsw
19:38:27.30 (747280675)|ENTERING_MANAGED_PKG|tdc_tsw
19:38:27.30 (747370311)|ENTERING_MANAGED_PKG|tdc_tsw
19:38:27.30 (747663847)|ENTERING_MANAGED_PKG|tdc_tsw
19:38:27.30 (747752861)|ENTERING_MANAGED_PKG|tdc_tsw
19:38:27.30 (748046442)|ENTERING_MANAGED_PKG|tdc_tsw
19:38:27.30 (748140656)|ENTERING_MANAGED_PKG|tdc_tsw
19:38:27.30 (748433607)|ENTERING_MANAGED_PKG|tdc_tsw
19:38:27.30 (748522878)|ENTERING_MANAGED_PKG|tdc_tsw
19:38:27.30 (749012671)|ENTERING_MANAGED_PKG|tdc_tsw
19:38:27.30 (749100396)|ENTERING_MANAGED_PKG|tdc_tsw
19:38:27.30 (749419504)|ENTERING_MANAGED_PKG|tdc_tsw
19:38:27.30 (749507993)|ENTERING_MANAGED_PKG|tdc_tsw
19:38:27.30 (749728802)|ENTERING_MANAGED_PKG|tdc_tsw
19:38:27.30 (749817344)|ENTERING_MANAGED_PKG|tdc_tsw
19:38:27.30 (750040516)|ENTERING_MANAGED_PKG|tdc_tsw
19:38:27.30 (750137239)|ENTERING_MANAGED_PKG|tdc_tsw
19:38:27.30 (750504647)|ENTERING_MANAGED_PKG|tdc_tsw
19:38:27.30 (750592923)|ENTERING_MANAGED_PKG|tdc_tsw
19:38:27.30 (750816018)|ENTERING_MANAGED_PKG|tdc_tsw
19:38:27.30 (750904387)|ENTERING_MANAGED_PKG|tdc_tsw
19:38:27.30 (751256165)|ENTERING_MANAGED_PKG|tdc_tsw
19:38:27.30 (751344767)|ENTERING_MANAGED_PKG|tdc_tsw
19:38:27.30 (751568214)|ENTERING_MANAGED_PKG|tdc_tsw
19:38:27.30 (751656116)|ENTERING_MANAGED_PKG|tdc_tsw
19:38:27.30 (751878954)|ENTERING_MANAGED_PKG|tdc_tsw
19:38:27.30 (751967435)|ENTERING_MANAGED_PKG|tdc_tsw
19:38:27.30 (752195886)|ENTERING_MANAGED_PKG|tdc_tsw
19:38:27.30 (752286166)|ENTERING_MANAGED_PKG|tdc_tsw
19:38:27.30 (752509557)|ENTERING_MANAGED_PKG|tdc_tsw
19:38:27.30 (752597281)|ENTERING_MANAGED_PKG|tdc_tsw
19:38:27.30 (752820269)|ENTERING_MANAGED_PKG|tdc_tsw
19:38:27.30 (752908875)|ENTERING_MANAGED_PKG|tdc_tsw
19:38:27.30 (753139101)|ENTERING_MANAGED_PKG|tdc_tsw
19:38:27.30 (753228526)|ENTERING_MANAGED_PKG|tdc_tsw
19:38:27.30 (753450060)|ENTERING_MANAGED_PKG|tdc_tsw
19:38:27.30 (753540477)|ENTERING_MANAGED_PKG|tdc_tsw
19:38:27.30 (753761516)|ENTERING_MANAGED_PKG|tdc_tsw
19:38:27.30 (753850269)|ENTERING_MANAGED_PKG|tdc_tsw
19:38:27.30 (754073046)|ENTERING_MANAGED_PKG|tdc_tsw
19:38:27.30 (754169954)|ENTERING_MANAGED_PKG|tdc_tsw
19:38:27.30 (754393864)|ENTERING_MANAGED_PKG|tdc_tsw
19:38:27.30 (754481683)|ENTERING_MANAGED_PKG|tdc_tsw
19:38:27.30 (754705933)|ENTERING_MANAGED_PKG|tdc_tsw
19:38:27.30 (754794540)|ENTERING_MANAGED_PKG|tdc_tsw
19:38:27.30 (755018638)|ENTERING_MANAGED_PKG|tdc_tsw
19:38:27.30 (755107810)|ENTERING_MANAGED_PKG|tdc_tsw
19:38:27.30 (755340600)|ENTERING_MANAGED_PKG|tdc_tsw
19:38:27.30 (755436504)|ENTERING_MANAGED_PKG|tdc_tsw
19:38:27.30 (755659284)|ENTERING_MANAGED_PKG|tdc_tsw
19:38:27.30 (755749088)|ENTERING_MANAGED_PKG|tdc_tsw
19:38:27.30 (755973559)|ENTERING_MANAGED_PKG|tdc_tsw
19:38:27.30 (756062482)|ENTERING_MANAGED_PKG|tdc_tsw
19:38:27.30 (756295548)|ENTERING_MANAGED_PKG|tdc_tsw
19:38:27.30 (756385438)|ENTERING_MANAGED_PKG|tdc_tsw
19:38:27.30 (756607342)|ENTERING_MANAGED_PKG|tdc_tsw
19:38:27.30 (756697343)|ENTERING_MANAGED_PKG|tdc_tsw
19:38:27.30 (756918375)|ENTERING_MANAGED_PKG|tdc_tsw
19:38:27.30 (757008721)|ENTERING_MANAGED_PKG|tdc_tsw
19:38:27.30 (757361320)|ENTERING_MANAGED_PKG|tdc_tsw
19:38:27.30 (757451058)|ENTERING_MANAGED_PKG|tdc_tsw
19:38:27.30 (757673176)|ENTERING_MANAGED_PKG|tdc_tsw
19:38:27.30 (757762901)|ENTERING_MANAGED_PKG|tdc_tsw
19:38:27.30 (757986834)|ENTERING_MANAGED_PKG|tdc_tsw
19:38:27.30 (758075062)|ENTERING_MANAGED_PKG|tdc_tsw
19:38:27.30 (758307906)|ENTERING_MANAGED_PKG|tdc_tsw
19:38:27.30 (758397372)|ENTERING_MANAGED_PKG|tdc_tsw
19:38:27.30 (764100636)|ENTERING_MANAGED_PKG|tdc_tsw
19:38:27.30 (764204911)|ENTERING_MANAGED_PKG|tdc_tsw
19:38:27.30 (764501422)|ENTERING_MANAGED_PKG|tdc_tsw
19:38:27.30 (764593064)|ENTERING_MANAGED_PKG|tdc_tsw
19:38:27.30 (764886050)|ENTERING_MANAGED_PKG|tdc_tsw
19:38:27.30 (764978241)|ENTERING_MANAGED_PKG|tdc_tsw
19:38:27.30 (765547450)|ENTERING_MANAGED_PKG|tdc_tsw
19:38:27.30 (765641159)|ENTERING_MANAGED_PKG|tdc_tsw
19:38:27.30 (766138143)|ENTERING_MANAGED_PKG|tdc_tsw
19:38:27.30 (766232302)|ENTERING_MANAGED_PKG|tdc_tsw
19:38:27.30 (766526806)|ENTERING_MANAGED_PKG|tdc_tsw
19:38:27.30 (766619303)|ENTERING_MANAGED_PKG|tdc_tsw
19:38:27.30 (766914248)|ENTERING_MANAGED_PKG|tdc_tsw
19:38:27.30 (767004634)|ENTERING_MANAGED_PKG|tdc_tsw
19:38:27.30 (767308257)|ENTERING_MANAGED_PKG|tdc_tsw
19:38:27.30 (767398556)|ENTERING_MANAGED_PKG|tdc_tsw
19:38:27.30 (767691325)|ENTERING_MANAGED_PKG|tdc_tsw
19:38:27.30 (767781867)|ENTERING_MANAGED_PKG|tdc_tsw
19:38:27.30 (768076532)|ENTERING_MANAGED_PKG|tdc_tsw
19:38:27.30 (768176499)|ENTERING_MANAGED_PKG|tdc_tsw
19:38:27.30 (768471797)|ENTERING_MANAGED_PKG|tdc_tsw
19:38:27.30 (768561123)|ENTERING_MANAGED_PKG|tdc_tsw
19:38:27.30 (768856640)|ENTERING_MANAGED_PKG|tdc_tsw
19:38:27.30 (768956360)|ENTERING_MANAGED_PKG|tdc_tsw
19:38:27.30 (769266104)|ENTERING_MANAGED_PKG|tdc_tsw
19:38:27.30 (769358047)|ENTERING_MANAGED_PKG|tdc_tsw
19:38:27.30 (769652220)|ENTERING_MANAGED_PKG|tdc_tsw
19:38:27.30 (769742107)|ENTERING_MANAGED_PKG|tdc_tsw
19:38:27.30 (770033369)|ENTERING_MANAGED_PKG|tdc_tsw
19:38:27.30 (770125992)|ENTERING_MANAGED_PKG|tdc_tsw
19:38:27.30 (770427743)|ENTERING_MANAGED_PKG|tdc_tsw
19:38:27.30 (770520998)|ENTERING_MANAGED_PKG|tdc_tsw
19:38:27.30 (770813707)|ENTERING_MANAGED_PKG|tdc_tsw
19:38:27.30 (770905268)|ENTERING_MANAGED_PKG|tdc_tsw
19:38:27.30 (771211383)|ENTERING_MANAGED_PKG|tdc_tsw
19:38:27.30 (771304661)|ENTERING_MANAGED_PKG|tdc_tsw
19:38:27.30 (771665799)|ENTERING_MANAGED_PKG|tdc_tsw
19:38:27.30 (771757478)|ENTERING_MANAGED_PKG|tdc_tsw
19:38:27.30 (772119941)|ENTERING_MANAGED_PKG|tdc_tsw
19:38:27.30 (772218936)|ENTERING_MANAGED_PKG|tdc_tsw
19:38:27.30 (772580870)|ENTERING_MANAGED_PKG|tdc_tsw
19:38:27.30 (772671426)|ENTERING_MANAGED_PKG|tdc_tsw
19:38:27.30 (773035065)|ENTERING_MANAGED_PKG|tdc_tsw
19:38:27.30 (773133530)|ENTERING_MANAGED_PKG|tdc_tsw
19:38:27.30 (773428731)|ENTERING_MANAGED_PKG|tdc_tsw
19:38:27.30 (773521352)|ENTERING_MANAGED_PKG|tdc_tsw
19:38:27.30 (773816742)|ENTERING_MANAGED_PKG|tdc_tsw
19:38:27.30 (773907474)|ENTERING_MANAGED_PKG|tdc_tsw
19:38:27.30 (774210329)|ENTERING_MANAGED_PKG|tdc_tsw
19:38:27.30 (774303172)|ENTERING_MANAGED_PKG|tdc_tsw
19:38:27.30 (774596442)|ENTERING_MANAGED_PKG|tdc_tsw
19:38:27.30 (774688866)|ENTERING_MANAGED_PKG|tdc_tsw
19:38:27.30 (774990359)|ENTERING_MANAGED_PKG|tdc_tsw
19:38:27.30 (775082260)|ENTERING_MANAGED_PKG|tdc_tsw
19:38:27.30 (775388336)|ENTERING_MANAGED_PKG|tdc_tsw
19:38:27.30 (775481028)|ENTERING_MANAGED_PKG|tdc_tsw
19:38:27.30 (775775473)|ENTERING_MANAGED_PKG|tdc_tsw
19:38:27.30 (775867923)|ENTERING_MANAGED_PKG|tdc_tsw
19:38:27.30 (776243861)|ENTERING_MANAGED_PKG|tdc_tsw
19:38:27.30 (776336239)|ENTERING_MANAGED_PKG|tdc_tsw
19:38:27.30 (776630588)|ENTERING_MANAGED_PKG|tdc_tsw
19:38:27.30 (776724236)|ENTERING_MANAGED_PKG|tdc_tsw
19:38:27.30 (777020742)|ENTERING_MANAGED_PKG|tdc_tsw
19:38:27.30 (777112614)|ENTERING_MANAGED_PKG|tdc_tsw
19:38:27.30 (777412930)|ENTERING_MANAGED_PKG|tdc_tsw
19:38:27.30 (777506019)|ENTERING_MANAGED_PKG|tdc_tsw
19:38:27.30 (777869904)|ENTERING_MANAGED_PKG|tdc_tsw
19:38:27.30 (777961073)|ENTERING_MANAGED_PKG|tdc_tsw
19:38:27.30 (778804135)|ENTERING_MANAGED_PKG|tdc_tsw
19:38:27.30 (778897704)|ENTERING_MANAGED_PKG|tdc_tsw
19:38:27.30 (779119585)|ENTERING_MANAGED_PKG|tdc_tsw
19:38:27.30 (779229307)|ENTERING_MANAGED_PKG|tdc_tsw
19:38:27.30 (779452668)|ENTERING_MANAGED_PKG|tdc_tsw
19:38:27.30 (779544527)|ENTERING_MANAGED_PKG|tdc_tsw
19:38:27.30 (779770484)|ENTERING_MANAGED_PKG|tdc_tsw
19:38:27.30 (779862015)|ENTERING_MANAGED_PKG|tdc_tsw
19:38:27.30 (780067751)|ENTERING_MANAGED_PKG|tdc_tsw
19:38:27.30 (780108384)|ENTERING_MANAGED_PKG|tdc_tsw
19:38:27.30 (780183023)|ENTERING_MANAGED_PKG|tdc_tsw
19:38:27.30 (780257163)|ENTERING_MANAGED_PKG|tdc_tsw
19:38:27.30 (780297876)|ENTERING_MANAGED_PKG|tdc_tsw
19:38:27.30 (780336053)|ENTERING_MANAGED_PKG|tdc_tsw
19:38:27.30 (780367163)|ENTERING_MANAGED_PKG|tdc_tsw
19:38:27.30 (780409764)|ENTERING_MANAGED_PKG|tdc_tsw
19:38:27.30 (780440001)|ENTERING_MANAGED_PKG|tdc_tsw
19:38:27.30 (780480839)|ENTERING_MANAGED_PKG|tdc_tsw
19:38:27.30 (780510003)|ENTERING_MANAGED_PKG|tdc_tsw
19:38:27.30 (780546320)|ENTERING_MANAGED_PKG|tdc_tsw
19:38:27.30 (780576394)|ENTERING_MANAGED_PKG|tdc_tsw
19:38:27.30 (780612484)|ENTERING_MANAGED_PKG|tdc_tsw
19:38:27.30 (780642257)|ENTERING_MANAGED_PKG|tdc_tsw
19:38:27.30 (780678638)|ENTERING_MANAGED_PKG|tdc_tsw
19:38:27.30 (780708140)|ENTERING_MANAGED_PKG|tdc_tsw
19:38:27.30 (780743636)|ENTERING_MANAGED_PKG|tdc_tsw
19:38:27.30 (780773504)|ENTERING_MANAGED_PKG|tdc_tsw
19:38:27.30 (780809022)|ENTERING_MANAGED_PKG|tdc_tsw
19:38:27.30 (780838640)|ENTERING_MANAGED_PKG|tdc_tsw
19:38:27.30 (780874742)|ENTERING_MANAGED_PKG|tdc_tsw
19:38:27.30 (780905086)|ENTERING_MANAGED_PKG|tdc_tsw
19:38:27.30 (780942447)|ENTERING_MANAGED_PKG|tdc_tsw
19:38:27.30 (780973251)|ENTERING_MANAGED_PKG|tdc_tsw
19:38:27.30 (781008974)|ENTERING_MANAGED_PKG|tdc_tsw
19:38:27.30 (781040737)|ENTERING_MANAGED_PKG|tdc_tsw
19:38:27.30 (781076469)|ENTERING_MANAGED_PKG|tdc_tsw
19:38:27.847 (847213793)|CUMULATIVE_LIMIT_USAGE
19:38:27.847 (847213793)|LIMIT_USAGE_FOR_NS|(default)|
  Number of SOQL queries: 0 out of 100
  Number of query rows: 0 out of 50000
  Number of SOSL queries: 0 out of 20
  Number of DML statements: 0 out of 150
  Number of DML rows: 0 out of 10000
  Maximum CPU time: 470 out of 10000
  Maximum heap size: 0 out of 6000000
  Number of callouts: 0 out of 100
  Number of Email Invocations: 0 out of 10
  Number of future calls: 0 out of 50
  Number of queueable jobs added to the queue: 0 out of 50
  Number of Mobile Apex push calls: 0 out of 10

19:38:27.847 (847213793)|LIMIT_USAGE_FOR_NS|tdc_tsw|
  Number of SOQL queries: 4 out of 100
  Number of query rows: 1 out of 50000
  Number of SOSL queries: 0 out of 20
  Number of DML statements: 0 out of 150
  Number of DML rows: 0 out of 10000
  Maximum CPU time: 0 out of 10000
  Maximum heap size: 0 out of 6000000
  Number of callouts: 0 out of 100
  Number of Email Invocations: 0 out of 10
  Number of future calls: 0 out of 50
  Number of queueable jobs added to the queue: 0 out of 50
  Number of Mobile Apex push calls: 0 out of 10

19:38:27.847 (847213793)|CUMULATIVE_LIMIT_USAGE_END

