44.0 APEX_CODE,FINEST;APEX_PROFILING,INFO;CALLOUT,INFO;DB,INFO;NBA,INFO;SYSTEM,DEBUG;VALIDATION,INFO;VISUALFORCE,INFO;WAVE,INFO;WORKFLOW,INFO
15:56:58.0 (127162)|USER_INFO|[EXTERNAL]|0051H000009gxp8|chanida.dev2@solvedbysoftwareco.com|Eastern Standard Time|GMT-05:00
15:56:58.0 (1846556)|ENTERING_MANAGED_PKG|tdc_tsw
15:56:58.0 (2308877)|ENTERING_MANAGED_PKG|tdc_tsw
15:56:58.0 (6495458)|SOQL_EXECUTE_BEGIN|[16]|Aggregations:0|SELECT id, name, Disable_Incoming_SMS_Sharing__c FROM User WHERE id = :tmpVar1
15:56:58.0 (15088378)|SOQL_EXECUTE_END|[16]|Rows:1
15:56:58.0 (21875074)|SOQL_EXECUTE_BEGIN|[37]|Aggregations:0|SELECT CreatedDate,Created_Date__c,Id,LastModifiedDate,MessageId__c,Message_Text_New__c,Name,OwnerId,Read__c,Related_Object_Id__c,Related_Object__c,Sender_Number__c, Sender_Name__c,ToNumber__c,Attachments_Ids__c FROM Message__c WHERE Name = 'Incoming' AND Read__c = false ORDER BY CreatedDate Desc limit 100
15:56:58.0 (41928511)|SOQL_EXECUTE_END|[37]|Rows:100
15:56:58.0 (60614435)|ENTERING_MANAGED_PKG|tdc_tsw
15:56:58.0 (62342134)|ENTERING_MANAGED_PKG|tdc_tsw
15:56:58.0 (62939240)|ENTERING_MANAGED_PKG|tdc_tsw
15:56:58.0 (63613699)|ENTERING_MANAGED_PKG|tdc_tsw
15:56:58.0 (66430772)|ENTERING_MANAGED_PKG|tdc_tsw
15:56:58.0 (67247776)|ENTERING_MANAGED_PKG|tdc_tsw
15:56:58.0 (67521365)|ENTERING_MANAGED_PKG|tdc_tsw
15:56:58.0 (68226775)|ENTERING_MANAGED_PKG|tdc_tsw
15:56:58.0 (69621154)|ENTERING_MANAGED_PKG|tdc_tsw
15:56:58.0 (70417453)|ENTERING_MANAGED_PKG|tdc_tsw
15:56:58.0 (70660725)|ENTERING_MANAGED_PKG|tdc_tsw
15:56:58.0 (71075102)|ENTERING_MANAGED_PKG|tdc_tsw
15:56:58.0 (72234765)|ENTERING_MANAGED_PKG|tdc_tsw
15:56:58.0 (73015391)|ENTERING_MANAGED_PKG|tdc_tsw
15:56:58.0 (73258076)|ENTERING_MANAGED_PKG|tdc_tsw
15:56:58.0 (73659264)|ENTERING_MANAGED_PKG|tdc_tsw
15:56:58.0 (74859112)|ENTERING_MANAGED_PKG|tdc_tsw
15:56:58.0 (75671904)|ENTERING_MANAGED_PKG|tdc_tsw
15:56:58.0 (76003567)|ENTERING_MANAGED_PKG|tdc_tsw
15:56:58.0 (76707702)|ENTERING_MANAGED_PKG|tdc_tsw
15:56:58.0 (78080741)|ENTERING_MANAGED_PKG|tdc_tsw
15:56:58.0 (81872953)|ENTERING_MANAGED_PKG|tdc_tsw
15:56:58.0 (82149676)|ENTERING_MANAGED_PKG|tdc_tsw
15:56:58.0 (82584326)|ENTERING_MANAGED_PKG|tdc_tsw
15:56:58.0 (84058165)|ENTERING_MANAGED_PKG|tdc_tsw
15:56:58.0 (84850054)|ENTERING_MANAGED_PKG|tdc_tsw
15:56:58.0 (85092326)|ENTERING_MANAGED_PKG|tdc_tsw
15:56:58.0 (85503226)|ENTERING_MANAGED_PKG|tdc_tsw
15:56:58.0 (86634444)|ENTERING_MANAGED_PKG|tdc_tsw
15:56:58.0 (87417793)|ENTERING_MANAGED_PKG|tdc_tsw
15:56:58.0 (87839685)|ENTERING_MANAGED_PKG|tdc_tsw
15:56:58.0 (88494317)|ENTERING_MANAGED_PKG|tdc_tsw
15:56:58.0 (89933167)|ENTERING_MANAGED_PKG|tdc_tsw
15:56:58.0 (90911177)|ENTERING_MANAGED_PKG|tdc_tsw
15:56:58.0 (91189837)|ENTERING_MANAGED_PKG|tdc_tsw
15:56:58.0 (91591214)|ENTERING_MANAGED_PKG|tdc_tsw
15:56:58.0 (92739499)|ENTERING_MANAGED_PKG|tdc_tsw
15:56:58.0 (93884061)|ENTERING_MANAGED_PKG|tdc_tsw
15:56:58.0 (94237744)|ENTERING_MANAGED_PKG|tdc_tsw
15:56:58.0 (94782885)|ENTERING_MANAGED_PKG|tdc_tsw
15:56:58.0 (96278249)|ENTERING_MANAGED_PKG|tdc_tsw
15:56:58.0 (97288107)|ENTERING_MANAGED_PKG|tdc_tsw
15:56:58.0 (97531870)|ENTERING_MANAGED_PKG|tdc_tsw
15:56:58.0 (97983979)|ENTERING_MANAGED_PKG|tdc_tsw
15:56:58.0 (99204579)|ENTERING_MANAGED_PKG|tdc_tsw
15:56:58.0 (99985197)|ENTERING_MANAGED_PKG|tdc_tsw
15:56:58.0 (100199441)|ENTERING_MANAGED_PKG|tdc_tsw
15:56:58.0 (100695831)|ENTERING_MANAGED_PKG|tdc_tsw
15:56:58.0 (102418325)|ENTERING_MANAGED_PKG|tdc_tsw
15:56:58.0 (103256392)|ENTERING_MANAGED_PKG|tdc_tsw
15:56:58.0 (103498872)|ENTERING_MANAGED_PKG|tdc_tsw
15:56:58.0 (103927055)|ENTERING_MANAGED_PKG|tdc_tsw
15:56:58.0 (105224390)|ENTERING_MANAGED_PKG|tdc_tsw
15:56:58.0 (106174065)|ENTERING_MANAGED_PKG|tdc_tsw
15:56:58.0 (106475207)|ENTERING_MANAGED_PKG|tdc_tsw
15:56:58.0 (107217924)|ENTERING_MANAGED_PKG|tdc_tsw
15:56:58.0 (108638348)|ENTERING_MANAGED_PKG|tdc_tsw
15:56:58.0 (109427846)|ENTERING_MANAGED_PKG|tdc_tsw
15:56:58.0 (109781650)|ENTERING_MANAGED_PKG|tdc_tsw
15:56:58.0 (110557061)|ENTERING_MANAGED_PKG|tdc_tsw
15:56:58.0 (111844969)|ENTERING_MANAGED_PKG|tdc_tsw
15:56:58.0 (112615450)|ENTERING_MANAGED_PKG|tdc_tsw
15:56:58.0 (112866689)|ENTERING_MANAGED_PKG|tdc_tsw
15:56:58.0 (113278062)|ENTERING_MANAGED_PKG|tdc_tsw
15:56:58.0 (114420969)|ENTERING_MANAGED_PKG|tdc_tsw
15:56:58.0 (115194785)|ENTERING_MANAGED_PKG|tdc_tsw
15:56:58.0 (115436188)|ENTERING_MANAGED_PKG|tdc_tsw
15:56:58.0 (115879205)|ENTERING_MANAGED_PKG|tdc_tsw
15:56:58.0 (117136701)|ENTERING_MANAGED_PKG|tdc_tsw
15:56:58.0 (118015447)|ENTERING_MANAGED_PKG|tdc_tsw
15:56:58.0 (118266309)|ENTERING_MANAGED_PKG|tdc_tsw
15:56:58.0 (118880844)|ENTERING_MANAGED_PKG|tdc_tsw
15:56:58.0 (120154250)|ENTERING_MANAGED_PKG|tdc_tsw
15:56:58.0 (120989544)|ENTERING_MANAGED_PKG|tdc_tsw
15:56:58.0 (121238413)|ENTERING_MANAGED_PKG|tdc_tsw
15:56:58.0 (121646692)|ENTERING_MANAGED_PKG|tdc_tsw
15:56:58.0 (122797672)|ENTERING_MANAGED_PKG|tdc_tsw
15:56:58.0 (123997016)|ENTERING_MANAGED_PKG|tdc_tsw
15:56:58.0 (124486053)|ENTERING_MANAGED_PKG|tdc_tsw
15:56:58.0 (125189529)|ENTERING_MANAGED_PKG|tdc_tsw
15:56:58.0 (126542236)|ENTERING_MANAGED_PKG|tdc_tsw
15:56:58.0 (127520060)|ENTERING_MANAGED_PKG|tdc_tsw
15:56:58.0 (127771568)|ENTERING_MANAGED_PKG|tdc_tsw
15:56:58.0 (128342113)|ENTERING_MANAGED_PKG|tdc_tsw
15:56:58.0 (129918415)|ENTERING_MANAGED_PKG|tdc_tsw
15:56:58.0 (130757206)|ENTERING_MANAGED_PKG|tdc_tsw
15:56:58.0 (131002437)|ENTERING_MANAGED_PKG|tdc_tsw
15:56:58.0 (131428239)|ENTERING_MANAGED_PKG|tdc_tsw
15:56:58.0 (132905727)|ENTERING_MANAGED_PKG|tdc_tsw
15:56:58.0 (133672493)|ENTERING_MANAGED_PKG|tdc_tsw
15:56:58.0 (133929305)|ENTERING_MANAGED_PKG|tdc_tsw
15:56:58.0 (134337648)|ENTERING_MANAGED_PKG|tdc_tsw
15:56:58.0 (135480790)|ENTERING_MANAGED_PKG|tdc_tsw
15:56:58.0 (136318921)|ENTERING_MANAGED_PKG|tdc_tsw
15:56:58.0 (136566660)|ENTERING_MANAGED_PKG|tdc_tsw
15:56:58.0 (137061001)|ENTERING_MANAGED_PKG|tdc_tsw
15:56:58.0 (138501638)|ENTERING_MANAGED_PKG|tdc_tsw
15:56:58.0 (139442991)|ENTERING_MANAGED_PKG|tdc_tsw
15:56:58.0 (139723601)|ENTERING_MANAGED_PKG|tdc_tsw
15:56:58.0 (140146654)|ENTERING_MANAGED_PKG|tdc_tsw
15:56:58.0 (141282049)|ENTERING_MANAGED_PKG|tdc_tsw
15:56:58.0 (142058512)|ENTERING_MANAGED_PKG|tdc_tsw
15:56:58.0 (142299538)|ENTERING_MANAGED_PKG|tdc_tsw
15:56:58.0 (142711712)|ENTERING_MANAGED_PKG|tdc_tsw
15:56:58.0 (143979873)|ENTERING_MANAGED_PKG|tdc_tsw
15:56:58.0 (144752110)|ENTERING_MANAGED_PKG|tdc_tsw
15:56:58.0 (144996515)|ENTERING_MANAGED_PKG|tdc_tsw
15:56:58.0 (145401220)|ENTERING_MANAGED_PKG|tdc_tsw
15:56:58.0 (146571575)|ENTERING_MANAGED_PKG|tdc_tsw
15:56:58.0 (147350945)|ENTERING_MANAGED_PKG|tdc_tsw
15:56:58.0 (147598965)|ENTERING_MANAGED_PKG|tdc_tsw
15:56:58.0 (148222616)|ENTERING_MANAGED_PKG|tdc_tsw
15:56:58.0 (149440452)|ENTERING_MANAGED_PKG|tdc_tsw
15:56:58.0 (150504812)|ENTERING_MANAGED_PKG|tdc_tsw
15:56:58.0 (150821688)|ENTERING_MANAGED_PKG|tdc_tsw
15:56:58.0 (151325386)|ENTERING_MANAGED_PKG|tdc_tsw
15:56:58.0 (152486560)|ENTERING_MANAGED_PKG|tdc_tsw
15:56:58.0 (153295335)|ENTERING_MANAGED_PKG|tdc_tsw
15:56:58.0 (153548429)|ENTERING_MANAGED_PKG|tdc_tsw
15:56:58.0 (153979284)|ENTERING_MANAGED_PKG|tdc_tsw
15:56:58.0 (155230958)|ENTERING_MANAGED_PKG|tdc_tsw
15:56:58.0 (156071733)|ENTERING_MANAGED_PKG|tdc_tsw
15:56:58.0 (156341754)|ENTERING_MANAGED_PKG|tdc_tsw
15:56:58.0 (156818014)|ENTERING_MANAGED_PKG|tdc_tsw
15:56:58.0 (158234385)|ENTERING_MANAGED_PKG|tdc_tsw
15:56:58.0 (159096227)|ENTERING_MANAGED_PKG|tdc_tsw
15:56:58.0 (159362910)|ENTERING_MANAGED_PKG|tdc_tsw
15:56:58.0 (159893904)|ENTERING_MANAGED_PKG|tdc_tsw
15:56:58.0 (161964454)|ENTERING_MANAGED_PKG|tdc_tsw
15:56:58.0 (162932614)|ENTERING_MANAGED_PKG|tdc_tsw
15:56:58.0 (163201494)|ENTERING_MANAGED_PKG|tdc_tsw
15:56:58.0 (163733396)|ENTERING_MANAGED_PKG|tdc_tsw
15:56:58.0 (164972908)|ENTERING_MANAGED_PKG|tdc_tsw
15:56:58.0 (165780370)|ENTERING_MANAGED_PKG|tdc_tsw
15:56:58.0 (166056191)|ENTERING_MANAGED_PKG|tdc_tsw
15:56:58.0 (166486717)|ENTERING_MANAGED_PKG|tdc_tsw
15:56:58.0 (167778873)|ENTERING_MANAGED_PKG|tdc_tsw
15:56:58.0 (168712654)|ENTERING_MANAGED_PKG|tdc_tsw
15:56:58.0 (169049485)|ENTERING_MANAGED_PKG|tdc_tsw
15:56:58.0 (169546783)|ENTERING_MANAGED_PKG|tdc_tsw
15:56:58.0 (171297489)|ENTERING_MANAGED_PKG|tdc_tsw
15:56:58.0 (172308759)|ENTERING_MANAGED_PKG|tdc_tsw
15:56:58.0 (172582301)|ENTERING_MANAGED_PKG|tdc_tsw
15:56:58.0 (173042108)|ENTERING_MANAGED_PKG|tdc_tsw
15:56:58.0 (174362601)|ENTERING_MANAGED_PKG|tdc_tsw
15:56:58.0 (175265219)|ENTERING_MANAGED_PKG|tdc_tsw
15:56:58.0 (175572056)|ENTERING_MANAGED_PKG|tdc_tsw
15:56:58.0 (176045234)|ENTERING_MANAGED_PKG|tdc_tsw
15:56:58.0 (177395314)|ENTERING_MANAGED_PKG|tdc_tsw
15:56:58.0 (178240781)|ENTERING_MANAGED_PKG|tdc_tsw
15:56:58.0 (178497277)|ENTERING_MANAGED_PKG|tdc_tsw
15:56:58.0 (178934020)|ENTERING_MANAGED_PKG|tdc_tsw
15:56:58.0 (180157689)|ENTERING_MANAGED_PKG|tdc_tsw
15:56:58.0 (181054337)|ENTERING_MANAGED_PKG|tdc_tsw
15:56:58.0 (181339845)|ENTERING_MANAGED_PKG|tdc_tsw
15:56:58.0 (181798235)|ENTERING_MANAGED_PKG|tdc_tsw
15:56:58.0 (183198191)|ENTERING_MANAGED_PKG|tdc_tsw
15:56:58.0 (184075029)|ENTERING_MANAGED_PKG|tdc_tsw
15:56:58.0 (184414633)|ENTERING_MANAGED_PKG|tdc_tsw
15:56:58.0 (184907198)|ENTERING_MANAGED_PKG|tdc_tsw
15:56:58.0 (186160778)|ENTERING_MANAGED_PKG|tdc_tsw
15:56:58.0 (187013831)|ENTERING_MANAGED_PKG|tdc_tsw
15:56:58.0 (187283525)|ENTERING_MANAGED_PKG|tdc_tsw
15:56:58.0 (187736463)|ENTERING_MANAGED_PKG|tdc_tsw
15:56:58.0 (189035537)|ENTERING_MANAGED_PKG|tdc_tsw
15:56:58.0 (189899749)|ENTERING_MANAGED_PKG|tdc_tsw
15:56:58.0 (190171469)|ENTERING_MANAGED_PKG|tdc_tsw
15:56:58.0 (190681985)|ENTERING_MANAGED_PKG|tdc_tsw
15:56:58.0 (191888957)|ENTERING_MANAGED_PKG|tdc_tsw
15:56:58.0 (192677140)|ENTERING_MANAGED_PKG|tdc_tsw
15:56:58.0 (192929106)|ENTERING_MANAGED_PKG|tdc_tsw
15:56:58.0 (193347075)|ENTERING_MANAGED_PKG|tdc_tsw
15:56:58.0 (194507430)|ENTERING_MANAGED_PKG|tdc_tsw
15:56:58.0 (195862918)|ENTERING_MANAGED_PKG|tdc_tsw
15:56:58.0 (196336596)|ENTERING_MANAGED_PKG|tdc_tsw
15:56:58.0 (197202255)|ENTERING_MANAGED_PKG|tdc_tsw
15:56:58.0 (198734724)|ENTERING_MANAGED_PKG|tdc_tsw
15:56:58.0 (199552011)|ENTERING_MANAGED_PKG|tdc_tsw
15:56:58.0 (199823560)|ENTERING_MANAGED_PKG|tdc_tsw
15:56:58.0 (200315605)|ENTERING_MANAGED_PKG|tdc_tsw
15:56:58.0 (201778882)|ENTERING_MANAGED_PKG|tdc_tsw
15:56:58.0 (202560967)|ENTERING_MANAGED_PKG|tdc_tsw
15:56:58.0 (202960829)|ENTERING_MANAGED_PKG|tdc_tsw
15:56:58.0 (203670083)|ENTERING_MANAGED_PKG|tdc_tsw
15:56:58.0 (205490551)|ENTERING_MANAGED_PKG|tdc_tsw
15:56:58.0 (206288091)|ENTERING_MANAGED_PKG|tdc_tsw
15:56:58.0 (206581954)|ENTERING_MANAGED_PKG|tdc_tsw
15:56:58.0 (207022724)|ENTERING_MANAGED_PKG|tdc_tsw
15:56:58.0 (208964742)|ENTERING_MANAGED_PKG|tdc_tsw
15:56:58.0 (209891571)|ENTERING_MANAGED_PKG|tdc_tsw
15:56:58.0 (210160544)|ENTERING_MANAGED_PKG|tdc_tsw
15:56:58.0 (210634599)|ENTERING_MANAGED_PKG|tdc_tsw
15:56:58.0 (211813432)|ENTERING_MANAGED_PKG|tdc_tsw
15:56:58.0 (212601376)|ENTERING_MANAGED_PKG|tdc_tsw
15:56:58.0 (212860288)|ENTERING_MANAGED_PKG|tdc_tsw
15:56:58.0 (213298815)|ENTERING_MANAGED_PKG|tdc_tsw
15:56:58.0 (214457538)|ENTERING_MANAGED_PKG|tdc_tsw
15:56:58.0 (215232695)|ENTERING_MANAGED_PKG|tdc_tsw
15:56:58.0 (215474566)|ENTERING_MANAGED_PKG|tdc_tsw
15:56:58.0 (215896983)|ENTERING_MANAGED_PKG|tdc_tsw
15:56:58.0 (217069588)|ENTERING_MANAGED_PKG|tdc_tsw
15:56:58.0 (217877599)|ENTERING_MANAGED_PKG|tdc_tsw
15:56:58.0 (218129238)|ENTERING_MANAGED_PKG|tdc_tsw
15:56:58.0 (218539397)|ENTERING_MANAGED_PKG|tdc_tsw
15:56:58.0 (219670789)|ENTERING_MANAGED_PKG|tdc_tsw
15:56:58.0 (220501786)|ENTERING_MANAGED_PKG|tdc_tsw
15:56:58.0 (220750663)|ENTERING_MANAGED_PKG|tdc_tsw
15:56:58.0 (221159042)|ENTERING_MANAGED_PKG|tdc_tsw
15:56:58.0 (222294204)|ENTERING_MANAGED_PKG|tdc_tsw
15:56:58.0 (223070085)|ENTERING_MANAGED_PKG|tdc_tsw
15:56:58.0 (223311354)|ENTERING_MANAGED_PKG|tdc_tsw
15:56:58.0 (223717400)|ENTERING_MANAGED_PKG|tdc_tsw
15:56:58.0 (224912115)|ENTERING_MANAGED_PKG|tdc_tsw
15:56:58.0 (225677595)|ENTERING_MANAGED_PKG|tdc_tsw
15:56:58.0 (225936365)|ENTERING_MANAGED_PKG|tdc_tsw
15:56:58.0 (226447959)|ENTERING_MANAGED_PKG|tdc_tsw
15:56:58.0 (227659573)|ENTERING_MANAGED_PKG|tdc_tsw
15:56:58.0 (228436263)|ENTERING_MANAGED_PKG|tdc_tsw
15:56:58.0 (228677725)|ENTERING_MANAGED_PKG|tdc_tsw
15:56:58.0 (229087745)|ENTERING_MANAGED_PKG|tdc_tsw
15:56:58.0 (230216147)|ENTERING_MANAGED_PKG|tdc_tsw
15:56:58.0 (230976815)|ENTERING_MANAGED_PKG|tdc_tsw
15:56:58.0 (231217892)|ENTERING_MANAGED_PKG|tdc_tsw
15:56:58.0 (231624670)|ENTERING_MANAGED_PKG|tdc_tsw
15:56:58.0 (232819363)|ENTERING_MANAGED_PKG|tdc_tsw
15:56:58.0 (233583876)|ENTERING_MANAGED_PKG|tdc_tsw
15:56:58.0 (233833723)|ENTERING_MANAGED_PKG|tdc_tsw
15:56:58.0 (234237532)|ENTERING_MANAGED_PKG|tdc_tsw
15:56:58.0 (235370345)|ENTERING_MANAGED_PKG|tdc_tsw
15:56:58.0 (236129453)|ENTERING_MANAGED_PKG|tdc_tsw
15:56:58.0 (236370093)|ENTERING_MANAGED_PKG|tdc_tsw
15:56:58.0 (236778865)|ENTERING_MANAGED_PKG|tdc_tsw
15:56:58.0 (237920803)|ENTERING_MANAGED_PKG|tdc_tsw
15:56:58.0 (238778967)|ENTERING_MANAGED_PKG|tdc_tsw
15:56:58.0 (239023720)|ENTERING_MANAGED_PKG|tdc_tsw
15:56:58.0 (239438431)|ENTERING_MANAGED_PKG|tdc_tsw
15:56:58.0 (240587121)|ENTERING_MANAGED_PKG|tdc_tsw
15:56:58.0 (241350418)|ENTERING_MANAGED_PKG|tdc_tsw
15:56:58.0 (241591170)|ENTERING_MANAGED_PKG|tdc_tsw
15:56:58.0 (242011523)|ENTERING_MANAGED_PKG|tdc_tsw
15:56:58.0 (243143882)|ENTERING_MANAGED_PKG|tdc_tsw
15:56:58.0 (243909199)|ENTERING_MANAGED_PKG|tdc_tsw
15:56:58.0 (244170741)|ENTERING_MANAGED_PKG|tdc_tsw
15:56:58.0 (244599030)|ENTERING_MANAGED_PKG|tdc_tsw
15:56:58.0 (245778155)|ENTERING_MANAGED_PKG|tdc_tsw
15:56:58.0 (246542400)|ENTERING_MANAGED_PKG|tdc_tsw
15:56:58.0 (246804066)|ENTERING_MANAGED_PKG|tdc_tsw
15:56:58.0 (247212772)|ENTERING_MANAGED_PKG|tdc_tsw
15:56:58.0 (248382145)|ENTERING_MANAGED_PKG|tdc_tsw
15:56:58.0 (249307460)|ENTERING_MANAGED_PKG|tdc_tsw
15:56:58.0 (249574269)|ENTERING_MANAGED_PKG|tdc_tsw
15:56:58.0 (249999810)|ENTERING_MANAGED_PKG|tdc_tsw
15:56:58.0 (251131931)|ENTERING_MANAGED_PKG|tdc_tsw
15:56:58.0 (251900180)|ENTERING_MANAGED_PKG|tdc_tsw
15:56:58.0 (252138028)|ENTERING_MANAGED_PKG|tdc_tsw
15:56:58.0 (252547159)|ENTERING_MANAGED_PKG|tdc_tsw
15:56:58.0 (253736425)|ENTERING_MANAGED_PKG|tdc_tsw
15:56:58.0 (255230367)|ENTERING_MANAGED_PKG|tdc_tsw
15:56:58.0 (255700163)|ENTERING_MANAGED_PKG|tdc_tsw
15:56:58.0 (256579105)|ENTERING_MANAGED_PKG|tdc_tsw
15:56:58.0 (259080042)|ENTERING_MANAGED_PKG|tdc_tsw
15:56:58.0 (260230569)|ENTERING_MANAGED_PKG|tdc_tsw
15:56:58.0 (260352771)|ENTERING_MANAGED_PKG|tdc_tsw
15:56:58.0 (261392871)|SOQL_EXECUTE_BEGIN|[200]|Aggregations:0|SELECT Name, NamespacePrefix, SystemModStamp FROM StaticResource WHERE Name LIKE :tmpVar1 LIMIT 10
15:56:58.0 (266148955)|SOQL_EXECUTE_END|[200]|Rows:1
15:56:58.0 (267066561)|ENTERING_MANAGED_PKG|tdc_tsw
15:56:58.0 (267500794)|SOQL_EXECUTE_BEGIN|[200]|Aggregations:0|SELECT Name, NamespacePrefix, SystemModStamp FROM StaticResource WHERE Name LIKE :tmpVar1 LIMIT 10
15:56:58.0 (272579655)|SOQL_EXECUTE_END|[200]|Rows:1
15:56:58.0 (273376780)|ENTERING_MANAGED_PKG|tdc_tsw
15:56:58.0 (279269114)|ENTERING_MANAGED_PKG|tdc_tsw
15:56:58.0 (282494722)|ENTERING_MANAGED_PKG|tdc_tsw
15:56:58.0 (283081868)|ENTERING_MANAGED_PKG|tdc_tsw
15:56:58.0 (284438701)|ENTERING_MANAGED_PKG|tdc_tsw
15:56:58.0 (285459062)|SOQL_EXECUTE_BEGIN|[200]|Aggregations:0|SELECT Name, NamespacePrefix, SystemModStamp FROM StaticResource WHERE Name LIKE :tmpVar1 LIMIT 10
15:56:58.0 (291960135)|SOQL_EXECUTE_END|[200]|Rows:1
15:56:58.310 (310966256)|USER_INFO|[EXTERNAL]|0051H000009gxp8|chanida.dev2@solvedbysoftwareco.com|Eastern Standard Time|GMT-05:00
15:56:58.310 (312915653)|ENTERING_MANAGED_PKG|tdc_tsw
15:56:58.310 (313270129)|ENTERING_MANAGED_PKG|tdc_tsw
15:56:58.310 (317913158)|SOQL_EXECUTE_BEGIN|[355]|Aggregations:0|SELECT id, name, Disable_Incoming_SMS_Sharing__c FROM User WHERE id = :tmpVar1
15:56:58.310 (334304729)|SOQL_EXECUTE_END|[355]|Rows:1
15:56:58.310 (336149153)|SOQL_EXECUTE_BEGIN|[367]|Aggregations:0|SELECT CreatedDate,Id,LastModifiedDate,Related_Object_Id__c FROM Message__c WHERE Name = 'Incoming' AND Read__c = false ORDER BY CreatedDate Desc limit 100
15:56:58.310 (350882472)|SOQL_EXECUTE_END|[367]|Rows:100
