44.0 APEX_CODE,FINEST;APEX_PROFILING,INFO;CALLOUT,INFO;DB,INFO;NBA,INFO;SYSTEM,DEBUG;VALIDATION,INFO;VISUALFORCE,INFO;WAVE,INFO;WORKFLOW,INFO
21:43:16.0 (136280)|USER_INFO|[EXTERNAL]|0051H000009gxp8|chanida.dev2@solvedbysoftwareco.com|Eastern Standard Time|GMT-05:00
21:43:16.0 (1707399)|ENTERING_MANAGED_PKG|tdc_tsw
21:43:16.0 (2257924)|ENTERING_MANAGED_PKG|tdc_tsw
21:43:16.0 (6829317)|SOQL_EXECUTE_BEGIN|[16]|Aggregations:0|SELECT id, name, Disable_Incoming_SMS_Sharing__c FROM User WHERE id = :tmpVar1
21:43:16.0 (15018317)|SOQL_EXECUTE_END|[16]|Rows:1
21:43:16.0 (21377619)|SOQL_EXECUTE_BEGIN|[37]|Aggregations:0|SELECT CreatedDate,Created_Date__c,Id,LastModifiedDate,MessageId__c,Message_Text_New__c,Name,OwnerId,Read__c,Related_Object_Id__c,Related_Object__c,Sender_Number__c, Sender_Name__c,ToNumber__c,Attachments_Ids__c FROM Message__c WHERE Name = 'Incoming' AND Read__c = false ORDER BY CreatedDate Desc limit 100
21:43:16.0 (32901340)|SOQL_EXECUTE_END|[37]|Rows:16
21:43:16.0 (37481179)|ENTERING_MANAGED_PKG|tdc_tsw
21:43:16.0 (39546394)|ENTERING_MANAGED_PKG|tdc_tsw
21:43:16.0 (40063543)|ENTERING_MANAGED_PKG|tdc_tsw
21:43:16.0 (40866795)|ENTERING_MANAGED_PKG|tdc_tsw
21:43:16.0 (44038216)|ENTERING_MANAGED_PKG|tdc_tsw
21:43:16.0 (45380272)|ENTERING_MANAGED_PKG|tdc_tsw
21:43:16.0 (45694571)|ENTERING_MANAGED_PKG|tdc_tsw
21:43:16.0 (46200717)|ENTERING_MANAGED_PKG|tdc_tsw
21:43:16.0 (47545788)|ENTERING_MANAGED_PKG|tdc_tsw
21:43:16.0 (48459494)|ENTERING_MANAGED_PKG|tdc_tsw
21:43:16.0 (48745607)|ENTERING_MANAGED_PKG|tdc_tsw
21:43:16.0 (49228310)|ENTERING_MANAGED_PKG|tdc_tsw
21:43:16.0 (50737822)|ENTERING_MANAGED_PKG|tdc_tsw
21:43:16.0 (51471902)|ENTERING_MANAGED_PKG|tdc_tsw
21:43:16.0 (51561357)|ENTERING_MANAGED_PKG|tdc_tsw
21:43:16.0 (52249579)|SOQL_EXECUTE_BEGIN|[200]|Aggregations:0|SELECT Name, NamespacePrefix, SystemModStamp FROM StaticResource WHERE Name LIKE :tmpVar1 LIMIT 10
21:43:16.0 (55664079)|SOQL_EXECUTE_END|[200]|Rows:1
21:43:16.0 (56491009)|ENTERING_MANAGED_PKG|tdc_tsw
21:43:16.0 (56870404)|SOQL_EXECUTE_BEGIN|[200]|Aggregations:0|SELECT Name, NamespacePrefix, SystemModStamp FROM StaticResource WHERE Name LIKE :tmpVar1 LIMIT 10
21:43:16.0 (59073183)|SOQL_EXECUTE_END|[200]|Rows:1
21:43:16.0 (59463943)|ENTERING_MANAGED_PKG|tdc_tsw
21:43:16.0 (63038037)|ENTERING_MANAGED_PKG|tdc_tsw
21:43:16.0 (64571949)|ENTERING_MANAGED_PKG|tdc_tsw
21:43:16.0 (64878957)|ENTERING_MANAGED_PKG|tdc_tsw
21:43:16.0 (65748072)|ENTERING_MANAGED_PKG|tdc_tsw
21:43:16.0 (66126495)|SOQL_EXECUTE_BEGIN|[200]|Aggregations:0|SELECT Name, NamespacePrefix, SystemModStamp FROM StaticResource WHERE Name LIKE :tmpVar1 LIMIT 10
21:43:16.0 (68466413)|SOQL_EXECUTE_END|[200]|Rows:1
21:43:16.73 (73506104)|USER_INFO|[EXTERNAL]|0051H000009gxp8|chanida.dev2@solvedbysoftwareco.com|Eastern Standard Time|GMT-05:00
21:43:16.73 (74849400)|ENTERING_MANAGED_PKG|tdc_tsw
21:43:16.73 (75034663)|ENTERING_MANAGED_PKG|tdc_tsw
21:43:16.73 (77393923)|SOQL_EXECUTE_BEGIN|[355]|Aggregations:0|SELECT id, name, Disable_Incoming_SMS_Sharing__c FROM User WHERE id = :tmpVar1
21:43:16.73 (83524581)|SOQL_EXECUTE_END|[355]|Rows:1
21:43:16.73 (84504885)|SOQL_EXECUTE_BEGIN|[367]|Aggregations:0|SELECT CreatedDate,Id,LastModifiedDate,Related_Object_Id__c FROM Message__c WHERE Name = 'Incoming' AND Read__c = false ORDER BY CreatedDate Desc limit 100
21:43:16.73 (90405357)|SOQL_EXECUTE_END|[367]|Rows:16
