44.0 APEX_CODE,FINEST;APEX_PROFILING,INFO;CALLOUT,INFO;DB,INFO;NBA,INFO;SYSTEM,DEBUG;VALIDATION,INFO;VISUALFORCE,INFO;WAVE,INFO;WORKFLOW,INFO
16:27:14.0 (126833)|USER_INFO|[EXTERNAL]|0051H000009gxp8|chanida.dev2@solvedbysoftwareco.com|Eastern Standard Time|GMT-05:00
16:27:14.0 (2659750)|ENTERING_MANAGED_PKG|tdc_tsw
16:27:14.0 (3215873)|ENTERING_MANAGED_PKG|tdc_tsw
16:27:14.0 (7715306)|SOQL_EXECUTE_BEGIN|[16]|Aggregations:0|SELECT id, name, Disable_Incoming_SMS_Sharing__c FROM User WHERE id = :tmpVar1
16:27:14.0 (16944136)|SOQL_EXECUTE_END|[16]|Rows:1
16:27:14.0 (23421803)|SOQL_EXECUTE_BEGIN|[37]|Aggregations:0|SELECT CreatedDate,Created_Date__c,Id,LastModifiedDate,MessageId__c,Message_Text_New__c,Name,OwnerId,Read__c,Related_Object_Id__c,Related_Object__c,Sender_Number__c, Sender_Name__c,ToNumber__c,Attachments_Ids__c FROM Message__c WHERE Name = 'Incoming' AND Read__c = false ORDER BY CreatedDate Desc limit 100
16:27:14.0 (49843309)|SOQL_EXECUTE_END|[37]|Rows:100
16:27:14.0 (68174401)|ENTERING_MANAGED_PKG|tdc_tsw
16:27:14.0 (69932001)|ENTERING_MANAGED_PKG|tdc_tsw
16:27:14.0 (70485836)|ENTERING_MANAGED_PKG|tdc_tsw
16:27:14.0 (71202810)|ENTERING_MANAGED_PKG|tdc_tsw
16:27:14.0 (74209303)|ENTERING_MANAGED_PKG|tdc_tsw
16:27:14.0 (75029214)|ENTERING_MANAGED_PKG|tdc_tsw
16:27:14.0 (75252176)|ENTERING_MANAGED_PKG|tdc_tsw
16:27:14.0 (75678277)|ENTERING_MANAGED_PKG|tdc_tsw
16:27:14.0 (76827508)|ENTERING_MANAGED_PKG|tdc_tsw
16:27:14.0 (77609880)|ENTERING_MANAGED_PKG|tdc_tsw
16:27:14.0 (77869724)|ENTERING_MANAGED_PKG|tdc_tsw
16:27:14.0 (78278263)|ENTERING_MANAGED_PKG|tdc_tsw
16:27:14.0 (79431952)|ENTERING_MANAGED_PKG|tdc_tsw
16:27:14.0 (80231565)|ENTERING_MANAGED_PKG|tdc_tsw
16:27:14.0 (80475646)|ENTERING_MANAGED_PKG|tdc_tsw
16:27:14.0 (80899320)|ENTERING_MANAGED_PKG|tdc_tsw
16:27:14.0 (82035839)|ENTERING_MANAGED_PKG|tdc_tsw
16:27:14.0 (82845357)|ENTERING_MANAGED_PKG|tdc_tsw
16:27:14.0 (83095026)|ENTERING_MANAGED_PKG|tdc_tsw
16:27:14.0 (83517656)|ENTERING_MANAGED_PKG|tdc_tsw
16:27:14.0 (84670286)|ENTERING_MANAGED_PKG|tdc_tsw
16:27:14.0 (85768685)|ENTERING_MANAGED_PKG|tdc_tsw
16:27:14.0 (86157590)|ENTERING_MANAGED_PKG|tdc_tsw
16:27:14.0 (86583105)|ENTERING_MANAGED_PKG|tdc_tsw
16:27:14.0 (87746947)|ENTERING_MANAGED_PKG|tdc_tsw
16:27:14.0 (88524342)|ENTERING_MANAGED_PKG|tdc_tsw
16:27:14.0 (88767766)|ENTERING_MANAGED_PKG|tdc_tsw
16:27:14.0 (89182552)|ENTERING_MANAGED_PKG|tdc_tsw
16:27:14.0 (90387808)|ENTERING_MANAGED_PKG|tdc_tsw
16:27:14.0 (91170230)|ENTERING_MANAGED_PKG|tdc_tsw
16:27:14.0 (91412585)|ENTERING_MANAGED_PKG|tdc_tsw
16:27:14.0 (91831271)|ENTERING_MANAGED_PKG|tdc_tsw
16:27:14.0 (93002832)|ENTERING_MANAGED_PKG|tdc_tsw
16:27:14.0 (93767389)|ENTERING_MANAGED_PKG|tdc_tsw
16:27:14.0 (94043438)|ENTERING_MANAGED_PKG|tdc_tsw
16:27:14.0 (94458981)|ENTERING_MANAGED_PKG|tdc_tsw
16:27:14.0 (95601163)|ENTERING_MANAGED_PKG|tdc_tsw
16:27:14.0 (96398846)|ENTERING_MANAGED_PKG|tdc_tsw
16:27:14.0 (96644111)|ENTERING_MANAGED_PKG|tdc_tsw
16:27:14.0 (97109481)|ENTERING_MANAGED_PKG|tdc_tsw
16:27:14.0 (98262464)|ENTERING_MANAGED_PKG|tdc_tsw
16:27:14.0 (99018317)|ENTERING_MANAGED_PKG|tdc_tsw
16:27:14.0 (99251790)|ENTERING_MANAGED_PKG|tdc_tsw
16:27:14.0 (99777932)|ENTERING_MANAGED_PKG|tdc_tsw
16:27:14.0 (101000801)|ENTERING_MANAGED_PKG|tdc_tsw
16:27:14.0 (102045254)|ENTERING_MANAGED_PKG|tdc_tsw
16:27:14.0 (102405226)|ENTERING_MANAGED_PKG|tdc_tsw
16:27:14.0 (102891726)|ENTERING_MANAGED_PKG|tdc_tsw
16:27:14.0 (104037554)|ENTERING_MANAGED_PKG|tdc_tsw
16:27:14.0 (104815926)|ENTERING_MANAGED_PKG|tdc_tsw
16:27:14.0 (105026445)|ENTERING_MANAGED_PKG|tdc_tsw
16:27:14.0 (105440620)|ENTERING_MANAGED_PKG|tdc_tsw
16:27:14.0 (106589382)|ENTERING_MANAGED_PKG|tdc_tsw
16:27:14.0 (107371784)|ENTERING_MANAGED_PKG|tdc_tsw
16:27:14.0 (107613843)|ENTERING_MANAGED_PKG|tdc_tsw
16:27:14.0 (108039188)|ENTERING_MANAGED_PKG|tdc_tsw
16:27:14.0 (109182719)|ENTERING_MANAGED_PKG|tdc_tsw
16:27:14.0 (109961514)|ENTERING_MANAGED_PKG|tdc_tsw
16:27:14.0 (110195245)|ENTERING_MANAGED_PKG|tdc_tsw
16:27:14.0 (110610141)|ENTERING_MANAGED_PKG|tdc_tsw
16:27:14.0 (112057382)|ENTERING_MANAGED_PKG|tdc_tsw
16:27:14.0 (112840750)|ENTERING_MANAGED_PKG|tdc_tsw
16:27:14.0 (113078350)|ENTERING_MANAGED_PKG|tdc_tsw
16:27:14.0 (113479375)|ENTERING_MANAGED_PKG|tdc_tsw
16:27:14.0 (114628328)|ENTERING_MANAGED_PKG|tdc_tsw
16:27:14.0 (115389557)|ENTERING_MANAGED_PKG|tdc_tsw
16:27:14.0 (115639058)|ENTERING_MANAGED_PKG|tdc_tsw
16:27:14.0 (116058087)|ENTERING_MANAGED_PKG|tdc_tsw
16:27:14.0 (117204131)|ENTERING_MANAGED_PKG|tdc_tsw
16:27:14.0 (117961890)|ENTERING_MANAGED_PKG|tdc_tsw
16:27:14.0 (118197725)|ENTERING_MANAGED_PKG|tdc_tsw
16:27:14.0 (118594281)|ENTERING_MANAGED_PKG|tdc_tsw
16:27:14.0 (119721958)|ENTERING_MANAGED_PKG|tdc_tsw
16:27:14.0 (120489153)|ENTERING_MANAGED_PKG|tdc_tsw
16:27:14.0 (120762487)|ENTERING_MANAGED_PKG|tdc_tsw
16:27:14.0 (121183973)|ENTERING_MANAGED_PKG|tdc_tsw
16:27:14.0 (122318545)|ENTERING_MANAGED_PKG|tdc_tsw
16:27:14.0 (123092434)|ENTERING_MANAGED_PKG|tdc_tsw
16:27:14.0 (123353545)|ENTERING_MANAGED_PKG|tdc_tsw
16:27:14.0 (123769797)|ENTERING_MANAGED_PKG|tdc_tsw
16:27:14.0 (124929663)|ENTERING_MANAGED_PKG|tdc_tsw
16:27:14.0 (125746634)|ENTERING_MANAGED_PKG|tdc_tsw
16:27:14.0 (125997213)|ENTERING_MANAGED_PKG|tdc_tsw
16:27:14.0 (126427285)|ENTERING_MANAGED_PKG|tdc_tsw
16:27:14.0 (127581653)|ENTERING_MANAGED_PKG|tdc_tsw
16:27:14.0 (128366067)|ENTERING_MANAGED_PKG|tdc_tsw
16:27:14.0 (128617580)|ENTERING_MANAGED_PKG|tdc_tsw
16:27:14.0 (129032097)|ENTERING_MANAGED_PKG|tdc_tsw
16:27:14.0 (130171971)|ENTERING_MANAGED_PKG|tdc_tsw
16:27:14.0 (130953228)|ENTERING_MANAGED_PKG|tdc_tsw
16:27:14.0 (131192057)|ENTERING_MANAGED_PKG|tdc_tsw
16:27:14.0 (131599019)|ENTERING_MANAGED_PKG|tdc_tsw
16:27:14.0 (132753892)|ENTERING_MANAGED_PKG|tdc_tsw
16:27:14.0 (133500647)|ENTERING_MANAGED_PKG|tdc_tsw
16:27:14.0 (133737477)|ENTERING_MANAGED_PKG|tdc_tsw
16:27:14.0 (134152690)|ENTERING_MANAGED_PKG|tdc_tsw
16:27:14.0 (135305499)|ENTERING_MANAGED_PKG|tdc_tsw
16:27:14.0 (136051416)|ENTERING_MANAGED_PKG|tdc_tsw
16:27:14.0 (136296117)|ENTERING_MANAGED_PKG|tdc_tsw
16:27:14.0 (136704392)|ENTERING_MANAGED_PKG|tdc_tsw
16:27:14.0 (137834605)|ENTERING_MANAGED_PKG|tdc_tsw
16:27:14.0 (138578579)|ENTERING_MANAGED_PKG|tdc_tsw
16:27:14.0 (138829140)|ENTERING_MANAGED_PKG|tdc_tsw
16:27:14.0 (139229835)|ENTERING_MANAGED_PKG|tdc_tsw
16:27:14.0 (140364312)|ENTERING_MANAGED_PKG|tdc_tsw
16:27:14.0 (141139590)|ENTERING_MANAGED_PKG|tdc_tsw
16:27:14.0 (141388524)|ENTERING_MANAGED_PKG|tdc_tsw
16:27:14.0 (141797825)|ENTERING_MANAGED_PKG|tdc_tsw
16:27:14.0 (143041175)|ENTERING_MANAGED_PKG|tdc_tsw
16:27:14.0 (143874849)|ENTERING_MANAGED_PKG|tdc_tsw
16:27:14.0 (144117553)|ENTERING_MANAGED_PKG|tdc_tsw
16:27:14.0 (144526416)|ENTERING_MANAGED_PKG|tdc_tsw
16:27:14.0 (145642158)|ENTERING_MANAGED_PKG|tdc_tsw
16:27:14.0 (146401493)|ENTERING_MANAGED_PKG|tdc_tsw
16:27:14.0 (146646766)|ENTERING_MANAGED_PKG|tdc_tsw
16:27:14.0 (147061302)|ENTERING_MANAGED_PKG|tdc_tsw
16:27:14.0 (148193739)|ENTERING_MANAGED_PKG|tdc_tsw
16:27:14.0 (148960193)|ENTERING_MANAGED_PKG|tdc_tsw
16:27:14.0 (149196085)|ENTERING_MANAGED_PKG|tdc_tsw
16:27:14.0 (149611972)|ENTERING_MANAGED_PKG|tdc_tsw
16:27:14.0 (150756107)|ENTERING_MANAGED_PKG|tdc_tsw
16:27:14.0 (151516010)|ENTERING_MANAGED_PKG|tdc_tsw
16:27:14.0 (151751913)|ENTERING_MANAGED_PKG|tdc_tsw
16:27:14.0 (152324030)|ENTERING_MANAGED_PKG|tdc_tsw
16:27:14.0 (153714598)|ENTERING_MANAGED_PKG|tdc_tsw
16:27:14.0 (154553443)|ENTERING_MANAGED_PKG|tdc_tsw
16:27:14.0 (154804265)|ENTERING_MANAGED_PKG|tdc_tsw
16:27:14.0 (155219465)|ENTERING_MANAGED_PKG|tdc_tsw
16:27:14.0 (156348963)|ENTERING_MANAGED_PKG|tdc_tsw
16:27:14.0 (157127033)|ENTERING_MANAGED_PKG|tdc_tsw
16:27:14.0 (157364524)|ENTERING_MANAGED_PKG|tdc_tsw
16:27:14.0 (157785988)|ENTERING_MANAGED_PKG|tdc_tsw
16:27:14.0 (158925715)|ENTERING_MANAGED_PKG|tdc_tsw
16:27:14.0 (159689793)|ENTERING_MANAGED_PKG|tdc_tsw
16:27:14.0 (159937802)|ENTERING_MANAGED_PKG|tdc_tsw
16:27:14.0 (160346684)|ENTERING_MANAGED_PKG|tdc_tsw
16:27:14.0 (161484995)|ENTERING_MANAGED_PKG|tdc_tsw
16:27:14.0 (162412032)|ENTERING_MANAGED_PKG|tdc_tsw
16:27:14.0 (162760719)|ENTERING_MANAGED_PKG|tdc_tsw
16:27:14.0 (163186396)|ENTERING_MANAGED_PKG|tdc_tsw
16:27:14.0 (164332522)|ENTERING_MANAGED_PKG|tdc_tsw
16:27:14.0 (165107925)|ENTERING_MANAGED_PKG|tdc_tsw
16:27:14.0 (165343148)|ENTERING_MANAGED_PKG|tdc_tsw
16:27:14.0 (165753411)|ENTERING_MANAGED_PKG|tdc_tsw
16:27:14.0 (166865895)|ENTERING_MANAGED_PKG|tdc_tsw
16:27:14.0 (167663744)|ENTERING_MANAGED_PKG|tdc_tsw
16:27:14.0 (167909320)|ENTERING_MANAGED_PKG|tdc_tsw
16:27:14.0 (168323433)|ENTERING_MANAGED_PKG|tdc_tsw
16:27:14.0 (169476476)|ENTERING_MANAGED_PKG|tdc_tsw
16:27:14.0 (170233424)|ENTERING_MANAGED_PKG|tdc_tsw
16:27:14.0 (170470484)|ENTERING_MANAGED_PKG|tdc_tsw
16:27:14.0 (170885954)|ENTERING_MANAGED_PKG|tdc_tsw
16:27:14.0 (171997701)|ENTERING_MANAGED_PKG|tdc_tsw
16:27:14.0 (172806831)|ENTERING_MANAGED_PKG|tdc_tsw
16:27:14.0 (173047603)|ENTERING_MANAGED_PKG|tdc_tsw
16:27:14.0 (173463318)|ENTERING_MANAGED_PKG|tdc_tsw
16:27:14.0 (174627441)|ENTERING_MANAGED_PKG|tdc_tsw
16:27:14.0 (175486317)|ENTERING_MANAGED_PKG|tdc_tsw
16:27:14.0 (175796060)|ENTERING_MANAGED_PKG|tdc_tsw
16:27:14.0 (176220342)|ENTERING_MANAGED_PKG|tdc_tsw
16:27:14.0 (177347358)|ENTERING_MANAGED_PKG|tdc_tsw
16:27:14.0 (178108810)|ENTERING_MANAGED_PKG|tdc_tsw
16:27:14.0 (178348082)|ENTERING_MANAGED_PKG|tdc_tsw
16:27:14.0 (178768159)|ENTERING_MANAGED_PKG|tdc_tsw
16:27:14.0 (179922960)|ENTERING_MANAGED_PKG|tdc_tsw
16:27:14.0 (180673195)|ENTERING_MANAGED_PKG|tdc_tsw
16:27:14.0 (180918556)|ENTERING_MANAGED_PKG|tdc_tsw
16:27:14.0 (181392136)|ENTERING_MANAGED_PKG|tdc_tsw
16:27:14.0 (182516863)|ENTERING_MANAGED_PKG|tdc_tsw
16:27:14.0 (183266908)|ENTERING_MANAGED_PKG|tdc_tsw
16:27:14.0 (183502918)|ENTERING_MANAGED_PKG|tdc_tsw
16:27:14.0 (183910135)|ENTERING_MANAGED_PKG|tdc_tsw
16:27:14.0 (185020187)|ENTERING_MANAGED_PKG|tdc_tsw
16:27:14.0 (185775926)|ENTERING_MANAGED_PKG|tdc_tsw
16:27:14.0 (186035967)|ENTERING_MANAGED_PKG|tdc_tsw
16:27:14.0 (186439705)|ENTERING_MANAGED_PKG|tdc_tsw
16:27:14.0 (187604076)|ENTERING_MANAGED_PKG|tdc_tsw
16:27:14.0 (188354965)|ENTERING_MANAGED_PKG|tdc_tsw
16:27:14.0 (188599125)|ENTERING_MANAGED_PKG|tdc_tsw
16:27:14.0 (189080710)|ENTERING_MANAGED_PKG|tdc_tsw
16:27:14.0 (190236588)|ENTERING_MANAGED_PKG|tdc_tsw
16:27:14.0 (191020336)|ENTERING_MANAGED_PKG|tdc_tsw
16:27:14.0 (191255844)|ENTERING_MANAGED_PKG|tdc_tsw
16:27:14.0 (191652425)|ENTERING_MANAGED_PKG|tdc_tsw
16:27:14.0 (192776163)|ENTERING_MANAGED_PKG|tdc_tsw
16:27:14.0 (193546830)|ENTERING_MANAGED_PKG|tdc_tsw
16:27:14.0 (193783383)|ENTERING_MANAGED_PKG|tdc_tsw
16:27:14.0 (194196603)|ENTERING_MANAGED_PKG|tdc_tsw
16:27:14.0 (195337168)|ENTERING_MANAGED_PKG|tdc_tsw
16:27:14.0 (196087277)|ENTERING_MANAGED_PKG|tdc_tsw
16:27:14.0 (196320905)|ENTERING_MANAGED_PKG|tdc_tsw
16:27:14.0 (196724390)|ENTERING_MANAGED_PKG|tdc_tsw
16:27:14.0 (198672760)|ENTERING_MANAGED_PKG|tdc_tsw
16:27:14.0 (199445338)|ENTERING_MANAGED_PKG|tdc_tsw
16:27:14.0 (199683151)|ENTERING_MANAGED_PKG|tdc_tsw
16:27:14.0 (200105643)|ENTERING_MANAGED_PKG|tdc_tsw
16:27:14.0 (201278892)|ENTERING_MANAGED_PKG|tdc_tsw
16:27:14.0 (202064432)|ENTERING_MANAGED_PKG|tdc_tsw
16:27:14.0 (202305782)|ENTERING_MANAGED_PKG|tdc_tsw
16:27:14.0 (202732147)|ENTERING_MANAGED_PKG|tdc_tsw
16:27:14.0 (203882546)|ENTERING_MANAGED_PKG|tdc_tsw
16:27:14.0 (204636654)|ENTERING_MANAGED_PKG|tdc_tsw
16:27:14.0 (204894687)|ENTERING_MANAGED_PKG|tdc_tsw
16:27:14.0 (205309524)|ENTERING_MANAGED_PKG|tdc_tsw
16:27:14.0 (206436042)|ENTERING_MANAGED_PKG|tdc_tsw
16:27:14.0 (207182420)|ENTERING_MANAGED_PKG|tdc_tsw
16:27:14.0 (207418288)|ENTERING_MANAGED_PKG|tdc_tsw
16:27:14.0 (207852493)|ENTERING_MANAGED_PKG|tdc_tsw
16:27:14.0 (212112506)|ENTERING_MANAGED_PKG|tdc_tsw
16:27:14.0 (212899967)|ENTERING_MANAGED_PKG|tdc_tsw
16:27:14.0 (213136200)|ENTERING_MANAGED_PKG|tdc_tsw
16:27:14.0 (213540282)|ENTERING_MANAGED_PKG|tdc_tsw
16:27:14.0 (214688444)|ENTERING_MANAGED_PKG|tdc_tsw
16:27:14.0 (215515754)|ENTERING_MANAGED_PKG|tdc_tsw
16:27:14.0 (215760425)|ENTERING_MANAGED_PKG|tdc_tsw
16:27:14.0 (216177900)|ENTERING_MANAGED_PKG|tdc_tsw
16:27:14.0 (217350109)|ENTERING_MANAGED_PKG|tdc_tsw
16:27:14.0 (218157527)|ENTERING_MANAGED_PKG|tdc_tsw
16:27:14.0 (218393614)|ENTERING_MANAGED_PKG|tdc_tsw
16:27:14.0 (218817738)|ENTERING_MANAGED_PKG|tdc_tsw
16:27:14.0 (220023497)|ENTERING_MANAGED_PKG|tdc_tsw
16:27:14.0 (220953022)|ENTERING_MANAGED_PKG|tdc_tsw
16:27:14.0 (221198409)|ENTERING_MANAGED_PKG|tdc_tsw
16:27:14.0 (221863212)|ENTERING_MANAGED_PKG|tdc_tsw
16:27:14.0 (223335536)|ENTERING_MANAGED_PKG|tdc_tsw
16:27:14.0 (224112839)|ENTERING_MANAGED_PKG|tdc_tsw
16:27:14.0 (224352217)|ENTERING_MANAGED_PKG|tdc_tsw
16:27:14.0 (224763363)|ENTERING_MANAGED_PKG|tdc_tsw
16:27:14.0 (225930609)|ENTERING_MANAGED_PKG|tdc_tsw
16:27:14.0 (226689714)|ENTERING_MANAGED_PKG|tdc_tsw
16:27:14.0 (226943314)|ENTERING_MANAGED_PKG|tdc_tsw
16:27:14.0 (227355591)|ENTERING_MANAGED_PKG|tdc_tsw
16:27:14.0 (228504391)|ENTERING_MANAGED_PKG|tdc_tsw
16:27:14.0 (229271730)|ENTERING_MANAGED_PKG|tdc_tsw
16:27:14.0 (229513272)|ENTERING_MANAGED_PKG|tdc_tsw
16:27:14.0 (229980271)|ENTERING_MANAGED_PKG|tdc_tsw
16:27:14.0 (231165997)|ENTERING_MANAGED_PKG|tdc_tsw
16:27:14.0 (231947524)|ENTERING_MANAGED_PKG|tdc_tsw
16:27:14.0 (232197529)|ENTERING_MANAGED_PKG|tdc_tsw
16:27:14.0 (232653781)|ENTERING_MANAGED_PKG|tdc_tsw
16:27:14.0 (233884336)|ENTERING_MANAGED_PKG|tdc_tsw
16:27:14.0 (234623828)|ENTERING_MANAGED_PKG|tdc_tsw
16:27:14.0 (234879122)|ENTERING_MANAGED_PKG|tdc_tsw
16:27:14.0 (235275616)|ENTERING_MANAGED_PKG|tdc_tsw
16:27:14.0 (236428914)|ENTERING_MANAGED_PKG|tdc_tsw
16:27:14.0 (237514587)|ENTERING_MANAGED_PKG|tdc_tsw
16:27:14.0 (237750455)|ENTERING_MANAGED_PKG|tdc_tsw
16:27:14.0 (238167553)|ENTERING_MANAGED_PKG|tdc_tsw
16:27:14.0 (239284079)|ENTERING_MANAGED_PKG|tdc_tsw
16:27:14.0 (240043530)|ENTERING_MANAGED_PKG|tdc_tsw
16:27:14.0 (240278538)|ENTERING_MANAGED_PKG|tdc_tsw
16:27:14.0 (240741980)|ENTERING_MANAGED_PKG|tdc_tsw
16:27:14.0 (241857064)|ENTERING_MANAGED_PKG|tdc_tsw
16:27:14.0 (242617757)|ENTERING_MANAGED_PKG|tdc_tsw
16:27:14.0 (242874854)|ENTERING_MANAGED_PKG|tdc_tsw
16:27:14.0 (243286632)|ENTERING_MANAGED_PKG|tdc_tsw
16:27:14.0 (244418199)|ENTERING_MANAGED_PKG|tdc_tsw
16:27:14.0 (245237604)|ENTERING_MANAGED_PKG|tdc_tsw
16:27:14.0 (245507827)|ENTERING_MANAGED_PKG|tdc_tsw
16:27:14.0 (245985213)|ENTERING_MANAGED_PKG|tdc_tsw
16:27:14.0 (251771367)|ENTERING_MANAGED_PKG|tdc_tsw
16:27:14.0 (252552886)|ENTERING_MANAGED_PKG|tdc_tsw
16:27:14.0 (252628939)|ENTERING_MANAGED_PKG|tdc_tsw
16:27:14.0 (253279496)|SOQL_EXECUTE_BEGIN|[200]|Aggregations:0|SELECT Name, NamespacePrefix, SystemModStamp FROM StaticResource WHERE Name LIKE :tmpVar1 LIMIT 10
16:27:14.0 (256714175)|SOQL_EXECUTE_END|[200]|Rows:1
16:27:14.0 (257620045)|ENTERING_MANAGED_PKG|tdc_tsw
16:27:14.0 (258046983)|SOQL_EXECUTE_BEGIN|[200]|Aggregations:0|SELECT Name, NamespacePrefix, SystemModStamp FROM StaticResource WHERE Name LIKE :tmpVar1 LIMIT 10
16:27:14.0 (261128095)|SOQL_EXECUTE_END|[200]|Rows:1
16:27:14.0 (261790768)|ENTERING_MANAGED_PKG|tdc_tsw
16:27:14.0 (266837928)|ENTERING_MANAGED_PKG|tdc_tsw
16:27:14.0 (268573963)|ENTERING_MANAGED_PKG|tdc_tsw
16:27:14.0 (268975800)|ENTERING_MANAGED_PKG|tdc_tsw
16:27:14.0 (269930148)|ENTERING_MANAGED_PKG|tdc_tsw
16:27:14.0 (270400209)|SOQL_EXECUTE_BEGIN|[200]|Aggregations:0|SELECT Name, NamespacePrefix, SystemModStamp FROM StaticResource WHERE Name LIKE :tmpVar1 LIMIT 10
16:27:14.0 (273956594)|SOQL_EXECUTE_END|[200]|Rows:1
16:27:14.287 (287502522)|USER_INFO|[EXTERNAL]|0051H000009gxp8|chanida.dev2@solvedbysoftwareco.com|Eastern Standard Time|GMT-05:00
16:27:14.287 (289177367)|ENTERING_MANAGED_PKG|tdc_tsw
16:27:14.287 (289446342)|ENTERING_MANAGED_PKG|tdc_tsw
16:27:14.287 (292788186)|SOQL_EXECUTE_BEGIN|[355]|Aggregations:0|SELECT id, name, Disable_Incoming_SMS_Sharing__c FROM User WHERE id = :tmpVar1
16:27:14.287 (300838125)|SOQL_EXECUTE_END|[355]|Rows:1
16:27:14.287 (301970129)|SOQL_EXECUTE_BEGIN|[367]|Aggregations:0|SELECT CreatedDate,Id,LastModifiedDate,Related_Object_Id__c FROM Message__c WHERE Name = 'Incoming' AND Read__c = false ORDER BY CreatedDate Desc limit 100
16:27:14.287 (312824837)|SOQL_EXECUTE_END|[367]|Rows:100
