44.0 APEX_CODE,FINEST;APEX_PROFILING,INFO;CALLOUT,INFO;DB,INFO;NBA,INFO;SYSTEM,DEBUG;VALIDATION,INFO;VISUALFORCE,INFO;WAVE,INFO;WORKFLOW,INFO
19:31:07.0 (151895)|USER_INFO|[EXTERNAL]|0051H000009gxp8|chanida.dev2@solvedbysoftwareco.com|Eastern Standard Time|GMT-05:00
19:31:07.0 (1824403)|ENTERING_MANAGED_PKG|tdc_tsw
19:31:07.0 (2402793)|ENTERING_MANAGED_PKG|tdc_tsw
19:31:07.0 (7980858)|SOQL_EXECUTE_BEGIN|[16]|Aggregations:0|SELECT id, name, Disable_Incoming_SMS_Sharing__c FROM User WHERE id = :tmpVar1
19:31:07.0 (20139171)|SOQL_EXECUTE_END|[16]|Rows:1
19:31:07.0 (30034215)|SOQL_EXECUTE_BEGIN|[37]|Aggregations:0|SELECT CreatedDate,Created_Date__c,Id,LastModifiedDate,MessageId__c,Message_Text_New__c,Name,OwnerId,Read__c,Related_Object_Id__c,Related_Object__c,Sender_Number__c, Sender_Name__c,ToNumber__c,Attachments_Ids__c FROM Message__c WHERE Name = 'Incoming' AND Read__c = false ORDER BY CreatedDate Desc limit 100
19:31:07.0 (50914829)|SOQL_EXECUTE_END|[37]|Rows:75
19:31:07.0 (65277191)|ENTERING_MANAGED_PKG|tdc_tsw
19:31:07.0 (66949133)|ENTERING_MANAGED_PKG|tdc_tsw
19:31:07.0 (67444729)|ENTERING_MANAGED_PKG|tdc_tsw
19:31:07.0 (68119971)|ENTERING_MANAGED_PKG|tdc_tsw
19:31:07.0 (70832705)|ENTERING_MANAGED_PKG|tdc_tsw
19:31:07.0 (71619600)|ENTERING_MANAGED_PKG|tdc_tsw
19:31:07.0 (71831463)|ENTERING_MANAGED_PKG|tdc_tsw
19:31:07.0 (72227605)|ENTERING_MANAGED_PKG|tdc_tsw
19:31:07.0 (73329268)|ENTERING_MANAGED_PKG|tdc_tsw
19:31:07.0 (74098092)|ENTERING_MANAGED_PKG|tdc_tsw
19:31:07.0 (74337774)|ENTERING_MANAGED_PKG|tdc_tsw
19:31:07.0 (74792749)|ENTERING_MANAGED_PKG|tdc_tsw
19:31:07.0 (75921925)|ENTERING_MANAGED_PKG|tdc_tsw
19:31:07.0 (76683236)|ENTERING_MANAGED_PKG|tdc_tsw
19:31:07.0 (76889036)|ENTERING_MANAGED_PKG|tdc_tsw
19:31:07.0 (77286235)|ENTERING_MANAGED_PKG|tdc_tsw
19:31:07.0 (78391627)|ENTERING_MANAGED_PKG|tdc_tsw
19:31:07.0 (79150816)|ENTERING_MANAGED_PKG|tdc_tsw
19:31:07.0 (79363871)|ENTERING_MANAGED_PKG|tdc_tsw
19:31:07.0 (79769078)|ENTERING_MANAGED_PKG|tdc_tsw
19:31:07.0 (80860825)|ENTERING_MANAGED_PKG|tdc_tsw
19:31:07.0 (81621693)|ENTERING_MANAGED_PKG|tdc_tsw
19:31:07.0 (81859582)|ENTERING_MANAGED_PKG|tdc_tsw
19:31:07.0 (82519561)|ENTERING_MANAGED_PKG|tdc_tsw
19:31:07.0 (83708782)|ENTERING_MANAGED_PKG|tdc_tsw
19:31:07.0 (84492039)|ENTERING_MANAGED_PKG|tdc_tsw
19:31:07.0 (84725914)|ENTERING_MANAGED_PKG|tdc_tsw
19:31:07.0 (85224792)|ENTERING_MANAGED_PKG|tdc_tsw
19:31:07.0 (86647708)|ENTERING_MANAGED_PKG|tdc_tsw
19:31:07.0 (87501799)|ENTERING_MANAGED_PKG|tdc_tsw
19:31:07.0 (87590417)|ENTERING_MANAGED_PKG|tdc_tsw
19:31:07.0 (88378873)|SOQL_EXECUTE_BEGIN|[200]|Aggregations:0|SELECT Name, NamespacePrefix, SystemModStamp FROM StaticResource WHERE Name LIKE :tmpVar1 LIMIT 10
19:31:07.0 (91969808)|SOQL_EXECUTE_END|[200]|Rows:1
19:31:07.0 (92794620)|ENTERING_MANAGED_PKG|tdc_tsw
19:31:07.0 (93152594)|SOQL_EXECUTE_BEGIN|[200]|Aggregations:0|SELECT Name, NamespacePrefix, SystemModStamp FROM StaticResource WHERE Name LIKE :tmpVar1 LIMIT 10
19:31:07.0 (95786500)|SOQL_EXECUTE_END|[200]|Rows:1
19:31:07.0 (96189935)|ENTERING_MANAGED_PKG|tdc_tsw
19:31:07.0 (99639437)|ENTERING_MANAGED_PKG|tdc_tsw
19:31:07.0 (101170670)|ENTERING_MANAGED_PKG|tdc_tsw
19:31:07.0 (101482884)|ENTERING_MANAGED_PKG|tdc_tsw
19:31:07.0 (102315915)|ENTERING_MANAGED_PKG|tdc_tsw
19:31:07.0 (102695700)|SOQL_EXECUTE_BEGIN|[200]|Aggregations:0|SELECT Name, NamespacePrefix, SystemModStamp FROM StaticResource WHERE Name LIKE :tmpVar1 LIMIT 10
19:31:07.0 (104926504)|SOQL_EXECUTE_END|[200]|Rows:1
19:31:07.110 (110683700)|USER_INFO|[EXTERNAL]|0051H000009gxp8|chanida.dev2@solvedbysoftwareco.com|Eastern Standard Time|GMT-05:00
19:31:07.110 (112055278)|ENTERING_MANAGED_PKG|tdc_tsw
19:31:07.110 (112226502)|ENTERING_MANAGED_PKG|tdc_tsw
19:31:07.110 (114599042)|SOQL_EXECUTE_BEGIN|[355]|Aggregations:0|SELECT id, name, Disable_Incoming_SMS_Sharing__c FROM User WHERE id = :tmpVar1
19:31:07.110 (120652454)|SOQL_EXECUTE_END|[355]|Rows:1
19:31:07.110 (121629643)|SOQL_EXECUTE_BEGIN|[367]|Aggregations:0|SELECT CreatedDate,Id,LastModifiedDate,Related_Object_Id__c FROM Message__c WHERE Name = 'Incoming' AND Read__c = false ORDER BY CreatedDate Desc limit 100
19:31:07.110 (128931823)|SOQL_EXECUTE_END|[367]|Rows:75
