44.0 APEX_CODE,FINEST;APEX_PROFILING,INFO;CALLOUT,INFO;DB,INFO;NBA,INFO;SYSTEM,DEBUG;VALIDATION,INFO;VISUALFORCE,INFO;WAVE,INFO;WORKFLOW,INFO
10:57:15.0 (97899)|USER_INFO|[EXTERNAL]|0051H000009gxp8|chanida.dev2@solvedbysoftwareco.com|Eastern Standard Time|GMT-05:00
10:57:15.0 (3035877)|ENTERING_MANAGED_PKG|tdc_tsw
10:57:15.0 (3496256)|ENTERING_MANAGED_PKG|tdc_tsw
10:57:15.0 (8407057)|SOQL_EXECUTE_BEGIN|[16]|Aggregations:0|SELECT id, name, Disable_Incoming_SMS_Sharing__c FROM User WHERE id = :tmpVar1
10:57:15.0 (19797759)|SOQL_EXECUTE_END|[16]|Rows:1
10:57:15.0 (29046323)|SOQL_EXECUTE_BEGIN|[37]|Aggregations:0|SELECT CreatedDate,Created_Date__c,Id,LastModifiedDate,MessageId__c,Message_Text_New__c,Name,OwnerId,Read__c,Related_Object_Id__c,Related_Object__c,Sender_Number__c, Sender_Name__c,ToNumber__c,Attachments_Ids__c FROM Message__c WHERE Name = 'Incoming' AND Read__c = false ORDER BY CreatedDate Desc limit 100
10:57:15.0 (53276343)|SOQL_EXECUTE_END|[37]|Rows:100
10:57:15.0 (71724356)|ENTERING_MANAGED_PKG|tdc_tsw
10:57:15.0 (73966159)|ENTERING_MANAGED_PKG|tdc_tsw
10:57:15.0 (74523669)|ENTERING_MANAGED_PKG|tdc_tsw
10:57:15.0 (75223827)|ENTERING_MANAGED_PKG|tdc_tsw
10:57:15.0 (79007484)|ENTERING_MANAGED_PKG|tdc_tsw
10:57:15.0 (80222240)|ENTERING_MANAGED_PKG|tdc_tsw
10:57:15.0 (80632819)|ENTERING_MANAGED_PKG|tdc_tsw
10:57:15.0 (81404547)|ENTERING_MANAGED_PKG|tdc_tsw
10:57:15.0 (83087687)|ENTERING_MANAGED_PKG|tdc_tsw
10:57:15.0 (83909855)|ENTERING_MANAGED_PKG|tdc_tsw
10:57:15.0 (84157307)|ENTERING_MANAGED_PKG|tdc_tsw
10:57:15.0 (84619178)|ENTERING_MANAGED_PKG|tdc_tsw
10:57:15.0 (85811226)|ENTERING_MANAGED_PKG|tdc_tsw
10:57:15.0 (86710672)|ENTERING_MANAGED_PKG|tdc_tsw
10:57:15.0 (86949958)|ENTERING_MANAGED_PKG|tdc_tsw
10:57:15.0 (87366274)|ENTERING_MANAGED_PKG|tdc_tsw
10:57:15.0 (88639751)|ENTERING_MANAGED_PKG|tdc_tsw
10:57:15.0 (89420490)|ENTERING_MANAGED_PKG|tdc_tsw
10:57:15.0 (89658100)|ENTERING_MANAGED_PKG|tdc_tsw
10:57:15.0 (90086418)|ENTERING_MANAGED_PKG|tdc_tsw
10:57:15.0 (91209869)|ENTERING_MANAGED_PKG|tdc_tsw
10:57:15.0 (92368671)|ENTERING_MANAGED_PKG|tdc_tsw
10:57:15.0 (92623484)|ENTERING_MANAGED_PKG|tdc_tsw
10:57:15.0 (93063412)|ENTERING_MANAGED_PKG|tdc_tsw
10:57:15.0 (94289487)|ENTERING_MANAGED_PKG|tdc_tsw
10:57:15.0 (95150732)|ENTERING_MANAGED_PKG|tdc_tsw
10:57:15.0 (95409895)|ENTERING_MANAGED_PKG|tdc_tsw
10:57:15.0 (95979236)|ENTERING_MANAGED_PKG|tdc_tsw
10:57:15.0 (97127767)|ENTERING_MANAGED_PKG|tdc_tsw
10:57:15.0 (97988798)|ENTERING_MANAGED_PKG|tdc_tsw
10:57:15.0 (98293506)|ENTERING_MANAGED_PKG|tdc_tsw
10:57:15.0 (98833058)|ENTERING_MANAGED_PKG|tdc_tsw
10:57:15.0 (100004217)|ENTERING_MANAGED_PKG|tdc_tsw
10:57:15.0 (100898421)|ENTERING_MANAGED_PKG|tdc_tsw
10:57:15.0 (101194079)|ENTERING_MANAGED_PKG|tdc_tsw
10:57:15.0 (101689792)|ENTERING_MANAGED_PKG|tdc_tsw
10:57:15.0 (103539533)|ENTERING_MANAGED_PKG|tdc_tsw
10:57:15.0 (104325366)|ENTERING_MANAGED_PKG|tdc_tsw
10:57:15.0 (104562955)|ENTERING_MANAGED_PKG|tdc_tsw
10:57:15.0 (105019234)|ENTERING_MANAGED_PKG|tdc_tsw
10:57:15.0 (106414538)|ENTERING_MANAGED_PKG|tdc_tsw
10:57:15.0 (107288707)|ENTERING_MANAGED_PKG|tdc_tsw
10:57:15.0 (107520767)|ENTERING_MANAGED_PKG|tdc_tsw
10:57:15.0 (108084291)|ENTERING_MANAGED_PKG|tdc_tsw
10:57:15.0 (109488591)|ENTERING_MANAGED_PKG|tdc_tsw
10:57:15.0 (110333721)|ENTERING_MANAGED_PKG|tdc_tsw
10:57:15.0 (110579923)|ENTERING_MANAGED_PKG|tdc_tsw
10:57:15.0 (110984470)|ENTERING_MANAGED_PKG|tdc_tsw
10:57:15.0 (112319145)|ENTERING_MANAGED_PKG|tdc_tsw
10:57:15.0 (113198525)|ENTERING_MANAGED_PKG|tdc_tsw
10:57:15.0 (113469141)|ENTERING_MANAGED_PKG|tdc_tsw
10:57:15.0 (113943444)|ENTERING_MANAGED_PKG|tdc_tsw
10:57:15.0 (115184915)|ENTERING_MANAGED_PKG|tdc_tsw
10:57:15.0 (115948863)|ENTERING_MANAGED_PKG|tdc_tsw
10:57:15.0 (116183383)|ENTERING_MANAGED_PKG|tdc_tsw
10:57:15.0 (116586284)|ENTERING_MANAGED_PKG|tdc_tsw
10:57:15.0 (117764673)|ENTERING_MANAGED_PKG|tdc_tsw
10:57:15.0 (118681698)|ENTERING_MANAGED_PKG|tdc_tsw
10:57:15.0 (118983992)|ENTERING_MANAGED_PKG|tdc_tsw
10:57:15.0 (119439760)|ENTERING_MANAGED_PKG|tdc_tsw
10:57:15.0 (120653986)|ENTERING_MANAGED_PKG|tdc_tsw
10:57:15.0 (121473819)|ENTERING_MANAGED_PKG|tdc_tsw
10:57:15.0 (121741074)|ENTERING_MANAGED_PKG|tdc_tsw
10:57:15.0 (122140250)|ENTERING_MANAGED_PKG|tdc_tsw
10:57:15.0 (123317991)|ENTERING_MANAGED_PKG|tdc_tsw
10:57:15.0 (124087234)|ENTERING_MANAGED_PKG|tdc_tsw
10:57:15.0 (124325490)|ENTERING_MANAGED_PKG|tdc_tsw
10:57:15.0 (124736633)|ENTERING_MANAGED_PKG|tdc_tsw
10:57:15.0 (125878661)|ENTERING_MANAGED_PKG|tdc_tsw
10:57:15.0 (126722420)|ENTERING_MANAGED_PKG|tdc_tsw
10:57:15.0 (126971361)|ENTERING_MANAGED_PKG|tdc_tsw
10:57:15.0 (127398294)|ENTERING_MANAGED_PKG|tdc_tsw
10:57:15.0 (128665648)|ENTERING_MANAGED_PKG|tdc_tsw
10:57:15.0 (129585101)|ENTERING_MANAGED_PKG|tdc_tsw
10:57:15.0 (130043846)|ENTERING_MANAGED_PKG|tdc_tsw
10:57:15.0 (130549534)|ENTERING_MANAGED_PKG|tdc_tsw
10:57:15.0 (131951116)|ENTERING_MANAGED_PKG|tdc_tsw
10:57:15.0 (132837511)|ENTERING_MANAGED_PKG|tdc_tsw
10:57:15.0 (133169419)|ENTERING_MANAGED_PKG|tdc_tsw
10:57:15.0 (133586803)|ENTERING_MANAGED_PKG|tdc_tsw
10:57:15.0 (134774941)|ENTERING_MANAGED_PKG|tdc_tsw
10:57:15.0 (135678950)|ENTERING_MANAGED_PKG|tdc_tsw
10:57:15.0 (135975530)|ENTERING_MANAGED_PKG|tdc_tsw
10:57:15.0 (136488286)|ENTERING_MANAGED_PKG|tdc_tsw
10:57:15.0 (137644843)|ENTERING_MANAGED_PKG|tdc_tsw
10:57:15.0 (138498681)|ENTERING_MANAGED_PKG|tdc_tsw
10:57:15.0 (138805988)|ENTERING_MANAGED_PKG|tdc_tsw
10:57:15.0 (139261916)|ENTERING_MANAGED_PKG|tdc_tsw
10:57:15.0 (140473619)|ENTERING_MANAGED_PKG|tdc_tsw
10:57:15.0 (141419903)|ENTERING_MANAGED_PKG|tdc_tsw
10:57:15.0 (141679458)|ENTERING_MANAGED_PKG|tdc_tsw
10:57:15.0 (142097943)|ENTERING_MANAGED_PKG|tdc_tsw
10:57:15.0 (143338423)|ENTERING_MANAGED_PKG|tdc_tsw
10:57:15.0 (144159483)|ENTERING_MANAGED_PKG|tdc_tsw
10:57:15.0 (144409096)|ENTERING_MANAGED_PKG|tdc_tsw
10:57:15.0 (144826664)|ENTERING_MANAGED_PKG|tdc_tsw
10:57:15.0 (146217989)|ENTERING_MANAGED_PKG|tdc_tsw
10:57:15.0 (147112421)|ENTERING_MANAGED_PKG|tdc_tsw
10:57:15.0 (147386758)|ENTERING_MANAGED_PKG|tdc_tsw
10:57:15.0 (147788590)|ENTERING_MANAGED_PKG|tdc_tsw
10:57:15.0 (148922978)|ENTERING_MANAGED_PKG|tdc_tsw
10:57:15.0 (149738097)|ENTERING_MANAGED_PKG|tdc_tsw
10:57:15.0 (149972568)|ENTERING_MANAGED_PKG|tdc_tsw
10:57:15.0 (150398238)|ENTERING_MANAGED_PKG|tdc_tsw
10:57:15.0 (151524735)|ENTERING_MANAGED_PKG|tdc_tsw
10:57:15.0 (152268685)|ENTERING_MANAGED_PKG|tdc_tsw
10:57:15.0 (152546914)|ENTERING_MANAGED_PKG|tdc_tsw
10:57:15.0 (152941762)|ENTERING_MANAGED_PKG|tdc_tsw
10:57:15.0 (154040784)|ENTERING_MANAGED_PKG|tdc_tsw
10:57:15.0 (154812382)|ENTERING_MANAGED_PKG|tdc_tsw
10:57:15.0 (155080156)|ENTERING_MANAGED_PKG|tdc_tsw
10:57:15.0 (155523724)|ENTERING_MANAGED_PKG|tdc_tsw
10:57:15.0 (156680362)|ENTERING_MANAGED_PKG|tdc_tsw
10:57:15.0 (157451034)|ENTERING_MANAGED_PKG|tdc_tsw
10:57:15.0 (157702528)|ENTERING_MANAGED_PKG|tdc_tsw
10:57:15.0 (158118287)|ENTERING_MANAGED_PKG|tdc_tsw
10:57:15.0 (159581614)|ENTERING_MANAGED_PKG|tdc_tsw
10:57:15.0 (160502983)|ENTERING_MANAGED_PKG|tdc_tsw
10:57:15.0 (160746912)|ENTERING_MANAGED_PKG|tdc_tsw
10:57:15.0 (161180420)|ENTERING_MANAGED_PKG|tdc_tsw
10:57:15.0 (162414903)|ENTERING_MANAGED_PKG|tdc_tsw
10:57:15.0 (163265198)|ENTERING_MANAGED_PKG|tdc_tsw
10:57:15.0 (163511380)|ENTERING_MANAGED_PKG|tdc_tsw
10:57:15.0 (163923115)|ENTERING_MANAGED_PKG|tdc_tsw
10:57:15.0 (165176726)|ENTERING_MANAGED_PKG|tdc_tsw
10:57:15.0 (165946112)|ENTERING_MANAGED_PKG|tdc_tsw
10:57:15.0 (166217524)|ENTERING_MANAGED_PKG|tdc_tsw
10:57:15.0 (166622025)|ENTERING_MANAGED_PKG|tdc_tsw
10:57:15.0 (167780885)|ENTERING_MANAGED_PKG|tdc_tsw
10:57:15.0 (168520853)|ENTERING_MANAGED_PKG|tdc_tsw
10:57:15.0 (168748464)|ENTERING_MANAGED_PKG|tdc_tsw
10:57:15.0 (169136721)|ENTERING_MANAGED_PKG|tdc_tsw
10:57:15.0 (170284703)|ENTERING_MANAGED_PKG|tdc_tsw
10:57:15.0 (171035232)|ENTERING_MANAGED_PKG|tdc_tsw
10:57:15.0 (171268355)|ENTERING_MANAGED_PKG|tdc_tsw
10:57:15.0 (171693823)|ENTERING_MANAGED_PKG|tdc_tsw
10:57:15.0 (172989523)|ENTERING_MANAGED_PKG|tdc_tsw
10:57:15.0 (173740903)|ENTERING_MANAGED_PKG|tdc_tsw
10:57:15.0 (173974387)|ENTERING_MANAGED_PKG|tdc_tsw
10:57:15.0 (174393128)|ENTERING_MANAGED_PKG|tdc_tsw
10:57:15.0 (176671967)|ENTERING_MANAGED_PKG|tdc_tsw
10:57:15.0 (178237723)|ENTERING_MANAGED_PKG|tdc_tsw
10:57:15.0 (178698619)|ENTERING_MANAGED_PKG|tdc_tsw
10:57:15.0 (179547418)|ENTERING_MANAGED_PKG|tdc_tsw
10:57:15.0 (181706853)|ENTERING_MANAGED_PKG|tdc_tsw
10:57:15.0 (183154195)|ENTERING_MANAGED_PKG|tdc_tsw
10:57:15.0 (183628429)|ENTERING_MANAGED_PKG|tdc_tsw
10:57:15.0 (184435382)|ENTERING_MANAGED_PKG|tdc_tsw
10:57:15.0 (186685163)|ENTERING_MANAGED_PKG|tdc_tsw
10:57:15.0 (188198678)|ENTERING_MANAGED_PKG|tdc_tsw
10:57:15.0 (188657175)|ENTERING_MANAGED_PKG|tdc_tsw
10:57:15.0 (189503112)|ENTERING_MANAGED_PKG|tdc_tsw
10:57:15.0 (191468974)|ENTERING_MANAGED_PKG|tdc_tsw
10:57:15.0 (192878287)|ENTERING_MANAGED_PKG|tdc_tsw
10:57:15.0 (193322067)|ENTERING_MANAGED_PKG|tdc_tsw
10:57:15.0 (194133910)|ENTERING_MANAGED_PKG|tdc_tsw
10:57:15.0 (196366114)|ENTERING_MANAGED_PKG|tdc_tsw
10:57:15.0 (197857231)|ENTERING_MANAGED_PKG|tdc_tsw
10:57:15.0 (198349175)|ENTERING_MANAGED_PKG|tdc_tsw
10:57:15.0 (199174961)|ENTERING_MANAGED_PKG|tdc_tsw
10:57:15.0 (201350713)|ENTERING_MANAGED_PKG|tdc_tsw
10:57:15.0 (202748089)|ENTERING_MANAGED_PKG|tdc_tsw
10:57:15.0 (203255541)|ENTERING_MANAGED_PKG|tdc_tsw
10:57:15.0 (204064092)|ENTERING_MANAGED_PKG|tdc_tsw
10:57:15.0 (206180249)|ENTERING_MANAGED_PKG|tdc_tsw
10:57:15.0 (207693878)|ENTERING_MANAGED_PKG|tdc_tsw
10:57:15.0 (208135563)|ENTERING_MANAGED_PKG|tdc_tsw
10:57:15.0 (209112371)|ENTERING_MANAGED_PKG|tdc_tsw
10:57:15.0 (211021531)|ENTERING_MANAGED_PKG|tdc_tsw
10:57:15.0 (212485601)|ENTERING_MANAGED_PKG|tdc_tsw
10:57:15.0 (212940056)|ENTERING_MANAGED_PKG|tdc_tsw
10:57:15.0 (213727186)|ENTERING_MANAGED_PKG|tdc_tsw
10:57:15.0 (215906651)|ENTERING_MANAGED_PKG|tdc_tsw
10:57:15.0 (217755366)|ENTERING_MANAGED_PKG|tdc_tsw
10:57:15.0 (218246402)|ENTERING_MANAGED_PKG|tdc_tsw
10:57:15.0 (219075595)|ENTERING_MANAGED_PKG|tdc_tsw
10:57:15.0 (221315348)|ENTERING_MANAGED_PKG|tdc_tsw
10:57:15.0 (222789303)|ENTERING_MANAGED_PKG|tdc_tsw
10:57:15.0 (223258601)|ENTERING_MANAGED_PKG|tdc_tsw
10:57:15.0 (224812305)|ENTERING_MANAGED_PKG|tdc_tsw
10:57:15.0 (227074672)|ENTERING_MANAGED_PKG|tdc_tsw
10:57:15.0 (228525065)|ENTERING_MANAGED_PKG|tdc_tsw
10:57:15.0 (228982229)|ENTERING_MANAGED_PKG|tdc_tsw
10:57:15.0 (229849954)|ENTERING_MANAGED_PKG|tdc_tsw
10:57:15.0 (231897105)|ENTERING_MANAGED_PKG|tdc_tsw
10:57:15.0 (233413023)|ENTERING_MANAGED_PKG|tdc_tsw
10:57:15.0 (233895399)|ENTERING_MANAGED_PKG|tdc_tsw
10:57:15.0 (234726296)|ENTERING_MANAGED_PKG|tdc_tsw
10:57:15.0 (236915922)|ENTERING_MANAGED_PKG|tdc_tsw
10:57:15.0 (238404647)|ENTERING_MANAGED_PKG|tdc_tsw
10:57:15.0 (238857329)|ENTERING_MANAGED_PKG|tdc_tsw
10:57:15.0 (239677723)|ENTERING_MANAGED_PKG|tdc_tsw
10:57:15.0 (241786438)|ENTERING_MANAGED_PKG|tdc_tsw
10:57:15.0 (243247260)|ENTERING_MANAGED_PKG|tdc_tsw
10:57:15.0 (243693292)|ENTERING_MANAGED_PKG|tdc_tsw
10:57:15.0 (244504915)|ENTERING_MANAGED_PKG|tdc_tsw
10:57:15.0 (246677888)|ENTERING_MANAGED_PKG|tdc_tsw
10:57:15.0 (248140935)|ENTERING_MANAGED_PKG|tdc_tsw
10:57:15.0 (248599123)|ENTERING_MANAGED_PKG|tdc_tsw
10:57:15.0 (249445364)|ENTERING_MANAGED_PKG|tdc_tsw
10:57:15.0 (251422112)|ENTERING_MANAGED_PKG|tdc_tsw
10:57:15.0 (252965125)|ENTERING_MANAGED_PKG|tdc_tsw
10:57:15.0 (253452132)|ENTERING_MANAGED_PKG|tdc_tsw
10:57:15.0 (254311904)|ENTERING_MANAGED_PKG|tdc_tsw
10:57:15.0 (256584832)|ENTERING_MANAGED_PKG|tdc_tsw
10:57:15.0 (258104717)|ENTERING_MANAGED_PKG|tdc_tsw
10:57:15.0 (258558589)|ENTERING_MANAGED_PKG|tdc_tsw
10:57:15.0 (259417531)|ENTERING_MANAGED_PKG|tdc_tsw
10:57:15.0 (263269631)|ENTERING_MANAGED_PKG|tdc_tsw
10:57:15.0 (264636860)|ENTERING_MANAGED_PKG|tdc_tsw
10:57:15.0 (265044522)|ENTERING_MANAGED_PKG|tdc_tsw
10:57:15.0 (265787019)|ENTERING_MANAGED_PKG|tdc_tsw
10:57:15.0 (267720672)|ENTERING_MANAGED_PKG|tdc_tsw
10:57:15.0 (269023042)|ENTERING_MANAGED_PKG|tdc_tsw
10:57:15.0 (269439769)|ENTERING_MANAGED_PKG|tdc_tsw
10:57:15.0 (270166896)|ENTERING_MANAGED_PKG|tdc_tsw
10:57:15.0 (272137477)|ENTERING_MANAGED_PKG|tdc_tsw
10:57:15.0 (273650439)|ENTERING_MANAGED_PKG|tdc_tsw
10:57:15.0 (274026509)|ENTERING_MANAGED_PKG|tdc_tsw
10:57:15.0 (274778171)|ENTERING_MANAGED_PKG|tdc_tsw
10:57:15.0 (276060373)|ENTERING_MANAGED_PKG|tdc_tsw
10:57:15.0 (276910625)|ENTERING_MANAGED_PKG|tdc_tsw
10:57:15.0 (277281376)|ENTERING_MANAGED_PKG|tdc_tsw
10:57:15.0 (278009299)|ENTERING_MANAGED_PKG|tdc_tsw
10:57:15.0 (279290325)|ENTERING_MANAGED_PKG|tdc_tsw
10:57:15.0 (280315312)|ENTERING_MANAGED_PKG|tdc_tsw
10:57:15.0 (280566528)|ENTERING_MANAGED_PKG|tdc_tsw
10:57:15.0 (280963675)|ENTERING_MANAGED_PKG|tdc_tsw
10:57:15.0 (282143831)|ENTERING_MANAGED_PKG|tdc_tsw
10:57:15.0 (282972647)|ENTERING_MANAGED_PKG|tdc_tsw
10:57:15.0 (283186917)|ENTERING_MANAGED_PKG|tdc_tsw
10:57:15.0 (283601591)|ENTERING_MANAGED_PKG|tdc_tsw
10:57:15.0 (284773292)|ENTERING_MANAGED_PKG|tdc_tsw
10:57:15.0 (285586821)|ENTERING_MANAGED_PKG|tdc_tsw
10:57:15.0 (285824715)|ENTERING_MANAGED_PKG|tdc_tsw
10:57:15.0 (286287743)|ENTERING_MANAGED_PKG|tdc_tsw
10:57:15.0 (288450661)|ENTERING_MANAGED_PKG|tdc_tsw
10:57:15.0 (289278054)|ENTERING_MANAGED_PKG|tdc_tsw
10:57:15.0 (289390612)|ENTERING_MANAGED_PKG|tdc_tsw
10:57:15.0 (289999904)|SOQL_EXECUTE_BEGIN|[200]|Aggregations:0|SELECT Name, NamespacePrefix, SystemModStamp FROM StaticResource WHERE Name LIKE :tmpVar1 LIMIT 10
10:57:15.0 (293380645)|SOQL_EXECUTE_END|[200]|Rows:1
10:57:15.0 (294609758)|ENTERING_MANAGED_PKG|tdc_tsw
10:57:15.0 (295257181)|SOQL_EXECUTE_BEGIN|[200]|Aggregations:0|SELECT Name, NamespacePrefix, SystemModStamp FROM StaticResource WHERE Name LIKE :tmpVar1 LIMIT 10
10:57:15.0 (298711797)|SOQL_EXECUTE_END|[200]|Rows:1
10:57:15.0 (299203076)|ENTERING_MANAGED_PKG|tdc_tsw
10:57:15.0 (302320036)|ENTERING_MANAGED_PKG|tdc_tsw
10:57:15.0 (303579602)|ENTERING_MANAGED_PKG|tdc_tsw
10:57:15.0 (303886547)|ENTERING_MANAGED_PKG|tdc_tsw
10:57:15.0 (304823709)|ENTERING_MANAGED_PKG|tdc_tsw
10:57:15.0 (305277528)|SOQL_EXECUTE_BEGIN|[200]|Aggregations:0|SELECT Name, NamespacePrefix, SystemModStamp FROM StaticResource WHERE Name LIKE :tmpVar1 LIMIT 10
10:57:15.0 (308303197)|SOQL_EXECUTE_END|[200]|Rows:1
10:57:15.325 (325831626)|USER_INFO|[EXTERNAL]|0051H000009gxp8|chanida.dev2@solvedbysoftwareco.com|Eastern Standard Time|GMT-05:00
10:57:15.325 (327669518)|ENTERING_MANAGED_PKG|tdc_tsw
10:57:15.325 (327985766)|ENTERING_MANAGED_PKG|tdc_tsw
10:57:15.325 (332157815)|SOQL_EXECUTE_BEGIN|[355]|Aggregations:0|SELECT id, name, Disable_Incoming_SMS_Sharing__c FROM User WHERE id = :tmpVar1
10:57:15.325 (339487438)|SOQL_EXECUTE_END|[355]|Rows:1
10:57:15.325 (341339688)|SOQL_EXECUTE_BEGIN|[367]|Aggregations:0|SELECT CreatedDate,Id,LastModifiedDate,Related_Object_Id__c FROM Message__c WHERE Name = 'Incoming' AND Read__c = false ORDER BY CreatedDate Desc limit 100
10:57:15.325 (354975679)|SOQL_EXECUTE_END|[367]|Rows:100
