44.0 APEX_CODE,FINEST;APEX_PROFILING,INFO;CALLOUT,INFO;DB,INFO;NBA,INFO;SYSTEM,DEBUG;VALIDATION,INFO;VISUALFORCE,INFO;WAVE,INFO;WORKFLOW,INFO
22:19:47.0 (179059)|USER_INFO|[EXTERNAL]|0051H000009gxp8|chanida.dev2@solvedbysoftwareco.com|Eastern Standard Time|GMT-05:00
22:19:47.0 (1913079)|ENTERING_MANAGED_PKG|tdc_tsw
22:19:47.0 (2421752)|ENTERING_MANAGED_PKG|tdc_tsw
22:19:47.0 (6071571)|SOQL_EXECUTE_BEGIN|[16]|Aggregations:0|SELECT id, name, Disable_Incoming_SMS_Sharing__c FROM User WHERE id = :tmpVar1
22:19:47.0 (12892752)|SOQL_EXECUTE_END|[16]|Rows:1
22:19:47.0 (18499220)|SOQL_EXECUTE_BEGIN|[37]|Aggregations:0|SELECT CreatedDate,Created_Date__c,Id,LastModifiedDate,MessageId__c,Message_Text_New__c,Name,OwnerId,Read__c,Related_Object_Id__c,Related_Object__c,Sender_Number__c, Sender_Name__c,ToNumber__c,Attachments_Ids__c FROM Message__c WHERE Name = 'Incoming' AND Read__c = false ORDER BY CreatedDate Desc limit 100
22:19:47.0 (40216105)|SOQL_EXECUTE_END|[37]|Rows:100
22:19:47.0 (56729089)|ENTERING_MANAGED_PKG|tdc_tsw
22:19:47.0 (58956042)|ENTERING_MANAGED_PKG|tdc_tsw
22:19:47.0 (59458682)|ENTERING_MANAGED_PKG|tdc_tsw
22:19:47.0 (60202646)|ENTERING_MANAGED_PKG|tdc_tsw
22:19:47.0 (63066503)|ENTERING_MANAGED_PKG|tdc_tsw
22:19:47.0 (63854307)|ENTERING_MANAGED_PKG|tdc_tsw
22:19:47.0 (64082241)|ENTERING_MANAGED_PKG|tdc_tsw
22:19:47.0 (64469355)|ENTERING_MANAGED_PKG|tdc_tsw
22:19:47.0 (65525618)|ENTERING_MANAGED_PKG|tdc_tsw
22:19:47.0 (66285946)|ENTERING_MANAGED_PKG|tdc_tsw
22:19:47.0 (66513074)|ENTERING_MANAGED_PKG|tdc_tsw
22:19:47.0 (66913719)|ENTERING_MANAGED_PKG|tdc_tsw
22:19:47.0 (67979015)|ENTERING_MANAGED_PKG|tdc_tsw
22:19:47.0 (68737501)|ENTERING_MANAGED_PKG|tdc_tsw
22:19:47.0 (68973921)|ENTERING_MANAGED_PKG|tdc_tsw
22:19:47.0 (69361041)|ENTERING_MANAGED_PKG|tdc_tsw
22:19:47.0 (70405425)|ENTERING_MANAGED_PKG|tdc_tsw
22:19:47.0 (71144837)|ENTERING_MANAGED_PKG|tdc_tsw
22:19:47.0 (71410196)|ENTERING_MANAGED_PKG|tdc_tsw
22:19:47.0 (71845760)|ENTERING_MANAGED_PKG|tdc_tsw
22:19:47.0 (72929404)|ENTERING_MANAGED_PKG|tdc_tsw
22:19:47.0 (73657530)|ENTERING_MANAGED_PKG|tdc_tsw
22:19:47.0 (73897346)|ENTERING_MANAGED_PKG|tdc_tsw
22:19:47.0 (74284641)|ENTERING_MANAGED_PKG|tdc_tsw
22:19:47.0 (75382480)|ENTERING_MANAGED_PKG|tdc_tsw
22:19:47.0 (76115484)|ENTERING_MANAGED_PKG|tdc_tsw
22:19:47.0 (76339298)|ENTERING_MANAGED_PKG|tdc_tsw
22:19:47.0 (76730509)|ENTERING_MANAGED_PKG|tdc_tsw
22:19:47.0 (77783730)|ENTERING_MANAGED_PKG|tdc_tsw
22:19:47.0 (78511158)|ENTERING_MANAGED_PKG|tdc_tsw
22:19:47.0 (78736774)|ENTERING_MANAGED_PKG|tdc_tsw
22:19:47.0 (79148797)|ENTERING_MANAGED_PKG|tdc_tsw
22:19:47.0 (80249821)|ENTERING_MANAGED_PKG|tdc_tsw
22:19:47.0 (81010362)|ENTERING_MANAGED_PKG|tdc_tsw
22:19:47.0 (81235401)|ENTERING_MANAGED_PKG|tdc_tsw
22:19:47.0 (81624485)|ENTERING_MANAGED_PKG|tdc_tsw
22:19:47.0 (82674965)|ENTERING_MANAGED_PKG|tdc_tsw
22:19:47.0 (83407426)|ENTERING_MANAGED_PKG|tdc_tsw
22:19:47.0 (83632162)|ENTERING_MANAGED_PKG|tdc_tsw
22:19:47.0 (84039095)|ENTERING_MANAGED_PKG|tdc_tsw
22:19:47.0 (85162433)|ENTERING_MANAGED_PKG|tdc_tsw
22:19:47.0 (85901052)|ENTERING_MANAGED_PKG|tdc_tsw
22:19:47.0 (86126088)|ENTERING_MANAGED_PKG|tdc_tsw
22:19:47.0 (86511925)|ENTERING_MANAGED_PKG|tdc_tsw
22:19:47.0 (87586909)|ENTERING_MANAGED_PKG|tdc_tsw
22:19:47.0 (88668393)|ENTERING_MANAGED_PKG|tdc_tsw
22:19:47.0 (88901402)|ENTERING_MANAGED_PKG|tdc_tsw
22:19:47.0 (89309885)|ENTERING_MANAGED_PKG|tdc_tsw
22:19:47.0 (90444830)|ENTERING_MANAGED_PKG|tdc_tsw
22:19:47.0 (91206853)|ENTERING_MANAGED_PKG|tdc_tsw
22:19:47.0 (91431469)|ENTERING_MANAGED_PKG|tdc_tsw
22:19:47.0 (91859397)|ENTERING_MANAGED_PKG|tdc_tsw
22:19:47.0 (92927798)|ENTERING_MANAGED_PKG|tdc_tsw
22:19:47.0 (93726651)|ENTERING_MANAGED_PKG|tdc_tsw
22:19:47.0 (93969017)|ENTERING_MANAGED_PKG|tdc_tsw
22:19:47.0 (94362848)|ENTERING_MANAGED_PKG|tdc_tsw
22:19:47.0 (95436465)|ENTERING_MANAGED_PKG|tdc_tsw
22:19:47.0 (96177808)|ENTERING_MANAGED_PKG|tdc_tsw
22:19:47.0 (96403054)|ENTERING_MANAGED_PKG|tdc_tsw
22:19:47.0 (96798336)|ENTERING_MANAGED_PKG|tdc_tsw
22:19:47.0 (97862869)|ENTERING_MANAGED_PKG|tdc_tsw
22:19:47.0 (98620015)|ENTERING_MANAGED_PKG|tdc_tsw
22:19:47.0 (98857808)|ENTERING_MANAGED_PKG|tdc_tsw
22:19:47.0 (99238807)|ENTERING_MANAGED_PKG|tdc_tsw
22:19:47.0 (100292128)|ENTERING_MANAGED_PKG|tdc_tsw
22:19:47.0 (101034951)|ENTERING_MANAGED_PKG|tdc_tsw
22:19:47.0 (101266486)|ENTERING_MANAGED_PKG|tdc_tsw
22:19:47.0 (101651402)|ENTERING_MANAGED_PKG|tdc_tsw
22:19:47.0 (102717065)|ENTERING_MANAGED_PKG|tdc_tsw
22:19:47.0 (103463036)|ENTERING_MANAGED_PKG|tdc_tsw
22:19:47.0 (103690259)|ENTERING_MANAGED_PKG|tdc_tsw
22:19:47.0 (104079910)|ENTERING_MANAGED_PKG|tdc_tsw
22:19:47.0 (105124634)|ENTERING_MANAGED_PKG|tdc_tsw
22:19:47.0 (105879790)|ENTERING_MANAGED_PKG|tdc_tsw
22:19:47.0 (106103310)|ENTERING_MANAGED_PKG|tdc_tsw
22:19:47.0 (106528271)|ENTERING_MANAGED_PKG|tdc_tsw
22:19:47.0 (107609293)|ENTERING_MANAGED_PKG|tdc_tsw
22:19:47.0 (108352765)|ENTERING_MANAGED_PKG|tdc_tsw
22:19:47.0 (108598770)|ENTERING_MANAGED_PKG|tdc_tsw
22:19:47.0 (109011455)|ENTERING_MANAGED_PKG|tdc_tsw
22:19:47.0 (110078465)|ENTERING_MANAGED_PKG|tdc_tsw
22:19:47.0 (110880810)|ENTERING_MANAGED_PKG|tdc_tsw
22:19:47.0 (111106214)|ENTERING_MANAGED_PKG|tdc_tsw
22:19:47.0 (111513183)|ENTERING_MANAGED_PKG|tdc_tsw
22:19:47.0 (112591235)|ENTERING_MANAGED_PKG|tdc_tsw
22:19:47.0 (113331439)|ENTERING_MANAGED_PKG|tdc_tsw
22:19:47.0 (113562603)|ENTERING_MANAGED_PKG|tdc_tsw
22:19:47.0 (113950169)|ENTERING_MANAGED_PKG|tdc_tsw
22:19:47.0 (115023501)|ENTERING_MANAGED_PKG|tdc_tsw
22:19:47.0 (115754643)|ENTERING_MANAGED_PKG|tdc_tsw
22:19:47.0 (115986007)|ENTERING_MANAGED_PKG|tdc_tsw
22:19:47.0 (116391808)|ENTERING_MANAGED_PKG|tdc_tsw
22:19:47.0 (117480163)|ENTERING_MANAGED_PKG|tdc_tsw
22:19:47.0 (118240290)|ENTERING_MANAGED_PKG|tdc_tsw
22:19:47.0 (118472528)|ENTERING_MANAGED_PKG|tdc_tsw
22:19:47.0 (118861982)|ENTERING_MANAGED_PKG|tdc_tsw
22:19:47.0 (119916848)|ENTERING_MANAGED_PKG|tdc_tsw
22:19:47.0 (120643993)|ENTERING_MANAGED_PKG|tdc_tsw
22:19:47.0 (120882579)|ENTERING_MANAGED_PKG|tdc_tsw
22:19:47.0 (121275737)|ENTERING_MANAGED_PKG|tdc_tsw
22:19:47.0 (122414013)|ENTERING_MANAGED_PKG|tdc_tsw
22:19:47.0 (123211956)|ENTERING_MANAGED_PKG|tdc_tsw
22:19:47.0 (123437456)|ENTERING_MANAGED_PKG|tdc_tsw
22:19:47.0 (123837037)|ENTERING_MANAGED_PKG|tdc_tsw
22:19:47.0 (124893385)|ENTERING_MANAGED_PKG|tdc_tsw
22:19:47.0 (125625577)|ENTERING_MANAGED_PKG|tdc_tsw
22:19:47.0 (125863413)|ENTERING_MANAGED_PKG|tdc_tsw
22:19:47.0 (126253872)|ENTERING_MANAGED_PKG|tdc_tsw
22:19:47.0 (127329912)|ENTERING_MANAGED_PKG|tdc_tsw
22:19:47.0 (128110366)|ENTERING_MANAGED_PKG|tdc_tsw
22:19:47.0 (128389011)|ENTERING_MANAGED_PKG|tdc_tsw
22:19:47.0 (128805355)|ENTERING_MANAGED_PKG|tdc_tsw
22:19:47.0 (129863060)|ENTERING_MANAGED_PKG|tdc_tsw
22:19:47.0 (130595461)|ENTERING_MANAGED_PKG|tdc_tsw
22:19:47.0 (130829801)|ENTERING_MANAGED_PKG|tdc_tsw
22:19:47.0 (131216103)|ENTERING_MANAGED_PKG|tdc_tsw
22:19:47.0 (132292572)|ENTERING_MANAGED_PKG|tdc_tsw
22:19:47.0 (133023711)|ENTERING_MANAGED_PKG|tdc_tsw
22:19:47.0 (133227050)|ENTERING_MANAGED_PKG|tdc_tsw
22:19:47.0 (133632628)|ENTERING_MANAGED_PKG|tdc_tsw
22:19:47.0 (134757628)|ENTERING_MANAGED_PKG|tdc_tsw
22:19:47.0 (135554543)|ENTERING_MANAGED_PKG|tdc_tsw
22:19:47.0 (135787856)|ENTERING_MANAGED_PKG|tdc_tsw
22:19:47.0 (136175869)|ENTERING_MANAGED_PKG|tdc_tsw
22:19:47.0 (137249144)|ENTERING_MANAGED_PKG|tdc_tsw
22:19:47.0 (137986164)|ENTERING_MANAGED_PKG|tdc_tsw
22:19:47.0 (138185612)|ENTERING_MANAGED_PKG|tdc_tsw
22:19:47.0 (138570780)|ENTERING_MANAGED_PKG|tdc_tsw
22:19:47.0 (139619245)|ENTERING_MANAGED_PKG|tdc_tsw
22:19:47.0 (140358973)|ENTERING_MANAGED_PKG|tdc_tsw
22:19:47.0 (140585318)|ENTERING_MANAGED_PKG|tdc_tsw
22:19:47.0 (141298919)|ENTERING_MANAGED_PKG|tdc_tsw
22:19:47.0 (142456881)|ENTERING_MANAGED_PKG|tdc_tsw
22:19:47.0 (143214855)|ENTERING_MANAGED_PKG|tdc_tsw
22:19:47.0 (143440538)|ENTERING_MANAGED_PKG|tdc_tsw
22:19:47.0 (143966686)|ENTERING_MANAGED_PKG|tdc_tsw
22:19:47.0 (145353352)|ENTERING_MANAGED_PKG|tdc_tsw
22:19:47.0 (146155225)|ENTERING_MANAGED_PKG|tdc_tsw
22:19:47.0 (146249109)|ENTERING_MANAGED_PKG|tdc_tsw
22:19:47.0 (146901551)|SOQL_EXECUTE_BEGIN|[200]|Aggregations:0|SELECT Name, NamespacePrefix, SystemModStamp FROM StaticResource WHERE Name LIKE :tmpVar1 LIMIT 10
22:19:47.0 (150368555)|SOQL_EXECUTE_END|[200]|Rows:1
22:19:47.0 (151300706)|ENTERING_MANAGED_PKG|tdc_tsw
22:19:47.0 (151696583)|SOQL_EXECUTE_BEGIN|[200]|Aggregations:0|SELECT Name, NamespacePrefix, SystemModStamp FROM StaticResource WHERE Name LIKE :tmpVar1 LIMIT 10
22:19:47.0 (153957380)|SOQL_EXECUTE_END|[200]|Rows:1
22:19:47.0 (154403212)|ENTERING_MANAGED_PKG|tdc_tsw
22:19:47.0 (158171508)|ENTERING_MANAGED_PKG|tdc_tsw
22:19:47.0 (159775058)|ENTERING_MANAGED_PKG|tdc_tsw
22:19:47.0 (160118055)|ENTERING_MANAGED_PKG|tdc_tsw
22:19:47.0 (161092312)|ENTERING_MANAGED_PKG|tdc_tsw
22:19:47.0 (161541784)|SOQL_EXECUTE_BEGIN|[200]|Aggregations:0|SELECT Name, NamespacePrefix, SystemModStamp FROM StaticResource WHERE Name LIKE :tmpVar1 LIMIT 10
22:19:47.0 (164217355)|SOQL_EXECUTE_END|[200]|Rows:1
22:19:47.191 (191989833)|USER_INFO|[EXTERNAL]|0051H000009gxp8|chanida.dev2@solvedbysoftwareco.com|Eastern Standard Time|GMT-05:00
22:19:47.191 (193829346)|ENTERING_MANAGED_PKG|tdc_tsw
22:19:47.191 (194071152)|ENTERING_MANAGED_PKG|tdc_tsw
22:19:47.191 (196697646)|SOQL_EXECUTE_BEGIN|[355]|Aggregations:0|SELECT id, name, Disable_Incoming_SMS_Sharing__c FROM User WHERE id = :tmpVar1
22:19:47.191 (202722487)|SOQL_EXECUTE_END|[355]|Rows:1
22:19:47.191 (203900752)|SOQL_EXECUTE_BEGIN|[367]|Aggregations:0|SELECT CreatedDate,Id,LastModifiedDate,Related_Object_Id__c FROM Message__c WHERE Name = 'Incoming' AND Read__c = false ORDER BY CreatedDate Desc limit 100
22:19:47.191 (212078289)|SOQL_EXECUTE_END|[367]|Rows:100
