44.0 APEX_CODE,FINEST;APEX_PROFILING,INFO;CALLOUT,INFO;DB,INFO;NBA,INFO;SYSTEM,DEBUG;VALIDATION,INFO;VISUALFORCE,INFO;WAVE,INFO;WORKFLOW,INFO
22:55:07.0 (181030)|USER_INFO|[EXTERNAL]|0051H000009gxp8|chanida.dev2@solvedbysoftwareco.com|Eastern Standard Time|GMT-05:00
22:55:07.0 (2019153)|ENTERING_MANAGED_PKG|tdc_tsw
22:55:07.0 (2556076)|ENTERING_MANAGED_PKG|tdc_tsw
22:55:07.0 (6575665)|SOQL_EXECUTE_BEGIN|[16]|Aggregations:0|SELECT id, name, Disable_Incoming_SMS_Sharing__c FROM User WHERE id = :tmpVar1
22:55:07.0 (13887469)|SOQL_EXECUTE_END|[16]|Rows:1
22:55:07.0 (19649442)|SOQL_EXECUTE_BEGIN|[37]|Aggregations:0|SELECT CreatedDate,Created_Date__c,Id,LastModifiedDate,MessageId__c,Message_Text_New__c,Name,OwnerId,Read__c,Related_Object_Id__c,Related_Object__c,Sender_Number__c, Sender_Name__c,ToNumber__c,Attachments_Ids__c FROM Message__c WHERE Name = 'Incoming' AND Read__c = false ORDER BY CreatedDate Desc limit 100
22:55:07.0 (37586289)|SOQL_EXECUTE_END|[37]|Rows:100
22:55:07.0 (55009773)|ENTERING_MANAGED_PKG|tdc_tsw
22:55:07.0 (56957977)|ENTERING_MANAGED_PKG|tdc_tsw
22:55:07.0 (57498117)|ENTERING_MANAGED_PKG|tdc_tsw
22:55:07.0 (58188183)|ENTERING_MANAGED_PKG|tdc_tsw
22:55:07.0 (61150427)|ENTERING_MANAGED_PKG|tdc_tsw
22:55:07.0 (62013377)|ENTERING_MANAGED_PKG|tdc_tsw
22:55:07.0 (62255948)|ENTERING_MANAGED_PKG|tdc_tsw
22:55:07.0 (62673366)|ENTERING_MANAGED_PKG|tdc_tsw
22:55:07.0 (63787585)|ENTERING_MANAGED_PKG|tdc_tsw
22:55:07.0 (64551218)|ENTERING_MANAGED_PKG|tdc_tsw
22:55:07.0 (64781668)|ENTERING_MANAGED_PKG|tdc_tsw
22:55:07.0 (65180145)|ENTERING_MANAGED_PKG|tdc_tsw
22:55:07.0 (66282427)|ENTERING_MANAGED_PKG|tdc_tsw
22:55:07.0 (67057163)|ENTERING_MANAGED_PKG|tdc_tsw
22:55:07.0 (67297683)|ENTERING_MANAGED_PKG|tdc_tsw
22:55:07.0 (67701622)|ENTERING_MANAGED_PKG|tdc_tsw
22:55:07.0 (68793392)|ENTERING_MANAGED_PKG|tdc_tsw
22:55:07.0 (69557203)|ENTERING_MANAGED_PKG|tdc_tsw
22:55:07.0 (69790321)|ENTERING_MANAGED_PKG|tdc_tsw
22:55:07.0 (70188197)|ENTERING_MANAGED_PKG|tdc_tsw
22:55:07.0 (71276096)|ENTERING_MANAGED_PKG|tdc_tsw
22:55:07.0 (72047389)|ENTERING_MANAGED_PKG|tdc_tsw
22:55:07.0 (72279035)|ENTERING_MANAGED_PKG|tdc_tsw
22:55:07.0 (72689100)|ENTERING_MANAGED_PKG|tdc_tsw
22:55:07.0 (73779819)|ENTERING_MANAGED_PKG|tdc_tsw
22:55:07.0 (74539071)|ENTERING_MANAGED_PKG|tdc_tsw
22:55:07.0 (74768981)|ENTERING_MANAGED_PKG|tdc_tsw
22:55:07.0 (75169286)|ENTERING_MANAGED_PKG|tdc_tsw
22:55:07.0 (76284466)|ENTERING_MANAGED_PKG|tdc_tsw
22:55:07.0 (77098620)|ENTERING_MANAGED_PKG|tdc_tsw
22:55:07.0 (77337630)|ENTERING_MANAGED_PKG|tdc_tsw
22:55:07.0 (77739226)|ENTERING_MANAGED_PKG|tdc_tsw
22:55:07.0 (78828587)|ENTERING_MANAGED_PKG|tdc_tsw
22:55:07.0 (79586390)|ENTERING_MANAGED_PKG|tdc_tsw
22:55:07.0 (79816538)|ENTERING_MANAGED_PKG|tdc_tsw
22:55:07.0 (80215680)|ENTERING_MANAGED_PKG|tdc_tsw
22:55:07.0 (81306102)|ENTERING_MANAGED_PKG|tdc_tsw
22:55:07.0 (82068938)|ENTERING_MANAGED_PKG|tdc_tsw
22:55:07.0 (82302346)|ENTERING_MANAGED_PKG|tdc_tsw
22:55:07.0 (82723785)|ENTERING_MANAGED_PKG|tdc_tsw
22:55:07.0 (83853598)|ENTERING_MANAGED_PKG|tdc_tsw
22:55:07.0 (84700905)|ENTERING_MANAGED_PKG|tdc_tsw
22:55:07.0 (84934817)|ENTERING_MANAGED_PKG|tdc_tsw
22:55:07.0 (85339982)|ENTERING_MANAGED_PKG|tdc_tsw
22:55:07.0 (86432648)|ENTERING_MANAGED_PKG|tdc_tsw
22:55:07.0 (87185215)|ENTERING_MANAGED_PKG|tdc_tsw
22:55:07.0 (87444543)|ENTERING_MANAGED_PKG|tdc_tsw
22:55:07.0 (87845811)|ENTERING_MANAGED_PKG|tdc_tsw
22:55:07.0 (88946002)|ENTERING_MANAGED_PKG|tdc_tsw
22:55:07.0 (89709982)|ENTERING_MANAGED_PKG|tdc_tsw
22:55:07.0 (89943825)|ENTERING_MANAGED_PKG|tdc_tsw
22:55:07.0 (90347910)|ENTERING_MANAGED_PKG|tdc_tsw
22:55:07.0 (91495528)|ENTERING_MANAGED_PKG|tdc_tsw
22:55:07.0 (92254899)|ENTERING_MANAGED_PKG|tdc_tsw
22:55:07.0 (92496293)|ENTERING_MANAGED_PKG|tdc_tsw
22:55:07.0 (92941188)|ENTERING_MANAGED_PKG|tdc_tsw
22:55:07.0 (94066645)|ENTERING_MANAGED_PKG|tdc_tsw
22:55:07.0 (94844476)|ENTERING_MANAGED_PKG|tdc_tsw
22:55:07.0 (95075883)|ENTERING_MANAGED_PKG|tdc_tsw
22:55:07.0 (95484648)|ENTERING_MANAGED_PKG|tdc_tsw
22:55:07.0 (96588827)|ENTERING_MANAGED_PKG|tdc_tsw
22:55:07.0 (97348256)|ENTERING_MANAGED_PKG|tdc_tsw
22:55:07.0 (97638634)|ENTERING_MANAGED_PKG|tdc_tsw
22:55:07.0 (98071912)|ENTERING_MANAGED_PKG|tdc_tsw
22:55:07.0 (99174923)|ENTERING_MANAGED_PKG|tdc_tsw
22:55:07.0 (99936469)|ENTERING_MANAGED_PKG|tdc_tsw
22:55:07.0 (100168227)|ENTERING_MANAGED_PKG|tdc_tsw
22:55:07.0 (100578778)|ENTERING_MANAGED_PKG|tdc_tsw
22:55:07.0 (101666804)|ENTERING_MANAGED_PKG|tdc_tsw
22:55:07.0 (102435178)|ENTERING_MANAGED_PKG|tdc_tsw
22:55:07.0 (102666125)|ENTERING_MANAGED_PKG|tdc_tsw
22:55:07.0 (103392238)|ENTERING_MANAGED_PKG|tdc_tsw
22:55:07.0 (104483438)|ENTERING_MANAGED_PKG|tdc_tsw
22:55:07.0 (105237978)|ENTERING_MANAGED_PKG|tdc_tsw
22:55:07.0 (105478623)|ENTERING_MANAGED_PKG|tdc_tsw
22:55:07.0 (105877466)|ENTERING_MANAGED_PKG|tdc_tsw
22:55:07.0 (106973056)|ENTERING_MANAGED_PKG|tdc_tsw
22:55:07.0 (107735524)|ENTERING_MANAGED_PKG|tdc_tsw
22:55:07.0 (107965718)|ENTERING_MANAGED_PKG|tdc_tsw
22:55:07.0 (108370303)|ENTERING_MANAGED_PKG|tdc_tsw
22:55:07.0 (109462140)|ENTERING_MANAGED_PKG|tdc_tsw
22:55:07.0 (110245890)|ENTERING_MANAGED_PKG|tdc_tsw
22:55:07.0 (110490535)|ENTERING_MANAGED_PKG|tdc_tsw
22:55:07.0 (110890524)|ENTERING_MANAGED_PKG|tdc_tsw
22:55:07.0 (111991743)|ENTERING_MANAGED_PKG|tdc_tsw
22:55:07.0 (112752054)|ENTERING_MANAGED_PKG|tdc_tsw
22:55:07.0 (112984752)|ENTERING_MANAGED_PKG|tdc_tsw
22:55:07.0 (113414994)|ENTERING_MANAGED_PKG|tdc_tsw
22:55:07.0 (114505212)|ENTERING_MANAGED_PKG|tdc_tsw
22:55:07.0 (115272914)|ENTERING_MANAGED_PKG|tdc_tsw
22:55:07.0 (115513199)|ENTERING_MANAGED_PKG|tdc_tsw
22:55:07.0 (116008157)|ENTERING_MANAGED_PKG|tdc_tsw
22:55:07.0 (117296997)|ENTERING_MANAGED_PKG|tdc_tsw
22:55:07.0 (118058485)|ENTERING_MANAGED_PKG|tdc_tsw
22:55:07.0 (118288680)|ENTERING_MANAGED_PKG|tdc_tsw
22:55:07.0 (118697297)|ENTERING_MANAGED_PKG|tdc_tsw
22:55:07.0 (119790460)|ENTERING_MANAGED_PKG|tdc_tsw
22:55:07.0 (120613274)|ENTERING_MANAGED_PKG|tdc_tsw
22:55:07.0 (120848299)|ENTERING_MANAGED_PKG|tdc_tsw
22:55:07.0 (121248794)|ENTERING_MANAGED_PKG|tdc_tsw
22:55:07.0 (122345796)|ENTERING_MANAGED_PKG|tdc_tsw
22:55:07.0 (123109806)|ENTERING_MANAGED_PKG|tdc_tsw
22:55:07.0 (123348636)|ENTERING_MANAGED_PKG|tdc_tsw
22:55:07.0 (123750792)|ENTERING_MANAGED_PKG|tdc_tsw
22:55:07.0 (124856827)|ENTERING_MANAGED_PKG|tdc_tsw
22:55:07.0 (125620082)|ENTERING_MANAGED_PKG|tdc_tsw
22:55:07.0 (125853098)|ENTERING_MANAGED_PKG|tdc_tsw
22:55:07.0 (126355135)|ENTERING_MANAGED_PKG|tdc_tsw
22:55:07.0 (127487962)|ENTERING_MANAGED_PKG|tdc_tsw
22:55:07.0 (128255178)|ENTERING_MANAGED_PKG|tdc_tsw
22:55:07.0 (128495846)|ENTERING_MANAGED_PKG|tdc_tsw
22:55:07.0 (128896678)|ENTERING_MANAGED_PKG|tdc_tsw
22:55:07.0 (129993938)|ENTERING_MANAGED_PKG|tdc_tsw
22:55:07.0 (130758843)|ENTERING_MANAGED_PKG|tdc_tsw
22:55:07.0 (130989900)|ENTERING_MANAGED_PKG|tdc_tsw
22:55:07.0 (131395886)|ENTERING_MANAGED_PKG|tdc_tsw
22:55:07.0 (132482315)|ENTERING_MANAGED_PKG|tdc_tsw
22:55:07.0 (133239207)|ENTERING_MANAGED_PKG|tdc_tsw
22:55:07.0 (133483215)|ENTERING_MANAGED_PKG|tdc_tsw
22:55:07.0 (133882799)|ENTERING_MANAGED_PKG|tdc_tsw
22:55:07.0 (134974542)|ENTERING_MANAGED_PKG|tdc_tsw
22:55:07.0 (135733344)|ENTERING_MANAGED_PKG|tdc_tsw
22:55:07.0 (135964408)|ENTERING_MANAGED_PKG|tdc_tsw
22:55:07.0 (136370244)|ENTERING_MANAGED_PKG|tdc_tsw
22:55:07.0 (137462423)|ENTERING_MANAGED_PKG|tdc_tsw
22:55:07.0 (138220904)|ENTERING_MANAGED_PKG|tdc_tsw
22:55:07.0 (138459878)|ENTERING_MANAGED_PKG|tdc_tsw
22:55:07.0 (138861244)|ENTERING_MANAGED_PKG|tdc_tsw
22:55:07.0 (139951855)|ENTERING_MANAGED_PKG|tdc_tsw
22:55:07.0 (140710445)|ENTERING_MANAGED_PKG|tdc_tsw
22:55:07.0 (140942177)|ENTERING_MANAGED_PKG|tdc_tsw
22:55:07.0 (141345601)|ENTERING_MANAGED_PKG|tdc_tsw
22:55:07.0 (142435412)|ENTERING_MANAGED_PKG|tdc_tsw
22:55:07.0 (143187947)|ENTERING_MANAGED_PKG|tdc_tsw
22:55:07.0 (143428994)|ENTERING_MANAGED_PKG|tdc_tsw
22:55:07.0 (143830069)|ENTERING_MANAGED_PKG|tdc_tsw
22:55:07.0 (144920619)|ENTERING_MANAGED_PKG|tdc_tsw
22:55:07.0 (145679226)|ENTERING_MANAGED_PKG|tdc_tsw
22:55:07.0 (145913256)|ENTERING_MANAGED_PKG|tdc_tsw
22:55:07.0 (146311930)|ENTERING_MANAGED_PKG|tdc_tsw
22:55:07.0 (147430936)|ENTERING_MANAGED_PKG|tdc_tsw
22:55:07.0 (148183395)|ENTERING_MANAGED_PKG|tdc_tsw
22:55:07.0 (148427662)|ENTERING_MANAGED_PKG|tdc_tsw
22:55:07.0 (148826896)|ENTERING_MANAGED_PKG|tdc_tsw
22:55:07.0 (149915112)|ENTERING_MANAGED_PKG|tdc_tsw
22:55:07.0 (150674933)|ENTERING_MANAGED_PKG|tdc_tsw
22:55:07.0 (150913800)|ENTERING_MANAGED_PKG|tdc_tsw
22:55:07.0 (151313849)|ENTERING_MANAGED_PKG|tdc_tsw
22:55:07.0 (152407032)|ENTERING_MANAGED_PKG|tdc_tsw
22:55:07.0 (153197554)|ENTERING_MANAGED_PKG|tdc_tsw
22:55:07.0 (153415999)|ENTERING_MANAGED_PKG|tdc_tsw
22:55:07.0 (153815477)|ENTERING_MANAGED_PKG|tdc_tsw
22:55:07.0 (154901313)|ENTERING_MANAGED_PKG|tdc_tsw
22:55:07.0 (155673374)|ENTERING_MANAGED_PKG|tdc_tsw
22:55:07.0 (155906281)|ENTERING_MANAGED_PKG|tdc_tsw
22:55:07.0 (156305354)|ENTERING_MANAGED_PKG|tdc_tsw
22:55:07.0 (157399971)|ENTERING_MANAGED_PKG|tdc_tsw
22:55:07.0 (158158180)|ENTERING_MANAGED_PKG|tdc_tsw
22:55:07.0 (158370161)|ENTERING_MANAGED_PKG|tdc_tsw
22:55:07.0 (158769693)|ENTERING_MANAGED_PKG|tdc_tsw
22:55:07.0 (160709819)|ENTERING_MANAGED_PKG|tdc_tsw
22:55:07.0 (161544586)|ENTERING_MANAGED_PKG|tdc_tsw
22:55:07.0 (161624107)|ENTERING_MANAGED_PKG|tdc_tsw
22:55:07.0 (162319576)|SOQL_EXECUTE_BEGIN|[200]|Aggregations:0|SELECT Name, NamespacePrefix, SystemModStamp FROM StaticResource WHERE Name LIKE :tmpVar1 LIMIT 10
22:55:07.0 (165744891)|SOQL_EXECUTE_END|[200]|Rows:1
22:55:07.0 (166666539)|ENTERING_MANAGED_PKG|tdc_tsw
22:55:07.0 (167078749)|SOQL_EXECUTE_BEGIN|[200]|Aggregations:0|SELECT Name, NamespacePrefix, SystemModStamp FROM StaticResource WHERE Name LIKE :tmpVar1 LIMIT 10
22:55:07.0 (169435731)|SOQL_EXECUTE_END|[200]|Rows:1
22:55:07.0 (169830454)|ENTERING_MANAGED_PKG|tdc_tsw
22:55:07.0 (173593544)|ENTERING_MANAGED_PKG|tdc_tsw
22:55:07.0 (175125463)|ENTERING_MANAGED_PKG|tdc_tsw
22:55:07.0 (175437081)|ENTERING_MANAGED_PKG|tdc_tsw
22:55:07.0 (176303906)|ENTERING_MANAGED_PKG|tdc_tsw
22:55:07.0 (176734385)|SOQL_EXECUTE_BEGIN|[200]|Aggregations:0|SELECT Name, NamespacePrefix, SystemModStamp FROM StaticResource WHERE Name LIKE :tmpVar1 LIMIT 10
22:55:07.0 (179368037)|SOQL_EXECUTE_END|[200]|Rows:1
22:55:07.221 (221198023)|USER_INFO|[EXTERNAL]|0051H000009gxp8|chanida.dev2@solvedbysoftwareco.com|Eastern Standard Time|GMT-05:00
22:55:07.221 (223013963)|ENTERING_MANAGED_PKG|tdc_tsw
22:55:07.221 (223316382)|ENTERING_MANAGED_PKG|tdc_tsw
22:55:07.221 (226791159)|SOQL_EXECUTE_BEGIN|[355]|Aggregations:0|SELECT id, name, Disable_Incoming_SMS_Sharing__c FROM User WHERE id = :tmpVar1
22:55:07.221 (234151908)|SOQL_EXECUTE_END|[355]|Rows:1
22:55:07.221 (235194125)|SOQL_EXECUTE_BEGIN|[367]|Aggregations:0|SELECT CreatedDate,Id,LastModifiedDate,Related_Object_Id__c FROM Message__c WHERE Name = 'Incoming' AND Read__c = false ORDER BY CreatedDate Desc limit 100
22:55:07.221 (243364622)|SOQL_EXECUTE_END|[367]|Rows:100
