44.0 APEX_CODE,FINEST;APEX_PROFILING,INFO;CALLOUT,INFO;DB,INFO;NBA,INFO;SYSTEM,DEBUG;VALIDATION,INFO;VISUALFORCE,INFO;WAVE,INFO;WORKFLOW,INFO
19:54:32.0 (110029)|USER_INFO|[EXTERNAL]|0051H000009gxp8|chanida.dev2@solvedbysoftwareco.com|Eastern Standard Time|GMT-05:00
19:54:32.0 (2029975)|ENTERING_MANAGED_PKG|tdc_tsw
19:54:32.0 (2420544)|ENTERING_MANAGED_PKG|tdc_tsw
19:54:32.0 (5940895)|SOQL_EXECUTE_BEGIN|[16]|Aggregations:0|SELECT id, name, Disable_Incoming_SMS_Sharing__c FROM User WHERE id = :tmpVar1
19:54:32.0 (13058334)|SOQL_EXECUTE_END|[16]|Rows:1
19:54:32.0 (18286145)|SOQL_EXECUTE_BEGIN|[37]|Aggregations:0|SELECT CreatedDate,Created_Date__c,Id,LastModifiedDate,MessageId__c,Message_Text_New__c,Name,OwnerId,Read__c,Related_Object_Id__c,Related_Object__c,Sender_Number__c, Sender_Name__c,ToNumber__c,Attachments_Ids__c FROM Message__c WHERE Name = 'Incoming' AND Read__c = false ORDER BY CreatedDate Desc limit 100
19:54:32.0 (33851964)|SOQL_EXECUTE_END|[37]|Rows:84
19:54:32.0 (47845751)|ENTERING_MANAGED_PKG|tdc_tsw
19:54:32.0 (49636829)|ENTERING_MANAGED_PKG|tdc_tsw
19:54:32.0 (50138872)|ENTERING_MANAGED_PKG|tdc_tsw
19:54:32.0 (50857396)|ENTERING_MANAGED_PKG|tdc_tsw
19:54:32.0 (53734981)|ENTERING_MANAGED_PKG|tdc_tsw
19:54:32.0 (54529846)|ENTERING_MANAGED_PKG|tdc_tsw
19:54:32.0 (54766372)|ENTERING_MANAGED_PKG|tdc_tsw
19:54:32.0 (55168289)|ENTERING_MANAGED_PKG|tdc_tsw
19:54:32.0 (56283534)|ENTERING_MANAGED_PKG|tdc_tsw
19:54:32.0 (57062417)|ENTERING_MANAGED_PKG|tdc_tsw
19:54:32.0 (57303880)|ENTERING_MANAGED_PKG|tdc_tsw
19:54:32.0 (57700813)|ENTERING_MANAGED_PKG|tdc_tsw
19:54:32.0 (58768764)|ENTERING_MANAGED_PKG|tdc_tsw
19:54:32.0 (59561229)|ENTERING_MANAGED_PKG|tdc_tsw
19:54:32.0 (59838421)|ENTERING_MANAGED_PKG|tdc_tsw
19:54:32.0 (60222789)|ENTERING_MANAGED_PKG|tdc_tsw
19:54:32.0 (61335244)|ENTERING_MANAGED_PKG|tdc_tsw
19:54:32.0 (62097364)|ENTERING_MANAGED_PKG|tdc_tsw
19:54:32.0 (62303147)|ENTERING_MANAGED_PKG|tdc_tsw
19:54:32.0 (62749312)|ENTERING_MANAGED_PKG|tdc_tsw
19:54:32.0 (67835546)|ENTERING_MANAGED_PKG|tdc_tsw
19:54:32.0 (68816406)|ENTERING_MANAGED_PKG|tdc_tsw
19:54:32.0 (69050320)|ENTERING_MANAGED_PKG|tdc_tsw
19:54:32.0 (69448568)|ENTERING_MANAGED_PKG|tdc_tsw
19:54:32.0 (70604320)|ENTERING_MANAGED_PKG|tdc_tsw
19:54:32.0 (71361864)|ENTERING_MANAGED_PKG|tdc_tsw
19:54:32.0 (71573692)|ENTERING_MANAGED_PKG|tdc_tsw
19:54:32.0 (71962171)|ENTERING_MANAGED_PKG|tdc_tsw
19:54:32.0 (73104000)|ENTERING_MANAGED_PKG|tdc_tsw
19:54:32.0 (73922121)|ENTERING_MANAGED_PKG|tdc_tsw
19:54:32.0 (74124182)|ENTERING_MANAGED_PKG|tdc_tsw
19:54:32.0 (74510340)|ENTERING_MANAGED_PKG|tdc_tsw
19:54:32.0 (75576362)|ENTERING_MANAGED_PKG|tdc_tsw
19:54:32.0 (76413561)|ENTERING_MANAGED_PKG|tdc_tsw
19:54:32.0 (76648661)|ENTERING_MANAGED_PKG|tdc_tsw
19:54:32.0 (77310876)|ENTERING_MANAGED_PKG|tdc_tsw
19:54:32.0 (78483411)|ENTERING_MANAGED_PKG|tdc_tsw
19:54:32.0 (79303668)|ENTERING_MANAGED_PKG|tdc_tsw
19:54:32.0 (79538344)|ENTERING_MANAGED_PKG|tdc_tsw
19:54:32.0 (80059783)|ENTERING_MANAGED_PKG|tdc_tsw
19:54:32.0 (81435059)|ENTERING_MANAGED_PKG|tdc_tsw
19:54:32.0 (82427334)|ENTERING_MANAGED_PKG|tdc_tsw
19:54:32.0 (82513398)|ENTERING_MANAGED_PKG|tdc_tsw
19:54:32.0 (83101929)|SOQL_EXECUTE_BEGIN|[200]|Aggregations:0|SELECT Name, NamespacePrefix, SystemModStamp FROM StaticResource WHERE Name LIKE :tmpVar1 LIMIT 10
19:54:32.0 (86613509)|SOQL_EXECUTE_END|[200]|Rows:1
19:54:32.0 (87526573)|ENTERING_MANAGED_PKG|tdc_tsw
19:54:32.0 (87869926)|SOQL_EXECUTE_BEGIN|[200]|Aggregations:0|SELECT Name, NamespacePrefix, SystemModStamp FROM StaticResource WHERE Name LIKE :tmpVar1 LIMIT 10
19:54:32.0 (89994514)|SOQL_EXECUTE_END|[200]|Rows:1
19:54:32.0 (90379370)|ENTERING_MANAGED_PKG|tdc_tsw
19:54:32.0 (93764381)|ENTERING_MANAGED_PKG|tdc_tsw
19:54:32.0 (95330120)|ENTERING_MANAGED_PKG|tdc_tsw
19:54:32.0 (95702757)|ENTERING_MANAGED_PKG|tdc_tsw
19:54:32.0 (96950236)|ENTERING_MANAGED_PKG|tdc_tsw
19:54:32.0 (97601969)|SOQL_EXECUTE_BEGIN|[200]|Aggregations:0|SELECT Name, NamespacePrefix, SystemModStamp FROM StaticResource WHERE Name LIKE :tmpVar1 LIMIT 10
19:54:32.0 (101065181)|SOQL_EXECUTE_END|[200]|Rows:1
19:54:32.106 (106829323)|USER_INFO|[EXTERNAL]|0051H000009gxp8|chanida.dev2@solvedbysoftwareco.com|Eastern Standard Time|GMT-05:00
19:54:32.106 (108266950)|ENTERING_MANAGED_PKG|tdc_tsw
19:54:32.106 (108492391)|ENTERING_MANAGED_PKG|tdc_tsw
19:54:32.106 (110955326)|SOQL_EXECUTE_BEGIN|[355]|Aggregations:0|SELECT id, name, Disable_Incoming_SMS_Sharing__c FROM User WHERE id = :tmpVar1
19:54:32.106 (116316282)|SOQL_EXECUTE_END|[355]|Rows:1
19:54:32.106 (117322203)|SOQL_EXECUTE_BEGIN|[367]|Aggregations:0|SELECT CreatedDate,Id,LastModifiedDate,Related_Object_Id__c FROM Message__c WHERE Name = 'Incoming' AND Read__c = false ORDER BY CreatedDate Desc limit 100
19:54:32.106 (124617198)|SOQL_EXECUTE_END|[367]|Rows:84
