44.0 APEX_CODE,FINEST;APEX_PROFILING,INFO;CALLOUT,INFO;DB,INFO;NBA,INFO;SYSTEM,DEBUG;VALIDATION,INFO;VISUALFORCE,INFO;WAVE,INFO;WORKFLOW,INFO
22:17:56.0 (377072)|USER_INFO|[EXTERNAL]|0051H000009gxp8|chanida.dev2@solvedbysoftwareco.com|Eastern Standard Time|GMT-05:00
22:17:56.0 (3561822)|ENTERING_MANAGED_PKG|tdc_tsw
22:17:56.0 (3784058)|ENTERING_MANAGED_PKG|tdc_tsw
22:17:56.0 (4584543)|ENTERING_MANAGED_PKG|tdc_tsw
22:17:56.0 (4645620)|ENTERING_MANAGED_PKG|tdc_tsw
22:17:56.0 (5948010)|ENTERING_MANAGED_PKG|tdc_tsw
22:17:56.0 (7056049)|ENTERING_MANAGED_PKG|tdc_tsw
22:17:56.0 (8738960)|ENTERING_MANAGED_PKG|tdc_tsw
22:17:56.0 (8855324)|ENTERING_MANAGED_PKG|tdc_tsw
22:17:56.0 (10289294)|ENTERING_MANAGED_PKG|tdc_tsw
22:17:56.0 (17085542)|SOQL_EXECUTE_BEGIN|[82]|Aggregations:0|SELECT CreatedDate, Id,Task_Created__c,Event_Created__c,isCaseCreated__c,Task_Id__c,Event_Id__c,Case__c, Important__c, Delivered__c, Message_Text_New__c, Name, Owner.Name, Read__c,MessageId__c, ToNumber__c, Related_Object_Id__c, Related_Object__c, Sender_Number__c, LastModifiedDate, Attachments_Ids__c FROM Message__c WHERE Contact__c =: recordId ORDER BY CreatedDate Desc limit 200
22:17:56.0 (30027877)|SOQL_EXECUTE_END|[82]|Rows:2
22:17:56.0 (31842981)|ENTERING_MANAGED_PKG|tdc_tsw
22:17:56.0 (32128898)|ENTERING_MANAGED_PKG|tdc_tsw
22:17:56.0 (32219269)|ENTERING_MANAGED_PKG|tdc_tsw
22:17:56.0 (32969983)|SOQL_EXECUTE_BEGIN|[200]|Aggregations:0|SELECT Name, NamespacePrefix, SystemModStamp FROM StaticResource WHERE Name LIKE :tmpVar1 LIMIT 10
22:17:56.0 (35881510)|SOQL_EXECUTE_END|[200]|Rows:1
22:17:56.0 (38270745)|ENTERING_MANAGED_PKG|tdc_tsw
22:17:56.0 (40194776)|ENTERING_MANAGED_PKG|tdc_tsw
22:17:56.0 (40246520)|ENTERING_MANAGED_PKG|tdc_tsw
22:17:56.0 (42302993)|ENTERING_MANAGED_PKG|tdc_tsw
22:17:56.0 (43086976)|ENTERING_MANAGED_PKG|tdc_tsw
22:17:56.0 (48269802)|SOQL_EXECUTE_BEGIN|[172]|Aggregations:0|SELECT id, name FROM ChatTranscript__c WHERE (Chat_Active__c = TRUE AND (Related_Object_Id__c = :tmpVar1 OR Related_Object_Id__c = :tmpVar2)) LIMIT 1
22:17:56.0 (51892805)|SOQL_EXECUTE_END|[172]|Rows:0
22:17:56.0 (52357104)|ENTERING_MANAGED_PKG|tdc_tsw
22:17:56.0 (52401752)|ENTERING_MANAGED_PKG|tdc_tsw
