44.0 APEX_CODE,FINEST;APEX_PROFILING,INFO;CALLOUT,INFO;DB,INFO;NBA,INFO;SYSTEM,DEBUG;VALIDATION,INFO;VISUALFORCE,INFO;WAVE,INFO;WORKFLOW,INFO
18:32:07.0 (667190)|USER_INFO|[EXTERNAL]|0051H000009gxp8|chanida.dev2@solvedbysoftwareco.com|Eastern Standard Time|GMT-05:00
18:32:07.0 (3274432)|ENTERING_MANAGED_PKG|tdc_tsw
18:32:07.0 (3752616)|ENTERING_MANAGED_PKG|tdc_tsw
18:32:07.0 (9349608)|SOQL_EXECUTE_BEGIN|[16]|Aggregations:0|SELECT id, name, Disable_Incoming_SMS_Sharing__c FROM User WHERE id = :tmpVar1
18:32:07.0 (17855170)|SOQL_EXECUTE_END|[16]|Rows:1
18:32:07.0 (27923111)|SOQL_EXECUTE_BEGIN|[37]|Aggregations:0|SELECT CreatedDate,Created_Date__c,Id,LastModifiedDate,MessageId__c,Message_Text_New__c,Name,OwnerId,Read__c,Related_Object_Id__c,Related_Object__c,Sender_Number__c, Sender_Name__c,ToNumber__c,Attachments_Ids__c FROM Message__c WHERE Name = 'Incoming' AND Read__c = false ORDER BY CreatedDate Desc limit 100
18:32:07.0 (44239937)|SOQL_EXECUTE_END|[37]|Rows:75
18:32:07.0 (56972791)|ENTERING_MANAGED_PKG|tdc_tsw
18:32:07.0 (58842022)|ENTERING_MANAGED_PKG|tdc_tsw
18:32:07.0 (59385526)|ENTERING_MANAGED_PKG|tdc_tsw
18:32:07.0 (60066222)|ENTERING_MANAGED_PKG|tdc_tsw
18:32:07.0 (62588660)|ENTERING_MANAGED_PKG|tdc_tsw
18:32:07.0 (63360069)|ENTERING_MANAGED_PKG|tdc_tsw
18:32:07.0 (63569343)|ENTERING_MANAGED_PKG|tdc_tsw
18:32:07.0 (63948877)|ENTERING_MANAGED_PKG|tdc_tsw
18:32:07.0 (64984125)|ENTERING_MANAGED_PKG|tdc_tsw
18:32:07.0 (65730287)|ENTERING_MANAGED_PKG|tdc_tsw
18:32:07.0 (65952615)|ENTERING_MANAGED_PKG|tdc_tsw
18:32:07.0 (66337350)|ENTERING_MANAGED_PKG|tdc_tsw
18:32:07.0 (67368744)|ENTERING_MANAGED_PKG|tdc_tsw
18:32:07.0 (68104543)|ENTERING_MANAGED_PKG|tdc_tsw
18:32:07.0 (68302289)|ENTERING_MANAGED_PKG|tdc_tsw
18:32:07.0 (68672682)|ENTERING_MANAGED_PKG|tdc_tsw
18:32:07.0 (69714921)|ENTERING_MANAGED_PKG|tdc_tsw
18:32:07.0 (70452746)|ENTERING_MANAGED_PKG|tdc_tsw
18:32:07.0 (70649434)|ENTERING_MANAGED_PKG|tdc_tsw
18:32:07.0 (71024128)|ENTERING_MANAGED_PKG|tdc_tsw
18:32:07.0 (72058411)|ENTERING_MANAGED_PKG|tdc_tsw
18:32:07.0 (72782117)|ENTERING_MANAGED_PKG|tdc_tsw
18:32:07.0 (73002083)|ENTERING_MANAGED_PKG|tdc_tsw
18:32:07.0 (73628797)|ENTERING_MANAGED_PKG|tdc_tsw
18:32:07.0 (74751193)|ENTERING_MANAGED_PKG|tdc_tsw
18:32:07.0 (75493245)|ENTERING_MANAGED_PKG|tdc_tsw
18:32:07.0 (75714652)|ENTERING_MANAGED_PKG|tdc_tsw
18:32:07.0 (76183211)|ENTERING_MANAGED_PKG|tdc_tsw
18:32:07.0 (78119927)|ENTERING_MANAGED_PKG|tdc_tsw
18:32:07.0 (78769511)|ENTERING_MANAGED_PKG|tdc_tsw
18:32:07.0 (78847595)|ENTERING_MANAGED_PKG|tdc_tsw
18:32:07.0 (79482944)|SOQL_EXECUTE_BEGIN|[200]|Aggregations:0|SELECT Name, NamespacePrefix, SystemModStamp FROM StaticResource WHERE Name LIKE :tmpVar1 LIMIT 10
18:32:07.0 (83451443)|SOQL_EXECUTE_END|[200]|Rows:1
18:32:07.0 (84413844)|ENTERING_MANAGED_PKG|tdc_tsw
18:32:07.0 (84830933)|SOQL_EXECUTE_BEGIN|[200]|Aggregations:0|SELECT Name, NamespacePrefix, SystemModStamp FROM StaticResource WHERE Name LIKE :tmpVar1 LIMIT 10
18:32:07.0 (87729922)|SOQL_EXECUTE_END|[200]|Rows:1
18:32:07.0 (88191610)|ENTERING_MANAGED_PKG|tdc_tsw
18:32:07.0 (92656996)|ENTERING_MANAGED_PKG|tdc_tsw
18:32:07.0 (94471864)|ENTERING_MANAGED_PKG|tdc_tsw
18:32:07.0 (94905690)|ENTERING_MANAGED_PKG|tdc_tsw
18:32:07.0 (97627942)|ENTERING_MANAGED_PKG|tdc_tsw
18:32:07.0 (98203659)|SOQL_EXECUTE_BEGIN|[200]|Aggregations:0|SELECT Name, NamespacePrefix, SystemModStamp FROM StaticResource WHERE Name LIKE :tmpVar1 LIMIT 10
18:32:07.0 (101941951)|SOQL_EXECUTE_END|[200]|Rows:1
18:32:07.125 (125454262)|USER_INFO|[EXTERNAL]|0051H000009gxp8|chanida.dev2@solvedbysoftwareco.com|Eastern Standard Time|GMT-05:00
18:32:07.125 (127681814)|ENTERING_MANAGED_PKG|tdc_tsw
18:32:07.125 (127936344)|ENTERING_MANAGED_PKG|tdc_tsw
18:32:07.125 (130561639)|SOQL_EXECUTE_BEGIN|[355]|Aggregations:0|SELECT id, name, Disable_Incoming_SMS_Sharing__c FROM User WHERE id = :tmpVar1
18:32:07.125 (138810934)|SOQL_EXECUTE_END|[355]|Rows:1
18:32:07.125 (140150883)|SOQL_EXECUTE_BEGIN|[367]|Aggregations:0|SELECT CreatedDate,Id,LastModifiedDate,Related_Object_Id__c FROM Message__c WHERE Name = 'Incoming' AND Read__c = false ORDER BY CreatedDate Desc limit 100
18:32:07.125 (149489347)|SOQL_EXECUTE_END|[367]|Rows:75
