44.0 APEX_CODE,FINEST;APEX_PROFILING,INFO;CALLOUT,INFO;DB,INFO;NBA,INFO;SYSTEM,DEBUG;VALIDATION,INFO;VISUALFORCE,INFO;WAVE,INFO;WORKFLOW,INFO
18:46:38.0 (118858)|USER_INFO|[EXTERNAL]|0051H000009gxp8|chanida.dev2@solvedbysoftwareco.com|Eastern Standard Time|GMT-05:00
18:46:38.0 (1717703)|ENTERING_MANAGED_PKG|tdc_tsw
18:46:38.0 (2152784)|ENTERING_MANAGED_PKG|tdc_tsw
18:46:38.0 (5940519)|SOQL_EXECUTE_BEGIN|[16]|Aggregations:0|SELECT id, name, Disable_Incoming_SMS_Sharing__c FROM User WHERE id = :tmpVar1
18:46:38.0 (12582867)|SOQL_EXECUTE_END|[16]|Rows:1
18:46:38.0 (17839680)|SOQL_EXECUTE_BEGIN|[37]|Aggregations:0|SELECT CreatedDate,Created_Date__c,Id,LastModifiedDate,MessageId__c,Message_Text_New__c,Name,OwnerId,Read__c,Related_Object_Id__c,Related_Object__c,Sender_Number__c, Sender_Name__c,ToNumber__c,Attachments_Ids__c FROM Message__c WHERE Name = 'Incoming' AND Read__c = false ORDER BY CreatedDate Desc limit 100
18:46:38.0 (30906576)|SOQL_EXECUTE_END|[37]|Rows:75
18:46:38.0 (43266887)|ENTERING_MANAGED_PKG|tdc_tsw
18:46:38.0 (45059088)|ENTERING_MANAGED_PKG|tdc_tsw
18:46:38.0 (45594423)|ENTERING_MANAGED_PKG|tdc_tsw
18:46:38.0 (46294644)|ENTERING_MANAGED_PKG|tdc_tsw
18:46:38.0 (49100303)|ENTERING_MANAGED_PKG|tdc_tsw
18:46:38.0 (49875034)|ENTERING_MANAGED_PKG|tdc_tsw
18:46:38.0 (50081304)|ENTERING_MANAGED_PKG|tdc_tsw
18:46:38.0 (50461775)|ENTERING_MANAGED_PKG|tdc_tsw
18:46:38.0 (51502763)|ENTERING_MANAGED_PKG|tdc_tsw
18:46:38.0 (52258499)|ENTERING_MANAGED_PKG|tdc_tsw
18:46:38.0 (52488755)|ENTERING_MANAGED_PKG|tdc_tsw
18:46:38.0 (52874430)|ENTERING_MANAGED_PKG|tdc_tsw
18:46:38.0 (53916613)|ENTERING_MANAGED_PKG|tdc_tsw
18:46:38.0 (54651337)|ENTERING_MANAGED_PKG|tdc_tsw
18:46:38.0 (54856963)|ENTERING_MANAGED_PKG|tdc_tsw
18:46:38.0 (55231824)|ENTERING_MANAGED_PKG|tdc_tsw
18:46:38.0 (56261463)|ENTERING_MANAGED_PKG|tdc_tsw
18:46:38.0 (56995871)|ENTERING_MANAGED_PKG|tdc_tsw
18:46:38.0 (57192045)|ENTERING_MANAGED_PKG|tdc_tsw
18:46:38.0 (57566617)|ENTERING_MANAGED_PKG|tdc_tsw
18:46:38.0 (58593402)|ENTERING_MANAGED_PKG|tdc_tsw
18:46:38.0 (59319714)|ENTERING_MANAGED_PKG|tdc_tsw
18:46:38.0 (59541033)|ENTERING_MANAGED_PKG|tdc_tsw
18:46:38.0 (60183273)|ENTERING_MANAGED_PKG|tdc_tsw
18:46:38.0 (61304972)|ENTERING_MANAGED_PKG|tdc_tsw
18:46:38.0 (62035002)|ENTERING_MANAGED_PKG|tdc_tsw
18:46:38.0 (62256514)|ENTERING_MANAGED_PKG|tdc_tsw
18:46:38.0 (62724610)|ENTERING_MANAGED_PKG|tdc_tsw
18:46:38.0 (64090080)|ENTERING_MANAGED_PKG|tdc_tsw
18:46:38.0 (64910671)|ENTERING_MANAGED_PKG|tdc_tsw
18:46:38.0 (64988241)|ENTERING_MANAGED_PKG|tdc_tsw
18:46:38.0 (65563027)|SOQL_EXECUTE_BEGIN|[200]|Aggregations:0|SELECT Name, NamespacePrefix, SystemModStamp FROM StaticResource WHERE Name LIKE :tmpVar1 LIMIT 10
18:46:38.0 (68990533)|SOQL_EXECUTE_END|[200]|Rows:1
18:46:38.0 (69846368)|ENTERING_MANAGED_PKG|tdc_tsw
18:46:38.0 (70196724)|SOQL_EXECUTE_BEGIN|[200]|Aggregations:0|SELECT Name, NamespacePrefix, SystemModStamp FROM StaticResource WHERE Name LIKE :tmpVar1 LIMIT 10
18:46:38.0 (72305903)|SOQL_EXECUTE_END|[200]|Rows:1
18:46:38.0 (72679918)|ENTERING_MANAGED_PKG|tdc_tsw
18:46:38.0 (75902692)|ENTERING_MANAGED_PKG|tdc_tsw
18:46:38.0 (77317972)|ENTERING_MANAGED_PKG|tdc_tsw
18:46:38.0 (77614482)|ENTERING_MANAGED_PKG|tdc_tsw
18:46:38.0 (78439069)|ENTERING_MANAGED_PKG|tdc_tsw
18:46:38.0 (78815642)|SOQL_EXECUTE_BEGIN|[200]|Aggregations:0|SELECT Name, NamespacePrefix, SystemModStamp FROM StaticResource WHERE Name LIKE :tmpVar1 LIMIT 10
18:46:38.0 (81098931)|SOQL_EXECUTE_END|[200]|Rows:1
18:46:38.107 (107532898)|USER_INFO|[EXTERNAL]|0051H000009gxp8|chanida.dev2@solvedbysoftwareco.com|Eastern Standard Time|GMT-05:00
18:46:38.107 (108936265)|ENTERING_MANAGED_PKG|tdc_tsw
18:46:38.107 (109190473)|ENTERING_MANAGED_PKG|tdc_tsw
18:46:38.107 (111881480)|SOQL_EXECUTE_BEGIN|[355]|Aggregations:0|SELECT id, name, Disable_Incoming_SMS_Sharing__c FROM User WHERE id = :tmpVar1
18:46:38.107 (117794511)|SOQL_EXECUTE_END|[355]|Rows:1
18:46:38.107 (118716395)|SOQL_EXECUTE_BEGIN|[367]|Aggregations:0|SELECT CreatedDate,Id,LastModifiedDate,Related_Object_Id__c FROM Message__c WHERE Name = 'Incoming' AND Read__c = false ORDER BY CreatedDate Desc limit 100
18:46:38.107 (125412710)|SOQL_EXECUTE_END|[367]|Rows:75
