43.0 APEX_CODE,FINEST;APEX_PROFILING,INFO;CALLOUT,INFO;DB,INFO;NBA,INFO;SYSTEM,DEBUG;VALIDATION,INFO;VISUALFORCE,INFO;WAVE,INFO;WORKFLOW,INFO
19:39:17.63 (63248352)|ENTERING_MANAGED_PKG|tdc_tsw
19:39:17.63 (72177299)|ENTERING_MANAGED_PKG|tdc_tsw
19:39:17.63 (72281591)|ENTERING_MANAGED_PKG|tdc_tsw
19:39:17.63 (72358325)|ENTERING_MANAGED_PKG|tdc_tsw
19:39:17.63 (72429478)|ENTERING_MANAGED_PKG|tdc_tsw
19:39:17.63 (72517069)|ENTERING_MANAGED_PKG|tdc_tsw
19:39:17.63 (72633999)|ENTERING_MANAGED_PKG|tdc_tsw
19:39:17.63 (72722246)|ENTERING_MANAGED_PKG|tdc_tsw
19:39:17.63 (72790446)|ENTERING_MANAGED_PKG|tdc_tsw
19:39:17.63 (72826983)|ENTERING_MANAGED_PKG|tdc_tsw
19:39:17.63 (72858653)|ENTERING_MANAGED_PKG|tdc_tsw
19:39:17.63 (72900395)|ENTERING_MANAGED_PKG|tdc_tsw
19:39:17.63 (72942519)|ENTERING_MANAGED_PKG|tdc_tsw
19:39:17.63 (72992929)|ENTERING_MANAGED_PKG|tdc_tsw
19:39:17.63 (73043685)|ENTERING_MANAGED_PKG|tdc_tsw
19:39:17.63 (73115074)|ENTERING_MANAGED_PKG|tdc_tsw
19:39:17.63 (73227307)|ENTERING_MANAGED_PKG|tdc_tsw
19:39:17.63 (73414411)|ENTERING_MANAGED_PKG|tdc_tsw
19:39:17.63 (73503172)|ENTERING_MANAGED_PKG|tdc_tsw
19:39:17.63 (73534345)|ENTERING_MANAGED_PKG|tdc_tsw
19:39:17.63 (73673837)|ENTERING_MANAGED_PKG|tdc_tsw
19:39:17.63 (73756900)|ENTERING_MANAGED_PKG|tdc_tsw
19:39:17.63 (73842220)|ENTERING_MANAGED_PKG|tdc_tsw
19:39:17.63 (73921348)|ENTERING_MANAGED_PKG|tdc_tsw
19:39:17.63 (73952648)|ENTERING_MANAGED_PKG|tdc_tsw
19:39:17.63 (74093703)|ENTERING_MANAGED_PKG|tdc_tsw
19:39:17.63 (74169048)|ENTERING_MANAGED_PKG|tdc_tsw
19:39:17.63 (74283437)|ENTERING_MANAGED_PKG|tdc_tsw
19:39:17.63 (74958996)|ENTERING_MANAGED_PKG|tdc_tsw
19:39:17.63 (76712483)|ENTERING_MANAGED_PKG|tdc_tsw
19:39:17.63 (76808178)|DML_BEGIN|[485]|Op:Insert|Type:tdc_tsw__Message_Template__c|Rows:1
19:39:17.63 (143550553)|DML_END|[485]
19:39:17.63 (144041376)|ENTERING_MANAGED_PKG|tdc_tsw
19:39:17.63 (144140508)|ENTERING_MANAGED_PKG|tdc_tsw
19:39:17.63 (145107808)|ENTERING_MANAGED_PKG|tdc_tsw
19:39:17.63 (145175652)|ENTERING_MANAGED_PKG|tdc_tsw
19:39:17.63 (214607095)|ENTERING_MANAGED_PKG|tdc_tsw
19:39:17.301 (301878811)|CUMULATIVE_LIMIT_USAGE
19:39:17.301 (301878811)|LIMIT_USAGE_FOR_NS|(default)|
  Number of SOQL queries: 0 out of 100
  Number of query rows: 0 out of 50000
  Number of SOSL queries: 0 out of 20
  Number of DML statements: 0 out of 150
  Number of DML rows: 0 out of 10000
  Maximum CPU time: 0 out of 10000
  Maximum heap size: 0 out of 6000000
  Number of callouts: 0 out of 100
  Number of Email Invocations: 0 out of 10
  Number of future calls: 0 out of 50
  Number of queueable jobs added to the queue: 0 out of 50
  Number of Mobile Apex push calls: 0 out of 10

19:39:17.301 (301878811)|LIMIT_USAGE_FOR_NS|tdc_tsw|
  Number of SOQL queries: 0 out of 100
  Number of query rows: 0 out of 50000
  Number of SOSL queries: 0 out of 20
  Number of DML statements: 1 out of 150
  Number of DML rows: 1 out of 10000
  Maximum CPU time: 0 out of 10000
  Maximum heap size: 0 out of 6000000
  Number of callouts: 0 out of 100
  Number of Email Invocations: 0 out of 10
  Number of future calls: 0 out of 50
  Number of queueable jobs added to the queue: 0 out of 50
  Number of Mobile Apex push calls: 0 out of 10

19:39:17.301 (301878811)|CUMULATIVE_LIMIT_USAGE_END

