44.0 APEX_CODE,FINEST;APEX_PROFILING,INFO;CALLOUT,INFO;DB,INFO;NBA,INFO;SYSTEM,DEBUG;VALIDATION,INFO;VISUALFORCE,INFO;WAVE,INFO;WORKFLOW,INFO
20:02:23.0 (176508)|USER_INFO|[EXTERNAL]|0051H000009gxp8|chanida.dev2@solvedbysoftwareco.com|Eastern Standard Time|GMT-05:00
20:02:23.0 (1909859)|ENTERING_MANAGED_PKG|tdc_tsw
20:02:23.0 (2366221)|ENTERING_MANAGED_PKG|tdc_tsw
20:02:23.0 (6409662)|SOQL_EXECUTE_BEGIN|[16]|Aggregations:0|SELECT id, name, Disable_Incoming_SMS_Sharing__c FROM User WHERE id = :tmpVar1
20:02:23.0 (13959548)|SOQL_EXECUTE_END|[16]|Rows:1
20:02:23.0 (20531969)|SOQL_EXECUTE_BEGIN|[37]|Aggregations:0|SELECT CreatedDate,Created_Date__c,Id,LastModifiedDate,MessageId__c,Message_Text_New__c,Name,OwnerId,Read__c,Related_Object_Id__c,Related_Object__c,Sender_Number__c, Sender_Name__c,ToNumber__c,Attachments_Ids__c FROM Message__c WHERE Name = 'Incoming' AND Read__c = false ORDER BY CreatedDate Desc limit 100
20:02:23.0 (32937298)|SOQL_EXECUTE_END|[37]|Rows:15
20:02:23.0 (36674967)|ENTERING_MANAGED_PKG|tdc_tsw
20:02:23.0 (38485241)|ENTERING_MANAGED_PKG|tdc_tsw
20:02:23.0 (38986652)|ENTERING_MANAGED_PKG|tdc_tsw
20:02:23.0 (39692947)|ENTERING_MANAGED_PKG|tdc_tsw
20:02:23.0 (42552018)|ENTERING_MANAGED_PKG|tdc_tsw
20:02:23.0 (43371400)|ENTERING_MANAGED_PKG|tdc_tsw
20:02:23.0 (43591890)|ENTERING_MANAGED_PKG|tdc_tsw
20:02:23.0 (44018303)|ENTERING_MANAGED_PKG|tdc_tsw
20:02:23.0 (45178558)|ENTERING_MANAGED_PKG|tdc_tsw
20:02:23.0 (45982632)|ENTERING_MANAGED_PKG|tdc_tsw
20:02:23.0 (46221122)|ENTERING_MANAGED_PKG|tdc_tsw
20:02:23.0 (46643559)|ENTERING_MANAGED_PKG|tdc_tsw
20:02:23.0 (47980380)|ENTERING_MANAGED_PKG|tdc_tsw
20:02:23.0 (48794532)|ENTERING_MANAGED_PKG|tdc_tsw
20:02:23.0 (48872465)|ENTERING_MANAGED_PKG|tdc_tsw
20:02:23.0 (49479673)|SOQL_EXECUTE_BEGIN|[200]|Aggregations:0|SELECT Name, NamespacePrefix, SystemModStamp FROM StaticResource WHERE Name LIKE :tmpVar1 LIMIT 10
20:02:23.0 (52649129)|SOQL_EXECUTE_END|[200]|Rows:1
20:02:23.0 (53550545)|ENTERING_MANAGED_PKG|tdc_tsw
20:02:23.0 (53956547)|SOQL_EXECUTE_BEGIN|[200]|Aggregations:0|SELECT Name, NamespacePrefix, SystemModStamp FROM StaticResource WHERE Name LIKE :tmpVar1 LIMIT 10
20:02:23.0 (56361060)|SOQL_EXECUTE_END|[200]|Rows:1
20:02:23.0 (56771978)|ENTERING_MANAGED_PKG|tdc_tsw
20:02:23.0 (60746055)|ENTERING_MANAGED_PKG|tdc_tsw
20:02:23.0 (62361436)|ENTERING_MANAGED_PKG|tdc_tsw
20:02:23.0 (62698842)|ENTERING_MANAGED_PKG|tdc_tsw
20:02:23.0 (63619431)|ENTERING_MANAGED_PKG|tdc_tsw
20:02:23.0 (64036744)|SOQL_EXECUTE_BEGIN|[200]|Aggregations:0|SELECT Name, NamespacePrefix, SystemModStamp FROM StaticResource WHERE Name LIKE :tmpVar1 LIMIT 10
20:02:23.0 (66681641)|SOQL_EXECUTE_END|[200]|Rows:1
20:02:23.71 (71863851)|USER_INFO|[EXTERNAL]|0051H000009gxp8|chanida.dev2@solvedbysoftwareco.com|Eastern Standard Time|GMT-05:00
20:02:23.71 (73274515)|ENTERING_MANAGED_PKG|tdc_tsw
20:02:23.71 (73503037)|ENTERING_MANAGED_PKG|tdc_tsw
20:02:23.71 (76028677)|SOQL_EXECUTE_BEGIN|[355]|Aggregations:0|SELECT id, name, Disable_Incoming_SMS_Sharing__c FROM User WHERE id = :tmpVar1
20:02:23.71 (82378986)|SOQL_EXECUTE_END|[355]|Rows:1
20:02:23.71 (83347884)|SOQL_EXECUTE_BEGIN|[367]|Aggregations:0|SELECT CreatedDate,Id,LastModifiedDate,Related_Object_Id__c FROM Message__c WHERE Name = 'Incoming' AND Read__c = false ORDER BY CreatedDate Desc limit 100
20:02:23.71 (88947616)|SOQL_EXECUTE_END|[367]|Rows:15
