44.0 APEX_CODE,FINEST;APEX_PROFILING,INFO;CALLOUT,INFO;DB,INFO;NBA,INFO;SYSTEM,DEBUG;VALIDATION,INFO;VISUALFORCE,INFO;WAVE,INFO;WORKFLOW,INFO
20:16:23.0 (174764)|USER_INFO|[EXTERNAL]|0051H000009gxp8|chanida.dev2@solvedbysoftwareco.com|Eastern Standard Time|GMT-05:00
20:16:23.0 (1807650)|ENTERING_MANAGED_PKG|tdc_tsw
20:16:23.0 (2334588)|ENTERING_MANAGED_PKG|tdc_tsw
20:16:23.0 (6553389)|SOQL_EXECUTE_BEGIN|[16]|Aggregations:0|SELECT id, name, Disable_Incoming_SMS_Sharing__c FROM User WHERE id = :tmpVar1
20:16:23.0 (13908110)|SOQL_EXECUTE_END|[16]|Rows:1
20:16:23.0 (19763311)|SOQL_EXECUTE_BEGIN|[37]|Aggregations:0|SELECT CreatedDate,Created_Date__c,Id,LastModifiedDate,MessageId__c,Message_Text_New__c,Name,OwnerId,Read__c,Related_Object_Id__c,Related_Object__c,Sender_Number__c, Sender_Name__c,ToNumber__c,Attachments_Ids__c FROM Message__c WHERE Name = 'Incoming' AND Read__c = false ORDER BY CreatedDate Desc limit 100
20:16:23.0 (30372568)|SOQL_EXECUTE_END|[37]|Rows:16
20:16:23.0 (34147864)|ENTERING_MANAGED_PKG|tdc_tsw
20:16:23.0 (36149262)|ENTERING_MANAGED_PKG|tdc_tsw
20:16:23.0 (36603472)|ENTERING_MANAGED_PKG|tdc_tsw
20:16:23.0 (37367179)|ENTERING_MANAGED_PKG|tdc_tsw
20:16:23.0 (40079218)|ENTERING_MANAGED_PKG|tdc_tsw
20:16:23.0 (40890392)|ENTERING_MANAGED_PKG|tdc_tsw
20:16:23.0 (41152072)|ENTERING_MANAGED_PKG|tdc_tsw
20:16:23.0 (41625210)|ENTERING_MANAGED_PKG|tdc_tsw
20:16:23.0 (42778944)|ENTERING_MANAGED_PKG|tdc_tsw
20:16:23.0 (43585259)|ENTERING_MANAGED_PKG|tdc_tsw
20:16:23.0 (43834734)|ENTERING_MANAGED_PKG|tdc_tsw
20:16:23.0 (44248541)|ENTERING_MANAGED_PKG|tdc_tsw
20:16:23.0 (45568752)|ENTERING_MANAGED_PKG|tdc_tsw
20:16:23.0 (46252472)|ENTERING_MANAGED_PKG|tdc_tsw
20:16:23.0 (46329170)|ENTERING_MANAGED_PKG|tdc_tsw
20:16:23.0 (46942799)|SOQL_EXECUTE_BEGIN|[200]|Aggregations:0|SELECT Name, NamespacePrefix, SystemModStamp FROM StaticResource WHERE Name LIKE :tmpVar1 LIMIT 10
20:16:23.0 (50454537)|SOQL_EXECUTE_END|[200]|Rows:1
20:16:23.0 (51467679)|ENTERING_MANAGED_PKG|tdc_tsw
20:16:23.0 (52083871)|SOQL_EXECUTE_BEGIN|[200]|Aggregations:0|SELECT Name, NamespacePrefix, SystemModStamp FROM StaticResource WHERE Name LIKE :tmpVar1 LIMIT 10
20:16:23.0 (54678296)|SOQL_EXECUTE_END|[200]|Rows:1
20:16:23.0 (55090089)|ENTERING_MANAGED_PKG|tdc_tsw
20:16:23.0 (58648384)|ENTERING_MANAGED_PKG|tdc_tsw
20:16:23.0 (60339224)|ENTERING_MANAGED_PKG|tdc_tsw
20:16:23.0 (60650408)|ENTERING_MANAGED_PKG|tdc_tsw
20:16:23.0 (61520448)|ENTERING_MANAGED_PKG|tdc_tsw
20:16:23.0 (61927325)|SOQL_EXECUTE_BEGIN|[200]|Aggregations:0|SELECT Name, NamespacePrefix, SystemModStamp FROM StaticResource WHERE Name LIKE :tmpVar1 LIMIT 10
20:16:23.0 (64142755)|SOQL_EXECUTE_END|[200]|Rows:1
20:16:23.82 (82613509)|USER_INFO|[EXTERNAL]|0051H000009gxp8|chanida.dev2@solvedbysoftwareco.com|Eastern Standard Time|GMT-05:00
20:16:23.82 (84019410)|ENTERING_MANAGED_PKG|tdc_tsw
20:16:23.82 (84215246)|ENTERING_MANAGED_PKG|tdc_tsw
20:16:23.82 (87472787)|SOQL_EXECUTE_BEGIN|[355]|Aggregations:0|SELECT id, name, Disable_Incoming_SMS_Sharing__c FROM User WHERE id = :tmpVar1
20:16:23.82 (94804486)|SOQL_EXECUTE_END|[355]|Rows:1
20:16:23.82 (95978091)|SOQL_EXECUTE_BEGIN|[367]|Aggregations:0|SELECT CreatedDate,Id,LastModifiedDate,Related_Object_Id__c FROM Message__c WHERE Name = 'Incoming' AND Read__c = false ORDER BY CreatedDate Desc limit 100
20:16:23.82 (102594506)|SOQL_EXECUTE_END|[367]|Rows:16
