44.0 APEX_CODE,FINEST;APEX_PROFILING,INFO;CALLOUT,INFO;DB,INFO;NBA,INFO;SYSTEM,DEBUG;VALIDATION,INFO;VISUALFORCE,INFO;WAVE,INFO;WORKFLOW,INFO
13:51:23.0 (120688)|USER_INFO|[EXTERNAL]|0051H000009gxp8|chanida.dev2@solvedbysoftwareco.com|Eastern Standard Time|GMT-05:00
13:51:23.0 (2411186)|ENTERING_MANAGED_PKG|tdc_tsw
13:51:23.0 (2587322)|ENTERING_MANAGED_PKG|tdc_tsw
13:51:23.0 (3085016)|ENTERING_MANAGED_PKG|tdc_tsw
13:51:23.0 (3128525)|ENTERING_MANAGED_PKG|tdc_tsw
13:51:23.0 (3865535)|ENTERING_MANAGED_PKG|tdc_tsw
13:51:23.0 (4538820)|ENTERING_MANAGED_PKG|tdc_tsw
13:51:23.0 (5989627)|ENTERING_MANAGED_PKG|tdc_tsw
13:51:23.0 (6058113)|ENTERING_MANAGED_PKG|tdc_tsw
13:51:23.0 (7278853)|ENTERING_MANAGED_PKG|tdc_tsw
13:51:23.0 (13724983)|SOQL_EXECUTE_BEGIN|[82]|Aggregations:0|SELECT CreatedDate, Id,Task_Created__c,Event_Created__c,isCaseCreated__c,Task_Id__c,Event_Id__c,Case__c, Important__c, Delivered__c, Message_Text_New__c, Name, Owner.Name, Read__c,MessageId__c, ToNumber__c, Related_Object_Id__c, Related_Object__c, Sender_Number__c, LastModifiedDate, Attachments_Ids__c FROM Message__c WHERE Contact__c =: recordId ORDER BY CreatedDate Desc limit 200
13:51:23.0 (28580892)|SOQL_EXECUTE_END|[82]|Rows:2
13:51:23.0 (30580065)|ENTERING_MANAGED_PKG|tdc_tsw
13:51:23.0 (31038529)|ENTERING_MANAGED_PKG|tdc_tsw
13:51:23.0 (31149286)|ENTERING_MANAGED_PKG|tdc_tsw
13:51:23.0 (32043646)|SOQL_EXECUTE_BEGIN|[200]|Aggregations:0|SELECT Name, NamespacePrefix, SystemModStamp FROM StaticResource WHERE Name LIKE :tmpVar1 LIMIT 10
13:51:23.0 (36246725)|SOQL_EXECUTE_END|[200]|Rows:1
13:51:23.0 (38189519)|ENTERING_MANAGED_PKG|tdc_tsw
13:51:23.0 (39794519)|ENTERING_MANAGED_PKG|tdc_tsw
13:51:23.0 (39843537)|ENTERING_MANAGED_PKG|tdc_tsw
13:51:23.0 (42114681)|ENTERING_MANAGED_PKG|tdc_tsw
13:51:23.0 (42935004)|ENTERING_MANAGED_PKG|tdc_tsw
13:51:23.0 (49998072)|SOQL_EXECUTE_BEGIN|[172]|Aggregations:0|SELECT id, name FROM ChatTranscript__c WHERE (Chat_Active__c = TRUE AND (Related_Object_Id__c = :tmpVar1 OR Related_Object_Id__c = :tmpVar2)) LIMIT 1
13:51:23.0 (55416206)|SOQL_EXECUTE_END|[172]|Rows:0
13:51:23.0 (55969951)|ENTERING_MANAGED_PKG|tdc_tsw
13:51:23.0 (56021441)|ENTERING_MANAGED_PKG|tdc_tsw
