44.0 APEX_CODE,FINEST;APEX_PROFILING,INFO;CALLOUT,INFO;DB,INFO;NBA,INFO;SYSTEM,DEBUG;VALIDATION,INFO;VISUALFORCE,INFO;WAVE,INFO;WORKFLOW,INFO
20:12:53.0 (131509)|USER_INFO|[EXTERNAL]|0051H000009gxp8|chanida.dev2@solvedbysoftwareco.com|Eastern Standard Time|GMT-05:00
20:12:53.0 (2061104)|ENTERING_MANAGED_PKG|tdc_tsw
20:12:53.0 (2495362)|ENTERING_MANAGED_PKG|tdc_tsw
20:12:53.0 (23965294)|SOQL_EXECUTE_BEGIN|[16]|Aggregations:0|SELECT id, name, Disable_Incoming_SMS_Sharing__c FROM User WHERE id = :tmpVar1
20:12:53.0 (29637716)|SOQL_EXECUTE_END|[16]|Rows:1
20:12:53.0 (46655194)|SOQL_EXECUTE_BEGIN|[37]|Aggregations:0|SELECT CreatedDate,Created_Date__c,Id,LastModifiedDate,MessageId__c,Message_Text_New__c,Name,OwnerId,Read__c,Related_Object_Id__c,Related_Object__c,Sender_Number__c, Sender_Name__c,ToNumber__c,Attachments_Ids__c FROM Message__c WHERE Name = 'Incoming' AND Read__c = false ORDER BY CreatedDate Desc limit 100
20:12:53.0 (57620708)|SOQL_EXECUTE_END|[37]|Rows:16
20:12:53.0 (61167221)|ENTERING_MANAGED_PKG|tdc_tsw
20:12:53.0 (62988670)|ENTERING_MANAGED_PKG|tdc_tsw
20:12:53.0 (63455943)|ENTERING_MANAGED_PKG|tdc_tsw
20:12:53.0 (64173454)|ENTERING_MANAGED_PKG|tdc_tsw
20:12:53.0 (66770427)|ENTERING_MANAGED_PKG|tdc_tsw
20:12:53.0 (67572988)|ENTERING_MANAGED_PKG|tdc_tsw
20:12:53.0 (67827245)|ENTERING_MANAGED_PKG|tdc_tsw
20:12:53.0 (68237260)|ENTERING_MANAGED_PKG|tdc_tsw
20:12:53.0 (69301239)|ENTERING_MANAGED_PKG|tdc_tsw
20:12:53.0 (70046128)|ENTERING_MANAGED_PKG|tdc_tsw
20:12:53.0 (70278315)|ENTERING_MANAGED_PKG|tdc_tsw
20:12:53.0 (70664511)|ENTERING_MANAGED_PKG|tdc_tsw
20:12:53.0 (71886785)|ENTERING_MANAGED_PKG|tdc_tsw
20:12:53.0 (72526659)|ENTERING_MANAGED_PKG|tdc_tsw
20:12:53.0 (72603688)|ENTERING_MANAGED_PKG|tdc_tsw
20:12:53.0 (73134903)|SOQL_EXECUTE_BEGIN|[200]|Aggregations:0|SELECT Name, NamespacePrefix, SystemModStamp FROM StaticResource WHERE Name LIKE :tmpVar1 LIMIT 10
20:12:53.0 (76055544)|SOQL_EXECUTE_END|[200]|Rows:1
20:12:53.0 (76788882)|ENTERING_MANAGED_PKG|tdc_tsw
20:12:53.0 (77124334)|SOQL_EXECUTE_BEGIN|[200]|Aggregations:0|SELECT Name, NamespacePrefix, SystemModStamp FROM StaticResource WHERE Name LIKE :tmpVar1 LIMIT 10
20:12:53.0 (79080255)|SOQL_EXECUTE_END|[200]|Rows:1
20:12:53.0 (79465449)|ENTERING_MANAGED_PKG|tdc_tsw
20:12:53.0 (91632066)|ENTERING_MANAGED_PKG|tdc_tsw
20:12:53.0 (93041361)|ENTERING_MANAGED_PKG|tdc_tsw
20:12:53.0 (93348927)|ENTERING_MANAGED_PKG|tdc_tsw
20:12:53.0 (94169836)|ENTERING_MANAGED_PKG|tdc_tsw
20:12:53.0 (94537911)|SOQL_EXECUTE_BEGIN|[200]|Aggregations:0|SELECT Name, NamespacePrefix, SystemModStamp FROM StaticResource WHERE Name LIKE :tmpVar1 LIMIT 10
20:12:53.0 (96897682)|SOQL_EXECUTE_END|[200]|Rows:1
20:12:53.102 (102000816)|USER_INFO|[EXTERNAL]|0051H000009gxp8|chanida.dev2@solvedbysoftwareco.com|Eastern Standard Time|GMT-05:00
20:12:53.102 (103344493)|ENTERING_MANAGED_PKG|tdc_tsw
20:12:53.102 (103495121)|ENTERING_MANAGED_PKG|tdc_tsw
20:12:53.102 (105634543)|SOQL_EXECUTE_BEGIN|[355]|Aggregations:0|SELECT id, name, Disable_Incoming_SMS_Sharing__c FROM User WHERE id = :tmpVar1
20:12:53.102 (112300310)|SOQL_EXECUTE_END|[355]|Rows:1
20:12:53.102 (113149132)|SOQL_EXECUTE_BEGIN|[367]|Aggregations:0|SELECT CreatedDate,Id,LastModifiedDate,Related_Object_Id__c FROM Message__c WHERE Name = 'Incoming' AND Read__c = false ORDER BY CreatedDate Desc limit 100
20:12:53.102 (118060271)|SOQL_EXECUTE_END|[367]|Rows:16
