44.0 APEX_CODE,FINEST;APEX_PROFILING,INFO;CALLOUT,INFO;DB,INFO;NBA,INFO;SYSTEM,DEBUG;VALIDATION,INFO;VISUALFORCE,INFO;WAVE,INFO;WORKFLOW,INFO
17:49:19.0 (177419)|USER_INFO|[EXTERNAL]|0051H000009gxp8|chanida.dev2@solvedbysoftwareco.com|Eastern Standard Time|GMT-05:00
17:49:19.0 (1846565)|ENTERING_MANAGED_PKG|tdc_tsw
17:49:19.0 (2313034)|ENTERING_MANAGED_PKG|tdc_tsw
17:49:19.0 (6144716)|SOQL_EXECUTE_BEGIN|[16]|Aggregations:0|SELECT id, name, Disable_Incoming_SMS_Sharing__c FROM User WHERE id = :tmpVar1
17:49:19.0 (14807826)|SOQL_EXECUTE_END|[16]|Rows:1
17:49:19.0 (20002571)|SOQL_EXECUTE_BEGIN|[37]|Aggregations:0|SELECT CreatedDate,Created_Date__c,Id,LastModifiedDate,MessageId__c,Message_Text_New__c,Name,OwnerId,Read__c,Related_Object_Id__c,Related_Object__c,Sender_Number__c, Sender_Name__c,ToNumber__c,Attachments_Ids__c FROM Message__c WHERE Name = 'Incoming' AND Read__c = false ORDER BY CreatedDate Desc limit 100
17:49:19.0 (32727537)|SOQL_EXECUTE_END|[37]|Rows:62
17:49:19.0 (43698570)|ENTERING_MANAGED_PKG|tdc_tsw
17:49:19.0 (45507478)|ENTERING_MANAGED_PKG|tdc_tsw
17:49:19.0 (45944967)|ENTERING_MANAGED_PKG|tdc_tsw
17:49:19.0 (46634409)|ENTERING_MANAGED_PKG|tdc_tsw
17:49:19.0 (49531370)|ENTERING_MANAGED_PKG|tdc_tsw
17:49:19.0 (50335249)|ENTERING_MANAGED_PKG|tdc_tsw
17:49:19.0 (50600933)|ENTERING_MANAGED_PKG|tdc_tsw
17:49:19.0 (51002201)|ENTERING_MANAGED_PKG|tdc_tsw
17:49:19.0 (52092372)|ENTERING_MANAGED_PKG|tdc_tsw
17:49:19.0 (52861698)|ENTERING_MANAGED_PKG|tdc_tsw
17:49:19.0 (53068964)|ENTERING_MANAGED_PKG|tdc_tsw
17:49:19.0 (53474685)|ENTERING_MANAGED_PKG|tdc_tsw
17:49:19.0 (54551394)|ENTERING_MANAGED_PKG|tdc_tsw
17:49:19.0 (55314119)|ENTERING_MANAGED_PKG|tdc_tsw
17:49:19.0 (55521963)|ENTERING_MANAGED_PKG|tdc_tsw
17:49:19.0 (55916948)|ENTERING_MANAGED_PKG|tdc_tsw
17:49:19.0 (57005158)|ENTERING_MANAGED_PKG|tdc_tsw
17:49:19.0 (57775164)|ENTERING_MANAGED_PKG|tdc_tsw
17:49:19.0 (58007918)|ENTERING_MANAGED_PKG|tdc_tsw
17:49:19.0 (58412822)|ENTERING_MANAGED_PKG|tdc_tsw
17:49:19.0 (59556156)|ENTERING_MANAGED_PKG|tdc_tsw
17:49:19.0 (60330859)|ENTERING_MANAGED_PKG|tdc_tsw
17:49:19.0 (60563969)|ENTERING_MANAGED_PKG|tdc_tsw
17:49:19.0 (61196966)|ENTERING_MANAGED_PKG|tdc_tsw
17:49:19.0 (62579926)|ENTERING_MANAGED_PKG|tdc_tsw
17:49:19.0 (63242771)|ENTERING_MANAGED_PKG|tdc_tsw
17:49:19.0 (63319456)|ENTERING_MANAGED_PKG|tdc_tsw
17:49:19.0 (63934707)|SOQL_EXECUTE_BEGIN|[200]|Aggregations:0|SELECT Name, NamespacePrefix, SystemModStamp FROM StaticResource WHERE Name LIKE :tmpVar1 LIMIT 10
17:49:19.0 (67262937)|SOQL_EXECUTE_END|[200]|Rows:1
17:49:19.0 (68036252)|ENTERING_MANAGED_PKG|tdc_tsw
17:49:19.0 (68418825)|SOQL_EXECUTE_BEGIN|[200]|Aggregations:0|SELECT Name, NamespacePrefix, SystemModStamp FROM StaticResource WHERE Name LIKE :tmpVar1 LIMIT 10
17:49:19.0 (70569141)|SOQL_EXECUTE_END|[200]|Rows:1
17:49:19.0 (70956152)|ENTERING_MANAGED_PKG|tdc_tsw
17:49:19.0 (74271889)|ENTERING_MANAGED_PKG|tdc_tsw
17:49:19.0 (75762928)|ENTERING_MANAGED_PKG|tdc_tsw
17:49:19.0 (76074339)|ENTERING_MANAGED_PKG|tdc_tsw
17:49:19.0 (76971929)|ENTERING_MANAGED_PKG|tdc_tsw
17:49:19.0 (77400012)|SOQL_EXECUTE_BEGIN|[200]|Aggregations:0|SELECT Name, NamespacePrefix, SystemModStamp FROM StaticResource WHERE Name LIKE :tmpVar1 LIMIT 10
17:49:19.0 (79957620)|SOQL_EXECUTE_END|[200]|Rows:1
17:49:19.85 (85465388)|USER_INFO|[EXTERNAL]|0051H000009gxp8|chanida.dev2@solvedbysoftwareco.com|Eastern Standard Time|GMT-05:00
17:49:19.85 (86806641)|ENTERING_MANAGED_PKG|tdc_tsw
17:49:19.85 (87002524)|ENTERING_MANAGED_PKG|tdc_tsw
17:49:19.85 (89435880)|SOQL_EXECUTE_BEGIN|[355]|Aggregations:0|SELECT id, name, Disable_Incoming_SMS_Sharing__c FROM User WHERE id = :tmpVar1
17:49:19.85 (95331044)|SOQL_EXECUTE_END|[355]|Rows:1
17:49:19.85 (96329783)|SOQL_EXECUTE_BEGIN|[367]|Aggregations:0|SELECT CreatedDate,Id,LastModifiedDate,Related_Object_Id__c FROM Message__c WHERE Name = 'Incoming' AND Read__c = false ORDER BY CreatedDate Desc limit 100
17:49:19.85 (102866450)|SOQL_EXECUTE_END|[367]|Rows:62
