44.0 APEX_CODE,FINEST;APEX_PROFILING,INFO;CALLOUT,INFO;DB,INFO;NBA,INFO;SYSTEM,DEBUG;VALIDATION,INFO;VISUALFORCE,INFO;WAVE,INFO;WORKFLOW,INFO
23:58:11.0 (140411)|USER_INFO|[EXTERNAL]|0051H000009gxp8|chanida.dev2@solvedbysoftwareco.com|Eastern Standard Time|GMT-05:00
23:58:11.0 (1691576)|ENTERING_MANAGED_PKG|tdc_tsw
23:58:11.0 (2079390)|ENTERING_MANAGED_PKG|tdc_tsw
23:58:11.0 (5566480)|SOQL_EXECUTE_BEGIN|[16]|Aggregations:0|SELECT id, name, Disable_Incoming_SMS_Sharing__c FROM User WHERE id = :tmpVar1
23:58:11.0 (12599206)|SOQL_EXECUTE_END|[16]|Rows:1
23:58:11.0 (18606212)|SOQL_EXECUTE_BEGIN|[37]|Aggregations:0|SELECT CreatedDate,Created_Date__c,Id,LastModifiedDate,MessageId__c,Message_Text_New__c,Name,OwnerId,Read__c,Related_Object_Id__c,Related_Object__c,Sender_Number__c, Sender_Name__c,ToNumber__c,Attachments_Ids__c FROM Message__c WHERE Name = 'Incoming' AND Read__c = false ORDER BY CreatedDate Desc limit 100
23:58:11.0 (36512489)|SOQL_EXECUTE_END|[37]|Rows:100
23:58:11.0 (53529720)|ENTERING_MANAGED_PKG|tdc_tsw
23:58:11.0 (55389357)|ENTERING_MANAGED_PKG|tdc_tsw
23:58:11.0 (56007905)|ENTERING_MANAGED_PKG|tdc_tsw
23:58:11.0 (56679468)|ENTERING_MANAGED_PKG|tdc_tsw
23:58:11.0 (59555735)|ENTERING_MANAGED_PKG|tdc_tsw
23:58:11.0 (60355786)|ENTERING_MANAGED_PKG|tdc_tsw
23:58:11.0 (60596903)|ENTERING_MANAGED_PKG|tdc_tsw
23:58:11.0 (61004228)|ENTERING_MANAGED_PKG|tdc_tsw
23:58:11.0 (62126089)|ENTERING_MANAGED_PKG|tdc_tsw
23:58:11.0 (62892246)|ENTERING_MANAGED_PKG|tdc_tsw
23:58:11.0 (63136326)|ENTERING_MANAGED_PKG|tdc_tsw
23:58:11.0 (63543845)|ENTERING_MANAGED_PKG|tdc_tsw
23:58:11.0 (64649441)|ENTERING_MANAGED_PKG|tdc_tsw
23:58:11.0 (65411432)|ENTERING_MANAGED_PKG|tdc_tsw
23:58:11.0 (65646614)|ENTERING_MANAGED_PKG|tdc_tsw
23:58:11.0 (66053358)|ENTERING_MANAGED_PKG|tdc_tsw
23:58:11.0 (67464712)|ENTERING_MANAGED_PKG|tdc_tsw
23:58:11.0 (68279001)|ENTERING_MANAGED_PKG|tdc_tsw
23:58:11.0 (68514682)|ENTERING_MANAGED_PKG|tdc_tsw
23:58:11.0 (68918147)|ENTERING_MANAGED_PKG|tdc_tsw
23:58:11.0 (70042954)|ENTERING_MANAGED_PKG|tdc_tsw
23:58:11.0 (70815635)|ENTERING_MANAGED_PKG|tdc_tsw
23:58:11.0 (71056687)|ENTERING_MANAGED_PKG|tdc_tsw
23:58:11.0 (71457705)|ENTERING_MANAGED_PKG|tdc_tsw
23:58:11.0 (72556379)|ENTERING_MANAGED_PKG|tdc_tsw
23:58:11.0 (73316347)|ENTERING_MANAGED_PKG|tdc_tsw
23:58:11.0 (73550444)|ENTERING_MANAGED_PKG|tdc_tsw
23:58:11.0 (73955052)|ENTERING_MANAGED_PKG|tdc_tsw
23:58:11.0 (75063856)|ENTERING_MANAGED_PKG|tdc_tsw
23:58:11.0 (75819828)|ENTERING_MANAGED_PKG|tdc_tsw
23:58:11.0 (76056201)|ENTERING_MANAGED_PKG|tdc_tsw
23:58:11.0 (76460554)|ENTERING_MANAGED_PKG|tdc_tsw
23:58:11.0 (77559767)|ENTERING_MANAGED_PKG|tdc_tsw
23:58:11.0 (78322294)|ENTERING_MANAGED_PKG|tdc_tsw
23:58:11.0 (78557575)|ENTERING_MANAGED_PKG|tdc_tsw
23:58:11.0 (78957919)|ENTERING_MANAGED_PKG|tdc_tsw
23:58:11.0 (80068703)|ENTERING_MANAGED_PKG|tdc_tsw
23:58:11.0 (80820254)|ENTERING_MANAGED_PKG|tdc_tsw
23:58:11.0 (81059677)|ENTERING_MANAGED_PKG|tdc_tsw
23:58:11.0 (81478849)|ENTERING_MANAGED_PKG|tdc_tsw
23:58:11.0 (82592273)|ENTERING_MANAGED_PKG|tdc_tsw
23:58:11.0 (83353866)|ENTERING_MANAGED_PKG|tdc_tsw
23:58:11.0 (83587723)|ENTERING_MANAGED_PKG|tdc_tsw
23:58:11.0 (83987336)|ENTERING_MANAGED_PKG|tdc_tsw
23:58:11.0 (85093919)|ENTERING_MANAGED_PKG|tdc_tsw
23:58:11.0 (85842233)|ENTERING_MANAGED_PKG|tdc_tsw
23:58:11.0 (86081696)|ENTERING_MANAGED_PKG|tdc_tsw
23:58:11.0 (86494134)|ENTERING_MANAGED_PKG|tdc_tsw
23:58:11.0 (87598293)|ENTERING_MANAGED_PKG|tdc_tsw
23:58:11.0 (88360380)|ENTERING_MANAGED_PKG|tdc_tsw
23:58:11.0 (88597230)|ENTERING_MANAGED_PKG|tdc_tsw
23:58:11.0 (88996494)|ENTERING_MANAGED_PKG|tdc_tsw
23:58:11.0 (90103694)|ENTERING_MANAGED_PKG|tdc_tsw
23:58:11.0 (90852824)|ENTERING_MANAGED_PKG|tdc_tsw
23:58:11.0 (91092908)|ENTERING_MANAGED_PKG|tdc_tsw
23:58:11.0 (91495142)|ENTERING_MANAGED_PKG|tdc_tsw
23:58:11.0 (92597045)|ENTERING_MANAGED_PKG|tdc_tsw
23:58:11.0 (93359517)|ENTERING_MANAGED_PKG|tdc_tsw
23:58:11.0 (93594276)|ENTERING_MANAGED_PKG|tdc_tsw
23:58:11.0 (93996145)|ENTERING_MANAGED_PKG|tdc_tsw
23:58:11.0 (95099827)|ENTERING_MANAGED_PKG|tdc_tsw
23:58:11.0 (95849969)|ENTERING_MANAGED_PKG|tdc_tsw
23:58:11.0 (96089957)|ENTERING_MANAGED_PKG|tdc_tsw
23:58:11.0 (96488729)|ENTERING_MANAGED_PKG|tdc_tsw
23:58:11.0 (97591339)|ENTERING_MANAGED_PKG|tdc_tsw
23:58:11.0 (98351707)|ENTERING_MANAGED_PKG|tdc_tsw
23:58:11.0 (98585397)|ENTERING_MANAGED_PKG|tdc_tsw
23:58:11.0 (98985241)|ENTERING_MANAGED_PKG|tdc_tsw
23:58:11.0 (100087231)|ENTERING_MANAGED_PKG|tdc_tsw
23:58:11.0 (100843622)|ENTERING_MANAGED_PKG|tdc_tsw
23:58:11.0 (101083750)|ENTERING_MANAGED_PKG|tdc_tsw
23:58:11.0 (101483751)|ENTERING_MANAGED_PKG|tdc_tsw
23:58:11.0 (102590129)|ENTERING_MANAGED_PKG|tdc_tsw
23:58:11.0 (103348540)|ENTERING_MANAGED_PKG|tdc_tsw
23:58:11.0 (103581109)|ENTERING_MANAGED_PKG|tdc_tsw
23:58:11.0 (103979577)|ENTERING_MANAGED_PKG|tdc_tsw
23:58:11.0 (105090485)|ENTERING_MANAGED_PKG|tdc_tsw
23:58:11.0 (105842169)|ENTERING_MANAGED_PKG|tdc_tsw
23:58:11.0 (106081654)|ENTERING_MANAGED_PKG|tdc_tsw
23:58:11.0 (106483781)|ENTERING_MANAGED_PKG|tdc_tsw
23:58:11.0 (107588664)|ENTERING_MANAGED_PKG|tdc_tsw
23:58:11.0 (108385556)|ENTERING_MANAGED_PKG|tdc_tsw
23:58:11.0 (108617344)|ENTERING_MANAGED_PKG|tdc_tsw
23:58:11.0 (109021020)|ENTERING_MANAGED_PKG|tdc_tsw
23:58:11.0 (110122392)|ENTERING_MANAGED_PKG|tdc_tsw
23:58:11.0 (110886113)|ENTERING_MANAGED_PKG|tdc_tsw
23:58:11.0 (111130667)|ENTERING_MANAGED_PKG|tdc_tsw
23:58:11.0 (111526005)|ENTERING_MANAGED_PKG|tdc_tsw
23:58:11.0 (112626120)|ENTERING_MANAGED_PKG|tdc_tsw
23:58:11.0 (113383249)|ENTERING_MANAGED_PKG|tdc_tsw
23:58:11.0 (113617592)|ENTERING_MANAGED_PKG|tdc_tsw
23:58:11.0 (114016395)|ENTERING_MANAGED_PKG|tdc_tsw
23:58:11.0 (115111974)|ENTERING_MANAGED_PKG|tdc_tsw
23:58:11.0 (115861733)|ENTERING_MANAGED_PKG|tdc_tsw
23:58:11.0 (116101214)|ENTERING_MANAGED_PKG|tdc_tsw
23:58:11.0 (116499085)|ENTERING_MANAGED_PKG|tdc_tsw
23:58:11.0 (117588035)|ENTERING_MANAGED_PKG|tdc_tsw
23:58:11.0 (118352616)|ENTERING_MANAGED_PKG|tdc_tsw
23:58:11.0 (118587741)|ENTERING_MANAGED_PKG|tdc_tsw
23:58:11.0 (118982546)|ENTERING_MANAGED_PKG|tdc_tsw
23:58:11.0 (120088029)|ENTERING_MANAGED_PKG|tdc_tsw
23:58:11.0 (120840442)|ENTERING_MANAGED_PKG|tdc_tsw
23:58:11.0 (121220719)|ENTERING_MANAGED_PKG|tdc_tsw
23:58:11.0 (121698040)|ENTERING_MANAGED_PKG|tdc_tsw
23:58:11.0 (122973584)|ENTERING_MANAGED_PKG|tdc_tsw
23:58:11.0 (123863430)|ENTERING_MANAGED_PKG|tdc_tsw
23:58:11.0 (124114325)|ENTERING_MANAGED_PKG|tdc_tsw
23:58:11.0 (124515816)|ENTERING_MANAGED_PKG|tdc_tsw
23:58:11.0 (125629849)|ENTERING_MANAGED_PKG|tdc_tsw
23:58:11.0 (126398750)|ENTERING_MANAGED_PKG|tdc_tsw
23:58:11.0 (126634704)|ENTERING_MANAGED_PKG|tdc_tsw
23:58:11.0 (127038313)|ENTERING_MANAGED_PKG|tdc_tsw
23:58:11.0 (128164982)|ENTERING_MANAGED_PKG|tdc_tsw
23:58:11.0 (128926236)|ENTERING_MANAGED_PKG|tdc_tsw
23:58:11.0 (129168037)|ENTERING_MANAGED_PKG|tdc_tsw
23:58:11.0 (129564736)|ENTERING_MANAGED_PKG|tdc_tsw
23:58:11.0 (130671937)|ENTERING_MANAGED_PKG|tdc_tsw
23:58:11.0 (131438426)|ENTERING_MANAGED_PKG|tdc_tsw
23:58:11.0 (131675289)|ENTERING_MANAGED_PKG|tdc_tsw
23:58:11.0 (132080921)|ENTERING_MANAGED_PKG|tdc_tsw
23:58:11.0 (133187513)|ENTERING_MANAGED_PKG|tdc_tsw
23:58:11.0 (133945607)|ENTERING_MANAGED_PKG|tdc_tsw
23:58:11.0 (134185621)|ENTERING_MANAGED_PKG|tdc_tsw
23:58:11.0 (134585521)|ENTERING_MANAGED_PKG|tdc_tsw
23:58:11.0 (135691959)|ENTERING_MANAGED_PKG|tdc_tsw
23:58:11.0 (136460747)|ENTERING_MANAGED_PKG|tdc_tsw
23:58:11.0 (136695876)|ENTERING_MANAGED_PKG|tdc_tsw
23:58:11.0 (137101467)|ENTERING_MANAGED_PKG|tdc_tsw
23:58:11.0 (138230364)|ENTERING_MANAGED_PKG|tdc_tsw
23:58:11.0 (138985570)|ENTERING_MANAGED_PKG|tdc_tsw
23:58:11.0 (139226524)|ENTERING_MANAGED_PKG|tdc_tsw
23:58:11.0 (139623382)|ENTERING_MANAGED_PKG|tdc_tsw
23:58:11.0 (140725641)|ENTERING_MANAGED_PKG|tdc_tsw
23:58:11.0 (141497733)|ENTERING_MANAGED_PKG|tdc_tsw
23:58:11.0 (141730308)|ENTERING_MANAGED_PKG|tdc_tsw
23:58:11.0 (142139178)|ENTERING_MANAGED_PKG|tdc_tsw
23:58:11.0 (143239678)|ENTERING_MANAGED_PKG|tdc_tsw
23:58:11.0 (144001518)|ENTERING_MANAGED_PKG|tdc_tsw
23:58:11.0 (144244095)|ENTERING_MANAGED_PKG|tdc_tsw
23:58:11.0 (144643271)|ENTERING_MANAGED_PKG|tdc_tsw
23:58:11.0 (145752827)|ENTERING_MANAGED_PKG|tdc_tsw
23:58:11.0 (146521217)|ENTERING_MANAGED_PKG|tdc_tsw
23:58:11.0 (146756811)|ENTERING_MANAGED_PKG|tdc_tsw
23:58:11.0 (147162979)|ENTERING_MANAGED_PKG|tdc_tsw
23:58:11.0 (148262756)|ENTERING_MANAGED_PKG|tdc_tsw
23:58:11.0 (149027238)|ENTERING_MANAGED_PKG|tdc_tsw
23:58:11.0 (149263248)|ENTERING_MANAGED_PKG|tdc_tsw
23:58:11.0 (149663476)|ENTERING_MANAGED_PKG|tdc_tsw
23:58:11.0 (150761309)|ENTERING_MANAGED_PKG|tdc_tsw
23:58:11.0 (151530611)|ENTERING_MANAGED_PKG|tdc_tsw
23:58:11.0 (151767391)|ENTERING_MANAGED_PKG|tdc_tsw
23:58:11.0 (152175331)|ENTERING_MANAGED_PKG|tdc_tsw
23:58:11.0 (153279527)|ENTERING_MANAGED_PKG|tdc_tsw
23:58:11.0 (154041255)|ENTERING_MANAGED_PKG|tdc_tsw
23:58:11.0 (154277354)|ENTERING_MANAGED_PKG|tdc_tsw
23:58:11.0 (154678905)|ENTERING_MANAGED_PKG|tdc_tsw
23:58:11.0 (155787152)|ENTERING_MANAGED_PKG|tdc_tsw
23:58:11.0 (156552296)|ENTERING_MANAGED_PKG|tdc_tsw
23:58:11.0 (156786790)|ENTERING_MANAGED_PKG|tdc_tsw
23:58:11.0 (157204391)|ENTERING_MANAGED_PKG|tdc_tsw
23:58:11.0 (158319042)|ENTERING_MANAGED_PKG|tdc_tsw
23:58:11.0 (159086080)|ENTERING_MANAGED_PKG|tdc_tsw
23:58:11.0 (159319948)|ENTERING_MANAGED_PKG|tdc_tsw
23:58:11.0 (159723427)|ENTERING_MANAGED_PKG|tdc_tsw
23:58:11.0 (160841627)|ENTERING_MANAGED_PKG|tdc_tsw
23:58:11.0 (161604506)|ENTERING_MANAGED_PKG|tdc_tsw
23:58:11.0 (161839960)|ENTERING_MANAGED_PKG|tdc_tsw
23:58:11.0 (162321011)|ENTERING_MANAGED_PKG|tdc_tsw
23:58:11.0 (163426931)|ENTERING_MANAGED_PKG|tdc_tsw
23:58:11.0 (164193799)|ENTERING_MANAGED_PKG|tdc_tsw
23:58:11.0 (164430520)|ENTERING_MANAGED_PKG|tdc_tsw
23:58:11.0 (164833333)|ENTERING_MANAGED_PKG|tdc_tsw
23:58:11.0 (165939056)|ENTERING_MANAGED_PKG|tdc_tsw
23:58:11.0 (166702401)|ENTERING_MANAGED_PKG|tdc_tsw
23:58:11.0 (166936213)|ENTERING_MANAGED_PKG|tdc_tsw
23:58:11.0 (167346291)|ENTERING_MANAGED_PKG|tdc_tsw
23:58:11.0 (168457500)|ENTERING_MANAGED_PKG|tdc_tsw
23:58:11.0 (169221125)|ENTERING_MANAGED_PKG|tdc_tsw
23:58:11.0 (169454610)|ENTERING_MANAGED_PKG|tdc_tsw
23:58:11.0 (169860440)|ENTERING_MANAGED_PKG|tdc_tsw
23:58:11.0 (170972661)|ENTERING_MANAGED_PKG|tdc_tsw
23:58:11.0 (171730960)|ENTERING_MANAGED_PKG|tdc_tsw
23:58:11.0 (171966900)|ENTERING_MANAGED_PKG|tdc_tsw
23:58:11.0 (172377619)|ENTERING_MANAGED_PKG|tdc_tsw
23:58:11.0 (173496043)|ENTERING_MANAGED_PKG|tdc_tsw
23:58:11.0 (174260242)|ENTERING_MANAGED_PKG|tdc_tsw
23:58:11.0 (174493980)|ENTERING_MANAGED_PKG|tdc_tsw
23:58:11.0 (174897068)|ENTERING_MANAGED_PKG|tdc_tsw
23:58:11.0 (176009924)|ENTERING_MANAGED_PKG|tdc_tsw
23:58:11.0 (176771289)|ENTERING_MANAGED_PKG|tdc_tsw
23:58:11.0 (177005732)|ENTERING_MANAGED_PKG|tdc_tsw
23:58:11.0 (177417188)|ENTERING_MANAGED_PKG|tdc_tsw
23:58:11.0 (178530971)|ENTERING_MANAGED_PKG|tdc_tsw
23:58:11.0 (179301331)|ENTERING_MANAGED_PKG|tdc_tsw
23:58:11.0 (179536662)|ENTERING_MANAGED_PKG|tdc_tsw
23:58:11.0 (179937876)|ENTERING_MANAGED_PKG|tdc_tsw
23:58:11.0 (181053161)|ENTERING_MANAGED_PKG|tdc_tsw
23:58:11.0 (181807985)|ENTERING_MANAGED_PKG|tdc_tsw
23:58:11.0 (182049472)|ENTERING_MANAGED_PKG|tdc_tsw
23:58:11.0 (182456101)|ENTERING_MANAGED_PKG|tdc_tsw
23:58:11.0 (183568015)|ENTERING_MANAGED_PKG|tdc_tsw
23:58:11.0 (184328363)|ENTERING_MANAGED_PKG|tdc_tsw
23:58:11.0 (184606950)|ENTERING_MANAGED_PKG|tdc_tsw
23:58:11.0 (185006279)|ENTERING_MANAGED_PKG|tdc_tsw
23:58:11.0 (186120699)|ENTERING_MANAGED_PKG|tdc_tsw
23:58:11.0 (186871208)|ENTERING_MANAGED_PKG|tdc_tsw
23:58:11.0 (187112761)|ENTERING_MANAGED_PKG|tdc_tsw
23:58:11.0 (187515390)|ENTERING_MANAGED_PKG|tdc_tsw
23:58:11.0 (188621676)|ENTERING_MANAGED_PKG|tdc_tsw
23:58:11.0 (189405936)|ENTERING_MANAGED_PKG|tdc_tsw
23:58:11.0 (189641477)|ENTERING_MANAGED_PKG|tdc_tsw
23:58:11.0 (190059272)|ENTERING_MANAGED_PKG|tdc_tsw
23:58:11.0 (191167568)|ENTERING_MANAGED_PKG|tdc_tsw
23:58:11.0 (191923317)|ENTERING_MANAGED_PKG|tdc_tsw
23:58:11.0 (192471421)|ENTERING_MANAGED_PKG|tdc_tsw
23:58:11.0 (192871950)|ENTERING_MANAGED_PKG|tdc_tsw
23:58:11.0 (193988862)|ENTERING_MANAGED_PKG|tdc_tsw
23:58:11.0 (194752280)|ENTERING_MANAGED_PKG|tdc_tsw
23:58:11.0 (194987955)|ENTERING_MANAGED_PKG|tdc_tsw
23:58:11.0 (195394593)|ENTERING_MANAGED_PKG|tdc_tsw
23:58:11.0 (196503995)|ENTERING_MANAGED_PKG|tdc_tsw
23:58:11.0 (197260243)|ENTERING_MANAGED_PKG|tdc_tsw
23:58:11.0 (197495935)|ENTERING_MANAGED_PKG|tdc_tsw
23:58:11.0 (197898319)|ENTERING_MANAGED_PKG|tdc_tsw
23:58:11.0 (199005202)|ENTERING_MANAGED_PKG|tdc_tsw
23:58:11.0 (199770238)|ENTERING_MANAGED_PKG|tdc_tsw
23:58:11.0 (199979492)|ENTERING_MANAGED_PKG|tdc_tsw
23:58:11.0 (200388462)|ENTERING_MANAGED_PKG|tdc_tsw
23:58:11.0 (201497801)|ENTERING_MANAGED_PKG|tdc_tsw
23:58:11.0 (202272568)|ENTERING_MANAGED_PKG|tdc_tsw
23:58:11.0 (202507436)|ENTERING_MANAGED_PKG|tdc_tsw
23:58:11.0 (202909284)|ENTERING_MANAGED_PKG|tdc_tsw
23:58:11.0 (204191053)|ENTERING_MANAGED_PKG|tdc_tsw
23:58:11.0 (205251773)|ENTERING_MANAGED_PKG|tdc_tsw
23:58:11.0 (205330556)|ENTERING_MANAGED_PKG|tdc_tsw
23:58:11.0 (206027764)|SOQL_EXECUTE_BEGIN|[200]|Aggregations:0|SELECT Name, NamespacePrefix, SystemModStamp FROM StaticResource WHERE Name LIKE :tmpVar1 LIMIT 10
23:58:11.0 (209957280)|SOQL_EXECUTE_END|[200]|Rows:1
23:58:11.0 (210834341)|ENTERING_MANAGED_PKG|tdc_tsw
23:58:11.0 (211322394)|SOQL_EXECUTE_BEGIN|[200]|Aggregations:0|SELECT Name, NamespacePrefix, SystemModStamp FROM StaticResource WHERE Name LIKE :tmpVar1 LIMIT 10
23:58:11.0 (214053336)|SOQL_EXECUTE_END|[200]|Rows:1
23:58:11.0 (214462890)|ENTERING_MANAGED_PKG|tdc_tsw
23:58:11.0 (217441627)|ENTERING_MANAGED_PKG|tdc_tsw
23:58:11.0 (218670858)|ENTERING_MANAGED_PKG|tdc_tsw
23:58:11.0 (218933210)|ENTERING_MANAGED_PKG|tdc_tsw
23:58:11.0 (219772618)|ENTERING_MANAGED_PKG|tdc_tsw
23:58:11.0 (220188913)|SOQL_EXECUTE_BEGIN|[200]|Aggregations:0|SELECT Name, NamespacePrefix, SystemModStamp FROM StaticResource WHERE Name LIKE :tmpVar1 LIMIT 10
23:58:11.0 (222699257)|SOQL_EXECUTE_END|[200]|Rows:1
23:58:11.233 (233701270)|USER_INFO|[EXTERNAL]|0051H000009gxp8|chanida.dev2@solvedbysoftwareco.com|Eastern Standard Time|GMT-05:00
23:58:11.233 (235569559)|ENTERING_MANAGED_PKG|tdc_tsw
23:58:11.233 (235780464)|ENTERING_MANAGED_PKG|tdc_tsw
23:58:11.233 (238318305)|SOQL_EXECUTE_BEGIN|[355]|Aggregations:0|SELECT id, name, Disable_Incoming_SMS_Sharing__c FROM User WHERE id = :tmpVar1
23:58:11.233 (244644078)|SOQL_EXECUTE_END|[355]|Rows:1
23:58:11.233 (245722457)|SOQL_EXECUTE_BEGIN|[367]|Aggregations:0|SELECT CreatedDate,Id,LastModifiedDate,Related_Object_Id__c FROM Message__c WHERE Name = 'Incoming' AND Read__c = false ORDER BY CreatedDate Desc limit 100
23:58:11.233 (254956402)|SOQL_EXECUTE_END|[367]|Rows:100
