44.0 APEX_CODE,FINEST;APEX_PROFILING,INFO;CALLOUT,INFO;DB,INFO;NBA,INFO;SYSTEM,DEBUG;VALIDATION,INFO;VISUALFORCE,INFO;WAVE,INFO;WORKFLOW,INFO
17:47:49.0 (137009)|USER_INFO|[EXTERNAL]|0051H000009gxp8|chanida.dev2@solvedbysoftwareco.com|Eastern Standard Time|GMT-05:00
17:47:49.0 (1600804)|ENTERING_MANAGED_PKG|tdc_tsw
17:47:49.0 (2038131)|ENTERING_MANAGED_PKG|tdc_tsw
17:47:49.0 (5613526)|SOQL_EXECUTE_BEGIN|[16]|Aggregations:0|SELECT id, name, Disable_Incoming_SMS_Sharing__c FROM User WHERE id = :tmpVar1
17:47:49.0 (11754727)|SOQL_EXECUTE_END|[16]|Rows:1
17:47:49.0 (16989554)|SOQL_EXECUTE_BEGIN|[37]|Aggregations:0|SELECT CreatedDate,Created_Date__c,Id,LastModifiedDate,MessageId__c,Message_Text_New__c,Name,OwnerId,Read__c,Related_Object_Id__c,Related_Object__c,Sender_Number__c, Sender_Name__c,ToNumber__c,Attachments_Ids__c FROM Message__c WHERE Name = 'Incoming' AND Read__c = false ORDER BY CreatedDate Desc limit 100
17:47:49.0 (30474856)|SOQL_EXECUTE_END|[37]|Rows:62
17:47:49.0 (41183279)|ENTERING_MANAGED_PKG|tdc_tsw
17:47:49.0 (43158281)|ENTERING_MANAGED_PKG|tdc_tsw
17:47:49.0 (43618414)|ENTERING_MANAGED_PKG|tdc_tsw
17:47:49.0 (44335772)|ENTERING_MANAGED_PKG|tdc_tsw
17:47:49.0 (47116174)|ENTERING_MANAGED_PKG|tdc_tsw
17:47:49.0 (47917460)|ENTERING_MANAGED_PKG|tdc_tsw
17:47:49.0 (48177945)|ENTERING_MANAGED_PKG|tdc_tsw
17:47:49.0 (48585816)|ENTERING_MANAGED_PKG|tdc_tsw
17:47:49.0 (49656424)|ENTERING_MANAGED_PKG|tdc_tsw
17:47:49.0 (50436547)|ENTERING_MANAGED_PKG|tdc_tsw
17:47:49.0 (50644485)|ENTERING_MANAGED_PKG|tdc_tsw
17:47:49.0 (51037187)|ENTERING_MANAGED_PKG|tdc_tsw
17:47:49.0 (52094776)|ENTERING_MANAGED_PKG|tdc_tsw
17:47:49.0 (52876684)|ENTERING_MANAGED_PKG|tdc_tsw
17:47:49.0 (53081930)|ENTERING_MANAGED_PKG|tdc_tsw
17:47:49.0 (53477773)|ENTERING_MANAGED_PKG|tdc_tsw
17:47:49.0 (54529363)|ENTERING_MANAGED_PKG|tdc_tsw
17:47:49.0 (55276899)|ENTERING_MANAGED_PKG|tdc_tsw
17:47:49.0 (55512908)|ENTERING_MANAGED_PKG|tdc_tsw
17:47:49.0 (55892805)|ENTERING_MANAGED_PKG|tdc_tsw
17:47:49.0 (56970685)|ENTERING_MANAGED_PKG|tdc_tsw
17:47:49.0 (57716477)|ENTERING_MANAGED_PKG|tdc_tsw
17:47:49.0 (57944328)|ENTERING_MANAGED_PKG|tdc_tsw
17:47:49.0 (58594571)|ENTERING_MANAGED_PKG|tdc_tsw
17:47:49.0 (59980746)|ENTERING_MANAGED_PKG|tdc_tsw
17:47:49.0 (60829946)|ENTERING_MANAGED_PKG|tdc_tsw
17:47:49.0 (60931041)|ENTERING_MANAGED_PKG|tdc_tsw
17:47:49.0 (61514832)|SOQL_EXECUTE_BEGIN|[200]|Aggregations:0|SELECT Name, NamespacePrefix, SystemModStamp FROM StaticResource WHERE Name LIKE :tmpVar1 LIMIT 10
17:47:49.0 (64645157)|SOQL_EXECUTE_END|[200]|Rows:1
17:47:49.0 (65624014)|ENTERING_MANAGED_PKG|tdc_tsw
17:47:49.0 (65983880)|SOQL_EXECUTE_BEGIN|[200]|Aggregations:0|SELECT Name, NamespacePrefix, SystemModStamp FROM StaticResource WHERE Name LIKE :tmpVar1 LIMIT 10
17:47:49.0 (68128687)|SOQL_EXECUTE_END|[200]|Rows:1
17:47:49.0 (68515718)|ENTERING_MANAGED_PKG|tdc_tsw
17:47:49.0 (72573230)|ENTERING_MANAGED_PKG|tdc_tsw
17:47:49.0 (74165441)|ENTERING_MANAGED_PKG|tdc_tsw
17:47:49.0 (74495118)|ENTERING_MANAGED_PKG|tdc_tsw
17:47:49.0 (75399726)|ENTERING_MANAGED_PKG|tdc_tsw
17:47:49.0 (75820582)|SOQL_EXECUTE_BEGIN|[200]|Aggregations:0|SELECT Name, NamespacePrefix, SystemModStamp FROM StaticResource WHERE Name LIKE :tmpVar1 LIMIT 10
17:47:49.0 (78486173)|SOQL_EXECUTE_END|[200]|Rows:1
17:47:49.83 (83864161)|USER_INFO|[EXTERNAL]|0051H000009gxp8|chanida.dev2@solvedbysoftwareco.com|Eastern Standard Time|GMT-05:00
17:47:49.83 (85369074)|ENTERING_MANAGED_PKG|tdc_tsw
17:47:49.83 (85576833)|ENTERING_MANAGED_PKG|tdc_tsw
17:47:49.83 (91213635)|SOQL_EXECUTE_BEGIN|[355]|Aggregations:0|SELECT id, name, Disable_Incoming_SMS_Sharing__c FROM User WHERE id = :tmpVar1
17:47:49.83 (97497988)|SOQL_EXECUTE_END|[355]|Rows:1
17:47:49.83 (98742893)|SOQL_EXECUTE_BEGIN|[367]|Aggregations:0|SELECT CreatedDate,Id,LastModifiedDate,Related_Object_Id__c FROM Message__c WHERE Name = 'Incoming' AND Read__c = false ORDER BY CreatedDate Desc limit 100
17:47:49.83 (105594897)|SOQL_EXECUTE_END|[367]|Rows:62
