44.0 APEX_CODE,FINEST;APEX_PROFILING,INFO;CALLOUT,INFO;DB,INFO;NBA,INFO;SYSTEM,DEBUG;VALIDATION,INFO;VISUALFORCE,INFO;WAVE,INFO;WORKFLOW,INFO
14:08:10.0 (110221)|USER_INFO|[EXTERNAL]|0051H000009gxp8|chanida.dev2@solvedbysoftwareco.com|Eastern Standard Time|GMT-05:00
14:08:10.0 (3292395)|ENTERING_MANAGED_PKG|tdc_tsw
14:08:10.0 (3460265)|ENTERING_MANAGED_PKG|tdc_tsw
14:08:10.0 (3838649)|ENTERING_MANAGED_PKG|tdc_tsw
14:08:10.0 (3878121)|ENTERING_MANAGED_PKG|tdc_tsw
14:08:10.0 (4478388)|ENTERING_MANAGED_PKG|tdc_tsw
14:08:10.0 (5051816)|ENTERING_MANAGED_PKG|tdc_tsw
14:08:10.0 (6353981)|ENTERING_MANAGED_PKG|tdc_tsw
14:08:10.0 (6420397)|ENTERING_MANAGED_PKG|tdc_tsw
14:08:10.0 (7575375)|ENTERING_MANAGED_PKG|tdc_tsw
14:08:10.0 (13755839)|SOQL_EXECUTE_BEGIN|[82]|Aggregations:0|SELECT CreatedDate, Id,Task_Created__c,Event_Created__c,isCaseCreated__c,Task_Id__c,Event_Id__c,Case__c, Important__c, Delivered__c, Message_Text_New__c, Name, Owner.Name, Read__c,MessageId__c, ToNumber__c, Related_Object_Id__c, Related_Object__c, Sender_Number__c, LastModifiedDate, Attachments_Ids__c FROM Message__c WHERE Lead__c =: recordId ORDER BY CreatedDate Desc limit 200
14:08:10.0 (29841525)|SOQL_EXECUTE_END|[82]|Rows:7
14:08:10.0 (31220631)|ENTERING_MANAGED_PKG|tdc_tsw
14:08:10.0 (31518534)|ENTERING_MANAGED_PKG|tdc_tsw
14:08:10.0 (31593005)|ENTERING_MANAGED_PKG|tdc_tsw
14:08:10.0 (32169323)|SOQL_EXECUTE_BEGIN|[200]|Aggregations:0|SELECT Name, NamespacePrefix, SystemModStamp FROM StaticResource WHERE Name LIKE :tmpVar1 LIMIT 10
14:08:10.0 (35232325)|SOQL_EXECUTE_END|[200]|Rows:1
14:08:10.0 (36909751)|ENTERING_MANAGED_PKG|tdc_tsw
14:08:10.0 (38342400)|ENTERING_MANAGED_PKG|tdc_tsw
14:08:10.0 (38388760)|ENTERING_MANAGED_PKG|tdc_tsw
14:08:10.0 (40251352)|ENTERING_MANAGED_PKG|tdc_tsw
14:08:10.0 (41010974)|ENTERING_MANAGED_PKG|tdc_tsw
14:08:10.0 (42535000)|ENTERING_MANAGED_PKG|tdc_tsw
14:08:10.0 (43288789)|ENTERING_MANAGED_PKG|tdc_tsw
14:08:10.0 (44351755)|ENTERING_MANAGED_PKG|tdc_tsw
14:08:10.0 (45155974)|ENTERING_MANAGED_PKG|tdc_tsw
14:08:10.0 (46260818)|ENTERING_MANAGED_PKG|tdc_tsw
14:08:10.0 (47052083)|ENTERING_MANAGED_PKG|tdc_tsw
14:08:10.0 (48115088)|ENTERING_MANAGED_PKG|tdc_tsw
14:08:10.0 (48878151)|ENTERING_MANAGED_PKG|tdc_tsw
14:08:10.0 (49930425)|ENTERING_MANAGED_PKG|tdc_tsw
14:08:10.0 (50736816)|ENTERING_MANAGED_PKG|tdc_tsw
14:08:10.0 (56014822)|SOQL_EXECUTE_BEGIN|[172]|Aggregations:0|SELECT id, name FROM ChatTranscript__c WHERE (Chat_Active__c = TRUE AND (Related_Object_Id__c = :tmpVar1 OR Related_Object_Id__c = :tmpVar2)) LIMIT 1
14:08:10.0 (59863806)|SOQL_EXECUTE_END|[172]|Rows:0
14:08:10.0 (60157528)|ENTERING_MANAGED_PKG|tdc_tsw
14:08:10.0 (60196914)|ENTERING_MANAGED_PKG|tdc_tsw
