44.0 APEX_CODE,FINEST;APEX_PROFILING,INFO;CALLOUT,INFO;DB,INFO;NBA,INFO;SYSTEM,DEBUG;VALIDATION,INFO;VISUALFORCE,INFO;WAVE,INFO;WORKFLOW,INFO
15:33:37.0 (114967)|USER_INFO|[EXTERNAL]|0051H000009gxp8|chanida.dev2@solvedbysoftwareco.com|Eastern Standard Time|GMT-05:00
15:33:37.0 (2109718)|ENTERING_MANAGED_PKG|tdc_tsw
15:33:37.0 (2559868)|ENTERING_MANAGED_PKG|tdc_tsw
15:33:37.0 (6561357)|SOQL_EXECUTE_BEGIN|[16]|Aggregations:0|SELECT id, name, Disable_Incoming_SMS_Sharing__c FROM User WHERE id = :tmpVar1
15:33:37.0 (14463755)|SOQL_EXECUTE_END|[16]|Rows:1
15:33:37.0 (20620667)|SOQL_EXECUTE_BEGIN|[37]|Aggregations:0|SELECT CreatedDate,Created_Date__c,Id,LastModifiedDate,MessageId__c,Message_Text_New__c,Name,OwnerId,Read__c,Related_Object_Id__c,Related_Object__c,Sender_Number__c, Sender_Name__c,ToNumber__c,Attachments_Ids__c FROM Message__c WHERE Name = 'Incoming' AND Read__c = false ORDER BY CreatedDate Desc limit 100
15:33:37.0 (39574754)|SOQL_EXECUTE_END|[37]|Rows:100
15:33:37.0 (58395618)|ENTERING_MANAGED_PKG|tdc_tsw
15:33:37.0 (60106772)|ENTERING_MANAGED_PKG|tdc_tsw
15:33:37.0 (60588762)|ENTERING_MANAGED_PKG|tdc_tsw
15:33:37.0 (61399027)|ENTERING_MANAGED_PKG|tdc_tsw
15:33:37.0 (64203428)|ENTERING_MANAGED_PKG|tdc_tsw
15:33:37.0 (64983403)|ENTERING_MANAGED_PKG|tdc_tsw
15:33:37.0 (65223966)|ENTERING_MANAGED_PKG|tdc_tsw
15:33:37.0 (65644805)|ENTERING_MANAGED_PKG|tdc_tsw
15:33:37.0 (66775344)|ENTERING_MANAGED_PKG|tdc_tsw
15:33:37.0 (67541101)|ENTERING_MANAGED_PKG|tdc_tsw
15:33:37.0 (67786065)|ENTERING_MANAGED_PKG|tdc_tsw
15:33:37.0 (68203432)|ENTERING_MANAGED_PKG|tdc_tsw
15:33:37.0 (69381471)|ENTERING_MANAGED_PKG|tdc_tsw
15:33:37.0 (70206954)|ENTERING_MANAGED_PKG|tdc_tsw
15:33:37.0 (70448484)|ENTERING_MANAGED_PKG|tdc_tsw
15:33:37.0 (70910122)|ENTERING_MANAGED_PKG|tdc_tsw
15:33:37.0 (72053372)|ENTERING_MANAGED_PKG|tdc_tsw
15:33:37.0 (72830989)|ENTERING_MANAGED_PKG|tdc_tsw
15:33:37.0 (73078140)|ENTERING_MANAGED_PKG|tdc_tsw
15:33:37.0 (73484245)|ENTERING_MANAGED_PKG|tdc_tsw
15:33:37.0 (74739150)|ENTERING_MANAGED_PKG|tdc_tsw
15:33:37.0 (75549805)|ENTERING_MANAGED_PKG|tdc_tsw
15:33:37.0 (75821138)|ENTERING_MANAGED_PKG|tdc_tsw
15:33:37.0 (76278444)|ENTERING_MANAGED_PKG|tdc_tsw
15:33:37.0 (77474115)|ENTERING_MANAGED_PKG|tdc_tsw
15:33:37.0 (78320292)|ENTERING_MANAGED_PKG|tdc_tsw
15:33:37.0 (78575100)|ENTERING_MANAGED_PKG|tdc_tsw
15:33:37.0 (78982723)|ENTERING_MANAGED_PKG|tdc_tsw
15:33:37.0 (80102785)|ENTERING_MANAGED_PKG|tdc_tsw
15:33:37.0 (80870501)|ENTERING_MANAGED_PKG|tdc_tsw
15:33:37.0 (81119035)|ENTERING_MANAGED_PKG|tdc_tsw
15:33:37.0 (81526042)|ENTERING_MANAGED_PKG|tdc_tsw
15:33:37.0 (82668997)|ENTERING_MANAGED_PKG|tdc_tsw
15:33:37.0 (83431422)|ENTERING_MANAGED_PKG|tdc_tsw
15:33:37.0 (83697074)|ENTERING_MANAGED_PKG|tdc_tsw
15:33:37.0 (84132455)|ENTERING_MANAGED_PKG|tdc_tsw
15:33:37.0 (85259658)|ENTERING_MANAGED_PKG|tdc_tsw
15:33:37.0 (86026597)|ENTERING_MANAGED_PKG|tdc_tsw
15:33:37.0 (86267481)|ENTERING_MANAGED_PKG|tdc_tsw
15:33:37.0 (86692108)|ENTERING_MANAGED_PKG|tdc_tsw
15:33:37.0 (87851869)|ENTERING_MANAGED_PKG|tdc_tsw
15:33:37.0 (88614244)|ENTERING_MANAGED_PKG|tdc_tsw
15:33:37.0 (88857923)|ENTERING_MANAGED_PKG|tdc_tsw
15:33:37.0 (89278429)|ENTERING_MANAGED_PKG|tdc_tsw
15:33:37.0 (90403642)|ENTERING_MANAGED_PKG|tdc_tsw
15:33:37.0 (91181337)|ENTERING_MANAGED_PKG|tdc_tsw
15:33:37.0 (91394970)|ENTERING_MANAGED_PKG|tdc_tsw
15:33:37.0 (91798502)|ENTERING_MANAGED_PKG|tdc_tsw
15:33:37.0 (92937236)|ENTERING_MANAGED_PKG|tdc_tsw
15:33:37.0 (93692616)|ENTERING_MANAGED_PKG|tdc_tsw
15:33:37.0 (93940567)|ENTERING_MANAGED_PKG|tdc_tsw
15:33:37.0 (94345882)|ENTERING_MANAGED_PKG|tdc_tsw
15:33:37.0 (95464233)|ENTERING_MANAGED_PKG|tdc_tsw
15:33:37.0 (96227360)|ENTERING_MANAGED_PKG|tdc_tsw
15:33:37.0 (96465827)|ENTERING_MANAGED_PKG|tdc_tsw
15:33:37.0 (96899195)|ENTERING_MANAGED_PKG|tdc_tsw
15:33:37.0 (98023418)|ENTERING_MANAGED_PKG|tdc_tsw
15:33:37.0 (98774107)|ENTERING_MANAGED_PKG|tdc_tsw
15:33:37.0 (99036914)|ENTERING_MANAGED_PKG|tdc_tsw
15:33:37.0 (99441866)|ENTERING_MANAGED_PKG|tdc_tsw
15:33:37.0 (100572003)|ENTERING_MANAGED_PKG|tdc_tsw
15:33:37.0 (101334303)|ENTERING_MANAGED_PKG|tdc_tsw
15:33:37.0 (101576372)|ENTERING_MANAGED_PKG|tdc_tsw
15:33:37.0 (101989118)|ENTERING_MANAGED_PKG|tdc_tsw
15:33:37.0 (103110824)|ENTERING_MANAGED_PKG|tdc_tsw
15:33:37.0 (103861200)|ENTERING_MANAGED_PKG|tdc_tsw
15:33:37.0 (104113628)|ENTERING_MANAGED_PKG|tdc_tsw
15:33:37.0 (104517155)|ENTERING_MANAGED_PKG|tdc_tsw
15:33:37.0 (105645010)|ENTERING_MANAGED_PKG|tdc_tsw
15:33:37.0 (106416353)|ENTERING_MANAGED_PKG|tdc_tsw
15:33:37.0 (106663319)|ENTERING_MANAGED_PKG|tdc_tsw
15:33:37.0 (107085983)|ENTERING_MANAGED_PKG|tdc_tsw
15:33:37.0 (108248974)|ENTERING_MANAGED_PKG|tdc_tsw
15:33:37.0 (109027625)|ENTERING_MANAGED_PKG|tdc_tsw
15:33:37.0 (109266987)|ENTERING_MANAGED_PKG|tdc_tsw
15:33:37.0 (109679231)|ENTERING_MANAGED_PKG|tdc_tsw
15:33:37.0 (110828951)|ENTERING_MANAGED_PKG|tdc_tsw
15:33:37.0 (111632280)|ENTERING_MANAGED_PKG|tdc_tsw
15:33:37.0 (111879312)|ENTERING_MANAGED_PKG|tdc_tsw
15:33:37.0 (112298336)|ENTERING_MANAGED_PKG|tdc_tsw
15:33:37.0 (113469725)|ENTERING_MANAGED_PKG|tdc_tsw
15:33:37.0 (114336094)|ENTERING_MANAGED_PKG|tdc_tsw
15:33:37.0 (114578055)|ENTERING_MANAGED_PKG|tdc_tsw
15:33:37.0 (114989568)|ENTERING_MANAGED_PKG|tdc_tsw
15:33:37.0 (116213913)|ENTERING_MANAGED_PKG|tdc_tsw
15:33:37.0 (116996314)|ENTERING_MANAGED_PKG|tdc_tsw
15:33:37.0 (117236421)|ENTERING_MANAGED_PKG|tdc_tsw
15:33:37.0 (117655107)|ENTERING_MANAGED_PKG|tdc_tsw
15:33:37.0 (118781771)|ENTERING_MANAGED_PKG|tdc_tsw
15:33:37.0 (119553076)|ENTERING_MANAGED_PKG|tdc_tsw
15:33:37.0 (119794525)|ENTERING_MANAGED_PKG|tdc_tsw
15:33:37.0 (120207496)|ENTERING_MANAGED_PKG|tdc_tsw
15:33:37.0 (121384996)|ENTERING_MANAGED_PKG|tdc_tsw
15:33:37.0 (122165073)|ENTERING_MANAGED_PKG|tdc_tsw
15:33:37.0 (122406874)|ENTERING_MANAGED_PKG|tdc_tsw
15:33:37.0 (122813084)|ENTERING_MANAGED_PKG|tdc_tsw
15:33:37.0 (124089377)|ENTERING_MANAGED_PKG|tdc_tsw
15:33:37.0 (124870160)|ENTERING_MANAGED_PKG|tdc_tsw
15:33:37.0 (125174718)|ENTERING_MANAGED_PKG|tdc_tsw
15:33:37.0 (125580685)|ENTERING_MANAGED_PKG|tdc_tsw
15:33:37.0 (126763819)|ENTERING_MANAGED_PKG|tdc_tsw
15:33:37.0 (127612188)|ENTERING_MANAGED_PKG|tdc_tsw
15:33:37.0 (127851581)|ENTERING_MANAGED_PKG|tdc_tsw
15:33:37.0 (128309580)|ENTERING_MANAGED_PKG|tdc_tsw
15:33:37.0 (129566802)|ENTERING_MANAGED_PKG|tdc_tsw
15:33:37.0 (130380091)|ENTERING_MANAGED_PKG|tdc_tsw
15:33:37.0 (130638504)|ENTERING_MANAGED_PKG|tdc_tsw
15:33:37.0 (131068495)|ENTERING_MANAGED_PKG|tdc_tsw
15:33:37.0 (132257928)|ENTERING_MANAGED_PKG|tdc_tsw
15:33:37.0 (133034839)|ENTERING_MANAGED_PKG|tdc_tsw
15:33:37.0 (133321597)|ENTERING_MANAGED_PKG|tdc_tsw
15:33:37.0 (133782708)|ENTERING_MANAGED_PKG|tdc_tsw
15:33:37.0 (135131126)|ENTERING_MANAGED_PKG|tdc_tsw
15:33:37.0 (135928516)|ENTERING_MANAGED_PKG|tdc_tsw
15:33:37.0 (136167623)|ENTERING_MANAGED_PKG|tdc_tsw
15:33:37.0 (136575101)|ENTERING_MANAGED_PKG|tdc_tsw
15:33:37.0 (137707292)|ENTERING_MANAGED_PKG|tdc_tsw
15:33:37.0 (138541279)|ENTERING_MANAGED_PKG|tdc_tsw
15:33:37.0 (138784272)|ENTERING_MANAGED_PKG|tdc_tsw
15:33:37.0 (139260858)|ENTERING_MANAGED_PKG|tdc_tsw
15:33:37.0 (140497133)|ENTERING_MANAGED_PKG|tdc_tsw
15:33:37.0 (141275503)|ENTERING_MANAGED_PKG|tdc_tsw
15:33:37.0 (141526624)|ENTERING_MANAGED_PKG|tdc_tsw
15:33:37.0 (141971693)|ENTERING_MANAGED_PKG|tdc_tsw
15:33:37.0 (143202286)|ENTERING_MANAGED_PKG|tdc_tsw
15:33:37.0 (143964486)|ENTERING_MANAGED_PKG|tdc_tsw
15:33:37.0 (144197650)|ENTERING_MANAGED_PKG|tdc_tsw
15:33:37.0 (144579865)|ENTERING_MANAGED_PKG|tdc_tsw
15:33:37.0 (145642604)|ENTERING_MANAGED_PKG|tdc_tsw
15:33:37.0 (146371866)|ENTERING_MANAGED_PKG|tdc_tsw
15:33:37.0 (156976646)|ENTERING_MANAGED_PKG|tdc_tsw
15:33:37.0 (157422362)|ENTERING_MANAGED_PKG|tdc_tsw
15:33:37.0 (158629629)|ENTERING_MANAGED_PKG|tdc_tsw
15:33:37.0 (159502877)|ENTERING_MANAGED_PKG|tdc_tsw
15:33:37.0 (159762497)|ENTERING_MANAGED_PKG|tdc_tsw
15:33:37.0 (160161579)|ENTERING_MANAGED_PKG|tdc_tsw
15:33:37.0 (161597700)|ENTERING_MANAGED_PKG|tdc_tsw
15:33:37.0 (162336250)|ENTERING_MANAGED_PKG|tdc_tsw
15:33:37.0 (162564149)|ENTERING_MANAGED_PKG|tdc_tsw
15:33:37.0 (163337256)|ENTERING_MANAGED_PKG|tdc_tsw
15:33:37.0 (165124518)|ENTERING_MANAGED_PKG|tdc_tsw
15:33:37.0 (166102118)|ENTERING_MANAGED_PKG|tdc_tsw
15:33:37.0 (166342656)|ENTERING_MANAGED_PKG|tdc_tsw
15:33:37.0 (166750982)|ENTERING_MANAGED_PKG|tdc_tsw
15:33:37.0 (167839615)|ENTERING_MANAGED_PKG|tdc_tsw
15:33:37.0 (168605135)|ENTERING_MANAGED_PKG|tdc_tsw
15:33:37.0 (168833000)|ENTERING_MANAGED_PKG|tdc_tsw
15:33:37.0 (169254527)|ENTERING_MANAGED_PKG|tdc_tsw
15:33:37.0 (170389890)|ENTERING_MANAGED_PKG|tdc_tsw
15:33:37.0 (171192413)|ENTERING_MANAGED_PKG|tdc_tsw
15:33:37.0 (171421570)|ENTERING_MANAGED_PKG|tdc_tsw
15:33:37.0 (171851129)|ENTERING_MANAGED_PKG|tdc_tsw
15:33:37.0 (173076861)|ENTERING_MANAGED_PKG|tdc_tsw
15:33:37.0 (174005548)|ENTERING_MANAGED_PKG|tdc_tsw
15:33:37.0 (174306642)|ENTERING_MANAGED_PKG|tdc_tsw
15:33:37.0 (174926095)|ENTERING_MANAGED_PKG|tdc_tsw
15:33:37.0 (176224362)|ENTERING_MANAGED_PKG|tdc_tsw
15:33:37.0 (177154059)|ENTERING_MANAGED_PKG|tdc_tsw
15:33:37.0 (177401512)|ENTERING_MANAGED_PKG|tdc_tsw
15:33:37.0 (177892761)|ENTERING_MANAGED_PKG|tdc_tsw
15:33:37.0 (179187677)|ENTERING_MANAGED_PKG|tdc_tsw
15:33:37.0 (180121381)|ENTERING_MANAGED_PKG|tdc_tsw
15:33:37.0 (180376740)|ENTERING_MANAGED_PKG|tdc_tsw
15:33:37.0 (180779835)|ENTERING_MANAGED_PKG|tdc_tsw
15:33:37.0 (181977966)|ENTERING_MANAGED_PKG|tdc_tsw
15:33:37.0 (182777844)|ENTERING_MANAGED_PKG|tdc_tsw
15:33:37.0 (183020629)|ENTERING_MANAGED_PKG|tdc_tsw
15:33:37.0 (183488804)|ENTERING_MANAGED_PKG|tdc_tsw
15:33:37.0 (184629589)|ENTERING_MANAGED_PKG|tdc_tsw
15:33:37.0 (185396846)|ENTERING_MANAGED_PKG|tdc_tsw
15:33:37.0 (185635451)|ENTERING_MANAGED_PKG|tdc_tsw
15:33:37.0 (186044416)|ENTERING_MANAGED_PKG|tdc_tsw
15:33:37.0 (187422047)|ENTERING_MANAGED_PKG|tdc_tsw
15:33:37.0 (188808533)|ENTERING_MANAGED_PKG|tdc_tsw
15:33:37.0 (189254196)|ENTERING_MANAGED_PKG|tdc_tsw
15:33:37.0 (189789650)|ENTERING_MANAGED_PKG|tdc_tsw
15:33:37.0 (190897962)|ENTERING_MANAGED_PKG|tdc_tsw
15:33:37.0 (191797440)|ENTERING_MANAGED_PKG|tdc_tsw
15:33:37.0 (192124813)|ENTERING_MANAGED_PKG|tdc_tsw
15:33:37.0 (192704242)|ENTERING_MANAGED_PKG|tdc_tsw
15:33:37.0 (193846285)|ENTERING_MANAGED_PKG|tdc_tsw
15:33:37.0 (194917996)|ENTERING_MANAGED_PKG|tdc_tsw
15:33:37.0 (195259853)|ENTERING_MANAGED_PKG|tdc_tsw
15:33:37.0 (195938028)|ENTERING_MANAGED_PKG|tdc_tsw
15:33:37.0 (197467815)|ENTERING_MANAGED_PKG|tdc_tsw
15:33:37.0 (198382732)|ENTERING_MANAGED_PKG|tdc_tsw
15:33:37.0 (198624677)|ENTERING_MANAGED_PKG|tdc_tsw
15:33:37.0 (199124081)|ENTERING_MANAGED_PKG|tdc_tsw
15:33:37.0 (200569672)|ENTERING_MANAGED_PKG|tdc_tsw
15:33:37.0 (201745792)|ENTERING_MANAGED_PKG|tdc_tsw
15:33:37.0 (202007535)|ENTERING_MANAGED_PKG|tdc_tsw
15:33:37.0 (202440303)|ENTERING_MANAGED_PKG|tdc_tsw
15:33:37.0 (203659278)|ENTERING_MANAGED_PKG|tdc_tsw
15:33:37.0 (204438479)|ENTERING_MANAGED_PKG|tdc_tsw
15:33:37.0 (204678303)|ENTERING_MANAGED_PKG|tdc_tsw
15:33:37.0 (205098037)|ENTERING_MANAGED_PKG|tdc_tsw
15:33:37.0 (206388511)|ENTERING_MANAGED_PKG|tdc_tsw
15:33:37.0 (207173019)|ENTERING_MANAGED_PKG|tdc_tsw
15:33:37.0 (207413556)|ENTERING_MANAGED_PKG|tdc_tsw
15:33:37.0 (207832152)|ENTERING_MANAGED_PKG|tdc_tsw
15:33:37.0 (209030545)|ENTERING_MANAGED_PKG|tdc_tsw
15:33:37.0 (209806207)|ENTERING_MANAGED_PKG|tdc_tsw
15:33:37.0 (210054196)|ENTERING_MANAGED_PKG|tdc_tsw
15:33:37.0 (210461578)|ENTERING_MANAGED_PKG|tdc_tsw
15:33:37.0 (211590856)|ENTERING_MANAGED_PKG|tdc_tsw
15:33:37.0 (212636454)|ENTERING_MANAGED_PKG|tdc_tsw
15:33:37.0 (212953083)|ENTERING_MANAGED_PKG|tdc_tsw
15:33:37.0 (213726525)|ENTERING_MANAGED_PKG|tdc_tsw
15:33:37.0 (215195705)|ENTERING_MANAGED_PKG|tdc_tsw
15:33:37.0 (216048157)|ENTERING_MANAGED_PKG|tdc_tsw
15:33:37.0 (216372844)|ENTERING_MANAGED_PKG|tdc_tsw
15:33:37.0 (216835381)|ENTERING_MANAGED_PKG|tdc_tsw
15:33:37.0 (218203683)|ENTERING_MANAGED_PKG|tdc_tsw
15:33:37.0 (219084936)|ENTERING_MANAGED_PKG|tdc_tsw
15:33:37.0 (219328479)|ENTERING_MANAGED_PKG|tdc_tsw
15:33:37.0 (219827522)|ENTERING_MANAGED_PKG|tdc_tsw
15:33:37.0 (221127526)|ENTERING_MANAGED_PKG|tdc_tsw
15:33:37.0 (222012848)|ENTERING_MANAGED_PKG|tdc_tsw
15:33:37.0 (222296304)|ENTERING_MANAGED_PKG|tdc_tsw
15:33:37.0 (222711011)|ENTERING_MANAGED_PKG|tdc_tsw
15:33:37.0 (223906425)|ENTERING_MANAGED_PKG|tdc_tsw
15:33:37.0 (224660757)|ENTERING_MANAGED_PKG|tdc_tsw
15:33:37.0 (224909920)|ENTERING_MANAGED_PKG|tdc_tsw
15:33:37.0 (225315373)|ENTERING_MANAGED_PKG|tdc_tsw
15:33:37.0 (226453425)|ENTERING_MANAGED_PKG|tdc_tsw
15:33:37.0 (227219892)|ENTERING_MANAGED_PKG|tdc_tsw
15:33:37.0 (227445841)|ENTERING_MANAGED_PKG|tdc_tsw
15:33:37.0 (227825307)|ENTERING_MANAGED_PKG|tdc_tsw
15:33:37.0 (228934367)|ENTERING_MANAGED_PKG|tdc_tsw
15:33:37.0 (229667089)|ENTERING_MANAGED_PKG|tdc_tsw
15:33:37.0 (229899335)|ENTERING_MANAGED_PKG|tdc_tsw
15:33:37.0 (230285765)|ENTERING_MANAGED_PKG|tdc_tsw
15:33:37.0 (231339629)|ENTERING_MANAGED_PKG|tdc_tsw
15:33:37.0 (232063462)|ENTERING_MANAGED_PKG|tdc_tsw
15:33:37.0 (232295948)|ENTERING_MANAGED_PKG|tdc_tsw
15:33:37.0 (232676600)|ENTERING_MANAGED_PKG|tdc_tsw
15:33:37.0 (233812989)|ENTERING_MANAGED_PKG|tdc_tsw
15:33:37.0 (234539547)|ENTERING_MANAGED_PKG|tdc_tsw
15:33:37.0 (234772413)|ENTERING_MANAGED_PKG|tdc_tsw
15:33:37.0 (235157345)|ENTERING_MANAGED_PKG|tdc_tsw
15:33:37.0 (236213230)|ENTERING_MANAGED_PKG|tdc_tsw
15:33:37.0 (236937565)|ENTERING_MANAGED_PKG|tdc_tsw
15:33:37.0 (237163708)|ENTERING_MANAGED_PKG|tdc_tsw
15:33:37.0 (237548949)|ENTERING_MANAGED_PKG|tdc_tsw
15:33:37.0 (238920660)|ENTERING_MANAGED_PKG|tdc_tsw
15:33:37.0 (240394326)|ENTERING_MANAGED_PKG|tdc_tsw
15:33:37.0 (240853250)|ENTERING_MANAGED_PKG|tdc_tsw
15:33:37.0 (241694947)|ENTERING_MANAGED_PKG|tdc_tsw
15:33:37.0 (243668703)|ENTERING_MANAGED_PKG|tdc_tsw
15:33:37.0 (245164324)|ENTERING_MANAGED_PKG|tdc_tsw
15:33:37.0 (245613485)|ENTERING_MANAGED_PKG|tdc_tsw
15:33:37.0 (246311162)|ENTERING_MANAGED_PKG|tdc_tsw
15:33:37.0 (248057486)|ENTERING_MANAGED_PKG|tdc_tsw
15:33:37.0 (249369054)|ENTERING_MANAGED_PKG|tdc_tsw
15:33:37.0 (249795763)|ENTERING_MANAGED_PKG|tdc_tsw
15:33:37.0 (250567832)|ENTERING_MANAGED_PKG|tdc_tsw
15:33:37.0 (252876273)|ENTERING_MANAGED_PKG|tdc_tsw
15:33:37.0 (254168662)|ENTERING_MANAGED_PKG|tdc_tsw
15:33:37.0 (254649167)|ENTERING_MANAGED_PKG|tdc_tsw
15:33:37.0 (255520726)|ENTERING_MANAGED_PKG|tdc_tsw
15:33:37.0 (257774387)|ENTERING_MANAGED_PKG|tdc_tsw
15:33:37.0 (259173363)|ENTERING_MANAGED_PKG|tdc_tsw
15:33:37.0 (259645380)|ENTERING_MANAGED_PKG|tdc_tsw
15:33:37.0 (260514988)|ENTERING_MANAGED_PKG|tdc_tsw
15:33:37.0 (262629148)|ENTERING_MANAGED_PKG|tdc_tsw
15:33:37.0 (264173334)|ENTERING_MANAGED_PKG|tdc_tsw
15:33:37.0 (264652197)|ENTERING_MANAGED_PKG|tdc_tsw
15:33:37.0 (265471749)|ENTERING_MANAGED_PKG|tdc_tsw
15:33:37.0 (267720242)|ENTERING_MANAGED_PKG|tdc_tsw
15:33:37.0 (268905594)|ENTERING_MANAGED_PKG|tdc_tsw
15:33:37.0 (269021291)|ENTERING_MANAGED_PKG|tdc_tsw
15:33:37.0 (270013403)|SOQL_EXECUTE_BEGIN|[200]|Aggregations:0|SELECT Name, NamespacePrefix, SystemModStamp FROM StaticResource WHERE Name LIKE :tmpVar1 LIMIT 10
15:33:37.0 (274768958)|SOQL_EXECUTE_END|[200]|Rows:1
15:33:37.0 (276018259)|ENTERING_MANAGED_PKG|tdc_tsw
15:33:37.0 (276775324)|SOQL_EXECUTE_BEGIN|[200]|Aggregations:0|SELECT Name, NamespacePrefix, SystemModStamp FROM StaticResource WHERE Name LIKE :tmpVar1 LIMIT 10
15:33:37.0 (279955998)|SOQL_EXECUTE_END|[200]|Rows:1
15:33:37.0 (280654951)|ENTERING_MANAGED_PKG|tdc_tsw
15:33:37.0 (286578549)|ENTERING_MANAGED_PKG|tdc_tsw
15:33:37.0 (289644992)|ENTERING_MANAGED_PKG|tdc_tsw
15:33:37.0 (290202169)|ENTERING_MANAGED_PKG|tdc_tsw
15:33:37.0 (291523091)|ENTERING_MANAGED_PKG|tdc_tsw
15:33:37.0 (292341615)|SOQL_EXECUTE_BEGIN|[200]|Aggregations:0|SELECT Name, NamespacePrefix, SystemModStamp FROM StaticResource WHERE Name LIKE :tmpVar1 LIMIT 10
15:33:37.0 (296087684)|SOQL_EXECUTE_END|[200]|Rows:1
15:33:37.310 (310757963)|USER_INFO|[EXTERNAL]|0051H000009gxp8|chanida.dev2@solvedbysoftwareco.com|Eastern Standard Time|GMT-05:00
15:33:37.310 (312129687)|ENTERING_MANAGED_PKG|tdc_tsw
15:33:37.310 (312359767)|ENTERING_MANAGED_PKG|tdc_tsw
15:33:37.310 (315101205)|SOQL_EXECUTE_BEGIN|[355]|Aggregations:0|SELECT id, name, Disable_Incoming_SMS_Sharing__c FROM User WHERE id = :tmpVar1
15:33:37.310 (321705846)|SOQL_EXECUTE_END|[355]|Rows:1
15:33:37.310 (322798555)|SOQL_EXECUTE_BEGIN|[367]|Aggregations:0|SELECT CreatedDate,Id,LastModifiedDate,Related_Object_Id__c FROM Message__c WHERE Name = 'Incoming' AND Read__c = false ORDER BY CreatedDate Desc limit 100
15:33:37.310 (332746423)|SOQL_EXECUTE_END|[367]|Rows:100
