38.0 APEX_CODE,FINEST;APEX_PROFILING,INFO;CALLOUT,INFO;DB,INFO;NBA,INFO;SYSTEM,DEBUG;VALIDATION,INFO;VISUALFORCE,INFO;WAVE,INFO;WORKFLOW,INFO
17:40:22.3 (3336312)|ENTERING_MANAGED_PKG|tdc_tsw
17:40:22.3 (4127378)|ENTERING_MANAGED_PKG|tdc_tsw
17:40:22.3 (5979004)|SOQL_EXECUTE_BEGIN|[66]|Aggregations:0|SELECT Id FROM Folder WHERE DeveloperName = 'SMS_APP' LIMIT 1
17:40:22.3 (9893088)|SOQL_EXECUTE_END|[66]|Rows:1
17:40:22.3 (10138066)|ENTERING_MANAGED_PKG|tdc_tsw
17:40:22.3 (10797389)|ENTERING_MANAGED_PKG|tdc_tsw
17:40:22.3 (11185131)|ENTERING_MANAGED_PKG|tdc_tsw
17:40:22.3 (34609126)|ENTERING_MANAGED_PKG|tdc_tsw
17:40:22.3 (34680288)|ENTERING_MANAGED_PKG|tdc_tsw
17:40:22.3 (102523516)|SOQL_EXECUTE_BEGIN|[1842]|Aggregations:0|SELECT Id, name FROM RecordType WHERE (sObjectType = :tmpVar1 AND name = :tmpVar2) LIMIT 1
17:40:22.3 (114335678)|SOQL_EXECUTE_END|[1842]|Rows:1
17:40:22.3 (121829572)|ENTERING_MANAGED_PKG|tdc_tsw
17:40:22.3 (165235878)|SOQL_EXECUTE_BEGIN|[275]|Aggregations:0|Select Id, tdc_tsw__account__c, tdc_tsw__campaign__c, tdc_tsw__case__c, tdc_tsw__contact__c, tdc_tsw__lead__c, tdc_tsw__message__c, tdc_tsw__opportunity__c, tdc_tsw__sms_template__c, tdc_tsw__question__c, tdc_tsw__survey_response__c, OwnerId, Related_Object__c,Is_Keyword_Based__c,Sender_Number__c,ToNumber__c, Related_Object_Id__c from Message__c where Name = 'Outgoing' and (Sender_Number__c =: cleantoNumber  OR Sender_Number__c LIKE : toNumberWithoutSymbol )  and (ToNumber__c =: cleanFromNumber  OR ToNumber__c LIKE : fromNumberWithoutSymbol )  Order By CreatedDate Desc Limit 1
17:40:22.3 (174000061)|SOQL_EXECUTE_END|[275]|Rows:1
17:40:22.3 (175118764)|SOQL_EXECUTE_BEGIN|[299]|Aggregations:0|SELECT Id FROM tdc_tsw__Message__c WHERE id =: relatedObjId
17:40:22.3 (178266966)|SOQL_EXECUTE_END|[299]|Rows:1
17:40:22.3 (178509598)|ENTERING_MANAGED_PKG|tdc_tsw
17:40:22.3 (181770715)|SOQL_EXECUTE_BEGIN|[923]|Aggregations:0|SELECT id, isActive FROM User WHERE id = :tmpVar1 LIMIT 1
17:40:22.3 (189347360)|SOQL_EXECUTE_END|[923]|Rows:1
17:40:22.3 (190867410)|ENTERING_MANAGED_PKG|tdc_tsw
17:40:22.3 (194589486)|ENTERING_MANAGED_PKG|tdc_tsw
17:40:22.3 (216149884)|DML_BEGIN|[557]|Op:Insert|Type:tdc_tsw__Message__c|Rows:1
17:40:22.3 (225030107)|ENTERING_MANAGED_PKG|tdc_tsw
17:40:22.227 (227224142)|CUMULATIVE_LIMIT_USAGE
17:40:22.227 (227224142)|LIMIT_USAGE_FOR_NS|(default)|
  Number of SOQL queries: 0 out of 100
  Number of query rows: 0 out of 50000
  Number of SOSL queries: 0 out of 20
  Number of DML statements: 0 out of 150
  Number of DML rows: 0 out of 10000
  Maximum CPU time: 0 out of 10000
  Maximum heap size: 0 out of 6000000
  Number of callouts: 0 out of 100
  Number of Email Invocations: 0 out of 10
  Number of future calls: 0 out of 50
  Number of queueable jobs added to the queue: 0 out of 50
  Number of Mobile Apex push calls: 0 out of 10

17:40:22.227 (227224142)|LIMIT_USAGE_FOR_NS|tdc_tsw|
  Number of SOQL queries: 5 out of 100
  Number of query rows: 5 out of 50000
  Number of SOSL queries: 0 out of 20
  Number of DML statements: 1 out of 150
  Number of DML rows: 1 out of 10000
  Maximum CPU time: 0 out of 10000
  Maximum heap size: 0 out of 6000000
  Number of callouts: 0 out of 100
  Number of Email Invocations: 0 out of 10
  Number of future calls: 0 out of 50
  Number of queueable jobs added to the queue: 0 out of 50
  Number of Mobile Apex push calls: 0 out of 10

17:40:22.227 (227224142)|CUMULATIVE_LIMIT_USAGE_END

17:40:22.3 (299240423)|ENTERING_MANAGED_PKG|tdc_tsw
17:40:22.3 (307430878)|ENTERING_MANAGED_PKG|tdc_tsw
17:40:22.3 (308366024)|ENTERING_MANAGED_PKG|tdc_tsw
17:40:22.3 (308567764)|ENTERING_MANAGED_PKG|tdc_tsw
17:40:22.3 (313508639)|SOQL_EXECUTE_BEGIN|[15]|Aggregations:0|SELECT Id, Email FROM User WHERE isActive = TRUE LIMIT 10000
17:40:22.3 (322703323)|SOQL_EXECUTE_END|[15]|Rows:9
17:40:22.3 (324760335)|SOQL_EXECUTE_BEGIN|[42]|Aggregations:0|SELECT Id, Sender_Name__c, Sender_Number__c FROM Message__c WHERE id = :tmpVar1
17:40:22.3 (328561965)|SOQL_EXECUTE_END|[42]|Rows:1
17:40:22.3 (330435740)|SOQL_EXECUTE_BEGIN|[70]|Aggregations:0|select Name from tdc_tsw__Message__c where id = 'a173B000000sdzDQAQ'
17:40:22.3 (333645107)|SOQL_EXECUTE_END|[70]|Rows:1
17:40:22.3 (334596405)|DML_BEGIN|[97]|Op:Update|Type:tdc_tsw__Message__c|Rows:1
17:40:22.3 (359066261)|DML_END|[97]
17:40:22.3 (364583301)|SOQL_EXECUTE_BEGIN|[236]|Aggregations:0|SELECT id, subject, developername, htmlValue, body FROM EmailTemplate WHERE developername = 'Incoming_Message_Alert' LIMIT 1
17:40:22.3 (431431265)|SOQL_EXECUTE_END|[236]|Rows:1
17:40:22.3 (448910826)|ENTERING_MANAGED_PKG|tdc_tsw
17:40:22.3 (448992329)|ENTERING_MANAGED_PKG|tdc_tsw
17:40:22.3 (482968543)|SOQL_EXECUTE_BEGIN|[758]|Aggregations:0|select tdc_tsw__ToNumber__c, tdc_tsw__Sender_Number__c, tdc_tsw__Sender_Name__c, Id, tdc_tsw__Related_Object_Id_URL__c, tdc_tsw__Message_Text_New__c from tdc_tsw__Message__c where id ='a173B000000se1iQAA' Limit 1
17:40:22.3 (494159972)|SOQL_EXECUTE_END|[758]|Rows:1
17:40:22.3 (495196788)|ENTERING_MANAGED_PKG|tdc_tsw
17:40:22.3 (496172662)|ENTERING_MANAGED_PKG|tdc_tsw
17:40:22.3 (496993970)|ENTERING_MANAGED_PKG|tdc_tsw
17:40:22.3 (497794405)|ENTERING_MANAGED_PKG|tdc_tsw
17:40:22.3 (498646779)|ENTERING_MANAGED_PKG|tdc_tsw
17:40:22.3 (499462557)|ENTERING_MANAGED_PKG|tdc_tsw
17:40:22.3 (500202782)|ENTERING_MANAGED_PKG|tdc_tsw
17:40:22.3 (525342767)|SOQL_EXECUTE_BEGIN|[758]|Aggregations:0|select tdc_tsw__ToNumber__c, tdc_tsw__Sender_Number__c, tdc_tsw__Sender_Name__c, tdc_tsw__Related_Object_Id_URL__c, tdc_tsw__Message_Text_New__c from tdc_tsw__Message__c where id ='a173B000000se1iQAA' Limit 1
17:40:22.3 (538554288)|SOQL_EXECUTE_END|[758]|Rows:1
17:40:22.3 (539344565)|ENTERING_MANAGED_PKG|tdc_tsw
17:40:22.3 (540240529)|ENTERING_MANAGED_PKG|tdc_tsw
17:40:22.3 (541041278)|ENTERING_MANAGED_PKG|tdc_tsw
17:40:22.3 (541825773)|ENTERING_MANAGED_PKG|tdc_tsw
17:40:22.3 (542615748)|ENTERING_MANAGED_PKG|tdc_tsw
17:40:22.3 (543713362)|SOQL_EXECUTE_BEGIN|[248]|Aggregations:0|SELECT Id, IsSandbox, Name FROM Organization LIMIT 1
17:40:22.3 (549239753)|SOQL_EXECUTE_END|[248]|Rows:1
17:40:22.3 (550859724)|ENTERING_MANAGED_PKG|tdc_tsw
17:40:22.3 (555976419)|SOQL_EXECUTE_BEGIN|[434]|Aggregations:0|SELECT id, name, First_Question__c, Question_Text__c, Question__c, Question_Label__c, Object__c, tdc_tsw__Survey__c, Survey__r.name FROM Question__c WHERE id = :tmpVar1
17:40:22.3 (560433201)|SOQL_EXECUTE_END|[434]|Rows:0
17:40:22.3 (561279440)|ENTERING_MANAGED_PKG|tdc_tsw
17:40:22.3 (562918963)|SOQL_EXECUTE_BEGIN|[628]|Aggregations:0|Select id, leadId, contactId from CampaignMember where Id In : Ids
17:40:22.3 (565848155)|SOQL_EXECUTE_END|[628]|Rows:0
17:40:22.566 (566552255)|CUMULATIVE_LIMIT_USAGE
17:40:22.566 (566552255)|LIMIT_USAGE_FOR_NS|(default)|
  Number of SOQL queries: 0 out of 100
  Number of query rows: 0 out of 50000
  Number of SOSL queries: 0 out of 20
  Number of DML statements: 0 out of 150
  Number of DML rows: 0 out of 10000
  Maximum CPU time: 187 out of 10000
  Maximum heap size: 0 out of 6000000
  Number of callouts: 0 out of 100
  Number of Email Invocations: 0 out of 10
  Number of future calls: 0 out of 50
  Number of queueable jobs added to the queue: 0 out of 50
  Number of Mobile Apex push calls: 0 out of 10

17:40:22.566 (566552255)|LIMIT_USAGE_FOR_NS|tdc_tsw|
  Number of SOQL queries: 14 out of 100
  Number of query rows: 20 out of 50000
  Number of SOSL queries: 0 out of 20
  Number of DML statements: 2 out of 150
  Number of DML rows: 2 out of 10000
  Maximum CPU time: 0 out of 10000
  Maximum heap size: 0 out of 6000000
  Number of callouts: 0 out of 100
  Number of Email Invocations: 0 out of 10
  Number of future calls: 0 out of 50
  Number of queueable jobs added to the queue: 0 out of 50
  Number of Mobile Apex push calls: 0 out of 10

17:40:22.566 (566552255)|CUMULATIVE_LIMIT_USAGE_END

17:40:22.595 (595417585)|PUSH_TRACE_FLAGS|[EXTERNAL]|01p3B000001izES|PhoneMatcher|APEX_CODE,FINEST;APEX_PROFILING,INFO;CALLOUT,INFO;DB,INFO;NBA,INFO;SYSTEM,DEBUG;VALIDATION,INFO;VISUALFORCE,INFO;WAVE,INFO;WORKFLOW,INFO
17:40:22.595 (595471845)|CODE_UNIT_STARTED|[EXTERNAL]|01p3B000001izES|PhoneMatcher.MatchContactOnPhoneNunber(List<tdc_tsw__Message__c>)
17:40:22.595 (595544316)|HEAP_ALLOCATE|[EXTERNAL]|Bytes:8
17:40:22.595 (595630841)|HEAP_ALLOCATE|[EXTERNAL]|Bytes:1
17:40:22.595 (595662992)|METHOD_ENTRY|[5]|01p3B000001izES|PhoneMatcher.PhoneMatcher()
17:40:22.595 (595677344)|STATEMENT_EXECUTE|[5]
17:40:22.595 (595686382)|STATEMENT_EXECUTE|[5]
17:40:22.595 (595696081)|METHOD_EXIT|[5]|PhoneMatcher
17:40:22.595 (595745100)|HEAP_ALLOCATE|[EXTERNAL]|Bytes:8
17:40:22.595 (595765416)|VARIABLE_SCOPE_BEGIN|[8]|messages|List<tdc_tsw__Message__c>|true|false
17:40:22.595 (598551716)|VARIABLE_ASSIGNMENT|[8]|messages|[{"LastModifiedDate":"2019-01-21T22:40:23.000Z","tdc_tsw__ToNumber__c":"+17065037067","tdc_tsw__Sender_Number__c":"+13038816946","tdc_tsw__Read__c":false,"tdc_tsw__Read_Status__c":"Unread","tdc_tsw__Task_Created__c":false,"Name":"Incoming","tdc_tsw__Event_Created__c":false,"tdc_tsw__Message_Text_New__c":"Chanida","tdc_tsw__Created_Date__c":"2019-01-21T22:40:22.000Z","CreatedById":"0051H000009gxp8QAA","tdc_tsw__Is_Keyword_Based__c":false,"OwnerId":"0051H000009gxp8QAA","tdc_tsw__Related_Object_Id_URL__c":"_HL_ENCODED_https:// (97 more) ...","RecordTypeId":"0121H000001Ie7fQAC","tdc_tsw__Delivered_SMS__c":"_IM1_/resource/tdc_t (27 more) ...","tdc_tsw__Important__c":false,"tdc_tsw__Delivered__c":false,"tdc_tsw__Related_Object__c":"tdc_tsw__Message__c","IsDeleted":false,"tdc_tsw__Incoming_Status__c":"Not Read","tdc_tsw__isCaseCreated__c":false,"tdc_tsw__Message__c":"a173B000000sdzIQAQ","tdc_tsw__Related_Object_Id__c":"a173B000000sdzDQAQ","SystemModstamp":"2019-01-21T22:40:23.000Z","tdc_tsw__Sender_Name__c":"Incoming","tdc_tsw__isLeadCreated__c":false,"CreatedDate":"2019-01-21T22:40:22.000Z","Id":"a173B000000se1iQAA","LastModifiedById":"0051H000009gxp8QAA","tdc_tsw__Delivery_Status__c":"Sent"}]|0x4701324c
17:40:22.595 (598604781)|STATEMENT_EXECUTE|[8]
17:40:22.595 (598609504)|STATEMENT_EXECUTE|[9]
17:40:22.595 (598703973)|HEAP_ALLOCATE|[9]|Bytes:4
17:40:22.595 (598864603)|VARIABLE_SCOPE_BEGIN|[9]|template|tdc_tsw__Message_Template__c|true|false
17:40:22.595 (598908126)|VARIABLE_ASSIGNMENT|[9]|template|{}|0x48fa53a6
17:40:22.595 (598920937)|STATEMENT_EXECUTE|[10]
17:40:22.595 (599032340)|HEAP_ALLOCATE|[10]|Bytes:18
17:40:22.595 (599857035)|VARIABLE_ASSIGNMENT|[10]|this.Name|"a173B000000se1iQAA"|0x48fa53a6
17:40:22.595 (599873214)|STATEMENT_EXECUTE|[11]
17:40:22.595 (599893418)|VARIABLE_SCOPE_BEGIN|[11]|authorized|Boolean|false|false
17:40:22.595 (599916197)|HEAP_ALLOCATE|[11]|Bytes:5
17:40:22.595 (599933521)|VARIABLE_ASSIGNMENT|[11]|authorized|false
17:40:22.595 (599942921)|STATEMENT_EXECUTE|[12]
17:40:22.595 (599948628)|VARIABLE_SCOPE_BEGIN|[12]|requestingNumber|String|false|false
17:40:22.595 (599968222)|VARIABLE_ASSIGNMENT|[12]|requestingNumber|""
17:40:22.595 (599980204)|STATEMENT_EXECUTE|[13]
17:40:22.595 (600089933)|VARIABLE_ASSIGNMENT|[13]|requestingNumber|"+13038816946"
17:40:22.595 (600105606)|STATEMENT_EXECUTE|[14]
17:40:22.595 (600107677)|STATEMENT_EXECUTE|[15]
17:40:22.595 (600180986)|HEAP_ALLOCATE|[15]|Bytes:11
17:40:22.595 (600221083)|VARIABLE_ASSIGNMENT|[15]|requestingNumber|"13038816946"
17:40:22.595 (600234879)|STATEMENT_EXECUTE|[16]
17:40:22.595 (600286500)|HEAP_ALLOCATE|[16]|Bytes:10
17:40:22.595 (600324509)|VARIABLE_ASSIGNMENT|[16]|requestingNumber|"3038816946"
17:40:22.595 (600339256)|STATEMENT_EXECUTE|[19]
17:40:22.595 (600346884)|HEAP_ALLOCATE|[19]|Bytes:144
17:40:22.595 (600372843)|HEAP_ALLOCATE|[19]|Bytes:4
17:40:22.595 (602818940)|SOQL_EXECUTE_BEGIN|[19]|Aggregations:0|SELECT ID, SMS_Lookup_Access__c FROM Contact WHERE ((PhoneNumeric__c = :tmpVar1 OR MobileNumeric__c = :tmpVar2) AND SMS_Lookup_Access__c = TRUE)
17:40:22.595 (607276310)|SOQL_EXECUTE_END|[19]|Rows:1
17:40:22.595 (607311139)|HEAP_ALLOCATE|[19]|Bytes:8
17:40:22.595 (607336530)|HEAP_ALLOCATE|[19]|Bytes:57
17:40:22.595 (607419964)|HEAP_ALLOCATE|[19]|Bytes:8
17:40:22.595 (607446251)|VARIABLE_SCOPE_BEGIN|[19]|requestingContacts|List<Contact>|true|false
17:40:22.595 (607487395)|VARIABLE_ASSIGNMENT|[19]|requestingContacts|[{"Id":"0033B00000Q9yz1QAB","SMS_Lookup_Access__c":true}]|0xda7a4a8
17:40:22.595 (607577459)|STATEMENT_EXECUTE|[24]
17:40:22.595 (607580950)|STATEMENT_EXECUTE|[25]
17:40:22.595 (607651780)|HEAP_ALLOCATE|[25]|Bytes:4
17:40:22.595 (607722228)|VARIABLE_SCOPE_BEGIN|[25]|results|List<LookupResult__c>|true|false
17:40:22.595 (607746492)|HEAP_ALLOCATE|[EXTERNAL]|Bytes:4
17:40:22.595 (607761512)|VARIABLE_ASSIGNMENT|[25]|results|[]|0x46318abf
17:40:22.595 (607777095)|STATEMENT_EXECUTE|[26]
17:40:22.595 (607782425)|VARIABLE_SCOPE_BEGIN|[26]|counter|Integer|false|false
17:40:22.595 (607797748)|HEAP_ALLOCATE|[26]|Bytes:4
17:40:22.595 (607815836)|VARIABLE_ASSIGNMENT|[26]|counter|1
17:40:22.595 (607825503)|STATEMENT_EXECUTE|[27]
17:40:22.595 (607955836)|HEAP_ALLOCATE|[27]|Bytes:9
17:40:22.595 (607973503)|VARIABLE_SCOPE_BEGIN|[27]|inMessage|String|false|false
17:40:22.595 (607996019)|VARIABLE_ASSIGNMENT|[27]|inMessage|"%Chanida%"
17:40:22.595 (608005670)|STATEMENT_EXECUTE|[28]
17:40:22.595 (608010105)|VARIABLE_SCOPE_BEGIN|[28]|outMessage|String|false|false
17:40:22.595 (608027575)|VARIABLE_ASSIGNMENT|[28]|outMessage|""
17:40:22.595 (608037277)|STATEMENT_EXECUTE|[29]
17:40:22.595 (608044270)|VARIABLE_SCOPE_BEGIN|[29]|phoneWithPrefix|String|false|false
17:40:22.595 (608060780)|VARIABLE_ASSIGNMENT|[29]|phoneWithPrefix|""
17:40:22.595 (608071275)|STATEMENT_EXECUTE|[30]
17:40:22.595 (608077180)|VARIABLE_SCOPE_BEGIN|[30]|phone|String|false|false
17:40:22.595 (608101440)|VARIABLE_ASSIGNMENT|[30]|phone|""
17:40:22.595 (608131060)|STATEMENT_EXECUTE|[31]
17:40:22.595 (608136271)|STATEMENT_EXECUTE|[32]
17:40:22.595 (608190373)|HEAP_ALLOCATE|[32]|Bytes:7
17:40:22.595 (608223662)|VARIABLE_ASSIGNMENT|[32]|phone|"Chanida"
17:40:22.595 (608236348)|STATEMENT_EXECUTE|[33]
17:40:22.595 (608242075)|HEAP_ALLOCATE|[33]|Bytes:1
17:40:22.595 (608295768)|HEAP_ALLOCATE|[33]|Bytes:7
17:40:22.595 (608327417)|HEAP_ALLOCATE|[33]|Bytes:8
17:40:22.595 (608346693)|VARIABLE_ASSIGNMENT|[33]|phoneWithPrefix|"1Chanida"
17:40:22.595 (608357301)|STATEMENT_EXECUTE|[35]
17:40:22.595 (608363116)|HEAP_ALLOCATE|[35]|Bytes:61
17:40:22.595 (608386123)|HEAP_ALLOCATE|[35]|Bytes:4
17:40:22.595 (610827656)|SOQL_EXECUTE_BEGIN|[35]|Aggregations:0|SELECT Name, Sent_Us__c FROM Account WHERE Name LIKE :tmpVar1
17:40:22.595 (621402853)|SOQL_EXECUTE_END|[35]|Rows:0
17:40:22.595 (621440219)|HEAP_ALLOCATE|[35]|Bytes:4
17:40:22.595 (621460474)|HEAP_ALLOCATE|[35]|Bytes:0
17:40:22.595 (621558882)|HEAP_ALLOCATE|[35]|Bytes:4
17:40:22.595 (621588686)|VARIABLE_SCOPE_BEGIN|[35]|accounts|List<Account>|true|false
17:40:22.595 (621621540)|VARIABLE_ASSIGNMENT|[35]|accounts|[]|0x20afd5b9
17:40:22.595 (621839112)|HEAP_ALLOCATE|[38]|Bytes:5
17:40:22.595 (621903156)|VARIABLE_ASSIGNMENT|[38]|account|null|
17:40:22.595 (621918520)|STATEMENT_EXECUTE|[38]
17:40:22.595 (621922951)|STATEMENT_EXECUTE|[54]
17:40:22.595 (621928666)|HEAP_ALLOCATE|[54]|Bytes:215
17:40:22.595 (621955952)|HEAP_ALLOCATE|[54]|Bytes:4
17:40:22.595 (621992439)|HEAP_ALLOCATE|[54]|Bytes:7
17:40:22.595 (622011607)|HEAP_ALLOCATE|[54]|Bytes:7
17:40:22.595 (622056911)|HEAP_ALLOCATE|[54]|Bytes:7
17:40:22.595 (622620650)|SOQL_EXECUTE_BEGIN|[54]|Aggregations:0|SELECT ID, Phone, MobilePhone, Name, Email, AccountId FROM Contact WHERE (PhoneNumeric__c = :tmpVar1 OR MobileNumeric__c = :tmpVar2 OR PhoneNumeric__c = :tmpVar3 OR MobileNumeric__c = :tmpVar4 OR Name LIKE :tmpVar5)
17:40:22.595 (628473654)|SOQL_EXECUTE_END|[54]|Rows:1
17:40:22.595 (628507158)|HEAP_ALLOCATE|[54]|Bytes:8
17:40:22.595 (628531292)|HEAP_ALLOCATE|[54]|Bytes:168
17:40:22.595 (628569648)|HEAP_ALLOCATE|[54]|Bytes:8
17:40:22.595 (628586772)|VARIABLE_SCOPE_BEGIN|[54]|contacts|List<Contact>|true|false
17:40:22.595 (628642686)|VARIABLE_ASSIGNMENT|[54]|contacts|[{"Id":"0033B00000Q9yz1QAB","Phone":"3038816946","MobilePhone":"3038816946","Name":"Chanida Clarkston","Email":"chanida@solvedbysoft (10 more) ...","AccountId":"0013B00000XmNrpQAF"}]|0x6a2c8de7
17:40:22.595 (628702175)|STATEMENT_EXECUTE|[59]
17:40:22.595 (628824956)|HEAP_ALLOCATE|[60]|Bytes:5
17:40:22.595 (628884449)|HEAP_ALLOCATE|[60]|Bytes:28
17:40:22.595 (628908521)|VARIABLE_SCOPE_BEGIN|[60]|contact|Contact|true|false
17:40:22.595 (628952509)|VARIABLE_ASSIGNMENT|[60]|contact|{"Id":"0033B00000Q9yz1QAB","Phone":"3038816946","MobilePhone":"3038816946","Name":"Chanida Clarkston","Email":"chanida@solvedbysoft (10 more) ...","AccountId":"0013B00000XmNrpQAF"}|0x545c2b37
17:40:22.595 (628968893)|STATEMENT_EXECUTE|[60]
17:40:22.595 (628972697)|STATEMENT_EXECUTE|[61]
17:40:22.595 (629013846)|VARIABLE_SCOPE_BEGIN|[61]|cPhone|String|false|false
17:40:22.595 (629040561)|VARIABLE_ASSIGNMENT|[61]|cPhone|"3038816946"
17:40:22.595 (629050268)|STATEMENT_EXECUTE|[62]
17:40:22.595 (629079269)|VARIABLE_SCOPE_BEGIN|[62]|cMobilePhone|String|false|false
17:40:22.595 (629103784)|VARIABLE_ASSIGNMENT|[62]|cMobilePhone|"3038816946"
17:40:22.595 (629114503)|STATEMENT_EXECUTE|[63]
17:40:22.595 (629121740)|HEAP_ALLOCATE|[63]|Bytes:15
17:40:22.595 (629154278)|HEAP_ALLOCATE|[63]|Bytes:8
17:40:22.595 (629164069)|HEAP_ALLOCATE|[63]|Bytes:9
17:40:22.595 (629185350)|HEAP_ALLOCATE|[63]|Bytes:69
17:40:22.595 (629198594)|HEAP_ALLOCATE|[63]|Bytes:8
17:40:22.595 (629232277)|HEAP_ALLOCATE|[63]|Bytes:38
17:40:22.595 (629245055)|HEAP_ALLOCATE|[63]|Bytes:107
17:40:22.595 (629258625)|HEAP_ALLOCATE|[63]|Bytes:107
17:40:22.595 (629279771)|VARIABLE_ASSIGNMENT|[63]|outMessage|"\nContact\nName: Chani (87 more) ..."
17:40:22.595 (629292905)|STATEMENT_EXECUTE|[64]
17:40:22.595 (629330069)|HEAP_ALLOCATE|[64]|Bytes:4
17:40:22.595 (630295958)|VARIABLE_ASSIGNMENT|[64]|this.SMS_History__c|"a173B000000se1iQAA"|0x38da6f5a
17:40:22.595 (630347051)|HEAP_ALLOCATE|[64]|Bytes:28
17:40:22.595 (630361496)|HEAP_ALLOCATE|[64]|Bytes:28
17:40:22.595 (630409504)|VARIABLE_ASSIGNMENT|[64]|this.Key__c|1|0x38da6f5a
17:40:22.595 (630457652)|HEAP_ALLOCATE|[64]|Bytes:18
17:40:22.595 (630504606)|VARIABLE_ASSIGNMENT|[64]|this.ObjectId__c|"0033B00000Q9yz1QAB"|0x38da6f5a
17:40:22.595 (630632754)|VARIABLE_ASSIGNMENT|[64]|this.Name|"Chanida Clarkston"|0x38da6f5a
17:40:22.595 (630724325)|HEAP_ALLOCATE|[EXTERNAL]|Bytes:4
17:40:22.595 (630744323)|STATEMENT_EXECUTE|[65]
17:40:22.595 (630749131)|HEAP_ALLOCATE|[65]|Bytes:4
17:40:22.595 (630766170)|VARIABLE_ASSIGNMENT|[65]|counter|2
17:40:22.595 (630801704)|STATEMENT_EXECUTE|[66]
17:40:22.595 (630806347)|STATEMENT_EXECUTE|[67]
17:40:22.595 (630810588)|HEAP_ALLOCATE|[67]|Bytes:107
17:40:22.595 (630838581)|HEAP_ALLOCATE|[67]|Bytes:4
17:40:22.595 (631169456)|SOQL_EXECUTE_BEGIN|[67]|Aggregations:0|SELECT Name, Sent_Us__c FROM Account WHERE (Account_Type__c = 'Business Account' AND ID = :tmpVar1) LIMIT 1
17:40:22.595 (670364761)|SOQL_EXECUTE_END|[67]|Rows:1
17:40:22.595 (670416984)|HEAP_ALLOCATE|[67]|Bytes:8
17:40:22.595 (670442653)|HEAP_ALLOCATE|[67]|Bytes:55
17:40:22.595 (670511191)|HEAP_ALLOCATE|[67]|Bytes:8
17:40:22.595 (670542315)|HEAP_ALLOCATE|[67]|Bytes:33
17:40:22.595 (670580384)|HEAP_ALLOCATE|[67]|Bytes:12
17:40:22.595 (670600426)|VARIABLE_SCOPE_BEGIN|[67]|account|Account|true|false
17:40:22.595 (670646155)|VARIABLE_ASSIGNMENT|[67]|account|{"Name":"K&P Administrative","Id":"0013B00000XmNrpQAF"}|0xed5656d
17:40:22.595 (670662357)|STATEMENT_EXECUTE|[71]
17:40:22.595 (670678649)|HEAP_ALLOCATE|[71]|Bytes:1
17:40:22.595 (670691703)|VARIABLE_SCOPE_BEGIN|[71]|sentUs|String|false|false
17:40:22.595 (670712984)|VARIABLE_ASSIGNMENT|[71]|sentUs|"0"
17:40:22.595 (670722616)|STATEMENT_EXECUTE|[72]
17:40:22.595 (670727346)|HEAP_ALLOCATE|[72]|Bytes:15
17:40:22.595 (670773136)|HEAP_ALLOCATE|[72]|Bytes:9
17:40:22.595 (670800487)|HEAP_ALLOCATE|[72]|Bytes:43
17:40:22.595 (670816668)|HEAP_ALLOCATE|[72]|Bytes:150
17:40:22.595 (670839863)|VARIABLE_ASSIGNMENT|[72]|outMessage|"\nContact\nName: Chani (130 more) ..."
17:40:22.595 (670891238)|HEAP_ALLOCATE|[60]|Bytes:5
17:40:22.595 (670921080)|VARIABLE_ASSIGNMENT|[60]|contact|null|
17:40:22.595 (671010280)|STATEMENT_EXECUTE|[77]
17:40:22.595 (671020869)|STATEMENT_EXECUTE|[78]
17:40:22.595 (671025748)|HEAP_ALLOCATE|[78]|Bytes:1
17:40:22.595 (671042082)|HEAP_ALLOCATE|[78]|Bytes:151
17:40:22.595 (671063785)|VARIABLE_ASSIGNMENT|[78]|outMessage|"\nContact\nName: Chani (131 more) ..."
17:40:22.595 (671075812)|STATEMENT_EXECUTE|[80]
17:40:22.595 (671082248)|HEAP_ALLOCATE|[80]|Bytes:201
17:40:22.595 (671111481)|HEAP_ALLOCATE|[80]|Bytes:4
17:40:22.595 (674227297)|SOQL_EXECUTE_BEGIN|[80]|Aggregations:0|SELECT ID, Phone, MobilePhone, Name, Email FROM Lead WHERE (PhoneNumeric__c = :tmpVar1 OR MobileNumeric__c = :tmpVar2 OR PhoneNumeric__c = :tmpVar3 OR MobileNumeric__c = :tmpVar4 OR Name LIKE :tmpVar5)
17:40:22.595 (682368418)|SOQL_EXECUTE_END|[80]|Rows:3
17:40:22.595 (682402096)|HEAP_ALLOCATE|[80]|Bytes:16
17:40:22.595 (682422509)|HEAP_ALLOCATE|[80]|Bytes:252
17:40:22.595 (682518719)|HEAP_ALLOCATE|[80]|Bytes:16
17:40:22.595 (682544324)|VARIABLE_SCOPE_BEGIN|[80]|leads|List<Lead>|true|false
17:40:22.595 (682602682)|VARIABLE_ASSIGNMENT|[80]|leads|[{"Id":"00Q3B000005aR71UAE","Name":"Chanida Clarskton"},{"Id":"00Q3B000005aR7BUAU","Phone":"3038816946","Name":"Chanida Clarkston","Email":"adinahc@gmail.com"},{"Id":"00Q3B000005aR76UAE","Phone":"3038816946","Name":"Chanida Clarkston","Email":"adinahc@gmail.com"}]|0x135f824
17:40:22.595 (682705637)|STATEMENT_EXECUTE|[85]
17:40:22.595 (682868667)|HEAP_ALLOCATE|[86]|Bytes:5
17:40:22.595 (682931782)|HEAP_ALLOCATE|[86]|Bytes:12
17:40:22.595 (682954882)|VARIABLE_SCOPE_BEGIN|[86]|lead|Lead|true|false
17:40:22.595 (682987681)|VARIABLE_ASSIGNMENT|[86]|lead|{"Id":"00Q3B000005aR71UAE","Name":"Chanida Clarskton"}|0x14665863
17:40:22.595 (683006545)|STATEMENT_EXECUTE|[86]
17:40:22.595 (683009464)|STATEMENT_EXECUTE|[87]
17:40:22.595 (683021963)|VARIABLE_SCOPE_BEGIN|[87]|lPhone|String|false|false
17:40:22.595 (683045381)|VARIABLE_ASSIGNMENT|[87]|lPhone|""
17:40:22.595 (683055625)|STATEMENT_EXECUTE|[88]
17:40:22.595 (683062732)|VARIABLE_SCOPE_BEGIN|[88]|lMobilePhone|String|false|false
17:40:22.595 (683082413)|VARIABLE_ASSIGNMENT|[88]|lMobilePhone|""
17:40:22.595 (683093214)|STATEMENT_EXECUTE|[89]
17:40:22.595 (683098504)|HEAP_ALLOCATE|[89]|Bytes:12
17:40:22.595 (683142272)|HEAP_ALLOCATE|[89]|Bytes:46
17:40:22.595 (683167242)|HEAP_ALLOCATE|[89]|Bytes:12
17:40:22.595 (683179205)|HEAP_ALLOCATE|[89]|Bytes:58
17:40:22.595 (683188325)|HEAP_ALLOCATE|[89]|Bytes:209
17:40:22.595 (683208693)|VARIABLE_ASSIGNMENT|[89]|outMessage|"\nContact\nName: Chani (189 more) ..."
17:40:22.595 (683223239)|STATEMENT_EXECUTE|[90]
17:40:22.595 (683252436)|HEAP_ALLOCATE|[90]|Bytes:4
17:40:22.595 (683440047)|VARIABLE_ASSIGNMENT|[90]|this.SMS_History__c|"a173B000000se1iQAA"|0x7b01a880
17:40:22.595 (683475148)|HEAP_ALLOCATE|[90]|Bytes:28
17:40:22.595 (683486952)|HEAP_ALLOCATE|[90]|Bytes:28
17:40:22.595 (683528940)|VARIABLE_ASSIGNMENT|[90]|this.Key__c|2|0x7b01a880
17:40:22.595 (683576405)|HEAP_ALLOCATE|[90]|Bytes:18
17:40:22.595 (683617307)|VARIABLE_ASSIGNMENT|[90]|this.ObjectId__c|"00Q3B000005aR71UAE"|0x7b01a880
17:40:22.595 (683669237)|VARIABLE_ASSIGNMENT|[90]|this.Name|"Chanida Clarskton"|0x7b01a880
17:40:22.595 (683756122)|HEAP_ALLOCATE|[EXTERNAL]|Bytes:4
17:40:22.595 (683777428)|STATEMENT_EXECUTE|[91]
17:40:22.595 (683782258)|HEAP_ALLOCATE|[91]|Bytes:4
17:40:22.595 (683800268)|VARIABLE_ASSIGNMENT|[91]|counter|3
17:40:22.595 (683824760)|HEAP_ALLOCATE|[86]|Bytes:5
17:40:22.595 (683849596)|HEAP_ALLOCATE|[86]|Bytes:20
17:40:22.595 (683863438)|VARIABLE_SCOPE_BEGIN|[86]|lead|Lead|true|false
17:40:22.595 (683906324)|VARIABLE_ASSIGNMENT|[86]|lead|{"Id":"00Q3B000005aR7BUAU","Phone":"3038816946","Name":"Chanida Clarkston","Email":"adinahc@gmail.com"}|0x783b6e80
17:40:22.595 (683925178)|STATEMENT_EXECUTE|[86]
17:40:22.595 (683927556)|STATEMENT_EXECUTE|[87]
17:40:22.595 (683960265)|VARIABLE_SCOPE_BEGIN|[87]|lPhone|String|false|false
17:40:22.595 (683987280)|VARIABLE_ASSIGNMENT|[87]|lPhone|"3038816946"
17:40:22.595 (683998828)|STATEMENT_EXECUTE|[88]
17:40:22.595 (684006152)|VARIABLE_SCOPE_BEGIN|[88]|lMobilePhone|String|false|false
17:40:22.595 (684026391)|VARIABLE_ASSIGNMENT|[88]|lMobilePhone|""
17:40:22.595 (684035761)|STATEMENT_EXECUTE|[89]
17:40:22.595 (684051169)|HEAP_ALLOCATE|[89]|Bytes:56
17:40:22.595 (684083961)|HEAP_ALLOCATE|[89]|Bytes:25
17:40:22.595 (684094148)|HEAP_ALLOCATE|[89]|Bytes:81
17:40:22.595 (684105530)|HEAP_ALLOCATE|[89]|Bytes:290
17:40:22.595 (684124524)|VARIABLE_ASSIGNMENT|[89]|outMessage|"\nContact\nName: Chani (270 more) ..."
17:40:22.595 (684137568)|STATEMENT_EXECUTE|[90]
17:40:22.595 (684162584)|HEAP_ALLOCATE|[90]|Bytes:4
17:40:22.595 (684289479)|VARIABLE_ASSIGNMENT|[90]|this.SMS_History__c|"a173B000000se1iQAA"|0x5e3884a4
17:40:22.595 (684325616)|HEAP_ALLOCATE|[90]|Bytes:28
17:40:22.595 (684336216)|HEAP_ALLOCATE|[90]|Bytes:28
17:40:22.595 (684378232)|VARIABLE_ASSIGNMENT|[90]|this.Key__c|3|0x5e3884a4
17:40:22.595 (684401432)|HEAP_ALLOCATE|[90]|Bytes:18
17:40:22.595 (684446552)|VARIABLE_ASSIGNMENT|[90]|this.ObjectId__c|"00Q3B000005aR7BUAU"|0x5e3884a4
17:40:22.595 (684497316)|VARIABLE_ASSIGNMENT|[90]|this.Name|"Chanida Clarkston"|0x5e3884a4
17:40:22.595 (684532222)|HEAP_ALLOCATE|[EXTERNAL]|Bytes:4
17:40:22.595 (684549475)|STATEMENT_EXECUTE|[91]
17:40:22.595 (684553251)|HEAP_ALLOCATE|[91]|Bytes:4
17:40:22.595 (684571174)|VARIABLE_ASSIGNMENT|[91]|counter|4
17:40:22.595 (684594794)|HEAP_ALLOCATE|[86]|Bytes:5
17:40:22.595 (684615804)|HEAP_ALLOCATE|[86]|Bytes:20
17:40:22.595 (684633295)|VARIABLE_SCOPE_BEGIN|[86]|lead|Lead|true|false
17:40:22.595 (684667486)|VARIABLE_ASSIGNMENT|[86]|lead|{"Id":"00Q3B000005aR76UAE","Phone":"3038816946","Name":"Chanida Clarkston","Email":"adinahc@gmail.com"}|0x7eded8e
17:40:22.595 (684681561)|STATEMENT_EXECUTE|[86]
17:40:22.595 (684685189)|STATEMENT_EXECUTE|[87]
17:40:22.595 (684699836)|VARIABLE_SCOPE_BEGIN|[87]|lPhone|String|false|false
17:40:22.595 (684721186)|VARIABLE_ASSIGNMENT|[87]|lPhone|"3038816946"
17:40:22.595 (684732500)|STATEMENT_EXECUTE|[88]
17:40:22.595 (684739121)|VARIABLE_SCOPE_BEGIN|[88]|lMobilePhone|String|false|false
17:40:22.595 (684759602)|VARIABLE_ASSIGNMENT|[88]|lMobilePhone|""
17:40:22.595 (684768987)|STATEMENT_EXECUTE|[89]
17:40:22.595 (684780784)|HEAP_ALLOCATE|[89]|Bytes:56
17:40:22.595 (684800261)|HEAP_ALLOCATE|[89]|Bytes:25
17:40:22.595 (684813947)|HEAP_ALLOCATE|[89]|Bytes:81
17:40:22.595 (684825444)|HEAP_ALLOCATE|[89]|Bytes:371
17:40:22.595 (684844152)|VARIABLE_ASSIGNMENT|[89]|outMessage|"\nContact\nName: Chani (351 more) ..."
17:40:22.595 (684854893)|STATEMENT_EXECUTE|[90]
17:40:22.595 (684883947)|HEAP_ALLOCATE|[90]|Bytes:4
17:40:22.595 (685014609)|VARIABLE_ASSIGNMENT|[90]|this.SMS_History__c|"a173B000000se1iQAA"|0x715e105b
17:40:22.595 (685043014)|HEAP_ALLOCATE|[90]|Bytes:28
17:40:22.595 (685055554)|HEAP_ALLOCATE|[90]|Bytes:28
17:40:22.595 (685091823)|VARIABLE_ASSIGNMENT|[90]|this.Key__c|4|0x715e105b
17:40:22.595 (685116671)|HEAP_ALLOCATE|[90]|Bytes:18
17:40:22.595 (685154330)|VARIABLE_ASSIGNMENT|[90]|this.ObjectId__c|"00Q3B000005aR76UAE"|0x715e105b
17:40:22.595 (685204270)|VARIABLE_ASSIGNMENT|[90]|this.Name|"Chanida Clarkston"|0x715e105b
17:40:22.595 (685236184)|HEAP_ALLOCATE|[EXTERNAL]|Bytes:4
17:40:22.595 (685247876)|STATEMENT_EXECUTE|[91]
17:40:22.595 (685251046)|HEAP_ALLOCATE|[91]|Bytes:4
17:40:22.595 (685267390)|VARIABLE_ASSIGNMENT|[91]|counter|5
17:40:22.595 (685291964)|HEAP_ALLOCATE|[86]|Bytes:5
17:40:22.595 (685315949)|VARIABLE_ASSIGNMENT|[86]|lead|null|
17:40:22.595 (685377147)|STATEMENT_EXECUTE|[94]
17:40:22.595 (685380261)|STATEMENT_EXECUTE|[95]
17:40:22.595 (685584953)|VARIABLE_ASSIGNMENT|[95]|this.tdc_tsw__SMSBodyNew__c|"\nContact\nName: Chani (351 more) ..."|0x48fa53a6
17:40:22.595 (685603428)|STATEMENT_EXECUTE|[100]
17:40:22.595 (685641759)|HEAP_ALLOCATE|[100]|Bytes:8
17:40:22.595 (685657976)|DML_BEGIN|[100]|Op:Insert|Type:tdc_tsw__Message_Template__c|Rows:1
17:40:22.595 (685702804)|HEAP_ALLOCATE|[EXTERNAL]|Bytes:8
17:40:22.595 (719544831)|DML_END|[100]
17:40:22.595 (719577911)|STATEMENT_EXECUTE|[101]
17:40:22.595 (719590927)|HEAP_ALLOCATE|[101]|Bytes:71
17:40:22.595 (719639454)|HEAP_ALLOCATE|[101]|Bytes:4
17:40:22.595 (720462911)|SOQL_EXECUTE_BEGIN|[101]|Aggregations:0|SELECT ResponseTemplate__c FROM tdc_tsw__Message__c WHERE ID = :tmpVar1
17:40:22.595 (726203524)|SOQL_EXECUTE_END|[101]|Rows:1
17:40:22.595 (726239944)|HEAP_ALLOCATE|[101]|Bytes:8
17:40:22.595 (726262098)|HEAP_ALLOCATE|[101]|Bytes:29
17:40:22.595 (726309756)|HEAP_ALLOCATE|[101]|Bytes:8
17:40:22.595 (726347453)|HEAP_ALLOCATE|[101]|Bytes:8
17:40:22.595 (726368092)|VARIABLE_SCOPE_BEGIN|[101]|updateSMS|tdc_tsw__Message__c|true|false
17:40:22.595 (726416805)|VARIABLE_ASSIGNMENT|[101]|updateSMS|{"Id":"a173B000000se1iQAA"}|0x1b550602
17:40:22.595 (726431518)|STATEMENT_EXECUTE|[105]
17:40:22.595 (726514093)|HEAP_ALLOCATE|[105]|Bytes:18
17:40:22.595 (726651670)|HEAP_ALLOCATE|[105]|Bytes:-4
17:40:22.595 (726676130)|VARIABLE_ASSIGNMENT|[105]|this.ResponseTemplate__c|"a153B000000pOY3QAM"|0x1b550602
17:40:22.595 (726690823)|STATEMENT_EXECUTE|[106]
17:40:22.595 (726760124)|HEAP_ALLOCATE|[106]|Bytes:8
17:40:22.595 (726775472)|DML_BEGIN|[106]|Op:Update|Type:tdc_tsw__Message__c|Rows:1
17:40:22.595 (726821581)|HEAP_ALLOCATE|[EXTERNAL]|Bytes:8
17:40:22.595 (766778902)|DML_END|[106]
17:40:22.766 (766824117)|CUMULATIVE_LIMIT_USAGE
17:40:22.766 (766824117)|LIMIT_USAGE_FOR_NS|(default)|
  Number of SOQL queries: 6 out of 100
  Number of query rows: 7 out of 50000
  Number of SOSL queries: 0 out of 20
  Number of DML statements: 2 out of 150
  Number of DML rows: 2 out of 10000
  Maximum CPU time: 383 out of 10000
  Maximum heap size: 0 out of 6000000
  Number of callouts: 0 out of 100
  Number of Email Invocations: 0 out of 10
  Number of future calls: 0 out of 50
  Number of queueable jobs added to the queue: 0 out of 50
  Number of Mobile Apex push calls: 0 out of 10

17:40:22.766 (766824117)|LIMIT_USAGE_FOR_NS|tdc_tsw|
  Number of SOQL queries: 14 out of 100
  Number of query rows: 20 out of 50000
  Number of SOSL queries: 0 out of 20
  Number of DML statements: 2 out of 150
  Number of DML rows: 2 out of 10000
  Maximum CPU time: 0 out of 10000
  Maximum heap size: 0 out of 6000000
  Number of callouts: 0 out of 100
  Number of Email Invocations: 0 out of 10
  Number of future calls: 0 out of 50
  Number of queueable jobs added to the queue: 0 out of 50
  Number of Mobile Apex push calls: 0 out of 10

17:40:22.766 (766824117)|CUMULATIVE_LIMIT_USAGE_END

17:40:22.595 (766903097)|CODE_UNIT_FINISHED|PhoneMatcher.MatchContactOnPhoneNunber(List<tdc_tsw__Message__c>)
17:40:22.595 (766931512)|POP_TRACE_FLAGS|[EXTERNAL]|01p3B000001izES|PhoneMatcher|APEX_CODE,FINEST;APEX_PROFILING,INFO;CALLOUT,INFO;DB,INFO;NBA,INFO;SYSTEM,DEBUG;VALIDATION,INFO;VISUALFORCE,INFO;WAVE,INFO;WORKFLOW,INFO
17:40:22.778 (778507039)|ENTERING_MANAGED_PKG|tdc_tsw
17:40:22.778 (778719366)|ENTERING_MANAGED_PKG|tdc_tsw
17:40:22.778 (780068081)|ENTERING_MANAGED_PKG|tdc_tsw
17:40:22.778 (780228085)|ENTERING_MANAGED_PKG|tdc_tsw
17:40:22.778 (780781605)|ENTERING_MANAGED_PKG|tdc_tsw
17:40:22.778 (784177795)|SOQL_EXECUTE_BEGIN|[420]|Aggregations:0|SELECT SMSBodyNew__c FROM Message_Template__c WHERE id = :tmpVar1
17:40:22.778 (788939400)|SOQL_EXECUTE_END|[420]|Rows:1
17:40:22.778 (789213903)|ENTERING_MANAGED_PKG|tdc_tsw
17:40:22.778 (807896865)|ENTERING_MANAGED_PKG|tdc_tsw
17:40:22.778 (808922470)|ENTERING_MANAGED_PKG|tdc_tsw
17:40:22.846 (846507157)|CODE_UNIT_STARTED|[EXTERNAL]|01p3B000001jPFH|SMSTemplateCleanUp.RemoveSMSTemplate(List<tdc_tsw__Message__c>)
17:40:22.846 (846572905)|HEAP_ALLOCATE|[EXTERNAL]|Bytes:8
17:40:22.846 (846655729)|HEAP_ALLOCATE|[EXTERNAL]|Bytes:1
17:40:22.846 (846680829)|METHOD_ENTRY|[5]|01p3B000001jPFH|SMSTemplateCleanUp.SMSTemplateCleanUp()
17:40:22.846 (846693703)|STATEMENT_EXECUTE|[5]
17:40:22.846 (846705451)|STATEMENT_EXECUTE|[5]
17:40:22.846 (846713750)|METHOD_EXIT|[5]|SMSTemplateCleanUp
17:40:22.846 (846769286)|HEAP_ALLOCATE|[EXTERNAL]|Bytes:8
17:40:22.846 (846790210)|VARIABLE_SCOPE_BEGIN|[7]|messages|List<tdc_tsw__Message__c>|true|false
17:40:22.846 (849180247)|VARIABLE_ASSIGNMENT|[7]|messages|[{"LastModifiedDate":"2019-01-21T22:40:23.000Z","tdc_tsw__ToNumber__c":"+17065037067","tdc_tsw__Sender_Number__c":"+13038816946","tdc_tsw__Read__c":false,"tdc_tsw__Read_Status__c":"Unread","tdc_tsw__Task_Created__c":false,"Name":"Incoming","tdc_tsw__Event_Created__c":false,"tdc_tsw__Message_Text_New__c":"Chanida","tdc_tsw__Created_Date__c":"2019-01-21T22:40:22.000Z","CreatedById":"0051H000009gxp8QAA","tdc_tsw__Is_Keyword_Based__c":false,"OwnerId":"0051H000009gxp8QAA","tdc_tsw__Related_Object_Id_URL__c":"_HL_ENCODED_https:// (97 more) ...","RecordTypeId":"0121H000001Ie7fQAC","tdc_tsw__Delivered_SMS__c":"_IM1_/resource/tdc_t (27 more) ...","tdc_tsw__Important__c":false,"tdc_tsw__Delivered__c":false,"tdc_tsw__Related_Object__c":"tdc_tsw__Message__c","IsDeleted":false,"tdc_tsw__Incoming_Status__c":"Not Read","tdc_tsw__isCaseCreated__c":false,"tdc_tsw__Message__c":"a173B000000sdzIQAQ","tdc_tsw__Related_Object_Id__c":"a173B000000sdzDQAQ","ResponseTemplate__c":"a153B000000pOY3QAM","SystemModstamp":"2019-01-21T22:40:23.000Z","tdc_tsw__Sender_Name__c":"Incoming","tdc_tsw__isLeadCreated__c":false,"CreatedDate":"2019-01-21T22:40:22.000Z","Id":"a173B000000se1iQAA","LastModifiedById":"0051H000009gxp8QAA","tdc_tsw__Delivery_Status__c":"Sent"}]|0x7b7ff865
17:40:22.846 (849233671)|STATEMENT_EXECUTE|[7]
17:40:22.846 (849236415)|STATEMENT_EXECUTE|[8]
17:40:22.846 (849243815)|HEAP_ALLOCATE|[8]|Bytes:71
17:40:22.846 (849272789)|HEAP_ALLOCATE|[8]|Bytes:4
17:40:22.846 (850130962)|SOQL_EXECUTE_BEGIN|[8]|Aggregations:0|SELECT ID FROM tdc_tsw__Message_Template__c WHERE ID = :tmpVar1 LIMIT 1
17:40:22.846 (853989510)|SOQL_EXECUTE_END|[8]|Rows:1
17:40:22.846 (854028203)|HEAP_ALLOCATE|[8]|Bytes:8
17:40:22.846 (854054522)|HEAP_ALLOCATE|[8]|Bytes:29
17:40:22.846 (854101198)|HEAP_ALLOCATE|[8]|Bytes:8
17:40:22.846 (854119441)|HEAP_ALLOCATE|[8]|Bytes:54
17:40:22.846 (854148200)|HEAP_ALLOCATE|[8]|Bytes:8
17:40:22.846 (854180695)|VARIABLE_SCOPE_BEGIN|[8]|template|tdc_tsw__Message_Template__c|true|false
17:40:22.846 (854217440)|VARIABLE_ASSIGNMENT|[8]|template|{"Id":"a153B000000pOY3QAM"}|0x1006dfad
17:40:22.846 (854232476)|STATEMENT_EXECUTE|[12]
17:40:22.846 (854317159)|HEAP_ALLOCATE|[12]|Bytes:8
17:40:22.846 (854343491)|HEAP_ALLOCATE|[12]|Bytes:8
17:40:22.846 (854355005)|DML_BEGIN|[12]|Op:Delete|Type:tdc_tsw__Message_Template__c|Rows:1
17:40:22.846 (854404917)|HEAP_ALLOCATE|[EXTERNAL]|Bytes:8
17:40:22.846 (981940625)|DML_END|[12]
17:40:22.981 (981988700)|CUMULATIVE_LIMIT_USAGE
17:40:22.981 (981988700)|LIMIT_USAGE_FOR_NS|(default)|
  Number of SOQL queries: 7 out of 100
  Number of query rows: 8 out of 50000
  Number of SOSL queries: 0 out of 20
  Number of DML statements: 3 out of 150
  Number of DML rows: 3 out of 10000
  Maximum CPU time: 383 out of 10000
  Maximum heap size: 0 out of 6000000
  Number of callouts: 0 out of 100
  Number of Email Invocations: 0 out of 10
  Number of future calls: 0 out of 50
  Number of queueable jobs added to the queue: 0 out of 50
  Number of Mobile Apex push calls: 0 out of 10

17:40:22.981 (981988700)|LIMIT_USAGE_FOR_NS|tdc_tsw|
  Number of SOQL queries: 15 out of 100
  Number of query rows: 21 out of 50000
  Number of SOSL queries: 0 out of 20
  Number of DML statements: 2 out of 150
  Number of DML rows: 2 out of 10000
  Maximum CPU time: 0 out of 10000
  Maximum heap size: 0 out of 6000000
  Number of callouts: 0 out of 100
  Number of Email Invocations: 0 out of 10
  Number of future calls: 1 out of 50
  Number of queueable jobs added to the queue: 0 out of 50
  Number of Mobile Apex push calls: 0 out of 10

17:40:22.981 (981988700)|CUMULATIVE_LIMIT_USAGE_END

17:40:22.846 (982065180)|CODE_UNIT_FINISHED|SMSTemplateCleanUp.RemoveSMSTemplate(List<tdc_tsw__Message__c>)
17:40:23.86 (1086368357)|DML_END|[557]
17:40:23.86 (1086636236)|ENTERING_MANAGED_PKG|tdc_tsw
17:40:23.86 (1089822801)|SOQL_EXECUTE_BEGIN|[1091]|Aggregations:0|SELECT id, name, Brief_Description__c, Keywords__c, Active__c FROM Survey__c WHERE (Active__c = TRUE AND Keywords__c != NULL) LIMIT 999
17:40:23.86 (1094342206)|SOQL_EXECUTE_END|[1091]|Rows:0
17:40:23.86 (1097904240)|ENTERING_MANAGED_PKG|tdc_tsw
17:40:23.86 (1097966041)|ENTERING_MANAGED_PKG|tdc_tsw
17:40:23.86 (1098047136)|ENTERING_MANAGED_PKG|tdc_tsw
17:40:23.86 (1099515922)|ENTERING_MANAGED_PKG|tdc_tsw
17:40:23.86 (1099640599)|ENTERING_MANAGED_PKG|tdc_tsw
17:40:23.86 (1099685410)|ENTERING_MANAGED_PKG|tdc_tsw
17:40:23.86 (1099809701)|ENTERING_MANAGED_PKG|tdc_tsw
17:40:23.86 (1099854297)|ENTERING_MANAGED_PKG|tdc_tsw
17:40:23.86 (1101208216)|ENTERING_MANAGED_PKG|tdc_tsw
17:40:23.86 (1102584693)|ENTERING_MANAGED_PKG|tdc_tsw
17:40:23.86 (1102652944)|ENTERING_MANAGED_PKG|tdc_tsw
17:40:23.86 (1102695377)|ENTERING_MANAGED_PKG|tdc_tsw
17:40:23.86 (1102810984)|ENTERING_MANAGED_PKG|tdc_tsw
17:40:23.86 (1102907677)|ENTERING_MANAGED_PKG|tdc_tsw
17:40:23.86 (1102950615)|ENTERING_MANAGED_PKG|tdc_tsw
17:40:23.86 (1103069182)|ENTERING_MANAGED_PKG|tdc_tsw
17:40:23.86 (1104209889)|ENTERING_MANAGED_PKG|tdc_tsw
17:40:23.86 (1105740027)|ENTERING_MANAGED_PKG|tdc_tsw
