38.0 APEX_CODE,FINEST;APEX_PROFILING,INFO;CALLOUT,INFO;DB,INFO;NBA,INFO;SYSTEM,DEBUG;VALIDATION,INFO;VISUALFORCE,INFO;WAVE,INFO;WORKFLOW,INFO
16:36:12.3 (3522202)|ENTERING_MANAGED_PKG|tdc_tsw
16:36:12.3 (4387882)|ENTERING_MANAGED_PKG|tdc_tsw
16:36:12.3 (7106358)|SOQL_EXECUTE_BEGIN|[66]|Aggregations:0|SELECT Id FROM Folder WHERE DeveloperName = 'SMS_APP' LIMIT 1
16:36:12.3 (11209936)|SOQL_EXECUTE_END|[66]|Rows:1
16:36:12.3 (11513616)|ENTERING_MANAGED_PKG|tdc_tsw
16:36:12.3 (12156907)|ENTERING_MANAGED_PKG|tdc_tsw
16:36:12.3 (12467691)|ENTERING_MANAGED_PKG|tdc_tsw
16:36:12.3 (22474711)|ENTERING_MANAGED_PKG|tdc_tsw
16:36:12.3 (22602757)|ENTERING_MANAGED_PKG|tdc_tsw
16:36:12.3 (80004234)|SOQL_EXECUTE_BEGIN|[1842]|Aggregations:0|SELECT Id, name FROM RecordType WHERE (sObjectType = :tmpVar1 AND name = :tmpVar2) LIMIT 1
16:36:12.3 (88213553)|SOQL_EXECUTE_END|[1842]|Rows:1
16:36:12.3 (96279504)|ENTERING_MANAGED_PKG|tdc_tsw
16:36:12.3 (142318252)|SOQL_EXECUTE_BEGIN|[275]|Aggregations:0|Select Id, tdc_tsw__account__c, tdc_tsw__campaign__c, tdc_tsw__case__c, tdc_tsw__contact__c, tdc_tsw__lead__c, tdc_tsw__message__c, tdc_tsw__opportunity__c, tdc_tsw__sms_template__c, tdc_tsw__question__c, tdc_tsw__survey_response__c, OwnerId, Related_Object__c,Is_Keyword_Based__c,Sender_Number__c,ToNumber__c, Related_Object_Id__c from Message__c where Name = 'Outgoing' and (Sender_Number__c =: cleantoNumber  OR Sender_Number__c LIKE : toNumberWithoutSymbol )  and (ToNumber__c =: cleanFromNumber  OR ToNumber__c LIKE : fromNumberWithoutSymbol )  Order By CreatedDate Desc Limit 1
16:36:12.3 (152210987)|SOQL_EXECUTE_END|[275]|Rows:1
16:36:12.3 (153685601)|SOQL_EXECUTE_BEGIN|[299]|Aggregations:0|SELECT Id FROM tdc_tsw__Message__c WHERE id =: relatedObjId
16:36:12.3 (157218492)|SOQL_EXECUTE_END|[299]|Rows:1
16:36:12.3 (157483765)|ENTERING_MANAGED_PKG|tdc_tsw
16:36:12.3 (160188936)|SOQL_EXECUTE_BEGIN|[923]|Aggregations:0|SELECT id, isActive FROM User WHERE id = :tmpVar1 LIMIT 1
16:36:12.3 (170649472)|SOQL_EXECUTE_END|[923]|Rows:1
16:36:12.3 (172025037)|ENTERING_MANAGED_PKG|tdc_tsw
16:36:12.3 (174966817)|ENTERING_MANAGED_PKG|tdc_tsw
16:36:12.3 (193515042)|DML_BEGIN|[557]|Op:Insert|Type:tdc_tsw__Message__c|Rows:1
16:36:12.3 (202736342)|ENTERING_MANAGED_PKG|tdc_tsw
16:36:12.204 (204423309)|CUMULATIVE_LIMIT_USAGE
16:36:12.204 (204423309)|LIMIT_USAGE_FOR_NS|(default)|
  Number of SOQL queries: 0 out of 100
  Number of query rows: 0 out of 50000
  Number of SOSL queries: 0 out of 20
  Number of DML statements: 0 out of 150
  Number of DML rows: 0 out of 10000
  Maximum CPU time: 0 out of 10000
  Maximum heap size: 0 out of 6000000
  Number of callouts: 0 out of 100
  Number of Email Invocations: 0 out of 10
  Number of future calls: 0 out of 50
  Number of queueable jobs added to the queue: 0 out of 50
  Number of Mobile Apex push calls: 0 out of 10

16:36:12.204 (204423309)|LIMIT_USAGE_FOR_NS|tdc_tsw|
  Number of SOQL queries: 5 out of 100
  Number of query rows: 5 out of 50000
  Number of SOSL queries: 0 out of 20
  Number of DML statements: 1 out of 150
  Number of DML rows: 1 out of 10000
  Maximum CPU time: 0 out of 10000
  Maximum heap size: 0 out of 6000000
  Number of callouts: 0 out of 100
  Number of Email Invocations: 0 out of 10
  Number of future calls: 0 out of 50
  Number of queueable jobs added to the queue: 0 out of 50
  Number of Mobile Apex push calls: 0 out of 10

16:36:12.204 (204423309)|CUMULATIVE_LIMIT_USAGE_END

16:36:12.208 (208915870)|CODE_UNIT_STARTED|[EXTERNAL]|01q3B000000BSJB|IncomingSMS on Message trigger event BeforeInsert|__sfdc_trigger/IncomingSMS
16:36:12.208 (208981174)|HEAP_ALLOCATE|[EXTERNAL]|Bytes:8
16:36:12.208 (209037663)|HEAP_ALLOCATE|[EXTERNAL]|Bytes:1
16:36:12.208 (209059875)|HEAP_ALLOCATE|[EXTERNAL]|Bytes:4
16:36:12.208 (209069275)|VARIABLE_SCOPE_BEGIN|[1]|this|IncomingSMS|true|false
16:36:12.208 (209145040)|VARIABLE_ASSIGNMENT|[1]|this|{}|0x1e7943f4
16:36:12.208 (209192101)|HEAP_ALLOCATE|[EXTERNAL]|Bytes:4
16:36:12.208 (209203889)|VARIABLE_SCOPE_BEGIN|[1]|this|IncomingSMS|true|false
16:36:12.208 (209220431)|VARIABLE_ASSIGNMENT|[1]|this|{}|0x1e7943f4
16:36:12.208 (209232476)|STATEMENT_EXECUTE|[1]
16:36:12.208 (209258809)|STATEMENT_EXECUTE|[2]
16:36:12.208 (209472305)|HEAP_ALLOCATE|[3]|Bytes:5
16:36:12.208 (209501263)|HEAP_ALLOCATE|[3]|Bytes:4
16:36:12.208 (209516814)|VARIABLE_SCOPE_BEGIN|[3]|sms|tdc_tsw__Message__c|true|false
16:36:12.208 (213853778)|VARIABLE_ASSIGNMENT|[3]|sms|{"tdc_tsw__Related_Object__c":"tdc_tsw__Message__c","tdc_tsw__ToNumber__c":"+17065037067","IsDeleted":false,"tdc_tsw__Sender_Number__c":"+13038816946","tdc_tsw__Incoming_Status__c":"Not Read","tdc_tsw__isCaseCreated__c":false,"tdc_tsw__Read__c":false,"tdc_tsw__Message__c":"a173B000000sgstQAA","tdc_tsw__Read_Status__c":"Unread","tdc_tsw__Task_Created__c":false,"tdc_tsw__Related_Object_Id__c":"a173B000000sgsoQAA","Name":"Incoming","tdc_tsw__Event_Created__c":false,"tdc_tsw__Message_Text_New__c":"Test","tdc_tsw__Is_Keyword_Based__c":false,"OwnerId":"0051H000009gxp8QAA","tdc_tsw__Related_Object_Id_URL__c":"_HL_ENCODED_https:// (97 more) ...","tdc_tsw__isLeadCreated__c":false,"RecordTypeId":"0121H000001Ie7fQAC","tdc_tsw__Delivered_SMS__c":"_IM1_/resource/tdc_t (27 more) ...","tdc_tsw__Important__c":false,"tdc_tsw__Delivered__c":false,"tdc_tsw__Delivery_Status__c":"Sent"}|0x54b9aee1
16:36:12.208 (213887650)|STATEMENT_EXECUTE|[3]
16:36:12.208 (214028552)|HEAP_ALLOCATE|[4]|Bytes:1
16:36:12.208 (214049993)|STATEMENT_EXECUTE|[4]
16:36:12.208 (214071449)|HEAP_ALLOCATE|[3]|Bytes:5
16:36:12.208 (214093084)|VARIABLE_ASSIGNMENT|[3]|sms|null|
16:36:12.214 (214106555)|CUMULATIVE_LIMIT_USAGE
16:36:12.214 (214106555)|LIMIT_USAGE_FOR_NS|(default)|
  Number of SOQL queries: 0 out of 100
  Number of query rows: 0 out of 50000
  Number of SOSL queries: 0 out of 20
  Number of DML statements: 0 out of 150
  Number of DML rows: 0 out of 10000
  Maximum CPU time: 0 out of 10000
  Maximum heap size: 0 out of 6000000
  Number of callouts: 0 out of 100
  Number of Email Invocations: 0 out of 10
  Number of future calls: 0 out of 50
  Number of queueable jobs added to the queue: 0 out of 50
  Number of Mobile Apex push calls: 0 out of 10

16:36:12.214 (214106555)|LIMIT_USAGE_FOR_NS|tdc_tsw|
  Number of SOQL queries: 5 out of 100
  Number of query rows: 5 out of 50000
  Number of SOSL queries: 0 out of 20
  Number of DML statements: 1 out of 150
  Number of DML rows: 1 out of 10000
  Maximum CPU time: 0 out of 10000
  Maximum heap size: 0 out of 6000000
  Number of callouts: 0 out of 100
  Number of Email Invocations: 0 out of 10
  Number of future calls: 0 out of 50
  Number of queueable jobs added to the queue: 0 out of 50
  Number of Mobile Apex push calls: 0 out of 10

16:36:12.214 (214106555)|CUMULATIVE_LIMIT_USAGE_END

16:36:12.3 (320616073)|ENTERING_MANAGED_PKG|tdc_tsw
16:36:12.3 (322335695)|ENTERING_MANAGED_PKG|tdc_tsw
16:36:12.3 (323155330)|ENTERING_MANAGED_PKG|tdc_tsw
16:36:12.3 (323424161)|ENTERING_MANAGED_PKG|tdc_tsw
16:36:12.3 (329459515)|SOQL_EXECUTE_BEGIN|[15]|Aggregations:0|SELECT Id, Email FROM User WHERE isActive = TRUE LIMIT 10000
16:36:12.3 (335362428)|SOQL_EXECUTE_END|[15]|Rows:9
16:36:12.3 (337382945)|SOQL_EXECUTE_BEGIN|[42]|Aggregations:0|SELECT Id, Sender_Name__c, Sender_Number__c FROM Message__c WHERE id = :tmpVar1
16:36:12.3 (340718412)|SOQL_EXECUTE_END|[42]|Rows:1
16:36:12.3 (342633617)|SOQL_EXECUTE_BEGIN|[70]|Aggregations:0|select Name from tdc_tsw__Message__c where id = 'a173B000000sgsoQAA'
16:36:12.3 (345626971)|SOQL_EXECUTE_END|[70]|Rows:1
16:36:12.3 (346415373)|DML_BEGIN|[97]|Op:Update|Type:tdc_tsw__Message__c|Rows:1
16:36:12.3 (383205454)|DML_END|[97]
16:36:12.3 (388392639)|SOQL_EXECUTE_BEGIN|[236]|Aggregations:0|SELECT id, subject, developername, htmlValue, body FROM EmailTemplate WHERE developername = 'Incoming_Message_Alert' LIMIT 1
16:36:12.3 (444022367)|SOQL_EXECUTE_END|[236]|Rows:1
16:36:12.3 (445612595)|ENTERING_MANAGED_PKG|tdc_tsw
16:36:12.3 (445681956)|ENTERING_MANAGED_PKG|tdc_tsw
16:36:12.3 (473712937)|SOQL_EXECUTE_BEGIN|[758]|Aggregations:0|select tdc_tsw__ToNumber__c, tdc_tsw__Sender_Number__c, tdc_tsw__Sender_Name__c, Id, tdc_tsw__Related_Object_Id_URL__c, tdc_tsw__Message_Text_New__c from tdc_tsw__Message__c where id ='a173B000000sgsyQAA' Limit 1
16:36:12.3 (485687753)|SOQL_EXECUTE_END|[758]|Rows:1
16:36:12.3 (486978666)|ENTERING_MANAGED_PKG|tdc_tsw
16:36:12.3 (487907426)|ENTERING_MANAGED_PKG|tdc_tsw
16:36:12.3 (488837263)|ENTERING_MANAGED_PKG|tdc_tsw
16:36:12.3 (489943509)|ENTERING_MANAGED_PKG|tdc_tsw
16:36:12.3 (491165948)|ENTERING_MANAGED_PKG|tdc_tsw
16:36:12.3 (492252449)|ENTERING_MANAGED_PKG|tdc_tsw
16:36:12.3 (493217910)|ENTERING_MANAGED_PKG|tdc_tsw
16:36:12.3 (517210727)|SOQL_EXECUTE_BEGIN|[758]|Aggregations:0|select tdc_tsw__ToNumber__c, tdc_tsw__Sender_Number__c, tdc_tsw__Sender_Name__c, tdc_tsw__Related_Object_Id_URL__c, tdc_tsw__Message_Text_New__c from tdc_tsw__Message__c where id ='a173B000000sgsyQAA' Limit 1
16:36:12.3 (528708475)|SOQL_EXECUTE_END|[758]|Rows:1
16:36:12.3 (529592831)|ENTERING_MANAGED_PKG|tdc_tsw
16:36:12.3 (530397240)|ENTERING_MANAGED_PKG|tdc_tsw
16:36:12.3 (531116327)|ENTERING_MANAGED_PKG|tdc_tsw
16:36:12.3 (531924980)|ENTERING_MANAGED_PKG|tdc_tsw
16:36:12.3 (532614736)|ENTERING_MANAGED_PKG|tdc_tsw
16:36:12.3 (533509733)|SOQL_EXECUTE_BEGIN|[248]|Aggregations:0|SELECT Id, IsSandbox, Name FROM Organization LIMIT 1
16:36:12.3 (537453508)|SOQL_EXECUTE_END|[248]|Rows:1
16:36:12.3 (538858275)|ENTERING_MANAGED_PKG|tdc_tsw
16:36:12.3 (543391181)|SOQL_EXECUTE_BEGIN|[434]|Aggregations:0|SELECT id, name, First_Question__c, Question_Text__c, Question__c, Question_Label__c, Object__c, tdc_tsw__Survey__c, Survey__r.name FROM Question__c WHERE id = :tmpVar1
16:36:12.3 (548009489)|SOQL_EXECUTE_END|[434]|Rows:0
16:36:12.3 (549243694)|ENTERING_MANAGED_PKG|tdc_tsw
16:36:12.3 (550990904)|SOQL_EXECUTE_BEGIN|[628]|Aggregations:0|Select id, leadId, contactId from CampaignMember where Id In : Ids
16:36:12.3 (554011142)|SOQL_EXECUTE_END|[628]|Rows:0
16:36:12.554 (554683336)|CUMULATIVE_LIMIT_USAGE
16:36:12.554 (554683336)|LIMIT_USAGE_FOR_NS|(default)|
  Number of SOQL queries: 0 out of 100
  Number of query rows: 0 out of 50000
  Number of SOSL queries: 0 out of 20
  Number of DML statements: 0 out of 150
  Number of DML rows: 0 out of 10000
  Maximum CPU time: 157 out of 10000
  Maximum heap size: 0 out of 6000000
  Number of callouts: 0 out of 100
  Number of Email Invocations: 0 out of 10
  Number of future calls: 0 out of 50
  Number of queueable jobs added to the queue: 0 out of 50
  Number of Mobile Apex push calls: 0 out of 10

16:36:12.554 (554683336)|LIMIT_USAGE_FOR_NS|tdc_tsw|
  Number of SOQL queries: 14 out of 100
  Number of query rows: 20 out of 50000
  Number of SOSL queries: 0 out of 20
  Number of DML statements: 2 out of 150
  Number of DML rows: 2 out of 10000
  Maximum CPU time: 0 out of 10000
  Maximum heap size: 0 out of 6000000
  Number of callouts: 0 out of 100
  Number of Email Invocations: 0 out of 10
  Number of future calls: 0 out of 50
  Number of queueable jobs added to the queue: 0 out of 50
  Number of Mobile Apex push calls: 0 out of 10

16:36:12.554 (554683336)|CUMULATIVE_LIMIT_USAGE_END

16:36:12.580 (580748269)|PUSH_TRACE_FLAGS|[EXTERNAL]|01p3B000001izES|PhoneMatcher|APEX_CODE,FINEST;APEX_PROFILING,INFO;CALLOUT,INFO;DB,INFO;NBA,INFO;SYSTEM,DEBUG;VALIDATION,INFO;VISUALFORCE,INFO;WAVE,INFO;WORKFLOW,INFO
16:36:12.580 (580792842)|CODE_UNIT_STARTED|[EXTERNAL]|01p3B000001izES|PhoneMatcher.MatchContactOnPhoneNunber(List<tdc_tsw__Message__c>)
16:36:12.580 (580854156)|HEAP_ALLOCATE|[EXTERNAL]|Bytes:8
16:36:12.580 (580938167)|HEAP_ALLOCATE|[EXTERNAL]|Bytes:1
16:36:12.580 (580951711)|HEAP_ALLOCATE|[EXTERNAL]|Bytes:3
16:36:12.580 (580970741)|METHOD_ENTRY|[5]|01p3B000001izES|PhoneMatcher.PhoneMatcher()
16:36:12.580 (580978842)|STATEMENT_EXECUTE|[5]
16:36:12.580 (580986335)|STATEMENT_EXECUTE|[5]
16:36:12.580 (580994485)|METHOD_EXIT|[5]|PhoneMatcher
16:36:12.580 (581042553)|HEAP_ALLOCATE|[EXTERNAL]|Bytes:8
16:36:12.580 (581060361)|VARIABLE_SCOPE_BEGIN|[8]|messages|List<tdc_tsw__Message__c>|true|false
16:36:12.580 (582960828)|VARIABLE_ASSIGNMENT|[8]|messages|[{"LastModifiedDate":"2019-01-22T21:36:12.000Z","tdc_tsw__ToNumber__c":"+17065037067","tdc_tsw__Sender_Number__c":"+13038816946","tdc_tsw__Read__c":false,"tdc_tsw__Read_Status__c":"Unread","tdc_tsw__Task_Created__c":false,"Name":"Incoming","tdc_tsw__Event_Created__c":false,"tdc_tsw__Message_Text_New__c":"Test","tdc_tsw__Created_Date__c":"2019-01-22T21:36:12.000Z","CreatedById":"0051H000009gxp8QAA","tdc_tsw__Is_Keyword_Based__c":false,"OwnerId":"0051H000009gxp8QAA","tdc_tsw__Related_Object_Id_URL__c":"_HL_ENCODED_https:// (97 more) ...","RecordTypeId":"0121H000001Ie7fQAC","tdc_tsw__Delivered_SMS__c":"_IM1_/resource/tdc_t (27 more) ...","tdc_tsw__Important__c":false,"tdc_tsw__Delivered__c":false,"tdc_tsw__Related_Object__c":"tdc_tsw__Message__c","IsDeleted":false,"tdc_tsw__Incoming_Status__c":"Not Read","tdc_tsw__isCaseCreated__c":false,"tdc_tsw__Message__c":"a173B000000sgstQAA","tdc_tsw__Related_Object_Id__c":"a173B000000sgsoQAA","SystemModstamp":"2019-01-22T21:36:12.000Z","tdc_tsw__Sender_Name__c":"Incoming","tdc_tsw__isLeadCreated__c":false,"CreatedDate":"2019-01-22T21:36:12.000Z","Id":"a173B000000sgsyQAA","LastModifiedById":"0051H000009gxp8QAA","tdc_tsw__Delivery_Status__c":"Sent"}]|0x36f7e76d
16:36:12.580 (583001987)|STATEMENT_EXECUTE|[8]
16:36:12.580 (583004716)|STATEMENT_EXECUTE|[9]
16:36:12.580 (583084190)|HEAP_ALLOCATE|[9]|Bytes:4
16:36:12.580 (583178050)|VARIABLE_SCOPE_BEGIN|[9]|results|List<LookupResult__c>|true|false
16:36:12.580 (583194254)|HEAP_ALLOCATE|[EXTERNAL]|Bytes:4
16:36:12.580 (583208214)|VARIABLE_ASSIGNMENT|[9]|results|[]|0x71bf7fdc
16:36:12.580 (583214888)|STATEMENT_EXECUTE|[10]
16:36:12.580 (583292329)|HEAP_ALLOCATE|[10]|Bytes:4
16:36:12.580 (583419568)|VARIABLE_SCOPE_BEGIN|[10]|template|tdc_tsw__Message_Template__c|true|false
16:36:12.580 (583440986)|VARIABLE_ASSIGNMENT|[10]|template|{}|0x2239a6a1
16:36:12.580 (583448312)|STATEMENT_EXECUTE|[11]
16:36:12.580 (583543606)|HEAP_ALLOCATE|[11]|Bytes:18
16:36:12.580 (584421826)|VARIABLE_ASSIGNMENT|[11]|this.Name|"a173B000000sgsyQAA"|0x2239a6a1
16:36:12.580 (584433906)|STATEMENT_EXECUTE|[12]
16:36:12.580 (584441028)|VARIABLE_SCOPE_BEGIN|[12]|authorized|Boolean|false|false
16:36:12.580 (584457124)|HEAP_ALLOCATE|[12]|Bytes:5
16:36:12.580 (584466414)|VARIABLE_ASSIGNMENT|[12]|authorized|false
16:36:12.580 (584471567)|STATEMENT_EXECUTE|[13]
16:36:12.580 (584476012)|VARIABLE_SCOPE_BEGIN|[13]|requestingNumber|String|false|false
16:36:12.580 (584486113)|VARIABLE_ASSIGNMENT|[13]|requestingNumber|""
16:36:12.580 (584491052)|STATEMENT_EXECUTE|[14]
16:36:12.580 (584494912)|HEAP_ALLOCATE|[14]|Bytes:18
16:36:12.580 (584506875)|HEAP_ALLOCATE|[14]|Bytes:4
16:36:12.580 (584514038)|VARIABLE_SCOPE_BEGIN|[14]|responseTemplateId|Id|false|false
16:36:12.580 (584784369)|VARIABLE_ASSIGNMENT|[14]|responseTemplateId|"a1K3B000001eOHjUAM"
16:36:12.580 (584795166)|STATEMENT_EXECUTE|[15]
16:36:12.580 (584809184)|HEAP_ALLOCATE|[15]|Bytes:4
16:36:12.580 (584841665)|HEAP_ALLOCATE|[15]|Bytes:18
16:36:12.580 (584858245)|HEAP_ALLOCATE|[15]|Bytes:18
16:36:12.580 (584866288)|HEAP_ALLOCATE|[15]|Bytes:18
16:36:12.580 (584882732)|HEAP_ALLOCATE|[15]|Bytes:18
16:36:12.580 (584910042)|HEAP_ALLOCATE|[15]|Bytes:18
16:36:12.580 (584920008)|VARIABLE_SCOPE_BEGIN|[15]|questions|List<String>|true|false
16:36:12.580 (584952068)|HEAP_ALLOCATE|[EXTERNAL]|Bytes:24
16:36:12.580 (584971338)|VARIABLE_ASSIGNMENT|[15]|questions|["a1K3B000001eOHoUAM","a1K3B000001eOHtUAM","a1K3B000001eOHyUAM","a1K3B000001eOI3UAM","a1K3B000001eOI8UAM"]|0x41d7ec50
16:36:12.580 (584979138)|STATEMENT_EXECUTE|[16]
16:36:12.580 (585072715)|VARIABLE_ASSIGNMENT|[16]|requestingNumber|"+13038816946"
16:36:12.580 (585083639)|STATEMENT_EXECUTE|[17]
16:36:12.580 (585085606)|STATEMENT_EXECUTE|[18]
16:36:12.580 (585144731)|HEAP_ALLOCATE|[18]|Bytes:11
16:36:12.580 (585172678)|VARIABLE_ASSIGNMENT|[18]|requestingNumber|"13038816946"
16:36:12.580 (585179644)|STATEMENT_EXECUTE|[19]
16:36:12.580 (585226037)|HEAP_ALLOCATE|[19]|Bytes:10
16:36:12.580 (585250975)|VARIABLE_ASSIGNMENT|[19]|requestingNumber|"3038816946"
16:36:12.580 (585258386)|STATEMENT_EXECUTE|[22]
16:36:12.580 (585262475)|HEAP_ALLOCATE|[22]|Bytes:144
16:36:12.580 (585282026)|HEAP_ALLOCATE|[22]|Bytes:4
16:36:12.580 (587841880)|SOQL_EXECUTE_BEGIN|[22]|Aggregations:0|SELECT ID, SMS_Lookup_Access__c FROM Contact WHERE ((PhoneNumeric__c = :tmpVar1 OR MobileNumeric__c = :tmpVar2) AND SMS_Lookup_Access__c = TRUE)
16:36:12.580 (591844824)|SOQL_EXECUTE_END|[22]|Rows:1
16:36:12.580 (591929791)|HEAP_ALLOCATE|[22]|Bytes:8
16:36:12.580 (591953110)|HEAP_ALLOCATE|[22]|Bytes:57
16:36:12.580 (592048074)|HEAP_ALLOCATE|[22]|Bytes:8
16:36:12.580 (592072118)|VARIABLE_SCOPE_BEGIN|[22]|requestingContacts|List<Contact>|true|false
16:36:12.580 (592106331)|VARIABLE_ASSIGNMENT|[22]|requestingContacts|[{"Id":"0033B00000Q9yz1QAB","SMS_Lookup_Access__c":true}]|0x1644d5ac
16:36:12.580 (592115242)|STATEMENT_EXECUTE|[25]
16:36:12.580 (592121775)|HEAP_ALLOCATE|[25]|Bytes:160
16:36:12.580 (592143066)|HEAP_ALLOCATE|[25]|Bytes:4
16:36:12.580 (593365092)|SOQL_EXECUTE_BEGIN|[25]|Aggregations:0|SELECT ResponseTemplate__c, tdc_tsw__Related_Object__c, tdc_tsw__Contact__c, tdc_tsw__Question__c, tdc_tsw__Lead__c FROM tdc_tsw__Message__c WHERE ID = :tmpVar1
16:36:12.580 (634971256)|SOQL_EXECUTE_END|[25]|Rows:1
16:36:12.580 (635031343)|HEAP_ALLOCATE|[25]|Bytes:8
16:36:12.580 (635066200)|HEAP_ALLOCATE|[25]|Bytes:78
16:36:12.580 (635141100)|HEAP_ALLOCATE|[25]|Bytes:8
16:36:12.580 (635201370)|HEAP_ALLOCATE|[25]|Bytes:12
16:36:12.580 (635218704)|VARIABLE_SCOPE_BEGIN|[25]|updateSMS|tdc_tsw__Message__c|true|false
16:36:12.580 (635257061)|VARIABLE_ASSIGNMENT|[25]|updateSMS|{"tdc_tsw__Related_Object__c":"tdc_tsw__Message__c","Id":"a173B000000sgsyQAA"}|0x6e629479
16:36:12.580 (635370510)|STATEMENT_EXECUTE|[30]
16:36:12.580 (635374773)|STATEMENT_EXECUTE|[31]
16:36:12.580 (635380162)|VARIABLE_SCOPE_BEGIN|[31]|counter|Integer|false|false
16:36:12.580 (635391098)|HEAP_ALLOCATE|[31]|Bytes:4
16:36:12.580 (635402725)|VARIABLE_ASSIGNMENT|[31]|counter|1
16:36:12.580 (635408244)|STATEMENT_EXECUTE|[32]
16:36:12.580 (635463588)|HEAP_ALLOCATE|[32]|Bytes:6
16:36:12.580 (635474515)|VARIABLE_SCOPE_BEGIN|[32]|inMessage|String|false|false
16:36:12.580 (635488129)|VARIABLE_ASSIGNMENT|[32]|inMessage|"%Test%"
16:36:12.580 (635493276)|STATEMENT_EXECUTE|[33]
16:36:12.580 (635498802)|VARIABLE_SCOPE_BEGIN|[33]|outMessage|String|false|false
16:36:12.580 (635508306)|VARIABLE_ASSIGNMENT|[33]|outMessage|""
16:36:12.580 (635513152)|STATEMENT_EXECUTE|[34]
16:36:12.580 (635515919)|VARIABLE_SCOPE_BEGIN|[34]|phoneWithPrefix|String|false|false
16:36:12.580 (635524660)|VARIABLE_ASSIGNMENT|[34]|phoneWithPrefix|""
16:36:12.580 (635529430)|STATEMENT_EXECUTE|[35]
16:36:12.580 (635532116)|VARIABLE_SCOPE_BEGIN|[35]|phone|String|false|false
16:36:12.580 (635540544)|VARIABLE_ASSIGNMENT|[35]|phone|""
16:36:12.580 (635544967)|STATEMENT_EXECUTE|[36]
16:36:12.580 (635548533)|VARIABLE_SCOPE_BEGIN|[36]|key|Integer|false|false
16:36:12.580 (635555226)|HEAP_ALLOCATE|[36]|Bytes:4
16:36:12.580 (635562742)|VARIABLE_ASSIGNMENT|[36]|key|0
16:36:12.580 (635567447)|STATEMENT_EXECUTE|[37]
16:36:12.580 (635573225)|VARIABLE_SCOPE_BEGIN|[37]|performLookup|Boolean|false|false
16:36:12.580 (635588995)|HEAP_ALLOCATE|[37]|Bytes:5
16:36:12.580 (635596342)|VARIABLE_ASSIGNMENT|[37]|performLookup|true
16:36:12.580 (635601219)|STATEMENT_EXECUTE|[38]
16:36:12.580 (635619883)|HEAP_ALLOCATE|[38]|Bytes:4
16:36:12.580 (635656494)|VARIABLE_SCOPE_BEGIN|[38]|lookupResult|List<LookupResult__c>|true|false
16:36:12.580 (635669930)|HEAP_ALLOCATE|[EXTERNAL]|Bytes:4
16:36:12.580 (635683553)|VARIABLE_ASSIGNMENT|[38]|lookupResult|[]|0x40b91a0f
16:36:12.580 (635702088)|STATEMENT_EXECUTE|[39]
16:36:12.580 (635788411)|STATEMENT_EXECUTE|[44]
16:36:12.580 (635978605)|STATEMENT_EXECUTE|[94]
16:36:12.580 (635982330)|STATEMENT_EXECUTE|[95]
16:36:12.580 (635983956)|STATEMENT_EXECUTE|[95]
16:36:12.580 (635985519)|STATEMENT_EXECUTE|[96]
16:36:12.580 (636284266)|HEAP_ALLOCATE|[96]|Bytes:25
16:36:12.580 (636341626)|VARIABLE_SCOPE_BEGIN|[97]|ex|Exception|true|false
16:36:12.580 (636452633)|VARIABLE_ASSIGNMENT|[97]|ex|"common.apex.runtime.impl.ExecutionException: Invalid integer: Test"|0x128aaf85
16:36:12.580 (636464415)|STATEMENT_EXECUTE|[97]
16:36:12.580 (636467848)|STATEMENT_EXECUTE|[100]
16:36:12.580 (636473052)|HEAP_ALLOCATE|[100]|Bytes:103
16:36:12.580 (636498719)|HEAP_ALLOCATE|[100]|Bytes:4
16:36:12.580 (636625738)|HEAP_ALLOCATE|[100]|Bytes:4
16:36:12.580 (638144189)|SOQL_EXECUTE_BEGIN|[100]|Aggregations:0|SELECT Key__C, ObjectId__c FROM LookupResult__c WHERE (SMS_History__c = :tmpVar1 AND Key__c = :tmpVar2)
16:36:12.580 (643209377)|SOQL_EXECUTE_END|[100]|Rows:0
16:36:12.580 (643256017)|HEAP_ALLOCATE|[100]|Bytes:4
16:36:12.580 (643275696)|HEAP_ALLOCATE|[100]|Bytes:0
16:36:12.580 (643337258)|HEAP_ALLOCATE|[100]|Bytes:4
16:36:12.580 (643375432)|VARIABLE_ASSIGNMENT|[100]|lookupResult|[]|0x402e890
16:36:12.580 (643444549)|STATEMENT_EXECUTE|[104]
16:36:12.580 (643483819)|STATEMENT_EXECUTE|[109]
16:36:12.580 (643486935)|STATEMENT_EXECUTE|[110]
16:36:12.580 (643516998)|HEAP_ALLOCATE|[110]|Bytes:18
16:36:12.580 (643685205)|HEAP_ALLOCATE|[110]|Bytes:-4
16:36:12.580 (643707870)|VARIABLE_ASSIGNMENT|[110]|this.ResponseRelatedObject__c|"a173B000000sgsyQAA"|0x6e629479
16:36:12.580 (643746997)|STATEMENT_EXECUTE|[111]
16:36:12.580 (643749770)|STATEMENT_EXECUTE|[112]
16:36:12.580 (643808409)|HEAP_ALLOCATE|[112]|Bytes:4
16:36:12.580 (643835208)|VARIABLE_ASSIGNMENT|[112]|phone|"Test"
16:36:12.580 (643842356)|STATEMENT_EXECUTE|[113]
16:36:12.580 (643898766)|HEAP_ALLOCATE|[113]|Bytes:4
16:36:12.580 (643929135)|HEAP_ALLOCATE|[113]|Bytes:5
16:36:12.580 (643942469)|VARIABLE_ASSIGNMENT|[113]|phoneWithPrefix|"1Test"
16:36:12.580 (643948955)|STATEMENT_EXECUTE|[115]
16:36:12.580 (643953823)|HEAP_ALLOCATE|[115]|Bytes:61
16:36:12.580 (643978894)|HEAP_ALLOCATE|[115]|Bytes:4
16:36:12.580 (646614204)|SOQL_EXECUTE_BEGIN|[115]|Aggregations:0|SELECT Name, Sent_Us__c FROM Account WHERE Name LIKE :tmpVar1
16:36:12.580 (691030073)|SOQL_EXECUTE_END|[115]|Rows:0
16:36:12.580 (691082375)|HEAP_ALLOCATE|[115]|Bytes:4
16:36:12.580 (691103160)|HEAP_ALLOCATE|[115]|Bytes:0
16:36:12.580 (691238005)|HEAP_ALLOCATE|[115]|Bytes:4
16:36:12.580 (691266811)|VARIABLE_SCOPE_BEGIN|[115]|accounts|List<Account>|true|false
16:36:12.580 (691296166)|VARIABLE_ASSIGNMENT|[115]|accounts|[]|0x6ccb79fc
16:36:12.580 (691533313)|HEAP_ALLOCATE|[118]|Bytes:5
16:36:12.580 (691577725)|VARIABLE_ASSIGNMENT|[118]|account|null|
16:36:12.580 (691589850)|STATEMENT_EXECUTE|[118]
16:36:12.580 (691593380)|STATEMENT_EXECUTE|[134]
16:36:12.580 (691600981)|HEAP_ALLOCATE|[134]|Bytes:215
16:36:12.580 (691627666)|HEAP_ALLOCATE|[134]|Bytes:4
16:36:12.580 (691660560)|HEAP_ALLOCATE|[134]|Bytes:7
16:36:12.580 (691671475)|HEAP_ALLOCATE|[134]|Bytes:7
16:36:12.580 (691681259)|HEAP_ALLOCATE|[134]|Bytes:7
16:36:12.580 (692206701)|SOQL_EXECUTE_BEGIN|[134]|Aggregations:0|SELECT ID, Phone, MobilePhone, Name, Email, AccountId FROM Contact WHERE (PhoneNumeric__c = :tmpVar1 OR MobileNumeric__c = :tmpVar2 OR PhoneNumeric__c = :tmpVar3 OR MobileNumeric__c = :tmpVar4 OR Name LIKE :tmpVar5)
16:36:12.580 (723122007)|SOQL_EXECUTE_END|[134]|Rows:0
16:36:12.580 (723184310)|HEAP_ALLOCATE|[134]|Bytes:4
16:36:12.580 (723216423)|HEAP_ALLOCATE|[134]|Bytes:0
16:36:12.580 (723308609)|HEAP_ALLOCATE|[134]|Bytes:4
16:36:12.580 (723349440)|VARIABLE_SCOPE_BEGIN|[134]|contacts|List<Contact>|true|false
16:36:12.580 (723387655)|VARIABLE_ASSIGNMENT|[134]|contacts|[]|0x58ef93f6
16:36:12.580 (723503484)|STATEMENT_EXECUTE|[139]
16:36:12.580 (723636786)|STATEMENT_EXECUTE|[157]
16:36:12.580 (723642357)|STATEMENT_EXECUTE|[160]
16:36:12.580 (723652850)|HEAP_ALLOCATE|[160]|Bytes:201
16:36:12.580 (723695982)|HEAP_ALLOCATE|[160]|Bytes:4
16:36:12.580 (726737786)|SOQL_EXECUTE_BEGIN|[160]|Aggregations:0|SELECT ID, Phone, MobilePhone, Name, Email FROM Lead WHERE (PhoneNumeric__c = :tmpVar1 OR MobileNumeric__c = :tmpVar2 OR PhoneNumeric__c = :tmpVar3 OR MobileNumeric__c = :tmpVar4 OR Name LIKE :tmpVar5)
16:36:12.580 (768221891)|SOQL_EXECUTE_END|[160]|Rows:2
16:36:12.580 (768274998)|HEAP_ALLOCATE|[160]|Bytes:12
16:36:12.580 (768306466)|HEAP_ALLOCATE|[160]|Bytes:126
16:36:12.580 (768437147)|HEAP_ALLOCATE|[160]|Bytes:12
16:36:12.580 (768490641)|VARIABLE_SCOPE_BEGIN|[160]|leads|List<Lead>|true|false
16:36:12.580 (768532468)|VARIABLE_ASSIGNMENT|[160]|leads|[{"Id":"00Q3B000005aQ27UAE","Phone":"3038816946","Name":"Xxxx Test2"},{"Id":"00Q3B000005aQ22UAE","Phone":"3038816946","Name":"Test"}]|0x9719f21
16:36:12.580 (768649030)|STATEMENT_EXECUTE|[165]
16:36:12.580 (768800569)|HEAP_ALLOCATE|[166]|Bytes:5
16:36:12.580 (768849167)|HEAP_ALLOCATE|[166]|Bytes:16
16:36:12.580 (768865968)|VARIABLE_SCOPE_BEGIN|[166]|lead|Lead|true|false
16:36:12.580 (768895464)|VARIABLE_ASSIGNMENT|[166]|lead|{"Id":"00Q3B000005aQ27UAE","Phone":"3038816946","Name":"Xxxx Test2"}|0x5d10d585
16:36:12.580 (768905088)|STATEMENT_EXECUTE|[166]
16:36:12.580 (768907187)|STATEMENT_EXECUTE|[167]
16:36:12.580 (768953396)|VARIABLE_SCOPE_BEGIN|[167]|lPhone|String|false|false
16:36:12.580 (768975158)|VARIABLE_ASSIGNMENT|[167]|lPhone|"3038816946"
16:36:12.580 (768980810)|STATEMENT_EXECUTE|[168]
16:36:12.580 (768990418)|VARIABLE_SCOPE_BEGIN|[168]|lMobilePhone|String|false|false
16:36:12.580 (769001213)|VARIABLE_ASSIGNMENT|[168]|lMobilePhone|""
16:36:12.580 (769007057)|STATEMENT_EXECUTE|[169]
16:36:12.580 (769013097)|VARIABLE_SCOPE_BEGIN|[169]|lEmail|String|false|false
16:36:12.580 (769022211)|VARIABLE_ASSIGNMENT|[169]|lEmail|""
16:36:12.580 (769027303)|STATEMENT_EXECUTE|[170]
16:36:12.580 (769032634)|HEAP_ALLOCATE|[170]|Bytes:12
16:36:12.580 (769063850)|HEAP_ALLOCATE|[170]|Bytes:8
16:36:12.580 (769072948)|HEAP_ALLOCATE|[170]|Bytes:9
16:36:12.580 (769093087)|HEAP_ALLOCATE|[170]|Bytes:49
16:36:12.580 (769100871)|HEAP_ALLOCATE|[170]|Bytes:8
16:36:12.580 (769109259)|HEAP_ALLOCATE|[170]|Bytes:8
16:36:12.580 (769116214)|HEAP_ALLOCATE|[170]|Bytes:57
16:36:12.580 (769122670)|HEAP_ALLOCATE|[170]|Bytes:57
16:36:12.580 (769137217)|VARIABLE_ASSIGNMENT|[170]|outMessage|"\nLead\nName: Xxxx Tes (37 more) ..."
16:36:12.580 (769144192)|STATEMENT_EXECUTE|[171]
16:36:12.580 (769183814)|HEAP_ALLOCATE|[171]|Bytes:4
16:36:12.580 (769434893)|VARIABLE_ASSIGNMENT|[171]|this.SMS_History__c|"a173B000000sgsyQAA"|0xeac5a1b
16:36:12.580 (769615990)|VARIABLE_ASSIGNMENT|[171]|this.SMS_Template__c|null|0xeac5a1b
16:36:12.580 (769685156)|HEAP_ALLOCATE|[171]|Bytes:28
16:36:12.580 (769696826)|HEAP_ALLOCATE|[171]|Bytes:28
16:36:12.580 (769742159)|VARIABLE_ASSIGNMENT|[171]|this.Key__c|1|0xeac5a1b
16:36:12.580 (769781341)|HEAP_ALLOCATE|[171]|Bytes:18
16:36:12.580 (769817129)|VARIABLE_ASSIGNMENT|[171]|this.ObjectId__c|"00Q3B000005aQ27UAE"|0xeac5a1b
16:36:12.580 (769862148)|VARIABLE_ASSIGNMENT|[171]|this.Name|"Xxxx Test2"|0xeac5a1b
16:36:12.580 (769954537)|HEAP_ALLOCATE|[EXTERNAL]|Bytes:4
16:36:12.580 (769970008)|STATEMENT_EXECUTE|[172]
16:36:12.580 (769975403)|HEAP_ALLOCATE|[172]|Bytes:4
16:36:12.580 (769985771)|VARIABLE_ASSIGNMENT|[172]|counter|2
16:36:12.580 (770004207)|HEAP_ALLOCATE|[166]|Bytes:5
16:36:12.580 (770025404)|HEAP_ALLOCATE|[166]|Bytes:16
16:36:12.580 (770044644)|VARIABLE_SCOPE_BEGIN|[166]|lead|Lead|true|false
16:36:12.580 (770078704)|VARIABLE_ASSIGNMENT|[166]|lead|{"Id":"00Q3B000005aQ22UAE","Phone":"3038816946","Name":"Test"}|0x598c758
16:36:12.580 (770093126)|STATEMENT_EXECUTE|[166]
16:36:12.580 (770096332)|STATEMENT_EXECUTE|[167]
16:36:12.580 (770116306)|VARIABLE_SCOPE_BEGIN|[167]|lPhone|String|false|false
16:36:12.580 (770139360)|VARIABLE_ASSIGNMENT|[167]|lPhone|"3038816946"
16:36:12.580 (770150457)|STATEMENT_EXECUTE|[168]
16:36:12.580 (770162896)|VARIABLE_SCOPE_BEGIN|[168]|lMobilePhone|String|false|false
16:36:12.580 (770183426)|VARIABLE_ASSIGNMENT|[168]|lMobilePhone|""
16:36:12.580 (770193663)|STATEMENT_EXECUTE|[169]
16:36:12.580 (770205733)|VARIABLE_SCOPE_BEGIN|[169]|lEmail|String|false|false
16:36:12.580 (770225488)|VARIABLE_ASSIGNMENT|[169]|lEmail|""
16:36:12.580 (770236028)|STATEMENT_EXECUTE|[170]
16:36:12.580 (770272873)|HEAP_ALLOCATE|[170]|Bytes:43
16:36:12.580 (770285464)|HEAP_ALLOCATE|[170]|Bytes:8
16:36:12.580 (770291697)|HEAP_ALLOCATE|[170]|Bytes:51
16:36:12.580 (770297295)|HEAP_ALLOCATE|[170]|Bytes:108
16:36:12.580 (770314654)|VARIABLE_ASSIGNMENT|[170]|outMessage|"\nLead\nName: Xxxx Tes (88 more) ..."
16:36:12.580 (770321427)|STATEMENT_EXECUTE|[171]
16:36:12.580 (770347628)|HEAP_ALLOCATE|[171]|Bytes:4
16:36:12.580 (770455764)|VARIABLE_ASSIGNMENT|[171]|this.SMS_History__c|"a173B000000sgsyQAA"|0xb78d5c
16:36:12.580 (770554057)|VARIABLE_ASSIGNMENT|[171]|this.SMS_Template__c|null|0xb78d5c
16:36:12.580 (770577063)|HEAP_ALLOCATE|[171]|Bytes:28
16:36:12.580 (770583493)|HEAP_ALLOCATE|[171]|Bytes:28
16:36:12.580 (770617400)|VARIABLE_ASSIGNMENT|[171]|this.Key__c|2|0xb78d5c
16:36:12.580 (770635999)|HEAP_ALLOCATE|[171]|Bytes:18
16:36:12.580 (770667557)|VARIABLE_ASSIGNMENT|[171]|this.ObjectId__c|"00Q3B000005aQ22UAE"|0xb78d5c
16:36:12.580 (770705103)|VARIABLE_ASSIGNMENT|[171]|this.Name|"Test"|0xb78d5c
16:36:12.580 (770730941)|HEAP_ALLOCATE|[EXTERNAL]|Bytes:4
16:36:12.580 (770740743)|STATEMENT_EXECUTE|[172]
16:36:12.580 (770744128)|HEAP_ALLOCATE|[172]|Bytes:4
16:36:12.580 (770753792)|VARIABLE_ASSIGNMENT|[172]|counter|3
16:36:12.580 (770770438)|HEAP_ALLOCATE|[166]|Bytes:5
16:36:12.580 (770787605)|VARIABLE_ASSIGNMENT|[166]|lead|null|
16:36:12.580 (770845217)|STATEMENT_EXECUTE|[175]
16:36:12.580 (770848698)|STATEMENT_EXECUTE|[176]
16:36:12.580 (770853980)|HEAP_ALLOCATE|[176]|Bytes:46
16:36:12.580 (770865937)|HEAP_ALLOCATE|[176]|Bytes:154
16:36:12.580 (770893032)|VARIABLE_ASSIGNMENT|[176]|outMessage|"\nLead\nName: Xxxx Tes (134 more) ..."
16:36:12.580 (771021203)|HEAP_ALLOCATE|[177]|Bytes:5
16:36:12.580 (771045433)|HEAP_ALLOCATE|[177]|Bytes:24
16:36:12.580 (771058007)|VARIABLE_SCOPE_BEGIN|[177]|result|LookupResult__c|true|false
16:36:12.580 (771083427)|VARIABLE_ASSIGNMENT|[177]|result|{"SMS_History__c":"a173B000000sgsyQAA","Key__c":1,"ObjectId__c":"00Q3B000005aQ27UAE","Name":"Xxxx Test2"}|0xeac5a1b
16:36:12.580 (771091956)|STATEMENT_EXECUTE|[177]
16:36:12.580 (771093932)|STATEMENT_EXECUTE|[178]
16:36:12.580 (771098624)|HEAP_ALLOCATE|[178]|Bytes:1
16:36:12.580 (771136721)|HEAP_ALLOCATE|[178]|Bytes:28
16:36:12.580 (771188317)|HEAP_ALLOCATE|[178]|Bytes:1
16:36:12.580 (771209431)|HEAP_ALLOCATE|[178]|Bytes:2
16:36:12.580 (771248047)|HEAP_ALLOCATE|[178]|Bytes:14
16:36:12.580 (771260450)|HEAP_ALLOCATE|[178]|Bytes:168
16:36:12.580 (771275083)|VARIABLE_ASSIGNMENT|[178]|outMessage|"\nLead\nName: Xxxx Tes (148 more) ..."
16:36:12.580 (771294384)|HEAP_ALLOCATE|[177]|Bytes:5
16:36:12.580 (771312923)|HEAP_ALLOCATE|[177]|Bytes:24
16:36:12.580 (771323920)|VARIABLE_SCOPE_BEGIN|[177]|result|LookupResult__c|true|false
16:36:12.580 (771346247)|VARIABLE_ASSIGNMENT|[177]|result|{"SMS_History__c":"a173B000000sgsyQAA","Key__c":2,"ObjectId__c":"00Q3B000005aQ22UAE","Name":"Test"}|0xb78d5c
16:36:12.580 (771354252)|STATEMENT_EXECUTE|[177]
16:36:12.580 (771356116)|STATEMENT_EXECUTE|[178]
16:36:12.580 (771372274)|HEAP_ALLOCATE|[178]|Bytes:28
16:36:12.580 (771395727)|HEAP_ALLOCATE|[178]|Bytes:1
16:36:12.580 (771418063)|HEAP_ALLOCATE|[178]|Bytes:8
16:36:12.580 (771426590)|HEAP_ALLOCATE|[178]|Bytes:176
16:36:12.580 (771443120)|VARIABLE_ASSIGNMENT|[178]|outMessage|"\nLead\nName: Xxxx Tes (156 more) ..."
16:36:12.580 (771476968)|HEAP_ALLOCATE|[177]|Bytes:5
16:36:12.580 (771509381)|VARIABLE_ASSIGNMENT|[177]|result|null|
16:36:12.580 (771523030)|STATEMENT_EXECUTE|[180]
16:36:12.580 (771732181)|VARIABLE_ASSIGNMENT|[180]|this.tdc_tsw__SMSBodyNew__c|"\nLead\nName: Xxxx Tes (156 more) ..."|0x2239a6a1
16:36:12.580 (771743317)|STATEMENT_EXECUTE|[184]
16:36:12.580 (771784325)|HEAP_ALLOCATE|[184]|Bytes:8
16:36:12.580 (771795765)|DML_BEGIN|[184]|Op:Insert|Type:tdc_tsw__Message_Template__c|Rows:1
16:36:12.580 (771845430)|HEAP_ALLOCATE|[EXTERNAL]|Bytes:8
16:36:12.580 (814203603)|DML_END|[184]
16:36:12.580 (814375089)|HEAP_ALLOCATE|[185]|Bytes:5
16:36:12.580 (814415815)|HEAP_ALLOCATE|[185]|Bytes:24
16:36:12.580 (814437292)|VARIABLE_SCOPE_BEGIN|[185]|lookup|LookupResult__c|true|false
16:36:12.580 (814485552)|VARIABLE_ASSIGNMENT|[185]|lookup|{"SMS_History__c":"a173B000000sgsyQAA","Key__c":1,"ObjectId__c":"00Q3B000005aQ27UAE","Name":"Xxxx Test2"}|0xeac5a1b
16:36:12.580 (814495500)|STATEMENT_EXECUTE|[185]
16:36:12.580 (814498601)|STATEMENT_EXECUTE|[186]
16:36:12.580 (814732438)|VARIABLE_ASSIGNMENT|[186]|this.SMS_Template__c|"a153B000000pR6QQAU"|0xeac5a1b
16:36:12.580 (814761047)|HEAP_ALLOCATE|[185]|Bytes:5
16:36:12.580 (814782062)|HEAP_ALLOCATE|[185]|Bytes:24
16:36:12.580 (814794568)|VARIABLE_SCOPE_BEGIN|[185]|lookup|LookupResult__c|true|false
16:36:12.580 (814818211)|VARIABLE_ASSIGNMENT|[185]|lookup|{"SMS_History__c":"a173B000000sgsyQAA","Key__c":2,"ObjectId__c":"00Q3B000005aQ22UAE","Name":"Test"}|0xb78d5c
16:36:12.580 (814826261)|STATEMENT_EXECUTE|[185]
16:36:12.580 (814828185)|STATEMENT_EXECUTE|[186]
16:36:12.580 (814935843)|VARIABLE_ASSIGNMENT|[186]|this.SMS_Template__c|"a153B000000pR6QQAU"|0xb78d5c
16:36:12.580 (814961486)|HEAP_ALLOCATE|[185]|Bytes:5
16:36:12.580 (814980621)|VARIABLE_ASSIGNMENT|[185]|lookup|null|
16:36:12.580 (814988696)|STATEMENT_EXECUTE|[188]
16:36:12.580 (815065914)|DML_BEGIN|[188]|Op:Insert|Type:LookupResult__c|Rows:2
16:36:12.580 (815121711)|HEAP_ALLOCATE|[EXTERNAL]|Bytes:12
16:36:12.580 (879381065)|DML_END|[188]
16:36:12.580 (879488151)|HEAP_ALLOCATE|[EXTERNAL]|Bytes:12
16:36:12.580 (879518472)|STATEMENT_EXECUTE|[189]
16:36:12.580 (879684013)|VARIABLE_ASSIGNMENT|[189]|responseTemplateId|"a153B000000pR6QQAU"
16:36:12.580 (879696434)|STATEMENT_EXECUTE|[192]
16:36:12.580 (879718244)|HEAP_ALLOCATE|[192]|Bytes:18
16:36:12.580 (879883963)|HEAP_ALLOCATE|[192]|Bytes:-4
16:36:12.580 (879905820)|VARIABLE_ASSIGNMENT|[192]|this.ResponseTemplate__c|"a153B000000pR6QQAU"|0x6e629479
16:36:12.580 (879913167)|STATEMENT_EXECUTE|[193]
16:36:12.580 (880169812)|USER_DEBUG|[193]|DEBUG|tdc_tsw__Message__c:{tdc_tsw__Related_Object__c=tdc_tsw__Message__c, Id=a173B000000sgsyQAA, ResponseRelatedObject__c=a173B000000sgsyQAA, ResponseTemplate__c=a153B000000pR6QQAU}
16:36:12.580 (880190692)|STATEMENT_EXECUTE|[194]
16:36:12.580 (880220788)|HEAP_ALLOCATE|[194]|Bytes:8
16:36:12.580 (880232312)|DML_BEGIN|[194]|Op:Update|Type:tdc_tsw__Message__c|Rows:1
16:36:12.580 (880279622)|HEAP_ALLOCATE|[EXTERNAL]|Bytes:8
16:36:12.580 (911047547)|DML_END|[194]
16:36:12.911 (911113928)|CUMULATIVE_LIMIT_USAGE
16:36:12.911 (911113928)|LIMIT_USAGE_FOR_NS|(default)|
  Number of SOQL queries: 6 out of 100
  Number of query rows: 4 out of 50000
  Number of SOSL queries: 0 out of 20
  Number of DML statements: 3 out of 150
  Number of DML rows: 4 out of 10000
  Maximum CPU time: 319 out of 10000
  Maximum heap size: 0 out of 6000000
  Number of callouts: 0 out of 100
  Number of Email Invocations: 0 out of 10
  Number of future calls: 0 out of 50
  Number of queueable jobs added to the queue: 0 out of 50
  Number of Mobile Apex push calls: 0 out of 10

16:36:12.911 (911113928)|LIMIT_USAGE_FOR_NS|tdc_tsw|
  Number of SOQL queries: 14 out of 100
  Number of query rows: 20 out of 50000
  Number of SOSL queries: 0 out of 20
  Number of DML statements: 2 out of 150
  Number of DML rows: 2 out of 10000
  Maximum CPU time: 0 out of 10000
  Maximum heap size: 0 out of 6000000
  Number of callouts: 0 out of 100
  Number of Email Invocations: 0 out of 10
  Number of future calls: 0 out of 50
  Number of queueable jobs added to the queue: 0 out of 50
  Number of Mobile Apex push calls: 0 out of 10

16:36:12.911 (911113928)|CUMULATIVE_LIMIT_USAGE_END

16:36:12.580 (911180503)|CODE_UNIT_FINISHED|PhoneMatcher.MatchContactOnPhoneNunber(List<tdc_tsw__Message__c>)
16:36:12.580 (911236438)|POP_TRACE_FLAGS|[EXTERNAL]|01p3B000001izES|PhoneMatcher|APEX_CODE,FINEST;APEX_PROFILING,INFO;CALLOUT,INFO;DB,INFO;NBA,INFO;SYSTEM,DEBUG;VALIDATION,INFO;VISUALFORCE,INFO;WAVE,INFO;WORKFLOW,INFO
16:36:12.921 (921490007)|ENTERING_MANAGED_PKG|tdc_tsw
16:36:12.921 (921669400)|ENTERING_MANAGED_PKG|tdc_tsw
16:36:12.921 (923182263)|ENTERING_MANAGED_PKG|tdc_tsw
16:36:12.921 (923312290)|ENTERING_MANAGED_PKG|tdc_tsw
16:36:12.921 (923829607)|ENTERING_MANAGED_PKG|tdc_tsw
16:36:12.921 (927136171)|SOQL_EXECUTE_BEGIN|[420]|Aggregations:0|SELECT SMSBodyNew__c FROM Message_Template__c WHERE id = :tmpVar1
16:36:12.921 (931487868)|SOQL_EXECUTE_END|[420]|Rows:1
16:36:12.921 (931924428)|ENTERING_MANAGED_PKG|tdc_tsw
16:36:12.921 (963294227)|ENTERING_MANAGED_PKG|tdc_tsw
16:36:12.921 (964814681)|ENTERING_MANAGED_PKG|tdc_tsw
16:36:13.100 (1100844763)|DML_END|[557]
16:36:13.100 (1101231315)|ENTERING_MANAGED_PKG|tdc_tsw
16:36:13.100 (1105540490)|SOQL_EXECUTE_BEGIN|[1091]|Aggregations:0|SELECT id, name, Brief_Description__c, Keywords__c, Active__c FROM Survey__c WHERE (Active__c = TRUE AND Keywords__c != NULL) LIMIT 999
16:36:13.100 (1111150679)|SOQL_EXECUTE_END|[1091]|Rows:0
16:36:13.100 (1113632667)|ENTERING_MANAGED_PKG|tdc_tsw
16:36:13.100 (1113722478)|ENTERING_MANAGED_PKG|tdc_tsw
16:36:13.100 (1113813261)|ENTERING_MANAGED_PKG|tdc_tsw
16:36:13.100 (1115503175)|ENTERING_MANAGED_PKG|tdc_tsw
16:36:13.100 (1115611191)|ENTERING_MANAGED_PKG|tdc_tsw
16:36:13.100 (1115652276)|ENTERING_MANAGED_PKG|tdc_tsw
16:36:13.100 (1115751587)|ENTERING_MANAGED_PKG|tdc_tsw
16:36:13.100 (1115796428)|ENTERING_MANAGED_PKG|tdc_tsw
16:36:13.100 (1117101796)|ENTERING_MANAGED_PKG|tdc_tsw
16:36:13.100 (1118389039)|ENTERING_MANAGED_PKG|tdc_tsw
16:36:13.100 (1118455725)|ENTERING_MANAGED_PKG|tdc_tsw
16:36:13.100 (1118493354)|ENTERING_MANAGED_PKG|tdc_tsw
16:36:13.100 (1118594327)|ENTERING_MANAGED_PKG|tdc_tsw
16:36:13.100 (1118668995)|ENTERING_MANAGED_PKG|tdc_tsw
16:36:13.100 (1118705841)|ENTERING_MANAGED_PKG|tdc_tsw
16:36:13.100 (1118794578)|ENTERING_MANAGED_PKG|tdc_tsw
16:36:13.100 (1119795704)|ENTERING_MANAGED_PKG|tdc_tsw
16:36:13.100 (1121220089)|ENTERING_MANAGED_PKG|tdc_tsw
