44.0 APEX_CODE,FINEST;APEX_PROFILING,INFO;CALLOUT,INFO;DB,INFO;NBA,INFO;SYSTEM,DEBUG;VALIDATION,INFO;VISUALFORCE,INFO;WAVE,INFO;WORKFLOW,INFO
20:18:02.0 (149601)|USER_INFO|[EXTERNAL]|0051H000009gxp8|chanida.dev2@solvedbysoftwareco.com|Eastern Standard Time|GMT-05:00
20:18:02.0 (1855762)|ENTERING_MANAGED_PKG|tdc_tsw
20:18:02.0 (2339951)|ENTERING_MANAGED_PKG|tdc_tsw
20:18:02.0 (6389570)|SOQL_EXECUTE_BEGIN|[16]|Aggregations:0|SELECT id, name, Disable_Incoming_SMS_Sharing__c FROM User WHERE id = :tmpVar1
20:18:02.0 (16579200)|SOQL_EXECUTE_END|[16]|Rows:1
20:18:02.0 (23595535)|SOQL_EXECUTE_BEGIN|[37]|Aggregations:0|SELECT CreatedDate,Created_Date__c,Id,LastModifiedDate,MessageId__c,Message_Text_New__c,Name,OwnerId,Read__c,Related_Object_Id__c,Related_Object__c,Sender_Number__c, Sender_Name__c,ToNumber__c,Attachments_Ids__c FROM Message__c WHERE Name = 'Incoming' AND Read__c = false ORDER BY CreatedDate Desc limit 100
20:18:02.0 (41003907)|SOQL_EXECUTE_END|[37]|Rows:86
20:18:02.0 (59684838)|ENTERING_MANAGED_PKG|tdc_tsw
20:18:02.0 (62088502)|ENTERING_MANAGED_PKG|tdc_tsw
20:18:02.0 (62653214)|ENTERING_MANAGED_PKG|tdc_tsw
20:18:02.0 (63399275)|ENTERING_MANAGED_PKG|tdc_tsw
20:18:02.0 (66519443)|ENTERING_MANAGED_PKG|tdc_tsw
20:18:02.0 (67370675)|ENTERING_MANAGED_PKG|tdc_tsw
20:18:02.0 (67638622)|ENTERING_MANAGED_PKG|tdc_tsw
20:18:02.0 (68085596)|ENTERING_MANAGED_PKG|tdc_tsw
20:18:02.0 (69298705)|ENTERING_MANAGED_PKG|tdc_tsw
20:18:02.0 (70125550)|ENTERING_MANAGED_PKG|tdc_tsw
20:18:02.0 (70380707)|ENTERING_MANAGED_PKG|tdc_tsw
20:18:02.0 (70824023)|ENTERING_MANAGED_PKG|tdc_tsw
20:18:02.0 (72029328)|ENTERING_MANAGED_PKG|tdc_tsw
20:18:02.0 (72849860)|ENTERING_MANAGED_PKG|tdc_tsw
20:18:02.0 (73103393)|ENTERING_MANAGED_PKG|tdc_tsw
20:18:02.0 (73551921)|ENTERING_MANAGED_PKG|tdc_tsw
20:18:02.0 (74745874)|ENTERING_MANAGED_PKG|tdc_tsw
20:18:02.0 (75573785)|ENTERING_MANAGED_PKG|tdc_tsw
20:18:02.0 (75825956)|ENTERING_MANAGED_PKG|tdc_tsw
20:18:02.0 (76259175)|ENTERING_MANAGED_PKG|tdc_tsw
20:18:02.0 (77474522)|ENTERING_MANAGED_PKG|tdc_tsw
20:18:02.0 (78290211)|ENTERING_MANAGED_PKG|tdc_tsw
20:18:02.0 (78528235)|ENTERING_MANAGED_PKG|tdc_tsw
20:18:02.0 (78955089)|ENTERING_MANAGED_PKG|tdc_tsw
20:18:02.0 (80143740)|ENTERING_MANAGED_PKG|tdc_tsw
20:18:02.0 (80971579)|ENTERING_MANAGED_PKG|tdc_tsw
20:18:02.0 (81219165)|ENTERING_MANAGED_PKG|tdc_tsw
20:18:02.0 (81668399)|ENTERING_MANAGED_PKG|tdc_tsw
20:18:02.0 (82834535)|ENTERING_MANAGED_PKG|tdc_tsw
20:18:02.0 (83638828)|ENTERING_MANAGED_PKG|tdc_tsw
20:18:02.0 (83853405)|ENTERING_MANAGED_PKG|tdc_tsw
20:18:02.0 (84266882)|ENTERING_MANAGED_PKG|tdc_tsw
20:18:02.0 (85428679)|ENTERING_MANAGED_PKG|tdc_tsw
20:18:02.0 (86225575)|ENTERING_MANAGED_PKG|tdc_tsw
20:18:02.0 (86436989)|ENTERING_MANAGED_PKG|tdc_tsw
20:18:02.0 (87146846)|ENTERING_MANAGED_PKG|tdc_tsw
20:18:02.0 (88379865)|ENTERING_MANAGED_PKG|tdc_tsw
20:18:02.0 (89182483)|ENTERING_MANAGED_PKG|tdc_tsw
20:18:02.0 (89422500)|ENTERING_MANAGED_PKG|tdc_tsw
20:18:02.0 (89950853)|ENTERING_MANAGED_PKG|tdc_tsw
20:18:02.0 (91172345)|ENTERING_MANAGED_PKG|tdc_tsw
20:18:02.0 (91962117)|ENTERING_MANAGED_PKG|tdc_tsw
20:18:02.0 (92199830)|ENTERING_MANAGED_PKG|tdc_tsw
20:18:02.0 (92718737)|ENTERING_MANAGED_PKG|tdc_tsw
20:18:02.0 (94168492)|ENTERING_MANAGED_PKG|tdc_tsw
20:18:02.0 (95200319)|ENTERING_MANAGED_PKG|tdc_tsw
20:18:02.0 (95283241)|ENTERING_MANAGED_PKG|tdc_tsw
20:18:02.0 (95994424)|SOQL_EXECUTE_BEGIN|[200]|Aggregations:0|SELECT Name, NamespacePrefix, SystemModStamp FROM StaticResource WHERE Name LIKE :tmpVar1 LIMIT 10
20:18:02.0 (99581022)|SOQL_EXECUTE_END|[200]|Rows:1
20:18:02.0 (100506837)|ENTERING_MANAGED_PKG|tdc_tsw
20:18:02.0 (100916373)|SOQL_EXECUTE_BEGIN|[200]|Aggregations:0|SELECT Name, NamespacePrefix, SystemModStamp FROM StaticResource WHERE Name LIKE :tmpVar1 LIMIT 10
20:18:02.0 (103481974)|SOQL_EXECUTE_END|[200]|Rows:1
20:18:02.0 (103905760)|ENTERING_MANAGED_PKG|tdc_tsw
20:18:02.0 (107741300)|ENTERING_MANAGED_PKG|tdc_tsw
20:18:02.0 (109397306)|ENTERING_MANAGED_PKG|tdc_tsw
20:18:02.0 (109723485)|ENTERING_MANAGED_PKG|tdc_tsw
20:18:02.0 (110602044)|ENTERING_MANAGED_PKG|tdc_tsw
20:18:02.0 (111005256)|SOQL_EXECUTE_BEGIN|[200]|Aggregations:0|SELECT Name, NamespacePrefix, SystemModStamp FROM StaticResource WHERE Name LIKE :tmpVar1 LIMIT 10
20:18:02.0 (113328611)|SOQL_EXECUTE_END|[200]|Rows:1
20:18:02.120 (120360556)|USER_INFO|[EXTERNAL]|0051H000009gxp8|chanida.dev2@solvedbysoftwareco.com|Eastern Standard Time|GMT-05:00
20:18:02.120 (121809715)|ENTERING_MANAGED_PKG|tdc_tsw
20:18:02.120 (122006170)|ENTERING_MANAGED_PKG|tdc_tsw
20:18:02.120 (125074349)|SOQL_EXECUTE_BEGIN|[355]|Aggregations:0|SELECT id, name, Disable_Incoming_SMS_Sharing__c FROM User WHERE id = :tmpVar1
20:18:02.120 (132241234)|SOQL_EXECUTE_END|[355]|Rows:1
20:18:02.120 (133478976)|SOQL_EXECUTE_BEGIN|[367]|Aggregations:0|SELECT CreatedDate,Id,LastModifiedDate,Related_Object_Id__c FROM Message__c WHERE Name = 'Incoming' AND Read__c = false ORDER BY CreatedDate Desc limit 100
20:18:02.120 (141901492)|SOQL_EXECUTE_END|[367]|Rows:86
