44.0 APEX_CODE,FINEST;APEX_PROFILING,INFO;CALLOUT,INFO;DB,INFO;NBA,INFO;SYSTEM,DEBUG;VALIDATION,INFO;VISUALFORCE,INFO;WAVE,INFO;WORKFLOW,INFO
23:39:21.0 (107165)|USER_INFO|[EXTERNAL]|0051H000009gxp8|chanida.dev2@solvedbysoftwareco.com|Eastern Standard Time|GMT-05:00
23:39:21.0 (2483944)|ENTERING_MANAGED_PKG|tdc_tsw
23:39:21.0 (2615988)|ENTERING_MANAGED_PKG|tdc_tsw
23:39:21.0 (3032735)|ENTERING_MANAGED_PKG|tdc_tsw
23:39:21.0 (3072524)|ENTERING_MANAGED_PKG|tdc_tsw
23:39:21.0 (3789681)|ENTERING_MANAGED_PKG|tdc_tsw
23:39:21.0 (4364197)|ENTERING_MANAGED_PKG|tdc_tsw
23:39:21.0 (5604099)|ENTERING_MANAGED_PKG|tdc_tsw
23:39:21.0 (5677470)|ENTERING_MANAGED_PKG|tdc_tsw
23:39:21.0 (6743838)|ENTERING_MANAGED_PKG|tdc_tsw
23:39:21.0 (12050050)|SOQL_EXECUTE_BEGIN|[82]|Aggregations:0|SELECT CreatedDate, Id,Task_Created__c,Event_Created__c,isCaseCreated__c,Task_Id__c,Event_Id__c,Case__c, Important__c, Delivered__c, Message_Text_New__c, Name, Owner.Name, Read__c,MessageId__c, ToNumber__c, Related_Object_Id__c, Related_Object__c, Sender_Number__c, LastModifiedDate, Attachments_Ids__c FROM Message__c WHERE Contact__c =: recordId ORDER BY CreatedDate Desc limit 200
23:39:21.0 (26510473)|SOQL_EXECUTE_END|[82]|Rows:2
23:39:21.0 (27645842)|ENTERING_MANAGED_PKG|tdc_tsw
23:39:21.0 (27901340)|ENTERING_MANAGED_PKG|tdc_tsw
23:39:21.0 (27965264)|ENTERING_MANAGED_PKG|tdc_tsw
23:39:21.0 (28421578)|SOQL_EXECUTE_BEGIN|[200]|Aggregations:0|SELECT Name, NamespacePrefix, SystemModStamp FROM StaticResource WHERE Name LIKE :tmpVar1 LIMIT 10
23:39:21.0 (30871417)|SOQL_EXECUTE_END|[200]|Rows:1
23:39:21.0 (32661334)|ENTERING_MANAGED_PKG|tdc_tsw
23:39:21.0 (34447713)|ENTERING_MANAGED_PKG|tdc_tsw
23:39:21.0 (34493209)|ENTERING_MANAGED_PKG|tdc_tsw
23:39:21.0 (36157380)|ENTERING_MANAGED_PKG|tdc_tsw
23:39:21.0 (36863614)|ENTERING_MANAGED_PKG|tdc_tsw
23:39:21.0 (40622844)|SOQL_EXECUTE_BEGIN|[172]|Aggregations:0|SELECT id, name FROM ChatTranscript__c WHERE (Chat_Active__c = TRUE AND (Related_Object_Id__c = :tmpVar1 OR Related_Object_Id__c = :tmpVar2)) LIMIT 1
23:39:21.0 (43539520)|SOQL_EXECUTE_END|[172]|Rows:0
23:39:21.0 (43825053)|ENTERING_MANAGED_PKG|tdc_tsw
23:39:21.0 (43858811)|ENTERING_MANAGED_PKG|tdc_tsw
