44.0 APEX_CODE,FINEST;APEX_PROFILING,INFO;CALLOUT,INFO;DB,INFO;NBA,INFO;SYSTEM,DEBUG;VALIDATION,INFO;VISUALFORCE,INFO;WAVE,INFO;WORKFLOW,INFO
15:50:58.0 (158338)|USER_INFO|[EXTERNAL]|0051H000009gxp8|chanida.dev2@solvedbysoftwareco.com|Eastern Standard Time|GMT-05:00
15:50:58.0 (2290566)|ENTERING_MANAGED_PKG|tdc_tsw
15:50:58.0 (2911052)|ENTERING_MANAGED_PKG|tdc_tsw
15:50:58.0 (7881069)|SOQL_EXECUTE_BEGIN|[16]|Aggregations:0|SELECT id, name, Disable_Incoming_SMS_Sharing__c FROM User WHERE id = :tmpVar1
15:50:58.0 (18171410)|SOQL_EXECUTE_END|[16]|Rows:1
15:50:58.0 (28261600)|SOQL_EXECUTE_BEGIN|[37]|Aggregations:0|SELECT CreatedDate,Created_Date__c,Id,LastModifiedDate,MessageId__c,Message_Text_New__c,Name,OwnerId,Read__c,Related_Object_Id__c,Related_Object__c,Sender_Number__c, Sender_Name__c,ToNumber__c,Attachments_Ids__c FROM Message__c WHERE Name = 'Incoming' AND Read__c = false ORDER BY CreatedDate Desc limit 100
15:50:58.0 (52656840)|SOQL_EXECUTE_END|[37]|Rows:100
15:50:58.0 (79744847)|ENTERING_MANAGED_PKG|tdc_tsw
15:50:58.0 (82459341)|ENTERING_MANAGED_PKG|tdc_tsw
15:50:58.0 (83172092)|ENTERING_MANAGED_PKG|tdc_tsw
15:50:58.0 (84373386)|ENTERING_MANAGED_PKG|tdc_tsw
15:50:58.0 (87403617)|ENTERING_MANAGED_PKG|tdc_tsw
15:50:58.0 (88446678)|ENTERING_MANAGED_PKG|tdc_tsw
15:50:58.0 (88778590)|ENTERING_MANAGED_PKG|tdc_tsw
15:50:58.0 (89279691)|ENTERING_MANAGED_PKG|tdc_tsw
15:50:58.0 (90960453)|ENTERING_MANAGED_PKG|tdc_tsw
15:50:58.0 (92461280)|ENTERING_MANAGED_PKG|tdc_tsw
15:50:58.0 (92982316)|ENTERING_MANAGED_PKG|tdc_tsw
15:50:58.0 (93805273)|ENTERING_MANAGED_PKG|tdc_tsw
15:50:58.0 (95449672)|ENTERING_MANAGED_PKG|tdc_tsw
15:50:58.0 (96407378)|ENTERING_MANAGED_PKG|tdc_tsw
15:50:58.0 (96645995)|ENTERING_MANAGED_PKG|tdc_tsw
15:50:58.0 (97074103)|ENTERING_MANAGED_PKG|tdc_tsw
15:50:58.0 (98297088)|ENTERING_MANAGED_PKG|tdc_tsw
15:50:58.0 (99138454)|ENTERING_MANAGED_PKG|tdc_tsw
15:50:58.0 (99405995)|ENTERING_MANAGED_PKG|tdc_tsw
15:50:58.0 (99858850)|ENTERING_MANAGED_PKG|tdc_tsw
15:50:58.0 (101365558)|ENTERING_MANAGED_PKG|tdc_tsw
15:50:58.0 (102585764)|ENTERING_MANAGED_PKG|tdc_tsw
15:50:58.0 (103001496)|ENTERING_MANAGED_PKG|tdc_tsw
15:50:58.0 (103766019)|ENTERING_MANAGED_PKG|tdc_tsw
15:50:58.0 (105814525)|ENTERING_MANAGED_PKG|tdc_tsw
15:50:58.0 (107237230)|ENTERING_MANAGED_PKG|tdc_tsw
15:50:58.0 (107542131)|ENTERING_MANAGED_PKG|tdc_tsw
15:50:58.0 (108120911)|ENTERING_MANAGED_PKG|tdc_tsw
15:50:58.0 (109993070)|ENTERING_MANAGED_PKG|tdc_tsw
15:50:58.0 (111404179)|ENTERING_MANAGED_PKG|tdc_tsw
15:50:58.0 (111841758)|ENTERING_MANAGED_PKG|tdc_tsw
15:50:58.0 (112511700)|ENTERING_MANAGED_PKG|tdc_tsw
15:50:58.0 (114060066)|ENTERING_MANAGED_PKG|tdc_tsw
15:50:58.0 (115404172)|ENTERING_MANAGED_PKG|tdc_tsw
15:50:58.0 (115837816)|ENTERING_MANAGED_PKG|tdc_tsw
15:50:58.0 (116621579)|ENTERING_MANAGED_PKG|tdc_tsw
15:50:58.0 (118659244)|ENTERING_MANAGED_PKG|tdc_tsw
15:50:58.0 (120031557)|ENTERING_MANAGED_PKG|tdc_tsw
15:50:58.0 (120352370)|ENTERING_MANAGED_PKG|tdc_tsw
15:50:58.0 (121161350)|ENTERING_MANAGED_PKG|tdc_tsw
15:50:58.0 (122938003)|ENTERING_MANAGED_PKG|tdc_tsw
15:50:58.0 (124097479)|ENTERING_MANAGED_PKG|tdc_tsw
15:50:58.0 (124414170)|ENTERING_MANAGED_PKG|tdc_tsw
15:50:58.0 (125084117)|ENTERING_MANAGED_PKG|tdc_tsw
15:50:58.0 (126777883)|ENTERING_MANAGED_PKG|tdc_tsw
15:50:58.0 (127960094)|ENTERING_MANAGED_PKG|tdc_tsw
15:50:58.0 (128338228)|ENTERING_MANAGED_PKG|tdc_tsw
15:50:58.0 (128758963)|ENTERING_MANAGED_PKG|tdc_tsw
15:50:58.0 (129933643)|ENTERING_MANAGED_PKG|tdc_tsw
15:50:58.0 (130843299)|ENTERING_MANAGED_PKG|tdc_tsw
15:50:58.0 (131131695)|ENTERING_MANAGED_PKG|tdc_tsw
15:50:58.0 (131767322)|ENTERING_MANAGED_PKG|tdc_tsw
15:50:58.0 (133453127)|ENTERING_MANAGED_PKG|tdc_tsw
15:50:58.0 (134288877)|ENTERING_MANAGED_PKG|tdc_tsw
15:50:58.0 (134565925)|ENTERING_MANAGED_PKG|tdc_tsw
15:50:58.0 (134967028)|ENTERING_MANAGED_PKG|tdc_tsw
15:50:58.0 (136471606)|ENTERING_MANAGED_PKG|tdc_tsw
15:50:58.0 (137858359)|ENTERING_MANAGED_PKG|tdc_tsw
15:50:58.0 (138297360)|ENTERING_MANAGED_PKG|tdc_tsw
15:50:58.0 (139080603)|ENTERING_MANAGED_PKG|tdc_tsw
15:50:58.0 (141201054)|ENTERING_MANAGED_PKG|tdc_tsw
15:50:58.0 (142434878)|ENTERING_MANAGED_PKG|tdc_tsw
15:50:58.0 (142677488)|ENTERING_MANAGED_PKG|tdc_tsw
15:50:58.0 (143256048)|ENTERING_MANAGED_PKG|tdc_tsw
15:50:58.0 (144981876)|ENTERING_MANAGED_PKG|tdc_tsw
15:50:58.0 (146341143)|ENTERING_MANAGED_PKG|tdc_tsw
15:50:58.0 (146669009)|ENTERING_MANAGED_PKG|tdc_tsw
15:50:58.0 (147201380)|ENTERING_MANAGED_PKG|tdc_tsw
15:50:58.0 (149139732)|ENTERING_MANAGED_PKG|tdc_tsw
15:50:58.0 (150316297)|ENTERING_MANAGED_PKG|tdc_tsw
15:50:58.0 (150820762)|ENTERING_MANAGED_PKG|tdc_tsw
15:50:58.0 (151316362)|ENTERING_MANAGED_PKG|tdc_tsw
15:50:58.0 (153353984)|ENTERING_MANAGED_PKG|tdc_tsw
15:50:58.0 (154816565)|ENTERING_MANAGED_PKG|tdc_tsw
15:50:58.0 (155233523)|ENTERING_MANAGED_PKG|tdc_tsw
15:50:58.0 (155994780)|ENTERING_MANAGED_PKG|tdc_tsw
15:50:58.0 (158016130)|ENTERING_MANAGED_PKG|tdc_tsw
15:50:58.0 (159424071)|ENTERING_MANAGED_PKG|tdc_tsw
15:50:58.0 (159728633)|ENTERING_MANAGED_PKG|tdc_tsw
15:50:58.0 (160610732)|ENTERING_MANAGED_PKG|tdc_tsw
15:50:58.0 (162325924)|ENTERING_MANAGED_PKG|tdc_tsw
15:50:58.0 (163867701)|ENTERING_MANAGED_PKG|tdc_tsw
15:50:58.0 (164391240)|ENTERING_MANAGED_PKG|tdc_tsw
15:50:58.0 (165162993)|ENTERING_MANAGED_PKG|tdc_tsw
15:50:58.0 (167171846)|ENTERING_MANAGED_PKG|tdc_tsw
15:50:58.0 (168556942)|ENTERING_MANAGED_PKG|tdc_tsw
15:50:58.0 (168992551)|ENTERING_MANAGED_PKG|tdc_tsw
15:50:58.0 (169783228)|ENTERING_MANAGED_PKG|tdc_tsw
15:50:58.0 (171506973)|ENTERING_MANAGED_PKG|tdc_tsw
15:50:58.0 (172949006)|ENTERING_MANAGED_PKG|tdc_tsw
15:50:58.0 (173425579)|ENTERING_MANAGED_PKG|tdc_tsw
15:50:58.0 (174338531)|ENTERING_MANAGED_PKG|tdc_tsw
15:50:58.0 (176123687)|ENTERING_MANAGED_PKG|tdc_tsw
15:50:58.0 (177236739)|ENTERING_MANAGED_PKG|tdc_tsw
15:50:58.0 (177690390)|ENTERING_MANAGED_PKG|tdc_tsw
15:50:58.0 (178430363)|ENTERING_MANAGED_PKG|tdc_tsw
15:50:58.0 (180240654)|ENTERING_MANAGED_PKG|tdc_tsw
15:50:58.0 (181115307)|ENTERING_MANAGED_PKG|tdc_tsw
15:50:58.0 (181429765)|ENTERING_MANAGED_PKG|tdc_tsw
15:50:58.0 (182067327)|ENTERING_MANAGED_PKG|tdc_tsw
15:50:58.0 (183957900)|ENTERING_MANAGED_PKG|tdc_tsw
15:50:58.0 (185452815)|ENTERING_MANAGED_PKG|tdc_tsw
15:50:58.0 (185939658)|ENTERING_MANAGED_PKG|tdc_tsw
15:50:58.0 (186720306)|ENTERING_MANAGED_PKG|tdc_tsw
15:50:58.0 (188365279)|ENTERING_MANAGED_PKG|tdc_tsw
15:50:58.0 (189172812)|ENTERING_MANAGED_PKG|tdc_tsw
15:50:58.0 (189415996)|ENTERING_MANAGED_PKG|tdc_tsw
15:50:58.0 (189806089)|ENTERING_MANAGED_PKG|tdc_tsw
15:50:58.0 (191427015)|ENTERING_MANAGED_PKG|tdc_tsw
15:50:58.0 (192767960)|ENTERING_MANAGED_PKG|tdc_tsw
15:50:58.0 (193201500)|ENTERING_MANAGED_PKG|tdc_tsw
15:50:58.0 (193974153)|ENTERING_MANAGED_PKG|tdc_tsw
15:50:58.0 (196025411)|ENTERING_MANAGED_PKG|tdc_tsw
15:50:58.0 (197432136)|ENTERING_MANAGED_PKG|tdc_tsw
15:50:58.0 (197886026)|ENTERING_MANAGED_PKG|tdc_tsw
15:50:58.0 (198668693)|ENTERING_MANAGED_PKG|tdc_tsw
15:50:58.0 (200768720)|ENTERING_MANAGED_PKG|tdc_tsw
15:50:58.0 (202213693)|ENTERING_MANAGED_PKG|tdc_tsw
15:50:58.0 (202952003)|ENTERING_MANAGED_PKG|tdc_tsw
15:50:58.0 (203758442)|ENTERING_MANAGED_PKG|tdc_tsw
15:50:58.0 (205826533)|ENTERING_MANAGED_PKG|tdc_tsw
15:50:58.0 (207301552)|ENTERING_MANAGED_PKG|tdc_tsw
15:50:58.0 (207740307)|ENTERING_MANAGED_PKG|tdc_tsw
15:50:58.0 (208537961)|ENTERING_MANAGED_PKG|tdc_tsw
15:50:58.0 (210597140)|ENTERING_MANAGED_PKG|tdc_tsw
15:50:58.0 (212107738)|ENTERING_MANAGED_PKG|tdc_tsw
15:50:58.0 (212465234)|ENTERING_MANAGED_PKG|tdc_tsw
15:50:58.0 (212991605)|ENTERING_MANAGED_PKG|tdc_tsw
15:50:58.0 (214685049)|ENTERING_MANAGED_PKG|tdc_tsw
15:50:58.0 (216043603)|ENTERING_MANAGED_PKG|tdc_tsw
15:50:58.0 (216472101)|ENTERING_MANAGED_PKG|tdc_tsw
15:50:58.0 (217225796)|ENTERING_MANAGED_PKG|tdc_tsw
15:50:58.0 (219276557)|ENTERING_MANAGED_PKG|tdc_tsw
15:50:58.0 (220665058)|ENTERING_MANAGED_PKG|tdc_tsw
15:50:58.0 (221102550)|ENTERING_MANAGED_PKG|tdc_tsw
15:50:58.0 (221923327)|ENTERING_MANAGED_PKG|tdc_tsw
15:50:58.0 (223713641)|ENTERING_MANAGED_PKG|tdc_tsw
15:50:58.0 (224727495)|ENTERING_MANAGED_PKG|tdc_tsw
15:50:58.0 (225098821)|ENTERING_MANAGED_PKG|tdc_tsw
15:50:58.0 (225868264)|ENTERING_MANAGED_PKG|tdc_tsw
15:50:58.0 (227907059)|ENTERING_MANAGED_PKG|tdc_tsw
15:50:58.0 (229266987)|ENTERING_MANAGED_PKG|tdc_tsw
15:50:58.0 (229697609)|ENTERING_MANAGED_PKG|tdc_tsw
15:50:58.0 (230480855)|ENTERING_MANAGED_PKG|tdc_tsw
15:50:58.0 (232487909)|ENTERING_MANAGED_PKG|tdc_tsw
15:50:58.0 (233888920)|ENTERING_MANAGED_PKG|tdc_tsw
15:50:58.0 (234325382)|ENTERING_MANAGED_PKG|tdc_tsw
15:50:58.0 (234979855)|ENTERING_MANAGED_PKG|tdc_tsw
15:50:58.0 (236081731)|ENTERING_MANAGED_PKG|tdc_tsw
15:50:58.0 (236829634)|ENTERING_MANAGED_PKG|tdc_tsw
15:50:58.0 (237096618)|ENTERING_MANAGED_PKG|tdc_tsw
15:50:58.0 (237770948)|ENTERING_MANAGED_PKG|tdc_tsw
15:50:58.0 (239344198)|ENTERING_MANAGED_PKG|tdc_tsw
15:50:58.0 (240706688)|ENTERING_MANAGED_PKG|tdc_tsw
15:50:58.0 (241142262)|ENTERING_MANAGED_PKG|tdc_tsw
15:50:58.0 (241950387)|ENTERING_MANAGED_PKG|tdc_tsw
15:50:58.0 (243998465)|ENTERING_MANAGED_PKG|tdc_tsw
15:50:58.0 (245354493)|ENTERING_MANAGED_PKG|tdc_tsw
15:50:58.0 (245812500)|ENTERING_MANAGED_PKG|tdc_tsw
15:50:58.0 (246609373)|ENTERING_MANAGED_PKG|tdc_tsw
15:50:58.0 (248733711)|ENTERING_MANAGED_PKG|tdc_tsw
15:50:58.0 (249796189)|ENTERING_MANAGED_PKG|tdc_tsw
15:50:58.0 (250241929)|ENTERING_MANAGED_PKG|tdc_tsw
15:50:58.0 (250788241)|ENTERING_MANAGED_PKG|tdc_tsw
15:50:58.0 (252713747)|ENTERING_MANAGED_PKG|tdc_tsw
15:50:58.0 (254042470)|ENTERING_MANAGED_PKG|tdc_tsw
15:50:58.0 (254476100)|ENTERING_MANAGED_PKG|tdc_tsw
15:50:58.0 (255352012)|ENTERING_MANAGED_PKG|tdc_tsw
15:50:58.0 (257171875)|ENTERING_MANAGED_PKG|tdc_tsw
15:50:58.0 (258330606)|ENTERING_MANAGED_PKG|tdc_tsw
15:50:58.0 (258588392)|ENTERING_MANAGED_PKG|tdc_tsw
15:50:58.0 (259180813)|ENTERING_MANAGED_PKG|tdc_tsw
15:50:58.0 (261363160)|ENTERING_MANAGED_PKG|tdc_tsw
15:50:58.0 (262786247)|ENTERING_MANAGED_PKG|tdc_tsw
15:50:58.0 (263211528)|ENTERING_MANAGED_PKG|tdc_tsw
15:50:58.0 (263968117)|ENTERING_MANAGED_PKG|tdc_tsw
15:50:58.0 (265987546)|ENTERING_MANAGED_PKG|tdc_tsw
15:50:58.0 (267374605)|ENTERING_MANAGED_PKG|tdc_tsw
15:50:58.0 (267805295)|ENTERING_MANAGED_PKG|tdc_tsw
15:50:58.0 (268614508)|ENTERING_MANAGED_PKG|tdc_tsw
15:50:58.0 (270635296)|ENTERING_MANAGED_PKG|tdc_tsw
15:50:58.0 (272035269)|ENTERING_MANAGED_PKG|tdc_tsw
15:50:58.0 (272460025)|ENTERING_MANAGED_PKG|tdc_tsw
15:50:58.0 (273214257)|ENTERING_MANAGED_PKG|tdc_tsw
15:50:58.0 (275205010)|ENTERING_MANAGED_PKG|tdc_tsw
15:50:58.0 (276552671)|ENTERING_MANAGED_PKG|tdc_tsw
15:50:58.0 (276966404)|ENTERING_MANAGED_PKG|tdc_tsw
15:50:58.0 (277735231)|ENTERING_MANAGED_PKG|tdc_tsw
15:50:58.0 (279825313)|ENTERING_MANAGED_PKG|tdc_tsw
15:50:58.0 (281181494)|ENTERING_MANAGED_PKG|tdc_tsw
15:50:58.0 (281612800)|ENTERING_MANAGED_PKG|tdc_tsw
15:50:58.0 (282373151)|ENTERING_MANAGED_PKG|tdc_tsw
15:50:58.0 (284394310)|ENTERING_MANAGED_PKG|tdc_tsw
15:50:58.0 (285807628)|ENTERING_MANAGED_PKG|tdc_tsw
15:50:58.0 (286383323)|ENTERING_MANAGED_PKG|tdc_tsw
15:50:58.0 (287202922)|ENTERING_MANAGED_PKG|tdc_tsw
15:50:58.0 (289448834)|ENTERING_MANAGED_PKG|tdc_tsw
15:50:58.0 (290889928)|ENTERING_MANAGED_PKG|tdc_tsw
15:50:58.0 (291364572)|ENTERING_MANAGED_PKG|tdc_tsw
15:50:58.0 (292313682)|ENTERING_MANAGED_PKG|tdc_tsw
15:50:58.0 (294548452)|ENTERING_MANAGED_PKG|tdc_tsw
15:50:58.0 (296059414)|ENTERING_MANAGED_PKG|tdc_tsw
15:50:58.0 (296517563)|ENTERING_MANAGED_PKG|tdc_tsw
15:50:58.0 (297318128)|ENTERING_MANAGED_PKG|tdc_tsw
15:50:58.0 (299442364)|ENTERING_MANAGED_PKG|tdc_tsw
15:50:58.0 (300856876)|ENTERING_MANAGED_PKG|tdc_tsw
15:50:58.0 (301293824)|ENTERING_MANAGED_PKG|tdc_tsw
15:50:58.0 (302068952)|ENTERING_MANAGED_PKG|tdc_tsw
15:50:58.0 (303747627)|ENTERING_MANAGED_PKG|tdc_tsw
15:50:58.0 (304979603)|ENTERING_MANAGED_PKG|tdc_tsw
15:50:58.0 (305361441)|ENTERING_MANAGED_PKG|tdc_tsw
15:50:58.0 (306150693)|ENTERING_MANAGED_PKG|tdc_tsw
15:50:58.0 (307970363)|ENTERING_MANAGED_PKG|tdc_tsw
15:50:58.0 (309108052)|ENTERING_MANAGED_PKG|tdc_tsw
15:50:58.0 (309560496)|ENTERING_MANAGED_PKG|tdc_tsw
15:50:58.0 (310298984)|ENTERING_MANAGED_PKG|tdc_tsw
15:50:58.0 (312280212)|ENTERING_MANAGED_PKG|tdc_tsw
15:50:58.0 (313701171)|ENTERING_MANAGED_PKG|tdc_tsw
15:50:58.0 (314146107)|ENTERING_MANAGED_PKG|tdc_tsw
15:50:58.0 (314978533)|ENTERING_MANAGED_PKG|tdc_tsw
15:50:58.0 (317117416)|ENTERING_MANAGED_PKG|tdc_tsw
15:50:58.0 (318461910)|ENTERING_MANAGED_PKG|tdc_tsw
15:50:58.0 (318704297)|ENTERING_MANAGED_PKG|tdc_tsw
15:50:58.0 (319316371)|ENTERING_MANAGED_PKG|tdc_tsw
15:50:58.0 (320949843)|ENTERING_MANAGED_PKG|tdc_tsw
15:50:58.0 (322316143)|ENTERING_MANAGED_PKG|tdc_tsw
15:50:58.0 (322756868)|ENTERING_MANAGED_PKG|tdc_tsw
15:50:58.0 (323544728)|ENTERING_MANAGED_PKG|tdc_tsw
15:50:58.0 (325040127)|ENTERING_MANAGED_PKG|tdc_tsw
15:50:58.0 (326378062)|ENTERING_MANAGED_PKG|tdc_tsw
15:50:58.0 (326822884)|ENTERING_MANAGED_PKG|tdc_tsw
15:50:58.0 (327871111)|ENTERING_MANAGED_PKG|tdc_tsw
15:50:58.0 (329554437)|ENTERING_MANAGED_PKG|tdc_tsw
15:50:58.0 (330934343)|ENTERING_MANAGED_PKG|tdc_tsw
15:50:58.0 (331378016)|ENTERING_MANAGED_PKG|tdc_tsw
15:50:58.0 (332101009)|ENTERING_MANAGED_PKG|tdc_tsw
15:50:58.0 (333736210)|ENTERING_MANAGED_PKG|tdc_tsw
15:50:58.0 (334488553)|ENTERING_MANAGED_PKG|tdc_tsw
15:50:58.0 (334720973)|ENTERING_MANAGED_PKG|tdc_tsw
15:50:58.0 (335133805)|ENTERING_MANAGED_PKG|tdc_tsw
15:50:58.0 (336613275)|ENTERING_MANAGED_PKG|tdc_tsw
15:50:58.0 (337959510)|ENTERING_MANAGED_PKG|tdc_tsw
15:50:58.0 (338381556)|ENTERING_MANAGED_PKG|tdc_tsw
15:50:58.0 (338836683)|ENTERING_MANAGED_PKG|tdc_tsw
15:50:58.0 (340312532)|ENTERING_MANAGED_PKG|tdc_tsw
15:50:58.0 (341202846)|ENTERING_MANAGED_PKG|tdc_tsw
15:50:58.0 (341546140)|ENTERING_MANAGED_PKG|tdc_tsw
15:50:58.0 (342161100)|ENTERING_MANAGED_PKG|tdc_tsw
15:50:58.0 (343956985)|ENTERING_MANAGED_PKG|tdc_tsw
15:50:58.0 (344813387)|ENTERING_MANAGED_PKG|tdc_tsw
15:50:58.0 (345108587)|ENTERING_MANAGED_PKG|tdc_tsw
15:50:58.0 (345909452)|ENTERING_MANAGED_PKG|tdc_tsw
15:50:58.0 (347975562)|ENTERING_MANAGED_PKG|tdc_tsw
15:50:58.0 (349368169)|ENTERING_MANAGED_PKG|tdc_tsw
15:50:58.0 (349797655)|ENTERING_MANAGED_PKG|tdc_tsw
15:50:58.0 (350570505)|ENTERING_MANAGED_PKG|tdc_tsw
15:50:58.0 (352636119)|ENTERING_MANAGED_PKG|tdc_tsw
15:50:58.0 (353818883)|ENTERING_MANAGED_PKG|tdc_tsw
15:50:58.0 (354087902)|ENTERING_MANAGED_PKG|tdc_tsw
15:50:58.0 (354734939)|ENTERING_MANAGED_PKG|tdc_tsw
15:50:58.0 (356614529)|ENTERING_MANAGED_PKG|tdc_tsw
15:50:58.0 (357698792)|ENTERING_MANAGED_PKG|tdc_tsw
15:50:58.0 (357832167)|ENTERING_MANAGED_PKG|tdc_tsw
15:50:58.0 (358821581)|SOQL_EXECUTE_BEGIN|[200]|Aggregations:0|SELECT Name, NamespacePrefix, SystemModStamp FROM StaticResource WHERE Name LIKE :tmpVar1 LIMIT 10
15:50:58.0 (363357579)|SOQL_EXECUTE_END|[200]|Rows:1
15:50:58.0 (364684900)|ENTERING_MANAGED_PKG|tdc_tsw
15:50:58.0 (365327547)|SOQL_EXECUTE_BEGIN|[200]|Aggregations:0|SELECT Name, NamespacePrefix, SystemModStamp FROM StaticResource WHERE Name LIKE :tmpVar1 LIMIT 10
15:50:58.0 (368050818)|SOQL_EXECUTE_END|[200]|Rows:1
15:50:58.0 (368477566)|ENTERING_MANAGED_PKG|tdc_tsw
15:50:58.0 (372299278)|ENTERING_MANAGED_PKG|tdc_tsw
15:50:58.0 (374895956)|ENTERING_MANAGED_PKG|tdc_tsw
15:50:58.0 (375451142)|ENTERING_MANAGED_PKG|tdc_tsw
15:50:58.0 (376742947)|ENTERING_MANAGED_PKG|tdc_tsw
15:50:58.0 (377303604)|SOQL_EXECUTE_BEGIN|[200]|Aggregations:0|SELECT Name, NamespacePrefix, SystemModStamp FROM StaticResource WHERE Name LIKE :tmpVar1 LIMIT 10
15:50:58.0 (381315836)|SOQL_EXECUTE_END|[200]|Rows:1
15:50:58.397 (397285459)|USER_INFO|[EXTERNAL]|0051H000009gxp8|chanida.dev2@solvedbysoftwareco.com|Eastern Standard Time|GMT-05:00
15:50:58.397 (398921101)|ENTERING_MANAGED_PKG|tdc_tsw
15:50:58.397 (399226263)|ENTERING_MANAGED_PKG|tdc_tsw
15:50:58.397 (403346108)|SOQL_EXECUTE_BEGIN|[355]|Aggregations:0|SELECT id, name, Disable_Incoming_SMS_Sharing__c FROM User WHERE id = :tmpVar1
15:50:58.397 (412801102)|SOQL_EXECUTE_END|[355]|Rows:1
15:50:58.397 (414403989)|SOQL_EXECUTE_BEGIN|[367]|Aggregations:0|SELECT CreatedDate,Id,LastModifiedDate,Related_Object_Id__c FROM Message__c WHERE Name = 'Incoming' AND Read__c = false ORDER BY CreatedDate Desc limit 100
15:50:58.397 (425688843)|SOQL_EXECUTE_END|[367]|Rows:100
