44.0 APEX_CODE,FINEST;APEX_PROFILING,INFO;CALLOUT,INFO;DB,INFO;NBA,INFO;SYSTEM,DEBUG;VALIDATION,INFO;VISUALFORCE,INFO;WAVE,INFO;WORKFLOW,INFO
15:35:07.0 (128370)|USER_INFO|[EXTERNAL]|0051H000009gxp8|chanida.dev2@solvedbysoftwareco.com|Eastern Standard Time|GMT-05:00
15:35:07.0 (1690977)|ENTERING_MANAGED_PKG|tdc_tsw
15:35:07.0 (2103601)|ENTERING_MANAGED_PKG|tdc_tsw
15:35:07.0 (5889666)|SOQL_EXECUTE_BEGIN|[16]|Aggregations:0|SELECT id, name, Disable_Incoming_SMS_Sharing__c FROM User WHERE id = :tmpVar1
15:35:07.0 (13149721)|SOQL_EXECUTE_END|[16]|Rows:1
15:35:07.0 (18665849)|SOQL_EXECUTE_BEGIN|[37]|Aggregations:0|SELECT CreatedDate,Created_Date__c,Id,LastModifiedDate,MessageId__c,Message_Text_New__c,Name,OwnerId,Read__c,Related_Object_Id__c,Related_Object__c,Sender_Number__c, Sender_Name__c,ToNumber__c,Attachments_Ids__c FROM Message__c WHERE Name = 'Incoming' AND Read__c = false ORDER BY CreatedDate Desc limit 100
15:35:07.0 (36045035)|SOQL_EXECUTE_END|[37]|Rows:100
15:35:07.0 (54006119)|ENTERING_MANAGED_PKG|tdc_tsw
15:35:07.0 (56205805)|ENTERING_MANAGED_PKG|tdc_tsw
15:35:07.0 (56715082)|ENTERING_MANAGED_PKG|tdc_tsw
15:35:07.0 (57424703)|ENTERING_MANAGED_PKG|tdc_tsw
15:35:07.0 (60237300)|ENTERING_MANAGED_PKG|tdc_tsw
15:35:07.0 (61048820)|ENTERING_MANAGED_PKG|tdc_tsw
15:35:07.0 (61293090)|ENTERING_MANAGED_PKG|tdc_tsw
15:35:07.0 (61728477)|ENTERING_MANAGED_PKG|tdc_tsw
15:35:07.0 (62914353)|ENTERING_MANAGED_PKG|tdc_tsw
15:35:07.0 (63701222)|ENTERING_MANAGED_PKG|tdc_tsw
15:35:07.0 (64094815)|ENTERING_MANAGED_PKG|tdc_tsw
15:35:07.0 (64536989)|ENTERING_MANAGED_PKG|tdc_tsw
15:35:07.0 (65743061)|ENTERING_MANAGED_PKG|tdc_tsw
15:35:07.0 (66541517)|ENTERING_MANAGED_PKG|tdc_tsw
15:35:07.0 (66829616)|ENTERING_MANAGED_PKG|tdc_tsw
15:35:07.0 (67242695)|ENTERING_MANAGED_PKG|tdc_tsw
15:35:07.0 (68426220)|ENTERING_MANAGED_PKG|tdc_tsw
15:35:07.0 (69276893)|ENTERING_MANAGED_PKG|tdc_tsw
15:35:07.0 (69528736)|ENTERING_MANAGED_PKG|tdc_tsw
15:35:07.0 (69961806)|ENTERING_MANAGED_PKG|tdc_tsw
15:35:07.0 (71114672)|ENTERING_MANAGED_PKG|tdc_tsw
15:35:07.0 (71894235)|ENTERING_MANAGED_PKG|tdc_tsw
15:35:07.0 (72141309)|ENTERING_MANAGED_PKG|tdc_tsw
15:35:07.0 (72546845)|ENTERING_MANAGED_PKG|tdc_tsw
15:35:07.0 (73693886)|ENTERING_MANAGED_PKG|tdc_tsw
15:35:07.0 (74526291)|ENTERING_MANAGED_PKG|tdc_tsw
15:35:07.0 (74773445)|ENTERING_MANAGED_PKG|tdc_tsw
15:35:07.0 (75217885)|ENTERING_MANAGED_PKG|tdc_tsw
15:35:07.0 (76390315)|ENTERING_MANAGED_PKG|tdc_tsw
15:35:07.0 (77177321)|ENTERING_MANAGED_PKG|tdc_tsw
15:35:07.0 (77420507)|ENTERING_MANAGED_PKG|tdc_tsw
15:35:07.0 (77874603)|ENTERING_MANAGED_PKG|tdc_tsw
15:35:07.0 (79045237)|ENTERING_MANAGED_PKG|tdc_tsw
15:35:07.0 (79813441)|ENTERING_MANAGED_PKG|tdc_tsw
15:35:07.0 (80153366)|ENTERING_MANAGED_PKG|tdc_tsw
15:35:07.0 (80761804)|ENTERING_MANAGED_PKG|tdc_tsw
15:35:07.0 (82414030)|ENTERING_MANAGED_PKG|tdc_tsw
15:35:07.0 (83587324)|ENTERING_MANAGED_PKG|tdc_tsw
15:35:07.0 (83975990)|ENTERING_MANAGED_PKG|tdc_tsw
15:35:07.0 (84651317)|ENTERING_MANAGED_PKG|tdc_tsw
15:35:07.0 (86507703)|ENTERING_MANAGED_PKG|tdc_tsw
15:35:07.0 (87704499)|ENTERING_MANAGED_PKG|tdc_tsw
15:35:07.0 (88096555)|ENTERING_MANAGED_PKG|tdc_tsw
15:35:07.0 (88774839)|ENTERING_MANAGED_PKG|tdc_tsw
15:35:07.0 (90579905)|ENTERING_MANAGED_PKG|tdc_tsw
15:35:07.0 (91824942)|ENTERING_MANAGED_PKG|tdc_tsw
15:35:07.0 (92171947)|ENTERING_MANAGED_PKG|tdc_tsw
15:35:07.0 (93389927)|ENTERING_MANAGED_PKG|tdc_tsw
15:35:07.0 (95348273)|ENTERING_MANAGED_PKG|tdc_tsw
15:35:07.0 (96723161)|ENTERING_MANAGED_PKG|tdc_tsw
15:35:07.0 (97129784)|ENTERING_MANAGED_PKG|tdc_tsw
15:35:07.0 (97831330)|ENTERING_MANAGED_PKG|tdc_tsw
15:35:07.0 (99711153)|ENTERING_MANAGED_PKG|tdc_tsw
15:35:07.0 (100984387)|ENTERING_MANAGED_PKG|tdc_tsw
15:35:07.0 (101368229)|ENTERING_MANAGED_PKG|tdc_tsw
15:35:07.0 (102054652)|ENTERING_MANAGED_PKG|tdc_tsw
15:35:07.0 (103945154)|ENTERING_MANAGED_PKG|tdc_tsw
15:35:07.0 (105152530)|ENTERING_MANAGED_PKG|tdc_tsw
15:35:07.0 (105531726)|ENTERING_MANAGED_PKG|tdc_tsw
15:35:07.0 (106251600)|ENTERING_MANAGED_PKG|tdc_tsw
15:35:07.0 (107979679)|ENTERING_MANAGED_PKG|tdc_tsw
15:35:07.0 (109149232)|ENTERING_MANAGED_PKG|tdc_tsw
15:35:07.0 (109497439)|ENTERING_MANAGED_PKG|tdc_tsw
15:35:07.0 (110091435)|ENTERING_MANAGED_PKG|tdc_tsw
15:35:07.0 (111965465)|ENTERING_MANAGED_PKG|tdc_tsw
15:35:07.0 (113149742)|ENTERING_MANAGED_PKG|tdc_tsw
15:35:07.0 (113396965)|ENTERING_MANAGED_PKG|tdc_tsw
15:35:07.0 (113823333)|ENTERING_MANAGED_PKG|tdc_tsw
15:35:07.0 (115007756)|ENTERING_MANAGED_PKG|tdc_tsw
15:35:07.0 (115762696)|ENTERING_MANAGED_PKG|tdc_tsw
15:35:07.0 (116037724)|ENTERING_MANAGED_PKG|tdc_tsw
15:35:07.0 (116445656)|ENTERING_MANAGED_PKG|tdc_tsw
15:35:07.0 (117583516)|ENTERING_MANAGED_PKG|tdc_tsw
15:35:07.0 (118421367)|ENTERING_MANAGED_PKG|tdc_tsw
15:35:07.0 (118684191)|ENTERING_MANAGED_PKG|tdc_tsw
15:35:07.0 (119102247)|ENTERING_MANAGED_PKG|tdc_tsw
15:35:07.0 (120233550)|ENTERING_MANAGED_PKG|tdc_tsw
15:35:07.0 (121018374)|ENTERING_MANAGED_PKG|tdc_tsw
15:35:07.0 (121258836)|ENTERING_MANAGED_PKG|tdc_tsw
15:35:07.0 (121668324)|ENTERING_MANAGED_PKG|tdc_tsw
15:35:07.0 (122799771)|ENTERING_MANAGED_PKG|tdc_tsw
15:35:07.0 (123585456)|ENTERING_MANAGED_PKG|tdc_tsw
15:35:07.0 (123841804)|ENTERING_MANAGED_PKG|tdc_tsw
15:35:07.0 (124249031)|ENTERING_MANAGED_PKG|tdc_tsw
15:35:07.0 (125372512)|ENTERING_MANAGED_PKG|tdc_tsw
15:35:07.0 (126170677)|ENTERING_MANAGED_PKG|tdc_tsw
15:35:07.0 (126412441)|ENTERING_MANAGED_PKG|tdc_tsw
15:35:07.0 (126826475)|ENTERING_MANAGED_PKG|tdc_tsw
15:35:07.0 (127988962)|ENTERING_MANAGED_PKG|tdc_tsw
15:35:07.0 (128746375)|ENTERING_MANAGED_PKG|tdc_tsw
15:35:07.0 (129015597)|ENTERING_MANAGED_PKG|tdc_tsw
15:35:07.0 (129417946)|ENTERING_MANAGED_PKG|tdc_tsw
15:35:07.0 (130543417)|ENTERING_MANAGED_PKG|tdc_tsw
15:35:07.0 (131306873)|ENTERING_MANAGED_PKG|tdc_tsw
15:35:07.0 (131549844)|ENTERING_MANAGED_PKG|tdc_tsw
15:35:07.0 (131981601)|ENTERING_MANAGED_PKG|tdc_tsw
15:35:07.0 (133109387)|ENTERING_MANAGED_PKG|tdc_tsw
15:35:07.0 (133903625)|ENTERING_MANAGED_PKG|tdc_tsw
15:35:07.0 (134143044)|ENTERING_MANAGED_PKG|tdc_tsw
15:35:07.0 (134560684)|ENTERING_MANAGED_PKG|tdc_tsw
15:35:07.0 (135732471)|ENTERING_MANAGED_PKG|tdc_tsw
15:35:07.0 (136507782)|ENTERING_MANAGED_PKG|tdc_tsw
15:35:07.0 (136740622)|ENTERING_MANAGED_PKG|tdc_tsw
15:35:07.0 (137200067)|ENTERING_MANAGED_PKG|tdc_tsw
15:35:07.0 (138373624)|ENTERING_MANAGED_PKG|tdc_tsw
15:35:07.0 (139188822)|ENTERING_MANAGED_PKG|tdc_tsw
15:35:07.0 (139428182)|ENTERING_MANAGED_PKG|tdc_tsw
15:35:07.0 (139867508)|ENTERING_MANAGED_PKG|tdc_tsw
15:35:07.0 (141010849)|ENTERING_MANAGED_PKG|tdc_tsw
15:35:07.0 (141923223)|ENTERING_MANAGED_PKG|tdc_tsw
15:35:07.0 (142170926)|ENTERING_MANAGED_PKG|tdc_tsw
15:35:07.0 (142574041)|ENTERING_MANAGED_PKG|tdc_tsw
15:35:07.0 (143697891)|ENTERING_MANAGED_PKG|tdc_tsw
15:35:07.0 (144471367)|ENTERING_MANAGED_PKG|tdc_tsw
15:35:07.0 (144714230)|ENTERING_MANAGED_PKG|tdc_tsw
15:35:07.0 (145130231)|ENTERING_MANAGED_PKG|tdc_tsw
15:35:07.0 (146279134)|ENTERING_MANAGED_PKG|tdc_tsw
15:35:07.0 (147067360)|ENTERING_MANAGED_PKG|tdc_tsw
15:35:07.0 (147326046)|ENTERING_MANAGED_PKG|tdc_tsw
15:35:07.0 (147733386)|ENTERING_MANAGED_PKG|tdc_tsw
15:35:07.0 (148888915)|ENTERING_MANAGED_PKG|tdc_tsw
15:35:07.0 (149663854)|ENTERING_MANAGED_PKG|tdc_tsw
15:35:07.0 (149930341)|ENTERING_MANAGED_PKG|tdc_tsw
15:35:07.0 (150338122)|ENTERING_MANAGED_PKG|tdc_tsw
15:35:07.0 (151454059)|ENTERING_MANAGED_PKG|tdc_tsw
15:35:07.0 (152247703)|ENTERING_MANAGED_PKG|tdc_tsw
15:35:07.0 (152503549)|ENTERING_MANAGED_PKG|tdc_tsw
15:35:07.0 (152923874)|ENTERING_MANAGED_PKG|tdc_tsw
15:35:07.0 (154102690)|ENTERING_MANAGED_PKG|tdc_tsw
15:35:07.0 (154872066)|ENTERING_MANAGED_PKG|tdc_tsw
15:35:07.0 (155112071)|ENTERING_MANAGED_PKG|tdc_tsw
15:35:07.0 (155519645)|ENTERING_MANAGED_PKG|tdc_tsw
15:35:07.0 (156640312)|ENTERING_MANAGED_PKG|tdc_tsw
15:35:07.0 (157393587)|ENTERING_MANAGED_PKG|tdc_tsw
15:35:07.0 (157625697)|ENTERING_MANAGED_PKG|tdc_tsw
15:35:07.0 (158038140)|ENTERING_MANAGED_PKG|tdc_tsw
15:35:07.0 (159175545)|ENTERING_MANAGED_PKG|tdc_tsw
15:35:07.0 (159969821)|ENTERING_MANAGED_PKG|tdc_tsw
15:35:07.0 (160229957)|ENTERING_MANAGED_PKG|tdc_tsw
15:35:07.0 (160632316)|ENTERING_MANAGED_PKG|tdc_tsw
15:35:07.0 (161775656)|ENTERING_MANAGED_PKG|tdc_tsw
15:35:07.0 (162532924)|ENTERING_MANAGED_PKG|tdc_tsw
15:35:07.0 (162771743)|ENTERING_MANAGED_PKG|tdc_tsw
15:35:07.0 (163200716)|ENTERING_MANAGED_PKG|tdc_tsw
15:35:07.0 (164328610)|ENTERING_MANAGED_PKG|tdc_tsw
15:35:07.0 (165135640)|ENTERING_MANAGED_PKG|tdc_tsw
15:35:07.0 (165375060)|ENTERING_MANAGED_PKG|tdc_tsw
15:35:07.0 (165779559)|ENTERING_MANAGED_PKG|tdc_tsw
15:35:07.0 (166968419)|ENTERING_MANAGED_PKG|tdc_tsw
15:35:07.0 (167715818)|ENTERING_MANAGED_PKG|tdc_tsw
15:35:07.0 (167997774)|ENTERING_MANAGED_PKG|tdc_tsw
15:35:07.0 (168400001)|ENTERING_MANAGED_PKG|tdc_tsw
15:35:07.0 (169577856)|ENTERING_MANAGED_PKG|tdc_tsw
15:35:07.0 (170341803)|ENTERING_MANAGED_PKG|tdc_tsw
15:35:07.0 (170608172)|ENTERING_MANAGED_PKG|tdc_tsw
15:35:07.0 (171021720)|ENTERING_MANAGED_PKG|tdc_tsw
15:35:07.0 (172197383)|ENTERING_MANAGED_PKG|tdc_tsw
15:35:07.0 (172997166)|ENTERING_MANAGED_PKG|tdc_tsw
15:35:07.0 (173245404)|ENTERING_MANAGED_PKG|tdc_tsw
15:35:07.0 (173652660)|ENTERING_MANAGED_PKG|tdc_tsw
15:35:07.0 (174780095)|ENTERING_MANAGED_PKG|tdc_tsw
15:35:07.0 (175547716)|ENTERING_MANAGED_PKG|tdc_tsw
15:35:07.0 (175784117)|ENTERING_MANAGED_PKG|tdc_tsw
15:35:07.0 (176192529)|ENTERING_MANAGED_PKG|tdc_tsw
15:35:07.0 (177340444)|ENTERING_MANAGED_PKG|tdc_tsw
15:35:07.0 (178088273)|ENTERING_MANAGED_PKG|tdc_tsw
15:35:07.0 (178327200)|ENTERING_MANAGED_PKG|tdc_tsw
15:35:07.0 (178803116)|ENTERING_MANAGED_PKG|tdc_tsw
15:35:07.0 (180244639)|ENTERING_MANAGED_PKG|tdc_tsw
15:35:07.0 (181006624)|ENTERING_MANAGED_PKG|tdc_tsw
15:35:07.0 (181253194)|ENTERING_MANAGED_PKG|tdc_tsw
15:35:07.0 (181691656)|ENTERING_MANAGED_PKG|tdc_tsw
15:35:07.0 (182855422)|ENTERING_MANAGED_PKG|tdc_tsw
15:35:07.0 (183679380)|ENTERING_MANAGED_PKG|tdc_tsw
15:35:07.0 (183973487)|ENTERING_MANAGED_PKG|tdc_tsw
15:35:07.0 (184377937)|ENTERING_MANAGED_PKG|tdc_tsw
15:35:07.0 (185575671)|ENTERING_MANAGED_PKG|tdc_tsw
15:35:07.0 (186364081)|ENTERING_MANAGED_PKG|tdc_tsw
15:35:07.0 (186629663)|ENTERING_MANAGED_PKG|tdc_tsw
15:35:07.0 (187043144)|ENTERING_MANAGED_PKG|tdc_tsw
15:35:07.0 (188214071)|ENTERING_MANAGED_PKG|tdc_tsw
15:35:07.0 (189069692)|ENTERING_MANAGED_PKG|tdc_tsw
15:35:07.0 (189328270)|ENTERING_MANAGED_PKG|tdc_tsw
15:35:07.0 (189743908)|ENTERING_MANAGED_PKG|tdc_tsw
15:35:07.0 (190896547)|ENTERING_MANAGED_PKG|tdc_tsw
15:35:07.0 (191656714)|ENTERING_MANAGED_PKG|tdc_tsw
15:35:07.0 (191905000)|ENTERING_MANAGED_PKG|tdc_tsw
15:35:07.0 (192354612)|ENTERING_MANAGED_PKG|tdc_tsw
15:35:07.0 (193479936)|ENTERING_MANAGED_PKG|tdc_tsw
15:35:07.0 (194249200)|ENTERING_MANAGED_PKG|tdc_tsw
15:35:07.0 (194487269)|ENTERING_MANAGED_PKG|tdc_tsw
15:35:07.0 (194898903)|ENTERING_MANAGED_PKG|tdc_tsw
15:35:07.0 (196064426)|ENTERING_MANAGED_PKG|tdc_tsw
15:35:07.0 (196820788)|ENTERING_MANAGED_PKG|tdc_tsw
15:35:07.0 (197092022)|ENTERING_MANAGED_PKG|tdc_tsw
15:35:07.0 (197500745)|ENTERING_MANAGED_PKG|tdc_tsw
15:35:07.0 (198678903)|ENTERING_MANAGED_PKG|tdc_tsw
15:35:07.0 (199516631)|ENTERING_MANAGED_PKG|tdc_tsw
15:35:07.0 (199758305)|ENTERING_MANAGED_PKG|tdc_tsw
15:35:07.0 (200176045)|ENTERING_MANAGED_PKG|tdc_tsw
15:35:07.0 (201315781)|ENTERING_MANAGED_PKG|tdc_tsw
15:35:07.0 (202102855)|ENTERING_MANAGED_PKG|tdc_tsw
15:35:07.0 (202349090)|ENTERING_MANAGED_PKG|tdc_tsw
15:35:07.0 (202753354)|ENTERING_MANAGED_PKG|tdc_tsw
15:35:07.0 (203902566)|ENTERING_MANAGED_PKG|tdc_tsw
15:35:07.0 (204742570)|ENTERING_MANAGED_PKG|tdc_tsw
15:35:07.0 (205011360)|ENTERING_MANAGED_PKG|tdc_tsw
15:35:07.0 (205421315)|ENTERING_MANAGED_PKG|tdc_tsw
15:35:07.0 (206576203)|ENTERING_MANAGED_PKG|tdc_tsw
15:35:07.0 (207366362)|ENTERING_MANAGED_PKG|tdc_tsw
15:35:07.0 (207607536)|ENTERING_MANAGED_PKG|tdc_tsw
15:35:07.0 (208090228)|ENTERING_MANAGED_PKG|tdc_tsw
15:35:07.0 (209349639)|ENTERING_MANAGED_PKG|tdc_tsw
15:35:07.0 (210155166)|ENTERING_MANAGED_PKG|tdc_tsw
15:35:07.0 (210420383)|ENTERING_MANAGED_PKG|tdc_tsw
15:35:07.0 (210849397)|ENTERING_MANAGED_PKG|tdc_tsw
15:35:07.0 (212079557)|ENTERING_MANAGED_PKG|tdc_tsw
15:35:07.0 (212954335)|ENTERING_MANAGED_PKG|tdc_tsw
15:35:07.0 (213193027)|ENTERING_MANAGED_PKG|tdc_tsw
15:35:07.0 (213631384)|ENTERING_MANAGED_PKG|tdc_tsw
15:35:07.0 (214816691)|ENTERING_MANAGED_PKG|tdc_tsw
15:35:07.0 (215590617)|ENTERING_MANAGED_PKG|tdc_tsw
15:35:07.0 (215837498)|ENTERING_MANAGED_PKG|tdc_tsw
15:35:07.0 (216239865)|ENTERING_MANAGED_PKG|tdc_tsw
15:35:07.0 (217397113)|ENTERING_MANAGED_PKG|tdc_tsw
15:35:07.0 (218157466)|ENTERING_MANAGED_PKG|tdc_tsw
15:35:07.0 (218396825)|ENTERING_MANAGED_PKG|tdc_tsw
15:35:07.0 (218917096)|ENTERING_MANAGED_PKG|tdc_tsw
15:35:07.0 (220247940)|ENTERING_MANAGED_PKG|tdc_tsw
15:35:07.0 (221058520)|ENTERING_MANAGED_PKG|tdc_tsw
15:35:07.0 (221297451)|ENTERING_MANAGED_PKG|tdc_tsw
15:35:07.0 (221734301)|ENTERING_MANAGED_PKG|tdc_tsw
15:35:07.0 (222992534)|ENTERING_MANAGED_PKG|tdc_tsw
15:35:07.0 (223761664)|ENTERING_MANAGED_PKG|tdc_tsw
15:35:07.0 (224034541)|ENTERING_MANAGED_PKG|tdc_tsw
15:35:07.0 (224448227)|ENTERING_MANAGED_PKG|tdc_tsw
15:35:07.0 (225608851)|ENTERING_MANAGED_PKG|tdc_tsw
15:35:07.0 (226426043)|ENTERING_MANAGED_PKG|tdc_tsw
15:35:07.0 (226677488)|ENTERING_MANAGED_PKG|tdc_tsw
15:35:07.0 (227113965)|ENTERING_MANAGED_PKG|tdc_tsw
15:35:07.0 (228322858)|ENTERING_MANAGED_PKG|tdc_tsw
15:35:07.0 (229160134)|ENTERING_MANAGED_PKG|tdc_tsw
15:35:07.0 (229422713)|ENTERING_MANAGED_PKG|tdc_tsw
15:35:07.0 (229844267)|ENTERING_MANAGED_PKG|tdc_tsw
15:35:07.0 (231002408)|ENTERING_MANAGED_PKG|tdc_tsw
15:35:07.0 (231783937)|ENTERING_MANAGED_PKG|tdc_tsw
15:35:07.0 (232041059)|ENTERING_MANAGED_PKG|tdc_tsw
15:35:07.0 (232461332)|ENTERING_MANAGED_PKG|tdc_tsw
15:35:07.0 (233644005)|ENTERING_MANAGED_PKG|tdc_tsw
15:35:07.0 (234432976)|ENTERING_MANAGED_PKG|tdc_tsw
15:35:07.0 (234680301)|ENTERING_MANAGED_PKG|tdc_tsw
15:35:07.0 (235092603)|ENTERING_MANAGED_PKG|tdc_tsw
15:35:07.0 (236221092)|ENTERING_MANAGED_PKG|tdc_tsw
15:35:07.0 (236981772)|ENTERING_MANAGED_PKG|tdc_tsw
15:35:07.0 (237241437)|ENTERING_MANAGED_PKG|tdc_tsw
15:35:07.0 (237645350)|ENTERING_MANAGED_PKG|tdc_tsw
15:35:07.0 (238815720)|ENTERING_MANAGED_PKG|tdc_tsw
15:35:07.0 (239598685)|ENTERING_MANAGED_PKG|tdc_tsw
15:35:07.0 (239847079)|ENTERING_MANAGED_PKG|tdc_tsw
15:35:07.0 (240251917)|ENTERING_MANAGED_PKG|tdc_tsw
15:35:07.0 (241370731)|ENTERING_MANAGED_PKG|tdc_tsw
15:35:07.0 (242125442)|ENTERING_MANAGED_PKG|tdc_tsw
15:35:07.0 (242363950)|ENTERING_MANAGED_PKG|tdc_tsw
15:35:07.0 (242767883)|ENTERING_MANAGED_PKG|tdc_tsw
15:35:07.0 (243975613)|ENTERING_MANAGED_PKG|tdc_tsw
15:35:07.0 (244750989)|ENTERING_MANAGED_PKG|tdc_tsw
15:35:07.0 (245015291)|ENTERING_MANAGED_PKG|tdc_tsw
15:35:07.0 (245424209)|ENTERING_MANAGED_PKG|tdc_tsw
15:35:07.0 (246801700)|ENTERING_MANAGED_PKG|tdc_tsw
15:35:07.0 (247675029)|ENTERING_MANAGED_PKG|tdc_tsw
15:35:07.0 (247754688)|ENTERING_MANAGED_PKG|tdc_tsw
15:35:07.0 (248404183)|SOQL_EXECUTE_BEGIN|[200]|Aggregations:0|SELECT Name, NamespacePrefix, SystemModStamp FROM StaticResource WHERE Name LIKE :tmpVar1 LIMIT 10
15:35:07.0 (252137815)|SOQL_EXECUTE_END|[200]|Rows:1
15:35:07.0 (252988986)|ENTERING_MANAGED_PKG|tdc_tsw
15:35:07.0 (253403671)|SOQL_EXECUTE_BEGIN|[200]|Aggregations:0|SELECT Name, NamespacePrefix, SystemModStamp FROM StaticResource WHERE Name LIKE :tmpVar1 LIMIT 10
15:35:07.0 (255657266)|SOQL_EXECUTE_END|[200]|Rows:1
15:35:07.0 (256080208)|ENTERING_MANAGED_PKG|tdc_tsw
15:35:07.0 (259548286)|ENTERING_MANAGED_PKG|tdc_tsw
15:35:07.0 (261235554)|ENTERING_MANAGED_PKG|tdc_tsw
15:35:07.0 (261544476)|ENTERING_MANAGED_PKG|tdc_tsw
15:35:07.0 (262531812)|ENTERING_MANAGED_PKG|tdc_tsw
15:35:07.0 (263098120)|SOQL_EXECUTE_BEGIN|[200]|Aggregations:0|SELECT Name, NamespacePrefix, SystemModStamp FROM StaticResource WHERE Name LIKE :tmpVar1 LIMIT 10
15:35:07.0 (268284732)|SOQL_EXECUTE_END|[200]|Rows:1
15:35:07.291 (291683959)|USER_INFO|[EXTERNAL]|0051H000009gxp8|chanida.dev2@solvedbysoftwareco.com|Eastern Standard Time|GMT-05:00
15:35:07.291 (293321982)|ENTERING_MANAGED_PKG|tdc_tsw
15:35:07.291 (293647995)|ENTERING_MANAGED_PKG|tdc_tsw
15:35:07.291 (298300720)|SOQL_EXECUTE_BEGIN|[355]|Aggregations:0|SELECT id, name, Disable_Incoming_SMS_Sharing__c FROM User WHERE id = :tmpVar1
15:35:07.291 (309983616)|SOQL_EXECUTE_END|[355]|Rows:1
15:35:07.291 (311384336)|SOQL_EXECUTE_BEGIN|[367]|Aggregations:0|SELECT CreatedDate,Id,LastModifiedDate,Related_Object_Id__c FROM Message__c WHERE Name = 'Incoming' AND Read__c = false ORDER BY CreatedDate Desc limit 100
15:35:07.291 (321351153)|SOQL_EXECUTE_END|[367]|Rows:100
