44.0 APEX_CODE,FINEST;APEX_PROFILING,INFO;CALLOUT,INFO;DB,INFO;NBA,INFO;SYSTEM,DEBUG;VALIDATION,INFO;VISUALFORCE,INFO;WAVE,INFO;WORKFLOW,INFO
23:45:48.0 (136739)|USER_INFO|[EXTERNAL]|0051H000009gxp8|chanida.dev2@solvedbysoftwareco.com|Eastern Standard Time|GMT-05:00
23:45:48.0 (1671748)|ENTERING_MANAGED_PKG|tdc_tsw
23:45:48.0 (2080553)|ENTERING_MANAGED_PKG|tdc_tsw
23:45:48.0 (5643196)|SOQL_EXECUTE_BEGIN|[16]|Aggregations:0|SELECT id, name, Disable_Incoming_SMS_Sharing__c FROM User WHERE id = :tmpVar1
23:45:48.0 (12824897)|SOQL_EXECUTE_END|[16]|Rows:1
23:45:48.0 (21718447)|SOQL_EXECUTE_BEGIN|[37]|Aggregations:0|SELECT CreatedDate,Created_Date__c,Id,LastModifiedDate,MessageId__c,Message_Text_New__c,Name,OwnerId,Read__c,Related_Object_Id__c,Related_Object__c,Sender_Number__c, Sender_Name__c,ToNumber__c,Attachments_Ids__c FROM Message__c WHERE Name = 'Incoming' AND Read__c = false ORDER BY CreatedDate Desc limit 100
23:45:48.0 (39003480)|SOQL_EXECUTE_END|[37]|Rows:100
23:45:48.0 (56515570)|ENTERING_MANAGED_PKG|tdc_tsw
23:45:48.0 (58209948)|ENTERING_MANAGED_PKG|tdc_tsw
23:45:48.0 (58697938)|ENTERING_MANAGED_PKG|tdc_tsw
23:45:48.0 (59357018)|ENTERING_MANAGED_PKG|tdc_tsw
23:45:48.0 (62100598)|ENTERING_MANAGED_PKG|tdc_tsw
23:45:48.0 (62877271)|ENTERING_MANAGED_PKG|tdc_tsw
23:45:48.0 (63111793)|ENTERING_MANAGED_PKG|tdc_tsw
23:45:48.0 (63577674)|ENTERING_MANAGED_PKG|tdc_tsw
23:45:48.0 (64684011)|ENTERING_MANAGED_PKG|tdc_tsw
23:45:48.0 (65431731)|ENTERING_MANAGED_PKG|tdc_tsw
23:45:48.0 (65677671)|ENTERING_MANAGED_PKG|tdc_tsw
23:45:48.0 (66068700)|ENTERING_MANAGED_PKG|tdc_tsw
23:45:48.0 (67147782)|ENTERING_MANAGED_PKG|tdc_tsw
23:45:48.0 (67906177)|ENTERING_MANAGED_PKG|tdc_tsw
23:45:48.0 (68132979)|ENTERING_MANAGED_PKG|tdc_tsw
23:45:48.0 (68611894)|ENTERING_MANAGED_PKG|tdc_tsw
23:45:48.0 (69762244)|ENTERING_MANAGED_PKG|tdc_tsw
23:45:48.0 (70515454)|ENTERING_MANAGED_PKG|tdc_tsw
23:45:48.0 (70748967)|ENTERING_MANAGED_PKG|tdc_tsw
23:45:48.0 (71143009)|ENTERING_MANAGED_PKG|tdc_tsw
23:45:48.0 (72287491)|ENTERING_MANAGED_PKG|tdc_tsw
23:45:48.0 (73035933)|ENTERING_MANAGED_PKG|tdc_tsw
23:45:48.0 (73266962)|ENTERING_MANAGED_PKG|tdc_tsw
23:45:48.0 (73671811)|ENTERING_MANAGED_PKG|tdc_tsw
23:45:48.0 (74807156)|ENTERING_MANAGED_PKG|tdc_tsw
23:45:48.0 (75619736)|ENTERING_MANAGED_PKG|tdc_tsw
23:45:48.0 (75850887)|ENTERING_MANAGED_PKG|tdc_tsw
23:45:48.0 (76243546)|ENTERING_MANAGED_PKG|tdc_tsw
23:45:48.0 (77335849)|ENTERING_MANAGED_PKG|tdc_tsw
23:45:48.0 (78082055)|ENTERING_MANAGED_PKG|tdc_tsw
23:45:48.0 (78309022)|ENTERING_MANAGED_PKG|tdc_tsw
23:45:48.0 (78706888)|ENTERING_MANAGED_PKG|tdc_tsw
23:45:48.0 (79833800)|ENTERING_MANAGED_PKG|tdc_tsw
23:45:48.0 (80736164)|ENTERING_MANAGED_PKG|tdc_tsw
23:45:48.0 (80964446)|ENTERING_MANAGED_PKG|tdc_tsw
23:45:48.0 (81358365)|ENTERING_MANAGED_PKG|tdc_tsw
23:45:48.0 (82641025)|ENTERING_MANAGED_PKG|tdc_tsw
23:45:48.0 (83408169)|ENTERING_MANAGED_PKG|tdc_tsw
23:45:48.0 (83659618)|ENTERING_MANAGED_PKG|tdc_tsw
23:45:48.0 (84074861)|ENTERING_MANAGED_PKG|tdc_tsw
23:45:48.0 (85168425)|ENTERING_MANAGED_PKG|tdc_tsw
23:45:48.0 (85935863)|ENTERING_MANAGED_PKG|tdc_tsw
23:45:48.0 (86231746)|ENTERING_MANAGED_PKG|tdc_tsw
23:45:48.0 (86650319)|ENTERING_MANAGED_PKG|tdc_tsw
23:45:48.0 (87755014)|ENTERING_MANAGED_PKG|tdc_tsw
23:45:48.0 (88508535)|ENTERING_MANAGED_PKG|tdc_tsw
23:45:48.0 (88744230)|ENTERING_MANAGED_PKG|tdc_tsw
23:45:48.0 (89252628)|ENTERING_MANAGED_PKG|tdc_tsw
23:45:48.0 (90603208)|ENTERING_MANAGED_PKG|tdc_tsw
23:45:48.0 (91400246)|ENTERING_MANAGED_PKG|tdc_tsw
23:45:48.0 (91697505)|ENTERING_MANAGED_PKG|tdc_tsw
23:45:48.0 (92161051)|ENTERING_MANAGED_PKG|tdc_tsw
23:45:48.0 (93305353)|ENTERING_MANAGED_PKG|tdc_tsw
23:45:48.0 (94089447)|ENTERING_MANAGED_PKG|tdc_tsw
23:45:48.0 (94318506)|ENTERING_MANAGED_PKG|tdc_tsw
23:45:48.0 (94785645)|ENTERING_MANAGED_PKG|tdc_tsw
23:45:48.0 (95953908)|ENTERING_MANAGED_PKG|tdc_tsw
23:45:48.0 (96806438)|ENTERING_MANAGED_PKG|tdc_tsw
23:45:48.0 (97035735)|ENTERING_MANAGED_PKG|tdc_tsw
23:45:48.0 (97466148)|ENTERING_MANAGED_PKG|tdc_tsw
23:45:48.0 (98592302)|ENTERING_MANAGED_PKG|tdc_tsw
23:45:48.0 (99335725)|ENTERING_MANAGED_PKG|tdc_tsw
23:45:48.0 (99578413)|ENTERING_MANAGED_PKG|tdc_tsw
23:45:48.0 (100021240)|ENTERING_MANAGED_PKG|tdc_tsw
23:45:48.0 (101358804)|ENTERING_MANAGED_PKG|tdc_tsw
23:45:48.0 (102164588)|ENTERING_MANAGED_PKG|tdc_tsw
23:45:48.0 (102393483)|ENTERING_MANAGED_PKG|tdc_tsw
23:45:48.0 (102799288)|ENTERING_MANAGED_PKG|tdc_tsw
23:45:48.0 (103944560)|ENTERING_MANAGED_PKG|tdc_tsw
23:45:48.0 (104757491)|ENTERING_MANAGED_PKG|tdc_tsw
23:45:48.0 (105039087)|ENTERING_MANAGED_PKG|tdc_tsw
23:45:48.0 (105430695)|ENTERING_MANAGED_PKG|tdc_tsw
23:45:48.0 (106587524)|ENTERING_MANAGED_PKG|tdc_tsw
23:45:48.0 (107432156)|ENTERING_MANAGED_PKG|tdc_tsw
23:45:48.0 (107744713)|ENTERING_MANAGED_PKG|tdc_tsw
23:45:48.0 (108176326)|ENTERING_MANAGED_PKG|tdc_tsw
23:45:48.0 (109426122)|ENTERING_MANAGED_PKG|tdc_tsw
23:45:48.0 (110234107)|ENTERING_MANAGED_PKG|tdc_tsw
23:45:48.0 (110461950)|ENTERING_MANAGED_PKG|tdc_tsw
23:45:48.0 (110860673)|ENTERING_MANAGED_PKG|tdc_tsw
23:45:48.0 (111947514)|ENTERING_MANAGED_PKG|tdc_tsw
23:45:48.0 (112728479)|ENTERING_MANAGED_PKG|tdc_tsw
23:45:48.0 (112965708)|ENTERING_MANAGED_PKG|tdc_tsw
23:45:48.0 (113355269)|ENTERING_MANAGED_PKG|tdc_tsw
23:45:48.0 (114601154)|ENTERING_MANAGED_PKG|tdc_tsw
23:45:48.0 (115391510)|ENTERING_MANAGED_PKG|tdc_tsw
23:45:48.0 (115634467)|ENTERING_MANAGED_PKG|tdc_tsw
23:45:48.0 (116021485)|ENTERING_MANAGED_PKG|tdc_tsw
23:45:48.0 (117103010)|ENTERING_MANAGED_PKG|tdc_tsw
23:45:48.0 (117848251)|ENTERING_MANAGED_PKG|tdc_tsw
23:45:48.0 (118079822)|ENTERING_MANAGED_PKG|tdc_tsw
23:45:48.0 (118505446)|ENTERING_MANAGED_PKG|tdc_tsw
23:45:48.0 (119626461)|ENTERING_MANAGED_PKG|tdc_tsw
23:45:48.0 (120449750)|ENTERING_MANAGED_PKG|tdc_tsw
23:45:48.0 (120719614)|ENTERING_MANAGED_PKG|tdc_tsw
23:45:48.0 (121144561)|ENTERING_MANAGED_PKG|tdc_tsw
23:45:48.0 (122223010)|ENTERING_MANAGED_PKG|tdc_tsw
23:45:48.0 (122973387)|ENTERING_MANAGED_PKG|tdc_tsw
23:45:48.0 (123202303)|ENTERING_MANAGED_PKG|tdc_tsw
23:45:48.0 (123599432)|ENTERING_MANAGED_PKG|tdc_tsw
23:45:48.0 (124678016)|ENTERING_MANAGED_PKG|tdc_tsw
23:45:48.0 (125494222)|ENTERING_MANAGED_PKG|tdc_tsw
23:45:48.0 (125735003)|ENTERING_MANAGED_PKG|tdc_tsw
23:45:48.0 (126124429)|ENTERING_MANAGED_PKG|tdc_tsw
23:45:48.0 (127260912)|ENTERING_MANAGED_PKG|tdc_tsw
23:45:48.0 (128015237)|ENTERING_MANAGED_PKG|tdc_tsw
23:45:48.0 (128244076)|ENTERING_MANAGED_PKG|tdc_tsw
23:45:48.0 (128634834)|ENTERING_MANAGED_PKG|tdc_tsw
23:45:48.0 (129720010)|ENTERING_MANAGED_PKG|tdc_tsw
23:45:48.0 (130460035)|ENTERING_MANAGED_PKG|tdc_tsw
23:45:48.0 (130697721)|ENTERING_MANAGED_PKG|tdc_tsw
23:45:48.0 (131085367)|ENTERING_MANAGED_PKG|tdc_tsw
23:45:48.0 (132164883)|ENTERING_MANAGED_PKG|tdc_tsw
23:45:48.0 (133034788)|ENTERING_MANAGED_PKG|tdc_tsw
23:45:48.0 (133375415)|ENTERING_MANAGED_PKG|tdc_tsw
23:45:48.0 (133782060)|ENTERING_MANAGED_PKG|tdc_tsw
23:45:48.0 (134935912)|ENTERING_MANAGED_PKG|tdc_tsw
23:45:48.0 (135697858)|ENTERING_MANAGED_PKG|tdc_tsw
23:45:48.0 (135927499)|ENTERING_MANAGED_PKG|tdc_tsw
23:45:48.0 (136317110)|ENTERING_MANAGED_PKG|tdc_tsw
23:45:48.0 (137433017)|ENTERING_MANAGED_PKG|tdc_tsw
23:45:48.0 (138246550)|ENTERING_MANAGED_PKG|tdc_tsw
23:45:48.0 (138473332)|ENTERING_MANAGED_PKG|tdc_tsw
23:45:48.0 (138875249)|ENTERING_MANAGED_PKG|tdc_tsw
23:45:48.0 (139944523)|ENTERING_MANAGED_PKG|tdc_tsw
23:45:48.0 (140831840)|ENTERING_MANAGED_PKG|tdc_tsw
23:45:48.0 (141073689)|ENTERING_MANAGED_PKG|tdc_tsw
23:45:48.0 (141463760)|ENTERING_MANAGED_PKG|tdc_tsw
23:45:48.0 (142607806)|ENTERING_MANAGED_PKG|tdc_tsw
23:45:48.0 (143351750)|ENTERING_MANAGED_PKG|tdc_tsw
23:45:48.0 (143591031)|ENTERING_MANAGED_PKG|tdc_tsw
23:45:48.0 (143981402)|ENTERING_MANAGED_PKG|tdc_tsw
23:45:48.0 (145144053)|ENTERING_MANAGED_PKG|tdc_tsw
23:45:48.0 (145929240)|ENTERING_MANAGED_PKG|tdc_tsw
23:45:48.0 (146159937)|ENTERING_MANAGED_PKG|tdc_tsw
23:45:48.0 (146582379)|ENTERING_MANAGED_PKG|tdc_tsw
23:45:48.0 (147694347)|ENTERING_MANAGED_PKG|tdc_tsw
23:45:48.0 (148430925)|ENTERING_MANAGED_PKG|tdc_tsw
23:45:48.0 (148665807)|ENTERING_MANAGED_PKG|tdc_tsw
23:45:48.0 (149067318)|ENTERING_MANAGED_PKG|tdc_tsw
23:45:48.0 (150202714)|ENTERING_MANAGED_PKG|tdc_tsw
23:45:48.0 (150952261)|ENTERING_MANAGED_PKG|tdc_tsw
23:45:48.0 (151180365)|ENTERING_MANAGED_PKG|tdc_tsw
23:45:48.0 (151579509)|ENTERING_MANAGED_PKG|tdc_tsw
23:45:48.0 (152766290)|ENTERING_MANAGED_PKG|tdc_tsw
23:45:48.0 (153623915)|ENTERING_MANAGED_PKG|tdc_tsw
23:45:48.0 (153851975)|ENTERING_MANAGED_PKG|tdc_tsw
23:45:48.0 (154245995)|ENTERING_MANAGED_PKG|tdc_tsw
23:45:48.0 (155378359)|ENTERING_MANAGED_PKG|tdc_tsw
23:45:48.0 (156190464)|ENTERING_MANAGED_PKG|tdc_tsw
23:45:48.0 (156420177)|ENTERING_MANAGED_PKG|tdc_tsw
23:45:48.0 (156860148)|ENTERING_MANAGED_PKG|tdc_tsw
23:45:48.0 (158020668)|ENTERING_MANAGED_PKG|tdc_tsw
23:45:48.0 (158829905)|ENTERING_MANAGED_PKG|tdc_tsw
23:45:48.0 (159135375)|ENTERING_MANAGED_PKG|tdc_tsw
23:45:48.0 (159610768)|ENTERING_MANAGED_PKG|tdc_tsw
23:45:48.0 (160841662)|ENTERING_MANAGED_PKG|tdc_tsw
23:45:48.0 (161605071)|ENTERING_MANAGED_PKG|tdc_tsw
23:45:48.0 (161854120)|ENTERING_MANAGED_PKG|tdc_tsw
23:45:48.0 (162246822)|ENTERING_MANAGED_PKG|tdc_tsw
23:45:48.0 (163416793)|ENTERING_MANAGED_PKG|tdc_tsw
23:45:48.0 (164171808)|ENTERING_MANAGED_PKG|tdc_tsw
23:45:48.0 (164400897)|ENTERING_MANAGED_PKG|tdc_tsw
23:45:48.0 (164806118)|ENTERING_MANAGED_PKG|tdc_tsw
23:45:48.0 (165939458)|ENTERING_MANAGED_PKG|tdc_tsw
23:45:48.0 (166751095)|ENTERING_MANAGED_PKG|tdc_tsw
23:45:48.0 (166981230)|ENTERING_MANAGED_PKG|tdc_tsw
23:45:48.0 (167450469)|ENTERING_MANAGED_PKG|tdc_tsw
23:45:48.0 (168545291)|ENTERING_MANAGED_PKG|tdc_tsw
23:45:48.0 (169345144)|ENTERING_MANAGED_PKG|tdc_tsw
23:45:48.0 (169585308)|ENTERING_MANAGED_PKG|tdc_tsw
23:45:48.0 (170097512)|ENTERING_MANAGED_PKG|tdc_tsw
23:45:48.0 (171464313)|ENTERING_MANAGED_PKG|tdc_tsw
23:45:48.0 (172232896)|ENTERING_MANAGED_PKG|tdc_tsw
23:45:48.0 (172468587)|ENTERING_MANAGED_PKG|tdc_tsw
23:45:48.0 (172868680)|ENTERING_MANAGED_PKG|tdc_tsw
23:45:48.0 (173965997)|ENTERING_MANAGED_PKG|tdc_tsw
23:45:48.0 (174716621)|ENTERING_MANAGED_PKG|tdc_tsw
23:45:48.0 (174944715)|ENTERING_MANAGED_PKG|tdc_tsw
23:45:48.0 (175335038)|ENTERING_MANAGED_PKG|tdc_tsw
23:45:48.0 (176419777)|ENTERING_MANAGED_PKG|tdc_tsw
23:45:48.0 (177227269)|ENTERING_MANAGED_PKG|tdc_tsw
23:45:48.0 (177520883)|ENTERING_MANAGED_PKG|tdc_tsw
23:45:48.0 (177927975)|ENTERING_MANAGED_PKG|tdc_tsw
23:45:48.0 (179026201)|ENTERING_MANAGED_PKG|tdc_tsw
23:45:48.0 (180088325)|ENTERING_MANAGED_PKG|tdc_tsw
23:45:48.0 (180317686)|ENTERING_MANAGED_PKG|tdc_tsw
23:45:48.0 (180718160)|ENTERING_MANAGED_PKG|tdc_tsw
23:45:48.0 (181851470)|ENTERING_MANAGED_PKG|tdc_tsw
23:45:48.0 (182608580)|ENTERING_MANAGED_PKG|tdc_tsw
23:45:48.0 (182901760)|ENTERING_MANAGED_PKG|tdc_tsw
23:45:48.0 (183300058)|ENTERING_MANAGED_PKG|tdc_tsw
23:45:48.0 (184395260)|ENTERING_MANAGED_PKG|tdc_tsw
23:45:48.0 (185141564)|ENTERING_MANAGED_PKG|tdc_tsw
23:45:48.0 (185369104)|ENTERING_MANAGED_PKG|tdc_tsw
23:45:48.0 (185772724)|ENTERING_MANAGED_PKG|tdc_tsw
23:45:48.0 (186858190)|ENTERING_MANAGED_PKG|tdc_tsw
23:45:48.0 (187604096)|ENTERING_MANAGED_PKG|tdc_tsw
23:45:48.0 (187832733)|ENTERING_MANAGED_PKG|tdc_tsw
23:45:48.0 (188302121)|ENTERING_MANAGED_PKG|tdc_tsw
23:45:48.0 (189473444)|ENTERING_MANAGED_PKG|tdc_tsw
23:45:48.0 (190305516)|ENTERING_MANAGED_PKG|tdc_tsw
23:45:48.0 (190536386)|ENTERING_MANAGED_PKG|tdc_tsw
23:45:48.0 (190942974)|ENTERING_MANAGED_PKG|tdc_tsw
23:45:48.0 (192321998)|ENTERING_MANAGED_PKG|tdc_tsw
23:45:48.0 (193083049)|ENTERING_MANAGED_PKG|tdc_tsw
23:45:48.0 (193290688)|ENTERING_MANAGED_PKG|tdc_tsw
23:45:48.0 (193690595)|ENTERING_MANAGED_PKG|tdc_tsw
23:45:48.0 (194883870)|ENTERING_MANAGED_PKG|tdc_tsw
23:45:48.0 (195851969)|ENTERING_MANAGED_PKG|tdc_tsw
23:45:48.0 (196086107)|ENTERING_MANAGED_PKG|tdc_tsw
23:45:48.0 (196525151)|ENTERING_MANAGED_PKG|tdc_tsw
23:45:48.0 (197897184)|ENTERING_MANAGED_PKG|tdc_tsw
23:45:48.0 (198825847)|ENTERING_MANAGED_PKG|tdc_tsw
23:45:48.0 (198897125)|ENTERING_MANAGED_PKG|tdc_tsw
23:45:48.0 (199424887)|SOQL_EXECUTE_BEGIN|[200]|Aggregations:0|SELECT Name, NamespacePrefix, SystemModStamp FROM StaticResource WHERE Name LIKE :tmpVar1 LIMIT 10
23:45:48.0 (205786166)|SOQL_EXECUTE_END|[200]|Rows:1
23:45:48.0 (207468087)|ENTERING_MANAGED_PKG|tdc_tsw
23:45:48.0 (208148524)|SOQL_EXECUTE_BEGIN|[200]|Aggregations:0|SELECT Name, NamespacePrefix, SystemModStamp FROM StaticResource WHERE Name LIKE :tmpVar1 LIMIT 10
23:45:48.0 (210822028)|SOQL_EXECUTE_END|[200]|Rows:1
23:45:48.0 (211434965)|ENTERING_MANAGED_PKG|tdc_tsw
23:45:48.0 (215223575)|ENTERING_MANAGED_PKG|tdc_tsw
23:45:48.0 (216940526)|ENTERING_MANAGED_PKG|tdc_tsw
23:45:48.0 (217254273)|ENTERING_MANAGED_PKG|tdc_tsw
23:45:48.0 (218290512)|ENTERING_MANAGED_PKG|tdc_tsw
23:45:48.0 (218687474)|SOQL_EXECUTE_BEGIN|[200]|Aggregations:0|SELECT Name, NamespacePrefix, SystemModStamp FROM StaticResource WHERE Name LIKE :tmpVar1 LIMIT 10
23:45:48.0 (221056207)|SOQL_EXECUTE_END|[200]|Rows:1
23:45:48.243 (243016892)|USER_INFO|[EXTERNAL]|0051H000009gxp8|chanida.dev2@solvedbysoftwareco.com|Eastern Standard Time|GMT-05:00
23:45:48.243 (244629368)|ENTERING_MANAGED_PKG|tdc_tsw
23:45:48.243 (244874116)|ENTERING_MANAGED_PKG|tdc_tsw
23:45:48.243 (248271276)|SOQL_EXECUTE_BEGIN|[355]|Aggregations:0|SELECT id, name, Disable_Incoming_SMS_Sharing__c FROM User WHERE id = :tmpVar1
23:45:48.243 (255204572)|SOQL_EXECUTE_END|[355]|Rows:1
23:45:48.243 (256527921)|SOQL_EXECUTE_BEGIN|[367]|Aggregations:0|SELECT CreatedDate,Id,LastModifiedDate,Related_Object_Id__c FROM Message__c WHERE Name = 'Incoming' AND Read__c = false ORDER BY CreatedDate Desc limit 100
23:45:48.243 (265751748)|SOQL_EXECUTE_END|[367]|Rows:100
