44.0 APEX_CODE,FINEST;APEX_PROFILING,INFO;CALLOUT,INFO;DB,INFO;NBA,INFO;SYSTEM,DEBUG;VALIDATION,INFO;VISUALFORCE,INFO;WAVE,INFO;WORKFLOW,INFO
13:52:23.0 (117358)|USER_INFO|[EXTERNAL]|0051H000009gxp8|chanida.dev2@solvedbysoftwareco.com|Eastern Standard Time|GMT-05:00
13:52:23.0 (3081909)|ENTERING_MANAGED_PKG|tdc_tsw
13:52:23.0 (3233339)|ENTERING_MANAGED_PKG|tdc_tsw
13:52:23.0 (3708321)|ENTERING_MANAGED_PKG|tdc_tsw
13:52:23.0 (3750664)|ENTERING_MANAGED_PKG|tdc_tsw
13:52:23.0 (4458630)|ENTERING_MANAGED_PKG|tdc_tsw
13:52:23.0 (5113005)|ENTERING_MANAGED_PKG|tdc_tsw
13:52:23.0 (6508946)|ENTERING_MANAGED_PKG|tdc_tsw
13:52:23.0 (6578042)|ENTERING_MANAGED_PKG|tdc_tsw
13:52:23.0 (7776147)|ENTERING_MANAGED_PKG|tdc_tsw
13:52:23.0 (14105105)|SOQL_EXECUTE_BEGIN|[82]|Aggregations:0|SELECT CreatedDate, Id,Task_Created__c,Event_Created__c,isCaseCreated__c,Task_Id__c,Event_Id__c,Case__c, Important__c, Delivered__c, Message_Text_New__c, Name, Owner.Name, Read__c,MessageId__c, ToNumber__c, Related_Object_Id__c, Related_Object__c, Sender_Number__c, LastModifiedDate, Attachments_Ids__c FROM Message__c WHERE Contact__c =: recordId ORDER BY CreatedDate Desc limit 200
13:52:23.0 (28163415)|SOQL_EXECUTE_END|[82]|Rows:2
13:52:23.0 (29974209)|ENTERING_MANAGED_PKG|tdc_tsw
13:52:23.0 (30264182)|ENTERING_MANAGED_PKG|tdc_tsw
13:52:23.0 (30342872)|ENTERING_MANAGED_PKG|tdc_tsw
13:52:23.0 (30931459)|SOQL_EXECUTE_BEGIN|[200]|Aggregations:0|SELECT Name, NamespacePrefix, SystemModStamp FROM StaticResource WHERE Name LIKE :tmpVar1 LIMIT 10
13:52:23.0 (34150912)|SOQL_EXECUTE_END|[200]|Rows:1
13:52:23.0 (36207983)|ENTERING_MANAGED_PKG|tdc_tsw
13:52:23.0 (37902762)|ENTERING_MANAGED_PKG|tdc_tsw
13:52:23.0 (37963064)|ENTERING_MANAGED_PKG|tdc_tsw
13:52:23.0 (40411973)|ENTERING_MANAGED_PKG|tdc_tsw
13:52:23.0 (41209467)|ENTERING_MANAGED_PKG|tdc_tsw
13:52:23.0 (45864118)|SOQL_EXECUTE_BEGIN|[172]|Aggregations:0|SELECT id, name FROM ChatTranscript__c WHERE (Chat_Active__c = TRUE AND (Related_Object_Id__c = :tmpVar1 OR Related_Object_Id__c = :tmpVar2)) LIMIT 1
13:52:23.0 (49440300)|SOQL_EXECUTE_END|[172]|Rows:0
13:52:23.0 (49879696)|ENTERING_MANAGED_PKG|tdc_tsw
13:52:23.0 (49923617)|ENTERING_MANAGED_PKG|tdc_tsw
