36.0 APEX_CODE,FINEST;APEX_PROFILING,INFO;CALLOUT,INFO;DB,INFO;NBA,INFO;SYSTEM,DEBUG;VALIDATION,INFO;VISUALFORCE,INFO;WAVE,INFO;WORKFLOW,INFO
16:47:42.23 (23574759)|ENTERING_MANAGED_PKG|tdc_tsw
16:47:42.23 (24308710)|ENTERING_MANAGED_PKG|tdc_tsw
16:47:42.23 (25523359)|ENTERING_MANAGED_PKG|tdc_tsw
16:47:42.23 (26042167)|ENTERING_MANAGED_PKG|tdc_tsw
16:47:42.23 (26106111)|ENTERING_MANAGED_PKG|tdc_tsw
16:47:42.23 (44138367)|ENTERING_MANAGED_PKG|tdc_tsw
16:47:42.23 (47758956)|ENTERING_MANAGED_PKG|tdc_tsw
16:47:42.23 (47830330)|ENTERING_MANAGED_PKG|tdc_tsw
16:47:42.23 (47907891)|ENTERING_MANAGED_PKG|tdc_tsw
16:47:42.23 (48885769)|ENTERING_MANAGED_PKG|tdc_tsw
16:47:42.23 (49276168)|ENTERING_MANAGED_PKG|tdc_tsw
16:47:42.23 (49755649)|ENTERING_MANAGED_PKG|tdc_tsw
16:47:42.23 (64327485)|ENTERING_MANAGED_PKG|tdc_tsw
16:47:42.23 (64420729)|ENTERING_MANAGED_PKG|tdc_tsw
16:47:42.23 (65156056)|ENTERING_MANAGED_PKG|tdc_tsw
16:47:42.23 (68964122)|ENTERING_MANAGED_PKG|tdc_tsw
16:47:42.23 (69814543)|ENTERING_MANAGED_PKG|tdc_tsw
16:47:42.23 (69935133)|ENTERING_MANAGED_PKG|tdc_tsw
16:47:42.23 (70053606)|ENTERING_MANAGED_PKG|tdc_tsw
16:47:42.23 (70299635)|ENTERING_MANAGED_PKG|tdc_tsw
16:47:42.23 (70546631)|ENTERING_MANAGED_PKG|tdc_tsw
16:47:42.23 (71319790)|ENTERING_MANAGED_PKG|tdc_tsw
16:47:42.23 (71410074)|ENTERING_MANAGED_PKG|tdc_tsw
16:47:42.23 (71530324)|ENTERING_MANAGED_PKG|tdc_tsw
16:47:42.23 (71654905)|ENTERING_MANAGED_PKG|tdc_tsw
16:47:42.23 (71693175)|ENTERING_MANAGED_PKG|tdc_tsw
16:47:42.23 (72039683)|ENTERING_MANAGED_PKG|tdc_tsw
16:47:42.23 (72151735)|ENTERING_MANAGED_PKG|tdc_tsw
16:47:42.23 (72242637)|ENTERING_MANAGED_PKG|tdc_tsw
16:47:42.23 (72426394)|ENTERING_MANAGED_PKG|tdc_tsw
16:47:42.23 (72522476)|ENTERING_MANAGED_PKG|tdc_tsw
16:47:42.23 (73301622)|ENTERING_MANAGED_PKG|tdc_tsw
16:47:42.23 (73399191)|ENTERING_MANAGED_PKG|tdc_tsw
16:47:42.23 (73498793)|ENTERING_MANAGED_PKG|tdc_tsw
16:47:42.23 (73848893)|ENTERING_MANAGED_PKG|tdc_tsw
16:47:42.23 (73924044)|ENTERING_MANAGED_PKG|tdc_tsw
16:47:42.23 (74006840)|ENTERING_MANAGED_PKG|tdc_tsw
16:47:42.23 (74141369)|ENTERING_MANAGED_PKG|tdc_tsw
16:47:42.23 (74314097)|ENTERING_MANAGED_PKG|tdc_tsw
16:47:42.23 (74512057)|ENTERING_MANAGED_PKG|tdc_tsw
16:47:42.23 (74593243)|ENTERING_MANAGED_PKG|tdc_tsw
16:47:42.23 (74715536)|ENTERING_MANAGED_PKG|tdc_tsw
16:47:42.23 (74790309)|ENTERING_MANAGED_PKG|tdc_tsw
16:47:42.23 (74853391)|ENTERING_MANAGED_PKG|tdc_tsw
16:47:42.23 (74925588)|ENTERING_MANAGED_PKG|tdc_tsw
16:47:42.23 (75013598)|ENTERING_MANAGED_PKG|tdc_tsw
16:47:42.23 (75138971)|ENTERING_MANAGED_PKG|tdc_tsw
16:47:42.23 (75425276)|ENTERING_MANAGED_PKG|tdc_tsw
16:47:42.23 (75523390)|ENTERING_MANAGED_PKG|tdc_tsw
16:47:42.23 (75884018)|ENTERING_MANAGED_PKG|tdc_tsw
16:47:42.23 (76159971)|ENTERING_MANAGED_PKG|tdc_tsw
16:47:42.23 (76385341)|ENTERING_MANAGED_PKG|tdc_tsw
16:47:42.23 (76466665)|ENTERING_MANAGED_PKG|tdc_tsw
16:47:42.23 (76575560)|ENTERING_MANAGED_PKG|tdc_tsw
16:47:42.23 (77174719)|ENTERING_MANAGED_PKG|tdc_tsw
16:47:42.23 (207272153)|ENTERING_MANAGED_PKG|tdc_tsw
16:47:42.23 (207416571)|ENTERING_MANAGED_PKG|tdc_tsw
16:47:42.23 (208614746)|ENTERING_MANAGED_PKG|tdc_tsw
16:47:42.23 (208702400)|ENTERING_MANAGED_PKG|tdc_tsw
16:47:42.23 (208812802)|ENTERING_MANAGED_PKG|tdc_tsw
16:47:42.23 (208930567)|ENTERING_MANAGED_PKG|tdc_tsw
16:47:42.23 (208994636)|ENTERING_MANAGED_PKG|tdc_tsw
16:47:42.23 (209051242)|ENTERING_MANAGED_PKG|tdc_tsw
16:47:42.23 (209134208)|ENTERING_MANAGED_PKG|tdc_tsw
16:47:42.23 (209193803)|ENTERING_MANAGED_PKG|tdc_tsw
16:47:42.23 (209243013)|ENTERING_MANAGED_PKG|tdc_tsw
16:47:42.23 (209345414)|ENTERING_MANAGED_PKG|tdc_tsw
16:47:42.23 (209426999)|ENTERING_MANAGED_PKG|tdc_tsw
16:47:42.23 (209492131)|ENTERING_MANAGED_PKG|tdc_tsw
16:47:42.23 (209898285)|ENTERING_MANAGED_PKG|tdc_tsw
16:47:42.23 (210401510)|ENTERING_MANAGED_PKG|tdc_tsw
16:47:42.23 (210929290)|ENTERING_MANAGED_PKG|tdc_tsw
16:47:42.23 (223201339)|ENTERING_MANAGED_PKG|tdc_tsw
16:47:42.23 (224560090)|ENTERING_MANAGED_PKG|tdc_tsw
16:47:42.23 (224689267)|ENTERING_MANAGED_PKG|tdc_tsw
16:47:42.23 (224763684)|ENTERING_MANAGED_PKG|tdc_tsw
16:47:42.23 (224884138)|ENTERING_MANAGED_PKG|tdc_tsw
16:47:42.23 (224975745)|ENTERING_MANAGED_PKG|tdc_tsw
16:47:42.23 (225174873)|ENTERING_MANAGED_PKG|tdc_tsw
16:47:42.23 (225748475)|ENTERING_MANAGED_PKG|tdc_tsw
16:47:42.23 (225832625)|ENTERING_MANAGED_PKG|tdc_tsw
16:47:42.23 (226205107)|ENTERING_MANAGED_PKG|tdc_tsw
16:47:42.23 (226284178)|ENTERING_MANAGED_PKG|tdc_tsw
16:47:42.23 (226663603)|ENTERING_MANAGED_PKG|tdc_tsw
16:47:42.23 (226755424)|ENTERING_MANAGED_PKG|tdc_tsw
16:47:42.23 (226818491)|ENTERING_MANAGED_PKG|tdc_tsw
16:47:42.23 (226879616)|ENTERING_MANAGED_PKG|tdc_tsw
16:47:42.23 (226945100)|ENTERING_MANAGED_PKG|tdc_tsw
16:47:42.23 (227042766)|ENTERING_MANAGED_PKG|tdc_tsw
16:47:42.23 (227180168)|ENTERING_MANAGED_PKG|tdc_tsw
16:47:42.23 (227226828)|ENTERING_MANAGED_PKG|tdc_tsw
16:47:42.23 (227300285)|ENTERING_MANAGED_PKG|tdc_tsw
16:47:42.23 (227524633)|ENTERING_MANAGED_PKG|tdc_tsw
16:47:42.23 (227576767)|ENTERING_MANAGED_PKG|tdc_tsw
16:47:42.23 (227644754)|ENTERING_MANAGED_PKG|tdc_tsw
16:47:42.23 (227703347)|ENTERING_MANAGED_PKG|tdc_tsw
16:47:42.23 (227763486)|ENTERING_MANAGED_PKG|tdc_tsw
16:47:42.23 (227849725)|ENTERING_MANAGED_PKG|tdc_tsw
16:47:42.23 (227924294)|ENTERING_MANAGED_PKG|tdc_tsw
16:47:42.23 (228012960)|ENTERING_MANAGED_PKG|tdc_tsw
16:47:42.23 (228074754)|ENTERING_MANAGED_PKG|tdc_tsw
16:47:42.23 (228279346)|ENTERING_MANAGED_PKG|tdc_tsw
16:47:42.23 (228424024)|ENTERING_MANAGED_PKG|tdc_tsw
16:47:42.23 (228530332)|ENTERING_MANAGED_PKG|tdc_tsw
16:47:42.23 (228610383)|ENTERING_MANAGED_PKG|tdc_tsw
16:47:42.23 (228737725)|ENTERING_MANAGED_PKG|tdc_tsw
16:47:42.23 (448113794)|ENTERING_MANAGED_PKG|tdc_tsw
16:47:42.23 (448575800)|ENTERING_MANAGED_PKG|tdc_tsw
16:47:42.23 (448613634)|ENTERING_MANAGED_PKG|tdc_tsw
16:47:42.23 (448660674)|ENTERING_MANAGED_PKG|tdc_tsw
16:47:42.23 (448720967)|ENTERING_MANAGED_PKG|tdc_tsw
16:47:42.23 (448749587)|ENTERING_MANAGED_PKG|tdc_tsw
16:47:42.23 (448774022)|ENTERING_MANAGED_PKG|tdc_tsw
16:47:42.23 (448810672)|ENTERING_MANAGED_PKG|tdc_tsw
16:47:42.23 (448835203)|ENTERING_MANAGED_PKG|tdc_tsw
16:47:42.23 (448856370)|ENTERING_MANAGED_PKG|tdc_tsw
16:47:42.23 (448932135)|ENTERING_MANAGED_PKG|tdc_tsw
16:47:42.23 (449000761)|ENTERING_MANAGED_PKG|tdc_tsw
16:47:42.23 (449052345)|ENTERING_MANAGED_PKG|tdc_tsw
16:47:42.23 (449136198)|ENTERING_MANAGED_PKG|tdc_tsw
16:47:42.23 (449243554)|ENTERING_MANAGED_PKG|tdc_tsw
16:47:42.23 (453890952)|ENTERING_MANAGED_PKG|tdc_tsw
16:47:42.23 (454486474)|ENTERING_MANAGED_PKG|tdc_tsw
16:47:42.23 (461289469)|ENTERING_MANAGED_PKG|tdc_tsw
16:47:42.23 (462372755)|ENTERING_MANAGED_PKG|tdc_tsw
16:47:42.23 (469317798)|ENTERING_MANAGED_PKG|tdc_tsw
16:47:42.23 (470422201)|ENTERING_MANAGED_PKG|tdc_tsw
16:47:42.23 (477200195)|ENTERING_MANAGED_PKG|tdc_tsw
16:47:42.23 (478203445)|ENTERING_MANAGED_PKG|tdc_tsw
16:47:42.23 (485984785)|ENTERING_MANAGED_PKG|tdc_tsw
16:47:42.23 (487137179)|ENTERING_MANAGED_PKG|tdc_tsw
16:47:42.23 (494011674)|ENTERING_MANAGED_PKG|tdc_tsw
16:47:42.23 (495021752)|ENTERING_MANAGED_PKG|tdc_tsw
16:47:42.23 (501904033)|ENTERING_MANAGED_PKG|tdc_tsw
16:47:42.23 (502962620)|ENTERING_MANAGED_PKG|tdc_tsw
16:47:42.23 (509581731)|ENTERING_MANAGED_PKG|tdc_tsw
16:47:42.23 (510774619)|ENTERING_MANAGED_PKG|tdc_tsw
16:47:42.23 (517527750)|ENTERING_MANAGED_PKG|tdc_tsw
16:47:42.23 (518606193)|ENTERING_MANAGED_PKG|tdc_tsw
16:47:42.23 (525351226)|ENTERING_MANAGED_PKG|tdc_tsw
16:47:42.23 (526355851)|ENTERING_MANAGED_PKG|tdc_tsw
16:47:42.23 (533009298)|ENTERING_MANAGED_PKG|tdc_tsw
16:47:42.23 (534046255)|ENTERING_MANAGED_PKG|tdc_tsw
16:47:42.23 (540996534)|ENTERING_MANAGED_PKG|tdc_tsw
16:47:42.23 (542057036)|ENTERING_MANAGED_PKG|tdc_tsw
16:47:42.23 (548724892)|ENTERING_MANAGED_PKG|tdc_tsw
16:47:42.23 (549769680)|ENTERING_MANAGED_PKG|tdc_tsw
16:47:42.23 (556381347)|ENTERING_MANAGED_PKG|tdc_tsw
16:47:42.23 (557363249)|ENTERING_MANAGED_PKG|tdc_tsw
16:47:42.23 (563953069)|ENTERING_MANAGED_PKG|tdc_tsw
16:47:42.23 (564957789)|ENTERING_MANAGED_PKG|tdc_tsw
16:47:42.23 (571600773)|ENTERING_MANAGED_PKG|tdc_tsw
16:47:42.23 (572564122)|ENTERING_MANAGED_PKG|tdc_tsw
16:47:42.23 (579187325)|ENTERING_MANAGED_PKG|tdc_tsw
16:47:42.23 (580190336)|ENTERING_MANAGED_PKG|tdc_tsw
16:47:42.23 (586870158)|ENTERING_MANAGED_PKG|tdc_tsw
16:47:42.23 (587852267)|ENTERING_MANAGED_PKG|tdc_tsw
16:47:42.23 (595021675)|ENTERING_MANAGED_PKG|tdc_tsw
16:47:42.23 (596019387)|ENTERING_MANAGED_PKG|tdc_tsw
16:47:42.23 (602639164)|ENTERING_MANAGED_PKG|tdc_tsw
16:47:42.23 (603625068)|ENTERING_MANAGED_PKG|tdc_tsw
16:47:42.23 (610218436)|ENTERING_MANAGED_PKG|tdc_tsw
16:47:42.23 (611246566)|ENTERING_MANAGED_PKG|tdc_tsw
16:47:42.23 (617947951)|ENTERING_MANAGED_PKG|tdc_tsw
16:47:42.23 (618931126)|ENTERING_MANAGED_PKG|tdc_tsw
16:47:42.23 (625489183)|ENTERING_MANAGED_PKG|tdc_tsw
16:47:42.23 (626471704)|ENTERING_MANAGED_PKG|tdc_tsw
16:47:42.23 (633120398)|ENTERING_MANAGED_PKG|tdc_tsw
16:47:42.23 (634241422)|ENTERING_MANAGED_PKG|tdc_tsw
16:47:42.23 (641144459)|ENTERING_MANAGED_PKG|tdc_tsw
16:47:42.23 (642162556)|ENTERING_MANAGED_PKG|tdc_tsw
16:47:42.23 (648922975)|ENTERING_MANAGED_PKG|tdc_tsw
16:47:42.23 (649926564)|ENTERING_MANAGED_PKG|tdc_tsw
16:47:42.23 (656629013)|ENTERING_MANAGED_PKG|tdc_tsw
16:47:42.23 (657617610)|ENTERING_MANAGED_PKG|tdc_tsw
16:47:42.23 (664268512)|ENTERING_MANAGED_PKG|tdc_tsw
16:47:42.23 (665247163)|ENTERING_MANAGED_PKG|tdc_tsw
16:47:42.23 (672306413)|ENTERING_MANAGED_PKG|tdc_tsw
16:47:42.23 (673327075)|ENTERING_MANAGED_PKG|tdc_tsw
16:47:42.23 (680752119)|ENTERING_MANAGED_PKG|tdc_tsw
16:47:42.23 (681870479)|ENTERING_MANAGED_PKG|tdc_tsw
16:47:42.23 (689359343)|ENTERING_MANAGED_PKG|tdc_tsw
16:47:42.23 (690354085)|ENTERING_MANAGED_PKG|tdc_tsw
16:47:42.23 (698253893)|ENTERING_MANAGED_PKG|tdc_tsw
16:47:42.23 (699251121)|ENTERING_MANAGED_PKG|tdc_tsw
16:47:42.23 (705953026)|ENTERING_MANAGED_PKG|tdc_tsw
16:47:42.23 (706937965)|ENTERING_MANAGED_PKG|tdc_tsw
16:47:42.23 (713640357)|ENTERING_MANAGED_PKG|tdc_tsw
16:47:42.23 (714602230)|ENTERING_MANAGED_PKG|tdc_tsw
16:47:42.23 (721402780)|ENTERING_MANAGED_PKG|tdc_tsw
16:47:42.23 (722408594)|ENTERING_MANAGED_PKG|tdc_tsw
16:47:42.23 (729137408)|ENTERING_MANAGED_PKG|tdc_tsw
16:47:42.23 (730134085)|ENTERING_MANAGED_PKG|tdc_tsw
16:47:42.23 (737242769)|ENTERING_MANAGED_PKG|tdc_tsw
16:47:42.23 (738249958)|ENTERING_MANAGED_PKG|tdc_tsw
16:47:42.23 (745837172)|ENTERING_MANAGED_PKG|tdc_tsw
16:47:42.23 (747107297)|ENTERING_MANAGED_PKG|tdc_tsw
16:47:42.23 (754048174)|ENTERING_MANAGED_PKG|tdc_tsw
16:47:42.23 (755046410)|ENTERING_MANAGED_PKG|tdc_tsw
16:47:42.23 (761849889)|ENTERING_MANAGED_PKG|tdc_tsw
16:47:42.23 (762913864)|ENTERING_MANAGED_PKG|tdc_tsw
16:47:42.23 (769559556)|ENTERING_MANAGED_PKG|tdc_tsw
16:47:42.23 (770563175)|ENTERING_MANAGED_PKG|tdc_tsw
16:47:42.23 (777513681)|ENTERING_MANAGED_PKG|tdc_tsw
16:47:42.23 (778644342)|ENTERING_MANAGED_PKG|tdc_tsw
16:47:42.23 (785377200)|ENTERING_MANAGED_PKG|tdc_tsw
16:47:42.23 (786442177)|ENTERING_MANAGED_PKG|tdc_tsw
16:47:42.23 (793245186)|ENTERING_MANAGED_PKG|tdc_tsw
16:47:42.23 (794240834)|ENTERING_MANAGED_PKG|tdc_tsw
16:47:42.23 (800876153)|ENTERING_MANAGED_PKG|tdc_tsw
16:47:42.23 (801859906)|ENTERING_MANAGED_PKG|tdc_tsw
16:47:42.23 (808658203)|ENTERING_MANAGED_PKG|tdc_tsw
16:47:42.23 (809752068)|ENTERING_MANAGED_PKG|tdc_tsw
16:47:42.23 (817236401)|ENTERING_MANAGED_PKG|tdc_tsw
16:47:42.23 (818669700)|ENTERING_MANAGED_PKG|tdc_tsw
16:47:42.23 (825364389)|ENTERING_MANAGED_PKG|tdc_tsw
16:47:42.23 (826368633)|ENTERING_MANAGED_PKG|tdc_tsw
16:47:42.23 (832945206)|ENTERING_MANAGED_PKG|tdc_tsw
16:47:42.23 (833945876)|ENTERING_MANAGED_PKG|tdc_tsw
16:47:42.23 (840891457)|ENTERING_MANAGED_PKG|tdc_tsw
16:47:42.23 (842546194)|ENTERING_MANAGED_PKG|tdc_tsw
16:47:42.23 (849361226)|ENTERING_MANAGED_PKG|tdc_tsw
16:47:42.23 (852236799)|ENTERING_MANAGED_PKG|tdc_tsw
16:47:42.23 (852427833)|ENTERING_MANAGED_PKG|tdc_tsw
16:47:42.23 (852549434)|ENTERING_MANAGED_PKG|tdc_tsw
16:47:42.23 (852674473)|ENTERING_MANAGED_PKG|tdc_tsw
16:47:42.23 (852754966)|ENTERING_MANAGED_PKG|tdc_tsw
16:47:42.23 (852805260)|ENTERING_MANAGED_PKG|tdc_tsw
16:47:42.23 (852936939)|ENTERING_MANAGED_PKG|tdc_tsw
16:47:42.23 (852985827)|ENTERING_MANAGED_PKG|tdc_tsw
16:47:42.23 (853060076)|ENTERING_MANAGED_PKG|tdc_tsw
16:47:42.23 (853170963)|ENTERING_MANAGED_PKG|tdc_tsw
16:47:42.23 (854611342)|ENTERING_MANAGED_PKG|tdc_tsw
16:47:42.23 (854981273)|ENTERING_MANAGED_PKG|tdc_tsw
16:47:42.23 (861793790)|ENTERING_MANAGED_PKG|tdc_tsw
16:47:42.23 (862802841)|ENTERING_MANAGED_PKG|tdc_tsw
16:47:42.23 (869455842)|ENTERING_MANAGED_PKG|tdc_tsw
16:47:42.23 (870465295)|ENTERING_MANAGED_PKG|tdc_tsw
16:47:42.23 (878121059)|ENTERING_MANAGED_PKG|tdc_tsw
16:47:42.23 (879118136)|ENTERING_MANAGED_PKG|tdc_tsw
16:47:42.23 (886333334)|ENTERING_MANAGED_PKG|tdc_tsw
16:47:42.23 (888039707)|ENTERING_MANAGED_PKG|tdc_tsw
16:47:42.23 (895295301)|ENTERING_MANAGED_PKG|tdc_tsw
16:47:42.23 (896570879)|ENTERING_MANAGED_PKG|tdc_tsw
16:47:42.23 (903212263)|ENTERING_MANAGED_PKG|tdc_tsw
16:47:42.23 (904223083)|ENTERING_MANAGED_PKG|tdc_tsw
16:47:42.23 (910961857)|ENTERING_MANAGED_PKG|tdc_tsw
16:47:42.23 (912006104)|ENTERING_MANAGED_PKG|tdc_tsw
16:47:42.23 (918639936)|ENTERING_MANAGED_PKG|tdc_tsw
16:47:42.23 (919621400)|ENTERING_MANAGED_PKG|tdc_tsw
16:47:42.23 (926287971)|ENTERING_MANAGED_PKG|tdc_tsw
16:47:42.23 (927286607)|ENTERING_MANAGED_PKG|tdc_tsw
16:47:42.23 (934041051)|ENTERING_MANAGED_PKG|tdc_tsw
16:47:42.23 (935061377)|ENTERING_MANAGED_PKG|tdc_tsw
16:47:42.23 (941827471)|ENTERING_MANAGED_PKG|tdc_tsw
16:47:42.23 (942813701)|ENTERING_MANAGED_PKG|tdc_tsw
16:47:42.23 (949403618)|ENTERING_MANAGED_PKG|tdc_tsw
16:47:42.23 (950376628)|ENTERING_MANAGED_PKG|tdc_tsw
16:47:42.23 (957019559)|ENTERING_MANAGED_PKG|tdc_tsw
16:47:42.23 (957985048)|ENTERING_MANAGED_PKG|tdc_tsw
16:47:42.23 (964691568)|ENTERING_MANAGED_PKG|tdc_tsw
16:47:42.23 (965986185)|ENTERING_MANAGED_PKG|tdc_tsw
16:47:42.23 (972716423)|ENTERING_MANAGED_PKG|tdc_tsw
16:47:42.23 (973720436)|ENTERING_MANAGED_PKG|tdc_tsw
16:47:42.23 (982347174)|ENTERING_MANAGED_PKG|tdc_tsw
16:47:42.23 (983329926)|ENTERING_MANAGED_PKG|tdc_tsw
16:47:42.23 (989840328)|ENTERING_MANAGED_PKG|tdc_tsw
16:47:42.23 (990792966)|ENTERING_MANAGED_PKG|tdc_tsw
16:47:42.23 (997575394)|ENTERING_MANAGED_PKG|tdc_tsw
16:47:42.23 (998559709)|ENTERING_MANAGED_PKG|tdc_tsw
16:47:42.23 (1005349152)|ENTERING_MANAGED_PKG|tdc_tsw
16:47:42.23 (1006324716)|ENTERING_MANAGED_PKG|tdc_tsw
16:47:42.23 (1013172038)|ENTERING_MANAGED_PKG|tdc_tsw
16:47:42.23 (1014156058)|ENTERING_MANAGED_PKG|tdc_tsw
16:47:42.23 (1020812511)|ENTERING_MANAGED_PKG|tdc_tsw
16:47:42.23 (1021888404)|ENTERING_MANAGED_PKG|tdc_tsw
16:47:43.28 (1028709020)|ENTERING_MANAGED_PKG|tdc_tsw
16:47:43.28 (1029816120)|ENTERING_MANAGED_PKG|tdc_tsw
16:47:43.28 (1037228361)|ENTERING_MANAGED_PKG|tdc_tsw
16:47:43.28 (1038592806)|ENTERING_MANAGED_PKG|tdc_tsw
16:47:43.28 (1045505389)|ENTERING_MANAGED_PKG|tdc_tsw
16:47:43.28 (1046613350)|ENTERING_MANAGED_PKG|tdc_tsw
16:47:43.28 (1054219338)|ENTERING_MANAGED_PKG|tdc_tsw
16:47:43.28 (1055328454)|ENTERING_MANAGED_PKG|tdc_tsw
16:47:43.28 (1062221631)|ENTERING_MANAGED_PKG|tdc_tsw
16:47:43.28 (1063207092)|ENTERING_MANAGED_PKG|tdc_tsw
16:47:43.28 (1070713216)|ENTERING_MANAGED_PKG|tdc_tsw
16:47:43.28 (1071939320)|ENTERING_MANAGED_PKG|tdc_tsw
16:47:43.28 (1078948460)|ENTERING_MANAGED_PKG|tdc_tsw
16:47:43.28 (1080076296)|ENTERING_MANAGED_PKG|tdc_tsw
16:47:43.28 (1086956324)|ENTERING_MANAGED_PKG|tdc_tsw
16:47:43.28 (1088008509)|ENTERING_MANAGED_PKG|tdc_tsw
16:47:43.28 (1095498302)|ENTERING_MANAGED_PKG|tdc_tsw
16:47:43.28 (1096546434)|ENTERING_MANAGED_PKG|tdc_tsw
16:47:43.28 (1103678366)|ENTERING_MANAGED_PKG|tdc_tsw
16:47:43.28 (1104763379)|ENTERING_MANAGED_PKG|tdc_tsw
16:47:43.28 (1112714240)|ENTERING_MANAGED_PKG|tdc_tsw
16:47:43.28 (1113723356)|ENTERING_MANAGED_PKG|tdc_tsw
16:47:43.28 (1120597298)|ENTERING_MANAGED_PKG|tdc_tsw
16:47:43.28 (1121702280)|ENTERING_MANAGED_PKG|tdc_tsw
16:47:43.28 (1128510956)|ENTERING_MANAGED_PKG|tdc_tsw
16:47:43.28 (1129537450)|ENTERING_MANAGED_PKG|tdc_tsw
16:47:43.28 (1136374055)|ENTERING_MANAGED_PKG|tdc_tsw
16:47:43.28 (1137407994)|ENTERING_MANAGED_PKG|tdc_tsw
16:47:43.28 (1144192149)|ENTERING_MANAGED_PKG|tdc_tsw
16:47:43.28 (1145198475)|ENTERING_MANAGED_PKG|tdc_tsw
16:47:43.28 (1151829110)|ENTERING_MANAGED_PKG|tdc_tsw
16:47:43.28 (1152814321)|ENTERING_MANAGED_PKG|tdc_tsw
16:47:43.28 (1160601144)|ENTERING_MANAGED_PKG|tdc_tsw
16:47:43.28 (1161810282)|ENTERING_MANAGED_PKG|tdc_tsw
16:47:43.28 (1168478424)|ENTERING_MANAGED_PKG|tdc_tsw
16:47:43.28 (1169456490)|ENTERING_MANAGED_PKG|tdc_tsw
16:47:43.28 (1176133254)|ENTERING_MANAGED_PKG|tdc_tsw
16:47:43.28 (1177099162)|ENTERING_MANAGED_PKG|tdc_tsw
16:47:43.28 (1183671760)|ENTERING_MANAGED_PKG|tdc_tsw
16:47:43.28 (1184636516)|ENTERING_MANAGED_PKG|tdc_tsw
16:47:43.28 (1192507935)|ENTERING_MANAGED_PKG|tdc_tsw
16:47:43.28 (1193536624)|ENTERING_MANAGED_PKG|tdc_tsw
16:47:43.28 (1201463276)|ENTERING_MANAGED_PKG|tdc_tsw
16:47:43.28 (1202542210)|ENTERING_MANAGED_PKG|tdc_tsw
16:47:43.28 (1210252534)|ENTERING_MANAGED_PKG|tdc_tsw
16:47:43.28 (1211263069)|ENTERING_MANAGED_PKG|tdc_tsw
16:47:43.28 (1219540954)|ENTERING_MANAGED_PKG|tdc_tsw
16:47:43.28 (1220542412)|ENTERING_MANAGED_PKG|tdc_tsw
16:47:43.28 (1228740451)|ENTERING_MANAGED_PKG|tdc_tsw
16:47:43.28 (1229757324)|ENTERING_MANAGED_PKG|tdc_tsw
16:47:43.28 (1238325389)|ENTERING_MANAGED_PKG|tdc_tsw
16:47:43.28 (1239582216)|ENTERING_MANAGED_PKG|tdc_tsw
16:47:43.28 (1248042168)|ENTERING_MANAGED_PKG|tdc_tsw
16:47:43.28 (1249037524)|ENTERING_MANAGED_PKG|tdc_tsw
16:47:43.28 (1256395609)|ENTERING_MANAGED_PKG|tdc_tsw
16:47:43.28 (1257613865)|ENTERING_MANAGED_PKG|tdc_tsw
16:47:43.28 (1264259091)|ENTERING_MANAGED_PKG|tdc_tsw
16:47:43.28 (1267028334)|ENTERING_MANAGED_PKG|tdc_tsw
16:47:43.28 (1267206953)|ENTERING_MANAGED_PKG|tdc_tsw
16:47:43.28 (1267446562)|ENTERING_MANAGED_PKG|tdc_tsw
16:47:43.28 (1267497855)|ENTERING_MANAGED_PKG|tdc_tsw
16:47:43.28 (1267550088)|ENTERING_MANAGED_PKG|tdc_tsw
16:47:43.28 (1267593154)|ENTERING_MANAGED_PKG|tdc_tsw
16:47:43.28 (1267626900)|ENTERING_MANAGED_PKG|tdc_tsw
16:47:43.28 (1267729088)|ENTERING_MANAGED_PKG|tdc_tsw
16:47:43.28 (1267944633)|ENTERING_MANAGED_PKG|tdc_tsw
16:47:43.28 (1267977490)|ENTERING_MANAGED_PKG|tdc_tsw
16:47:43.28 (1268016116)|ENTERING_MANAGED_PKG|tdc_tsw
16:47:43.28 (1268052230)|ENTERING_MANAGED_PKG|tdc_tsw
16:47:43.28 (1268079699)|ENTERING_MANAGED_PKG|tdc_tsw
16:47:43.28 (1268161951)|ENTERING_MANAGED_PKG|tdc_tsw
16:47:43.28 (1268332664)|ENTERING_MANAGED_PKG|tdc_tsw
16:47:43.28 (1268365451)|ENTERING_MANAGED_PKG|tdc_tsw
16:47:43.28 (1268402526)|ENTERING_MANAGED_PKG|tdc_tsw
16:47:43.28 (1268437103)|ENTERING_MANAGED_PKG|tdc_tsw
16:47:43.28 (1268464834)|ENTERING_MANAGED_PKG|tdc_tsw
16:47:43.28 (1268544892)|ENTERING_MANAGED_PKG|tdc_tsw
16:47:43.28 (1268712330)|ENTERING_MANAGED_PKG|tdc_tsw
16:47:43.28 (1268744450)|ENTERING_MANAGED_PKG|tdc_tsw
16:47:43.28 (1268781567)|ENTERING_MANAGED_PKG|tdc_tsw
16:47:43.28 (1268815698)|ENTERING_MANAGED_PKG|tdc_tsw
16:47:43.28 (1268843155)|ENTERING_MANAGED_PKG|tdc_tsw
16:47:43.28 (1268929569)|ENTERING_MANAGED_PKG|tdc_tsw
16:47:43.28 (1269170432)|ENTERING_MANAGED_PKG|tdc_tsw
16:47:43.28 (1269205441)|ENTERING_MANAGED_PKG|tdc_tsw
16:47:43.28 (1269243865)|ENTERING_MANAGED_PKG|tdc_tsw
16:47:43.28 (1269278806)|ENTERING_MANAGED_PKG|tdc_tsw
16:47:43.28 (1269306317)|ENTERING_MANAGED_PKG|tdc_tsw
16:47:43.28 (1269428243)|ENTERING_MANAGED_PKG|tdc_tsw
16:47:43.28 (1269613558)|ENTERING_MANAGED_PKG|tdc_tsw
16:47:43.28 (1269646314)|ENTERING_MANAGED_PKG|tdc_tsw
16:47:43.28 (1269684090)|ENTERING_MANAGED_PKG|tdc_tsw
16:47:43.28 (1269718682)|ENTERING_MANAGED_PKG|tdc_tsw
16:47:43.28 (1269746551)|ENTERING_MANAGED_PKG|tdc_tsw
16:47:43.28 (1269827679)|ENTERING_MANAGED_PKG|tdc_tsw
16:47:43.28 (1270005048)|ENTERING_MANAGED_PKG|tdc_tsw
16:47:43.28 (1270038618)|ENTERING_MANAGED_PKG|tdc_tsw
16:47:43.28 (1270075522)|ENTERING_MANAGED_PKG|tdc_tsw
16:47:43.28 (1270109821)|ENTERING_MANAGED_PKG|tdc_tsw
16:47:43.28 (1270136872)|ENTERING_MANAGED_PKG|tdc_tsw
16:47:43.28 (1270216294)|ENTERING_MANAGED_PKG|tdc_tsw
16:47:43.28 (1270381198)|ENTERING_MANAGED_PKG|tdc_tsw
16:47:43.28 (1270413327)|ENTERING_MANAGED_PKG|tdc_tsw
16:47:43.28 (1270450102)|ENTERING_MANAGED_PKG|tdc_tsw
16:47:43.28 (1270483854)|ENTERING_MANAGED_PKG|tdc_tsw
16:47:43.28 (1270510988)|ENTERING_MANAGED_PKG|tdc_tsw
16:47:43.28 (1270590258)|ENTERING_MANAGED_PKG|tdc_tsw
16:47:43.28 (1270787019)|ENTERING_MANAGED_PKG|tdc_tsw
16:47:43.28 (1270819494)|ENTERING_MANAGED_PKG|tdc_tsw
16:47:43.28 (1270856691)|ENTERING_MANAGED_PKG|tdc_tsw
16:47:43.28 (1270902751)|ENTERING_MANAGED_PKG|tdc_tsw
16:47:43.28 (1270932929)|ENTERING_MANAGED_PKG|tdc_tsw
16:47:43.28 (1271013273)|ENTERING_MANAGED_PKG|tdc_tsw
16:47:43.28 (1271179146)|ENTERING_MANAGED_PKG|tdc_tsw
16:47:43.28 (1271211477)|ENTERING_MANAGED_PKG|tdc_tsw
16:47:43.28 (1271247911)|ENTERING_MANAGED_PKG|tdc_tsw
16:47:43.28 (1271281616)|ENTERING_MANAGED_PKG|tdc_tsw
16:47:43.28 (1271308555)|ENTERING_MANAGED_PKG|tdc_tsw
16:47:43.28 (1271387312)|ENTERING_MANAGED_PKG|tdc_tsw
16:47:43.28 (1271550369)|ENTERING_MANAGED_PKG|tdc_tsw
16:47:43.28 (1271582423)|ENTERING_MANAGED_PKG|tdc_tsw
16:47:43.28 (1271619707)|ENTERING_MANAGED_PKG|tdc_tsw
16:47:43.28 (1271653841)|ENTERING_MANAGED_PKG|tdc_tsw
16:47:43.28 (1271681268)|ENTERING_MANAGED_PKG|tdc_tsw
16:47:43.28 (1271759999)|ENTERING_MANAGED_PKG|tdc_tsw
16:47:43.28 (1271933403)|ENTERING_MANAGED_PKG|tdc_tsw
16:47:43.28 (1271965644)|ENTERING_MANAGED_PKG|tdc_tsw
16:47:43.28 (1272002345)|ENTERING_MANAGED_PKG|tdc_tsw
16:47:43.28 (1272037353)|ENTERING_MANAGED_PKG|tdc_tsw
16:47:43.28 (1272065328)|ENTERING_MANAGED_PKG|tdc_tsw
16:47:43.28 (1272144553)|ENTERING_MANAGED_PKG|tdc_tsw
16:47:43.28 (1272308497)|ENTERING_MANAGED_PKG|tdc_tsw
16:47:43.28 (1272340676)|ENTERING_MANAGED_PKG|tdc_tsw
16:47:43.28 (1272377248)|ENTERING_MANAGED_PKG|tdc_tsw
16:47:43.28 (1272411285)|ENTERING_MANAGED_PKG|tdc_tsw
16:47:43.28 (1272438814)|ENTERING_MANAGED_PKG|tdc_tsw
16:47:43.28 (1272524822)|ENTERING_MANAGED_PKG|tdc_tsw
16:47:43.28 (1272724241)|ENTERING_MANAGED_PKG|tdc_tsw
16:47:43.28 (1272756532)|ENTERING_MANAGED_PKG|tdc_tsw
16:47:43.28 (1272793778)|ENTERING_MANAGED_PKG|tdc_tsw
16:47:43.28 (1272828088)|ENTERING_MANAGED_PKG|tdc_tsw
16:47:43.28 (1272855489)|ENTERING_MANAGED_PKG|tdc_tsw
16:47:43.28 (1272944869)|ENTERING_MANAGED_PKG|tdc_tsw
16:47:43.28 (1273133284)|ENTERING_MANAGED_PKG|tdc_tsw
16:47:43.28 (1273177129)|ENTERING_MANAGED_PKG|tdc_tsw
16:47:43.28 (1273232691)|ENTERING_MANAGED_PKG|tdc_tsw
16:47:43.28 (1273271663)|ENTERING_MANAGED_PKG|tdc_tsw
16:47:43.28 (1273299845)|ENTERING_MANAGED_PKG|tdc_tsw
16:47:43.28 (1273381468)|ENTERING_MANAGED_PKG|tdc_tsw
16:47:43.28 (1273546881)|ENTERING_MANAGED_PKG|tdc_tsw
16:47:43.28 (1273578647)|ENTERING_MANAGED_PKG|tdc_tsw
16:47:43.28 (1273615293)|ENTERING_MANAGED_PKG|tdc_tsw
16:47:43.28 (1273649437)|ENTERING_MANAGED_PKG|tdc_tsw
16:47:43.28 (1273676588)|ENTERING_MANAGED_PKG|tdc_tsw
16:47:43.28 (1273755814)|ENTERING_MANAGED_PKG|tdc_tsw
16:47:43.28 (1273928754)|ENTERING_MANAGED_PKG|tdc_tsw
16:47:43.28 (1273960927)|ENTERING_MANAGED_PKG|tdc_tsw
16:47:43.28 (1273998006)|ENTERING_MANAGED_PKG|tdc_tsw
16:47:43.28 (1274032331)|ENTERING_MANAGED_PKG|tdc_tsw
16:47:43.28 (1274060638)|ENTERING_MANAGED_PKG|tdc_tsw
16:47:43.28 (1274139581)|ENTERING_MANAGED_PKG|tdc_tsw
16:47:43.28 (1274303045)|ENTERING_MANAGED_PKG|tdc_tsw
16:47:43.28 (1274334882)|ENTERING_MANAGED_PKG|tdc_tsw
16:47:43.28 (1274371690)|ENTERING_MANAGED_PKG|tdc_tsw
16:47:43.28 (1274405617)|ENTERING_MANAGED_PKG|tdc_tsw
16:47:43.28 (1274438710)|ENTERING_MANAGED_PKG|tdc_tsw
16:47:43.28 (1274518972)|ENTERING_MANAGED_PKG|tdc_tsw
16:47:43.28 (1274683360)|ENTERING_MANAGED_PKG|tdc_tsw
16:47:43.28 (1274715168)|ENTERING_MANAGED_PKG|tdc_tsw
16:47:43.28 (1274752003)|ENTERING_MANAGED_PKG|tdc_tsw
16:47:43.28 (1274786070)|ENTERING_MANAGED_PKG|tdc_tsw
16:47:43.28 (1274813156)|ENTERING_MANAGED_PKG|tdc_tsw
16:47:43.28 (1274901928)|ENTERING_MANAGED_PKG|tdc_tsw
16:47:43.28 (1275067124)|ENTERING_MANAGED_PKG|tdc_tsw
16:47:43.28 (1275099536)|ENTERING_MANAGED_PKG|tdc_tsw
16:47:43.28 (1275136043)|ENTERING_MANAGED_PKG|tdc_tsw
16:47:43.28 (1275170270)|ENTERING_MANAGED_PKG|tdc_tsw
16:47:43.28 (1275197677)|ENTERING_MANAGED_PKG|tdc_tsw
16:47:43.28 (1275276121)|ENTERING_MANAGED_PKG|tdc_tsw
16:47:43.28 (1275439355)|ENTERING_MANAGED_PKG|tdc_tsw
16:47:43.28 (1275471052)|ENTERING_MANAGED_PKG|tdc_tsw
16:47:43.28 (1275507673)|ENTERING_MANAGED_PKG|tdc_tsw
16:47:43.28 (1275541871)|ENTERING_MANAGED_PKG|tdc_tsw
16:47:43.28 (1275569178)|ENTERING_MANAGED_PKG|tdc_tsw
16:47:43.28 (1275647750)|ENTERING_MANAGED_PKG|tdc_tsw
16:47:43.28 (1275810924)|ENTERING_MANAGED_PKG|tdc_tsw
16:47:43.28 (1275843283)|ENTERING_MANAGED_PKG|tdc_tsw
16:47:43.28 (1275888649)|ENTERING_MANAGED_PKG|tdc_tsw
16:47:43.28 (1275926879)|ENTERING_MANAGED_PKG|tdc_tsw
16:47:43.28 (1275954527)|ENTERING_MANAGED_PKG|tdc_tsw
16:47:43.28 (1276033519)|ENTERING_MANAGED_PKG|tdc_tsw
16:47:43.28 (1276198634)|ENTERING_MANAGED_PKG|tdc_tsw
16:47:43.28 (1276230367)|ENTERING_MANAGED_PKG|tdc_tsw
16:47:43.28 (1276266836)|ENTERING_MANAGED_PKG|tdc_tsw
16:47:43.28 (1276300963)|ENTERING_MANAGED_PKG|tdc_tsw
16:47:43.28 (1276328231)|ENTERING_MANAGED_PKG|tdc_tsw
16:47:43.28 (1276407326)|ENTERING_MANAGED_PKG|tdc_tsw
16:47:43.28 (1276570826)|ENTERING_MANAGED_PKG|tdc_tsw
16:47:43.28 (1276602823)|ENTERING_MANAGED_PKG|tdc_tsw
16:47:43.28 (1276643001)|ENTERING_MANAGED_PKG|tdc_tsw
16:47:43.28 (1276680242)|ENTERING_MANAGED_PKG|tdc_tsw
16:47:43.28 (1276707901)|ENTERING_MANAGED_PKG|tdc_tsw
16:47:43.28 (1276787774)|ENTERING_MANAGED_PKG|tdc_tsw
16:47:43.28 (1276963119)|ENTERING_MANAGED_PKG|tdc_tsw
16:47:43.28 (1276994900)|ENTERING_MANAGED_PKG|tdc_tsw
16:47:43.28 (1277031994)|ENTERING_MANAGED_PKG|tdc_tsw
16:47:43.28 (1277066798)|ENTERING_MANAGED_PKG|tdc_tsw
16:47:43.28 (1277094529)|ENTERING_MANAGED_PKG|tdc_tsw
16:47:43.28 (1277173636)|ENTERING_MANAGED_PKG|tdc_tsw
16:47:43.28 (1277337972)|ENTERING_MANAGED_PKG|tdc_tsw
16:47:43.28 (1277369561)|ENTERING_MANAGED_PKG|tdc_tsw
16:47:43.28 (1277406228)|ENTERING_MANAGED_PKG|tdc_tsw
16:47:43.28 (1277440108)|ENTERING_MANAGED_PKG|tdc_tsw
16:47:43.28 (1277467046)|ENTERING_MANAGED_PKG|tdc_tsw
16:47:43.28 (1277545716)|ENTERING_MANAGED_PKG|tdc_tsw
16:47:43.28 (1277708491)|ENTERING_MANAGED_PKG|tdc_tsw
16:47:43.28 (1277740187)|ENTERING_MANAGED_PKG|tdc_tsw
16:47:43.28 (1277776755)|ENTERING_MANAGED_PKG|tdc_tsw
16:47:43.28 (1277810497)|ENTERING_MANAGED_PKG|tdc_tsw
16:47:43.28 (1277837962)|ENTERING_MANAGED_PKG|tdc_tsw
16:47:43.28 (1277925661)|ENTERING_MANAGED_PKG|tdc_tsw
16:47:43.28 (1278090905)|ENTERING_MANAGED_PKG|tdc_tsw
16:47:43.28 (1278123457)|ENTERING_MANAGED_PKG|tdc_tsw
16:47:43.28 (1278160224)|ENTERING_MANAGED_PKG|tdc_tsw
16:47:43.28 (1278194500)|ENTERING_MANAGED_PKG|tdc_tsw
16:47:43.28 (1278221684)|ENTERING_MANAGED_PKG|tdc_tsw
16:47:43.28 (1278300838)|ENTERING_MANAGED_PKG|tdc_tsw
16:47:43.28 (1278463725)|ENTERING_MANAGED_PKG|tdc_tsw
16:47:43.28 (1278495723)|ENTERING_MANAGED_PKG|tdc_tsw
16:47:43.28 (1278532764)|ENTERING_MANAGED_PKG|tdc_tsw
16:47:43.28 (1278567420)|ENTERING_MANAGED_PKG|tdc_tsw
16:47:43.28 (1278594614)|ENTERING_MANAGED_PKG|tdc_tsw
16:47:43.28 (1278673066)|ENTERING_MANAGED_PKG|tdc_tsw
16:47:43.28 (1278835916)|ENTERING_MANAGED_PKG|tdc_tsw
16:47:43.28 (1278874078)|ENTERING_MANAGED_PKG|tdc_tsw
16:47:43.28 (1278914207)|ENTERING_MANAGED_PKG|tdc_tsw
16:47:43.28 (1278948359)|ENTERING_MANAGED_PKG|tdc_tsw
16:47:43.28 (1278975662)|ENTERING_MANAGED_PKG|tdc_tsw
16:47:43.28 (1279054499)|ENTERING_MANAGED_PKG|tdc_tsw
16:47:43.28 (1279243158)|ENTERING_MANAGED_PKG|tdc_tsw
16:47:43.28 (1279295142)|ENTERING_MANAGED_PKG|tdc_tsw
16:47:43.28 (1279347074)|ENTERING_MANAGED_PKG|tdc_tsw
16:47:43.28 (1279403147)|ENTERING_MANAGED_PKG|tdc_tsw
16:47:43.28 (1279469783)|ENTERING_MANAGED_PKG|tdc_tsw
16:47:43.28 (1279557866)|ENTERING_MANAGED_PKG|tdc_tsw
16:47:43.28 (1279731079)|ENTERING_MANAGED_PKG|tdc_tsw
16:47:43.28 (1279763584)|ENTERING_MANAGED_PKG|tdc_tsw
16:47:43.28 (1279800517)|ENTERING_MANAGED_PKG|tdc_tsw
16:47:43.28 (1279834647)|ENTERING_MANAGED_PKG|tdc_tsw
16:47:43.28 (1279861790)|ENTERING_MANAGED_PKG|tdc_tsw
16:47:43.28 (1279951810)|ENTERING_MANAGED_PKG|tdc_tsw
16:47:43.28 (1280116586)|ENTERING_MANAGED_PKG|tdc_tsw
16:47:43.28 (1280149496)|ENTERING_MANAGED_PKG|tdc_tsw
16:47:43.28 (1280186294)|ENTERING_MANAGED_PKG|tdc_tsw
16:47:43.28 (1280220335)|ENTERING_MANAGED_PKG|tdc_tsw
16:47:43.28 (1280247466)|ENTERING_MANAGED_PKG|tdc_tsw
16:47:43.28 (1280326155)|ENTERING_MANAGED_PKG|tdc_tsw
16:47:43.28 (1280489527)|ENTERING_MANAGED_PKG|tdc_tsw
16:47:43.28 (1280521896)|ENTERING_MANAGED_PKG|tdc_tsw
16:47:43.28 (1280562019)|ENTERING_MANAGED_PKG|tdc_tsw
16:47:43.28 (1280599559)|ENTERING_MANAGED_PKG|tdc_tsw
16:47:43.28 (1280627753)|ENTERING_MANAGED_PKG|tdc_tsw
16:47:43.28 (1280708016)|ENTERING_MANAGED_PKG|tdc_tsw
16:47:43.28 (1280905385)|ENTERING_MANAGED_PKG|tdc_tsw
16:47:43.28 (1280938767)|ENTERING_MANAGED_PKG|tdc_tsw
16:47:43.28 (1280975780)|ENTERING_MANAGED_PKG|tdc_tsw
16:47:43.28 (1281010466)|ENTERING_MANAGED_PKG|tdc_tsw
16:47:43.28 (1281046565)|ENTERING_MANAGED_PKG|tdc_tsw
16:47:43.28 (1281158496)|ENTERING_MANAGED_PKG|tdc_tsw
16:47:43.28 (1281359155)|ENTERING_MANAGED_PKG|tdc_tsw
16:47:43.28 (1281394092)|ENTERING_MANAGED_PKG|tdc_tsw
16:47:43.28 (1281431426)|ENTERING_MANAGED_PKG|tdc_tsw
16:47:43.28 (1281467604)|ENTERING_MANAGED_PKG|tdc_tsw
16:47:43.28 (1281495367)|ENTERING_MANAGED_PKG|tdc_tsw
16:47:43.28 (1281577463)|ENTERING_MANAGED_PKG|tdc_tsw
16:47:43.28 (1281753851)|ENTERING_MANAGED_PKG|tdc_tsw
16:47:43.28 (1281786153)|ENTERING_MANAGED_PKG|tdc_tsw
16:47:43.28 (1281823113)|ENTERING_MANAGED_PKG|tdc_tsw
16:47:43.28 (1281857153)|ENTERING_MANAGED_PKG|tdc_tsw
16:47:43.28 (1281894546)|ENTERING_MANAGED_PKG|tdc_tsw
16:47:43.28 (1281978082)|ENTERING_MANAGED_PKG|tdc_tsw
16:47:43.28 (1282142825)|ENTERING_MANAGED_PKG|tdc_tsw
16:47:43.28 (1282176156)|ENTERING_MANAGED_PKG|tdc_tsw
16:47:43.28 (1282212806)|ENTERING_MANAGED_PKG|tdc_tsw
16:47:43.28 (1282246595)|ENTERING_MANAGED_PKG|tdc_tsw
16:47:43.28 (1282273939)|ENTERING_MANAGED_PKG|tdc_tsw
16:47:43.28 (1282363767)|ENTERING_MANAGED_PKG|tdc_tsw
16:47:43.28 (1282532402)|ENTERING_MANAGED_PKG|tdc_tsw
16:47:43.28 (1282564386)|ENTERING_MANAGED_PKG|tdc_tsw
16:47:43.28 (1282613834)|ENTERING_MANAGED_PKG|tdc_tsw
16:47:43.28 (1282663104)|ENTERING_MANAGED_PKG|tdc_tsw
16:47:43.28 (1282693849)|ENTERING_MANAGED_PKG|tdc_tsw
16:47:43.28 (1282773223)|ENTERING_MANAGED_PKG|tdc_tsw
16:47:43.28 (1282949936)|ENTERING_MANAGED_PKG|tdc_tsw
16:47:43.28 (1282982250)|ENTERING_MANAGED_PKG|tdc_tsw
16:47:43.28 (1283018742)|ENTERING_MANAGED_PKG|tdc_tsw
16:47:43.28 (1283053236)|ENTERING_MANAGED_PKG|tdc_tsw
16:47:43.28 (1283080566)|ENTERING_MANAGED_PKG|tdc_tsw
16:47:43.28 (1283160072)|ENTERING_MANAGED_PKG|tdc_tsw
16:47:43.28 (1283324491)|ENTERING_MANAGED_PKG|tdc_tsw
16:47:43.28 (1283356366)|ENTERING_MANAGED_PKG|tdc_tsw
16:47:43.28 (1283393152)|ENTERING_MANAGED_PKG|tdc_tsw
16:47:43.28 (1283427397)|ENTERING_MANAGED_PKG|tdc_tsw
16:47:43.28 (1283454800)|ENTERING_MANAGED_PKG|tdc_tsw
16:47:43.28 (1283574752)|ENTERING_MANAGED_PKG|tdc_tsw
16:47:43.28 (1283745256)|ENTERING_MANAGED_PKG|tdc_tsw
16:47:43.28 (1283777570)|ENTERING_MANAGED_PKG|tdc_tsw
16:47:43.28 (1283814905)|ENTERING_MANAGED_PKG|tdc_tsw
16:47:43.28 (1283848972)|ENTERING_MANAGED_PKG|tdc_tsw
16:47:43.28 (1283883533)|ENTERING_MANAGED_PKG|tdc_tsw
16:47:43.28 (1284013605)|ENTERING_MANAGED_PKG|tdc_tsw
16:47:43.28 (1284232766)|ENTERING_MANAGED_PKG|tdc_tsw
16:47:43.28 (1284266912)|ENTERING_MANAGED_PKG|tdc_tsw
16:47:43.28 (1284304541)|ENTERING_MANAGED_PKG|tdc_tsw
16:47:43.28 (1284338703)|ENTERING_MANAGED_PKG|tdc_tsw
16:47:43.28 (1284365992)|ENTERING_MANAGED_PKG|tdc_tsw
16:47:43.28 (1284445339)|ENTERING_MANAGED_PKG|tdc_tsw
16:47:43.28 (1284610256)|ENTERING_MANAGED_PKG|tdc_tsw
16:47:43.28 (1284642782)|ENTERING_MANAGED_PKG|tdc_tsw
16:47:43.28 (1284679350)|ENTERING_MANAGED_PKG|tdc_tsw
16:47:43.28 (1284713223)|ENTERING_MANAGED_PKG|tdc_tsw
16:47:43.28 (1284740191)|ENTERING_MANAGED_PKG|tdc_tsw
16:47:43.28 (1284844833)|ENTERING_MANAGED_PKG|tdc_tsw
16:47:43.28 (1285021482)|ENTERING_MANAGED_PKG|tdc_tsw
16:47:43.28 (1285054593)|ENTERING_MANAGED_PKG|tdc_tsw
16:47:43.28 (1285092036)|ENTERING_MANAGED_PKG|tdc_tsw
16:47:43.28 (1285126309)|ENTERING_MANAGED_PKG|tdc_tsw
16:47:43.28 (1285153863)|ENTERING_MANAGED_PKG|tdc_tsw
16:47:43.28 (1285233493)|ENTERING_MANAGED_PKG|tdc_tsw
16:47:43.28 (1285397162)|ENTERING_MANAGED_PKG|tdc_tsw
16:47:43.28 (1285429065)|ENTERING_MANAGED_PKG|tdc_tsw
16:47:43.28 (1285465583)|ENTERING_MANAGED_PKG|tdc_tsw
16:47:43.28 (1285499746)|ENTERING_MANAGED_PKG|tdc_tsw
16:47:43.28 (1285527154)|ENTERING_MANAGED_PKG|tdc_tsw
16:47:43.28 (1285607014)|ENTERING_MANAGED_PKG|tdc_tsw
16:47:43.28 (1285770633)|ENTERING_MANAGED_PKG|tdc_tsw
16:47:43.28 (1285802830)|ENTERING_MANAGED_PKG|tdc_tsw
16:47:43.28 (1285839617)|ENTERING_MANAGED_PKG|tdc_tsw
16:47:43.28 (1285884849)|ENTERING_MANAGED_PKG|tdc_tsw
16:47:43.28 (1285914634)|ENTERING_MANAGED_PKG|tdc_tsw
16:47:43.28 (1285993951)|ENTERING_MANAGED_PKG|tdc_tsw
16:47:43.28 (1286157494)|ENTERING_MANAGED_PKG|tdc_tsw
16:47:43.28 (1286190186)|ENTERING_MANAGED_PKG|tdc_tsw
16:47:43.28 (1286226887)|ENTERING_MANAGED_PKG|tdc_tsw
16:47:43.28 (1286260918)|ENTERING_MANAGED_PKG|tdc_tsw
16:47:43.28 (1286287767)|ENTERING_MANAGED_PKG|tdc_tsw
16:47:43.28 (1286366593)|ENTERING_MANAGED_PKG|tdc_tsw
16:47:43.28 (1286529513)|ENTERING_MANAGED_PKG|tdc_tsw
16:47:43.28 (1286561434)|ENTERING_MANAGED_PKG|tdc_tsw
16:47:43.28 (1286597828)|ENTERING_MANAGED_PKG|tdc_tsw
16:47:43.28 (1286631627)|ENTERING_MANAGED_PKG|tdc_tsw
16:47:43.28 (1286658668)|ENTERING_MANAGED_PKG|tdc_tsw
16:47:43.28 (1286737645)|ENTERING_MANAGED_PKG|tdc_tsw
16:47:43.28 (1286906359)|ENTERING_MANAGED_PKG|tdc_tsw
16:47:43.28 (1286938409)|ENTERING_MANAGED_PKG|tdc_tsw
16:47:43.28 (1286975064)|ENTERING_MANAGED_PKG|tdc_tsw
16:47:43.28 (1287009628)|ENTERING_MANAGED_PKG|tdc_tsw
16:47:43.28 (1287037695)|ENTERING_MANAGED_PKG|tdc_tsw
16:47:43.28 (1287117128)|ENTERING_MANAGED_PKG|tdc_tsw
16:47:43.28 (1291390289)|ENTERING_MANAGED_PKG|tdc_tsw
16:47:43.28 (1291472953)|ENTERING_MANAGED_PKG|tdc_tsw
16:47:43.28 (1291564186)|ENTERING_MANAGED_PKG|tdc_tsw
16:47:43.28 (1291625186)|ENTERING_MANAGED_PKG|tdc_tsw
16:47:43.28 (1291744509)|ENTERING_MANAGED_PKG|tdc_tsw
16:47:43.28 (1291794488)|ENTERING_MANAGED_PKG|tdc_tsw
16:47:43.28 (1291951531)|ENTERING_MANAGED_PKG|tdc_tsw
16:47:43.28 (1292001461)|ENTERING_MANAGED_PKG|tdc_tsw
16:47:43.28 (1292185479)|ENTERING_MANAGED_PKG|tdc_tsw
16:47:43.28 (1333056770)|SOQL_EXECUTE_BEGIN|[1842]|Aggregations:0|SELECT Id, name FROM RecordType WHERE (sObjectType = :tmpVar1 AND name = :tmpVar2) LIMIT 1
16:47:43.28 (1341789808)|SOQL_EXECUTE_END|[1842]|Rows:1
16:47:43.28 (1344864342)|ENTERING_MANAGED_PKG|tdc_tsw
16:47:43.28 (1350077005)|DML_BEGIN|[719]|Op:Insert|Type:tdc_tsw__Message__c|Rows:1
16:47:43.28 (1356238599)|ENTERING_MANAGED_PKG|tdc_tsw
16:47:43.357 (1357580064)|CUMULATIVE_LIMIT_USAGE
16:47:43.357 (1357580064)|LIMIT_USAGE_FOR_NS|(default)|
  Number of SOQL queries: 0 out of 200
  Number of query rows: 0 out of 50000
  Number of SOSL queries: 0 out of 20
  Number of DML statements: 0 out of 150
  Number of DML rows: 0 out of 10000
  Maximum CPU time: 711 out of 60000
  Maximum heap size: 0 out of 12000000
  Number of callouts: 0 out of 100
  Number of Email Invocations: 0 out of 10
  Number of future calls: 0 out of 50
  Number of queueable jobs added to the queue: 0 out of 1
  Number of Mobile Apex push calls: 0 out of 10

16:47:43.357 (1357580064)|LIMIT_USAGE_FOR_NS|tdc_tsw|
  Number of SOQL queries: 1 out of 200
  Number of query rows: 1 out of 50000
  Number of SOSL queries: 0 out of 20
  Number of DML statements: 1 out of 150
  Number of DML rows: 1 out of 10000
  Maximum CPU time: 0 out of 60000
  Maximum heap size: 0 out of 12000000
  Number of callouts: 2 out of 100
  Number of Email Invocations: 0 out of 10
  Number of future calls: 0 out of 50
  Number of queueable jobs added to the queue: 0 out of 1
  Number of Mobile Apex push calls: 0 out of 10

16:47:43.357 (1357580064)|CUMULATIVE_LIMIT_USAGE_END

16:47:43.362 (1362073622)|CODE_UNIT_STARTED|[EXTERNAL]|01q3B000000BSJB|IncomingSMS on Message trigger event BeforeInsert|__sfdc_trigger/IncomingSMS
16:47:43.362 (1362128022)|HEAP_ALLOCATE|[EXTERNAL]|Bytes:8
16:47:43.362 (1362170956)|HEAP_ALLOCATE|[EXTERNAL]|Bytes:1
16:47:43.362 (1362186241)|HEAP_ALLOCATE|[EXTERNAL]|Bytes:4
16:47:43.362 (1362195359)|VARIABLE_SCOPE_BEGIN|[1]|this|IncomingSMS|true|false
16:47:43.362 (1362245933)|VARIABLE_ASSIGNMENT|[1]|this|{}|0x3a9b171a
16:47:43.362 (1362289007)|HEAP_ALLOCATE|[EXTERNAL]|Bytes:4
16:47:43.362 (1362298453)|VARIABLE_SCOPE_BEGIN|[1]|this|IncomingSMS|true|false
16:47:43.362 (1362315153)|VARIABLE_ASSIGNMENT|[1]|this|{}|0x3a9b171a
16:47:43.362 (1362329019)|STATEMENT_EXECUTE|[1]
16:47:43.362 (1362351536)|STATEMENT_EXECUTE|[2]
16:47:43.362 (1362544252)|HEAP_ALLOCATE|[3]|Bytes:5
16:47:43.362 (1362570922)|HEAP_ALLOCATE|[3]|Bytes:4
16:47:43.362 (1362586743)|VARIABLE_SCOPE_BEGIN|[3]|sms|tdc_tsw__Message__c|true|false
16:47:43.362 (1370014841)|VARIABLE_ASSIGNMENT|[3]|sms|{"tdc_tsw__ToNumber__c":"+13038816946","tdc_tsw__Sender_Number__c":"17065037067","tdc_tsw__Read__c":false,"tdc_tsw__Message_Segment__c":1,"tdc_tsw__Read_Status__c":"Unread","tdc_tsw__Task_Created__c":false,"Name":"Outgoing","tdc_tsw__Event_Created__c":false,"tdc_tsw__Message_Text_New__c":"Select which informa (87 more) ...","tdc_tsw__MessageId__c":"SM466638e0f0f647238d (14 more) ...","tdc_tsw__Is_Keyword_Based__c":false,"OwnerId":"0051H000009gxp8QAA","tdc_tsw__Related_Object_Id_URL__c":"_HL_ENCODED_https:// (82 more) ...","RecordTypeId":"0121H000001Ie7gQAC","tdc_tsw__Question__c":"a1K3B000001eOHjUAM","tdc_tsw__Delivered_SMS__c":"_IM1_/resource/tdc_t (27 more) ...","tdc_tsw__Important__c":false,"tdc_tsw__Delivered__c":false,"tdc_tsw__Related_Object__c":"Lead","IsDeleted":false,"tdc_tsw__Incoming_Status__c":"Not Read","tdc_tsw__isCaseCreated__c":false,"tdc_tsw__Lead__c":"00Q3B000005aQ27UAE","tdc_tsw__Related_Object_Id__c":"00Q3B000005aQ27UAE","tdc_tsw__isLeadCreated__c":false,"tdc_tsw__Template_Parse_Id__c":"00Q3B000005aQ27UAE","tdc_tsw__Delivery_Status__c":"Sent"}|0x524b562d
16:47:43.362 (1370051853)|STATEMENT_EXECUTE|[3]
16:47:43.362 (1370095519)|HEAP_ALLOCATE|[4]|Bytes:8
16:47:43.362 (1370132845)|STATEMENT_EXECUTE|[4]
16:47:43.362 (1370156963)|HEAP_ALLOCATE|[3]|Bytes:5
16:47:43.362 (1370183865)|VARIABLE_ASSIGNMENT|[3]|sms|null|
16:47:43.370 (1370199986)|CUMULATIVE_LIMIT_USAGE
16:47:43.370 (1370199986)|LIMIT_USAGE_FOR_NS|(default)|
  Number of SOQL queries: 0 out of 200
  Number of query rows: 0 out of 50000
  Number of SOSL queries: 0 out of 20
  Number of DML statements: 0 out of 150
  Number of DML rows: 0 out of 10000
  Maximum CPU time: 711 out of 60000
  Maximum heap size: 0 out of 12000000
  Number of callouts: 0 out of 100
  Number of Email Invocations: 0 out of 10
  Number of future calls: 0 out of 50
  Number of queueable jobs added to the queue: 0 out of 1
  Number of Mobile Apex push calls: 0 out of 10

16:47:43.370 (1370199986)|LIMIT_USAGE_FOR_NS|tdc_tsw|
  Number of SOQL queries: 1 out of 200
  Number of query rows: 1 out of 50000
  Number of SOSL queries: 0 out of 20
  Number of DML statements: 1 out of 150
  Number of DML rows: 1 out of 10000
  Maximum CPU time: 0 out of 60000
  Maximum heap size: 0 out of 12000000
  Number of callouts: 2 out of 100
  Number of Email Invocations: 0 out of 10
  Number of future calls: 0 out of 50
  Number of queueable jobs added to the queue: 0 out of 1
  Number of Mobile Apex push calls: 0 out of 10

16:47:43.370 (1370199986)|CUMULATIVE_LIMIT_USAGE_END

16:47:43.28 (1489116232)|ENTERING_MANAGED_PKG|tdc_tsw
16:47:43.28 (1489700249)|ENTERING_MANAGED_PKG|tdc_tsw
16:47:43.28 (1490366184)|ENTERING_MANAGED_PKG|tdc_tsw
16:47:43.28 (1490588255)|ENTERING_MANAGED_PKG|tdc_tsw
16:47:43.28 (1499204908)|SOQL_EXECUTE_BEGIN|[15]|Aggregations:0|SELECT Id, Email FROM User WHERE isActive = TRUE LIMIT 10000
16:47:43.28 (1508519224)|SOQL_EXECUTE_END|[15]|Rows:9
16:47:43.28 (1511934905)|ENTERING_MANAGED_PKG|tdc_tsw
16:47:43.28 (1516875434)|SOQL_EXECUTE_BEGIN|[434]|Aggregations:0|SELECT id, name, First_Question__c, Question_Text__c, Question__c, Question_Label__c, Object__c, tdc_tsw__Survey__c, Survey__r.name FROM Question__c WHERE id = :tmpVar1
16:47:43.28 (1525831987)|SOQL_EXECUTE_END|[434]|Rows:1
16:47:43.28 (1528552201)|ENTERING_MANAGED_PKG|tdc_tsw
16:47:43.28 (1536983304)|ENTERING_MANAGED_PKG|tdc_tsw
16:47:43.28 (1538022995)|ENTERING_MANAGED_PKG|tdc_tsw
16:47:43.28 (1538117004)|ENTERING_MANAGED_PKG|tdc_tsw
16:47:43.28 (1539903979)|DML_BEGIN|[467]|Op:Insert|Type:tdc_tsw__Survey_Response__c|Rows:1
16:47:43.28 (1565576624)|DML_END|[467]
16:47:43.28 (1566358231)|DML_BEGIN|[487]|Op:Update|Type:tdc_tsw__Message__c|Rows:1
16:47:43.28 (1591421475)|DML_END|[487]
16:47:43.28 (1591714675)|ENTERING_MANAGED_PKG|tdc_tsw
16:47:43.28 (1592880793)|SOQL_EXECUTE_BEGIN|[628]|Aggregations:0|Select id, leadId, contactId from CampaignMember where Id In : Ids
16:47:43.28 (1595374559)|SOQL_EXECUTE_END|[628]|Rows:0
16:47:43.595 (1595991566)|CUMULATIVE_LIMIT_USAGE
16:47:43.595 (1595991566)|LIMIT_USAGE_FOR_NS|(default)|
  Number of SOQL queries: 0 out of 200
  Number of query rows: 0 out of 50000
  Number of SOSL queries: 0 out of 20
  Number of DML statements: 0 out of 150
  Number of DML rows: 0 out of 10000
  Maximum CPU time: 869 out of 60000
  Maximum heap size: 0 out of 12000000
  Number of callouts: 0 out of 100
  Number of Email Invocations: 0 out of 10
  Number of future calls: 0 out of 50
  Number of queueable jobs added to the queue: 0 out of 1
  Number of Mobile Apex push calls: 0 out of 10

16:47:43.595 (1595991566)|LIMIT_USAGE_FOR_NS|tdc_tsw|
  Number of SOQL queries: 4 out of 200
  Number of query rows: 11 out of 50000
  Number of SOSL queries: 0 out of 20
  Number of DML statements: 3 out of 150
  Number of DML rows: 3 out of 10000
  Maximum CPU time: 0 out of 60000
  Maximum heap size: 0 out of 12000000
  Number of callouts: 2 out of 100
  Number of Email Invocations: 0 out of 10
  Number of future calls: 0 out of 50
  Number of queueable jobs added to the queue: 0 out of 1
  Number of Mobile Apex push calls: 0 out of 10

16:47:43.595 (1595991566)|CUMULATIVE_LIMIT_USAGE_END

16:47:43.28 (1628045817)|DML_END|[719]
16:47:43.28 (1628210128)|ENTERING_MANAGED_PKG|tdc_tsw
16:47:43.28 (1631062101)|DML_BEGIN|[1467]|Op:Update|Type:tdc_tsw__OrgSMSConfig__c|Rows:1
16:47:43.28 (1655797314)|DML_END|[1467]
