44.0 APEX_CODE,FINEST;APEX_PROFILING,INFO;CALLOUT,INFO;DB,INFO;NBA,INFO;SYSTEM,DEBUG;VALIDATION,INFO;VISUALFORCE,INFO;WAVE,INFO;WORKFLOW,INFO
20:39:47.0 (112367)|USER_INFO|[EXTERNAL]|0051H000009gxp8|chanida.dev2@solvedbysoftwareco.com|Eastern Standard Time|GMT-05:00
20:39:47.0 (2107807)|ENTERING_MANAGED_PKG|tdc_tsw
20:39:47.0 (2580989)|ENTERING_MANAGED_PKG|tdc_tsw
20:39:47.0 (6206235)|SOQL_EXECUTE_BEGIN|[16]|Aggregations:0|SELECT id, name, Disable_Incoming_SMS_Sharing__c FROM User WHERE id = :tmpVar1
20:39:47.0 (14710282)|SOQL_EXECUTE_END|[16]|Rows:1
20:39:47.0 (19943076)|SOQL_EXECUTE_BEGIN|[37]|Aggregations:0|SELECT CreatedDate,Created_Date__c,Id,LastModifiedDate,MessageId__c,Message_Text_New__c,Name,OwnerId,Read__c,Related_Object_Id__c,Related_Object__c,Sender_Number__c, Sender_Name__c,ToNumber__c,Attachments_Ids__c FROM Message__c WHERE Name = 'Incoming' AND Read__c = false ORDER BY CreatedDate Desc limit 100
20:39:47.0 (30691294)|SOQL_EXECUTE_END|[37]|Rows:16
20:39:47.0 (34644073)|ENTERING_MANAGED_PKG|tdc_tsw
20:39:47.0 (36289350)|ENTERING_MANAGED_PKG|tdc_tsw
20:39:47.0 (36729363)|ENTERING_MANAGED_PKG|tdc_tsw
20:39:47.0 (37426721)|ENTERING_MANAGED_PKG|tdc_tsw
20:39:47.0 (40143836)|ENTERING_MANAGED_PKG|tdc_tsw
20:39:47.0 (40986800)|ENTERING_MANAGED_PKG|tdc_tsw
20:39:47.0 (41258222)|ENTERING_MANAGED_PKG|tdc_tsw
20:39:47.0 (41691194)|ENTERING_MANAGED_PKG|tdc_tsw
20:39:47.0 (42826317)|ENTERING_MANAGED_PKG|tdc_tsw
20:39:47.0 (43616144)|ENTERING_MANAGED_PKG|tdc_tsw
20:39:47.0 (43859253)|ENTERING_MANAGED_PKG|tdc_tsw
20:39:47.0 (44274195)|ENTERING_MANAGED_PKG|tdc_tsw
20:39:47.0 (45504518)|ENTERING_MANAGED_PKG|tdc_tsw
20:39:47.0 (46158100)|ENTERING_MANAGED_PKG|tdc_tsw
20:39:47.0 (46229077)|ENTERING_MANAGED_PKG|tdc_tsw
20:39:47.0 (46748395)|SOQL_EXECUTE_BEGIN|[200]|Aggregations:0|SELECT Name, NamespacePrefix, SystemModStamp FROM StaticResource WHERE Name LIKE :tmpVar1 LIMIT 10
20:39:47.0 (49308707)|SOQL_EXECUTE_END|[200]|Rows:1
20:39:47.0 (50010236)|ENTERING_MANAGED_PKG|tdc_tsw
20:39:47.0 (50375827)|SOQL_EXECUTE_BEGIN|[200]|Aggregations:0|SELECT Name, NamespacePrefix, SystemModStamp FROM StaticResource WHERE Name LIKE :tmpVar1 LIMIT 10
20:39:47.0 (52847965)|SOQL_EXECUTE_END|[200]|Rows:1
20:39:47.0 (53240831)|ENTERING_MANAGED_PKG|tdc_tsw
20:39:47.0 (56406363)|ENTERING_MANAGED_PKG|tdc_tsw
20:39:47.0 (57956298)|ENTERING_MANAGED_PKG|tdc_tsw
20:39:47.0 (58253493)|ENTERING_MANAGED_PKG|tdc_tsw
20:39:47.0 (59067385)|ENTERING_MANAGED_PKG|tdc_tsw
20:39:47.0 (59425939)|SOQL_EXECUTE_BEGIN|[200]|Aggregations:0|SELECT Name, NamespacePrefix, SystemModStamp FROM StaticResource WHERE Name LIKE :tmpVar1 LIMIT 10
20:39:47.0 (61564993)|SOQL_EXECUTE_END|[200]|Rows:1
20:39:47.75 (75733278)|USER_INFO|[EXTERNAL]|0051H000009gxp8|chanida.dev2@solvedbysoftwareco.com|Eastern Standard Time|GMT-05:00
20:39:47.75 (77037513)|ENTERING_MANAGED_PKG|tdc_tsw
20:39:47.75 (77196099)|ENTERING_MANAGED_PKG|tdc_tsw
20:39:47.75 (79476269)|SOQL_EXECUTE_BEGIN|[355]|Aggregations:0|SELECT id, name, Disable_Incoming_SMS_Sharing__c FROM User WHERE id = :tmpVar1
20:39:47.75 (85273779)|SOQL_EXECUTE_END|[355]|Rows:1
20:39:47.75 (86236206)|SOQL_EXECUTE_BEGIN|[367]|Aggregations:0|SELECT CreatedDate,Id,LastModifiedDate,Related_Object_Id__c FROM Message__c WHERE Name = 'Incoming' AND Read__c = false ORDER BY CreatedDate Desc limit 100
20:39:47.75 (91792613)|SOQL_EXECUTE_END|[367]|Rows:16
