44.0 APEX_CODE,FINEST;APEX_PROFILING,INFO;CALLOUT,INFO;DB,INFO;NBA,INFO;SYSTEM,DEBUG;VALIDATION,INFO;VISUALFORCE,INFO;WAVE,INFO;WORKFLOW,INFO
18:30:08.0 (606280)|USER_INFO|[EXTERNAL]|0051H000009gxp8|chanida.dev2@solvedbysoftwareco.com|Eastern Standard Time|GMT-05:00
18:30:08.0 (3381194)|ENTERING_MANAGED_PKG|tdc_tsw
18:30:08.0 (4110186)|ENTERING_MANAGED_PKG|tdc_tsw
18:30:08.0 (10419410)|SOQL_EXECUTE_BEGIN|[16]|Aggregations:0|SELECT id, name, Disable_Incoming_SMS_Sharing__c FROM User WHERE id = :tmpVar1
18:30:08.0 (19988518)|SOQL_EXECUTE_END|[16]|Rows:1
18:30:08.0 (29980144)|SOQL_EXECUTE_BEGIN|[37]|Aggregations:0|SELECT CreatedDate,Created_Date__c,Id,LastModifiedDate,MessageId__c,Message_Text_New__c,Name,OwnerId,Read__c,Related_Object_Id__c,Related_Object__c,Sender_Number__c, Sender_Name__c,ToNumber__c,Attachments_Ids__c FROM Message__c WHERE Name = 'Incoming' AND Read__c = false ORDER BY CreatedDate Desc limit 100
18:30:08.0 (62538719)|SOQL_EXECUTE_END|[37]|Rows:75
18:30:08.0 (78631550)|ENTERING_MANAGED_PKG|tdc_tsw
18:30:08.0 (80911922)|ENTERING_MANAGED_PKG|tdc_tsw
18:30:08.0 (81519117)|ENTERING_MANAGED_PKG|tdc_tsw
18:30:08.0 (82339932)|ENTERING_MANAGED_PKG|tdc_tsw
18:30:08.0 (85705785)|ENTERING_MANAGED_PKG|tdc_tsw
18:30:08.0 (86602236)|ENTERING_MANAGED_PKG|tdc_tsw
18:30:08.0 (86828527)|ENTERING_MANAGED_PKG|tdc_tsw
18:30:08.0 (87251368)|ENTERING_MANAGED_PKG|tdc_tsw
18:30:08.0 (88411336)|ENTERING_MANAGED_PKG|tdc_tsw
18:30:08.0 (89257795)|ENTERING_MANAGED_PKG|tdc_tsw
18:30:08.0 (89507835)|ENTERING_MANAGED_PKG|tdc_tsw
18:30:08.0 (89918089)|ENTERING_MANAGED_PKG|tdc_tsw
18:30:08.0 (91042830)|ENTERING_MANAGED_PKG|tdc_tsw
18:30:08.0 (91822316)|ENTERING_MANAGED_PKG|tdc_tsw
18:30:08.0 (92029818)|ENTERING_MANAGED_PKG|tdc_tsw
18:30:08.0 (92431483)|ENTERING_MANAGED_PKG|tdc_tsw
18:30:08.0 (93554148)|ENTERING_MANAGED_PKG|tdc_tsw
18:30:08.0 (94347101)|ENTERING_MANAGED_PKG|tdc_tsw
18:30:08.0 (94563848)|ENTERING_MANAGED_PKG|tdc_tsw
18:30:08.0 (94969005)|ENTERING_MANAGED_PKG|tdc_tsw
18:30:08.0 (96086977)|ENTERING_MANAGED_PKG|tdc_tsw
18:30:08.0 (96918755)|ENTERING_MANAGED_PKG|tdc_tsw
18:30:08.0 (97155739)|ENTERING_MANAGED_PKG|tdc_tsw
18:30:08.0 (97863041)|ENTERING_MANAGED_PKG|tdc_tsw
18:30:08.0 (99130694)|ENTERING_MANAGED_PKG|tdc_tsw
18:30:08.0 (99924979)|ENTERING_MANAGED_PKG|tdc_tsw
18:30:08.0 (100161596)|ENTERING_MANAGED_PKG|tdc_tsw
18:30:08.0 (100678589)|ENTERING_MANAGED_PKG|tdc_tsw
18:30:08.0 (103006229)|ENTERING_MANAGED_PKG|tdc_tsw
18:30:08.0 (103828570)|ENTERING_MANAGED_PKG|tdc_tsw
18:30:08.0 (103910724)|ENTERING_MANAGED_PKG|tdc_tsw
18:30:08.0 (104580129)|SOQL_EXECUTE_BEGIN|[200]|Aggregations:0|SELECT Name, NamespacePrefix, SystemModStamp FROM StaticResource WHERE Name LIKE :tmpVar1 LIMIT 10
18:30:08.0 (108107925)|SOQL_EXECUTE_END|[200]|Rows:1
18:30:08.0 (109034903)|ENTERING_MANAGED_PKG|tdc_tsw
18:30:08.0 (109469802)|SOQL_EXECUTE_BEGIN|[200]|Aggregations:0|SELECT Name, NamespacePrefix, SystemModStamp FROM StaticResource WHERE Name LIKE :tmpVar1 LIMIT 10
18:30:08.0 (112182535)|SOQL_EXECUTE_END|[200]|Rows:1
18:30:08.0 (112627845)|ENTERING_MANAGED_PKG|tdc_tsw
18:30:08.0 (116895806)|ENTERING_MANAGED_PKG|tdc_tsw
18:30:08.0 (118460456)|ENTERING_MANAGED_PKG|tdc_tsw
18:30:08.0 (118776796)|ENTERING_MANAGED_PKG|tdc_tsw
18:30:08.0 (119861118)|ENTERING_MANAGED_PKG|tdc_tsw
18:30:08.0 (120354137)|SOQL_EXECUTE_BEGIN|[200]|Aggregations:0|SELECT Name, NamespacePrefix, SystemModStamp FROM StaticResource WHERE Name LIKE :tmpVar1 LIMIT 10
18:30:08.0 (123545409)|SOQL_EXECUTE_END|[200]|Rows:1
18:30:08.129 (129239507)|USER_INFO|[EXTERNAL]|0051H000009gxp8|chanida.dev2@solvedbysoftwareco.com|Eastern Standard Time|GMT-05:00
18:30:08.129 (130570134)|ENTERING_MANAGED_PKG|tdc_tsw
18:30:08.129 (130795083)|ENTERING_MANAGED_PKG|tdc_tsw
18:30:08.129 (134057446)|SOQL_EXECUTE_BEGIN|[355]|Aggregations:0|SELECT id, name, Disable_Incoming_SMS_Sharing__c FROM User WHERE id = :tmpVar1
18:30:08.129 (142572132)|SOQL_EXECUTE_END|[355]|Rows:1
18:30:08.129 (143877564)|SOQL_EXECUTE_BEGIN|[367]|Aggregations:0|SELECT CreatedDate,Id,LastModifiedDate,Related_Object_Id__c FROM Message__c WHERE Name = 'Incoming' AND Read__c = false ORDER BY CreatedDate Desc limit 100
18:30:08.129 (152876564)|SOQL_EXECUTE_END|[367]|Rows:75
