44.0 APEX_CODE,FINEST;APEX_PROFILING,INFO;CALLOUT,INFO;DB,INFO;NBA,INFO;SYSTEM,DEBUG;VALIDATION,INFO;VISUALFORCE,INFO;WAVE,INFO;WORKFLOW,INFO
13:50:02.0 (141959)|USER_INFO|[EXTERNAL]|0051H000009gxp8|chanida.dev2@solvedbysoftwareco.com|Eastern Standard Time|GMT-05:00
13:50:02.0 (2361245)|ENTERING_MANAGED_PKG|tdc_tsw
13:50:02.0 (2803511)|ENTERING_MANAGED_PKG|tdc_tsw
13:50:02.0 (6394678)|SOQL_EXECUTE_BEGIN|[16]|Aggregations:0|SELECT id, name, Disable_Incoming_SMS_Sharing__c FROM User WHERE id = :tmpVar1
13:50:02.0 (13663046)|SOQL_EXECUTE_END|[16]|Rows:1
13:50:02.0 (25007713)|SOQL_EXECUTE_BEGIN|[37]|Aggregations:0|SELECT CreatedDate,Created_Date__c,Id,LastModifiedDate,MessageId__c,Message_Text_New__c,Name,OwnerId,Read__c,Related_Object_Id__c,Related_Object__c,Sender_Number__c, Sender_Name__c,ToNumber__c,Attachments_Ids__c FROM Message__c WHERE Name = 'Incoming' AND Read__c = false ORDER BY CreatedDate Desc limit 100
13:50:02.0 (54386574)|SOQL_EXECUTE_END|[37]|Rows:100
13:50:02.0 (87846892)|ENTERING_MANAGED_PKG|tdc_tsw
13:50:02.0 (90073699)|ENTERING_MANAGED_PKG|tdc_tsw
13:50:02.0 (90665550)|ENTERING_MANAGED_PKG|tdc_tsw
13:50:02.0 (91461049)|ENTERING_MANAGED_PKG|tdc_tsw
13:50:02.0 (94796368)|ENTERING_MANAGED_PKG|tdc_tsw
13:50:02.0 (95884013)|ENTERING_MANAGED_PKG|tdc_tsw
13:50:02.0 (96212023)|ENTERING_MANAGED_PKG|tdc_tsw
13:50:02.0 (96766467)|ENTERING_MANAGED_PKG|tdc_tsw
13:50:02.0 (98742627)|ENTERING_MANAGED_PKG|tdc_tsw
13:50:02.0 (100263679)|ENTERING_MANAGED_PKG|tdc_tsw
13:50:02.0 (100767317)|ENTERING_MANAGED_PKG|tdc_tsw
13:50:02.0 (101610149)|ENTERING_MANAGED_PKG|tdc_tsw
13:50:02.0 (103949755)|ENTERING_MANAGED_PKG|tdc_tsw
13:50:02.0 (105854398)|ENTERING_MANAGED_PKG|tdc_tsw
13:50:02.0 (106311029)|ENTERING_MANAGED_PKG|tdc_tsw
13:50:02.0 (107152877)|ENTERING_MANAGED_PKG|tdc_tsw
13:50:02.0 (109465190)|ENTERING_MANAGED_PKG|tdc_tsw
13:50:02.0 (110549107)|ENTERING_MANAGED_PKG|tdc_tsw
13:50:02.0 (110949083)|ENTERING_MANAGED_PKG|tdc_tsw
13:50:02.0 (111751077)|ENTERING_MANAGED_PKG|tdc_tsw
13:50:02.0 (113613673)|ENTERING_MANAGED_PKG|tdc_tsw
13:50:02.0 (114447737)|ENTERING_MANAGED_PKG|tdc_tsw
13:50:02.0 (114706773)|ENTERING_MANAGED_PKG|tdc_tsw
13:50:02.0 (115124198)|ENTERING_MANAGED_PKG|tdc_tsw
13:50:02.0 (116945621)|ENTERING_MANAGED_PKG|tdc_tsw
13:50:02.0 (118437647)|ENTERING_MANAGED_PKG|tdc_tsw
13:50:02.0 (118714576)|ENTERING_MANAGED_PKG|tdc_tsw
13:50:02.0 (119235199)|ENTERING_MANAGED_PKG|tdc_tsw
13:50:02.0 (121224472)|ENTERING_MANAGED_PKG|tdc_tsw
13:50:02.0 (122691407)|ENTERING_MANAGED_PKG|tdc_tsw
13:50:02.0 (123173469)|ENTERING_MANAGED_PKG|tdc_tsw
13:50:02.0 (123972464)|ENTERING_MANAGED_PKG|tdc_tsw
13:50:02.0 (126151672)|ENTERING_MANAGED_PKG|tdc_tsw
13:50:02.0 (127650492)|ENTERING_MANAGED_PKG|tdc_tsw
13:50:02.0 (128100063)|ENTERING_MANAGED_PKG|tdc_tsw
13:50:02.0 (128661914)|ENTERING_MANAGED_PKG|tdc_tsw
13:50:02.0 (130827824)|ENTERING_MANAGED_PKG|tdc_tsw
13:50:02.0 (132324653)|ENTERING_MANAGED_PKG|tdc_tsw
13:50:02.0 (132820247)|ENTERING_MANAGED_PKG|tdc_tsw
13:50:02.0 (133698667)|ENTERING_MANAGED_PKG|tdc_tsw
13:50:02.0 (136004021)|ENTERING_MANAGED_PKG|tdc_tsw
13:50:02.0 (137516478)|ENTERING_MANAGED_PKG|tdc_tsw
13:50:02.0 (137983297)|ENTERING_MANAGED_PKG|tdc_tsw
13:50:02.0 (138784592)|ENTERING_MANAGED_PKG|tdc_tsw
13:50:02.0 (141094751)|ENTERING_MANAGED_PKG|tdc_tsw
13:50:02.0 (142640806)|ENTERING_MANAGED_PKG|tdc_tsw
13:50:02.0 (143132465)|ENTERING_MANAGED_PKG|tdc_tsw
13:50:02.0 (143993362)|ENTERING_MANAGED_PKG|tdc_tsw
13:50:02.0 (146299510)|ENTERING_MANAGED_PKG|tdc_tsw
13:50:02.0 (147839130)|ENTERING_MANAGED_PKG|tdc_tsw
13:50:02.0 (148307742)|ENTERING_MANAGED_PKG|tdc_tsw
13:50:02.0 (149181700)|ENTERING_MANAGED_PKG|tdc_tsw
13:50:02.0 (150771352)|ENTERING_MANAGED_PKG|tdc_tsw
13:50:02.0 (151929201)|ENTERING_MANAGED_PKG|tdc_tsw
13:50:02.0 (152364242)|ENTERING_MANAGED_PKG|tdc_tsw
13:50:02.0 (153177192)|ENTERING_MANAGED_PKG|tdc_tsw
13:50:02.0 (155277860)|ENTERING_MANAGED_PKG|tdc_tsw
13:50:02.0 (156737563)|ENTERING_MANAGED_PKG|tdc_tsw
13:50:02.0 (157100854)|ENTERING_MANAGED_PKG|tdc_tsw
13:50:02.0 (157672781)|ENTERING_MANAGED_PKG|tdc_tsw
13:50:02.0 (159563884)|ENTERING_MANAGED_PKG|tdc_tsw
13:50:02.0 (161042056)|ENTERING_MANAGED_PKG|tdc_tsw
13:50:02.0 (161512725)|ENTERING_MANAGED_PKG|tdc_tsw
13:50:02.0 (162256380)|ENTERING_MANAGED_PKG|tdc_tsw
13:50:02.0 (164471911)|ENTERING_MANAGED_PKG|tdc_tsw
13:50:02.0 (165960369)|ENTERING_MANAGED_PKG|tdc_tsw
13:50:02.0 (166423486)|ENTERING_MANAGED_PKG|tdc_tsw
13:50:02.0 (167263950)|ENTERING_MANAGED_PKG|tdc_tsw
13:50:02.0 (168921582)|ENTERING_MANAGED_PKG|tdc_tsw
13:50:02.0 (169707608)|ENTERING_MANAGED_PKG|tdc_tsw
13:50:02.0 (169947291)|ENTERING_MANAGED_PKG|tdc_tsw
13:50:02.0 (170346242)|ENTERING_MANAGED_PKG|tdc_tsw
13:50:02.0 (171474469)|ENTERING_MANAGED_PKG|tdc_tsw
13:50:02.0 (172246937)|ENTERING_MANAGED_PKG|tdc_tsw
13:50:02.0 (172480212)|ENTERING_MANAGED_PKG|tdc_tsw
13:50:02.0 (172874691)|ENTERING_MANAGED_PKG|tdc_tsw
13:50:02.0 (174611488)|ENTERING_MANAGED_PKG|tdc_tsw
13:50:02.0 (175827482)|ENTERING_MANAGED_PKG|tdc_tsw
13:50:02.0 (176212732)|ENTERING_MANAGED_PKG|tdc_tsw
13:50:02.0 (176749525)|ENTERING_MANAGED_PKG|tdc_tsw
13:50:02.0 (177948058)|ENTERING_MANAGED_PKG|tdc_tsw
13:50:02.0 (178830053)|ENTERING_MANAGED_PKG|tdc_tsw
13:50:02.0 (179068948)|ENTERING_MANAGED_PKG|tdc_tsw
13:50:02.0 (179466065)|ENTERING_MANAGED_PKG|tdc_tsw
13:50:02.0 (180688020)|ENTERING_MANAGED_PKG|tdc_tsw
13:50:02.0 (181588381)|ENTERING_MANAGED_PKG|tdc_tsw
13:50:02.0 (181862642)|ENTERING_MANAGED_PKG|tdc_tsw
13:50:02.0 (182384424)|ENTERING_MANAGED_PKG|tdc_tsw
13:50:02.0 (184363586)|ENTERING_MANAGED_PKG|tdc_tsw
13:50:02.0 (185768169)|ENTERING_MANAGED_PKG|tdc_tsw
13:50:02.0 (186224088)|ENTERING_MANAGED_PKG|tdc_tsw
13:50:02.0 (187016132)|ENTERING_MANAGED_PKG|tdc_tsw
13:50:02.0 (189024837)|ENTERING_MANAGED_PKG|tdc_tsw
13:50:02.0 (190474026)|ENTERING_MANAGED_PKG|tdc_tsw
13:50:02.0 (190735323)|ENTERING_MANAGED_PKG|tdc_tsw
13:50:02.0 (191563931)|ENTERING_MANAGED_PKG|tdc_tsw
13:50:02.0 (202986067)|ENTERING_MANAGED_PKG|tdc_tsw
13:50:02.0 (204671221)|ENTERING_MANAGED_PKG|tdc_tsw
13:50:02.0 (205150535)|ENTERING_MANAGED_PKG|tdc_tsw
13:50:02.0 (205837220)|ENTERING_MANAGED_PKG|tdc_tsw
13:50:02.0 (207414578)|ENTERING_MANAGED_PKG|tdc_tsw
13:50:02.0 (208855221)|ENTERING_MANAGED_PKG|tdc_tsw
13:50:02.0 (209305269)|ENTERING_MANAGED_PKG|tdc_tsw
13:50:02.0 (210063351)|ENTERING_MANAGED_PKG|tdc_tsw
13:50:02.0 (212082278)|ENTERING_MANAGED_PKG|tdc_tsw
13:50:02.0 (213577553)|ENTERING_MANAGED_PKG|tdc_tsw
13:50:02.0 (214043386)|ENTERING_MANAGED_PKG|tdc_tsw
13:50:02.0 (214870448)|ENTERING_MANAGED_PKG|tdc_tsw
13:50:02.0 (216259419)|ENTERING_MANAGED_PKG|tdc_tsw
13:50:02.0 (217567343)|ENTERING_MANAGED_PKG|tdc_tsw
13:50:02.0 (218042705)|ENTERING_MANAGED_PKG|tdc_tsw
13:50:02.0 (218899458)|ENTERING_MANAGED_PKG|tdc_tsw
13:50:02.0 (221155644)|ENTERING_MANAGED_PKG|tdc_tsw
13:50:02.0 (222711572)|ENTERING_MANAGED_PKG|tdc_tsw
13:50:02.0 (223187740)|ENTERING_MANAGED_PKG|tdc_tsw
13:50:02.0 (224058071)|ENTERING_MANAGED_PKG|tdc_tsw
13:50:02.0 (226267095)|ENTERING_MANAGED_PKG|tdc_tsw
13:50:02.0 (227743494)|ENTERING_MANAGED_PKG|tdc_tsw
13:50:02.0 (228189880)|ENTERING_MANAGED_PKG|tdc_tsw
13:50:02.0 (229045467)|ENTERING_MANAGED_PKG|tdc_tsw
13:50:02.0 (231644592)|ENTERING_MANAGED_PKG|tdc_tsw
13:50:02.0 (233149529)|ENTERING_MANAGED_PKG|tdc_tsw
13:50:02.0 (233628619)|ENTERING_MANAGED_PKG|tdc_tsw
13:50:02.0 (234451880)|ENTERING_MANAGED_PKG|tdc_tsw
13:50:02.0 (236740431)|ENTERING_MANAGED_PKG|tdc_tsw
13:50:02.0 (238261024)|ENTERING_MANAGED_PKG|tdc_tsw
13:50:02.0 (238741482)|ENTERING_MANAGED_PKG|tdc_tsw
13:50:02.0 (239585264)|ENTERING_MANAGED_PKG|tdc_tsw
13:50:02.0 (241850929)|ENTERING_MANAGED_PKG|tdc_tsw
13:50:02.0 (243346594)|ENTERING_MANAGED_PKG|tdc_tsw
13:50:02.0 (243789969)|ENTERING_MANAGED_PKG|tdc_tsw
13:50:02.0 (244609882)|ENTERING_MANAGED_PKG|tdc_tsw
13:50:02.0 (246855266)|ENTERING_MANAGED_PKG|tdc_tsw
13:50:02.0 (247991409)|ENTERING_MANAGED_PKG|tdc_tsw
13:50:02.0 (248229968)|ENTERING_MANAGED_PKG|tdc_tsw
13:50:02.0 (248646082)|ENTERING_MANAGED_PKG|tdc_tsw
13:50:02.0 (249857691)|ENTERING_MANAGED_PKG|tdc_tsw
13:50:02.0 (250737979)|ENTERING_MANAGED_PKG|tdc_tsw
13:50:02.0 (251034043)|ENTERING_MANAGED_PKG|tdc_tsw
13:50:02.0 (251702395)|ENTERING_MANAGED_PKG|tdc_tsw
13:50:02.0 (253501031)|ENTERING_MANAGED_PKG|tdc_tsw
13:50:02.0 (254905426)|ENTERING_MANAGED_PKG|tdc_tsw
13:50:02.0 (255341218)|ENTERING_MANAGED_PKG|tdc_tsw
13:50:02.0 (256164268)|ENTERING_MANAGED_PKG|tdc_tsw
13:50:02.0 (258319389)|ENTERING_MANAGED_PKG|tdc_tsw
13:50:02.0 (259749312)|ENTERING_MANAGED_PKG|tdc_tsw
13:50:02.0 (260200191)|ENTERING_MANAGED_PKG|tdc_tsw
13:50:02.0 (260997959)|ENTERING_MANAGED_PKG|tdc_tsw
13:50:02.0 (262645918)|ENTERING_MANAGED_PKG|tdc_tsw
13:50:02.0 (264042869)|ENTERING_MANAGED_PKG|tdc_tsw
13:50:02.0 (264514786)|ENTERING_MANAGED_PKG|tdc_tsw
13:50:02.0 (265366621)|ENTERING_MANAGED_PKG|tdc_tsw
13:50:02.0 (267692820)|ENTERING_MANAGED_PKG|tdc_tsw
13:50:02.0 (268494282)|ENTERING_MANAGED_PKG|tdc_tsw
13:50:02.0 (268750336)|ENTERING_MANAGED_PKG|tdc_tsw
13:50:02.0 (269145244)|ENTERING_MANAGED_PKG|tdc_tsw
13:50:02.0 (270258631)|ENTERING_MANAGED_PKG|tdc_tsw
13:50:02.0 (271028120)|ENTERING_MANAGED_PKG|tdc_tsw
13:50:02.0 (271260736)|ENTERING_MANAGED_PKG|tdc_tsw
13:50:02.0 (271653558)|ENTERING_MANAGED_PKG|tdc_tsw
13:50:02.0 (272741197)|ENTERING_MANAGED_PKG|tdc_tsw
13:50:02.0 (273473900)|ENTERING_MANAGED_PKG|tdc_tsw
13:50:02.0 (273711929)|ENTERING_MANAGED_PKG|tdc_tsw
13:50:02.0 (274095575)|ENTERING_MANAGED_PKG|tdc_tsw
13:50:02.0 (275186704)|ENTERING_MANAGED_PKG|tdc_tsw
13:50:02.0 (275941397)|ENTERING_MANAGED_PKG|tdc_tsw
13:50:02.0 (276172546)|ENTERING_MANAGED_PKG|tdc_tsw
13:50:02.0 (276630853)|ENTERING_MANAGED_PKG|tdc_tsw
13:50:02.0 (277729954)|ENTERING_MANAGED_PKG|tdc_tsw
13:50:02.0 (278470588)|ENTERING_MANAGED_PKG|tdc_tsw
13:50:02.0 (278708859)|ENTERING_MANAGED_PKG|tdc_tsw
13:50:02.0 (279093195)|ENTERING_MANAGED_PKG|tdc_tsw
13:50:02.0 (280181424)|ENTERING_MANAGED_PKG|tdc_tsw
13:50:02.0 (280920688)|ENTERING_MANAGED_PKG|tdc_tsw
13:50:02.0 (281150526)|ENTERING_MANAGED_PKG|tdc_tsw
13:50:02.0 (281541993)|ENTERING_MANAGED_PKG|tdc_tsw
13:50:02.0 (282638818)|ENTERING_MANAGED_PKG|tdc_tsw
13:50:02.0 (283366221)|ENTERING_MANAGED_PKG|tdc_tsw
13:50:02.0 (283597114)|ENTERING_MANAGED_PKG|tdc_tsw
13:50:02.0 (283987624)|ENTERING_MANAGED_PKG|tdc_tsw
13:50:02.0 (285071378)|ENTERING_MANAGED_PKG|tdc_tsw
13:50:02.0 (285807676)|ENTERING_MANAGED_PKG|tdc_tsw
13:50:02.0 (286037509)|ENTERING_MANAGED_PKG|tdc_tsw
13:50:02.0 (286421333)|ENTERING_MANAGED_PKG|tdc_tsw
13:50:02.0 (287511146)|ENTERING_MANAGED_PKG|tdc_tsw
13:50:02.0 (288245248)|ENTERING_MANAGED_PKG|tdc_tsw
13:50:02.0 (288476328)|ENTERING_MANAGED_PKG|tdc_tsw
13:50:02.0 (288867956)|ENTERING_MANAGED_PKG|tdc_tsw
13:50:02.0 (289959379)|ENTERING_MANAGED_PKG|tdc_tsw
13:50:02.0 (290698475)|ENTERING_MANAGED_PKG|tdc_tsw
13:50:02.0 (290927966)|ENTERING_MANAGED_PKG|tdc_tsw
13:50:02.0 (291310395)|ENTERING_MANAGED_PKG|tdc_tsw
13:50:02.0 (292392370)|ENTERING_MANAGED_PKG|tdc_tsw
13:50:02.0 (293122269)|ENTERING_MANAGED_PKG|tdc_tsw
13:50:02.0 (293352158)|ENTERING_MANAGED_PKG|tdc_tsw
13:50:02.0 (293744022)|ENTERING_MANAGED_PKG|tdc_tsw
13:50:02.0 (294817196)|ENTERING_MANAGED_PKG|tdc_tsw
13:50:02.0 (295539339)|ENTERING_MANAGED_PKG|tdc_tsw
13:50:02.0 (295775613)|ENTERING_MANAGED_PKG|tdc_tsw
13:50:02.0 (296157000)|ENTERING_MANAGED_PKG|tdc_tsw
13:50:02.0 (297229454)|ENTERING_MANAGED_PKG|tdc_tsw
13:50:02.0 (297959347)|ENTERING_MANAGED_PKG|tdc_tsw
13:50:02.0 (298188556)|ENTERING_MANAGED_PKG|tdc_tsw
13:50:02.0 (298571593)|ENTERING_MANAGED_PKG|tdc_tsw
13:50:02.0 (299655478)|ENTERING_MANAGED_PKG|tdc_tsw
13:50:02.0 (300387955)|ENTERING_MANAGED_PKG|tdc_tsw
13:50:02.0 (300621994)|ENTERING_MANAGED_PKG|tdc_tsw
13:50:02.0 (301009107)|ENTERING_MANAGED_PKG|tdc_tsw
13:50:02.0 (302092715)|ENTERING_MANAGED_PKG|tdc_tsw
13:50:02.0 (302824403)|ENTERING_MANAGED_PKG|tdc_tsw
13:50:02.0 (303054002)|ENTERING_MANAGED_PKG|tdc_tsw
13:50:02.0 (303438550)|ENTERING_MANAGED_PKG|tdc_tsw
13:50:02.0 (304524928)|ENTERING_MANAGED_PKG|tdc_tsw
13:50:02.0 (305253796)|ENTERING_MANAGED_PKG|tdc_tsw
13:50:02.0 (305483370)|ENTERING_MANAGED_PKG|tdc_tsw
13:50:02.0 (305874084)|ENTERING_MANAGED_PKG|tdc_tsw
13:50:02.0 (306956128)|ENTERING_MANAGED_PKG|tdc_tsw
13:50:02.0 (307683014)|ENTERING_MANAGED_PKG|tdc_tsw
13:50:02.0 (307913195)|ENTERING_MANAGED_PKG|tdc_tsw
13:50:02.0 (308297467)|ENTERING_MANAGED_PKG|tdc_tsw
13:50:02.0 (309382005)|ENTERING_MANAGED_PKG|tdc_tsw
13:50:02.0 (310118574)|ENTERING_MANAGED_PKG|tdc_tsw
13:50:02.0 (310346617)|ENTERING_MANAGED_PKG|tdc_tsw
13:50:02.0 (310735991)|ENTERING_MANAGED_PKG|tdc_tsw
13:50:02.0 (311836944)|ENTERING_MANAGED_PKG|tdc_tsw
13:50:02.0 (312566218)|ENTERING_MANAGED_PKG|tdc_tsw
13:50:02.0 (312803859)|ENTERING_MANAGED_PKG|tdc_tsw
13:50:02.0 (313194309)|ENTERING_MANAGED_PKG|tdc_tsw
13:50:02.0 (314275534)|ENTERING_MANAGED_PKG|tdc_tsw
13:50:02.0 (315007930)|ENTERING_MANAGED_PKG|tdc_tsw
13:50:02.0 (315238275)|ENTERING_MANAGED_PKG|tdc_tsw
13:50:02.0 (315629438)|ENTERING_MANAGED_PKG|tdc_tsw
13:50:02.0 (316713317)|ENTERING_MANAGED_PKG|tdc_tsw
13:50:02.0 (317437482)|ENTERING_MANAGED_PKG|tdc_tsw
13:50:02.0 (317674125)|ENTERING_MANAGED_PKG|tdc_tsw
13:50:02.0 (318058397)|ENTERING_MANAGED_PKG|tdc_tsw
13:50:02.0 (319139885)|ENTERING_MANAGED_PKG|tdc_tsw
13:50:02.0 (319873511)|ENTERING_MANAGED_PKG|tdc_tsw
13:50:02.0 (320076836)|ENTERING_MANAGED_PKG|tdc_tsw
13:50:02.0 (320462756)|ENTERING_MANAGED_PKG|tdc_tsw
13:50:02.0 (321728028)|ENTERING_MANAGED_PKG|tdc_tsw
13:50:02.0 (322526596)|ENTERING_MANAGED_PKG|tdc_tsw
13:50:02.0 (322601775)|ENTERING_MANAGED_PKG|tdc_tsw
13:50:02.0 (323193174)|SOQL_EXECUTE_BEGIN|[200]|Aggregations:0|SELECT Name, NamespacePrefix, SystemModStamp FROM StaticResource WHERE Name LIKE :tmpVar1 LIMIT 10
13:50:02.0 (326996381)|SOQL_EXECUTE_END|[200]|Rows:1
13:50:02.0 (328398277)|ENTERING_MANAGED_PKG|tdc_tsw
13:50:02.0 (329256046)|SOQL_EXECUTE_BEGIN|[200]|Aggregations:0|SELECT Name, NamespacePrefix, SystemModStamp FROM StaticResource WHERE Name LIKE :tmpVar1 LIMIT 10
13:50:02.0 (333400687)|SOQL_EXECUTE_END|[200]|Rows:1
13:50:02.0 (334204985)|ENTERING_MANAGED_PKG|tdc_tsw
13:50:02.0 (340053636)|ENTERING_MANAGED_PKG|tdc_tsw
13:50:02.0 (342213753)|ENTERING_MANAGED_PKG|tdc_tsw
13:50:02.0 (342672048)|ENTERING_MANAGED_PKG|tdc_tsw
13:50:02.0 (344029635)|ENTERING_MANAGED_PKG|tdc_tsw
13:50:02.0 (344737971)|SOQL_EXECUTE_BEGIN|[200]|Aggregations:0|SELECT Name, NamespacePrefix, SystemModStamp FROM StaticResource WHERE Name LIKE :tmpVar1 LIMIT 10
13:50:02.0 (348276822)|SOQL_EXECUTE_END|[200]|Rows:1
13:50:02.364 (364231301)|USER_INFO|[EXTERNAL]|0051H000009gxp8|chanida.dev2@solvedbysoftwareco.com|Eastern Standard Time|GMT-05:00
13:50:02.364 (366091932)|ENTERING_MANAGED_PKG|tdc_tsw
13:50:02.364 (366335517)|ENTERING_MANAGED_PKG|tdc_tsw
13:50:02.364 (370044413)|SOQL_EXECUTE_BEGIN|[355]|Aggregations:0|SELECT id, name, Disable_Incoming_SMS_Sharing__c FROM User WHERE id = :tmpVar1
13:50:02.364 (379151811)|SOQL_EXECUTE_END|[355]|Rows:1
13:50:02.364 (381110652)|SOQL_EXECUTE_BEGIN|[367]|Aggregations:0|SELECT CreatedDate,Id,LastModifiedDate,Related_Object_Id__c FROM Message__c WHERE Name = 'Incoming' AND Read__c = false ORDER BY CreatedDate Desc limit 100
13:50:02.364 (391910380)|SOQL_EXECUTE_END|[367]|Rows:100
