44.0 APEX_CODE,FINEST;APEX_PROFILING,INFO;CALLOUT,INFO;DB,INFO;NBA,INFO;SYSTEM,DEBUG;VALIDATION,INFO;VISUALFORCE,INFO;WAVE,INFO;WORKFLOW,INFO
22:42:56.0 (224890)|USER_INFO|[EXTERNAL]|0051H000009gxp8|chanida.dev2@solvedbysoftwareco.com|Eastern Standard Time|GMT-05:00
22:42:56.0 (2346825)|ENTERING_MANAGED_PKG|tdc_tsw
22:42:56.0 (2510017)|ENTERING_MANAGED_PKG|tdc_tsw
22:42:56.0 (8705130)|ENTERING_MANAGED_PKG|tdc_tsw
22:42:56.0 (8756809)|ENTERING_MANAGED_PKG|tdc_tsw
22:42:56.0 (33046513)|ENTERING_MANAGED_PKG|tdc_tsw
22:42:56.0 (39336634)|ENTERING_MANAGED_PKG|tdc_tsw
22:42:56.0 (40658351)|ENTERING_MANAGED_PKG|tdc_tsw
22:42:56.0 (40748941)|ENTERING_MANAGED_PKG|tdc_tsw
22:42:56.0 (44996446)|ENTERING_MANAGED_PKG|tdc_tsw
22:42:56.0 (50710979)|SOQL_EXECUTE_BEGIN|[82]|Aggregations:0|SELECT CreatedDate, Id,Task_Created__c,Event_Created__c,isCaseCreated__c,Task_Id__c,Event_Id__c,Case__c, Important__c, Delivered__c, Message_Text_New__c, Name, Owner.Name, Read__c,MessageId__c, ToNumber__c, Related_Object_Id__c, Related_Object__c, Sender_Number__c, LastModifiedDate, Attachments_Ids__c FROM Message__c WHERE Contact__c =: recordId ORDER BY CreatedDate Desc limit 200
22:42:56.0 (61856144)|SOQL_EXECUTE_END|[82]|Rows:2
22:42:56.0 (66237104)|ENTERING_MANAGED_PKG|tdc_tsw
22:42:56.0 (66542001)|ENTERING_MANAGED_PKG|tdc_tsw
22:42:56.0 (66613311)|ENTERING_MANAGED_PKG|tdc_tsw
22:42:56.0 (67145906)|SOQL_EXECUTE_BEGIN|[200]|Aggregations:0|SELECT Name, NamespacePrefix, SystemModStamp FROM StaticResource WHERE Name LIKE :tmpVar1 LIMIT 10
22:42:56.0 (69636996)|SOQL_EXECUTE_END|[200]|Rows:1
22:42:56.0 (71544856)|ENTERING_MANAGED_PKG|tdc_tsw
22:42:56.0 (73012742)|ENTERING_MANAGED_PKG|tdc_tsw
22:42:56.0 (73059042)|ENTERING_MANAGED_PKG|tdc_tsw
22:42:56.0 (74762154)|ENTERING_MANAGED_PKG|tdc_tsw
22:42:56.0 (75469910)|ENTERING_MANAGED_PKG|tdc_tsw
22:42:56.0 (79499392)|SOQL_EXECUTE_BEGIN|[172]|Aggregations:0|SELECT id, name FROM ChatTranscript__c WHERE (Chat_Active__c = TRUE AND (Related_Object_Id__c = :tmpVar1 OR Related_Object_Id__c = :tmpVar2)) LIMIT 1
22:42:56.0 (82386142)|SOQL_EXECUTE_END|[172]|Rows:0
22:42:56.0 (85511637)|ENTERING_MANAGED_PKG|tdc_tsw
22:42:56.0 (85551015)|ENTERING_MANAGED_PKG|tdc_tsw
