44.0 APEX_CODE,FINEST;APEX_PROFILING,INFO;CALLOUT,INFO;DB,INFO;NBA,INFO;SYSTEM,DEBUG;VALIDATION,INFO;VISUALFORCE,INFO;WAVE,INFO;WORKFLOW,INFO
16:32:45.0 (128312)|USER_INFO|[EXTERNAL]|0051H000009gxp8|chanida.dev2@solvedbysoftwareco.com|Eastern Standard Time|GMT-05:00
16:32:45.0 (2183092)|ENTERING_MANAGED_PKG|tdc_tsw
16:32:45.0 (2659057)|ENTERING_MANAGED_PKG|tdc_tsw
16:32:45.0 (6856832)|SOQL_EXECUTE_BEGIN|[16]|Aggregations:0|SELECT id, name, Disable_Incoming_SMS_Sharing__c FROM User WHERE id = :tmpVar1
16:32:45.0 (14881471)|SOQL_EXECUTE_END|[16]|Rows:1
16:32:45.0 (21152447)|SOQL_EXECUTE_BEGIN|[37]|Aggregations:0|SELECT CreatedDate,Created_Date__c,Id,LastModifiedDate,MessageId__c,Message_Text_New__c,Name,OwnerId,Read__c,Related_Object_Id__c,Related_Object__c,Sender_Number__c, Sender_Name__c,ToNumber__c,Attachments_Ids__c FROM Message__c WHERE Name = 'Incoming' AND Read__c = false ORDER BY CreatedDate Desc limit 100
16:32:45.0 (41610194)|SOQL_EXECUTE_END|[37]|Rows:100
16:32:45.0 (60045395)|ENTERING_MANAGED_PKG|tdc_tsw
16:32:45.0 (62083997)|ENTERING_MANAGED_PKG|tdc_tsw
16:32:45.0 (62659469)|ENTERING_MANAGED_PKG|tdc_tsw
16:32:45.0 (63508683)|ENTERING_MANAGED_PKG|tdc_tsw
16:32:45.0 (66778237)|ENTERING_MANAGED_PKG|tdc_tsw
16:32:45.0 (67744274)|ENTERING_MANAGED_PKG|tdc_tsw
16:32:45.0 (68035797)|ENTERING_MANAGED_PKG|tdc_tsw
16:32:45.0 (68560558)|ENTERING_MANAGED_PKG|tdc_tsw
16:32:45.0 (69908453)|ENTERING_MANAGED_PKG|tdc_tsw
16:32:45.0 (70840604)|ENTERING_MANAGED_PKG|tdc_tsw
16:32:45.0 (71131629)|ENTERING_MANAGED_PKG|tdc_tsw
16:32:45.0 (71639566)|ENTERING_MANAGED_PKG|tdc_tsw
16:32:45.0 (73004560)|ENTERING_MANAGED_PKG|tdc_tsw
16:32:45.0 (73919334)|ENTERING_MANAGED_PKG|tdc_tsw
16:32:45.0 (74178372)|ENTERING_MANAGED_PKG|tdc_tsw
16:32:45.0 (74686772)|ENTERING_MANAGED_PKG|tdc_tsw
16:32:45.0 (76046740)|ENTERING_MANAGED_PKG|tdc_tsw
16:32:45.0 (76957581)|ENTERING_MANAGED_PKG|tdc_tsw
16:32:45.0 (77244050)|ENTERING_MANAGED_PKG|tdc_tsw
16:32:45.0 (77731386)|ENTERING_MANAGED_PKG|tdc_tsw
16:32:45.0 (79096260)|ENTERING_MANAGED_PKG|tdc_tsw
16:32:45.0 (80013500)|ENTERING_MANAGED_PKG|tdc_tsw
16:32:45.0 (80304937)|ENTERING_MANAGED_PKG|tdc_tsw
16:32:45.0 (80802579)|ENTERING_MANAGED_PKG|tdc_tsw
16:32:45.0 (82160399)|ENTERING_MANAGED_PKG|tdc_tsw
16:32:45.0 (83063796)|ENTERING_MANAGED_PKG|tdc_tsw
16:32:45.0 (83354630)|ENTERING_MANAGED_PKG|tdc_tsw
16:32:45.0 (83864248)|ENTERING_MANAGED_PKG|tdc_tsw
16:32:45.0 (85221539)|ENTERING_MANAGED_PKG|tdc_tsw
16:32:45.0 (86126750)|ENTERING_MANAGED_PKG|tdc_tsw
16:32:45.0 (86416907)|ENTERING_MANAGED_PKG|tdc_tsw
16:32:45.0 (86924534)|ENTERING_MANAGED_PKG|tdc_tsw
16:32:45.0 (88291933)|ENTERING_MANAGED_PKG|tdc_tsw
16:32:45.0 (89200053)|ENTERING_MANAGED_PKG|tdc_tsw
16:32:45.0 (89494233)|ENTERING_MANAGED_PKG|tdc_tsw
16:32:45.0 (89982473)|ENTERING_MANAGED_PKG|tdc_tsw
16:32:45.0 (91357076)|ENTERING_MANAGED_PKG|tdc_tsw
16:32:45.0 (92271933)|ENTERING_MANAGED_PKG|tdc_tsw
16:32:45.0 (92563751)|ENTERING_MANAGED_PKG|tdc_tsw
16:32:45.0 (93085163)|ENTERING_MANAGED_PKG|tdc_tsw
16:32:45.0 (94453877)|ENTERING_MANAGED_PKG|tdc_tsw
16:32:45.0 (95365127)|ENTERING_MANAGED_PKG|tdc_tsw
16:32:45.0 (95667797)|ENTERING_MANAGED_PKG|tdc_tsw
16:32:45.0 (96160296)|ENTERING_MANAGED_PKG|tdc_tsw
16:32:45.0 (97535530)|ENTERING_MANAGED_PKG|tdc_tsw
16:32:45.0 (98432347)|ENTERING_MANAGED_PKG|tdc_tsw
16:32:45.0 (98730112)|ENTERING_MANAGED_PKG|tdc_tsw
16:32:45.0 (99221147)|ENTERING_MANAGED_PKG|tdc_tsw
16:32:45.0 (100588115)|ENTERING_MANAGED_PKG|tdc_tsw
16:32:45.0 (101504835)|ENTERING_MANAGED_PKG|tdc_tsw
16:32:45.0 (101794575)|ENTERING_MANAGED_PKG|tdc_tsw
16:32:45.0 (102288278)|ENTERING_MANAGED_PKG|tdc_tsw
16:32:45.0 (103683300)|ENTERING_MANAGED_PKG|tdc_tsw
16:32:45.0 (104620388)|ENTERING_MANAGED_PKG|tdc_tsw
16:32:45.0 (104905902)|ENTERING_MANAGED_PKG|tdc_tsw
16:32:45.0 (105399236)|ENTERING_MANAGED_PKG|tdc_tsw
16:32:45.0 (106778521)|ENTERING_MANAGED_PKG|tdc_tsw
16:32:45.0 (107690251)|ENTERING_MANAGED_PKG|tdc_tsw
16:32:45.0 (107945597)|ENTERING_MANAGED_PKG|tdc_tsw
16:32:45.0 (108441706)|ENTERING_MANAGED_PKG|tdc_tsw
16:32:45.0 (109823844)|ENTERING_MANAGED_PKG|tdc_tsw
16:32:45.0 (110744188)|ENTERING_MANAGED_PKG|tdc_tsw
16:32:45.0 (111030127)|ENTERING_MANAGED_PKG|tdc_tsw
16:32:45.0 (111541055)|ENTERING_MANAGED_PKG|tdc_tsw
16:32:45.0 (112915473)|ENTERING_MANAGED_PKG|tdc_tsw
16:32:45.0 (113828798)|ENTERING_MANAGED_PKG|tdc_tsw
16:32:45.0 (114118961)|ENTERING_MANAGED_PKG|tdc_tsw
16:32:45.0 (114626431)|ENTERING_MANAGED_PKG|tdc_tsw
16:32:45.0 (115984311)|ENTERING_MANAGED_PKG|tdc_tsw
16:32:45.0 (116903729)|ENTERING_MANAGED_PKG|tdc_tsw
16:32:45.0 (117192050)|ENTERING_MANAGED_PKG|tdc_tsw
16:32:45.0 (117697324)|ENTERING_MANAGED_PKG|tdc_tsw
16:32:45.0 (119060625)|ENTERING_MANAGED_PKG|tdc_tsw
16:32:45.0 (119972571)|ENTERING_MANAGED_PKG|tdc_tsw
16:32:45.0 (120256540)|ENTERING_MANAGED_PKG|tdc_tsw
16:32:45.0 (120759113)|ENTERING_MANAGED_PKG|tdc_tsw
16:32:45.0 (122126442)|ENTERING_MANAGED_PKG|tdc_tsw
16:32:45.0 (123037154)|ENTERING_MANAGED_PKG|tdc_tsw
16:32:45.0 (123325777)|ENTERING_MANAGED_PKG|tdc_tsw
16:32:45.0 (123839785)|ENTERING_MANAGED_PKG|tdc_tsw
16:32:45.0 (125208964)|ENTERING_MANAGED_PKG|tdc_tsw
16:32:45.0 (126149213)|ENTERING_MANAGED_PKG|tdc_tsw
16:32:45.0 (126433281)|ENTERING_MANAGED_PKG|tdc_tsw
16:32:45.0 (126933377)|ENTERING_MANAGED_PKG|tdc_tsw
16:32:45.0 (128296846)|ENTERING_MANAGED_PKG|tdc_tsw
16:32:45.0 (129200936)|ENTERING_MANAGED_PKG|tdc_tsw
16:32:45.0 (129497687)|ENTERING_MANAGED_PKG|tdc_tsw
16:32:45.0 (129988732)|ENTERING_MANAGED_PKG|tdc_tsw
16:32:45.0 (131346025)|ENTERING_MANAGED_PKG|tdc_tsw
16:32:45.0 (132260069)|ENTERING_MANAGED_PKG|tdc_tsw
16:32:45.0 (132557049)|ENTERING_MANAGED_PKG|tdc_tsw
16:32:45.0 (133050853)|ENTERING_MANAGED_PKG|tdc_tsw
16:32:45.0 (134413152)|ENTERING_MANAGED_PKG|tdc_tsw
16:32:45.0 (135326719)|ENTERING_MANAGED_PKG|tdc_tsw
16:32:45.0 (135625116)|ENTERING_MANAGED_PKG|tdc_tsw
16:32:45.0 (136120277)|ENTERING_MANAGED_PKG|tdc_tsw
16:32:45.0 (137504069)|ENTERING_MANAGED_PKG|tdc_tsw
16:32:45.0 (138409391)|ENTERING_MANAGED_PKG|tdc_tsw
16:32:45.0 (138705504)|ENTERING_MANAGED_PKG|tdc_tsw
16:32:45.0 (139201637)|ENTERING_MANAGED_PKG|tdc_tsw
16:32:45.0 (140571591)|ENTERING_MANAGED_PKG|tdc_tsw
16:32:45.0 (141474719)|ENTERING_MANAGED_PKG|tdc_tsw
16:32:45.0 (141763932)|ENTERING_MANAGED_PKG|tdc_tsw
16:32:45.0 (142260536)|ENTERING_MANAGED_PKG|tdc_tsw
16:32:45.0 (143638987)|ENTERING_MANAGED_PKG|tdc_tsw
16:32:45.0 (144548517)|ENTERING_MANAGED_PKG|tdc_tsw
16:32:45.0 (144837948)|ENTERING_MANAGED_PKG|tdc_tsw
16:32:45.0 (145344643)|ENTERING_MANAGED_PKG|tdc_tsw
16:32:45.0 (146719747)|ENTERING_MANAGED_PKG|tdc_tsw
16:32:45.0 (147628918)|ENTERING_MANAGED_PKG|tdc_tsw
16:32:45.0 (147912532)|ENTERING_MANAGED_PKG|tdc_tsw
16:32:45.0 (148405657)|ENTERING_MANAGED_PKG|tdc_tsw
16:32:45.0 (149787961)|ENTERING_MANAGED_PKG|tdc_tsw
16:32:45.0 (150698351)|ENTERING_MANAGED_PKG|tdc_tsw
16:32:45.0 (150982233)|ENTERING_MANAGED_PKG|tdc_tsw
16:32:45.0 (151487452)|ENTERING_MANAGED_PKG|tdc_tsw
16:32:45.0 (152857208)|ENTERING_MANAGED_PKG|tdc_tsw
16:32:45.0 (153762025)|ENTERING_MANAGED_PKG|tdc_tsw
16:32:45.0 (154050546)|ENTERING_MANAGED_PKG|tdc_tsw
16:32:45.0 (154560091)|ENTERING_MANAGED_PKG|tdc_tsw
16:32:45.0 (155920077)|ENTERING_MANAGED_PKG|tdc_tsw
16:32:45.0 (156840408)|ENTERING_MANAGED_PKG|tdc_tsw
16:32:45.0 (157126661)|ENTERING_MANAGED_PKG|tdc_tsw
16:32:45.0 (157633126)|ENTERING_MANAGED_PKG|tdc_tsw
16:32:45.0 (159003577)|ENTERING_MANAGED_PKG|tdc_tsw
16:32:45.0 (159914662)|ENTERING_MANAGED_PKG|tdc_tsw
16:32:45.0 (160200492)|ENTERING_MANAGED_PKG|tdc_tsw
16:32:45.0 (160708047)|ENTERING_MANAGED_PKG|tdc_tsw
16:32:45.0 (162085618)|ENTERING_MANAGED_PKG|tdc_tsw
16:32:45.0 (162988424)|ENTERING_MANAGED_PKG|tdc_tsw
16:32:45.0 (163274309)|ENTERING_MANAGED_PKG|tdc_tsw
16:32:45.0 (163780769)|ENTERING_MANAGED_PKG|tdc_tsw
16:32:45.0 (165149984)|ENTERING_MANAGED_PKG|tdc_tsw
16:32:45.0 (166060043)|ENTERING_MANAGED_PKG|tdc_tsw
16:32:45.0 (166345074)|ENTERING_MANAGED_PKG|tdc_tsw
16:32:45.0 (167164523)|ENTERING_MANAGED_PKG|tdc_tsw
16:32:45.0 (168559023)|ENTERING_MANAGED_PKG|tdc_tsw
16:32:45.0 (169455800)|ENTERING_MANAGED_PKG|tdc_tsw
16:32:45.0 (169748596)|ENTERING_MANAGED_PKG|tdc_tsw
16:32:45.0 (170247598)|ENTERING_MANAGED_PKG|tdc_tsw
16:32:45.0 (171624264)|ENTERING_MANAGED_PKG|tdc_tsw
16:32:45.0 (172526690)|ENTERING_MANAGED_PKG|tdc_tsw
16:32:45.0 (172818956)|ENTERING_MANAGED_PKG|tdc_tsw
16:32:45.0 (173314174)|ENTERING_MANAGED_PKG|tdc_tsw
16:32:45.0 (174686225)|ENTERING_MANAGED_PKG|tdc_tsw
16:32:45.0 (175588980)|ENTERING_MANAGED_PKG|tdc_tsw
16:32:45.0 (175878124)|ENTERING_MANAGED_PKG|tdc_tsw
16:32:45.0 (176376922)|ENTERING_MANAGED_PKG|tdc_tsw
16:32:45.0 (177740354)|ENTERING_MANAGED_PKG|tdc_tsw
16:32:45.0 (178651276)|ENTERING_MANAGED_PKG|tdc_tsw
16:32:45.0 (178942791)|ENTERING_MANAGED_PKG|tdc_tsw
16:32:45.0 (179441239)|ENTERING_MANAGED_PKG|tdc_tsw
16:32:45.0 (180809181)|ENTERING_MANAGED_PKG|tdc_tsw
16:32:45.0 (181716064)|ENTERING_MANAGED_PKG|tdc_tsw
16:32:45.0 (182004481)|ENTERING_MANAGED_PKG|tdc_tsw
16:32:45.0 (182512981)|ENTERING_MANAGED_PKG|tdc_tsw
16:32:45.0 (183868506)|ENTERING_MANAGED_PKG|tdc_tsw
16:32:45.0 (184786248)|ENTERING_MANAGED_PKG|tdc_tsw
16:32:45.0 (185075509)|ENTERING_MANAGED_PKG|tdc_tsw
16:32:45.0 (185577520)|ENTERING_MANAGED_PKG|tdc_tsw
16:32:45.0 (186950368)|ENTERING_MANAGED_PKG|tdc_tsw
16:32:45.0 (187859360)|ENTERING_MANAGED_PKG|tdc_tsw
16:32:45.0 (188147016)|ENTERING_MANAGED_PKG|tdc_tsw
16:32:45.0 (188653232)|ENTERING_MANAGED_PKG|tdc_tsw
16:32:45.0 (190017924)|ENTERING_MANAGED_PKG|tdc_tsw
16:32:45.0 (190931001)|ENTERING_MANAGED_PKG|tdc_tsw
16:32:45.0 (191216048)|ENTERING_MANAGED_PKG|tdc_tsw
16:32:45.0 (191793365)|ENTERING_MANAGED_PKG|tdc_tsw
16:32:45.0 (193149336)|ENTERING_MANAGED_PKG|tdc_tsw
16:32:45.0 (194046635)|ENTERING_MANAGED_PKG|tdc_tsw
16:32:45.0 (194330338)|ENTERING_MANAGED_PKG|tdc_tsw
16:32:45.0 (194837915)|ENTERING_MANAGED_PKG|tdc_tsw
16:32:45.0 (196204568)|ENTERING_MANAGED_PKG|tdc_tsw
16:32:45.0 (197106320)|ENTERING_MANAGED_PKG|tdc_tsw
16:32:45.0 (197390368)|ENTERING_MANAGED_PKG|tdc_tsw
16:32:45.0 (197895795)|ENTERING_MANAGED_PKG|tdc_tsw
16:32:45.0 (199265066)|ENTERING_MANAGED_PKG|tdc_tsw
16:32:45.0 (200163173)|ENTERING_MANAGED_PKG|tdc_tsw
16:32:45.0 (200449304)|ENTERING_MANAGED_PKG|tdc_tsw
16:32:45.0 (200950231)|ENTERING_MANAGED_PKG|tdc_tsw
16:32:45.0 (202301083)|ENTERING_MANAGED_PKG|tdc_tsw
16:32:45.0 (203206254)|ENTERING_MANAGED_PKG|tdc_tsw
16:32:45.0 (203502056)|ENTERING_MANAGED_PKG|tdc_tsw
16:32:45.0 (203995992)|ENTERING_MANAGED_PKG|tdc_tsw
16:32:45.0 (205355605)|ENTERING_MANAGED_PKG|tdc_tsw
16:32:45.0 (206262027)|ENTERING_MANAGED_PKG|tdc_tsw
16:32:45.0 (206559442)|ENTERING_MANAGED_PKG|tdc_tsw
16:32:45.0 (207052991)|ENTERING_MANAGED_PKG|tdc_tsw
16:32:45.0 (208427671)|ENTERING_MANAGED_PKG|tdc_tsw
16:32:45.0 (209337035)|ENTERING_MANAGED_PKG|tdc_tsw
16:32:45.0 (209633621)|ENTERING_MANAGED_PKG|tdc_tsw
16:32:45.0 (210131159)|ENTERING_MANAGED_PKG|tdc_tsw
16:32:45.0 (211385001)|ENTERING_MANAGED_PKG|tdc_tsw
16:32:45.0 (212152613)|ENTERING_MANAGED_PKG|tdc_tsw
16:32:45.0 (212394528)|ENTERING_MANAGED_PKG|tdc_tsw
16:32:45.0 (212808742)|ENTERING_MANAGED_PKG|tdc_tsw
16:32:45.0 (213944061)|ENTERING_MANAGED_PKG|tdc_tsw
16:32:45.0 (214708654)|ENTERING_MANAGED_PKG|tdc_tsw
16:32:45.0 (214951944)|ENTERING_MANAGED_PKG|tdc_tsw
16:32:45.0 (215357514)|ENTERING_MANAGED_PKG|tdc_tsw
16:32:45.0 (216510524)|ENTERING_MANAGED_PKG|tdc_tsw
16:32:45.0 (217266080)|ENTERING_MANAGED_PKG|tdc_tsw
16:32:45.0 (217512844)|ENTERING_MANAGED_PKG|tdc_tsw
16:32:45.0 (217921812)|ENTERING_MANAGED_PKG|tdc_tsw
16:32:45.0 (219070316)|ENTERING_MANAGED_PKG|tdc_tsw
16:32:45.0 (219828678)|ENTERING_MANAGED_PKG|tdc_tsw
16:32:45.0 (220070378)|ENTERING_MANAGED_PKG|tdc_tsw
16:32:45.0 (220482408)|ENTERING_MANAGED_PKG|tdc_tsw
16:32:45.0 (221632622)|ENTERING_MANAGED_PKG|tdc_tsw
16:32:45.0 (222387135)|ENTERING_MANAGED_PKG|tdc_tsw
16:32:45.0 (225921834)|ENTERING_MANAGED_PKG|tdc_tsw
16:32:45.0 (226356208)|ENTERING_MANAGED_PKG|tdc_tsw
16:32:45.0 (227584865)|ENTERING_MANAGED_PKG|tdc_tsw
16:32:45.0 (228371454)|ENTERING_MANAGED_PKG|tdc_tsw
16:32:45.0 (228623914)|ENTERING_MANAGED_PKG|tdc_tsw
16:32:45.0 (229027479)|ENTERING_MANAGED_PKG|tdc_tsw
16:32:45.0 (230127210)|ENTERING_MANAGED_PKG|tdc_tsw
16:32:45.0 (230882551)|ENTERING_MANAGED_PKG|tdc_tsw
16:32:45.0 (231123144)|ENTERING_MANAGED_PKG|tdc_tsw
16:32:45.0 (231536595)|ENTERING_MANAGED_PKG|tdc_tsw
16:32:45.0 (232665532)|ENTERING_MANAGED_PKG|tdc_tsw
16:32:45.0 (233409668)|ENTERING_MANAGED_PKG|tdc_tsw
16:32:45.0 (233656969)|ENTERING_MANAGED_PKG|tdc_tsw
16:32:45.0 (234064336)|ENTERING_MANAGED_PKG|tdc_tsw
16:32:45.0 (235197996)|ENTERING_MANAGED_PKG|tdc_tsw
16:32:45.0 (235954457)|ENTERING_MANAGED_PKG|tdc_tsw
16:32:45.0 (236194597)|ENTERING_MANAGED_PKG|tdc_tsw
16:32:45.0 (236613055)|ENTERING_MANAGED_PKG|tdc_tsw
16:32:45.0 (237743887)|ENTERING_MANAGED_PKG|tdc_tsw
16:32:45.0 (238508358)|ENTERING_MANAGED_PKG|tdc_tsw
16:32:45.0 (238751764)|ENTERING_MANAGED_PKG|tdc_tsw
16:32:45.0 (239158552)|ENTERING_MANAGED_PKG|tdc_tsw
16:32:45.0 (240299774)|ENTERING_MANAGED_PKG|tdc_tsw
16:32:45.0 (241057698)|ENTERING_MANAGED_PKG|tdc_tsw
16:32:45.0 (241297753)|ENTERING_MANAGED_PKG|tdc_tsw
16:32:45.0 (241715494)|ENTERING_MANAGED_PKG|tdc_tsw
16:32:45.0 (242857140)|ENTERING_MANAGED_PKG|tdc_tsw
16:32:45.0 (243621079)|ENTERING_MANAGED_PKG|tdc_tsw
16:32:45.0 (243859842)|ENTERING_MANAGED_PKG|tdc_tsw
16:32:45.0 (244269168)|ENTERING_MANAGED_PKG|tdc_tsw
16:32:45.0 (245407336)|ENTERING_MANAGED_PKG|tdc_tsw
16:32:45.0 (246164484)|ENTERING_MANAGED_PKG|tdc_tsw
16:32:45.0 (246406252)|ENTERING_MANAGED_PKG|tdc_tsw
16:32:45.0 (246821531)|ENTERING_MANAGED_PKG|tdc_tsw
16:32:45.0 (247956527)|ENTERING_MANAGED_PKG|tdc_tsw
16:32:45.0 (248713668)|ENTERING_MANAGED_PKG|tdc_tsw
16:32:45.0 (248954847)|ENTERING_MANAGED_PKG|tdc_tsw
16:32:45.0 (249362513)|ENTERING_MANAGED_PKG|tdc_tsw
16:32:45.0 (250502829)|ENTERING_MANAGED_PKG|tdc_tsw
16:32:45.0 (251249075)|ENTERING_MANAGED_PKG|tdc_tsw
16:32:45.0 (251496372)|ENTERING_MANAGED_PKG|tdc_tsw
16:32:45.0 (251903902)|ENTERING_MANAGED_PKG|tdc_tsw
16:32:45.0 (253048208)|ENTERING_MANAGED_PKG|tdc_tsw
16:32:45.0 (253808564)|ENTERING_MANAGED_PKG|tdc_tsw
16:32:45.0 (254049475)|ENTERING_MANAGED_PKG|tdc_tsw
16:32:45.0 (254455372)|ENTERING_MANAGED_PKG|tdc_tsw
16:32:45.0 (255598712)|ENTERING_MANAGED_PKG|tdc_tsw
16:32:45.0 (256348884)|ENTERING_MANAGED_PKG|tdc_tsw
16:32:45.0 (256600033)|ENTERING_MANAGED_PKG|tdc_tsw
16:32:45.0 (257003646)|ENTERING_MANAGED_PKG|tdc_tsw
16:32:45.0 (258120140)|ENTERING_MANAGED_PKG|tdc_tsw
16:32:45.0 (258882447)|ENTERING_MANAGED_PKG|tdc_tsw
16:32:45.0 (259121503)|ENTERING_MANAGED_PKG|tdc_tsw
16:32:45.0 (259534988)|ENTERING_MANAGED_PKG|tdc_tsw
16:32:45.0 (260671355)|ENTERING_MANAGED_PKG|tdc_tsw
16:32:45.0 (261423484)|ENTERING_MANAGED_PKG|tdc_tsw
16:32:45.0 (261670269)|ENTERING_MANAGED_PKG|tdc_tsw
16:32:45.0 (262079522)|ENTERING_MANAGED_PKG|tdc_tsw
16:32:45.0 (263382594)|ENTERING_MANAGED_PKG|tdc_tsw
16:32:45.0 (264296524)|ENTERING_MANAGED_PKG|tdc_tsw
16:32:45.0 (264377035)|ENTERING_MANAGED_PKG|tdc_tsw
16:32:45.0 (265035707)|SOQL_EXECUTE_BEGIN|[200]|Aggregations:0|SELECT Name, NamespacePrefix, SystemModStamp FROM StaticResource WHERE Name LIKE :tmpVar1 LIMIT 10
16:32:45.0 (268623088)|SOQL_EXECUTE_END|[200]|Rows:1
16:32:45.0 (269505752)|ENTERING_MANAGED_PKG|tdc_tsw
16:32:45.0 (269906389)|SOQL_EXECUTE_BEGIN|[200]|Aggregations:0|SELECT Name, NamespacePrefix, SystemModStamp FROM StaticResource WHERE Name LIKE :tmpVar1 LIMIT 10
16:32:45.0 (272566662)|SOQL_EXECUTE_END|[200]|Rows:1
16:32:45.0 (272957830)|ENTERING_MANAGED_PKG|tdc_tsw
16:32:45.0 (291003613)|ENTERING_MANAGED_PKG|tdc_tsw
16:32:45.0 (293081283)|ENTERING_MANAGED_PKG|tdc_tsw
16:32:45.0 (293422322)|ENTERING_MANAGED_PKG|tdc_tsw
16:32:45.0 (294394378)|ENTERING_MANAGED_PKG|tdc_tsw
16:32:45.0 (294929896)|SOQL_EXECUTE_BEGIN|[200]|Aggregations:0|SELECT Name, NamespacePrefix, SystemModStamp FROM StaticResource WHERE Name LIKE :tmpVar1 LIMIT 10
16:32:45.0 (298167115)|SOQL_EXECUTE_END|[200]|Rows:1
16:32:45.310 (310134902)|USER_INFO|[EXTERNAL]|0051H000009gxp8|chanida.dev2@solvedbysoftwareco.com|Eastern Standard Time|GMT-05:00
16:32:45.310 (311604371)|ENTERING_MANAGED_PKG|tdc_tsw
16:32:45.310 (311836648)|ENTERING_MANAGED_PKG|tdc_tsw
16:32:45.310 (314564316)|SOQL_EXECUTE_BEGIN|[355]|Aggregations:0|SELECT id, name, Disable_Incoming_SMS_Sharing__c FROM User WHERE id = :tmpVar1
16:32:45.310 (321374739)|SOQL_EXECUTE_END|[355]|Rows:1
16:32:45.310 (322580109)|SOQL_EXECUTE_BEGIN|[367]|Aggregations:0|SELECT CreatedDate,Id,LastModifiedDate,Related_Object_Id__c FROM Message__c WHERE Name = 'Incoming' AND Read__c = false ORDER BY CreatedDate Desc limit 100
16:32:45.310 (331961115)|SOQL_EXECUTE_END|[367]|Rows:100
