43.0 APEX_CODE,FINEST;APEX_PROFILING,INFO;CALLOUT,INFO;DB,INFO;NBA,INFO;SYSTEM,DEBUG;VALIDATION,INFO;VISUALFORCE,INFO;WAVE,INFO;WORKFLOW,INFO
15:38:46.2 (2868830)|ENTERING_MANAGED_PKG|tdc_tsw
15:38:46.2 (3600797)|ENTERING_MANAGED_PKG|tdc_tsw
15:38:46.2 (3753263)|ENTERING_MANAGED_PKG|tdc_tsw
15:38:46.2 (3833956)|ENTERING_MANAGED_PKG|tdc_tsw
15:38:46.2 (5246448)|ENTERING_MANAGED_PKG|tdc_tsw
15:38:46.2 (5384662)|ENTERING_MANAGED_PKG|tdc_tsw
15:38:46.2 (5432442)|ENTERING_MANAGED_PKG|tdc_tsw
15:38:46.2 (5476347)|ENTERING_MANAGED_PKG|tdc_tsw
15:38:46.2 (8414647)|SOQL_EXECUTE_BEGIN|[109]|Aggregations:0|SELECT id, name FROM Folder__c ORDER BY name ASC NULLS FIRST LIMIT 999
15:38:46.2 (11542339)|SOQL_EXECUTE_END|[109]|Rows:0
15:38:46.2 (11639052)|ENTERING_MANAGED_PKG|tdc_tsw
15:38:46.2 (11713499)|ENTERING_MANAGED_PKG|tdc_tsw
15:38:46.2 (11793178)|ENTERING_MANAGED_PKG|tdc_tsw
15:38:46.2 (11864913)|ENTERING_MANAGED_PKG|tdc_tsw
15:38:46.2 (11940609)|ENTERING_MANAGED_PKG|tdc_tsw
15:38:46.2 (12012452)|ENTERING_MANAGED_PKG|tdc_tsw
15:38:46.2 (12088424)|ENTERING_MANAGED_PKG|tdc_tsw
15:38:46.2 (12164402)|ENTERING_MANAGED_PKG|tdc_tsw
15:38:46.2 (12242116)|ENTERING_MANAGED_PKG|tdc_tsw
15:38:46.2 (12554256)|ENTERING_MANAGED_PKG|tdc_tsw
15:38:46.2 (12750553)|ENTERING_MANAGED_PKG|tdc_tsw
15:38:46.2 (12829848)|ENTERING_MANAGED_PKG|tdc_tsw
15:38:46.2 (12902734)|ENTERING_MANAGED_PKG|tdc_tsw
15:38:46.2 (13205148)|ENTERING_MANAGED_PKG|tdc_tsw
15:38:46.2 (13283202)|ENTERING_MANAGED_PKG|tdc_tsw
15:38:46.2 (13312172)|ENTERING_MANAGED_PKG|tdc_tsw
15:38:46.2 (13468712)|ENTERING_MANAGED_PKG|tdc_tsw
15:38:46.2 (13577758)|ENTERING_MANAGED_PKG|tdc_tsw
15:38:46.2 (13642313)|ENTERING_MANAGED_PKG|tdc_tsw
15:38:46.2 (85332112)|ENTERING_MANAGED_PKG|tdc_tsw
15:38:46.2 (85484370)|ENTERING_MANAGED_PKG|tdc_tsw
15:38:46.2 (86180575)|ENTERING_MANAGED_PKG|tdc_tsw
15:38:46.2 (86256496)|ENTERING_MANAGED_PKG|tdc_tsw
15:38:46.2 (86968074)|ENTERING_MANAGED_PKG|tdc_tsw
15:38:46.2 (87047871)|ENTERING_MANAGED_PKG|tdc_tsw
15:38:46.2 (87686286)|ENTERING_MANAGED_PKG|tdc_tsw
15:38:46.2 (87759901)|ENTERING_MANAGED_PKG|tdc_tsw
15:38:46.2 (88359416)|ENTERING_MANAGED_PKG|tdc_tsw
15:38:46.2 (88433803)|ENTERING_MANAGED_PKG|tdc_tsw
15:38:46.2 (89078738)|ENTERING_MANAGED_PKG|tdc_tsw
15:38:46.2 (89151731)|ENTERING_MANAGED_PKG|tdc_tsw
15:38:46.2 (89832334)|ENTERING_MANAGED_PKG|tdc_tsw
15:38:46.2 (89918134)|ENTERING_MANAGED_PKG|tdc_tsw
15:38:46.2 (90577313)|ENTERING_MANAGED_PKG|tdc_tsw
15:38:46.2 (90654927)|ENTERING_MANAGED_PKG|tdc_tsw
15:38:46.2 (91307178)|ENTERING_MANAGED_PKG|tdc_tsw
15:38:46.2 (91382008)|ENTERING_MANAGED_PKG|tdc_tsw
15:38:46.2 (92340008)|ENTERING_MANAGED_PKG|tdc_tsw
15:38:46.2 (92414463)|ENTERING_MANAGED_PKG|tdc_tsw
15:38:46.2 (93081912)|ENTERING_MANAGED_PKG|tdc_tsw
15:38:46.2 (93163392)|ENTERING_MANAGED_PKG|tdc_tsw
15:38:46.2 (93859023)|ENTERING_MANAGED_PKG|tdc_tsw
15:38:46.2 (93935095)|ENTERING_MANAGED_PKG|tdc_tsw
15:38:46.2 (94603937)|ENTERING_MANAGED_PKG|tdc_tsw
15:38:46.2 (94679183)|ENTERING_MANAGED_PKG|tdc_tsw
15:38:46.2 (95303993)|ENTERING_MANAGED_PKG|tdc_tsw
15:38:46.2 (95378068)|ENTERING_MANAGED_PKG|tdc_tsw
15:38:46.2 (96366846)|ENTERING_MANAGED_PKG|tdc_tsw
15:38:46.2 (96441625)|ENTERING_MANAGED_PKG|tdc_tsw
15:38:46.2 (97080492)|ENTERING_MANAGED_PKG|tdc_tsw
15:38:46.2 (97154630)|ENTERING_MANAGED_PKG|tdc_tsw
15:38:46.2 (97769676)|ENTERING_MANAGED_PKG|tdc_tsw
15:38:46.2 (97843273)|ENTERING_MANAGED_PKG|tdc_tsw
15:38:46.2 (98471663)|ENTERING_MANAGED_PKG|tdc_tsw
15:38:46.2 (98553670)|ENTERING_MANAGED_PKG|tdc_tsw
15:38:46.2 (99230981)|ENTERING_MANAGED_PKG|tdc_tsw
15:38:46.2 (99305236)|ENTERING_MANAGED_PKG|tdc_tsw
15:38:46.2 (100192076)|ENTERING_MANAGED_PKG|tdc_tsw
15:38:46.2 (100266725)|ENTERING_MANAGED_PKG|tdc_tsw
15:38:46.2 (100873686)|ENTERING_MANAGED_PKG|tdc_tsw
15:38:46.2 (100946605)|ENTERING_MANAGED_PKG|tdc_tsw
15:38:46.2 (101605181)|ENTERING_MANAGED_PKG|tdc_tsw
15:38:46.2 (101679266)|ENTERING_MANAGED_PKG|tdc_tsw
15:38:46.2 (102298445)|ENTERING_MANAGED_PKG|tdc_tsw
15:38:46.2 (102372562)|ENTERING_MANAGED_PKG|tdc_tsw
15:38:46.2 (102967030)|ENTERING_MANAGED_PKG|tdc_tsw
15:38:46.2 (103039614)|ENTERING_MANAGED_PKG|tdc_tsw
15:38:46.2 (103706129)|ENTERING_MANAGED_PKG|tdc_tsw
15:38:46.2 (103781123)|ENTERING_MANAGED_PKG|tdc_tsw
15:38:46.2 (104930634)|ENTERING_MANAGED_PKG|tdc_tsw
15:38:46.2 (105005605)|ENTERING_MANAGED_PKG|tdc_tsw
15:38:46.2 (105599519)|ENTERING_MANAGED_PKG|tdc_tsw
15:38:46.2 (105672857)|ENTERING_MANAGED_PKG|tdc_tsw
15:38:46.2 (106225392)|ENTERING_MANAGED_PKG|tdc_tsw
15:38:46.2 (106298569)|ENTERING_MANAGED_PKG|tdc_tsw
15:38:46.2 (106894686)|ENTERING_MANAGED_PKG|tdc_tsw
15:38:46.2 (106967292)|ENTERING_MANAGED_PKG|tdc_tsw
15:38:46.2 (107550076)|ENTERING_MANAGED_PKG|tdc_tsw
15:38:46.2 (107624924)|ENTERING_MANAGED_PKG|tdc_tsw
15:38:46.2 (108240586)|ENTERING_MANAGED_PKG|tdc_tsw
15:38:46.2 (108314148)|ENTERING_MANAGED_PKG|tdc_tsw
15:38:46.2 (108912341)|ENTERING_MANAGED_PKG|tdc_tsw
15:38:46.2 (108985715)|ENTERING_MANAGED_PKG|tdc_tsw
15:38:46.2 (109615584)|ENTERING_MANAGED_PKG|tdc_tsw
15:38:46.2 (109689332)|ENTERING_MANAGED_PKG|tdc_tsw
15:38:46.2 (110572555)|ENTERING_MANAGED_PKG|tdc_tsw
15:38:46.2 (110647188)|ENTERING_MANAGED_PKG|tdc_tsw
15:38:46.2 (111410719)|ENTERING_MANAGED_PKG|tdc_tsw
15:38:46.2 (111546327)|ENTERING_MANAGED_PKG|tdc_tsw
15:38:46.2 (112078832)|ENTERING_MANAGED_PKG|tdc_tsw
15:38:46.2 (112153203)|ENTERING_MANAGED_PKG|tdc_tsw
15:38:46.2 (112735243)|ENTERING_MANAGED_PKG|tdc_tsw
15:38:46.2 (112809205)|ENTERING_MANAGED_PKG|tdc_tsw
15:38:46.2 (113703323)|ENTERING_MANAGED_PKG|tdc_tsw
15:38:46.2 (113780802)|ENTERING_MANAGED_PKG|tdc_tsw
15:38:46.2 (114093991)|ENTERING_MANAGED_PKG|tdc_tsw
15:38:46.2 (114167581)|ENTERING_MANAGED_PKG|tdc_tsw
15:38:46.2 (114857122)|ENTERING_MANAGED_PKG|tdc_tsw
15:38:46.2 (114931594)|ENTERING_MANAGED_PKG|tdc_tsw
15:38:46.2 (115627808)|ENTERING_MANAGED_PKG|tdc_tsw
15:38:46.2 (115725565)|ENTERING_MANAGED_PKG|tdc_tsw
15:38:46.2 (116180129)|ENTERING_MANAGED_PKG|tdc_tsw
15:38:46.2 (116302495)|ENTERING_MANAGED_PKG|tdc_tsw
15:38:46.2 (116979116)|ENTERING_MANAGED_PKG|tdc_tsw
15:38:46.2 (117053796)|ENTERING_MANAGED_PKG|tdc_tsw
15:38:46.2 (117364826)|ENTERING_MANAGED_PKG|tdc_tsw
15:38:46.2 (117437537)|ENTERING_MANAGED_PKG|tdc_tsw
15:38:46.2 (118029929)|ENTERING_MANAGED_PKG|tdc_tsw
15:38:46.2 (118104498)|ENTERING_MANAGED_PKG|tdc_tsw
15:38:46.2 (118423491)|ENTERING_MANAGED_PKG|tdc_tsw
15:38:46.2 (118495588)|ENTERING_MANAGED_PKG|tdc_tsw
15:38:46.2 (119081539)|ENTERING_MANAGED_PKG|tdc_tsw
15:38:46.2 (119156932)|ENTERING_MANAGED_PKG|tdc_tsw
15:38:46.2 (119462941)|ENTERING_MANAGED_PKG|tdc_tsw
15:38:46.2 (119543030)|ENTERING_MANAGED_PKG|tdc_tsw
15:38:46.2 (120093683)|ENTERING_MANAGED_PKG|tdc_tsw
15:38:46.2 (120168401)|ENTERING_MANAGED_PKG|tdc_tsw
15:38:46.2 (120474087)|ENTERING_MANAGED_PKG|tdc_tsw
15:38:46.2 (120553595)|ENTERING_MANAGED_PKG|tdc_tsw
15:38:46.2 (121074991)|ENTERING_MANAGED_PKG|tdc_tsw
15:38:46.2 (121149877)|ENTERING_MANAGED_PKG|tdc_tsw
15:38:46.2 (121452186)|ENTERING_MANAGED_PKG|tdc_tsw
15:38:46.2 (121524844)|ENTERING_MANAGED_PKG|tdc_tsw
15:38:46.2 (122115710)|ENTERING_MANAGED_PKG|tdc_tsw
15:38:46.2 (122189911)|ENTERING_MANAGED_PKG|tdc_tsw
15:38:46.2 (122494127)|ENTERING_MANAGED_PKG|tdc_tsw
15:38:46.2 (122574593)|ENTERING_MANAGED_PKG|tdc_tsw
15:38:46.2 (123157981)|ENTERING_MANAGED_PKG|tdc_tsw
15:38:46.2 (123232615)|ENTERING_MANAGED_PKG|tdc_tsw
15:38:46.2 (123544583)|ENTERING_MANAGED_PKG|tdc_tsw
15:38:46.2 (123619424)|ENTERING_MANAGED_PKG|tdc_tsw
15:38:46.2 (124135322)|ENTERING_MANAGED_PKG|tdc_tsw
15:38:46.2 (124210920)|ENTERING_MANAGED_PKG|tdc_tsw
15:38:46.2 (124514776)|ENTERING_MANAGED_PKG|tdc_tsw
15:38:46.2 (124598704)|ENTERING_MANAGED_PKG|tdc_tsw
15:38:46.2 (125093297)|ENTERING_MANAGED_PKG|tdc_tsw
15:38:46.2 (125167349)|ENTERING_MANAGED_PKG|tdc_tsw
15:38:46.2 (125733325)|ENTERING_MANAGED_PKG|tdc_tsw
15:38:46.2 (125806581)|ENTERING_MANAGED_PKG|tdc_tsw
15:38:46.2 (126109228)|ENTERING_MANAGED_PKG|tdc_tsw
15:38:46.2 (126183210)|ENTERING_MANAGED_PKG|tdc_tsw
15:38:46.2 (126695989)|ENTERING_MANAGED_PKG|tdc_tsw
15:38:46.2 (126770542)|ENTERING_MANAGED_PKG|tdc_tsw
15:38:46.2 (136915801)|ENTERING_MANAGED_PKG|tdc_tsw
15:38:46.2 (137022831)|ENTERING_MANAGED_PKG|tdc_tsw
15:38:46.2 (137721033)|ENTERING_MANAGED_PKG|tdc_tsw
15:38:46.2 (137796489)|ENTERING_MANAGED_PKG|tdc_tsw
15:38:46.2 (138527598)|ENTERING_MANAGED_PKG|tdc_tsw
15:38:46.2 (138612746)|ENTERING_MANAGED_PKG|tdc_tsw
15:38:46.2 (139608050)|ENTERING_MANAGED_PKG|tdc_tsw
15:38:46.2 (139692162)|ENTERING_MANAGED_PKG|tdc_tsw
15:38:46.2 (140606495)|ENTERING_MANAGED_PKG|tdc_tsw
15:38:46.2 (140685148)|ENTERING_MANAGED_PKG|tdc_tsw
15:38:46.2 (141325056)|ENTERING_MANAGED_PKG|tdc_tsw
15:38:46.2 (141407854)|ENTERING_MANAGED_PKG|tdc_tsw
15:38:46.2 (142052860)|ENTERING_MANAGED_PKG|tdc_tsw
15:38:46.2 (142129449)|ENTERING_MANAGED_PKG|tdc_tsw
15:38:46.2 (142774067)|ENTERING_MANAGED_PKG|tdc_tsw
15:38:46.2 (142848109)|ENTERING_MANAGED_PKG|tdc_tsw
15:38:46.2 (143443818)|ENTERING_MANAGED_PKG|tdc_tsw
15:38:46.2 (143518806)|ENTERING_MANAGED_PKG|tdc_tsw
15:38:46.2 (144161594)|ENTERING_MANAGED_PKG|tdc_tsw
15:38:46.2 (144235562)|ENTERING_MANAGED_PKG|tdc_tsw
15:38:46.2 (144830677)|ENTERING_MANAGED_PKG|tdc_tsw
15:38:46.2 (144903516)|ENTERING_MANAGED_PKG|tdc_tsw
15:38:46.2 (145547541)|ENTERING_MANAGED_PKG|tdc_tsw
15:38:46.2 (145623664)|ENTERING_MANAGED_PKG|tdc_tsw
15:38:46.2 (146241956)|ENTERING_MANAGED_PKG|tdc_tsw
15:38:46.2 (146316798)|ENTERING_MANAGED_PKG|tdc_tsw
15:38:46.2 (146950294)|ENTERING_MANAGED_PKG|tdc_tsw
15:38:46.2 (147025050)|ENTERING_MANAGED_PKG|tdc_tsw
15:38:46.2 (147714925)|ENTERING_MANAGED_PKG|tdc_tsw
15:38:46.2 (147789747)|ENTERING_MANAGED_PKG|tdc_tsw
15:38:46.2 (148402050)|ENTERING_MANAGED_PKG|tdc_tsw
15:38:46.2 (148485026)|ENTERING_MANAGED_PKG|tdc_tsw
15:38:46.2 (149093470)|ENTERING_MANAGED_PKG|tdc_tsw
15:38:46.2 (149173207)|ENTERING_MANAGED_PKG|tdc_tsw
15:38:46.2 (149788579)|ENTERING_MANAGED_PKG|tdc_tsw
15:38:46.2 (149864575)|ENTERING_MANAGED_PKG|tdc_tsw
15:38:46.2 (150511391)|ENTERING_MANAGED_PKG|tdc_tsw
15:38:46.2 (150596489)|ENTERING_MANAGED_PKG|tdc_tsw
15:38:46.2 (151262726)|ENTERING_MANAGED_PKG|tdc_tsw
15:38:46.2 (151340497)|ENTERING_MANAGED_PKG|tdc_tsw
15:38:46.2 (152035570)|ENTERING_MANAGED_PKG|tdc_tsw
15:38:46.2 (152111946)|ENTERING_MANAGED_PKG|tdc_tsw
15:38:46.2 (152762418)|ENTERING_MANAGED_PKG|tdc_tsw
15:38:46.2 (152838142)|ENTERING_MANAGED_PKG|tdc_tsw
15:38:46.2 (153467604)|ENTERING_MANAGED_PKG|tdc_tsw
15:38:46.2 (153556417)|ENTERING_MANAGED_PKG|tdc_tsw
15:38:46.2 (154274236)|ENTERING_MANAGED_PKG|tdc_tsw
15:38:46.2 (154353185)|ENTERING_MANAGED_PKG|tdc_tsw
15:38:46.2 (155083394)|ENTERING_MANAGED_PKG|tdc_tsw
15:38:46.2 (155171763)|ENTERING_MANAGED_PKG|tdc_tsw
15:38:46.2 (155822840)|ENTERING_MANAGED_PKG|tdc_tsw
15:38:46.2 (155899018)|ENTERING_MANAGED_PKG|tdc_tsw
15:38:46.2 (156464686)|ENTERING_MANAGED_PKG|tdc_tsw
15:38:46.2 (156554457)|ENTERING_MANAGED_PKG|tdc_tsw
15:38:46.2 (157204492)|ENTERING_MANAGED_PKG|tdc_tsw
15:38:46.2 (157280402)|ENTERING_MANAGED_PKG|tdc_tsw
15:38:46.2 (157923443)|ENTERING_MANAGED_PKG|tdc_tsw
15:38:46.2 (157998633)|ENTERING_MANAGED_PKG|tdc_tsw
15:38:46.2 (158722717)|ENTERING_MANAGED_PKG|tdc_tsw
15:38:46.2 (158803173)|ENTERING_MANAGED_PKG|tdc_tsw
15:38:46.2 (159438500)|ENTERING_MANAGED_PKG|tdc_tsw
15:38:46.2 (159515619)|ENTERING_MANAGED_PKG|tdc_tsw
15:38:46.2 (160236253)|ENTERING_MANAGED_PKG|tdc_tsw
15:38:46.2 (160312297)|ENTERING_MANAGED_PKG|tdc_tsw
15:38:46.2 (160937641)|ENTERING_MANAGED_PKG|tdc_tsw
15:38:46.2 (161016963)|ENTERING_MANAGED_PKG|tdc_tsw
15:38:46.2 (161730378)|ENTERING_MANAGED_PKG|tdc_tsw
15:38:46.2 (161804934)|ENTERING_MANAGED_PKG|tdc_tsw
15:38:46.2 (162686551)|ENTERING_MANAGED_PKG|tdc_tsw
15:38:46.2 (162762668)|ENTERING_MANAGED_PKG|tdc_tsw
15:38:46.2 (163344574)|ENTERING_MANAGED_PKG|tdc_tsw
15:38:46.2 (163420225)|ENTERING_MANAGED_PKG|tdc_tsw
15:38:46.2 (164367864)|ENTERING_MANAGED_PKG|tdc_tsw
15:38:46.2 (164444251)|ENTERING_MANAGED_PKG|tdc_tsw
15:38:46.2 (164987494)|ENTERING_MANAGED_PKG|tdc_tsw
15:38:46.2 (165065323)|ENTERING_MANAGED_PKG|tdc_tsw
15:38:46.2 (165600595)|ENTERING_MANAGED_PKG|tdc_tsw
15:38:46.2 (165675710)|ENTERING_MANAGED_PKG|tdc_tsw
15:38:46.2 (166196791)|ENTERING_MANAGED_PKG|tdc_tsw
15:38:46.2 (166272514)|ENTERING_MANAGED_PKG|tdc_tsw
15:38:46.2 (166438063)|ENTERING_MANAGED_PKG|tdc_tsw
15:38:46.2 (166493329)|ENTERING_MANAGED_PKG|tdc_tsw
15:38:46.2 (166522749)|ENTERING_MANAGED_PKG|tdc_tsw
15:38:46.2 (166569486)|ENTERING_MANAGED_PKG|tdc_tsw
15:38:46.2 (166598247)|ENTERING_MANAGED_PKG|tdc_tsw
15:38:46.2 (166634652)|ENTERING_MANAGED_PKG|tdc_tsw
15:38:46.2 (166661989)|ENTERING_MANAGED_PKG|tdc_tsw
15:38:46.2 (166702683)|ENTERING_MANAGED_PKG|tdc_tsw
15:38:46.2 (166729833)|ENTERING_MANAGED_PKG|tdc_tsw
15:38:46.2 (166765039)|ENTERING_MANAGED_PKG|tdc_tsw
15:38:46.2 (166791839)|ENTERING_MANAGED_PKG|tdc_tsw
15:38:46.2 (166826171)|ENTERING_MANAGED_PKG|tdc_tsw
15:38:46.2 (166852970)|ENTERING_MANAGED_PKG|tdc_tsw
15:38:46.2 (166887967)|ENTERING_MANAGED_PKG|tdc_tsw
15:38:46.2 (166914783)|ENTERING_MANAGED_PKG|tdc_tsw
15:38:46.2 (166949236)|ENTERING_MANAGED_PKG|tdc_tsw
15:38:46.2 (166976125)|ENTERING_MANAGED_PKG|tdc_tsw
15:38:46.2 (167011120)|ENTERING_MANAGED_PKG|tdc_tsw
15:38:46.2 (167039675)|ENTERING_MANAGED_PKG|tdc_tsw
15:38:46.2 (167078991)|ENTERING_MANAGED_PKG|tdc_tsw
15:38:46.2 (167106189)|ENTERING_MANAGED_PKG|tdc_tsw
15:38:46.2 (167146486)|ENTERING_MANAGED_PKG|tdc_tsw
15:38:46.2 (167174235)|ENTERING_MANAGED_PKG|tdc_tsw
15:38:46.2 (167209228)|ENTERING_MANAGED_PKG|tdc_tsw
15:38:46.2 (167240502)|ENTERING_MANAGED_PKG|tdc_tsw
15:38:46.2 (167276032)|ENTERING_MANAGED_PKG|tdc_tsw
15:38:46.2 (167302368)|ENTERING_MANAGED_PKG|tdc_tsw
15:38:46.2 (167337573)|ENTERING_MANAGED_PKG|tdc_tsw
15:38:46.2 (167364051)|ENTERING_MANAGED_PKG|tdc_tsw
15:38:46.2 (167397483)|ENTERING_MANAGED_PKG|tdc_tsw
15:38:46.2 (167445670)|ENTERING_MANAGED_PKG|tdc_tsw
15:38:46.2 (167473918)|ENTERING_MANAGED_PKG|tdc_tsw
15:38:46.2 (167516235)|ENTERING_MANAGED_PKG|tdc_tsw
15:38:46.2 (167552482)|ENTERING_MANAGED_PKG|tdc_tsw
15:38:46.2 (167637444)|ENTERING_MANAGED_PKG|tdc_tsw
15:38:46.2 (167852926)|ENTERING_MANAGED_PKG|tdc_tsw
15:38:46.2 (167924961)|ENTERING_MANAGED_PKG|tdc_tsw
15:38:46.2 (167988564)|ENTERING_MANAGED_PKG|tdc_tsw
15:38:46.2 (168059872)|ENTERING_MANAGED_PKG|tdc_tsw
15:38:46.2 (168142416)|ENTERING_MANAGED_PKG|tdc_tsw
15:38:46.2 (168229823)|ENTERING_MANAGED_PKG|tdc_tsw
15:38:46.2 (168289537)|ENTERING_MANAGED_PKG|tdc_tsw
15:38:46.2 (168332980)|ENTERING_MANAGED_PKG|tdc_tsw
15:38:46.2 (168397521)|ENTERING_MANAGED_PKG|tdc_tsw
15:38:46.2 (168460584)|ENTERING_MANAGED_PKG|tdc_tsw
15:38:46.2 (168519467)|ENTERING_MANAGED_PKG|tdc_tsw
15:38:46.2 (168602544)|ENTERING_MANAGED_PKG|tdc_tsw
15:38:46.2 (168651814)|ENTERING_MANAGED_PKG|tdc_tsw
15:38:46.2 (203342723)|ENTERING_MANAGED_PKG|tdc_tsw
15:38:46.2 (203482400)|ENTERING_MANAGED_PKG|tdc_tsw
15:38:46.2 (203722467)|ENTERING_MANAGED_PKG|tdc_tsw
15:38:46.2 (203792840)|ENTERING_MANAGED_PKG|tdc_tsw
15:38:46.2 (204014972)|ENTERING_MANAGED_PKG|tdc_tsw
15:38:46.2 (204084806)|ENTERING_MANAGED_PKG|tdc_tsw
15:38:46.2 (204309506)|ENTERING_MANAGED_PKG|tdc_tsw
15:38:46.2 (204378442)|ENTERING_MANAGED_PKG|tdc_tsw
15:38:46.2 (204610514)|ENTERING_MANAGED_PKG|tdc_tsw
15:38:46.2 (204679555)|ENTERING_MANAGED_PKG|tdc_tsw
15:38:46.2 (204901762)|ENTERING_MANAGED_PKG|tdc_tsw
15:38:46.2 (204971108)|ENTERING_MANAGED_PKG|tdc_tsw
15:38:46.2 (205192344)|ENTERING_MANAGED_PKG|tdc_tsw
15:38:46.2 (205264435)|ENTERING_MANAGED_PKG|tdc_tsw
15:38:46.2 (205497921)|ENTERING_MANAGED_PKG|tdc_tsw
15:38:46.2 (205574734)|ENTERING_MANAGED_PKG|tdc_tsw
15:38:46.2 (205797290)|ENTERING_MANAGED_PKG|tdc_tsw
15:38:46.2 (205865876)|ENTERING_MANAGED_PKG|tdc_tsw
15:38:46.2 (206088402)|ENTERING_MANAGED_PKG|tdc_tsw
15:38:46.2 (206158641)|ENTERING_MANAGED_PKG|tdc_tsw
15:38:46.2 (206379384)|ENTERING_MANAGED_PKG|tdc_tsw
15:38:46.2 (206447608)|ENTERING_MANAGED_PKG|tdc_tsw
15:38:46.2 (206727364)|ENTERING_MANAGED_PKG|tdc_tsw
15:38:46.2 (206796104)|ENTERING_MANAGED_PKG|tdc_tsw
15:38:46.2 (207027440)|ENTERING_MANAGED_PKG|tdc_tsw
15:38:46.2 (207097562)|ENTERING_MANAGED_PKG|tdc_tsw
15:38:46.2 (207318774)|ENTERING_MANAGED_PKG|tdc_tsw
15:38:46.2 (207387988)|ENTERING_MANAGED_PKG|tdc_tsw
15:38:46.2 (207874551)|ENTERING_MANAGED_PKG|tdc_tsw
15:38:46.2 (207943575)|ENTERING_MANAGED_PKG|tdc_tsw
15:38:46.2 (208165016)|ENTERING_MANAGED_PKG|tdc_tsw
15:38:46.2 (208234911)|ENTERING_MANAGED_PKG|tdc_tsw
15:38:46.2 (208455971)|ENTERING_MANAGED_PKG|tdc_tsw
15:38:46.2 (208525336)|ENTERING_MANAGED_PKG|tdc_tsw
15:38:46.2 (208754162)|ENTERING_MANAGED_PKG|tdc_tsw
15:38:46.2 (208823250)|ENTERING_MANAGED_PKG|tdc_tsw
15:38:46.2 (209094356)|ENTERING_MANAGED_PKG|tdc_tsw
15:38:46.2 (209164934)|ENTERING_MANAGED_PKG|tdc_tsw
15:38:46.2 (209527984)|ENTERING_MANAGED_PKG|tdc_tsw
15:38:46.2 (209603522)|ENTERING_MANAGED_PKG|tdc_tsw
15:38:46.2 (209825126)|ENTERING_MANAGED_PKG|tdc_tsw
15:38:46.2 (209896266)|ENTERING_MANAGED_PKG|tdc_tsw
15:38:46.2 (210121869)|ENTERING_MANAGED_PKG|tdc_tsw
15:38:46.2 (210191642)|ENTERING_MANAGED_PKG|tdc_tsw
15:38:46.2 (210419344)|ENTERING_MANAGED_PKG|tdc_tsw
15:38:46.2 (210488811)|ENTERING_MANAGED_PKG|tdc_tsw
15:38:46.2 (210717537)|ENTERING_MANAGED_PKG|tdc_tsw
15:38:46.2 (210787160)|ENTERING_MANAGED_PKG|tdc_tsw
15:38:46.2 (211066706)|ENTERING_MANAGED_PKG|tdc_tsw
15:38:46.2 (211137703)|ENTERING_MANAGED_PKG|tdc_tsw
15:38:46.2 (211653056)|ENTERING_MANAGED_PKG|tdc_tsw
15:38:46.2 (211722751)|ENTERING_MANAGED_PKG|tdc_tsw
15:38:46.2 (211947724)|ENTERING_MANAGED_PKG|tdc_tsw
15:38:46.2 (212017461)|ENTERING_MANAGED_PKG|tdc_tsw
15:38:46.2 (212239247)|ENTERING_MANAGED_PKG|tdc_tsw
15:38:46.2 (212308395)|ENTERING_MANAGED_PKG|tdc_tsw
15:38:46.2 (212529690)|ENTERING_MANAGED_PKG|tdc_tsw
15:38:46.2 (212607639)|ENTERING_MANAGED_PKG|tdc_tsw
15:38:46.2 (212830162)|ENTERING_MANAGED_PKG|tdc_tsw
15:38:46.2 (212899764)|ENTERING_MANAGED_PKG|tdc_tsw
15:38:46.2 (213120848)|ENTERING_MANAGED_PKG|tdc_tsw
15:38:46.2 (213191101)|ENTERING_MANAGED_PKG|tdc_tsw
15:38:46.2 (213411875)|ENTERING_MANAGED_PKG|tdc_tsw
15:38:46.2 (213481088)|ENTERING_MANAGED_PKG|tdc_tsw
15:38:46.2 (213709322)|ENTERING_MANAGED_PKG|tdc_tsw
15:38:46.2 (213778397)|ENTERING_MANAGED_PKG|tdc_tsw
15:38:46.2 (214138019)|ENTERING_MANAGED_PKG|tdc_tsw
15:38:46.2 (214208357)|ENTERING_MANAGED_PKG|tdc_tsw
15:38:46.2 (214428607)|ENTERING_MANAGED_PKG|tdc_tsw
15:38:46.2 (214497757)|ENTERING_MANAGED_PKG|tdc_tsw
15:38:46.2 (214674222)|ENTERING_MANAGED_PKG|tdc_tsw
15:38:46.2 (214743679)|ENTERING_MANAGED_PKG|tdc_tsw
15:38:46.2 (214913775)|ENTERING_MANAGED_PKG|tdc_tsw
15:38:46.2 (214987825)|ENTERING_MANAGED_PKG|tdc_tsw
15:38:46.2 (215258521)|ENTERING_MANAGED_PKG|tdc_tsw
15:38:46.2 (215329068)|ENTERING_MANAGED_PKG|tdc_tsw
15:38:46.2 (215500973)|ENTERING_MANAGED_PKG|tdc_tsw
15:38:46.2 (215577271)|ENTERING_MANAGED_PKG|tdc_tsw
15:38:46.2 (215839969)|ENTERING_MANAGED_PKG|tdc_tsw
15:38:46.2 (215909259)|ENTERING_MANAGED_PKG|tdc_tsw
15:38:46.2 (216080944)|ENTERING_MANAGED_PKG|tdc_tsw
15:38:46.2 (216151236)|ENTERING_MANAGED_PKG|tdc_tsw
15:38:46.2 (216321445)|ENTERING_MANAGED_PKG|tdc_tsw
15:38:46.2 (216390508)|ENTERING_MANAGED_PKG|tdc_tsw
15:38:46.2 (216567328)|ENTERING_MANAGED_PKG|tdc_tsw
15:38:46.2 (216944617)|ENTERING_MANAGED_PKG|tdc_tsw
15:38:46.2 (217117546)|ENTERING_MANAGED_PKG|tdc_tsw
15:38:46.2 (217189936)|ENTERING_MANAGED_PKG|tdc_tsw
15:38:46.2 (217379292)|ENTERING_MANAGED_PKG|tdc_tsw
15:38:46.2 (217448943)|ENTERING_MANAGED_PKG|tdc_tsw
15:38:46.2 (217630017)|ENTERING_MANAGED_PKG|tdc_tsw
15:38:46.2 (217700098)|ENTERING_MANAGED_PKG|tdc_tsw
15:38:46.2 (217872068)|ENTERING_MANAGED_PKG|tdc_tsw
15:38:46.2 (217942372)|ENTERING_MANAGED_PKG|tdc_tsw
15:38:46.2 (218113720)|ENTERING_MANAGED_PKG|tdc_tsw
15:38:46.2 (218184510)|ENTERING_MANAGED_PKG|tdc_tsw
15:38:46.2 (218356659)|ENTERING_MANAGED_PKG|tdc_tsw
15:38:46.2 (218433602)|ENTERING_MANAGED_PKG|tdc_tsw
15:38:46.2 (218614391)|ENTERING_MANAGED_PKG|tdc_tsw
15:38:46.2 (218692833)|ENTERING_MANAGED_PKG|tdc_tsw
15:38:46.2 (218890486)|ENTERING_MANAGED_PKG|tdc_tsw
15:38:46.2 (218968585)|ENTERING_MANAGED_PKG|tdc_tsw
15:38:46.2 (219141502)|ENTERING_MANAGED_PKG|tdc_tsw
15:38:46.2 (219215693)|ENTERING_MANAGED_PKG|tdc_tsw
15:38:46.2 (219390548)|ENTERING_MANAGED_PKG|tdc_tsw
15:38:46.2 (219460539)|ENTERING_MANAGED_PKG|tdc_tsw
15:38:46.2 (219689790)|ENTERING_MANAGED_PKG|tdc_tsw
15:38:46.2 (219767128)|ENTERING_MANAGED_PKG|tdc_tsw
15:38:46.2 (219971637)|ENTERING_MANAGED_PKG|tdc_tsw
15:38:46.2 (220044285)|ENTERING_MANAGED_PKG|tdc_tsw
15:38:46.2 (220217995)|ENTERING_MANAGED_PKG|tdc_tsw
15:38:46.2 (220287984)|ENTERING_MANAGED_PKG|tdc_tsw
15:38:46.2 (220479862)|ENTERING_MANAGED_PKG|tdc_tsw
15:38:46.2 (220560796)|ENTERING_MANAGED_PKG|tdc_tsw
15:38:46.2 (220734408)|ENTERING_MANAGED_PKG|tdc_tsw
15:38:46.2 (220804092)|ENTERING_MANAGED_PKG|tdc_tsw
15:38:46.2 (221111629)|ENTERING_MANAGED_PKG|tdc_tsw
15:38:46.2 (221184902)|ENTERING_MANAGED_PKG|tdc_tsw
15:38:46.2 (221356913)|ENTERING_MANAGED_PKG|tdc_tsw
15:38:46.2 (221427652)|ENTERING_MANAGED_PKG|tdc_tsw
15:38:46.2 (221612234)|ENTERING_MANAGED_PKG|tdc_tsw
15:38:46.2 (221682977)|ENTERING_MANAGED_PKG|tdc_tsw
15:38:46.2 (221854588)|ENTERING_MANAGED_PKG|tdc_tsw
15:38:46.2 (221924222)|ENTERING_MANAGED_PKG|tdc_tsw
15:38:46.2 (226100842)|ENTERING_MANAGED_PKG|tdc_tsw
15:38:46.2 (226173878)|ENTERING_MANAGED_PKG|tdc_tsw
15:38:46.2 (226404322)|ENTERING_MANAGED_PKG|tdc_tsw
15:38:46.2 (226475308)|ENTERING_MANAGED_PKG|tdc_tsw
15:38:46.2 (226705748)|ENTERING_MANAGED_PKG|tdc_tsw
15:38:46.2 (226776301)|ENTERING_MANAGED_PKG|tdc_tsw
15:38:46.2 (227184895)|ENTERING_MANAGED_PKG|tdc_tsw
15:38:46.2 (227256163)|ENTERING_MANAGED_PKG|tdc_tsw
15:38:46.2 (227630468)|ENTERING_MANAGED_PKG|tdc_tsw
15:38:46.2 (227702143)|ENTERING_MANAGED_PKG|tdc_tsw
15:38:46.2 (227924238)|ENTERING_MANAGED_PKG|tdc_tsw
15:38:46.2 (227994564)|ENTERING_MANAGED_PKG|tdc_tsw
15:38:46.2 (228216494)|ENTERING_MANAGED_PKG|tdc_tsw
15:38:46.2 (228287779)|ENTERING_MANAGED_PKG|tdc_tsw
15:38:46.2 (228516939)|ENTERING_MANAGED_PKG|tdc_tsw
15:38:46.2 (228593764)|ENTERING_MANAGED_PKG|tdc_tsw
15:38:46.2 (228815805)|ENTERING_MANAGED_PKG|tdc_tsw
15:38:46.2 (228886693)|ENTERING_MANAGED_PKG|tdc_tsw
15:38:46.2 (229115778)|ENTERING_MANAGED_PKG|tdc_tsw
15:38:46.2 (229187536)|ENTERING_MANAGED_PKG|tdc_tsw
15:38:46.2 (229420811)|ENTERING_MANAGED_PKG|tdc_tsw
15:38:46.2 (229496214)|ENTERING_MANAGED_PKG|tdc_tsw
15:38:46.2 (229726594)|ENTERING_MANAGED_PKG|tdc_tsw
15:38:46.2 (229801523)|ENTERING_MANAGED_PKG|tdc_tsw
15:38:46.2 (230024999)|ENTERING_MANAGED_PKG|tdc_tsw
15:38:46.2 (230106227)|ENTERING_MANAGED_PKG|tdc_tsw
15:38:46.2 (230334933)|ENTERING_MANAGED_PKG|tdc_tsw
15:38:46.2 (230405872)|ENTERING_MANAGED_PKG|tdc_tsw
15:38:46.2 (230688257)|ENTERING_MANAGED_PKG|tdc_tsw
15:38:46.2 (230766514)|ENTERING_MANAGED_PKG|tdc_tsw
15:38:46.2 (230990981)|ENTERING_MANAGED_PKG|tdc_tsw
15:38:46.2 (231062111)|ENTERING_MANAGED_PKG|tdc_tsw
15:38:46.2 (231285771)|ENTERING_MANAGED_PKG|tdc_tsw
15:38:46.2 (231356599)|ENTERING_MANAGED_PKG|tdc_tsw
15:38:46.2 (231588618)|ENTERING_MANAGED_PKG|tdc_tsw
15:38:46.2 (231660042)|ENTERING_MANAGED_PKG|tdc_tsw
15:38:46.2 (232034304)|ENTERING_MANAGED_PKG|tdc_tsw
15:38:46.2 (232138200)|ENTERING_MANAGED_PKG|tdc_tsw
15:38:46.2 (232659148)|ENTERING_MANAGED_PKG|tdc_tsw
15:38:46.2 (232781373)|ENTERING_MANAGED_PKG|tdc_tsw
15:38:46.2 (233316229)|ENTERING_MANAGED_PKG|tdc_tsw
15:38:46.2 (233441102)|ENTERING_MANAGED_PKG|tdc_tsw
15:38:46.2 (233848641)|ENTERING_MANAGED_PKG|tdc_tsw
15:38:46.2 (233923413)|ENTERING_MANAGED_PKG|tdc_tsw
15:38:46.2 (234146790)|ENTERING_MANAGED_PKG|tdc_tsw
15:38:46.2 (234219394)|ENTERING_MANAGED_PKG|tdc_tsw
15:38:46.2 (234481746)|ENTERING_MANAGED_PKG|tdc_tsw
15:38:46.2 (234587274)|ENTERING_MANAGED_PKG|tdc_tsw
15:38:46.2 (234813977)|ENTERING_MANAGED_PKG|tdc_tsw
15:38:46.2 (234885876)|ENTERING_MANAGED_PKG|tdc_tsw
15:38:46.2 (235112164)|ENTERING_MANAGED_PKG|tdc_tsw
15:38:46.2 (235184508)|ENTERING_MANAGED_PKG|tdc_tsw
15:38:46.2 (235444460)|ENTERING_MANAGED_PKG|tdc_tsw
15:38:46.2 (235516701)|ENTERING_MANAGED_PKG|tdc_tsw
15:38:46.2 (235808732)|ENTERING_MANAGED_PKG|tdc_tsw
15:38:46.2 (235881772)|ENTERING_MANAGED_PKG|tdc_tsw
15:38:46.2 (236245381)|ENTERING_MANAGED_PKG|tdc_tsw
15:38:46.2 (236322388)|ENTERING_MANAGED_PKG|tdc_tsw
15:38:46.2 (236617626)|ENTERING_MANAGED_PKG|tdc_tsw
15:38:46.2 (236689626)|ENTERING_MANAGED_PKG|tdc_tsw
15:38:46.2 (236913184)|ENTERING_MANAGED_PKG|tdc_tsw
15:38:46.2 (236984228)|ENTERING_MANAGED_PKG|tdc_tsw
15:38:46.2 (237206545)|ENTERING_MANAGED_PKG|tdc_tsw
15:38:46.2 (237278489)|ENTERING_MANAGED_PKG|tdc_tsw
15:38:46.2 (237507040)|ENTERING_MANAGED_PKG|tdc_tsw
15:38:46.2 (237598165)|ENTERING_MANAGED_PKG|tdc_tsw
15:38:46.2 (237871182)|ENTERING_MANAGED_PKG|tdc_tsw
15:38:46.2 (237942531)|ENTERING_MANAGED_PKG|tdc_tsw
15:38:46.2 (238354300)|ENTERING_MANAGED_PKG|tdc_tsw
15:38:46.2 (238426429)|ENTERING_MANAGED_PKG|tdc_tsw
15:38:46.2 (238659049)|ENTERING_MANAGED_PKG|tdc_tsw
15:38:46.2 (238731502)|ENTERING_MANAGED_PKG|tdc_tsw
15:38:46.2 (239161289)|ENTERING_MANAGED_PKG|tdc_tsw
15:38:46.2 (239234324)|ENTERING_MANAGED_PKG|tdc_tsw
15:38:46.2 (239447684)|ENTERING_MANAGED_PKG|tdc_tsw
15:38:46.2 (239521635)|ENTERING_MANAGED_PKG|tdc_tsw
15:38:46.2 (239708043)|ENTERING_MANAGED_PKG|tdc_tsw
15:38:46.2 (239780722)|ENTERING_MANAGED_PKG|tdc_tsw
15:38:46.2 (239955151)|ENTERING_MANAGED_PKG|tdc_tsw
15:38:46.2 (240027269)|ENTERING_MANAGED_PKG|tdc_tsw
15:38:46.2 (240184643)|ENTERING_MANAGED_PKG|tdc_tsw
15:38:46.2 (240242057)|ENTERING_MANAGED_PKG|tdc_tsw
15:38:46.2 (240271391)|ENTERING_MANAGED_PKG|tdc_tsw
15:38:46.2 (240304483)|ENTERING_MANAGED_PKG|tdc_tsw
15:38:46.2 (240331364)|ENTERING_MANAGED_PKG|tdc_tsw
15:38:46.2 (240363407)|ENTERING_MANAGED_PKG|tdc_tsw
15:38:46.2 (240390061)|ENTERING_MANAGED_PKG|tdc_tsw
15:38:46.2 (240422018)|ENTERING_MANAGED_PKG|tdc_tsw
15:38:46.2 (240447972)|ENTERING_MANAGED_PKG|tdc_tsw
15:38:46.2 (240479715)|ENTERING_MANAGED_PKG|tdc_tsw
15:38:46.2 (240505747)|ENTERING_MANAGED_PKG|tdc_tsw
15:38:46.2 (240545718)|ENTERING_MANAGED_PKG|tdc_tsw
15:38:46.2 (240573651)|ENTERING_MANAGED_PKG|tdc_tsw
15:38:46.2 (240606045)|ENTERING_MANAGED_PKG|tdc_tsw
15:38:46.2 (240631959)|ENTERING_MANAGED_PKG|tdc_tsw
15:38:46.2 (240663304)|ENTERING_MANAGED_PKG|tdc_tsw
15:38:46.2 (240689041)|ENTERING_MANAGED_PKG|tdc_tsw
15:38:46.2 (240720615)|ENTERING_MANAGED_PKG|tdc_tsw
15:38:46.2 (240746638)|ENTERING_MANAGED_PKG|tdc_tsw
15:38:46.2 (240778418)|ENTERING_MANAGED_PKG|tdc_tsw
15:38:46.2 (240804468)|ENTERING_MANAGED_PKG|tdc_tsw
15:38:46.2 (240835941)|ENTERING_MANAGED_PKG|tdc_tsw
15:38:46.2 (240862083)|ENTERING_MANAGED_PKG|tdc_tsw
15:38:46.2 (240897570)|ENTERING_MANAGED_PKG|tdc_tsw
15:38:46.2 (240923849)|ENTERING_MANAGED_PKG|tdc_tsw
15:38:46.2 (240956018)|ENTERING_MANAGED_PKG|tdc_tsw
15:38:46.2 (240981942)|ENTERING_MANAGED_PKG|tdc_tsw
15:38:46.2 (241013916)|ENTERING_MANAGED_PKG|tdc_tsw
15:38:46.2 (245836029)|ENTERING_MANAGED_PKG|tdc_tsw
15:38:46.2 (245882259)|ENTERING_MANAGED_PKG|tdc_tsw
15:38:46.2 (245915286)|ENTERING_MANAGED_PKG|tdc_tsw
15:38:46.2 (246334778)|ENTERING_MANAGED_PKG|tdc_tsw
15:38:46.2 (246392706)|ENTERING_MANAGED_PKG|tdc_tsw
15:38:46.2 (246423749)|ENTERING_MANAGED_PKG|tdc_tsw
15:38:46.2 (246439637)|ENTERING_MANAGED_PKG|tdc_tsw
15:38:46.2 (247260359)|SOQL_EXECUTE_BEGIN|[109]|Aggregations:0|SELECT id, name FROM Folder__c ORDER BY name ASC NULLS FIRST LIMIT 999
15:38:46.2 (249562322)|SOQL_EXECUTE_END|[109]|Rows:0
15:38:46.2 (249657227)|ENTERING_MANAGED_PKG|tdc_tsw
15:38:46.2 (249697111)|ENTERING_MANAGED_PKG|tdc_tsw
15:38:46.2 (249731622)|ENTERING_MANAGED_PKG|tdc_tsw
15:38:46.2 (249760955)|ENTERING_MANAGED_PKG|tdc_tsw
15:38:46.2 (249790527)|ENTERING_MANAGED_PKG|tdc_tsw
15:38:46.2 (249818915)|ENTERING_MANAGED_PKG|tdc_tsw
15:38:46.2 (249847365)|ENTERING_MANAGED_PKG|tdc_tsw
15:38:46.2 (249886925)|ENTERING_MANAGED_PKG|tdc_tsw
15:38:46.2 (249927094)|ENTERING_MANAGED_PKG|tdc_tsw
15:38:46.2 (250072969)|ENTERING_MANAGED_PKG|tdc_tsw
15:38:46.2 (250161952)|ENTERING_MANAGED_PKG|tdc_tsw
15:38:46.2 (250211486)|ENTERING_MANAGED_PKG|tdc_tsw
15:38:46.2 (250262475)|ENTERING_MANAGED_PKG|tdc_tsw
15:38:46.2 (250487347)|ENTERING_MANAGED_PKG|tdc_tsw
15:38:46.2 (250557971)|ENTERING_MANAGED_PKG|tdc_tsw
15:38:46.2 (250578696)|ENTERING_MANAGED_PKG|tdc_tsw
15:38:46.2 (250656316)|ENTERING_MANAGED_PKG|tdc_tsw
15:38:46.2 (250709287)|ENTERING_MANAGED_PKG|tdc_tsw
15:38:46.2 (250739616)|ENTERING_MANAGED_PKG|tdc_tsw
15:38:46.2 (285152929)|ENTERING_MANAGED_PKG|tdc_tsw
15:38:46.2 (285254540)|ENTERING_MANAGED_PKG|tdc_tsw
15:38:46.2 (285497833)|ENTERING_MANAGED_PKG|tdc_tsw
15:38:46.2 (285652297)|ENTERING_MANAGED_PKG|tdc_tsw
15:38:46.2 (285991436)|ENTERING_MANAGED_PKG|tdc_tsw
15:38:46.2 (286067779)|ENTERING_MANAGED_PKG|tdc_tsw
15:38:46.2 (286295631)|ENTERING_MANAGED_PKG|tdc_tsw
15:38:46.2 (286446124)|ENTERING_MANAGED_PKG|tdc_tsw
15:38:46.2 (286693246)|ENTERING_MANAGED_PKG|tdc_tsw
15:38:46.2 (286764878)|ENTERING_MANAGED_PKG|tdc_tsw
15:38:46.2 (287289995)|ENTERING_MANAGED_PKG|tdc_tsw
15:38:46.2 (287362041)|ENTERING_MANAGED_PKG|tdc_tsw
15:38:46.2 (287596049)|ENTERING_MANAGED_PKG|tdc_tsw
15:38:46.2 (287696710)|ENTERING_MANAGED_PKG|tdc_tsw
15:38:46.2 (287926493)|ENTERING_MANAGED_PKG|tdc_tsw
15:38:46.2 (287995699)|ENTERING_MANAGED_PKG|tdc_tsw
15:38:46.2 (288221226)|ENTERING_MANAGED_PKG|tdc_tsw
15:38:46.2 (288292397)|ENTERING_MANAGED_PKG|tdc_tsw
15:38:46.2 (288517406)|ENTERING_MANAGED_PKG|tdc_tsw
15:38:46.2 (288614506)|ENTERING_MANAGED_PKG|tdc_tsw
15:38:46.2 (288861400)|ENTERING_MANAGED_PKG|tdc_tsw
15:38:46.2 (288931284)|ENTERING_MANAGED_PKG|tdc_tsw
15:38:46.2 (289229012)|ENTERING_MANAGED_PKG|tdc_tsw
15:38:46.2 (289300278)|ENTERING_MANAGED_PKG|tdc_tsw
15:38:46.2 (289533275)|ENTERING_MANAGED_PKG|tdc_tsw
15:38:46.2 (289613393)|ENTERING_MANAGED_PKG|tdc_tsw
15:38:46.2 (289895268)|ENTERING_MANAGED_PKG|tdc_tsw
15:38:46.2 (289970489)|ENTERING_MANAGED_PKG|tdc_tsw
15:38:46.2 (290465752)|ENTERING_MANAGED_PKG|tdc_tsw
15:38:46.2 (290559842)|ENTERING_MANAGED_PKG|tdc_tsw
15:38:46.2 (290793021)|ENTERING_MANAGED_PKG|tdc_tsw
15:38:46.2 (290867279)|ENTERING_MANAGED_PKG|tdc_tsw
15:38:46.2 (291091621)|ENTERING_MANAGED_PKG|tdc_tsw
15:38:46.2 (291162562)|ENTERING_MANAGED_PKG|tdc_tsw
15:38:46.2 (291402537)|ENTERING_MANAGED_PKG|tdc_tsw
15:38:46.2 (291472923)|ENTERING_MANAGED_PKG|tdc_tsw
15:38:46.2 (291767373)|ENTERING_MANAGED_PKG|tdc_tsw
15:38:46.2 (291837902)|ENTERING_MANAGED_PKG|tdc_tsw
15:38:46.2 (292221995)|ENTERING_MANAGED_PKG|tdc_tsw
15:38:46.2 (292296148)|ENTERING_MANAGED_PKG|tdc_tsw
15:38:46.2 (292522198)|ENTERING_MANAGED_PKG|tdc_tsw
15:38:46.2 (292598250)|ENTERING_MANAGED_PKG|tdc_tsw
15:38:46.2 (292823240)|ENTERING_MANAGED_PKG|tdc_tsw
15:38:46.2 (292892518)|ENTERING_MANAGED_PKG|tdc_tsw
15:38:46.2 (293124285)|ENTERING_MANAGED_PKG|tdc_tsw
15:38:46.2 (293195549)|ENTERING_MANAGED_PKG|tdc_tsw
15:38:46.2 (293426322)|ENTERING_MANAGED_PKG|tdc_tsw
15:38:46.2 (293496402)|ENTERING_MANAGED_PKG|tdc_tsw
15:38:46.2 (293785450)|ENTERING_MANAGED_PKG|tdc_tsw
15:38:46.2 (293855995)|ENTERING_MANAGED_PKG|tdc_tsw
15:38:46.2 (294378935)|ENTERING_MANAGED_PKG|tdc_tsw
15:38:46.2 (294450284)|ENTERING_MANAGED_PKG|tdc_tsw
15:38:46.2 (294692176)|ENTERING_MANAGED_PKG|tdc_tsw
15:38:46.2 (294762175)|ENTERING_MANAGED_PKG|tdc_tsw
15:38:46.2 (294997659)|ENTERING_MANAGED_PKG|tdc_tsw
15:38:46.2 (295068255)|ENTERING_MANAGED_PKG|tdc_tsw
15:38:46.2 (295293472)|ENTERING_MANAGED_PKG|tdc_tsw
15:38:46.2 (295362726)|ENTERING_MANAGED_PKG|tdc_tsw
15:38:46.2 (295603959)|ENTERING_MANAGED_PKG|tdc_tsw
15:38:46.2 (295674680)|ENTERING_MANAGED_PKG|tdc_tsw
15:38:46.2 (295900378)|ENTERING_MANAGED_PKG|tdc_tsw
15:38:46.2 (295970347)|ENTERING_MANAGED_PKG|tdc_tsw
15:38:46.2 (296195142)|ENTERING_MANAGED_PKG|tdc_tsw
15:38:46.2 (296266567)|ENTERING_MANAGED_PKG|tdc_tsw
15:38:46.2 (296492344)|ENTERING_MANAGED_PKG|tdc_tsw
15:38:46.2 (296568405)|ENTERING_MANAGED_PKG|tdc_tsw
15:38:46.2 (296936161)|ENTERING_MANAGED_PKG|tdc_tsw
15:38:46.2 (297011097)|ENTERING_MANAGED_PKG|tdc_tsw
15:38:46.2 (297241964)|ENTERING_MANAGED_PKG|tdc_tsw
15:38:46.2 (297313879)|ENTERING_MANAGED_PKG|tdc_tsw
15:38:46.2 (297560020)|ENTERING_MANAGED_PKG|tdc_tsw
15:38:46.2 (297640213)|ENTERING_MANAGED_PKG|tdc_tsw
15:38:46.2 (297871118)|ENTERING_MANAGED_PKG|tdc_tsw
15:38:46.2 (297965799)|ENTERING_MANAGED_PKG|tdc_tsw
15:38:46.2 (298295968)|ENTERING_MANAGED_PKG|tdc_tsw
15:38:46.2 (298369682)|ENTERING_MANAGED_PKG|tdc_tsw
15:38:46.2 (298553244)|ENTERING_MANAGED_PKG|tdc_tsw
15:38:46.2 (298625045)|ENTERING_MANAGED_PKG|tdc_tsw
15:38:46.2 (298923012)|ENTERING_MANAGED_PKG|tdc_tsw
15:38:46.2 (298999790)|ENTERING_MANAGED_PKG|tdc_tsw
15:38:46.2 (299182369)|ENTERING_MANAGED_PKG|tdc_tsw
15:38:46.2 (299254047)|ENTERING_MANAGED_PKG|tdc_tsw
15:38:46.2 (299427294)|ENTERING_MANAGED_PKG|tdc_tsw
15:38:46.2 (299501980)|ENTERING_MANAGED_PKG|tdc_tsw
15:38:46.2 (299686047)|ENTERING_MANAGED_PKG|tdc_tsw
15:38:46.2 (299773922)|ENTERING_MANAGED_PKG|tdc_tsw
15:38:46.2 (299949941)|ENTERING_MANAGED_PKG|tdc_tsw
15:38:46.2 (300020241)|ENTERING_MANAGED_PKG|tdc_tsw
15:38:46.2 (300194687)|ENTERING_MANAGED_PKG|tdc_tsw
15:38:46.2 (300264447)|ENTERING_MANAGED_PKG|tdc_tsw
15:38:46.2 (300457045)|ENTERING_MANAGED_PKG|tdc_tsw
15:38:46.2 (300527083)|ENTERING_MANAGED_PKG|tdc_tsw
15:38:46.2 (300708011)|ENTERING_MANAGED_PKG|tdc_tsw
15:38:46.2 (300778299)|ENTERING_MANAGED_PKG|tdc_tsw
15:38:46.2 (300952352)|ENTERING_MANAGED_PKG|tdc_tsw
15:38:46.2 (301023842)|ENTERING_MANAGED_PKG|tdc_tsw
15:38:46.2 (301203952)|ENTERING_MANAGED_PKG|tdc_tsw
15:38:46.2 (301274532)|ENTERING_MANAGED_PKG|tdc_tsw
15:38:46.2 (301453550)|ENTERING_MANAGED_PKG|tdc_tsw
15:38:46.2 (301560163)|ENTERING_MANAGED_PKG|tdc_tsw
15:38:46.2 (301739655)|ENTERING_MANAGED_PKG|tdc_tsw
15:38:46.2 (301810617)|ENTERING_MANAGED_PKG|tdc_tsw
15:38:46.2 (301984896)|ENTERING_MANAGED_PKG|tdc_tsw
15:38:46.2 (302055455)|ENTERING_MANAGED_PKG|tdc_tsw
15:38:46.2 (302291567)|ENTERING_MANAGED_PKG|tdc_tsw
15:38:46.2 (302364133)|ENTERING_MANAGED_PKG|tdc_tsw
15:38:46.2 (302551803)|ENTERING_MANAGED_PKG|tdc_tsw
15:38:46.2 (302625111)|ENTERING_MANAGED_PKG|tdc_tsw
15:38:46.2 (302810312)|ENTERING_MANAGED_PKG|tdc_tsw
15:38:46.2 (302884824)|ENTERING_MANAGED_PKG|tdc_tsw
15:38:46.2 (303065923)|ENTERING_MANAGED_PKG|tdc_tsw
15:38:46.2 (303137828)|ENTERING_MANAGED_PKG|tdc_tsw
15:38:46.2 (303318485)|ENTERING_MANAGED_PKG|tdc_tsw
15:38:46.2 (303390643)|ENTERING_MANAGED_PKG|tdc_tsw
15:38:46.2 (303583873)|ENTERING_MANAGED_PKG|tdc_tsw
15:38:46.2 (303657339)|ENTERING_MANAGED_PKG|tdc_tsw
15:38:46.2 (303925161)|ENTERING_MANAGED_PKG|tdc_tsw
15:38:46.2 (303995167)|ENTERING_MANAGED_PKG|tdc_tsw
15:38:46.2 (304169555)|ENTERING_MANAGED_PKG|tdc_tsw
15:38:46.2 (304240689)|ENTERING_MANAGED_PKG|tdc_tsw
15:38:46.2 (304415257)|ENTERING_MANAGED_PKG|tdc_tsw
15:38:46.2 (304486439)|ENTERING_MANAGED_PKG|tdc_tsw
15:38:46.2 (304668229)|ENTERING_MANAGED_PKG|tdc_tsw
15:38:46.2 (304739912)|ENTERING_MANAGED_PKG|tdc_tsw
15:38:46.2 (309206951)|ENTERING_MANAGED_PKG|tdc_tsw
15:38:46.2 (309284546)|ENTERING_MANAGED_PKG|tdc_tsw
15:38:46.2 (309567331)|ENTERING_MANAGED_PKG|tdc_tsw
15:38:46.2 (309641070)|ENTERING_MANAGED_PKG|tdc_tsw
15:38:46.2 (309866286)|ENTERING_MANAGED_PKG|tdc_tsw
15:38:46.2 (309937380)|ENTERING_MANAGED_PKG|tdc_tsw
15:38:46.2 (310681520)|ENTERING_MANAGED_PKG|tdc_tsw
15:38:46.2 (310806345)|ENTERING_MANAGED_PKG|tdc_tsw
15:38:46.2 (311429726)|ENTERING_MANAGED_PKG|tdc_tsw
15:38:46.2 (311570032)|ENTERING_MANAGED_PKG|tdc_tsw
15:38:46.2 (312029242)|ENTERING_MANAGED_PKG|tdc_tsw
15:38:46.2 (312149938)|ENTERING_MANAGED_PKG|tdc_tsw
15:38:46.2 (312553214)|ENTERING_MANAGED_PKG|tdc_tsw
15:38:46.2 (312676805)|ENTERING_MANAGED_PKG|tdc_tsw
15:38:46.2 (313130346)|ENTERING_MANAGED_PKG|tdc_tsw
15:38:46.2 (313232682)|ENTERING_MANAGED_PKG|tdc_tsw
15:38:46.2 (313487377)|ENTERING_MANAGED_PKG|tdc_tsw
15:38:46.2 (313569406)|ENTERING_MANAGED_PKG|tdc_tsw
15:38:46.2 (314018547)|ENTERING_MANAGED_PKG|tdc_tsw
15:38:46.2 (314151084)|ENTERING_MANAGED_PKG|tdc_tsw
15:38:46.2 (314623092)|ENTERING_MANAGED_PKG|tdc_tsw
15:38:46.2 (314743902)|ENTERING_MANAGED_PKG|tdc_tsw
15:38:46.2 (315122500)|ENTERING_MANAGED_PKG|tdc_tsw
15:38:46.2 (315249987)|ENTERING_MANAGED_PKG|tdc_tsw
15:38:46.2 (315647602)|ENTERING_MANAGED_PKG|tdc_tsw
15:38:46.2 (315761069)|ENTERING_MANAGED_PKG|tdc_tsw
15:38:46.2 (316002184)|ENTERING_MANAGED_PKG|tdc_tsw
15:38:46.2 (316077461)|ENTERING_MANAGED_PKG|tdc_tsw
15:38:46.2 (316305373)|ENTERING_MANAGED_PKG|tdc_tsw
15:38:46.2 (316404885)|ENTERING_MANAGED_PKG|tdc_tsw
15:38:46.2 (316649720)|ENTERING_MANAGED_PKG|tdc_tsw
15:38:46.2 (316721788)|ENTERING_MANAGED_PKG|tdc_tsw
15:38:46.2 (316948099)|ENTERING_MANAGED_PKG|tdc_tsw
15:38:46.2 (317019794)|ENTERING_MANAGED_PKG|tdc_tsw
15:38:46.2 (317252108)|ENTERING_MANAGED_PKG|tdc_tsw
15:38:46.2 (317329605)|ENTERING_MANAGED_PKG|tdc_tsw
15:38:46.2 (317692455)|ENTERING_MANAGED_PKG|tdc_tsw
15:38:46.2 (317765737)|ENTERING_MANAGED_PKG|tdc_tsw
15:38:46.2 (318071195)|ENTERING_MANAGED_PKG|tdc_tsw
15:38:46.2 (318144781)|ENTERING_MANAGED_PKG|tdc_tsw
15:38:46.2 (318419291)|ENTERING_MANAGED_PKG|tdc_tsw
15:38:46.2 (318490823)|ENTERING_MANAGED_PKG|tdc_tsw
15:38:46.2 (318773510)|ENTERING_MANAGED_PKG|tdc_tsw
15:38:46.2 (318846350)|ENTERING_MANAGED_PKG|tdc_tsw
15:38:46.2 (319087786)|ENTERING_MANAGED_PKG|tdc_tsw
15:38:46.2 (319204629)|ENTERING_MANAGED_PKG|tdc_tsw
15:38:46.2 (319457002)|ENTERING_MANAGED_PKG|tdc_tsw
15:38:46.2 (319529004)|ENTERING_MANAGED_PKG|tdc_tsw
15:38:46.2 (319764478)|ENTERING_MANAGED_PKG|tdc_tsw
15:38:46.2 (319861291)|ENTERING_MANAGED_PKG|tdc_tsw
15:38:46.2 (320141792)|ENTERING_MANAGED_PKG|tdc_tsw
15:38:46.2 (320234236)|ENTERING_MANAGED_PKG|tdc_tsw
15:38:46.2 (320479795)|ENTERING_MANAGED_PKG|tdc_tsw
15:38:46.2 (320559944)|ENTERING_MANAGED_PKG|tdc_tsw
15:38:46.2 (320792199)|ENTERING_MANAGED_PKG|tdc_tsw
15:38:46.2 (320864487)|ENTERING_MANAGED_PKG|tdc_tsw
15:38:46.2 (321111215)|ENTERING_MANAGED_PKG|tdc_tsw
15:38:46.2 (321185924)|ENTERING_MANAGED_PKG|tdc_tsw
15:38:46.2 (321460535)|ENTERING_MANAGED_PKG|tdc_tsw
15:38:46.2 (321533072)|ENTERING_MANAGED_PKG|tdc_tsw
15:38:46.2 (321814532)|ENTERING_MANAGED_PKG|tdc_tsw
15:38:46.2 (321887426)|ENTERING_MANAGED_PKG|tdc_tsw
15:38:46.2 (322131385)|ENTERING_MANAGED_PKG|tdc_tsw
15:38:46.2 (322220076)|ENTERING_MANAGED_PKG|tdc_tsw
15:38:46.2 (322451555)|ENTERING_MANAGED_PKG|tdc_tsw
15:38:46.2 (322525716)|ENTERING_MANAGED_PKG|tdc_tsw
15:38:46.2 (322811389)|ENTERING_MANAGED_PKG|tdc_tsw
15:38:46.2 (322887904)|ENTERING_MANAGED_PKG|tdc_tsw
15:38:46.2 (323317679)|ENTERING_MANAGED_PKG|tdc_tsw
15:38:46.2 (323390766)|ENTERING_MANAGED_PKG|tdc_tsw
15:38:46.2 (323658711)|ENTERING_MANAGED_PKG|tdc_tsw
15:38:46.2 (323749606)|ENTERING_MANAGED_PKG|tdc_tsw
15:38:46.2 (324175695)|ENTERING_MANAGED_PKG|tdc_tsw
15:38:46.2 (324249592)|ENTERING_MANAGED_PKG|tdc_tsw
15:38:46.2 (324425658)|ENTERING_MANAGED_PKG|tdc_tsw
15:38:46.2 (324498248)|ENTERING_MANAGED_PKG|tdc_tsw
15:38:46.2 (324690723)|ENTERING_MANAGED_PKG|tdc_tsw
15:38:46.2 (324762645)|ENTERING_MANAGED_PKG|tdc_tsw
15:38:46.2 (324938382)|ENTERING_MANAGED_PKG|tdc_tsw
15:38:46.2 (325011549)|ENTERING_MANAGED_PKG|tdc_tsw
15:38:46.2 (325168363)|ENTERING_MANAGED_PKG|tdc_tsw
15:38:46.2 (325197178)|ENTERING_MANAGED_PKG|tdc_tsw
15:38:46.2 (325223374)|ENTERING_MANAGED_PKG|tdc_tsw
15:38:46.2 (325247008)|ENTERING_MANAGED_PKG|tdc_tsw
15:38:46.2 (325270970)|ENTERING_MANAGED_PKG|tdc_tsw
15:38:46.2 (325295229)|ENTERING_MANAGED_PKG|tdc_tsw
15:38:46.2 (325319243)|ENTERING_MANAGED_PKG|tdc_tsw
15:38:46.2 (325343802)|ENTERING_MANAGED_PKG|tdc_tsw
15:38:46.2 (325367677)|ENTERING_MANAGED_PKG|tdc_tsw
15:38:46.2 (325392574)|ENTERING_MANAGED_PKG|tdc_tsw
15:38:46.2 (325416576)|ENTERING_MANAGED_PKG|tdc_tsw
15:38:46.2 (325440390)|ENTERING_MANAGED_PKG|tdc_tsw
15:38:46.2 (325464569)|ENTERING_MANAGED_PKG|tdc_tsw
15:38:46.2 (325488611)|ENTERING_MANAGED_PKG|tdc_tsw
15:38:46.2 (325512346)|ENTERING_MANAGED_PKG|tdc_tsw
15:38:46.2 (325544426)|ENTERING_MANAGED_PKG|tdc_tsw
15:38:46.2 (325570030)|ENTERING_MANAGED_PKG|tdc_tsw
15:38:46.2 (325594867)|ENTERING_MANAGED_PKG|tdc_tsw
15:38:46.2 (325618740)|ENTERING_MANAGED_PKG|tdc_tsw
15:38:46.2 (325643204)|ENTERING_MANAGED_PKG|tdc_tsw
15:38:46.2 (325666832)|ENTERING_MANAGED_PKG|tdc_tsw
15:38:46.2 (325690774)|ENTERING_MANAGED_PKG|tdc_tsw
15:38:46.2 (325714776)|ENTERING_MANAGED_PKG|tdc_tsw
15:38:46.2 (325738587)|ENTERING_MANAGED_PKG|tdc_tsw
15:38:46.2 (325762445)|ENTERING_MANAGED_PKG|tdc_tsw
15:38:46.2 (325786157)|ENTERING_MANAGED_PKG|tdc_tsw
15:38:46.2 (325810232)|ENTERING_MANAGED_PKG|tdc_tsw
15:38:46.2 (325834978)|ENTERING_MANAGED_PKG|tdc_tsw
15:38:46.2 (325858851)|ENTERING_MANAGED_PKG|tdc_tsw
15:38:46.2 (325883740)|ENTERING_MANAGED_PKG|tdc_tsw
15:38:46.2 (325919814)|ENTERING_MANAGED_PKG|tdc_tsw
15:38:46.2 (325942106)|ENTERING_MANAGED_PKG|tdc_tsw
15:38:46.2 (325998626)|ENTERING_MANAGED_PKG|tdc_tsw
15:38:46.2 (326020591)|ENTERING_MANAGED_PKG|tdc_tsw
15:38:46.2 (326091052)|ENTERING_MANAGED_PKG|tdc_tsw
15:38:46.2 (326222782)|ENTERING_MANAGED_PKG|tdc_tsw
15:38:46.2 (326256276)|ENTERING_MANAGED_PKG|tdc_tsw
15:38:46.2 (326283337)|ENTERING_MANAGED_PKG|tdc_tsw
15:38:46.2 (326321886)|ENTERING_MANAGED_PKG|tdc_tsw
15:38:46.2 (326382944)|ENTERING_MANAGED_PKG|tdc_tsw
15:38:46.2 (326430216)|ENTERING_MANAGED_PKG|tdc_tsw
15:38:46.2 (326457868)|ENTERING_MANAGED_PKG|tdc_tsw
15:38:46.2 (326479446)|ENTERING_MANAGED_PKG|tdc_tsw
15:38:46.2 (326514543)|ENTERING_MANAGED_PKG|tdc_tsw
15:38:46.2 (326549955)|ENTERING_MANAGED_PKG|tdc_tsw
15:38:46.2 (326584276)|ENTERING_MANAGED_PKG|tdc_tsw
15:38:46.2 (326615041)|ENTERING_MANAGED_PKG|tdc_tsw
15:38:46.2 (326641462)|ENTERING_MANAGED_PKG|tdc_tsw
15:38:46.2 (361185215)|ENTERING_MANAGED_PKG|tdc_tsw
15:38:46.2 (361284934)|ENTERING_MANAGED_PKG|tdc_tsw
15:38:46.2 (361518129)|ENTERING_MANAGED_PKG|tdc_tsw
15:38:46.2 (361599167)|ENTERING_MANAGED_PKG|tdc_tsw
15:38:46.2 (361833437)|ENTERING_MANAGED_PKG|tdc_tsw
15:38:46.2 (361903106)|ENTERING_MANAGED_PKG|tdc_tsw
15:38:46.2 (362124499)|ENTERING_MANAGED_PKG|tdc_tsw
15:38:46.2 (362194772)|ENTERING_MANAGED_PKG|tdc_tsw
15:38:46.2 (362417657)|ENTERING_MANAGED_PKG|tdc_tsw
15:38:46.2 (362486641)|ENTERING_MANAGED_PKG|tdc_tsw
15:38:46.2 (362728611)|ENTERING_MANAGED_PKG|tdc_tsw
15:38:46.2 (362802182)|ENTERING_MANAGED_PKG|tdc_tsw
15:38:46.2 (363025325)|ENTERING_MANAGED_PKG|tdc_tsw
15:38:46.2 (363095893)|ENTERING_MANAGED_PKG|tdc_tsw
15:38:46.2 (363317189)|ENTERING_MANAGED_PKG|tdc_tsw
15:38:46.2 (363386274)|ENTERING_MANAGED_PKG|tdc_tsw
15:38:46.2 (363615213)|ENTERING_MANAGED_PKG|tdc_tsw
15:38:46.2 (363684509)|ENTERING_MANAGED_PKG|tdc_tsw
15:38:46.2 (363905461)|ENTERING_MANAGED_PKG|tdc_tsw
15:38:46.2 (363974599)|ENTERING_MANAGED_PKG|tdc_tsw
15:38:46.2 (364195869)|ENTERING_MANAGED_PKG|tdc_tsw
15:38:46.2 (364266046)|ENTERING_MANAGED_PKG|tdc_tsw
15:38:46.2 (364544368)|ENTERING_MANAGED_PKG|tdc_tsw
15:38:46.2 (364615132)|ENTERING_MANAGED_PKG|tdc_tsw
15:38:46.2 (364958083)|ENTERING_MANAGED_PKG|tdc_tsw
15:38:46.2 (365064679)|ENTERING_MANAGED_PKG|tdc_tsw
15:38:46.2 (365421871)|ENTERING_MANAGED_PKG|tdc_tsw
15:38:46.2 (365493361)|ENTERING_MANAGED_PKG|tdc_tsw
15:38:46.2 (366184330)|ENTERING_MANAGED_PKG|tdc_tsw
15:38:46.2 (366307034)|ENTERING_MANAGED_PKG|tdc_tsw
15:38:46.2 (366608964)|ENTERING_MANAGED_PKG|tdc_tsw
15:38:46.2 (366681157)|ENTERING_MANAGED_PKG|tdc_tsw
15:38:46.2 (366904510)|ENTERING_MANAGED_PKG|tdc_tsw
15:38:46.2 (366973453)|ENTERING_MANAGED_PKG|tdc_tsw
15:38:46.2 (367194998)|ENTERING_MANAGED_PKG|tdc_tsw
15:38:46.2 (367265894)|ENTERING_MANAGED_PKG|tdc_tsw
15:38:46.2 (367539596)|ENTERING_MANAGED_PKG|tdc_tsw
15:38:46.2 (367611207)|ENTERING_MANAGED_PKG|tdc_tsw
15:38:46.2 (367971603)|ENTERING_MANAGED_PKG|tdc_tsw
15:38:46.2 (368040708)|ENTERING_MANAGED_PKG|tdc_tsw
15:38:46.2 (368263852)|ENTERING_MANAGED_PKG|tdc_tsw
15:38:46.2 (368333210)|ENTERING_MANAGED_PKG|tdc_tsw
15:38:46.2 (368560796)|ENTERING_MANAGED_PKG|tdc_tsw
15:38:46.2 (368630921)|ENTERING_MANAGED_PKG|tdc_tsw
15:38:46.2 (368852112)|ENTERING_MANAGED_PKG|tdc_tsw
15:38:46.2 (368921468)|ENTERING_MANAGED_PKG|tdc_tsw
15:38:46.2 (369142943)|ENTERING_MANAGED_PKG|tdc_tsw
15:38:46.2 (369213374)|ENTERING_MANAGED_PKG|tdc_tsw
15:38:46.2 (369482901)|ENTERING_MANAGED_PKG|tdc_tsw
15:38:46.2 (369560018)|ENTERING_MANAGED_PKG|tdc_tsw
15:38:46.2 (370069106)|ENTERING_MANAGED_PKG|tdc_tsw
15:38:46.2 (370140759)|ENTERING_MANAGED_PKG|tdc_tsw
15:38:46.2 (370375810)|ENTERING_MANAGED_PKG|tdc_tsw
15:38:46.2 (370445911)|ENTERING_MANAGED_PKG|tdc_tsw
15:38:46.2 (370686479)|ENTERING_MANAGED_PKG|tdc_tsw
15:38:46.2 (370756077)|ENTERING_MANAGED_PKG|tdc_tsw
15:38:46.2 (370976970)|ENTERING_MANAGED_PKG|tdc_tsw
15:38:46.2 (371046858)|ENTERING_MANAGED_PKG|tdc_tsw
15:38:46.2 (371269861)|ENTERING_MANAGED_PKG|tdc_tsw
15:38:46.2 (371339528)|ENTERING_MANAGED_PKG|tdc_tsw
15:38:46.2 (371567827)|ENTERING_MANAGED_PKG|tdc_tsw
15:38:46.2 (371637884)|ENTERING_MANAGED_PKG|tdc_tsw
15:38:46.2 (371858619)|ENTERING_MANAGED_PKG|tdc_tsw
15:38:46.2 (371927778)|ENTERING_MANAGED_PKG|tdc_tsw
15:38:46.2 (372148211)|ENTERING_MANAGED_PKG|tdc_tsw
15:38:46.2 (372218562)|ENTERING_MANAGED_PKG|tdc_tsw
15:38:46.2 (372697349)|ENTERING_MANAGED_PKG|tdc_tsw
15:38:46.2 (372829170)|ENTERING_MANAGED_PKG|tdc_tsw
15:38:46.2 (373283695)|ENTERING_MANAGED_PKG|tdc_tsw
15:38:46.2 (373415147)|ENTERING_MANAGED_PKG|tdc_tsw
15:38:46.2 (373758907)|ENTERING_MANAGED_PKG|tdc_tsw
15:38:46.2 (373885748)|ENTERING_MANAGED_PKG|tdc_tsw
15:38:46.2 (374226492)|ENTERING_MANAGED_PKG|tdc_tsw
15:38:46.2 (374353703)|ENTERING_MANAGED_PKG|tdc_tsw
15:38:46.2 (374683084)|ENTERING_MANAGED_PKG|tdc_tsw
15:38:46.2 (374755546)|ENTERING_MANAGED_PKG|tdc_tsw
15:38:46.2 (374927879)|ENTERING_MANAGED_PKG|tdc_tsw
15:38:46.2 (374997534)|ENTERING_MANAGED_PKG|tdc_tsw
15:38:46.2 (375258998)|ENTERING_MANAGED_PKG|tdc_tsw
15:38:46.2 (375330399)|ENTERING_MANAGED_PKG|tdc_tsw
15:38:46.2 (375571968)|ENTERING_MANAGED_PKG|tdc_tsw
15:38:46.2 (375660250)|ENTERING_MANAGED_PKG|tdc_tsw
15:38:46.2 (375835162)|ENTERING_MANAGED_PKG|tdc_tsw
15:38:46.2 (375904459)|ENTERING_MANAGED_PKG|tdc_tsw
15:38:46.2 (376076955)|ENTERING_MANAGED_PKG|tdc_tsw
15:38:46.2 (376148516)|ENTERING_MANAGED_PKG|tdc_tsw
15:38:46.2 (376319183)|ENTERING_MANAGED_PKG|tdc_tsw
15:38:46.2 (376388660)|ENTERING_MANAGED_PKG|tdc_tsw
15:38:46.2 (376569139)|ENTERING_MANAGED_PKG|tdc_tsw
15:38:46.2 (376641230)|ENTERING_MANAGED_PKG|tdc_tsw
15:38:46.2 (376812567)|ENTERING_MANAGED_PKG|tdc_tsw
15:38:46.2 (376882269)|ENTERING_MANAGED_PKG|tdc_tsw
15:38:46.2 (377054376)|ENTERING_MANAGED_PKG|tdc_tsw
15:38:46.2 (377125427)|ENTERING_MANAGED_PKG|tdc_tsw
15:38:46.2 (377296703)|ENTERING_MANAGED_PKG|tdc_tsw
15:38:46.2 (377366432)|ENTERING_MANAGED_PKG|tdc_tsw
15:38:46.2 (377544091)|ENTERING_MANAGED_PKG|tdc_tsw
15:38:46.2 (377615312)|ENTERING_MANAGED_PKG|tdc_tsw
15:38:46.2 (377786656)|ENTERING_MANAGED_PKG|tdc_tsw
15:38:46.2 (377857228)|ENTERING_MANAGED_PKG|tdc_tsw
15:38:46.2 (378029473)|ENTERING_MANAGED_PKG|tdc_tsw
15:38:46.2 (378100749)|ENTERING_MANAGED_PKG|tdc_tsw
15:38:46.2 (378278784)|ENTERING_MANAGED_PKG|tdc_tsw
15:38:46.2 (378348688)|ENTERING_MANAGED_PKG|tdc_tsw
15:38:46.2 (378520455)|ENTERING_MANAGED_PKG|tdc_tsw
15:38:46.2 (378597082)|ENTERING_MANAGED_PKG|tdc_tsw
15:38:46.2 (378769022)|ENTERING_MANAGED_PKG|tdc_tsw
15:38:46.2 (378838885)|ENTERING_MANAGED_PKG|tdc_tsw
15:38:46.2 (379010063)|ENTERING_MANAGED_PKG|tdc_tsw
15:38:46.2 (379081787)|ENTERING_MANAGED_PKG|tdc_tsw
15:38:46.2 (379252386)|ENTERING_MANAGED_PKG|tdc_tsw
15:38:46.2 (379322768)|ENTERING_MANAGED_PKG|tdc_tsw
15:38:46.2 (379495393)|ENTERING_MANAGED_PKG|tdc_tsw
15:38:46.2 (379571535)|ENTERING_MANAGED_PKG|tdc_tsw
15:38:46.2 (379743740)|ENTERING_MANAGED_PKG|tdc_tsw
15:38:46.2 (379813426)|ENTERING_MANAGED_PKG|tdc_tsw
15:38:46.2 (380075351)|ENTERING_MANAGED_PKG|tdc_tsw
15:38:46.2 (380146254)|ENTERING_MANAGED_PKG|tdc_tsw
15:38:46.2 (380317033)|ENTERING_MANAGED_PKG|tdc_tsw
15:38:46.2 (380388350)|ENTERING_MANAGED_PKG|tdc_tsw
15:38:46.2 (380565106)|ENTERING_MANAGED_PKG|tdc_tsw
15:38:46.2 (380636087)|ENTERING_MANAGED_PKG|tdc_tsw
15:38:46.2 (380808071)|ENTERING_MANAGED_PKG|tdc_tsw
15:38:46.2 (380878697)|ENTERING_MANAGED_PKG|tdc_tsw
15:38:46.2 (385278957)|ENTERING_MANAGED_PKG|tdc_tsw
15:38:46.2 (385380965)|ENTERING_MANAGED_PKG|tdc_tsw
15:38:46.2 (385722158)|ENTERING_MANAGED_PKG|tdc_tsw
15:38:46.2 (385820576)|ENTERING_MANAGED_PKG|tdc_tsw
15:38:46.2 (386149826)|ENTERING_MANAGED_PKG|tdc_tsw
15:38:46.2 (386249485)|ENTERING_MANAGED_PKG|tdc_tsw
15:38:46.2 (386874821)|ENTERING_MANAGED_PKG|tdc_tsw
15:38:46.2 (386971772)|ENTERING_MANAGED_PKG|tdc_tsw
15:38:46.2 (387510091)|ENTERING_MANAGED_PKG|tdc_tsw
15:38:46.2 (387616796)|ENTERING_MANAGED_PKG|tdc_tsw
15:38:46.2 (387947185)|ENTERING_MANAGED_PKG|tdc_tsw
15:38:46.2 (388043093)|ENTERING_MANAGED_PKG|tdc_tsw
15:38:46.2 (388367939)|ENTERING_MANAGED_PKG|tdc_tsw
15:38:46.2 (388464463)|ENTERING_MANAGED_PKG|tdc_tsw
15:38:46.2 (388800139)|ENTERING_MANAGED_PKG|tdc_tsw
15:38:46.2 (388896383)|ENTERING_MANAGED_PKG|tdc_tsw
15:38:46.2 (389231804)|ENTERING_MANAGED_PKG|tdc_tsw
15:38:46.2 (389330870)|ENTERING_MANAGED_PKG|tdc_tsw
15:38:46.2 (389666741)|ENTERING_MANAGED_PKG|tdc_tsw
15:38:46.2 (389764043)|ENTERING_MANAGED_PKG|tdc_tsw
15:38:46.2 (390088023)|ENTERING_MANAGED_PKG|tdc_tsw
15:38:46.2 (390185131)|ENTERING_MANAGED_PKG|tdc_tsw
15:38:46.2 (390516181)|ENTERING_MANAGED_PKG|tdc_tsw
15:38:46.2 (390621436)|ENTERING_MANAGED_PKG|tdc_tsw
15:38:46.2 (390945256)|ENTERING_MANAGED_PKG|tdc_tsw
15:38:46.2 (391050974)|ENTERING_MANAGED_PKG|tdc_tsw
15:38:46.2 (391374440)|ENTERING_MANAGED_PKG|tdc_tsw
15:38:46.2 (391469820)|ENTERING_MANAGED_PKG|tdc_tsw
15:38:46.2 (391806084)|ENTERING_MANAGED_PKG|tdc_tsw
15:38:46.2 (391906157)|ENTERING_MANAGED_PKG|tdc_tsw
15:38:46.2 (392201682)|ENTERING_MANAGED_PKG|tdc_tsw
15:38:46.2 (392299170)|ENTERING_MANAGED_PKG|tdc_tsw
15:38:46.2 (392635507)|ENTERING_MANAGED_PKG|tdc_tsw
15:38:46.2 (392731723)|ENTERING_MANAGED_PKG|tdc_tsw
15:38:46.2 (393071724)|ENTERING_MANAGED_PKG|tdc_tsw
15:38:46.2 (393179608)|ENTERING_MANAGED_PKG|tdc_tsw
15:38:46.2 (393593824)|ENTERING_MANAGED_PKG|tdc_tsw
15:38:46.2 (393692289)|ENTERING_MANAGED_PKG|tdc_tsw
15:38:46.2 (394095616)|ENTERING_MANAGED_PKG|tdc_tsw
15:38:46.2 (394192877)|ENTERING_MANAGED_PKG|tdc_tsw
15:38:46.2 (394618330)|ENTERING_MANAGED_PKG|tdc_tsw
15:38:46.2 (394715642)|ENTERING_MANAGED_PKG|tdc_tsw
15:38:46.2 (395118720)|ENTERING_MANAGED_PKG|tdc_tsw
15:38:46.2 (395215754)|ENTERING_MANAGED_PKG|tdc_tsw
15:38:46.2 (395546078)|ENTERING_MANAGED_PKG|tdc_tsw
15:38:46.2 (395644547)|ENTERING_MANAGED_PKG|tdc_tsw
15:38:46.2 (395969615)|ENTERING_MANAGED_PKG|tdc_tsw
15:38:46.2 (396066442)|ENTERING_MANAGED_PKG|tdc_tsw
15:38:46.2 (396397095)|ENTERING_MANAGED_PKG|tdc_tsw
15:38:46.2 (396493417)|ENTERING_MANAGED_PKG|tdc_tsw
15:38:46.2 (396832475)|ENTERING_MANAGED_PKG|tdc_tsw
15:38:46.2 (396928188)|ENTERING_MANAGED_PKG|tdc_tsw
15:38:46.2 (397255215)|ENTERING_MANAGED_PKG|tdc_tsw
15:38:46.2 (397357072)|ENTERING_MANAGED_PKG|tdc_tsw
15:38:46.2 (397699633)|ENTERING_MANAGED_PKG|tdc_tsw
15:38:46.2 (397796372)|ENTERING_MANAGED_PKG|tdc_tsw
15:38:46.2 (398123265)|ENTERING_MANAGED_PKG|tdc_tsw
15:38:46.2 (398220245)|ENTERING_MANAGED_PKG|tdc_tsw
15:38:46.2 (398563748)|ENTERING_MANAGED_PKG|tdc_tsw
15:38:46.2 (398638622)|ENTERING_MANAGED_PKG|tdc_tsw
15:38:46.2 (399014728)|ENTERING_MANAGED_PKG|tdc_tsw
15:38:46.2 (399133686)|ENTERING_MANAGED_PKG|tdc_tsw
15:38:46.2 (399547865)|ENTERING_MANAGED_PKG|tdc_tsw
15:38:46.2 (399666699)|ENTERING_MANAGED_PKG|tdc_tsw
15:38:46.2 (400075368)|ENTERING_MANAGED_PKG|tdc_tsw
15:38:46.2 (400192781)|ENTERING_MANAGED_PKG|tdc_tsw
15:38:46.2 (400706977)|ENTERING_MANAGED_PKG|tdc_tsw
15:38:46.2 (400824033)|ENTERING_MANAGED_PKG|tdc_tsw
15:38:46.2 (401604426)|ENTERING_MANAGED_PKG|tdc_tsw
15:38:46.2 (401723391)|ENTERING_MANAGED_PKG|tdc_tsw
15:38:46.2 (402130750)|ENTERING_MANAGED_PKG|tdc_tsw
15:38:46.2 (402248442)|ENTERING_MANAGED_PKG|tdc_tsw
15:38:46.2 (403069441)|ENTERING_MANAGED_PKG|tdc_tsw
15:38:46.2 (403186404)|ENTERING_MANAGED_PKG|tdc_tsw
15:38:46.2 (403487954)|ENTERING_MANAGED_PKG|tdc_tsw
15:38:46.2 (403611177)|ENTERING_MANAGED_PKG|tdc_tsw
15:38:46.2 (403915046)|ENTERING_MANAGED_PKG|tdc_tsw
15:38:46.2 (404031576)|ENTERING_MANAGED_PKG|tdc_tsw
15:38:46.2 (404335516)|ENTERING_MANAGED_PKG|tdc_tsw
15:38:46.2 (404456141)|ENTERING_MANAGED_PKG|tdc_tsw
15:38:46.2 (404750156)|ENTERING_MANAGED_PKG|tdc_tsw
15:38:46.2 (404802269)|ENTERING_MANAGED_PKG|tdc_tsw
15:38:46.2 (404849467)|ENTERING_MANAGED_PKG|tdc_tsw
15:38:46.2 (404893970)|ENTERING_MANAGED_PKG|tdc_tsw
15:38:46.2 (404939951)|ENTERING_MANAGED_PKG|tdc_tsw
15:38:46.2 (404986794)|ENTERING_MANAGED_PKG|tdc_tsw
15:38:46.2 (405034738)|ENTERING_MANAGED_PKG|tdc_tsw
15:38:46.2 (405080575)|ENTERING_MANAGED_PKG|tdc_tsw
15:38:46.2 (405126757)|ENTERING_MANAGED_PKG|tdc_tsw
15:38:46.2 (405170535)|ENTERING_MANAGED_PKG|tdc_tsw
15:38:46.2 (405215315)|ENTERING_MANAGED_PKG|tdc_tsw
15:38:46.2 (405261962)|ENTERING_MANAGED_PKG|tdc_tsw
15:38:46.2 (405307648)|ENTERING_MANAGED_PKG|tdc_tsw
15:38:46.2 (405351677)|ENTERING_MANAGED_PKG|tdc_tsw
15:38:46.2 (405397859)|ENTERING_MANAGED_PKG|tdc_tsw
15:38:46.2 (405443021)|ENTERING_MANAGED_PKG|tdc_tsw
15:38:46.2 (405488536)|ENTERING_MANAGED_PKG|tdc_tsw
15:38:46.2 (405533237)|ENTERING_MANAGED_PKG|tdc_tsw
15:38:46.2 (405585307)|ENTERING_MANAGED_PKG|tdc_tsw
15:38:46.2 (405630884)|ENTERING_MANAGED_PKG|tdc_tsw
15:38:46.2 (405675484)|ENTERING_MANAGED_PKG|tdc_tsw
15:38:46.2 (405722749)|ENTERING_MANAGED_PKG|tdc_tsw
15:38:46.2 (405767874)|ENTERING_MANAGED_PKG|tdc_tsw
15:38:46.2 (405811220)|ENTERING_MANAGED_PKG|tdc_tsw
15:38:46.2 (405855264)|ENTERING_MANAGED_PKG|tdc_tsw
15:38:46.2 (405900145)|ENTERING_MANAGED_PKG|tdc_tsw
15:38:46.2 (405944937)|ENTERING_MANAGED_PKG|tdc_tsw
15:38:46.2 (405990517)|ENTERING_MANAGED_PKG|tdc_tsw
15:38:46.2 (406712576)|ENTERING_MANAGED_PKG|tdc_tsw
15:38:46.2 (406960793)|ENTERING_MANAGED_PKG|tdc_tsw
15:38:46.2 (413077601)|SOQL_EXECUTE_BEGIN|[67]|Aggregations:0|SELECT Id, IsSandbox, OrganizationType, Name FROM Organization LIMIT 1
15:38:46.2 (423425969)|SOQL_EXECUTE_END|[67]|Rows:1
15:38:46.2 (423906330)|ENTERING_MANAGED_PKG|tdc_tsw
15:38:46.2 (424376584)|ENTERING_MANAGED_PKG|tdc_tsw
15:38:46.2 (424472520)|ENTERING_MANAGED_PKG|tdc_tsw
15:38:46.2 (466441155)|ENTERING_MANAGED_PKG|tdc_tsw
15:38:46.2 (466509357)|ENTERING_MANAGED_PKG|tdc_tsw
15:38:46.2 (466579015)|ENTERING_MANAGED_PKG|tdc_tsw
15:38:46.2 (466921534)|ENTERING_MANAGED_PKG|tdc_tsw
15:38:46.2 (467390426)|ENTERING_MANAGED_PKG|tdc_tsw
15:38:46.2 (467449516)|ENTERING_MANAGED_PKG|tdc_tsw
15:38:46.2 (467480234)|ENTERING_MANAGED_PKG|tdc_tsw
15:38:46.2 (467496750)|ENTERING_MANAGED_PKG|tdc_tsw
15:38:46.2 (468475613)|SOQL_EXECUTE_BEGIN|[109]|Aggregations:0|SELECT id, name FROM Folder__c ORDER BY name ASC NULLS FIRST LIMIT 999
15:38:46.2 (470999061)|SOQL_EXECUTE_END|[109]|Rows:0
15:38:46.2 (471102953)|ENTERING_MANAGED_PKG|tdc_tsw
15:38:46.2 (471151639)|ENTERING_MANAGED_PKG|tdc_tsw
15:38:46.2 (471194710)|ENTERING_MANAGED_PKG|tdc_tsw
15:38:46.2 (471230212)|ENTERING_MANAGED_PKG|tdc_tsw
15:38:46.2 (471268330)|ENTERING_MANAGED_PKG|tdc_tsw
15:38:46.2 (471306649)|ENTERING_MANAGED_PKG|tdc_tsw
15:38:46.2 (471340228)|ENTERING_MANAGED_PKG|tdc_tsw
15:38:46.2 (471399552)|ENTERING_MANAGED_PKG|tdc_tsw
15:38:46.2 (471461955)|ENTERING_MANAGED_PKG|tdc_tsw
15:38:46.2 (471553585)|ENTERING_MANAGED_PKG|tdc_tsw
15:38:46.2 (471686596)|ENTERING_MANAGED_PKG|tdc_tsw
15:38:46.2 (471758836)|ENTERING_MANAGED_PKG|tdc_tsw
15:38:46.2 (471974478)|ENTERING_MANAGED_PKG|tdc_tsw
15:38:46.2 (472031616)|ENTERING_MANAGED_PKG|tdc_tsw
15:38:46.2 (472051209)|ENTERING_MANAGED_PKG|tdc_tsw
15:38:46.2 (472128257)|ENTERING_MANAGED_PKG|tdc_tsw
15:38:46.2 (472179379)|ENTERING_MANAGED_PKG|tdc_tsw
15:38:46.2 (472210935)|ENTERING_MANAGED_PKG|tdc_tsw
15:38:46.2 (513505596)|ENTERING_MANAGED_PKG|tdc_tsw
15:38:46.2 (513621365)|ENTERING_MANAGED_PKG|tdc_tsw
15:38:46.2 (513913961)|ENTERING_MANAGED_PKG|tdc_tsw
15:38:46.2 (513994832)|ENTERING_MANAGED_PKG|tdc_tsw
15:38:46.2 (514271869)|ENTERING_MANAGED_PKG|tdc_tsw
15:38:46.2 (514353224)|ENTERING_MANAGED_PKG|tdc_tsw
15:38:46.2 (514633934)|ENTERING_MANAGED_PKG|tdc_tsw
15:38:46.2 (514714294)|ENTERING_MANAGED_PKG|tdc_tsw
15:38:46.2 (514985269)|ENTERING_MANAGED_PKG|tdc_tsw
15:38:46.2 (515064766)|ENTERING_MANAGED_PKG|tdc_tsw
15:38:46.2 (515338677)|ENTERING_MANAGED_PKG|tdc_tsw
15:38:46.2 (515418445)|ENTERING_MANAGED_PKG|tdc_tsw
15:38:46.2 (515699138)|ENTERING_MANAGED_PKG|tdc_tsw
15:38:46.2 (515781738)|ENTERING_MANAGED_PKG|tdc_tsw
15:38:46.2 (516057104)|ENTERING_MANAGED_PKG|tdc_tsw
15:38:46.2 (516142215)|ENTERING_MANAGED_PKG|tdc_tsw
15:38:46.2 (516407425)|ENTERING_MANAGED_PKG|tdc_tsw
15:38:46.2 (516490556)|ENTERING_MANAGED_PKG|tdc_tsw
15:38:46.2 (516764935)|ENTERING_MANAGED_PKG|tdc_tsw
15:38:46.2 (516850619)|ENTERING_MANAGED_PKG|tdc_tsw
15:38:46.2 (517115668)|ENTERING_MANAGED_PKG|tdc_tsw
15:38:46.2 (517200877)|ENTERING_MANAGED_PKG|tdc_tsw
15:38:46.2 (517530680)|ENTERING_MANAGED_PKG|tdc_tsw
15:38:46.2 (517623773)|ENTERING_MANAGED_PKG|tdc_tsw
15:38:46.2 (517892192)|ENTERING_MANAGED_PKG|tdc_tsw
15:38:46.2 (517976389)|ENTERING_MANAGED_PKG|tdc_tsw
15:38:46.2 (518243128)|ENTERING_MANAGED_PKG|tdc_tsw
15:38:46.2 (518328332)|ENTERING_MANAGED_PKG|tdc_tsw
15:38:46.2 (518917677)|ENTERING_MANAGED_PKG|tdc_tsw
15:38:46.2 (518996771)|ENTERING_MANAGED_PKG|tdc_tsw
15:38:46.2 (519273617)|ENTERING_MANAGED_PKG|tdc_tsw
15:38:46.2 (519353275)|ENTERING_MANAGED_PKG|tdc_tsw
15:38:46.2 (519637569)|ENTERING_MANAGED_PKG|tdc_tsw
15:38:46.2 (519719689)|ENTERING_MANAGED_PKG|tdc_tsw
15:38:46.2 (519989337)|ENTERING_MANAGED_PKG|tdc_tsw
15:38:46.2 (520068509)|ENTERING_MANAGED_PKG|tdc_tsw
15:38:46.2 (535259751)|ENTERING_MANAGED_PKG|tdc_tsw
15:38:46.2 (535375913)|ENTERING_MANAGED_PKG|tdc_tsw
15:38:46.2 (535849787)|ENTERING_MANAGED_PKG|tdc_tsw
15:38:46.2 (535931017)|ENTERING_MANAGED_PKG|tdc_tsw
15:38:46.2 (536209320)|ENTERING_MANAGED_PKG|tdc_tsw
15:38:46.2 (536289483)|ENTERING_MANAGED_PKG|tdc_tsw
15:38:46.2 (536571149)|ENTERING_MANAGED_PKG|tdc_tsw
15:38:46.2 (536651501)|ENTERING_MANAGED_PKG|tdc_tsw
15:38:46.2 (536928102)|ENTERING_MANAGED_PKG|tdc_tsw
15:38:46.2 (537007664)|ENTERING_MANAGED_PKG|tdc_tsw
15:38:46.2 (537283723)|ENTERING_MANAGED_PKG|tdc_tsw
15:38:46.2 (537364696)|ENTERING_MANAGED_PKG|tdc_tsw
15:38:46.2 (537711159)|ENTERING_MANAGED_PKG|tdc_tsw
15:38:46.2 (537797107)|ENTERING_MANAGED_PKG|tdc_tsw
15:38:46.2 (538530322)|ENTERING_MANAGED_PKG|tdc_tsw
15:38:46.2 (538622861)|ENTERING_MANAGED_PKG|tdc_tsw
15:38:46.2 (538891677)|ENTERING_MANAGED_PKG|tdc_tsw
15:38:46.2 (538976921)|ENTERING_MANAGED_PKG|tdc_tsw
15:38:46.2 (539244838)|ENTERING_MANAGED_PKG|tdc_tsw
15:38:46.2 (539330159)|ENTERING_MANAGED_PKG|tdc_tsw
15:38:46.2 (539643826)|ENTERING_MANAGED_PKG|tdc_tsw
15:38:46.2 (539758867)|ENTERING_MANAGED_PKG|tdc_tsw
15:38:46.2 (540069314)|ENTERING_MANAGED_PKG|tdc_tsw
15:38:46.2 (540166459)|ENTERING_MANAGED_PKG|tdc_tsw
15:38:46.2 (540450423)|ENTERING_MANAGED_PKG|tdc_tsw
15:38:46.2 (540530111)|ENTERING_MANAGED_PKG|tdc_tsw
15:38:46.2 (540812464)|ENTERING_MANAGED_PKG|tdc_tsw
15:38:46.2 (540893833)|ENTERING_MANAGED_PKG|tdc_tsw
15:38:46.2 (541164154)|ENTERING_MANAGED_PKG|tdc_tsw
15:38:46.2 (541246071)|ENTERING_MANAGED_PKG|tdc_tsw
15:38:46.2 (541698162)|ENTERING_MANAGED_PKG|tdc_tsw
15:38:46.2 (541782071)|ENTERING_MANAGED_PKG|tdc_tsw
15:38:46.2 (542049996)|ENTERING_MANAGED_PKG|tdc_tsw
15:38:46.2 (542134052)|ENTERING_MANAGED_PKG|tdc_tsw
15:38:46.2 (542344308)|ENTERING_MANAGED_PKG|tdc_tsw
15:38:46.2 (542428991)|ENTERING_MANAGED_PKG|tdc_tsw
15:38:46.2 (542641959)|ENTERING_MANAGED_PKG|tdc_tsw
15:38:46.2 (542725594)|ENTERING_MANAGED_PKG|tdc_tsw
15:38:46.2 (543059295)|ENTERING_MANAGED_PKG|tdc_tsw
15:38:46.2 (543146323)|ENTERING_MANAGED_PKG|tdc_tsw
15:38:46.2 (543349562)|ENTERING_MANAGED_PKG|tdc_tsw
15:38:46.2 (543434562)|ENTERING_MANAGED_PKG|tdc_tsw
15:38:46.2 (543752760)|ENTERING_MANAGED_PKG|tdc_tsw
15:38:46.2 (543833692)|ENTERING_MANAGED_PKG|tdc_tsw
15:38:46.2 (544042761)|ENTERING_MANAGED_PKG|tdc_tsw
15:38:46.2 (544123400)|ENTERING_MANAGED_PKG|tdc_tsw
15:38:46.2 (544334241)|ENTERING_MANAGED_PKG|tdc_tsw
15:38:46.2 (544413763)|ENTERING_MANAGED_PKG|tdc_tsw
15:38:46.2 (544631746)|ENTERING_MANAGED_PKG|tdc_tsw
15:38:46.2 (544712015)|ENTERING_MANAGED_PKG|tdc_tsw
15:38:46.2 (544924103)|ENTERING_MANAGED_PKG|tdc_tsw
15:38:46.2 (545006951)|ENTERING_MANAGED_PKG|tdc_tsw
15:38:46.2 (545219963)|ENTERING_MANAGED_PKG|tdc_tsw
15:38:46.2 (545299982)|ENTERING_MANAGED_PKG|tdc_tsw
15:38:46.2 (545512966)|ENTERING_MANAGED_PKG|tdc_tsw
15:38:46.2 (545603994)|ENTERING_MANAGED_PKG|tdc_tsw
15:38:46.2 (545812151)|ENTERING_MANAGED_PKG|tdc_tsw
15:38:46.2 (545892985)|ENTERING_MANAGED_PKG|tdc_tsw
15:38:46.2 (546104434)|ENTERING_MANAGED_PKG|tdc_tsw
15:38:46.2 (546185838)|ENTERING_MANAGED_PKG|tdc_tsw
15:38:46.2 (546396867)|ENTERING_MANAGED_PKG|tdc_tsw
15:38:46.2 (546477062)|ENTERING_MANAGED_PKG|tdc_tsw
15:38:46.2 (546691551)|ENTERING_MANAGED_PKG|tdc_tsw
15:38:46.2 (546771943)|ENTERING_MANAGED_PKG|tdc_tsw
15:38:46.2 (546981724)|ENTERING_MANAGED_PKG|tdc_tsw
15:38:46.2 (547062236)|ENTERING_MANAGED_PKG|tdc_tsw
15:38:46.2 (547275170)|ENTERING_MANAGED_PKG|tdc_tsw
15:38:46.2 (547356338)|ENTERING_MANAGED_PKG|tdc_tsw
15:38:46.2 (547574486)|ENTERING_MANAGED_PKG|tdc_tsw
15:38:46.2 (547656981)|ENTERING_MANAGED_PKG|tdc_tsw
15:38:46.2 (547866774)|ENTERING_MANAGED_PKG|tdc_tsw
15:38:46.2 (547946735)|ENTERING_MANAGED_PKG|tdc_tsw
15:38:46.2 (548158581)|ENTERING_MANAGED_PKG|tdc_tsw
15:38:46.2 (548240647)|ENTERING_MANAGED_PKG|tdc_tsw
15:38:46.2 (548452171)|ENTERING_MANAGED_PKG|tdc_tsw
15:38:46.2 (548532025)|ENTERING_MANAGED_PKG|tdc_tsw
15:38:46.2 (548749378)|ENTERING_MANAGED_PKG|tdc_tsw
15:38:46.2 (548830367)|ENTERING_MANAGED_PKG|tdc_tsw
15:38:46.2 (549042370)|ENTERING_MANAGED_PKG|tdc_tsw
15:38:46.2 (549124075)|ENTERING_MANAGED_PKG|tdc_tsw
15:38:46.2 (549449005)|ENTERING_MANAGED_PKG|tdc_tsw
15:38:46.2 (549529325)|ENTERING_MANAGED_PKG|tdc_tsw
15:38:46.2 (549745886)|ENTERING_MANAGED_PKG|tdc_tsw
15:38:46.2 (549826482)|ENTERING_MANAGED_PKG|tdc_tsw
15:38:46.2 (550040528)|ENTERING_MANAGED_PKG|tdc_tsw
15:38:46.2 (550121609)|ENTERING_MANAGED_PKG|tdc_tsw
15:38:46.2 (550333111)|ENTERING_MANAGED_PKG|tdc_tsw
15:38:46.2 (550413664)|ENTERING_MANAGED_PKG|tdc_tsw
15:38:46.2 (555693755)|ENTERING_MANAGED_PKG|tdc_tsw
15:38:46.2 (555800173)|ENTERING_MANAGED_PKG|tdc_tsw
15:38:46.2 (556082142)|ENTERING_MANAGED_PKG|tdc_tsw
15:38:46.2 (556164208)|ENTERING_MANAGED_PKG|tdc_tsw
15:38:46.2 (556444800)|ENTERING_MANAGED_PKG|tdc_tsw
15:38:46.2 (556525128)|ENTERING_MANAGED_PKG|tdc_tsw
15:38:46.2 (557043432)|ENTERING_MANAGED_PKG|tdc_tsw
15:38:46.2 (557128097)|ENTERING_MANAGED_PKG|tdc_tsw
15:38:46.2 (557580367)|ENTERING_MANAGED_PKG|tdc_tsw
15:38:46.2 (557667202)|ENTERING_MANAGED_PKG|tdc_tsw
15:38:46.2 (557935975)|ENTERING_MANAGED_PKG|tdc_tsw
15:38:46.2 (558029491)|ENTERING_MANAGED_PKG|tdc_tsw
15:38:46.2 (558302584)|ENTERING_MANAGED_PKG|tdc_tsw
15:38:46.2 (558389636)|ENTERING_MANAGED_PKG|tdc_tsw
15:38:46.2 (558667223)|ENTERING_MANAGED_PKG|tdc_tsw
15:38:46.2 (558749818)|ENTERING_MANAGED_PKG|tdc_tsw
15:38:46.2 (559028706)|ENTERING_MANAGED_PKG|tdc_tsw
15:38:46.2 (559114045)|ENTERING_MANAGED_PKG|tdc_tsw
15:38:46.2 (559394783)|ENTERING_MANAGED_PKG|tdc_tsw
15:38:46.2 (559475676)|ENTERING_MANAGED_PKG|tdc_tsw
15:38:46.2 (559753275)|ENTERING_MANAGED_PKG|tdc_tsw
15:38:46.2 (559837707)|ENTERING_MANAGED_PKG|tdc_tsw
15:38:46.2 (560109199)|ENTERING_MANAGED_PKG|tdc_tsw
15:38:46.2 (560195846)|ENTERING_MANAGED_PKG|tdc_tsw
15:38:46.2 (560466880)|ENTERING_MANAGED_PKG|tdc_tsw
15:38:46.2 (560559628)|ENTERING_MANAGED_PKG|tdc_tsw
15:38:46.2 (560830268)|ENTERING_MANAGED_PKG|tdc_tsw
15:38:46.2 (560917264)|ENTERING_MANAGED_PKG|tdc_tsw
15:38:46.2 (561192576)|ENTERING_MANAGED_PKG|tdc_tsw
15:38:46.2 (561277258)|ENTERING_MANAGED_PKG|tdc_tsw
15:38:46.2 (561561143)|ENTERING_MANAGED_PKG|tdc_tsw
15:38:46.2 (561642002)|ENTERING_MANAGED_PKG|tdc_tsw
15:38:46.2 (561919809)|ENTERING_MANAGED_PKG|tdc_tsw
15:38:46.2 (562001144)|ENTERING_MANAGED_PKG|tdc_tsw
15:38:46.2 (562276749)|ENTERING_MANAGED_PKG|tdc_tsw
15:38:46.2 (562357726)|ENTERING_MANAGED_PKG|tdc_tsw
15:38:46.2 (562702475)|ENTERING_MANAGED_PKG|tdc_tsw
15:38:46.2 (562789230)|ENTERING_MANAGED_PKG|tdc_tsw
15:38:46.2 (563116576)|ENTERING_MANAGED_PKG|tdc_tsw
15:38:46.2 (563205035)|ENTERING_MANAGED_PKG|tdc_tsw
15:38:46.2 (563532025)|ENTERING_MANAGED_PKG|tdc_tsw
15:38:46.2 (563625443)|ENTERING_MANAGED_PKG|tdc_tsw
15:38:46.2 (563965855)|ENTERING_MANAGED_PKG|tdc_tsw
15:38:46.2 (564046731)|ENTERING_MANAGED_PKG|tdc_tsw
15:38:46.2 (564328287)|ENTERING_MANAGED_PKG|tdc_tsw
15:38:46.2 (564409616)|ENTERING_MANAGED_PKG|tdc_tsw
15:38:46.2 (564689754)|ENTERING_MANAGED_PKG|tdc_tsw
15:38:46.2 (564772383)|ENTERING_MANAGED_PKG|tdc_tsw
15:38:46.2 (565045674)|ENTERING_MANAGED_PKG|tdc_tsw
15:38:46.2 (565128927)|ENTERING_MANAGED_PKG|tdc_tsw
15:38:46.2 (565400088)|ENTERING_MANAGED_PKG|tdc_tsw
15:38:46.2 (565482321)|ENTERING_MANAGED_PKG|tdc_tsw
15:38:46.2 (565758299)|ENTERING_MANAGED_PKG|tdc_tsw
15:38:46.2 (565845566)|ENTERING_MANAGED_PKG|tdc_tsw
15:38:46.2 (566112688)|ENTERING_MANAGED_PKG|tdc_tsw
15:38:46.2 (566200202)|ENTERING_MANAGED_PKG|tdc_tsw
15:38:46.2 (566465678)|ENTERING_MANAGED_PKG|tdc_tsw
15:38:46.2 (566559178)|ENTERING_MANAGED_PKG|tdc_tsw
15:38:46.2 (566898338)|ENTERING_MANAGED_PKG|tdc_tsw
15:38:46.2 (566983372)|ENTERING_MANAGED_PKG|tdc_tsw
15:38:46.2 (567263550)|ENTERING_MANAGED_PKG|tdc_tsw
15:38:46.2 (567346314)|ENTERING_MANAGED_PKG|tdc_tsw
15:38:46.2 (567632446)|ENTERING_MANAGED_PKG|tdc_tsw
15:38:46.2 (567714804)|ENTERING_MANAGED_PKG|tdc_tsw
15:38:46.2 (567985324)|ENTERING_MANAGED_PKG|tdc_tsw
15:38:46.2 (568068503)|ENTERING_MANAGED_PKG|tdc_tsw
15:38:46.2 (568405165)|ENTERING_MANAGED_PKG|tdc_tsw
15:38:46.2 (568493462)|ENTERING_MANAGED_PKG|tdc_tsw
15:38:46.2 (569010594)|ENTERING_MANAGED_PKG|tdc_tsw
15:38:46.2 (569096774)|ENTERING_MANAGED_PKG|tdc_tsw
15:38:46.2 (569373170)|ENTERING_MANAGED_PKG|tdc_tsw
15:38:46.2 (569455874)|ENTERING_MANAGED_PKG|tdc_tsw
15:38:46.2 (569993485)|ENTERING_MANAGED_PKG|tdc_tsw
15:38:46.2 (570080190)|ENTERING_MANAGED_PKG|tdc_tsw
15:38:46.2 (570285367)|ENTERING_MANAGED_PKG|tdc_tsw
15:38:46.2 (570370555)|ENTERING_MANAGED_PKG|tdc_tsw
15:38:46.2 (570581900)|ENTERING_MANAGED_PKG|tdc_tsw
15:38:46.2 (570667757)|ENTERING_MANAGED_PKG|tdc_tsw
15:38:46.2 (570873919)|ENTERING_MANAGED_PKG|tdc_tsw
15:38:46.2 (570958759)|ENTERING_MANAGED_PKG|tdc_tsw
15:38:46.2 (571151819)|ENTERING_MANAGED_PKG|tdc_tsw
15:38:46.2 (571184714)|ENTERING_MANAGED_PKG|tdc_tsw
15:38:46.2 (571220913)|ENTERING_MANAGED_PKG|tdc_tsw
15:38:46.2 (571249597)|ENTERING_MANAGED_PKG|tdc_tsw
15:38:46.2 (571282746)|ENTERING_MANAGED_PKG|tdc_tsw
15:38:46.2 (571313300)|ENTERING_MANAGED_PKG|tdc_tsw
15:38:46.2 (571345176)|ENTERING_MANAGED_PKG|tdc_tsw
15:38:46.2 (571377036)|ENTERING_MANAGED_PKG|tdc_tsw
15:38:46.2 (571405910)|ENTERING_MANAGED_PKG|tdc_tsw
15:38:46.2 (571436236)|ENTERING_MANAGED_PKG|tdc_tsw
15:38:46.2 (571464651)|ENTERING_MANAGED_PKG|tdc_tsw
15:38:46.2 (571495264)|ENTERING_MANAGED_PKG|tdc_tsw
15:38:46.2 (571524510)|ENTERING_MANAGED_PKG|tdc_tsw
15:38:46.2 (571562530)|ENTERING_MANAGED_PKG|tdc_tsw
15:38:46.2 (571590190)|ENTERING_MANAGED_PKG|tdc_tsw
15:38:46.2 (571623137)|ENTERING_MANAGED_PKG|tdc_tsw
15:38:46.2 (571650720)|ENTERING_MANAGED_PKG|tdc_tsw
15:38:46.2 (571683219)|ENTERING_MANAGED_PKG|tdc_tsw
15:38:46.2 (571710186)|ENTERING_MANAGED_PKG|tdc_tsw
15:38:46.2 (571744183)|ENTERING_MANAGED_PKG|tdc_tsw
15:38:46.2 (571772279)|ENTERING_MANAGED_PKG|tdc_tsw
15:38:46.2 (571805877)|ENTERING_MANAGED_PKG|tdc_tsw
15:38:46.2 (571834243)|ENTERING_MANAGED_PKG|tdc_tsw
15:38:46.2 (571866007)|ENTERING_MANAGED_PKG|tdc_tsw
15:38:46.2 (571895468)|ENTERING_MANAGED_PKG|tdc_tsw
15:38:46.2 (571927366)|ENTERING_MANAGED_PKG|tdc_tsw
15:38:46.2 (571958573)|ENTERING_MANAGED_PKG|tdc_tsw
15:38:46.2 (571988243)|ENTERING_MANAGED_PKG|tdc_tsw
15:38:46.2 (572019118)|ENTERING_MANAGED_PKG|tdc_tsw
15:38:46.2 (572049098)|ENTERING_MANAGED_PKG|tdc_tsw
15:38:46.2 (572094209)|ENTERING_MANAGED_PKG|tdc_tsw
15:38:46.2 (572113131)|ENTERING_MANAGED_PKG|tdc_tsw
15:38:46.2 (572147362)|ENTERING_MANAGED_PKG|tdc_tsw
15:38:46.2 (572168915)|ENTERING_MANAGED_PKG|tdc_tsw
15:38:46.2 (572250438)|ENTERING_MANAGED_PKG|tdc_tsw
15:38:46.2 (572403525)|ENTERING_MANAGED_PKG|tdc_tsw
15:38:46.2 (572444615)|ENTERING_MANAGED_PKG|tdc_tsw
15:38:46.2 (572476852)|ENTERING_MANAGED_PKG|tdc_tsw
15:38:46.2 (572523284)|ENTERING_MANAGED_PKG|tdc_tsw
15:38:46.2 (572604632)|ENTERING_MANAGED_PKG|tdc_tsw
15:38:46.2 (572662658)|ENTERING_MANAGED_PKG|tdc_tsw
15:38:46.2 (572695395)|ENTERING_MANAGED_PKG|tdc_tsw
15:38:46.2 (572722143)|ENTERING_MANAGED_PKG|tdc_tsw
15:38:46.2 (572762898)|ENTERING_MANAGED_PKG|tdc_tsw
15:38:46.2 (572802112)|ENTERING_MANAGED_PKG|tdc_tsw
15:38:46.2 (572835908)|ENTERING_MANAGED_PKG|tdc_tsw
15:38:46.2 (572874588)|ENTERING_MANAGED_PKG|tdc_tsw
15:38:46.2 (572907222)|ENTERING_MANAGED_PKG|tdc_tsw
15:38:46.2 (608943626)|ENTERING_MANAGED_PKG|tdc_tsw
15:38:46.2 (609049295)|ENTERING_MANAGED_PKG|tdc_tsw
15:38:46.2 (609287254)|ENTERING_MANAGED_PKG|tdc_tsw
15:38:46.2 (609357666)|ENTERING_MANAGED_PKG|tdc_tsw
15:38:46.2 (609593947)|ENTERING_MANAGED_PKG|tdc_tsw
15:38:46.2 (609664306)|ENTERING_MANAGED_PKG|tdc_tsw
15:38:46.2 (609890256)|ENTERING_MANAGED_PKG|tdc_tsw
15:38:46.2 (609960243)|ENTERING_MANAGED_PKG|tdc_tsw
15:38:46.2 (610183241)|ENTERING_MANAGED_PKG|tdc_tsw
15:38:46.2 (610256070)|ENTERING_MANAGED_PKG|tdc_tsw
15:38:46.2 (610480424)|ENTERING_MANAGED_PKG|tdc_tsw
15:38:46.2 (610554437)|ENTERING_MANAGED_PKG|tdc_tsw
15:38:46.2 (610778172)|ENTERING_MANAGED_PKG|tdc_tsw
15:38:46.2 (610847585)|ENTERING_MANAGED_PKG|tdc_tsw
15:38:46.2 (611070726)|ENTERING_MANAGED_PKG|tdc_tsw
15:38:46.2 (611141452)|ENTERING_MANAGED_PKG|tdc_tsw
15:38:46.2 (611365609)|ENTERING_MANAGED_PKG|tdc_tsw
15:38:46.2 (611436659)|ENTERING_MANAGED_PKG|tdc_tsw
15:38:46.2 (611672356)|ENTERING_MANAGED_PKG|tdc_tsw
15:38:46.2 (611741925)|ENTERING_MANAGED_PKG|tdc_tsw
15:38:46.2 (611965696)|ENTERING_MANAGED_PKG|tdc_tsw
15:38:46.2 (612034945)|ENTERING_MANAGED_PKG|tdc_tsw
15:38:46.2 (612311183)|ENTERING_MANAGED_PKG|tdc_tsw
15:38:46.2 (612380909)|ENTERING_MANAGED_PKG|tdc_tsw
15:38:46.2 (612612889)|ENTERING_MANAGED_PKG|tdc_tsw
15:38:46.2 (612682499)|ENTERING_MANAGED_PKG|tdc_tsw
15:38:46.2 (612906493)|ENTERING_MANAGED_PKG|tdc_tsw
15:38:46.2 (612976940)|ENTERING_MANAGED_PKG|tdc_tsw
15:38:46.2 (613443337)|ENTERING_MANAGED_PKG|tdc_tsw
15:38:46.2 (613513908)|ENTERING_MANAGED_PKG|tdc_tsw
15:38:46.2 (613745359)|ENTERING_MANAGED_PKG|tdc_tsw
15:38:46.2 (613814773)|ENTERING_MANAGED_PKG|tdc_tsw
15:38:46.2 (614039616)|ENTERING_MANAGED_PKG|tdc_tsw
15:38:46.2 (614110382)|ENTERING_MANAGED_PKG|tdc_tsw
15:38:46.2 (614334400)|ENTERING_MANAGED_PKG|tdc_tsw
15:38:46.2 (614404648)|ENTERING_MANAGED_PKG|tdc_tsw
15:38:46.2 (614688769)|ENTERING_MANAGED_PKG|tdc_tsw
15:38:46.2 (614759898)|ENTERING_MANAGED_PKG|tdc_tsw
15:38:46.2 (615128964)|ENTERING_MANAGED_PKG|tdc_tsw
15:38:46.2 (615200046)|ENTERING_MANAGED_PKG|tdc_tsw
15:38:46.2 (615426426)|ENTERING_MANAGED_PKG|tdc_tsw
15:38:46.2 (615496619)|ENTERING_MANAGED_PKG|tdc_tsw
15:38:46.2 (615729165)|ENTERING_MANAGED_PKG|tdc_tsw
15:38:46.2 (615799165)|ENTERING_MANAGED_PKG|tdc_tsw
15:38:46.2 (616024032)|ENTERING_MANAGED_PKG|tdc_tsw
15:38:46.2 (616094610)|ENTERING_MANAGED_PKG|tdc_tsw
15:38:46.2 (616320127)|ENTERING_MANAGED_PKG|tdc_tsw
15:38:46.2 (616390704)|ENTERING_MANAGED_PKG|tdc_tsw
15:38:46.2 (616673632)|ENTERING_MANAGED_PKG|tdc_tsw
15:38:46.2 (616744007)|ENTERING_MANAGED_PKG|tdc_tsw
15:38:46.2 (617254238)|ENTERING_MANAGED_PKG|tdc_tsw
15:38:46.2 (617324877)|ENTERING_MANAGED_PKG|tdc_tsw
15:38:46.2 (617558987)|ENTERING_MANAGED_PKG|tdc_tsw
15:38:46.2 (617630330)|ENTERING_MANAGED_PKG|tdc_tsw
15:38:46.2 (617855670)|ENTERING_MANAGED_PKG|tdc_tsw
15:38:46.2 (617925596)|ENTERING_MANAGED_PKG|tdc_tsw
15:38:46.2 (618151197)|ENTERING_MANAGED_PKG|tdc_tsw
15:38:46.2 (618223064)|ENTERING_MANAGED_PKG|tdc_tsw
15:38:46.2 (618449108)|ENTERING_MANAGED_PKG|tdc_tsw
15:38:46.2 (618519279)|ENTERING_MANAGED_PKG|tdc_tsw
15:38:46.2 (618752344)|ENTERING_MANAGED_PKG|tdc_tsw
15:38:46.2 (618822246)|ENTERING_MANAGED_PKG|tdc_tsw
15:38:46.2 (619046169)|ENTERING_MANAGED_PKG|tdc_tsw
15:38:46.2 (619117169)|ENTERING_MANAGED_PKG|tdc_tsw
15:38:46.2 (619342916)|ENTERING_MANAGED_PKG|tdc_tsw
15:38:46.2 (619413069)|ENTERING_MANAGED_PKG|tdc_tsw
15:38:46.2 (619791021)|ENTERING_MANAGED_PKG|tdc_tsw
15:38:46.2 (619861551)|ENTERING_MANAGED_PKG|tdc_tsw
15:38:46.2 (620086079)|ENTERING_MANAGED_PKG|tdc_tsw
15:38:46.2 (620157603)|ENTERING_MANAGED_PKG|tdc_tsw
15:38:46.2 (620331628)|ENTERING_MANAGED_PKG|tdc_tsw
15:38:46.2 (620401715)|ENTERING_MANAGED_PKG|tdc_tsw
15:38:46.2 (620583020)|ENTERING_MANAGED_PKG|tdc_tsw
15:38:46.2 (620653923)|ENTERING_MANAGED_PKG|tdc_tsw
15:38:46.2 (620930091)|ENTERING_MANAGED_PKG|tdc_tsw
15:38:46.2 (621000738)|ENTERING_MANAGED_PKG|tdc_tsw
15:38:46.2 (621177091)|ENTERING_MANAGED_PKG|tdc_tsw
15:38:46.2 (621247579)|ENTERING_MANAGED_PKG|tdc_tsw
15:38:46.2 (621512908)|ENTERING_MANAGED_PKG|tdc_tsw
15:38:46.2 (621592235)|ENTERING_MANAGED_PKG|tdc_tsw
15:38:46.2 (621766459)|ENTERING_MANAGED_PKG|tdc_tsw
15:38:46.2 (621837202)|ENTERING_MANAGED_PKG|tdc_tsw
15:38:46.2 (622010786)|ENTERING_MANAGED_PKG|tdc_tsw
15:38:46.2 (622082536)|ENTERING_MANAGED_PKG|tdc_tsw
15:38:46.2 (622257603)|ENTERING_MANAGED_PKG|tdc_tsw
15:38:46.2 (622327946)|ENTERING_MANAGED_PKG|tdc_tsw
15:38:46.2 (622501505)|ENTERING_MANAGED_PKG|tdc_tsw
15:38:46.2 (622580860)|ENTERING_MANAGED_PKG|tdc_tsw
15:38:46.2 (622755667)|ENTERING_MANAGED_PKG|tdc_tsw
15:38:46.2 (622826206)|ENTERING_MANAGED_PKG|tdc_tsw
15:38:46.2 (622999581)|ENTERING_MANAGED_PKG|tdc_tsw
15:38:46.2 (623069952)|ENTERING_MANAGED_PKG|tdc_tsw
15:38:46.2 (623245388)|ENTERING_MANAGED_PKG|tdc_tsw
15:38:46.2 (623316096)|ENTERING_MANAGED_PKG|tdc_tsw
15:38:46.2 (623490534)|ENTERING_MANAGED_PKG|tdc_tsw
15:38:46.2 (623567345)|ENTERING_MANAGED_PKG|tdc_tsw
15:38:46.2 (623743598)|ENTERING_MANAGED_PKG|tdc_tsw
15:38:46.2 (623814781)|ENTERING_MANAGED_PKG|tdc_tsw
15:38:46.2 (623989604)|ENTERING_MANAGED_PKG|tdc_tsw
15:38:46.2 (624060676)|ENTERING_MANAGED_PKG|tdc_tsw
15:38:46.2 (624235830)|ENTERING_MANAGED_PKG|tdc_tsw
15:38:46.2 (624306619)|ENTERING_MANAGED_PKG|tdc_tsw
15:38:46.2 (624488424)|ENTERING_MANAGED_PKG|tdc_tsw
15:38:46.2 (624566138)|ENTERING_MANAGED_PKG|tdc_tsw
15:38:46.2 (624740829)|ENTERING_MANAGED_PKG|tdc_tsw
15:38:46.2 (624812933)|ENTERING_MANAGED_PKG|tdc_tsw
15:38:46.2 (624988679)|ENTERING_MANAGED_PKG|tdc_tsw
15:38:46.2 (625059119)|ENTERING_MANAGED_PKG|tdc_tsw
15:38:46.2 (625235662)|ENTERING_MANAGED_PKG|tdc_tsw
15:38:46.2 (625306516)|ENTERING_MANAGED_PKG|tdc_tsw
15:38:46.2 (625480981)|ENTERING_MANAGED_PKG|tdc_tsw
15:38:46.2 (625556801)|ENTERING_MANAGED_PKG|tdc_tsw
15:38:46.2 (625731475)|ENTERING_MANAGED_PKG|tdc_tsw
15:38:46.2 (625802590)|ENTERING_MANAGED_PKG|tdc_tsw
15:38:46.2 (625975518)|ENTERING_MANAGED_PKG|tdc_tsw
15:38:46.2 (626045973)|ENTERING_MANAGED_PKG|tdc_tsw
15:38:46.2 (626313507)|ENTERING_MANAGED_PKG|tdc_tsw
15:38:46.2 (626384769)|ENTERING_MANAGED_PKG|tdc_tsw
15:38:46.2 (626565377)|ENTERING_MANAGED_PKG|tdc_tsw
15:38:46.2 (626637914)|ENTERING_MANAGED_PKG|tdc_tsw
15:38:46.2 (626812960)|ENTERING_MANAGED_PKG|tdc_tsw
15:38:46.2 (626884534)|ENTERING_MANAGED_PKG|tdc_tsw
15:38:46.2 (627057893)|ENTERING_MANAGED_PKG|tdc_tsw
15:38:46.2 (627130651)|ENTERING_MANAGED_PKG|tdc_tsw
15:38:46.2 (631353667)|ENTERING_MANAGED_PKG|tdc_tsw
15:38:46.2 (631430441)|ENTERING_MANAGED_PKG|tdc_tsw
15:38:46.2 (631666220)|ENTERING_MANAGED_PKG|tdc_tsw
15:38:46.2 (631737593)|ENTERING_MANAGED_PKG|tdc_tsw
15:38:46.2 (631962802)|ENTERING_MANAGED_PKG|tdc_tsw
15:38:46.2 (632033856)|ENTERING_MANAGED_PKG|tdc_tsw
15:38:46.2 (632449570)|ENTERING_MANAGED_PKG|tdc_tsw
15:38:46.2 (632520852)|ENTERING_MANAGED_PKG|tdc_tsw
15:38:46.2 (632894198)|ENTERING_MANAGED_PKG|tdc_tsw
15:38:46.2 (632966403)|ENTERING_MANAGED_PKG|tdc_tsw
15:38:46.2 (633191783)|ENTERING_MANAGED_PKG|tdc_tsw
15:38:46.2 (633264496)|ENTERING_MANAGED_PKG|tdc_tsw
15:38:46.2 (633489738)|ENTERING_MANAGED_PKG|tdc_tsw
15:38:46.2 (633568086)|ENTERING_MANAGED_PKG|tdc_tsw
15:38:46.2 (633794143)|ENTERING_MANAGED_PKG|tdc_tsw
15:38:46.2 (633866159)|ENTERING_MANAGED_PKG|tdc_tsw
15:38:46.2 (634090272)|ENTERING_MANAGED_PKG|tdc_tsw
15:38:46.2 (634163428)|ENTERING_MANAGED_PKG|tdc_tsw
15:38:46.2 (634388407)|ENTERING_MANAGED_PKG|tdc_tsw
15:38:46.2 (634460470)|ENTERING_MANAGED_PKG|tdc_tsw
15:38:46.2 (634696881)|ENTERING_MANAGED_PKG|tdc_tsw
15:38:46.2 (634768248)|ENTERING_MANAGED_PKG|tdc_tsw
15:38:46.2 (634994199)|ENTERING_MANAGED_PKG|tdc_tsw
15:38:46.2 (635066613)|ENTERING_MANAGED_PKG|tdc_tsw
15:38:46.2 (635293135)|ENTERING_MANAGED_PKG|tdc_tsw
15:38:46.2 (635364051)|ENTERING_MANAGED_PKG|tdc_tsw
15:38:46.2 (635599549)|ENTERING_MANAGED_PKG|tdc_tsw
15:38:46.2 (635672817)|ENTERING_MANAGED_PKG|tdc_tsw
15:38:46.2 (635898027)|ENTERING_MANAGED_PKG|tdc_tsw
15:38:46.2 (635969811)|ENTERING_MANAGED_PKG|tdc_tsw
15:38:46.2 (636194632)|ENTERING_MANAGED_PKG|tdc_tsw
15:38:46.2 (636267955)|ENTERING_MANAGED_PKG|tdc_tsw
15:38:46.2 (636493190)|ENTERING_MANAGED_PKG|tdc_tsw
15:38:46.2 (636573135)|ENTERING_MANAGED_PKG|tdc_tsw
15:38:46.2 (636798681)|ENTERING_MANAGED_PKG|tdc_tsw
15:38:46.2 (636869891)|ENTERING_MANAGED_PKG|tdc_tsw
15:38:46.2 (637144859)|ENTERING_MANAGED_PKG|tdc_tsw
15:38:46.2 (637217051)|ENTERING_MANAGED_PKG|tdc_tsw
15:38:46.2 (637490527)|ENTERING_MANAGED_PKG|tdc_tsw
15:38:46.2 (637573297)|ENTERING_MANAGED_PKG|tdc_tsw
15:38:46.2 (637848228)|ENTERING_MANAGED_PKG|tdc_tsw
15:38:46.2 (637920034)|ENTERING_MANAGED_PKG|tdc_tsw
15:38:46.2 (638194094)|ENTERING_MANAGED_PKG|tdc_tsw
15:38:46.2 (638267955)|ENTERING_MANAGED_PKG|tdc_tsw
15:38:46.2 (638493138)|ENTERING_MANAGED_PKG|tdc_tsw
15:38:46.2 (638570356)|ENTERING_MANAGED_PKG|tdc_tsw
15:38:46.2 (638795255)|ENTERING_MANAGED_PKG|tdc_tsw
15:38:46.2 (638868089)|ENTERING_MANAGED_PKG|tdc_tsw
15:38:46.2 (639092104)|ENTERING_MANAGED_PKG|tdc_tsw
15:38:46.2 (639164648)|ENTERING_MANAGED_PKG|tdc_tsw
15:38:46.2 (639390492)|ENTERING_MANAGED_PKG|tdc_tsw
15:38:46.2 (639463750)|ENTERING_MANAGED_PKG|tdc_tsw
15:38:46.2 (639696511)|ENTERING_MANAGED_PKG|tdc_tsw
15:38:46.2 (639768965)|ENTERING_MANAGED_PKG|tdc_tsw
15:38:46.2 (639994381)|ENTERING_MANAGED_PKG|tdc_tsw
15:38:46.2 (640067436)|ENTERING_MANAGED_PKG|tdc_tsw
15:38:46.2 (640293858)|ENTERING_MANAGED_PKG|tdc_tsw
15:38:46.2 (640366274)|ENTERING_MANAGED_PKG|tdc_tsw
15:38:46.2 (640648392)|ENTERING_MANAGED_PKG|tdc_tsw
15:38:46.2 (640720940)|ENTERING_MANAGED_PKG|tdc_tsw
15:38:46.2 (640946408)|ENTERING_MANAGED_PKG|tdc_tsw
15:38:46.2 (641018887)|ENTERING_MANAGED_PKG|tdc_tsw
15:38:46.2 (641246765)|ENTERING_MANAGED_PKG|tdc_tsw
15:38:46.2 (641318867)|ENTERING_MANAGED_PKG|tdc_tsw
15:38:46.2 (641549989)|ENTERING_MANAGED_PKG|tdc_tsw
15:38:46.2 (641623257)|ENTERING_MANAGED_PKG|tdc_tsw
15:38:46.2 (641897262)|ENTERING_MANAGED_PKG|tdc_tsw
15:38:46.2 (641969131)|ENTERING_MANAGED_PKG|tdc_tsw
15:38:46.2 (642384569)|ENTERING_MANAGED_PKG|tdc_tsw
15:38:46.2 (642457268)|ENTERING_MANAGED_PKG|tdc_tsw
15:38:46.2 (642693519)|ENTERING_MANAGED_PKG|tdc_tsw
15:38:46.2 (642765606)|ENTERING_MANAGED_PKG|tdc_tsw
15:38:46.2 (643188931)|ENTERING_MANAGED_PKG|tdc_tsw
15:38:46.2 (643263159)|ENTERING_MANAGED_PKG|tdc_tsw
15:38:46.2 (643438379)|ENTERING_MANAGED_PKG|tdc_tsw
15:38:46.2 (643510820)|ENTERING_MANAGED_PKG|tdc_tsw
15:38:46.2 (643696083)|ENTERING_MANAGED_PKG|tdc_tsw
15:38:46.2 (643767970)|ENTERING_MANAGED_PKG|tdc_tsw
15:38:46.2 (643942600)|ENTERING_MANAGED_PKG|tdc_tsw
15:38:46.2 (644015637)|ENTERING_MANAGED_PKG|tdc_tsw
15:38:46.2 (644173275)|ENTERING_MANAGED_PKG|tdc_tsw
15:38:46.2 (644202570)|ENTERING_MANAGED_PKG|tdc_tsw
15:38:46.2 (644228753)|ENTERING_MANAGED_PKG|tdc_tsw
15:38:46.2 (644252836)|ENTERING_MANAGED_PKG|tdc_tsw
15:38:46.2 (644277635)|ENTERING_MANAGED_PKG|tdc_tsw
15:38:46.2 (644301781)|ENTERING_MANAGED_PKG|tdc_tsw
15:38:46.2 (644325936)|ENTERING_MANAGED_PKG|tdc_tsw
15:38:46.2 (644350116)|ENTERING_MANAGED_PKG|tdc_tsw
15:38:46.2 (644373807)|ENTERING_MANAGED_PKG|tdc_tsw
15:38:46.2 (644398061)|ENTERING_MANAGED_PKG|tdc_tsw
15:38:46.2 (644422647)|ENTERING_MANAGED_PKG|tdc_tsw
15:38:46.2 (644446954)|ENTERING_MANAGED_PKG|tdc_tsw
15:38:46.2 (644470882)|ENTERING_MANAGED_PKG|tdc_tsw
15:38:46.2 (644494699)|ENTERING_MANAGED_PKG|tdc_tsw
15:38:46.2 (644518523)|ENTERING_MANAGED_PKG|tdc_tsw
15:38:46.2 (644549644)|ENTERING_MANAGED_PKG|tdc_tsw
15:38:46.2 (644575418)|ENTERING_MANAGED_PKG|tdc_tsw
15:38:46.2 (644600035)|ENTERING_MANAGED_PKG|tdc_tsw
15:38:46.2 (644623882)|ENTERING_MANAGED_PKG|tdc_tsw
15:38:46.2 (644647946)|ENTERING_MANAGED_PKG|tdc_tsw
15:38:46.2 (644671578)|ENTERING_MANAGED_PKG|tdc_tsw
15:38:46.2 (644695468)|ENTERING_MANAGED_PKG|tdc_tsw
15:38:46.2 (644719382)|ENTERING_MANAGED_PKG|tdc_tsw
15:38:46.2 (644742877)|ENTERING_MANAGED_PKG|tdc_tsw
15:38:46.2 (644766654)|ENTERING_MANAGED_PKG|tdc_tsw
15:38:46.2 (644790633)|ENTERING_MANAGED_PKG|tdc_tsw
15:38:46.2 (644814589)|ENTERING_MANAGED_PKG|tdc_tsw
15:38:46.2 (644839039)|ENTERING_MANAGED_PKG|tdc_tsw
15:38:46.682 (682402283)|CUMULATIVE_LIMIT_USAGE
15:38:46.682 (682402283)|LIMIT_USAGE_FOR_NS|(default)|
  Number of SOQL queries: 0 out of 100
  Number of query rows: 0 out of 50000
  Number of SOSL queries: 0 out of 20
  Number of DML statements: 0 out of 150
  Number of DML rows: 0 out of 10000
  Maximum CPU time: 414 out of 10000
  Maximum heap size: 0 out of 6000000
  Number of callouts: 0 out of 100
  Number of Email Invocations: 0 out of 10
  Number of future calls: 0 out of 50
  Number of queueable jobs added to the queue: 0 out of 50
  Number of Mobile Apex push calls: 0 out of 10

15:38:46.682 (682402283)|LIMIT_USAGE_FOR_NS|tdc_tsw|
  Number of SOQL queries: 4 out of 100
  Number of query rows: 1 out of 50000
  Number of SOSL queries: 0 out of 20
  Number of DML statements: 0 out of 150
  Number of DML rows: 0 out of 10000
  Maximum CPU time: 0 out of 10000
  Maximum heap size: 0 out of 6000000
  Number of callouts: 0 out of 100
  Number of Email Invocations: 0 out of 10
  Number of future calls: 0 out of 50
  Number of queueable jobs added to the queue: 0 out of 50
  Number of Mobile Apex push calls: 0 out of 10

15:38:46.682 (682402283)|CUMULATIVE_LIMIT_USAGE_END

