44.0 APEX_CODE,FINEST;APEX_PROFILING,INFO;CALLOUT,INFO;DB,INFO;NBA,INFO;SYSTEM,DEBUG;VALIDATION,INFO;VISUALFORCE,INFO;WAVE,INFO;WORKFLOW,INFO
17:01:29.0 (126901)|USER_INFO|[EXTERNAL]|0051H000009gxp8|chanida.dev2@solvedbysoftwareco.com|Eastern Standard Time|GMT-05:00
17:01:29.0 (1591050)|ENTERING_MANAGED_PKG|tdc_tsw
17:01:29.0 (2055624)|ENTERING_MANAGED_PKG|tdc_tsw
17:01:29.0 (5858161)|SOQL_EXECUTE_BEGIN|[16]|Aggregations:0|SELECT id, name, Disable_Incoming_SMS_Sharing__c FROM User WHERE id = :tmpVar1
17:01:29.0 (13053175)|SOQL_EXECUTE_END|[16]|Rows:1
17:01:29.0 (18028831)|SOQL_EXECUTE_BEGIN|[37]|Aggregations:0|SELECT CreatedDate,Created_Date__c,Id,LastModifiedDate,MessageId__c,Message_Text_New__c,Name,OwnerId,Read__c,Related_Object_Id__c,Related_Object__c,Sender_Number__c, Sender_Name__c,ToNumber__c,Attachments_Ids__c FROM Message__c WHERE Name = 'Incoming' AND Read__c = false ORDER BY CreatedDate Desc limit 100
17:01:29.0 (28746514)|SOQL_EXECUTE_END|[37]|Rows:14
17:01:29.0 (32612226)|ENTERING_MANAGED_PKG|tdc_tsw
17:01:29.0 (34724100)|ENTERING_MANAGED_PKG|tdc_tsw
17:01:29.0 (35261361)|ENTERING_MANAGED_PKG|tdc_tsw
17:01:29.0 (36063282)|ENTERING_MANAGED_PKG|tdc_tsw
17:01:29.0 (38928118)|ENTERING_MANAGED_PKG|tdc_tsw
17:01:29.0 (39706802)|ENTERING_MANAGED_PKG|tdc_tsw
17:01:29.0 (39958185)|ENTERING_MANAGED_PKG|tdc_tsw
17:01:29.0 (40351596)|ENTERING_MANAGED_PKG|tdc_tsw
17:01:29.0 (41591418)|ENTERING_MANAGED_PKG|tdc_tsw
17:01:29.0 (45384403)|ENTERING_MANAGED_PKG|tdc_tsw
17:01:29.0 (45464545)|ENTERING_MANAGED_PKG|tdc_tsw
17:01:29.0 (45935359)|SOQL_EXECUTE_BEGIN|[200]|Aggregations:0|SELECT Name, NamespacePrefix, SystemModStamp FROM StaticResource WHERE Name LIKE :tmpVar1 LIMIT 10
17:01:29.0 (48397967)|SOQL_EXECUTE_END|[200]|Rows:1
17:01:29.0 (49153606)|ENTERING_MANAGED_PKG|tdc_tsw
17:01:29.0 (49473080)|SOQL_EXECUTE_BEGIN|[200]|Aggregations:0|SELECT Name, NamespacePrefix, SystemModStamp FROM StaticResource WHERE Name LIKE :tmpVar1 LIMIT 10
17:01:29.0 (51486958)|SOQL_EXECUTE_END|[200]|Rows:1
17:01:29.0 (51924843)|ENTERING_MANAGED_PKG|tdc_tsw
17:01:29.0 (55438650)|ENTERING_MANAGED_PKG|tdc_tsw
17:01:29.0 (57210854)|ENTERING_MANAGED_PKG|tdc_tsw
17:01:29.0 (57546353)|ENTERING_MANAGED_PKG|tdc_tsw
17:01:29.0 (58418725)|ENTERING_MANAGED_PKG|tdc_tsw
17:01:29.0 (58804151)|SOQL_EXECUTE_BEGIN|[200]|Aggregations:0|SELECT Name, NamespacePrefix, SystemModStamp FROM StaticResource WHERE Name LIKE :tmpVar1 LIMIT 10
17:01:29.0 (61053921)|SOQL_EXECUTE_END|[200]|Rows:1
17:01:29.66 (66240285)|USER_INFO|[EXTERNAL]|0051H000009gxp8|chanida.dev2@solvedbysoftwareco.com|Eastern Standard Time|GMT-05:00
17:01:29.66 (67608903)|ENTERING_MANAGED_PKG|tdc_tsw
17:01:29.66 (67790911)|ENTERING_MANAGED_PKG|tdc_tsw
17:01:29.66 (70329310)|SOQL_EXECUTE_BEGIN|[355]|Aggregations:0|SELECT id, name, Disable_Incoming_SMS_Sharing__c FROM User WHERE id = :tmpVar1
17:01:29.66 (75546093)|SOQL_EXECUTE_END|[355]|Rows:1
17:01:29.66 (76519893)|SOQL_EXECUTE_BEGIN|[367]|Aggregations:0|SELECT CreatedDate,Id,LastModifiedDate,Related_Object_Id__c FROM Message__c WHERE Name = 'Incoming' AND Read__c = false ORDER BY CreatedDate Desc limit 100
17:01:29.66 (82570672)|SOQL_EXECUTE_END|[367]|Rows:14
