44.0 APEX_CODE,FINEST;APEX_PROFILING,INFO;CALLOUT,INFO;DB,INFO;NBA,INFO;SYSTEM,DEBUG;VALIDATION,INFO;VISUALFORCE,INFO;WAVE,INFO;WORKFLOW,INFO
23:22:06.0 (206676)|USER_INFO|[EXTERNAL]|0051H000009gxp8|chanida.dev2@solvedbysoftwareco.com|Eastern Standard Time|GMT-05:00
23:22:06.0 (2001592)|ENTERING_MANAGED_PKG|tdc_tsw
23:22:06.0 (2401677)|ENTERING_MANAGED_PKG|tdc_tsw
23:22:06.0 (5764459)|SOQL_EXECUTE_BEGIN|[16]|Aggregations:0|SELECT id, name, Disable_Incoming_SMS_Sharing__c FROM User WHERE id = :tmpVar1
23:22:06.0 (11894816)|SOQL_EXECUTE_END|[16]|Rows:1
23:22:06.0 (17067826)|SOQL_EXECUTE_BEGIN|[37]|Aggregations:0|SELECT CreatedDate,Created_Date__c,Id,LastModifiedDate,MessageId__c,Message_Text_New__c,Name,OwnerId,Read__c,Related_Object_Id__c,Related_Object__c,Sender_Number__c, Sender_Name__c,ToNumber__c,Attachments_Ids__c FROM Message__c WHERE Name = 'Incoming' AND Read__c = false ORDER BY CreatedDate Desc limit 100
23:22:06.0 (32543592)|SOQL_EXECUTE_END|[37]|Rows:100
23:22:06.0 (50322273)|ENTERING_MANAGED_PKG|tdc_tsw
23:22:06.0 (52287378)|ENTERING_MANAGED_PKG|tdc_tsw
23:22:06.0 (52784564)|ENTERING_MANAGED_PKG|tdc_tsw
23:22:06.0 (53505578)|ENTERING_MANAGED_PKG|tdc_tsw
23:22:06.0 (56237679)|ENTERING_MANAGED_PKG|tdc_tsw
23:22:06.0 (57026276)|ENTERING_MANAGED_PKG|tdc_tsw
23:22:06.0 (57429649)|ENTERING_MANAGED_PKG|tdc_tsw
23:22:06.0 (58053413)|ENTERING_MANAGED_PKG|tdc_tsw
23:22:06.0 (59263382)|ENTERING_MANAGED_PKG|tdc_tsw
23:22:06.0 (60227721)|ENTERING_MANAGED_PKG|tdc_tsw
23:22:06.0 (60455772)|ENTERING_MANAGED_PKG|tdc_tsw
23:22:06.0 (60842531)|ENTERING_MANAGED_PKG|tdc_tsw
23:22:06.0 (61912093)|ENTERING_MANAGED_PKG|tdc_tsw
23:22:06.0 (62757657)|ENTERING_MANAGED_PKG|tdc_tsw
23:22:06.0 (63119702)|ENTERING_MANAGED_PKG|tdc_tsw
23:22:06.0 (63563508)|ENTERING_MANAGED_PKG|tdc_tsw
23:22:06.0 (64756536)|ENTERING_MANAGED_PKG|tdc_tsw
23:22:06.0 (65597860)|ENTERING_MANAGED_PKG|tdc_tsw
23:22:06.0 (65856505)|ENTERING_MANAGED_PKG|tdc_tsw
23:22:06.0 (66284179)|ENTERING_MANAGED_PKG|tdc_tsw
23:22:06.0 (67515616)|ENTERING_MANAGED_PKG|tdc_tsw
23:22:06.0 (68277454)|ENTERING_MANAGED_PKG|tdc_tsw
23:22:06.0 (68516803)|ENTERING_MANAGED_PKG|tdc_tsw
23:22:06.0 (68890075)|ENTERING_MANAGED_PKG|tdc_tsw
23:22:06.0 (70255558)|ENTERING_MANAGED_PKG|tdc_tsw
23:22:06.0 (71128515)|ENTERING_MANAGED_PKG|tdc_tsw
23:22:06.0 (71350440)|ENTERING_MANAGED_PKG|tdc_tsw
23:22:06.0 (71741471)|ENTERING_MANAGED_PKG|tdc_tsw
23:22:06.0 (73393551)|ENTERING_MANAGED_PKG|tdc_tsw
23:22:06.0 (74314267)|ENTERING_MANAGED_PKG|tdc_tsw
23:22:06.0 (74626513)|ENTERING_MANAGED_PKG|tdc_tsw
23:22:06.0 (75226608)|ENTERING_MANAGED_PKG|tdc_tsw
23:22:06.0 (76455359)|ENTERING_MANAGED_PKG|tdc_tsw
23:22:06.0 (77553392)|ENTERING_MANAGED_PKG|tdc_tsw
23:22:06.0 (77945771)|ENTERING_MANAGED_PKG|tdc_tsw
23:22:06.0 (78326688)|ENTERING_MANAGED_PKG|tdc_tsw
23:22:06.0 (79407857)|ENTERING_MANAGED_PKG|tdc_tsw
23:22:06.0 (80189103)|ENTERING_MANAGED_PKG|tdc_tsw
23:22:06.0 (80408681)|ENTERING_MANAGED_PKG|tdc_tsw
23:22:06.0 (80805029)|ENTERING_MANAGED_PKG|tdc_tsw
23:22:06.0 (82068819)|ENTERING_MANAGED_PKG|tdc_tsw
23:22:06.0 (82970530)|ENTERING_MANAGED_PKG|tdc_tsw
23:22:06.0 (83307899)|ENTERING_MANAGED_PKG|tdc_tsw
23:22:06.0 (83819780)|ENTERING_MANAGED_PKG|tdc_tsw
23:22:06.0 (85133947)|ENTERING_MANAGED_PKG|tdc_tsw
23:22:06.0 (86226020)|ENTERING_MANAGED_PKG|tdc_tsw
23:22:06.0 (86633736)|ENTERING_MANAGED_PKG|tdc_tsw
23:22:06.0 (87072650)|ENTERING_MANAGED_PKG|tdc_tsw
23:22:06.0 (88126896)|ENTERING_MANAGED_PKG|tdc_tsw
23:22:06.0 (88899275)|ENTERING_MANAGED_PKG|tdc_tsw
23:22:06.0 (89118420)|ENTERING_MANAGED_PKG|tdc_tsw
23:22:06.0 (89702612)|ENTERING_MANAGED_PKG|tdc_tsw
23:22:06.0 (90845994)|ENTERING_MANAGED_PKG|tdc_tsw
23:22:06.0 (91719908)|ENTERING_MANAGED_PKG|tdc_tsw
23:22:06.0 (91951059)|ENTERING_MANAGED_PKG|tdc_tsw
23:22:06.0 (92478683)|ENTERING_MANAGED_PKG|tdc_tsw
23:22:06.0 (93779360)|ENTERING_MANAGED_PKG|tdc_tsw
23:22:06.0 (94699208)|ENTERING_MANAGED_PKG|tdc_tsw
23:22:06.0 (95155721)|ENTERING_MANAGED_PKG|tdc_tsw
23:22:06.0 (95795225)|ENTERING_MANAGED_PKG|tdc_tsw
23:22:06.0 (97240813)|ENTERING_MANAGED_PKG|tdc_tsw
23:22:06.0 (98007643)|ENTERING_MANAGED_PKG|tdc_tsw
23:22:06.0 (98228225)|ENTERING_MANAGED_PKG|tdc_tsw
23:22:06.0 (98614673)|ENTERING_MANAGED_PKG|tdc_tsw
23:22:06.0 (99664205)|ENTERING_MANAGED_PKG|tdc_tsw
23:22:06.0 (100409469)|ENTERING_MANAGED_PKG|tdc_tsw
23:22:06.0 (100641578)|ENTERING_MANAGED_PKG|tdc_tsw
23:22:06.0 (101016031)|ENTERING_MANAGED_PKG|tdc_tsw
23:22:06.0 (102041160)|ENTERING_MANAGED_PKG|tdc_tsw
23:22:06.0 (102798979)|ENTERING_MANAGED_PKG|tdc_tsw
23:22:06.0 (103017334)|ENTERING_MANAGED_PKG|tdc_tsw
23:22:06.0 (103403076)|ENTERING_MANAGED_PKG|tdc_tsw
23:22:06.0 (104432357)|ENTERING_MANAGED_PKG|tdc_tsw
23:22:06.0 (105163638)|ENTERING_MANAGED_PKG|tdc_tsw
23:22:06.0 (105382279)|ENTERING_MANAGED_PKG|tdc_tsw
23:22:06.0 (105764738)|ENTERING_MANAGED_PKG|tdc_tsw
23:22:06.0 (106815359)|ENTERING_MANAGED_PKG|tdc_tsw
23:22:06.0 (107551200)|ENTERING_MANAGED_PKG|tdc_tsw
23:22:06.0 (107769319)|ENTERING_MANAGED_PKG|tdc_tsw
23:22:06.0 (108150213)|ENTERING_MANAGED_PKG|tdc_tsw
23:22:06.0 (109180116)|ENTERING_MANAGED_PKG|tdc_tsw
23:22:06.0 (109940717)|ENTERING_MANAGED_PKG|tdc_tsw
23:22:06.0 (110168230)|ENTERING_MANAGED_PKG|tdc_tsw
23:22:06.0 (110549059)|ENTERING_MANAGED_PKG|tdc_tsw
23:22:06.0 (111594268)|ENTERING_MANAGED_PKG|tdc_tsw
23:22:06.0 (112312031)|ENTERING_MANAGED_PKG|tdc_tsw
23:22:06.0 (112575417)|ENTERING_MANAGED_PKG|tdc_tsw
23:22:06.0 (112961766)|ENTERING_MANAGED_PKG|tdc_tsw
23:22:06.0 (113977972)|ENTERING_MANAGED_PKG|tdc_tsw
23:22:06.0 (114708047)|ENTERING_MANAGED_PKG|tdc_tsw
23:22:06.0 (114926075)|ENTERING_MANAGED_PKG|tdc_tsw
23:22:06.0 (115303905)|ENTERING_MANAGED_PKG|tdc_tsw
23:22:06.0 (116327362)|ENTERING_MANAGED_PKG|tdc_tsw
23:22:06.0 (117063942)|ENTERING_MANAGED_PKG|tdc_tsw
23:22:06.0 (117292843)|ENTERING_MANAGED_PKG|tdc_tsw
23:22:06.0 (117668556)|ENTERING_MANAGED_PKG|tdc_tsw
23:22:06.0 (118697240)|ENTERING_MANAGED_PKG|tdc_tsw
23:22:06.0 (119423647)|ENTERING_MANAGED_PKG|tdc_tsw
23:22:06.0 (119663086)|ENTERING_MANAGED_PKG|tdc_tsw
23:22:06.0 (120030818)|ENTERING_MANAGED_PKG|tdc_tsw
23:22:06.0 (121065705)|ENTERING_MANAGED_PKG|tdc_tsw
23:22:06.0 (121823513)|ENTERING_MANAGED_PKG|tdc_tsw
23:22:06.0 (122147705)|ENTERING_MANAGED_PKG|tdc_tsw
23:22:06.0 (122531757)|ENTERING_MANAGED_PKG|tdc_tsw
23:22:06.0 (123561223)|ENTERING_MANAGED_PKG|tdc_tsw
23:22:06.0 (124300392)|ENTERING_MANAGED_PKG|tdc_tsw
23:22:06.0 (124528223)|ENTERING_MANAGED_PKG|tdc_tsw
23:22:06.0 (124897301)|ENTERING_MANAGED_PKG|tdc_tsw
23:22:06.0 (125914282)|ENTERING_MANAGED_PKG|tdc_tsw
23:22:06.0 (126659839)|ENTERING_MANAGED_PKG|tdc_tsw
23:22:06.0 (126884747)|ENTERING_MANAGED_PKG|tdc_tsw
23:22:06.0 (127259745)|ENTERING_MANAGED_PKG|tdc_tsw
23:22:06.0 (128293405)|ENTERING_MANAGED_PKG|tdc_tsw
23:22:06.0 (129026417)|ENTERING_MANAGED_PKG|tdc_tsw
23:22:06.0 (129244515)|ENTERING_MANAGED_PKG|tdc_tsw
23:22:06.0 (129621713)|ENTERING_MANAGED_PKG|tdc_tsw
23:22:06.0 (130651511)|ENTERING_MANAGED_PKG|tdc_tsw
23:22:06.0 (131369025)|ENTERING_MANAGED_PKG|tdc_tsw
23:22:06.0 (131620854)|ENTERING_MANAGED_PKG|tdc_tsw
23:22:06.0 (131996362)|ENTERING_MANAGED_PKG|tdc_tsw
23:22:06.0 (133026718)|ENTERING_MANAGED_PKG|tdc_tsw
23:22:06.0 (133765748)|ENTERING_MANAGED_PKG|tdc_tsw
23:22:06.0 (133982925)|ENTERING_MANAGED_PKG|tdc_tsw
23:22:06.0 (134351177)|ENTERING_MANAGED_PKG|tdc_tsw
23:22:06.0 (135375385)|ENTERING_MANAGED_PKG|tdc_tsw
23:22:06.0 (136099096)|ENTERING_MANAGED_PKG|tdc_tsw
23:22:06.0 (136317891)|ENTERING_MANAGED_PKG|tdc_tsw
23:22:06.0 (136700148)|ENTERING_MANAGED_PKG|tdc_tsw
23:22:06.0 (137737412)|ENTERING_MANAGED_PKG|tdc_tsw
23:22:06.0 (138451674)|ENTERING_MANAGED_PKG|tdc_tsw
23:22:06.0 (138676701)|ENTERING_MANAGED_PKG|tdc_tsw
23:22:06.0 (139057947)|ENTERING_MANAGED_PKG|tdc_tsw
23:22:06.0 (140106086)|ENTERING_MANAGED_PKG|tdc_tsw
23:22:06.0 (140840440)|ENTERING_MANAGED_PKG|tdc_tsw
23:22:06.0 (141056812)|ENTERING_MANAGED_PKG|tdc_tsw
23:22:06.0 (141430878)|ENTERING_MANAGED_PKG|tdc_tsw
23:22:06.0 (142464071)|ENTERING_MANAGED_PKG|tdc_tsw
23:22:06.0 (143196051)|ENTERING_MANAGED_PKG|tdc_tsw
23:22:06.0 (143414531)|ENTERING_MANAGED_PKG|tdc_tsw
23:22:06.0 (143833451)|ENTERING_MANAGED_PKG|tdc_tsw
23:22:06.0 (144871473)|ENTERING_MANAGED_PKG|tdc_tsw
23:22:06.0 (145628940)|ENTERING_MANAGED_PKG|tdc_tsw
23:22:06.0 (145846459)|ENTERING_MANAGED_PKG|tdc_tsw
23:22:06.0 (146219954)|ENTERING_MANAGED_PKG|tdc_tsw
23:22:06.0 (147253521)|ENTERING_MANAGED_PKG|tdc_tsw
23:22:06.0 (147976454)|ENTERING_MANAGED_PKG|tdc_tsw
23:22:06.0 (148199689)|ENTERING_MANAGED_PKG|tdc_tsw
23:22:06.0 (148584103)|ENTERING_MANAGED_PKG|tdc_tsw
23:22:06.0 (149647158)|ENTERING_MANAGED_PKG|tdc_tsw
23:22:06.0 (150394700)|ENTERING_MANAGED_PKG|tdc_tsw
23:22:06.0 (150618749)|ENTERING_MANAGED_PKG|tdc_tsw
23:22:06.0 (151020805)|ENTERING_MANAGED_PKG|tdc_tsw
23:22:06.0 (152071358)|ENTERING_MANAGED_PKG|tdc_tsw
23:22:06.0 (152802673)|ENTERING_MANAGED_PKG|tdc_tsw
23:22:06.0 (153020052)|ENTERING_MANAGED_PKG|tdc_tsw
23:22:06.0 (153405942)|ENTERING_MANAGED_PKG|tdc_tsw
23:22:06.0 (154444301)|ENTERING_MANAGED_PKG|tdc_tsw
23:22:06.0 (155172721)|ENTERING_MANAGED_PKG|tdc_tsw
23:22:06.0 (155390148)|ENTERING_MANAGED_PKG|tdc_tsw
23:22:06.0 (155774253)|ENTERING_MANAGED_PKG|tdc_tsw
23:22:06.0 (156876307)|ENTERING_MANAGED_PKG|tdc_tsw
23:22:06.0 (157683577)|ENTERING_MANAGED_PKG|tdc_tsw
23:22:06.0 (157908756)|ENTERING_MANAGED_PKG|tdc_tsw
23:22:06.0 (158282671)|ENTERING_MANAGED_PKG|tdc_tsw
23:22:06.0 (159372429)|ENTERING_MANAGED_PKG|tdc_tsw
23:22:06.0 (160109362)|ENTERING_MANAGED_PKG|tdc_tsw
23:22:06.0 (160328690)|ENTERING_MANAGED_PKG|tdc_tsw
23:22:06.0 (160776907)|ENTERING_MANAGED_PKG|tdc_tsw
23:22:06.0 (161861117)|ENTERING_MANAGED_PKG|tdc_tsw
23:22:06.0 (162603129)|ENTERING_MANAGED_PKG|tdc_tsw
23:22:06.0 (162827450)|ENTERING_MANAGED_PKG|tdc_tsw
23:22:06.0 (163200039)|ENTERING_MANAGED_PKG|tdc_tsw
23:22:06.0 (164220751)|ENTERING_MANAGED_PKG|tdc_tsw
23:22:06.0 (164965006)|ENTERING_MANAGED_PKG|tdc_tsw
23:22:06.0 (165201864)|ENTERING_MANAGED_PKG|tdc_tsw
23:22:06.0 (165625542)|ENTERING_MANAGED_PKG|tdc_tsw
23:22:06.0 (166673754)|ENTERING_MANAGED_PKG|tdc_tsw
23:22:06.0 (167396579)|ENTERING_MANAGED_PKG|tdc_tsw
23:22:06.0 (167621938)|ENTERING_MANAGED_PKG|tdc_tsw
23:22:06.0 (168001501)|ENTERING_MANAGED_PKG|tdc_tsw
23:22:06.0 (169339869)|ENTERING_MANAGED_PKG|tdc_tsw
23:22:06.0 (170100122)|ENTERING_MANAGED_PKG|tdc_tsw
23:22:06.0 (170360451)|ENTERING_MANAGED_PKG|tdc_tsw
23:22:06.0 (170744315)|ENTERING_MANAGED_PKG|tdc_tsw
23:22:06.0 (171854663)|ENTERING_MANAGED_PKG|tdc_tsw
23:22:06.0 (172594062)|ENTERING_MANAGED_PKG|tdc_tsw
23:22:06.0 (172817711)|ENTERING_MANAGED_PKG|tdc_tsw
23:22:06.0 (173199636)|ENTERING_MANAGED_PKG|tdc_tsw
23:22:06.0 (174231836)|ENTERING_MANAGED_PKG|tdc_tsw
23:22:06.0 (174966807)|ENTERING_MANAGED_PKG|tdc_tsw
23:22:06.0 (175238139)|ENTERING_MANAGED_PKG|tdc_tsw
23:22:06.0 (175623022)|ENTERING_MANAGED_PKG|tdc_tsw
23:22:06.0 (176662185)|ENTERING_MANAGED_PKG|tdc_tsw
23:22:06.0 (177383516)|ENTERING_MANAGED_PKG|tdc_tsw
23:22:06.0 (177631164)|ENTERING_MANAGED_PKG|tdc_tsw
23:22:06.0 (178005246)|ENTERING_MANAGED_PKG|tdc_tsw
23:22:06.0 (179031326)|ENTERING_MANAGED_PKG|tdc_tsw
23:22:06.0 (179800904)|ENTERING_MANAGED_PKG|tdc_tsw
23:22:06.0 (179998784)|ENTERING_MANAGED_PKG|tdc_tsw
23:22:06.0 (180384062)|ENTERING_MANAGED_PKG|tdc_tsw
23:22:06.0 (181486392)|ENTERING_MANAGED_PKG|tdc_tsw
23:22:06.0 (182245235)|ENTERING_MANAGED_PKG|tdc_tsw
23:22:06.0 (182469012)|ENTERING_MANAGED_PKG|tdc_tsw
23:22:06.0 (182859773)|ENTERING_MANAGED_PKG|tdc_tsw
23:22:06.0 (183886425)|ENTERING_MANAGED_PKG|tdc_tsw
23:22:06.0 (184637903)|ENTERING_MANAGED_PKG|tdc_tsw
23:22:06.0 (184861382)|ENTERING_MANAGED_PKG|tdc_tsw
23:22:06.0 (185234295)|ENTERING_MANAGED_PKG|tdc_tsw
23:22:06.0 (186638027)|ENTERING_MANAGED_PKG|tdc_tsw
23:22:06.0 (187443227)|ENTERING_MANAGED_PKG|tdc_tsw
23:22:06.0 (187528864)|ENTERING_MANAGED_PKG|tdc_tsw
23:22:06.0 (188038564)|SOQL_EXECUTE_BEGIN|[200]|Aggregations:0|SELECT Name, NamespacePrefix, SystemModStamp FROM StaticResource WHERE Name LIKE :tmpVar1 LIMIT 10
23:22:06.0 (190881302)|SOQL_EXECUTE_END|[200]|Rows:1
23:22:06.0 (191770253)|ENTERING_MANAGED_PKG|tdc_tsw
23:22:06.0 (192109196)|SOQL_EXECUTE_BEGIN|[200]|Aggregations:0|SELECT Name, NamespacePrefix, SystemModStamp FROM StaticResource WHERE Name LIKE :tmpVar1 LIMIT 10
23:22:06.0 (194208571)|SOQL_EXECUTE_END|[200]|Rows:1
23:22:06.0 (194596243)|ENTERING_MANAGED_PKG|tdc_tsw
23:22:06.0 (197804217)|ENTERING_MANAGED_PKG|tdc_tsw
23:22:06.0 (199259169)|ENTERING_MANAGED_PKG|tdc_tsw
23:22:06.0 (199569143)|ENTERING_MANAGED_PKG|tdc_tsw
23:22:06.0 (200410820)|ENTERING_MANAGED_PKG|tdc_tsw
23:22:06.0 (200787919)|SOQL_EXECUTE_BEGIN|[200]|Aggregations:0|SELECT Name, NamespacePrefix, SystemModStamp FROM StaticResource WHERE Name LIKE :tmpVar1 LIMIT 10
23:22:06.0 (202918667)|SOQL_EXECUTE_END|[200]|Rows:1
23:22:06.222 (222551955)|USER_INFO|[EXTERNAL]|0051H000009gxp8|chanida.dev2@solvedbysoftwareco.com|Eastern Standard Time|GMT-05:00
23:22:06.222 (224334485)|ENTERING_MANAGED_PKG|tdc_tsw
23:22:06.222 (224576976)|ENTERING_MANAGED_PKG|tdc_tsw
23:22:06.222 (227101772)|SOQL_EXECUTE_BEGIN|[355]|Aggregations:0|SELECT id, name, Disable_Incoming_SMS_Sharing__c FROM User WHERE id = :tmpVar1
23:22:06.222 (232434330)|SOQL_EXECUTE_END|[355]|Rows:1
23:22:06.222 (233350826)|SOQL_EXECUTE_BEGIN|[367]|Aggregations:0|SELECT CreatedDate,Id,LastModifiedDate,Related_Object_Id__c FROM Message__c WHERE Name = 'Incoming' AND Read__c = false ORDER BY CreatedDate Desc limit 100
23:22:06.222 (242559871)|SOQL_EXECUTE_END|[367]|Rows:100
