44.0 APEX_CODE,FINEST;APEX_PROFILING,INFO;CALLOUT,INFO;DB,INFO;NBA,INFO;SYSTEM,DEBUG;VALIDATION,INFO;VISUALFORCE,INFO;WAVE,INFO;WORKFLOW,INFO
14:41:57.0 (530223)|USER_INFO|[EXTERNAL]|0051H000009gxp8|chanida.dev2@solvedbysoftwareco.com|Eastern Standard Time|GMT-05:00
14:41:57.0 (2773156)|ENTERING_MANAGED_PKG|tdc_tsw
14:41:57.0 (3375931)|ENTERING_MANAGED_PKG|tdc_tsw
14:41:57.0 (10772051)|SOQL_EXECUTE_BEGIN|[16]|Aggregations:0|SELECT id, name, Disable_Incoming_SMS_Sharing__c FROM User WHERE id = :tmpVar1
14:41:57.0 (21815557)|SOQL_EXECUTE_END|[16]|Rows:1
14:41:57.0 (33962679)|SOQL_EXECUTE_BEGIN|[37]|Aggregations:0|SELECT CreatedDate,Created_Date__c,Id,LastModifiedDate,MessageId__c,Message_Text_New__c,Name,OwnerId,Read__c,Related_Object_Id__c,Related_Object__c,Sender_Number__c, Sender_Name__c,ToNumber__c,Attachments_Ids__c FROM Message__c WHERE Name = 'Incoming' AND Read__c = false ORDER BY CreatedDate Desc limit 100
14:41:57.0 (56654036)|SOQL_EXECUTE_END|[37]|Rows:100
14:41:57.0 (85281290)|ENTERING_MANAGED_PKG|tdc_tsw
14:41:57.0 (87673665)|ENTERING_MANAGED_PKG|tdc_tsw
14:41:57.0 (88427857)|ENTERING_MANAGED_PKG|tdc_tsw
14:41:57.0 (89227875)|ENTERING_MANAGED_PKG|tdc_tsw
14:41:57.0 (92228362)|ENTERING_MANAGED_PKG|tdc_tsw
14:41:57.0 (93100861)|ENTERING_MANAGED_PKG|tdc_tsw
14:41:57.0 (93517229)|ENTERING_MANAGED_PKG|tdc_tsw
14:41:57.0 (93978773)|ENTERING_MANAGED_PKG|tdc_tsw
14:41:57.0 (95174716)|ENTERING_MANAGED_PKG|tdc_tsw
14:41:57.0 (95979765)|ENTERING_MANAGED_PKG|tdc_tsw
14:41:57.0 (96228232)|ENTERING_MANAGED_PKG|tdc_tsw
14:41:57.0 (96650758)|ENTERING_MANAGED_PKG|tdc_tsw
14:41:57.0 (97833218)|ENTERING_MANAGED_PKG|tdc_tsw
14:41:57.0 (98627255)|ENTERING_MANAGED_PKG|tdc_tsw
14:41:57.0 (98877553)|ENTERING_MANAGED_PKG|tdc_tsw
14:41:57.0 (99319478)|ENTERING_MANAGED_PKG|tdc_tsw
14:41:57.0 (100825739)|ENTERING_MANAGED_PKG|tdc_tsw
14:41:57.0 (101624965)|ENTERING_MANAGED_PKG|tdc_tsw
14:41:57.0 (101877376)|ENTERING_MANAGED_PKG|tdc_tsw
14:41:57.0 (102302174)|ENTERING_MANAGED_PKG|tdc_tsw
14:41:57.0 (103489860)|ENTERING_MANAGED_PKG|tdc_tsw
14:41:57.0 (104281633)|ENTERING_MANAGED_PKG|tdc_tsw
14:41:57.0 (104538877)|ENTERING_MANAGED_PKG|tdc_tsw
14:41:57.0 (104962048)|ENTERING_MANAGED_PKG|tdc_tsw
14:41:57.0 (106148954)|ENTERING_MANAGED_PKG|tdc_tsw
14:41:57.0 (106975332)|ENTERING_MANAGED_PKG|tdc_tsw
14:41:57.0 (107220836)|ENTERING_MANAGED_PKG|tdc_tsw
14:41:57.0 (107657235)|ENTERING_MANAGED_PKG|tdc_tsw
14:41:57.0 (108834619)|ENTERING_MANAGED_PKG|tdc_tsw
14:41:57.0 (109621360)|ENTERING_MANAGED_PKG|tdc_tsw
14:41:57.0 (109868708)|ENTERING_MANAGED_PKG|tdc_tsw
14:41:57.0 (110288210)|ENTERING_MANAGED_PKG|tdc_tsw
14:41:57.0 (111466572)|ENTERING_MANAGED_PKG|tdc_tsw
14:41:57.0 (112246178)|ENTERING_MANAGED_PKG|tdc_tsw
14:41:57.0 (112492449)|ENTERING_MANAGED_PKG|tdc_tsw
14:41:57.0 (112917693)|ENTERING_MANAGED_PKG|tdc_tsw
14:41:57.0 (114088749)|ENTERING_MANAGED_PKG|tdc_tsw
14:41:57.0 (114874903)|ENTERING_MANAGED_PKG|tdc_tsw
14:41:57.0 (115122544)|ENTERING_MANAGED_PKG|tdc_tsw
14:41:57.0 (115590320)|ENTERING_MANAGED_PKG|tdc_tsw
14:41:57.0 (116780454)|ENTERING_MANAGED_PKG|tdc_tsw
14:41:57.0 (117564007)|ENTERING_MANAGED_PKG|tdc_tsw
14:41:57.0 (117812955)|ENTERING_MANAGED_PKG|tdc_tsw
14:41:57.0 (118321519)|ENTERING_MANAGED_PKG|tdc_tsw
14:41:57.0 (119570861)|ENTERING_MANAGED_PKG|tdc_tsw
14:41:57.0 (120358513)|ENTERING_MANAGED_PKG|tdc_tsw
14:41:57.0 (120588332)|ENTERING_MANAGED_PKG|tdc_tsw
14:41:57.0 (121011599)|ENTERING_MANAGED_PKG|tdc_tsw
14:41:57.0 (122196785)|ENTERING_MANAGED_PKG|tdc_tsw
14:41:57.0 (122979527)|ENTERING_MANAGED_PKG|tdc_tsw
14:41:57.0 (123229273)|ENTERING_MANAGED_PKG|tdc_tsw
14:41:57.0 (123660934)|ENTERING_MANAGED_PKG|tdc_tsw
14:41:57.0 (124827866)|ENTERING_MANAGED_PKG|tdc_tsw
14:41:57.0 (125615245)|ENTERING_MANAGED_PKG|tdc_tsw
14:41:57.0 (125862888)|ENTERING_MANAGED_PKG|tdc_tsw
14:41:57.0 (126283496)|ENTERING_MANAGED_PKG|tdc_tsw
14:41:57.0 (127460673)|ENTERING_MANAGED_PKG|tdc_tsw
14:41:57.0 (128239408)|ENTERING_MANAGED_PKG|tdc_tsw
14:41:57.0 (128493263)|ENTERING_MANAGED_PKG|tdc_tsw
14:41:57.0 (128925415)|ENTERING_MANAGED_PKG|tdc_tsw
14:41:57.0 (130105401)|ENTERING_MANAGED_PKG|tdc_tsw
14:41:57.0 (130887554)|ENTERING_MANAGED_PKG|tdc_tsw
14:41:57.0 (131134391)|ENTERING_MANAGED_PKG|tdc_tsw
14:41:57.0 (131561286)|ENTERING_MANAGED_PKG|tdc_tsw
14:41:57.0 (132726962)|ENTERING_MANAGED_PKG|tdc_tsw
14:41:57.0 (133489391)|ENTERING_MANAGED_PKG|tdc_tsw
14:41:57.0 (133739169)|ENTERING_MANAGED_PKG|tdc_tsw
14:41:57.0 (134156637)|ENTERING_MANAGED_PKG|tdc_tsw
14:41:57.0 (135325016)|ENTERING_MANAGED_PKG|tdc_tsw
14:41:57.0 (136096613)|ENTERING_MANAGED_PKG|tdc_tsw
14:41:57.0 (136341129)|ENTERING_MANAGED_PKG|tdc_tsw
14:41:57.0 (136763433)|ENTERING_MANAGED_PKG|tdc_tsw
14:41:57.0 (137932927)|ENTERING_MANAGED_PKG|tdc_tsw
14:41:57.0 (138764169)|ENTERING_MANAGED_PKG|tdc_tsw
14:41:57.0 (139010262)|ENTERING_MANAGED_PKG|tdc_tsw
14:41:57.0 (139425317)|ENTERING_MANAGED_PKG|tdc_tsw
14:41:57.0 (140617283)|ENTERING_MANAGED_PKG|tdc_tsw
14:41:57.0 (141399952)|ENTERING_MANAGED_PKG|tdc_tsw
14:41:57.0 (141658367)|ENTERING_MANAGED_PKG|tdc_tsw
14:41:57.0 (142078964)|ENTERING_MANAGED_PKG|tdc_tsw
14:41:57.0 (143244724)|ENTERING_MANAGED_PKG|tdc_tsw
14:41:57.0 (144071311)|ENTERING_MANAGED_PKG|tdc_tsw
14:41:57.0 (144315260)|ENTERING_MANAGED_PKG|tdc_tsw
14:41:57.0 (144740380)|ENTERING_MANAGED_PKG|tdc_tsw
14:41:57.0 (145915118)|ENTERING_MANAGED_PKG|tdc_tsw
14:41:57.0 (146700004)|ENTERING_MANAGED_PKG|tdc_tsw
14:41:57.0 (146948026)|ENTERING_MANAGED_PKG|tdc_tsw
14:41:57.0 (147365532)|ENTERING_MANAGED_PKG|tdc_tsw
14:41:57.0 (148547789)|ENTERING_MANAGED_PKG|tdc_tsw
14:41:57.0 (149316317)|ENTERING_MANAGED_PKG|tdc_tsw
14:41:57.0 (149568491)|ENTERING_MANAGED_PKG|tdc_tsw
14:41:57.0 (149990431)|ENTERING_MANAGED_PKG|tdc_tsw
14:41:57.0 (151159535)|ENTERING_MANAGED_PKG|tdc_tsw
14:41:57.0 (151922173)|ENTERING_MANAGED_PKG|tdc_tsw
14:41:57.0 (152164905)|ENTERING_MANAGED_PKG|tdc_tsw
14:41:57.0 (152587079)|ENTERING_MANAGED_PKG|tdc_tsw
14:41:57.0 (153762714)|ENTERING_MANAGED_PKG|tdc_tsw
14:41:57.0 (154535430)|ENTERING_MANAGED_PKG|tdc_tsw
14:41:57.0 (154785125)|ENTERING_MANAGED_PKG|tdc_tsw
14:41:57.0 (155203510)|ENTERING_MANAGED_PKG|tdc_tsw
14:41:57.0 (156373874)|ENTERING_MANAGED_PKG|tdc_tsw
14:41:57.0 (157157768)|ENTERING_MANAGED_PKG|tdc_tsw
14:41:57.0 (157407929)|ENTERING_MANAGED_PKG|tdc_tsw
14:41:57.0 (157835305)|ENTERING_MANAGED_PKG|tdc_tsw
14:41:57.0 (159061728)|ENTERING_MANAGED_PKG|tdc_tsw
14:41:57.0 (159852708)|ENTERING_MANAGED_PKG|tdc_tsw
14:41:57.0 (160098795)|ENTERING_MANAGED_PKG|tdc_tsw
14:41:57.0 (160523976)|ENTERING_MANAGED_PKG|tdc_tsw
14:41:57.0 (161694562)|ENTERING_MANAGED_PKG|tdc_tsw
14:41:57.0 (162472184)|ENTERING_MANAGED_PKG|tdc_tsw
14:41:57.0 (162721955)|ENTERING_MANAGED_PKG|tdc_tsw
14:41:57.0 (163143917)|ENTERING_MANAGED_PKG|tdc_tsw
14:41:57.0 (164319340)|ENTERING_MANAGED_PKG|tdc_tsw
14:41:57.0 (165089927)|ENTERING_MANAGED_PKG|tdc_tsw
14:41:57.0 (165338135)|ENTERING_MANAGED_PKG|tdc_tsw
14:41:57.0 (165772949)|ENTERING_MANAGED_PKG|tdc_tsw
14:41:57.0 (166943454)|ENTERING_MANAGED_PKG|tdc_tsw
14:41:57.0 (167727642)|ENTERING_MANAGED_PKG|tdc_tsw
14:41:57.0 (167976513)|ENTERING_MANAGED_PKG|tdc_tsw
14:41:57.0 (168395724)|ENTERING_MANAGED_PKG|tdc_tsw
14:41:57.0 (169574790)|ENTERING_MANAGED_PKG|tdc_tsw
14:41:57.0 (170348123)|ENTERING_MANAGED_PKG|tdc_tsw
14:41:57.0 (170604466)|ENTERING_MANAGED_PKG|tdc_tsw
14:41:57.0 (171026514)|ENTERING_MANAGED_PKG|tdc_tsw
14:41:57.0 (172201519)|ENTERING_MANAGED_PKG|tdc_tsw
14:41:57.0 (172981844)|ENTERING_MANAGED_PKG|tdc_tsw
14:41:57.0 (173225996)|ENTERING_MANAGED_PKG|tdc_tsw
14:41:57.0 (173655555)|ENTERING_MANAGED_PKG|tdc_tsw
14:41:57.0 (174833449)|ENTERING_MANAGED_PKG|tdc_tsw
14:41:57.0 (175601805)|ENTERING_MANAGED_PKG|tdc_tsw
14:41:57.0 (175845283)|ENTERING_MANAGED_PKG|tdc_tsw
14:41:57.0 (176264167)|ENTERING_MANAGED_PKG|tdc_tsw
14:41:57.0 (177437306)|ENTERING_MANAGED_PKG|tdc_tsw
14:41:57.0 (178208073)|ENTERING_MANAGED_PKG|tdc_tsw
14:41:57.0 (178452884)|ENTERING_MANAGED_PKG|tdc_tsw
14:41:57.0 (178881931)|ENTERING_MANAGED_PKG|tdc_tsw
14:41:57.0 (180064799)|ENTERING_MANAGED_PKG|tdc_tsw
14:41:57.0 (180848824)|ENTERING_MANAGED_PKG|tdc_tsw
14:41:57.0 (181093945)|ENTERING_MANAGED_PKG|tdc_tsw
14:41:57.0 (181508656)|ENTERING_MANAGED_PKG|tdc_tsw
14:41:57.0 (182687385)|ENTERING_MANAGED_PKG|tdc_tsw
14:41:57.0 (183462594)|ENTERING_MANAGED_PKG|tdc_tsw
14:41:57.0 (183719566)|ENTERING_MANAGED_PKG|tdc_tsw
14:41:57.0 (184134217)|ENTERING_MANAGED_PKG|tdc_tsw
14:41:57.0 (185298957)|ENTERING_MANAGED_PKG|tdc_tsw
14:41:57.0 (186078241)|ENTERING_MANAGED_PKG|tdc_tsw
14:41:57.0 (186327949)|ENTERING_MANAGED_PKG|tdc_tsw
14:41:57.0 (186757939)|ENTERING_MANAGED_PKG|tdc_tsw
14:41:57.0 (187921350)|ENTERING_MANAGED_PKG|tdc_tsw
14:41:57.0 (188706715)|ENTERING_MANAGED_PKG|tdc_tsw
14:41:57.0 (189111442)|ENTERING_MANAGED_PKG|tdc_tsw
14:41:57.0 (189591957)|ENTERING_MANAGED_PKG|tdc_tsw
14:41:57.0 (190775614)|ENTERING_MANAGED_PKG|tdc_tsw
14:41:57.0 (191561810)|ENTERING_MANAGED_PKG|tdc_tsw
14:41:57.0 (191810067)|ENTERING_MANAGED_PKG|tdc_tsw
14:41:57.0 (192230290)|ENTERING_MANAGED_PKG|tdc_tsw
14:41:57.0 (193408105)|ENTERING_MANAGED_PKG|tdc_tsw
14:41:57.0 (194180474)|ENTERING_MANAGED_PKG|tdc_tsw
14:41:57.0 (194426211)|ENTERING_MANAGED_PKG|tdc_tsw
14:41:57.0 (194852448)|ENTERING_MANAGED_PKG|tdc_tsw
14:41:57.0 (196022106)|ENTERING_MANAGED_PKG|tdc_tsw
14:41:57.0 (196800925)|ENTERING_MANAGED_PKG|tdc_tsw
14:41:57.0 (197044359)|ENTERING_MANAGED_PKG|tdc_tsw
14:41:57.0 (197464789)|ENTERING_MANAGED_PKG|tdc_tsw
14:41:57.0 (198636976)|ENTERING_MANAGED_PKG|tdc_tsw
14:41:57.0 (199396474)|ENTERING_MANAGED_PKG|tdc_tsw
14:41:57.0 (199652344)|ENTERING_MANAGED_PKG|tdc_tsw
14:41:57.0 (200138022)|ENTERING_MANAGED_PKG|tdc_tsw
14:41:57.0 (201303957)|ENTERING_MANAGED_PKG|tdc_tsw
14:41:57.0 (202078885)|ENTERING_MANAGED_PKG|tdc_tsw
14:41:57.0 (202328155)|ENTERING_MANAGED_PKG|tdc_tsw
14:41:57.0 (202753043)|ENTERING_MANAGED_PKG|tdc_tsw
14:41:57.0 (203926140)|ENTERING_MANAGED_PKG|tdc_tsw
14:41:57.0 (204701972)|ENTERING_MANAGED_PKG|tdc_tsw
14:41:57.0 (204948609)|ENTERING_MANAGED_PKG|tdc_tsw
14:41:57.0 (205361057)|ENTERING_MANAGED_PKG|tdc_tsw
14:41:57.0 (206542561)|ENTERING_MANAGED_PKG|tdc_tsw
14:41:57.0 (207306573)|ENTERING_MANAGED_PKG|tdc_tsw
14:41:57.0 (207562319)|ENTERING_MANAGED_PKG|tdc_tsw
14:41:57.0 (207983352)|ENTERING_MANAGED_PKG|tdc_tsw
14:41:57.0 (209158618)|ENTERING_MANAGED_PKG|tdc_tsw
14:41:57.0 (209936127)|ENTERING_MANAGED_PKG|tdc_tsw
14:41:57.0 (210183601)|ENTERING_MANAGED_PKG|tdc_tsw
14:41:57.0 (210609758)|ENTERING_MANAGED_PKG|tdc_tsw
14:41:57.0 (211793619)|ENTERING_MANAGED_PKG|tdc_tsw
14:41:57.0 (212913010)|ENTERING_MANAGED_PKG|tdc_tsw
14:41:57.0 (213228025)|ENTERING_MANAGED_PKG|tdc_tsw
14:41:57.0 (213708621)|ENTERING_MANAGED_PKG|tdc_tsw
14:41:57.0 (215062580)|ENTERING_MANAGED_PKG|tdc_tsw
14:41:57.0 (215888419)|ENTERING_MANAGED_PKG|tdc_tsw
14:41:57.0 (216136065)|ENTERING_MANAGED_PKG|tdc_tsw
14:41:57.0 (216577419)|ENTERING_MANAGED_PKG|tdc_tsw
14:41:57.0 (217778244)|ENTERING_MANAGED_PKG|tdc_tsw
14:41:57.0 (218575218)|ENTERING_MANAGED_PKG|tdc_tsw
14:41:57.0 (218830486)|ENTERING_MANAGED_PKG|tdc_tsw
14:41:57.0 (219256984)|ENTERING_MANAGED_PKG|tdc_tsw
14:41:57.0 (220458999)|ENTERING_MANAGED_PKG|tdc_tsw
14:41:57.0 (221247369)|ENTERING_MANAGED_PKG|tdc_tsw
14:41:57.0 (221500117)|ENTERING_MANAGED_PKG|tdc_tsw
14:41:57.0 (221936426)|ENTERING_MANAGED_PKG|tdc_tsw
14:41:57.0 (223131118)|ENTERING_MANAGED_PKG|tdc_tsw
14:41:57.0 (223928356)|ENTERING_MANAGED_PKG|tdc_tsw
14:41:57.0 (224179231)|ENTERING_MANAGED_PKG|tdc_tsw
14:41:57.0 (224606298)|ENTERING_MANAGED_PKG|tdc_tsw
14:41:57.0 (226121582)|ENTERING_MANAGED_PKG|tdc_tsw
14:41:57.0 (226915554)|ENTERING_MANAGED_PKG|tdc_tsw
14:41:57.0 (227169035)|ENTERING_MANAGED_PKG|tdc_tsw
14:41:57.0 (227600017)|ENTERING_MANAGED_PKG|tdc_tsw
14:41:57.0 (228787823)|ENTERING_MANAGED_PKG|tdc_tsw
14:41:57.0 (229578347)|ENTERING_MANAGED_PKG|tdc_tsw
14:41:57.0 (229832573)|ENTERING_MANAGED_PKG|tdc_tsw
14:41:57.0 (230257619)|ENTERING_MANAGED_PKG|tdc_tsw
14:41:57.0 (231450701)|ENTERING_MANAGED_PKG|tdc_tsw
14:41:57.0 (232246108)|ENTERING_MANAGED_PKG|tdc_tsw
14:41:57.0 (232497630)|ENTERING_MANAGED_PKG|tdc_tsw
14:41:57.0 (232928216)|ENTERING_MANAGED_PKG|tdc_tsw
14:41:57.0 (234128924)|ENTERING_MANAGED_PKG|tdc_tsw
14:41:57.0 (234928303)|ENTERING_MANAGED_PKG|tdc_tsw
14:41:57.0 (235180420)|ENTERING_MANAGED_PKG|tdc_tsw
14:41:57.0 (235616679)|ENTERING_MANAGED_PKG|tdc_tsw
14:41:57.0 (236812032)|ENTERING_MANAGED_PKG|tdc_tsw
14:41:57.0 (237614217)|ENTERING_MANAGED_PKG|tdc_tsw
14:41:57.0 (237866198)|ENTERING_MANAGED_PKG|tdc_tsw
14:41:57.0 (238294497)|ENTERING_MANAGED_PKG|tdc_tsw
14:41:57.0 (239509269)|ENTERING_MANAGED_PKG|tdc_tsw
14:41:57.0 (240306033)|ENTERING_MANAGED_PKG|tdc_tsw
14:41:57.0 (240564914)|ENTERING_MANAGED_PKG|tdc_tsw
14:41:57.0 (240999075)|ENTERING_MANAGED_PKG|tdc_tsw
14:41:57.0 (242212231)|ENTERING_MANAGED_PKG|tdc_tsw
14:41:57.0 (242997462)|ENTERING_MANAGED_PKG|tdc_tsw
14:41:57.0 (243253599)|ENTERING_MANAGED_PKG|tdc_tsw
14:41:57.0 (243693787)|ENTERING_MANAGED_PKG|tdc_tsw
14:41:57.0 (244900712)|ENTERING_MANAGED_PKG|tdc_tsw
14:41:57.0 (245697578)|ENTERING_MANAGED_PKG|tdc_tsw
14:41:57.0 (245954800)|ENTERING_MANAGED_PKG|tdc_tsw
14:41:57.0 (246378366)|ENTERING_MANAGED_PKG|tdc_tsw
14:41:57.0 (247592817)|ENTERING_MANAGED_PKG|tdc_tsw
14:41:57.0 (248379039)|ENTERING_MANAGED_PKG|tdc_tsw
14:41:57.0 (248643514)|ENTERING_MANAGED_PKG|tdc_tsw
14:41:57.0 (249064260)|ENTERING_MANAGED_PKG|tdc_tsw
14:41:57.0 (250251808)|ENTERING_MANAGED_PKG|tdc_tsw
14:41:57.0 (251040031)|ENTERING_MANAGED_PKG|tdc_tsw
14:41:57.0 (251295080)|ENTERING_MANAGED_PKG|tdc_tsw
14:41:57.0 (251726892)|ENTERING_MANAGED_PKG|tdc_tsw
14:41:57.0 (252921575)|ENTERING_MANAGED_PKG|tdc_tsw
14:41:57.0 (253710233)|ENTERING_MANAGED_PKG|tdc_tsw
14:41:57.0 (253961863)|ENTERING_MANAGED_PKG|tdc_tsw
14:41:57.0 (254387671)|ENTERING_MANAGED_PKG|tdc_tsw
14:41:57.0 (255587373)|ENTERING_MANAGED_PKG|tdc_tsw
14:41:57.0 (256373636)|ENTERING_MANAGED_PKG|tdc_tsw
14:41:57.0 (256632630)|ENTERING_MANAGED_PKG|tdc_tsw
14:41:57.0 (257060927)|ENTERING_MANAGED_PKG|tdc_tsw
14:41:57.0 (258271567)|ENTERING_MANAGED_PKG|tdc_tsw
14:41:57.0 (259061076)|ENTERING_MANAGED_PKG|tdc_tsw
14:41:57.0 (259310662)|ENTERING_MANAGED_PKG|tdc_tsw
14:41:57.0 (259747350)|ENTERING_MANAGED_PKG|tdc_tsw
14:41:57.0 (260953281)|ENTERING_MANAGED_PKG|tdc_tsw
14:41:57.0 (261752158)|ENTERING_MANAGED_PKG|tdc_tsw
14:41:57.0 (262001122)|ENTERING_MANAGED_PKG|tdc_tsw
14:41:57.0 (262432357)|ENTERING_MANAGED_PKG|tdc_tsw
14:41:57.0 (263633715)|ENTERING_MANAGED_PKG|tdc_tsw
14:41:57.0 (264411970)|ENTERING_MANAGED_PKG|tdc_tsw
14:41:57.0 (264672452)|ENTERING_MANAGED_PKG|tdc_tsw
14:41:57.0 (265098700)|ENTERING_MANAGED_PKG|tdc_tsw
14:41:57.0 (266311055)|ENTERING_MANAGED_PKG|tdc_tsw
14:41:57.0 (267105997)|ENTERING_MANAGED_PKG|tdc_tsw
14:41:57.0 (267359015)|ENTERING_MANAGED_PKG|tdc_tsw
14:41:57.0 (267788947)|ENTERING_MANAGED_PKG|tdc_tsw
14:41:57.0 (270360765)|ENTERING_MANAGED_PKG|tdc_tsw
14:41:57.0 (271337837)|ENTERING_MANAGED_PKG|tdc_tsw
14:41:57.0 (271432228)|ENTERING_MANAGED_PKG|tdc_tsw
14:41:57.0 (272253658)|SOQL_EXECUTE_BEGIN|[200]|Aggregations:0|SELECT Name, NamespacePrefix, SystemModStamp FROM StaticResource WHERE Name LIKE :tmpVar1 LIMIT 10
14:41:57.0 (276864315)|SOQL_EXECUTE_END|[200]|Rows:1
14:41:57.0 (278019505)|ENTERING_MANAGED_PKG|tdc_tsw
14:41:57.0 (278552109)|SOQL_EXECUTE_BEGIN|[200]|Aggregations:0|SELECT Name, NamespacePrefix, SystemModStamp FROM StaticResource WHERE Name LIKE :tmpVar1 LIMIT 10
14:41:57.0 (282250368)|SOQL_EXECUTE_END|[200]|Rows:1
14:41:57.0 (283055712)|ENTERING_MANAGED_PKG|tdc_tsw
14:41:57.0 (288550126)|ENTERING_MANAGED_PKG|tdc_tsw
14:41:57.0 (290870879)|ENTERING_MANAGED_PKG|tdc_tsw
14:41:57.0 (291198048)|ENTERING_MANAGED_PKG|tdc_tsw
14:41:57.0 (292274912)|ENTERING_MANAGED_PKG|tdc_tsw
14:41:57.0 (292880804)|SOQL_EXECUTE_BEGIN|[200]|Aggregations:0|SELECT Name, NamespacePrefix, SystemModStamp FROM StaticResource WHERE Name LIKE :tmpVar1 LIMIT 10
14:41:57.0 (296401642)|SOQL_EXECUTE_END|[200]|Rows:1
14:41:57.328 (328145524)|USER_INFO|[EXTERNAL]|0051H000009gxp8|chanida.dev2@solvedbysoftwareco.com|Eastern Standard Time|GMT-05:00
14:41:57.328 (329953815)|ENTERING_MANAGED_PKG|tdc_tsw
14:41:57.328 (330155457)|ENTERING_MANAGED_PKG|tdc_tsw
14:41:57.328 (333189068)|SOQL_EXECUTE_BEGIN|[355]|Aggregations:0|SELECT id, name, Disable_Incoming_SMS_Sharing__c FROM User WHERE id = :tmpVar1
14:41:57.328 (343574746)|SOQL_EXECUTE_END|[355]|Rows:1
14:41:57.328 (345043595)|SOQL_EXECUTE_BEGIN|[367]|Aggregations:0|SELECT CreatedDate,Id,LastModifiedDate,Related_Object_Id__c FROM Message__c WHERE Name = 'Incoming' AND Read__c = false ORDER BY CreatedDate Desc limit 100
14:41:57.328 (358863735)|SOQL_EXECUTE_END|[367]|Rows:100
