36.0 APEX_CODE,FINEST;APEX_PROFILING,INFO;CALLOUT,INFO;DB,INFO;NBA,INFO;SYSTEM,DEBUG;VALIDATION,INFO;VISUALFORCE,INFO;WAVE,INFO;WORKFLOW,INFO
22:44:13.14 (14974445)|ENTERING_MANAGED_PKG|tdc_tsw
22:44:13.14 (15642665)|ENTERING_MANAGED_PKG|tdc_tsw
22:44:13.14 (16667460)|ENTERING_MANAGED_PKG|tdc_tsw
22:44:13.14 (17810169)|ENTERING_MANAGED_PKG|tdc_tsw
22:44:13.14 (17891825)|ENTERING_MANAGED_PKG|tdc_tsw
22:44:13.14 (35593769)|ENTERING_MANAGED_PKG|tdc_tsw
22:44:13.14 (38676269)|ENTERING_MANAGED_PKG|tdc_tsw
22:44:13.14 (38729672)|ENTERING_MANAGED_PKG|tdc_tsw
22:44:13.14 (38795598)|ENTERING_MANAGED_PKG|tdc_tsw
22:44:13.14 (39891754)|ENTERING_MANAGED_PKG|tdc_tsw
22:44:13.14 (40343239)|ENTERING_MANAGED_PKG|tdc_tsw
22:44:13.14 (40653553)|ENTERING_MANAGED_PKG|tdc_tsw
22:44:13.14 (54280242)|ENTERING_MANAGED_PKG|tdc_tsw
22:44:13.14 (54347367)|ENTERING_MANAGED_PKG|tdc_tsw
22:44:13.14 (54776893)|ENTERING_MANAGED_PKG|tdc_tsw
22:44:13.14 (57825273)|ENTERING_MANAGED_PKG|tdc_tsw
22:44:13.14 (58966836)|ENTERING_MANAGED_PKG|tdc_tsw
22:44:13.14 (59103210)|ENTERING_MANAGED_PKG|tdc_tsw
22:44:13.14 (59202063)|ENTERING_MANAGED_PKG|tdc_tsw
22:44:13.14 (59509243)|ENTERING_MANAGED_PKG|tdc_tsw
22:44:13.14 (59720465)|ENTERING_MANAGED_PKG|tdc_tsw
22:44:13.14 (61753014)|ENTERING_MANAGED_PKG|tdc_tsw
22:44:13.14 (61848954)|ENTERING_MANAGED_PKG|tdc_tsw
22:44:13.14 (61959730)|ENTERING_MANAGED_PKG|tdc_tsw
22:44:13.14 (62068657)|ENTERING_MANAGED_PKG|tdc_tsw
22:44:13.14 (62093444)|ENTERING_MANAGED_PKG|tdc_tsw
22:44:13.14 (62522893)|ENTERING_MANAGED_PKG|tdc_tsw
22:44:13.14 (62649676)|ENTERING_MANAGED_PKG|tdc_tsw
22:44:13.14 (62717578)|ENTERING_MANAGED_PKG|tdc_tsw
22:44:13.14 (62876097)|ENTERING_MANAGED_PKG|tdc_tsw
22:44:13.14 (62970267)|ENTERING_MANAGED_PKG|tdc_tsw
22:44:13.14 (64219992)|ENTERING_MANAGED_PKG|tdc_tsw
22:44:13.14 (64339681)|ENTERING_MANAGED_PKG|tdc_tsw
22:44:13.14 (64426707)|ENTERING_MANAGED_PKG|tdc_tsw
22:44:13.14 (65212968)|ENTERING_MANAGED_PKG|tdc_tsw
22:44:13.14 (65261429)|ENTERING_MANAGED_PKG|tdc_tsw
22:44:13.14 (65330286)|ENTERING_MANAGED_PKG|tdc_tsw
22:44:13.14 (65405604)|ENTERING_MANAGED_PKG|tdc_tsw
22:44:13.14 (65526518)|ENTERING_MANAGED_PKG|tdc_tsw
22:44:13.14 (65672870)|ENTERING_MANAGED_PKG|tdc_tsw
22:44:13.14 (65721523)|ENTERING_MANAGED_PKG|tdc_tsw
22:44:13.14 (65789614)|ENTERING_MANAGED_PKG|tdc_tsw
22:44:13.14 (65831295)|ENTERING_MANAGED_PKG|tdc_tsw
22:44:13.14 (65870393)|ENTERING_MANAGED_PKG|tdc_tsw
22:44:13.14 (65904458)|ENTERING_MANAGED_PKG|tdc_tsw
22:44:13.14 (65951091)|ENTERING_MANAGED_PKG|tdc_tsw
22:44:13.14 (66027665)|ENTERING_MANAGED_PKG|tdc_tsw
22:44:13.14 (66807669)|ENTERING_MANAGED_PKG|tdc_tsw
22:44:13.14 (66913672)|ENTERING_MANAGED_PKG|tdc_tsw
22:44:13.14 (67234168)|ENTERING_MANAGED_PKG|tdc_tsw
22:44:13.14 (67380611)|ENTERING_MANAGED_PKG|tdc_tsw
22:44:13.14 (67531697)|ENTERING_MANAGED_PKG|tdc_tsw
22:44:13.14 (67601279)|ENTERING_MANAGED_PKG|tdc_tsw
22:44:13.14 (67680630)|ENTERING_MANAGED_PKG|tdc_tsw
22:44:13.14 (68115170)|ENTERING_MANAGED_PKG|tdc_tsw
22:44:13.14 (436348618)|ENTERING_MANAGED_PKG|tdc_tsw
22:44:13.14 (436462553)|ENTERING_MANAGED_PKG|tdc_tsw
22:44:13.14 (437307609)|ENTERING_MANAGED_PKG|tdc_tsw
22:44:13.14 (437364057)|ENTERING_MANAGED_PKG|tdc_tsw
22:44:13.14 (437445206)|ENTERING_MANAGED_PKG|tdc_tsw
22:44:13.14 (437517297)|ENTERING_MANAGED_PKG|tdc_tsw
22:44:13.14 (437580371)|ENTERING_MANAGED_PKG|tdc_tsw
22:44:13.14 (437620136)|ENTERING_MANAGED_PKG|tdc_tsw
22:44:13.14 (437675591)|ENTERING_MANAGED_PKG|tdc_tsw
22:44:13.14 (437714589)|ENTERING_MANAGED_PKG|tdc_tsw
22:44:13.14 (437745557)|ENTERING_MANAGED_PKG|tdc_tsw
22:44:13.14 (437805941)|ENTERING_MANAGED_PKG|tdc_tsw
22:44:13.14 (437865224)|ENTERING_MANAGED_PKG|tdc_tsw
22:44:13.14 (437905752)|ENTERING_MANAGED_PKG|tdc_tsw
22:44:13.14 (438825238)|ENTERING_MANAGED_PKG|tdc_tsw
22:44:13.14 (439190773)|ENTERING_MANAGED_PKG|tdc_tsw
22:44:13.14 (441771200)|ENTERING_MANAGED_PKG|tdc_tsw
22:44:13.14 (449048782)|ENTERING_MANAGED_PKG|tdc_tsw
22:44:13.14 (449840868)|ENTERING_MANAGED_PKG|tdc_tsw
22:44:13.14 (449920196)|ENTERING_MANAGED_PKG|tdc_tsw
22:44:13.14 (449979619)|ENTERING_MANAGED_PKG|tdc_tsw
22:44:13.14 (450066448)|ENTERING_MANAGED_PKG|tdc_tsw
22:44:13.14 (450137632)|ENTERING_MANAGED_PKG|tdc_tsw
22:44:13.14 (450264299)|ENTERING_MANAGED_PKG|tdc_tsw
22:44:13.14 (450638005)|ENTERING_MANAGED_PKG|tdc_tsw
22:44:13.14 (450701053)|ENTERING_MANAGED_PKG|tdc_tsw
22:44:13.14 (450930085)|ENTERING_MANAGED_PKG|tdc_tsw
22:44:13.14 (451006876)|ENTERING_MANAGED_PKG|tdc_tsw
22:44:13.14 (451266852)|ENTERING_MANAGED_PKG|tdc_tsw
22:44:13.14 (451328747)|ENTERING_MANAGED_PKG|tdc_tsw
22:44:13.14 (451371761)|ENTERING_MANAGED_PKG|tdc_tsw
22:44:13.14 (451407577)|ENTERING_MANAGED_PKG|tdc_tsw
22:44:13.14 (451447369)|ENTERING_MANAGED_PKG|tdc_tsw
22:44:13.14 (451512388)|ENTERING_MANAGED_PKG|tdc_tsw
22:44:13.14 (451592180)|ENTERING_MANAGED_PKG|tdc_tsw
22:44:13.14 (451617505)|ENTERING_MANAGED_PKG|tdc_tsw
22:44:13.14 (451674338)|ENTERING_MANAGED_PKG|tdc_tsw
22:44:13.14 (451863494)|ENTERING_MANAGED_PKG|tdc_tsw
22:44:13.14 (451899454)|ENTERING_MANAGED_PKG|tdc_tsw
22:44:13.14 (451941120)|ENTERING_MANAGED_PKG|tdc_tsw
22:44:13.14 (451977682)|ENTERING_MANAGED_PKG|tdc_tsw
22:44:13.14 (452018991)|ENTERING_MANAGED_PKG|tdc_tsw
22:44:13.14 (452073719)|ENTERING_MANAGED_PKG|tdc_tsw
22:44:13.14 (452114688)|ENTERING_MANAGED_PKG|tdc_tsw
22:44:13.14 (452174285)|ENTERING_MANAGED_PKG|tdc_tsw
22:44:13.14 (452211870)|ENTERING_MANAGED_PKG|tdc_tsw
22:44:13.14 (452329284)|ENTERING_MANAGED_PKG|tdc_tsw
22:44:13.14 (452415852)|ENTERING_MANAGED_PKG|tdc_tsw
22:44:13.14 (452492259)|ENTERING_MANAGED_PKG|tdc_tsw
22:44:13.14 (452542495)|ENTERING_MANAGED_PKG|tdc_tsw
22:44:13.14 (452630328)|ENTERING_MANAGED_PKG|tdc_tsw
22:44:13.14 (735872338)|ENTERING_MANAGED_PKG|tdc_tsw
22:44:13.14 (736297258)|ENTERING_MANAGED_PKG|tdc_tsw
22:44:13.14 (736337511)|ENTERING_MANAGED_PKG|tdc_tsw
22:44:13.14 (736384331)|ENTERING_MANAGED_PKG|tdc_tsw
22:44:13.14 (736435809)|ENTERING_MANAGED_PKG|tdc_tsw
22:44:13.14 (736463980)|ENTERING_MANAGED_PKG|tdc_tsw
22:44:13.14 (736488817)|ENTERING_MANAGED_PKG|tdc_tsw
22:44:13.14 (736524480)|ENTERING_MANAGED_PKG|tdc_tsw
22:44:13.14 (736551395)|ENTERING_MANAGED_PKG|tdc_tsw
22:44:13.14 (736574951)|ENTERING_MANAGED_PKG|tdc_tsw
22:44:13.14 (736653255)|ENTERING_MANAGED_PKG|tdc_tsw
22:44:13.14 (736761586)|ENTERING_MANAGED_PKG|tdc_tsw
22:44:13.14 (736813603)|ENTERING_MANAGED_PKG|tdc_tsw
22:44:13.14 (736916610)|ENTERING_MANAGED_PKG|tdc_tsw
22:44:13.14 (737029964)|ENTERING_MANAGED_PKG|tdc_tsw
22:44:13.14 (741058509)|ENTERING_MANAGED_PKG|tdc_tsw
22:44:13.14 (741715817)|ENTERING_MANAGED_PKG|tdc_tsw
22:44:13.14 (748427419)|ENTERING_MANAGED_PKG|tdc_tsw
22:44:13.14 (749619220)|ENTERING_MANAGED_PKG|tdc_tsw
22:44:13.14 (756989490)|ENTERING_MANAGED_PKG|tdc_tsw
22:44:13.14 (758003034)|ENTERING_MANAGED_PKG|tdc_tsw
22:44:13.14 (764712428)|ENTERING_MANAGED_PKG|tdc_tsw
22:44:13.14 (765629489)|ENTERING_MANAGED_PKG|tdc_tsw
22:44:13.14 (772237510)|ENTERING_MANAGED_PKG|tdc_tsw
22:44:13.14 (773163334)|ENTERING_MANAGED_PKG|tdc_tsw
22:44:13.14 (780324444)|ENTERING_MANAGED_PKG|tdc_tsw
22:44:13.14 (781312648)|ENTERING_MANAGED_PKG|tdc_tsw
22:44:13.14 (788959953)|ENTERING_MANAGED_PKG|tdc_tsw
22:44:13.14 (789930531)|ENTERING_MANAGED_PKG|tdc_tsw
22:44:13.14 (798895006)|ENTERING_MANAGED_PKG|tdc_tsw
22:44:13.14 (800223720)|ENTERING_MANAGED_PKG|tdc_tsw
22:44:13.14 (807031265)|ENTERING_MANAGED_PKG|tdc_tsw
22:44:13.14 (808073392)|ENTERING_MANAGED_PKG|tdc_tsw
22:44:13.14 (814688162)|ENTERING_MANAGED_PKG|tdc_tsw
22:44:13.14 (815687413)|ENTERING_MANAGED_PKG|tdc_tsw
22:44:13.14 (823010446)|ENTERING_MANAGED_PKG|tdc_tsw
22:44:13.14 (824583595)|ENTERING_MANAGED_PKG|tdc_tsw
22:44:13.14 (832222687)|ENTERING_MANAGED_PKG|tdc_tsw
22:44:13.14 (833278577)|ENTERING_MANAGED_PKG|tdc_tsw
22:44:13.14 (840906208)|ENTERING_MANAGED_PKG|tdc_tsw
22:44:13.14 (842065421)|ENTERING_MANAGED_PKG|tdc_tsw
22:44:13.14 (849873154)|ENTERING_MANAGED_PKG|tdc_tsw
22:44:13.14 (850961253)|ENTERING_MANAGED_PKG|tdc_tsw
22:44:13.14 (858721477)|ENTERING_MANAGED_PKG|tdc_tsw
22:44:13.14 (859714081)|ENTERING_MANAGED_PKG|tdc_tsw
22:44:13.14 (866678903)|ENTERING_MANAGED_PKG|tdc_tsw
22:44:13.14 (868211394)|ENTERING_MANAGED_PKG|tdc_tsw
22:44:13.14 (874957642)|ENTERING_MANAGED_PKG|tdc_tsw
22:44:13.14 (876135061)|ENTERING_MANAGED_PKG|tdc_tsw
22:44:13.14 (884077917)|ENTERING_MANAGED_PKG|tdc_tsw
22:44:13.14 (885081625)|ENTERING_MANAGED_PKG|tdc_tsw
22:44:13.14 (894030465)|ENTERING_MANAGED_PKG|tdc_tsw
22:44:13.14 (895015111)|ENTERING_MANAGED_PKG|tdc_tsw
22:44:13.14 (901776774)|ENTERING_MANAGED_PKG|tdc_tsw
22:44:13.14 (902852708)|ENTERING_MANAGED_PKG|tdc_tsw
22:44:13.14 (910137888)|ENTERING_MANAGED_PKG|tdc_tsw
22:44:13.14 (911821500)|ENTERING_MANAGED_PKG|tdc_tsw
22:44:13.14 (923244499)|ENTERING_MANAGED_PKG|tdc_tsw
22:44:13.14 (924876621)|ENTERING_MANAGED_PKG|tdc_tsw
22:44:13.14 (936496717)|ENTERING_MANAGED_PKG|tdc_tsw
22:44:13.14 (938207318)|ENTERING_MANAGED_PKG|tdc_tsw
22:44:13.14 (950201545)|ENTERING_MANAGED_PKG|tdc_tsw
22:44:13.14 (951865400)|ENTERING_MANAGED_PKG|tdc_tsw
22:44:13.14 (963404421)|ENTERING_MANAGED_PKG|tdc_tsw
22:44:13.14 (964456826)|ENTERING_MANAGED_PKG|tdc_tsw
22:44:13.14 (971600310)|ENTERING_MANAGED_PKG|tdc_tsw
22:44:13.14 (972622548)|ENTERING_MANAGED_PKG|tdc_tsw
22:44:13.14 (979459795)|ENTERING_MANAGED_PKG|tdc_tsw
22:44:13.14 (980469367)|ENTERING_MANAGED_PKG|tdc_tsw
22:44:13.14 (988847408)|ENTERING_MANAGED_PKG|tdc_tsw
22:44:13.14 (990352152)|ENTERING_MANAGED_PKG|tdc_tsw
22:44:13.14 (999606406)|ENTERING_MANAGED_PKG|tdc_tsw
22:44:13.14 (1000624003)|ENTERING_MANAGED_PKG|tdc_tsw
22:44:13.14 (1009013879)|ENTERING_MANAGED_PKG|tdc_tsw
22:44:13.14 (1010194227)|ENTERING_MANAGED_PKG|tdc_tsw
22:44:14.20 (1020490108)|ENTERING_MANAGED_PKG|tdc_tsw
22:44:14.20 (1021871650)|ENTERING_MANAGED_PKG|tdc_tsw
22:44:14.20 (1029855712)|ENTERING_MANAGED_PKG|tdc_tsw
22:44:14.20 (1031100276)|ENTERING_MANAGED_PKG|tdc_tsw
22:44:14.20 (1038965143)|ENTERING_MANAGED_PKG|tdc_tsw
22:44:14.20 (1039983203)|ENTERING_MANAGED_PKG|tdc_tsw
22:44:14.20 (1047195987)|ENTERING_MANAGED_PKG|tdc_tsw
22:44:14.20 (1048187396)|ENTERING_MANAGED_PKG|tdc_tsw
22:44:14.20 (1055234743)|ENTERING_MANAGED_PKG|tdc_tsw
22:44:14.20 (1056218239)|ENTERING_MANAGED_PKG|tdc_tsw
22:44:14.20 (1063040682)|ENTERING_MANAGED_PKG|tdc_tsw
22:44:14.20 (1086375349)|ENTERING_MANAGED_PKG|tdc_tsw
22:44:14.20 (1093393761)|ENTERING_MANAGED_PKG|tdc_tsw
22:44:14.20 (1094393880)|ENTERING_MANAGED_PKG|tdc_tsw
22:44:14.20 (1102062017)|ENTERING_MANAGED_PKG|tdc_tsw
22:44:14.20 (1103256121)|ENTERING_MANAGED_PKG|tdc_tsw
22:44:14.20 (1110828792)|ENTERING_MANAGED_PKG|tdc_tsw
22:44:14.20 (1111974454)|ENTERING_MANAGED_PKG|tdc_tsw
22:44:14.20 (1121732417)|ENTERING_MANAGED_PKG|tdc_tsw
22:44:14.20 (1123550811)|ENTERING_MANAGED_PKG|tdc_tsw
22:44:14.20 (1135688318)|ENTERING_MANAGED_PKG|tdc_tsw
22:44:14.20 (1137430637)|ENTERING_MANAGED_PKG|tdc_tsw
22:44:14.20 (1149215910)|ENTERING_MANAGED_PKG|tdc_tsw
22:44:14.20 (1150904370)|ENTERING_MANAGED_PKG|tdc_tsw
22:44:14.20 (1162211264)|ENTERING_MANAGED_PKG|tdc_tsw
22:44:14.20 (1163939695)|ENTERING_MANAGED_PKG|tdc_tsw
22:44:14.20 (1175302781)|ENTERING_MANAGED_PKG|tdc_tsw
22:44:14.20 (1176965780)|ENTERING_MANAGED_PKG|tdc_tsw
22:44:14.20 (1188909834)|ENTERING_MANAGED_PKG|tdc_tsw
22:44:14.20 (1190740681)|ENTERING_MANAGED_PKG|tdc_tsw
22:44:14.20 (1203452090)|ENTERING_MANAGED_PKG|tdc_tsw
22:44:14.20 (1205236121)|ENTERING_MANAGED_PKG|tdc_tsw
22:44:14.20 (1212128301)|ENTERING_MANAGED_PKG|tdc_tsw
22:44:14.20 (1213141544)|ENTERING_MANAGED_PKG|tdc_tsw
22:44:14.20 (1219831060)|ENTERING_MANAGED_PKG|tdc_tsw
22:44:14.20 (1220801746)|ENTERING_MANAGED_PKG|tdc_tsw
22:44:14.20 (1227596937)|ENTERING_MANAGED_PKG|tdc_tsw
22:44:14.20 (1228656144)|ENTERING_MANAGED_PKG|tdc_tsw
22:44:14.20 (1235300554)|ENTERING_MANAGED_PKG|tdc_tsw
22:44:14.20 (1236309241)|ENTERING_MANAGED_PKG|tdc_tsw
22:44:14.20 (1247018364)|ENTERING_MANAGED_PKG|tdc_tsw
22:44:14.20 (1251283331)|ENTERING_MANAGED_PKG|tdc_tsw
22:44:14.20 (1251539535)|ENTERING_MANAGED_PKG|tdc_tsw
22:44:14.20 (1251770462)|ENTERING_MANAGED_PKG|tdc_tsw
22:44:14.20 (1251975953)|ENTERING_MANAGED_PKG|tdc_tsw
22:44:14.20 (1252135077)|ENTERING_MANAGED_PKG|tdc_tsw
22:44:14.20 (1252186535)|ENTERING_MANAGED_PKG|tdc_tsw
22:44:14.20 (1252357831)|ENTERING_MANAGED_PKG|tdc_tsw
22:44:14.20 (1252433467)|ENTERING_MANAGED_PKG|tdc_tsw
22:44:14.20 (1252574336)|ENTERING_MANAGED_PKG|tdc_tsw
22:44:14.20 (1252752487)|ENTERING_MANAGED_PKG|tdc_tsw
22:44:14.20 (1254751565)|ENTERING_MANAGED_PKG|tdc_tsw
22:44:14.20 (1255303133)|ENTERING_MANAGED_PKG|tdc_tsw
22:44:14.20 (1265117958)|ENTERING_MANAGED_PKG|tdc_tsw
22:44:14.20 (1266080552)|ENTERING_MANAGED_PKG|tdc_tsw
22:44:14.20 (1273072609)|ENTERING_MANAGED_PKG|tdc_tsw
22:44:14.20 (1274034094)|ENTERING_MANAGED_PKG|tdc_tsw
22:44:14.20 (1280848181)|ENTERING_MANAGED_PKG|tdc_tsw
22:44:14.20 (1281811031)|ENTERING_MANAGED_PKG|tdc_tsw
22:44:14.20 (1288555001)|ENTERING_MANAGED_PKG|tdc_tsw
22:44:14.20 (1289611797)|ENTERING_MANAGED_PKG|tdc_tsw
22:44:14.20 (1296487841)|ENTERING_MANAGED_PKG|tdc_tsw
22:44:14.20 (1297537001)|ENTERING_MANAGED_PKG|tdc_tsw
22:44:14.20 (1306478668)|ENTERING_MANAGED_PKG|tdc_tsw
22:44:14.20 (1307722598)|ENTERING_MANAGED_PKG|tdc_tsw
22:44:14.20 (1315049113)|ENTERING_MANAGED_PKG|tdc_tsw
22:44:14.20 (1316026583)|ENTERING_MANAGED_PKG|tdc_tsw
22:44:14.20 (1323406516)|ENTERING_MANAGED_PKG|tdc_tsw
22:44:14.20 (1324805168)|ENTERING_MANAGED_PKG|tdc_tsw
22:44:14.20 (1332281809)|ENTERING_MANAGED_PKG|tdc_tsw
22:44:14.20 (1333555264)|ENTERING_MANAGED_PKG|tdc_tsw
22:44:14.20 (1340607570)|ENTERING_MANAGED_PKG|tdc_tsw
22:44:14.20 (1341782239)|ENTERING_MANAGED_PKG|tdc_tsw
22:44:14.20 (1348782359)|ENTERING_MANAGED_PKG|tdc_tsw
22:44:14.20 (1349725191)|ENTERING_MANAGED_PKG|tdc_tsw
22:44:14.20 (1357123469)|ENTERING_MANAGED_PKG|tdc_tsw
22:44:14.20 (1358072452)|ENTERING_MANAGED_PKG|tdc_tsw
22:44:14.20 (1365451785)|ENTERING_MANAGED_PKG|tdc_tsw
22:44:14.20 (1366404077)|ENTERING_MANAGED_PKG|tdc_tsw
22:44:14.20 (1373511623)|ENTERING_MANAGED_PKG|tdc_tsw
22:44:14.20 (1374760902)|ENTERING_MANAGED_PKG|tdc_tsw
22:44:14.20 (1381804574)|ENTERING_MANAGED_PKG|tdc_tsw
22:44:14.20 (1383059016)|ENTERING_MANAGED_PKG|tdc_tsw
22:44:14.20 (1390050554)|ENTERING_MANAGED_PKG|tdc_tsw
22:44:14.20 (1391002139)|ENTERING_MANAGED_PKG|tdc_tsw
22:44:14.20 (1398399996)|ENTERING_MANAGED_PKG|tdc_tsw
22:44:14.20 (1399379989)|ENTERING_MANAGED_PKG|tdc_tsw
22:44:14.20 (1406661024)|ENTERING_MANAGED_PKG|tdc_tsw
22:44:14.20 (1407755446)|ENTERING_MANAGED_PKG|tdc_tsw
22:44:14.20 (1414958091)|ENTERING_MANAGED_PKG|tdc_tsw
22:44:14.20 (1415912913)|ENTERING_MANAGED_PKG|tdc_tsw
22:44:14.20 (1425215141)|ENTERING_MANAGED_PKG|tdc_tsw
22:44:14.20 (1426609648)|ENTERING_MANAGED_PKG|tdc_tsw
22:44:14.20 (1435899729)|ENTERING_MANAGED_PKG|tdc_tsw
22:44:14.20 (1436970397)|ENTERING_MANAGED_PKG|tdc_tsw
22:44:14.20 (1443854603)|ENTERING_MANAGED_PKG|tdc_tsw
22:44:14.20 (1444841233)|ENTERING_MANAGED_PKG|tdc_tsw
22:44:14.20 (1451545938)|ENTERING_MANAGED_PKG|tdc_tsw
22:44:14.20 (1452680022)|ENTERING_MANAGED_PKG|tdc_tsw
22:44:14.20 (1462145238)|ENTERING_MANAGED_PKG|tdc_tsw
22:44:14.20 (1463385522)|ENTERING_MANAGED_PKG|tdc_tsw
22:44:14.20 (1471606322)|ENTERING_MANAGED_PKG|tdc_tsw
22:44:14.20 (1472829247)|ENTERING_MANAGED_PKG|tdc_tsw
22:44:14.20 (1480661889)|ENTERING_MANAGED_PKG|tdc_tsw
22:44:14.20 (1481943797)|ENTERING_MANAGED_PKG|tdc_tsw
22:44:14.20 (1489745432)|ENTERING_MANAGED_PKG|tdc_tsw
22:44:14.20 (1490883836)|ENTERING_MANAGED_PKG|tdc_tsw
22:44:14.20 (1499816489)|ENTERING_MANAGED_PKG|tdc_tsw
22:44:14.20 (1500795413)|ENTERING_MANAGED_PKG|tdc_tsw
22:44:14.20 (1507771505)|ENTERING_MANAGED_PKG|tdc_tsw
22:44:14.20 (1508735726)|ENTERING_MANAGED_PKG|tdc_tsw
22:44:14.20 (1515505096)|ENTERING_MANAGED_PKG|tdc_tsw
22:44:14.20 (1516535276)|ENTERING_MANAGED_PKG|tdc_tsw
22:44:14.20 (1523562197)|ENTERING_MANAGED_PKG|tdc_tsw
22:44:14.20 (1524592633)|ENTERING_MANAGED_PKG|tdc_tsw
22:44:14.20 (1531775735)|ENTERING_MANAGED_PKG|tdc_tsw
22:44:14.20 (1532803407)|ENTERING_MANAGED_PKG|tdc_tsw
22:44:14.20 (1539713641)|ENTERING_MANAGED_PKG|tdc_tsw
22:44:14.20 (1540717249)|ENTERING_MANAGED_PKG|tdc_tsw
22:44:14.20 (1547145885)|ENTERING_MANAGED_PKG|tdc_tsw
22:44:14.20 (1548071997)|ENTERING_MANAGED_PKG|tdc_tsw
22:44:14.20 (1554361990)|ENTERING_MANAGED_PKG|tdc_tsw
22:44:14.20 (1555292942)|ENTERING_MANAGED_PKG|tdc_tsw
22:44:14.20 (1561592500)|ENTERING_MANAGED_PKG|tdc_tsw
22:44:14.20 (1562534530)|ENTERING_MANAGED_PKG|tdc_tsw
22:44:14.20 (1571828958)|ENTERING_MANAGED_PKG|tdc_tsw
22:44:14.20 (1572791171)|ENTERING_MANAGED_PKG|tdc_tsw
22:44:14.20 (1579584763)|ENTERING_MANAGED_PKG|tdc_tsw
22:44:14.20 (1580532760)|ENTERING_MANAGED_PKG|tdc_tsw
22:44:14.20 (1586922645)|ENTERING_MANAGED_PKG|tdc_tsw
22:44:14.20 (1587886083)|ENTERING_MANAGED_PKG|tdc_tsw
22:44:14.20 (1594183815)|ENTERING_MANAGED_PKG|tdc_tsw
22:44:14.20 (1595118993)|ENTERING_MANAGED_PKG|tdc_tsw
22:44:14.20 (1602300381)|ENTERING_MANAGED_PKG|tdc_tsw
22:44:14.20 (1603257059)|ENTERING_MANAGED_PKG|tdc_tsw
22:44:14.20 (1609569035)|ENTERING_MANAGED_PKG|tdc_tsw
22:44:14.20 (1610505661)|ENTERING_MANAGED_PKG|tdc_tsw
22:44:14.20 (1617172580)|ENTERING_MANAGED_PKG|tdc_tsw
22:44:14.20 (1618119425)|ENTERING_MANAGED_PKG|tdc_tsw
22:44:14.20 (1624444246)|ENTERING_MANAGED_PKG|tdc_tsw
22:44:14.20 (1625451639)|ENTERING_MANAGED_PKG|tdc_tsw
22:44:14.20 (1632940800)|ENTERING_MANAGED_PKG|tdc_tsw
22:44:14.20 (1633943231)|ENTERING_MANAGED_PKG|tdc_tsw
22:44:14.20 (1641718981)|ENTERING_MANAGED_PKG|tdc_tsw
22:44:14.20 (1643056390)|ENTERING_MANAGED_PKG|tdc_tsw
22:44:14.20 (1650675399)|ENTERING_MANAGED_PKG|tdc_tsw
22:44:14.20 (1651605853)|ENTERING_MANAGED_PKG|tdc_tsw
22:44:14.20 (1659295560)|ENTERING_MANAGED_PKG|tdc_tsw
22:44:14.20 (1660854185)|ENTERING_MANAGED_PKG|tdc_tsw
22:44:14.20 (1667760957)|ENTERING_MANAGED_PKG|tdc_tsw
22:44:14.20 (1668784785)|ENTERING_MANAGED_PKG|tdc_tsw
22:44:14.20 (1676213267)|ENTERING_MANAGED_PKG|tdc_tsw
22:44:14.20 (1679205285)|ENTERING_MANAGED_PKG|tdc_tsw
22:44:14.20 (1679395438)|ENTERING_MANAGED_PKG|tdc_tsw
22:44:14.20 (1679689920)|ENTERING_MANAGED_PKG|tdc_tsw
22:44:14.20 (1679740477)|ENTERING_MANAGED_PKG|tdc_tsw
22:44:14.20 (1679789736)|ENTERING_MANAGED_PKG|tdc_tsw
22:44:14.20 (1679835164)|ENTERING_MANAGED_PKG|tdc_tsw
22:44:14.20 (1679875743)|ENTERING_MANAGED_PKG|tdc_tsw
22:44:14.20 (1680020676)|ENTERING_MANAGED_PKG|tdc_tsw
22:44:14.20 (1680242183)|ENTERING_MANAGED_PKG|tdc_tsw
22:44:14.20 (1680274178)|ENTERING_MANAGED_PKG|tdc_tsw
22:44:14.20 (1680315343)|ENTERING_MANAGED_PKG|tdc_tsw
22:44:14.20 (1680353953)|ENTERING_MANAGED_PKG|tdc_tsw
22:44:14.20 (1680382961)|ENTERING_MANAGED_PKG|tdc_tsw
22:44:14.20 (1680471252)|ENTERING_MANAGED_PKG|tdc_tsw
22:44:14.20 (1680659262)|ENTERING_MANAGED_PKG|tdc_tsw
22:44:14.20 (1680693315)|ENTERING_MANAGED_PKG|tdc_tsw
22:44:14.20 (1680733684)|ENTERING_MANAGED_PKG|tdc_tsw
22:44:14.20 (1680771531)|ENTERING_MANAGED_PKG|tdc_tsw
22:44:14.20 (1680802596)|ENTERING_MANAGED_PKG|tdc_tsw
22:44:14.20 (1680888534)|ENTERING_MANAGED_PKG|tdc_tsw
22:44:14.20 (1681063842)|ENTERING_MANAGED_PKG|tdc_tsw
22:44:14.20 (1681098325)|ENTERING_MANAGED_PKG|tdc_tsw
22:44:14.20 (1681137750)|ENTERING_MANAGED_PKG|tdc_tsw
22:44:14.20 (1681175200)|ENTERING_MANAGED_PKG|tdc_tsw
22:44:14.20 (1681206079)|ENTERING_MANAGED_PKG|tdc_tsw
22:44:14.20 (1681289586)|ENTERING_MANAGED_PKG|tdc_tsw
22:44:14.20 (1681459970)|ENTERING_MANAGED_PKG|tdc_tsw
22:44:14.20 (1681492748)|ENTERING_MANAGED_PKG|tdc_tsw
22:44:14.20 (1681531905)|ENTERING_MANAGED_PKG|tdc_tsw
22:44:14.20 (1681569984)|ENTERING_MANAGED_PKG|tdc_tsw
22:44:14.20 (1681600458)|ENTERING_MANAGED_PKG|tdc_tsw
22:44:14.20 (1681692150)|ENTERING_MANAGED_PKG|tdc_tsw
22:44:14.20 (1681866017)|ENTERING_MANAGED_PKG|tdc_tsw
22:44:14.20 (1681898486)|ENTERING_MANAGED_PKG|tdc_tsw
22:44:14.20 (1681937899)|ENTERING_MANAGED_PKG|tdc_tsw
22:44:14.20 (1681974962)|ENTERING_MANAGED_PKG|tdc_tsw
22:44:14.20 (1682004868)|ENTERING_MANAGED_PKG|tdc_tsw
22:44:14.20 (1682091087)|ENTERING_MANAGED_PKG|tdc_tsw
22:44:14.20 (1682310899)|ENTERING_MANAGED_PKG|tdc_tsw
22:44:14.20 (1682369500)|ENTERING_MANAGED_PKG|tdc_tsw
22:44:14.20 (1682439317)|ENTERING_MANAGED_PKG|tdc_tsw
22:44:14.20 (1682507446)|ENTERING_MANAGED_PKG|tdc_tsw
22:44:14.20 (1682561084)|ENTERING_MANAGED_PKG|tdc_tsw
22:44:14.20 (1682712865)|ENTERING_MANAGED_PKG|tdc_tsw
22:44:14.20 (1682913288)|ENTERING_MANAGED_PKG|tdc_tsw
22:44:14.20 (1682946409)|ENTERING_MANAGED_PKG|tdc_tsw
22:44:14.20 (1682986402)|ENTERING_MANAGED_PKG|tdc_tsw
22:44:14.20 (1683023970)|ENTERING_MANAGED_PKG|tdc_tsw
22:44:14.20 (1683055927)|ENTERING_MANAGED_PKG|tdc_tsw
22:44:14.20 (1683159062)|ENTERING_MANAGED_PKG|tdc_tsw
22:44:14.20 (1683365105)|ENTERING_MANAGED_PKG|tdc_tsw
22:44:14.20 (1683420187)|ENTERING_MANAGED_PKG|tdc_tsw
22:44:14.20 (1683464259)|ENTERING_MANAGED_PKG|tdc_tsw
22:44:14.20 (1683502091)|ENTERING_MANAGED_PKG|tdc_tsw
22:44:14.20 (1683532719)|ENTERING_MANAGED_PKG|tdc_tsw
22:44:14.20 (1683617199)|ENTERING_MANAGED_PKG|tdc_tsw
22:44:14.20 (1683801982)|ENTERING_MANAGED_PKG|tdc_tsw
22:44:14.20 (1683835251)|ENTERING_MANAGED_PKG|tdc_tsw
22:44:14.20 (1683875005)|ENTERING_MANAGED_PKG|tdc_tsw
22:44:14.20 (1683912546)|ENTERING_MANAGED_PKG|tdc_tsw
22:44:14.20 (1683942538)|ENTERING_MANAGED_PKG|tdc_tsw
22:44:14.20 (1684027124)|ENTERING_MANAGED_PKG|tdc_tsw
22:44:14.20 (1684199679)|ENTERING_MANAGED_PKG|tdc_tsw
22:44:14.20 (1684232023)|ENTERING_MANAGED_PKG|tdc_tsw
22:44:14.20 (1684270842)|ENTERING_MANAGED_PKG|tdc_tsw
22:44:14.20 (1684308048)|ENTERING_MANAGED_PKG|tdc_tsw
22:44:14.20 (1684338180)|ENTERING_MANAGED_PKG|tdc_tsw
22:44:14.20 (1684421320)|ENTERING_MANAGED_PKG|tdc_tsw
22:44:14.20 (1684592354)|ENTERING_MANAGED_PKG|tdc_tsw
22:44:14.20 (1684630018)|ENTERING_MANAGED_PKG|tdc_tsw
22:44:14.20 (1684677448)|ENTERING_MANAGED_PKG|tdc_tsw
22:44:14.20 (1684734146)|ENTERING_MANAGED_PKG|tdc_tsw
22:44:14.20 (1684788965)|ENTERING_MANAGED_PKG|tdc_tsw
22:44:14.20 (1684945601)|ENTERING_MANAGED_PKG|tdc_tsw
22:44:14.20 (1685226820)|ENTERING_MANAGED_PKG|tdc_tsw
22:44:14.20 (1685262620)|ENTERING_MANAGED_PKG|tdc_tsw
22:44:14.20 (1685302490)|ENTERING_MANAGED_PKG|tdc_tsw
22:44:14.20 (1685339899)|ENTERING_MANAGED_PKG|tdc_tsw
22:44:14.20 (1685370539)|ENTERING_MANAGED_PKG|tdc_tsw
22:44:14.20 (1685455334)|ENTERING_MANAGED_PKG|tdc_tsw
22:44:14.20 (1685634583)|ENTERING_MANAGED_PKG|tdc_tsw
22:44:14.20 (1685693149)|ENTERING_MANAGED_PKG|tdc_tsw
22:44:14.20 (1685743576)|ENTERING_MANAGED_PKG|tdc_tsw
22:44:14.20 (1685781604)|ENTERING_MANAGED_PKG|tdc_tsw
22:44:14.20 (1685811908)|ENTERING_MANAGED_PKG|tdc_tsw
22:44:14.20 (1685936054)|ENTERING_MANAGED_PKG|tdc_tsw
22:44:14.20 (1686112278)|ENTERING_MANAGED_PKG|tdc_tsw
22:44:14.20 (1686146533)|ENTERING_MANAGED_PKG|tdc_tsw
22:44:14.20 (1686185924)|ENTERING_MANAGED_PKG|tdc_tsw
22:44:14.20 (1686225905)|ENTERING_MANAGED_PKG|tdc_tsw
22:44:14.20 (1686256055)|ENTERING_MANAGED_PKG|tdc_tsw
22:44:14.20 (1686339157)|ENTERING_MANAGED_PKG|tdc_tsw
22:44:14.20 (1686509117)|ENTERING_MANAGED_PKG|tdc_tsw
22:44:14.20 (1686540921)|ENTERING_MANAGED_PKG|tdc_tsw
22:44:14.20 (1686580217)|ENTERING_MANAGED_PKG|tdc_tsw
22:44:14.20 (1686617322)|ENTERING_MANAGED_PKG|tdc_tsw
22:44:14.20 (1686657723)|ENTERING_MANAGED_PKG|tdc_tsw
22:44:14.20 (1686745573)|ENTERING_MANAGED_PKG|tdc_tsw
22:44:14.20 (1686916019)|ENTERING_MANAGED_PKG|tdc_tsw
22:44:14.20 (1686947849)|ENTERING_MANAGED_PKG|tdc_tsw
22:44:14.20 (1686986298)|ENTERING_MANAGED_PKG|tdc_tsw
22:44:14.20 (1687023321)|ENTERING_MANAGED_PKG|tdc_tsw
22:44:14.20 (1687054632)|ENTERING_MANAGED_PKG|tdc_tsw
22:44:14.20 (1687137946)|ENTERING_MANAGED_PKG|tdc_tsw
22:44:14.20 (1687307645)|ENTERING_MANAGED_PKG|tdc_tsw
22:44:14.20 (1687340112)|ENTERING_MANAGED_PKG|tdc_tsw
22:44:14.20 (1687395110)|ENTERING_MANAGED_PKG|tdc_tsw
22:44:14.20 (1687461450)|ENTERING_MANAGED_PKG|tdc_tsw
22:44:14.20 (1687518375)|ENTERING_MANAGED_PKG|tdc_tsw
22:44:14.20 (1687686314)|ENTERING_MANAGED_PKG|tdc_tsw
22:44:14.20 (1687939370)|ENTERING_MANAGED_PKG|tdc_tsw
22:44:14.20 (1687972234)|ENTERING_MANAGED_PKG|tdc_tsw
22:44:14.20 (1688011996)|ENTERING_MANAGED_PKG|tdc_tsw
22:44:14.20 (1688050448)|ENTERING_MANAGED_PKG|tdc_tsw
22:44:14.20 (1688080461)|ENTERING_MANAGED_PKG|tdc_tsw
22:44:14.20 (1688164583)|ENTERING_MANAGED_PKG|tdc_tsw
22:44:14.20 (1688362218)|ENTERING_MANAGED_PKG|tdc_tsw
22:44:14.20 (1688402591)|ENTERING_MANAGED_PKG|tdc_tsw
22:44:14.20 (1688443624)|ENTERING_MANAGED_PKG|tdc_tsw
22:44:14.20 (1688482999)|ENTERING_MANAGED_PKG|tdc_tsw
22:44:14.20 (1688511085)|ENTERING_MANAGED_PKG|tdc_tsw
22:44:14.20 (1688596386)|ENTERING_MANAGED_PKG|tdc_tsw
22:44:14.20 (1688777493)|ENTERING_MANAGED_PKG|tdc_tsw
22:44:14.20 (1688809901)|ENTERING_MANAGED_PKG|tdc_tsw
22:44:14.20 (1688849599)|ENTERING_MANAGED_PKG|tdc_tsw
22:44:14.20 (1688886739)|ENTERING_MANAGED_PKG|tdc_tsw
22:44:14.20 (1688916745)|ENTERING_MANAGED_PKG|tdc_tsw
22:44:14.20 (1689000814)|ENTERING_MANAGED_PKG|tdc_tsw
22:44:14.20 (1689200236)|ENTERING_MANAGED_PKG|tdc_tsw
22:44:14.20 (1689243125)|ENTERING_MANAGED_PKG|tdc_tsw
22:44:14.20 (1689284014)|ENTERING_MANAGED_PKG|tdc_tsw
22:44:14.20 (1689321118)|ENTERING_MANAGED_PKG|tdc_tsw
22:44:14.20 (1689351601)|ENTERING_MANAGED_PKG|tdc_tsw
22:44:14.20 (1689434777)|ENTERING_MANAGED_PKG|tdc_tsw
22:44:14.20 (1689606510)|ENTERING_MANAGED_PKG|tdc_tsw
22:44:14.20 (1689647997)|ENTERING_MANAGED_PKG|tdc_tsw
22:44:14.20 (1689689331)|ENTERING_MANAGED_PKG|tdc_tsw
22:44:14.20 (1689726939)|ENTERING_MANAGED_PKG|tdc_tsw
22:44:14.20 (1689757144)|ENTERING_MANAGED_PKG|tdc_tsw
22:44:14.20 (1689840697)|ENTERING_MANAGED_PKG|tdc_tsw
22:44:14.20 (1690069149)|ENTERING_MANAGED_PKG|tdc_tsw
22:44:14.20 (1690128870)|ENTERING_MANAGED_PKG|tdc_tsw
22:44:14.20 (1690195504)|ENTERING_MANAGED_PKG|tdc_tsw
22:44:14.20 (1690266028)|ENTERING_MANAGED_PKG|tdc_tsw
22:44:14.20 (1690322054)|ENTERING_MANAGED_PKG|tdc_tsw
22:44:14.20 (1690465709)|ENTERING_MANAGED_PKG|tdc_tsw
22:44:14.20 (1690716012)|ENTERING_MANAGED_PKG|tdc_tsw
22:44:14.20 (1690749390)|ENTERING_MANAGED_PKG|tdc_tsw
22:44:14.20 (1690800205)|ENTERING_MANAGED_PKG|tdc_tsw
22:44:14.20 (1690841069)|ENTERING_MANAGED_PKG|tdc_tsw
22:44:14.20 (1690871515)|ENTERING_MANAGED_PKG|tdc_tsw
22:44:14.20 (1690955827)|ENTERING_MANAGED_PKG|tdc_tsw
22:44:14.20 (1691127955)|ENTERING_MANAGED_PKG|tdc_tsw
22:44:14.20 (1691162297)|ENTERING_MANAGED_PKG|tdc_tsw
22:44:14.20 (1691199315)|ENTERING_MANAGED_PKG|tdc_tsw
22:44:14.20 (1691234076)|ENTERING_MANAGED_PKG|tdc_tsw
22:44:14.20 (1691264361)|ENTERING_MANAGED_PKG|tdc_tsw
22:44:14.20 (1691348557)|ENTERING_MANAGED_PKG|tdc_tsw
22:44:14.20 (1691519413)|ENTERING_MANAGED_PKG|tdc_tsw
22:44:14.20 (1691551573)|ENTERING_MANAGED_PKG|tdc_tsw
22:44:14.20 (1691589790)|ENTERING_MANAGED_PKG|tdc_tsw
22:44:14.20 (1691632914)|ENTERING_MANAGED_PKG|tdc_tsw
22:44:14.20 (1691666836)|ENTERING_MANAGED_PKG|tdc_tsw
22:44:14.20 (1691750748)|ENTERING_MANAGED_PKG|tdc_tsw
22:44:14.20 (1691921452)|ENTERING_MANAGED_PKG|tdc_tsw
22:44:14.20 (1691954709)|ENTERING_MANAGED_PKG|tdc_tsw
22:44:14.20 (1691994224)|ENTERING_MANAGED_PKG|tdc_tsw
22:44:14.20 (1692032555)|ENTERING_MANAGED_PKG|tdc_tsw
22:44:14.20 (1692061577)|ENTERING_MANAGED_PKG|tdc_tsw
22:44:14.20 (1692145939)|ENTERING_MANAGED_PKG|tdc_tsw
22:44:14.20 (1692320763)|ENTERING_MANAGED_PKG|tdc_tsw
22:44:14.20 (1692353215)|ENTERING_MANAGED_PKG|tdc_tsw
22:44:14.20 (1692392619)|ENTERING_MANAGED_PKG|tdc_tsw
22:44:14.20 (1692429946)|ENTERING_MANAGED_PKG|tdc_tsw
22:44:14.20 (1692459870)|ENTERING_MANAGED_PKG|tdc_tsw
22:44:14.20 (1692542897)|ENTERING_MANAGED_PKG|tdc_tsw
22:44:14.20 (1692720446)|ENTERING_MANAGED_PKG|tdc_tsw
22:44:14.20 (1692752843)|ENTERING_MANAGED_PKG|tdc_tsw
22:44:14.20 (1692792158)|ENTERING_MANAGED_PKG|tdc_tsw
22:44:14.20 (1692853355)|ENTERING_MANAGED_PKG|tdc_tsw
22:44:14.20 (1692906666)|ENTERING_MANAGED_PKG|tdc_tsw
22:44:14.20 (1693066339)|ENTERING_MANAGED_PKG|tdc_tsw
22:44:14.20 (1693345932)|ENTERING_MANAGED_PKG|tdc_tsw
22:44:14.20 (1693382010)|ENTERING_MANAGED_PKG|tdc_tsw
22:44:14.20 (1693448084)|ENTERING_MANAGED_PKG|tdc_tsw
22:44:14.20 (1693505060)|ENTERING_MANAGED_PKG|tdc_tsw
22:44:14.20 (1693539461)|ENTERING_MANAGED_PKG|tdc_tsw
22:44:14.20 (1693631893)|ENTERING_MANAGED_PKG|tdc_tsw
22:44:14.20 (1693808493)|ENTERING_MANAGED_PKG|tdc_tsw
22:44:14.20 (1693840989)|ENTERING_MANAGED_PKG|tdc_tsw
22:44:14.20 (1693880216)|ENTERING_MANAGED_PKG|tdc_tsw
22:44:14.20 (1693917506)|ENTERING_MANAGED_PKG|tdc_tsw
22:44:14.20 (1693948295)|ENTERING_MANAGED_PKG|tdc_tsw
22:44:14.20 (1694031305)|ENTERING_MANAGED_PKG|tdc_tsw
22:44:14.20 (1694202197)|ENTERING_MANAGED_PKG|tdc_tsw
22:44:14.20 (1694234546)|ENTERING_MANAGED_PKG|tdc_tsw
22:44:14.20 (1694273643)|ENTERING_MANAGED_PKG|tdc_tsw
22:44:14.20 (1694310681)|ENTERING_MANAGED_PKG|tdc_tsw
22:44:14.20 (1694340712)|ENTERING_MANAGED_PKG|tdc_tsw
22:44:14.20 (1694425522)|ENTERING_MANAGED_PKG|tdc_tsw
22:44:14.20 (1694595531)|ENTERING_MANAGED_PKG|tdc_tsw
22:44:14.20 (1694635250)|ENTERING_MANAGED_PKG|tdc_tsw
22:44:14.20 (1694699147)|ENTERING_MANAGED_PKG|tdc_tsw
22:44:14.20 (1694742603)|ENTERING_MANAGED_PKG|tdc_tsw
22:44:14.20 (1694773102)|ENTERING_MANAGED_PKG|tdc_tsw
22:44:14.20 (1694858114)|ENTERING_MANAGED_PKG|tdc_tsw
22:44:14.20 (1695028841)|ENTERING_MANAGED_PKG|tdc_tsw
22:44:14.20 (1695061608)|ENTERING_MANAGED_PKG|tdc_tsw
22:44:14.20 (1695100087)|ENTERING_MANAGED_PKG|tdc_tsw
22:44:14.20 (1695137298)|ENTERING_MANAGED_PKG|tdc_tsw
22:44:14.20 (1695167521)|ENTERING_MANAGED_PKG|tdc_tsw
22:44:14.20 (1695283423)|ENTERING_MANAGED_PKG|tdc_tsw
22:44:14.20 (1695460956)|ENTERING_MANAGED_PKG|tdc_tsw
22:44:14.20 (1695493131)|ENTERING_MANAGED_PKG|tdc_tsw
22:44:14.20 (1695532508)|ENTERING_MANAGED_PKG|tdc_tsw
22:44:14.20 (1695592804)|ENTERING_MANAGED_PKG|tdc_tsw
22:44:14.20 (1695650786)|ENTERING_MANAGED_PKG|tdc_tsw
22:44:14.20 (1695744650)|ENTERING_MANAGED_PKG|tdc_tsw
22:44:14.20 (1695917261)|ENTERING_MANAGED_PKG|tdc_tsw
22:44:14.20 (1695949384)|ENTERING_MANAGED_PKG|tdc_tsw
22:44:14.20 (1695988292)|ENTERING_MANAGED_PKG|tdc_tsw
22:44:14.20 (1696025651)|ENTERING_MANAGED_PKG|tdc_tsw
22:44:14.20 (1696057560)|ENTERING_MANAGED_PKG|tdc_tsw
22:44:14.20 (1696142276)|ENTERING_MANAGED_PKG|tdc_tsw
22:44:14.20 (1696313373)|ENTERING_MANAGED_PKG|tdc_tsw
22:44:14.20 (1696358021)|ENTERING_MANAGED_PKG|tdc_tsw
22:44:14.20 (1696403416)|ENTERING_MANAGED_PKG|tdc_tsw
22:44:14.20 (1696440975)|ENTERING_MANAGED_PKG|tdc_tsw
22:44:14.20 (1696468906)|ENTERING_MANAGED_PKG|tdc_tsw
22:44:14.20 (1696553734)|ENTERING_MANAGED_PKG|tdc_tsw
22:44:14.20 (1696734887)|ENTERING_MANAGED_PKG|tdc_tsw
22:44:14.20 (1696764938)|ENTERING_MANAGED_PKG|tdc_tsw
22:44:14.20 (1696804422)|ENTERING_MANAGED_PKG|tdc_tsw
22:44:14.20 (1696838759)|ENTERING_MANAGED_PKG|tdc_tsw
22:44:14.20 (1696869166)|ENTERING_MANAGED_PKG|tdc_tsw
22:44:14.20 (1696951932)|ENTERING_MANAGED_PKG|tdc_tsw
22:44:14.20 (1697123704)|ENTERING_MANAGED_PKG|tdc_tsw
22:44:14.20 (1697154585)|ENTERING_MANAGED_PKG|tdc_tsw
22:44:14.20 (1697195440)|ENTERING_MANAGED_PKG|tdc_tsw
22:44:14.20 (1697232767)|ENTERING_MANAGED_PKG|tdc_tsw
22:44:14.20 (1697260663)|ENTERING_MANAGED_PKG|tdc_tsw
22:44:14.20 (1697344626)|ENTERING_MANAGED_PKG|tdc_tsw
22:44:14.20 (1697509407)|ENTERING_MANAGED_PKG|tdc_tsw
22:44:14.20 (1697541662)|ENTERING_MANAGED_PKG|tdc_tsw
22:44:14.20 (1697580660)|ENTERING_MANAGED_PKG|tdc_tsw
22:44:14.20 (1697617513)|ENTERING_MANAGED_PKG|tdc_tsw
22:44:14.20 (1697657939)|ENTERING_MANAGED_PKG|tdc_tsw
22:44:14.20 (1697743138)|ENTERING_MANAGED_PKG|tdc_tsw
22:44:14.20 (1697907507)|ENTERING_MANAGED_PKG|tdc_tsw
22:44:14.20 (1697939405)|ENTERING_MANAGED_PKG|tdc_tsw
22:44:14.20 (1697978356)|ENTERING_MANAGED_PKG|tdc_tsw
22:44:14.20 (1698015228)|ENTERING_MANAGED_PKG|tdc_tsw
22:44:14.20 (1698046674)|ENTERING_MANAGED_PKG|tdc_tsw
22:44:14.20 (1698127181)|ENTERING_MANAGED_PKG|tdc_tsw
22:44:14.20 (1698301162)|ENTERING_MANAGED_PKG|tdc_tsw
22:44:14.20 (1698334181)|ENTERING_MANAGED_PKG|tdc_tsw
22:44:14.20 (1698373150)|ENTERING_MANAGED_PKG|tdc_tsw
22:44:14.20 (1698410511)|ENTERING_MANAGED_PKG|tdc_tsw
22:44:14.20 (1698763200)|ENTERING_MANAGED_PKG|tdc_tsw
22:44:14.20 (1698853187)|ENTERING_MANAGED_PKG|tdc_tsw
22:44:14.20 (1699023416)|ENTERING_MANAGED_PKG|tdc_tsw
22:44:14.20 (1699056656)|ENTERING_MANAGED_PKG|tdc_tsw
22:44:14.20 (1699095111)|ENTERING_MANAGED_PKG|tdc_tsw
22:44:14.20 (1699131629)|ENTERING_MANAGED_PKG|tdc_tsw
22:44:14.20 (1699161930)|ENTERING_MANAGED_PKG|tdc_tsw
22:44:14.20 (1699246007)|ENTERING_MANAGED_PKG|tdc_tsw
22:44:14.20 (1699416358)|ENTERING_MANAGED_PKG|tdc_tsw
22:44:14.20 (1699448923)|ENTERING_MANAGED_PKG|tdc_tsw
22:44:14.20 (1699488027)|ENTERING_MANAGED_PKG|tdc_tsw
22:44:14.20 (1699525399)|ENTERING_MANAGED_PKG|tdc_tsw
22:44:14.20 (1699555020)|ENTERING_MANAGED_PKG|tdc_tsw
22:44:14.20 (1699644836)|ENTERING_MANAGED_PKG|tdc_tsw
22:44:14.20 (1699814847)|ENTERING_MANAGED_PKG|tdc_tsw
22:44:14.20 (1699847155)|ENTERING_MANAGED_PKG|tdc_tsw
22:44:14.20 (1699885853)|ENTERING_MANAGED_PKG|tdc_tsw
22:44:14.20 (1699920777)|ENTERING_MANAGED_PKG|tdc_tsw
22:44:14.20 (1699948474)|ENTERING_MANAGED_PKG|tdc_tsw
22:44:14.20 (1700026408)|ENTERING_MANAGED_PKG|tdc_tsw
22:44:14.20 (1700192711)|ENTERING_MANAGED_PKG|tdc_tsw
22:44:14.20 (1700222963)|ENTERING_MANAGED_PKG|tdc_tsw
22:44:14.20 (1700259331)|ENTERING_MANAGED_PKG|tdc_tsw
22:44:14.20 (1700297541)|ENTERING_MANAGED_PKG|tdc_tsw
22:44:14.20 (1700325195)|ENTERING_MANAGED_PKG|tdc_tsw
22:44:14.20 (1700402649)|ENTERING_MANAGED_PKG|tdc_tsw
22:44:14.20 (1700563053)|ENTERING_MANAGED_PKG|tdc_tsw
22:44:14.20 (1700592519)|ENTERING_MANAGED_PKG|tdc_tsw
22:44:14.20 (1700633650)|ENTERING_MANAGED_PKG|tdc_tsw
22:44:14.20 (1700669654)|ENTERING_MANAGED_PKG|tdc_tsw
22:44:14.20 (1700697199)|ENTERING_MANAGED_PKG|tdc_tsw
22:44:14.20 (1700774756)|ENTERING_MANAGED_PKG|tdc_tsw
22:44:14.20 (1700940967)|ENTERING_MANAGED_PKG|tdc_tsw
22:44:14.20 (1700970618)|ENTERING_MANAGED_PKG|tdc_tsw
22:44:14.20 (1701006947)|ENTERING_MANAGED_PKG|tdc_tsw
22:44:14.20 (1701042628)|ENTERING_MANAGED_PKG|tdc_tsw
22:44:14.20 (1701070238)|ENTERING_MANAGED_PKG|tdc_tsw
22:44:14.20 (1701147672)|ENTERING_MANAGED_PKG|tdc_tsw
22:44:14.20 (1701306633)|ENTERING_MANAGED_PKG|tdc_tsw
22:44:14.20 (1701336394)|ENTERING_MANAGED_PKG|tdc_tsw
22:44:14.20 (1701373027)|ENTERING_MANAGED_PKG|tdc_tsw
22:44:14.20 (1701407150)|ENTERING_MANAGED_PKG|tdc_tsw
22:44:14.20 (1701434586)|ENTERING_MANAGED_PKG|tdc_tsw
22:44:14.20 (1701512062)|ENTERING_MANAGED_PKG|tdc_tsw
22:44:14.20 (1706112298)|ENTERING_MANAGED_PKG|tdc_tsw
22:44:14.20 (1706234962)|ENTERING_MANAGED_PKG|tdc_tsw
22:44:14.20 (1706327129)|ENTERING_MANAGED_PKG|tdc_tsw
22:44:14.20 (1706391955)|ENTERING_MANAGED_PKG|tdc_tsw
22:44:14.20 (1706504219)|ENTERING_MANAGED_PKG|tdc_tsw
22:44:14.20 (1706552759)|ENTERING_MANAGED_PKG|tdc_tsw
22:44:14.20 (1706745212)|ENTERING_MANAGED_PKG|tdc_tsw
22:44:14.20 (1706795413)|ENTERING_MANAGED_PKG|tdc_tsw
22:44:14.20 (1707013685)|ENTERING_MANAGED_PKG|tdc_tsw
22:44:14.20 (1766576459)|SOQL_EXECUTE_BEGIN|[1842]|Aggregations:0|SELECT Id, name FROM RecordType WHERE (sObjectType = :tmpVar1 AND name = :tmpVar2) LIMIT 1
22:44:14.20 (1775994162)|SOQL_EXECUTE_END|[1842]|Rows:1
22:44:14.20 (1780895677)|ENTERING_MANAGED_PKG|tdc_tsw
22:44:14.20 (1787789517)|DML_BEGIN|[719]|Op:Insert|Type:tdc_tsw__Message__c|Rows:1
22:44:14.20 (1796606048)|ENTERING_MANAGED_PKG|tdc_tsw
22:44:14.798 (1798422333)|CUMULATIVE_LIMIT_USAGE
22:44:14.798 (1798422333)|LIMIT_USAGE_FOR_NS|(default)|
  Number of SOQL queries: 0 out of 200
  Number of query rows: 0 out of 50000
  Number of SOSL queries: 0 out of 20
  Number of DML statements: 0 out of 150
  Number of DML rows: 0 out of 10000
  Maximum CPU time: 925 out of 60000
  Maximum heap size: 0 out of 12000000
  Number of callouts: 0 out of 100
  Number of Email Invocations: 0 out of 10
  Number of future calls: 0 out of 50
  Number of queueable jobs added to the queue: 0 out of 1
  Number of Mobile Apex push calls: 0 out of 10

22:44:14.798 (1798422333)|LIMIT_USAGE_FOR_NS|tdc_tsw|
  Number of SOQL queries: 1 out of 200
  Number of query rows: 1 out of 50000
  Number of SOSL queries: 0 out of 20
  Number of DML statements: 1 out of 150
  Number of DML rows: 1 out of 10000
  Maximum CPU time: 0 out of 60000
  Maximum heap size: 0 out of 12000000
  Number of callouts: 2 out of 100
  Number of Email Invocations: 0 out of 10
  Number of future calls: 0 out of 50
  Number of queueable jobs added to the queue: 0 out of 1
  Number of Mobile Apex push calls: 0 out of 10

22:44:14.798 (1798422333)|CUMULATIVE_LIMIT_USAGE_END

22:44:14.802 (1802687991)|CODE_UNIT_STARTED|[EXTERNAL]|01q3B000000BSJB|IncomingSMS on Message trigger event BeforeInsert|__sfdc_trigger/IncomingSMS
22:44:14.802 (1802742678)|HEAP_ALLOCATE|[EXTERNAL]|Bytes:8
22:44:14.802 (1802810873)|HEAP_ALLOCATE|[EXTERNAL]|Bytes:1
22:44:14.802 (1802831519)|HEAP_ALLOCATE|[EXTERNAL]|Bytes:4
22:44:14.802 (1802843335)|VARIABLE_SCOPE_BEGIN|[1]|this|IncomingSMS|true|false
22:44:14.802 (1802950489)|VARIABLE_ASSIGNMENT|[1]|this|{}|0x3fd6890a
22:44:14.802 (1802996324)|HEAP_ALLOCATE|[EXTERNAL]|Bytes:4
22:44:14.802 (1803005746)|VARIABLE_SCOPE_BEGIN|[1]|this|IncomingSMS|true|false
22:44:14.802 (1803031993)|VARIABLE_ASSIGNMENT|[1]|this|{}|0x3fd6890a
22:44:14.802 (1803043712)|STATEMENT_EXECUTE|[1]
22:44:14.802 (1803070295)|STATEMENT_EXECUTE|[2]
22:44:14.802 (1803274714)|HEAP_ALLOCATE|[3]|Bytes:5
22:44:14.802 (1803299275)|HEAP_ALLOCATE|[3]|Bytes:4
22:44:14.802 (1803314450)|VARIABLE_SCOPE_BEGIN|[3]|sms|tdc_tsw__Message__c|true|false
22:44:14.802 (1810317539)|VARIABLE_ASSIGNMENT|[3]|sms|{"tdc_tsw__ToNumber__c":"+13038816946","tdc_tsw__Sender_Number__c":"17065037067","tdc_tsw__Read__c":false,"tdc_tsw__Message_Segment__c":2,"tdc_tsw__Read_Status__c":"Unread","tdc_tsw__Task_Created__c":false,"Name":"Outgoing","tdc_tsw__Event_Created__c":false,"tdc_tsw__Message_Text_New__c":"Lead\nName: Test2\nPho (153 more) ...","tdc_tsw__MessageId__c":"SM0e562fb42c524d3caa (14 more) ...","tdc_tsw__Is_Keyword_Based__c":false,"OwnerId":"0051H000009gxp8QAA","tdc_tsw__Related_Object_Id_URL__c":"_HL_ENCODED_https:// (97 more) ...","RecordTypeId":"0121H000001Ie7gQAC","tdc_tsw__Delivered_SMS__c":"_IM1_/resource/tdc_t (27 more) ...","tdc_tsw__Important__c":false,"tdc_tsw__Delivered__c":false,"tdc_tsw__Related_Object__c":"tdc_tsw__Message__c","IsDeleted":false,"tdc_tsw__Incoming_Status__c":"Not Read","tdc_tsw__isCaseCreated__c":false,"tdc_tsw__Message__c":"a173B000000seA1QAI","tdc_tsw__Related_Object_Id__c":"a173B000000seA1QAI","tdc_tsw__isLeadCreated__c":false,"tdc_tsw__SMS_Template__c":"a153B000000pOjeQAE","tdc_tsw__Template_Parse_Id__c":"a173B000000seA1QAI","tdc_tsw__Delivery_Status__c":"Sent"}|0x3418a81b
22:44:14.802 (1810360042)|STATEMENT_EXECUTE|[3]
22:44:14.802 (1810406098)|HEAP_ALLOCATE|[4]|Bytes:8
22:44:14.802 (1810443865)|STATEMENT_EXECUTE|[4]
22:44:14.802 (1810470042)|HEAP_ALLOCATE|[3]|Bytes:5
22:44:14.802 (1810498726)|VARIABLE_ASSIGNMENT|[3]|sms|null|
22:44:14.810 (1810517626)|CUMULATIVE_LIMIT_USAGE
22:44:14.810 (1810517626)|LIMIT_USAGE_FOR_NS|(default)|
  Number of SOQL queries: 0 out of 200
  Number of query rows: 0 out of 50000
  Number of SOSL queries: 0 out of 20
  Number of DML statements: 0 out of 150
  Number of DML rows: 0 out of 10000
  Maximum CPU time: 925 out of 60000
  Maximum heap size: 0 out of 12000000
  Number of callouts: 0 out of 100
  Number of Email Invocations: 0 out of 10
  Number of future calls: 0 out of 50
  Number of queueable jobs added to the queue: 0 out of 1
  Number of Mobile Apex push calls: 0 out of 10

22:44:14.810 (1810517626)|LIMIT_USAGE_FOR_NS|tdc_tsw|
  Number of SOQL queries: 1 out of 200
  Number of query rows: 1 out of 50000
  Number of SOSL queries: 0 out of 20
  Number of DML statements: 1 out of 150
  Number of DML rows: 1 out of 10000
  Maximum CPU time: 0 out of 60000
  Maximum heap size: 0 out of 12000000
  Number of callouts: 2 out of 100
  Number of Email Invocations: 0 out of 10
  Number of future calls: 0 out of 50
  Number of queueable jobs added to the queue: 0 out of 1
  Number of Mobile Apex push calls: 0 out of 10

22:44:14.810 (1810517626)|CUMULATIVE_LIMIT_USAGE_END

22:44:14.20 (1867592275)|ENTERING_MANAGED_PKG|tdc_tsw
22:44:14.20 (1868843872)|ENTERING_MANAGED_PKG|tdc_tsw
22:44:14.20 (1869436956)|ENTERING_MANAGED_PKG|tdc_tsw
22:44:14.20 (1869594006)|ENTERING_MANAGED_PKG|tdc_tsw
22:44:14.20 (1876349966)|SOQL_EXECUTE_BEGIN|[15]|Aggregations:0|SELECT Id, Email FROM User WHERE isActive = TRUE LIMIT 10000
22:44:14.20 (1882971974)|SOQL_EXECUTE_END|[15]|Rows:9
22:44:14.20 (1886001217)|ENTERING_MANAGED_PKG|tdc_tsw
22:44:14.20 (1889675877)|SOQL_EXECUTE_BEGIN|[434]|Aggregations:0|SELECT id, name, First_Question__c, Question_Text__c, Question__c, Question_Label__c, Object__c, tdc_tsw__Survey__c, Survey__r.name FROM Question__c WHERE id = :tmpVar1
22:44:14.20 (1893977610)|SOQL_EXECUTE_END|[434]|Rows:0
22:44:14.20 (1894717231)|ENTERING_MANAGED_PKG|tdc_tsw
22:44:14.20 (1896227089)|SOQL_EXECUTE_BEGIN|[628]|Aggregations:0|Select id, leadId, contactId from CampaignMember where Id In : Ids
22:44:14.20 (1898707398)|SOQL_EXECUTE_END|[628]|Rows:0
22:44:14.899 (1899348845)|CUMULATIVE_LIMIT_USAGE
22:44:14.899 (1899348845)|LIMIT_USAGE_FOR_NS|(default)|
  Number of SOQL queries: 0 out of 200
  Number of query rows: 0 out of 50000
  Number of SOSL queries: 0 out of 20
  Number of DML statements: 0 out of 150
  Number of DML rows: 0 out of 10000
  Maximum CPU time: 925 out of 60000
  Maximum heap size: 0 out of 12000000
  Number of callouts: 0 out of 100
  Number of Email Invocations: 0 out of 10
  Number of future calls: 0 out of 50
  Number of queueable jobs added to the queue: 0 out of 1
  Number of Mobile Apex push calls: 0 out of 10

22:44:14.899 (1899348845)|LIMIT_USAGE_FOR_NS|tdc_tsw|
  Number of SOQL queries: 4 out of 200
  Number of query rows: 10 out of 50000
  Number of SOSL queries: 0 out of 20
  Number of DML statements: 1 out of 150
  Number of DML rows: 1 out of 10000
  Maximum CPU time: 0 out of 60000
  Maximum heap size: 0 out of 12000000
  Number of callouts: 2 out of 100
  Number of Email Invocations: 0 out of 10
  Number of future calls: 0 out of 50
  Number of queueable jobs added to the queue: 0 out of 1
  Number of Mobile Apex push calls: 0 out of 10

22:44:14.899 (1899348845)|CUMULATIVE_LIMIT_USAGE_END

22:44:14.20 (1940932113)|DML_END|[719]
22:44:14.20 (1941197002)|ENTERING_MANAGED_PKG|tdc_tsw
22:44:14.20 (1943555544)|DML_BEGIN|[1467]|Op:Update|Type:tdc_tsw__OrgSMSConfig__c|Rows:1
22:44:14.20 (1966336667)|DML_END|[1467]
