44.0 APEX_CODE,FINEST;APEX_PROFILING,INFO;CALLOUT,INFO;DB,INFO;NBA,INFO;SYSTEM,DEBUG;VALIDATION,INFO;VISUALFORCE,INFO;WAVE,INFO;WORKFLOW,INFO
23:52:11.0 (529796)|USER_INFO|[EXTERNAL]|0051H000009gxp8|chanida.dev2@solvedbysoftwareco.com|Eastern Standard Time|GMT-05:00
23:52:11.0 (2574610)|ENTERING_MANAGED_PKG|tdc_tsw
23:52:11.0 (2991177)|ENTERING_MANAGED_PKG|tdc_tsw
23:52:11.0 (8212661)|SOQL_EXECUTE_BEGIN|[16]|Aggregations:0|SELECT id, name, Disable_Incoming_SMS_Sharing__c FROM User WHERE id = :tmpVar1
23:52:11.0 (16973074)|SOQL_EXECUTE_END|[16]|Rows:1
23:52:11.0 (25285650)|SOQL_EXECUTE_BEGIN|[37]|Aggregations:0|SELECT CreatedDate,Created_Date__c,Id,LastModifiedDate,MessageId__c,Message_Text_New__c,Name,OwnerId,Read__c,Related_Object_Id__c,Related_Object__c,Sender_Number__c, Sender_Name__c,ToNumber__c,Attachments_Ids__c FROM Message__c WHERE Name = 'Incoming' AND Read__c = false ORDER BY CreatedDate Desc limit 100
23:52:11.0 (42485465)|SOQL_EXECUTE_END|[37]|Rows:100
23:52:11.0 (60435907)|ENTERING_MANAGED_PKG|tdc_tsw
23:52:11.0 (62321341)|ENTERING_MANAGED_PKG|tdc_tsw
23:52:11.0 (62824349)|ENTERING_MANAGED_PKG|tdc_tsw
23:52:11.0 (63538884)|ENTERING_MANAGED_PKG|tdc_tsw
23:52:11.0 (66393815)|ENTERING_MANAGED_PKG|tdc_tsw
23:52:11.0 (67259912)|ENTERING_MANAGED_PKG|tdc_tsw
23:52:11.0 (67518979)|ENTERING_MANAGED_PKG|tdc_tsw
23:52:11.0 (67939602)|ENTERING_MANAGED_PKG|tdc_tsw
23:52:11.0 (69074935)|ENTERING_MANAGED_PKG|tdc_tsw
23:52:11.0 (69867080)|ENTERING_MANAGED_PKG|tdc_tsw
23:52:11.0 (70116765)|ENTERING_MANAGED_PKG|tdc_tsw
23:52:11.0 (70540685)|ENTERING_MANAGED_PKG|tdc_tsw
23:52:11.0 (71692805)|ENTERING_MANAGED_PKG|tdc_tsw
23:52:11.0 (72591545)|ENTERING_MANAGED_PKG|tdc_tsw
23:52:11.0 (72860031)|ENTERING_MANAGED_PKG|tdc_tsw
23:52:11.0 (73305541)|ENTERING_MANAGED_PKG|tdc_tsw
23:52:11.0 (74688852)|ENTERING_MANAGED_PKG|tdc_tsw
23:52:11.0 (75603648)|ENTERING_MANAGED_PKG|tdc_tsw
23:52:11.0 (75887597)|ENTERING_MANAGED_PKG|tdc_tsw
23:52:11.0 (76427812)|ENTERING_MANAGED_PKG|tdc_tsw
23:52:11.0 (77839558)|ENTERING_MANAGED_PKG|tdc_tsw
23:52:11.0 (78756600)|ENTERING_MANAGED_PKG|tdc_tsw
23:52:11.0 (79007355)|ENTERING_MANAGED_PKG|tdc_tsw
23:52:11.0 (79551620)|ENTERING_MANAGED_PKG|tdc_tsw
23:52:11.0 (80780051)|ENTERING_MANAGED_PKG|tdc_tsw
23:52:11.0 (81668013)|ENTERING_MANAGED_PKG|tdc_tsw
23:52:11.0 (81925820)|ENTERING_MANAGED_PKG|tdc_tsw
23:52:11.0 (82484959)|ENTERING_MANAGED_PKG|tdc_tsw
23:52:11.0 (83779216)|ENTERING_MANAGED_PKG|tdc_tsw
23:52:11.0 (84596342)|ENTERING_MANAGED_PKG|tdc_tsw
23:52:11.0 (84846828)|ENTERING_MANAGED_PKG|tdc_tsw
23:52:11.0 (85277737)|ENTERING_MANAGED_PKG|tdc_tsw
23:52:11.0 (86429713)|ENTERING_MANAGED_PKG|tdc_tsw
23:52:11.0 (87265700)|ENTERING_MANAGED_PKG|tdc_tsw
23:52:11.0 (87517320)|ENTERING_MANAGED_PKG|tdc_tsw
23:52:11.0 (87944611)|ENTERING_MANAGED_PKG|tdc_tsw
23:52:11.0 (89063959)|ENTERING_MANAGED_PKG|tdc_tsw
23:52:11.0 (89864088)|ENTERING_MANAGED_PKG|tdc_tsw
23:52:11.0 (90113747)|ENTERING_MANAGED_PKG|tdc_tsw
23:52:11.0 (90551907)|ENTERING_MANAGED_PKG|tdc_tsw
23:52:11.0 (92008501)|ENTERING_MANAGED_PKG|tdc_tsw
23:52:11.0 (92852679)|ENTERING_MANAGED_PKG|tdc_tsw
23:52:11.0 (93103032)|ENTERING_MANAGED_PKG|tdc_tsw
23:52:11.0 (93536663)|ENTERING_MANAGED_PKG|tdc_tsw
23:52:11.0 (94686863)|ENTERING_MANAGED_PKG|tdc_tsw
23:52:11.0 (95519427)|ENTERING_MANAGED_PKG|tdc_tsw
23:52:11.0 (95753251)|ENTERING_MANAGED_PKG|tdc_tsw
23:52:11.0 (96190488)|ENTERING_MANAGED_PKG|tdc_tsw
23:52:11.0 (97374385)|ENTERING_MANAGED_PKG|tdc_tsw
23:52:11.0 (98178795)|ENTERING_MANAGED_PKG|tdc_tsw
23:52:11.0 (98427902)|ENTERING_MANAGED_PKG|tdc_tsw
23:52:11.0 (98846507)|ENTERING_MANAGED_PKG|tdc_tsw
23:52:11.0 (100010157)|ENTERING_MANAGED_PKG|tdc_tsw
23:52:11.0 (100812475)|ENTERING_MANAGED_PKG|tdc_tsw
23:52:11.0 (101044604)|ENTERING_MANAGED_PKG|tdc_tsw
23:52:11.0 (101468587)|ENTERING_MANAGED_PKG|tdc_tsw
23:52:11.0 (102606544)|ENTERING_MANAGED_PKG|tdc_tsw
23:52:11.0 (103407055)|ENTERING_MANAGED_PKG|tdc_tsw
23:52:11.0 (103636392)|ENTERING_MANAGED_PKG|tdc_tsw
23:52:11.0 (104070467)|ENTERING_MANAGED_PKG|tdc_tsw
23:52:11.0 (105212592)|ENTERING_MANAGED_PKG|tdc_tsw
23:52:11.0 (106000270)|ENTERING_MANAGED_PKG|tdc_tsw
23:52:11.0 (106258743)|ENTERING_MANAGED_PKG|tdc_tsw
23:52:11.0 (106679508)|ENTERING_MANAGED_PKG|tdc_tsw
23:52:11.0 (107834414)|ENTERING_MANAGED_PKG|tdc_tsw
23:52:11.0 (108636597)|ENTERING_MANAGED_PKG|tdc_tsw
23:52:11.0 (108884802)|ENTERING_MANAGED_PKG|tdc_tsw
23:52:11.0 (109291304)|ENTERING_MANAGED_PKG|tdc_tsw
23:52:11.0 (110440091)|ENTERING_MANAGED_PKG|tdc_tsw
23:52:11.0 (111219391)|ENTERING_MANAGED_PKG|tdc_tsw
23:52:11.0 (111468139)|ENTERING_MANAGED_PKG|tdc_tsw
23:52:11.0 (111887213)|ENTERING_MANAGED_PKG|tdc_tsw
23:52:11.0 (113024952)|ENTERING_MANAGED_PKG|tdc_tsw
23:52:11.0 (113820527)|ENTERING_MANAGED_PKG|tdc_tsw
23:52:11.0 (114071044)|ENTERING_MANAGED_PKG|tdc_tsw
23:52:11.0 (114472051)|ENTERING_MANAGED_PKG|tdc_tsw
23:52:11.0 (116202218)|ENTERING_MANAGED_PKG|tdc_tsw
23:52:11.0 (116982599)|ENTERING_MANAGED_PKG|tdc_tsw
23:52:11.0 (117279704)|ENTERING_MANAGED_PKG|tdc_tsw
23:52:11.0 (117697667)|ENTERING_MANAGED_PKG|tdc_tsw
23:52:11.0 (118951122)|ENTERING_MANAGED_PKG|tdc_tsw
23:52:11.0 (119886133)|ENTERING_MANAGED_PKG|tdc_tsw
23:52:11.0 (120242656)|ENTERING_MANAGED_PKG|tdc_tsw
23:52:11.0 (120705280)|ENTERING_MANAGED_PKG|tdc_tsw
23:52:11.0 (125658250)|ENTERING_MANAGED_PKG|tdc_tsw
23:52:11.0 (126454912)|ENTERING_MANAGED_PKG|tdc_tsw
23:52:11.0 (126737047)|ENTERING_MANAGED_PKG|tdc_tsw
23:52:11.0 (127208618)|ENTERING_MANAGED_PKG|tdc_tsw
23:52:11.0 (128377589)|ENTERING_MANAGED_PKG|tdc_tsw
23:52:11.0 (129181518)|ENTERING_MANAGED_PKG|tdc_tsw
23:52:11.0 (129431557)|ENTERING_MANAGED_PKG|tdc_tsw
23:52:11.0 (129834312)|ENTERING_MANAGED_PKG|tdc_tsw
23:52:11.0 (130981320)|ENTERING_MANAGED_PKG|tdc_tsw
23:52:11.0 (131785975)|ENTERING_MANAGED_PKG|tdc_tsw
23:52:11.0 (132008867)|ENTERING_MANAGED_PKG|tdc_tsw
23:52:11.0 (132437359)|ENTERING_MANAGED_PKG|tdc_tsw
23:52:11.0 (133579349)|ENTERING_MANAGED_PKG|tdc_tsw
23:52:11.0 (134370886)|ENTERING_MANAGED_PKG|tdc_tsw
23:52:11.0 (134624850)|ENTERING_MANAGED_PKG|tdc_tsw
23:52:11.0 (135041096)|ENTERING_MANAGED_PKG|tdc_tsw
23:52:11.0 (136239027)|ENTERING_MANAGED_PKG|tdc_tsw
23:52:11.0 (137084803)|ENTERING_MANAGED_PKG|tdc_tsw
23:52:11.0 (137354544)|ENTERING_MANAGED_PKG|tdc_tsw
23:52:11.0 (137744827)|ENTERING_MANAGED_PKG|tdc_tsw
23:52:11.0 (138874841)|ENTERING_MANAGED_PKG|tdc_tsw
23:52:11.0 (139680804)|ENTERING_MANAGED_PKG|tdc_tsw
23:52:11.0 (139911712)|ENTERING_MANAGED_PKG|tdc_tsw
23:52:11.0 (140328836)|ENTERING_MANAGED_PKG|tdc_tsw
23:52:11.0 (141449725)|ENTERING_MANAGED_PKG|tdc_tsw
23:52:11.0 (142213323)|ENTERING_MANAGED_PKG|tdc_tsw
23:52:11.0 (142463952)|ENTERING_MANAGED_PKG|tdc_tsw
23:52:11.0 (142874552)|ENTERING_MANAGED_PKG|tdc_tsw
23:52:11.0 (144078710)|ENTERING_MANAGED_PKG|tdc_tsw
23:52:11.0 (144876344)|ENTERING_MANAGED_PKG|tdc_tsw
23:52:11.0 (145108147)|ENTERING_MANAGED_PKG|tdc_tsw
23:52:11.0 (145523609)|ENTERING_MANAGED_PKG|tdc_tsw
23:52:11.0 (146664449)|ENTERING_MANAGED_PKG|tdc_tsw
23:52:11.0 (147497377)|ENTERING_MANAGED_PKG|tdc_tsw
23:52:11.0 (147752129)|ENTERING_MANAGED_PKG|tdc_tsw
23:52:11.0 (148220524)|ENTERING_MANAGED_PKG|tdc_tsw
23:52:11.0 (149475085)|ENTERING_MANAGED_PKG|tdc_tsw
23:52:11.0 (150306430)|ENTERING_MANAGED_PKG|tdc_tsw
23:52:11.0 (150539378)|ENTERING_MANAGED_PKG|tdc_tsw
23:52:11.0 (150952517)|ENTERING_MANAGED_PKG|tdc_tsw
23:52:11.0 (152105049)|ENTERING_MANAGED_PKG|tdc_tsw
23:52:11.0 (152903371)|ENTERING_MANAGED_PKG|tdc_tsw
23:52:11.0 (153143250)|ENTERING_MANAGED_PKG|tdc_tsw
23:52:11.0 (153553998)|ENTERING_MANAGED_PKG|tdc_tsw
23:52:11.0 (154690056)|ENTERING_MANAGED_PKG|tdc_tsw
23:52:11.0 (155491404)|ENTERING_MANAGED_PKG|tdc_tsw
23:52:11.0 (155722994)|ENTERING_MANAGED_PKG|tdc_tsw
23:52:11.0 (156153807)|ENTERING_MANAGED_PKG|tdc_tsw
23:52:11.0 (157332875)|ENTERING_MANAGED_PKG|tdc_tsw
23:52:11.0 (158100533)|ENTERING_MANAGED_PKG|tdc_tsw
23:52:11.0 (158362536)|ENTERING_MANAGED_PKG|tdc_tsw
23:52:11.0 (158777466)|ENTERING_MANAGED_PKG|tdc_tsw
23:52:11.0 (159848785)|ENTERING_MANAGED_PKG|tdc_tsw
23:52:11.0 (160668394)|ENTERING_MANAGED_PKG|tdc_tsw
23:52:11.0 (160891110)|ENTERING_MANAGED_PKG|tdc_tsw
23:52:11.0 (161305953)|ENTERING_MANAGED_PKG|tdc_tsw
23:52:11.0 (162459025)|ENTERING_MANAGED_PKG|tdc_tsw
23:52:11.0 (163276901)|ENTERING_MANAGED_PKG|tdc_tsw
23:52:11.0 (163507281)|ENTERING_MANAGED_PKG|tdc_tsw
23:52:11.0 (163935497)|ENTERING_MANAGED_PKG|tdc_tsw
23:52:11.0 (165093294)|ENTERING_MANAGED_PKG|tdc_tsw
23:52:11.0 (165876756)|ENTERING_MANAGED_PKG|tdc_tsw
23:52:11.0 (166136917)|ENTERING_MANAGED_PKG|tdc_tsw
23:52:11.0 (166562102)|ENTERING_MANAGED_PKG|tdc_tsw
23:52:11.0 (167758798)|ENTERING_MANAGED_PKG|tdc_tsw
23:52:11.0 (168560368)|ENTERING_MANAGED_PKG|tdc_tsw
23:52:11.0 (168788994)|ENTERING_MANAGED_PKG|tdc_tsw
23:52:11.0 (169211739)|ENTERING_MANAGED_PKG|tdc_tsw
23:52:11.0 (170410514)|ENTERING_MANAGED_PKG|tdc_tsw
23:52:11.0 (171223261)|ENTERING_MANAGED_PKG|tdc_tsw
23:52:11.0 (171474122)|ENTERING_MANAGED_PKG|tdc_tsw
23:52:11.0 (171889805)|ENTERING_MANAGED_PKG|tdc_tsw
23:52:11.0 (173011569)|ENTERING_MANAGED_PKG|tdc_tsw
23:52:11.0 (173811895)|ENTERING_MANAGED_PKG|tdc_tsw
23:52:11.0 (174059218)|ENTERING_MANAGED_PKG|tdc_tsw
23:52:11.0 (174512688)|ENTERING_MANAGED_PKG|tdc_tsw
23:52:11.0 (175668482)|ENTERING_MANAGED_PKG|tdc_tsw
23:52:11.0 (176501854)|ENTERING_MANAGED_PKG|tdc_tsw
23:52:11.0 (176841357)|ENTERING_MANAGED_PKG|tdc_tsw
23:52:11.0 (177307069)|ENTERING_MANAGED_PKG|tdc_tsw
23:52:11.0 (178495717)|ENTERING_MANAGED_PKG|tdc_tsw
23:52:11.0 (179278492)|ENTERING_MANAGED_PKG|tdc_tsw
23:52:11.0 (179509061)|ENTERING_MANAGED_PKG|tdc_tsw
23:52:11.0 (179985318)|ENTERING_MANAGED_PKG|tdc_tsw
23:52:11.0 (181247118)|ENTERING_MANAGED_PKG|tdc_tsw
23:52:11.0 (182018901)|ENTERING_MANAGED_PKG|tdc_tsw
23:52:11.0 (182279104)|ENTERING_MANAGED_PKG|tdc_tsw
23:52:11.0 (182698013)|ENTERING_MANAGED_PKG|tdc_tsw
23:52:11.0 (183824363)|ENTERING_MANAGED_PKG|tdc_tsw
23:52:11.0 (184629004)|ENTERING_MANAGED_PKG|tdc_tsw
23:52:11.0 (184902102)|ENTERING_MANAGED_PKG|tdc_tsw
23:52:11.0 (185334571)|ENTERING_MANAGED_PKG|tdc_tsw
23:52:11.0 (186496084)|ENTERING_MANAGED_PKG|tdc_tsw
23:52:11.0 (187289531)|ENTERING_MANAGED_PKG|tdc_tsw
23:52:11.0 (187536812)|ENTERING_MANAGED_PKG|tdc_tsw
23:52:11.0 (187977229)|ENTERING_MANAGED_PKG|tdc_tsw
23:52:11.0 (189149732)|ENTERING_MANAGED_PKG|tdc_tsw
23:52:11.0 (189934334)|ENTERING_MANAGED_PKG|tdc_tsw
23:52:11.0 (190187494)|ENTERING_MANAGED_PKG|tdc_tsw
23:52:11.0 (190604570)|ENTERING_MANAGED_PKG|tdc_tsw
23:52:11.0 (191730569)|ENTERING_MANAGED_PKG|tdc_tsw
23:52:11.0 (192535792)|ENTERING_MANAGED_PKG|tdc_tsw
23:52:11.0 (192776049)|ENTERING_MANAGED_PKG|tdc_tsw
23:52:11.0 (193375646)|ENTERING_MANAGED_PKG|tdc_tsw
23:52:11.0 (195343075)|ENTERING_MANAGED_PKG|tdc_tsw
23:52:11.0 (196142577)|ENTERING_MANAGED_PKG|tdc_tsw
23:52:11.0 (196377923)|ENTERING_MANAGED_PKG|tdc_tsw
23:52:11.0 (196789558)|ENTERING_MANAGED_PKG|tdc_tsw
23:52:11.0 (197962526)|ENTERING_MANAGED_PKG|tdc_tsw
23:52:11.0 (198743617)|ENTERING_MANAGED_PKG|tdc_tsw
23:52:11.0 (198974960)|ENTERING_MANAGED_PKG|tdc_tsw
23:52:11.0 (199410841)|ENTERING_MANAGED_PKG|tdc_tsw
23:52:11.0 (200602096)|ENTERING_MANAGED_PKG|tdc_tsw
23:52:11.0 (201408559)|ENTERING_MANAGED_PKG|tdc_tsw
23:52:11.0 (201645309)|ENTERING_MANAGED_PKG|tdc_tsw
23:52:11.0 (202061862)|ENTERING_MANAGED_PKG|tdc_tsw
23:52:11.0 (203287114)|ENTERING_MANAGED_PKG|tdc_tsw
23:52:11.0 (204411974)|ENTERING_MANAGED_PKG|tdc_tsw
23:52:11.0 (204698816)|ENTERING_MANAGED_PKG|tdc_tsw
23:52:11.0 (205118407)|ENTERING_MANAGED_PKG|tdc_tsw
23:52:11.0 (206422669)|ENTERING_MANAGED_PKG|tdc_tsw
23:52:11.0 (207224965)|ENTERING_MANAGED_PKG|tdc_tsw
23:52:11.0 (207456715)|ENTERING_MANAGED_PKG|tdc_tsw
23:52:11.0 (207930477)|ENTERING_MANAGED_PKG|tdc_tsw
23:52:11.0 (209104906)|ENTERING_MANAGED_PKG|tdc_tsw
23:52:11.0 (209920111)|ENTERING_MANAGED_PKG|tdc_tsw
23:52:11.0 (210161036)|ENTERING_MANAGED_PKG|tdc_tsw
23:52:11.0 (210579754)|ENTERING_MANAGED_PKG|tdc_tsw
23:52:11.0 (211716740)|ENTERING_MANAGED_PKG|tdc_tsw
23:52:11.0 (212548705)|ENTERING_MANAGED_PKG|tdc_tsw
23:52:11.0 (212839845)|ENTERING_MANAGED_PKG|tdc_tsw
23:52:11.0 (213257377)|ENTERING_MANAGED_PKG|tdc_tsw
23:52:11.0 (214398198)|ENTERING_MANAGED_PKG|tdc_tsw
23:52:11.0 (215271632)|ENTERING_MANAGED_PKG|tdc_tsw
23:52:11.0 (215504719)|ENTERING_MANAGED_PKG|tdc_tsw
23:52:11.0 (216852884)|ENTERING_MANAGED_PKG|tdc_tsw
23:52:11.0 (219134552)|ENTERING_MANAGED_PKG|tdc_tsw
23:52:11.0 (219983763)|ENTERING_MANAGED_PKG|tdc_tsw
23:52:11.0 (220059826)|ENTERING_MANAGED_PKG|tdc_tsw
23:52:11.0 (220712031)|SOQL_EXECUTE_BEGIN|[200]|Aggregations:0|SELECT Name, NamespacePrefix, SystemModStamp FROM StaticResource WHERE Name LIKE :tmpVar1 LIMIT 10
23:52:11.0 (224170351)|SOQL_EXECUTE_END|[200]|Rows:1
23:52:11.0 (224975341)|ENTERING_MANAGED_PKG|tdc_tsw
23:52:11.0 (225356911)|SOQL_EXECUTE_BEGIN|[200]|Aggregations:0|SELECT Name, NamespacePrefix, SystemModStamp FROM StaticResource WHERE Name LIKE :tmpVar1 LIMIT 10
23:52:11.0 (227490203)|SOQL_EXECUTE_END|[200]|Rows:1
23:52:11.0 (227880167)|ENTERING_MANAGED_PKG|tdc_tsw
23:52:11.0 (231682261)|ENTERING_MANAGED_PKG|tdc_tsw
23:52:11.0 (233230122)|ENTERING_MANAGED_PKG|tdc_tsw
23:52:11.0 (233511988)|ENTERING_MANAGED_PKG|tdc_tsw
23:52:11.0 (234314890)|ENTERING_MANAGED_PKG|tdc_tsw
23:52:11.0 (234663107)|SOQL_EXECUTE_BEGIN|[200]|Aggregations:0|SELECT Name, NamespacePrefix, SystemModStamp FROM StaticResource WHERE Name LIKE :tmpVar1 LIMIT 10
23:52:11.0 (236826749)|SOQL_EXECUTE_END|[200]|Rows:1
23:52:11.247 (247386903)|USER_INFO|[EXTERNAL]|0051H000009gxp8|chanida.dev2@solvedbysoftwareco.com|Eastern Standard Time|GMT-05:00
23:52:11.247 (248857371)|ENTERING_MANAGED_PKG|tdc_tsw
23:52:11.247 (249024378)|ENTERING_MANAGED_PKG|tdc_tsw
23:52:11.247 (251490763)|SOQL_EXECUTE_BEGIN|[355]|Aggregations:0|SELECT id, name, Disable_Incoming_SMS_Sharing__c FROM User WHERE id = :tmpVar1
23:52:11.247 (257241134)|SOQL_EXECUTE_END|[355]|Rows:1
23:52:11.247 (258314234)|SOQL_EXECUTE_BEGIN|[367]|Aggregations:0|SELECT CreatedDate,Id,LastModifiedDate,Related_Object_Id__c FROM Message__c WHERE Name = 'Incoming' AND Read__c = false ORDER BY CreatedDate Desc limit 100
23:52:11.247 (266592196)|SOQL_EXECUTE_END|[367]|Rows:100
