44.0 APEX_CODE,FINEST;APEX_PROFILING,INFO;CALLOUT,INFO;DB,INFO;NBA,INFO;SYSTEM,DEBUG;VALIDATION,INFO;VISUALFORCE,INFO;WAVE,INFO;WORKFLOW,INFO
23:34:06.0 (342899)|USER_INFO|[EXTERNAL]|0051H000009gxp8|chanida.dev2@solvedbysoftwareco.com|Eastern Standard Time|GMT-05:00
23:34:06.0 (2149791)|ENTERING_MANAGED_PKG|tdc_tsw
23:34:06.0 (2718872)|ENTERING_MANAGED_PKG|tdc_tsw
23:34:06.0 (9314265)|SOQL_EXECUTE_BEGIN|[16]|Aggregations:0|SELECT id, name, Disable_Incoming_SMS_Sharing__c FROM User WHERE id = :tmpVar1
23:34:06.0 (18297212)|SOQL_EXECUTE_END|[16]|Rows:1
23:34:06.0 (26892963)|SOQL_EXECUTE_BEGIN|[37]|Aggregations:0|SELECT CreatedDate,Created_Date__c,Id,LastModifiedDate,MessageId__c,Message_Text_New__c,Name,OwnerId,Read__c,Related_Object_Id__c,Related_Object__c,Sender_Number__c, Sender_Name__c,ToNumber__c,Attachments_Ids__c FROM Message__c WHERE Name = 'Incoming' AND Read__c = false ORDER BY CreatedDate Desc limit 100
23:34:06.0 (48781639)|SOQL_EXECUTE_END|[37]|Rows:100
23:34:06.0 (78886121)|ENTERING_MANAGED_PKG|tdc_tsw
23:34:06.0 (81732056)|ENTERING_MANAGED_PKG|tdc_tsw
23:34:06.0 (82529381)|ENTERING_MANAGED_PKG|tdc_tsw
23:34:06.0 (83729579)|ENTERING_MANAGED_PKG|tdc_tsw
23:34:06.0 (87660406)|ENTERING_MANAGED_PKG|tdc_tsw
23:34:06.0 (88663261)|ENTERING_MANAGED_PKG|tdc_tsw
23:34:06.0 (88909402)|ENTERING_MANAGED_PKG|tdc_tsw
23:34:06.0 (89308129)|ENTERING_MANAGED_PKG|tdc_tsw
23:34:06.0 (90546025)|ENTERING_MANAGED_PKG|tdc_tsw
23:34:06.0 (91751818)|ENTERING_MANAGED_PKG|tdc_tsw
23:34:06.0 (92140417)|ENTERING_MANAGED_PKG|tdc_tsw
23:34:06.0 (92862702)|ENTERING_MANAGED_PKG|tdc_tsw
23:34:06.0 (94825398)|ENTERING_MANAGED_PKG|tdc_tsw
23:34:06.0 (96081948)|ENTERING_MANAGED_PKG|tdc_tsw
23:34:06.0 (96307451)|ENTERING_MANAGED_PKG|tdc_tsw
23:34:06.0 (96696411)|ENTERING_MANAGED_PKG|tdc_tsw
23:34:06.0 (97886336)|ENTERING_MANAGED_PKG|tdc_tsw
23:34:06.0 (98643015)|ENTERING_MANAGED_PKG|tdc_tsw
23:34:06.0 (98873755)|ENTERING_MANAGED_PKG|tdc_tsw
23:34:06.0 (99270460)|ENTERING_MANAGED_PKG|tdc_tsw
23:34:06.0 (100844252)|ENTERING_MANAGED_PKG|tdc_tsw
23:34:06.0 (101903668)|ENTERING_MANAGED_PKG|tdc_tsw
23:34:06.0 (102135224)|ENTERING_MANAGED_PKG|tdc_tsw
23:34:06.0 (102524220)|ENTERING_MANAGED_PKG|tdc_tsw
23:34:06.0 (104221738)|ENTERING_MANAGED_PKG|tdc_tsw
23:34:06.0 (105370761)|ENTERING_MANAGED_PKG|tdc_tsw
23:34:06.0 (105645857)|ENTERING_MANAGED_PKG|tdc_tsw
23:34:06.0 (106397041)|ENTERING_MANAGED_PKG|tdc_tsw
23:34:06.0 (108321083)|ENTERING_MANAGED_PKG|tdc_tsw
23:34:06.0 (109398824)|ENTERING_MANAGED_PKG|tdc_tsw
23:34:06.0 (109659008)|ENTERING_MANAGED_PKG|tdc_tsw
23:34:06.0 (110091212)|ENTERING_MANAGED_PKG|tdc_tsw
23:34:06.0 (111207824)|ENTERING_MANAGED_PKG|tdc_tsw
23:34:06.0 (111987780)|ENTERING_MANAGED_PKG|tdc_tsw
23:34:06.0 (112217593)|ENTERING_MANAGED_PKG|tdc_tsw
23:34:06.0 (112594494)|ENTERING_MANAGED_PKG|tdc_tsw
23:34:06.0 (113707049)|ENTERING_MANAGED_PKG|tdc_tsw
23:34:06.0 (114515280)|ENTERING_MANAGED_PKG|tdc_tsw
23:34:06.0 (114796741)|ENTERING_MANAGED_PKG|tdc_tsw
23:34:06.0 (115200520)|ENTERING_MANAGED_PKG|tdc_tsw
23:34:06.0 (116309797)|ENTERING_MANAGED_PKG|tdc_tsw
23:34:06.0 (117054094)|ENTERING_MANAGED_PKG|tdc_tsw
23:34:06.0 (117280695)|ENTERING_MANAGED_PKG|tdc_tsw
23:34:06.0 (117664935)|ENTERING_MANAGED_PKG|tdc_tsw
23:34:06.0 (118786567)|ENTERING_MANAGED_PKG|tdc_tsw
23:34:06.0 (119914840)|ENTERING_MANAGED_PKG|tdc_tsw
23:34:06.0 (120218153)|ENTERING_MANAGED_PKG|tdc_tsw
23:34:06.0 (120656258)|ENTERING_MANAGED_PKG|tdc_tsw
23:34:06.0 (121907802)|ENTERING_MANAGED_PKG|tdc_tsw
23:34:06.0 (122994407)|ENTERING_MANAGED_PKG|tdc_tsw
23:34:06.0 (123236355)|ENTERING_MANAGED_PKG|tdc_tsw
23:34:06.0 (123768684)|ENTERING_MANAGED_PKG|tdc_tsw
23:34:06.0 (125061041)|ENTERING_MANAGED_PKG|tdc_tsw
23:34:06.0 (125832549)|ENTERING_MANAGED_PKG|tdc_tsw
23:34:06.0 (126100025)|ENTERING_MANAGED_PKG|tdc_tsw
23:34:06.0 (126612844)|ENTERING_MANAGED_PKG|tdc_tsw
23:34:06.0 (127780321)|ENTERING_MANAGED_PKG|tdc_tsw
23:34:06.0 (128573886)|ENTERING_MANAGED_PKG|tdc_tsw
23:34:06.0 (128823099)|ENTERING_MANAGED_PKG|tdc_tsw
23:34:06.0 (129257626)|ENTERING_MANAGED_PKG|tdc_tsw
23:34:06.0 (130315753)|ENTERING_MANAGED_PKG|tdc_tsw
23:34:06.0 (131283765)|ENTERING_MANAGED_PKG|tdc_tsw
23:34:06.0 (131565490)|ENTERING_MANAGED_PKG|tdc_tsw
23:34:06.0 (132178038)|ENTERING_MANAGED_PKG|tdc_tsw
23:34:06.0 (133527591)|ENTERING_MANAGED_PKG|tdc_tsw
23:34:06.0 (134525834)|ENTERING_MANAGED_PKG|tdc_tsw
23:34:06.0 (134772744)|ENTERING_MANAGED_PKG|tdc_tsw
23:34:06.0 (135166232)|ENTERING_MANAGED_PKG|tdc_tsw
23:34:06.0 (136467092)|ENTERING_MANAGED_PKG|tdc_tsw
23:34:06.0 (137374115)|ENTERING_MANAGED_PKG|tdc_tsw
23:34:06.0 (137654020)|ENTERING_MANAGED_PKG|tdc_tsw
23:34:06.0 (138040813)|ENTERING_MANAGED_PKG|tdc_tsw
23:34:06.0 (139385643)|ENTERING_MANAGED_PKG|tdc_tsw
23:34:06.0 (140220808)|ENTERING_MANAGED_PKG|tdc_tsw
23:34:06.0 (140483918)|ENTERING_MANAGED_PKG|tdc_tsw
23:34:06.0 (141216667)|ENTERING_MANAGED_PKG|tdc_tsw
23:34:06.0 (142375731)|ENTERING_MANAGED_PKG|tdc_tsw
23:34:06.0 (143230575)|ENTERING_MANAGED_PKG|tdc_tsw
23:34:06.0 (143466129)|ENTERING_MANAGED_PKG|tdc_tsw
23:34:06.0 (143870927)|ENTERING_MANAGED_PKG|tdc_tsw
23:34:06.0 (145089897)|ENTERING_MANAGED_PKG|tdc_tsw
23:34:06.0 (145872417)|ENTERING_MANAGED_PKG|tdc_tsw
23:34:06.0 (146091836)|ENTERING_MANAGED_PKG|tdc_tsw
23:34:06.0 (146485415)|ENTERING_MANAGED_PKG|tdc_tsw
23:34:06.0 (147801352)|ENTERING_MANAGED_PKG|tdc_tsw
23:34:06.0 (148937792)|ENTERING_MANAGED_PKG|tdc_tsw
23:34:06.0 (149211624)|ENTERING_MANAGED_PKG|tdc_tsw
23:34:06.0 (149658318)|ENTERING_MANAGED_PKG|tdc_tsw
23:34:06.0 (150831625)|ENTERING_MANAGED_PKG|tdc_tsw
23:34:06.0 (151702926)|ENTERING_MANAGED_PKG|tdc_tsw
23:34:06.0 (151950952)|ENTERING_MANAGED_PKG|tdc_tsw
23:34:06.0 (152407871)|ENTERING_MANAGED_PKG|tdc_tsw
23:34:06.0 (153870888)|ENTERING_MANAGED_PKG|tdc_tsw
23:34:06.0 (155077543)|ENTERING_MANAGED_PKG|tdc_tsw
23:34:06.0 (155395615)|ENTERING_MANAGED_PKG|tdc_tsw
23:34:06.0 (155800464)|ENTERING_MANAGED_PKG|tdc_tsw
23:34:06.0 (156991286)|ENTERING_MANAGED_PKG|tdc_tsw
23:34:06.0 (157747067)|ENTERING_MANAGED_PKG|tdc_tsw
23:34:06.0 (158011505)|ENTERING_MANAGED_PKG|tdc_tsw
23:34:06.0 (158409873)|ENTERING_MANAGED_PKG|tdc_tsw
23:34:06.0 (159672799)|ENTERING_MANAGED_PKG|tdc_tsw
23:34:06.0 (160832368)|ENTERING_MANAGED_PKG|tdc_tsw
23:34:06.0 (161176417)|ENTERING_MANAGED_PKG|tdc_tsw
23:34:06.0 (161780206)|ENTERING_MANAGED_PKG|tdc_tsw
23:34:06.0 (163396229)|ENTERING_MANAGED_PKG|tdc_tsw
23:34:06.0 (164278489)|ENTERING_MANAGED_PKG|tdc_tsw
23:34:06.0 (164502853)|ENTERING_MANAGED_PKG|tdc_tsw
23:34:06.0 (164932933)|ENTERING_MANAGED_PKG|tdc_tsw
23:34:06.0 (166092330)|ENTERING_MANAGED_PKG|tdc_tsw
23:34:06.0 (167050330)|ENTERING_MANAGED_PKG|tdc_tsw
23:34:06.0 (167369324)|ENTERING_MANAGED_PKG|tdc_tsw
23:34:06.0 (167774756)|ENTERING_MANAGED_PKG|tdc_tsw
23:34:06.0 (169341237)|ENTERING_MANAGED_PKG|tdc_tsw
23:34:06.0 (170349211)|ENTERING_MANAGED_PKG|tdc_tsw
23:34:06.0 (170674488)|ENTERING_MANAGED_PKG|tdc_tsw
23:34:06.0 (171135062)|ENTERING_MANAGED_PKG|tdc_tsw
23:34:06.0 (172846945)|ENTERING_MANAGED_PKG|tdc_tsw
23:34:06.0 (173977383)|ENTERING_MANAGED_PKG|tdc_tsw
23:34:06.0 (174308443)|ENTERING_MANAGED_PKG|tdc_tsw
23:34:06.0 (174912739)|ENTERING_MANAGED_PKG|tdc_tsw
23:34:06.0 (176481377)|ENTERING_MANAGED_PKG|tdc_tsw
23:34:06.0 (177603511)|ENTERING_MANAGED_PKG|tdc_tsw
23:34:06.0 (177940571)|ENTERING_MANAGED_PKG|tdc_tsw
23:34:06.0 (178521659)|ENTERING_MANAGED_PKG|tdc_tsw
23:34:06.0 (180081161)|ENTERING_MANAGED_PKG|tdc_tsw
23:34:06.0 (181255518)|ENTERING_MANAGED_PKG|tdc_tsw
23:34:06.0 (181546956)|ENTERING_MANAGED_PKG|tdc_tsw
23:34:06.0 (181967182)|ENTERING_MANAGED_PKG|tdc_tsw
23:34:06.0 (183182939)|ENTERING_MANAGED_PKG|tdc_tsw
23:34:06.0 (184012904)|ENTERING_MANAGED_PKG|tdc_tsw
23:34:06.0 (184234099)|ENTERING_MANAGED_PKG|tdc_tsw
23:34:06.0 (184639258)|ENTERING_MANAGED_PKG|tdc_tsw
23:34:06.0 (185955985)|ENTERING_MANAGED_PKG|tdc_tsw
23:34:06.0 (186858789)|ENTERING_MANAGED_PKG|tdc_tsw
23:34:06.0 (187135893)|ENTERING_MANAGED_PKG|tdc_tsw
23:34:06.0 (187552401)|ENTERING_MANAGED_PKG|tdc_tsw
23:34:06.0 (188878529)|ENTERING_MANAGED_PKG|tdc_tsw
23:34:06.0 (190086475)|ENTERING_MANAGED_PKG|tdc_tsw
23:34:06.0 (190447976)|ENTERING_MANAGED_PKG|tdc_tsw
23:34:06.0 (191134883)|ENTERING_MANAGED_PKG|tdc_tsw
23:34:06.0 (192892277)|ENTERING_MANAGED_PKG|tdc_tsw
23:34:06.0 (193874060)|ENTERING_MANAGED_PKG|tdc_tsw
23:34:06.0 (194112815)|ENTERING_MANAGED_PKG|tdc_tsw
23:34:06.0 (194520605)|ENTERING_MANAGED_PKG|tdc_tsw
23:34:06.0 (195760510)|ENTERING_MANAGED_PKG|tdc_tsw
23:34:06.0 (196544016)|ENTERING_MANAGED_PKG|tdc_tsw
23:34:06.0 (196777933)|ENTERING_MANAGED_PKG|tdc_tsw
23:34:06.0 (197423086)|ENTERING_MANAGED_PKG|tdc_tsw
23:34:06.0 (199046133)|ENTERING_MANAGED_PKG|tdc_tsw
23:34:06.0 (200058051)|ENTERING_MANAGED_PKG|tdc_tsw
23:34:06.0 (200339360)|ENTERING_MANAGED_PKG|tdc_tsw
23:34:06.0 (200769698)|ENTERING_MANAGED_PKG|tdc_tsw
23:34:06.0 (201906503)|ENTERING_MANAGED_PKG|tdc_tsw
23:34:06.0 (202680034)|ENTERING_MANAGED_PKG|tdc_tsw
23:34:06.0 (202920669)|ENTERING_MANAGED_PKG|tdc_tsw
23:34:06.0 (203319979)|ENTERING_MANAGED_PKG|tdc_tsw
23:34:06.0 (204487311)|ENTERING_MANAGED_PKG|tdc_tsw
23:34:06.0 (205330065)|ENTERING_MANAGED_PKG|tdc_tsw
23:34:06.0 (205616435)|ENTERING_MANAGED_PKG|tdc_tsw
23:34:06.0 (206038710)|ENTERING_MANAGED_PKG|tdc_tsw
23:34:06.0 (207181645)|ENTERING_MANAGED_PKG|tdc_tsw
23:34:06.0 (208075417)|ENTERING_MANAGED_PKG|tdc_tsw
23:34:06.0 (208309433)|ENTERING_MANAGED_PKG|tdc_tsw
23:34:06.0 (208709970)|ENTERING_MANAGED_PKG|tdc_tsw
23:34:06.0 (209912896)|ENTERING_MANAGED_PKG|tdc_tsw
23:34:06.0 (210994869)|ENTERING_MANAGED_PKG|tdc_tsw
23:34:06.0 (211367232)|ENTERING_MANAGED_PKG|tdc_tsw
23:34:06.0 (212248152)|ENTERING_MANAGED_PKG|tdc_tsw
23:34:06.0 (214303143)|ENTERING_MANAGED_PKG|tdc_tsw
23:34:06.0 (215463443)|ENTERING_MANAGED_PKG|tdc_tsw
23:34:06.0 (215706900)|ENTERING_MANAGED_PKG|tdc_tsw
23:34:06.0 (216130410)|ENTERING_MANAGED_PKG|tdc_tsw
23:34:06.0 (217410302)|ENTERING_MANAGED_PKG|tdc_tsw
23:34:06.0 (218209204)|ENTERING_MANAGED_PKG|tdc_tsw
23:34:06.0 (218440950)|ENTERING_MANAGED_PKG|tdc_tsw
23:34:06.0 (218846401)|ENTERING_MANAGED_PKG|tdc_tsw
23:34:06.0 (220374305)|ENTERING_MANAGED_PKG|tdc_tsw
23:34:06.0 (221723468)|ENTERING_MANAGED_PKG|tdc_tsw
23:34:06.0 (222055361)|ENTERING_MANAGED_PKG|tdc_tsw
23:34:06.0 (222462768)|ENTERING_MANAGED_PKG|tdc_tsw
23:34:06.0 (223699380)|ENTERING_MANAGED_PKG|tdc_tsw
23:34:06.0 (224881923)|ENTERING_MANAGED_PKG|tdc_tsw
23:34:06.0 (225287559)|ENTERING_MANAGED_PKG|tdc_tsw
23:34:06.0 (226115164)|ENTERING_MANAGED_PKG|tdc_tsw
23:34:06.0 (228287178)|ENTERING_MANAGED_PKG|tdc_tsw
23:34:06.0 (229576067)|ENTERING_MANAGED_PKG|tdc_tsw
23:34:06.0 (229935964)|ENTERING_MANAGED_PKG|tdc_tsw
23:34:06.0 (230586031)|ENTERING_MANAGED_PKG|tdc_tsw
23:34:06.0 (232502537)|ENTERING_MANAGED_PKG|tdc_tsw
23:34:06.0 (233774792)|ENTERING_MANAGED_PKG|tdc_tsw
23:34:06.0 (234126174)|ENTERING_MANAGED_PKG|tdc_tsw
23:34:06.0 (234653759)|ENTERING_MANAGED_PKG|tdc_tsw
23:34:06.0 (236176345)|ENTERING_MANAGED_PKG|tdc_tsw
23:34:06.0 (237520163)|ENTERING_MANAGED_PKG|tdc_tsw
23:34:06.0 (237966900)|ENTERING_MANAGED_PKG|tdc_tsw
23:34:06.0 (238797476)|ENTERING_MANAGED_PKG|tdc_tsw
23:34:06.0 (240875797)|ENTERING_MANAGED_PKG|tdc_tsw
23:34:06.0 (242165180)|ENTERING_MANAGED_PKG|tdc_tsw
23:34:06.0 (242443144)|ENTERING_MANAGED_PKG|tdc_tsw
23:34:06.0 (242859323)|ENTERING_MANAGED_PKG|tdc_tsw
23:34:06.0 (244418146)|ENTERING_MANAGED_PKG|tdc_tsw
23:34:06.0 (245575272)|ENTERING_MANAGED_PKG|tdc_tsw
23:34:06.0 (245935686)|ENTERING_MANAGED_PKG|tdc_tsw
23:34:06.0 (246665322)|ENTERING_MANAGED_PKG|tdc_tsw
23:34:06.0 (248304995)|ENTERING_MANAGED_PKG|tdc_tsw
23:34:06.0 (249344647)|ENTERING_MANAGED_PKG|tdc_tsw
23:34:06.0 (249585595)|ENTERING_MANAGED_PKG|tdc_tsw
23:34:06.0 (250368352)|ENTERING_MANAGED_PKG|tdc_tsw
23:34:06.0 (252663795)|ENTERING_MANAGED_PKG|tdc_tsw
23:34:06.0 (253566437)|ENTERING_MANAGED_PKG|tdc_tsw
23:34:06.0 (253692590)|ENTERING_MANAGED_PKG|tdc_tsw
23:34:06.0 (254238337)|SOQL_EXECUTE_BEGIN|[200]|Aggregations:0|SELECT Name, NamespacePrefix, SystemModStamp FROM StaticResource WHERE Name LIKE :tmpVar1 LIMIT 10
23:34:06.0 (257459017)|SOQL_EXECUTE_END|[200]|Rows:1
23:34:06.0 (258455399)|ENTERING_MANAGED_PKG|tdc_tsw
23:34:06.0 (258946428)|SOQL_EXECUTE_BEGIN|[200]|Aggregations:0|SELECT Name, NamespacePrefix, SystemModStamp FROM StaticResource WHERE Name LIKE :tmpVar1 LIMIT 10
23:34:06.0 (592428568)|SOQL_EXECUTE_END|[200]|Rows:1
23:34:06.0 (593347930)|ENTERING_MANAGED_PKG|tdc_tsw
23:34:06.0 (615802521)|ENTERING_MANAGED_PKG|tdc_tsw
23:34:06.0 (618419447)|ENTERING_MANAGED_PKG|tdc_tsw
23:34:06.0 (618906893)|ENTERING_MANAGED_PKG|tdc_tsw
23:34:06.0 (620272762)|ENTERING_MANAGED_PKG|tdc_tsw
23:34:06.0 (620874839)|SOQL_EXECUTE_BEGIN|[200]|Aggregations:0|SELECT Name, NamespacePrefix, SystemModStamp FROM StaticResource WHERE Name LIKE :tmpVar1 LIMIT 10
23:34:06.0 (624128131)|SOQL_EXECUTE_END|[200]|Rows:1
23:34:06.636 (636718798)|USER_INFO|[EXTERNAL]|0051H000009gxp8|chanida.dev2@solvedbysoftwareco.com|Eastern Standard Time|GMT-05:00
23:34:06.636 (638964605)|ENTERING_MANAGED_PKG|tdc_tsw
23:34:06.636 (639278570)|ENTERING_MANAGED_PKG|tdc_tsw
23:34:06.636 (642673362)|SOQL_EXECUTE_BEGIN|[355]|Aggregations:0|SELECT id, name, Disable_Incoming_SMS_Sharing__c FROM User WHERE id = :tmpVar1
23:34:06.636 (650979694)|SOQL_EXECUTE_END|[355]|Rows:1
23:34:06.636 (652024873)|SOQL_EXECUTE_BEGIN|[367]|Aggregations:0|SELECT CreatedDate,Id,LastModifiedDate,Related_Object_Id__c FROM Message__c WHERE Name = 'Incoming' AND Read__c = false ORDER BY CreatedDate Desc limit 100
23:34:06.636 (660460805)|SOQL_EXECUTE_END|[367]|Rows:100
