44.0 APEX_CODE,FINEST;APEX_PROFILING,INFO;CALLOUT,INFO;DB,INFO;NBA,INFO;SYSTEM,DEBUG;VALIDATION,INFO;VISUALFORCE,INFO;WAVE,INFO;WORKFLOW,INFO
21:20:33.0 (122189)|USER_INFO|[EXTERNAL]|0051H000009gxp8|chanida.dev2@solvedbysoftwareco.com|Eastern Standard Time|GMT-05:00
21:20:33.0 (2007298)|ENTERING_MANAGED_PKG|tdc_tsw
21:20:33.0 (2523743)|ENTERING_MANAGED_PKG|tdc_tsw
21:20:33.0 (6820574)|SOQL_EXECUTE_BEGIN|[16]|Aggregations:0|SELECT id, name, Disable_Incoming_SMS_Sharing__c FROM User WHERE id = :tmpVar1
21:20:33.0 (16006048)|SOQL_EXECUTE_END|[16]|Rows:1
21:20:33.0 (22385725)|SOQL_EXECUTE_BEGIN|[37]|Aggregations:0|SELECT CreatedDate,Created_Date__c,Id,LastModifiedDate,MessageId__c,Message_Text_New__c,Name,OwnerId,Read__c,Related_Object_Id__c,Related_Object__c,Sender_Number__c, Sender_Name__c,ToNumber__c,Attachments_Ids__c FROM Message__c WHERE Name = 'Incoming' AND Read__c = false ORDER BY CreatedDate Desc limit 100
21:20:33.0 (35050596)|SOQL_EXECUTE_END|[37]|Rows:16
21:20:33.0 (39149891)|ENTERING_MANAGED_PKG|tdc_tsw
21:20:33.0 (40985766)|ENTERING_MANAGED_PKG|tdc_tsw
21:20:33.0 (41421526)|ENTERING_MANAGED_PKG|tdc_tsw
21:20:33.0 (42165524)|ENTERING_MANAGED_PKG|tdc_tsw
21:20:33.0 (45472630)|ENTERING_MANAGED_PKG|tdc_tsw
21:20:33.0 (46462719)|ENTERING_MANAGED_PKG|tdc_tsw
21:20:33.0 (46807823)|ENTERING_MANAGED_PKG|tdc_tsw
21:20:33.0 (47352662)|ENTERING_MANAGED_PKG|tdc_tsw
21:20:33.0 (48806937)|ENTERING_MANAGED_PKG|tdc_tsw
21:20:33.0 (49792860)|ENTERING_MANAGED_PKG|tdc_tsw
21:20:33.0 (50095022)|ENTERING_MANAGED_PKG|tdc_tsw
21:20:33.0 (50631577)|ENTERING_MANAGED_PKG|tdc_tsw
21:20:33.0 (52226777)|ENTERING_MANAGED_PKG|tdc_tsw
21:20:33.0 (53272856)|ENTERING_MANAGED_PKG|tdc_tsw
21:20:33.0 (53370151)|ENTERING_MANAGED_PKG|tdc_tsw
21:20:33.0 (54183944)|SOQL_EXECUTE_BEGIN|[200]|Aggregations:0|SELECT Name, NamespacePrefix, SystemModStamp FROM StaticResource WHERE Name LIKE :tmpVar1 LIMIT 10
21:20:33.0 (58437081)|SOQL_EXECUTE_END|[200]|Rows:1
21:20:33.0 (59461811)|ENTERING_MANAGED_PKG|tdc_tsw
21:20:33.0 (59872559)|SOQL_EXECUTE_BEGIN|[200]|Aggregations:0|SELECT Name, NamespacePrefix, SystemModStamp FROM StaticResource WHERE Name LIKE :tmpVar1 LIMIT 10
21:20:33.0 (62988005)|SOQL_EXECUTE_END|[200]|Rows:1
21:20:33.0 (63479759)|ENTERING_MANAGED_PKG|tdc_tsw
21:20:33.0 (67325477)|ENTERING_MANAGED_PKG|tdc_tsw
21:20:33.0 (69000779)|ENTERING_MANAGED_PKG|tdc_tsw
21:20:33.0 (69331261)|ENTERING_MANAGED_PKG|tdc_tsw
21:20:33.0 (70399254)|ENTERING_MANAGED_PKG|tdc_tsw
21:20:33.0 (70903156)|SOQL_EXECUTE_BEGIN|[200]|Aggregations:0|SELECT Name, NamespacePrefix, SystemModStamp FROM StaticResource WHERE Name LIKE :tmpVar1 LIMIT 10
21:20:33.0 (74340710)|SOQL_EXECUTE_END|[200]|Rows:1
21:20:33.90 (90207661)|USER_INFO|[EXTERNAL]|0051H000009gxp8|chanida.dev2@solvedbysoftwareco.com|Eastern Standard Time|GMT-05:00
21:20:33.90 (91995875)|ENTERING_MANAGED_PKG|tdc_tsw
21:20:33.90 (92275907)|ENTERING_MANAGED_PKG|tdc_tsw
21:20:33.90 (95183706)|SOQL_EXECUTE_BEGIN|[355]|Aggregations:0|SELECT id, name, Disable_Incoming_SMS_Sharing__c FROM User WHERE id = :tmpVar1
21:20:33.90 (102186451)|SOQL_EXECUTE_END|[355]|Rows:1
21:20:33.90 (103367026)|SOQL_EXECUTE_BEGIN|[367]|Aggregations:0|SELECT CreatedDate,Id,LastModifiedDate,Related_Object_Id__c FROM Message__c WHERE Name = 'Incoming' AND Read__c = false ORDER BY CreatedDate Desc limit 100
21:20:33.90 (110131953)|SOQL_EXECUTE_END|[367]|Rows:16
