44.0 APEX_CODE,FINEST;APEX_PROFILING,INFO;CALLOUT,INFO;DB,INFO;NBA,INFO;SYSTEM,DEBUG;VALIDATION,INFO;VISUALFORCE,INFO;WAVE,INFO;WORKFLOW,INFO
19:57:53.0 (124981)|USER_INFO|[EXTERNAL]|0051H000009gxp8|chanida.dev2@solvedbysoftwareco.com|Eastern Standard Time|GMT-05:00
19:57:53.0 (1610149)|ENTERING_MANAGED_PKG|tdc_tsw
19:57:53.0 (2101528)|ENTERING_MANAGED_PKG|tdc_tsw
19:57:53.0 (5958273)|SOQL_EXECUTE_BEGIN|[16]|Aggregations:0|SELECT id, name, Disable_Incoming_SMS_Sharing__c FROM User WHERE id = :tmpVar1
19:57:53.0 (12950697)|SOQL_EXECUTE_END|[16]|Rows:1
19:57:53.0 (18920769)|SOQL_EXECUTE_BEGIN|[37]|Aggregations:0|SELECT CreatedDate,Created_Date__c,Id,LastModifiedDate,MessageId__c,Message_Text_New__c,Name,OwnerId,Read__c,Related_Object_Id__c,Related_Object__c,Sender_Number__c, Sender_Name__c,ToNumber__c,Attachments_Ids__c FROM Message__c WHERE Name = 'Incoming' AND Read__c = false ORDER BY CreatedDate Desc limit 100
19:57:53.0 (29658018)|SOQL_EXECUTE_END|[37]|Rows:15
19:57:53.0 (33279634)|ENTERING_MANAGED_PKG|tdc_tsw
19:57:53.0 (35113168)|ENTERING_MANAGED_PKG|tdc_tsw
19:57:53.0 (35880851)|ENTERING_MANAGED_PKG|tdc_tsw
19:57:53.0 (36638024)|ENTERING_MANAGED_PKG|tdc_tsw
19:57:53.0 (39491242)|ENTERING_MANAGED_PKG|tdc_tsw
19:57:53.0 (40291095)|ENTERING_MANAGED_PKG|tdc_tsw
19:57:53.0 (40506240)|ENTERING_MANAGED_PKG|tdc_tsw
19:57:53.0 (40918813)|ENTERING_MANAGED_PKG|tdc_tsw
19:57:53.0 (42383700)|ENTERING_MANAGED_PKG|tdc_tsw
19:57:53.0 (43162704)|ENTERING_MANAGED_PKG|tdc_tsw
19:57:53.0 (43405508)|ENTERING_MANAGED_PKG|tdc_tsw
19:57:53.0 (43808622)|ENTERING_MANAGED_PKG|tdc_tsw
19:57:53.0 (45108450)|ENTERING_MANAGED_PKG|tdc_tsw
19:57:53.0 (45833617)|ENTERING_MANAGED_PKG|tdc_tsw
19:57:53.0 (45913728)|ENTERING_MANAGED_PKG|tdc_tsw
19:57:53.0 (46551991)|SOQL_EXECUTE_BEGIN|[200]|Aggregations:0|SELECT Name, NamespacePrefix, SystemModStamp FROM StaticResource WHERE Name LIKE :tmpVar1 LIMIT 10
19:57:53.0 (49510265)|SOQL_EXECUTE_END|[200]|Rows:1
19:57:53.0 (50290339)|ENTERING_MANAGED_PKG|tdc_tsw
19:57:53.0 (50654118)|SOQL_EXECUTE_BEGIN|[200]|Aggregations:0|SELECT Name, NamespacePrefix, SystemModStamp FROM StaticResource WHERE Name LIKE :tmpVar1 LIMIT 10
19:57:53.0 (52759231)|SOQL_EXECUTE_END|[200]|Rows:1
19:57:53.0 (53169070)|ENTERING_MANAGED_PKG|tdc_tsw
19:57:53.0 (56894938)|ENTERING_MANAGED_PKG|tdc_tsw
19:57:53.0 (58537079)|ENTERING_MANAGED_PKG|tdc_tsw
19:57:53.0 (58834230)|ENTERING_MANAGED_PKG|tdc_tsw
19:57:53.0 (59669653)|ENTERING_MANAGED_PKG|tdc_tsw
19:57:53.0 (60051831)|SOQL_EXECUTE_BEGIN|[200]|Aggregations:0|SELECT Name, NamespacePrefix, SystemModStamp FROM StaticResource WHERE Name LIKE :tmpVar1 LIMIT 10
19:57:53.0 (62176965)|SOQL_EXECUTE_END|[200]|Rows:1
19:57:53.66 (66962406)|USER_INFO|[EXTERNAL]|0051H000009gxp8|chanida.dev2@solvedbysoftwareco.com|Eastern Standard Time|GMT-05:00
19:57:53.66 (68290749)|ENTERING_MANAGED_PKG|tdc_tsw
19:57:53.66 (68469849)|ENTERING_MANAGED_PKG|tdc_tsw
19:57:53.66 (70840479)|SOQL_EXECUTE_BEGIN|[355]|Aggregations:0|SELECT id, name, Disable_Incoming_SMS_Sharing__c FROM User WHERE id = :tmpVar1
19:57:53.66 (76685623)|SOQL_EXECUTE_END|[355]|Rows:1
19:57:53.66 (77671781)|SOQL_EXECUTE_BEGIN|[367]|Aggregations:0|SELECT CreatedDate,Id,LastModifiedDate,Related_Object_Id__c FROM Message__c WHERE Name = 'Incoming' AND Read__c = false ORDER BY CreatedDate Desc limit 100
19:57:53.66 (83283117)|SOQL_EXECUTE_END|[367]|Rows:15
