38.0 APEX_CODE,FINEST;APEX_PROFILING,INFO;CALLOUT,INFO;DB,INFO;NBA,INFO;SYSTEM,DEBUG;VALIDATION,INFO;VISUALFORCE,INFO;WAVE,INFO;WORKFLOW,INFO
23:33:29.4 (4374674)|ENTERING_MANAGED_PKG|tdc_tsw
23:33:29.4 (5061139)|ENTERING_MANAGED_PKG|tdc_tsw
23:33:29.4 (6994676)|SOQL_EXECUTE_BEGIN|[66]|Aggregations:0|SELECT Id FROM Folder WHERE DeveloperName = 'SMS_APP' LIMIT 1
23:33:29.4 (11059452)|SOQL_EXECUTE_END|[66]|Rows:1
23:33:29.4 (11449591)|ENTERING_MANAGED_PKG|tdc_tsw
23:33:29.4 (12219917)|ENTERING_MANAGED_PKG|tdc_tsw
23:33:29.4 (12649775)|ENTERING_MANAGED_PKG|tdc_tsw
23:33:29.4 (26507691)|ENTERING_MANAGED_PKG|tdc_tsw
23:33:29.4 (26589260)|ENTERING_MANAGED_PKG|tdc_tsw
23:33:29.4 (98971945)|SOQL_EXECUTE_BEGIN|[1842]|Aggregations:0|SELECT Id, name FROM RecordType WHERE (sObjectType = :tmpVar1 AND name = :tmpVar2) LIMIT 1
23:33:29.4 (107147312)|SOQL_EXECUTE_END|[1842]|Rows:1
23:33:29.4 (114116315)|ENTERING_MANAGED_PKG|tdc_tsw
23:33:29.4 (166397499)|SOQL_EXECUTE_BEGIN|[275]|Aggregations:0|Select Id, tdc_tsw__account__c, tdc_tsw__campaign__c, tdc_tsw__case__c, tdc_tsw__contact__c, tdc_tsw__lead__c, tdc_tsw__message__c, tdc_tsw__opportunity__c, tdc_tsw__sms_template__c, tdc_tsw__question__c, tdc_tsw__survey_response__c, OwnerId, Related_Object__c,Is_Keyword_Based__c,Sender_Number__c,ToNumber__c, Related_Object_Id__c from Message__c where Name = 'Outgoing' and (Sender_Number__c =: cleantoNumber  OR Sender_Number__c LIKE : toNumberWithoutSymbol )  and (ToNumber__c =: cleanFromNumber  OR ToNumber__c LIKE : fromNumberWithoutSymbol )  Order By CreatedDate Desc Limit 1
23:33:29.4 (179319584)|SOQL_EXECUTE_END|[275]|Rows:1
23:33:29.4 (181300018)|SOQL_EXECUTE_BEGIN|[299]|Aggregations:0|SELECT Id FROM tdc_tsw__Message__c WHERE id =: relatedObjId
23:33:29.4 (186553033)|SOQL_EXECUTE_END|[299]|Rows:1
23:33:29.4 (186948460)|ENTERING_MANAGED_PKG|tdc_tsw
23:33:29.4 (190150784)|SOQL_EXECUTE_BEGIN|[923]|Aggregations:0|SELECT id, isActive FROM User WHERE id = :tmpVar1 LIMIT 1
23:33:29.4 (197582091)|SOQL_EXECUTE_END|[923]|Rows:1
23:33:29.4 (200109153)|ENTERING_MANAGED_PKG|tdc_tsw
23:33:29.4 (206447845)|ENTERING_MANAGED_PKG|tdc_tsw
23:33:29.4 (213282868)|SOQL_EXECUTE_BEGIN|[1234]|Aggregations:0|SELECT id, name, Default__c, Next_Question__c, Possible_Answers__c, Question__c FROM Answer__c WHERE Question__c = :tmpVar1 LIMIT 1
23:33:29.4 (220038731)|SOQL_EXECUTE_END|[1234]|Rows:1
23:33:29.4 (248193854)|ENTERING_MANAGED_PKG|tdc_tsw
23:33:29.4 (270126424)|DML_BEGIN|[557]|Op:Insert|Type:tdc_tsw__Message__c|Rows:1
23:33:29.4 (293538924)|ENTERING_MANAGED_PKG|tdc_tsw
23:33:29.295 (295695784)|CUMULATIVE_LIMIT_USAGE
23:33:29.295 (295695784)|LIMIT_USAGE_FOR_NS|(default)|
  Number of SOQL queries: 0 out of 100
  Number of query rows: 0 out of 50000
  Number of SOSL queries: 0 out of 20
  Number of DML statements: 0 out of 150
  Number of DML rows: 0 out of 10000
  Maximum CPU time: 184 out of 10000
  Maximum heap size: 0 out of 6000000
  Number of callouts: 0 out of 100
  Number of Email Invocations: 0 out of 10
  Number of future calls: 0 out of 50
  Number of queueable jobs added to the queue: 0 out of 50
  Number of Mobile Apex push calls: 0 out of 10

23:33:29.295 (295695784)|LIMIT_USAGE_FOR_NS|tdc_tsw|
  Number of SOQL queries: 6 out of 100
  Number of query rows: 6 out of 50000
  Number of SOSL queries: 0 out of 20
  Number of DML statements: 1 out of 150
  Number of DML rows: 1 out of 10000
  Maximum CPU time: 0 out of 10000
  Maximum heap size: 0 out of 6000000
  Number of callouts: 0 out of 100
  Number of Email Invocations: 0 out of 10
  Number of future calls: 1 out of 50
  Number of queueable jobs added to the queue: 0 out of 50
  Number of Mobile Apex push calls: 0 out of 10

23:33:29.295 (295695784)|CUMULATIVE_LIMIT_USAGE_END

23:33:29.301 (301017270)|CODE_UNIT_STARTED|[EXTERNAL]|01q3B000000BSJB|IncomingSMS on Message trigger event BeforeInsert|__sfdc_trigger/IncomingSMS
23:33:29.301 (301073109)|HEAP_ALLOCATE|[EXTERNAL]|Bytes:8
23:33:29.301 (301125896)|HEAP_ALLOCATE|[EXTERNAL]|Bytes:1
23:33:29.301 (301146542)|HEAP_ALLOCATE|[EXTERNAL]|Bytes:4
23:33:29.301 (301156581)|VARIABLE_SCOPE_BEGIN|[1]|this|IncomingSMS|true|false
23:33:29.301 (301254768)|VARIABLE_ASSIGNMENT|[1]|this|{}|0x7ff3fb68
23:33:29.301 (301311038)|HEAP_ALLOCATE|[EXTERNAL]|Bytes:4
23:33:29.301 (301324341)|VARIABLE_SCOPE_BEGIN|[1]|this|IncomingSMS|true|false
23:33:29.301 (301347633)|VARIABLE_ASSIGNMENT|[1]|this|{}|0x7ff3fb68
23:33:29.301 (301359791)|STATEMENT_EXECUTE|[1]
23:33:29.301 (301386356)|STATEMENT_EXECUTE|[2]
23:33:29.301 (301616679)|HEAP_ALLOCATE|[3]|Bytes:5
23:33:29.301 (301651834)|HEAP_ALLOCATE|[3]|Bytes:4
23:33:29.301 (301667156)|VARIABLE_SCOPE_BEGIN|[3]|sms|tdc_tsw__Message__c|true|false
23:33:29.301 (307718760)|VARIABLE_ASSIGNMENT|[3]|sms|{"tdc_tsw__Related_Object__c":"tdc_tsw__Message__c","tdc_tsw__ToNumber__c":"+17065037067","IsDeleted":false,"tdc_tsw__Sender_Number__c":"+13038816946","tdc_tsw__Incoming_Status__c":"Not Read","tdc_tsw__isCaseCreated__c":false,"tdc_tsw__Read__c":false,"tdc_tsw__Message__c":"a173B000000seC2QAI","tdc_tsw__Read_Status__c":"Unread","tdc_tsw__Task_Created__c":false,"tdc_tsw__Related_Object_Id__c":"a173B000000seBiQAI","Name":"Incoming","tdc_tsw__Event_Created__c":false,"tdc_tsw__Message_Text_New__c":"Web","tdc_tsw__Is_Keyword_Based__c":false,"OwnerId":"0051H000009gxp8QAA","tdc_tsw__Related_Object_Id_URL__c":"_HL_ENCODED_https:// (97 more) ...","tdc_tsw__isLeadCreated__c":false,"RecordTypeId":"0121H000001Ie7fQAC","tdc_tsw__Question__c":"a1K3B000001eOHUUA2","tdc_tsw__Delivered_SMS__c":"_IM1_/resource/tdc_t (27 more) ...","tdc_tsw__Important__c":false,"tdc_tsw__Delivered__c":false,"tdc_tsw__Delivery_Status__c":"Sent"}|0x2b2f4a5e
23:33:29.301 (307761243)|STATEMENT_EXECUTE|[3]
23:33:29.301 (307932852)|HEAP_ALLOCATE|[4]|Bytes:1
23:33:29.301 (307959535)|STATEMENT_EXECUTE|[4]
23:33:29.301 (307985319)|HEAP_ALLOCATE|[3]|Bytes:5
23:33:29.301 (308013387)|VARIABLE_ASSIGNMENT|[3]|sms|null|
23:33:29.308 (308036147)|CUMULATIVE_LIMIT_USAGE
23:33:29.308 (308036147)|LIMIT_USAGE_FOR_NS|(default)|
  Number of SOQL queries: 0 out of 100
  Number of query rows: 0 out of 50000
  Number of SOSL queries: 0 out of 20
  Number of DML statements: 0 out of 150
  Number of DML rows: 0 out of 10000
  Maximum CPU time: 184 out of 10000
  Maximum heap size: 0 out of 6000000
  Number of callouts: 0 out of 100
  Number of Email Invocations: 0 out of 10
  Number of future calls: 0 out of 50
  Number of queueable jobs added to the queue: 0 out of 50
  Number of Mobile Apex push calls: 0 out of 10

23:33:29.308 (308036147)|LIMIT_USAGE_FOR_NS|tdc_tsw|
  Number of SOQL queries: 6 out of 100
  Number of query rows: 6 out of 50000
  Number of SOSL queries: 0 out of 20
  Number of DML statements: 1 out of 150
  Number of DML rows: 1 out of 10000
  Maximum CPU time: 0 out of 10000
  Maximum heap size: 0 out of 6000000
  Number of callouts: 0 out of 100
  Number of Email Invocations: 0 out of 10
  Number of future calls: 1 out of 50
  Number of queueable jobs added to the queue: 0 out of 50
  Number of Mobile Apex push calls: 0 out of 10

23:33:29.308 (308036147)|CUMULATIVE_LIMIT_USAGE_END

23:33:29.4 (409794470)|ENTERING_MANAGED_PKG|tdc_tsw
23:33:29.4 (413587717)|ENTERING_MANAGED_PKG|tdc_tsw
23:33:29.4 (414248037)|ENTERING_MANAGED_PKG|tdc_tsw
23:33:29.4 (414465265)|ENTERING_MANAGED_PKG|tdc_tsw
23:33:29.4 (419312115)|SOQL_EXECUTE_BEGIN|[15]|Aggregations:0|SELECT Id, Email FROM User WHERE isActive = TRUE LIMIT 10000
23:33:29.4 (427838527)|SOQL_EXECUTE_END|[15]|Rows:9
23:33:29.4 (430086134)|SOQL_EXECUTE_BEGIN|[42]|Aggregations:0|SELECT Id, Sender_Name__c, Sender_Number__c FROM Message__c WHERE id = :tmpVar1
23:33:29.4 (434465371)|SOQL_EXECUTE_END|[42]|Rows:1
23:33:29.4 (436689718)|SOQL_EXECUTE_BEGIN|[70]|Aggregations:0|select Name from tdc_tsw__Message__c where id = 'a173B000000seBiQAI'
23:33:29.4 (440609071)|SOQL_EXECUTE_END|[70]|Rows:1
23:33:29.4 (441637348)|DML_BEGIN|[97]|Op:Update|Type:tdc_tsw__Message__c|Rows:1
23:33:29.4 (464489750)|DML_END|[97]
23:33:29.4 (469457254)|SOQL_EXECUTE_BEGIN|[236]|Aggregations:0|SELECT id, subject, developername, htmlValue, body FROM EmailTemplate WHERE developername = 'Incoming_Message_Alert' LIMIT 1
23:33:29.4 (535928996)|SOQL_EXECUTE_END|[236]|Rows:1
23:33:29.4 (541238556)|ENTERING_MANAGED_PKG|tdc_tsw
23:33:29.4 (541319132)|ENTERING_MANAGED_PKG|tdc_tsw
23:33:29.4 (573357501)|SOQL_EXECUTE_BEGIN|[758]|Aggregations:0|select tdc_tsw__ToNumber__c, tdc_tsw__Sender_Number__c, tdc_tsw__Sender_Name__c, Id, tdc_tsw__Related_Object_Id_URL__c, tdc_tsw__Message_Text_New__c from tdc_tsw__Message__c where id ='a173B000000seC7QAI' Limit 1
23:33:29.4 (583930385)|SOQL_EXECUTE_END|[758]|Rows:1
23:33:29.4 (585019211)|ENTERING_MANAGED_PKG|tdc_tsw
23:33:29.4 (585901250)|ENTERING_MANAGED_PKG|tdc_tsw
23:33:29.4 (586807623)|ENTERING_MANAGED_PKG|tdc_tsw
23:33:29.4 (587545639)|ENTERING_MANAGED_PKG|tdc_tsw
23:33:29.4 (588262102)|ENTERING_MANAGED_PKG|tdc_tsw
23:33:29.4 (589088520)|ENTERING_MANAGED_PKG|tdc_tsw
23:33:29.4 (589830933)|ENTERING_MANAGED_PKG|tdc_tsw
23:33:29.4 (613033273)|SOQL_EXECUTE_BEGIN|[758]|Aggregations:0|select tdc_tsw__ToNumber__c, tdc_tsw__Sender_Number__c, tdc_tsw__Sender_Name__c, tdc_tsw__Related_Object_Id_URL__c, tdc_tsw__Message_Text_New__c from tdc_tsw__Message__c where id ='a173B000000seC7QAI' Limit 1
23:33:29.4 (624201061)|SOQL_EXECUTE_END|[758]|Rows:1
23:33:29.4 (625283687)|ENTERING_MANAGED_PKG|tdc_tsw
23:33:29.4 (626484921)|ENTERING_MANAGED_PKG|tdc_tsw
23:33:29.4 (627401753)|ENTERING_MANAGED_PKG|tdc_tsw
23:33:29.4 (628168680)|ENTERING_MANAGED_PKG|tdc_tsw
23:33:29.4 (628886552)|ENTERING_MANAGED_PKG|tdc_tsw
23:33:29.4 (630103156)|SOQL_EXECUTE_BEGIN|[248]|Aggregations:0|SELECT Id, IsSandbox, Name FROM Organization LIMIT 1
23:33:29.4 (635380968)|SOQL_EXECUTE_END|[248]|Rows:1
23:33:29.4 (637291046)|ENTERING_MANAGED_PKG|tdc_tsw
23:33:29.4 (641711801)|SOQL_EXECUTE_BEGIN|[434]|Aggregations:0|SELECT id, name, First_Question__c, Question_Text__c, Question__c, Question_Label__c, Object__c, tdc_tsw__Survey__c, Survey__r.name FROM Question__c WHERE id = :tmpVar1
23:33:29.4 (646167714)|SOQL_EXECUTE_END|[434]|Rows:0
23:33:29.4 (648074704)|SOQL_EXECUTE_BEGIN|[504]|Aggregations:0|SELECT Id, Survey_Response__c FROM Message__c WHERE (id = :tmpVar1 AND Survey_Response__c != NULL) LIMIT 1
23:33:29.4 (653062837)|SOQL_EXECUTE_END|[504]|Rows:1
23:33:29.4 (654964807)|SOQL_EXECUTE_BEGIN|[509]|Aggregations:0|SELECT id FROM Survey_Response__c WHERE id = :tmpVar1 LIMIT 1
23:33:29.4 (659071720)|SOQL_EXECUTE_END|[509]|Rows:1
23:33:29.4 (660052363)|SOQL_EXECUTE_BEGIN|[516]|Aggregations:0|SELECT id, name, Default__c, Next_Question__c, Possible_Answers__c, Question__c FROM Answer__c WHERE Question__c = :tmpVar1
23:33:29.4 (664371412)|SOQL_EXECUTE_END|[516]|Rows:1
23:33:29.4 (666565278)|SOQL_EXECUTE_BEGIN|[559]|Aggregations:0|SELECT id, name, Possible_Answers__c, Next_Question__c, Question__c, Default__c FROM Answer__c WHERE (Default__c = TRUE AND Question__c = :tmpVar1)
23:33:29.4 (670186091)|SOQL_EXECUTE_END|[559]|Rows:1
23:33:29.4 (670848763)|DML_BEGIN|[584]|Op:Update|Type:tdc_tsw__Survey_Response__c|Rows:1
23:33:29.4 (695544407)|DML_END|[584]
23:33:29.4 (696021149)|DML_BEGIN|[590]|Op:Update|Type:tdc_tsw__Message__c|Rows:1
23:33:29.4 (717504946)|DML_END|[590]
23:33:29.4 (717659393)|ENTERING_MANAGED_PKG|tdc_tsw
23:33:29.4 (719384265)|SOQL_EXECUTE_BEGIN|[628]|Aggregations:0|Select id, leadId, contactId from CampaignMember where Id In : Ids
23:33:29.4 (724094731)|SOQL_EXECUTE_END|[628]|Rows:0
23:33:29.724 (724903189)|CUMULATIVE_LIMIT_USAGE
23:33:29.724 (724903189)|LIMIT_USAGE_FOR_NS|(default)|
  Number of SOQL queries: 0 out of 100
  Number of query rows: 0 out of 50000
  Number of SOSL queries: 0 out of 20
  Number of DML statements: 0 out of 150
  Number of DML rows: 0 out of 10000
  Maximum CPU time: 293 out of 10000
  Maximum heap size: 0 out of 6000000
  Number of callouts: 0 out of 100
  Number of Email Invocations: 0 out of 10
  Number of future calls: 0 out of 50
  Number of queueable jobs added to the queue: 0 out of 50
  Number of Mobile Apex push calls: 0 out of 10

23:33:29.724 (724903189)|LIMIT_USAGE_FOR_NS|tdc_tsw|
  Number of SOQL queries: 19 out of 100
  Number of query rows: 25 out of 50000
  Number of SOSL queries: 0 out of 20
  Number of DML statements: 4 out of 150
  Number of DML rows: 4 out of 10000
  Maximum CPU time: 0 out of 10000
  Maximum heap size: 0 out of 6000000
  Number of callouts: 0 out of 100
  Number of Email Invocations: 0 out of 10
  Number of future calls: 1 out of 50
  Number of queueable jobs added to the queue: 0 out of 50
  Number of Mobile Apex push calls: 0 out of 10

23:33:29.724 (724903189)|CUMULATIVE_LIMIT_USAGE_END

23:33:29.851 (851848372)|PUSH_TRACE_FLAGS|[EXTERNAL]|01p3B000001izES|PhoneMatcher|APEX_CODE,FINEST;APEX_PROFILING,INFO;CALLOUT,INFO;DB,INFO;NBA,INFO;SYSTEM,DEBUG;VALIDATION,INFO;VISUALFORCE,INFO;WAVE,INFO;WORKFLOW,INFO
23:33:29.851 (852069039)|CODE_UNIT_STARTED|[EXTERNAL]|01p3B000001izES|PhoneMatcher.MatchContactOnPhoneNunber(List<tdc_tsw__Message__c>)
23:33:29.851 (852123616)|HEAP_ALLOCATE|[EXTERNAL]|Bytes:8
23:33:29.851 (852234074)|HEAP_ALLOCATE|[EXTERNAL]|Bytes:1
23:33:29.851 (852266318)|METHOD_ENTRY|[5]|01p3B000001izES|PhoneMatcher.PhoneMatcher()
23:33:29.851 (852278179)|STATEMENT_EXECUTE|[5]
23:33:29.851 (852284121)|STATEMENT_EXECUTE|[5]
23:33:29.851 (852292542)|METHOD_EXIT|[5]|PhoneMatcher
23:33:29.851 (852343624)|HEAP_ALLOCATE|[EXTERNAL]|Bytes:8
23:33:29.851 (852362830)|VARIABLE_SCOPE_BEGIN|[8]|messages|List<tdc_tsw__Message__c>|true|false
23:33:29.851 (854650753)|VARIABLE_ASSIGNMENT|[8]|messages|[{"LastModifiedDate":"2019-01-22T04:33:30.000Z","tdc_tsw__ToNumber__c":"+17065037067","tdc_tsw__Sender_Number__c":"+13038816946","tdc_tsw__Read__c":false,"tdc_tsw__Read_Status__c":"Unread","tdc_tsw__Task_Created__c":false,"Name":"Incoming","tdc_tsw__Event_Created__c":false,"tdc_tsw__Message_Text_New__c":"Web","tdc_tsw__Survey_Response__c":"a1L3B000000nLAmUAM","tdc_tsw__Created_Date__c":"2019-01-22T04:33:30.000Z","CreatedById":"0051H000009gxp8QAA","tdc_tsw__Is_Keyword_Based__c":false,"OwnerId":"0051H000009gxp8QAA","tdc_tsw__Related_Object_Id_URL__c":"_HL_ENCODED_https:// (97 more) ...","RecordTypeId":"0121H000001Ie7fQAC","tdc_tsw__Question__c":"a1K3B000001eOHUUA2","tdc_tsw__Delivered_SMS__c":"_IM1_/resource/tdc_t (27 more) ...","tdc_tsw__Important__c":false,"tdc_tsw__Delivered__c":false,"tdc_tsw__Related_Object__c":"tdc_tsw__Message__c","IsDeleted":false,"tdc_tsw__Incoming_Status__c":"Not Read","tdc_tsw__isCaseCreated__c":false,"tdc_tsw__Message__c":"a173B000000seC2QAI","tdc_tsw__Related_Object_Id__c":"a173B000000seBiQAI","SystemModstamp":"2019-01-22T04:33:30.000Z","tdc_tsw__Sender_Name__c":"Incoming","tdc_tsw__isLeadCreated__c":false,"CreatedDate":"2019-01-22T04:33:30.000Z","Id":"a173B000000seC7QAI","LastModifiedById":"0051H000009gxp8QAA","tdc_tsw__Delivery_Status__c":"Sent"}]|0xbabc350
23:33:29.851 (854693665)|STATEMENT_EXECUTE|[8]
23:33:29.851 (854697432)|STATEMENT_EXECUTE|[9]
23:33:29.851 (854769351)|HEAP_ALLOCATE|[9]|Bytes:4
23:33:29.851 (854870512)|VARIABLE_SCOPE_BEGIN|[9]|results|List<LookupResult__c>|true|false
23:33:29.851 (854889444)|HEAP_ALLOCATE|[EXTERNAL]|Bytes:4
23:33:29.851 (854906830)|VARIABLE_ASSIGNMENT|[9]|results|[]|0x2f280bfb
23:33:29.851 (854914724)|STATEMENT_EXECUTE|[10]
23:33:29.851 (854994669)|HEAP_ALLOCATE|[10]|Bytes:4
23:33:29.851 (855131561)|VARIABLE_SCOPE_BEGIN|[10]|template|tdc_tsw__Message_Template__c|true|false
23:33:29.851 (855157732)|VARIABLE_ASSIGNMENT|[10]|template|{}|0x48e46a59
23:33:29.851 (855166383)|STATEMENT_EXECUTE|[11]
23:33:29.851 (855256686)|HEAP_ALLOCATE|[11]|Bytes:18
23:33:29.851 (855411301)|VARIABLE_ASSIGNMENT|[11]|this.Name|"a173B000000seC7QAI"|0x48e46a59
23:33:29.851 (855424295)|STATEMENT_EXECUTE|[12]
23:33:29.851 (855432534)|VARIABLE_SCOPE_BEGIN|[12]|authorized|Boolean|false|false
23:33:29.851 (855449500)|HEAP_ALLOCATE|[12]|Bytes:5
23:33:29.851 (855460439)|VARIABLE_ASSIGNMENT|[12]|authorized|false
23:33:29.851 (855466515)|STATEMENT_EXECUTE|[13]
23:33:29.851 (855471259)|VARIABLE_SCOPE_BEGIN|[13]|requestingNumber|String|false|false
23:33:29.851 (855485434)|VARIABLE_ASSIGNMENT|[13]|requestingNumber|""
23:33:29.851 (855491720)|STATEMENT_EXECUTE|[14]
23:33:29.851 (855496660)|HEAP_ALLOCATE|[14]|Bytes:18
23:33:29.851 (855509791)|HEAP_ALLOCATE|[14]|Bytes:4
23:33:29.851 (855517014)|VARIABLE_SCOPE_BEGIN|[14]|responseTemplateId|Id|false|false
23:33:29.851 (855879510)|VARIABLE_ASSIGNMENT|[14]|responseTemplateId|"a1K3B000001eOHjUAM"
23:33:29.851 (855891520)|STATEMENT_EXECUTE|[15]
23:33:29.851 (855998187)|VARIABLE_ASSIGNMENT|[15]|requestingNumber|"+13038816946"
23:33:29.851 (856010578)|STATEMENT_EXECUTE|[16]
23:33:29.851 (856013225)|STATEMENT_EXECUTE|[17]
23:33:29.851 (856074043)|HEAP_ALLOCATE|[17]|Bytes:11
23:33:29.851 (856101935)|VARIABLE_ASSIGNMENT|[17]|requestingNumber|"13038816946"
23:33:29.851 (856111177)|STATEMENT_EXECUTE|[18]
23:33:29.851 (856156793)|HEAP_ALLOCATE|[18]|Bytes:10
23:33:29.851 (856181327)|VARIABLE_ASSIGNMENT|[18]|requestingNumber|"3038816946"
23:33:29.851 (856249016)|STATEMENT_EXECUTE|[21]
23:33:29.851 (856256338)|HEAP_ALLOCATE|[21]|Bytes:144
23:33:29.851 (856280617)|HEAP_ALLOCATE|[21]|Bytes:4
23:33:29.851 (856832168)|SOQL_EXECUTE_BEGIN|[21]|Aggregations:0|SELECT ID, SMS_Lookup_Access__c FROM Contact WHERE ((PhoneNumeric__c = :tmpVar1 OR MobileNumeric__c = :tmpVar2) AND SMS_Lookup_Access__c = TRUE)
23:33:29.851 (861253635)|SOQL_EXECUTE_END|[21]|Rows:1
23:33:29.851 (861334102)|HEAP_ALLOCATE|[21]|Bytes:8
23:33:29.851 (861363228)|HEAP_ALLOCATE|[21]|Bytes:57
23:33:29.851 (861484547)|HEAP_ALLOCATE|[21]|Bytes:8
23:33:29.851 (861512990)|VARIABLE_SCOPE_BEGIN|[21]|requestingContacts|List<Contact>|true|false
23:33:29.851 (861569758)|VARIABLE_ASSIGNMENT|[21]|requestingContacts|[{"Id":"0033B00000Q9yz1QAB","SMS_Lookup_Access__c":true}]|0x21e1b100
23:33:29.851 (861587518)|STATEMENT_EXECUTE|[24]
23:33:29.851 (861596784)|HEAP_ALLOCATE|[24]|Bytes:71
23:33:29.851 (861630771)|HEAP_ALLOCATE|[24]|Bytes:4
23:33:29.851 (862440627)|SOQL_EXECUTE_BEGIN|[24]|Aggregations:0|SELECT ResponseTemplate__c FROM tdc_tsw__Message__c WHERE ID = :tmpVar1
23:33:29.851 (865201861)|SOQL_EXECUTE_END|[24]|Rows:1
23:33:29.851 (865233200)|HEAP_ALLOCATE|[24]|Bytes:8
23:33:29.851 (865250773)|HEAP_ALLOCATE|[24]|Bytes:29
23:33:29.851 (865289635)|HEAP_ALLOCATE|[24]|Bytes:8
23:33:29.851 (865351854)|HEAP_ALLOCATE|[24]|Bytes:8
23:33:29.851 (865368094)|VARIABLE_SCOPE_BEGIN|[24]|updateSMS|tdc_tsw__Message__c|true|false
23:33:29.851 (865393112)|VARIABLE_ASSIGNMENT|[24]|updateSMS|{"Id":"a173B000000seC7QAI"}|0x7bde2ba6
23:33:29.851 (865594141)|STATEMENT_EXECUTE|[29]
23:33:29.851 (865607592)|STATEMENT_EXECUTE|[30]
23:33:29.851 (865619380)|VARIABLE_SCOPE_BEGIN|[30]|counter|Integer|false|false
23:33:29.851 (865641728)|HEAP_ALLOCATE|[30]|Bytes:4
23:33:29.851 (865659502)|VARIABLE_ASSIGNMENT|[30]|counter|1
23:33:29.851 (865667218)|STATEMENT_EXECUTE|[31]
23:33:29.851 (865702904)|HEAP_ALLOCATE|[31]|Bytes:5
23:33:29.851 (865715446)|VARIABLE_SCOPE_BEGIN|[31]|inMessage|String|false|false
23:33:29.851 (865730357)|VARIABLE_ASSIGNMENT|[31]|inMessage|"%Web%"
23:33:29.851 (865738931)|STATEMENT_EXECUTE|[32]
23:33:29.851 (865742930)|VARIABLE_SCOPE_BEGIN|[32]|outMessage|String|false|false
23:33:29.851 (865754949)|VARIABLE_ASSIGNMENT|[32]|outMessage|""
23:33:29.851 (865761197)|STATEMENT_EXECUTE|[33]
23:33:29.851 (865764189)|VARIABLE_SCOPE_BEGIN|[33]|phoneWithPrefix|String|false|false
23:33:29.851 (865777133)|VARIABLE_ASSIGNMENT|[33]|phoneWithPrefix|""
23:33:29.851 (865783053)|STATEMENT_EXECUTE|[34]
23:33:29.851 (865786216)|VARIABLE_SCOPE_BEGIN|[34]|phone|String|false|false
23:33:29.851 (865799812)|VARIABLE_ASSIGNMENT|[34]|phone|""
23:33:29.851 (865805695)|STATEMENT_EXECUTE|[35]
23:33:29.851 (865809036)|VARIABLE_SCOPE_BEGIN|[35]|key|Integer|false|false
23:33:29.851 (865823000)|HEAP_ALLOCATE|[35]|Bytes:4
23:33:29.851 (865840466)|VARIABLE_ASSIGNMENT|[35]|key|0
23:33:29.851 (865853280)|STATEMENT_EXECUTE|[36]
23:33:29.851 (865876533)|HEAP_ALLOCATE|[36]|Bytes:4
23:33:29.851 (865932633)|VARIABLE_SCOPE_BEGIN|[36]|lookupResult|List<LookupResult__c>|true|false
23:33:29.851 (865953643)|HEAP_ALLOCATE|[EXTERNAL]|Bytes:4
23:33:29.851 (865965820)|VARIABLE_ASSIGNMENT|[36]|lookupResult|[]|0x57b92368
23:33:29.851 (866119970)|STATEMENT_EXECUTE|[37]
23:33:29.851 (866124201)|STATEMENT_EXECUTE|[38]
23:33:29.851 (866125907)|STATEMENT_EXECUTE|[38]
23:33:29.851 (866129631)|STATEMENT_EXECUTE|[39]
23:33:29.851 (866448580)|HEAP_ALLOCATE|[39]|Bytes:24
23:33:29.851 (866510562)|VARIABLE_SCOPE_BEGIN|[40]|ex|Exception|true|false
23:33:29.851 (866611982)|VARIABLE_ASSIGNMENT|[40]|ex|"common.apex.runtime.impl.ExecutionException: Invalid integer: Web"|0x54c513bf
23:33:29.851 (866634438)|STATEMENT_EXECUTE|[40]
23:33:29.851 (866638913)|STATEMENT_EXECUTE|[43]
23:33:29.851 (866648267)|HEAP_ALLOCATE|[43]|Bytes:103
23:33:29.851 (866679577)|HEAP_ALLOCATE|[43]|Bytes:4
23:33:29.851 (866864494)|HEAP_ALLOCATE|[43]|Bytes:4
23:33:29.851 (867654520)|SOQL_EXECUTE_BEGIN|[43]|Aggregations:0|SELECT Key__C, ObjectId__c FROM LookupResult__c WHERE (SMS_History__c = :tmpVar1 AND Key__c = :tmpVar2)
23:33:29.851 (871691613)|SOQL_EXECUTE_END|[43]|Rows:0
23:33:29.851 (871722940)|HEAP_ALLOCATE|[43]|Bytes:4
23:33:29.851 (871735941)|HEAP_ALLOCATE|[43]|Bytes:0
23:33:29.851 (871771234)|HEAP_ALLOCATE|[43]|Bytes:4
23:33:29.851 (871793921)|VARIABLE_ASSIGNMENT|[43]|lookupResult|[]|0x66297cb0
23:33:29.851 (871860980)|STATEMENT_EXECUTE|[47]
23:33:29.851 (871883580)|STATEMENT_EXECUTE|[52]
23:33:29.851 (872088230)|EXCEPTION_THROWN|[52]|System.SObjectException: SObject row was retrieved via SOQL without querying the requested field: tdc_tsw__Message__c.tdc_tsw__Related_Object__c
23:33:29.851 (872249074)|HEAP_ALLOCATE|[52]|Bytes:123
23:33:29.851 (872619582)|FATAL_ERROR|System.SObjectException: SObject row was retrieved via SOQL without querying the requested field: tdc_tsw__Message__c.tdc_tsw__Related_Object__c

Class.PhoneMatcher.MatchContactOnPhoneNunber: line 52, column 1
23:33:29.851 (872646458)|FATAL_ERROR|System.SObjectException: SObject row was retrieved via SOQL without querying the requested field: tdc_tsw__Message__c.tdc_tsw__Related_Object__c

Class.PhoneMatcher.MatchContactOnPhoneNunber: line 52, column 1
23:33:29.872 (872677613)|CUMULATIVE_LIMIT_USAGE
23:33:29.872 (872677613)|LIMIT_USAGE_FOR_NS|(default)|
  Number of SOQL queries: 3 out of 100
  Number of query rows: 2 out of 50000
  Number of SOSL queries: 0 out of 20
  Number of DML statements: 0 out of 150
  Number of DML rows: 0 out of 10000
  Maximum CPU time: 412 out of 10000
  Maximum heap size: 0 out of 6000000
  Number of callouts: 0 out of 100
  Number of Email Invocations: 0 out of 10
  Number of future calls: 0 out of 50
  Number of queueable jobs added to the queue: 0 out of 50
  Number of Mobile Apex push calls: 0 out of 10

23:33:29.872 (872677613)|LIMIT_USAGE_FOR_NS|tdc_tsw|
  Number of SOQL queries: 19 out of 100
  Number of query rows: 25 out of 50000
  Number of SOSL queries: 0 out of 20
  Number of DML statements: 4 out of 150
  Number of DML rows: 4 out of 10000
  Maximum CPU time: 0 out of 10000
  Maximum heap size: 0 out of 6000000
  Number of callouts: 0 out of 100
  Number of Email Invocations: 0 out of 10
  Number of future calls: 1 out of 50
  Number of queueable jobs added to the queue: 0 out of 50
  Number of Mobile Apex push calls: 0 out of 10

23:33:29.872 (872677613)|CUMULATIVE_LIMIT_USAGE_END

23:33:29.851 (872779525)|CODE_UNIT_FINISHED|PhoneMatcher.MatchContactOnPhoneNunber(List<tdc_tsw__Message__c>)
23:33:29.851 (872862481)|POP_TRACE_FLAGS|[EXTERNAL]|01p3B000001izES|PhoneMatcher|APEX_CODE,FINEST;APEX_PROFILING,INFO;CALLOUT,INFO;DB,INFO;NBA,INFO;SYSTEM,DEBUG;VALIDATION,INFO;VISUALFORCE,INFO;WAVE,INFO;WORKFLOW,INFO
23:33:29.4 (941093712)|DML_END|[557]
23:33:29.4 (981524376)|ENTERING_MANAGED_PKG|tdc_tsw
23:33:29.4 (981607484)|ENTERING_MANAGED_PKG|tdc_tsw
