44.0 APEX_CODE,FINEST;APEX_PROFILING,INFO;CALLOUT,INFO;DB,INFO;NBA,INFO;SYSTEM,DEBUG;VALIDATION,INFO;VISUALFORCE,INFO;WAVE,INFO;WORKFLOW,INFO
19:51:02.0 (104229)|USER_INFO|[EXTERNAL]|0051H000009gxp8|chanida.dev2@solvedbysoftwareco.com|Eastern Standard Time|GMT-05:00
19:51:02.0 (1735513)|ENTERING_MANAGED_PKG|tdc_tsw
19:51:02.0 (2233650)|ENTERING_MANAGED_PKG|tdc_tsw
19:51:02.0 (42790900)|SOQL_EXECUTE_BEGIN|[16]|Aggregations:0|SELECT id, name, Disable_Incoming_SMS_Sharing__c FROM User WHERE id = :tmpVar1
19:51:02.0 (51203406)|SOQL_EXECUTE_END|[16]|Rows:1
19:51:02.0 (58097548)|SOQL_EXECUTE_BEGIN|[37]|Aggregations:0|SELECT CreatedDate,Created_Date__c,Id,LastModifiedDate,MessageId__c,Message_Text_New__c,Name,OwnerId,Read__c,Related_Object_Id__c,Related_Object__c,Sender_Number__c, Sender_Name__c,ToNumber__c,Attachments_Ids__c FROM Message__c WHERE Name = 'Incoming' AND Read__c = false ORDER BY CreatedDate Desc limit 100
19:51:02.0 (75374005)|SOQL_EXECUTE_END|[37]|Rows:84
19:51:02.0 (91229002)|ENTERING_MANAGED_PKG|tdc_tsw
19:51:02.0 (93169803)|ENTERING_MANAGED_PKG|tdc_tsw
19:51:02.0 (93710172)|ENTERING_MANAGED_PKG|tdc_tsw
19:51:02.0 (94436966)|ENTERING_MANAGED_PKG|tdc_tsw
19:51:02.0 (97514031)|ENTERING_MANAGED_PKG|tdc_tsw
19:51:02.0 (98321382)|ENTERING_MANAGED_PKG|tdc_tsw
19:51:02.0 (98575416)|ENTERING_MANAGED_PKG|tdc_tsw
19:51:02.0 (99009855)|ENTERING_MANAGED_PKG|tdc_tsw
19:51:02.0 (100191737)|ENTERING_MANAGED_PKG|tdc_tsw
19:51:02.0 (100990592)|ENTERING_MANAGED_PKG|tdc_tsw
19:51:02.0 (101234415)|ENTERING_MANAGED_PKG|tdc_tsw
19:51:02.0 (101665933)|ENTERING_MANAGED_PKG|tdc_tsw
19:51:02.0 (102826361)|ENTERING_MANAGED_PKG|tdc_tsw
19:51:02.0 (103630633)|ENTERING_MANAGED_PKG|tdc_tsw
19:51:02.0 (103877109)|ENTERING_MANAGED_PKG|tdc_tsw
19:51:02.0 (104292136)|ENTERING_MANAGED_PKG|tdc_tsw
19:51:02.0 (105465478)|ENTERING_MANAGED_PKG|tdc_tsw
19:51:02.0 (106258664)|ENTERING_MANAGED_PKG|tdc_tsw
19:51:02.0 (106487411)|ENTERING_MANAGED_PKG|tdc_tsw
19:51:02.0 (106908001)|ENTERING_MANAGED_PKG|tdc_tsw
19:51:02.0 (108061033)|ENTERING_MANAGED_PKG|tdc_tsw
19:51:02.0 (108858450)|ENTERING_MANAGED_PKG|tdc_tsw
19:51:02.0 (109422391)|ENTERING_MANAGED_PKG|tdc_tsw
19:51:02.0 (109845164)|ENTERING_MANAGED_PKG|tdc_tsw
19:51:02.0 (111020574)|ENTERING_MANAGED_PKG|tdc_tsw
19:51:02.0 (111825394)|ENTERING_MANAGED_PKG|tdc_tsw
19:51:02.0 (112042370)|ENTERING_MANAGED_PKG|tdc_tsw
19:51:02.0 (112470247)|ENTERING_MANAGED_PKG|tdc_tsw
19:51:02.0 (113637476)|ENTERING_MANAGED_PKG|tdc_tsw
19:51:02.0 (114435840)|ENTERING_MANAGED_PKG|tdc_tsw
19:51:02.0 (114653214)|ENTERING_MANAGED_PKG|tdc_tsw
19:51:02.0 (115072051)|ENTERING_MANAGED_PKG|tdc_tsw
19:51:02.0 (116229506)|ENTERING_MANAGED_PKG|tdc_tsw
19:51:02.0 (117028888)|ENTERING_MANAGED_PKG|tdc_tsw
19:51:02.0 (117284564)|ENTERING_MANAGED_PKG|tdc_tsw
19:51:02.0 (117993650)|ENTERING_MANAGED_PKG|tdc_tsw
19:51:02.0 (119252236)|ENTERING_MANAGED_PKG|tdc_tsw
19:51:02.0 (120063809)|ENTERING_MANAGED_PKG|tdc_tsw
19:51:02.0 (120308890)|ENTERING_MANAGED_PKG|tdc_tsw
19:51:02.0 (120861305)|ENTERING_MANAGED_PKG|tdc_tsw
19:51:02.0 (122248131)|ENTERING_MANAGED_PKG|tdc_tsw
19:51:02.0 (123040353)|ENTERING_MANAGED_PKG|tdc_tsw
19:51:02.0 (123134786)|ENTERING_MANAGED_PKG|tdc_tsw
19:51:02.0 (123904612)|SOQL_EXECUTE_BEGIN|[200]|Aggregations:0|SELECT Name, NamespacePrefix, SystemModStamp FROM StaticResource WHERE Name LIKE :tmpVar1 LIMIT 10
19:51:02.0 (127784723)|SOQL_EXECUTE_END|[200]|Rows:1
19:51:02.0 (129003471)|ENTERING_MANAGED_PKG|tdc_tsw
19:51:02.0 (129551957)|SOQL_EXECUTE_BEGIN|[200]|Aggregations:0|SELECT Name, NamespacePrefix, SystemModStamp FROM StaticResource WHERE Name LIKE :tmpVar1 LIMIT 10
19:51:02.0 (132653442)|SOQL_EXECUTE_END|[200]|Rows:1
19:51:02.0 (133198820)|ENTERING_MANAGED_PKG|tdc_tsw
19:51:02.0 (137220348)|ENTERING_MANAGED_PKG|tdc_tsw
19:51:02.0 (139078784)|ENTERING_MANAGED_PKG|tdc_tsw
19:51:02.0 (139394799)|ENTERING_MANAGED_PKG|tdc_tsw
19:51:02.0 (140277528)|ENTERING_MANAGED_PKG|tdc_tsw
19:51:02.0 (140780282)|SOQL_EXECUTE_BEGIN|[200]|Aggregations:0|SELECT Name, NamespacePrefix, SystemModStamp FROM StaticResource WHERE Name LIKE :tmpVar1 LIMIT 10
19:51:02.0 (143573453)|SOQL_EXECUTE_END|[200]|Rows:1
19:51:02.150 (150448556)|USER_INFO|[EXTERNAL]|0051H000009gxp8|chanida.dev2@solvedbysoftwareco.com|Eastern Standard Time|GMT-05:00
19:51:02.150 (152146617)|ENTERING_MANAGED_PKG|tdc_tsw
19:51:02.150 (152385715)|ENTERING_MANAGED_PKG|tdc_tsw
19:51:02.150 (155467218)|SOQL_EXECUTE_BEGIN|[355]|Aggregations:0|SELECT id, name, Disable_Incoming_SMS_Sharing__c FROM User WHERE id = :tmpVar1
19:51:02.150 (162957938)|SOQL_EXECUTE_END|[355]|Rows:1
19:51:02.150 (164128105)|SOQL_EXECUTE_BEGIN|[367]|Aggregations:0|SELECT CreatedDate,Id,LastModifiedDate,Related_Object_Id__c FROM Message__c WHERE Name = 'Incoming' AND Read__c = false ORDER BY CreatedDate Desc limit 100
19:51:02.150 (172566297)|SOQL_EXECUTE_END|[367]|Rows:84
