44.0 APEX_CODE,FINEST;APEX_PROFILING,INFO;CALLOUT,INFO;DB,INFO;NBA,INFO;SYSTEM,DEBUG;VALIDATION,INFO;VISUALFORCE,INFO;WAVE,INFO;WORKFLOW,INFO
16:26:15.0 (141510)|USER_INFO|[EXTERNAL]|0051H000009gxp8|chanida.dev2@solvedbysoftwareco.com|Eastern Standard Time|GMT-05:00
16:26:15.0 (1856001)|ENTERING_MANAGED_PKG|tdc_tsw
16:26:15.0 (2377296)|ENTERING_MANAGED_PKG|tdc_tsw
16:26:15.0 (10236956)|SOQL_EXECUTE_BEGIN|[16]|Aggregations:0|SELECT id, name, Disable_Incoming_SMS_Sharing__c FROM User WHERE id = :tmpVar1
16:26:15.0 (21294847)|SOQL_EXECUTE_END|[16]|Rows:1
16:26:15.0 (34567051)|SOQL_EXECUTE_BEGIN|[37]|Aggregations:0|SELECT CreatedDate,Created_Date__c,Id,LastModifiedDate,MessageId__c,Message_Text_New__c,Name,OwnerId,Read__c,Related_Object_Id__c,Related_Object__c,Sender_Number__c, Sender_Name__c,ToNumber__c,Attachments_Ids__c FROM Message__c WHERE Name = 'Incoming' AND Read__c = false ORDER BY CreatedDate Desc limit 100
16:26:15.0 (60109150)|SOQL_EXECUTE_END|[37]|Rows:100
16:26:15.0 (86945491)|ENTERING_MANAGED_PKG|tdc_tsw
16:26:15.0 (89222917)|ENTERING_MANAGED_PKG|tdc_tsw
16:26:15.0 (89912582)|ENTERING_MANAGED_PKG|tdc_tsw
16:26:15.0 (90987021)|ENTERING_MANAGED_PKG|tdc_tsw
16:26:15.0 (94919987)|ENTERING_MANAGED_PKG|tdc_tsw
16:26:15.0 (96090190)|ENTERING_MANAGED_PKG|tdc_tsw
16:26:15.0 (96420324)|ENTERING_MANAGED_PKG|tdc_tsw
16:26:15.0 (97078676)|ENTERING_MANAGED_PKG|tdc_tsw
16:26:15.0 (98826800)|ENTERING_MANAGED_PKG|tdc_tsw
16:26:15.0 (99963249)|ENTERING_MANAGED_PKG|tdc_tsw
16:26:15.0 (100302943)|ENTERING_MANAGED_PKG|tdc_tsw
16:26:15.0 (100936529)|ENTERING_MANAGED_PKG|tdc_tsw
16:26:15.0 (102616112)|ENTERING_MANAGED_PKG|tdc_tsw
16:26:15.0 (103713976)|ENTERING_MANAGED_PKG|tdc_tsw
16:26:15.0 (104073123)|ENTERING_MANAGED_PKG|tdc_tsw
16:26:15.0 (104830904)|ENTERING_MANAGED_PKG|tdc_tsw
16:26:15.0 (106588363)|ENTERING_MANAGED_PKG|tdc_tsw
16:26:15.0 (107752351)|ENTERING_MANAGED_PKG|tdc_tsw
16:26:15.0 (108113545)|ENTERING_MANAGED_PKG|tdc_tsw
16:26:15.0 (108764285)|ENTERING_MANAGED_PKG|tdc_tsw
16:26:15.0 (110498094)|ENTERING_MANAGED_PKG|tdc_tsw
16:26:15.0 (111792096)|ENTERING_MANAGED_PKG|tdc_tsw
16:26:15.0 (112166435)|ENTERING_MANAGED_PKG|tdc_tsw
16:26:15.0 (112858744)|ENTERING_MANAGED_PKG|tdc_tsw
16:26:15.0 (114632297)|ENTERING_MANAGED_PKG|tdc_tsw
16:26:15.0 (115778028)|ENTERING_MANAGED_PKG|tdc_tsw
16:26:15.0 (116146741)|ENTERING_MANAGED_PKG|tdc_tsw
16:26:15.0 (116819125)|ENTERING_MANAGED_PKG|tdc_tsw
16:26:15.0 (118580353)|ENTERING_MANAGED_PKG|tdc_tsw
16:26:15.0 (119764817)|ENTERING_MANAGED_PKG|tdc_tsw
16:26:15.0 (120123267)|ENTERING_MANAGED_PKG|tdc_tsw
16:26:15.0 (120757824)|ENTERING_MANAGED_PKG|tdc_tsw
16:26:15.0 (122435676)|ENTERING_MANAGED_PKG|tdc_tsw
16:26:15.0 (123604591)|ENTERING_MANAGED_PKG|tdc_tsw
16:26:15.0 (123956867)|ENTERING_MANAGED_PKG|tdc_tsw
16:26:15.0 (124575436)|ENTERING_MANAGED_PKG|tdc_tsw
16:26:15.0 (126297341)|ENTERING_MANAGED_PKG|tdc_tsw
16:26:15.0 (127441572)|ENTERING_MANAGED_PKG|tdc_tsw
16:26:15.0 (127823278)|ENTERING_MANAGED_PKG|tdc_tsw
16:26:15.0 (128501977)|ENTERING_MANAGED_PKG|tdc_tsw
16:26:15.0 (130156276)|ENTERING_MANAGED_PKG|tdc_tsw
16:26:15.0 (131260063)|ENTERING_MANAGED_PKG|tdc_tsw
16:26:15.0 (131618620)|ENTERING_MANAGED_PKG|tdc_tsw
16:26:15.0 (132217562)|ENTERING_MANAGED_PKG|tdc_tsw
16:26:15.0 (133924148)|ENTERING_MANAGED_PKG|tdc_tsw
16:26:15.0 (135073172)|ENTERING_MANAGED_PKG|tdc_tsw
16:26:15.0 (135450132)|ENTERING_MANAGED_PKG|tdc_tsw
16:26:15.0 (136065212)|ENTERING_MANAGED_PKG|tdc_tsw
16:26:15.0 (137771473)|ENTERING_MANAGED_PKG|tdc_tsw
16:26:15.0 (138937942)|ENTERING_MANAGED_PKG|tdc_tsw
16:26:15.0 (139255881)|ENTERING_MANAGED_PKG|tdc_tsw
16:26:15.0 (139902754)|ENTERING_MANAGED_PKG|tdc_tsw
16:26:15.0 (141804255)|ENTERING_MANAGED_PKG|tdc_tsw
16:26:15.0 (142797427)|ENTERING_MANAGED_PKG|tdc_tsw
16:26:15.0 (143075014)|ENTERING_MANAGED_PKG|tdc_tsw
16:26:15.0 (143544966)|ENTERING_MANAGED_PKG|tdc_tsw
16:26:15.0 (144782170)|ENTERING_MANAGED_PKG|tdc_tsw
16:26:15.0 (145586930)|ENTERING_MANAGED_PKG|tdc_tsw
16:26:15.0 (145844080)|ENTERING_MANAGED_PKG|tdc_tsw
16:26:15.0 (146270329)|ENTERING_MANAGED_PKG|tdc_tsw
16:26:15.0 (147443369)|ENTERING_MANAGED_PKG|tdc_tsw
16:26:15.0 (148229703)|ENTERING_MANAGED_PKG|tdc_tsw
16:26:15.0 (148489485)|ENTERING_MANAGED_PKG|tdc_tsw
16:26:15.0 (148916137)|ENTERING_MANAGED_PKG|tdc_tsw
16:26:15.0 (150079891)|ENTERING_MANAGED_PKG|tdc_tsw
16:26:15.0 (150902436)|ENTERING_MANAGED_PKG|tdc_tsw
16:26:15.0 (151155376)|ENTERING_MANAGED_PKG|tdc_tsw
16:26:15.0 (151593312)|ENTERING_MANAGED_PKG|tdc_tsw
16:26:15.0 (152798436)|ENTERING_MANAGED_PKG|tdc_tsw
16:26:15.0 (153631247)|ENTERING_MANAGED_PKG|tdc_tsw
16:26:15.0 (153881142)|ENTERING_MANAGED_PKG|tdc_tsw
16:26:15.0 (154305875)|ENTERING_MANAGED_PKG|tdc_tsw
16:26:15.0 (155820773)|ENTERING_MANAGED_PKG|tdc_tsw
16:26:15.0 (156607280)|ENTERING_MANAGED_PKG|tdc_tsw
16:26:15.0 (156859366)|ENTERING_MANAGED_PKG|tdc_tsw
16:26:15.0 (157282718)|ENTERING_MANAGED_PKG|tdc_tsw
16:26:15.0 (158459177)|ENTERING_MANAGED_PKG|tdc_tsw
16:26:15.0 (159245123)|ENTERING_MANAGED_PKG|tdc_tsw
16:26:15.0 (159504981)|ENTERING_MANAGED_PKG|tdc_tsw
16:26:15.0 (159939528)|ENTERING_MANAGED_PKG|tdc_tsw
16:26:15.0 (161103869)|ENTERING_MANAGED_PKG|tdc_tsw
16:26:15.0 (161929395)|ENTERING_MANAGED_PKG|tdc_tsw
16:26:15.0 (162178872)|ENTERING_MANAGED_PKG|tdc_tsw
16:26:15.0 (162602770)|ENTERING_MANAGED_PKG|tdc_tsw
16:26:15.0 (163739132)|ENTERING_MANAGED_PKG|tdc_tsw
16:26:15.0 (164503853)|ENTERING_MANAGED_PKG|tdc_tsw
16:26:15.0 (164754691)|ENTERING_MANAGED_PKG|tdc_tsw
16:26:15.0 (165162456)|ENTERING_MANAGED_PKG|tdc_tsw
16:26:15.0 (166329642)|ENTERING_MANAGED_PKG|tdc_tsw
16:26:15.0 (167122596)|ENTERING_MANAGED_PKG|tdc_tsw
16:26:15.0 (167371243)|ENTERING_MANAGED_PKG|tdc_tsw
16:26:15.0 (167807041)|ENTERING_MANAGED_PKG|tdc_tsw
16:26:15.0 (168964992)|ENTERING_MANAGED_PKG|tdc_tsw
16:26:15.0 (169756847)|ENTERING_MANAGED_PKG|tdc_tsw
16:26:15.0 (170007810)|ENTERING_MANAGED_PKG|tdc_tsw
16:26:15.0 (170432536)|ENTERING_MANAGED_PKG|tdc_tsw
16:26:15.0 (171596188)|ENTERING_MANAGED_PKG|tdc_tsw
16:26:15.0 (172369993)|ENTERING_MANAGED_PKG|tdc_tsw
16:26:15.0 (172628826)|ENTERING_MANAGED_PKG|tdc_tsw
16:26:15.0 (173049009)|ENTERING_MANAGED_PKG|tdc_tsw
16:26:15.0 (174213108)|ENTERING_MANAGED_PKG|tdc_tsw
16:26:15.0 (174995877)|ENTERING_MANAGED_PKG|tdc_tsw
16:26:15.0 (175244890)|ENTERING_MANAGED_PKG|tdc_tsw
16:26:15.0 (175678254)|ENTERING_MANAGED_PKG|tdc_tsw
16:26:15.0 (176851462)|ENTERING_MANAGED_PKG|tdc_tsw
16:26:15.0 (177643814)|ENTERING_MANAGED_PKG|tdc_tsw
16:26:15.0 (177896499)|ENTERING_MANAGED_PKG|tdc_tsw
16:26:15.0 (178319638)|ENTERING_MANAGED_PKG|tdc_tsw
16:26:15.0 (179496849)|ENTERING_MANAGED_PKG|tdc_tsw
16:26:15.0 (180278169)|ENTERING_MANAGED_PKG|tdc_tsw
16:26:15.0 (180538453)|ENTERING_MANAGED_PKG|tdc_tsw
16:26:15.0 (180962372)|ENTERING_MANAGED_PKG|tdc_tsw
16:26:15.0 (182126464)|ENTERING_MANAGED_PKG|tdc_tsw
16:26:15.0 (182911927)|ENTERING_MANAGED_PKG|tdc_tsw
16:26:15.0 (183162904)|ENTERING_MANAGED_PKG|tdc_tsw
16:26:15.0 (183595076)|ENTERING_MANAGED_PKG|tdc_tsw
16:26:15.0 (184753952)|ENTERING_MANAGED_PKG|tdc_tsw
16:26:15.0 (185543462)|ENTERING_MANAGED_PKG|tdc_tsw
16:26:15.0 (185794511)|ENTERING_MANAGED_PKG|tdc_tsw
16:26:15.0 (186216649)|ENTERING_MANAGED_PKG|tdc_tsw
16:26:15.0 (187378081)|ENTERING_MANAGED_PKG|tdc_tsw
16:26:15.0 (188166753)|ENTERING_MANAGED_PKG|tdc_tsw
16:26:15.0 (188418152)|ENTERING_MANAGED_PKG|tdc_tsw
16:26:15.0 (188844354)|ENTERING_MANAGED_PKG|tdc_tsw
16:26:15.0 (190015556)|ENTERING_MANAGED_PKG|tdc_tsw
16:26:15.0 (190805297)|ENTERING_MANAGED_PKG|tdc_tsw
16:26:15.0 (191055442)|ENTERING_MANAGED_PKG|tdc_tsw
16:26:15.0 (191481744)|ENTERING_MANAGED_PKG|tdc_tsw
16:26:15.0 (192641165)|ENTERING_MANAGED_PKG|tdc_tsw
16:26:15.0 (193421934)|ENTERING_MANAGED_PKG|tdc_tsw
16:26:15.0 (193681190)|ENTERING_MANAGED_PKG|tdc_tsw
16:26:15.0 (194110680)|ENTERING_MANAGED_PKG|tdc_tsw
16:26:15.0 (195271088)|ENTERING_MANAGED_PKG|tdc_tsw
16:26:15.0 (196056580)|ENTERING_MANAGED_PKG|tdc_tsw
16:26:15.0 (196306370)|ENTERING_MANAGED_PKG|tdc_tsw
16:26:15.0 (196734201)|ENTERING_MANAGED_PKG|tdc_tsw
16:26:15.0 (197896057)|ENTERING_MANAGED_PKG|tdc_tsw
16:26:15.0 (198683775)|ENTERING_MANAGED_PKG|tdc_tsw
16:26:15.0 (198932130)|ENTERING_MANAGED_PKG|tdc_tsw
16:26:15.0 (199356931)|ENTERING_MANAGED_PKG|tdc_tsw
16:26:15.0 (200530239)|ENTERING_MANAGED_PKG|tdc_tsw
16:26:15.0 (201309197)|ENTERING_MANAGED_PKG|tdc_tsw
16:26:15.0 (201569841)|ENTERING_MANAGED_PKG|tdc_tsw
16:26:15.0 (201992477)|ENTERING_MANAGED_PKG|tdc_tsw
16:26:15.0 (203156297)|ENTERING_MANAGED_PKG|tdc_tsw
16:26:15.0 (203934083)|ENTERING_MANAGED_PKG|tdc_tsw
16:26:15.0 (204186744)|ENTERING_MANAGED_PKG|tdc_tsw
16:26:15.0 (204617794)|ENTERING_MANAGED_PKG|tdc_tsw
16:26:15.0 (205785002)|ENTERING_MANAGED_PKG|tdc_tsw
16:26:15.0 (206570594)|ENTERING_MANAGED_PKG|tdc_tsw
16:26:15.0 (206824987)|ENTERING_MANAGED_PKG|tdc_tsw
16:26:15.0 (207264766)|ENTERING_MANAGED_PKG|tdc_tsw
16:26:15.0 (208432250)|ENTERING_MANAGED_PKG|tdc_tsw
16:26:15.0 (209212989)|ENTERING_MANAGED_PKG|tdc_tsw
16:26:15.0 (209478982)|ENTERING_MANAGED_PKG|tdc_tsw
16:26:15.0 (209918967)|ENTERING_MANAGED_PKG|tdc_tsw
16:26:15.0 (211097991)|ENTERING_MANAGED_PKG|tdc_tsw
16:26:15.0 (211888665)|ENTERING_MANAGED_PKG|tdc_tsw
16:26:15.0 (212148237)|ENTERING_MANAGED_PKG|tdc_tsw
16:26:15.0 (212579471)|ENTERING_MANAGED_PKG|tdc_tsw
16:26:15.0 (213766346)|ENTERING_MANAGED_PKG|tdc_tsw
16:26:15.0 (214562549)|ENTERING_MANAGED_PKG|tdc_tsw
16:26:15.0 (214812914)|ENTERING_MANAGED_PKG|tdc_tsw
16:26:15.0 (215239638)|ENTERING_MANAGED_PKG|tdc_tsw
16:26:15.0 (216408610)|ENTERING_MANAGED_PKG|tdc_tsw
16:26:15.0 (217177491)|ENTERING_MANAGED_PKG|tdc_tsw
16:26:15.0 (217420450)|ENTERING_MANAGED_PKG|tdc_tsw
16:26:15.0 (217883210)|ENTERING_MANAGED_PKG|tdc_tsw
16:26:15.0 (219058973)|ENTERING_MANAGED_PKG|tdc_tsw
16:26:15.0 (219830029)|ENTERING_MANAGED_PKG|tdc_tsw
16:26:15.0 (220082595)|ENTERING_MANAGED_PKG|tdc_tsw
16:26:15.0 (220514968)|ENTERING_MANAGED_PKG|tdc_tsw
16:26:15.0 (221686870)|ENTERING_MANAGED_PKG|tdc_tsw
16:26:15.0 (222476725)|ENTERING_MANAGED_PKG|tdc_tsw
16:26:15.0 (222727423)|ENTERING_MANAGED_PKG|tdc_tsw
16:26:15.0 (223150054)|ENTERING_MANAGED_PKG|tdc_tsw
16:26:15.0 (224316018)|ENTERING_MANAGED_PKG|tdc_tsw
16:26:15.0 (225097511)|ENTERING_MANAGED_PKG|tdc_tsw
16:26:15.0 (225345848)|ENTERING_MANAGED_PKG|tdc_tsw
16:26:15.0 (225775411)|ENTERING_MANAGED_PKG|tdc_tsw
16:26:15.0 (226942324)|ENTERING_MANAGED_PKG|tdc_tsw
16:26:15.0 (227726916)|ENTERING_MANAGED_PKG|tdc_tsw
16:26:15.0 (227982088)|ENTERING_MANAGED_PKG|tdc_tsw
16:26:15.0 (228409094)|ENTERING_MANAGED_PKG|tdc_tsw
16:26:15.0 (229592163)|ENTERING_MANAGED_PKG|tdc_tsw
16:26:15.0 (230370382)|ENTERING_MANAGED_PKG|tdc_tsw
16:26:15.0 (230632086)|ENTERING_MANAGED_PKG|tdc_tsw
16:26:15.0 (231054373)|ENTERING_MANAGED_PKG|tdc_tsw
16:26:15.0 (232217644)|ENTERING_MANAGED_PKG|tdc_tsw
16:26:15.0 (233006953)|ENTERING_MANAGED_PKG|tdc_tsw
16:26:15.0 (233255552)|ENTERING_MANAGED_PKG|tdc_tsw
16:26:15.0 (233685751)|ENTERING_MANAGED_PKG|tdc_tsw
16:26:15.0 (234849079)|ENTERING_MANAGED_PKG|tdc_tsw
16:26:15.0 (235634200)|ENTERING_MANAGED_PKG|tdc_tsw
16:26:15.0 (235885378)|ENTERING_MANAGED_PKG|tdc_tsw
16:26:15.0 (236304573)|ENTERING_MANAGED_PKG|tdc_tsw
16:26:15.0 (237468500)|ENTERING_MANAGED_PKG|tdc_tsw
16:26:15.0 (238249082)|ENTERING_MANAGED_PKG|tdc_tsw
16:26:15.0 (238507024)|ENTERING_MANAGED_PKG|tdc_tsw
16:26:15.0 (238927695)|ENTERING_MANAGED_PKG|tdc_tsw
16:26:15.0 (240088286)|ENTERING_MANAGED_PKG|tdc_tsw
16:26:15.0 (240873601)|ENTERING_MANAGED_PKG|tdc_tsw
16:26:15.0 (241124451)|ENTERING_MANAGED_PKG|tdc_tsw
16:26:15.0 (241555090)|ENTERING_MANAGED_PKG|tdc_tsw
16:26:15.0 (242719385)|ENTERING_MANAGED_PKG|tdc_tsw
16:26:15.0 (243505058)|ENTERING_MANAGED_PKG|tdc_tsw
16:26:15.0 (243756771)|ENTERING_MANAGED_PKG|tdc_tsw
16:26:15.0 (244178512)|ENTERING_MANAGED_PKG|tdc_tsw
16:26:15.0 (245340556)|ENTERING_MANAGED_PKG|tdc_tsw
16:26:15.0 (246119041)|ENTERING_MANAGED_PKG|tdc_tsw
16:26:15.0 (246368800)|ENTERING_MANAGED_PKG|tdc_tsw
16:26:15.0 (246797027)|ENTERING_MANAGED_PKG|tdc_tsw
16:26:15.0 (247966584)|ENTERING_MANAGED_PKG|tdc_tsw
16:26:15.0 (248749632)|ENTERING_MANAGED_PKG|tdc_tsw
16:26:15.0 (249001420)|ENTERING_MANAGED_PKG|tdc_tsw
16:26:15.0 (249427056)|ENTERING_MANAGED_PKG|tdc_tsw
16:26:15.0 (250596704)|ENTERING_MANAGED_PKG|tdc_tsw
16:26:15.0 (251369021)|ENTERING_MANAGED_PKG|tdc_tsw
16:26:15.0 (251623881)|ENTERING_MANAGED_PKG|tdc_tsw
16:26:15.0 (252047371)|ENTERING_MANAGED_PKG|tdc_tsw
16:26:15.0 (253210736)|ENTERING_MANAGED_PKG|tdc_tsw
16:26:15.0 (253994044)|ENTERING_MANAGED_PKG|tdc_tsw
16:26:15.0 (254243997)|ENTERING_MANAGED_PKG|tdc_tsw
16:26:15.0 (254675814)|ENTERING_MANAGED_PKG|tdc_tsw
16:26:15.0 (255848246)|ENTERING_MANAGED_PKG|tdc_tsw
16:26:15.0 (256629282)|ENTERING_MANAGED_PKG|tdc_tsw
16:26:15.0 (256880911)|ENTERING_MANAGED_PKG|tdc_tsw
16:26:15.0 (257304792)|ENTERING_MANAGED_PKG|tdc_tsw
16:26:15.0 (258468165)|ENTERING_MANAGED_PKG|tdc_tsw
16:26:15.0 (259248254)|ENTERING_MANAGED_PKG|tdc_tsw
16:26:15.0 (259502889)|ENTERING_MANAGED_PKG|tdc_tsw
16:26:15.0 (259926830)|ENTERING_MANAGED_PKG|tdc_tsw
16:26:15.0 (261094501)|ENTERING_MANAGED_PKG|tdc_tsw
16:26:15.0 (261879486)|ENTERING_MANAGED_PKG|tdc_tsw
16:26:15.0 (262129498)|ENTERING_MANAGED_PKG|tdc_tsw
16:26:15.0 (262563764)|ENTERING_MANAGED_PKG|tdc_tsw
16:26:15.0 (263732167)|ENTERING_MANAGED_PKG|tdc_tsw
16:26:15.0 (264517977)|ENTERING_MANAGED_PKG|tdc_tsw
16:26:15.0 (264768227)|ENTERING_MANAGED_PKG|tdc_tsw
16:26:15.0 (265188604)|ENTERING_MANAGED_PKG|tdc_tsw
16:26:15.0 (266354396)|ENTERING_MANAGED_PKG|tdc_tsw
16:26:15.0 (267137246)|ENTERING_MANAGED_PKG|tdc_tsw
16:26:15.0 (267389980)|ENTERING_MANAGED_PKG|tdc_tsw
16:26:15.0 (267826411)|ENTERING_MANAGED_PKG|tdc_tsw
16:26:15.0 (268986156)|ENTERING_MANAGED_PKG|tdc_tsw
16:26:15.0 (269768126)|ENTERING_MANAGED_PKG|tdc_tsw
16:26:15.0 (270017941)|ENTERING_MANAGED_PKG|tdc_tsw
16:26:15.0 (270433961)|ENTERING_MANAGED_PKG|tdc_tsw
16:26:15.0 (271602898)|ENTERING_MANAGED_PKG|tdc_tsw
16:26:15.0 (272377326)|ENTERING_MANAGED_PKG|tdc_tsw
16:26:15.0 (272638481)|ENTERING_MANAGED_PKG|tdc_tsw
16:26:15.0 (273060014)|ENTERING_MANAGED_PKG|tdc_tsw
16:26:15.0 (274220559)|ENTERING_MANAGED_PKG|tdc_tsw
16:26:15.0 (275006708)|ENTERING_MANAGED_PKG|tdc_tsw
16:26:15.0 (275257882)|ENTERING_MANAGED_PKG|tdc_tsw
16:26:15.0 (275686458)|ENTERING_MANAGED_PKG|tdc_tsw
16:26:15.0 (276844687)|ENTERING_MANAGED_PKG|tdc_tsw
16:26:15.0 (277631698)|ENTERING_MANAGED_PKG|tdc_tsw
16:26:15.0 (277883313)|ENTERING_MANAGED_PKG|tdc_tsw
16:26:15.0 (278303168)|ENTERING_MANAGED_PKG|tdc_tsw
16:26:15.0 (284051309)|ENTERING_MANAGED_PKG|tdc_tsw
16:26:15.0 (284958554)|ENTERING_MANAGED_PKG|tdc_tsw
16:26:15.0 (285045487)|ENTERING_MANAGED_PKG|tdc_tsw
16:26:15.0 (285705435)|SOQL_EXECUTE_BEGIN|[200]|Aggregations:0|SELECT Name, NamespacePrefix, SystemModStamp FROM StaticResource WHERE Name LIKE :tmpVar1 LIMIT 10
16:26:15.0 (288848891)|SOQL_EXECUTE_END|[200]|Rows:1
16:26:15.0 (289760205)|ENTERING_MANAGED_PKG|tdc_tsw
16:26:15.0 (290172597)|SOQL_EXECUTE_BEGIN|[200]|Aggregations:0|SELECT Name, NamespacePrefix, SystemModStamp FROM StaticResource WHERE Name LIKE :tmpVar1 LIMIT 10
16:26:15.0 (292589169)|SOQL_EXECUTE_END|[200]|Rows:1
16:26:15.0 (293010111)|ENTERING_MANAGED_PKG|tdc_tsw
16:26:15.0 (297390608)|ENTERING_MANAGED_PKG|tdc_tsw
16:26:15.0 (299027972)|ENTERING_MANAGED_PKG|tdc_tsw
16:26:15.0 (299351602)|ENTERING_MANAGED_PKG|tdc_tsw
16:26:15.0 (300399021)|ENTERING_MANAGED_PKG|tdc_tsw
16:26:15.0 (300945453)|SOQL_EXECUTE_BEGIN|[200]|Aggregations:0|SELECT Name, NamespacePrefix, SystemModStamp FROM StaticResource WHERE Name LIKE :tmpVar1 LIMIT 10
16:26:15.0 (303900071)|SOQL_EXECUTE_END|[200]|Rows:1
16:26:15.315 (315344284)|USER_INFO|[EXTERNAL]|0051H000009gxp8|chanida.dev2@solvedbysoftwareco.com|Eastern Standard Time|GMT-05:00
16:26:15.315 (316857780)|ENTERING_MANAGED_PKG|tdc_tsw
16:26:15.315 (317071324)|ENTERING_MANAGED_PKG|tdc_tsw
16:26:15.315 (319799807)|SOQL_EXECUTE_BEGIN|[355]|Aggregations:0|SELECT id, name, Disable_Incoming_SMS_Sharing__c FROM User WHERE id = :tmpVar1
16:26:15.315 (326407181)|SOQL_EXECUTE_END|[355]|Rows:1
16:26:15.315 (327544438)|SOQL_EXECUTE_BEGIN|[367]|Aggregations:0|SELECT CreatedDate,Id,LastModifiedDate,Related_Object_Id__c FROM Message__c WHERE Name = 'Incoming' AND Read__c = false ORDER BY CreatedDate Desc limit 100
16:26:15.315 (336308483)|SOQL_EXECUTE_END|[367]|Rows:100
