44.0 APEX_CODE,FINEST;APEX_PROFILING,INFO;CALLOUT,INFO;DB,INFO;NBA,INFO;SYSTEM,DEBUG;VALIDATION,INFO;VISUALFORCE,INFO;WAVE,INFO;WORKFLOW,INFO
21:31:20.0 (115175)|USER_INFO|[EXTERNAL]|0051H000009gxp8|chanida.dev2@solvedbysoftwareco.com|Eastern Standard Time|GMT-05:00
21:31:20.0 (1473964)|ENTERING_MANAGED_PKG|tdc_tsw
21:31:20.0 (1905446)|ENTERING_MANAGED_PKG|tdc_tsw
21:31:20.0 (5331319)|SOQL_EXECUTE_BEGIN|[16]|Aggregations:0|SELECT id, name, Disable_Incoming_SMS_Sharing__c FROM User WHERE id = :tmpVar1
21:31:20.0 (11383081)|SOQL_EXECUTE_END|[16]|Rows:1
21:31:20.0 (16447699)|SOQL_EXECUTE_BEGIN|[37]|Aggregations:0|SELECT CreatedDate,Created_Date__c,Id,LastModifiedDate,MessageId__c,Message_Text_New__c,Name,OwnerId,Read__c,Related_Object_Id__c,Related_Object__c,Sender_Number__c, Sender_Name__c,ToNumber__c,Attachments_Ids__c FROM Message__c WHERE Name = 'Incoming' AND Read__c = false ORDER BY CreatedDate Desc limit 100
21:31:20.0 (24972689)|SOQL_EXECUTE_END|[37]|Rows:16
21:31:20.0 (28415428)|ENTERING_MANAGED_PKG|tdc_tsw
21:31:20.0 (29987160)|ENTERING_MANAGED_PKG|tdc_tsw
21:31:20.0 (30408992)|ENTERING_MANAGED_PKG|tdc_tsw
21:31:20.0 (31035221)|ENTERING_MANAGED_PKG|tdc_tsw
21:31:20.0 (33665964)|ENTERING_MANAGED_PKG|tdc_tsw
21:31:20.0 (34438746)|ENTERING_MANAGED_PKG|tdc_tsw
21:31:20.0 (34687719)|ENTERING_MANAGED_PKG|tdc_tsw
21:31:20.0 (35078711)|ENTERING_MANAGED_PKG|tdc_tsw
21:31:20.0 (36144394)|ENTERING_MANAGED_PKG|tdc_tsw
21:31:20.0 (36892956)|ENTERING_MANAGED_PKG|tdc_tsw
21:31:20.0 (37116032)|ENTERING_MANAGED_PKG|tdc_tsw
21:31:20.0 (37506261)|ENTERING_MANAGED_PKG|tdc_tsw
21:31:20.0 (38713214)|ENTERING_MANAGED_PKG|tdc_tsw
21:31:20.0 (39328125)|ENTERING_MANAGED_PKG|tdc_tsw
21:31:20.0 (39405296)|ENTERING_MANAGED_PKG|tdc_tsw
21:31:20.0 (39935745)|SOQL_EXECUTE_BEGIN|[200]|Aggregations:0|SELECT Name, NamespacePrefix, SystemModStamp FROM StaticResource WHERE Name LIKE :tmpVar1 LIMIT 10
21:31:20.0 (42831099)|SOQL_EXECUTE_END|[200]|Rows:1
21:31:20.0 (43591367)|ENTERING_MANAGED_PKG|tdc_tsw
21:31:20.0 (43938806)|SOQL_EXECUTE_BEGIN|[200]|Aggregations:0|SELECT Name, NamespacePrefix, SystemModStamp FROM StaticResource WHERE Name LIKE :tmpVar1 LIMIT 10
21:31:20.0 (48107383)|SOQL_EXECUTE_END|[200]|Rows:1
21:31:20.0 (48491749)|ENTERING_MANAGED_PKG|tdc_tsw
21:31:20.0 (51443386)|ENTERING_MANAGED_PKG|tdc_tsw
21:31:20.0 (52867261)|ENTERING_MANAGED_PKG|tdc_tsw
21:31:20.0 (53136941)|ENTERING_MANAGED_PKG|tdc_tsw
21:31:20.0 (53937042)|ENTERING_MANAGED_PKG|tdc_tsw
21:31:20.0 (54273020)|SOQL_EXECUTE_BEGIN|[200]|Aggregations:0|SELECT Name, NamespacePrefix, SystemModStamp FROM StaticResource WHERE Name LIKE :tmpVar1 LIMIT 10
21:31:20.0 (56336767)|SOQL_EXECUTE_END|[200]|Rows:1
21:31:20.62 (62447117)|USER_INFO|[EXTERNAL]|0051H000009gxp8|chanida.dev2@solvedbysoftwareco.com|Eastern Standard Time|GMT-05:00
21:31:20.62 (64139683)|ENTERING_MANAGED_PKG|tdc_tsw
21:31:20.62 (64285648)|ENTERING_MANAGED_PKG|tdc_tsw
21:31:20.62 (66464500)|SOQL_EXECUTE_BEGIN|[355]|Aggregations:0|SELECT id, name, Disable_Incoming_SMS_Sharing__c FROM User WHERE id = :tmpVar1
21:31:20.62 (71786050)|SOQL_EXECUTE_END|[355]|Rows:1
21:31:20.62 (72662920)|SOQL_EXECUTE_BEGIN|[367]|Aggregations:0|SELECT CreatedDate,Id,LastModifiedDate,Related_Object_Id__c FROM Message__c WHERE Name = 'Incoming' AND Read__c = false ORDER BY CreatedDate Desc limit 100
21:31:20.62 (78203593)|SOQL_EXECUTE_END|[367]|Rows:16
