44.0 APEX_CODE,FINEST;APEX_PROFILING,INFO;CALLOUT,INFO;DB,INFO;NBA,INFO;SYSTEM,DEBUG;VALIDATION,INFO;VISUALFORCE,INFO;WAVE,INFO;WORKFLOW,INFO
22:28:17.0 (312821)|USER_INFO|[EXTERNAL]|0051H000009gxp8|chanida.dev2@solvedbysoftwareco.com|Eastern Standard Time|GMT-05:00
22:28:17.0 (2261006)|ENTERING_MANAGED_PKG|tdc_tsw
22:28:17.0 (2685807)|ENTERING_MANAGED_PKG|tdc_tsw
22:28:17.0 (5994314)|SOQL_EXECUTE_BEGIN|[16]|Aggregations:0|SELECT id, name, Disable_Incoming_SMS_Sharing__c FROM User WHERE id = :tmpVar1
22:28:17.0 (11998326)|SOQL_EXECUTE_END|[16]|Rows:1
22:28:17.0 (16959680)|SOQL_EXECUTE_BEGIN|[37]|Aggregations:0|SELECT CreatedDate,Created_Date__c,Id,LastModifiedDate,MessageId__c,Message_Text_New__c,Name,OwnerId,Read__c,Related_Object_Id__c,Related_Object__c,Sender_Number__c, Sender_Name__c,ToNumber__c,Attachments_Ids__c FROM Message__c WHERE Name = 'Incoming' AND Read__c = false ORDER BY CreatedDate Desc limit 100
22:28:17.0 (31161019)|SOQL_EXECUTE_END|[37]|Rows:100
22:28:17.0 (47045621)|ENTERING_MANAGED_PKG|tdc_tsw
22:28:17.0 (48947547)|ENTERING_MANAGED_PKG|tdc_tsw
22:28:17.0 (49425623)|ENTERING_MANAGED_PKG|tdc_tsw
22:28:17.0 (50098483)|ENTERING_MANAGED_PKG|tdc_tsw
22:28:17.0 (52816633)|ENTERING_MANAGED_PKG|tdc_tsw
22:28:17.0 (53616462)|ENTERING_MANAGED_PKG|tdc_tsw
22:28:17.0 (53846850)|ENTERING_MANAGED_PKG|tdc_tsw
22:28:17.0 (54225501)|ENTERING_MANAGED_PKG|tdc_tsw
22:28:17.0 (55251801)|ENTERING_MANAGED_PKG|tdc_tsw
22:28:17.0 (55965380)|ENTERING_MANAGED_PKG|tdc_tsw
22:28:17.0 (56176739)|ENTERING_MANAGED_PKG|tdc_tsw
22:28:17.0 (56536669)|ENTERING_MANAGED_PKG|tdc_tsw
22:28:17.0 (57545809)|ENTERING_MANAGED_PKG|tdc_tsw
22:28:17.0 (58307726)|ENTERING_MANAGED_PKG|tdc_tsw
22:28:17.0 (58521867)|ENTERING_MANAGED_PKG|tdc_tsw
22:28:17.0 (58891995)|ENTERING_MANAGED_PKG|tdc_tsw
22:28:17.0 (59898078)|ENTERING_MANAGED_PKG|tdc_tsw
22:28:17.0 (60647867)|ENTERING_MANAGED_PKG|tdc_tsw
22:28:17.0 (60860783)|ENTERING_MANAGED_PKG|tdc_tsw
22:28:17.0 (61221602)|ENTERING_MANAGED_PKG|tdc_tsw
22:28:17.0 (62232685)|ENTERING_MANAGED_PKG|tdc_tsw
22:28:17.0 (62938001)|ENTERING_MANAGED_PKG|tdc_tsw
22:28:17.0 (63148092)|ENTERING_MANAGED_PKG|tdc_tsw
22:28:17.0 (63519355)|ENTERING_MANAGED_PKG|tdc_tsw
22:28:17.0 (64547023)|ENTERING_MANAGED_PKG|tdc_tsw
22:28:17.0 (65251840)|ENTERING_MANAGED_PKG|tdc_tsw
22:28:17.0 (65462872)|ENTERING_MANAGED_PKG|tdc_tsw
22:28:17.0 (65836346)|ENTERING_MANAGED_PKG|tdc_tsw
22:28:17.0 (66852493)|ENTERING_MANAGED_PKG|tdc_tsw
22:28:17.0 (67558159)|ENTERING_MANAGED_PKG|tdc_tsw
22:28:17.0 (67777309)|ENTERING_MANAGED_PKG|tdc_tsw
22:28:17.0 (68137677)|ENTERING_MANAGED_PKG|tdc_tsw
22:28:17.0 (69154205)|ENTERING_MANAGED_PKG|tdc_tsw
22:28:17.0 (69862939)|ENTERING_MANAGED_PKG|tdc_tsw
22:28:17.0 (70073853)|ENTERING_MANAGED_PKG|tdc_tsw
22:28:17.0 (70482911)|ENTERING_MANAGED_PKG|tdc_tsw
22:28:17.0 (71507149)|ENTERING_MANAGED_PKG|tdc_tsw
22:28:17.0 (72229250)|ENTERING_MANAGED_PKG|tdc_tsw
22:28:17.0 (72446944)|ENTERING_MANAGED_PKG|tdc_tsw
22:28:17.0 (72827532)|ENTERING_MANAGED_PKG|tdc_tsw
22:28:17.0 (73838490)|ENTERING_MANAGED_PKG|tdc_tsw
22:28:17.0 (74537177)|ENTERING_MANAGED_PKG|tdc_tsw
22:28:17.0 (74758883)|ENTERING_MANAGED_PKG|tdc_tsw
22:28:17.0 (75118444)|ENTERING_MANAGED_PKG|tdc_tsw
22:28:17.0 (76440162)|ENTERING_MANAGED_PKG|tdc_tsw
22:28:17.0 (77141466)|ENTERING_MANAGED_PKG|tdc_tsw
22:28:17.0 (77352663)|ENTERING_MANAGED_PKG|tdc_tsw
22:28:17.0 (77720475)|ENTERING_MANAGED_PKG|tdc_tsw
22:28:17.0 (78721546)|ENTERING_MANAGED_PKG|tdc_tsw
22:28:17.0 (79416309)|ENTERING_MANAGED_PKG|tdc_tsw
22:28:17.0 (79633190)|ENTERING_MANAGED_PKG|tdc_tsw
22:28:17.0 (79994739)|ENTERING_MANAGED_PKG|tdc_tsw
22:28:17.0 (81033692)|ENTERING_MANAGED_PKG|tdc_tsw
22:28:17.0 (81743105)|ENTERING_MANAGED_PKG|tdc_tsw
22:28:17.0 (81955447)|ENTERING_MANAGED_PKG|tdc_tsw
22:28:17.0 (82315169)|ENTERING_MANAGED_PKG|tdc_tsw
22:28:17.0 (83322303)|ENTERING_MANAGED_PKG|tdc_tsw
22:28:17.0 (84025744)|ENTERING_MANAGED_PKG|tdc_tsw
22:28:17.0 (84237095)|ENTERING_MANAGED_PKG|tdc_tsw
22:28:17.0 (84592243)|ENTERING_MANAGED_PKG|tdc_tsw
22:28:17.0 (85590075)|ENTERING_MANAGED_PKG|tdc_tsw
22:28:17.0 (86288716)|ENTERING_MANAGED_PKG|tdc_tsw
22:28:17.0 (86500094)|ENTERING_MANAGED_PKG|tdc_tsw
22:28:17.0 (86868756)|ENTERING_MANAGED_PKG|tdc_tsw
22:28:17.0 (87869376)|ENTERING_MANAGED_PKG|tdc_tsw
22:28:17.0 (88565788)|ENTERING_MANAGED_PKG|tdc_tsw
22:28:17.0 (88783147)|ENTERING_MANAGED_PKG|tdc_tsw
22:28:17.0 (89138204)|ENTERING_MANAGED_PKG|tdc_tsw
22:28:17.0 (90151144)|ENTERING_MANAGED_PKG|tdc_tsw
22:28:17.0 (90892963)|ENTERING_MANAGED_PKG|tdc_tsw
22:28:17.0 (91121273)|ENTERING_MANAGED_PKG|tdc_tsw
22:28:17.0 (91508932)|ENTERING_MANAGED_PKG|tdc_tsw
22:28:17.0 (92610545)|ENTERING_MANAGED_PKG|tdc_tsw
22:28:17.0 (93315393)|ENTERING_MANAGED_PKG|tdc_tsw
22:28:17.0 (93526224)|ENTERING_MANAGED_PKG|tdc_tsw
22:28:17.0 (93889317)|ENTERING_MANAGED_PKG|tdc_tsw
22:28:17.0 (94888774)|ENTERING_MANAGED_PKG|tdc_tsw
22:28:17.0 (95585696)|ENTERING_MANAGED_PKG|tdc_tsw
22:28:17.0 (95809981)|ENTERING_MANAGED_PKG|tdc_tsw
22:28:17.0 (96192483)|ENTERING_MANAGED_PKG|tdc_tsw
22:28:17.0 (97203061)|ENTERING_MANAGED_PKG|tdc_tsw
22:28:17.0 (97958268)|ENTERING_MANAGED_PKG|tdc_tsw
22:28:17.0 (98168258)|ENTERING_MANAGED_PKG|tdc_tsw
22:28:17.0 (98541034)|ENTERING_MANAGED_PKG|tdc_tsw
22:28:17.0 (99554418)|ENTERING_MANAGED_PKG|tdc_tsw
22:28:17.0 (100257658)|ENTERING_MANAGED_PKG|tdc_tsw
22:28:17.0 (100471831)|ENTERING_MANAGED_PKG|tdc_tsw
22:28:17.0 (100883333)|ENTERING_MANAGED_PKG|tdc_tsw
22:28:17.0 (101888306)|ENTERING_MANAGED_PKG|tdc_tsw
22:28:17.0 (102579733)|ENTERING_MANAGED_PKG|tdc_tsw
22:28:17.0 (102799360)|ENTERING_MANAGED_PKG|tdc_tsw
22:28:17.0 (103158752)|ENTERING_MANAGED_PKG|tdc_tsw
22:28:17.0 (104158261)|ENTERING_MANAGED_PKG|tdc_tsw
22:28:17.0 (104864909)|ENTERING_MANAGED_PKG|tdc_tsw
22:28:17.0 (105075187)|ENTERING_MANAGED_PKG|tdc_tsw
22:28:17.0 (105435886)|ENTERING_MANAGED_PKG|tdc_tsw
22:28:17.0 (106440744)|ENTERING_MANAGED_PKG|tdc_tsw
22:28:17.0 (107140701)|ENTERING_MANAGED_PKG|tdc_tsw
22:28:17.0 (107351902)|ENTERING_MANAGED_PKG|tdc_tsw
22:28:17.0 (107721048)|ENTERING_MANAGED_PKG|tdc_tsw
22:28:17.0 (108721709)|ENTERING_MANAGED_PKG|tdc_tsw
22:28:17.0 (109413348)|ENTERING_MANAGED_PKG|tdc_tsw
22:28:17.0 (109629309)|ENTERING_MANAGED_PKG|tdc_tsw
22:28:17.0 (109989106)|ENTERING_MANAGED_PKG|tdc_tsw
22:28:17.0 (111024284)|ENTERING_MANAGED_PKG|tdc_tsw
22:28:17.0 (111736101)|ENTERING_MANAGED_PKG|tdc_tsw
22:28:17.0 (111947869)|ENTERING_MANAGED_PKG|tdc_tsw
22:28:17.0 (112308721)|ENTERING_MANAGED_PKG|tdc_tsw
22:28:17.0 (113311148)|ENTERING_MANAGED_PKG|tdc_tsw
22:28:17.0 (114016209)|ENTERING_MANAGED_PKG|tdc_tsw
22:28:17.0 (114227167)|ENTERING_MANAGED_PKG|tdc_tsw
22:28:17.0 (114603235)|ENTERING_MANAGED_PKG|tdc_tsw
22:28:17.0 (115616435)|ENTERING_MANAGED_PKG|tdc_tsw
22:28:17.0 (116324154)|ENTERING_MANAGED_PKG|tdc_tsw
22:28:17.0 (116535008)|ENTERING_MANAGED_PKG|tdc_tsw
22:28:17.0 (116901262)|ENTERING_MANAGED_PKG|tdc_tsw
22:28:17.0 (117911507)|ENTERING_MANAGED_PKG|tdc_tsw
22:28:17.0 (118612264)|ENTERING_MANAGED_PKG|tdc_tsw
22:28:17.0 (118841708)|ENTERING_MANAGED_PKG|tdc_tsw
22:28:17.0 (119221245)|ENTERING_MANAGED_PKG|tdc_tsw
22:28:17.0 (120225698)|ENTERING_MANAGED_PKG|tdc_tsw
22:28:17.0 (120955094)|ENTERING_MANAGED_PKG|tdc_tsw
22:28:17.0 (121147629)|ENTERING_MANAGED_PKG|tdc_tsw
22:28:17.0 (121508212)|ENTERING_MANAGED_PKG|tdc_tsw
22:28:17.0 (122528549)|ENTERING_MANAGED_PKG|tdc_tsw
22:28:17.0 (123237887)|ENTERING_MANAGED_PKG|tdc_tsw
22:28:17.0 (123448801)|ENTERING_MANAGED_PKG|tdc_tsw
22:28:17.0 (123817175)|ENTERING_MANAGED_PKG|tdc_tsw
22:28:17.0 (124835001)|ENTERING_MANAGED_PKG|tdc_tsw
22:28:17.0 (125533922)|ENTERING_MANAGED_PKG|tdc_tsw
22:28:17.0 (125729797)|ENTERING_MANAGED_PKG|tdc_tsw
22:28:17.0 (126089812)|ENTERING_MANAGED_PKG|tdc_tsw
22:28:17.0 (127092682)|ENTERING_MANAGED_PKG|tdc_tsw
22:28:17.0 (127798802)|ENTERING_MANAGED_PKG|tdc_tsw
22:28:17.0 (128008607)|ENTERING_MANAGED_PKG|tdc_tsw
22:28:17.0 (128653732)|ENTERING_MANAGED_PKG|tdc_tsw
22:28:17.0 (129744841)|ENTERING_MANAGED_PKG|tdc_tsw
22:28:17.0 (130445556)|ENTERING_MANAGED_PKG|tdc_tsw
22:28:17.0 (130663917)|ENTERING_MANAGED_PKG|tdc_tsw
22:28:17.0 (131147015)|ENTERING_MANAGED_PKG|tdc_tsw
22:28:17.0 (132408097)|ENTERING_MANAGED_PKG|tdc_tsw
22:28:17.0 (133206650)|ENTERING_MANAGED_PKG|tdc_tsw
22:28:17.0 (133284261)|ENTERING_MANAGED_PKG|tdc_tsw
22:28:17.0 (133839904)|SOQL_EXECUTE_BEGIN|[200]|Aggregations:0|SELECT Name, NamespacePrefix, SystemModStamp FROM StaticResource WHERE Name LIKE :tmpVar1 LIMIT 10
22:28:17.0 (137035193)|SOQL_EXECUTE_END|[200]|Rows:1
22:28:17.0 (138212187)|ENTERING_MANAGED_PKG|tdc_tsw
22:28:17.0 (138769585)|SOQL_EXECUTE_BEGIN|[200]|Aggregations:0|SELECT Name, NamespacePrefix, SystemModStamp FROM StaticResource WHERE Name LIKE :tmpVar1 LIMIT 10
22:28:17.0 (141655975)|SOQL_EXECUTE_END|[200]|Rows:1
22:28:17.0 (142106496)|ENTERING_MANAGED_PKG|tdc_tsw
22:28:17.0 (155399207)|ENTERING_MANAGED_PKG|tdc_tsw
22:28:17.0 (156817581)|ENTERING_MANAGED_PKG|tdc_tsw
22:28:17.0 (157104813)|ENTERING_MANAGED_PKG|tdc_tsw
22:28:17.0 (158069009)|ENTERING_MANAGED_PKG|tdc_tsw
22:28:17.0 (158510715)|SOQL_EXECUTE_BEGIN|[200]|Aggregations:0|SELECT Name, NamespacePrefix, SystemModStamp FROM StaticResource WHERE Name LIKE :tmpVar1 LIMIT 10
22:28:17.0 (161506415)|SOQL_EXECUTE_END|[200]|Rows:1
22:28:17.169 (169428254)|USER_INFO|[EXTERNAL]|0051H000009gxp8|chanida.dev2@solvedbysoftwareco.com|Eastern Standard Time|GMT-05:00
22:28:17.169 (170919095)|ENTERING_MANAGED_PKG|tdc_tsw
22:28:17.169 (171129641)|ENTERING_MANAGED_PKG|tdc_tsw
22:28:17.169 (173471059)|SOQL_EXECUTE_BEGIN|[355]|Aggregations:0|SELECT id, name, Disable_Incoming_SMS_Sharing__c FROM User WHERE id = :tmpVar1
22:28:17.169 (179120658)|SOQL_EXECUTE_END|[355]|Rows:1
22:28:17.169 (180025605)|SOQL_EXECUTE_BEGIN|[367]|Aggregations:0|SELECT CreatedDate,Id,LastModifiedDate,Related_Object_Id__c FROM Message__c WHERE Name = 'Incoming' AND Read__c = false ORDER BY CreatedDate Desc limit 100
22:28:17.169 (187491433)|SOQL_EXECUTE_END|[367]|Rows:100
