44.0 APEX_CODE,FINEST;APEX_PROFILING,INFO;CALLOUT,INFO;DB,INFO;NBA,INFO;SYSTEM,DEBUG;VALIDATION,INFO;VISUALFORCE,INFO;WAVE,INFO;WORKFLOW,INFO
22:19:56.0 (192607)|USER_INFO|[EXTERNAL]|0051H000009gxp8|chanida.dev2@solvedbysoftwareco.com|Eastern Standard Time|GMT-05:00
22:19:56.0 (2749631)|ENTERING_MANAGED_PKG|tdc_tsw
22:19:56.0 (2955469)|ENTERING_MANAGED_PKG|tdc_tsw
22:19:56.0 (3699583)|ENTERING_MANAGED_PKG|tdc_tsw
22:19:56.0 (3748777)|ENTERING_MANAGED_PKG|tdc_tsw
22:19:56.0 (4665443)|ENTERING_MANAGED_PKG|tdc_tsw
22:19:56.0 (5571606)|ENTERING_MANAGED_PKG|tdc_tsw
22:19:56.0 (7144424)|ENTERING_MANAGED_PKG|tdc_tsw
22:19:56.0 (7223653)|ENTERING_MANAGED_PKG|tdc_tsw
22:19:56.0 (8536972)|ENTERING_MANAGED_PKG|tdc_tsw
22:19:56.0 (15030858)|SOQL_EXECUTE_BEGIN|[82]|Aggregations:0|SELECT CreatedDate, Id,Task_Created__c,Event_Created__c,isCaseCreated__c,Task_Id__c,Event_Id__c,Case__c, Important__c, Delivered__c, Message_Text_New__c, Name, Owner.Name, Read__c,MessageId__c, ToNumber__c, Related_Object_Id__c, Related_Object__c, Sender_Number__c, LastModifiedDate, Attachments_Ids__c FROM Message__c WHERE Contact__c =: recordId ORDER BY CreatedDate Desc limit 200
22:19:56.0 (29083882)|SOQL_EXECUTE_END|[82]|Rows:2
22:19:56.0 (31323668)|ENTERING_MANAGED_PKG|tdc_tsw
22:19:56.0 (31812578)|ENTERING_MANAGED_PKG|tdc_tsw
22:19:56.0 (31905957)|ENTERING_MANAGED_PKG|tdc_tsw
22:19:56.0 (32551137)|SOQL_EXECUTE_BEGIN|[200]|Aggregations:0|SELECT Name, NamespacePrefix, SystemModStamp FROM StaticResource WHERE Name LIKE :tmpVar1 LIMIT 10
22:19:56.0 (36181803)|SOQL_EXECUTE_END|[200]|Rows:1
22:19:56.0 (38695221)|ENTERING_MANAGED_PKG|tdc_tsw
22:19:56.0 (40504913)|ENTERING_MANAGED_PKG|tdc_tsw
22:19:56.0 (40556541)|ENTERING_MANAGED_PKG|tdc_tsw
22:19:56.0 (42931493)|ENTERING_MANAGED_PKG|tdc_tsw
22:19:56.0 (43794578)|ENTERING_MANAGED_PKG|tdc_tsw
22:19:56.0 (48755755)|SOQL_EXECUTE_BEGIN|[172]|Aggregations:0|SELECT id, name FROM ChatTranscript__c WHERE (Chat_Active__c = TRUE AND (Related_Object_Id__c = :tmpVar1 OR Related_Object_Id__c = :tmpVar2)) LIMIT 1
22:19:56.0 (52704840)|SOQL_EXECUTE_END|[172]|Rows:0
22:19:56.0 (53227108)|ENTERING_MANAGED_PKG|tdc_tsw
22:19:56.0 (53293627)|ENTERING_MANAGED_PKG|tdc_tsw
