44.0 APEX_CODE,FINEST;APEX_PROFILING,INFO;CALLOUT,INFO;DB,INFO;NBA,INFO;SYSTEM,DEBUG;VALIDATION,INFO;VISUALFORCE,INFO;WAVE,INFO;WORKFLOW,INFO
21:30:49.0 (126902)|USER_INFO|[EXTERNAL]|0051H000009gxp8|chanida.dev2@solvedbysoftwareco.com|Eastern Standard Time|GMT-05:00
21:30:49.0 (2239349)|ENTERING_MANAGED_PKG|tdc_tsw
21:30:49.0 (2764315)|ENTERING_MANAGED_PKG|tdc_tsw
21:30:49.0 (6904485)|SOQL_EXECUTE_BEGIN|[16]|Aggregations:0|SELECT id, name, Disable_Incoming_SMS_Sharing__c FROM User WHERE id = :tmpVar1
21:30:49.0 (15511903)|SOQL_EXECUTE_END|[16]|Rows:1
21:30:49.0 (21829526)|SOQL_EXECUTE_BEGIN|[37]|Aggregations:0|SELECT CreatedDate,Created_Date__c,Id,LastModifiedDate,MessageId__c,Message_Text_New__c,Name,OwnerId,Read__c,Related_Object_Id__c,Related_Object__c,Sender_Number__c, Sender_Name__c,ToNumber__c,Attachments_Ids__c FROM Message__c WHERE Name = 'Incoming' AND Read__c = false ORDER BY CreatedDate Desc limit 100
21:30:49.0 (34908235)|SOQL_EXECUTE_END|[37]|Rows:16
21:30:49.0 (38754563)|ENTERING_MANAGED_PKG|tdc_tsw
21:30:49.0 (40529526)|ENTERING_MANAGED_PKG|tdc_tsw
21:30:49.0 (40980669)|ENTERING_MANAGED_PKG|tdc_tsw
21:30:49.0 (41715424)|ENTERING_MANAGED_PKG|tdc_tsw
21:30:49.0 (44539328)|ENTERING_MANAGED_PKG|tdc_tsw
21:30:49.0 (45394226)|ENTERING_MANAGED_PKG|tdc_tsw
21:30:49.0 (45665901)|ENTERING_MANAGED_PKG|tdc_tsw
21:30:49.0 (46082180)|ENTERING_MANAGED_PKG|tdc_tsw
21:30:49.0 (47232901)|ENTERING_MANAGED_PKG|tdc_tsw
21:30:49.0 (48068004)|ENTERING_MANAGED_PKG|tdc_tsw
21:30:49.0 (48311061)|ENTERING_MANAGED_PKG|tdc_tsw
21:30:49.0 (48759315)|ENTERING_MANAGED_PKG|tdc_tsw
21:30:49.0 (49981465)|ENTERING_MANAGED_PKG|tdc_tsw
21:30:49.0 (50679128)|ENTERING_MANAGED_PKG|tdc_tsw
21:30:49.0 (50776306)|ENTERING_MANAGED_PKG|tdc_tsw
21:30:49.0 (51385502)|SOQL_EXECUTE_BEGIN|[200]|Aggregations:0|SELECT Name, NamespacePrefix, SystemModStamp FROM StaticResource WHERE Name LIKE :tmpVar1 LIMIT 10
21:30:49.0 (55601645)|SOQL_EXECUTE_END|[200]|Rows:1
21:30:49.0 (56465027)|ENTERING_MANAGED_PKG|tdc_tsw
21:30:49.0 (56872868)|SOQL_EXECUTE_BEGIN|[200]|Aggregations:0|SELECT Name, NamespacePrefix, SystemModStamp FROM StaticResource WHERE Name LIKE :tmpVar1 LIMIT 10
21:30:49.0 (59146942)|SOQL_EXECUTE_END|[200]|Rows:1
21:30:49.0 (59550776)|ENTERING_MANAGED_PKG|tdc_tsw
21:30:49.0 (63052261)|ENTERING_MANAGED_PKG|tdc_tsw
21:30:49.0 (64968506)|ENTERING_MANAGED_PKG|tdc_tsw
21:30:49.0 (65358535)|ENTERING_MANAGED_PKG|tdc_tsw
21:30:49.0 (66336443)|ENTERING_MANAGED_PKG|tdc_tsw
21:30:49.0 (67035232)|SOQL_EXECUTE_BEGIN|[200]|Aggregations:0|SELECT Name, NamespacePrefix, SystemModStamp FROM StaticResource WHERE Name LIKE :tmpVar1 LIMIT 10
21:30:49.0 (70291574)|SOQL_EXECUTE_END|[200]|Rows:1
21:30:49.76 (76071535)|USER_INFO|[EXTERNAL]|0051H000009gxp8|chanida.dev2@solvedbysoftwareco.com|Eastern Standard Time|GMT-05:00
21:30:49.76 (77877883)|ENTERING_MANAGED_PKG|tdc_tsw
21:30:49.76 (78103857)|ENTERING_MANAGED_PKG|tdc_tsw
21:30:49.76 (80782674)|SOQL_EXECUTE_BEGIN|[355]|Aggregations:0|SELECT id, name, Disable_Incoming_SMS_Sharing__c FROM User WHERE id = :tmpVar1
21:30:49.76 (87711158)|SOQL_EXECUTE_END|[355]|Rows:1
21:30:49.76 (88894916)|SOQL_EXECUTE_BEGIN|[367]|Aggregations:0|SELECT CreatedDate,Id,LastModifiedDate,Related_Object_Id__c FROM Message__c WHERE Name = 'Incoming' AND Read__c = false ORDER BY CreatedDate Desc limit 100
21:30:49.76 (95357536)|SOQL_EXECUTE_END|[367]|Rows:16
