44.0 APEX_CODE,FINEST;APEX_PROFILING,INFO;CALLOUT,INFO;DB,INFO;NBA,INFO;SYSTEM,DEBUG;VALIDATION,INFO;VISUALFORCE,INFO;WAVE,INFO;WORKFLOW,INFO
14:06:24.0 (125067)|USER_INFO|[EXTERNAL]|0051H000009gxp8|chanida.dev2@solvedbysoftwareco.com|Eastern Standard Time|GMT-05:00
14:06:24.0 (1550047)|ENTERING_MANAGED_PKG|tdc_tsw
14:06:24.0 (1914912)|ENTERING_MANAGED_PKG|tdc_tsw
14:06:24.0 (5378161)|SOQL_EXECUTE_BEGIN|[16]|Aggregations:0|SELECT id, name, Disable_Incoming_SMS_Sharing__c FROM User WHERE id = :tmpVar1
14:06:24.0 (12590886)|SOQL_EXECUTE_END|[16]|Rows:1
14:06:24.0 (18094194)|SOQL_EXECUTE_BEGIN|[37]|Aggregations:0|SELECT CreatedDate,Created_Date__c,Id,LastModifiedDate,MessageId__c,Message_Text_New__c,Name,OwnerId,Read__c,Related_Object_Id__c,Related_Object__c,Sender_Number__c, Sender_Name__c,ToNumber__c,Attachments_Ids__c FROM Message__c WHERE Name = 'Incoming' AND Read__c = false ORDER BY CreatedDate Desc limit 100
14:06:24.0 (36669806)|SOQL_EXECUTE_END|[37]|Rows:100
14:06:24.0 (55596163)|ENTERING_MANAGED_PKG|tdc_tsw
14:06:24.0 (57260799)|ENTERING_MANAGED_PKG|tdc_tsw
14:06:24.0 (57757886)|ENTERING_MANAGED_PKG|tdc_tsw
14:06:24.0 (58421492)|ENTERING_MANAGED_PKG|tdc_tsw
14:06:24.0 (61140509)|ENTERING_MANAGED_PKG|tdc_tsw
14:06:24.0 (61991990)|ENTERING_MANAGED_PKG|tdc_tsw
14:06:24.0 (62247242)|ENTERING_MANAGED_PKG|tdc_tsw
14:06:24.0 (62647676)|ENTERING_MANAGED_PKG|tdc_tsw
14:06:24.0 (63803592)|ENTERING_MANAGED_PKG|tdc_tsw
14:06:24.0 (64935362)|ENTERING_MANAGED_PKG|tdc_tsw
14:06:24.0 (65175073)|ENTERING_MANAGED_PKG|tdc_tsw
14:06:24.0 (65595603)|ENTERING_MANAGED_PKG|tdc_tsw
14:06:24.0 (66727168)|ENTERING_MANAGED_PKG|tdc_tsw
14:06:24.0 (67492486)|ENTERING_MANAGED_PKG|tdc_tsw
14:06:24.0 (67743419)|ENTERING_MANAGED_PKG|tdc_tsw
14:06:24.0 (68157324)|ENTERING_MANAGED_PKG|tdc_tsw
14:06:24.0 (69248698)|ENTERING_MANAGED_PKG|tdc_tsw
14:06:24.0 (70068191)|ENTERING_MANAGED_PKG|tdc_tsw
14:06:24.0 (70305712)|ENTERING_MANAGED_PKG|tdc_tsw
14:06:24.0 (70699177)|ENTERING_MANAGED_PKG|tdc_tsw
14:06:24.0 (71790032)|ENTERING_MANAGED_PKG|tdc_tsw
14:06:24.0 (72552460)|ENTERING_MANAGED_PKG|tdc_tsw
14:06:24.0 (72775027)|ENTERING_MANAGED_PKG|tdc_tsw
14:06:24.0 (73188782)|ENTERING_MANAGED_PKG|tdc_tsw
14:06:24.0 (74396279)|ENTERING_MANAGED_PKG|tdc_tsw
14:06:24.0 (75163985)|ENTERING_MANAGED_PKG|tdc_tsw
14:06:24.0 (75400119)|ENTERING_MANAGED_PKG|tdc_tsw
14:06:24.0 (75792298)|ENTERING_MANAGED_PKG|tdc_tsw
14:06:24.0 (76887213)|ENTERING_MANAGED_PKG|tdc_tsw
14:06:24.0 (77653115)|ENTERING_MANAGED_PKG|tdc_tsw
14:06:24.0 (77889393)|ENTERING_MANAGED_PKG|tdc_tsw
14:06:24.0 (78293061)|ENTERING_MANAGED_PKG|tdc_tsw
14:06:24.0 (79389651)|ENTERING_MANAGED_PKG|tdc_tsw
14:06:24.0 (80146273)|ENTERING_MANAGED_PKG|tdc_tsw
14:06:24.0 (80380635)|ENTERING_MANAGED_PKG|tdc_tsw
14:06:24.0 (80770388)|ENTERING_MANAGED_PKG|tdc_tsw
14:06:24.0 (81864476)|ENTERING_MANAGED_PKG|tdc_tsw
14:06:24.0 (82620454)|ENTERING_MANAGED_PKG|tdc_tsw
14:06:24.0 (82855492)|ENTERING_MANAGED_PKG|tdc_tsw
14:06:24.0 (83284588)|ENTERING_MANAGED_PKG|tdc_tsw
14:06:24.0 (84454936)|ENTERING_MANAGED_PKG|tdc_tsw
14:06:24.0 (85307457)|ENTERING_MANAGED_PKG|tdc_tsw
14:06:24.0 (85594630)|ENTERING_MANAGED_PKG|tdc_tsw
14:06:24.0 (86009605)|ENTERING_MANAGED_PKG|tdc_tsw
14:06:24.0 (87120572)|ENTERING_MANAGED_PKG|tdc_tsw
14:06:24.0 (87866101)|ENTERING_MANAGED_PKG|tdc_tsw
14:06:24.0 (88107180)|ENTERING_MANAGED_PKG|tdc_tsw
14:06:24.0 (88498701)|ENTERING_MANAGED_PKG|tdc_tsw
14:06:24.0 (89589733)|ENTERING_MANAGED_PKG|tdc_tsw
14:06:24.0 (90348390)|ENTERING_MANAGED_PKG|tdc_tsw
14:06:24.0 (90583428)|ENTERING_MANAGED_PKG|tdc_tsw
14:06:24.0 (90995301)|ENTERING_MANAGED_PKG|tdc_tsw
14:06:24.0 (92214423)|ENTERING_MANAGED_PKG|tdc_tsw
14:06:24.0 (92983072)|ENTERING_MANAGED_PKG|tdc_tsw
14:06:24.0 (93218899)|ENTERING_MANAGED_PKG|tdc_tsw
14:06:24.0 (93609746)|ENTERING_MANAGED_PKG|tdc_tsw
14:06:24.0 (94767852)|ENTERING_MANAGED_PKG|tdc_tsw
14:06:24.0 (95562128)|ENTERING_MANAGED_PKG|tdc_tsw
14:06:24.0 (95798343)|ENTERING_MANAGED_PKG|tdc_tsw
14:06:24.0 (96214789)|ENTERING_MANAGED_PKG|tdc_tsw
14:06:24.0 (97418047)|ENTERING_MANAGED_PKG|tdc_tsw
14:06:24.0 (98211141)|ENTERING_MANAGED_PKG|tdc_tsw
14:06:24.0 (98452649)|ENTERING_MANAGED_PKG|tdc_tsw
14:06:24.0 (98842826)|ENTERING_MANAGED_PKG|tdc_tsw
14:06:24.0 (100023992)|ENTERING_MANAGED_PKG|tdc_tsw
14:06:24.0 (100834416)|ENTERING_MANAGED_PKG|tdc_tsw
14:06:24.0 (101104305)|ENTERING_MANAGED_PKG|tdc_tsw
14:06:24.0 (101504077)|ENTERING_MANAGED_PKG|tdc_tsw
14:06:24.0 (102607202)|ENTERING_MANAGED_PKG|tdc_tsw
14:06:24.0 (103372472)|ENTERING_MANAGED_PKG|tdc_tsw
14:06:24.0 (103616434)|ENTERING_MANAGED_PKG|tdc_tsw
14:06:24.0 (104065091)|ENTERING_MANAGED_PKG|tdc_tsw
14:06:24.0 (105197733)|ENTERING_MANAGED_PKG|tdc_tsw
14:06:24.0 (105954125)|ENTERING_MANAGED_PKG|tdc_tsw
14:06:24.0 (106195877)|ENTERING_MANAGED_PKG|tdc_tsw
14:06:24.0 (106603582)|ENTERING_MANAGED_PKG|tdc_tsw
14:06:24.0 (107711556)|ENTERING_MANAGED_PKG|tdc_tsw
14:06:24.0 (108471881)|ENTERING_MANAGED_PKG|tdc_tsw
14:06:24.0 (108708582)|ENTERING_MANAGED_PKG|tdc_tsw
14:06:24.0 (109118648)|ENTERING_MANAGED_PKG|tdc_tsw
14:06:24.0 (110247904)|ENTERING_MANAGED_PKG|tdc_tsw
14:06:24.0 (111033223)|ENTERING_MANAGED_PKG|tdc_tsw
14:06:24.0 (111269915)|ENTERING_MANAGED_PKG|tdc_tsw
14:06:24.0 (111666259)|ENTERING_MANAGED_PKG|tdc_tsw
14:06:24.0 (112777072)|ENTERING_MANAGED_PKG|tdc_tsw
14:06:24.0 (113547864)|ENTERING_MANAGED_PKG|tdc_tsw
14:06:24.0 (113789600)|ENTERING_MANAGED_PKG|tdc_tsw
14:06:24.0 (114235646)|ENTERING_MANAGED_PKG|tdc_tsw
14:06:24.0 (115370891)|ENTERING_MANAGED_PKG|tdc_tsw
14:06:24.0 (116160620)|ENTERING_MANAGED_PKG|tdc_tsw
14:06:24.0 (116396048)|ENTERING_MANAGED_PKG|tdc_tsw
14:06:24.0 (116797815)|ENTERING_MANAGED_PKG|tdc_tsw
14:06:24.0 (117984621)|ENTERING_MANAGED_PKG|tdc_tsw
14:06:24.0 (118784710)|ENTERING_MANAGED_PKG|tdc_tsw
14:06:24.0 (119041221)|ENTERING_MANAGED_PKG|tdc_tsw
14:06:24.0 (119515679)|ENTERING_MANAGED_PKG|tdc_tsw
14:06:24.0 (120638620)|ENTERING_MANAGED_PKG|tdc_tsw
14:06:24.0 (121401609)|ENTERING_MANAGED_PKG|tdc_tsw
14:06:24.0 (121645627)|ENTERING_MANAGED_PKG|tdc_tsw
14:06:24.0 (122052264)|ENTERING_MANAGED_PKG|tdc_tsw
14:06:24.0 (123147341)|ENTERING_MANAGED_PKG|tdc_tsw
14:06:24.0 (123894335)|ENTERING_MANAGED_PKG|tdc_tsw
14:06:24.0 (124171439)|ENTERING_MANAGED_PKG|tdc_tsw
14:06:24.0 (124568495)|ENTERING_MANAGED_PKG|tdc_tsw
14:06:24.0 (125662853)|ENTERING_MANAGED_PKG|tdc_tsw
14:06:24.0 (126413167)|ENTERING_MANAGED_PKG|tdc_tsw
14:06:24.0 (126648477)|ENTERING_MANAGED_PKG|tdc_tsw
14:06:24.0 (127053426)|ENTERING_MANAGED_PKG|tdc_tsw
14:06:24.0 (128161804)|ENTERING_MANAGED_PKG|tdc_tsw
14:06:24.0 (128915000)|ENTERING_MANAGED_PKG|tdc_tsw
14:06:24.0 (129150327)|ENTERING_MANAGED_PKG|tdc_tsw
14:06:24.0 (129550287)|ENTERING_MANAGED_PKG|tdc_tsw
14:06:24.0 (130656635)|ENTERING_MANAGED_PKG|tdc_tsw
14:06:24.0 (131407820)|ENTERING_MANAGED_PKG|tdc_tsw
14:06:24.0 (131643507)|ENTERING_MANAGED_PKG|tdc_tsw
14:06:24.0 (132051924)|ENTERING_MANAGED_PKG|tdc_tsw
14:06:24.0 (133166995)|ENTERING_MANAGED_PKG|tdc_tsw
14:06:24.0 (133935393)|ENTERING_MANAGED_PKG|tdc_tsw
14:06:24.0 (134220676)|ENTERING_MANAGED_PKG|tdc_tsw
14:06:24.0 (134623002)|ENTERING_MANAGED_PKG|tdc_tsw
14:06:24.0 (135722076)|ENTERING_MANAGED_PKG|tdc_tsw
14:06:24.0 (136532207)|ENTERING_MANAGED_PKG|tdc_tsw
14:06:24.0 (136770573)|ENTERING_MANAGED_PKG|tdc_tsw
14:06:24.0 (137200730)|ENTERING_MANAGED_PKG|tdc_tsw
14:06:24.0 (138305605)|ENTERING_MANAGED_PKG|tdc_tsw
14:06:24.0 (139083020)|ENTERING_MANAGED_PKG|tdc_tsw
14:06:24.0 (139318064)|ENTERING_MANAGED_PKG|tdc_tsw
14:06:24.0 (139709471)|ENTERING_MANAGED_PKG|tdc_tsw
14:06:24.0 (140818428)|ENTERING_MANAGED_PKG|tdc_tsw
14:06:24.0 (141586202)|ENTERING_MANAGED_PKG|tdc_tsw
14:06:24.0 (141827306)|ENTERING_MANAGED_PKG|tdc_tsw
14:06:24.0 (142234964)|ENTERING_MANAGED_PKG|tdc_tsw
14:06:24.0 (143324219)|ENTERING_MANAGED_PKG|tdc_tsw
14:06:24.0 (144112462)|ENTERING_MANAGED_PKG|tdc_tsw
14:06:24.0 (144401822)|ENTERING_MANAGED_PKG|tdc_tsw
14:06:24.0 (144794367)|ENTERING_MANAGED_PKG|tdc_tsw
14:06:24.0 (145898744)|ENTERING_MANAGED_PKG|tdc_tsw
14:06:24.0 (146636478)|ENTERING_MANAGED_PKG|tdc_tsw
14:06:24.0 (146871877)|ENTERING_MANAGED_PKG|tdc_tsw
14:06:24.0 (147268412)|ENTERING_MANAGED_PKG|tdc_tsw
14:06:24.0 (148417429)|ENTERING_MANAGED_PKG|tdc_tsw
14:06:24.0 (149163667)|ENTERING_MANAGED_PKG|tdc_tsw
14:06:24.0 (149398729)|ENTERING_MANAGED_PKG|tdc_tsw
14:06:24.0 (149796968)|ENTERING_MANAGED_PKG|tdc_tsw
14:06:24.0 (150891600)|ENTERING_MANAGED_PKG|tdc_tsw
14:06:24.0 (151692423)|ENTERING_MANAGED_PKG|tdc_tsw
14:06:24.0 (151963769)|ENTERING_MANAGED_PKG|tdc_tsw
14:06:24.0 (152365533)|ENTERING_MANAGED_PKG|tdc_tsw
14:06:24.0 (153457429)|ENTERING_MANAGED_PKG|tdc_tsw
14:06:24.0 (154277904)|ENTERING_MANAGED_PKG|tdc_tsw
14:06:24.0 (154560660)|ENTERING_MANAGED_PKG|tdc_tsw
14:06:24.0 (154972085)|ENTERING_MANAGED_PKG|tdc_tsw
14:06:24.0 (156058352)|ENTERING_MANAGED_PKG|tdc_tsw
14:06:24.0 (156808034)|ENTERING_MANAGED_PKG|tdc_tsw
14:06:24.0 (157063911)|ENTERING_MANAGED_PKG|tdc_tsw
14:06:24.0 (157500033)|ENTERING_MANAGED_PKG|tdc_tsw
14:06:24.0 (158587637)|ENTERING_MANAGED_PKG|tdc_tsw
14:06:24.0 (159669780)|ENTERING_MANAGED_PKG|tdc_tsw
14:06:24.0 (159906006)|ENTERING_MANAGED_PKG|tdc_tsw
14:06:24.0 (160312738)|ENTERING_MANAGED_PKG|tdc_tsw
14:06:24.0 (161452078)|ENTERING_MANAGED_PKG|tdc_tsw
14:06:24.0 (162216601)|ENTERING_MANAGED_PKG|tdc_tsw
14:06:24.0 (162453176)|ENTERING_MANAGED_PKG|tdc_tsw
14:06:24.0 (162862051)|ENTERING_MANAGED_PKG|tdc_tsw
14:06:24.0 (164038430)|ENTERING_MANAGED_PKG|tdc_tsw
14:06:24.0 (164835512)|ENTERING_MANAGED_PKG|tdc_tsw
14:06:24.0 (165081909)|ENTERING_MANAGED_PKG|tdc_tsw
14:06:24.0 (165549175)|ENTERING_MANAGED_PKG|tdc_tsw
14:06:24.0 (166690826)|ENTERING_MANAGED_PKG|tdc_tsw
14:06:24.0 (167434626)|ENTERING_MANAGED_PKG|tdc_tsw
14:06:24.0 (167669715)|ENTERING_MANAGED_PKG|tdc_tsw
14:06:24.0 (168069789)|ENTERING_MANAGED_PKG|tdc_tsw
14:06:24.0 (169188331)|ENTERING_MANAGED_PKG|tdc_tsw
14:06:24.0 (169940455)|ENTERING_MANAGED_PKG|tdc_tsw
14:06:24.0 (170174765)|ENTERING_MANAGED_PKG|tdc_tsw
14:06:24.0 (170577616)|ENTERING_MANAGED_PKG|tdc_tsw
14:06:24.0 (171697313)|ENTERING_MANAGED_PKG|tdc_tsw
14:06:24.0 (172445725)|ENTERING_MANAGED_PKG|tdc_tsw
14:06:24.0 (172685902)|ENTERING_MANAGED_PKG|tdc_tsw
14:06:24.0 (173086473)|ENTERING_MANAGED_PKG|tdc_tsw
14:06:24.0 (174216703)|ENTERING_MANAGED_PKG|tdc_tsw
14:06:24.0 (175013889)|ENTERING_MANAGED_PKG|tdc_tsw
14:06:24.0 (175258535)|ENTERING_MANAGED_PKG|tdc_tsw
14:06:24.0 (175665999)|ENTERING_MANAGED_PKG|tdc_tsw
14:06:24.0 (176759846)|ENTERING_MANAGED_PKG|tdc_tsw
14:06:24.0 (177521921)|ENTERING_MANAGED_PKG|tdc_tsw
14:06:24.0 (177773224)|ENTERING_MANAGED_PKG|tdc_tsw
14:06:24.0 (178220580)|ENTERING_MANAGED_PKG|tdc_tsw
14:06:24.0 (179310712)|ENTERING_MANAGED_PKG|tdc_tsw
14:06:24.0 (180060963)|ENTERING_MANAGED_PKG|tdc_tsw
14:06:24.0 (180301682)|ENTERING_MANAGED_PKG|tdc_tsw
14:06:24.0 (180710056)|ENTERING_MANAGED_PKG|tdc_tsw
14:06:24.0 (181799474)|ENTERING_MANAGED_PKG|tdc_tsw
14:06:24.0 (182555429)|ENTERING_MANAGED_PKG|tdc_tsw
14:06:24.0 (182796679)|ENTERING_MANAGED_PKG|tdc_tsw
14:06:24.0 (183200580)|ENTERING_MANAGED_PKG|tdc_tsw
14:06:24.0 (184297003)|ENTERING_MANAGED_PKG|tdc_tsw
14:06:24.0 (185179823)|ENTERING_MANAGED_PKG|tdc_tsw
14:06:24.0 (185417388)|ENTERING_MANAGED_PKG|tdc_tsw
14:06:24.0 (185813642)|ENTERING_MANAGED_PKG|tdc_tsw
14:06:24.0 (186993897)|ENTERING_MANAGED_PKG|tdc_tsw
14:06:24.0 (187750012)|ENTERING_MANAGED_PKG|tdc_tsw
14:06:24.0 (188004161)|ENTERING_MANAGED_PKG|tdc_tsw
14:06:24.0 (188396150)|ENTERING_MANAGED_PKG|tdc_tsw
14:06:24.0 (189491305)|ENTERING_MANAGED_PKG|tdc_tsw
14:06:24.0 (190265816)|ENTERING_MANAGED_PKG|tdc_tsw
14:06:24.0 (190506740)|ENTERING_MANAGED_PKG|tdc_tsw
14:06:24.0 (190896771)|ENTERING_MANAGED_PKG|tdc_tsw
14:06:24.0 (192046983)|ENTERING_MANAGED_PKG|tdc_tsw
14:06:24.0 (192796856)|ENTERING_MANAGED_PKG|tdc_tsw
14:06:24.0 (193040968)|ENTERING_MANAGED_PKG|tdc_tsw
14:06:24.0 (193430937)|ENTERING_MANAGED_PKG|tdc_tsw
14:06:24.0 (194603465)|ENTERING_MANAGED_PKG|tdc_tsw
14:06:24.0 (195368377)|ENTERING_MANAGED_PKG|tdc_tsw
14:06:24.0 (195603968)|ENTERING_MANAGED_PKG|tdc_tsw
14:06:24.0 (196001912)|ENTERING_MANAGED_PKG|tdc_tsw
14:06:24.0 (197102745)|ENTERING_MANAGED_PKG|tdc_tsw
14:06:24.0 (197842994)|ENTERING_MANAGED_PKG|tdc_tsw
14:06:24.0 (198083508)|ENTERING_MANAGED_PKG|tdc_tsw
14:06:24.0 (198473614)|ENTERING_MANAGED_PKG|tdc_tsw
14:06:24.0 (199595352)|ENTERING_MANAGED_PKG|tdc_tsw
14:06:24.0 (200368676)|ENTERING_MANAGED_PKG|tdc_tsw
14:06:24.0 (200606184)|ENTERING_MANAGED_PKG|tdc_tsw
14:06:24.0 (201011795)|ENTERING_MANAGED_PKG|tdc_tsw
14:06:24.0 (202180757)|ENTERING_MANAGED_PKG|tdc_tsw
14:06:24.0 (202995456)|ENTERING_MANAGED_PKG|tdc_tsw
14:06:24.0 (203234104)|ENTERING_MANAGED_PKG|tdc_tsw
14:06:24.0 (203627027)|ENTERING_MANAGED_PKG|tdc_tsw
14:06:24.0 (204810922)|ENTERING_MANAGED_PKG|tdc_tsw
14:06:24.0 (205595836)|ENTERING_MANAGED_PKG|tdc_tsw
14:06:24.0 (205832259)|ENTERING_MANAGED_PKG|tdc_tsw
14:06:24.0 (206233779)|ENTERING_MANAGED_PKG|tdc_tsw
14:06:24.0 (207392897)|ENTERING_MANAGED_PKG|tdc_tsw
14:06:24.0 (208173265)|ENTERING_MANAGED_PKG|tdc_tsw
14:06:24.0 (208420325)|ENTERING_MANAGED_PKG|tdc_tsw
14:06:24.0 (208836787)|ENTERING_MANAGED_PKG|tdc_tsw
14:06:24.0 (210010755)|ENTERING_MANAGED_PKG|tdc_tsw
14:06:24.0 (210794875)|ENTERING_MANAGED_PKG|tdc_tsw
14:06:24.0 (211062593)|ENTERING_MANAGED_PKG|tdc_tsw
14:06:24.0 (211463587)|ENTERING_MANAGED_PKG|tdc_tsw
14:06:24.0 (212563421)|ENTERING_MANAGED_PKG|tdc_tsw
14:06:24.0 (213320217)|ENTERING_MANAGED_PKG|tdc_tsw
14:06:24.0 (213555330)|ENTERING_MANAGED_PKG|tdc_tsw
14:06:24.0 (213957657)|ENTERING_MANAGED_PKG|tdc_tsw
14:06:24.0 (215094266)|ENTERING_MANAGED_PKG|tdc_tsw
14:06:24.0 (215867076)|ENTERING_MANAGED_PKG|tdc_tsw
14:06:24.0 (216082206)|ENTERING_MANAGED_PKG|tdc_tsw
14:06:24.0 (216478805)|ENTERING_MANAGED_PKG|tdc_tsw
14:06:24.0 (218462474)|ENTERING_MANAGED_PKG|tdc_tsw
14:06:24.0 (219249761)|ENTERING_MANAGED_PKG|tdc_tsw
14:06:24.0 (219328634)|ENTERING_MANAGED_PKG|tdc_tsw
14:06:24.0 (219891357)|SOQL_EXECUTE_BEGIN|[200]|Aggregations:0|SELECT Name, NamespacePrefix, SystemModStamp FROM StaticResource WHERE Name LIKE :tmpVar1 LIMIT 10
14:06:24.0 (223202337)|SOQL_EXECUTE_END|[200]|Rows:1
14:06:24.0 (224137350)|ENTERING_MANAGED_PKG|tdc_tsw
14:06:24.0 (224563993)|SOQL_EXECUTE_BEGIN|[200]|Aggregations:0|SELECT Name, NamespacePrefix, SystemModStamp FROM StaticResource WHERE Name LIKE :tmpVar1 LIMIT 10
14:06:24.0 (226860728)|SOQL_EXECUTE_END|[200]|Rows:1
14:06:24.0 (227276332)|ENTERING_MANAGED_PKG|tdc_tsw
14:06:24.0 (231085445)|ENTERING_MANAGED_PKG|tdc_tsw
14:06:24.0 (232694418)|ENTERING_MANAGED_PKG|tdc_tsw
14:06:24.0 (233031753)|ENTERING_MANAGED_PKG|tdc_tsw
14:06:24.0 (233891069)|ENTERING_MANAGED_PKG|tdc_tsw
14:06:24.0 (234344079)|SOQL_EXECUTE_BEGIN|[200]|Aggregations:0|SELECT Name, NamespacePrefix, SystemModStamp FROM StaticResource WHERE Name LIKE :tmpVar1 LIMIT 10
14:06:24.0 (237065621)|SOQL_EXECUTE_END|[200]|Rows:1
14:06:24.247 (247650318)|USER_INFO|[EXTERNAL]|0051H000009gxp8|chanida.dev2@solvedbysoftwareco.com|Eastern Standard Time|GMT-05:00
14:06:24.247 (249003493)|ENTERING_MANAGED_PKG|tdc_tsw
14:06:24.247 (249230981)|ENTERING_MANAGED_PKG|tdc_tsw
14:06:24.247 (251900815)|SOQL_EXECUTE_BEGIN|[355]|Aggregations:0|SELECT id, name, Disable_Incoming_SMS_Sharing__c FROM User WHERE id = :tmpVar1
14:06:24.247 (257840819)|SOQL_EXECUTE_END|[355]|Rows:1
14:06:24.247 (259118931)|SOQL_EXECUTE_BEGIN|[367]|Aggregations:0|SELECT CreatedDate,Id,LastModifiedDate,Related_Object_Id__c FROM Message__c WHERE Name = 'Incoming' AND Read__c = false ORDER BY CreatedDate Desc limit 100
14:06:24.247 (271132662)|SOQL_EXECUTE_END|[367]|Rows:100
