44.0 APEX_CODE,FINEST;APEX_PROFILING,INFO;CALLOUT,INFO;DB,INFO;NBA,INFO;SYSTEM,DEBUG;VALIDATION,INFO;VISUALFORCE,INFO;WAVE,INFO;WORKFLOW,INFO
15:28:07.0 (137689)|USER_INFO|[EXTERNAL]|0051H000009gxp8|chanida.dev2@solvedbysoftwareco.com|Eastern Standard Time|GMT-05:00
15:28:07.0 (1753577)|ENTERING_MANAGED_PKG|tdc_tsw
15:28:07.0 (2125054)|ENTERING_MANAGED_PKG|tdc_tsw
15:28:07.0 (5433894)|SOQL_EXECUTE_BEGIN|[16]|Aggregations:0|SELECT id, name, Disable_Incoming_SMS_Sharing__c FROM User WHERE id = :tmpVar1
15:28:07.0 (11959905)|SOQL_EXECUTE_END|[16]|Rows:1
15:28:07.0 (17834662)|SOQL_EXECUTE_BEGIN|[37]|Aggregations:0|SELECT CreatedDate,Created_Date__c,Id,LastModifiedDate,MessageId__c,Message_Text_New__c,Name,OwnerId,Read__c,Related_Object_Id__c,Related_Object__c,Sender_Number__c, Sender_Name__c,ToNumber__c,Attachments_Ids__c FROM Message__c WHERE Name = 'Incoming' AND Read__c = false ORDER BY CreatedDate Desc limit 100
15:28:07.0 (37034966)|SOQL_EXECUTE_END|[37]|Rows:100
15:28:07.0 (55908153)|ENTERING_MANAGED_PKG|tdc_tsw
15:28:07.0 (57668987)|ENTERING_MANAGED_PKG|tdc_tsw
15:28:07.0 (58169658)|ENTERING_MANAGED_PKG|tdc_tsw
15:28:07.0 (58873480)|ENTERING_MANAGED_PKG|tdc_tsw
15:28:07.0 (61786459)|ENTERING_MANAGED_PKG|tdc_tsw
15:28:07.0 (62621614)|ENTERING_MANAGED_PKG|tdc_tsw
15:28:07.0 (62853836)|ENTERING_MANAGED_PKG|tdc_tsw
15:28:07.0 (63266570)|ENTERING_MANAGED_PKG|tdc_tsw
15:28:07.0 (64422160)|ENTERING_MANAGED_PKG|tdc_tsw
15:28:07.0 (65178341)|ENTERING_MANAGED_PKG|tdc_tsw
15:28:07.0 (65426406)|ENTERING_MANAGED_PKG|tdc_tsw
15:28:07.0 (65833680)|ENTERING_MANAGED_PKG|tdc_tsw
15:28:07.0 (66923457)|ENTERING_MANAGED_PKG|tdc_tsw
15:28:07.0 (67680637)|ENTERING_MANAGED_PKG|tdc_tsw
15:28:07.0 (67907952)|ENTERING_MANAGED_PKG|tdc_tsw
15:28:07.0 (68311213)|ENTERING_MANAGED_PKG|tdc_tsw
15:28:07.0 (69395691)|ENTERING_MANAGED_PKG|tdc_tsw
15:28:07.0 (70125045)|ENTERING_MANAGED_PKG|tdc_tsw
15:28:07.0 (70351035)|ENTERING_MANAGED_PKG|tdc_tsw
15:28:07.0 (70733918)|ENTERING_MANAGED_PKG|tdc_tsw
15:28:07.0 (71774388)|ENTERING_MANAGED_PKG|tdc_tsw
15:28:07.0 (72482383)|ENTERING_MANAGED_PKG|tdc_tsw
15:28:07.0 (72718702)|ENTERING_MANAGED_PKG|tdc_tsw
15:28:07.0 (73402557)|ENTERING_MANAGED_PKG|tdc_tsw
15:28:07.0 (74462537)|ENTERING_MANAGED_PKG|tdc_tsw
15:28:07.0 (75187160)|ENTERING_MANAGED_PKG|tdc_tsw
15:28:07.0 (75412721)|ENTERING_MANAGED_PKG|tdc_tsw
15:28:07.0 (75792451)|ENTERING_MANAGED_PKG|tdc_tsw
15:28:07.0 (76836525)|ENTERING_MANAGED_PKG|tdc_tsw
15:28:07.0 (77542427)|ENTERING_MANAGED_PKG|tdc_tsw
15:28:07.0 (77863717)|ENTERING_MANAGED_PKG|tdc_tsw
15:28:07.0 (78289454)|ENTERING_MANAGED_PKG|tdc_tsw
15:28:07.0 (79377049)|ENTERING_MANAGED_PKG|tdc_tsw
15:28:07.0 (80100085)|ENTERING_MANAGED_PKG|tdc_tsw
15:28:07.0 (80344634)|ENTERING_MANAGED_PKG|tdc_tsw
15:28:07.0 (80736605)|ENTERING_MANAGED_PKG|tdc_tsw
15:28:07.0 (81780682)|ENTERING_MANAGED_PKG|tdc_tsw
15:28:07.0 (82540709)|ENTERING_MANAGED_PKG|tdc_tsw
15:28:07.0 (82772820)|ENTERING_MANAGED_PKG|tdc_tsw
15:28:07.0 (83164330)|ENTERING_MANAGED_PKG|tdc_tsw
15:28:07.0 (84250516)|ENTERING_MANAGED_PKG|tdc_tsw
15:28:07.0 (84963806)|ENTERING_MANAGED_PKG|tdc_tsw
15:28:07.0 (85188699)|ENTERING_MANAGED_PKG|tdc_tsw
15:28:07.0 (85566705)|ENTERING_MANAGED_PKG|tdc_tsw
15:28:07.0 (86624023)|ENTERING_MANAGED_PKG|tdc_tsw
15:28:07.0 (87338036)|ENTERING_MANAGED_PKG|tdc_tsw
15:28:07.0 (87544756)|ENTERING_MANAGED_PKG|tdc_tsw
15:28:07.0 (87935327)|ENTERING_MANAGED_PKG|tdc_tsw
15:28:07.0 (89044808)|ENTERING_MANAGED_PKG|tdc_tsw
15:28:07.0 (89767465)|ENTERING_MANAGED_PKG|tdc_tsw
15:28:07.0 (89993385)|ENTERING_MANAGED_PKG|tdc_tsw
15:28:07.0 (90373342)|ENTERING_MANAGED_PKG|tdc_tsw
15:28:07.0 (91871489)|ENTERING_MANAGED_PKG|tdc_tsw
15:28:07.0 (92789428)|ENTERING_MANAGED_PKG|tdc_tsw
15:28:07.0 (93041306)|ENTERING_MANAGED_PKG|tdc_tsw
15:28:07.0 (93455608)|ENTERING_MANAGED_PKG|tdc_tsw
15:28:07.0 (94529178)|ENTERING_MANAGED_PKG|tdc_tsw
15:28:07.0 (95251168)|ENTERING_MANAGED_PKG|tdc_tsw
15:28:07.0 (95501167)|ENTERING_MANAGED_PKG|tdc_tsw
15:28:07.0 (95888263)|ENTERING_MANAGED_PKG|tdc_tsw
15:28:07.0 (96943263)|ENTERING_MANAGED_PKG|tdc_tsw
15:28:07.0 (97662277)|ENTERING_MANAGED_PKG|tdc_tsw
15:28:07.0 (97889694)|ENTERING_MANAGED_PKG|tdc_tsw
15:28:07.0 (98267237)|ENTERING_MANAGED_PKG|tdc_tsw
15:28:07.0 (99334226)|ENTERING_MANAGED_PKG|tdc_tsw
15:28:07.0 (100049701)|ENTERING_MANAGED_PKG|tdc_tsw
15:28:07.0 (100276488)|ENTERING_MANAGED_PKG|tdc_tsw
15:28:07.0 (100662305)|ENTERING_MANAGED_PKG|tdc_tsw
15:28:07.0 (101710194)|ENTERING_MANAGED_PKG|tdc_tsw
15:28:07.0 (102413882)|ENTERING_MANAGED_PKG|tdc_tsw
15:28:07.0 (102653103)|ENTERING_MANAGED_PKG|tdc_tsw
15:28:07.0 (103031493)|ENTERING_MANAGED_PKG|tdc_tsw
15:28:07.0 (104081091)|ENTERING_MANAGED_PKG|tdc_tsw
15:28:07.0 (104795367)|ENTERING_MANAGED_PKG|tdc_tsw
15:28:07.0 (105020436)|ENTERING_MANAGED_PKG|tdc_tsw
15:28:07.0 (105398140)|ENTERING_MANAGED_PKG|tdc_tsw
15:28:07.0 (106463572)|ENTERING_MANAGED_PKG|tdc_tsw
15:28:07.0 (107182984)|ENTERING_MANAGED_PKG|tdc_tsw
15:28:07.0 (107409382)|ENTERING_MANAGED_PKG|tdc_tsw
15:28:07.0 (107797513)|ENTERING_MANAGED_PKG|tdc_tsw
15:28:07.0 (108847283)|ENTERING_MANAGED_PKG|tdc_tsw
15:28:07.0 (109581593)|ENTERING_MANAGED_PKG|tdc_tsw
15:28:07.0 (109819727)|ENTERING_MANAGED_PKG|tdc_tsw
15:28:07.0 (110198777)|ENTERING_MANAGED_PKG|tdc_tsw
15:28:07.0 (111250038)|ENTERING_MANAGED_PKG|tdc_tsw
15:28:07.0 (111969833)|ENTERING_MANAGED_PKG|tdc_tsw
15:28:07.0 (112194741)|ENTERING_MANAGED_PKG|tdc_tsw
15:28:07.0 (112572140)|ENTERING_MANAGED_PKG|tdc_tsw
15:28:07.0 (113636038)|ENTERING_MANAGED_PKG|tdc_tsw
15:28:07.0 (114340449)|ENTERING_MANAGED_PKG|tdc_tsw
15:28:07.0 (114566181)|ENTERING_MANAGED_PKG|tdc_tsw
15:28:07.0 (114952426)|ENTERING_MANAGED_PKG|tdc_tsw
15:28:07.0 (116006034)|ENTERING_MANAGED_PKG|tdc_tsw
15:28:07.0 (116719531)|ENTERING_MANAGED_PKG|tdc_tsw
15:28:07.0 (116942982)|ENTERING_MANAGED_PKG|tdc_tsw
15:28:07.0 (117328536)|ENTERING_MANAGED_PKG|tdc_tsw
15:28:07.0 (118375461)|ENTERING_MANAGED_PKG|tdc_tsw
15:28:07.0 (119091737)|ENTERING_MANAGED_PKG|tdc_tsw
15:28:07.0 (119318240)|ENTERING_MANAGED_PKG|tdc_tsw
15:28:07.0 (119704096)|ENTERING_MANAGED_PKG|tdc_tsw
15:28:07.0 (120755336)|ENTERING_MANAGED_PKG|tdc_tsw
15:28:07.0 (121468007)|ENTERING_MANAGED_PKG|tdc_tsw
15:28:07.0 (121703137)|ENTERING_MANAGED_PKG|tdc_tsw
15:28:07.0 (122079501)|ENTERING_MANAGED_PKG|tdc_tsw
15:28:07.0 (123124557)|ENTERING_MANAGED_PKG|tdc_tsw
15:28:07.0 (123842660)|ENTERING_MANAGED_PKG|tdc_tsw
15:28:07.0 (124065957)|ENTERING_MANAGED_PKG|tdc_tsw
15:28:07.0 (124449746)|ENTERING_MANAGED_PKG|tdc_tsw
15:28:07.0 (125493768)|ENTERING_MANAGED_PKG|tdc_tsw
15:28:07.0 (126210163)|ENTERING_MANAGED_PKG|tdc_tsw
15:28:07.0 (126434582)|ENTERING_MANAGED_PKG|tdc_tsw
15:28:07.0 (126822064)|ENTERING_MANAGED_PKG|tdc_tsw
15:28:07.0 (127879654)|ENTERING_MANAGED_PKG|tdc_tsw
15:28:07.0 (128590118)|ENTERING_MANAGED_PKG|tdc_tsw
15:28:07.0 (128821480)|ENTERING_MANAGED_PKG|tdc_tsw
15:28:07.0 (129198605)|ENTERING_MANAGED_PKG|tdc_tsw
15:28:07.0 (130243408)|ENTERING_MANAGED_PKG|tdc_tsw
15:28:07.0 (130957890)|ENTERING_MANAGED_PKG|tdc_tsw
15:28:07.0 (131182228)|ENTERING_MANAGED_PKG|tdc_tsw
15:28:07.0 (131574427)|ENTERING_MANAGED_PKG|tdc_tsw
15:28:07.0 (132627355)|ENTERING_MANAGED_PKG|tdc_tsw
15:28:07.0 (133338760)|ENTERING_MANAGED_PKG|tdc_tsw
15:28:07.0 (133563583)|ENTERING_MANAGED_PKG|tdc_tsw
15:28:07.0 (133948587)|ENTERING_MANAGED_PKG|tdc_tsw
15:28:07.0 (134999095)|ENTERING_MANAGED_PKG|tdc_tsw
15:28:07.0 (135714365)|ENTERING_MANAGED_PKG|tdc_tsw
15:28:07.0 (135938552)|ENTERING_MANAGED_PKG|tdc_tsw
15:28:07.0 (136315534)|ENTERING_MANAGED_PKG|tdc_tsw
15:28:07.0 (137358967)|ENTERING_MANAGED_PKG|tdc_tsw
15:28:07.0 (138074181)|ENTERING_MANAGED_PKG|tdc_tsw
15:28:07.0 (138298198)|ENTERING_MANAGED_PKG|tdc_tsw
15:28:07.0 (138694664)|ENTERING_MANAGED_PKG|tdc_tsw
15:28:07.0 (139739764)|ENTERING_MANAGED_PKG|tdc_tsw
15:28:07.0 (140445906)|ENTERING_MANAGED_PKG|tdc_tsw
15:28:07.0 (140677279)|ENTERING_MANAGED_PKG|tdc_tsw
15:28:07.0 (141054122)|ENTERING_MANAGED_PKG|tdc_tsw
15:28:07.0 (142108367)|ENTERING_MANAGED_PKG|tdc_tsw
15:28:07.0 (142822081)|ENTERING_MANAGED_PKG|tdc_tsw
15:28:07.0 (143045283)|ENTERING_MANAGED_PKG|tdc_tsw
15:28:07.0 (143421367)|ENTERING_MANAGED_PKG|tdc_tsw
15:28:07.0 (144470820)|ENTERING_MANAGED_PKG|tdc_tsw
15:28:07.0 (145183917)|ENTERING_MANAGED_PKG|tdc_tsw
15:28:07.0 (145408109)|ENTERING_MANAGED_PKG|tdc_tsw
15:28:07.0 (145798545)|ENTERING_MANAGED_PKG|tdc_tsw
15:28:07.0 (146841603)|ENTERING_MANAGED_PKG|tdc_tsw
15:28:07.0 (147551040)|ENTERING_MANAGED_PKG|tdc_tsw
15:28:07.0 (147781638)|ENTERING_MANAGED_PKG|tdc_tsw
15:28:07.0 (148158441)|ENTERING_MANAGED_PKG|tdc_tsw
15:28:07.0 (149203197)|ENTERING_MANAGED_PKG|tdc_tsw
15:28:07.0 (149926505)|ENTERING_MANAGED_PKG|tdc_tsw
15:28:07.0 (150151437)|ENTERING_MANAGED_PKG|tdc_tsw
15:28:07.0 (150536235)|ENTERING_MANAGED_PKG|tdc_tsw
15:28:07.0 (151578377)|ENTERING_MANAGED_PKG|tdc_tsw
15:28:07.0 (152292412)|ENTERING_MANAGED_PKG|tdc_tsw
15:28:07.0 (152517758)|ENTERING_MANAGED_PKG|tdc_tsw
15:28:07.0 (152903503)|ENTERING_MANAGED_PKG|tdc_tsw
15:28:07.0 (153962736)|ENTERING_MANAGED_PKG|tdc_tsw
15:28:07.0 (154678124)|ENTERING_MANAGED_PKG|tdc_tsw
15:28:07.0 (154903309)|ENTERING_MANAGED_PKG|tdc_tsw
15:28:07.0 (155281777)|ENTERING_MANAGED_PKG|tdc_tsw
15:28:07.0 (161423708)|ENTERING_MANAGED_PKG|tdc_tsw
15:28:07.0 (162157561)|ENTERING_MANAGED_PKG|tdc_tsw
15:28:07.0 (162384776)|ENTERING_MANAGED_PKG|tdc_tsw
15:28:07.0 (162773691)|ENTERING_MANAGED_PKG|tdc_tsw
15:28:07.0 (163820664)|ENTERING_MANAGED_PKG|tdc_tsw
15:28:07.0 (164529672)|ENTERING_MANAGED_PKG|tdc_tsw
15:28:07.0 (164762392)|ENTERING_MANAGED_PKG|tdc_tsw
15:28:07.0 (165221967)|ENTERING_MANAGED_PKG|tdc_tsw
15:28:07.0 (166291339)|ENTERING_MANAGED_PKG|tdc_tsw
15:28:07.0 (167009073)|ENTERING_MANAGED_PKG|tdc_tsw
15:28:07.0 (167235151)|ENTERING_MANAGED_PKG|tdc_tsw
15:28:07.0 (167620141)|ENTERING_MANAGED_PKG|tdc_tsw
15:28:07.0 (168667214)|ENTERING_MANAGED_PKG|tdc_tsw
15:28:07.0 (169379524)|ENTERING_MANAGED_PKG|tdc_tsw
15:28:07.0 (169611238)|ENTERING_MANAGED_PKG|tdc_tsw
15:28:07.0 (169989575)|ENTERING_MANAGED_PKG|tdc_tsw
15:28:07.0 (171039707)|ENTERING_MANAGED_PKG|tdc_tsw
15:28:07.0 (171759284)|ENTERING_MANAGED_PKG|tdc_tsw
15:28:07.0 (171985771)|ENTERING_MANAGED_PKG|tdc_tsw
15:28:07.0 (172365459)|ENTERING_MANAGED_PKG|tdc_tsw
15:28:07.0 (173430087)|ENTERING_MANAGED_PKG|tdc_tsw
15:28:07.0 (174146329)|ENTERING_MANAGED_PKG|tdc_tsw
15:28:07.0 (174371681)|ENTERING_MANAGED_PKG|tdc_tsw
15:28:07.0 (174757858)|ENTERING_MANAGED_PKG|tdc_tsw
15:28:07.0 (175804114)|ENTERING_MANAGED_PKG|tdc_tsw
15:28:07.0 (176518163)|ENTERING_MANAGED_PKG|tdc_tsw
15:28:07.0 (176750653)|ENTERING_MANAGED_PKG|tdc_tsw
15:28:07.0 (177129308)|ENTERING_MANAGED_PKG|tdc_tsw
15:28:07.0 (178175885)|ENTERING_MANAGED_PKG|tdc_tsw
15:28:07.0 (178889202)|ENTERING_MANAGED_PKG|tdc_tsw
15:28:07.0 (179113005)|ENTERING_MANAGED_PKG|tdc_tsw
15:28:07.0 (179490842)|ENTERING_MANAGED_PKG|tdc_tsw
15:28:07.0 (180558836)|ENTERING_MANAGED_PKG|tdc_tsw
15:28:07.0 (181276267)|ENTERING_MANAGED_PKG|tdc_tsw
15:28:07.0 (181503745)|ENTERING_MANAGED_PKG|tdc_tsw
15:28:07.0 (181889477)|ENTERING_MANAGED_PKG|tdc_tsw
15:28:07.0 (182945761)|ENTERING_MANAGED_PKG|tdc_tsw
15:28:07.0 (183676124)|ENTERING_MANAGED_PKG|tdc_tsw
15:28:07.0 (183902415)|ENTERING_MANAGED_PKG|tdc_tsw
15:28:07.0 (184283093)|ENTERING_MANAGED_PKG|tdc_tsw
15:28:07.0 (185343006)|ENTERING_MANAGED_PKG|tdc_tsw
15:28:07.0 (186064648)|ENTERING_MANAGED_PKG|tdc_tsw
15:28:07.0 (186290605)|ENTERING_MANAGED_PKG|tdc_tsw
15:28:07.0 (186676050)|ENTERING_MANAGED_PKG|tdc_tsw
15:28:07.0 (187746186)|ENTERING_MANAGED_PKG|tdc_tsw
15:28:07.0 (188456510)|ENTERING_MANAGED_PKG|tdc_tsw
15:28:07.0 (188689584)|ENTERING_MANAGED_PKG|tdc_tsw
15:28:07.0 (189068929)|ENTERING_MANAGED_PKG|tdc_tsw
15:28:07.0 (190124456)|ENTERING_MANAGED_PKG|tdc_tsw
15:28:07.0 (190847359)|ENTERING_MANAGED_PKG|tdc_tsw
15:28:07.0 (191072932)|ENTERING_MANAGED_PKG|tdc_tsw
15:28:07.0 (191454946)|ENTERING_MANAGED_PKG|tdc_tsw
15:28:07.0 (192510078)|ENTERING_MANAGED_PKG|tdc_tsw
15:28:07.0 (193222078)|ENTERING_MANAGED_PKG|tdc_tsw
15:28:07.0 (193448970)|ENTERING_MANAGED_PKG|tdc_tsw
15:28:07.0 (193836735)|ENTERING_MANAGED_PKG|tdc_tsw
15:28:07.0 (194896389)|ENTERING_MANAGED_PKG|tdc_tsw
15:28:07.0 (195616081)|ENTERING_MANAGED_PKG|tdc_tsw
15:28:07.0 (195843106)|ENTERING_MANAGED_PKG|tdc_tsw
15:28:07.0 (196222834)|ENTERING_MANAGED_PKG|tdc_tsw
15:28:07.0 (197280346)|ENTERING_MANAGED_PKG|tdc_tsw
15:28:07.0 (198327649)|ENTERING_MANAGED_PKG|tdc_tsw
15:28:07.0 (198552713)|ENTERING_MANAGED_PKG|tdc_tsw
15:28:07.0 (198938919)|ENTERING_MANAGED_PKG|tdc_tsw
15:28:07.0 (200001904)|ENTERING_MANAGED_PKG|tdc_tsw
15:28:07.0 (200723176)|ENTERING_MANAGED_PKG|tdc_tsw
15:28:07.0 (200948658)|ENTERING_MANAGED_PKG|tdc_tsw
15:28:07.0 (201330292)|ENTERING_MANAGED_PKG|tdc_tsw
15:28:07.0 (202407354)|ENTERING_MANAGED_PKG|tdc_tsw
15:28:07.0 (203122572)|ENTERING_MANAGED_PKG|tdc_tsw
15:28:07.0 (203348171)|ENTERING_MANAGED_PKG|tdc_tsw
15:28:07.0 (203735172)|ENTERING_MANAGED_PKG|tdc_tsw
15:28:07.0 (204790608)|ENTERING_MANAGED_PKG|tdc_tsw
15:28:07.0 (205507083)|ENTERING_MANAGED_PKG|tdc_tsw
15:28:07.0 (205742779)|ENTERING_MANAGED_PKG|tdc_tsw
15:28:07.0 (206121688)|ENTERING_MANAGED_PKG|tdc_tsw
15:28:07.0 (207177420)|ENTERING_MANAGED_PKG|tdc_tsw
15:28:07.0 (207893083)|ENTERING_MANAGED_PKG|tdc_tsw
15:28:07.0 (208118183)|ENTERING_MANAGED_PKG|tdc_tsw
15:28:07.0 (208497666)|ENTERING_MANAGED_PKG|tdc_tsw
15:28:07.0 (209557241)|ENTERING_MANAGED_PKG|tdc_tsw
15:28:07.0 (210277866)|ENTERING_MANAGED_PKG|tdc_tsw
15:28:07.0 (210504191)|ENTERING_MANAGED_PKG|tdc_tsw
15:28:07.0 (210892160)|ENTERING_MANAGED_PKG|tdc_tsw
15:28:07.0 (211944879)|ENTERING_MANAGED_PKG|tdc_tsw
15:28:07.0 (212659440)|ENTERING_MANAGED_PKG|tdc_tsw
15:28:07.0 (212897168)|ENTERING_MANAGED_PKG|tdc_tsw
15:28:07.0 (213276872)|ENTERING_MANAGED_PKG|tdc_tsw
15:28:07.0 (214333494)|ENTERING_MANAGED_PKG|tdc_tsw
15:28:07.0 (215050167)|ENTERING_MANAGED_PKG|tdc_tsw
15:28:07.0 (215276385)|ENTERING_MANAGED_PKG|tdc_tsw
15:28:07.0 (215664375)|ENTERING_MANAGED_PKG|tdc_tsw
15:28:07.0 (216730902)|ENTERING_MANAGED_PKG|tdc_tsw
15:28:07.0 (217443094)|ENTERING_MANAGED_PKG|tdc_tsw
15:28:07.0 (217679027)|ENTERING_MANAGED_PKG|tdc_tsw
15:28:07.0 (218059183)|ENTERING_MANAGED_PKG|tdc_tsw
15:28:07.0 (219117799)|ENTERING_MANAGED_PKG|tdc_tsw
15:28:07.0 (219835915)|ENTERING_MANAGED_PKG|tdc_tsw
15:28:07.0 (220074510)|ENTERING_MANAGED_PKG|tdc_tsw
15:28:07.0 (220454694)|ENTERING_MANAGED_PKG|tdc_tsw
15:28:07.0 (221512378)|ENTERING_MANAGED_PKG|tdc_tsw
15:28:07.0 (222224808)|ENTERING_MANAGED_PKG|tdc_tsw
15:28:07.0 (222451455)|ENTERING_MANAGED_PKG|tdc_tsw
15:28:07.0 (222841496)|ENTERING_MANAGED_PKG|tdc_tsw
15:28:07.0 (223898420)|ENTERING_MANAGED_PKG|tdc_tsw
15:28:07.0 (224617064)|ENTERING_MANAGED_PKG|tdc_tsw
15:28:07.0 (224844606)|ENTERING_MANAGED_PKG|tdc_tsw
15:28:07.0 (225225869)|ENTERING_MANAGED_PKG|tdc_tsw
15:28:07.0 (226536571)|ENTERING_MANAGED_PKG|tdc_tsw
15:28:07.0 (227672599)|ENTERING_MANAGED_PKG|tdc_tsw
15:28:07.0 (227760964)|ENTERING_MANAGED_PKG|tdc_tsw
15:28:07.0 (228494665)|SOQL_EXECUTE_BEGIN|[200]|Aggregations:0|SELECT Name, NamespacePrefix, SystemModStamp FROM StaticResource WHERE Name LIKE :tmpVar1 LIMIT 10
15:28:07.0 (232487164)|SOQL_EXECUTE_END|[200]|Rows:1
15:28:07.0 (233406787)|ENTERING_MANAGED_PKG|tdc_tsw
15:28:07.0 (233885656)|SOQL_EXECUTE_BEGIN|[200]|Aggregations:0|SELECT Name, NamespacePrefix, SystemModStamp FROM StaticResource WHERE Name LIKE :tmpVar1 LIMIT 10
15:28:07.0 (236508726)|SOQL_EXECUTE_END|[200]|Rows:1
15:28:07.0 (236937464)|ENTERING_MANAGED_PKG|tdc_tsw
15:28:07.0 (240290845)|ENTERING_MANAGED_PKG|tdc_tsw
15:28:07.0 (241774580)|ENTERING_MANAGED_PKG|tdc_tsw
15:28:07.0 (242051246)|ENTERING_MANAGED_PKG|tdc_tsw
15:28:07.0 (242885089)|ENTERING_MANAGED_PKG|tdc_tsw
15:28:07.0 (243284672)|SOQL_EXECUTE_BEGIN|[200]|Aggregations:0|SELECT Name, NamespacePrefix, SystemModStamp FROM StaticResource WHERE Name LIKE :tmpVar1 LIMIT 10
15:28:07.0 (245691874)|SOQL_EXECUTE_END|[200]|Rows:1
15:28:07.288 (288416765)|USER_INFO|[EXTERNAL]|0051H000009gxp8|chanida.dev2@solvedbysoftwareco.com|Eastern Standard Time|GMT-05:00
15:28:07.288 (290005957)|ENTERING_MANAGED_PKG|tdc_tsw
15:28:07.288 (290218661)|ENTERING_MANAGED_PKG|tdc_tsw
15:28:07.288 (292792684)|SOQL_EXECUTE_BEGIN|[355]|Aggregations:0|SELECT id, name, Disable_Incoming_SMS_Sharing__c FROM User WHERE id = :tmpVar1
15:28:07.288 (298874172)|SOQL_EXECUTE_END|[355]|Rows:1
15:28:07.288 (299786181)|SOQL_EXECUTE_BEGIN|[367]|Aggregations:0|SELECT CreatedDate,Id,LastModifiedDate,Related_Object_Id__c FROM Message__c WHERE Name = 'Incoming' AND Read__c = false ORDER BY CreatedDate Desc limit 100
15:28:07.288 (307671598)|SOQL_EXECUTE_END|[367]|Rows:100
