44.0 APEX_CODE,FINEST;APEX_PROFILING,INFO;CALLOUT,INFO;DB,INFO;NBA,INFO;SYSTEM,DEBUG;VALIDATION,INFO;VISUALFORCE,INFO;WAVE,INFO;WORKFLOW,INFO
21:12:03.0 (119809)|USER_INFO|[EXTERNAL]|0051H000009gxp8|chanida.dev2@solvedbysoftwareco.com|Eastern Standard Time|GMT-05:00
21:12:03.0 (1666593)|ENTERING_MANAGED_PKG|tdc_tsw
21:12:03.0 (2119044)|ENTERING_MANAGED_PKG|tdc_tsw
21:12:03.0 (5921407)|SOQL_EXECUTE_BEGIN|[16]|Aggregations:0|SELECT id, name, Disable_Incoming_SMS_Sharing__c FROM User WHERE id = :tmpVar1
21:12:03.0 (13525528)|SOQL_EXECUTE_END|[16]|Rows:1
21:12:03.0 (18771607)|SOQL_EXECUTE_BEGIN|[37]|Aggregations:0|SELECT CreatedDate,Created_Date__c,Id,LastModifiedDate,MessageId__c,Message_Text_New__c,Name,OwnerId,Read__c,Related_Object_Id__c,Related_Object__c,Sender_Number__c, Sender_Name__c,ToNumber__c,Attachments_Ids__c FROM Message__c WHERE Name = 'Incoming' AND Read__c = false ORDER BY CreatedDate Desc limit 100
21:12:03.0 (29780771)|SOQL_EXECUTE_END|[37]|Rows:16
21:12:03.0 (33527166)|ENTERING_MANAGED_PKG|tdc_tsw
21:12:03.0 (35264498)|ENTERING_MANAGED_PKG|tdc_tsw
21:12:03.0 (35697571)|ENTERING_MANAGED_PKG|tdc_tsw
21:12:03.0 (36367647)|ENTERING_MANAGED_PKG|tdc_tsw
21:12:03.0 (39243711)|ENTERING_MANAGED_PKG|tdc_tsw
21:12:03.0 (40080667)|ENTERING_MANAGED_PKG|tdc_tsw
21:12:03.0 (40340306)|ENTERING_MANAGED_PKG|tdc_tsw
21:12:03.0 (40750762)|ENTERING_MANAGED_PKG|tdc_tsw
21:12:03.0 (41862515)|ENTERING_MANAGED_PKG|tdc_tsw
21:12:03.0 (42633213)|ENTERING_MANAGED_PKG|tdc_tsw
21:12:03.0 (42865296)|ENTERING_MANAGED_PKG|tdc_tsw
21:12:03.0 (43331849)|ENTERING_MANAGED_PKG|tdc_tsw
21:12:03.0 (44620708)|ENTERING_MANAGED_PKG|tdc_tsw
21:12:03.0 (45302994)|ENTERING_MANAGED_PKG|tdc_tsw
21:12:03.0 (45393661)|ENTERING_MANAGED_PKG|tdc_tsw
21:12:03.0 (46039680)|SOQL_EXECUTE_BEGIN|[200]|Aggregations:0|SELECT Name, NamespacePrefix, SystemModStamp FROM StaticResource WHERE Name LIKE :tmpVar1 LIMIT 10
21:12:03.0 (49438465)|SOQL_EXECUTE_END|[200]|Rows:1
21:12:03.0 (50248107)|ENTERING_MANAGED_PKG|tdc_tsw
21:12:03.0 (50621898)|SOQL_EXECUTE_BEGIN|[200]|Aggregations:0|SELECT Name, NamespacePrefix, SystemModStamp FROM StaticResource WHERE Name LIKE :tmpVar1 LIMIT 10
21:12:03.0 (52924888)|SOQL_EXECUTE_END|[200]|Rows:1
21:12:03.0 (53538861)|ENTERING_MANAGED_PKG|tdc_tsw
21:12:03.0 (57183270)|ENTERING_MANAGED_PKG|tdc_tsw
21:12:03.0 (58713632)|ENTERING_MANAGED_PKG|tdc_tsw
21:12:03.0 (59025312)|ENTERING_MANAGED_PKG|tdc_tsw
21:12:03.0 (59884582)|ENTERING_MANAGED_PKG|tdc_tsw
21:12:03.0 (60300519)|SOQL_EXECUTE_BEGIN|[200]|Aggregations:0|SELECT Name, NamespacePrefix, SystemModStamp FROM StaticResource WHERE Name LIKE :tmpVar1 LIMIT 10
21:12:03.0 (62733355)|SOQL_EXECUTE_END|[200]|Rows:1
21:12:03.67 (67826233)|USER_INFO|[EXTERNAL]|0051H000009gxp8|chanida.dev2@solvedbysoftwareco.com|Eastern Standard Time|GMT-05:00
21:12:03.67 (69092878)|ENTERING_MANAGED_PKG|tdc_tsw
21:12:03.67 (69263521)|ENTERING_MANAGED_PKG|tdc_tsw
21:12:03.67 (71629473)|SOQL_EXECUTE_BEGIN|[355]|Aggregations:0|SELECT id, name, Disable_Incoming_SMS_Sharing__c FROM User WHERE id = :tmpVar1
21:12:03.67 (78030692)|SOQL_EXECUTE_END|[355]|Rows:1
21:12:03.67 (79069164)|SOQL_EXECUTE_BEGIN|[367]|Aggregations:0|SELECT CreatedDate,Id,LastModifiedDate,Related_Object_Id__c FROM Message__c WHERE Name = 'Incoming' AND Read__c = false ORDER BY CreatedDate Desc limit 100
21:12:03.67 (85046597)|SOQL_EXECUTE_END|[367]|Rows:16
