44.0 APEX_CODE,FINEST;APEX_PROFILING,INFO;CALLOUT,INFO;DB,INFO;NBA,INFO;SYSTEM,DEBUG;VALIDATION,INFO;VISUALFORCE,INFO;WAVE,INFO;WORKFLOW,INFO
22:15:56.0 (342126)|USER_INFO|[EXTERNAL]|0051H000009gxp8|chanida.dev2@solvedbysoftwareco.com|Eastern Standard Time|GMT-05:00
22:15:56.0 (3577244)|ENTERING_MANAGED_PKG|tdc_tsw
22:15:56.0 (3765694)|ENTERING_MANAGED_PKG|tdc_tsw
22:15:56.0 (4407664)|ENTERING_MANAGED_PKG|tdc_tsw
22:15:56.0 (4458718)|ENTERING_MANAGED_PKG|tdc_tsw
22:15:56.0 (5525562)|ENTERING_MANAGED_PKG|tdc_tsw
22:15:56.0 (6383143)|ENTERING_MANAGED_PKG|tdc_tsw
22:15:56.0 (7945256)|ENTERING_MANAGED_PKG|tdc_tsw
22:15:56.0 (8039189)|ENTERING_MANAGED_PKG|tdc_tsw
22:15:56.0 (9430131)|ENTERING_MANAGED_PKG|tdc_tsw
22:15:56.0 (16581440)|SOQL_EXECUTE_BEGIN|[82]|Aggregations:0|SELECT CreatedDate, Id,Task_Created__c,Event_Created__c,isCaseCreated__c,Task_Id__c,Event_Id__c,Case__c, Important__c, Delivered__c, Message_Text_New__c, Name, Owner.Name, Read__c,MessageId__c, ToNumber__c, Related_Object_Id__c, Related_Object__c, Sender_Number__c, LastModifiedDate, Attachments_Ids__c FROM Message__c WHERE Contact__c =: recordId ORDER BY CreatedDate Desc limit 200
22:15:56.0 (29804366)|SOQL_EXECUTE_END|[82]|Rows:2
22:15:56.0 (31515834)|ENTERING_MANAGED_PKG|tdc_tsw
22:15:56.0 (31824775)|ENTERING_MANAGED_PKG|tdc_tsw
22:15:56.0 (31921789)|ENTERING_MANAGED_PKG|tdc_tsw
22:15:56.0 (32550345)|SOQL_EXECUTE_BEGIN|[200]|Aggregations:0|SELECT Name, NamespacePrefix, SystemModStamp FROM StaticResource WHERE Name LIKE :tmpVar1 LIMIT 10
22:15:56.0 (35577884)|SOQL_EXECUTE_END|[200]|Rows:1
22:15:56.0 (38057299)|ENTERING_MANAGED_PKG|tdc_tsw
22:15:56.0 (39965752)|ENTERING_MANAGED_PKG|tdc_tsw
22:15:56.0 (40024863)|ENTERING_MANAGED_PKG|tdc_tsw
22:15:56.0 (42387735)|ENTERING_MANAGED_PKG|tdc_tsw
22:15:56.0 (43383252)|ENTERING_MANAGED_PKG|tdc_tsw
22:15:56.0 (48676766)|SOQL_EXECUTE_BEGIN|[172]|Aggregations:0|SELECT id, name FROM ChatTranscript__c WHERE (Chat_Active__c = TRUE AND (Related_Object_Id__c = :tmpVar1 OR Related_Object_Id__c = :tmpVar2)) LIMIT 1
22:15:56.0 (52866927)|SOQL_EXECUTE_END|[172]|Rows:0
22:15:56.0 (53450332)|ENTERING_MANAGED_PKG|tdc_tsw
22:15:56.0 (53505215)|ENTERING_MANAGED_PKG|tdc_tsw
