38.0 APEX_CODE,FINEST;APEX_PROFILING,INFO;CALLOUT,INFO;DB,INFO;NBA,INFO;SYSTEM,DEBUG;VALIDATION,INFO;VISUALFORCE,INFO;WAVE,INFO;WORKFLOW,INFO
21:56:21.22 (22313768)|ENTERING_MANAGED_PKG|tdc_tsw
21:56:21.22 (25939647)|ENTERING_MANAGED_PKG|tdc_tsw
21:56:21.22 (30881101)|ENTERING_MANAGED_PKG|tdc_tsw
21:56:21.22 (36182896)|ENTERING_MANAGED_PKG|tdc_tsw
21:56:21.22 (37190396)|ENTERING_MANAGED_PKG|tdc_tsw
21:56:21.22 (37260604)|ENTERING_MANAGED_PKG|tdc_tsw
21:56:21.22 (38137856)|SOQL_EXECUTE_BEGIN|[626]|Aggregations:0|select id,name,SMSBodyNew__c  from Message_Template__c where ObjectName__c =: currentObject and SMS_Survey__c = null  order by name ASC Limit 999
21:56:21.22 (43794246)|SOQL_EXECUTE_END|[626]|Rows:0
21:56:21.22 (47233013)|ENTERING_MANAGED_PKG|tdc_tsw
21:56:21.22 (47460697)|ENTERING_MANAGED_PKG|tdc_tsw
21:56:21.22 (47565739)|ENTERING_MANAGED_PKG|tdc_tsw
21:56:21.22 (47628629)|ENTERING_MANAGED_PKG|tdc_tsw
21:56:21.22 (47710293)|ENTERING_MANAGED_PKG|tdc_tsw
21:56:21.22 (47783354)|ENTERING_MANAGED_PKG|tdc_tsw
21:56:21.22 (47892345)|ENTERING_MANAGED_PKG|tdc_tsw
21:56:21.22 (47964397)|ENTERING_MANAGED_PKG|tdc_tsw
21:56:21.22 (48064495)|ENTERING_MANAGED_PKG|tdc_tsw
21:56:21.22 (48173342)|ENTERING_MANAGED_PKG|tdc_tsw
21:56:21.22 (48987487)|ENTERING_MANAGED_PKG|tdc_tsw
21:56:21.22 (49044333)|ENTERING_MANAGED_PKG|tdc_tsw
21:56:21.22 (52796511)|ENTERING_MANAGED_PKG|tdc_tsw
21:56:21.22 (53184709)|ENTERING_MANAGED_PKG|tdc_tsw
21:56:21.22 (81236845)|ENTERING_MANAGED_PKG|tdc_tsw
21:56:21.22 (81455001)|ENTERING_MANAGED_PKG|tdc_tsw
21:56:21.22 (81572312)|ENTERING_MANAGED_PKG|tdc_tsw
21:56:21.22 (81710304)|ENTERING_MANAGED_PKG|tdc_tsw
21:56:21.22 (81762495)|ENTERING_MANAGED_PKG|tdc_tsw
21:56:21.22 (81798657)|ENTERING_MANAGED_PKG|tdc_tsw
21:56:21.22 (81834609)|ENTERING_MANAGED_PKG|tdc_tsw
21:56:21.22 (81926072)|ENTERING_MANAGED_PKG|tdc_tsw
21:56:21.22 (85482822)|ENTERING_MANAGED_PKG|tdc_tsw
21:56:21.22 (85576365)|ENTERING_MANAGED_PKG|tdc_tsw
21:56:21.22 (85635251)|ENTERING_MANAGED_PKG|tdc_tsw
21:56:21.22 (87042962)|ENTERING_MANAGED_PKG|tdc_tsw
21:56:21.22 (91155915)|ENTERING_MANAGED_PKG|tdc_tsw
21:56:21.22 (98587928)|ENTERING_MANAGED_PKG|tdc_tsw
21:56:21.22 (107433598)|ENTERING_MANAGED_PKG|tdc_tsw
21:56:21.22 (107558736)|ENTERING_MANAGED_PKG|tdc_tsw
21:56:21.22 (107751421)|ENTERING_MANAGED_PKG|tdc_tsw
21:56:21.22 (107984507)|ENTERING_MANAGED_PKG|tdc_tsw
21:56:21.22 (108256619)|ENTERING_MANAGED_PKG|tdc_tsw
21:56:21.22 (108327543)|ENTERING_MANAGED_PKG|tdc_tsw
21:56:21.22 (108440348)|ENTERING_MANAGED_PKG|tdc_tsw
21:56:21.22 (108551466)|ENTERING_MANAGED_PKG|tdc_tsw
21:56:21.22 (108587779)|ENTERING_MANAGED_PKG|tdc_tsw
21:56:21.22 (108856806)|ENTERING_MANAGED_PKG|tdc_tsw
21:56:21.22 (108964866)|ENTERING_MANAGED_PKG|tdc_tsw
21:56:21.22 (109066999)|ENTERING_MANAGED_PKG|tdc_tsw
21:56:21.22 (109265891)|ENTERING_MANAGED_PKG|tdc_tsw
21:56:21.22 (109360437)|ENTERING_MANAGED_PKG|tdc_tsw
21:56:21.22 (112515721)|ENTERING_MANAGED_PKG|tdc_tsw
21:56:21.22 (112618394)|ENTERING_MANAGED_PKG|tdc_tsw
21:56:21.22 (112719405)|ENTERING_MANAGED_PKG|tdc_tsw
21:56:21.22 (116221831)|ENTERING_MANAGED_PKG|tdc_tsw
21:56:21.22 (116311000)|ENTERING_MANAGED_PKG|tdc_tsw
21:56:21.22 (116407874)|ENTERING_MANAGED_PKG|tdc_tsw
21:56:21.22 (116502500)|ENTERING_MANAGED_PKG|tdc_tsw
21:56:21.22 (116658537)|ENTERING_MANAGED_PKG|tdc_tsw
21:56:21.22 (116805665)|ENTERING_MANAGED_PKG|tdc_tsw
21:56:21.22 (116892533)|ENTERING_MANAGED_PKG|tdc_tsw
21:56:21.22 (116980273)|ENTERING_MANAGED_PKG|tdc_tsw
21:56:21.22 (117066355)|ENTERING_MANAGED_PKG|tdc_tsw
21:56:21.22 (117150396)|ENTERING_MANAGED_PKG|tdc_tsw
21:56:21.22 (117216279)|ENTERING_MANAGED_PKG|tdc_tsw
21:56:21.22 (117302070)|ENTERING_MANAGED_PKG|tdc_tsw
21:56:21.22 (117399933)|ENTERING_MANAGED_PKG|tdc_tsw
21:56:21.22 (120227077)|ENTERING_MANAGED_PKG|tdc_tsw
21:56:21.22 (120344608)|ENTERING_MANAGED_PKG|tdc_tsw
21:56:21.22 (120691089)|ENTERING_MANAGED_PKG|tdc_tsw
21:56:21.22 (120886811)|ENTERING_MANAGED_PKG|tdc_tsw
21:56:21.22 (121124195)|ENTERING_MANAGED_PKG|tdc_tsw
21:56:21.22 (121226865)|ENTERING_MANAGED_PKG|tdc_tsw
21:56:21.22 (121412875)|ENTERING_MANAGED_PKG|tdc_tsw
21:56:21.22 (121899094)|ENTERING_MANAGED_PKG|tdc_tsw
21:56:21.22 (539539233)|ENTERING_MANAGED_PKG|tdc_tsw
21:56:21.22 (539673118)|ENTERING_MANAGED_PKG|tdc_tsw
21:56:21.22 (540795033)|ENTERING_MANAGED_PKG|tdc_tsw
21:56:21.22 (540895630)|ENTERING_MANAGED_PKG|tdc_tsw
21:56:21.22 (541014035)|ENTERING_MANAGED_PKG|tdc_tsw
21:56:21.22 (543840008)|ENTERING_MANAGED_PKG|tdc_tsw
21:56:21.22 (543919397)|ENTERING_MANAGED_PKG|tdc_tsw
21:56:21.22 (543985314)|ENTERING_MANAGED_PKG|tdc_tsw
21:56:21.22 (544074088)|ENTERING_MANAGED_PKG|tdc_tsw
21:56:21.22 (544134234)|ENTERING_MANAGED_PKG|tdc_tsw
21:56:21.22 (544174798)|ENTERING_MANAGED_PKG|tdc_tsw
21:56:21.22 (544244989)|ENTERING_MANAGED_PKG|tdc_tsw
21:56:21.22 (544301866)|ENTERING_MANAGED_PKG|tdc_tsw
21:56:21.22 (544357814)|ENTERING_MANAGED_PKG|tdc_tsw
21:56:21.22 (548766340)|ENTERING_MANAGED_PKG|tdc_tsw
21:56:21.22 (549104527)|ENTERING_MANAGED_PKG|tdc_tsw
21:56:21.22 (549543551)|ENTERING_MANAGED_PKG|tdc_tsw
21:56:21.22 (558765488)|ENTERING_MANAGED_PKG|tdc_tsw
21:56:21.22 (559682644)|ENTERING_MANAGED_PKG|tdc_tsw
21:56:21.22 (559758107)|ENTERING_MANAGED_PKG|tdc_tsw
21:56:21.22 (559808224)|ENTERING_MANAGED_PKG|tdc_tsw
21:56:21.22 (559890292)|ENTERING_MANAGED_PKG|tdc_tsw
21:56:21.22 (559952329)|ENTERING_MANAGED_PKG|tdc_tsw
21:56:21.22 (560109397)|ENTERING_MANAGED_PKG|tdc_tsw
21:56:21.22 (560971375)|ENTERING_MANAGED_PKG|tdc_tsw
21:56:21.22 (561036124)|ENTERING_MANAGED_PKG|tdc_tsw
21:56:21.22 (561337650)|ENTERING_MANAGED_PKG|tdc_tsw
21:56:21.22 (561400775)|ENTERING_MANAGED_PKG|tdc_tsw
21:56:21.22 (561706077)|ENTERING_MANAGED_PKG|tdc_tsw
21:56:21.22 (561769351)|ENTERING_MANAGED_PKG|tdc_tsw
21:56:21.22 (561815692)|ENTERING_MANAGED_PKG|tdc_tsw
21:56:21.22 (561854543)|ENTERING_MANAGED_PKG|tdc_tsw
21:56:21.22 (561898492)|ENTERING_MANAGED_PKG|tdc_tsw
21:56:21.22 (561963431)|ENTERING_MANAGED_PKG|tdc_tsw
21:56:21.22 (562048077)|ENTERING_MANAGED_PKG|tdc_tsw
21:56:21.22 (562080347)|ENTERING_MANAGED_PKG|tdc_tsw
21:56:21.22 (562129764)|ENTERING_MANAGED_PKG|tdc_tsw
21:56:21.22 (562301441)|ENTERING_MANAGED_PKG|tdc_tsw
21:56:21.22 (562354730)|ENTERING_MANAGED_PKG|tdc_tsw
21:56:21.22 (562413382)|ENTERING_MANAGED_PKG|tdc_tsw
21:56:21.22 (562477780)|ENTERING_MANAGED_PKG|tdc_tsw
21:56:21.22 (562531499)|ENTERING_MANAGED_PKG|tdc_tsw
21:56:21.22 (562591654)|ENTERING_MANAGED_PKG|tdc_tsw
21:56:21.22 (562634257)|ENTERING_MANAGED_PKG|tdc_tsw
21:56:21.22 (562694594)|ENTERING_MANAGED_PKG|tdc_tsw
21:56:21.22 (562735077)|ENTERING_MANAGED_PKG|tdc_tsw
21:56:21.22 (562864925)|ENTERING_MANAGED_PKG|tdc_tsw
21:56:21.22 (562959695)|ENTERING_MANAGED_PKG|tdc_tsw
21:56:21.22 (563035348)|ENTERING_MANAGED_PKG|tdc_tsw
21:56:21.22 (563109981)|ENTERING_MANAGED_PKG|tdc_tsw
21:56:21.22 (563201469)|ENTERING_MANAGED_PKG|tdc_tsw
21:56:21.22 (835401770)|ENTERING_MANAGED_PKG|tdc_tsw
21:56:21.22 (838654173)|ENTERING_MANAGED_PKG|tdc_tsw
21:56:21.22 (838711175)|ENTERING_MANAGED_PKG|tdc_tsw
21:56:21.22 (838782010)|ENTERING_MANAGED_PKG|tdc_tsw
21:56:21.22 (838856257)|ENTERING_MANAGED_PKG|tdc_tsw
21:56:21.22 (838896764)|ENTERING_MANAGED_PKG|tdc_tsw
21:56:21.22 (838934815)|ENTERING_MANAGED_PKG|tdc_tsw
21:56:21.22 (838992515)|ENTERING_MANAGED_PKG|tdc_tsw
21:56:21.22 (839028251)|ENTERING_MANAGED_PKG|tdc_tsw
21:56:21.22 (839065806)|ENTERING_MANAGED_PKG|tdc_tsw
21:56:21.22 (839201847)|ENTERING_MANAGED_PKG|tdc_tsw
21:56:21.22 (839346802)|ENTERING_MANAGED_PKG|tdc_tsw
21:56:21.22 (839420603)|ENTERING_MANAGED_PKG|tdc_tsw
21:56:21.22 (839532041)|ENTERING_MANAGED_PKG|tdc_tsw
21:56:21.22 (839730071)|ENTERING_MANAGED_PKG|tdc_tsw
21:56:21.22 (841937998)|ENTERING_MANAGED_PKG|tdc_tsw
21:56:21.22 (842764636)|ENTERING_MANAGED_PKG|tdc_tsw
21:56:21.22 (851376676)|ENTERING_MANAGED_PKG|tdc_tsw
21:56:21.22 (852754126)|ENTERING_MANAGED_PKG|tdc_tsw
21:56:21.22 (861259679)|ENTERING_MANAGED_PKG|tdc_tsw
21:56:21.22 (862501012)|ENTERING_MANAGED_PKG|tdc_tsw
21:56:21.22 (871045230)|ENTERING_MANAGED_PKG|tdc_tsw
21:56:21.22 (872295257)|ENTERING_MANAGED_PKG|tdc_tsw
21:56:21.22 (880779089)|ENTERING_MANAGED_PKG|tdc_tsw
21:56:21.22 (882018016)|ENTERING_MANAGED_PKG|tdc_tsw
21:56:21.22 (890447574)|ENTERING_MANAGED_PKG|tdc_tsw
21:56:21.22 (891493682)|ENTERING_MANAGED_PKG|tdc_tsw
21:56:21.22 (898935861)|ENTERING_MANAGED_PKG|tdc_tsw
21:56:21.22 (899994428)|ENTERING_MANAGED_PKG|tdc_tsw
21:56:21.22 (907171606)|ENTERING_MANAGED_PKG|tdc_tsw
21:56:21.22 (908237073)|ENTERING_MANAGED_PKG|tdc_tsw
21:56:21.22 (915540339)|ENTERING_MANAGED_PKG|tdc_tsw
21:56:21.22 (916579425)|ENTERING_MANAGED_PKG|tdc_tsw
21:56:21.22 (923715767)|ENTERING_MANAGED_PKG|tdc_tsw
21:56:21.22 (924777842)|ENTERING_MANAGED_PKG|tdc_tsw
21:56:21.22 (935107003)|ENTERING_MANAGED_PKG|tdc_tsw
21:56:21.22 (936144565)|ENTERING_MANAGED_PKG|tdc_tsw
21:56:21.22 (943224799)|ENTERING_MANAGED_PKG|tdc_tsw
21:56:21.22 (944263526)|ENTERING_MANAGED_PKG|tdc_tsw
21:56:21.22 (951491190)|ENTERING_MANAGED_PKG|tdc_tsw
21:56:21.22 (952542238)|ENTERING_MANAGED_PKG|tdc_tsw
21:56:21.22 (959719707)|ENTERING_MANAGED_PKG|tdc_tsw
21:56:21.22 (960782842)|ENTERING_MANAGED_PKG|tdc_tsw
21:56:21.22 (967914361)|ENTERING_MANAGED_PKG|tdc_tsw
21:56:21.22 (968991327)|ENTERING_MANAGED_PKG|tdc_tsw
21:56:21.22 (976130776)|ENTERING_MANAGED_PKG|tdc_tsw
21:56:21.22 (977205913)|ENTERING_MANAGED_PKG|tdc_tsw
21:56:21.22 (984344592)|ENTERING_MANAGED_PKG|tdc_tsw
21:56:21.22 (985383556)|ENTERING_MANAGED_PKG|tdc_tsw
21:56:21.22 (992581630)|ENTERING_MANAGED_PKG|tdc_tsw
21:56:21.22 (993644898)|ENTERING_MANAGED_PKG|tdc_tsw
21:56:21.22 (1000753236)|ENTERING_MANAGED_PKG|tdc_tsw
21:56:21.22 (1001790935)|ENTERING_MANAGED_PKG|tdc_tsw
21:56:21.22 (1008884499)|ENTERING_MANAGED_PKG|tdc_tsw
21:56:21.22 (1009919518)|ENTERING_MANAGED_PKG|tdc_tsw
21:56:21.22 (1017125372)|ENTERING_MANAGED_PKG|tdc_tsw
21:56:21.22 (1018485544)|ENTERING_MANAGED_PKG|tdc_tsw
21:56:22.25 (1025610390)|ENTERING_MANAGED_PKG|tdc_tsw
21:56:22.25 (1026669482)|ENTERING_MANAGED_PKG|tdc_tsw
21:56:22.25 (1033931196)|ENTERING_MANAGED_PKG|tdc_tsw
21:56:22.25 (1034983061)|ENTERING_MANAGED_PKG|tdc_tsw
21:56:22.25 (1042169299)|ENTERING_MANAGED_PKG|tdc_tsw
21:56:22.25 (1043208197)|ENTERING_MANAGED_PKG|tdc_tsw
21:56:22.25 (1050346306)|ENTERING_MANAGED_PKG|tdc_tsw
21:56:22.25 (1051383762)|ENTERING_MANAGED_PKG|tdc_tsw
21:56:22.25 (1058587502)|ENTERING_MANAGED_PKG|tdc_tsw
21:56:22.25 (1059629107)|ENTERING_MANAGED_PKG|tdc_tsw
21:56:22.25 (1066742410)|ENTERING_MANAGED_PKG|tdc_tsw
21:56:22.25 (1067795613)|ENTERING_MANAGED_PKG|tdc_tsw
21:56:22.25 (1074905002)|ENTERING_MANAGED_PKG|tdc_tsw
21:56:22.25 (1075950123)|ENTERING_MANAGED_PKG|tdc_tsw
21:56:22.25 (1083139878)|ENTERING_MANAGED_PKG|tdc_tsw
21:56:22.25 (1084199178)|ENTERING_MANAGED_PKG|tdc_tsw
21:56:22.25 (1091525569)|ENTERING_MANAGED_PKG|tdc_tsw
21:56:22.25 (1092584360)|ENTERING_MANAGED_PKG|tdc_tsw
21:56:22.25 (1099732489)|ENTERING_MANAGED_PKG|tdc_tsw
21:56:22.25 (1100805485)|ENTERING_MANAGED_PKG|tdc_tsw
21:56:22.25 (1108046337)|ENTERING_MANAGED_PKG|tdc_tsw
21:56:22.25 (1109109178)|ENTERING_MANAGED_PKG|tdc_tsw
21:56:22.25 (1116305227)|ENTERING_MANAGED_PKG|tdc_tsw
21:56:22.25 (1117346906)|ENTERING_MANAGED_PKG|tdc_tsw
21:56:22.25 (1124602023)|ENTERING_MANAGED_PKG|tdc_tsw
21:56:22.25 (1125640207)|ENTERING_MANAGED_PKG|tdc_tsw
21:56:22.25 (1132740473)|ENTERING_MANAGED_PKG|tdc_tsw
21:56:22.25 (1133786513)|ENTERING_MANAGED_PKG|tdc_tsw
21:56:22.25 (1140883326)|ENTERING_MANAGED_PKG|tdc_tsw
21:56:22.25 (1141943134)|ENTERING_MANAGED_PKG|tdc_tsw
21:56:22.25 (1149696294)|ENTERING_MANAGED_PKG|tdc_tsw
21:56:22.25 (1150758479)|ENTERING_MANAGED_PKG|tdc_tsw
21:56:22.25 (1158412114)|ENTERING_MANAGED_PKG|tdc_tsw
21:56:22.25 (1159517261)|ENTERING_MANAGED_PKG|tdc_tsw
21:56:22.25 (1166889439)|ENTERING_MANAGED_PKG|tdc_tsw
21:56:22.25 (1167962105)|ENTERING_MANAGED_PKG|tdc_tsw
21:56:22.25 (1175055132)|ENTERING_MANAGED_PKG|tdc_tsw
21:56:22.25 (1176095324)|ENTERING_MANAGED_PKG|tdc_tsw
21:56:22.25 (1183231016)|ENTERING_MANAGED_PKG|tdc_tsw
21:56:22.25 (1184271022)|ENTERING_MANAGED_PKG|tdc_tsw
21:56:22.25 (1191482441)|ENTERING_MANAGED_PKG|tdc_tsw
21:56:22.25 (1192570420)|ENTERING_MANAGED_PKG|tdc_tsw
21:56:22.25 (1199673664)|ENTERING_MANAGED_PKG|tdc_tsw
21:56:22.25 (1200743879)|ENTERING_MANAGED_PKG|tdc_tsw
21:56:22.25 (1207933095)|ENTERING_MANAGED_PKG|tdc_tsw
21:56:22.25 (1208967784)|ENTERING_MANAGED_PKG|tdc_tsw
21:56:22.25 (1216114611)|ENTERING_MANAGED_PKG|tdc_tsw
21:56:22.25 (1217159336)|ENTERING_MANAGED_PKG|tdc_tsw
21:56:22.25 (1224253472)|ENTERING_MANAGED_PKG|tdc_tsw
21:56:22.25 (1225286396)|ENTERING_MANAGED_PKG|tdc_tsw
21:56:22.25 (1235318474)|ENTERING_MANAGED_PKG|tdc_tsw
21:56:22.25 (1236399688)|ENTERING_MANAGED_PKG|tdc_tsw
21:56:22.25 (1243488315)|ENTERING_MANAGED_PKG|tdc_tsw
21:56:22.25 (1244533962)|ENTERING_MANAGED_PKG|tdc_tsw
21:56:22.25 (1251618732)|ENTERING_MANAGED_PKG|tdc_tsw
21:56:22.25 (1252653513)|ENTERING_MANAGED_PKG|tdc_tsw
21:56:22.25 (1259801851)|ENTERING_MANAGED_PKG|tdc_tsw
21:56:22.25 (1260840907)|ENTERING_MANAGED_PKG|tdc_tsw
21:56:22.25 (1268735362)|ENTERING_MANAGED_PKG|tdc_tsw
21:56:22.25 (1271891082)|ENTERING_MANAGED_PKG|tdc_tsw
21:56:22.25 (1272129749)|ENTERING_MANAGED_PKG|tdc_tsw
21:56:22.25 (1272268533)|ENTERING_MANAGED_PKG|tdc_tsw
21:56:22.25 (1272404752)|ENTERING_MANAGED_PKG|tdc_tsw
21:56:22.25 (1272503815)|ENTERING_MANAGED_PKG|tdc_tsw
21:56:22.25 (1272567174)|ENTERING_MANAGED_PKG|tdc_tsw
21:56:22.25 (1272732557)|ENTERING_MANAGED_PKG|tdc_tsw
21:56:22.25 (1272786540)|ENTERING_MANAGED_PKG|tdc_tsw
21:56:22.25 (1272873510)|ENTERING_MANAGED_PKG|tdc_tsw
21:56:22.25 (1272998127)|ENTERING_MANAGED_PKG|tdc_tsw
21:56:22.25 (1274697084)|ENTERING_MANAGED_PKG|tdc_tsw
21:56:22.25 (1275098170)|ENTERING_MANAGED_PKG|tdc_tsw
21:56:22.25 (1282205463)|ENTERING_MANAGED_PKG|tdc_tsw
21:56:22.25 (1283247776)|ENTERING_MANAGED_PKG|tdc_tsw
21:56:22.25 (1290339496)|ENTERING_MANAGED_PKG|tdc_tsw
21:56:22.25 (1291374145)|ENTERING_MANAGED_PKG|tdc_tsw
21:56:22.25 (1298489310)|ENTERING_MANAGED_PKG|tdc_tsw
21:56:22.25 (1299532612)|ENTERING_MANAGED_PKG|tdc_tsw
21:56:22.25 (1306676303)|ENTERING_MANAGED_PKG|tdc_tsw
21:56:22.25 (1307709403)|ENTERING_MANAGED_PKG|tdc_tsw
21:56:22.25 (1314864836)|ENTERING_MANAGED_PKG|tdc_tsw
21:56:22.25 (1315912969)|ENTERING_MANAGED_PKG|tdc_tsw
21:56:22.25 (1323034382)|ENTERING_MANAGED_PKG|tdc_tsw
21:56:22.25 (1324074007)|ENTERING_MANAGED_PKG|tdc_tsw
21:56:22.25 (1331199739)|ENTERING_MANAGED_PKG|tdc_tsw
21:56:22.25 (1332329289)|ENTERING_MANAGED_PKG|tdc_tsw
21:56:22.25 (1339561414)|ENTERING_MANAGED_PKG|tdc_tsw
21:56:22.25 (1340669111)|ENTERING_MANAGED_PKG|tdc_tsw
21:56:22.25 (1347944272)|ENTERING_MANAGED_PKG|tdc_tsw
21:56:22.25 (1348980230)|ENTERING_MANAGED_PKG|tdc_tsw
21:56:22.25 (1356081674)|ENTERING_MANAGED_PKG|tdc_tsw
21:56:22.25 (1357125934)|ENTERING_MANAGED_PKG|tdc_tsw
21:56:22.25 (1364282008)|ENTERING_MANAGED_PKG|tdc_tsw
21:56:22.25 (1365381969)|ENTERING_MANAGED_PKG|tdc_tsw
21:56:22.25 (1372622336)|ENTERING_MANAGED_PKG|tdc_tsw
21:56:22.25 (1373712911)|ENTERING_MANAGED_PKG|tdc_tsw
21:56:22.25 (1380988660)|ENTERING_MANAGED_PKG|tdc_tsw
21:56:22.25 (1382049319)|ENTERING_MANAGED_PKG|tdc_tsw
21:56:22.25 (1389515102)|ENTERING_MANAGED_PKG|tdc_tsw
21:56:22.25 (1390677501)|ENTERING_MANAGED_PKG|tdc_tsw
21:56:22.25 (1398565432)|ENTERING_MANAGED_PKG|tdc_tsw
21:56:22.25 (1399646054)|ENTERING_MANAGED_PKG|tdc_tsw
21:56:22.25 (1407303121)|ENTERING_MANAGED_PKG|tdc_tsw
21:56:22.25 (1408425512)|ENTERING_MANAGED_PKG|tdc_tsw
21:56:22.25 (1415767854)|ENTERING_MANAGED_PKG|tdc_tsw
21:56:22.25 (1416817433)|ENTERING_MANAGED_PKG|tdc_tsw
21:56:22.25 (1424026461)|ENTERING_MANAGED_PKG|tdc_tsw
21:56:22.25 (1425060602)|ENTERING_MANAGED_PKG|tdc_tsw
21:56:22.25 (1432165459)|ENTERING_MANAGED_PKG|tdc_tsw
21:56:22.25 (1433201426)|ENTERING_MANAGED_PKG|tdc_tsw
21:56:22.25 (1440367445)|ENTERING_MANAGED_PKG|tdc_tsw
21:56:22.25 (1441423475)|ENTERING_MANAGED_PKG|tdc_tsw
21:56:22.25 (1448682954)|ENTERING_MANAGED_PKG|tdc_tsw
21:56:22.25 (1449720064)|ENTERING_MANAGED_PKG|tdc_tsw
21:56:22.25 (1456986819)|ENTERING_MANAGED_PKG|tdc_tsw
21:56:22.25 (1458044282)|ENTERING_MANAGED_PKG|tdc_tsw
21:56:22.25 (1465177135)|ENTERING_MANAGED_PKG|tdc_tsw
21:56:22.25 (1466221781)|ENTERING_MANAGED_PKG|tdc_tsw
21:56:22.25 (1473395658)|ENTERING_MANAGED_PKG|tdc_tsw
21:56:22.25 (1474435553)|ENTERING_MANAGED_PKG|tdc_tsw
21:56:22.25 (1481791667)|ENTERING_MANAGED_PKG|tdc_tsw
21:56:22.25 (1482888969)|ENTERING_MANAGED_PKG|tdc_tsw
21:56:22.25 (1490067828)|ENTERING_MANAGED_PKG|tdc_tsw
21:56:22.25 (1491103272)|ENTERING_MANAGED_PKG|tdc_tsw
21:56:22.25 (1498267084)|ENTERING_MANAGED_PKG|tdc_tsw
21:56:22.25 (1499380113)|ENTERING_MANAGED_PKG|tdc_tsw
21:56:22.25 (1506550647)|ENTERING_MANAGED_PKG|tdc_tsw
21:56:22.25 (1507686789)|ENTERING_MANAGED_PKG|tdc_tsw
21:56:22.25 (1514885559)|ENTERING_MANAGED_PKG|tdc_tsw
21:56:22.25 (1515943055)|ENTERING_MANAGED_PKG|tdc_tsw
21:56:22.25 (1523390488)|ENTERING_MANAGED_PKG|tdc_tsw
21:56:22.25 (1524436766)|ENTERING_MANAGED_PKG|tdc_tsw
21:56:22.25 (1531529335)|ENTERING_MANAGED_PKG|tdc_tsw
21:56:22.25 (1532563649)|ENTERING_MANAGED_PKG|tdc_tsw
21:56:22.25 (1540263774)|ENTERING_MANAGED_PKG|tdc_tsw
21:56:22.25 (1541318553)|ENTERING_MANAGED_PKG|tdc_tsw
21:56:22.25 (1548549405)|ENTERING_MANAGED_PKG|tdc_tsw
21:56:22.25 (1549581914)|ENTERING_MANAGED_PKG|tdc_tsw
21:56:22.25 (1556681864)|ENTERING_MANAGED_PKG|tdc_tsw
21:56:22.25 (1557718201)|ENTERING_MANAGED_PKG|tdc_tsw
21:56:22.25 (1564853749)|ENTERING_MANAGED_PKG|tdc_tsw
21:56:22.25 (1565885928)|ENTERING_MANAGED_PKG|tdc_tsw
21:56:22.25 (1572997834)|ENTERING_MANAGED_PKG|tdc_tsw
21:56:22.25 (1574033460)|ENTERING_MANAGED_PKG|tdc_tsw
21:56:22.25 (1581194907)|ENTERING_MANAGED_PKG|tdc_tsw
21:56:22.25 (1582223723)|ENTERING_MANAGED_PKG|tdc_tsw
21:56:22.25 (1589393633)|ENTERING_MANAGED_PKG|tdc_tsw
21:56:22.25 (1590505547)|ENTERING_MANAGED_PKG|tdc_tsw
21:56:22.25 (1597671864)|ENTERING_MANAGED_PKG|tdc_tsw
21:56:22.25 (1598717457)|ENTERING_MANAGED_PKG|tdc_tsw
21:56:22.25 (1605892970)|ENTERING_MANAGED_PKG|tdc_tsw
21:56:22.25 (1606937568)|ENTERING_MANAGED_PKG|tdc_tsw
21:56:22.25 (1614019847)|ENTERING_MANAGED_PKG|tdc_tsw
21:56:22.25 (1615051637)|ENTERING_MANAGED_PKG|tdc_tsw
21:56:22.25 (1622249815)|ENTERING_MANAGED_PKG|tdc_tsw
21:56:22.25 (1623288487)|ENTERING_MANAGED_PKG|tdc_tsw
21:56:22.25 (1630398404)|ENTERING_MANAGED_PKG|tdc_tsw
21:56:22.25 (1631428061)|ENTERING_MANAGED_PKG|tdc_tsw
21:56:22.25 (1638508348)|ENTERING_MANAGED_PKG|tdc_tsw
21:56:22.25 (1639559593)|ENTERING_MANAGED_PKG|tdc_tsw
21:56:22.25 (1646996048)|ENTERING_MANAGED_PKG|tdc_tsw
21:56:22.25 (1648030045)|ENTERING_MANAGED_PKG|tdc_tsw
21:56:22.25 (1655164746)|ENTERING_MANAGED_PKG|tdc_tsw
21:56:22.25 (1656198992)|ENTERING_MANAGED_PKG|tdc_tsw
21:56:22.25 (1663315569)|ENTERING_MANAGED_PKG|tdc_tsw
21:56:22.25 (1664359084)|ENTERING_MANAGED_PKG|tdc_tsw
21:56:22.25 (1671846291)|ENTERING_MANAGED_PKG|tdc_tsw
21:56:22.25 (1672899783)|ENTERING_MANAGED_PKG|tdc_tsw
21:56:22.25 (1680046234)|ENTERING_MANAGED_PKG|tdc_tsw
21:56:22.25 (1681081363)|ENTERING_MANAGED_PKG|tdc_tsw
21:56:22.25 (1688321114)|ENTERING_MANAGED_PKG|tdc_tsw
21:56:22.25 (1691333657)|ENTERING_MANAGED_PKG|tdc_tsw
21:56:22.25 (1691533126)|ENTERING_MANAGED_PKG|tdc_tsw
21:56:22.25 (1691809466)|ENTERING_MANAGED_PKG|tdc_tsw
21:56:22.25 (1691867219)|ENTERING_MANAGED_PKG|tdc_tsw
21:56:22.25 (1691920817)|ENTERING_MANAGED_PKG|tdc_tsw
21:56:22.25 (1691968771)|ENTERING_MANAGED_PKG|tdc_tsw
21:56:22.25 (1692005865)|ENTERING_MANAGED_PKG|tdc_tsw
21:56:22.25 (1692111811)|ENTERING_MANAGED_PKG|tdc_tsw
21:56:22.25 (1692342913)|ENTERING_MANAGED_PKG|tdc_tsw
21:56:22.25 (1692379964)|ENTERING_MANAGED_PKG|tdc_tsw
21:56:22.25 (1692424123)|ENTERING_MANAGED_PKG|tdc_tsw
21:56:22.25 (1692466229)|ENTERING_MANAGED_PKG|tdc_tsw
21:56:22.25 (1692506693)|ENTERING_MANAGED_PKG|tdc_tsw
21:56:22.25 (1692600419)|ENTERING_MANAGED_PKG|tdc_tsw
21:56:22.25 (1692799788)|ENTERING_MANAGED_PKG|tdc_tsw
21:56:22.25 (1692836392)|ENTERING_MANAGED_PKG|tdc_tsw
21:56:22.25 (1692879761)|ENTERING_MANAGED_PKG|tdc_tsw
21:56:22.25 (1692921155)|ENTERING_MANAGED_PKG|tdc_tsw
21:56:22.25 (1692953405)|ENTERING_MANAGED_PKG|tdc_tsw
21:56:22.25 (1693041680)|ENTERING_MANAGED_PKG|tdc_tsw
21:56:22.25 (1693227142)|ENTERING_MANAGED_PKG|tdc_tsw
21:56:22.25 (1693262730)|ENTERING_MANAGED_PKG|tdc_tsw
21:56:22.25 (1693304871)|ENTERING_MANAGED_PKG|tdc_tsw
21:56:22.25 (1693345995)|ENTERING_MANAGED_PKG|tdc_tsw
21:56:22.25 (1693377765)|ENTERING_MANAGED_PKG|tdc_tsw
21:56:22.25 (1693464094)|ENTERING_MANAGED_PKG|tdc_tsw
21:56:22.25 (1693658174)|ENTERING_MANAGED_PKG|tdc_tsw
21:56:22.25 (1693694327)|ENTERING_MANAGED_PKG|tdc_tsw
21:56:22.25 (1693736467)|ENTERING_MANAGED_PKG|tdc_tsw
21:56:22.25 (1693777320)|ENTERING_MANAGED_PKG|tdc_tsw
21:56:22.25 (1693809157)|ENTERING_MANAGED_PKG|tdc_tsw
21:56:22.25 (1693895890)|ENTERING_MANAGED_PKG|tdc_tsw
21:56:22.25 (1694076863)|ENTERING_MANAGED_PKG|tdc_tsw
21:56:22.25 (1694114019)|ENTERING_MANAGED_PKG|tdc_tsw
21:56:22.25 (1694155840)|ENTERING_MANAGED_PKG|tdc_tsw
21:56:22.25 (1694196908)|ENTERING_MANAGED_PKG|tdc_tsw
21:56:22.25 (1694228609)|ENTERING_MANAGED_PKG|tdc_tsw
21:56:22.25 (1694314347)|ENTERING_MANAGED_PKG|tdc_tsw
21:56:22.25 (1694501579)|ENTERING_MANAGED_PKG|tdc_tsw
21:56:22.25 (1694539227)|ENTERING_MANAGED_PKG|tdc_tsw
21:56:22.25 (1694581753)|ENTERING_MANAGED_PKG|tdc_tsw
21:56:22.25 (1694626878)|ENTERING_MANAGED_PKG|tdc_tsw
21:56:22.25 (1694657182)|ENTERING_MANAGED_PKG|tdc_tsw
21:56:22.25 (1694743781)|ENTERING_MANAGED_PKG|tdc_tsw
21:56:22.25 (1694925291)|ENTERING_MANAGED_PKG|tdc_tsw
21:56:22.25 (1694961611)|ENTERING_MANAGED_PKG|tdc_tsw
21:56:22.25 (1695002889)|ENTERING_MANAGED_PKG|tdc_tsw
21:56:22.25 (1695044923)|ENTERING_MANAGED_PKG|tdc_tsw
21:56:22.25 (1695076504)|ENTERING_MANAGED_PKG|tdc_tsw
21:56:22.25 (1695161837)|ENTERING_MANAGED_PKG|tdc_tsw
21:56:22.25 (1695342987)|ENTERING_MANAGED_PKG|tdc_tsw
21:56:22.25 (1695379212)|ENTERING_MANAGED_PKG|tdc_tsw
21:56:22.25 (1695421842)|ENTERING_MANAGED_PKG|tdc_tsw
21:56:22.25 (1695464510)|ENTERING_MANAGED_PKG|tdc_tsw
21:56:22.25 (1695500122)|ENTERING_MANAGED_PKG|tdc_tsw
21:56:22.25 (1695606767)|ENTERING_MANAGED_PKG|tdc_tsw
21:56:22.25 (1695812383)|ENTERING_MANAGED_PKG|tdc_tsw
21:56:22.25 (1695848240)|ENTERING_MANAGED_PKG|tdc_tsw
21:56:22.25 (1695890499)|ENTERING_MANAGED_PKG|tdc_tsw
21:56:22.25 (1695931576)|ENTERING_MANAGED_PKG|tdc_tsw
21:56:22.25 (1695963407)|ENTERING_MANAGED_PKG|tdc_tsw
21:56:22.25 (1696051019)|ENTERING_MANAGED_PKG|tdc_tsw
21:56:22.25 (1696232388)|ENTERING_MANAGED_PKG|tdc_tsw
21:56:22.25 (1696268231)|ENTERING_MANAGED_PKG|tdc_tsw
21:56:22.25 (1696309634)|ENTERING_MANAGED_PKG|tdc_tsw
21:56:22.25 (1696349750)|ENTERING_MANAGED_PKG|tdc_tsw
21:56:22.25 (1696381013)|ENTERING_MANAGED_PKG|tdc_tsw
21:56:22.25 (1696466093)|ENTERING_MANAGED_PKG|tdc_tsw
21:56:22.25 (1696661146)|ENTERING_MANAGED_PKG|tdc_tsw
21:56:22.25 (1696696849)|ENTERING_MANAGED_PKG|tdc_tsw
21:56:22.25 (1696738461)|ENTERING_MANAGED_PKG|tdc_tsw
21:56:22.25 (1696781414)|ENTERING_MANAGED_PKG|tdc_tsw
21:56:22.25 (1696814064)|ENTERING_MANAGED_PKG|tdc_tsw
21:56:22.25 (1696900133)|ENTERING_MANAGED_PKG|tdc_tsw
21:56:22.25 (1697080419)|ENTERING_MANAGED_PKG|tdc_tsw
21:56:22.25 (1697117527)|ENTERING_MANAGED_PKG|tdc_tsw
21:56:22.25 (1697159526)|ENTERING_MANAGED_PKG|tdc_tsw
21:56:22.25 (1697201753)|ENTERING_MANAGED_PKG|tdc_tsw
21:56:22.25 (1697231083)|ENTERING_MANAGED_PKG|tdc_tsw
21:56:22.25 (1697318259)|ENTERING_MANAGED_PKG|tdc_tsw
21:56:22.25 (1697502714)|ENTERING_MANAGED_PKG|tdc_tsw
21:56:22.25 (1697550610)|ENTERING_MANAGED_PKG|tdc_tsw
21:56:22.25 (1697596389)|ENTERING_MANAGED_PKG|tdc_tsw
21:56:22.25 (1697637495)|ENTERING_MANAGED_PKG|tdc_tsw
21:56:22.25 (1697669711)|ENTERING_MANAGED_PKG|tdc_tsw
21:56:22.25 (1697756929)|ENTERING_MANAGED_PKG|tdc_tsw
21:56:22.25 (1697941091)|ENTERING_MANAGED_PKG|tdc_tsw
21:56:22.25 (1697975773)|ENTERING_MANAGED_PKG|tdc_tsw
21:56:22.25 (1698068385)|ENTERING_MANAGED_PKG|tdc_tsw
21:56:22.25 (1698111905)|ENTERING_MANAGED_PKG|tdc_tsw
21:56:22.25 (1698141844)|ENTERING_MANAGED_PKG|tdc_tsw
21:56:22.25 (1698263590)|ENTERING_MANAGED_PKG|tdc_tsw
21:56:22.25 (1698445230)|ENTERING_MANAGED_PKG|tdc_tsw
21:56:22.25 (1698481274)|ENTERING_MANAGED_PKG|tdc_tsw
21:56:22.25 (1698531059)|ENTERING_MANAGED_PKG|tdc_tsw
21:56:22.25 (1698573249)|ENTERING_MANAGED_PKG|tdc_tsw
21:56:22.25 (1698604931)|ENTERING_MANAGED_PKG|tdc_tsw
21:56:22.25 (1698692106)|ENTERING_MANAGED_PKG|tdc_tsw
21:56:22.25 (1698872011)|ENTERING_MANAGED_PKG|tdc_tsw
21:56:22.25 (1698907557)|ENTERING_MANAGED_PKG|tdc_tsw
21:56:22.25 (1698949202)|ENTERING_MANAGED_PKG|tdc_tsw
21:56:22.25 (1698989596)|ENTERING_MANAGED_PKG|tdc_tsw
21:56:22.25 (1699021127)|ENTERING_MANAGED_PKG|tdc_tsw
21:56:22.25 (1699109220)|ENTERING_MANAGED_PKG|tdc_tsw
21:56:22.25 (1699289795)|ENTERING_MANAGED_PKG|tdc_tsw
21:56:22.25 (1699325363)|ENTERING_MANAGED_PKG|tdc_tsw
21:56:22.25 (1699367446)|ENTERING_MANAGED_PKG|tdc_tsw
21:56:22.25 (1699435965)|ENTERING_MANAGED_PKG|tdc_tsw
21:56:22.25 (1699469906)|ENTERING_MANAGED_PKG|tdc_tsw
21:56:22.25 (1699567008)|ENTERING_MANAGED_PKG|tdc_tsw
21:56:22.25 (1699749120)|ENTERING_MANAGED_PKG|tdc_tsw
21:56:22.25 (1699784956)|ENTERING_MANAGED_PKG|tdc_tsw
21:56:22.25 (1699826425)|ENTERING_MANAGED_PKG|tdc_tsw
21:56:22.25 (1699867240)|ENTERING_MANAGED_PKG|tdc_tsw
21:56:22.25 (1699898598)|ENTERING_MANAGED_PKG|tdc_tsw
21:56:22.25 (1699986037)|ENTERING_MANAGED_PKG|tdc_tsw
21:56:22.25 (1700166004)|ENTERING_MANAGED_PKG|tdc_tsw
21:56:22.25 (1700202595)|ENTERING_MANAGED_PKG|tdc_tsw
21:56:22.25 (1700244106)|ENTERING_MANAGED_PKG|tdc_tsw
21:56:22.25 (1700284273)|ENTERING_MANAGED_PKG|tdc_tsw
21:56:22.25 (1700315363)|ENTERING_MANAGED_PKG|tdc_tsw
21:56:22.25 (1700450809)|ENTERING_MANAGED_PKG|tdc_tsw
21:56:22.25 (1700680582)|ENTERING_MANAGED_PKG|tdc_tsw
21:56:22.25 (1700717425)|ENTERING_MANAGED_PKG|tdc_tsw
21:56:22.25 (1700759628)|ENTERING_MANAGED_PKG|tdc_tsw
21:56:22.25 (1700800345)|ENTERING_MANAGED_PKG|tdc_tsw
21:56:22.25 (1700832316)|ENTERING_MANAGED_PKG|tdc_tsw
21:56:22.25 (1700921206)|ENTERING_MANAGED_PKG|tdc_tsw
21:56:22.25 (1701102805)|ENTERING_MANAGED_PKG|tdc_tsw
21:56:22.25 (1701139963)|ENTERING_MANAGED_PKG|tdc_tsw
21:56:22.25 (1701181784)|ENTERING_MANAGED_PKG|tdc_tsw
21:56:22.25 (1701222796)|ENTERING_MANAGED_PKG|tdc_tsw
21:56:22.25 (1701254272)|ENTERING_MANAGED_PKG|tdc_tsw
21:56:22.25 (1701339722)|ENTERING_MANAGED_PKG|tdc_tsw
21:56:22.25 (1701541120)|ENTERING_MANAGED_PKG|tdc_tsw
21:56:22.25 (1701580044)|ENTERING_MANAGED_PKG|tdc_tsw
21:56:22.25 (1701622900)|ENTERING_MANAGED_PKG|tdc_tsw
21:56:22.25 (1701665639)|ENTERING_MANAGED_PKG|tdc_tsw
21:56:22.25 (1701695354)|ENTERING_MANAGED_PKG|tdc_tsw
21:56:22.25 (1701784804)|ENTERING_MANAGED_PKG|tdc_tsw
21:56:22.25 (1701966057)|ENTERING_MANAGED_PKG|tdc_tsw
21:56:22.25 (1702001795)|ENTERING_MANAGED_PKG|tdc_tsw
21:56:22.25 (1702044027)|ENTERING_MANAGED_PKG|tdc_tsw
21:56:22.25 (1702084966)|ENTERING_MANAGED_PKG|tdc_tsw
21:56:22.25 (1702117177)|ENTERING_MANAGED_PKG|tdc_tsw
21:56:22.25 (1702203900)|ENTERING_MANAGED_PKG|tdc_tsw
21:56:22.25 (1702386640)|ENTERING_MANAGED_PKG|tdc_tsw
21:56:22.25 (1702422798)|ENTERING_MANAGED_PKG|tdc_tsw
21:56:22.25 (1702464593)|ENTERING_MANAGED_PKG|tdc_tsw
21:56:22.25 (1702509582)|ENTERING_MANAGED_PKG|tdc_tsw
21:56:22.25 (1702587472)|ENTERING_MANAGED_PKG|tdc_tsw
21:56:22.25 (1702677665)|ENTERING_MANAGED_PKG|tdc_tsw
21:56:22.25 (1702859253)|ENTERING_MANAGED_PKG|tdc_tsw
21:56:22.25 (1702895016)|ENTERING_MANAGED_PKG|tdc_tsw
21:56:22.25 (1702937130)|ENTERING_MANAGED_PKG|tdc_tsw
21:56:22.25 (1702977974)|ENTERING_MANAGED_PKG|tdc_tsw
21:56:22.25 (1703009993)|ENTERING_MANAGED_PKG|tdc_tsw
21:56:22.25 (1703099300)|ENTERING_MANAGED_PKG|tdc_tsw
21:56:22.25 (1703290532)|ENTERING_MANAGED_PKG|tdc_tsw
21:56:22.25 (1703326888)|ENTERING_MANAGED_PKG|tdc_tsw
21:56:22.25 (1703369021)|ENTERING_MANAGED_PKG|tdc_tsw
21:56:22.25 (1703409695)|ENTERING_MANAGED_PKG|tdc_tsw
21:56:22.25 (1703441000)|ENTERING_MANAGED_PKG|tdc_tsw
21:56:22.25 (1703553819)|ENTERING_MANAGED_PKG|tdc_tsw
21:56:22.25 (1703743778)|ENTERING_MANAGED_PKG|tdc_tsw
21:56:22.25 (1703777805)|ENTERING_MANAGED_PKG|tdc_tsw
21:56:22.25 (1703821588)|ENTERING_MANAGED_PKG|tdc_tsw
21:56:22.25 (1703862098)|ENTERING_MANAGED_PKG|tdc_tsw
21:56:22.25 (1703894012)|ENTERING_MANAGED_PKG|tdc_tsw
21:56:22.25 (1703979987)|ENTERING_MANAGED_PKG|tdc_tsw
21:56:22.25 (1704159793)|ENTERING_MANAGED_PKG|tdc_tsw
21:56:22.25 (1704196572)|ENTERING_MANAGED_PKG|tdc_tsw
21:56:22.25 (1704238438)|ENTERING_MANAGED_PKG|tdc_tsw
21:56:22.25 (1704279013)|ENTERING_MANAGED_PKG|tdc_tsw
21:56:22.25 (1704310761)|ENTERING_MANAGED_PKG|tdc_tsw
21:56:22.25 (1704397685)|ENTERING_MANAGED_PKG|tdc_tsw
21:56:22.25 (1704631209)|ENTERING_MANAGED_PKG|tdc_tsw
21:56:22.25 (1704667390)|ENTERING_MANAGED_PKG|tdc_tsw
21:56:22.25 (1704709396)|ENTERING_MANAGED_PKG|tdc_tsw
21:56:22.25 (1704749938)|ENTERING_MANAGED_PKG|tdc_tsw
21:56:22.25 (1704781558)|ENTERING_MANAGED_PKG|tdc_tsw
21:56:22.25 (1704868070)|ENTERING_MANAGED_PKG|tdc_tsw
21:56:22.25 (1705049202)|ENTERING_MANAGED_PKG|tdc_tsw
21:56:22.25 (1705086760)|ENTERING_MANAGED_PKG|tdc_tsw
21:56:22.25 (1705129042)|ENTERING_MANAGED_PKG|tdc_tsw
21:56:22.25 (1705172656)|ENTERING_MANAGED_PKG|tdc_tsw
21:56:22.25 (1705203872)|ENTERING_MANAGED_PKG|tdc_tsw
21:56:22.25 (1705289887)|ENTERING_MANAGED_PKG|tdc_tsw
21:56:22.25 (1705511011)|ENTERING_MANAGED_PKG|tdc_tsw
21:56:22.25 (1705555360)|ENTERING_MANAGED_PKG|tdc_tsw
21:56:22.25 (1705598455)|ENTERING_MANAGED_PKG|tdc_tsw
21:56:22.25 (1705639486)|ENTERING_MANAGED_PKG|tdc_tsw
21:56:22.25 (1705671668)|ENTERING_MANAGED_PKG|tdc_tsw
21:56:22.25 (1705759919)|ENTERING_MANAGED_PKG|tdc_tsw
21:56:22.25 (1705943432)|ENTERING_MANAGED_PKG|tdc_tsw
21:56:22.25 (1705979685)|ENTERING_MANAGED_PKG|tdc_tsw
21:56:22.25 (1706021554)|ENTERING_MANAGED_PKG|tdc_tsw
21:56:22.25 (1706063415)|ENTERING_MANAGED_PKG|tdc_tsw
21:56:22.25 (1706094689)|ENTERING_MANAGED_PKG|tdc_tsw
21:56:22.25 (1706180462)|ENTERING_MANAGED_PKG|tdc_tsw
21:56:22.25 (1706359934)|ENTERING_MANAGED_PKG|tdc_tsw
21:56:22.25 (1706396139)|ENTERING_MANAGED_PKG|tdc_tsw
21:56:22.25 (1706485262)|ENTERING_MANAGED_PKG|tdc_tsw
21:56:22.25 (1706537819)|ENTERING_MANAGED_PKG|tdc_tsw
21:56:22.25 (1706570675)|ENTERING_MANAGED_PKG|tdc_tsw
21:56:22.25 (1706658538)|ENTERING_MANAGED_PKG|tdc_tsw
21:56:22.25 (1706840073)|ENTERING_MANAGED_PKG|tdc_tsw
21:56:22.25 (1706875957)|ENTERING_MANAGED_PKG|tdc_tsw
21:56:22.25 (1706917656)|ENTERING_MANAGED_PKG|tdc_tsw
21:56:22.25 (1706957589)|ENTERING_MANAGED_PKG|tdc_tsw
21:56:22.25 (1706989274)|ENTERING_MANAGED_PKG|tdc_tsw
21:56:22.25 (1707074286)|ENTERING_MANAGED_PKG|tdc_tsw
21:56:22.25 (1707257040)|ENTERING_MANAGED_PKG|tdc_tsw
21:56:22.25 (1707292419)|ENTERING_MANAGED_PKG|tdc_tsw
21:56:22.25 (1707334492)|ENTERING_MANAGED_PKG|tdc_tsw
21:56:22.25 (1707375509)|ENTERING_MANAGED_PKG|tdc_tsw
21:56:22.25 (1707425875)|ENTERING_MANAGED_PKG|tdc_tsw
21:56:22.25 (1707521454)|ENTERING_MANAGED_PKG|tdc_tsw
21:56:22.25 (1707703524)|ENTERING_MANAGED_PKG|tdc_tsw
21:56:22.25 (1707739184)|ENTERING_MANAGED_PKG|tdc_tsw
21:56:22.25 (1707780500)|ENTERING_MANAGED_PKG|tdc_tsw
21:56:22.25 (1707821399)|ENTERING_MANAGED_PKG|tdc_tsw
21:56:22.25 (1707852724)|ENTERING_MANAGED_PKG|tdc_tsw
21:56:22.25 (1707938352)|ENTERING_MANAGED_PKG|tdc_tsw
21:56:22.25 (1708119206)|ENTERING_MANAGED_PKG|tdc_tsw
21:56:22.25 (1708155875)|ENTERING_MANAGED_PKG|tdc_tsw
21:56:22.25 (1708197488)|ENTERING_MANAGED_PKG|tdc_tsw
21:56:22.25 (1708237586)|ENTERING_MANAGED_PKG|tdc_tsw
21:56:22.25 (1708287901)|ENTERING_MANAGED_PKG|tdc_tsw
21:56:22.25 (1708380516)|ENTERING_MANAGED_PKG|tdc_tsw
21:56:22.25 (1708605829)|ENTERING_MANAGED_PKG|tdc_tsw
21:56:22.25 (1708642083)|ENTERING_MANAGED_PKG|tdc_tsw
21:56:22.25 (1708684737)|ENTERING_MANAGED_PKG|tdc_tsw
21:56:22.25 (1708725795)|ENTERING_MANAGED_PKG|tdc_tsw
21:56:22.25 (1708757508)|ENTERING_MANAGED_PKG|tdc_tsw
21:56:22.25 (1708844768)|ENTERING_MANAGED_PKG|tdc_tsw
21:56:22.25 (1709024884)|ENTERING_MANAGED_PKG|tdc_tsw
21:56:22.25 (1709061947)|ENTERING_MANAGED_PKG|tdc_tsw
21:56:22.25 (1709103344)|ENTERING_MANAGED_PKG|tdc_tsw
21:56:22.25 (1709143880)|ENTERING_MANAGED_PKG|tdc_tsw
21:56:22.25 (1709175425)|ENTERING_MANAGED_PKG|tdc_tsw
21:56:22.25 (1709258956)|ENTERING_MANAGED_PKG|tdc_tsw
21:56:22.25 (1709441082)|ENTERING_MANAGED_PKG|tdc_tsw
21:56:22.25 (1709500139)|ENTERING_MANAGED_PKG|tdc_tsw
21:56:22.25 (1709545229)|ENTERING_MANAGED_PKG|tdc_tsw
21:56:22.25 (1709585960)|ENTERING_MANAGED_PKG|tdc_tsw
21:56:22.25 (1709617244)|ENTERING_MANAGED_PKG|tdc_tsw
21:56:22.25 (1709702124)|ENTERING_MANAGED_PKG|tdc_tsw
21:56:22.25 (1709882551)|ENTERING_MANAGED_PKG|tdc_tsw
21:56:22.25 (1709918341)|ENTERING_MANAGED_PKG|tdc_tsw
21:56:22.25 (1709959819)|ENTERING_MANAGED_PKG|tdc_tsw
21:56:22.25 (1710000155)|ENTERING_MANAGED_PKG|tdc_tsw
21:56:22.25 (1710033136)|ENTERING_MANAGED_PKG|tdc_tsw
21:56:22.25 (1710119422)|ENTERING_MANAGED_PKG|tdc_tsw
21:56:22.25 (1710299533)|ENTERING_MANAGED_PKG|tdc_tsw
21:56:22.25 (1710334998)|ENTERING_MANAGED_PKG|tdc_tsw
21:56:22.25 (1710376974)|ENTERING_MANAGED_PKG|tdc_tsw
21:56:22.25 (1710417129)|ENTERING_MANAGED_PKG|tdc_tsw
21:56:22.25 (1710499927)|ENTERING_MANAGED_PKG|tdc_tsw
21:56:22.25 (1710589423)|ENTERING_MANAGED_PKG|tdc_tsw
21:56:22.25 (1710776531)|ENTERING_MANAGED_PKG|tdc_tsw
21:56:22.25 (1710812944)|ENTERING_MANAGED_PKG|tdc_tsw
21:56:22.25 (1710854918)|ENTERING_MANAGED_PKG|tdc_tsw
21:56:22.25 (1710895357)|ENTERING_MANAGED_PKG|tdc_tsw
21:56:22.25 (1710926976)|ENTERING_MANAGED_PKG|tdc_tsw
21:56:22.25 (1711011896)|ENTERING_MANAGED_PKG|tdc_tsw
21:56:22.25 (1711193506)|ENTERING_MANAGED_PKG|tdc_tsw
21:56:22.25 (1711229241)|ENTERING_MANAGED_PKG|tdc_tsw
21:56:22.25 (1711270983)|ENTERING_MANAGED_PKG|tdc_tsw
21:56:22.25 (1711311343)|ENTERING_MANAGED_PKG|tdc_tsw
21:56:22.25 (1711342527)|ENTERING_MANAGED_PKG|tdc_tsw
21:56:22.25 (1711443294)|ENTERING_MANAGED_PKG|tdc_tsw
21:56:22.25 (1711633286)|ENTERING_MANAGED_PKG|tdc_tsw
21:56:22.25 (1711669072)|ENTERING_MANAGED_PKG|tdc_tsw
21:56:22.25 (1711710903)|ENTERING_MANAGED_PKG|tdc_tsw
21:56:22.25 (1711751486)|ENTERING_MANAGED_PKG|tdc_tsw
21:56:22.25 (1711783406)|ENTERING_MANAGED_PKG|tdc_tsw
21:56:22.25 (1711867298)|ENTERING_MANAGED_PKG|tdc_tsw
21:56:22.25 (1712049235)|ENTERING_MANAGED_PKG|tdc_tsw
21:56:22.25 (1712086071)|ENTERING_MANAGED_PKG|tdc_tsw
21:56:22.25 (1712128273)|ENTERING_MANAGED_PKG|tdc_tsw
21:56:22.25 (1712168941)|ENTERING_MANAGED_PKG|tdc_tsw
21:56:22.25 (1712201171)|ENTERING_MANAGED_PKG|tdc_tsw
21:56:22.25 (1712285032)|ENTERING_MANAGED_PKG|tdc_tsw
21:56:22.25 (1712515411)|ENTERING_MANAGED_PKG|tdc_tsw
21:56:22.25 (1712551915)|ENTERING_MANAGED_PKG|tdc_tsw
21:56:22.25 (1712594256)|ENTERING_MANAGED_PKG|tdc_tsw
21:56:22.25 (1712634695)|ENTERING_MANAGED_PKG|tdc_tsw
21:56:22.25 (1712666180)|ENTERING_MANAGED_PKG|tdc_tsw
21:56:22.25 (1712752048)|ENTERING_MANAGED_PKG|tdc_tsw
21:56:22.25 (1712932181)|ENTERING_MANAGED_PKG|tdc_tsw
21:56:22.25 (1712968267)|ENTERING_MANAGED_PKG|tdc_tsw
21:56:22.25 (1713009729)|ENTERING_MANAGED_PKG|tdc_tsw
21:56:22.25 (1713051706)|ENTERING_MANAGED_PKG|tdc_tsw
21:56:22.25 (1713083224)|ENTERING_MANAGED_PKG|tdc_tsw
21:56:22.25 (1713166147)|ENTERING_MANAGED_PKG|tdc_tsw
21:56:22.25 (1713345850)|ENTERING_MANAGED_PKG|tdc_tsw
21:56:22.25 (1713381831)|ENTERING_MANAGED_PKG|tdc_tsw
21:56:22.25 (1713423643)|ENTERING_MANAGED_PKG|tdc_tsw
21:56:22.25 (1713486717)|ENTERING_MANAGED_PKG|tdc_tsw
21:56:22.25 (1713525344)|ENTERING_MANAGED_PKG|tdc_tsw
21:56:22.25 (1713609944)|ENTERING_MANAGED_PKG|tdc_tsw
21:56:22.25 (1718411572)|ENTERING_MANAGED_PKG|tdc_tsw
21:56:22.25 (1718510418)|ENTERING_MANAGED_PKG|tdc_tsw
21:56:22.25 (1718650028)|ENTERING_MANAGED_PKG|tdc_tsw
21:56:22.25 (1718722268)|ENTERING_MANAGED_PKG|tdc_tsw
21:56:22.25 (1718860832)|ENTERING_MANAGED_PKG|tdc_tsw
21:56:22.25 (1718924996)|ENTERING_MANAGED_PKG|tdc_tsw
21:56:22.25 (1719093789)|ENTERING_MANAGED_PKG|tdc_tsw
21:56:22.25 (1719158361)|ENTERING_MANAGED_PKG|tdc_tsw
21:56:22.25 (1719374635)|ENTERING_MANAGED_PKG|tdc_tsw
21:56:22.25 (1784636701)|SOQL_EXECUTE_BEGIN|[1842]|Aggregations:0|SELECT Id, name FROM RecordType WHERE (sObjectType = :tmpVar1 AND name = :tmpVar2) LIMIT 1
21:56:22.25 (1796516895)|SOQL_EXECUTE_END|[1842]|Rows:1
21:56:22.25 (1802195996)|ENTERING_MANAGED_PKG|tdc_tsw
21:56:22.25 (1810036471)|DML_BEGIN|[719]|Op:Insert|Type:tdc_tsw__Message__c|Rows:1
21:56:22.25 (1828740870)|ENTERING_MANAGED_PKG|tdc_tsw
21:56:22.830 (1830631254)|CUMULATIVE_LIMIT_USAGE
21:56:22.830 (1830631254)|LIMIT_USAGE_FOR_NS|(default)|
  Number of SOQL queries: 0 out of 100
  Number of query rows: 0 out of 50000
  Number of SOSL queries: 0 out of 20
  Number of DML statements: 0 out of 150
  Number of DML rows: 0 out of 10000
  Maximum CPU time: 739 out of 10000
  Maximum heap size: 0 out of 6000000
  Number of callouts: 0 out of 100
  Number of Email Invocations: 0 out of 10
  Number of future calls: 0 out of 50
  Number of queueable jobs added to the queue: 0 out of 50
  Number of Mobile Apex push calls: 0 out of 10

21:56:22.830 (1830631254)|LIMIT_USAGE_FOR_NS|tdc_tsw|
  Number of SOQL queries: 2 out of 100
  Number of query rows: 1 out of 50000
  Number of SOSL queries: 0 out of 20
  Number of DML statements: 1 out of 150
  Number of DML rows: 1 out of 10000
  Maximum CPU time: 0 out of 10000
  Maximum heap size: 0 out of 6000000
  Number of callouts: 2 out of 100
  Number of Email Invocations: 0 out of 10
  Number of future calls: 0 out of 50
  Number of queueable jobs added to the queue: 0 out of 50
  Number of Mobile Apex push calls: 0 out of 10

21:56:22.830 (1830631254)|CUMULATIVE_LIMIT_USAGE_END

21:56:22.834 (1834730922)|CODE_UNIT_STARTED|[EXTERNAL]|01q3B000000BQrG|SMS360BeforeInsert on Message trigger event BeforeInsert|__sfdc_trigger/SMS360BeforeInsert
21:56:22.834 (1834782423)|HEAP_ALLOCATE|[EXTERNAL]|Bytes:8
21:56:22.834 (1834842507)|HEAP_ALLOCATE|[EXTERNAL]|Bytes:4
21:56:22.834 (1834863687)|VARIABLE_SCOPE_BEGIN|[5]|this|SMS360BeforeInsert|true|false
21:56:22.834 (1834954742)|VARIABLE_ASSIGNMENT|[5]|this|{}|0x5ef352a0
21:56:22.834 (1835014962)|HEAP_ALLOCATE|[EXTERNAL]|Bytes:4
21:56:22.834 (1835029799)|VARIABLE_SCOPE_BEGIN|[5]|this|SMS360BeforeInsert|true|false
21:56:22.834 (1835052503)|VARIABLE_ASSIGNMENT|[5]|this|{}|0x5ef352a0
21:56:22.834 (1835066957)|STATEMENT_EXECUTE|[5]
21:56:22.834 (1835115204)|STATEMENT_EXECUTE|[6]
21:56:22.834 (1835326738)|HEAP_ALLOCATE|[7]|Bytes:5
21:56:22.834 (1835375684)|HEAP_ALLOCATE|[7]|Bytes:4
21:56:22.834 (1835392799)|VARIABLE_SCOPE_BEGIN|[7]|message|tdc_tsw__Message__c|true|false
21:56:22.834 (1851464134)|VARIABLE_ASSIGNMENT|[7]|message|{"tdc_tsw__ToNumber__c":"3038816946","tdc_tsw__Sender_Number__c":"17065037067","tdc_tsw__Read__c":false,"tdc_tsw__Message_Segment__c":1,"tdc_tsw__Read_Status__c":"Unread","tdc_tsw__Task_Created__c":false,"Name":"Outgoing","tdc_tsw__Event_Created__c":false,"tdc_tsw__Message_Text_New__c":"asdfasf","tdc_tsw__MessageId__c":"SM10526847359a448d95 (14 more) ...","tdc_tsw__Is_Keyword_Based__c":false,"OwnerId":"0051H000009gxp8QAA","tdc_tsw__Related_Object_Id_URL__c":"_HL_ENCODED_https:// (95 more) ...","RecordTypeId":"0121H000001Ie7gQAC","tdc_tsw__Delivered_SMS__c":"_IM1_/resource/tdc_t (27 more) ...","tdc_tsw__Important__c":false,"tdc_tsw__Delivered__c":false,"tdc_tsw__Related_Object__c":"Lead","IsDeleted":false,"tdc_tsw__Incoming_Status__c":"Not Read","tdc_tsw__isCaseCreated__c":false,"tdc_tsw__Lead__c":"00Q3B000005aR76UAE","tdc_tsw__Related_Object_Id__c":"00Q3B000005aR76UAE","tdc_tsw__isLeadCreated__c":false,"tdc_tsw__Template_Parse_Id__c":"00Q3B000005aR76UAE","tdc_tsw__Delivery_Status__c":"Sent"}|0x2b0a18ee
21:56:22.834 (1851512995)|STATEMENT_EXECUTE|[7]
21:56:22.834 (1851563214)|HEAP_ALLOCATE|[8]|Bytes:8
21:56:22.834 (1851596219)|STATEMENT_EXECUTE|[8]
21:56:22.834 (1851617083)|HEAP_ALLOCATE|[7]|Bytes:5
21:56:22.834 (1851649019)|VARIABLE_ASSIGNMENT|[7]|message|null|
21:56:22.851 (1851664167)|CUMULATIVE_LIMIT_USAGE
21:56:22.851 (1851664167)|LIMIT_USAGE_FOR_NS|(default)|
  Number of SOQL queries: 0 out of 100
  Number of query rows: 0 out of 50000
  Number of SOSL queries: 0 out of 20
  Number of DML statements: 0 out of 150
  Number of DML rows: 0 out of 10000
  Maximum CPU time: 739 out of 10000
  Maximum heap size: 0 out of 6000000
  Number of callouts: 0 out of 100
  Number of Email Invocations: 0 out of 10
  Number of future calls: 0 out of 50
  Number of queueable jobs added to the queue: 0 out of 50
  Number of Mobile Apex push calls: 0 out of 10

21:56:22.851 (1851664167)|LIMIT_USAGE_FOR_NS|tdc_tsw|
  Number of SOQL queries: 2 out of 100
  Number of query rows: 1 out of 50000
  Number of SOSL queries: 0 out of 20
  Number of DML statements: 1 out of 150
  Number of DML rows: 1 out of 10000
  Maximum CPU time: 0 out of 10000
  Maximum heap size: 0 out of 6000000
  Number of callouts: 2 out of 100
  Number of Email Invocations: 0 out of 10
  Number of future calls: 0 out of 50
  Number of queueable jobs added to the queue: 0 out of 50
  Number of Mobile Apex push calls: 0 out of 10

21:56:22.851 (1851664167)|CUMULATIVE_LIMIT_USAGE_END

21:56:22.25 (1955610552)|ENTERING_MANAGED_PKG|tdc_tsw
21:56:22.25 (1956858488)|ENTERING_MANAGED_PKG|tdc_tsw
21:56:22.25 (1957520413)|ENTERING_MANAGED_PKG|tdc_tsw
21:56:22.25 (1957717172)|ENTERING_MANAGED_PKG|tdc_tsw
21:56:22.25 (1966545532)|SOQL_EXECUTE_BEGIN|[15]|Aggregations:0|SELECT Id, Email FROM User WHERE isActive = TRUE LIMIT 10000
21:56:22.25 (1973948750)|SOQL_EXECUTE_END|[15]|Rows:9
21:56:22.25 (1977356275)|ENTERING_MANAGED_PKG|tdc_tsw
21:56:22.25 (1981887598)|SOQL_EXECUTE_BEGIN|[434]|Aggregations:0|SELECT id, name, First_Question__c, Question_Text__c, Question__c, Question_Label__c, Object__c, tdc_tsw__Survey__c, Survey__r.name FROM Question__c WHERE id = :tmpVar1
21:56:22.25 (1987774977)|SOQL_EXECUTE_END|[434]|Rows:0
21:56:22.25 (1988447760)|ENTERING_MANAGED_PKG|tdc_tsw
21:56:22.25 (1990004116)|SOQL_EXECUTE_BEGIN|[628]|Aggregations:0|Select id, leadId, contactId from CampaignMember where Id In : Ids
21:56:22.25 (1992734415)|SOQL_EXECUTE_END|[628]|Rows:0
21:56:22.993 (1993349084)|CUMULATIVE_LIMIT_USAGE
21:56:22.993 (1993349084)|LIMIT_USAGE_FOR_NS|(default)|
  Number of SOQL queries: 0 out of 100
  Number of query rows: 0 out of 50000
  Number of SOSL queries: 0 out of 20
  Number of DML statements: 0 out of 150
  Number of DML rows: 0 out of 10000
  Maximum CPU time: 942 out of 10000
  Maximum heap size: 0 out of 6000000
  Number of callouts: 0 out of 100
  Number of Email Invocations: 0 out of 10
  Number of future calls: 0 out of 50
  Number of queueable jobs added to the queue: 0 out of 50
  Number of Mobile Apex push calls: 0 out of 10

21:56:22.993 (1993349084)|LIMIT_USAGE_FOR_NS|tdc_tsw|
  Number of SOQL queries: 5 out of 100
  Number of query rows: 10 out of 50000
  Number of SOSL queries: 0 out of 20
  Number of DML statements: 1 out of 150
  Number of DML rows: 1 out of 10000
  Maximum CPU time: 0 out of 10000
  Maximum heap size: 0 out of 6000000
  Number of callouts: 2 out of 100
  Number of Email Invocations: 0 out of 10
  Number of future calls: 0 out of 50
  Number of queueable jobs added to the queue: 0 out of 50
  Number of Mobile Apex push calls: 0 out of 10

21:56:22.993 (1993349084)|CUMULATIVE_LIMIT_USAGE_END

21:56:23.46 (2046143882)|DML_END|[719]
21:56:23.46 (2046408613)|ENTERING_MANAGED_PKG|tdc_tsw
21:56:23.46 (2055258617)|DML_BEGIN|[1467]|Op:Update|Type:tdc_tsw__OrgSMSConfig__c|Rows:1
21:56:23.46 (2078605927)|DML_END|[1467]
21:56:23.46 (2078761348)|ENTERING_MANAGED_PKG|tdc_tsw
21:56:23.46 (2078829689)|ENTERING_MANAGED_PKG|tdc_tsw
21:56:23.46 (2078962304)|ENTERING_MANAGED_PKG|tdc_tsw
21:56:23.46 (2079887802)|ENTERING_MANAGED_PKG|tdc_tsw
21:56:23.46 (2079971108)|ENTERING_MANAGED_PKG|tdc_tsw
21:56:23.248 (2248422100)|CUMULATIVE_LIMIT_USAGE
21:56:23.248 (2248422100)|LIMIT_USAGE_FOR_NS|(default)|
  Number of SOQL queries: 0 out of 100
  Number of query rows: 0 out of 50000
  Number of SOSL queries: 0 out of 20
  Number of DML statements: 0 out of 150
  Number of DML rows: 0 out of 10000
  Maximum CPU time: 942 out of 10000
  Maximum heap size: 0 out of 6000000
  Number of callouts: 0 out of 100
  Number of Email Invocations: 0 out of 10
  Number of future calls: 0 out of 50
  Number of queueable jobs added to the queue: 0 out of 50
  Number of Mobile Apex push calls: 0 out of 10

21:56:23.248 (2248422100)|LIMIT_USAGE_FOR_NS|tdc_tsw|
  Number of SOQL queries: 5 out of 100
  Number of query rows: 10 out of 50000
  Number of SOSL queries: 0 out of 20
  Number of DML statements: 2 out of 150
  Number of DML rows: 2 out of 10000
  Maximum CPU time: 0 out of 10000
  Maximum heap size: 0 out of 6000000
  Number of callouts: 2 out of 100
  Number of Email Invocations: 0 out of 10
  Number of future calls: 0 out of 50
  Number of queueable jobs added to the queue: 0 out of 50
  Number of Mobile Apex push calls: 0 out of 10

21:56:23.248 (2248422100)|CUMULATIVE_LIMIT_USAGE_END

