44.0 APEX_CODE,FINEST;APEX_PROFILING,INFO;CALLOUT,INFO;DB,INFO;NBA,INFO;SYSTEM,DEBUG;VALIDATION,INFO;VISUALFORCE,INFO;WAVE,INFO;WORKFLOW,INFO
21:45:46.0 (150019)|USER_INFO|[EXTERNAL]|0051H000009gxp8|chanida.dev2@solvedbysoftwareco.com|Eastern Standard Time|GMT-05:00
21:45:46.0 (2250172)|ENTERING_MANAGED_PKG|tdc_tsw
21:45:46.0 (2739944)|ENTERING_MANAGED_PKG|tdc_tsw
21:45:46.0 (6539669)|SOQL_EXECUTE_BEGIN|[16]|Aggregations:0|SELECT id, name, Disable_Incoming_SMS_Sharing__c FROM User WHERE id = :tmpVar1
21:45:46.0 (14039021)|SOQL_EXECUTE_END|[16]|Rows:1
21:45:46.0 (20137804)|SOQL_EXECUTE_BEGIN|[37]|Aggregations:0|SELECT CreatedDate,Created_Date__c,Id,LastModifiedDate,MessageId__c,Message_Text_New__c,Name,OwnerId,Read__c,Related_Object_Id__c,Related_Object__c,Sender_Number__c, Sender_Name__c,ToNumber__c,Attachments_Ids__c FROM Message__c WHERE Name = 'Incoming' AND Read__c = false ORDER BY CreatedDate Desc limit 100
21:45:46.0 (29689429)|SOQL_EXECUTE_END|[37]|Rows:16
21:45:46.0 (33223650)|ENTERING_MANAGED_PKG|tdc_tsw
21:45:46.0 (34839916)|ENTERING_MANAGED_PKG|tdc_tsw
21:45:46.0 (35274903)|ENTERING_MANAGED_PKG|tdc_tsw
21:45:46.0 (36263554)|ENTERING_MANAGED_PKG|tdc_tsw
21:45:46.0 (38854182)|ENTERING_MANAGED_PKG|tdc_tsw
21:45:46.0 (39638619)|ENTERING_MANAGED_PKG|tdc_tsw
21:45:46.0 (39893372)|ENTERING_MANAGED_PKG|tdc_tsw
21:45:46.0 (40305434)|ENTERING_MANAGED_PKG|tdc_tsw
21:45:46.0 (41404408)|ENTERING_MANAGED_PKG|tdc_tsw
21:45:46.0 (42174105)|ENTERING_MANAGED_PKG|tdc_tsw
21:45:46.0 (42405487)|ENTERING_MANAGED_PKG|tdc_tsw
21:45:46.0 (42798839)|ENTERING_MANAGED_PKG|tdc_tsw
21:45:46.0 (43980333)|ENTERING_MANAGED_PKG|tdc_tsw
21:45:46.0 (44616238)|ENTERING_MANAGED_PKG|tdc_tsw
21:45:46.0 (44688084)|ENTERING_MANAGED_PKG|tdc_tsw
21:45:46.0 (45207149)|SOQL_EXECUTE_BEGIN|[200]|Aggregations:0|SELECT Name, NamespacePrefix, SystemModStamp FROM StaticResource WHERE Name LIKE :tmpVar1 LIMIT 10
21:45:46.0 (47717199)|SOQL_EXECUTE_END|[200]|Rows:1
21:45:46.0 (48429626)|ENTERING_MANAGED_PKG|tdc_tsw
21:45:46.0 (48784754)|SOQL_EXECUTE_BEGIN|[200]|Aggregations:0|SELECT Name, NamespacePrefix, SystemModStamp FROM StaticResource WHERE Name LIKE :tmpVar1 LIMIT 10
21:45:46.0 (51129991)|SOQL_EXECUTE_END|[200]|Rows:1
21:45:46.0 (51514070)|ENTERING_MANAGED_PKG|tdc_tsw
21:45:46.0 (54548348)|ENTERING_MANAGED_PKG|tdc_tsw
21:45:46.0 (56115879)|ENTERING_MANAGED_PKG|tdc_tsw
21:45:46.0 (56408686)|ENTERING_MANAGED_PKG|tdc_tsw
21:45:46.0 (57296803)|ENTERING_MANAGED_PKG|tdc_tsw
21:45:46.0 (57723624)|SOQL_EXECUTE_BEGIN|[200]|Aggregations:0|SELECT Name, NamespacePrefix, SystemModStamp FROM StaticResource WHERE Name LIKE :tmpVar1 LIMIT 10
21:45:46.0 (60461030)|SOQL_EXECUTE_END|[200]|Rows:1
21:45:46.67 (67406699)|USER_INFO|[EXTERNAL]|0051H000009gxp8|chanida.dev2@solvedbysoftwareco.com|Eastern Standard Time|GMT-05:00
21:45:46.67 (68799759)|ENTERING_MANAGED_PKG|tdc_tsw
21:45:46.67 (68961788)|ENTERING_MANAGED_PKG|tdc_tsw
21:45:46.67 (71277637)|SOQL_EXECUTE_BEGIN|[355]|Aggregations:0|SELECT id, name, Disable_Incoming_SMS_Sharing__c FROM User WHERE id = :tmpVar1
21:45:46.67 (76847468)|SOQL_EXECUTE_END|[355]|Rows:1
21:45:46.67 (77947581)|SOQL_EXECUTE_BEGIN|[367]|Aggregations:0|SELECT CreatedDate,Id,LastModifiedDate,Related_Object_Id__c FROM Message__c WHERE Name = 'Incoming' AND Read__c = false ORDER BY CreatedDate Desc limit 100
21:45:46.67 (83713761)|SOQL_EXECUTE_END|[367]|Rows:16
