36.0 APEX_CODE,FINEST;APEX_PROFILING,INFO;CALLOUT,INFO;DB,INFO;NBA,INFO;SYSTEM,DEBUG;VALIDATION,INFO;VISUALFORCE,INFO;WAVE,INFO;WORKFLOW,INFO
16:51:03.16 (16628678)|ENTERING_MANAGED_PKG|tdc_tsw
16:51:03.16 (17626276)|ENTERING_MANAGED_PKG|tdc_tsw
16:51:03.16 (18604167)|ENTERING_MANAGED_PKG|tdc_tsw
16:51:03.16 (19809260)|ENTERING_MANAGED_PKG|tdc_tsw
16:51:03.16 (19856521)|ENTERING_MANAGED_PKG|tdc_tsw
16:51:03.16 (36128742)|ENTERING_MANAGED_PKG|tdc_tsw
16:51:03.16 (39643573)|ENTERING_MANAGED_PKG|tdc_tsw
16:51:03.16 (39695946)|ENTERING_MANAGED_PKG|tdc_tsw
16:51:03.16 (39741154)|ENTERING_MANAGED_PKG|tdc_tsw
16:51:03.16 (40872622)|ENTERING_MANAGED_PKG|tdc_tsw
16:51:03.16 (41264615)|ENTERING_MANAGED_PKG|tdc_tsw
16:51:03.16 (41597645)|ENTERING_MANAGED_PKG|tdc_tsw
16:51:03.16 (43592202)|ENTERING_MANAGED_PKG|tdc_tsw
16:51:03.16 (43645551)|ENTERING_MANAGED_PKG|tdc_tsw
16:51:03.16 (44028410)|ENTERING_MANAGED_PKG|tdc_tsw
16:51:03.16 (46621979)|ENTERING_MANAGED_PKG|tdc_tsw
16:51:03.16 (52223634)|ENTERING_MANAGED_PKG|tdc_tsw
16:51:03.16 (59075098)|ENTERING_MANAGED_PKG|tdc_tsw
16:51:03.16 (59190576)|ENTERING_MANAGED_PKG|tdc_tsw
16:51:03.16 (59380077)|ENTERING_MANAGED_PKG|tdc_tsw
16:51:03.16 (59591478)|ENTERING_MANAGED_PKG|tdc_tsw
16:51:03.16 (59790493)|ENTERING_MANAGED_PKG|tdc_tsw
16:51:03.16 (59860506)|ENTERING_MANAGED_PKG|tdc_tsw
16:51:03.16 (59940685)|ENTERING_MANAGED_PKG|tdc_tsw
16:51:03.16 (60011531)|ENTERING_MANAGED_PKG|tdc_tsw
16:51:03.16 (60034480)|ENTERING_MANAGED_PKG|tdc_tsw
16:51:03.16 (60229299)|ENTERING_MANAGED_PKG|tdc_tsw
16:51:03.16 (60303605)|ENTERING_MANAGED_PKG|tdc_tsw
16:51:03.16 (60379617)|ENTERING_MANAGED_PKG|tdc_tsw
16:51:03.16 (60520327)|ENTERING_MANAGED_PKG|tdc_tsw
16:51:03.16 (60587666)|ENTERING_MANAGED_PKG|tdc_tsw
16:51:03.16 (63067191)|ENTERING_MANAGED_PKG|tdc_tsw
16:51:03.16 (63163763)|ENTERING_MANAGED_PKG|tdc_tsw
16:51:03.16 (63239854)|ENTERING_MANAGED_PKG|tdc_tsw
16:51:03.16 (65847926)|ENTERING_MANAGED_PKG|tdc_tsw
16:51:03.16 (65926389)|ENTERING_MANAGED_PKG|tdc_tsw
16:51:03.16 (66001025)|ENTERING_MANAGED_PKG|tdc_tsw
16:51:03.16 (66074683)|ENTERING_MANAGED_PKG|tdc_tsw
16:51:03.16 (66201234)|ENTERING_MANAGED_PKG|tdc_tsw
16:51:03.16 (66332823)|ENTERING_MANAGED_PKG|tdc_tsw
16:51:03.16 (66411236)|ENTERING_MANAGED_PKG|tdc_tsw
16:51:03.16 (66512958)|ENTERING_MANAGED_PKG|tdc_tsw
16:51:03.16 (66569104)|ENTERING_MANAGED_PKG|tdc_tsw
16:51:03.16 (66661359)|ENTERING_MANAGED_PKG|tdc_tsw
16:51:03.16 (66710845)|ENTERING_MANAGED_PKG|tdc_tsw
16:51:03.16 (66776168)|ENTERING_MANAGED_PKG|tdc_tsw
16:51:03.16 (66878153)|ENTERING_MANAGED_PKG|tdc_tsw
16:51:03.16 (69134321)|ENTERING_MANAGED_PKG|tdc_tsw
16:51:03.16 (69236017)|ENTERING_MANAGED_PKG|tdc_tsw
16:51:03.16 (69521097)|ENTERING_MANAGED_PKG|tdc_tsw
16:51:03.16 (69683102)|ENTERING_MANAGED_PKG|tdc_tsw
16:51:03.16 (69872391)|ENTERING_MANAGED_PKG|tdc_tsw
16:51:03.16 (69950293)|ENTERING_MANAGED_PKG|tdc_tsw
16:51:03.16 (70130042)|ENTERING_MANAGED_PKG|tdc_tsw
16:51:03.16 (70527429)|ENTERING_MANAGED_PKG|tdc_tsw
16:51:03.16 (423011240)|ENTERING_MANAGED_PKG|tdc_tsw
16:51:03.16 (423150046)|ENTERING_MANAGED_PKG|tdc_tsw
16:51:03.16 (424095082)|ENTERING_MANAGED_PKG|tdc_tsw
16:51:03.16 (424176956)|ENTERING_MANAGED_PKG|tdc_tsw
16:51:03.16 (424278266)|ENTERING_MANAGED_PKG|tdc_tsw
16:51:03.16 (424396323)|ENTERING_MANAGED_PKG|tdc_tsw
16:51:03.16 (424475847)|ENTERING_MANAGED_PKG|tdc_tsw
16:51:03.16 (424532684)|ENTERING_MANAGED_PKG|tdc_tsw
16:51:03.16 (424599381)|ENTERING_MANAGED_PKG|tdc_tsw
16:51:03.16 (424647298)|ENTERING_MANAGED_PKG|tdc_tsw
16:51:03.16 (424679751)|ENTERING_MANAGED_PKG|tdc_tsw
16:51:03.16 (424738692)|ENTERING_MANAGED_PKG|tdc_tsw
16:51:03.16 (424783674)|ENTERING_MANAGED_PKG|tdc_tsw
16:51:03.16 (424837332)|ENTERING_MANAGED_PKG|tdc_tsw
16:51:03.16 (428995220)|ENTERING_MANAGED_PKG|tdc_tsw
16:51:03.16 (429433887)|ENTERING_MANAGED_PKG|tdc_tsw
16:51:03.16 (432546666)|ENTERING_MANAGED_PKG|tdc_tsw
16:51:03.16 (441340856)|ENTERING_MANAGED_PKG|tdc_tsw
16:51:03.16 (442250800)|ENTERING_MANAGED_PKG|tdc_tsw
16:51:03.16 (442341122)|ENTERING_MANAGED_PKG|tdc_tsw
16:51:03.16 (442402441)|ENTERING_MANAGED_PKG|tdc_tsw
16:51:03.16 (442487818)|ENTERING_MANAGED_PKG|tdc_tsw
16:51:03.16 (442551366)|ENTERING_MANAGED_PKG|tdc_tsw
16:51:03.16 (442714515)|ENTERING_MANAGED_PKG|tdc_tsw
16:51:03.16 (443532199)|ENTERING_MANAGED_PKG|tdc_tsw
16:51:03.16 (443592397)|ENTERING_MANAGED_PKG|tdc_tsw
16:51:03.16 (443869117)|ENTERING_MANAGED_PKG|tdc_tsw
16:51:03.16 (443932438)|ENTERING_MANAGED_PKG|tdc_tsw
16:51:03.16 (444182758)|ENTERING_MANAGED_PKG|tdc_tsw
16:51:03.16 (444243608)|ENTERING_MANAGED_PKG|tdc_tsw
16:51:03.16 (444289373)|ENTERING_MANAGED_PKG|tdc_tsw
16:51:03.16 (444325730)|ENTERING_MANAGED_PKG|tdc_tsw
16:51:03.16 (444366450)|ENTERING_MANAGED_PKG|tdc_tsw
16:51:03.16 (444432754)|ENTERING_MANAGED_PKG|tdc_tsw
16:51:03.16 (444512409)|ENTERING_MANAGED_PKG|tdc_tsw
16:51:03.16 (444539169)|ENTERING_MANAGED_PKG|tdc_tsw
16:51:03.16 (444584736)|ENTERING_MANAGED_PKG|tdc_tsw
16:51:03.16 (444796150)|ENTERING_MANAGED_PKG|tdc_tsw
16:51:03.16 (444845421)|ENTERING_MANAGED_PKG|tdc_tsw
16:51:03.16 (444897105)|ENTERING_MANAGED_PKG|tdc_tsw
16:51:03.16 (444954562)|ENTERING_MANAGED_PKG|tdc_tsw
16:51:03.16 (444998091)|ENTERING_MANAGED_PKG|tdc_tsw
16:51:03.16 (445050637)|ENTERING_MANAGED_PKG|tdc_tsw
16:51:03.16 (445090335)|ENTERING_MANAGED_PKG|tdc_tsw
16:51:03.16 (445148619)|ENTERING_MANAGED_PKG|tdc_tsw
16:51:03.16 (445186967)|ENTERING_MANAGED_PKG|tdc_tsw
16:51:03.16 (445320663)|ENTERING_MANAGED_PKG|tdc_tsw
16:51:03.16 (445411119)|ENTERING_MANAGED_PKG|tdc_tsw
16:51:03.16 (445481876)|ENTERING_MANAGED_PKG|tdc_tsw
16:51:03.16 (445547074)|ENTERING_MANAGED_PKG|tdc_tsw
16:51:03.16 (445631768)|ENTERING_MANAGED_PKG|tdc_tsw
16:51:03.16 (808487675)|ENTERING_MANAGED_PKG|tdc_tsw
16:51:03.16 (808942999)|ENTERING_MANAGED_PKG|tdc_tsw
16:51:03.16 (808980723)|ENTERING_MANAGED_PKG|tdc_tsw
16:51:03.16 (809027885)|ENTERING_MANAGED_PKG|tdc_tsw
16:51:03.16 (809082721)|ENTERING_MANAGED_PKG|tdc_tsw
16:51:03.16 (809109493)|ENTERING_MANAGED_PKG|tdc_tsw
16:51:03.16 (809133159)|ENTERING_MANAGED_PKG|tdc_tsw
16:51:03.16 (809169566)|ENTERING_MANAGED_PKG|tdc_tsw
16:51:03.16 (809194230)|ENTERING_MANAGED_PKG|tdc_tsw
16:51:03.16 (809215368)|ENTERING_MANAGED_PKG|tdc_tsw
16:51:03.16 (809290863)|ENTERING_MANAGED_PKG|tdc_tsw
16:51:03.16 (809408009)|ENTERING_MANAGED_PKG|tdc_tsw
16:51:03.16 (809464091)|ENTERING_MANAGED_PKG|tdc_tsw
16:51:03.16 (809547897)|ENTERING_MANAGED_PKG|tdc_tsw
16:51:03.16 (809656421)|ENTERING_MANAGED_PKG|tdc_tsw
16:51:03.16 (813354253)|ENTERING_MANAGED_PKG|tdc_tsw
16:51:03.16 (813993726)|ENTERING_MANAGED_PKG|tdc_tsw
16:51:03.16 (820334252)|ENTERING_MANAGED_PKG|tdc_tsw
16:51:03.16 (821293805)|ENTERING_MANAGED_PKG|tdc_tsw
16:51:03.16 (827856830)|ENTERING_MANAGED_PKG|tdc_tsw
16:51:03.16 (828780294)|ENTERING_MANAGED_PKG|tdc_tsw
16:51:03.16 (835005719)|ENTERING_MANAGED_PKG|tdc_tsw
16:51:03.16 (835941565)|ENTERING_MANAGED_PKG|tdc_tsw
16:51:03.16 (842223618)|ENTERING_MANAGED_PKG|tdc_tsw
16:51:03.16 (843222403)|ENTERING_MANAGED_PKG|tdc_tsw
16:51:03.16 (849476606)|ENTERING_MANAGED_PKG|tdc_tsw
16:51:03.16 (850429066)|ENTERING_MANAGED_PKG|tdc_tsw
16:51:03.16 (856678739)|ENTERING_MANAGED_PKG|tdc_tsw
16:51:03.16 (857593712)|ENTERING_MANAGED_PKG|tdc_tsw
16:51:03.16 (863816267)|ENTERING_MANAGED_PKG|tdc_tsw
16:51:03.16 (864722011)|ENTERING_MANAGED_PKG|tdc_tsw
16:51:03.16 (870970819)|ENTERING_MANAGED_PKG|tdc_tsw
16:51:03.16 (871879167)|ENTERING_MANAGED_PKG|tdc_tsw
16:51:03.16 (878102145)|ENTERING_MANAGED_PKG|tdc_tsw
16:51:03.16 (879012192)|ENTERING_MANAGED_PKG|tdc_tsw
16:51:03.16 (885231755)|ENTERING_MANAGED_PKG|tdc_tsw
16:51:03.16 (886145741)|ENTERING_MANAGED_PKG|tdc_tsw
16:51:03.16 (892377965)|ENTERING_MANAGED_PKG|tdc_tsw
16:51:03.16 (893323073)|ENTERING_MANAGED_PKG|tdc_tsw
16:51:03.16 (899574006)|ENTERING_MANAGED_PKG|tdc_tsw
16:51:03.16 (900533521)|ENTERING_MANAGED_PKG|tdc_tsw
16:51:03.16 (906781890)|ENTERING_MANAGED_PKG|tdc_tsw
16:51:03.16 (907741865)|ENTERING_MANAGED_PKG|tdc_tsw
16:51:03.16 (913983390)|ENTERING_MANAGED_PKG|tdc_tsw
16:51:03.16 (914924896)|ENTERING_MANAGED_PKG|tdc_tsw
16:51:03.16 (921153272)|ENTERING_MANAGED_PKG|tdc_tsw
16:51:03.16 (922068842)|ENTERING_MANAGED_PKG|tdc_tsw
16:51:03.16 (928297371)|ENTERING_MANAGED_PKG|tdc_tsw
16:51:03.16 (929219984)|ENTERING_MANAGED_PKG|tdc_tsw
16:51:03.16 (935447033)|ENTERING_MANAGED_PKG|tdc_tsw
16:51:03.16 (936371644)|ENTERING_MANAGED_PKG|tdc_tsw
16:51:03.16 (942603587)|ENTERING_MANAGED_PKG|tdc_tsw
16:51:03.16 (943518847)|ENTERING_MANAGED_PKG|tdc_tsw
16:51:03.16 (949750955)|ENTERING_MANAGED_PKG|tdc_tsw
16:51:03.16 (950670826)|ENTERING_MANAGED_PKG|tdc_tsw
16:51:03.16 (957221843)|ENTERING_MANAGED_PKG|tdc_tsw
16:51:03.16 (958139094)|ENTERING_MANAGED_PKG|tdc_tsw
16:51:03.16 (964363499)|ENTERING_MANAGED_PKG|tdc_tsw
16:51:03.16 (965277870)|ENTERING_MANAGED_PKG|tdc_tsw
16:51:03.16 (971516407)|ENTERING_MANAGED_PKG|tdc_tsw
16:51:03.16 (972455526)|ENTERING_MANAGED_PKG|tdc_tsw
16:51:03.16 (978681941)|ENTERING_MANAGED_PKG|tdc_tsw
16:51:03.16 (979603731)|ENTERING_MANAGED_PKG|tdc_tsw
16:51:03.16 (985834314)|ENTERING_MANAGED_PKG|tdc_tsw
16:51:03.16 (986745746)|ENTERING_MANAGED_PKG|tdc_tsw
16:51:03.16 (992995747)|ENTERING_MANAGED_PKG|tdc_tsw
16:51:03.16 (994018483)|ENTERING_MANAGED_PKG|tdc_tsw
16:51:03.16 (1000600326)|ENTERING_MANAGED_PKG|tdc_tsw
16:51:03.16 (1001567104)|ENTERING_MANAGED_PKG|tdc_tsw
16:51:03.16 (1007809866)|ENTERING_MANAGED_PKG|tdc_tsw
16:51:03.16 (1008732591)|ENTERING_MANAGED_PKG|tdc_tsw
16:51:03.16 (1015030866)|ENTERING_MANAGED_PKG|tdc_tsw
16:51:03.16 (1015950411)|ENTERING_MANAGED_PKG|tdc_tsw
16:51:04.22 (1022168742)|ENTERING_MANAGED_PKG|tdc_tsw
16:51:04.22 (1023086103)|ENTERING_MANAGED_PKG|tdc_tsw
16:51:04.22 (1029309200)|ENTERING_MANAGED_PKG|tdc_tsw
16:51:04.22 (1030219185)|ENTERING_MANAGED_PKG|tdc_tsw
16:51:04.22 (1036453248)|ENTERING_MANAGED_PKG|tdc_tsw
16:51:04.22 (1037369111)|ENTERING_MANAGED_PKG|tdc_tsw
16:51:04.22 (1043621858)|ENTERING_MANAGED_PKG|tdc_tsw
16:51:04.22 (1044544845)|ENTERING_MANAGED_PKG|tdc_tsw
16:51:04.22 (1051070050)|ENTERING_MANAGED_PKG|tdc_tsw
16:51:04.22 (1052029039)|ENTERING_MANAGED_PKG|tdc_tsw
16:51:04.22 (1058249652)|ENTERING_MANAGED_PKG|tdc_tsw
16:51:04.22 (1059171431)|ENTERING_MANAGED_PKG|tdc_tsw
16:51:04.22 (1065421650)|ENTERING_MANAGED_PKG|tdc_tsw
16:51:04.22 (1066339636)|ENTERING_MANAGED_PKG|tdc_tsw
16:51:04.22 (1072573684)|ENTERING_MANAGED_PKG|tdc_tsw
16:51:04.22 (1073503178)|ENTERING_MANAGED_PKG|tdc_tsw
16:51:04.22 (1080056037)|ENTERING_MANAGED_PKG|tdc_tsw
16:51:04.22 (1080985859)|ENTERING_MANAGED_PKG|tdc_tsw
16:51:04.22 (1087203794)|ENTERING_MANAGED_PKG|tdc_tsw
16:51:04.22 (1088114846)|ENTERING_MANAGED_PKG|tdc_tsw
16:51:04.22 (1094333764)|ENTERING_MANAGED_PKG|tdc_tsw
16:51:04.22 (1095247057)|ENTERING_MANAGED_PKG|tdc_tsw
16:51:04.22 (1101475915)|ENTERING_MANAGED_PKG|tdc_tsw
16:51:04.22 (1102384993)|ENTERING_MANAGED_PKG|tdc_tsw
16:51:04.22 (1108605067)|ENTERING_MANAGED_PKG|tdc_tsw
16:51:04.22 (1109514488)|ENTERING_MANAGED_PKG|tdc_tsw
16:51:04.22 (1115736367)|ENTERING_MANAGED_PKG|tdc_tsw
16:51:04.22 (1116644732)|ENTERING_MANAGED_PKG|tdc_tsw
16:51:04.22 (1122862816)|ENTERING_MANAGED_PKG|tdc_tsw
16:51:04.22 (1123765572)|ENTERING_MANAGED_PKG|tdc_tsw
16:51:04.22 (1129997181)|ENTERING_MANAGED_PKG|tdc_tsw
16:51:04.22 (1130909250)|ENTERING_MANAGED_PKG|tdc_tsw
16:51:04.22 (1137136612)|ENTERING_MANAGED_PKG|tdc_tsw
16:51:04.22 (1138060236)|ENTERING_MANAGED_PKG|tdc_tsw
16:51:04.22 (1144286236)|ENTERING_MANAGED_PKG|tdc_tsw
16:51:04.22 (1145196774)|ENTERING_MANAGED_PKG|tdc_tsw
16:51:04.22 (1151410496)|ENTERING_MANAGED_PKG|tdc_tsw
16:51:04.22 (1152323107)|ENTERING_MANAGED_PKG|tdc_tsw
16:51:04.22 (1158546409)|ENTERING_MANAGED_PKG|tdc_tsw
16:51:04.22 (1159456543)|ENTERING_MANAGED_PKG|tdc_tsw
16:51:04.22 (1165677353)|ENTERING_MANAGED_PKG|tdc_tsw
16:51:04.22 (1166584756)|ENTERING_MANAGED_PKG|tdc_tsw
16:51:04.22 (1172806352)|ENTERING_MANAGED_PKG|tdc_tsw
16:51:04.22 (1175577041)|ENTERING_MANAGED_PKG|tdc_tsw
16:51:04.22 (1175778455)|ENTERING_MANAGED_PKG|tdc_tsw
16:51:04.22 (1175907498)|ENTERING_MANAGED_PKG|tdc_tsw
16:51:04.22 (1176026529)|ENTERING_MANAGED_PKG|tdc_tsw
16:51:04.22 (1176108850)|ENTERING_MANAGED_PKG|tdc_tsw
16:51:04.22 (1176164655)|ENTERING_MANAGED_PKG|tdc_tsw
16:51:04.22 (1176302221)|ENTERING_MANAGED_PKG|tdc_tsw
16:51:04.22 (1176349984)|ENTERING_MANAGED_PKG|tdc_tsw
16:51:04.22 (1176426830)|ENTERING_MANAGED_PKG|tdc_tsw
16:51:04.22 (1176535307)|ENTERING_MANAGED_PKG|tdc_tsw
16:51:04.22 (1177901507)|ENTERING_MANAGED_PKG|tdc_tsw
16:51:04.22 (1178247620)|ENTERING_MANAGED_PKG|tdc_tsw
16:51:04.22 (1220753095)|ENTERING_MANAGED_PKG|tdc_tsw
16:51:04.22 (1221738942)|ENTERING_MANAGED_PKG|tdc_tsw
16:51:04.22 (1227979596)|ENTERING_MANAGED_PKG|tdc_tsw
16:51:04.22 (1228892409)|ENTERING_MANAGED_PKG|tdc_tsw
16:51:04.22 (1238729959)|ENTERING_MANAGED_PKG|tdc_tsw
16:51:04.22 (1239667615)|ENTERING_MANAGED_PKG|tdc_tsw
16:51:04.22 (1245901998)|ENTERING_MANAGED_PKG|tdc_tsw
16:51:04.22 (1246839175)|ENTERING_MANAGED_PKG|tdc_tsw
16:51:04.22 (1253072436)|ENTERING_MANAGED_PKG|tdc_tsw
16:51:04.22 (1254007911)|ENTERING_MANAGED_PKG|tdc_tsw
16:51:04.22 (1260224365)|ENTERING_MANAGED_PKG|tdc_tsw
16:51:04.22 (1261135296)|ENTERING_MANAGED_PKG|tdc_tsw
16:51:04.22 (1267351751)|ENTERING_MANAGED_PKG|tdc_tsw
16:51:04.22 (1268261946)|ENTERING_MANAGED_PKG|tdc_tsw
16:51:04.22 (1274490343)|ENTERING_MANAGED_PKG|tdc_tsw
16:51:04.22 (1275407965)|ENTERING_MANAGED_PKG|tdc_tsw
16:51:04.22 (1281632849)|ENTERING_MANAGED_PKG|tdc_tsw
16:51:04.22 (1282543081)|ENTERING_MANAGED_PKG|tdc_tsw
16:51:04.22 (1288753177)|ENTERING_MANAGED_PKG|tdc_tsw
16:51:04.22 (1289676622)|ENTERING_MANAGED_PKG|tdc_tsw
16:51:04.22 (1295904663)|ENTERING_MANAGED_PKG|tdc_tsw
16:51:04.22 (1296817325)|ENTERING_MANAGED_PKG|tdc_tsw
16:51:04.22 (1303028285)|ENTERING_MANAGED_PKG|tdc_tsw
16:51:04.22 (1303937083)|ENTERING_MANAGED_PKG|tdc_tsw
16:51:04.22 (1310160716)|ENTERING_MANAGED_PKG|tdc_tsw
16:51:04.22 (1311071994)|ENTERING_MANAGED_PKG|tdc_tsw
16:51:04.22 (1317299205)|ENTERING_MANAGED_PKG|tdc_tsw
16:51:04.22 (1318207986)|ENTERING_MANAGED_PKG|tdc_tsw
16:51:04.22 (1324419352)|ENTERING_MANAGED_PKG|tdc_tsw
16:51:04.22 (1325330503)|ENTERING_MANAGED_PKG|tdc_tsw
16:51:04.22 (1331943811)|ENTERING_MANAGED_PKG|tdc_tsw
16:51:04.22 (1332886301)|ENTERING_MANAGED_PKG|tdc_tsw
16:51:04.22 (1339124921)|ENTERING_MANAGED_PKG|tdc_tsw
16:51:04.22 (1340038387)|ENTERING_MANAGED_PKG|tdc_tsw
16:51:04.22 (1346277359)|ENTERING_MANAGED_PKG|tdc_tsw
16:51:04.22 (1347190021)|ENTERING_MANAGED_PKG|tdc_tsw
16:51:04.22 (1353424319)|ENTERING_MANAGED_PKG|tdc_tsw
16:51:04.22 (1354332168)|ENTERING_MANAGED_PKG|tdc_tsw
16:51:04.22 (1360542808)|ENTERING_MANAGED_PKG|tdc_tsw
16:51:04.22 (1361453100)|ENTERING_MANAGED_PKG|tdc_tsw
16:51:04.22 (1367657133)|ENTERING_MANAGED_PKG|tdc_tsw
16:51:04.22 (1368566234)|ENTERING_MANAGED_PKG|tdc_tsw
16:51:04.22 (1374777853)|ENTERING_MANAGED_PKG|tdc_tsw
16:51:04.22 (1375685613)|ENTERING_MANAGED_PKG|tdc_tsw
16:51:04.22 (1381901636)|ENTERING_MANAGED_PKG|tdc_tsw
16:51:04.22 (1382811862)|ENTERING_MANAGED_PKG|tdc_tsw
16:51:04.22 (1389023470)|ENTERING_MANAGED_PKG|tdc_tsw
16:51:04.22 (1389938373)|ENTERING_MANAGED_PKG|tdc_tsw
16:51:04.22 (1396156486)|ENTERING_MANAGED_PKG|tdc_tsw
16:51:04.22 (1397070558)|ENTERING_MANAGED_PKG|tdc_tsw
16:51:04.22 (1403292538)|ENTERING_MANAGED_PKG|tdc_tsw
16:51:04.22 (1404203450)|ENTERING_MANAGED_PKG|tdc_tsw
16:51:04.22 (1410832221)|ENTERING_MANAGED_PKG|tdc_tsw
16:51:04.22 (1411744291)|ENTERING_MANAGED_PKG|tdc_tsw
16:51:04.22 (1418012798)|ENTERING_MANAGED_PKG|tdc_tsw
16:51:04.22 (1418923781)|ENTERING_MANAGED_PKG|tdc_tsw
16:51:04.22 (1425132174)|ENTERING_MANAGED_PKG|tdc_tsw
16:51:04.22 (1426040328)|ENTERING_MANAGED_PKG|tdc_tsw
16:51:04.22 (1432244141)|ENTERING_MANAGED_PKG|tdc_tsw
16:51:04.22 (1433152102)|ENTERING_MANAGED_PKG|tdc_tsw
16:51:04.22 (1439361290)|ENTERING_MANAGED_PKG|tdc_tsw
16:51:04.22 (1440267422)|ENTERING_MANAGED_PKG|tdc_tsw
16:51:04.22 (1446474474)|ENTERING_MANAGED_PKG|tdc_tsw
16:51:04.22 (1447381204)|ENTERING_MANAGED_PKG|tdc_tsw
16:51:04.22 (1453915252)|ENTERING_MANAGED_PKG|tdc_tsw
16:51:04.22 (1454823411)|ENTERING_MANAGED_PKG|tdc_tsw
16:51:04.22 (1461034413)|ENTERING_MANAGED_PKG|tdc_tsw
16:51:04.22 (1461943961)|ENTERING_MANAGED_PKG|tdc_tsw
16:51:04.22 (1468145592)|ENTERING_MANAGED_PKG|tdc_tsw
16:51:04.22 (1469055249)|ENTERING_MANAGED_PKG|tdc_tsw
16:51:04.22 (1475268235)|ENTERING_MANAGED_PKG|tdc_tsw
16:51:04.22 (1476176215)|ENTERING_MANAGED_PKG|tdc_tsw
16:51:04.22 (1482381513)|ENTERING_MANAGED_PKG|tdc_tsw
16:51:04.22 (1483292684)|ENTERING_MANAGED_PKG|tdc_tsw
16:51:04.22 (1489500384)|ENTERING_MANAGED_PKG|tdc_tsw
16:51:04.22 (1490406595)|ENTERING_MANAGED_PKG|tdc_tsw
16:51:04.22 (1496628058)|ENTERING_MANAGED_PKG|tdc_tsw
16:51:04.22 (1497538640)|ENTERING_MANAGED_PKG|tdc_tsw
16:51:04.22 (1503755012)|ENTERING_MANAGED_PKG|tdc_tsw
16:51:04.22 (1504664182)|ENTERING_MANAGED_PKG|tdc_tsw
16:51:04.22 (1510876435)|ENTERING_MANAGED_PKG|tdc_tsw
16:51:04.22 (1511777560)|ENTERING_MANAGED_PKG|tdc_tsw
16:51:04.22 (1517990383)|ENTERING_MANAGED_PKG|tdc_tsw
16:51:04.22 (1518898535)|ENTERING_MANAGED_PKG|tdc_tsw
16:51:04.22 (1525106004)|ENTERING_MANAGED_PKG|tdc_tsw
16:51:04.22 (1526012792)|ENTERING_MANAGED_PKG|tdc_tsw
16:51:04.22 (1532271488)|ENTERING_MANAGED_PKG|tdc_tsw
16:51:04.22 (1533184895)|ENTERING_MANAGED_PKG|tdc_tsw
16:51:04.22 (1539388998)|ENTERING_MANAGED_PKG|tdc_tsw
16:51:04.22 (1540296914)|ENTERING_MANAGED_PKG|tdc_tsw
16:51:04.22 (1546507446)|ENTERING_MANAGED_PKG|tdc_tsw
16:51:04.22 (1547438091)|ENTERING_MANAGED_PKG|tdc_tsw
16:51:04.22 (1553665003)|ENTERING_MANAGED_PKG|tdc_tsw
16:51:04.22 (1554583314)|ENTERING_MANAGED_PKG|tdc_tsw
16:51:04.22 (1560905467)|ENTERING_MANAGED_PKG|tdc_tsw
16:51:04.22 (1561859839)|ENTERING_MANAGED_PKG|tdc_tsw
16:51:04.22 (1568145996)|ENTERING_MANAGED_PKG|tdc_tsw
16:51:04.22 (1569057024)|ENTERING_MANAGED_PKG|tdc_tsw
16:51:04.22 (1575269121)|ENTERING_MANAGED_PKG|tdc_tsw
16:51:04.22 (1578214260)|ENTERING_MANAGED_PKG|tdc_tsw
16:51:04.22 (1578409665)|ENTERING_MANAGED_PKG|tdc_tsw
16:51:04.22 (1578654129)|ENTERING_MANAGED_PKG|tdc_tsw
16:51:04.22 (1578704421)|ENTERING_MANAGED_PKG|tdc_tsw
16:51:04.22 (1578754241)|ENTERING_MANAGED_PKG|tdc_tsw
16:51:04.22 (1578797350)|ENTERING_MANAGED_PKG|tdc_tsw
16:51:04.22 (1578837771)|ENTERING_MANAGED_PKG|tdc_tsw
16:51:04.22 (1578937891)|ENTERING_MANAGED_PKG|tdc_tsw
16:51:04.22 (1579148205)|ENTERING_MANAGED_PKG|tdc_tsw
16:51:04.22 (1579182958)|ENTERING_MANAGED_PKG|tdc_tsw
16:51:04.22 (1579222450)|ENTERING_MANAGED_PKG|tdc_tsw
16:51:04.22 (1579258748)|ENTERING_MANAGED_PKG|tdc_tsw
16:51:04.22 (1579286489)|ENTERING_MANAGED_PKG|tdc_tsw
16:51:04.22 (1579368011)|ENTERING_MANAGED_PKG|tdc_tsw
16:51:04.22 (1579540518)|ENTERING_MANAGED_PKG|tdc_tsw
16:51:04.22 (1579573635)|ENTERING_MANAGED_PKG|tdc_tsw
16:51:04.22 (1579611614)|ENTERING_MANAGED_PKG|tdc_tsw
16:51:04.22 (1579647356)|ENTERING_MANAGED_PKG|tdc_tsw
16:51:04.22 (1579674942)|ENTERING_MANAGED_PKG|tdc_tsw
16:51:04.22 (1579754780)|ENTERING_MANAGED_PKG|tdc_tsw
16:51:04.22 (1579930054)|ENTERING_MANAGED_PKG|tdc_tsw
16:51:04.22 (1579962778)|ENTERING_MANAGED_PKG|tdc_tsw
16:51:04.22 (1580000594)|ENTERING_MANAGED_PKG|tdc_tsw
16:51:04.22 (1580037279)|ENTERING_MANAGED_PKG|tdc_tsw
16:51:04.22 (1580064707)|ENTERING_MANAGED_PKG|tdc_tsw
16:51:04.22 (1580143743)|ENTERING_MANAGED_PKG|tdc_tsw
16:51:04.22 (1580311540)|ENTERING_MANAGED_PKG|tdc_tsw
16:51:04.22 (1580344087)|ENTERING_MANAGED_PKG|tdc_tsw
16:51:04.22 (1580381598)|ENTERING_MANAGED_PKG|tdc_tsw
16:51:04.22 (1580417188)|ENTERING_MANAGED_PKG|tdc_tsw
16:51:04.22 (1580444428)|ENTERING_MANAGED_PKG|tdc_tsw
16:51:04.22 (1580522449)|ENTERING_MANAGED_PKG|tdc_tsw
16:51:04.22 (1580689180)|ENTERING_MANAGED_PKG|tdc_tsw
16:51:04.22 (1580721610)|ENTERING_MANAGED_PKG|tdc_tsw
16:51:04.22 (1580759338)|ENTERING_MANAGED_PKG|tdc_tsw
16:51:04.22 (1580794584)|ENTERING_MANAGED_PKG|tdc_tsw
16:51:04.22 (1580827924)|ENTERING_MANAGED_PKG|tdc_tsw
16:51:04.22 (1580907092)|ENTERING_MANAGED_PKG|tdc_tsw
16:51:04.22 (1581074505)|ENTERING_MANAGED_PKG|tdc_tsw
16:51:04.22 (1581108003)|ENTERING_MANAGED_PKG|tdc_tsw
16:51:04.22 (1581145887)|ENTERING_MANAGED_PKG|tdc_tsw
16:51:04.22 (1581181517)|ENTERING_MANAGED_PKG|tdc_tsw
16:51:04.22 (1581208806)|ENTERING_MANAGED_PKG|tdc_tsw
16:51:04.22 (1581287066)|ENTERING_MANAGED_PKG|tdc_tsw
16:51:04.22 (1581452630)|ENTERING_MANAGED_PKG|tdc_tsw
16:51:04.22 (1581484870)|ENTERING_MANAGED_PKG|tdc_tsw
16:51:04.22 (1581522162)|ENTERING_MANAGED_PKG|tdc_tsw
16:51:04.22 (1581557368)|ENTERING_MANAGED_PKG|tdc_tsw
16:51:04.22 (1581584586)|ENTERING_MANAGED_PKG|tdc_tsw
16:51:04.22 (1581661991)|ENTERING_MANAGED_PKG|tdc_tsw
16:51:04.22 (1581835901)|ENTERING_MANAGED_PKG|tdc_tsw
16:51:04.22 (1581869009)|ENTERING_MANAGED_PKG|tdc_tsw
16:51:04.22 (1581906617)|ENTERING_MANAGED_PKG|tdc_tsw
16:51:04.22 (1581942207)|ENTERING_MANAGED_PKG|tdc_tsw
16:51:04.22 (1581969596)|ENTERING_MANAGED_PKG|tdc_tsw
16:51:04.22 (1582047944)|ENTERING_MANAGED_PKG|tdc_tsw
16:51:04.22 (1582214716)|ENTERING_MANAGED_PKG|tdc_tsw
16:51:04.22 (1582246725)|ENTERING_MANAGED_PKG|tdc_tsw
16:51:04.22 (1582284114)|ENTERING_MANAGED_PKG|tdc_tsw
16:51:04.22 (1582319417)|ENTERING_MANAGED_PKG|tdc_tsw
16:51:04.22 (1582346551)|ENTERING_MANAGED_PKG|tdc_tsw
16:51:04.22 (1582423829)|ENTERING_MANAGED_PKG|tdc_tsw
16:51:04.22 (1582588768)|ENTERING_MANAGED_PKG|tdc_tsw
16:51:04.22 (1582620911)|ENTERING_MANAGED_PKG|tdc_tsw
16:51:04.22 (1582658312)|ENTERING_MANAGED_PKG|tdc_tsw
16:51:04.22 (1582693861)|ENTERING_MANAGED_PKG|tdc_tsw
16:51:04.22 (1582720831)|ENTERING_MANAGED_PKG|tdc_tsw
16:51:04.22 (1582802990)|ENTERING_MANAGED_PKG|tdc_tsw
16:51:04.22 (1582969956)|ENTERING_MANAGED_PKG|tdc_tsw
16:51:04.22 (1583002353)|ENTERING_MANAGED_PKG|tdc_tsw
16:51:04.22 (1583040967)|ENTERING_MANAGED_PKG|tdc_tsw
16:51:04.22 (1583076805)|ENTERING_MANAGED_PKG|tdc_tsw
16:51:04.22 (1583104010)|ENTERING_MANAGED_PKG|tdc_tsw
16:51:04.22 (1583182703)|ENTERING_MANAGED_PKG|tdc_tsw
16:51:04.22 (1583348222)|ENTERING_MANAGED_PKG|tdc_tsw
16:51:04.22 (1583380752)|ENTERING_MANAGED_PKG|tdc_tsw
16:51:04.22 (1583418063)|ENTERING_MANAGED_PKG|tdc_tsw
16:51:04.22 (1583453276)|ENTERING_MANAGED_PKG|tdc_tsw
16:51:04.22 (1583480343)|ENTERING_MANAGED_PKG|tdc_tsw
16:51:04.22 (1583557629)|ENTERING_MANAGED_PKG|tdc_tsw
16:51:04.22 (1583722716)|ENTERING_MANAGED_PKG|tdc_tsw
16:51:04.22 (1583755174)|ENTERING_MANAGED_PKG|tdc_tsw
16:51:04.22 (1583792739)|ENTERING_MANAGED_PKG|tdc_tsw
16:51:04.22 (1583834555)|ENTERING_MANAGED_PKG|tdc_tsw
16:51:04.22 (1583862581)|ENTERING_MANAGED_PKG|tdc_tsw
16:51:04.22 (1583939938)|ENTERING_MANAGED_PKG|tdc_tsw
16:51:04.22 (1584106281)|ENTERING_MANAGED_PKG|tdc_tsw
16:51:04.22 (1584139529)|ENTERING_MANAGED_PKG|tdc_tsw
16:51:04.22 (1584177298)|ENTERING_MANAGED_PKG|tdc_tsw
16:51:04.22 (1584212904)|ENTERING_MANAGED_PKG|tdc_tsw
16:51:04.22 (1584240037)|ENTERING_MANAGED_PKG|tdc_tsw
16:51:04.22 (1584317611)|ENTERING_MANAGED_PKG|tdc_tsw
16:51:04.22 (1584483568)|ENTERING_MANAGED_PKG|tdc_tsw
16:51:04.22 (1584515798)|ENTERING_MANAGED_PKG|tdc_tsw
16:51:04.22 (1584553204)|ENTERING_MANAGED_PKG|tdc_tsw
16:51:04.22 (1584588305)|ENTERING_MANAGED_PKG|tdc_tsw
16:51:04.22 (1584615252)|ENTERING_MANAGED_PKG|tdc_tsw
16:51:04.22 (1584692579)|ENTERING_MANAGED_PKG|tdc_tsw
16:51:04.22 (1584866015)|ENTERING_MANAGED_PKG|tdc_tsw
16:51:04.22 (1584898614)|ENTERING_MANAGED_PKG|tdc_tsw
16:51:04.22 (1584935983)|ENTERING_MANAGED_PKG|tdc_tsw
16:51:04.22 (1584971228)|ENTERING_MANAGED_PKG|tdc_tsw
16:51:04.22 (1584998549)|ENTERING_MANAGED_PKG|tdc_tsw
16:51:04.22 (1585075516)|ENTERING_MANAGED_PKG|tdc_tsw
16:51:04.22 (1585241277)|ENTERING_MANAGED_PKG|tdc_tsw
16:51:04.22 (1585273607)|ENTERING_MANAGED_PKG|tdc_tsw
16:51:04.22 (1585311134)|ENTERING_MANAGED_PKG|tdc_tsw
16:51:04.22 (1585346013)|ENTERING_MANAGED_PKG|tdc_tsw
16:51:04.22 (1585373921)|ENTERING_MANAGED_PKG|tdc_tsw
16:51:04.22 (1585451391)|ENTERING_MANAGED_PKG|tdc_tsw
16:51:04.22 (1585616540)|ENTERING_MANAGED_PKG|tdc_tsw
16:51:04.22 (1585648900)|ENTERING_MANAGED_PKG|tdc_tsw
16:51:04.22 (1585686212)|ENTERING_MANAGED_PKG|tdc_tsw
16:51:04.22 (1585721440)|ENTERING_MANAGED_PKG|tdc_tsw
16:51:04.22 (1585748646)|ENTERING_MANAGED_PKG|tdc_tsw
16:51:04.22 (1585831951)|ENTERING_MANAGED_PKG|tdc_tsw
16:51:04.22 (1585997624)|ENTERING_MANAGED_PKG|tdc_tsw
16:51:04.22 (1586029785)|ENTERING_MANAGED_PKG|tdc_tsw
16:51:04.22 (1586067954)|ENTERING_MANAGED_PKG|tdc_tsw
16:51:04.22 (1586103618)|ENTERING_MANAGED_PKG|tdc_tsw
16:51:04.22 (1586131011)|ENTERING_MANAGED_PKG|tdc_tsw
16:51:04.22 (1586207868)|ENTERING_MANAGED_PKG|tdc_tsw
16:51:04.22 (1586372170)|ENTERING_MANAGED_PKG|tdc_tsw
16:51:04.22 (1586404761)|ENTERING_MANAGED_PKG|tdc_tsw
16:51:04.22 (1586442200)|ENTERING_MANAGED_PKG|tdc_tsw
16:51:04.22 (1586477075)|ENTERING_MANAGED_PKG|tdc_tsw
16:51:04.22 (1586504181)|ENTERING_MANAGED_PKG|tdc_tsw
16:51:04.22 (1586582974)|ENTERING_MANAGED_PKG|tdc_tsw
16:51:04.22 (1586748524)|ENTERING_MANAGED_PKG|tdc_tsw
16:51:04.22 (1586780818)|ENTERING_MANAGED_PKG|tdc_tsw
16:51:04.22 (1586823981)|ENTERING_MANAGED_PKG|tdc_tsw
16:51:04.22 (1586860138)|ENTERING_MANAGED_PKG|tdc_tsw
16:51:04.22 (1586887605)|ENTERING_MANAGED_PKG|tdc_tsw
16:51:04.22 (1586966228)|ENTERING_MANAGED_PKG|tdc_tsw
16:51:04.22 (1587131629)|ENTERING_MANAGED_PKG|tdc_tsw
16:51:04.22 (1587164718)|ENTERING_MANAGED_PKG|tdc_tsw
16:51:04.22 (1587202155)|ENTERING_MANAGED_PKG|tdc_tsw
16:51:04.22 (1587237594)|ENTERING_MANAGED_PKG|tdc_tsw
16:51:04.22 (1587265027)|ENTERING_MANAGED_PKG|tdc_tsw
16:51:04.22 (1587343767)|ENTERING_MANAGED_PKG|tdc_tsw
16:51:04.22 (1587509681)|ENTERING_MANAGED_PKG|tdc_tsw
16:51:04.22 (1587542078)|ENTERING_MANAGED_PKG|tdc_tsw
16:51:04.22 (1587579279)|ENTERING_MANAGED_PKG|tdc_tsw
16:51:04.22 (1587614320)|ENTERING_MANAGED_PKG|tdc_tsw
16:51:04.22 (1587641512)|ENTERING_MANAGED_PKG|tdc_tsw
16:51:04.22 (1587720105)|ENTERING_MANAGED_PKG|tdc_tsw
16:51:04.22 (1587891444)|ENTERING_MANAGED_PKG|tdc_tsw
16:51:04.22 (1587923780)|ENTERING_MANAGED_PKG|tdc_tsw
16:51:04.22 (1587961518)|ENTERING_MANAGED_PKG|tdc_tsw
16:51:04.22 (1587996986)|ENTERING_MANAGED_PKG|tdc_tsw
16:51:04.22 (1588024294)|ENTERING_MANAGED_PKG|tdc_tsw
16:51:04.22 (1588104221)|ENTERING_MANAGED_PKG|tdc_tsw
16:51:04.22 (1588271071)|ENTERING_MANAGED_PKG|tdc_tsw
16:51:04.22 (1588303456)|ENTERING_MANAGED_PKG|tdc_tsw
16:51:04.22 (1588340788)|ENTERING_MANAGED_PKG|tdc_tsw
16:51:04.22 (1588376225)|ENTERING_MANAGED_PKG|tdc_tsw
16:51:04.22 (1588403372)|ENTERING_MANAGED_PKG|tdc_tsw
16:51:04.22 (1588481780)|ENTERING_MANAGED_PKG|tdc_tsw
16:51:04.22 (1588647203)|ENTERING_MANAGED_PKG|tdc_tsw
16:51:04.22 (1588679504)|ENTERING_MANAGED_PKG|tdc_tsw
16:51:04.22 (1588716769)|ENTERING_MANAGED_PKG|tdc_tsw
16:51:04.22 (1588752191)|ENTERING_MANAGED_PKG|tdc_tsw
16:51:04.22 (1588779483)|ENTERING_MANAGED_PKG|tdc_tsw
16:51:04.22 (1588865027)|ENTERING_MANAGED_PKG|tdc_tsw
16:51:04.22 (1589030677)|ENTERING_MANAGED_PKG|tdc_tsw
16:51:04.22 (1589063797)|ENTERING_MANAGED_PKG|tdc_tsw
16:51:04.22 (1589101304)|ENTERING_MANAGED_PKG|tdc_tsw
16:51:04.22 (1589136591)|ENTERING_MANAGED_PKG|tdc_tsw
16:51:04.22 (1589163812)|ENTERING_MANAGED_PKG|tdc_tsw
16:51:04.22 (1589242118)|ENTERING_MANAGED_PKG|tdc_tsw
16:51:04.22 (1589408003)|ENTERING_MANAGED_PKG|tdc_tsw
16:51:04.22 (1589440506)|ENTERING_MANAGED_PKG|tdc_tsw
16:51:04.22 (1589477736)|ENTERING_MANAGED_PKG|tdc_tsw
16:51:04.22 (1589513023)|ENTERING_MANAGED_PKG|tdc_tsw
16:51:04.22 (1589540161)|ENTERING_MANAGED_PKG|tdc_tsw
16:51:04.22 (1589617972)|ENTERING_MANAGED_PKG|tdc_tsw
16:51:04.22 (1589782368)|ENTERING_MANAGED_PKG|tdc_tsw
16:51:04.22 (1589822059)|ENTERING_MANAGED_PKG|tdc_tsw
16:51:04.22 (1589860672)|ENTERING_MANAGED_PKG|tdc_tsw
16:51:04.22 (1589896164)|ENTERING_MANAGED_PKG|tdc_tsw
16:51:04.22 (1589923443)|ENTERING_MANAGED_PKG|tdc_tsw
16:51:04.22 (1590001132)|ENTERING_MANAGED_PKG|tdc_tsw
16:51:04.22 (1590167148)|ENTERING_MANAGED_PKG|tdc_tsw
16:51:04.22 (1590199238)|ENTERING_MANAGED_PKG|tdc_tsw
16:51:04.22 (1590236811)|ENTERING_MANAGED_PKG|tdc_tsw
16:51:04.22 (1590272301)|ENTERING_MANAGED_PKG|tdc_tsw
16:51:04.22 (1590299612)|ENTERING_MANAGED_PKG|tdc_tsw
16:51:04.22 (1590376684)|ENTERING_MANAGED_PKG|tdc_tsw
16:51:04.22 (1590541163)|ENTERING_MANAGED_PKG|tdc_tsw
16:51:04.22 (1590573485)|ENTERING_MANAGED_PKG|tdc_tsw
16:51:04.22 (1590610674)|ENTERING_MANAGED_PKG|tdc_tsw
16:51:04.22 (1590645554)|ENTERING_MANAGED_PKG|tdc_tsw
16:51:04.22 (1590672846)|ENTERING_MANAGED_PKG|tdc_tsw
16:51:04.22 (1590750014)|ENTERING_MANAGED_PKG|tdc_tsw
16:51:04.22 (1590922241)|ENTERING_MANAGED_PKG|tdc_tsw
16:51:04.22 (1590954528)|ENTERING_MANAGED_PKG|tdc_tsw
16:51:04.22 (1590992305)|ENTERING_MANAGED_PKG|tdc_tsw
16:51:04.22 (1591027449)|ENTERING_MANAGED_PKG|tdc_tsw
16:51:04.22 (1591055542)|ENTERING_MANAGED_PKG|tdc_tsw
16:51:04.22 (1591132975)|ENTERING_MANAGED_PKG|tdc_tsw
16:51:04.22 (1591298393)|ENTERING_MANAGED_PKG|tdc_tsw
16:51:04.22 (1591330771)|ENTERING_MANAGED_PKG|tdc_tsw
16:51:04.22 (1591368626)|ENTERING_MANAGED_PKG|tdc_tsw
16:51:04.22 (1591404199)|ENTERING_MANAGED_PKG|tdc_tsw
16:51:04.22 (1591431593)|ENTERING_MANAGED_PKG|tdc_tsw
16:51:04.22 (1591509122)|ENTERING_MANAGED_PKG|tdc_tsw
16:51:04.22 (1591674910)|ENTERING_MANAGED_PKG|tdc_tsw
16:51:04.22 (1591707075)|ENTERING_MANAGED_PKG|tdc_tsw
16:51:04.22 (1591744492)|ENTERING_MANAGED_PKG|tdc_tsw
16:51:04.22 (1591779884)|ENTERING_MANAGED_PKG|tdc_tsw
16:51:04.22 (1591812331)|ENTERING_MANAGED_PKG|tdc_tsw
16:51:04.22 (1591891558)|ENTERING_MANAGED_PKG|tdc_tsw
16:51:04.22 (1592056238)|ENTERING_MANAGED_PKG|tdc_tsw
16:51:04.22 (1592089390)|ENTERING_MANAGED_PKG|tdc_tsw
16:51:04.22 (1592127102)|ENTERING_MANAGED_PKG|tdc_tsw
16:51:04.22 (1592162415)|ENTERING_MANAGED_PKG|tdc_tsw
16:51:04.22 (1592189479)|ENTERING_MANAGED_PKG|tdc_tsw
16:51:04.22 (1592268206)|ENTERING_MANAGED_PKG|tdc_tsw
16:51:04.22 (1592433265)|ENTERING_MANAGED_PKG|tdc_tsw
16:51:04.22 (1592465518)|ENTERING_MANAGED_PKG|tdc_tsw
16:51:04.22 (1592502973)|ENTERING_MANAGED_PKG|tdc_tsw
16:51:04.22 (1592538034)|ENTERING_MANAGED_PKG|tdc_tsw
16:51:04.22 (1592565322)|ENTERING_MANAGED_PKG|tdc_tsw
16:51:04.22 (1592643010)|ENTERING_MANAGED_PKG|tdc_tsw
16:51:04.22 (1592816497)|ENTERING_MANAGED_PKG|tdc_tsw
16:51:04.22 (1592850022)|ENTERING_MANAGED_PKG|tdc_tsw
16:51:04.22 (1592888072)|ENTERING_MANAGED_PKG|tdc_tsw
16:51:04.22 (1592923454)|ENTERING_MANAGED_PKG|tdc_tsw
16:51:04.22 (1592950971)|ENTERING_MANAGED_PKG|tdc_tsw
16:51:04.22 (1593028852)|ENTERING_MANAGED_PKG|tdc_tsw
16:51:04.22 (1593195048)|ENTERING_MANAGED_PKG|tdc_tsw
16:51:04.22 (1593227025)|ENTERING_MANAGED_PKG|tdc_tsw
16:51:04.22 (1593264201)|ENTERING_MANAGED_PKG|tdc_tsw
16:51:04.22 (1593299484)|ENTERING_MANAGED_PKG|tdc_tsw
16:51:04.22 (1593326890)|ENTERING_MANAGED_PKG|tdc_tsw
16:51:04.22 (1593404627)|ENTERING_MANAGED_PKG|tdc_tsw
16:51:04.22 (1593569427)|ENTERING_MANAGED_PKG|tdc_tsw
16:51:04.22 (1593601654)|ENTERING_MANAGED_PKG|tdc_tsw
16:51:04.22 (1593644475)|ENTERING_MANAGED_PKG|tdc_tsw
16:51:04.22 (1593679905)|ENTERING_MANAGED_PKG|tdc_tsw
16:51:04.22 (1593707200)|ENTERING_MANAGED_PKG|tdc_tsw
16:51:04.22 (1593785382)|ENTERING_MANAGED_PKG|tdc_tsw
16:51:04.22 (1593956930)|ENTERING_MANAGED_PKG|tdc_tsw
16:51:04.22 (1593989305)|ENTERING_MANAGED_PKG|tdc_tsw
16:51:04.22 (1594027144)|ENTERING_MANAGED_PKG|tdc_tsw
16:51:04.22 (1594063807)|ENTERING_MANAGED_PKG|tdc_tsw
16:51:04.22 (1594091142)|ENTERING_MANAGED_PKG|tdc_tsw
16:51:04.22 (1594169736)|ENTERING_MANAGED_PKG|tdc_tsw
16:51:04.22 (1594335566)|ENTERING_MANAGED_PKG|tdc_tsw
16:51:04.22 (1594367819)|ENTERING_MANAGED_PKG|tdc_tsw
16:51:04.22 (1594405634)|ENTERING_MANAGED_PKG|tdc_tsw
16:51:04.22 (1594441302)|ENTERING_MANAGED_PKG|tdc_tsw
16:51:04.22 (1594468484)|ENTERING_MANAGED_PKG|tdc_tsw
16:51:04.22 (1594545701)|ENTERING_MANAGED_PKG|tdc_tsw
16:51:04.22 (1594710511)|ENTERING_MANAGED_PKG|tdc_tsw
16:51:04.22 (1594742588)|ENTERING_MANAGED_PKG|tdc_tsw
16:51:04.22 (1594779967)|ENTERING_MANAGED_PKG|tdc_tsw
16:51:04.22 (1594823213)|ENTERING_MANAGED_PKG|tdc_tsw
16:51:04.22 (1594851779)|ENTERING_MANAGED_PKG|tdc_tsw
16:51:04.22 (1594930488)|ENTERING_MANAGED_PKG|tdc_tsw
16:51:04.22 (1595095829)|ENTERING_MANAGED_PKG|tdc_tsw
16:51:04.22 (1595128787)|ENTERING_MANAGED_PKG|tdc_tsw
16:51:04.22 (1595166239)|ENTERING_MANAGED_PKG|tdc_tsw
16:51:04.22 (1595201490)|ENTERING_MANAGED_PKG|tdc_tsw
16:51:04.22 (1595228636)|ENTERING_MANAGED_PKG|tdc_tsw
16:51:04.22 (1595305476)|ENTERING_MANAGED_PKG|tdc_tsw
16:51:04.22 (1595471565)|ENTERING_MANAGED_PKG|tdc_tsw
16:51:04.22 (1595504027)|ENTERING_MANAGED_PKG|tdc_tsw
16:51:04.22 (1595541254)|ENTERING_MANAGED_PKG|tdc_tsw
16:51:04.22 (1595576634)|ENTERING_MANAGED_PKG|tdc_tsw
16:51:04.22 (1595603818)|ENTERING_MANAGED_PKG|tdc_tsw
16:51:04.22 (1595680294)|ENTERING_MANAGED_PKG|tdc_tsw
16:51:04.22 (1595852459)|ENTERING_MANAGED_PKG|tdc_tsw
16:51:04.22 (1595884928)|ENTERING_MANAGED_PKG|tdc_tsw
16:51:04.22 (1595922579)|ENTERING_MANAGED_PKG|tdc_tsw
16:51:04.22 (1595958082)|ENTERING_MANAGED_PKG|tdc_tsw
16:51:04.22 (1595985395)|ENTERING_MANAGED_PKG|tdc_tsw
16:51:04.22 (1596063007)|ENTERING_MANAGED_PKG|tdc_tsw
16:51:04.22 (1596230246)|ENTERING_MANAGED_PKG|tdc_tsw
16:51:04.22 (1596263288)|ENTERING_MANAGED_PKG|tdc_tsw
16:51:04.22 (1596300608)|ENTERING_MANAGED_PKG|tdc_tsw
16:51:04.22 (1596336135)|ENTERING_MANAGED_PKG|tdc_tsw
16:51:04.22 (1596363168)|ENTERING_MANAGED_PKG|tdc_tsw
16:51:04.22 (1596439460)|ENTERING_MANAGED_PKG|tdc_tsw
16:51:04.22 (1596605112)|ENTERING_MANAGED_PKG|tdc_tsw
16:51:04.22 (1596637008)|ENTERING_MANAGED_PKG|tdc_tsw
16:51:04.22 (1596674301)|ENTERING_MANAGED_PKG|tdc_tsw
16:51:04.22 (1596709626)|ENTERING_MANAGED_PKG|tdc_tsw
16:51:04.22 (1596736688)|ENTERING_MANAGED_PKG|tdc_tsw
16:51:04.22 (1596820122)|ENTERING_MANAGED_PKG|tdc_tsw
16:51:04.22 (1596986276)|ENTERING_MANAGED_PKG|tdc_tsw
16:51:04.22 (1597018502)|ENTERING_MANAGED_PKG|tdc_tsw
16:51:04.22 (1597056925)|ENTERING_MANAGED_PKG|tdc_tsw
16:51:04.22 (1597092316)|ENTERING_MANAGED_PKG|tdc_tsw
16:51:04.22 (1597119733)|ENTERING_MANAGED_PKG|tdc_tsw
16:51:04.22 (1597194499)|ENTERING_MANAGED_PKG|tdc_tsw
16:51:04.22 (1597359197)|ENTERING_MANAGED_PKG|tdc_tsw
16:51:04.22 (1597391417)|ENTERING_MANAGED_PKG|tdc_tsw
16:51:04.22 (1597428906)|ENTERING_MANAGED_PKG|tdc_tsw
16:51:04.22 (1597464119)|ENTERING_MANAGED_PKG|tdc_tsw
16:51:04.22 (1597491106)|ENTERING_MANAGED_PKG|tdc_tsw
16:51:04.22 (1597565308)|ENTERING_MANAGED_PKG|tdc_tsw
16:51:04.22 (1601694338)|ENTERING_MANAGED_PKG|tdc_tsw
16:51:04.22 (1601767535)|ENTERING_MANAGED_PKG|tdc_tsw
16:51:04.22 (1601863577)|ENTERING_MANAGED_PKG|tdc_tsw
16:51:04.22 (1601924953)|ENTERING_MANAGED_PKG|tdc_tsw
16:51:04.22 (1602037285)|ENTERING_MANAGED_PKG|tdc_tsw
16:51:04.22 (1602093822)|ENTERING_MANAGED_PKG|tdc_tsw
16:51:04.22 (1602249603)|ENTERING_MANAGED_PKG|tdc_tsw
16:51:04.22 (1602304299)|ENTERING_MANAGED_PKG|tdc_tsw
16:51:04.22 (1602488402)|ENTERING_MANAGED_PKG|tdc_tsw
16:51:04.22 (1652492973)|SOQL_EXECUTE_BEGIN|[1842]|Aggregations:0|SELECT Id, name FROM RecordType WHERE (sObjectType = :tmpVar1 AND name = :tmpVar2) LIMIT 1
16:51:04.22 (1661354926)|SOQL_EXECUTE_END|[1842]|Rows:1
16:51:04.22 (1666794012)|ENTERING_MANAGED_PKG|tdc_tsw
16:51:04.22 (1673651279)|DML_BEGIN|[719]|Op:Insert|Type:tdc_tsw__Message__c|Rows:1
16:51:04.22 (1682312577)|ENTERING_MANAGED_PKG|tdc_tsw
16:51:04.684 (1684276447)|CUMULATIVE_LIMIT_USAGE
16:51:04.684 (1684276447)|LIMIT_USAGE_FOR_NS|(default)|
  Number of SOQL queries: 0 out of 200
  Number of query rows: 0 out of 50000
  Number of SOSL queries: 0 out of 20
  Number of DML statements: 0 out of 150
  Number of DML rows: 0 out of 10000
  Maximum CPU time: 673 out of 60000
  Maximum heap size: 0 out of 12000000
  Number of callouts: 0 out of 100
  Number of Email Invocations: 0 out of 10
  Number of future calls: 0 out of 50
  Number of queueable jobs added to the queue: 0 out of 1
  Number of Mobile Apex push calls: 0 out of 10

16:51:04.684 (1684276447)|LIMIT_USAGE_FOR_NS|tdc_tsw|
  Number of SOQL queries: 1 out of 200
  Number of query rows: 1 out of 50000
  Number of SOSL queries: 0 out of 20
  Number of DML statements: 1 out of 150
  Number of DML rows: 1 out of 10000
  Maximum CPU time: 0 out of 60000
  Maximum heap size: 0 out of 12000000
  Number of callouts: 2 out of 100
  Number of Email Invocations: 0 out of 10
  Number of future calls: 0 out of 50
  Number of queueable jobs added to the queue: 0 out of 1
  Number of Mobile Apex push calls: 0 out of 10

16:51:04.684 (1684276447)|CUMULATIVE_LIMIT_USAGE_END

16:51:04.688 (1688409493)|CODE_UNIT_STARTED|[EXTERNAL]|01q3B000000BSJB|IncomingSMS on Message trigger event BeforeInsert|__sfdc_trigger/IncomingSMS
16:51:04.688 (1688458937)|HEAP_ALLOCATE|[EXTERNAL]|Bytes:8
16:51:04.688 (1688506103)|HEAP_ALLOCATE|[EXTERNAL]|Bytes:1
16:51:04.688 (1688526407)|HEAP_ALLOCATE|[EXTERNAL]|Bytes:4
16:51:04.688 (1688534558)|VARIABLE_SCOPE_BEGIN|[1]|this|IncomingSMS|true|false
16:51:04.688 (1688625117)|VARIABLE_ASSIGNMENT|[1]|this|{}|0x71779960
16:51:04.688 (1688665247)|HEAP_ALLOCATE|[EXTERNAL]|Bytes:4
16:51:04.688 (1688674790)|VARIABLE_SCOPE_BEGIN|[1]|this|IncomingSMS|true|false
16:51:04.688 (1688690688)|VARIABLE_ASSIGNMENT|[1]|this|{}|0x71779960
16:51:04.688 (1688703200)|STATEMENT_EXECUTE|[1]
16:51:04.688 (1688728183)|STATEMENT_EXECUTE|[2]
16:51:04.688 (1688929410)|HEAP_ALLOCATE|[3]|Bytes:5
16:51:04.688 (1688961592)|HEAP_ALLOCATE|[3]|Bytes:4
16:51:04.688 (1688977679)|VARIABLE_SCOPE_BEGIN|[3]|sms|tdc_tsw__Message__c|true|false
16:51:04.688 (1696084361)|VARIABLE_ASSIGNMENT|[3]|sms|{"tdc_tsw__ToNumber__c":"+13038816946","tdc_tsw__Sender_Number__c":"17065037067","tdc_tsw__Read__c":false,"tdc_tsw__Message_Segment__c":1,"tdc_tsw__Read_Status__c":"Unread","tdc_tsw__Task_Created__c":false,"Name":"Outgoing","tdc_tsw__Event_Created__c":false,"tdc_tsw__Message_Text_New__c":"Information has been (19 more) ...","tdc_tsw__MessageId__c":"SM02e6b90798a047c592 (14 more) ...","tdc_tsw__Is_Keyword_Based__c":false,"OwnerId":"0051H000009gxp8QAA","tdc_tsw__Related_Object_Id_URL__c":"_HL_ENCODED_https:// (97 more) ...","RecordTypeId":"0121H000001Ie7gQAC","tdc_tsw__Delivered_SMS__c":"_IM1_/resource/tdc_t (27 more) ...","tdc_tsw__Important__c":false,"tdc_tsw__Delivered__c":false,"tdc_tsw__Related_Object__c":"tdc_tsw__Message__c","IsDeleted":false,"tdc_tsw__Incoming_Status__c":"Not Read","tdc_tsw__isCaseCreated__c":false,"tdc_tsw__Message__c":"a173B000000sguzQAA","tdc_tsw__Related_Object_Id__c":"a173B000000sguzQAA","tdc_tsw__isLeadCreated__c":false,"tdc_tsw__SMS_Template__c":"a153B000000pR5rQAE","tdc_tsw__Template_Parse_Id__c":"a173B000000sguzQAA","tdc_tsw__Delivery_Status__c":"Sent"}|0xe6f2dd9
16:51:04.688 (1696113803)|STATEMENT_EXECUTE|[3]
16:51:04.688 (1696155509)|HEAP_ALLOCATE|[4]|Bytes:8
16:51:04.688 (1696184601)|STATEMENT_EXECUTE|[4]
16:51:04.688 (1696201578)|HEAP_ALLOCATE|[3]|Bytes:5
16:51:04.688 (1696222054)|VARIABLE_ASSIGNMENT|[3]|sms|null|
16:51:04.696 (1696233034)|CUMULATIVE_LIMIT_USAGE
16:51:04.696 (1696233034)|LIMIT_USAGE_FOR_NS|(default)|
  Number of SOQL queries: 0 out of 200
  Number of query rows: 0 out of 50000
  Number of SOSL queries: 0 out of 20
  Number of DML statements: 0 out of 150
  Number of DML rows: 0 out of 10000
  Maximum CPU time: 673 out of 60000
  Maximum heap size: 0 out of 12000000
  Number of callouts: 0 out of 100
  Number of Email Invocations: 0 out of 10
  Number of future calls: 0 out of 50
  Number of queueable jobs added to the queue: 0 out of 1
  Number of Mobile Apex push calls: 0 out of 10

16:51:04.696 (1696233034)|LIMIT_USAGE_FOR_NS|tdc_tsw|
  Number of SOQL queries: 1 out of 200
  Number of query rows: 1 out of 50000
  Number of SOSL queries: 0 out of 20
  Number of DML statements: 1 out of 150
  Number of DML rows: 1 out of 10000
  Maximum CPU time: 0 out of 60000
  Maximum heap size: 0 out of 12000000
  Number of callouts: 2 out of 100
  Number of Email Invocations: 0 out of 10
  Number of future calls: 0 out of 50
  Number of queueable jobs added to the queue: 0 out of 1
  Number of Mobile Apex push calls: 0 out of 10

16:51:04.696 (1696233034)|CUMULATIVE_LIMIT_USAGE_END

16:51:04.22 (1756755238)|ENTERING_MANAGED_PKG|tdc_tsw
16:51:04.22 (1758183014)|ENTERING_MANAGED_PKG|tdc_tsw
16:51:04.22 (1758764095)|ENTERING_MANAGED_PKG|tdc_tsw
16:51:04.22 (1758934156)|ENTERING_MANAGED_PKG|tdc_tsw
16:51:04.22 (1769572623)|SOQL_EXECUTE_BEGIN|[15]|Aggregations:0|SELECT Id, Email FROM User WHERE isActive = TRUE LIMIT 10000
16:51:04.22 (1775999861)|SOQL_EXECUTE_END|[15]|Rows:9
16:51:04.22 (1779078377)|ENTERING_MANAGED_PKG|tdc_tsw
16:51:04.22 (1783047503)|SOQL_EXECUTE_BEGIN|[434]|Aggregations:0|SELECT id, name, First_Question__c, Question_Text__c, Question__c, Question_Label__c, Object__c, tdc_tsw__Survey__c, Survey__r.name FROM Question__c WHERE id = :tmpVar1
16:51:04.22 (1787406516)|SOQL_EXECUTE_END|[434]|Rows:0
16:51:04.22 (1788032572)|ENTERING_MANAGED_PKG|tdc_tsw
16:51:04.22 (1789508657)|SOQL_EXECUTE_BEGIN|[628]|Aggregations:0|Select id, leadId, contactId from CampaignMember where Id In : Ids
16:51:04.22 (1792182084)|SOQL_EXECUTE_END|[628]|Rows:0
16:51:04.792 (1792759426)|CUMULATIVE_LIMIT_USAGE
16:51:04.792 (1792759426)|LIMIT_USAGE_FOR_NS|(default)|
  Number of SOQL queries: 0 out of 200
  Number of query rows: 0 out of 50000
  Number of SOSL queries: 0 out of 20
  Number of DML statements: 0 out of 150
  Number of DML rows: 0 out of 10000
  Maximum CPU time: 673 out of 60000
  Maximum heap size: 0 out of 12000000
  Number of callouts: 0 out of 100
  Number of Email Invocations: 0 out of 10
  Number of future calls: 0 out of 50
  Number of queueable jobs added to the queue: 0 out of 1
  Number of Mobile Apex push calls: 0 out of 10

16:51:04.792 (1792759426)|LIMIT_USAGE_FOR_NS|tdc_tsw|
  Number of SOQL queries: 4 out of 200
  Number of query rows: 10 out of 50000
  Number of SOSL queries: 0 out of 20
  Number of DML statements: 1 out of 150
  Number of DML rows: 1 out of 10000
  Maximum CPU time: 0 out of 60000
  Maximum heap size: 0 out of 12000000
  Number of callouts: 2 out of 100
  Number of Email Invocations: 0 out of 10
  Number of future calls: 0 out of 50
  Number of queueable jobs added to the queue: 0 out of 1
  Number of Mobile Apex push calls: 0 out of 10

16:51:04.792 (1792759426)|CUMULATIVE_LIMIT_USAGE_END

16:51:04.22 (1828487086)|DML_END|[719]
16:51:04.22 (1828841546)|ENTERING_MANAGED_PKG|tdc_tsw
16:51:04.22 (1832353991)|DML_BEGIN|[1467]|Op:Update|Type:tdc_tsw__OrgSMSConfig__c|Rows:1
16:51:04.22 (1857104829)|DML_END|[1467]
