44.0 APEX_CODE,FINEST;APEX_PROFILING,INFO;CALLOUT,INFO;DB,INFO;NBA,INFO;SYSTEM,DEBUG;VALIDATION,INFO;VISUALFORCE,INFO;WAVE,INFO;WORKFLOW,INFO
21:23:50.0 (124756)|USER_INFO|[EXTERNAL]|0051H000009gxp8|chanida.dev2@solvedbysoftwareco.com|Eastern Standard Time|GMT-05:00
21:23:50.0 (1624573)|ENTERING_MANAGED_PKG|tdc_tsw
21:23:50.0 (2072167)|ENTERING_MANAGED_PKG|tdc_tsw
21:23:50.0 (7518769)|SOQL_EXECUTE_BEGIN|[16]|Aggregations:0|SELECT id, name, Disable_Incoming_SMS_Sharing__c FROM User WHERE id = :tmpVar1
21:23:50.0 (14765071)|SOQL_EXECUTE_END|[16]|Rows:1
21:23:50.0 (22946184)|SOQL_EXECUTE_BEGIN|[37]|Aggregations:0|SELECT CreatedDate,Created_Date__c,Id,LastModifiedDate,MessageId__c,Message_Text_New__c,Name,OwnerId,Read__c,Related_Object_Id__c,Related_Object__c,Sender_Number__c, Sender_Name__c,ToNumber__c,Attachments_Ids__c FROM Message__c WHERE Name = 'Incoming' AND Read__c = false ORDER BY CreatedDate Desc limit 100
21:23:50.0 (33583683)|SOQL_EXECUTE_END|[37]|Rows:16
21:23:50.0 (37154273)|ENTERING_MANAGED_PKG|tdc_tsw
21:23:50.0 (38765511)|ENTERING_MANAGED_PKG|tdc_tsw
21:23:50.0 (39208209)|ENTERING_MANAGED_PKG|tdc_tsw
21:23:50.0 (39917558)|ENTERING_MANAGED_PKG|tdc_tsw
21:23:50.0 (42759920)|ENTERING_MANAGED_PKG|tdc_tsw
21:23:50.0 (43594962)|ENTERING_MANAGED_PKG|tdc_tsw
21:23:50.0 (43863964)|ENTERING_MANAGED_PKG|tdc_tsw
21:23:50.0 (44296875)|ENTERING_MANAGED_PKG|tdc_tsw
21:23:50.0 (45431092)|ENTERING_MANAGED_PKG|tdc_tsw
21:23:50.0 (46217900)|ENTERING_MANAGED_PKG|tdc_tsw
21:23:50.0 (46517273)|ENTERING_MANAGED_PKG|tdc_tsw
21:23:50.0 (46924358)|ENTERING_MANAGED_PKG|tdc_tsw
21:23:50.0 (48888188)|ENTERING_MANAGED_PKG|tdc_tsw
21:23:50.0 (49611644)|ENTERING_MANAGED_PKG|tdc_tsw
21:23:50.0 (49686892)|ENTERING_MANAGED_PKG|tdc_tsw
21:23:50.0 (50288584)|SOQL_EXECUTE_BEGIN|[200]|Aggregations:0|SELECT Name, NamespacePrefix, SystemModStamp FROM StaticResource WHERE Name LIKE :tmpVar1 LIMIT 10
21:23:50.0 (53393688)|SOQL_EXECUTE_END|[200]|Rows:1
21:23:50.0 (54286212)|ENTERING_MANAGED_PKG|tdc_tsw
21:23:50.0 (54647145)|SOQL_EXECUTE_BEGIN|[200]|Aggregations:0|SELECT Name, NamespacePrefix, SystemModStamp FROM StaticResource WHERE Name LIKE :tmpVar1 LIMIT 10
21:23:50.0 (56864533)|SOQL_EXECUTE_END|[200]|Rows:1
21:23:50.0 (57326668)|ENTERING_MANAGED_PKG|tdc_tsw
21:23:50.0 (61730959)|ENTERING_MANAGED_PKG|tdc_tsw
21:23:50.0 (64018639)|ENTERING_MANAGED_PKG|tdc_tsw
21:23:50.0 (64326829)|ENTERING_MANAGED_PKG|tdc_tsw
21:23:50.0 (65182283)|ENTERING_MANAGED_PKG|tdc_tsw
21:23:50.0 (65607321)|SOQL_EXECUTE_BEGIN|[200]|Aggregations:0|SELECT Name, NamespacePrefix, SystemModStamp FROM StaticResource WHERE Name LIKE :tmpVar1 LIMIT 10
21:23:50.0 (68139463)|SOQL_EXECUTE_END|[200]|Rows:1
21:23:50.104 (104285259)|USER_INFO|[EXTERNAL]|0051H000009gxp8|chanida.dev2@solvedbysoftwareco.com|Eastern Standard Time|GMT-05:00
21:23:50.104 (105709283)|ENTERING_MANAGED_PKG|tdc_tsw
21:23:50.104 (105908437)|ENTERING_MANAGED_PKG|tdc_tsw
21:23:50.104 (108308255)|SOQL_EXECUTE_BEGIN|[355]|Aggregations:0|SELECT id, name, Disable_Incoming_SMS_Sharing__c FROM User WHERE id = :tmpVar1
21:23:50.104 (114966748)|SOQL_EXECUTE_END|[355]|Rows:1
21:23:50.104 (115963141)|SOQL_EXECUTE_BEGIN|[367]|Aggregations:0|SELECT CreatedDate,Id,LastModifiedDate,Related_Object_Id__c FROM Message__c WHERE Name = 'Incoming' AND Read__c = false ORDER BY CreatedDate Desc limit 100
21:23:50.104 (121801961)|SOQL_EXECUTE_END|[367]|Rows:16
