44.0 APEX_CODE,FINEST;APEX_PROFILING,INFO;CALLOUT,INFO;DB,INFO;NBA,INFO;SYSTEM,DEBUG;VALIDATION,INFO;VISUALFORCE,INFO;WAVE,INFO;WORKFLOW,INFO
17:46:10.0 (194318)|USER_INFO|[EXTERNAL]|0051H000009gxp8|chanida.dev2@solvedbysoftwareco.com|Eastern Standard Time|GMT-05:00
17:46:10.0 (1804340)|ENTERING_MANAGED_PKG|tdc_tsw
17:46:10.0 (2268932)|ENTERING_MANAGED_PKG|tdc_tsw
17:46:10.0 (6432524)|SOQL_EXECUTE_BEGIN|[16]|Aggregations:0|SELECT id, name, Disable_Incoming_SMS_Sharing__c FROM User WHERE id = :tmpVar1
17:46:10.0 (13919241)|SOQL_EXECUTE_END|[16]|Rows:1
17:46:10.0 (20012201)|SOQL_EXECUTE_BEGIN|[37]|Aggregations:0|SELECT CreatedDate,Created_Date__c,Id,LastModifiedDate,MessageId__c,Message_Text_New__c,Name,OwnerId,Read__c,Related_Object_Id__c,Related_Object__c,Sender_Number__c, Sender_Name__c,ToNumber__c,Attachments_Ids__c FROM Message__c WHERE Name = 'Incoming' AND Read__c = false ORDER BY CreatedDate Desc limit 100
17:46:10.0 (31616670)|SOQL_EXECUTE_END|[37]|Rows:14
17:46:10.0 (35194224)|ENTERING_MANAGED_PKG|tdc_tsw
17:46:10.0 (37130157)|ENTERING_MANAGED_PKG|tdc_tsw
17:46:10.0 (37619437)|ENTERING_MANAGED_PKG|tdc_tsw
17:46:10.0 (38337385)|ENTERING_MANAGED_PKG|tdc_tsw
17:46:10.0 (41278644)|ENTERING_MANAGED_PKG|tdc_tsw
17:46:10.0 (42101686)|ENTERING_MANAGED_PKG|tdc_tsw
17:46:10.0 (42382452)|ENTERING_MANAGED_PKG|tdc_tsw
17:46:10.0 (42807311)|ENTERING_MANAGED_PKG|tdc_tsw
17:46:10.0 (44166878)|ENTERING_MANAGED_PKG|tdc_tsw
17:46:10.0 (44844767)|ENTERING_MANAGED_PKG|tdc_tsw
17:46:10.0 (44947377)|ENTERING_MANAGED_PKG|tdc_tsw
17:46:10.0 (45587666)|SOQL_EXECUTE_BEGIN|[200]|Aggregations:0|SELECT Name, NamespacePrefix, SystemModStamp FROM StaticResource WHERE Name LIKE :tmpVar1 LIMIT 10
17:46:10.0 (48796077)|SOQL_EXECUTE_END|[200]|Rows:1
17:46:10.0 (49583836)|ENTERING_MANAGED_PKG|tdc_tsw
17:46:10.0 (49940974)|SOQL_EXECUTE_BEGIN|[200]|Aggregations:0|SELECT Name, NamespacePrefix, SystemModStamp FROM StaticResource WHERE Name LIKE :tmpVar1 LIMIT 10
17:46:10.0 (52094606)|SOQL_EXECUTE_END|[200]|Rows:1
17:46:10.0 (52504315)|ENTERING_MANAGED_PKG|tdc_tsw
17:46:10.0 (55908528)|ENTERING_MANAGED_PKG|tdc_tsw
17:46:10.0 (57463821)|ENTERING_MANAGED_PKG|tdc_tsw
17:46:10.0 (57897154)|ENTERING_MANAGED_PKG|tdc_tsw
17:46:10.0 (58803525)|ENTERING_MANAGED_PKG|tdc_tsw
17:46:10.0 (59207422)|SOQL_EXECUTE_BEGIN|[200]|Aggregations:0|SELECT Name, NamespacePrefix, SystemModStamp FROM StaticResource WHERE Name LIKE :tmpVar1 LIMIT 10
17:46:10.0 (61678588)|SOQL_EXECUTE_END|[200]|Rows:1
17:46:10.66 (66773216)|USER_INFO|[EXTERNAL]|0051H000009gxp8|chanida.dev2@solvedbysoftwareco.com|Eastern Standard Time|GMT-05:00
17:46:10.66 (68166155)|ENTERING_MANAGED_PKG|tdc_tsw
17:46:10.66 (68363085)|ENTERING_MANAGED_PKG|tdc_tsw
17:46:10.66 (70752467)|SOQL_EXECUTE_BEGIN|[355]|Aggregations:0|SELECT id, name, Disable_Incoming_SMS_Sharing__c FROM User WHERE id = :tmpVar1
17:46:10.66 (76941640)|SOQL_EXECUTE_END|[355]|Rows:1
17:46:10.66 (78022459)|SOQL_EXECUTE_BEGIN|[367]|Aggregations:0|SELECT CreatedDate,Id,LastModifiedDate,Related_Object_Id__c FROM Message__c WHERE Name = 'Incoming' AND Read__c = false ORDER BY CreatedDate Desc limit 100
17:46:10.66 (83713221)|SOQL_EXECUTE_END|[367]|Rows:14
