44.0 APEX_CODE,FINEST;APEX_PROFILING,INFO;CALLOUT,INFO;DB,INFO;NBA,INFO;SYSTEM,DEBUG;VALIDATION,INFO;VISUALFORCE,INFO;WAVE,INFO;WORKFLOW,INFO
21:42:20.0 (156938)|USER_INFO|[EXTERNAL]|0051H000009gxp8|chanida.dev2@solvedbysoftwareco.com|Eastern Standard Time|GMT-05:00
21:42:20.0 (1681048)|ENTERING_MANAGED_PKG|tdc_tsw
21:42:20.0 (2327165)|ENTERING_MANAGED_PKG|tdc_tsw
21:42:20.0 (6245042)|SOQL_EXECUTE_BEGIN|[16]|Aggregations:0|SELECT id, name, Disable_Incoming_SMS_Sharing__c FROM User WHERE id = :tmpVar1
21:42:20.0 (12621528)|SOQL_EXECUTE_END|[16]|Rows:1
21:42:20.0 (17997760)|SOQL_EXECUTE_BEGIN|[37]|Aggregations:0|SELECT CreatedDate,Created_Date__c,Id,LastModifiedDate,MessageId__c,Message_Text_New__c,Name,OwnerId,Read__c,Related_Object_Id__c,Related_Object__c,Sender_Number__c, Sender_Name__c,ToNumber__c,Attachments_Ids__c FROM Message__c WHERE Name = 'Incoming' AND Read__c = false ORDER BY CreatedDate Desc limit 100
21:42:20.0 (26902409)|SOQL_EXECUTE_END|[37]|Rows:16
21:42:20.0 (30369859)|ENTERING_MANAGED_PKG|tdc_tsw
21:42:20.0 (31989337)|ENTERING_MANAGED_PKG|tdc_tsw
21:42:20.0 (32407796)|ENTERING_MANAGED_PKG|tdc_tsw
21:42:20.0 (33072544)|ENTERING_MANAGED_PKG|tdc_tsw
21:42:20.0 (35665148)|ENTERING_MANAGED_PKG|tdc_tsw
21:42:20.0 (36415732)|ENTERING_MANAGED_PKG|tdc_tsw
21:42:20.0 (36670480)|ENTERING_MANAGED_PKG|tdc_tsw
21:42:20.0 (37057779)|ENTERING_MANAGED_PKG|tdc_tsw
21:42:20.0 (38112268)|ENTERING_MANAGED_PKG|tdc_tsw
21:42:20.0 (38853173)|ENTERING_MANAGED_PKG|tdc_tsw
21:42:20.0 (39075265)|ENTERING_MANAGED_PKG|tdc_tsw
21:42:20.0 (39463782)|ENTERING_MANAGED_PKG|tdc_tsw
21:42:20.0 (40612611)|ENTERING_MANAGED_PKG|tdc_tsw
21:42:20.0 (41259435)|ENTERING_MANAGED_PKG|tdc_tsw
21:42:20.0 (41335193)|ENTERING_MANAGED_PKG|tdc_tsw
21:42:20.0 (41828797)|SOQL_EXECUTE_BEGIN|[200]|Aggregations:0|SELECT Name, NamespacePrefix, SystemModStamp FROM StaticResource WHERE Name LIKE :tmpVar1 LIMIT 10
21:42:20.0 (44221014)|SOQL_EXECUTE_END|[200]|Rows:1
21:42:20.0 (44893387)|ENTERING_MANAGED_PKG|tdc_tsw
21:42:20.0 (45224212)|SOQL_EXECUTE_BEGIN|[200]|Aggregations:0|SELECT Name, NamespacePrefix, SystemModStamp FROM StaticResource WHERE Name LIKE :tmpVar1 LIMIT 10
21:42:20.0 (47237298)|SOQL_EXECUTE_END|[200]|Rows:1
21:42:20.0 (47619612)|ENTERING_MANAGED_PKG|tdc_tsw
21:42:20.0 (50544432)|ENTERING_MANAGED_PKG|tdc_tsw
21:42:20.0 (51950459)|ENTERING_MANAGED_PKG|tdc_tsw
21:42:20.0 (52230532)|ENTERING_MANAGED_PKG|tdc_tsw
21:42:20.0 (52992073)|ENTERING_MANAGED_PKG|tdc_tsw
21:42:20.0 (53334633)|SOQL_EXECUTE_BEGIN|[200]|Aggregations:0|SELECT Name, NamespacePrefix, SystemModStamp FROM StaticResource WHERE Name LIKE :tmpVar1 LIMIT 10
21:42:20.0 (55374174)|SOQL_EXECUTE_END|[200]|Rows:1
21:42:20.60 (60278171)|USER_INFO|[EXTERNAL]|0051H000009gxp8|chanida.dev2@solvedbysoftwareco.com|Eastern Standard Time|GMT-05:00
21:42:20.60 (61604588)|ENTERING_MANAGED_PKG|tdc_tsw
21:42:20.60 (61746567)|ENTERING_MANAGED_PKG|tdc_tsw
21:42:20.60 (63829469)|SOQL_EXECUTE_BEGIN|[355]|Aggregations:0|SELECT id, name, Disable_Incoming_SMS_Sharing__c FROM User WHERE id = :tmpVar1
21:42:20.60 (68782132)|SOQL_EXECUTE_END|[355]|Rows:1
21:42:20.60 (69630566)|SOQL_EXECUTE_BEGIN|[367]|Aggregations:0|SELECT CreatedDate,Id,LastModifiedDate,Related_Object_Id__c FROM Message__c WHERE Name = 'Incoming' AND Read__c = false ORDER BY CreatedDate Desc limit 100
21:42:20.60 (74679380)|SOQL_EXECUTE_END|[367]|Rows:16
