44.0 APEX_CODE,FINEST;APEX_PROFILING,INFO;CALLOUT,INFO;DB,INFO;NBA,INFO;SYSTEM,DEBUG;VALIDATION,INFO;VISUALFORCE,INFO;WAVE,INFO;WORKFLOW,INFO
20:51:47.0 (162622)|USER_INFO|[EXTERNAL]|0051H000009gxp8|chanida.dev2@solvedbysoftwareco.com|Eastern Standard Time|GMT-05:00
20:51:47.0 (1802506)|ENTERING_MANAGED_PKG|tdc_tsw
20:51:47.0 (2441311)|ENTERING_MANAGED_PKG|tdc_tsw
20:51:47.0 (7909079)|SOQL_EXECUTE_BEGIN|[16]|Aggregations:0|SELECT id, name, Disable_Incoming_SMS_Sharing__c FROM User WHERE id = :tmpVar1
20:51:47.0 (18581323)|SOQL_EXECUTE_END|[16]|Rows:1
20:51:47.0 (27135236)|SOQL_EXECUTE_BEGIN|[37]|Aggregations:0|SELECT CreatedDate,Created_Date__c,Id,LastModifiedDate,MessageId__c,Message_Text_New__c,Name,OwnerId,Read__c,Related_Object_Id__c,Related_Object__c,Sender_Number__c, Sender_Name__c,ToNumber__c,Attachments_Ids__c FROM Message__c WHERE Name = 'Incoming' AND Read__c = false ORDER BY CreatedDate Desc limit 100
20:51:47.0 (38088038)|SOQL_EXECUTE_END|[37]|Rows:16
20:51:47.0 (42288608)|ENTERING_MANAGED_PKG|tdc_tsw
20:51:47.0 (44071352)|ENTERING_MANAGED_PKG|tdc_tsw
20:51:47.0 (44552357)|ENTERING_MANAGED_PKG|tdc_tsw
20:51:47.0 (45254494)|ENTERING_MANAGED_PKG|tdc_tsw
20:51:47.0 (48166627)|ENTERING_MANAGED_PKG|tdc_tsw
20:51:47.0 (48992547)|ENTERING_MANAGED_PKG|tdc_tsw
20:51:47.0 (49254734)|ENTERING_MANAGED_PKG|tdc_tsw
20:51:47.0 (49679922)|ENTERING_MANAGED_PKG|tdc_tsw
20:51:47.0 (50801672)|ENTERING_MANAGED_PKG|tdc_tsw
20:51:47.0 (51580123)|ENTERING_MANAGED_PKG|tdc_tsw
20:51:47.0 (51815224)|ENTERING_MANAGED_PKG|tdc_tsw
20:51:47.0 (52214545)|ENTERING_MANAGED_PKG|tdc_tsw
20:51:47.0 (53409281)|ENTERING_MANAGED_PKG|tdc_tsw
20:51:47.0 (54135770)|ENTERING_MANAGED_PKG|tdc_tsw
20:51:47.0 (54206698)|ENTERING_MANAGED_PKG|tdc_tsw
20:51:47.0 (54778665)|SOQL_EXECUTE_BEGIN|[200]|Aggregations:0|SELECT Name, NamespacePrefix, SystemModStamp FROM StaticResource WHERE Name LIKE :tmpVar1 LIMIT 10
20:51:47.0 (58004077)|SOQL_EXECUTE_END|[200]|Rows:1
20:51:47.0 (58838533)|ENTERING_MANAGED_PKG|tdc_tsw
20:51:47.0 (59292673)|SOQL_EXECUTE_BEGIN|[200]|Aggregations:0|SELECT Name, NamespacePrefix, SystemModStamp FROM StaticResource WHERE Name LIKE :tmpVar1 LIMIT 10
20:51:47.0 (61509842)|SOQL_EXECUTE_END|[200]|Rows:1
20:51:47.0 (61914665)|ENTERING_MANAGED_PKG|tdc_tsw
20:51:47.0 (65346147)|ENTERING_MANAGED_PKG|tdc_tsw
20:51:47.0 (66873135)|ENTERING_MANAGED_PKG|tdc_tsw
20:51:47.0 (67183219)|ENTERING_MANAGED_PKG|tdc_tsw
20:51:47.0 (68066168)|ENTERING_MANAGED_PKG|tdc_tsw
20:51:47.0 (68544592)|SOQL_EXECUTE_BEGIN|[200]|Aggregations:0|SELECT Name, NamespacePrefix, SystemModStamp FROM StaticResource WHERE Name LIKE :tmpVar1 LIMIT 10
20:51:47.0 (71384598)|SOQL_EXECUTE_END|[200]|Rows:1
20:51:47.76 (76863935)|USER_INFO|[EXTERNAL]|0051H000009gxp8|chanida.dev2@solvedbysoftwareco.com|Eastern Standard Time|GMT-05:00
20:51:47.76 (78248394)|ENTERING_MANAGED_PKG|tdc_tsw
20:51:47.76 (78493188)|ENTERING_MANAGED_PKG|tdc_tsw
20:51:47.76 (81049732)|SOQL_EXECUTE_BEGIN|[355]|Aggregations:0|SELECT id, name, Disable_Incoming_SMS_Sharing__c FROM User WHERE id = :tmpVar1
20:51:47.76 (87483108)|SOQL_EXECUTE_END|[355]|Rows:1
20:51:47.76 (88677463)|SOQL_EXECUTE_BEGIN|[367]|Aggregations:0|SELECT CreatedDate,Id,LastModifiedDate,Related_Object_Id__c FROM Message__c WHERE Name = 'Incoming' AND Read__c = false ORDER BY CreatedDate Desc limit 100
20:51:47.76 (94714294)|SOQL_EXECUTE_END|[367]|Rows:16
