44.0 APEX_CODE,FINEST;APEX_PROFILING,INFO;CALLOUT,INFO;DB,INFO;NBA,INFO;SYSTEM,DEBUG;VALIDATION,INFO;VISUALFORCE,INFO;WAVE,INFO;WORKFLOW,INFO
11:24:15.0 (175143)|USER_INFO|[EXTERNAL]|0051H000009gxp8|chanida.dev2@solvedbysoftwareco.com|Eastern Standard Time|GMT-05:00
11:24:15.0 (2272313)|ENTERING_MANAGED_PKG|tdc_tsw
11:24:15.0 (2687141)|ENTERING_MANAGED_PKG|tdc_tsw
11:24:15.0 (6452577)|SOQL_EXECUTE_BEGIN|[16]|Aggregations:0|SELECT id, name, Disable_Incoming_SMS_Sharing__c FROM User WHERE id = :tmpVar1
11:24:15.0 (15011589)|SOQL_EXECUTE_END|[16]|Rows:1
11:24:15.0 (20884534)|SOQL_EXECUTE_BEGIN|[37]|Aggregations:0|SELECT CreatedDate,Created_Date__c,Id,LastModifiedDate,MessageId__c,Message_Text_New__c,Name,OwnerId,Read__c,Related_Object_Id__c,Related_Object__c,Sender_Number__c, Sender_Name__c,ToNumber__c,Attachments_Ids__c FROM Message__c WHERE Name = 'Incoming' AND Read__c = false ORDER BY CreatedDate Desc limit 100
11:24:15.0 (81465164)|SOQL_EXECUTE_END|[37]|Rows:100
11:24:15.0 (102496827)|ENTERING_MANAGED_PKG|tdc_tsw
11:24:15.0 (104850456)|ENTERING_MANAGED_PKG|tdc_tsw
11:24:15.0 (105452260)|ENTERING_MANAGED_PKG|tdc_tsw
11:24:15.0 (106281475)|ENTERING_MANAGED_PKG|tdc_tsw
11:24:15.0 (110174276)|ENTERING_MANAGED_PKG|tdc_tsw
11:24:15.0 (111337023)|ENTERING_MANAGED_PKG|tdc_tsw
11:24:15.0 (111771038)|ENTERING_MANAGED_PKG|tdc_tsw
11:24:15.0 (112360451)|ENTERING_MANAGED_PKG|tdc_tsw
11:24:15.0 (113546116)|ENTERING_MANAGED_PKG|tdc_tsw
11:24:15.0 (114555935)|ENTERING_MANAGED_PKG|tdc_tsw
11:24:15.0 (114911891)|ENTERING_MANAGED_PKG|tdc_tsw
11:24:15.0 (115562857)|ENTERING_MANAGED_PKG|tdc_tsw
11:24:15.0 (117298558)|ENTERING_MANAGED_PKG|tdc_tsw
11:24:15.0 (118040553)|ENTERING_MANAGED_PKG|tdc_tsw
11:24:15.0 (118268654)|ENTERING_MANAGED_PKG|tdc_tsw
11:24:15.0 (118641499)|ENTERING_MANAGED_PKG|tdc_tsw
11:24:15.0 (119675155)|ENTERING_MANAGED_PKG|tdc_tsw
11:24:15.0 (120430103)|ENTERING_MANAGED_PKG|tdc_tsw
11:24:15.0 (120650603)|ENTERING_MANAGED_PKG|tdc_tsw
11:24:15.0 (121043289)|ENTERING_MANAGED_PKG|tdc_tsw
11:24:15.0 (122119856)|ENTERING_MANAGED_PKG|tdc_tsw
11:24:15.0 (123312736)|ENTERING_MANAGED_PKG|tdc_tsw
11:24:15.0 (123662110)|ENTERING_MANAGED_PKG|tdc_tsw
11:24:15.0 (124382947)|ENTERING_MANAGED_PKG|tdc_tsw
11:24:15.0 (126284153)|ENTERING_MANAGED_PKG|tdc_tsw
11:24:15.0 (127722976)|ENTERING_MANAGED_PKG|tdc_tsw
11:24:15.0 (128167926)|ENTERING_MANAGED_PKG|tdc_tsw
11:24:15.0 (129022550)|ENTERING_MANAGED_PKG|tdc_tsw
11:24:15.0 (131129462)|ENTERING_MANAGED_PKG|tdc_tsw
11:24:15.0 (132563690)|ENTERING_MANAGED_PKG|tdc_tsw
11:24:15.0 (133013127)|ENTERING_MANAGED_PKG|tdc_tsw
11:24:15.0 (134136908)|ENTERING_MANAGED_PKG|tdc_tsw
11:24:15.0 (136318213)|ENTERING_MANAGED_PKG|tdc_tsw
11:24:15.0 (137173315)|ENTERING_MANAGED_PKG|tdc_tsw
11:24:15.0 (137396428)|ENTERING_MANAGED_PKG|tdc_tsw
11:24:15.0 (137771896)|ENTERING_MANAGED_PKG|tdc_tsw
11:24:15.0 (138955491)|ENTERING_MANAGED_PKG|tdc_tsw
11:24:15.0 (139710427)|ENTERING_MANAGED_PKG|tdc_tsw
11:24:15.0 (139939603)|ENTERING_MANAGED_PKG|tdc_tsw
11:24:15.0 (140318583)|ENTERING_MANAGED_PKG|tdc_tsw
11:24:15.0 (141539458)|ENTERING_MANAGED_PKG|tdc_tsw
11:24:15.0 (142632998)|ENTERING_MANAGED_PKG|tdc_tsw
11:24:15.0 (143058695)|ENTERING_MANAGED_PKG|tdc_tsw
11:24:15.0 (143824576)|ENTERING_MANAGED_PKG|tdc_tsw
11:24:15.0 (145842845)|ENTERING_MANAGED_PKG|tdc_tsw
11:24:15.0 (147128134)|ENTERING_MANAGED_PKG|tdc_tsw
11:24:15.0 (147498436)|ENTERING_MANAGED_PKG|tdc_tsw
11:24:15.0 (148105613)|ENTERING_MANAGED_PKG|tdc_tsw
11:24:15.0 (149567286)|ENTERING_MANAGED_PKG|tdc_tsw
11:24:15.0 (150362791)|ENTERING_MANAGED_PKG|tdc_tsw
11:24:15.0 (150678395)|ENTERING_MANAGED_PKG|tdc_tsw
11:24:15.0 (151438397)|ENTERING_MANAGED_PKG|tdc_tsw
11:24:15.0 (153538235)|ENTERING_MANAGED_PKG|tdc_tsw
11:24:15.0 (154893804)|ENTERING_MANAGED_PKG|tdc_tsw
11:24:15.0 (155305540)|ENTERING_MANAGED_PKG|tdc_tsw
11:24:15.0 (155916405)|ENTERING_MANAGED_PKG|tdc_tsw
11:24:15.0 (157449344)|ENTERING_MANAGED_PKG|tdc_tsw
11:24:15.0 (158194231)|ENTERING_MANAGED_PKG|tdc_tsw
11:24:15.0 (158473349)|ENTERING_MANAGED_PKG|tdc_tsw
11:24:15.0 (159002290)|ENTERING_MANAGED_PKG|tdc_tsw
11:24:15.0 (160216549)|ENTERING_MANAGED_PKG|tdc_tsw
11:24:15.0 (161102394)|ENTERING_MANAGED_PKG|tdc_tsw
11:24:15.0 (161326023)|ENTERING_MANAGED_PKG|tdc_tsw
11:24:15.0 (161695377)|ENTERING_MANAGED_PKG|tdc_tsw
11:24:15.0 (163207169)|ENTERING_MANAGED_PKG|tdc_tsw
11:24:15.0 (164028503)|ENTERING_MANAGED_PKG|tdc_tsw
11:24:15.0 (164274371)|ENTERING_MANAGED_PKG|tdc_tsw
11:24:15.0 (164708139)|ENTERING_MANAGED_PKG|tdc_tsw
11:24:15.0 (165926424)|ENTERING_MANAGED_PKG|tdc_tsw
11:24:15.0 (167574582)|ENTERING_MANAGED_PKG|tdc_tsw
11:24:15.0 (167846334)|ENTERING_MANAGED_PKG|tdc_tsw
11:24:15.0 (168221859)|ENTERING_MANAGED_PKG|tdc_tsw
11:24:15.0 (169309078)|ENTERING_MANAGED_PKG|tdc_tsw
11:24:15.0 (170052955)|ENTERING_MANAGED_PKG|tdc_tsw
11:24:15.0 (170274335)|ENTERING_MANAGED_PKG|tdc_tsw
11:24:15.0 (170653228)|ENTERING_MANAGED_PKG|tdc_tsw
11:24:15.0 (171759680)|ENTERING_MANAGED_PKG|tdc_tsw
11:24:15.0 (172511973)|ENTERING_MANAGED_PKG|tdc_tsw
11:24:15.0 (172746365)|ENTERING_MANAGED_PKG|tdc_tsw
11:24:15.0 (173135579)|ENTERING_MANAGED_PKG|tdc_tsw
11:24:15.0 (174235067)|ENTERING_MANAGED_PKG|tdc_tsw
11:24:15.0 (175383472)|ENTERING_MANAGED_PKG|tdc_tsw
11:24:15.0 (175666542)|ENTERING_MANAGED_PKG|tdc_tsw
11:24:15.0 (176314453)|ENTERING_MANAGED_PKG|tdc_tsw
11:24:15.0 (178027963)|ENTERING_MANAGED_PKG|tdc_tsw
11:24:15.0 (178930506)|ENTERING_MANAGED_PKG|tdc_tsw
11:24:15.0 (179161072)|ENTERING_MANAGED_PKG|tdc_tsw
11:24:15.0 (179530578)|ENTERING_MANAGED_PKG|tdc_tsw
11:24:15.0 (180970019)|ENTERING_MANAGED_PKG|tdc_tsw
11:24:15.0 (182358546)|ENTERING_MANAGED_PKG|tdc_tsw
11:24:15.0 (182666363)|ENTERING_MANAGED_PKG|tdc_tsw
11:24:15.0 (183194392)|ENTERING_MANAGED_PKG|tdc_tsw
11:24:15.0 (184255526)|ENTERING_MANAGED_PKG|tdc_tsw
11:24:15.0 (185628135)|ENTERING_MANAGED_PKG|tdc_tsw
11:24:15.0 (186062601)|ENTERING_MANAGED_PKG|tdc_tsw
11:24:15.0 (186745787)|ENTERING_MANAGED_PKG|tdc_tsw
11:24:15.0 (188719058)|ENTERING_MANAGED_PKG|tdc_tsw
11:24:15.0 (189940402)|ENTERING_MANAGED_PKG|tdc_tsw
11:24:15.0 (190299359)|ENTERING_MANAGED_PKG|tdc_tsw
11:24:15.0 (190687671)|ENTERING_MANAGED_PKG|tdc_tsw
11:24:15.0 (191756660)|ENTERING_MANAGED_PKG|tdc_tsw
11:24:15.0 (192500263)|ENTERING_MANAGED_PKG|tdc_tsw
11:24:15.0 (192806043)|ENTERING_MANAGED_PKG|tdc_tsw
11:24:15.0 (193286883)|ENTERING_MANAGED_PKG|tdc_tsw
11:24:15.0 (194481298)|ENTERING_MANAGED_PKG|tdc_tsw
11:24:15.0 (195300624)|ENTERING_MANAGED_PKG|tdc_tsw
11:24:15.0 (195548046)|ENTERING_MANAGED_PKG|tdc_tsw
11:24:15.0 (196172331)|ENTERING_MANAGED_PKG|tdc_tsw
11:24:15.0 (197274229)|ENTERING_MANAGED_PKG|tdc_tsw
11:24:15.0 (198022725)|ENTERING_MANAGED_PKG|tdc_tsw
11:24:15.0 (198249717)|ENTERING_MANAGED_PKG|tdc_tsw
11:24:15.0 (198626467)|ENTERING_MANAGED_PKG|tdc_tsw
11:24:15.0 (199682990)|ENTERING_MANAGED_PKG|tdc_tsw
11:24:15.0 (200414503)|ENTERING_MANAGED_PKG|tdc_tsw
11:24:15.0 (200639656)|ENTERING_MANAGED_PKG|tdc_tsw
11:24:15.0 (201032552)|ENTERING_MANAGED_PKG|tdc_tsw
11:24:15.0 (202144193)|ENTERING_MANAGED_PKG|tdc_tsw
11:24:15.0 (202882318)|ENTERING_MANAGED_PKG|tdc_tsw
11:24:15.0 (203117843)|ENTERING_MANAGED_PKG|tdc_tsw
11:24:15.0 (203492094)|ENTERING_MANAGED_PKG|tdc_tsw
11:24:15.0 (204534823)|ENTERING_MANAGED_PKG|tdc_tsw
11:24:15.0 (205287815)|ENTERING_MANAGED_PKG|tdc_tsw
11:24:15.0 (205514253)|ENTERING_MANAGED_PKG|tdc_tsw
11:24:15.0 (205901141)|ENTERING_MANAGED_PKG|tdc_tsw
11:24:15.0 (207020892)|ENTERING_MANAGED_PKG|tdc_tsw
11:24:15.0 (208115112)|ENTERING_MANAGED_PKG|tdc_tsw
11:24:15.0 (208437778)|ENTERING_MANAGED_PKG|tdc_tsw
11:24:15.0 (209174525)|ENTERING_MANAGED_PKG|tdc_tsw
11:24:15.0 (210620385)|ENTERING_MANAGED_PKG|tdc_tsw
11:24:15.0 (211422442)|ENTERING_MANAGED_PKG|tdc_tsw
11:24:15.0 (211646552)|ENTERING_MANAGED_PKG|tdc_tsw
11:24:15.0 (212040209)|ENTERING_MANAGED_PKG|tdc_tsw
11:24:15.0 (213088898)|ENTERING_MANAGED_PKG|tdc_tsw
11:24:15.0 (213819446)|ENTERING_MANAGED_PKG|tdc_tsw
11:24:15.0 (214119979)|ENTERING_MANAGED_PKG|tdc_tsw
11:24:15.0 (214510460)|ENTERING_MANAGED_PKG|tdc_tsw
11:24:15.0 (215559335)|ENTERING_MANAGED_PKG|tdc_tsw
11:24:15.0 (216286758)|ENTERING_MANAGED_PKG|tdc_tsw
11:24:15.0 (216517308)|ENTERING_MANAGED_PKG|tdc_tsw
11:24:15.0 (216937640)|ENTERING_MANAGED_PKG|tdc_tsw
11:24:15.0 (217998624)|ENTERING_MANAGED_PKG|tdc_tsw
11:24:15.0 (218750293)|ENTERING_MANAGED_PKG|tdc_tsw
11:24:15.0 (219003768)|ENTERING_MANAGED_PKG|tdc_tsw
11:24:15.0 (219396850)|ENTERING_MANAGED_PKG|tdc_tsw
11:24:15.0 (220447784)|ENTERING_MANAGED_PKG|tdc_tsw
11:24:15.0 (221180300)|ENTERING_MANAGED_PKG|tdc_tsw
11:24:15.0 (221405757)|ENTERING_MANAGED_PKG|tdc_tsw
11:24:15.0 (221776337)|ENTERING_MANAGED_PKG|tdc_tsw
11:24:15.0 (222864837)|ENTERING_MANAGED_PKG|tdc_tsw
11:24:15.0 (223604697)|ENTERING_MANAGED_PKG|tdc_tsw
11:24:15.0 (223842015)|ENTERING_MANAGED_PKG|tdc_tsw
11:24:15.0 (224219516)|ENTERING_MANAGED_PKG|tdc_tsw
11:24:15.0 (225276176)|ENTERING_MANAGED_PKG|tdc_tsw
11:24:15.0 (226006318)|ENTERING_MANAGED_PKG|tdc_tsw
11:24:15.0 (226242338)|ENTERING_MANAGED_PKG|tdc_tsw
11:24:15.0 (226618909)|ENTERING_MANAGED_PKG|tdc_tsw
11:24:15.0 (227663332)|ENTERING_MANAGED_PKG|tdc_tsw
11:24:15.0 (228395498)|ENTERING_MANAGED_PKG|tdc_tsw
11:24:15.0 (228621268)|ENTERING_MANAGED_PKG|tdc_tsw
11:24:15.0 (229008020)|ENTERING_MANAGED_PKG|tdc_tsw
11:24:15.0 (230042613)|ENTERING_MANAGED_PKG|tdc_tsw
11:24:15.0 (230769456)|ENTERING_MANAGED_PKG|tdc_tsw
11:24:15.0 (230998482)|ENTERING_MANAGED_PKG|tdc_tsw
11:24:15.0 (231369224)|ENTERING_MANAGED_PKG|tdc_tsw
11:24:15.0 (232401509)|ENTERING_MANAGED_PKG|tdc_tsw
11:24:15.0 (233129631)|ENTERING_MANAGED_PKG|tdc_tsw
11:24:15.0 (233352567)|ENTERING_MANAGED_PKG|tdc_tsw
11:24:15.0 (233806817)|ENTERING_MANAGED_PKG|tdc_tsw
11:24:15.0 (234848367)|ENTERING_MANAGED_PKG|tdc_tsw
11:24:15.0 (235558865)|ENTERING_MANAGED_PKG|tdc_tsw
11:24:15.0 (235781694)|ENTERING_MANAGED_PKG|tdc_tsw
11:24:15.0 (236157824)|ENTERING_MANAGED_PKG|tdc_tsw
11:24:15.0 (237193045)|ENTERING_MANAGED_PKG|tdc_tsw
11:24:15.0 (237914205)|ENTERING_MANAGED_PKG|tdc_tsw
11:24:15.0 (238135893)|ENTERING_MANAGED_PKG|tdc_tsw
11:24:15.0 (238514340)|ENTERING_MANAGED_PKG|tdc_tsw
11:24:15.0 (239544485)|ENTERING_MANAGED_PKG|tdc_tsw
11:24:15.0 (240259172)|ENTERING_MANAGED_PKG|tdc_tsw
11:24:15.0 (240496280)|ENTERING_MANAGED_PKG|tdc_tsw
11:24:15.0 (240872271)|ENTERING_MANAGED_PKG|tdc_tsw
11:24:15.0 (241897701)|ENTERING_MANAGED_PKG|tdc_tsw
11:24:15.0 (242614123)|ENTERING_MANAGED_PKG|tdc_tsw
11:24:15.0 (242843662)|ENTERING_MANAGED_PKG|tdc_tsw
11:24:15.0 (243210469)|ENTERING_MANAGED_PKG|tdc_tsw
11:24:15.0 (244245961)|ENTERING_MANAGED_PKG|tdc_tsw
11:24:15.0 (244962951)|ENTERING_MANAGED_PKG|tdc_tsw
11:24:15.0 (245184579)|ENTERING_MANAGED_PKG|tdc_tsw
11:24:15.0 (245550971)|ENTERING_MANAGED_PKG|tdc_tsw
11:24:15.0 (246592673)|ENTERING_MANAGED_PKG|tdc_tsw
11:24:15.0 (247313859)|ENTERING_MANAGED_PKG|tdc_tsw
11:24:15.0 (247536081)|ENTERING_MANAGED_PKG|tdc_tsw
11:24:15.0 (247914239)|ENTERING_MANAGED_PKG|tdc_tsw
11:24:15.0 (248949423)|ENTERING_MANAGED_PKG|tdc_tsw
11:24:15.0 (249656859)|ENTERING_MANAGED_PKG|tdc_tsw
11:24:15.0 (249886502)|ENTERING_MANAGED_PKG|tdc_tsw
11:24:15.0 (250259866)|ENTERING_MANAGED_PKG|tdc_tsw
11:24:15.0 (251291049)|ENTERING_MANAGED_PKG|tdc_tsw
11:24:15.0 (252010658)|ENTERING_MANAGED_PKG|tdc_tsw
11:24:15.0 (252240432)|ENTERING_MANAGED_PKG|tdc_tsw
11:24:15.0 (252609016)|ENTERING_MANAGED_PKG|tdc_tsw
11:24:15.0 (253634072)|ENTERING_MANAGED_PKG|tdc_tsw
11:24:15.0 (254363965)|ENTERING_MANAGED_PKG|tdc_tsw
11:24:15.0 (254585712)|ENTERING_MANAGED_PKG|tdc_tsw
11:24:15.0 (254964684)|ENTERING_MANAGED_PKG|tdc_tsw
11:24:15.0 (255995790)|ENTERING_MANAGED_PKG|tdc_tsw
11:24:15.0 (256709945)|ENTERING_MANAGED_PKG|tdc_tsw
11:24:15.0 (256938786)|ENTERING_MANAGED_PKG|tdc_tsw
11:24:15.0 (257309256)|ENTERING_MANAGED_PKG|tdc_tsw
11:24:15.0 (258338859)|ENTERING_MANAGED_PKG|tdc_tsw
11:24:15.0 (259365679)|ENTERING_MANAGED_PKG|tdc_tsw
11:24:15.0 (259587728)|ENTERING_MANAGED_PKG|tdc_tsw
11:24:15.0 (259964747)|ENTERING_MANAGED_PKG|tdc_tsw
11:24:15.0 (261001564)|ENTERING_MANAGED_PKG|tdc_tsw
11:24:15.0 (261716216)|ENTERING_MANAGED_PKG|tdc_tsw
11:24:15.0 (261945003)|ENTERING_MANAGED_PKG|tdc_tsw
11:24:15.0 (262314844)|ENTERING_MANAGED_PKG|tdc_tsw
11:24:15.0 (263353811)|ENTERING_MANAGED_PKG|tdc_tsw
11:24:15.0 (264074279)|ENTERING_MANAGED_PKG|tdc_tsw
11:24:15.0 (264296866)|ENTERING_MANAGED_PKG|tdc_tsw
11:24:15.0 (264676922)|ENTERING_MANAGED_PKG|tdc_tsw
11:24:15.0 (265704164)|ENTERING_MANAGED_PKG|tdc_tsw
11:24:15.0 (266432305)|ENTERING_MANAGED_PKG|tdc_tsw
11:24:15.0 (266655573)|ENTERING_MANAGED_PKG|tdc_tsw
11:24:15.0 (267032447)|ENTERING_MANAGED_PKG|tdc_tsw
11:24:15.0 (268060732)|ENTERING_MANAGED_PKG|tdc_tsw
11:24:15.0 (268777113)|ENTERING_MANAGED_PKG|tdc_tsw
11:24:15.0 (269023688)|ENTERING_MANAGED_PKG|tdc_tsw
11:24:15.0 (269418105)|ENTERING_MANAGED_PKG|tdc_tsw
11:24:15.0 (270456198)|ENTERING_MANAGED_PKG|tdc_tsw
11:24:15.0 (271179859)|ENTERING_MANAGED_PKG|tdc_tsw
11:24:15.0 (271387655)|ENTERING_MANAGED_PKG|tdc_tsw
11:24:15.0 (271759474)|ENTERING_MANAGED_PKG|tdc_tsw
11:24:15.0 (272999973)|ENTERING_MANAGED_PKG|tdc_tsw
11:24:15.0 (273793661)|ENTERING_MANAGED_PKG|tdc_tsw
11:24:15.0 (273883972)|ENTERING_MANAGED_PKG|tdc_tsw
11:24:15.0 (274412826)|SOQL_EXECUTE_BEGIN|[200]|Aggregations:0|SELECT Name, NamespacePrefix, SystemModStamp FROM StaticResource WHERE Name LIKE :tmpVar1 LIMIT 10
11:24:15.0 (277620299)|SOQL_EXECUTE_END|[200]|Rows:1
11:24:15.0 (278844651)|ENTERING_MANAGED_PKG|tdc_tsw
11:24:15.0 (279450563)|SOQL_EXECUTE_BEGIN|[200]|Aggregations:0|SELECT Name, NamespacePrefix, SystemModStamp FROM StaticResource WHERE Name LIKE :tmpVar1 LIMIT 10
11:24:15.0 (282463475)|SOQL_EXECUTE_END|[200]|Rows:1
11:24:15.0 (283079814)|ENTERING_MANAGED_PKG|tdc_tsw
11:24:15.0 (287337764)|ENTERING_MANAGED_PKG|tdc_tsw
11:24:15.0 (289312775)|ENTERING_MANAGED_PKG|tdc_tsw
11:24:15.0 (289794752)|ENTERING_MANAGED_PKG|tdc_tsw
11:24:15.0 (290986117)|ENTERING_MANAGED_PKG|tdc_tsw
11:24:15.0 (291679665)|SOQL_EXECUTE_BEGIN|[200]|Aggregations:0|SELECT Name, NamespacePrefix, SystemModStamp FROM StaticResource WHERE Name LIKE :tmpVar1 LIMIT 10
11:24:15.0 (295824409)|SOQL_EXECUTE_END|[200]|Rows:1
11:24:15.313 (313117632)|USER_INFO|[EXTERNAL]|0051H000009gxp8|chanida.dev2@solvedbysoftwareco.com|Eastern Standard Time|GMT-05:00
11:24:15.313 (315002572)|ENTERING_MANAGED_PKG|tdc_tsw
11:24:15.313 (315299862)|ENTERING_MANAGED_PKG|tdc_tsw
11:24:15.313 (319377340)|SOQL_EXECUTE_BEGIN|[355]|Aggregations:0|SELECT id, name, Disable_Incoming_SMS_Sharing__c FROM User WHERE id = :tmpVar1
11:24:15.313 (328870340)|SOQL_EXECUTE_END|[355]|Rows:1
11:24:15.313 (330246119)|SOQL_EXECUTE_BEGIN|[367]|Aggregations:0|SELECT CreatedDate,Id,LastModifiedDate,Related_Object_Id__c FROM Message__c WHERE Name = 'Incoming' AND Read__c = false ORDER BY CreatedDate Desc limit 100
11:24:15.313 (342313627)|SOQL_EXECUTE_END|[367]|Rows:100
