44.0 APEX_CODE,FINEST;APEX_PROFILING,INFO;CALLOUT,INFO;DB,INFO;NBA,INFO;SYSTEM,DEBUG;VALIDATION,INFO;VISUALFORCE,INFO;WAVE,INFO;WORKFLOW,INFO
20:35:17.0 (173319)|USER_INFO|[EXTERNAL]|0051H000009gxp8|chanida.dev2@solvedbysoftwareco.com|Eastern Standard Time|GMT-05:00
20:35:17.0 (1715312)|ENTERING_MANAGED_PKG|tdc_tsw
20:35:17.0 (2385416)|ENTERING_MANAGED_PKG|tdc_tsw
20:35:17.0 (6684093)|SOQL_EXECUTE_BEGIN|[16]|Aggregations:0|SELECT id, name, Disable_Incoming_SMS_Sharing__c FROM User WHERE id = :tmpVar1
20:35:17.0 (12924486)|SOQL_EXECUTE_END|[16]|Rows:1
20:35:17.0 (18540355)|SOQL_EXECUTE_BEGIN|[37]|Aggregations:0|SELECT CreatedDate,Created_Date__c,Id,LastModifiedDate,MessageId__c,Message_Text_New__c,Name,OwnerId,Read__c,Related_Object_Id__c,Related_Object__c,Sender_Number__c, Sender_Name__c,ToNumber__c,Attachments_Ids__c FROM Message__c WHERE Name = 'Incoming' AND Read__c = false ORDER BY CreatedDate Desc limit 100
20:35:17.0 (29111939)|SOQL_EXECUTE_END|[37]|Rows:16
20:35:17.0 (35478252)|ENTERING_MANAGED_PKG|tdc_tsw
20:35:17.0 (38143848)|ENTERING_MANAGED_PKG|tdc_tsw
20:35:17.0 (38603471)|ENTERING_MANAGED_PKG|tdc_tsw
20:35:17.0 (39298577)|ENTERING_MANAGED_PKG|tdc_tsw
20:35:17.0 (41933730)|ENTERING_MANAGED_PKG|tdc_tsw
20:35:17.0 (42710080)|ENTERING_MANAGED_PKG|tdc_tsw
20:35:17.0 (42956835)|ENTERING_MANAGED_PKG|tdc_tsw
20:35:17.0 (43340608)|ENTERING_MANAGED_PKG|tdc_tsw
20:35:17.0 (44392036)|ENTERING_MANAGED_PKG|tdc_tsw
20:35:17.0 (45137876)|ENTERING_MANAGED_PKG|tdc_tsw
20:35:17.0 (45357242)|ENTERING_MANAGED_PKG|tdc_tsw
20:35:17.0 (45739006)|ENTERING_MANAGED_PKG|tdc_tsw
20:35:17.0 (46902424)|ENTERING_MANAGED_PKG|tdc_tsw
20:35:17.0 (47544433)|ENTERING_MANAGED_PKG|tdc_tsw
20:35:17.0 (47624850)|ENTERING_MANAGED_PKG|tdc_tsw
20:35:17.0 (48178258)|SOQL_EXECUTE_BEGIN|[200]|Aggregations:0|SELECT Name, NamespacePrefix, SystemModStamp FROM StaticResource WHERE Name LIKE :tmpVar1 LIMIT 10
20:35:17.0 (51981822)|SOQL_EXECUTE_END|[200]|Rows:1
20:35:17.0 (52683969)|ENTERING_MANAGED_PKG|tdc_tsw
20:35:17.0 (53015832)|SOQL_EXECUTE_BEGIN|[200]|Aggregations:0|SELECT Name, NamespacePrefix, SystemModStamp FROM StaticResource WHERE Name LIKE :tmpVar1 LIMIT 10
20:35:17.0 (55034572)|SOQL_EXECUTE_END|[200]|Rows:1
20:35:17.0 (55400943)|ENTERING_MANAGED_PKG|tdc_tsw
20:35:17.0 (58514215)|ENTERING_MANAGED_PKG|tdc_tsw
20:35:17.0 (59942470)|ENTERING_MANAGED_PKG|tdc_tsw
20:35:17.0 (60229124)|ENTERING_MANAGED_PKG|tdc_tsw
20:35:17.0 (61005464)|ENTERING_MANAGED_PKG|tdc_tsw
20:35:17.0 (61335742)|SOQL_EXECUTE_BEGIN|[200]|Aggregations:0|SELECT Name, NamespacePrefix, SystemModStamp FROM StaticResource WHERE Name LIKE :tmpVar1 LIMIT 10
20:35:17.0 (63341407)|SOQL_EXECUTE_END|[200]|Rows:1
20:35:17.68 (68656166)|USER_INFO|[EXTERNAL]|0051H000009gxp8|chanida.dev2@solvedbysoftwareco.com|Eastern Standard Time|GMT-05:00
20:35:17.68 (70064518)|ENTERING_MANAGED_PKG|tdc_tsw
20:35:17.68 (70225535)|ENTERING_MANAGED_PKG|tdc_tsw
20:35:17.68 (72733390)|SOQL_EXECUTE_BEGIN|[355]|Aggregations:0|SELECT id, name, Disable_Incoming_SMS_Sharing__c FROM User WHERE id = :tmpVar1
20:35:17.68 (78851725)|SOQL_EXECUTE_END|[355]|Rows:1
20:35:17.68 (80177576)|SOQL_EXECUTE_BEGIN|[367]|Aggregations:0|SELECT CreatedDate,Id,LastModifiedDate,Related_Object_Id__c FROM Message__c WHERE Name = 'Incoming' AND Read__c = false ORDER BY CreatedDate Desc limit 100
20:35:17.68 (85241919)|SOQL_EXECUTE_END|[367]|Rows:16
