36.0 APEX_CODE,FINEST;APEX_PROFILING,INFO;CALLOUT,INFO;DB,INFO;NBA,INFO;SYSTEM,DEBUG;VALIDATION,INFO;VISUALFORCE,INFO;WAVE,INFO;WORKFLOW,INFO
14:07:37.21 (21517674)|ENTERING_MANAGED_PKG|tdc_tsw
14:07:37.21 (22561657)|ENTERING_MANAGED_PKG|tdc_tsw
14:07:37.21 (23544130)|ENTERING_MANAGED_PKG|tdc_tsw
14:07:37.21 (24838834)|ENTERING_MANAGED_PKG|tdc_tsw
14:07:37.21 (24888271)|ENTERING_MANAGED_PKG|tdc_tsw
14:07:37.21 (44061607)|ENTERING_MANAGED_PKG|tdc_tsw
14:07:37.21 (47350836)|ENTERING_MANAGED_PKG|tdc_tsw
14:07:37.21 (47396118)|ENTERING_MANAGED_PKG|tdc_tsw
14:07:37.21 (47447543)|ENTERING_MANAGED_PKG|tdc_tsw
14:07:37.21 (48487030)|ENTERING_MANAGED_PKG|tdc_tsw
14:07:37.21 (48839510)|ENTERING_MANAGED_PKG|tdc_tsw
14:07:37.21 (49161480)|ENTERING_MANAGED_PKG|tdc_tsw
14:07:37.21 (51009430)|ENTERING_MANAGED_PKG|tdc_tsw
14:07:37.21 (51051112)|ENTERING_MANAGED_PKG|tdc_tsw
14:07:37.21 (51383407)|ENTERING_MANAGED_PKG|tdc_tsw
14:07:37.21 (53463987)|ENTERING_MANAGED_PKG|tdc_tsw
14:07:37.21 (58150838)|ENTERING_MANAGED_PKG|tdc_tsw
14:07:37.21 (63573733)|ENTERING_MANAGED_PKG|tdc_tsw
14:07:37.21 (63658543)|ENTERING_MANAGED_PKG|tdc_tsw
14:07:37.21 (63826423)|ENTERING_MANAGED_PKG|tdc_tsw
14:07:37.21 (63994788)|ENTERING_MANAGED_PKG|tdc_tsw
14:07:37.21 (64176186)|ENTERING_MANAGED_PKG|tdc_tsw
14:07:37.21 (64232460)|ENTERING_MANAGED_PKG|tdc_tsw
14:07:37.21 (64308812)|ENTERING_MANAGED_PKG|tdc_tsw
14:07:37.21 (64377274)|ENTERING_MANAGED_PKG|tdc_tsw
14:07:37.21 (64397773)|ENTERING_MANAGED_PKG|tdc_tsw
14:07:37.21 (64637180)|ENTERING_MANAGED_PKG|tdc_tsw
14:07:37.21 (64709493)|ENTERING_MANAGED_PKG|tdc_tsw
14:07:37.21 (64781668)|ENTERING_MANAGED_PKG|tdc_tsw
14:07:37.21 (64922425)|ENTERING_MANAGED_PKG|tdc_tsw
14:07:37.21 (64987456)|ENTERING_MANAGED_PKG|tdc_tsw
14:07:37.21 (67007141)|ENTERING_MANAGED_PKG|tdc_tsw
14:07:37.21 (67079902)|ENTERING_MANAGED_PKG|tdc_tsw
14:07:37.21 (67141331)|ENTERING_MANAGED_PKG|tdc_tsw
14:07:37.21 (69373833)|ENTERING_MANAGED_PKG|tdc_tsw
14:07:37.21 (69439024)|ENTERING_MANAGED_PKG|tdc_tsw
14:07:37.21 (69500988)|ENTERING_MANAGED_PKG|tdc_tsw
14:07:37.21 (69563537)|ENTERING_MANAGED_PKG|tdc_tsw
14:07:37.21 (69673142)|ENTERING_MANAGED_PKG|tdc_tsw
14:07:37.21 (69793332)|ENTERING_MANAGED_PKG|tdc_tsw
14:07:37.21 (69873365)|ENTERING_MANAGED_PKG|tdc_tsw
14:07:37.21 (69932651)|ENTERING_MANAGED_PKG|tdc_tsw
14:07:37.21 (69977743)|ENTERING_MANAGED_PKG|tdc_tsw
14:07:37.21 (70038421)|ENTERING_MANAGED_PKG|tdc_tsw
14:07:37.21 (70077622)|ENTERING_MANAGED_PKG|tdc_tsw
14:07:37.21 (70131342)|ENTERING_MANAGED_PKG|tdc_tsw
14:07:37.21 (70210233)|ENTERING_MANAGED_PKG|tdc_tsw
14:07:37.21 (72128409)|ENTERING_MANAGED_PKG|tdc_tsw
14:07:37.21 (72213499)|ENTERING_MANAGED_PKG|tdc_tsw
14:07:37.21 (72435826)|ENTERING_MANAGED_PKG|tdc_tsw
14:07:37.21 (72563849)|ENTERING_MANAGED_PKG|tdc_tsw
14:07:37.21 (72702497)|ENTERING_MANAGED_PKG|tdc_tsw
14:07:37.21 (72776777)|ENTERING_MANAGED_PKG|tdc_tsw
14:07:37.21 (72910486)|ENTERING_MANAGED_PKG|tdc_tsw
14:07:37.21 (73204158)|ENTERING_MANAGED_PKG|tdc_tsw
14:07:37.21 (380245205)|ENTERING_MANAGED_PKG|tdc_tsw
14:07:37.21 (380377228)|ENTERING_MANAGED_PKG|tdc_tsw
14:07:37.21 (417093144)|ENTERING_MANAGED_PKG|tdc_tsw
14:07:37.21 (417181173)|ENTERING_MANAGED_PKG|tdc_tsw
14:07:37.21 (417303732)|ENTERING_MANAGED_PKG|tdc_tsw
14:07:37.21 (417410666)|ENTERING_MANAGED_PKG|tdc_tsw
14:07:37.21 (417468268)|ENTERING_MANAGED_PKG|tdc_tsw
14:07:37.21 (417522987)|ENTERING_MANAGED_PKG|tdc_tsw
14:07:37.21 (417593836)|ENTERING_MANAGED_PKG|tdc_tsw
14:07:37.21 (417646930)|ENTERING_MANAGED_PKG|tdc_tsw
14:07:37.21 (417705117)|ENTERING_MANAGED_PKG|tdc_tsw
14:07:37.21 (417779106)|ENTERING_MANAGED_PKG|tdc_tsw
14:07:37.21 (417837353)|ENTERING_MANAGED_PKG|tdc_tsw
14:07:37.21 (417890365)|ENTERING_MANAGED_PKG|tdc_tsw
14:07:37.21 (422961201)|ENTERING_MANAGED_PKG|tdc_tsw
14:07:37.21 (423368227)|ENTERING_MANAGED_PKG|tdc_tsw
14:07:37.21 (426778067)|ENTERING_MANAGED_PKG|tdc_tsw
14:07:37.21 (433995467)|ENTERING_MANAGED_PKG|tdc_tsw
14:07:37.21 (434853898)|ENTERING_MANAGED_PKG|tdc_tsw
14:07:37.21 (434937844)|ENTERING_MANAGED_PKG|tdc_tsw
14:07:37.21 (434991601)|ENTERING_MANAGED_PKG|tdc_tsw
14:07:37.21 (435072780)|ENTERING_MANAGED_PKG|tdc_tsw
14:07:37.21 (435133526)|ENTERING_MANAGED_PKG|tdc_tsw
14:07:37.21 (435298100)|ENTERING_MANAGED_PKG|tdc_tsw
14:07:37.21 (435986188)|ENTERING_MANAGED_PKG|tdc_tsw
14:07:37.21 (436044304)|ENTERING_MANAGED_PKG|tdc_tsw
14:07:37.21 (436286526)|ENTERING_MANAGED_PKG|tdc_tsw
14:07:37.21 (436346696)|ENTERING_MANAGED_PKG|tdc_tsw
14:07:37.21 (436586139)|ENTERING_MANAGED_PKG|tdc_tsw
14:07:37.21 (436641822)|ENTERING_MANAGED_PKG|tdc_tsw
14:07:37.21 (436682689)|ENTERING_MANAGED_PKG|tdc_tsw
14:07:37.21 (436714586)|ENTERING_MANAGED_PKG|tdc_tsw
14:07:37.21 (436753630)|ENTERING_MANAGED_PKG|tdc_tsw
14:07:37.21 (436827210)|ENTERING_MANAGED_PKG|tdc_tsw
14:07:37.21 (436910019)|ENTERING_MANAGED_PKG|tdc_tsw
14:07:37.21 (436936511)|ENTERING_MANAGED_PKG|tdc_tsw
14:07:37.21 (436987464)|ENTERING_MANAGED_PKG|tdc_tsw
14:07:37.21 (437149127)|ENTERING_MANAGED_PKG|tdc_tsw
14:07:37.21 (437192856)|ENTERING_MANAGED_PKG|tdc_tsw
14:07:37.21 (437241989)|ENTERING_MANAGED_PKG|tdc_tsw
14:07:37.21 (437302162)|ENTERING_MANAGED_PKG|tdc_tsw
14:07:37.21 (437343715)|ENTERING_MANAGED_PKG|tdc_tsw
14:07:37.21 (437394847)|ENTERING_MANAGED_PKG|tdc_tsw
14:07:37.21 (437433377)|ENTERING_MANAGED_PKG|tdc_tsw
14:07:37.21 (437490334)|ENTERING_MANAGED_PKG|tdc_tsw
14:07:37.21 (437526000)|ENTERING_MANAGED_PKG|tdc_tsw
14:07:37.21 (437637375)|ENTERING_MANAGED_PKG|tdc_tsw
14:07:37.21 (437721688)|ENTERING_MANAGED_PKG|tdc_tsw
14:07:37.21 (437791590)|ENTERING_MANAGED_PKG|tdc_tsw
14:07:37.21 (437857271)|ENTERING_MANAGED_PKG|tdc_tsw
14:07:37.21 (437937801)|ENTERING_MANAGED_PKG|tdc_tsw
14:07:37.21 (816619312)|ENTERING_MANAGED_PKG|tdc_tsw
14:07:37.21 (817128072)|ENTERING_MANAGED_PKG|tdc_tsw
14:07:37.21 (817176356)|ENTERING_MANAGED_PKG|tdc_tsw
14:07:37.21 (817239955)|ENTERING_MANAGED_PKG|tdc_tsw
14:07:37.21 (817305469)|ENTERING_MANAGED_PKG|tdc_tsw
14:07:37.21 (817340975)|ENTERING_MANAGED_PKG|tdc_tsw
14:07:37.21 (817377028)|ENTERING_MANAGED_PKG|tdc_tsw
14:07:37.21 (817422988)|ENTERING_MANAGED_PKG|tdc_tsw
14:07:37.21 (817455384)|ENTERING_MANAGED_PKG|tdc_tsw
14:07:37.21 (817480917)|ENTERING_MANAGED_PKG|tdc_tsw
14:07:37.21 (817564288)|ENTERING_MANAGED_PKG|tdc_tsw
14:07:37.21 (817666093)|ENTERING_MANAGED_PKG|tdc_tsw
14:07:37.21 (817729696)|ENTERING_MANAGED_PKG|tdc_tsw
14:07:37.21 (817832920)|ENTERING_MANAGED_PKG|tdc_tsw
14:07:37.21 (817952873)|ENTERING_MANAGED_PKG|tdc_tsw
14:07:37.21 (822104317)|ENTERING_MANAGED_PKG|tdc_tsw
14:07:37.21 (822765877)|ENTERING_MANAGED_PKG|tdc_tsw
14:07:37.21 (830360448)|ENTERING_MANAGED_PKG|tdc_tsw
14:07:37.21 (831499120)|ENTERING_MANAGED_PKG|tdc_tsw
14:07:37.21 (839332293)|ENTERING_MANAGED_PKG|tdc_tsw
14:07:37.21 (840424970)|ENTERING_MANAGED_PKG|tdc_tsw
14:07:37.21 (848050025)|ENTERING_MANAGED_PKG|tdc_tsw
14:07:37.21 (849161190)|ENTERING_MANAGED_PKG|tdc_tsw
14:07:37.21 (857223010)|ENTERING_MANAGED_PKG|tdc_tsw
14:07:37.21 (858353624)|ENTERING_MANAGED_PKG|tdc_tsw
14:07:37.21 (866269135)|ENTERING_MANAGED_PKG|tdc_tsw
14:07:37.21 (867284413)|ENTERING_MANAGED_PKG|tdc_tsw
14:07:37.21 (873773048)|ENTERING_MANAGED_PKG|tdc_tsw
14:07:37.21 (874713068)|ENTERING_MANAGED_PKG|tdc_tsw
14:07:37.21 (881063530)|ENTERING_MANAGED_PKG|tdc_tsw
14:07:37.21 (881987543)|ENTERING_MANAGED_PKG|tdc_tsw
14:07:37.21 (888311783)|ENTERING_MANAGED_PKG|tdc_tsw
14:07:37.21 (889234084)|ENTERING_MANAGED_PKG|tdc_tsw
14:07:37.21 (895548960)|ENTERING_MANAGED_PKG|tdc_tsw
14:07:37.21 (896473299)|ENTERING_MANAGED_PKG|tdc_tsw
14:07:37.21 (902791254)|ENTERING_MANAGED_PKG|tdc_tsw
14:07:37.21 (903708429)|ENTERING_MANAGED_PKG|tdc_tsw
14:07:37.21 (910006159)|ENTERING_MANAGED_PKG|tdc_tsw
14:07:37.21 (910929510)|ENTERING_MANAGED_PKG|tdc_tsw
14:07:37.21 (917229482)|ENTERING_MANAGED_PKG|tdc_tsw
14:07:37.21 (918152119)|ENTERING_MANAGED_PKG|tdc_tsw
14:07:37.21 (924473602)|ENTERING_MANAGED_PKG|tdc_tsw
14:07:37.21 (925398472)|ENTERING_MANAGED_PKG|tdc_tsw
14:07:37.21 (931712236)|ENTERING_MANAGED_PKG|tdc_tsw
14:07:37.21 (932633838)|ENTERING_MANAGED_PKG|tdc_tsw
14:07:37.21 (938923664)|ENTERING_MANAGED_PKG|tdc_tsw
14:07:37.21 (939845162)|ENTERING_MANAGED_PKG|tdc_tsw
14:07:37.21 (946160835)|ENTERING_MANAGED_PKG|tdc_tsw
14:07:37.21 (947084688)|ENTERING_MANAGED_PKG|tdc_tsw
14:07:37.21 (953361744)|ENTERING_MANAGED_PKG|tdc_tsw
14:07:37.21 (954283042)|ENTERING_MANAGED_PKG|tdc_tsw
14:07:37.21 (960930132)|ENTERING_MANAGED_PKG|tdc_tsw
14:07:37.21 (961852146)|ENTERING_MANAGED_PKG|tdc_tsw
14:07:37.21 (968138796)|ENTERING_MANAGED_PKG|tdc_tsw
14:07:37.21 (969066242)|ENTERING_MANAGED_PKG|tdc_tsw
14:07:37.21 (975360846)|ENTERING_MANAGED_PKG|tdc_tsw
14:07:37.21 (976279465)|ENTERING_MANAGED_PKG|tdc_tsw
14:07:37.21 (982572466)|ENTERING_MANAGED_PKG|tdc_tsw
14:07:37.21 (983495204)|ENTERING_MANAGED_PKG|tdc_tsw
14:07:37.21 (989790323)|ENTERING_MANAGED_PKG|tdc_tsw
14:07:37.21 (990705782)|ENTERING_MANAGED_PKG|tdc_tsw
14:07:37.21 (997027687)|ENTERING_MANAGED_PKG|tdc_tsw
14:07:37.21 (997972299)|ENTERING_MANAGED_PKG|tdc_tsw
14:07:37.21 (1004306453)|ENTERING_MANAGED_PKG|tdc_tsw
14:07:37.21 (1005235936)|ENTERING_MANAGED_PKG|tdc_tsw
14:07:37.21 (1011548219)|ENTERING_MANAGED_PKG|tdc_tsw
14:07:37.21 (1012467535)|ENTERING_MANAGED_PKG|tdc_tsw
14:07:37.21 (1018758089)|ENTERING_MANAGED_PKG|tdc_tsw
14:07:37.21 (1019678884)|ENTERING_MANAGED_PKG|tdc_tsw
14:07:38.25 (1025985751)|ENTERING_MANAGED_PKG|tdc_tsw
14:07:38.25 (1026912832)|ENTERING_MANAGED_PKG|tdc_tsw
14:07:38.25 (1033275164)|ENTERING_MANAGED_PKG|tdc_tsw
14:07:38.25 (1034243373)|ENTERING_MANAGED_PKG|tdc_tsw
14:07:38.25 (1040621309)|ENTERING_MANAGED_PKG|tdc_tsw
14:07:38.25 (1041551770)|ENTERING_MANAGED_PKG|tdc_tsw
14:07:38.25 (1047870249)|ENTERING_MANAGED_PKG|tdc_tsw
14:07:38.25 (1048797790)|ENTERING_MANAGED_PKG|tdc_tsw
14:07:38.25 (1055107903)|ENTERING_MANAGED_PKG|tdc_tsw
14:07:38.25 (1056028614)|ENTERING_MANAGED_PKG|tdc_tsw
14:07:38.25 (1062334950)|ENTERING_MANAGED_PKG|tdc_tsw
14:07:38.25 (1063265442)|ENTERING_MANAGED_PKG|tdc_tsw
14:07:38.25 (1069599020)|ENTERING_MANAGED_PKG|tdc_tsw
14:07:38.25 (1070536879)|ENTERING_MANAGED_PKG|tdc_tsw
14:07:38.25 (1076857002)|ENTERING_MANAGED_PKG|tdc_tsw
14:07:38.25 (1077773618)|ENTERING_MANAGED_PKG|tdc_tsw
14:07:38.25 (1084380218)|ENTERING_MANAGED_PKG|tdc_tsw
14:07:38.25 (1085300847)|ENTERING_MANAGED_PKG|tdc_tsw
14:07:38.25 (1091615010)|ENTERING_MANAGED_PKG|tdc_tsw
14:07:38.25 (1092536881)|ENTERING_MANAGED_PKG|tdc_tsw
14:07:38.25 (1098847755)|ENTERING_MANAGED_PKG|tdc_tsw
14:07:38.25 (1099764233)|ENTERING_MANAGED_PKG|tdc_tsw
14:07:38.25 (1106115906)|ENTERING_MANAGED_PKG|tdc_tsw
14:07:38.25 (1107056776)|ENTERING_MANAGED_PKG|tdc_tsw
14:07:38.25 (1113777488)|ENTERING_MANAGED_PKG|tdc_tsw
14:07:38.25 (1114697240)|ENTERING_MANAGED_PKG|tdc_tsw
14:07:38.25 (1121020810)|ENTERING_MANAGED_PKG|tdc_tsw
14:07:38.25 (1121944209)|ENTERING_MANAGED_PKG|tdc_tsw
14:07:38.25 (1128238213)|ENTERING_MANAGED_PKG|tdc_tsw
14:07:38.25 (1129165075)|ENTERING_MANAGED_PKG|tdc_tsw
14:07:38.25 (1135531743)|ENTERING_MANAGED_PKG|tdc_tsw
14:07:38.25 (1136460387)|ENTERING_MANAGED_PKG|tdc_tsw
14:07:38.25 (1142792167)|ENTERING_MANAGED_PKG|tdc_tsw
14:07:38.25 (1143706785)|ENTERING_MANAGED_PKG|tdc_tsw
14:07:38.25 (1150019903)|ENTERING_MANAGED_PKG|tdc_tsw
14:07:38.25 (1150947291)|ENTERING_MANAGED_PKG|tdc_tsw
14:07:38.25 (1157255552)|ENTERING_MANAGED_PKG|tdc_tsw
14:07:38.25 (1158188847)|ENTERING_MANAGED_PKG|tdc_tsw
14:07:38.25 (1164498373)|ENTERING_MANAGED_PKG|tdc_tsw
14:07:38.25 (1165420105)|ENTERING_MANAGED_PKG|tdc_tsw
14:07:38.25 (1171693362)|ENTERING_MANAGED_PKG|tdc_tsw
14:07:38.25 (1172612012)|ENTERING_MANAGED_PKG|tdc_tsw
14:07:38.25 (1178890848)|ENTERING_MANAGED_PKG|tdc_tsw
14:07:38.25 (1179808214)|ENTERING_MANAGED_PKG|tdc_tsw
14:07:38.25 (1186145090)|ENTERING_MANAGED_PKG|tdc_tsw
14:07:38.25 (1187063985)|ENTERING_MANAGED_PKG|tdc_tsw
14:07:38.25 (1193327975)|ENTERING_MANAGED_PKG|tdc_tsw
14:07:38.25 (1196137360)|ENTERING_MANAGED_PKG|tdc_tsw
14:07:38.25 (1196361823)|ENTERING_MANAGED_PKG|tdc_tsw
14:07:38.25 (1196479347)|ENTERING_MANAGED_PKG|tdc_tsw
14:07:38.25 (1196594854)|ENTERING_MANAGED_PKG|tdc_tsw
14:07:38.25 (1196675039)|ENTERING_MANAGED_PKG|tdc_tsw
14:07:38.25 (1196733657)|ENTERING_MANAGED_PKG|tdc_tsw
14:07:38.25 (1196900870)|ENTERING_MANAGED_PKG|tdc_tsw
14:07:38.25 (1196953071)|ENTERING_MANAGED_PKG|tdc_tsw
14:07:38.25 (1197029939)|ENTERING_MANAGED_PKG|tdc_tsw
14:07:38.25 (1197160477)|ENTERING_MANAGED_PKG|tdc_tsw
14:07:38.25 (1198537117)|ENTERING_MANAGED_PKG|tdc_tsw
14:07:38.25 (1198896659)|ENTERING_MANAGED_PKG|tdc_tsw
14:07:38.25 (1205182261)|ENTERING_MANAGED_PKG|tdc_tsw
14:07:38.25 (1206109607)|ENTERING_MANAGED_PKG|tdc_tsw
14:07:38.25 (1212663049)|ENTERING_MANAGED_PKG|tdc_tsw
14:07:38.25 (1213582416)|ENTERING_MANAGED_PKG|tdc_tsw
14:07:38.25 (1219882731)|ENTERING_MANAGED_PKG|tdc_tsw
14:07:38.25 (1220799784)|ENTERING_MANAGED_PKG|tdc_tsw
14:07:38.25 (1227107732)|ENTERING_MANAGED_PKG|tdc_tsw
14:07:38.25 (1228031914)|ENTERING_MANAGED_PKG|tdc_tsw
14:07:38.25 (1234306137)|ENTERING_MANAGED_PKG|tdc_tsw
14:07:38.25 (1235234116)|ENTERING_MANAGED_PKG|tdc_tsw
14:07:38.25 (1241534032)|ENTERING_MANAGED_PKG|tdc_tsw
14:07:38.25 (1242451802)|ENTERING_MANAGED_PKG|tdc_tsw
14:07:38.25 (1248751140)|ENTERING_MANAGED_PKG|tdc_tsw
14:07:38.25 (1249673474)|ENTERING_MANAGED_PKG|tdc_tsw
14:07:38.25 (1255964834)|ENTERING_MANAGED_PKG|tdc_tsw
14:07:38.25 (1256886757)|ENTERING_MANAGED_PKG|tdc_tsw
14:07:38.25 (1263188402)|ENTERING_MANAGED_PKG|tdc_tsw
14:07:38.25 (1264112783)|ENTERING_MANAGED_PKG|tdc_tsw
14:07:38.25 (1270427290)|ENTERING_MANAGED_PKG|tdc_tsw
14:07:38.25 (1271354356)|ENTERING_MANAGED_PKG|tdc_tsw
14:07:38.25 (1277693384)|ENTERING_MANAGED_PKG|tdc_tsw
14:07:38.25 (1278615151)|ENTERING_MANAGED_PKG|tdc_tsw
14:07:38.25 (1284933567)|ENTERING_MANAGED_PKG|tdc_tsw
14:07:38.25 (1285855868)|ENTERING_MANAGED_PKG|tdc_tsw
14:07:38.25 (1292168335)|ENTERING_MANAGED_PKG|tdc_tsw
14:07:38.25 (1293096000)|ENTERING_MANAGED_PKG|tdc_tsw
14:07:38.25 (1299405351)|ENTERING_MANAGED_PKG|tdc_tsw
14:07:38.25 (1300328455)|ENTERING_MANAGED_PKG|tdc_tsw
14:07:38.25 (1306600941)|ENTERING_MANAGED_PKG|tdc_tsw
14:07:38.25 (1307517918)|ENTERING_MANAGED_PKG|tdc_tsw
14:07:38.25 (1313810902)|ENTERING_MANAGED_PKG|tdc_tsw
14:07:38.25 (1314723203)|ENTERING_MANAGED_PKG|tdc_tsw
14:07:38.25 (1320995190)|ENTERING_MANAGED_PKG|tdc_tsw
14:07:38.25 (1321911184)|ENTERING_MANAGED_PKG|tdc_tsw
14:07:38.25 (1328190603)|ENTERING_MANAGED_PKG|tdc_tsw
14:07:38.25 (1329113397)|ENTERING_MANAGED_PKG|tdc_tsw
14:07:38.25 (1335719971)|ENTERING_MANAGED_PKG|tdc_tsw
14:07:38.25 (1336640195)|ENTERING_MANAGED_PKG|tdc_tsw
14:07:38.25 (1342956058)|ENTERING_MANAGED_PKG|tdc_tsw
14:07:38.25 (1343886236)|ENTERING_MANAGED_PKG|tdc_tsw
14:07:38.25 (1350193265)|ENTERING_MANAGED_PKG|tdc_tsw
14:07:38.25 (1351114359)|ENTERING_MANAGED_PKG|tdc_tsw
14:07:38.25 (1357418981)|ENTERING_MANAGED_PKG|tdc_tsw
14:07:38.25 (1358336515)|ENTERING_MANAGED_PKG|tdc_tsw
14:07:38.25 (1364641565)|ENTERING_MANAGED_PKG|tdc_tsw
14:07:38.25 (1365597257)|ENTERING_MANAGED_PKG|tdc_tsw
14:07:38.25 (1371916606)|ENTERING_MANAGED_PKG|tdc_tsw
14:07:38.25 (1372839009)|ENTERING_MANAGED_PKG|tdc_tsw
14:07:38.25 (1379136295)|ENTERING_MANAGED_PKG|tdc_tsw
14:07:38.25 (1380055149)|ENTERING_MANAGED_PKG|tdc_tsw
14:07:38.25 (1386354480)|ENTERING_MANAGED_PKG|tdc_tsw
14:07:38.25 (1387282009)|ENTERING_MANAGED_PKG|tdc_tsw
14:07:38.25 (1393587499)|ENTERING_MANAGED_PKG|tdc_tsw
14:07:38.25 (1394506723)|ENTERING_MANAGED_PKG|tdc_tsw
14:07:38.25 (1400811889)|ENTERING_MANAGED_PKG|tdc_tsw
14:07:38.25 (1401723917)|ENTERING_MANAGED_PKG|tdc_tsw
14:07:38.25 (1408021416)|ENTERING_MANAGED_PKG|tdc_tsw
14:07:38.25 (1408942077)|ENTERING_MANAGED_PKG|tdc_tsw
14:07:38.25 (1415258057)|ENTERING_MANAGED_PKG|tdc_tsw
14:07:38.25 (1428382607)|ENTERING_MANAGED_PKG|tdc_tsw
14:07:38.25 (1434825088)|ENTERING_MANAGED_PKG|tdc_tsw
14:07:38.25 (1435760978)|ENTERING_MANAGED_PKG|tdc_tsw
14:07:38.25 (1442049721)|ENTERING_MANAGED_PKG|tdc_tsw
14:07:38.25 (1442980379)|ENTERING_MANAGED_PKG|tdc_tsw
14:07:38.25 (1449273535)|ENTERING_MANAGED_PKG|tdc_tsw
14:07:38.25 (1450207734)|ENTERING_MANAGED_PKG|tdc_tsw
14:07:38.25 (1456488825)|ENTERING_MANAGED_PKG|tdc_tsw
14:07:38.25 (1457408383)|ENTERING_MANAGED_PKG|tdc_tsw
14:07:38.25 (1464238731)|ENTERING_MANAGED_PKG|tdc_tsw
14:07:38.25 (1465171552)|ENTERING_MANAGED_PKG|tdc_tsw
14:07:38.25 (1471461355)|ENTERING_MANAGED_PKG|tdc_tsw
14:07:38.25 (1472387876)|ENTERING_MANAGED_PKG|tdc_tsw
14:07:38.25 (1478668943)|ENTERING_MANAGED_PKG|tdc_tsw
14:07:38.25 (1479592999)|ENTERING_MANAGED_PKG|tdc_tsw
14:07:38.25 (1485890498)|ENTERING_MANAGED_PKG|tdc_tsw
14:07:38.25 (1486807456)|ENTERING_MANAGED_PKG|tdc_tsw
14:07:38.25 (1493103312)|ENTERING_MANAGED_PKG|tdc_tsw
14:07:38.25 (1494023008)|ENTERING_MANAGED_PKG|tdc_tsw
14:07:38.25 (1500305479)|ENTERING_MANAGED_PKG|tdc_tsw
14:07:38.25 (1501226948)|ENTERING_MANAGED_PKG|tdc_tsw
14:07:38.25 (1544034081)|ENTERING_MANAGED_PKG|tdc_tsw
14:07:38.25 (1545062201)|ENTERING_MANAGED_PKG|tdc_tsw
14:07:38.25 (1551366633)|ENTERING_MANAGED_PKG|tdc_tsw
14:07:38.25 (1552289522)|ENTERING_MANAGED_PKG|tdc_tsw
14:07:38.25 (1558586981)|ENTERING_MANAGED_PKG|tdc_tsw
14:07:38.25 (1559510182)|ENTERING_MANAGED_PKG|tdc_tsw
14:07:38.25 (1565814210)|ENTERING_MANAGED_PKG|tdc_tsw
14:07:38.25 (1566749611)|ENTERING_MANAGED_PKG|tdc_tsw
14:07:38.25 (1573060762)|ENTERING_MANAGED_PKG|tdc_tsw
14:07:38.25 (1573985499)|ENTERING_MANAGED_PKG|tdc_tsw
14:07:38.25 (1580284694)|ENTERING_MANAGED_PKG|tdc_tsw
14:07:38.25 (1581211920)|ENTERING_MANAGED_PKG|tdc_tsw
14:07:38.25 (1587824195)|ENTERING_MANAGED_PKG|tdc_tsw
14:07:38.25 (1588745850)|ENTERING_MANAGED_PKG|tdc_tsw
14:07:38.25 (1595039099)|ENTERING_MANAGED_PKG|tdc_tsw
14:07:38.25 (1595962332)|ENTERING_MANAGED_PKG|tdc_tsw
14:07:38.25 (1602335888)|ENTERING_MANAGED_PKG|tdc_tsw
14:07:38.25 (1603258495)|ENTERING_MANAGED_PKG|tdc_tsw
14:07:38.25 (1609550285)|ENTERING_MANAGED_PKG|tdc_tsw
14:07:38.25 (1612226111)|ENTERING_MANAGED_PKG|tdc_tsw
14:07:38.25 (1612437305)|ENTERING_MANAGED_PKG|tdc_tsw
14:07:38.25 (1612693738)|ENTERING_MANAGED_PKG|tdc_tsw
14:07:38.25 (1612745755)|ENTERING_MANAGED_PKG|tdc_tsw
14:07:38.25 (1612804293)|ENTERING_MANAGED_PKG|tdc_tsw
14:07:38.25 (1612851355)|ENTERING_MANAGED_PKG|tdc_tsw
14:07:38.25 (1612887032)|ENTERING_MANAGED_PKG|tdc_tsw
14:07:38.25 (1613005471)|ENTERING_MANAGED_PKG|tdc_tsw
14:07:38.25 (1613217346)|ENTERING_MANAGED_PKG|tdc_tsw
14:07:38.25 (1613250135)|ENTERING_MANAGED_PKG|tdc_tsw
14:07:38.25 (1613289016)|ENTERING_MANAGED_PKG|tdc_tsw
14:07:38.25 (1613324800)|ENTERING_MANAGED_PKG|tdc_tsw
14:07:38.25 (1613352830)|ENTERING_MANAGED_PKG|tdc_tsw
14:07:38.25 (1613437026)|ENTERING_MANAGED_PKG|tdc_tsw
14:07:38.25 (1613607767)|ENTERING_MANAGED_PKG|tdc_tsw
14:07:38.25 (1613640212)|ENTERING_MANAGED_PKG|tdc_tsw
14:07:38.25 (1613678318)|ENTERING_MANAGED_PKG|tdc_tsw
14:07:38.25 (1613713801)|ENTERING_MANAGED_PKG|tdc_tsw
14:07:38.25 (1613741560)|ENTERING_MANAGED_PKG|tdc_tsw
14:07:38.25 (1613829501)|ENTERING_MANAGED_PKG|tdc_tsw
14:07:38.25 (1613997580)|ENTERING_MANAGED_PKG|tdc_tsw
14:07:38.25 (1614029814)|ENTERING_MANAGED_PKG|tdc_tsw
14:07:38.25 (1614068281)|ENTERING_MANAGED_PKG|tdc_tsw
14:07:38.25 (1614103969)|ENTERING_MANAGED_PKG|tdc_tsw
14:07:38.25 (1614131701)|ENTERING_MANAGED_PKG|tdc_tsw
14:07:38.25 (1614213170)|ENTERING_MANAGED_PKG|tdc_tsw
14:07:38.25 (1614381129)|ENTERING_MANAGED_PKG|tdc_tsw
14:07:38.25 (1614413419)|ENTERING_MANAGED_PKG|tdc_tsw
14:07:38.25 (1614451054)|ENTERING_MANAGED_PKG|tdc_tsw
14:07:38.25 (1614486392)|ENTERING_MANAGED_PKG|tdc_tsw
14:07:38.25 (1614514206)|ENTERING_MANAGED_PKG|tdc_tsw
14:07:38.25 (1614596340)|ENTERING_MANAGED_PKG|tdc_tsw
14:07:38.25 (1614766562)|ENTERING_MANAGED_PKG|tdc_tsw
14:07:38.25 (1614804681)|ENTERING_MANAGED_PKG|tdc_tsw
14:07:38.25 (1614842813)|ENTERING_MANAGED_PKG|tdc_tsw
14:07:38.25 (1614878217)|ENTERING_MANAGED_PKG|tdc_tsw
14:07:38.25 (1614905745)|ENTERING_MANAGED_PKG|tdc_tsw
14:07:38.25 (1614988004)|ENTERING_MANAGED_PKG|tdc_tsw
14:07:38.25 (1615153947)|ENTERING_MANAGED_PKG|tdc_tsw
14:07:38.25 (1615186904)|ENTERING_MANAGED_PKG|tdc_tsw
14:07:38.25 (1615223806)|ENTERING_MANAGED_PKG|tdc_tsw
14:07:38.25 (1615258674)|ENTERING_MANAGED_PKG|tdc_tsw
14:07:38.25 (1615286192)|ENTERING_MANAGED_PKG|tdc_tsw
14:07:38.25 (1615367090)|ENTERING_MANAGED_PKG|tdc_tsw
14:07:38.25 (1615532008)|ENTERING_MANAGED_PKG|tdc_tsw
14:07:38.25 (1615563984)|ENTERING_MANAGED_PKG|tdc_tsw
14:07:38.25 (1615601582)|ENTERING_MANAGED_PKG|tdc_tsw
14:07:38.25 (1615636416)|ENTERING_MANAGED_PKG|tdc_tsw
14:07:38.25 (1615663924)|ENTERING_MANAGED_PKG|tdc_tsw
14:07:38.25 (1615744077)|ENTERING_MANAGED_PKG|tdc_tsw
14:07:38.25 (1615916369)|ENTERING_MANAGED_PKG|tdc_tsw
14:07:38.25 (1615948481)|ENTERING_MANAGED_PKG|tdc_tsw
14:07:38.25 (1615985488)|ENTERING_MANAGED_PKG|tdc_tsw
14:07:38.25 (1616020894)|ENTERING_MANAGED_PKG|tdc_tsw
14:07:38.25 (1616049266)|ENTERING_MANAGED_PKG|tdc_tsw
14:07:38.25 (1616129056)|ENTERING_MANAGED_PKG|tdc_tsw
14:07:38.25 (1616293683)|ENTERING_MANAGED_PKG|tdc_tsw
14:07:38.25 (1616325020)|ENTERING_MANAGED_PKG|tdc_tsw
14:07:38.25 (1616362523)|ENTERING_MANAGED_PKG|tdc_tsw
14:07:38.25 (1616397713)|ENTERING_MANAGED_PKG|tdc_tsw
14:07:38.25 (1616424670)|ENTERING_MANAGED_PKG|tdc_tsw
14:07:38.25 (1616505716)|ENTERING_MANAGED_PKG|tdc_tsw
14:07:38.25 (1616669449)|ENTERING_MANAGED_PKG|tdc_tsw
14:07:38.25 (1616700771)|ENTERING_MANAGED_PKG|tdc_tsw
14:07:38.25 (1616737939)|ENTERING_MANAGED_PKG|tdc_tsw
14:07:38.25 (1616774693)|ENTERING_MANAGED_PKG|tdc_tsw
14:07:38.25 (1616809550)|ENTERING_MANAGED_PKG|tdc_tsw
14:07:38.25 (1616892704)|ENTERING_MANAGED_PKG|tdc_tsw
14:07:38.25 (1617058513)|ENTERING_MANAGED_PKG|tdc_tsw
14:07:38.25 (1617091231)|ENTERING_MANAGED_PKG|tdc_tsw
14:07:38.25 (1617129122)|ENTERING_MANAGED_PKG|tdc_tsw
14:07:38.25 (1617164495)|ENTERING_MANAGED_PKG|tdc_tsw
14:07:38.25 (1617191831)|ENTERING_MANAGED_PKG|tdc_tsw
14:07:38.25 (1617272259)|ENTERING_MANAGED_PKG|tdc_tsw
14:07:38.25 (1617436895)|ENTERING_MANAGED_PKG|tdc_tsw
14:07:38.25 (1617468480)|ENTERING_MANAGED_PKG|tdc_tsw
14:07:38.25 (1617505456)|ENTERING_MANAGED_PKG|tdc_tsw
14:07:38.25 (1617540749)|ENTERING_MANAGED_PKG|tdc_tsw
14:07:38.25 (1617568260)|ENTERING_MANAGED_PKG|tdc_tsw
14:07:38.25 (1617648658)|ENTERING_MANAGED_PKG|tdc_tsw
14:07:38.25 (1617819546)|ENTERING_MANAGED_PKG|tdc_tsw
14:07:38.25 (1617851049)|ENTERING_MANAGED_PKG|tdc_tsw
14:07:38.25 (1617889009)|ENTERING_MANAGED_PKG|tdc_tsw
14:07:38.25 (1617923821)|ENTERING_MANAGED_PKG|tdc_tsw
14:07:38.25 (1617951085)|ENTERING_MANAGED_PKG|tdc_tsw
14:07:38.25 (1618030753)|ENTERING_MANAGED_PKG|tdc_tsw
14:07:38.25 (1618195736)|ENTERING_MANAGED_PKG|tdc_tsw
14:07:38.25 (1618227360)|ENTERING_MANAGED_PKG|tdc_tsw
14:07:38.25 (1618264952)|ENTERING_MANAGED_PKG|tdc_tsw
14:07:38.25 (1618300999)|ENTERING_MANAGED_PKG|tdc_tsw
14:07:38.25 (1618328488)|ENTERING_MANAGED_PKG|tdc_tsw
14:07:38.25 (1618407637)|ENTERING_MANAGED_PKG|tdc_tsw
14:07:38.25 (1618572704)|ENTERING_MANAGED_PKG|tdc_tsw
14:07:38.25 (1618604326)|ENTERING_MANAGED_PKG|tdc_tsw
14:07:38.25 (1618641371)|ENTERING_MANAGED_PKG|tdc_tsw
14:07:38.25 (1618676733)|ENTERING_MANAGED_PKG|tdc_tsw
14:07:38.25 (1618703737)|ENTERING_MANAGED_PKG|tdc_tsw
14:07:38.25 (1618787685)|ENTERING_MANAGED_PKG|tdc_tsw
14:07:38.25 (1618953849)|ENTERING_MANAGED_PKG|tdc_tsw
14:07:38.25 (1618985595)|ENTERING_MANAGED_PKG|tdc_tsw
14:07:38.25 (1619022934)|ENTERING_MANAGED_PKG|tdc_tsw
14:07:38.25 (1619059531)|ENTERING_MANAGED_PKG|tdc_tsw
14:07:38.25 (1619087244)|ENTERING_MANAGED_PKG|tdc_tsw
14:07:38.25 (1619167372)|ENTERING_MANAGED_PKG|tdc_tsw
14:07:38.25 (1619331342)|ENTERING_MANAGED_PKG|tdc_tsw
14:07:38.25 (1619362640)|ENTERING_MANAGED_PKG|tdc_tsw
14:07:38.25 (1619399808)|ENTERING_MANAGED_PKG|tdc_tsw
14:07:38.25 (1619435119)|ENTERING_MANAGED_PKG|tdc_tsw
14:07:38.25 (1619463055)|ENTERING_MANAGED_PKG|tdc_tsw
14:07:38.25 (1619544582)|ENTERING_MANAGED_PKG|tdc_tsw
14:07:38.25 (1619710539)|ENTERING_MANAGED_PKG|tdc_tsw
14:07:38.25 (1619742994)|ENTERING_MANAGED_PKG|tdc_tsw
14:07:38.25 (1619780973)|ENTERING_MANAGED_PKG|tdc_tsw
14:07:38.25 (1619823946)|ENTERING_MANAGED_PKG|tdc_tsw
14:07:38.25 (1619851850)|ENTERING_MANAGED_PKG|tdc_tsw
14:07:38.25 (1619932367)|ENTERING_MANAGED_PKG|tdc_tsw
14:07:38.25 (1620097154)|ENTERING_MANAGED_PKG|tdc_tsw
14:07:38.25 (1620129315)|ENTERING_MANAGED_PKG|tdc_tsw
14:07:38.25 (1620166800)|ENTERING_MANAGED_PKG|tdc_tsw
14:07:38.25 (1620201916)|ENTERING_MANAGED_PKG|tdc_tsw
14:07:38.25 (1620229506)|ENTERING_MANAGED_PKG|tdc_tsw
14:07:38.25 (1620308496)|ENTERING_MANAGED_PKG|tdc_tsw
14:07:38.25 (1620472805)|ENTERING_MANAGED_PKG|tdc_tsw
14:07:38.25 (1620504409)|ENTERING_MANAGED_PKG|tdc_tsw
14:07:38.25 (1620541722)|ENTERING_MANAGED_PKG|tdc_tsw
14:07:38.25 (1620577113)|ENTERING_MANAGED_PKG|tdc_tsw
14:07:38.25 (1620605039)|ENTERING_MANAGED_PKG|tdc_tsw
14:07:38.25 (1620685892)|ENTERING_MANAGED_PKG|tdc_tsw
14:07:38.25 (1620857332)|ENTERING_MANAGED_PKG|tdc_tsw
14:07:38.25 (1620888748)|ENTERING_MANAGED_PKG|tdc_tsw
14:07:38.25 (1620925598)|ENTERING_MANAGED_PKG|tdc_tsw
14:07:38.25 (1620961023)|ENTERING_MANAGED_PKG|tdc_tsw
14:07:38.25 (1620988407)|ENTERING_MANAGED_PKG|tdc_tsw
14:07:38.25 (1621068408)|ENTERING_MANAGED_PKG|tdc_tsw
14:07:38.25 (1621233198)|ENTERING_MANAGED_PKG|tdc_tsw
14:07:38.25 (1621264662)|ENTERING_MANAGED_PKG|tdc_tsw
14:07:38.25 (1621301789)|ENTERING_MANAGED_PKG|tdc_tsw
14:07:38.25 (1621337113)|ENTERING_MANAGED_PKG|tdc_tsw
14:07:38.25 (1621364673)|ENTERING_MANAGED_PKG|tdc_tsw
14:07:38.25 (1621445192)|ENTERING_MANAGED_PKG|tdc_tsw
14:07:38.25 (1621610062)|ENTERING_MANAGED_PKG|tdc_tsw
14:07:38.25 (1621641501)|ENTERING_MANAGED_PKG|tdc_tsw
14:07:38.25 (1621678201)|ENTERING_MANAGED_PKG|tdc_tsw
14:07:38.25 (1621713331)|ENTERING_MANAGED_PKG|tdc_tsw
14:07:38.25 (1621740419)|ENTERING_MANAGED_PKG|tdc_tsw
14:07:38.25 (1621826902)|ENTERING_MANAGED_PKG|tdc_tsw
14:07:38.25 (1621991092)|ENTERING_MANAGED_PKG|tdc_tsw
14:07:38.25 (1622022727)|ENTERING_MANAGED_PKG|tdc_tsw
14:07:38.25 (1622060720)|ENTERING_MANAGED_PKG|tdc_tsw
14:07:38.25 (1622096296)|ENTERING_MANAGED_PKG|tdc_tsw
14:07:38.25 (1622123844)|ENTERING_MANAGED_PKG|tdc_tsw
14:07:38.25 (1622206686)|ENTERING_MANAGED_PKG|tdc_tsw
14:07:38.25 (1622476984)|ENTERING_MANAGED_PKG|tdc_tsw
14:07:38.25 (1622513749)|ENTERING_MANAGED_PKG|tdc_tsw
14:07:38.25 (1622554521)|ENTERING_MANAGED_PKG|tdc_tsw
14:07:38.25 (1622590268)|ENTERING_MANAGED_PKG|tdc_tsw
14:07:38.25 (1622617818)|ENTERING_MANAGED_PKG|tdc_tsw
14:07:38.25 (1622700184)|ENTERING_MANAGED_PKG|tdc_tsw
14:07:38.25 (1622878933)|ENTERING_MANAGED_PKG|tdc_tsw
14:07:38.25 (1622910413)|ENTERING_MANAGED_PKG|tdc_tsw
14:07:38.25 (1622947833)|ENTERING_MANAGED_PKG|tdc_tsw
14:07:38.25 (1622983073)|ENTERING_MANAGED_PKG|tdc_tsw
14:07:38.25 (1623010961)|ENTERING_MANAGED_PKG|tdc_tsw
14:07:38.25 (1623092225)|ENTERING_MANAGED_PKG|tdc_tsw
14:07:38.25 (1623256408)|ENTERING_MANAGED_PKG|tdc_tsw
14:07:38.25 (1623288363)|ENTERING_MANAGED_PKG|tdc_tsw
14:07:38.25 (1623326258)|ENTERING_MANAGED_PKG|tdc_tsw
14:07:38.25 (1623361135)|ENTERING_MANAGED_PKG|tdc_tsw
14:07:38.25 (1623388246)|ENTERING_MANAGED_PKG|tdc_tsw
14:07:38.25 (1623468476)|ENTERING_MANAGED_PKG|tdc_tsw
14:07:38.25 (1623631802)|ENTERING_MANAGED_PKG|tdc_tsw
14:07:38.25 (1623662954)|ENTERING_MANAGED_PKG|tdc_tsw
14:07:38.25 (1623700033)|ENTERING_MANAGED_PKG|tdc_tsw
14:07:38.25 (1623734820)|ENTERING_MANAGED_PKG|tdc_tsw
14:07:38.25 (1623762035)|ENTERING_MANAGED_PKG|tdc_tsw
14:07:38.25 (1623850143)|ENTERING_MANAGED_PKG|tdc_tsw
14:07:38.25 (1624014720)|ENTERING_MANAGED_PKG|tdc_tsw
14:07:38.25 (1624047223)|ENTERING_MANAGED_PKG|tdc_tsw
14:07:38.25 (1624084655)|ENTERING_MANAGED_PKG|tdc_tsw
14:07:38.25 (1624120427)|ENTERING_MANAGED_PKG|tdc_tsw
14:07:38.25 (1624147859)|ENTERING_MANAGED_PKG|tdc_tsw
14:07:38.25 (1624228218)|ENTERING_MANAGED_PKG|tdc_tsw
14:07:38.25 (1624391842)|ENTERING_MANAGED_PKG|tdc_tsw
14:07:38.25 (1624423503)|ENTERING_MANAGED_PKG|tdc_tsw
14:07:38.25 (1624461146)|ENTERING_MANAGED_PKG|tdc_tsw
14:07:38.25 (1624496608)|ENTERING_MANAGED_PKG|tdc_tsw
14:07:38.25 (1624524058)|ENTERING_MANAGED_PKG|tdc_tsw
14:07:38.25 (1624604278)|ENTERING_MANAGED_PKG|tdc_tsw
14:07:38.25 (1624768601)|ENTERING_MANAGED_PKG|tdc_tsw
14:07:38.25 (1624806035)|ENTERING_MANAGED_PKG|tdc_tsw
14:07:38.25 (1624844061)|ENTERING_MANAGED_PKG|tdc_tsw
14:07:38.25 (1624879228)|ENTERING_MANAGED_PKG|tdc_tsw
14:07:38.25 (1624906563)|ENTERING_MANAGED_PKG|tdc_tsw
14:07:38.25 (1624986923)|ENTERING_MANAGED_PKG|tdc_tsw
14:07:38.25 (1625150335)|ENTERING_MANAGED_PKG|tdc_tsw
14:07:38.25 (1625182657)|ENTERING_MANAGED_PKG|tdc_tsw
14:07:38.25 (1625220970)|ENTERING_MANAGED_PKG|tdc_tsw
14:07:38.25 (1625256419)|ENTERING_MANAGED_PKG|tdc_tsw
14:07:38.25 (1625283682)|ENTERING_MANAGED_PKG|tdc_tsw
14:07:38.25 (1625364421)|ENTERING_MANAGED_PKG|tdc_tsw
14:07:38.25 (1625530054)|ENTERING_MANAGED_PKG|tdc_tsw
14:07:38.25 (1625561771)|ENTERING_MANAGED_PKG|tdc_tsw
14:07:38.25 (1625598808)|ENTERING_MANAGED_PKG|tdc_tsw
14:07:38.25 (1625634394)|ENTERING_MANAGED_PKG|tdc_tsw
14:07:38.25 (1625662531)|ENTERING_MANAGED_PKG|tdc_tsw
14:07:38.25 (1625743500)|ENTERING_MANAGED_PKG|tdc_tsw
14:07:38.25 (1625915212)|ENTERING_MANAGED_PKG|tdc_tsw
14:07:38.25 (1625946607)|ENTERING_MANAGED_PKG|tdc_tsw
14:07:38.25 (1625983432)|ENTERING_MANAGED_PKG|tdc_tsw
14:07:38.25 (1626018295)|ENTERING_MANAGED_PKG|tdc_tsw
14:07:38.25 (1626046876)|ENTERING_MANAGED_PKG|tdc_tsw
14:07:38.25 (1626127926)|ENTERING_MANAGED_PKG|tdc_tsw
14:07:38.25 (1626291933)|ENTERING_MANAGED_PKG|tdc_tsw
14:07:38.25 (1626323169)|ENTERING_MANAGED_PKG|tdc_tsw
14:07:38.25 (1626360344)|ENTERING_MANAGED_PKG|tdc_tsw
14:07:38.25 (1626395270)|ENTERING_MANAGED_PKG|tdc_tsw
14:07:38.25 (1626422764)|ENTERING_MANAGED_PKG|tdc_tsw
14:07:38.25 (1626503169)|ENTERING_MANAGED_PKG|tdc_tsw
14:07:38.25 (1626667049)|ENTERING_MANAGED_PKG|tdc_tsw
14:07:38.25 (1626698549)|ENTERING_MANAGED_PKG|tdc_tsw
14:07:38.25 (1626735923)|ENTERING_MANAGED_PKG|tdc_tsw
14:07:38.25 (1626770939)|ENTERING_MANAGED_PKG|tdc_tsw
14:07:38.25 (1626805094)|ENTERING_MANAGED_PKG|tdc_tsw
14:07:38.25 (1626887654)|ENTERING_MANAGED_PKG|tdc_tsw
14:07:38.25 (1627051885)|ENTERING_MANAGED_PKG|tdc_tsw
14:07:38.25 (1627084453)|ENTERING_MANAGED_PKG|tdc_tsw
14:07:38.25 (1627121496)|ENTERING_MANAGED_PKG|tdc_tsw
14:07:38.25 (1627156669)|ENTERING_MANAGED_PKG|tdc_tsw
14:07:38.25 (1627184111)|ENTERING_MANAGED_PKG|tdc_tsw
14:07:38.25 (1627265282)|ENTERING_MANAGED_PKG|tdc_tsw
14:07:38.25 (1627428947)|ENTERING_MANAGED_PKG|tdc_tsw
14:07:38.25 (1627460386)|ENTERING_MANAGED_PKG|tdc_tsw
14:07:38.25 (1627497595)|ENTERING_MANAGED_PKG|tdc_tsw
14:07:38.25 (1627532314)|ENTERING_MANAGED_PKG|tdc_tsw
14:07:38.25 (1627559710)|ENTERING_MANAGED_PKG|tdc_tsw
14:07:38.25 (1627639903)|ENTERING_MANAGED_PKG|tdc_tsw
14:07:38.25 (1627810221)|ENTERING_MANAGED_PKG|tdc_tsw
14:07:38.25 (1627841725)|ENTERING_MANAGED_PKG|tdc_tsw
14:07:38.25 (1627878794)|ENTERING_MANAGED_PKG|tdc_tsw
14:07:38.25 (1627913789)|ENTERING_MANAGED_PKG|tdc_tsw
14:07:38.25 (1627941584)|ENTERING_MANAGED_PKG|tdc_tsw
14:07:38.25 (1628022498)|ENTERING_MANAGED_PKG|tdc_tsw
14:07:38.25 (1628189413)|ENTERING_MANAGED_PKG|tdc_tsw
14:07:38.25 (1628221016)|ENTERING_MANAGED_PKG|tdc_tsw
14:07:38.25 (1628258535)|ENTERING_MANAGED_PKG|tdc_tsw
14:07:38.25 (1628294145)|ENTERING_MANAGED_PKG|tdc_tsw
14:07:38.25 (1628321492)|ENTERING_MANAGED_PKG|tdc_tsw
14:07:38.25 (1628402712)|ENTERING_MANAGED_PKG|tdc_tsw
14:07:38.25 (1628568225)|ENTERING_MANAGED_PKG|tdc_tsw
14:07:38.25 (1628599643)|ENTERING_MANAGED_PKG|tdc_tsw
14:07:38.25 (1628636642)|ENTERING_MANAGED_PKG|tdc_tsw
14:07:38.25 (1628671939)|ENTERING_MANAGED_PKG|tdc_tsw
14:07:38.25 (1628699780)|ENTERING_MANAGED_PKG|tdc_tsw
14:07:38.25 (1628779649)|ENTERING_MANAGED_PKG|tdc_tsw
14:07:38.25 (1628951111)|ENTERING_MANAGED_PKG|tdc_tsw
14:07:38.25 (1628982642)|ENTERING_MANAGED_PKG|tdc_tsw
14:07:38.25 (1629020254)|ENTERING_MANAGED_PKG|tdc_tsw
14:07:38.25 (1629056574)|ENTERING_MANAGED_PKG|tdc_tsw
14:07:38.25 (1629084398)|ENTERING_MANAGED_PKG|tdc_tsw
14:07:38.25 (1629165227)|ENTERING_MANAGED_PKG|tdc_tsw
14:07:38.25 (1629331626)|ENTERING_MANAGED_PKG|tdc_tsw
14:07:38.25 (1629362980)|ENTERING_MANAGED_PKG|tdc_tsw
14:07:38.25 (1629400217)|ENTERING_MANAGED_PKG|tdc_tsw
14:07:38.25 (1629435662)|ENTERING_MANAGED_PKG|tdc_tsw
14:07:38.25 (1629463150)|ENTERING_MANAGED_PKG|tdc_tsw
14:07:38.25 (1629543838)|ENTERING_MANAGED_PKG|tdc_tsw
14:07:38.25 (1629709739)|ENTERING_MANAGED_PKG|tdc_tsw
14:07:38.25 (1629741214)|ENTERING_MANAGED_PKG|tdc_tsw
14:07:38.25 (1629778320)|ENTERING_MANAGED_PKG|tdc_tsw
14:07:38.25 (1629820394)|ENTERING_MANAGED_PKG|tdc_tsw
14:07:38.25 (1629848810)|ENTERING_MANAGED_PKG|tdc_tsw
14:07:38.25 (1629929362)|ENTERING_MANAGED_PKG|tdc_tsw
14:07:38.25 (1630093340)|ENTERING_MANAGED_PKG|tdc_tsw
14:07:38.25 (1630125611)|ENTERING_MANAGED_PKG|tdc_tsw
14:07:38.25 (1630162707)|ENTERING_MANAGED_PKG|tdc_tsw
14:07:38.25 (1630198206)|ENTERING_MANAGED_PKG|tdc_tsw
14:07:38.25 (1630225538)|ENTERING_MANAGED_PKG|tdc_tsw
14:07:38.25 (1630306415)|ENTERING_MANAGED_PKG|tdc_tsw
14:07:38.25 (1630470909)|ENTERING_MANAGED_PKG|tdc_tsw
14:07:38.25 (1630502562)|ENTERING_MANAGED_PKG|tdc_tsw
14:07:38.25 (1630539616)|ENTERING_MANAGED_PKG|tdc_tsw
14:07:38.25 (1630575039)|ENTERING_MANAGED_PKG|tdc_tsw
14:07:38.25 (1630602087)|ENTERING_MANAGED_PKG|tdc_tsw
14:07:38.25 (1630683291)|ENTERING_MANAGED_PKG|tdc_tsw
14:07:38.25 (1630854067)|ENTERING_MANAGED_PKG|tdc_tsw
14:07:38.25 (1630885740)|ENTERING_MANAGED_PKG|tdc_tsw
14:07:38.25 (1630923056)|ENTERING_MANAGED_PKG|tdc_tsw
14:07:38.25 (1630958846)|ENTERING_MANAGED_PKG|tdc_tsw
14:07:38.25 (1630986842)|ENTERING_MANAGED_PKG|tdc_tsw
14:07:38.25 (1631069304)|ENTERING_MANAGED_PKG|tdc_tsw
14:07:38.25 (1631235615)|ENTERING_MANAGED_PKG|tdc_tsw
14:07:38.25 (1631267166)|ENTERING_MANAGED_PKG|tdc_tsw
14:07:38.25 (1631304640)|ENTERING_MANAGED_PKG|tdc_tsw
14:07:38.25 (1631339510)|ENTERING_MANAGED_PKG|tdc_tsw
14:07:38.25 (1631366634)|ENTERING_MANAGED_PKG|tdc_tsw
14:07:38.25 (1631447398)|ENTERING_MANAGED_PKG|tdc_tsw
14:07:38.25 (1631611665)|ENTERING_MANAGED_PKG|tdc_tsw
14:07:38.25 (1631643533)|ENTERING_MANAGED_PKG|tdc_tsw
14:07:38.25 (1631680638)|ENTERING_MANAGED_PKG|tdc_tsw
14:07:38.25 (1631715924)|ENTERING_MANAGED_PKG|tdc_tsw
14:07:38.25 (1631743485)|ENTERING_MANAGED_PKG|tdc_tsw
14:07:38.25 (1631828834)|ENTERING_MANAGED_PKG|tdc_tsw
14:07:38.25 (1635937088)|ENTERING_MANAGED_PKG|tdc_tsw
14:07:38.25 (1636019153)|ENTERING_MANAGED_PKG|tdc_tsw
14:07:38.25 (1636109192)|ENTERING_MANAGED_PKG|tdc_tsw
14:07:38.25 (1636168645)|ENTERING_MANAGED_PKG|tdc_tsw
14:07:38.25 (1636287362)|ENTERING_MANAGED_PKG|tdc_tsw
14:07:38.25 (1636348650)|ENTERING_MANAGED_PKG|tdc_tsw
14:07:38.25 (1636501313)|ENTERING_MANAGED_PKG|tdc_tsw
14:07:38.25 (1636556642)|ENTERING_MANAGED_PKG|tdc_tsw
14:07:38.25 (1636748577)|ENTERING_MANAGED_PKG|tdc_tsw
14:07:38.25 (1691350554)|SOQL_EXECUTE_BEGIN|[1842]|Aggregations:0|SELECT Id, name FROM RecordType WHERE (sObjectType = :tmpVar1 AND name = :tmpVar2) LIMIT 1
14:07:38.25 (1701851481)|SOQL_EXECUTE_END|[1842]|Rows:1
14:07:38.25 (1706743958)|ENTERING_MANAGED_PKG|tdc_tsw
14:07:38.25 (1713778392)|DML_BEGIN|[719]|Op:Insert|Type:tdc_tsw__Message__c|Rows:1
14:07:38.25 (1722898274)|ENTERING_MANAGED_PKG|tdc_tsw
14:07:38.724 (1724646878)|CUMULATIVE_LIMIT_USAGE
14:07:38.724 (1724646878)|LIMIT_USAGE_FOR_NS|(default)|
  Number of SOQL queries: 0 out of 200
  Number of query rows: 0 out of 50000
  Number of SOSL queries: 0 out of 20
  Number of DML statements: 0 out of 150
  Number of DML rows: 0 out of 10000
  Maximum CPU time: 659 out of 60000
  Maximum heap size: 0 out of 12000000
  Number of callouts: 0 out of 100
  Number of Email Invocations: 0 out of 10
  Number of future calls: 0 out of 50
  Number of queueable jobs added to the queue: 0 out of 1
  Number of Mobile Apex push calls: 0 out of 10

14:07:38.724 (1724646878)|LIMIT_USAGE_FOR_NS|tdc_tsw|
  Number of SOQL queries: 1 out of 200
  Number of query rows: 1 out of 50000
  Number of SOSL queries: 0 out of 20
  Number of DML statements: 1 out of 150
  Number of DML rows: 1 out of 10000
  Maximum CPU time: 0 out of 60000
  Maximum heap size: 0 out of 12000000
  Number of callouts: 2 out of 100
  Number of Email Invocations: 0 out of 10
  Number of future calls: 0 out of 50
  Number of queueable jobs added to the queue: 0 out of 1
  Number of Mobile Apex push calls: 0 out of 10

14:07:38.724 (1724646878)|CUMULATIVE_LIMIT_USAGE_END

14:07:38.728 (1728880539)|CODE_UNIT_STARTED|[EXTERNAL]|01q3B000000BSJB|IncomingSMS on Message trigger event BeforeInsert|__sfdc_trigger/IncomingSMS
14:07:38.728 (1728930776)|HEAP_ALLOCATE|[EXTERNAL]|Bytes:8
14:07:38.728 (1728977285)|HEAP_ALLOCATE|[EXTERNAL]|Bytes:1
14:07:38.728 (1728997387)|HEAP_ALLOCATE|[EXTERNAL]|Bytes:4
14:07:38.728 (1729008313)|VARIABLE_SCOPE_BEGIN|[1]|this|IncomingSMS|true|false
14:07:38.728 (1729100499)|VARIABLE_ASSIGNMENT|[1]|this|{}|0x3f7b2919
14:07:38.728 (1729144481)|HEAP_ALLOCATE|[EXTERNAL]|Bytes:4
14:07:38.728 (1729161010)|VARIABLE_SCOPE_BEGIN|[1]|this|IncomingSMS|true|false
14:07:38.728 (1729183468)|VARIABLE_ASSIGNMENT|[1]|this|{}|0x3f7b2919
14:07:38.728 (1729195937)|STATEMENT_EXECUTE|[1]
14:07:38.728 (1729223004)|STATEMENT_EXECUTE|[2]
14:07:38.728 (1729411113)|HEAP_ALLOCATE|[3]|Bytes:5
14:07:38.728 (1729497745)|HEAP_ALLOCATE|[3]|Bytes:4
14:07:38.728 (1729520134)|VARIABLE_SCOPE_BEGIN|[3]|sms|tdc_tsw__Message__c|true|false
14:07:38.728 (1737365924)|VARIABLE_ASSIGNMENT|[3]|sms|{"tdc_tsw__ToNumber__c":"+13038816946","tdc_tsw__Sender_Number__c":"17065037067","tdc_tsw__Read__c":false,"tdc_tsw__Message_Segment__c":4,"tdc_tsw__Read_Status__c":"Unread","tdc_tsw__Task_Created__c":false,"Name":"Outgoing","tdc_tsw__Event_Created__c":false,"tdc_tsw__Message_Text_New__c":"Contact\nName: Chanid (488 more) ...","tdc_tsw__MessageId__c":"SM10be00a046294b2b94 (14 more) ...","tdc_tsw__Is_Keyword_Based__c":false,"OwnerId":"0051H000009gxp8QAA","tdc_tsw__Related_Object_Id_URL__c":"_HL_ENCODED_https:// (97 more) ...","RecordTypeId":"0121H000001Ie7gQAC","tdc_tsw__Delivered_SMS__c":"_IM1_/resource/tdc_t (27 more) ...","tdc_tsw__Important__c":false,"tdc_tsw__Delivered__c":false,"tdc_tsw__Related_Object__c":"tdc_tsw__Message__c","IsDeleted":false,"tdc_tsw__Incoming_Status__c":"Not Read","tdc_tsw__isCaseCreated__c":false,"tdc_tsw__Message__c":"a173B000000sgkAQAQ","tdc_tsw__Related_Object_Id__c":"a173B000000sgkAQAQ","tdc_tsw__isLeadCreated__c":false,"tdc_tsw__SMS_Template__c":"a153B000000pR4yQAE","tdc_tsw__Template_Parse_Id__c":"a173B000000sgkAQAQ","tdc_tsw__Delivery_Status__c":"Sent"}|0x41ef6c4
14:07:38.728 (1737403232)|STATEMENT_EXECUTE|[3]
14:07:38.728 (1737451388)|HEAP_ALLOCATE|[4]|Bytes:8
14:07:38.728 (1737480174)|STATEMENT_EXECUTE|[4]
14:07:38.728 (1737500474)|HEAP_ALLOCATE|[3]|Bytes:5
14:07:38.728 (1737526293)|VARIABLE_ASSIGNMENT|[3]|sms|null|
14:07:38.737 (1737540203)|CUMULATIVE_LIMIT_USAGE
14:07:38.737 (1737540203)|LIMIT_USAGE_FOR_NS|(default)|
  Number of SOQL queries: 0 out of 200
  Number of query rows: 0 out of 50000
  Number of SOSL queries: 0 out of 20
  Number of DML statements: 0 out of 150
  Number of DML rows: 0 out of 10000
  Maximum CPU time: 659 out of 60000
  Maximum heap size: 0 out of 12000000
  Number of callouts: 0 out of 100
  Number of Email Invocations: 0 out of 10
  Number of future calls: 0 out of 50
  Number of queueable jobs added to the queue: 0 out of 1
  Number of Mobile Apex push calls: 0 out of 10

14:07:38.737 (1737540203)|LIMIT_USAGE_FOR_NS|tdc_tsw|
  Number of SOQL queries: 1 out of 200
  Number of query rows: 1 out of 50000
  Number of SOSL queries: 0 out of 20
  Number of DML statements: 1 out of 150
  Number of DML rows: 1 out of 10000
  Maximum CPU time: 0 out of 60000
  Maximum heap size: 0 out of 12000000
  Number of callouts: 2 out of 100
  Number of Email Invocations: 0 out of 10
  Number of future calls: 0 out of 50
  Number of queueable jobs added to the queue: 0 out of 1
  Number of Mobile Apex push calls: 0 out of 10

14:07:38.737 (1737540203)|CUMULATIVE_LIMIT_USAGE_END

14:07:38.25 (1857230898)|ENTERING_MANAGED_PKG|tdc_tsw
14:07:38.25 (1858516666)|ENTERING_MANAGED_PKG|tdc_tsw
14:07:38.25 (1859055467)|ENTERING_MANAGED_PKG|tdc_tsw
14:07:38.25 (1859249236)|ENTERING_MANAGED_PKG|tdc_tsw
14:07:38.25 (1865525572)|SOQL_EXECUTE_BEGIN|[15]|Aggregations:0|SELECT Id, Email FROM User WHERE isActive = TRUE LIMIT 10000
14:07:38.25 (1876011065)|SOQL_EXECUTE_END|[15]|Rows:9
14:07:38.25 (1878975854)|ENTERING_MANAGED_PKG|tdc_tsw
14:07:38.25 (1882955548)|SOQL_EXECUTE_BEGIN|[434]|Aggregations:0|SELECT id, name, First_Question__c, Question_Text__c, Question__c, Question_Label__c, Object__c, tdc_tsw__Survey__c, Survey__r.name FROM Question__c WHERE id = :tmpVar1
14:07:38.25 (1887339568)|SOQL_EXECUTE_END|[434]|Rows:0
14:07:38.25 (1887938485)|ENTERING_MANAGED_PKG|tdc_tsw
14:07:38.25 (1889306988)|SOQL_EXECUTE_BEGIN|[628]|Aggregations:0|Select id, leadId, contactId from CampaignMember where Id In : Ids
14:07:38.25 (1891670682)|SOQL_EXECUTE_END|[628]|Rows:0
14:07:38.892 (1892234715)|CUMULATIVE_LIMIT_USAGE
14:07:38.892 (1892234715)|LIMIT_USAGE_FOR_NS|(default)|
  Number of SOQL queries: 0 out of 200
  Number of query rows: 0 out of 50000
  Number of SOSL queries: 0 out of 20
  Number of DML statements: 0 out of 150
  Number of DML rows: 0 out of 10000
  Maximum CPU time: 792 out of 60000
  Maximum heap size: 0 out of 12000000
  Number of callouts: 0 out of 100
  Number of Email Invocations: 0 out of 10
  Number of future calls: 0 out of 50
  Number of queueable jobs added to the queue: 0 out of 1
  Number of Mobile Apex push calls: 0 out of 10

14:07:38.892 (1892234715)|LIMIT_USAGE_FOR_NS|tdc_tsw|
  Number of SOQL queries: 4 out of 200
  Number of query rows: 10 out of 50000
  Number of SOSL queries: 0 out of 20
  Number of DML statements: 1 out of 150
  Number of DML rows: 1 out of 10000
  Maximum CPU time: 0 out of 60000
  Maximum heap size: 0 out of 12000000
  Number of callouts: 2 out of 100
  Number of Email Invocations: 0 out of 10
  Number of future calls: 0 out of 50
  Number of queueable jobs added to the queue: 0 out of 1
  Number of Mobile Apex push calls: 0 out of 10

14:07:38.892 (1892234715)|CUMULATIVE_LIMIT_USAGE_END

14:07:38.25 (1923703155)|DML_END|[719]
14:07:38.25 (1923913743)|ENTERING_MANAGED_PKG|tdc_tsw
14:07:38.25 (1926296677)|DML_BEGIN|[1467]|Op:Update|Type:tdc_tsw__OrgSMSConfig__c|Rows:1
14:07:38.25 (1966097617)|DML_END|[1467]
