44.0 APEX_CODE,FINEST;APEX_PROFILING,INFO;CALLOUT,INFO;DB,INFO;NBA,INFO;SYSTEM,DEBUG;VALIDATION,INFO;VISUALFORCE,INFO;WAVE,INFO;WORKFLOW,INFO
21:18:49.0 (134291)|USER_INFO|[EXTERNAL]|0051H000009gxp8|chanida.dev2@solvedbysoftwareco.com|Eastern Standard Time|GMT-05:00
21:18:49.0 (1757192)|ENTERING_MANAGED_PKG|tdc_tsw
21:18:49.0 (2229115)|ENTERING_MANAGED_PKG|tdc_tsw
21:18:49.0 (6071033)|SOQL_EXECUTE_BEGIN|[16]|Aggregations:0|SELECT id, name, Disable_Incoming_SMS_Sharing__c FROM User WHERE id = :tmpVar1
21:18:49.0 (14022147)|SOQL_EXECUTE_END|[16]|Rows:1
21:18:49.0 (20340602)|SOQL_EXECUTE_BEGIN|[37]|Aggregations:0|SELECT CreatedDate,Created_Date__c,Id,LastModifiedDate,MessageId__c,Message_Text_New__c,Name,OwnerId,Read__c,Related_Object_Id__c,Related_Object__c,Sender_Number__c, Sender_Name__c,ToNumber__c,Attachments_Ids__c FROM Message__c WHERE Name = 'Incoming' AND Read__c = false ORDER BY CreatedDate Desc limit 100
21:18:49.0 (31270899)|SOQL_EXECUTE_END|[37]|Rows:16
21:18:49.0 (34952396)|ENTERING_MANAGED_PKG|tdc_tsw
21:18:49.0 (36725715)|ENTERING_MANAGED_PKG|tdc_tsw
21:18:49.0 (37171996)|ENTERING_MANAGED_PKG|tdc_tsw
21:18:49.0 (37890934)|ENTERING_MANAGED_PKG|tdc_tsw
21:18:49.0 (40583460)|ENTERING_MANAGED_PKG|tdc_tsw
21:18:49.0 (41365352)|ENTERING_MANAGED_PKG|tdc_tsw
21:18:49.0 (41619414)|ENTERING_MANAGED_PKG|tdc_tsw
21:18:49.0 (42036870)|ENTERING_MANAGED_PKG|tdc_tsw
21:18:49.0 (43137438)|ENTERING_MANAGED_PKG|tdc_tsw
21:18:49.0 (43896865)|ENTERING_MANAGED_PKG|tdc_tsw
21:18:49.0 (44124314)|ENTERING_MANAGED_PKG|tdc_tsw
21:18:49.0 (44518283)|ENTERING_MANAGED_PKG|tdc_tsw
21:18:49.0 (45735338)|ENTERING_MANAGED_PKG|tdc_tsw
21:18:49.0 (46403959)|ENTERING_MANAGED_PKG|tdc_tsw
21:18:49.0 (46478740)|ENTERING_MANAGED_PKG|tdc_tsw
21:18:49.0 (47014516)|SOQL_EXECUTE_BEGIN|[200]|Aggregations:0|SELECT Name, NamespacePrefix, SystemModStamp FROM StaticResource WHERE Name LIKE :tmpVar1 LIMIT 10
21:18:49.0 (49928680)|SOQL_EXECUTE_END|[200]|Rows:1
21:18:49.0 (50806524)|ENTERING_MANAGED_PKG|tdc_tsw
21:18:49.0 (51446411)|SOQL_EXECUTE_BEGIN|[200]|Aggregations:0|SELECT Name, NamespacePrefix, SystemModStamp FROM StaticResource WHERE Name LIKE :tmpVar1 LIMIT 10
21:18:49.0 (53992332)|SOQL_EXECUTE_END|[200]|Rows:1
21:18:49.0 (54377293)|ENTERING_MANAGED_PKG|tdc_tsw
21:18:49.0 (58506437)|ENTERING_MANAGED_PKG|tdc_tsw
21:18:49.0 (60314752)|ENTERING_MANAGED_PKG|tdc_tsw
21:18:49.0 (60622381)|ENTERING_MANAGED_PKG|tdc_tsw
21:18:49.0 (61514704)|ENTERING_MANAGED_PKG|tdc_tsw
21:18:49.0 (62075685)|SOQL_EXECUTE_BEGIN|[200]|Aggregations:0|SELECT Name, NamespacePrefix, SystemModStamp FROM StaticResource WHERE Name LIKE :tmpVar1 LIMIT 10
21:18:49.0 (64796017)|SOQL_EXECUTE_END|[200]|Rows:1
21:18:49.69 (69878258)|USER_INFO|[EXTERNAL]|0051H000009gxp8|chanida.dev2@solvedbysoftwareco.com|Eastern Standard Time|GMT-05:00
21:18:49.69 (71203735)|ENTERING_MANAGED_PKG|tdc_tsw
21:18:49.69 (71376329)|ENTERING_MANAGED_PKG|tdc_tsw
21:18:49.69 (73788135)|SOQL_EXECUTE_BEGIN|[355]|Aggregations:0|SELECT id, name, Disable_Incoming_SMS_Sharing__c FROM User WHERE id = :tmpVar1
21:18:49.69 (80216540)|SOQL_EXECUTE_END|[355]|Rows:1
21:18:49.69 (81191356)|SOQL_EXECUTE_BEGIN|[367]|Aggregations:0|SELECT CreatedDate,Id,LastModifiedDate,Related_Object_Id__c FROM Message__c WHERE Name = 'Incoming' AND Read__c = false ORDER BY CreatedDate Desc limit 100
21:18:49.69 (87223895)|SOQL_EXECUTE_END|[367]|Rows:16
