44.0 APEX_CODE,FINEST;APEX_PROFILING,INFO;CALLOUT,INFO;DB,INFO;NBA,INFO;SYSTEM,DEBUG;VALIDATION,INFO;VISUALFORCE,INFO;WAVE,INFO;WORKFLOW,INFO
22:26:36.0 (219509)|USER_INFO|[EXTERNAL]|0051H000009gxp8|chanida.dev2@solvedbysoftwareco.com|Eastern Standard Time|GMT-05:00
22:26:36.0 (2307842)|ENTERING_MANAGED_PKG|tdc_tsw
22:26:36.0 (2821997)|ENTERING_MANAGED_PKG|tdc_tsw
22:26:36.0 (6907587)|SOQL_EXECUTE_BEGIN|[16]|Aggregations:0|SELECT id, name, Disable_Incoming_SMS_Sharing__c FROM User WHERE id = :tmpVar1
22:26:36.0 (14221227)|SOQL_EXECUTE_END|[16]|Rows:1
22:26:36.0 (19508313)|SOQL_EXECUTE_BEGIN|[37]|Aggregations:0|SELECT CreatedDate,Created_Date__c,Id,LastModifiedDate,MessageId__c,Message_Text_New__c,Name,OwnerId,Read__c,Related_Object_Id__c,Related_Object__c,Sender_Number__c, Sender_Name__c,ToNumber__c,Attachments_Ids__c FROM Message__c WHERE Name = 'Incoming' AND Read__c = false ORDER BY CreatedDate Desc limit 100
22:26:36.0 (34885672)|SOQL_EXECUTE_END|[37]|Rows:100
22:26:36.0 (52783699)|ENTERING_MANAGED_PKG|tdc_tsw
22:26:36.0 (54759914)|ENTERING_MANAGED_PKG|tdc_tsw
22:26:36.0 (55262553)|ENTERING_MANAGED_PKG|tdc_tsw
22:26:36.0 (55937028)|ENTERING_MANAGED_PKG|tdc_tsw
22:26:36.0 (58655689)|ENTERING_MANAGED_PKG|tdc_tsw
22:26:36.0 (59444217)|ENTERING_MANAGED_PKG|tdc_tsw
22:26:36.0 (59709876)|ENTERING_MANAGED_PKG|tdc_tsw
22:26:36.0 (60084876)|ENTERING_MANAGED_PKG|tdc_tsw
22:26:36.0 (61286527)|ENTERING_MANAGED_PKG|tdc_tsw
22:26:36.0 (62024918)|ENTERING_MANAGED_PKG|tdc_tsw
22:26:36.0 (62266182)|ENTERING_MANAGED_PKG|tdc_tsw
22:26:36.0 (62675524)|ENTERING_MANAGED_PKG|tdc_tsw
22:26:36.0 (63722367)|ENTERING_MANAGED_PKG|tdc_tsw
22:26:36.0 (64476019)|ENTERING_MANAGED_PKG|tdc_tsw
22:26:36.0 (64691771)|ENTERING_MANAGED_PKG|tdc_tsw
22:26:36.0 (65069300)|ENTERING_MANAGED_PKG|tdc_tsw
22:26:36.0 (66101504)|ENTERING_MANAGED_PKG|tdc_tsw
22:26:36.0 (66839437)|ENTERING_MANAGED_PKG|tdc_tsw
22:26:36.0 (67053658)|ENTERING_MANAGED_PKG|tdc_tsw
22:26:36.0 (67445922)|ENTERING_MANAGED_PKG|tdc_tsw
22:26:36.0 (68485992)|ENTERING_MANAGED_PKG|tdc_tsw
22:26:36.0 (69224579)|ENTERING_MANAGED_PKG|tdc_tsw
22:26:36.0 (69446548)|ENTERING_MANAGED_PKG|tdc_tsw
22:26:36.0 (69813797)|ENTERING_MANAGED_PKG|tdc_tsw
22:26:36.0 (70829597)|ENTERING_MANAGED_PKG|tdc_tsw
22:26:36.0 (71574107)|ENTERING_MANAGED_PKG|tdc_tsw
22:26:36.0 (71787420)|ENTERING_MANAGED_PKG|tdc_tsw
22:26:36.0 (72153759)|ENTERING_MANAGED_PKG|tdc_tsw
22:26:36.0 (73280004)|ENTERING_MANAGED_PKG|tdc_tsw
22:26:36.0 (74061870)|ENTERING_MANAGED_PKG|tdc_tsw
22:26:36.0 (74310517)|ENTERING_MANAGED_PKG|tdc_tsw
22:26:36.0 (74677488)|ENTERING_MANAGED_PKG|tdc_tsw
22:26:36.0 (75703299)|ENTERING_MANAGED_PKG|tdc_tsw
22:26:36.0 (76474688)|ENTERING_MANAGED_PKG|tdc_tsw
22:26:36.0 (76714577)|ENTERING_MANAGED_PKG|tdc_tsw
22:26:36.0 (77102248)|ENTERING_MANAGED_PKG|tdc_tsw
22:26:36.0 (78140082)|ENTERING_MANAGED_PKG|tdc_tsw
22:26:36.0 (78933632)|ENTERING_MANAGED_PKG|tdc_tsw
22:26:36.0 (79183520)|ENTERING_MANAGED_PKG|tdc_tsw
22:26:36.0 (79592445)|ENTERING_MANAGED_PKG|tdc_tsw
22:26:36.0 (80702087)|ENTERING_MANAGED_PKG|tdc_tsw
22:26:36.0 (81593073)|ENTERING_MANAGED_PKG|tdc_tsw
22:26:36.0 (81816038)|ENTERING_MANAGED_PKG|tdc_tsw
22:26:36.0 (82185952)|ENTERING_MANAGED_PKG|tdc_tsw
22:26:36.0 (83294124)|ENTERING_MANAGED_PKG|tdc_tsw
22:26:36.0 (84026061)|ENTERING_MANAGED_PKG|tdc_tsw
22:26:36.0 (84258400)|ENTERING_MANAGED_PKG|tdc_tsw
22:26:36.0 (84640306)|ENTERING_MANAGED_PKG|tdc_tsw
22:26:36.0 (85671385)|ENTERING_MANAGED_PKG|tdc_tsw
22:26:36.0 (86426221)|ENTERING_MANAGED_PKG|tdc_tsw
22:26:36.0 (86643357)|ENTERING_MANAGED_PKG|tdc_tsw
22:26:36.0 (87032428)|ENTERING_MANAGED_PKG|tdc_tsw
22:26:36.0 (88065368)|ENTERING_MANAGED_PKG|tdc_tsw
22:26:36.0 (88813823)|ENTERING_MANAGED_PKG|tdc_tsw
22:26:36.0 (89028442)|ENTERING_MANAGED_PKG|tdc_tsw
22:26:36.0 (89423798)|ENTERING_MANAGED_PKG|tdc_tsw
22:26:36.0 (90442102)|ENTERING_MANAGED_PKG|tdc_tsw
22:26:36.0 (91164441)|ENTERING_MANAGED_PKG|tdc_tsw
22:26:36.0 (91399388)|ENTERING_MANAGED_PKG|tdc_tsw
22:26:36.0 (91759561)|ENTERING_MANAGED_PKG|tdc_tsw
22:26:36.0 (92777456)|ENTERING_MANAGED_PKG|tdc_tsw
22:26:36.0 (93533591)|ENTERING_MANAGED_PKG|tdc_tsw
22:26:36.0 (93754028)|ENTERING_MANAGED_PKG|tdc_tsw
22:26:36.0 (94113823)|ENTERING_MANAGED_PKG|tdc_tsw
22:26:36.0 (95244651)|ENTERING_MANAGED_PKG|tdc_tsw
22:26:36.0 (96004972)|ENTERING_MANAGED_PKG|tdc_tsw
22:26:36.0 (96236246)|ENTERING_MANAGED_PKG|tdc_tsw
22:26:36.0 (96597138)|ENTERING_MANAGED_PKG|tdc_tsw
22:26:36.0 (97628361)|ENTERING_MANAGED_PKG|tdc_tsw
22:26:36.0 (98426766)|ENTERING_MANAGED_PKG|tdc_tsw
22:26:36.0 (98674746)|ENTERING_MANAGED_PKG|tdc_tsw
22:26:36.0 (99035725)|ENTERING_MANAGED_PKG|tdc_tsw
22:26:36.0 (100062547)|ENTERING_MANAGED_PKG|tdc_tsw
22:26:36.0 (100799183)|ENTERING_MANAGED_PKG|tdc_tsw
22:26:36.0 (101040244)|ENTERING_MANAGED_PKG|tdc_tsw
22:26:36.0 (101429673)|ENTERING_MANAGED_PKG|tdc_tsw
22:26:36.0 (102454060)|ENTERING_MANAGED_PKG|tdc_tsw
22:26:36.0 (103386725)|ENTERING_MANAGED_PKG|tdc_tsw
22:26:36.0 (103603105)|ENTERING_MANAGED_PKG|tdc_tsw
22:26:36.0 (103970374)|ENTERING_MANAGED_PKG|tdc_tsw
22:26:36.0 (105018031)|ENTERING_MANAGED_PKG|tdc_tsw
22:26:36.0 (105780818)|ENTERING_MANAGED_PKG|tdc_tsw
22:26:36.0 (105994886)|ENTERING_MANAGED_PKG|tdc_tsw
22:26:36.0 (106379471)|ENTERING_MANAGED_PKG|tdc_tsw
22:26:36.0 (107402038)|ENTERING_MANAGED_PKG|tdc_tsw
22:26:36.0 (108112478)|ENTERING_MANAGED_PKG|tdc_tsw
22:26:36.0 (108344472)|ENTERING_MANAGED_PKG|tdc_tsw
22:26:36.0 (108708560)|ENTERING_MANAGED_PKG|tdc_tsw
22:26:36.0 (109736436)|ENTERING_MANAGED_PKG|tdc_tsw
22:26:36.0 (110461758)|ENTERING_MANAGED_PKG|tdc_tsw
22:26:36.0 (110676656)|ENTERING_MANAGED_PKG|tdc_tsw
22:26:36.0 (111045071)|ENTERING_MANAGED_PKG|tdc_tsw
22:26:36.0 (112078572)|ENTERING_MANAGED_PKG|tdc_tsw
22:26:36.0 (112805346)|ENTERING_MANAGED_PKG|tdc_tsw
22:26:36.0 (113041809)|ENTERING_MANAGED_PKG|tdc_tsw
22:26:36.0 (113424626)|ENTERING_MANAGED_PKG|tdc_tsw
22:26:36.0 (114456560)|ENTERING_MANAGED_PKG|tdc_tsw
22:26:36.0 (115157973)|ENTERING_MANAGED_PKG|tdc_tsw
22:26:36.0 (115391762)|ENTERING_MANAGED_PKG|tdc_tsw
22:26:36.0 (115756976)|ENTERING_MANAGED_PKG|tdc_tsw
22:26:36.0 (116778628)|ENTERING_MANAGED_PKG|tdc_tsw
22:26:36.0 (117498380)|ENTERING_MANAGED_PKG|tdc_tsw
22:26:36.0 (117712754)|ENTERING_MANAGED_PKG|tdc_tsw
22:26:36.0 (118077593)|ENTERING_MANAGED_PKG|tdc_tsw
22:26:36.0 (119100514)|ENTERING_MANAGED_PKG|tdc_tsw
22:26:36.0 (119819371)|ENTERING_MANAGED_PKG|tdc_tsw
22:26:36.0 (120037477)|ENTERING_MANAGED_PKG|tdc_tsw
22:26:36.0 (120418939)|ENTERING_MANAGED_PKG|tdc_tsw
22:26:36.0 (121440225)|ENTERING_MANAGED_PKG|tdc_tsw
22:26:36.0 (122145601)|ENTERING_MANAGED_PKG|tdc_tsw
22:26:36.0 (122374947)|ENTERING_MANAGED_PKG|tdc_tsw
22:26:36.0 (122741471)|ENTERING_MANAGED_PKG|tdc_tsw
22:26:36.0 (123784115)|ENTERING_MANAGED_PKG|tdc_tsw
22:26:36.0 (124505423)|ENTERING_MANAGED_PKG|tdc_tsw
22:26:36.0 (124720425)|ENTERING_MANAGED_PKG|tdc_tsw
22:26:36.0 (125086969)|ENTERING_MANAGED_PKG|tdc_tsw
22:26:36.0 (126116940)|ENTERING_MANAGED_PKG|tdc_tsw
22:26:36.0 (126838015)|ENTERING_MANAGED_PKG|tdc_tsw
22:26:36.0 (127032758)|ENTERING_MANAGED_PKG|tdc_tsw
22:26:36.0 (127424624)|ENTERING_MANAGED_PKG|tdc_tsw
22:26:36.0 (128462758)|ENTERING_MANAGED_PKG|tdc_tsw
22:26:36.0 (129178013)|ENTERING_MANAGED_PKG|tdc_tsw
22:26:36.0 (129406955)|ENTERING_MANAGED_PKG|tdc_tsw
22:26:36.0 (129773822)|ENTERING_MANAGED_PKG|tdc_tsw
22:26:36.0 (130808341)|ENTERING_MANAGED_PKG|tdc_tsw
22:26:36.0 (131545004)|ENTERING_MANAGED_PKG|tdc_tsw
22:26:36.0 (131744237)|ENTERING_MANAGED_PKG|tdc_tsw
22:26:36.0 (132113257)|ENTERING_MANAGED_PKG|tdc_tsw
22:26:36.0 (133160149)|ENTERING_MANAGED_PKG|tdc_tsw
22:26:36.0 (133885866)|ENTERING_MANAGED_PKG|tdc_tsw
22:26:36.0 (134109797)|ENTERING_MANAGED_PKG|tdc_tsw
22:26:36.0 (134813022)|ENTERING_MANAGED_PKG|tdc_tsw
22:26:36.0 (135953501)|ENTERING_MANAGED_PKG|tdc_tsw
22:26:36.0 (136687382)|ENTERING_MANAGED_PKG|tdc_tsw
22:26:36.0 (136902785)|ENTERING_MANAGED_PKG|tdc_tsw
22:26:36.0 (137374890)|ENTERING_MANAGED_PKG|tdc_tsw
22:26:36.0 (138669216)|ENTERING_MANAGED_PKG|tdc_tsw
22:26:36.0 (139568120)|ENTERING_MANAGED_PKG|tdc_tsw
22:26:36.0 (139697647)|ENTERING_MANAGED_PKG|tdc_tsw
22:26:36.0 (140301026)|SOQL_EXECUTE_BEGIN|[200]|Aggregations:0|SELECT Name, NamespacePrefix, SystemModStamp FROM StaticResource WHERE Name LIKE :tmpVar1 LIMIT 10
22:26:36.0 (147052853)|SOQL_EXECUTE_END|[200]|Rows:1
22:26:36.0 (148049973)|ENTERING_MANAGED_PKG|tdc_tsw
22:26:36.0 (148422518)|SOQL_EXECUTE_BEGIN|[200]|Aggregations:0|SELECT Name, NamespacePrefix, SystemModStamp FROM StaticResource WHERE Name LIKE :tmpVar1 LIMIT 10
22:26:36.0 (150671061)|SOQL_EXECUTE_END|[200]|Rows:1
22:26:36.0 (151035684)|ENTERING_MANAGED_PKG|tdc_tsw
22:26:36.0 (154515987)|ENTERING_MANAGED_PKG|tdc_tsw
22:26:36.0 (155982910)|ENTERING_MANAGED_PKG|tdc_tsw
22:26:36.0 (156330704)|ENTERING_MANAGED_PKG|tdc_tsw
22:26:36.0 (157165470)|ENTERING_MANAGED_PKG|tdc_tsw
22:26:36.0 (157568496)|SOQL_EXECUTE_BEGIN|[200]|Aggregations:0|SELECT Name, NamespacePrefix, SystemModStamp FROM StaticResource WHERE Name LIKE :tmpVar1 LIMIT 10
22:26:36.0 (160062400)|SOQL_EXECUTE_END|[200]|Rows:1
22:26:36.200 (200415821)|USER_INFO|[EXTERNAL]|0051H000009gxp8|chanida.dev2@solvedbysoftwareco.com|Eastern Standard Time|GMT-05:00
22:26:36.200 (202297960)|ENTERING_MANAGED_PKG|tdc_tsw
22:26:36.200 (202565302)|ENTERING_MANAGED_PKG|tdc_tsw
22:26:36.200 (205413633)|SOQL_EXECUTE_BEGIN|[355]|Aggregations:0|SELECT id, name, Disable_Incoming_SMS_Sharing__c FROM User WHERE id = :tmpVar1
22:26:36.200 (211711924)|SOQL_EXECUTE_END|[355]|Rows:1
22:26:36.200 (212783879)|SOQL_EXECUTE_BEGIN|[367]|Aggregations:0|SELECT CreatedDate,Id,LastModifiedDate,Related_Object_Id__c FROM Message__c WHERE Name = 'Incoming' AND Read__c = false ORDER BY CreatedDate Desc limit 100
22:26:36.200 (220985717)|SOQL_EXECUTE_END|[367]|Rows:100
