44.0 APEX_CODE,FINEST;APEX_PROFILING,INFO;CALLOUT,INFO;DB,INFO;NBA,INFO;SYSTEM,DEBUG;VALIDATION,INFO;VISUALFORCE,INFO;WAVE,INFO;WORKFLOW,INFO
23:18:36.0 (465526)|USER_INFO|[EXTERNAL]|0051H000009gxp8|chanida.dev2@solvedbysoftwareco.com|Eastern Standard Time|GMT-05:00
23:18:36.0 (2546937)|ENTERING_MANAGED_PKG|tdc_tsw
23:18:36.0 (2969470)|ENTERING_MANAGED_PKG|tdc_tsw
23:18:36.0 (6608766)|SOQL_EXECUTE_BEGIN|[16]|Aggregations:0|SELECT id, name, Disable_Incoming_SMS_Sharing__c FROM User WHERE id = :tmpVar1
23:18:36.0 (13583652)|SOQL_EXECUTE_END|[16]|Rows:1
23:18:36.0 (28030235)|SOQL_EXECUTE_BEGIN|[37]|Aggregations:0|SELECT CreatedDate,Created_Date__c,Id,LastModifiedDate,MessageId__c,Message_Text_New__c,Name,OwnerId,Read__c,Related_Object_Id__c,Related_Object__c,Sender_Number__c, Sender_Name__c,ToNumber__c,Attachments_Ids__c FROM Message__c WHERE Name = 'Incoming' AND Read__c = false ORDER BY CreatedDate Desc limit 100
23:18:36.0 (47933426)|SOQL_EXECUTE_END|[37]|Rows:100
23:18:36.0 (65125782)|ENTERING_MANAGED_PKG|tdc_tsw
23:18:36.0 (66902313)|ENTERING_MANAGED_PKG|tdc_tsw
23:18:36.0 (67433090)|ENTERING_MANAGED_PKG|tdc_tsw
23:18:36.0 (68130905)|ENTERING_MANAGED_PKG|tdc_tsw
23:18:36.0 (70903989)|ENTERING_MANAGED_PKG|tdc_tsw
23:18:36.0 (71678365)|ENTERING_MANAGED_PKG|tdc_tsw
23:18:36.0 (71912005)|ENTERING_MANAGED_PKG|tdc_tsw
23:18:36.0 (72315481)|ENTERING_MANAGED_PKG|tdc_tsw
23:18:36.0 (73419069)|ENTERING_MANAGED_PKG|tdc_tsw
23:18:36.0 (74181882)|ENTERING_MANAGED_PKG|tdc_tsw
23:18:36.0 (74412308)|ENTERING_MANAGED_PKG|tdc_tsw
23:18:36.0 (74804938)|ENTERING_MANAGED_PKG|tdc_tsw
23:18:36.0 (75896423)|ENTERING_MANAGED_PKG|tdc_tsw
23:18:36.0 (76680048)|ENTERING_MANAGED_PKG|tdc_tsw
23:18:36.0 (76911190)|ENTERING_MANAGED_PKG|tdc_tsw
23:18:36.0 (77312220)|ENTERING_MANAGED_PKG|tdc_tsw
23:18:36.0 (78553981)|ENTERING_MANAGED_PKG|tdc_tsw
23:18:36.0 (79355580)|ENTERING_MANAGED_PKG|tdc_tsw
23:18:36.0 (79610018)|ENTERING_MANAGED_PKG|tdc_tsw
23:18:36.0 (80010437)|ENTERING_MANAGED_PKG|tdc_tsw
23:18:36.0 (81110845)|ENTERING_MANAGED_PKG|tdc_tsw
23:18:36.0 (81860039)|ENTERING_MANAGED_PKG|tdc_tsw
23:18:36.0 (82094987)|ENTERING_MANAGED_PKG|tdc_tsw
23:18:36.0 (82488818)|ENTERING_MANAGED_PKG|tdc_tsw
23:18:36.0 (83568446)|ENTERING_MANAGED_PKG|tdc_tsw
23:18:36.0 (84339929)|ENTERING_MANAGED_PKG|tdc_tsw
23:18:36.0 (84570171)|ENTERING_MANAGED_PKG|tdc_tsw
23:18:36.0 (84960906)|ENTERING_MANAGED_PKG|tdc_tsw
23:18:36.0 (86044506)|ENTERING_MANAGED_PKG|tdc_tsw
23:18:36.0 (86825112)|ENTERING_MANAGED_PKG|tdc_tsw
23:18:36.0 (87054805)|ENTERING_MANAGED_PKG|tdc_tsw
23:18:36.0 (87458846)|ENTERING_MANAGED_PKG|tdc_tsw
23:18:36.0 (88553021)|ENTERING_MANAGED_PKG|tdc_tsw
23:18:36.0 (89343271)|ENTERING_MANAGED_PKG|tdc_tsw
23:18:36.0 (89603087)|ENTERING_MANAGED_PKG|tdc_tsw
23:18:36.0 (90037032)|ENTERING_MANAGED_PKG|tdc_tsw
23:18:36.0 (91141857)|ENTERING_MANAGED_PKG|tdc_tsw
23:18:36.0 (91892935)|ENTERING_MANAGED_PKG|tdc_tsw
23:18:36.0 (92130825)|ENTERING_MANAGED_PKG|tdc_tsw
23:18:36.0 (92535668)|ENTERING_MANAGED_PKG|tdc_tsw
23:18:36.0 (93618940)|ENTERING_MANAGED_PKG|tdc_tsw
23:18:36.0 (94389610)|ENTERING_MANAGED_PKG|tdc_tsw
23:18:36.0 (94619906)|ENTERING_MANAGED_PKG|tdc_tsw
23:18:36.0 (95011101)|ENTERING_MANAGED_PKG|tdc_tsw
23:18:36.0 (96098078)|ENTERING_MANAGED_PKG|tdc_tsw
23:18:36.0 (96900928)|ENTERING_MANAGED_PKG|tdc_tsw
23:18:36.0 (97138772)|ENTERING_MANAGED_PKG|tdc_tsw
23:18:36.0 (97538498)|ENTERING_MANAGED_PKG|tdc_tsw
23:18:36.0 (98629751)|ENTERING_MANAGED_PKG|tdc_tsw
23:18:36.0 (99479470)|ENTERING_MANAGED_PKG|tdc_tsw
23:18:36.0 (99776612)|ENTERING_MANAGED_PKG|tdc_tsw
23:18:36.0 (100236739)|ENTERING_MANAGED_PKG|tdc_tsw
23:18:36.0 (101360779)|ENTERING_MANAGED_PKG|tdc_tsw
23:18:36.0 (102213012)|ENTERING_MANAGED_PKG|tdc_tsw
23:18:36.0 (102497775)|ENTERING_MANAGED_PKG|tdc_tsw
23:18:36.0 (102899043)|ENTERING_MANAGED_PKG|tdc_tsw
23:18:36.0 (104026983)|ENTERING_MANAGED_PKG|tdc_tsw
23:18:36.0 (104848743)|ENTERING_MANAGED_PKG|tdc_tsw
23:18:36.0 (105088899)|ENTERING_MANAGED_PKG|tdc_tsw
23:18:36.0 (105783999)|ENTERING_MANAGED_PKG|tdc_tsw
23:18:36.0 (107064984)|ENTERING_MANAGED_PKG|tdc_tsw
23:18:36.0 (107836928)|ENTERING_MANAGED_PKG|tdc_tsw
23:18:36.0 (108071906)|ENTERING_MANAGED_PKG|tdc_tsw
23:18:36.0 (108477992)|ENTERING_MANAGED_PKG|tdc_tsw
23:18:36.0 (109635485)|ENTERING_MANAGED_PKG|tdc_tsw
23:18:36.0 (110403274)|ENTERING_MANAGED_PKG|tdc_tsw
23:18:36.0 (110635127)|ENTERING_MANAGED_PKG|tdc_tsw
23:18:36.0 (111026935)|ENTERING_MANAGED_PKG|tdc_tsw
23:18:36.0 (112119057)|ENTERING_MANAGED_PKG|tdc_tsw
23:18:36.0 (112938001)|ENTERING_MANAGED_PKG|tdc_tsw
23:18:36.0 (113194673)|ENTERING_MANAGED_PKG|tdc_tsw
23:18:36.0 (113599962)|ENTERING_MANAGED_PKG|tdc_tsw
23:18:36.0 (114740012)|ENTERING_MANAGED_PKG|tdc_tsw
23:18:36.0 (115755359)|ENTERING_MANAGED_PKG|tdc_tsw
23:18:36.0 (116042617)|ENTERING_MANAGED_PKG|tdc_tsw
23:18:36.0 (116502988)|ENTERING_MANAGED_PKG|tdc_tsw
23:18:36.0 (117688610)|ENTERING_MANAGED_PKG|tdc_tsw
23:18:36.0 (118532376)|ENTERING_MANAGED_PKG|tdc_tsw
23:18:36.0 (118796767)|ENTERING_MANAGED_PKG|tdc_tsw
23:18:36.0 (119277438)|ENTERING_MANAGED_PKG|tdc_tsw
23:18:36.0 (120485464)|ENTERING_MANAGED_PKG|tdc_tsw
23:18:36.0 (121331141)|ENTERING_MANAGED_PKG|tdc_tsw
23:18:36.0 (121562993)|ENTERING_MANAGED_PKG|tdc_tsw
23:18:36.0 (121954133)|ENTERING_MANAGED_PKG|tdc_tsw
23:18:36.0 (123054548)|ENTERING_MANAGED_PKG|tdc_tsw
23:18:36.0 (123811191)|ENTERING_MANAGED_PKG|tdc_tsw
23:18:36.0 (124039221)|ENTERING_MANAGED_PKG|tdc_tsw
23:18:36.0 (124441744)|ENTERING_MANAGED_PKG|tdc_tsw
23:18:36.0 (125939279)|ENTERING_MANAGED_PKG|tdc_tsw
23:18:36.0 (126743595)|ENTERING_MANAGED_PKG|tdc_tsw
23:18:36.0 (126974779)|ENTERING_MANAGED_PKG|tdc_tsw
23:18:36.0 (127402506)|ENTERING_MANAGED_PKG|tdc_tsw
23:18:36.0 (128524817)|ENTERING_MANAGED_PKG|tdc_tsw
23:18:36.0 (129290428)|ENTERING_MANAGED_PKG|tdc_tsw
23:18:36.0 (129518466)|ENTERING_MANAGED_PKG|tdc_tsw
23:18:36.0 (129904880)|ENTERING_MANAGED_PKG|tdc_tsw
23:18:36.0 (131038135)|ENTERING_MANAGED_PKG|tdc_tsw
23:18:36.0 (131793612)|ENTERING_MANAGED_PKG|tdc_tsw
23:18:36.0 (132024828)|ENTERING_MANAGED_PKG|tdc_tsw
23:18:36.0 (132471828)|ENTERING_MANAGED_PKG|tdc_tsw
23:18:36.0 (133570207)|ENTERING_MANAGED_PKG|tdc_tsw
23:18:36.0 (134330472)|ENTERING_MANAGED_PKG|tdc_tsw
23:18:36.0 (134560548)|ENTERING_MANAGED_PKG|tdc_tsw
23:18:36.0 (135019737)|ENTERING_MANAGED_PKG|tdc_tsw
23:18:36.0 (136196003)|ENTERING_MANAGED_PKG|tdc_tsw
23:18:36.0 (136982936)|ENTERING_MANAGED_PKG|tdc_tsw
23:18:36.0 (137224678)|ENTERING_MANAGED_PKG|tdc_tsw
23:18:36.0 (137615065)|ENTERING_MANAGED_PKG|tdc_tsw
23:18:36.0 (138753755)|ENTERING_MANAGED_PKG|tdc_tsw
23:18:36.0 (139533352)|ENTERING_MANAGED_PKG|tdc_tsw
23:18:36.0 (139763666)|ENTERING_MANAGED_PKG|tdc_tsw
23:18:36.0 (140162474)|ENTERING_MANAGED_PKG|tdc_tsw
23:18:36.0 (141339004)|ENTERING_MANAGED_PKG|tdc_tsw
23:18:36.0 (142179394)|ENTERING_MANAGED_PKG|tdc_tsw
23:18:36.0 (142409693)|ENTERING_MANAGED_PKG|tdc_tsw
23:18:36.0 (142814845)|ENTERING_MANAGED_PKG|tdc_tsw
23:18:36.0 (143934180)|ENTERING_MANAGED_PKG|tdc_tsw
23:18:36.0 (144711765)|ENTERING_MANAGED_PKG|tdc_tsw
23:18:36.0 (145003372)|ENTERING_MANAGED_PKG|tdc_tsw
23:18:36.0 (145402684)|ENTERING_MANAGED_PKG|tdc_tsw
23:18:36.0 (146539913)|ENTERING_MANAGED_PKG|tdc_tsw
23:18:36.0 (147662467)|ENTERING_MANAGED_PKG|tdc_tsw
23:18:36.0 (147895994)|ENTERING_MANAGED_PKG|tdc_tsw
23:18:36.0 (148384351)|ENTERING_MANAGED_PKG|tdc_tsw
23:18:36.0 (149983022)|ENTERING_MANAGED_PKG|tdc_tsw
23:18:36.0 (150786063)|ENTERING_MANAGED_PKG|tdc_tsw
23:18:36.0 (151020634)|ENTERING_MANAGED_PKG|tdc_tsw
23:18:36.0 (151417583)|ENTERING_MANAGED_PKG|tdc_tsw
23:18:36.0 (152518498)|ENTERING_MANAGED_PKG|tdc_tsw
23:18:36.0 (153291355)|ENTERING_MANAGED_PKG|tdc_tsw
23:18:36.0 (153523560)|ENTERING_MANAGED_PKG|tdc_tsw
23:18:36.0 (153938944)|ENTERING_MANAGED_PKG|tdc_tsw
23:18:36.0 (155185159)|ENTERING_MANAGED_PKG|tdc_tsw
23:18:36.0 (155989574)|ENTERING_MANAGED_PKG|tdc_tsw
23:18:36.0 (156298361)|ENTERING_MANAGED_PKG|tdc_tsw
23:18:36.0 (156860061)|ENTERING_MANAGED_PKG|tdc_tsw
23:18:36.0 (158013183)|ENTERING_MANAGED_PKG|tdc_tsw
23:18:36.0 (158792767)|ENTERING_MANAGED_PKG|tdc_tsw
23:18:36.0 (159023136)|ENTERING_MANAGED_PKG|tdc_tsw
23:18:36.0 (159424949)|ENTERING_MANAGED_PKG|tdc_tsw
23:18:36.0 (160509436)|ENTERING_MANAGED_PKG|tdc_tsw
23:18:36.0 (161270287)|ENTERING_MANAGED_PKG|tdc_tsw
23:18:36.0 (161500529)|ENTERING_MANAGED_PKG|tdc_tsw
23:18:36.0 (161892671)|ENTERING_MANAGED_PKG|tdc_tsw
23:18:36.0 (162974765)|ENTERING_MANAGED_PKG|tdc_tsw
23:18:36.0 (163736985)|ENTERING_MANAGED_PKG|tdc_tsw
23:18:36.0 (163974080)|ENTERING_MANAGED_PKG|tdc_tsw
23:18:36.0 (164445119)|ENTERING_MANAGED_PKG|tdc_tsw
23:18:36.0 (165587647)|ENTERING_MANAGED_PKG|tdc_tsw
23:18:36.0 (166393255)|ENTERING_MANAGED_PKG|tdc_tsw
23:18:36.0 (166666443)|ENTERING_MANAGED_PKG|tdc_tsw
23:18:36.0 (167058774)|ENTERING_MANAGED_PKG|tdc_tsw
23:18:36.0 (168195326)|ENTERING_MANAGED_PKG|tdc_tsw
23:18:36.0 (168952729)|ENTERING_MANAGED_PKG|tdc_tsw
23:18:36.0 (169194297)|ENTERING_MANAGED_PKG|tdc_tsw
23:18:36.0 (169590133)|ENTERING_MANAGED_PKG|tdc_tsw
23:18:36.0 (170691338)|ENTERING_MANAGED_PKG|tdc_tsw
23:18:36.0 (171455222)|ENTERING_MANAGED_PKG|tdc_tsw
23:18:36.0 (171683445)|ENTERING_MANAGED_PKG|tdc_tsw
23:18:36.0 (172173652)|ENTERING_MANAGED_PKG|tdc_tsw
23:18:36.0 (173361320)|ENTERING_MANAGED_PKG|tdc_tsw
23:18:36.0 (174125953)|ENTERING_MANAGED_PKG|tdc_tsw
23:18:36.0 (174363583)|ENTERING_MANAGED_PKG|tdc_tsw
23:18:36.0 (174780762)|ENTERING_MANAGED_PKG|tdc_tsw
23:18:36.0 (175911416)|ENTERING_MANAGED_PKG|tdc_tsw
23:18:36.0 (176674739)|ENTERING_MANAGED_PKG|tdc_tsw
23:18:36.0 (176949080)|ENTERING_MANAGED_PKG|tdc_tsw
23:18:36.0 (177429545)|ENTERING_MANAGED_PKG|tdc_tsw
23:18:36.0 (178524128)|ENTERING_MANAGED_PKG|tdc_tsw
23:18:36.0 (179282012)|ENTERING_MANAGED_PKG|tdc_tsw
23:18:36.0 (179511823)|ENTERING_MANAGED_PKG|tdc_tsw
23:18:36.0 (179903931)|ENTERING_MANAGED_PKG|tdc_tsw
23:18:36.0 (180991985)|ENTERING_MANAGED_PKG|tdc_tsw
23:18:36.0 (181794155)|ENTERING_MANAGED_PKG|tdc_tsw
23:18:36.0 (182025973)|ENTERING_MANAGED_PKG|tdc_tsw
23:18:36.0 (182430383)|ENTERING_MANAGED_PKG|tdc_tsw
23:18:36.0 (183744140)|ENTERING_MANAGED_PKG|tdc_tsw
23:18:36.0 (185213390)|ENTERING_MANAGED_PKG|tdc_tsw
23:18:36.0 (185610878)|ENTERING_MANAGED_PKG|tdc_tsw
23:18:36.0 (186173898)|ENTERING_MANAGED_PKG|tdc_tsw
23:18:36.0 (187487791)|ENTERING_MANAGED_PKG|tdc_tsw
23:18:36.0 (188259227)|ENTERING_MANAGED_PKG|tdc_tsw
23:18:36.0 (188492005)|ENTERING_MANAGED_PKG|tdc_tsw
23:18:36.0 (188883696)|ENTERING_MANAGED_PKG|tdc_tsw
23:18:36.0 (190045069)|ENTERING_MANAGED_PKG|tdc_tsw
23:18:36.0 (190811890)|ENTERING_MANAGED_PKG|tdc_tsw
23:18:36.0 (191042055)|ENTERING_MANAGED_PKG|tdc_tsw
23:18:36.0 (191442040)|ENTERING_MANAGED_PKG|tdc_tsw
23:18:36.0 (192546778)|ENTERING_MANAGED_PKG|tdc_tsw
23:18:36.0 (193330620)|ENTERING_MANAGED_PKG|tdc_tsw
23:18:36.0 (193565582)|ENTERING_MANAGED_PKG|tdc_tsw
23:18:36.0 (193961040)|ENTERING_MANAGED_PKG|tdc_tsw
23:18:36.0 (195050615)|ENTERING_MANAGED_PKG|tdc_tsw
23:18:36.0 (195810675)|ENTERING_MANAGED_PKG|tdc_tsw
23:18:36.0 (196040887)|ENTERING_MANAGED_PKG|tdc_tsw
23:18:36.0 (196441131)|ENTERING_MANAGED_PKG|tdc_tsw
23:18:36.0 (197524201)|ENTERING_MANAGED_PKG|tdc_tsw
23:18:36.0 (198496980)|ENTERING_MANAGED_PKG|tdc_tsw
23:18:36.0 (198707141)|ENTERING_MANAGED_PKG|tdc_tsw
23:18:36.0 (199160838)|ENTERING_MANAGED_PKG|tdc_tsw
23:18:36.0 (200456029)|ENTERING_MANAGED_PKG|tdc_tsw
23:18:36.0 (201250936)|ENTERING_MANAGED_PKG|tdc_tsw
23:18:36.0 (201483185)|ENTERING_MANAGED_PKG|tdc_tsw
23:18:36.0 (201998810)|ENTERING_MANAGED_PKG|tdc_tsw
23:18:36.0 (203202303)|ENTERING_MANAGED_PKG|tdc_tsw
23:18:36.0 (204081524)|ENTERING_MANAGED_PKG|tdc_tsw
23:18:36.0 (204320893)|ENTERING_MANAGED_PKG|tdc_tsw
23:18:36.0 (204806546)|ENTERING_MANAGED_PKG|tdc_tsw
23:18:36.0 (206104219)|ENTERING_MANAGED_PKG|tdc_tsw
23:18:36.0 (206998036)|ENTERING_MANAGED_PKG|tdc_tsw
23:18:36.0 (207135132)|ENTERING_MANAGED_PKG|tdc_tsw
23:18:36.0 (207750835)|SOQL_EXECUTE_BEGIN|[200]|Aggregations:0|SELECT Name, NamespacePrefix, SystemModStamp FROM StaticResource WHERE Name LIKE :tmpVar1 LIMIT 10
23:18:36.0 (211135091)|SOQL_EXECUTE_END|[200]|Rows:1
23:18:36.0 (211987069)|ENTERING_MANAGED_PKG|tdc_tsw
23:18:36.0 (212419363)|SOQL_EXECUTE_BEGIN|[200]|Aggregations:0|SELECT Name, NamespacePrefix, SystemModStamp FROM StaticResource WHERE Name LIKE :tmpVar1 LIMIT 10
23:18:36.0 (214599418)|SOQL_EXECUTE_END|[200]|Rows:1
23:18:36.0 (214984747)|ENTERING_MANAGED_PKG|tdc_tsw
23:18:36.0 (218636412)|ENTERING_MANAGED_PKG|tdc_tsw
23:18:36.0 (220309234)|ENTERING_MANAGED_PKG|tdc_tsw
23:18:36.0 (220615309)|ENTERING_MANAGED_PKG|tdc_tsw
23:18:36.0 (221467467)|ENTERING_MANAGED_PKG|tdc_tsw
23:18:36.0 (221848887)|SOQL_EXECUTE_BEGIN|[200]|Aggregations:0|SELECT Name, NamespacePrefix, SystemModStamp FROM StaticResource WHERE Name LIKE :tmpVar1 LIMIT 10
23:18:36.0 (224518190)|SOQL_EXECUTE_END|[200]|Rows:1
23:18:36.238 (238853397)|USER_INFO|[EXTERNAL]|0051H000009gxp8|chanida.dev2@solvedbysoftwareco.com|Eastern Standard Time|GMT-05:00
23:18:36.238 (240879076)|ENTERING_MANAGED_PKG|tdc_tsw
23:18:36.238 (241095514)|ENTERING_MANAGED_PKG|tdc_tsw
23:18:36.238 (243921298)|SOQL_EXECUTE_BEGIN|[355]|Aggregations:0|SELECT id, name, Disable_Incoming_SMS_Sharing__c FROM User WHERE id = :tmpVar1
23:18:36.238 (250512819)|SOQL_EXECUTE_END|[355]|Rows:1
23:18:36.238 (251533840)|SOQL_EXECUTE_BEGIN|[367]|Aggregations:0|SELECT CreatedDate,Id,LastModifiedDate,Related_Object_Id__c FROM Message__c WHERE Name = 'Incoming' AND Read__c = false ORDER BY CreatedDate Desc limit 100
23:18:36.238 (260356557)|SOQL_EXECUTE_END|[367]|Rows:100
