44.0 APEX_CODE,FINEST;APEX_PROFILING,INFO;CALLOUT,INFO;DB,INFO;NBA,INFO;SYSTEM,DEBUG;VALIDATION,INFO;VISUALFORCE,INFO;WAVE,INFO;WORKFLOW,INFO
16:30:45.0 (160138)|USER_INFO|[EXTERNAL]|0051H000009gxp8|chanida.dev2@solvedbysoftwareco.com|Eastern Standard Time|GMT-05:00
16:30:45.0 (1843795)|ENTERING_MANAGED_PKG|tdc_tsw
16:30:45.0 (2283449)|ENTERING_MANAGED_PKG|tdc_tsw
16:30:45.0 (6185463)|SOQL_EXECUTE_BEGIN|[16]|Aggregations:0|SELECT id, name, Disable_Incoming_SMS_Sharing__c FROM User WHERE id = :tmpVar1
16:30:45.0 (13999600)|SOQL_EXECUTE_END|[16]|Rows:1
16:30:45.0 (19692422)|SOQL_EXECUTE_BEGIN|[37]|Aggregations:0|SELECT CreatedDate,Created_Date__c,Id,LastModifiedDate,MessageId__c,Message_Text_New__c,Name,OwnerId,Read__c,Related_Object_Id__c,Related_Object__c,Sender_Number__c, Sender_Name__c,ToNumber__c,Attachments_Ids__c FROM Message__c WHERE Name = 'Incoming' AND Read__c = false ORDER BY CreatedDate Desc limit 100
16:30:45.0 (39830836)|SOQL_EXECUTE_END|[37]|Rows:100
16:30:45.0 (60492202)|ENTERING_MANAGED_PKG|tdc_tsw
16:30:45.0 (62602635)|ENTERING_MANAGED_PKG|tdc_tsw
16:30:45.0 (63204195)|ENTERING_MANAGED_PKG|tdc_tsw
16:30:45.0 (64032364)|ENTERING_MANAGED_PKG|tdc_tsw
16:30:45.0 (67461029)|ENTERING_MANAGED_PKG|tdc_tsw
16:30:45.0 (68371658)|ENTERING_MANAGED_PKG|tdc_tsw
16:30:45.0 (68651454)|ENTERING_MANAGED_PKG|tdc_tsw
16:30:45.0 (69144329)|ENTERING_MANAGED_PKG|tdc_tsw
16:30:45.0 (70450014)|ENTERING_MANAGED_PKG|tdc_tsw
16:30:45.0 (71343059)|ENTERING_MANAGED_PKG|tdc_tsw
16:30:45.0 (71594200)|ENTERING_MANAGED_PKG|tdc_tsw
16:30:45.0 (72093844)|ENTERING_MANAGED_PKG|tdc_tsw
16:30:45.0 (73716835)|ENTERING_MANAGED_PKG|tdc_tsw
16:30:45.0 (74608047)|ENTERING_MANAGED_PKG|tdc_tsw
16:30:45.0 (74894117)|ENTERING_MANAGED_PKG|tdc_tsw
16:30:45.0 (75380096)|ENTERING_MANAGED_PKG|tdc_tsw
16:30:45.0 (76696840)|ENTERING_MANAGED_PKG|tdc_tsw
16:30:45.0 (77593671)|ENTERING_MANAGED_PKG|tdc_tsw
16:30:45.0 (77883669)|ENTERING_MANAGED_PKG|tdc_tsw
16:30:45.0 (78363222)|ENTERING_MANAGED_PKG|tdc_tsw
16:30:45.0 (79687568)|ENTERING_MANAGED_PKG|tdc_tsw
16:30:45.0 (80570023)|ENTERING_MANAGED_PKG|tdc_tsw
16:30:45.0 (80861664)|ENTERING_MANAGED_PKG|tdc_tsw
16:30:45.0 (81352127)|ENTERING_MANAGED_PKG|tdc_tsw
16:30:45.0 (82687512)|ENTERING_MANAGED_PKG|tdc_tsw
16:30:45.0 (83567760)|ENTERING_MANAGED_PKG|tdc_tsw
16:30:45.0 (83842318)|ENTERING_MANAGED_PKG|tdc_tsw
16:30:45.0 (84299593)|ENTERING_MANAGED_PKG|tdc_tsw
16:30:45.0 (85539472)|ENTERING_MANAGED_PKG|tdc_tsw
16:30:45.0 (86389269)|ENTERING_MANAGED_PKG|tdc_tsw
16:30:45.0 (86655117)|ENTERING_MANAGED_PKG|tdc_tsw
16:30:45.0 (87121134)|ENTERING_MANAGED_PKG|tdc_tsw
16:30:45.0 (88394537)|ENTERING_MANAGED_PKG|tdc_tsw
16:30:45.0 (89287618)|ENTERING_MANAGED_PKG|tdc_tsw
16:30:45.0 (89570984)|ENTERING_MANAGED_PKG|tdc_tsw
16:30:45.0 (90062067)|ENTERING_MANAGED_PKG|tdc_tsw
16:30:45.0 (91310373)|ENTERING_MANAGED_PKG|tdc_tsw
16:30:45.0 (92168907)|ENTERING_MANAGED_PKG|tdc_tsw
16:30:45.0 (92435889)|ENTERING_MANAGED_PKG|tdc_tsw
16:30:45.0 (92936488)|ENTERING_MANAGED_PKG|tdc_tsw
16:30:45.0 (94182200)|ENTERING_MANAGED_PKG|tdc_tsw
16:30:45.0 (95050633)|ENTERING_MANAGED_PKG|tdc_tsw
16:30:45.0 (95317609)|ENTERING_MANAGED_PKG|tdc_tsw
16:30:45.0 (95781449)|ENTERING_MANAGED_PKG|tdc_tsw
16:30:45.0 (97062141)|ENTERING_MANAGED_PKG|tdc_tsw
16:30:45.0 (97929294)|ENTERING_MANAGED_PKG|tdc_tsw
16:30:45.0 (98200393)|ENTERING_MANAGED_PKG|tdc_tsw
16:30:45.0 (98683249)|ENTERING_MANAGED_PKG|tdc_tsw
16:30:45.0 (99935001)|ENTERING_MANAGED_PKG|tdc_tsw
16:30:45.0 (100785026)|ENTERING_MANAGED_PKG|tdc_tsw
16:30:45.0 (101052575)|ENTERING_MANAGED_PKG|tdc_tsw
16:30:45.0 (101532603)|ENTERING_MANAGED_PKG|tdc_tsw
16:30:45.0 (102872392)|ENTERING_MANAGED_PKG|tdc_tsw
16:30:45.0 (103773938)|ENTERING_MANAGED_PKG|tdc_tsw
16:30:45.0 (104021490)|ENTERING_MANAGED_PKG|tdc_tsw
16:30:45.0 (104508757)|ENTERING_MANAGED_PKG|tdc_tsw
16:30:45.0 (105850995)|ENTERING_MANAGED_PKG|tdc_tsw
16:30:45.0 (106742488)|ENTERING_MANAGED_PKG|tdc_tsw
16:30:45.0 (107025615)|ENTERING_MANAGED_PKG|tdc_tsw
16:30:45.0 (107517012)|ENTERING_MANAGED_PKG|tdc_tsw
16:30:45.0 (108836478)|ENTERING_MANAGED_PKG|tdc_tsw
16:30:45.0 (109740533)|ENTERING_MANAGED_PKG|tdc_tsw
16:30:45.0 (110025786)|ENTERING_MANAGED_PKG|tdc_tsw
16:30:45.0 (110515808)|ENTERING_MANAGED_PKG|tdc_tsw
16:30:45.0 (111854746)|ENTERING_MANAGED_PKG|tdc_tsw
16:30:45.0 (112745571)|ENTERING_MANAGED_PKG|tdc_tsw
16:30:45.0 (113025826)|ENTERING_MANAGED_PKG|tdc_tsw
16:30:45.0 (113506023)|ENTERING_MANAGED_PKG|tdc_tsw
16:30:45.0 (114829669)|ENTERING_MANAGED_PKG|tdc_tsw
16:30:45.0 (115712287)|ENTERING_MANAGED_PKG|tdc_tsw
16:30:45.0 (115999184)|ENTERING_MANAGED_PKG|tdc_tsw
16:30:45.0 (116482036)|ENTERING_MANAGED_PKG|tdc_tsw
16:30:45.0 (117811369)|ENTERING_MANAGED_PKG|tdc_tsw
16:30:45.0 (118695840)|ENTERING_MANAGED_PKG|tdc_tsw
16:30:45.0 (118985015)|ENTERING_MANAGED_PKG|tdc_tsw
16:30:45.0 (119467836)|ENTERING_MANAGED_PKG|tdc_tsw
16:30:45.0 (120803726)|ENTERING_MANAGED_PKG|tdc_tsw
16:30:45.0 (121682986)|ENTERING_MANAGED_PKG|tdc_tsw
16:30:45.0 (121977940)|ENTERING_MANAGED_PKG|tdc_tsw
16:30:45.0 (122459945)|ENTERING_MANAGED_PKG|tdc_tsw
16:30:45.0 (123794058)|ENTERING_MANAGED_PKG|tdc_tsw
16:30:45.0 (124717434)|ENTERING_MANAGED_PKG|tdc_tsw
16:30:45.0 (125005442)|ENTERING_MANAGED_PKG|tdc_tsw
16:30:45.0 (125486278)|ENTERING_MANAGED_PKG|tdc_tsw
16:30:45.0 (126818960)|ENTERING_MANAGED_PKG|tdc_tsw
16:30:45.0 (127700276)|ENTERING_MANAGED_PKG|tdc_tsw
16:30:45.0 (127994556)|ENTERING_MANAGED_PKG|tdc_tsw
16:30:45.0 (128466961)|ENTERING_MANAGED_PKG|tdc_tsw
16:30:45.0 (129754591)|ENTERING_MANAGED_PKG|tdc_tsw
16:30:45.0 (130632893)|ENTERING_MANAGED_PKG|tdc_tsw
16:30:45.0 (130925568)|ENTERING_MANAGED_PKG|tdc_tsw
16:30:45.0 (131377865)|ENTERING_MANAGED_PKG|tdc_tsw
16:30:45.0 (132615397)|ENTERING_MANAGED_PKG|tdc_tsw
16:30:45.0 (133474531)|ENTERING_MANAGED_PKG|tdc_tsw
16:30:45.0 (133752516)|ENTERING_MANAGED_PKG|tdc_tsw
16:30:45.0 (134214533)|ENTERING_MANAGED_PKG|tdc_tsw
16:30:45.0 (135531167)|ENTERING_MANAGED_PKG|tdc_tsw
16:30:45.0 (136405418)|ENTERING_MANAGED_PKG|tdc_tsw
16:30:45.0 (136689449)|ENTERING_MANAGED_PKG|tdc_tsw
16:30:45.0 (137183029)|ENTERING_MANAGED_PKG|tdc_tsw
16:30:45.0 (138511694)|ENTERING_MANAGED_PKG|tdc_tsw
16:30:45.0 (139390761)|ENTERING_MANAGED_PKG|tdc_tsw
16:30:45.0 (139673122)|ENTERING_MANAGED_PKG|tdc_tsw
16:30:45.0 (140164379)|ENTERING_MANAGED_PKG|tdc_tsw
16:30:45.0 (141476475)|ENTERING_MANAGED_PKG|tdc_tsw
16:30:45.0 (142361961)|ENTERING_MANAGED_PKG|tdc_tsw
16:30:45.0 (142641002)|ENTERING_MANAGED_PKG|tdc_tsw
16:30:45.0 (143138428)|ENTERING_MANAGED_PKG|tdc_tsw
16:30:45.0 (144455694)|ENTERING_MANAGED_PKG|tdc_tsw
16:30:45.0 (145345508)|ENTERING_MANAGED_PKG|tdc_tsw
16:30:45.0 (145627079)|ENTERING_MANAGED_PKG|tdc_tsw
16:30:45.0 (146113520)|ENTERING_MANAGED_PKG|tdc_tsw
16:30:45.0 (147438741)|ENTERING_MANAGED_PKG|tdc_tsw
16:30:45.0 (148353953)|ENTERING_MANAGED_PKG|tdc_tsw
16:30:45.0 (148635081)|ENTERING_MANAGED_PKG|tdc_tsw
16:30:45.0 (149124192)|ENTERING_MANAGED_PKG|tdc_tsw
16:30:45.0 (150464195)|ENTERING_MANAGED_PKG|tdc_tsw
16:30:45.0 (151358931)|ENTERING_MANAGED_PKG|tdc_tsw
16:30:45.0 (151639517)|ENTERING_MANAGED_PKG|tdc_tsw
16:30:45.0 (152129572)|ENTERING_MANAGED_PKG|tdc_tsw
16:30:45.0 (153458934)|ENTERING_MANAGED_PKG|tdc_tsw
16:30:45.0 (154348030)|ENTERING_MANAGED_PKG|tdc_tsw
16:30:45.0 (154631334)|ENTERING_MANAGED_PKG|tdc_tsw
16:30:45.0 (155122956)|ENTERING_MANAGED_PKG|tdc_tsw
16:30:45.0 (156460557)|ENTERING_MANAGED_PKG|tdc_tsw
16:30:45.0 (157367231)|ENTERING_MANAGED_PKG|tdc_tsw
16:30:45.0 (157647958)|ENTERING_MANAGED_PKG|tdc_tsw
16:30:45.0 (158140465)|ENTERING_MANAGED_PKG|tdc_tsw
16:30:45.0 (159464394)|ENTERING_MANAGED_PKG|tdc_tsw
16:30:45.0 (160349897)|ENTERING_MANAGED_PKG|tdc_tsw
16:30:45.0 (160630543)|ENTERING_MANAGED_PKG|tdc_tsw
16:30:45.0 (161116940)|ENTERING_MANAGED_PKG|tdc_tsw
16:30:45.0 (162441807)|ENTERING_MANAGED_PKG|tdc_tsw
16:30:45.0 (163328638)|ENTERING_MANAGED_PKG|tdc_tsw
16:30:45.0 (163612192)|ENTERING_MANAGED_PKG|tdc_tsw
16:30:45.0 (164110321)|ENTERING_MANAGED_PKG|tdc_tsw
16:30:45.0 (165424425)|ENTERING_MANAGED_PKG|tdc_tsw
16:30:45.0 (166310356)|ENTERING_MANAGED_PKG|tdc_tsw
16:30:45.0 (166590428)|ENTERING_MANAGED_PKG|tdc_tsw
16:30:45.0 (167084823)|ENTERING_MANAGED_PKG|tdc_tsw
16:30:45.0 (168408838)|ENTERING_MANAGED_PKG|tdc_tsw
16:30:45.0 (169291259)|ENTERING_MANAGED_PKG|tdc_tsw
16:30:45.0 (169573210)|ENTERING_MANAGED_PKG|tdc_tsw
16:30:45.0 (170066488)|ENTERING_MANAGED_PKG|tdc_tsw
16:30:45.0 (171400670)|ENTERING_MANAGED_PKG|tdc_tsw
16:30:45.0 (172286375)|ENTERING_MANAGED_PKG|tdc_tsw
16:30:45.0 (172567526)|ENTERING_MANAGED_PKG|tdc_tsw
16:30:45.0 (173062779)|ENTERING_MANAGED_PKG|tdc_tsw
16:30:45.0 (174397554)|ENTERING_MANAGED_PKG|tdc_tsw
16:30:45.0 (175285978)|ENTERING_MANAGED_PKG|tdc_tsw
16:30:45.0 (175567450)|ENTERING_MANAGED_PKG|tdc_tsw
16:30:45.0 (176060614)|ENTERING_MANAGED_PKG|tdc_tsw
16:30:45.0 (177384511)|ENTERING_MANAGED_PKG|tdc_tsw
16:30:45.0 (178270683)|ENTERING_MANAGED_PKG|tdc_tsw
16:30:45.0 (178554233)|ENTERING_MANAGED_PKG|tdc_tsw
16:30:45.0 (179047153)|ENTERING_MANAGED_PKG|tdc_tsw
16:30:45.0 (180374251)|ENTERING_MANAGED_PKG|tdc_tsw
16:30:45.0 (181252663)|ENTERING_MANAGED_PKG|tdc_tsw
16:30:45.0 (181531728)|ENTERING_MANAGED_PKG|tdc_tsw
16:30:45.0 (182021511)|ENTERING_MANAGED_PKG|tdc_tsw
16:30:45.0 (183343249)|ENTERING_MANAGED_PKG|tdc_tsw
16:30:45.0 (184232184)|ENTERING_MANAGED_PKG|tdc_tsw
16:30:45.0 (184510714)|ENTERING_MANAGED_PKG|tdc_tsw
16:30:45.0 (185000180)|ENTERING_MANAGED_PKG|tdc_tsw
16:30:45.0 (186318338)|ENTERING_MANAGED_PKG|tdc_tsw
16:30:45.0 (187201502)|ENTERING_MANAGED_PKG|tdc_tsw
16:30:45.0 (187480455)|ENTERING_MANAGED_PKG|tdc_tsw
16:30:45.0 (188065971)|ENTERING_MANAGED_PKG|tdc_tsw
16:30:45.0 (189377736)|ENTERING_MANAGED_PKG|tdc_tsw
16:30:45.0 (190265902)|ENTERING_MANAGED_PKG|tdc_tsw
16:30:45.0 (190549544)|ENTERING_MANAGED_PKG|tdc_tsw
16:30:45.0 (191043772)|ENTERING_MANAGED_PKG|tdc_tsw
16:30:45.0 (192357211)|ENTERING_MANAGED_PKG|tdc_tsw
16:30:45.0 (193240950)|ENTERING_MANAGED_PKG|tdc_tsw
16:30:45.0 (193517604)|ENTERING_MANAGED_PKG|tdc_tsw
16:30:45.0 (194004250)|ENTERING_MANAGED_PKG|tdc_tsw
16:30:45.0 (195325108)|ENTERING_MANAGED_PKG|tdc_tsw
16:30:45.0 (196209179)|ENTERING_MANAGED_PKG|tdc_tsw
16:30:45.0 (196490697)|ENTERING_MANAGED_PKG|tdc_tsw
16:30:45.0 (196990512)|ENTERING_MANAGED_PKG|tdc_tsw
16:30:45.0 (198623660)|ENTERING_MANAGED_PKG|tdc_tsw
16:30:45.0 (199508273)|ENTERING_MANAGED_PKG|tdc_tsw
16:30:45.0 (199796244)|ENTERING_MANAGED_PKG|tdc_tsw
16:30:45.0 (200278800)|ENTERING_MANAGED_PKG|tdc_tsw
16:30:45.0 (201591708)|ENTERING_MANAGED_PKG|tdc_tsw
16:30:45.0 (202478541)|ENTERING_MANAGED_PKG|tdc_tsw
16:30:45.0 (202766089)|ENTERING_MANAGED_PKG|tdc_tsw
16:30:45.0 (203244833)|ENTERING_MANAGED_PKG|tdc_tsw
16:30:45.0 (204570314)|ENTERING_MANAGED_PKG|tdc_tsw
16:30:45.0 (205446606)|ENTERING_MANAGED_PKG|tdc_tsw
16:30:45.0 (205735758)|ENTERING_MANAGED_PKG|tdc_tsw
16:30:45.0 (206220400)|ENTERING_MANAGED_PKG|tdc_tsw
16:30:45.0 (207536342)|ENTERING_MANAGED_PKG|tdc_tsw
16:30:45.0 (208421100)|ENTERING_MANAGED_PKG|tdc_tsw
16:30:45.0 (208702645)|ENTERING_MANAGED_PKG|tdc_tsw
16:30:45.0 (209189959)|ENTERING_MANAGED_PKG|tdc_tsw
16:30:45.0 (210509671)|ENTERING_MANAGED_PKG|tdc_tsw
16:30:45.0 (211390287)|ENTERING_MANAGED_PKG|tdc_tsw
16:30:45.0 (211671748)|ENTERING_MANAGED_PKG|tdc_tsw
16:30:45.0 (212162731)|ENTERING_MANAGED_PKG|tdc_tsw
16:30:45.0 (213478983)|ENTERING_MANAGED_PKG|tdc_tsw
16:30:45.0 (214370783)|ENTERING_MANAGED_PKG|tdc_tsw
16:30:45.0 (214650614)|ENTERING_MANAGED_PKG|tdc_tsw
16:30:45.0 (215137617)|ENTERING_MANAGED_PKG|tdc_tsw
16:30:45.0 (216462673)|ENTERING_MANAGED_PKG|tdc_tsw
16:30:45.0 (217348402)|ENTERING_MANAGED_PKG|tdc_tsw
16:30:45.0 (217627330)|ENTERING_MANAGED_PKG|tdc_tsw
16:30:45.0 (218118966)|ENTERING_MANAGED_PKG|tdc_tsw
16:30:45.0 (219428974)|ENTERING_MANAGED_PKG|tdc_tsw
16:30:45.0 (220318449)|ENTERING_MANAGED_PKG|tdc_tsw
16:30:45.0 (220600097)|ENTERING_MANAGED_PKG|tdc_tsw
16:30:45.0 (221096646)|ENTERING_MANAGED_PKG|tdc_tsw
16:30:45.0 (222429480)|ENTERING_MANAGED_PKG|tdc_tsw
16:30:45.0 (223313889)|ENTERING_MANAGED_PKG|tdc_tsw
16:30:45.0 (223593533)|ENTERING_MANAGED_PKG|tdc_tsw
16:30:45.0 (224089722)|ENTERING_MANAGED_PKG|tdc_tsw
16:30:45.0 (225411188)|ENTERING_MANAGED_PKG|tdc_tsw
16:30:45.0 (226297834)|ENTERING_MANAGED_PKG|tdc_tsw
16:30:45.0 (226578228)|ENTERING_MANAGED_PKG|tdc_tsw
16:30:45.0 (227066948)|ENTERING_MANAGED_PKG|tdc_tsw
16:30:45.0 (228233237)|ENTERING_MANAGED_PKG|tdc_tsw
16:30:45.0 (229005111)|ENTERING_MANAGED_PKG|tdc_tsw
16:30:45.0 (229252575)|ENTERING_MANAGED_PKG|tdc_tsw
16:30:45.0 (229653487)|ENTERING_MANAGED_PKG|tdc_tsw
16:30:45.0 (230780269)|ENTERING_MANAGED_PKG|tdc_tsw
16:30:45.0 (231530296)|ENTERING_MANAGED_PKG|tdc_tsw
16:30:45.0 (231772994)|ENTERING_MANAGED_PKG|tdc_tsw
16:30:45.0 (232180424)|ENTERING_MANAGED_PKG|tdc_tsw
16:30:45.0 (233289834)|ENTERING_MANAGED_PKG|tdc_tsw
16:30:45.0 (234037003)|ENTERING_MANAGED_PKG|tdc_tsw
16:30:45.0 (234280942)|ENTERING_MANAGED_PKG|tdc_tsw
16:30:45.0 (234683274)|ENTERING_MANAGED_PKG|tdc_tsw
16:30:45.0 (235797257)|ENTERING_MANAGED_PKG|tdc_tsw
16:30:45.0 (236540213)|ENTERING_MANAGED_PKG|tdc_tsw
16:30:45.0 (236785008)|ENTERING_MANAGED_PKG|tdc_tsw
16:30:45.0 (237184265)|ENTERING_MANAGED_PKG|tdc_tsw
16:30:45.0 (238285398)|ENTERING_MANAGED_PKG|tdc_tsw
16:30:45.0 (239030746)|ENTERING_MANAGED_PKG|tdc_tsw
16:30:45.0 (239266624)|ENTERING_MANAGED_PKG|tdc_tsw
16:30:45.0 (239668898)|ENTERING_MANAGED_PKG|tdc_tsw
16:30:45.0 (240784569)|ENTERING_MANAGED_PKG|tdc_tsw
16:30:45.0 (241530995)|ENTERING_MANAGED_PKG|tdc_tsw
16:30:45.0 (241772172)|ENTERING_MANAGED_PKG|tdc_tsw
16:30:45.0 (242176197)|ENTERING_MANAGED_PKG|tdc_tsw
16:30:45.0 (243282489)|ENTERING_MANAGED_PKG|tdc_tsw
16:30:45.0 (244026363)|ENTERING_MANAGED_PKG|tdc_tsw
16:30:45.0 (244262798)|ENTERING_MANAGED_PKG|tdc_tsw
16:30:45.0 (244660527)|ENTERING_MANAGED_PKG|tdc_tsw
16:30:45.0 (245774415)|ENTERING_MANAGED_PKG|tdc_tsw
16:30:45.0 (246512060)|ENTERING_MANAGED_PKG|tdc_tsw
16:30:45.0 (246755707)|ENTERING_MANAGED_PKG|tdc_tsw
16:30:45.0 (247157579)|ENTERING_MANAGED_PKG|tdc_tsw
16:30:45.0 (248261474)|ENTERING_MANAGED_PKG|tdc_tsw
16:30:45.0 (249004923)|ENTERING_MANAGED_PKG|tdc_tsw
16:30:45.0 (249238134)|ENTERING_MANAGED_PKG|tdc_tsw
16:30:45.0 (249638841)|ENTERING_MANAGED_PKG|tdc_tsw
16:30:45.0 (250755323)|ENTERING_MANAGED_PKG|tdc_tsw
16:30:45.0 (251502527)|ENTERING_MANAGED_PKG|tdc_tsw
16:30:45.0 (251742814)|ENTERING_MANAGED_PKG|tdc_tsw
16:30:45.0 (252145470)|ENTERING_MANAGED_PKG|tdc_tsw
16:30:45.0 (253247379)|ENTERING_MANAGED_PKG|tdc_tsw
16:30:45.0 (253989117)|ENTERING_MANAGED_PKG|tdc_tsw
16:30:45.0 (254224243)|ENTERING_MANAGED_PKG|tdc_tsw
16:30:45.0 (254624944)|ENTERING_MANAGED_PKG|tdc_tsw
16:30:45.0 (260284942)|ENTERING_MANAGED_PKG|tdc_tsw
16:30:45.0 (261273010)|ENTERING_MANAGED_PKG|tdc_tsw
16:30:45.0 (261367911)|ENTERING_MANAGED_PKG|tdc_tsw
16:30:45.0 (262029392)|SOQL_EXECUTE_BEGIN|[200]|Aggregations:0|SELECT Name, NamespacePrefix, SystemModStamp FROM StaticResource WHERE Name LIKE :tmpVar1 LIMIT 10
16:30:45.0 (265273204)|SOQL_EXECUTE_END|[200]|Rows:1
16:30:45.0 (266158361)|ENTERING_MANAGED_PKG|tdc_tsw
16:30:45.0 (266543440)|SOQL_EXECUTE_BEGIN|[200]|Aggregations:0|SELECT Name, NamespacePrefix, SystemModStamp FROM StaticResource WHERE Name LIKE :tmpVar1 LIMIT 10
16:30:45.0 (268804640)|SOQL_EXECUTE_END|[200]|Rows:1
16:30:45.0 (269196031)|ENTERING_MANAGED_PKG|tdc_tsw
16:30:45.0 (285922141)|ENTERING_MANAGED_PKG|tdc_tsw
16:30:45.0 (287857985)|ENTERING_MANAGED_PKG|tdc_tsw
16:30:45.0 (288259526)|ENTERING_MANAGED_PKG|tdc_tsw
16:30:45.0 (289380044)|ENTERING_MANAGED_PKG|tdc_tsw
16:30:45.0 (289973684)|SOQL_EXECUTE_BEGIN|[200]|Aggregations:0|SELECT Name, NamespacePrefix, SystemModStamp FROM StaticResource WHERE Name LIKE :tmpVar1 LIMIT 10
16:30:45.0 (293262938)|SOQL_EXECUTE_END|[200]|Rows:1
16:30:45.307 (307685424)|USER_INFO|[EXTERNAL]|0051H000009gxp8|chanida.dev2@solvedbysoftwareco.com|Eastern Standard Time|GMT-05:00
16:30:45.307 (309482205)|ENTERING_MANAGED_PKG|tdc_tsw
16:30:45.307 (309712562)|ENTERING_MANAGED_PKG|tdc_tsw
16:30:45.307 (312414126)|SOQL_EXECUTE_BEGIN|[355]|Aggregations:0|SELECT id, name, Disable_Incoming_SMS_Sharing__c FROM User WHERE id = :tmpVar1
16:30:45.307 (319072230)|SOQL_EXECUTE_END|[355]|Rows:1
16:30:45.307 (320549642)|SOQL_EXECUTE_BEGIN|[367]|Aggregations:0|SELECT CreatedDate,Id,LastModifiedDate,Related_Object_Id__c FROM Message__c WHERE Name = 'Incoming' AND Read__c = false ORDER BY CreatedDate Desc limit 100
16:30:45.307 (330955472)|SOQL_EXECUTE_END|[367]|Rows:100
