44.0 APEX_CODE,FINEST;APEX_PROFILING,INFO;CALLOUT,INFO;DB,INFO;NBA,INFO;SYSTEM,DEBUG;VALIDATION,INFO;VISUALFORCE,INFO;WAVE,INFO;WORKFLOW,INFO
14:03:10.0 (126812)|USER_INFO|[EXTERNAL]|0051H000009gxp8|chanida.dev2@solvedbysoftwareco.com|Eastern Standard Time|GMT-05:00
14:03:10.0 (1757095)|ENTERING_MANAGED_PKG|tdc_tsw
14:03:10.0 (2230781)|ENTERING_MANAGED_PKG|tdc_tsw
14:03:10.0 (5879376)|SOQL_EXECUTE_BEGIN|[16]|Aggregations:0|SELECT id, name, Disable_Incoming_SMS_Sharing__c FROM User WHERE id = :tmpVar1
14:03:10.0 (12936430)|SOQL_EXECUTE_END|[16]|Rows:1
14:03:10.0 (18589647)|SOQL_EXECUTE_BEGIN|[37]|Aggregations:0|SELECT CreatedDate,Created_Date__c,Id,LastModifiedDate,MessageId__c,Message_Text_New__c,Name,OwnerId,Read__c,Related_Object_Id__c,Related_Object__c,Sender_Number__c, Sender_Name__c,ToNumber__c,Attachments_Ids__c FROM Message__c WHERE Name = 'Incoming' AND Read__c = false ORDER BY CreatedDate Desc limit 100
14:03:10.0 (36217260)|SOQL_EXECUTE_END|[37]|Rows:100
14:03:10.0 (56953942)|ENTERING_MANAGED_PKG|tdc_tsw
14:03:10.0 (58744370)|ENTERING_MANAGED_PKG|tdc_tsw
14:03:10.0 (59234192)|ENTERING_MANAGED_PKG|tdc_tsw
14:03:10.0 (59918697)|ENTERING_MANAGED_PKG|tdc_tsw
14:03:10.0 (62749225)|ENTERING_MANAGED_PKG|tdc_tsw
14:03:10.0 (63536238)|ENTERING_MANAGED_PKG|tdc_tsw
14:03:10.0 (63777555)|ENTERING_MANAGED_PKG|tdc_tsw
14:03:10.0 (64178965)|ENTERING_MANAGED_PKG|tdc_tsw
14:03:10.0 (65263428)|ENTERING_MANAGED_PKG|tdc_tsw
14:03:10.0 (66014092)|ENTERING_MANAGED_PKG|tdc_tsw
14:03:10.0 (66244978)|ENTERING_MANAGED_PKG|tdc_tsw
14:03:10.0 (66627643)|ENTERING_MANAGED_PKG|tdc_tsw
14:03:10.0 (67695405)|ENTERING_MANAGED_PKG|tdc_tsw
14:03:10.0 (68427374)|ENTERING_MANAGED_PKG|tdc_tsw
14:03:10.0 (68697437)|ENTERING_MANAGED_PKG|tdc_tsw
14:03:10.0 (69094448)|ENTERING_MANAGED_PKG|tdc_tsw
14:03:10.0 (70160694)|ENTERING_MANAGED_PKG|tdc_tsw
14:03:10.0 (70944858)|ENTERING_MANAGED_PKG|tdc_tsw
14:03:10.0 (71187899)|ENTERING_MANAGED_PKG|tdc_tsw
14:03:10.0 (71587771)|ENTERING_MANAGED_PKG|tdc_tsw
14:03:10.0 (72652972)|ENTERING_MANAGED_PKG|tdc_tsw
14:03:10.0 (73387350)|ENTERING_MANAGED_PKG|tdc_tsw
14:03:10.0 (73604588)|ENTERING_MANAGED_PKG|tdc_tsw
14:03:10.0 (73997801)|ENTERING_MANAGED_PKG|tdc_tsw
14:03:10.0 (90335798)|ENTERING_MANAGED_PKG|tdc_tsw
14:03:10.0 (91182343)|ENTERING_MANAGED_PKG|tdc_tsw
14:03:10.0 (91423397)|ENTERING_MANAGED_PKG|tdc_tsw
14:03:10.0 (91830591)|ENTERING_MANAGED_PKG|tdc_tsw
14:03:10.0 (92919238)|ENTERING_MANAGED_PKG|tdc_tsw
14:03:10.0 (93670841)|ENTERING_MANAGED_PKG|tdc_tsw
14:03:10.0 (93901871)|ENTERING_MANAGED_PKG|tdc_tsw
14:03:10.0 (94297607)|ENTERING_MANAGED_PKG|tdc_tsw
14:03:10.0 (95372078)|ENTERING_MANAGED_PKG|tdc_tsw
14:03:10.0 (96124763)|ENTERING_MANAGED_PKG|tdc_tsw
14:03:10.0 (96399745)|ENTERING_MANAGED_PKG|tdc_tsw
14:03:10.0 (96792372)|ENTERING_MANAGED_PKG|tdc_tsw
14:03:10.0 (97919376)|ENTERING_MANAGED_PKG|tdc_tsw
14:03:10.0 (98654873)|ENTERING_MANAGED_PKG|tdc_tsw
14:03:10.0 (98884490)|ENTERING_MANAGED_PKG|tdc_tsw
14:03:10.0 (99317735)|ENTERING_MANAGED_PKG|tdc_tsw
14:03:10.0 (100415995)|ENTERING_MANAGED_PKG|tdc_tsw
14:03:10.0 (101188726)|ENTERING_MANAGED_PKG|tdc_tsw
14:03:10.0 (101423704)|ENTERING_MANAGED_PKG|tdc_tsw
14:03:10.0 (101805071)|ENTERING_MANAGED_PKG|tdc_tsw
14:03:10.0 (102882899)|ENTERING_MANAGED_PKG|tdc_tsw
14:03:10.0 (103619734)|ENTERING_MANAGED_PKG|tdc_tsw
14:03:10.0 (103848478)|ENTERING_MANAGED_PKG|tdc_tsw
14:03:10.0 (104239086)|ENTERING_MANAGED_PKG|tdc_tsw
14:03:10.0 (105356258)|ENTERING_MANAGED_PKG|tdc_tsw
14:03:10.0 (106102875)|ENTERING_MANAGED_PKG|tdc_tsw
14:03:10.0 (106331425)|ENTERING_MANAGED_PKG|tdc_tsw
14:03:10.0 (106714043)|ENTERING_MANAGED_PKG|tdc_tsw
14:03:10.0 (107798843)|ENTERING_MANAGED_PKG|tdc_tsw
14:03:10.0 (108526606)|ENTERING_MANAGED_PKG|tdc_tsw
14:03:10.0 (108755123)|ENTERING_MANAGED_PKG|tdc_tsw
14:03:10.0 (109145962)|ENTERING_MANAGED_PKG|tdc_tsw
14:03:10.0 (110214183)|ENTERING_MANAGED_PKG|tdc_tsw
14:03:10.0 (110954170)|ENTERING_MANAGED_PKG|tdc_tsw
14:03:10.0 (111182624)|ENTERING_MANAGED_PKG|tdc_tsw
14:03:10.0 (111564038)|ENTERING_MANAGED_PKG|tdc_tsw
14:03:10.0 (112622950)|ENTERING_MANAGED_PKG|tdc_tsw
14:03:10.0 (113386433)|ENTERING_MANAGED_PKG|tdc_tsw
14:03:10.0 (113614833)|ENTERING_MANAGED_PKG|tdc_tsw
14:03:10.0 (114003429)|ENTERING_MANAGED_PKG|tdc_tsw
14:03:10.0 (115086565)|ENTERING_MANAGED_PKG|tdc_tsw
14:03:10.0 (115810266)|ENTERING_MANAGED_PKG|tdc_tsw
14:03:10.0 (116053217)|ENTERING_MANAGED_PKG|tdc_tsw
14:03:10.0 (116437597)|ENTERING_MANAGED_PKG|tdc_tsw
14:03:10.0 (117500006)|ENTERING_MANAGED_PKG|tdc_tsw
14:03:10.0 (118241145)|ENTERING_MANAGED_PKG|tdc_tsw
14:03:10.0 (118469959)|ENTERING_MANAGED_PKG|tdc_tsw
14:03:10.0 (118852128)|ENTERING_MANAGED_PKG|tdc_tsw
14:03:10.0 (119954884)|ENTERING_MANAGED_PKG|tdc_tsw
14:03:10.0 (120669796)|ENTERING_MANAGED_PKG|tdc_tsw
14:03:10.0 (120898165)|ENTERING_MANAGED_PKG|tdc_tsw
14:03:10.0 (121289559)|ENTERING_MANAGED_PKG|tdc_tsw
14:03:10.0 (122414222)|ENTERING_MANAGED_PKG|tdc_tsw
14:03:10.0 (123144206)|ENTERING_MANAGED_PKG|tdc_tsw
14:03:10.0 (123373521)|ENTERING_MANAGED_PKG|tdc_tsw
14:03:10.0 (123756314)|ENTERING_MANAGED_PKG|tdc_tsw
14:03:10.0 (124829962)|ENTERING_MANAGED_PKG|tdc_tsw
14:03:10.0 (125603423)|ENTERING_MANAGED_PKG|tdc_tsw
14:03:10.0 (125832297)|ENTERING_MANAGED_PKG|tdc_tsw
14:03:10.0 (126224654)|ENTERING_MANAGED_PKG|tdc_tsw
14:03:10.0 (127315310)|ENTERING_MANAGED_PKG|tdc_tsw
14:03:10.0 (128078830)|ENTERING_MANAGED_PKG|tdc_tsw
14:03:10.0 (128308669)|ENTERING_MANAGED_PKG|tdc_tsw
14:03:10.0 (128688815)|ENTERING_MANAGED_PKG|tdc_tsw
14:03:10.0 (129769570)|ENTERING_MANAGED_PKG|tdc_tsw
14:03:10.0 (130542714)|ENTERING_MANAGED_PKG|tdc_tsw
14:03:10.0 (130770602)|ENTERING_MANAGED_PKG|tdc_tsw
14:03:10.0 (131169182)|ENTERING_MANAGED_PKG|tdc_tsw
14:03:10.0 (132231804)|ENTERING_MANAGED_PKG|tdc_tsw
14:03:10.0 (132993034)|ENTERING_MANAGED_PKG|tdc_tsw
14:03:10.0 (133356720)|ENTERING_MANAGED_PKG|tdc_tsw
14:03:10.0 (134124580)|ENTERING_MANAGED_PKG|tdc_tsw
14:03:10.0 (136617380)|ENTERING_MANAGED_PKG|tdc_tsw
14:03:10.0 (137397480)|ENTERING_MANAGED_PKG|tdc_tsw
14:03:10.0 (137631148)|ENTERING_MANAGED_PKG|tdc_tsw
14:03:10.0 (138029370)|ENTERING_MANAGED_PKG|tdc_tsw
14:03:10.0 (139166998)|ENTERING_MANAGED_PKG|tdc_tsw
14:03:10.0 (139896624)|ENTERING_MANAGED_PKG|tdc_tsw
14:03:10.0 (140133642)|ENTERING_MANAGED_PKG|tdc_tsw
14:03:10.0 (140516803)|ENTERING_MANAGED_PKG|tdc_tsw
14:03:10.0 (141606085)|ENTERING_MANAGED_PKG|tdc_tsw
14:03:10.0 (142337240)|ENTERING_MANAGED_PKG|tdc_tsw
14:03:10.0 (142566831)|ENTERING_MANAGED_PKG|tdc_tsw
14:03:10.0 (142963013)|ENTERING_MANAGED_PKG|tdc_tsw
14:03:10.0 (144034692)|ENTERING_MANAGED_PKG|tdc_tsw
14:03:10.0 (144762524)|ENTERING_MANAGED_PKG|tdc_tsw
14:03:10.0 (144997648)|ENTERING_MANAGED_PKG|tdc_tsw
14:03:10.0 (145390986)|ENTERING_MANAGED_PKG|tdc_tsw
14:03:10.0 (146468168)|ENTERING_MANAGED_PKG|tdc_tsw
14:03:10.0 (147236544)|ENTERING_MANAGED_PKG|tdc_tsw
14:03:10.0 (147466964)|ENTERING_MANAGED_PKG|tdc_tsw
14:03:10.0 (147846846)|ENTERING_MANAGED_PKG|tdc_tsw
14:03:10.0 (148909384)|ENTERING_MANAGED_PKG|tdc_tsw
14:03:10.0 (149641977)|ENTERING_MANAGED_PKG|tdc_tsw
14:03:10.0 (149870348)|ENTERING_MANAGED_PKG|tdc_tsw
14:03:10.0 (150261989)|ENTERING_MANAGED_PKG|tdc_tsw
14:03:10.0 (151332205)|ENTERING_MANAGED_PKG|tdc_tsw
14:03:10.0 (152065323)|ENTERING_MANAGED_PKG|tdc_tsw
14:03:10.0 (152293278)|ENTERING_MANAGED_PKG|tdc_tsw
14:03:10.0 (152674344)|ENTERING_MANAGED_PKG|tdc_tsw
14:03:10.0 (153755244)|ENTERING_MANAGED_PKG|tdc_tsw
14:03:10.0 (154539729)|ENTERING_MANAGED_PKG|tdc_tsw
14:03:10.0 (154892596)|ENTERING_MANAGED_PKG|tdc_tsw
14:03:10.0 (155373314)|ENTERING_MANAGED_PKG|tdc_tsw
14:03:10.0 (156495471)|ENTERING_MANAGED_PKG|tdc_tsw
14:03:10.0 (157222711)|ENTERING_MANAGED_PKG|tdc_tsw
14:03:10.0 (157450984)|ENTERING_MANAGED_PKG|tdc_tsw
14:03:10.0 (157831948)|ENTERING_MANAGED_PKG|tdc_tsw
14:03:10.0 (158892946)|ENTERING_MANAGED_PKG|tdc_tsw
14:03:10.0 (159666009)|ENTERING_MANAGED_PKG|tdc_tsw
14:03:10.0 (159908111)|ENTERING_MANAGED_PKG|tdc_tsw
14:03:10.0 (160310345)|ENTERING_MANAGED_PKG|tdc_tsw
14:03:10.0 (161386477)|ENTERING_MANAGED_PKG|tdc_tsw
14:03:10.0 (162119964)|ENTERING_MANAGED_PKG|tdc_tsw
14:03:10.0 (162347673)|ENTERING_MANAGED_PKG|tdc_tsw
14:03:10.0 (162730585)|ENTERING_MANAGED_PKG|tdc_tsw
14:03:10.0 (163854906)|ENTERING_MANAGED_PKG|tdc_tsw
14:03:10.0 (164585448)|ENTERING_MANAGED_PKG|tdc_tsw
14:03:10.0 (164813813)|ENTERING_MANAGED_PKG|tdc_tsw
14:03:10.0 (165203988)|ENTERING_MANAGED_PKG|tdc_tsw
14:03:10.0 (166269953)|ENTERING_MANAGED_PKG|tdc_tsw
14:03:10.0 (167017226)|ENTERING_MANAGED_PKG|tdc_tsw
14:03:10.0 (167266868)|ENTERING_MANAGED_PKG|tdc_tsw
14:03:10.0 (167649825)|ENTERING_MANAGED_PKG|tdc_tsw
14:03:10.0 (168749421)|ENTERING_MANAGED_PKG|tdc_tsw
14:03:10.0 (169484629)|ENTERING_MANAGED_PKG|tdc_tsw
14:03:10.0 (169713194)|ENTERING_MANAGED_PKG|tdc_tsw
14:03:10.0 (170103853)|ENTERING_MANAGED_PKG|tdc_tsw
14:03:10.0 (171189300)|ENTERING_MANAGED_PKG|tdc_tsw
14:03:10.0 (171906874)|ENTERING_MANAGED_PKG|tdc_tsw
14:03:10.0 (172176479)|ENTERING_MANAGED_PKG|tdc_tsw
14:03:10.0 (172580133)|ENTERING_MANAGED_PKG|tdc_tsw
14:03:10.0 (173640325)|ENTERING_MANAGED_PKG|tdc_tsw
14:03:10.0 (174369814)|ENTERING_MANAGED_PKG|tdc_tsw
14:03:10.0 (174598001)|ENTERING_MANAGED_PKG|tdc_tsw
14:03:10.0 (174988898)|ENTERING_MANAGED_PKG|tdc_tsw
14:03:10.0 (176146805)|ENTERING_MANAGED_PKG|tdc_tsw
14:03:10.0 (177737785)|ENTERING_MANAGED_PKG|tdc_tsw
14:03:10.0 (178161080)|ENTERING_MANAGED_PKG|tdc_tsw
14:03:10.0 (178899492)|ENTERING_MANAGED_PKG|tdc_tsw
14:03:10.0 (180304326)|ENTERING_MANAGED_PKG|tdc_tsw
14:03:10.0 (181094714)|ENTERING_MANAGED_PKG|tdc_tsw
14:03:10.0 (181327725)|ENTERING_MANAGED_PKG|tdc_tsw
14:03:10.0 (181781042)|ENTERING_MANAGED_PKG|tdc_tsw
14:03:10.0 (182871776)|ENTERING_MANAGED_PKG|tdc_tsw
14:03:10.0 (183634149)|ENTERING_MANAGED_PKG|tdc_tsw
14:03:10.0 (183864380)|ENTERING_MANAGED_PKG|tdc_tsw
14:03:10.0 (184253448)|ENTERING_MANAGED_PKG|tdc_tsw
14:03:10.0 (185335370)|ENTERING_MANAGED_PKG|tdc_tsw
14:03:10.0 (186134210)|ENTERING_MANAGED_PKG|tdc_tsw
14:03:10.0 (186424768)|ENTERING_MANAGED_PKG|tdc_tsw
14:03:10.0 (186849698)|ENTERING_MANAGED_PKG|tdc_tsw
14:03:10.0 (187947653)|ENTERING_MANAGED_PKG|tdc_tsw
14:03:10.0 (188719716)|ENTERING_MANAGED_PKG|tdc_tsw
14:03:10.0 (188959850)|ENTERING_MANAGED_PKG|tdc_tsw
14:03:10.0 (189344923)|ENTERING_MANAGED_PKG|tdc_tsw
14:03:10.0 (190666216)|ENTERING_MANAGED_PKG|tdc_tsw
14:03:10.0 (191575713)|ENTERING_MANAGED_PKG|tdc_tsw
14:03:10.0 (191940271)|ENTERING_MANAGED_PKG|tdc_tsw
14:03:10.0 (192385524)|ENTERING_MANAGED_PKG|tdc_tsw
14:03:10.0 (193499013)|ENTERING_MANAGED_PKG|tdc_tsw
14:03:10.0 (194241368)|ENTERING_MANAGED_PKG|tdc_tsw
14:03:10.0 (194484075)|ENTERING_MANAGED_PKG|tdc_tsw
14:03:10.0 (194877984)|ENTERING_MANAGED_PKG|tdc_tsw
14:03:10.0 (195982932)|ENTERING_MANAGED_PKG|tdc_tsw
14:03:10.0 (196708061)|ENTERING_MANAGED_PKG|tdc_tsw
14:03:10.0 (196945603)|ENTERING_MANAGED_PKG|tdc_tsw
14:03:10.0 (197333374)|ENTERING_MANAGED_PKG|tdc_tsw
14:03:10.0 (198459534)|ENTERING_MANAGED_PKG|tdc_tsw
14:03:10.0 (199204817)|ENTERING_MANAGED_PKG|tdc_tsw
14:03:10.0 (199434696)|ENTERING_MANAGED_PKG|tdc_tsw
14:03:10.0 (199926564)|ENTERING_MANAGED_PKG|tdc_tsw
14:03:10.0 (201117575)|ENTERING_MANAGED_PKG|tdc_tsw
14:03:10.0 (201859270)|ENTERING_MANAGED_PKG|tdc_tsw
14:03:10.0 (202100140)|ENTERING_MANAGED_PKG|tdc_tsw
14:03:10.0 (202529772)|ENTERING_MANAGED_PKG|tdc_tsw
14:03:10.0 (203682714)|ENTERING_MANAGED_PKG|tdc_tsw
14:03:10.0 (204903500)|ENTERING_MANAGED_PKG|tdc_tsw
14:03:10.0 (205423060)|ENTERING_MANAGED_PKG|tdc_tsw
14:03:10.0 (206078432)|ENTERING_MANAGED_PKG|tdc_tsw
14:03:10.0 (207273872)|ENTERING_MANAGED_PKG|tdc_tsw
14:03:10.0 (208052447)|ENTERING_MANAGED_PKG|tdc_tsw
14:03:10.0 (208283517)|ENTERING_MANAGED_PKG|tdc_tsw
14:03:10.0 (208666766)|ENTERING_MANAGED_PKG|tdc_tsw
14:03:10.0 (209757226)|ENTERING_MANAGED_PKG|tdc_tsw
14:03:10.0 (210496035)|ENTERING_MANAGED_PKG|tdc_tsw
14:03:10.0 (210725710)|ENTERING_MANAGED_PKG|tdc_tsw
14:03:10.0 (211123806)|ENTERING_MANAGED_PKG|tdc_tsw
14:03:10.0 (212296141)|ENTERING_MANAGED_PKG|tdc_tsw
14:03:10.0 (213047762)|ENTERING_MANAGED_PKG|tdc_tsw
14:03:10.0 (213277350)|ENTERING_MANAGED_PKG|tdc_tsw
14:03:10.0 (213659343)|ENTERING_MANAGED_PKG|tdc_tsw
14:03:10.0 (214736188)|ENTERING_MANAGED_PKG|tdc_tsw
14:03:10.0 (215473008)|ENTERING_MANAGED_PKG|tdc_tsw
14:03:10.0 (215750144)|ENTERING_MANAGED_PKG|tdc_tsw
14:03:10.0 (216179650)|ENTERING_MANAGED_PKG|tdc_tsw
14:03:10.0 (217252159)|ENTERING_MANAGED_PKG|tdc_tsw
14:03:10.0 (217990560)|ENTERING_MANAGED_PKG|tdc_tsw
14:03:10.0 (218219375)|ENTERING_MANAGED_PKG|tdc_tsw
14:03:10.0 (218610425)|ENTERING_MANAGED_PKG|tdc_tsw
14:03:10.0 (219886815)|ENTERING_MANAGED_PKG|tdc_tsw
14:03:10.0 (220685490)|ENTERING_MANAGED_PKG|tdc_tsw
14:03:10.0 (220916873)|ENTERING_MANAGED_PKG|tdc_tsw
14:03:10.0 (221316409)|ENTERING_MANAGED_PKG|tdc_tsw
14:03:10.0 (222408463)|ENTERING_MANAGED_PKG|tdc_tsw
14:03:10.0 (223192471)|ENTERING_MANAGED_PKG|tdc_tsw
14:03:10.0 (223422100)|ENTERING_MANAGED_PKG|tdc_tsw
14:03:10.0 (223815084)|ENTERING_MANAGED_PKG|tdc_tsw
14:03:10.0 (224944480)|ENTERING_MANAGED_PKG|tdc_tsw
14:03:10.0 (225671500)|ENTERING_MANAGED_PKG|tdc_tsw
14:03:10.0 (225907222)|ENTERING_MANAGED_PKG|tdc_tsw
14:03:10.0 (226310605)|ENTERING_MANAGED_PKG|tdc_tsw
14:03:10.0 (227421995)|ENTERING_MANAGED_PKG|tdc_tsw
14:03:10.0 (228218865)|ENTERING_MANAGED_PKG|tdc_tsw
14:03:10.0 (228448908)|ENTERING_MANAGED_PKG|tdc_tsw
14:03:10.0 (228839575)|ENTERING_MANAGED_PKG|tdc_tsw
14:03:10.0 (229921742)|ENTERING_MANAGED_PKG|tdc_tsw
14:03:10.0 (230675143)|ENTERING_MANAGED_PKG|tdc_tsw
14:03:10.0 (230904191)|ENTERING_MANAGED_PKG|tdc_tsw
14:03:10.0 (231311295)|ENTERING_MANAGED_PKG|tdc_tsw
14:03:10.0 (232387667)|ENTERING_MANAGED_PKG|tdc_tsw
14:03:10.0 (233135390)|ENTERING_MANAGED_PKG|tdc_tsw
14:03:10.0 (233381587)|ENTERING_MANAGED_PKG|tdc_tsw
14:03:10.0 (233770458)|ENTERING_MANAGED_PKG|tdc_tsw
14:03:10.0 (235030054)|ENTERING_MANAGED_PKG|tdc_tsw
14:03:10.0 (235890797)|ENTERING_MANAGED_PKG|tdc_tsw
14:03:10.0 (235973235)|ENTERING_MANAGED_PKG|tdc_tsw
14:03:10.0 (236566071)|SOQL_EXECUTE_BEGIN|[200]|Aggregations:0|SELECT Name, NamespacePrefix, SystemModStamp FROM StaticResource WHERE Name LIKE :tmpVar1 LIMIT 10
14:03:10.0 (243043216)|SOQL_EXECUTE_END|[200]|Rows:1
14:03:10.0 (244003243)|ENTERING_MANAGED_PKG|tdc_tsw
14:03:10.0 (244405996)|SOQL_EXECUTE_BEGIN|[200]|Aggregations:0|SELECT Name, NamespacePrefix, SystemModStamp FROM StaticResource WHERE Name LIKE :tmpVar1 LIMIT 10
14:03:10.0 (246816443)|SOQL_EXECUTE_END|[200]|Rows:1
14:03:10.0 (247259405)|ENTERING_MANAGED_PKG|tdc_tsw
14:03:10.0 (250909848)|ENTERING_MANAGED_PKG|tdc_tsw
14:03:10.0 (252435528)|ENTERING_MANAGED_PKG|tdc_tsw
14:03:10.0 (252782755)|ENTERING_MANAGED_PKG|tdc_tsw
14:03:10.0 (253735806)|ENTERING_MANAGED_PKG|tdc_tsw
14:03:10.0 (254208070)|SOQL_EXECUTE_BEGIN|[200]|Aggregations:0|SELECT Name, NamespacePrefix, SystemModStamp FROM StaticResource WHERE Name LIKE :tmpVar1 LIMIT 10
14:03:10.0 (257122622)|SOQL_EXECUTE_END|[200]|Rows:1
14:03:10.269 (269363820)|USER_INFO|[EXTERNAL]|0051H000009gxp8|chanida.dev2@solvedbysoftwareco.com|Eastern Standard Time|GMT-05:00
14:03:10.269 (271303274)|ENTERING_MANAGED_PKG|tdc_tsw
14:03:10.269 (271528999)|ENTERING_MANAGED_PKG|tdc_tsw
14:03:10.269 (274237303)|SOQL_EXECUTE_BEGIN|[355]|Aggregations:0|SELECT id, name, Disable_Incoming_SMS_Sharing__c FROM User WHERE id = :tmpVar1
14:03:10.269 (280374267)|SOQL_EXECUTE_END|[355]|Rows:1
14:03:10.269 (281503213)|SOQL_EXECUTE_BEGIN|[367]|Aggregations:0|SELECT CreatedDate,Id,LastModifiedDate,Related_Object_Id__c FROM Message__c WHERE Name = 'Incoming' AND Read__c = false ORDER BY CreatedDate Desc limit 100
14:03:10.269 (291224131)|SOQL_EXECUTE_END|[367]|Rows:100
