44.0 APEX_CODE,FINEST;APEX_PROFILING,INFO;CALLOUT,INFO;DB,INFO;NBA,INFO;SYSTEM,DEBUG;VALIDATION,INFO;VISUALFORCE,INFO;WAVE,INFO;WORKFLOW,INFO
22:15:07.0 (712735)|USER_INFO|[EXTERNAL]|0051H000009gxp8|chanida.dev2@solvedbysoftwareco.com|Eastern Standard Time|GMT-05:00
22:15:07.0 (3146010)|ENTERING_MANAGED_PKG|tdc_tsw
22:15:07.0 (3798264)|ENTERING_MANAGED_PKG|tdc_tsw
22:15:07.0 (11320019)|SOQL_EXECUTE_BEGIN|[16]|Aggregations:0|SELECT id, name, Disable_Incoming_SMS_Sharing__c FROM User WHERE id = :tmpVar1
22:15:07.0 (21528709)|SOQL_EXECUTE_END|[16]|Rows:1
22:15:07.0 (30774003)|SOQL_EXECUTE_BEGIN|[37]|Aggregations:0|SELECT CreatedDate,Created_Date__c,Id,LastModifiedDate,MessageId__c,Message_Text_New__c,Name,OwnerId,Read__c,Related_Object_Id__c,Related_Object__c,Sender_Number__c, Sender_Name__c,ToNumber__c,Attachments_Ids__c FROM Message__c WHERE Name = 'Incoming' AND Read__c = false ORDER BY CreatedDate Desc limit 100
22:15:07.0 (47223433)|SOQL_EXECUTE_END|[37]|Rows:100
22:15:07.0 (64493777)|ENTERING_MANAGED_PKG|tdc_tsw
22:15:07.0 (66886603)|ENTERING_MANAGED_PKG|tdc_tsw
22:15:07.0 (67452932)|ENTERING_MANAGED_PKG|tdc_tsw
22:15:07.0 (68258192)|ENTERING_MANAGED_PKG|tdc_tsw
22:15:07.0 (71117702)|ENTERING_MANAGED_PKG|tdc_tsw
22:15:07.0 (71951237)|ENTERING_MANAGED_PKG|tdc_tsw
22:15:07.0 (72200773)|ENTERING_MANAGED_PKG|tdc_tsw
22:15:07.0 (72679096)|ENTERING_MANAGED_PKG|tdc_tsw
22:15:07.0 (73802437)|ENTERING_MANAGED_PKG|tdc_tsw
22:15:07.0 (74585561)|ENTERING_MANAGED_PKG|tdc_tsw
22:15:07.0 (74818383)|ENTERING_MANAGED_PKG|tdc_tsw
22:15:07.0 (75240174)|ENTERING_MANAGED_PKG|tdc_tsw
22:15:07.0 (76351409)|ENTERING_MANAGED_PKG|tdc_tsw
22:15:07.0 (77112758)|ENTERING_MANAGED_PKG|tdc_tsw
22:15:07.0 (77364967)|ENTERING_MANAGED_PKG|tdc_tsw
22:15:07.0 (77758195)|ENTERING_MANAGED_PKG|tdc_tsw
22:15:07.0 (78846595)|ENTERING_MANAGED_PKG|tdc_tsw
22:15:07.0 (79640559)|ENTERING_MANAGED_PKG|tdc_tsw
22:15:07.0 (79883949)|ENTERING_MANAGED_PKG|tdc_tsw
22:15:07.0 (80292293)|ENTERING_MANAGED_PKG|tdc_tsw
22:15:07.0 (81368545)|ENTERING_MANAGED_PKG|tdc_tsw
22:15:07.0 (82145177)|ENTERING_MANAGED_PKG|tdc_tsw
22:15:07.0 (82390828)|ENTERING_MANAGED_PKG|tdc_tsw
22:15:07.0 (82865522)|ENTERING_MANAGED_PKG|tdc_tsw
22:15:07.0 (83948857)|ENTERING_MANAGED_PKG|tdc_tsw
22:15:07.0 (84744893)|ENTERING_MANAGED_PKG|tdc_tsw
22:15:07.0 (84977962)|ENTERING_MANAGED_PKG|tdc_tsw
22:15:07.0 (85392803)|ENTERING_MANAGED_PKG|tdc_tsw
22:15:07.0 (86544590)|ENTERING_MANAGED_PKG|tdc_tsw
22:15:07.0 (87331626)|ENTERING_MANAGED_PKG|tdc_tsw
22:15:07.0 (87564879)|ENTERING_MANAGED_PKG|tdc_tsw
22:15:07.0 (88004496)|ENTERING_MANAGED_PKG|tdc_tsw
22:15:07.0 (89216285)|ENTERING_MANAGED_PKG|tdc_tsw
22:15:07.0 (90009190)|ENTERING_MANAGED_PKG|tdc_tsw
22:15:07.0 (90255731)|ENTERING_MANAGED_PKG|tdc_tsw
22:15:07.0 (90953562)|ENTERING_MANAGED_PKG|tdc_tsw
22:15:07.0 (117794760)|ENTERING_MANAGED_PKG|tdc_tsw
22:15:07.0 (119388469)|ENTERING_MANAGED_PKG|tdc_tsw
22:15:07.0 (119668147)|ENTERING_MANAGED_PKG|tdc_tsw
22:15:07.0 (120163047)|ENTERING_MANAGED_PKG|tdc_tsw
22:15:07.0 (121591244)|ENTERING_MANAGED_PKG|tdc_tsw
22:15:07.0 (122420534)|ENTERING_MANAGED_PKG|tdc_tsw
22:15:07.0 (122665867)|ENTERING_MANAGED_PKG|tdc_tsw
22:15:07.0 (123067034)|ENTERING_MANAGED_PKG|tdc_tsw
22:15:07.0 (124400942)|ENTERING_MANAGED_PKG|tdc_tsw
22:15:07.0 (125268072)|ENTERING_MANAGED_PKG|tdc_tsw
22:15:07.0 (125561330)|ENTERING_MANAGED_PKG|tdc_tsw
22:15:07.0 (126014262)|ENTERING_MANAGED_PKG|tdc_tsw
22:15:07.0 (127190276)|ENTERING_MANAGED_PKG|tdc_tsw
22:15:07.0 (128030731)|ENTERING_MANAGED_PKG|tdc_tsw
22:15:07.0 (128290633)|ENTERING_MANAGED_PKG|tdc_tsw
22:15:07.0 (128710840)|ENTERING_MANAGED_PKG|tdc_tsw
22:15:07.0 (129834252)|ENTERING_MANAGED_PKG|tdc_tsw
22:15:07.0 (130655317)|ENTERING_MANAGED_PKG|tdc_tsw
22:15:07.0 (130914218)|ENTERING_MANAGED_PKG|tdc_tsw
22:15:07.0 (131317822)|ENTERING_MANAGED_PKG|tdc_tsw
22:15:07.0 (132406197)|ENTERING_MANAGED_PKG|tdc_tsw
22:15:07.0 (133278060)|ENTERING_MANAGED_PKG|tdc_tsw
22:15:07.0 (133536150)|ENTERING_MANAGED_PKG|tdc_tsw
22:15:07.0 (134279748)|ENTERING_MANAGED_PKG|tdc_tsw
22:15:07.0 (136269381)|ENTERING_MANAGED_PKG|tdc_tsw
22:15:07.0 (137692255)|ENTERING_MANAGED_PKG|tdc_tsw
22:15:07.0 (138088880)|ENTERING_MANAGED_PKG|tdc_tsw
22:15:07.0 (138833153)|ENTERING_MANAGED_PKG|tdc_tsw
22:15:07.0 (140736271)|ENTERING_MANAGED_PKG|tdc_tsw
22:15:07.0 (142074045)|ENTERING_MANAGED_PKG|tdc_tsw
22:15:07.0 (142518613)|ENTERING_MANAGED_PKG|tdc_tsw
22:15:07.0 (143200068)|ENTERING_MANAGED_PKG|tdc_tsw
22:15:07.0 (145184229)|ENTERING_MANAGED_PKG|tdc_tsw
22:15:07.0 (146082646)|ENTERING_MANAGED_PKG|tdc_tsw
22:15:07.0 (146342546)|ENTERING_MANAGED_PKG|tdc_tsw
22:15:07.0 (146748073)|ENTERING_MANAGED_PKG|tdc_tsw
22:15:07.0 (147862933)|ENTERING_MANAGED_PKG|tdc_tsw
22:15:07.0 (148665201)|ENTERING_MANAGED_PKG|tdc_tsw
22:15:07.0 (148903827)|ENTERING_MANAGED_PKG|tdc_tsw
22:15:07.0 (149310416)|ENTERING_MANAGED_PKG|tdc_tsw
22:15:07.0 (150455534)|ENTERING_MANAGED_PKG|tdc_tsw
22:15:07.0 (151350940)|ENTERING_MANAGED_PKG|tdc_tsw
22:15:07.0 (151593645)|ENTERING_MANAGED_PKG|tdc_tsw
22:15:07.0 (151988200)|ENTERING_MANAGED_PKG|tdc_tsw
22:15:07.0 (153083030)|ENTERING_MANAGED_PKG|tdc_tsw
22:15:07.0 (153899142)|ENTERING_MANAGED_PKG|tdc_tsw
22:15:07.0 (154152074)|ENTERING_MANAGED_PKG|tdc_tsw
22:15:07.0 (154600251)|ENTERING_MANAGED_PKG|tdc_tsw
22:15:07.0 (155759471)|ENTERING_MANAGED_PKG|tdc_tsw
22:15:07.0 (156538710)|ENTERING_MANAGED_PKG|tdc_tsw
22:15:07.0 (156774587)|ENTERING_MANAGED_PKG|tdc_tsw
22:15:07.0 (157164720)|ENTERING_MANAGED_PKG|tdc_tsw
22:15:07.0 (158255834)|ENTERING_MANAGED_PKG|tdc_tsw
22:15:07.0 (159060980)|ENTERING_MANAGED_PKG|tdc_tsw
22:15:07.0 (159306681)|ENTERING_MANAGED_PKG|tdc_tsw
22:15:07.0 (159690781)|ENTERING_MANAGED_PKG|tdc_tsw
22:15:07.0 (160783135)|ENTERING_MANAGED_PKG|tdc_tsw
22:15:07.0 (161565293)|ENTERING_MANAGED_PKG|tdc_tsw
22:15:07.0 (161776840)|ENTERING_MANAGED_PKG|tdc_tsw
22:15:07.0 (162160278)|ENTERING_MANAGED_PKG|tdc_tsw
22:15:07.0 (163232207)|ENTERING_MANAGED_PKG|tdc_tsw
22:15:07.0 (163992970)|ENTERING_MANAGED_PKG|tdc_tsw
22:15:07.0 (164237788)|ENTERING_MANAGED_PKG|tdc_tsw
22:15:07.0 (164776477)|ENTERING_MANAGED_PKG|tdc_tsw
22:15:07.0 (165875557)|ENTERING_MANAGED_PKG|tdc_tsw
22:15:07.0 (166636167)|ENTERING_MANAGED_PKG|tdc_tsw
22:15:07.0 (166844862)|ENTERING_MANAGED_PKG|tdc_tsw
22:15:07.0 (167242334)|ENTERING_MANAGED_PKG|tdc_tsw
22:15:07.0 (168306604)|ENTERING_MANAGED_PKG|tdc_tsw
22:15:07.0 (169063508)|ENTERING_MANAGED_PKG|tdc_tsw
22:15:07.0 (169307364)|ENTERING_MANAGED_PKG|tdc_tsw
22:15:07.0 (170047388)|ENTERING_MANAGED_PKG|tdc_tsw
22:15:07.0 (171194488)|ENTERING_MANAGED_PKG|tdc_tsw
22:15:07.0 (171952533)|ENTERING_MANAGED_PKG|tdc_tsw
22:15:07.0 (172187636)|ENTERING_MANAGED_PKG|tdc_tsw
22:15:07.0 (172657767)|ENTERING_MANAGED_PKG|tdc_tsw
22:15:07.0 (173812688)|ENTERING_MANAGED_PKG|tdc_tsw
22:15:07.0 (174583657)|ENTERING_MANAGED_PKG|tdc_tsw
22:15:07.0 (174819791)|ENTERING_MANAGED_PKG|tdc_tsw
22:15:07.0 (175321282)|ENTERING_MANAGED_PKG|tdc_tsw
22:15:07.0 (177351003)|ENTERING_MANAGED_PKG|tdc_tsw
22:15:07.0 (178067194)|ENTERING_MANAGED_PKG|tdc_tsw
22:15:07.0 (178187848)|ENTERING_MANAGED_PKG|tdc_tsw
22:15:07.0 (178741249)|SOQL_EXECUTE_BEGIN|[200]|Aggregations:0|SELECT Name, NamespacePrefix, SystemModStamp FROM StaticResource WHERE Name LIKE :tmpVar1 LIMIT 10
22:15:07.0 (182525684)|SOQL_EXECUTE_END|[200]|Rows:1
22:15:07.0 (183531589)|ENTERING_MANAGED_PKG|tdc_tsw
22:15:07.0 (183945701)|SOQL_EXECUTE_BEGIN|[200]|Aggregations:0|SELECT Name, NamespacePrefix, SystemModStamp FROM StaticResource WHERE Name LIKE :tmpVar1 LIMIT 10
22:15:07.0 (187024105)|SOQL_EXECUTE_END|[200]|Rows:1
22:15:07.0 (187476345)|ENTERING_MANAGED_PKG|tdc_tsw
22:15:07.0 (194872708)|ENTERING_MANAGED_PKG|tdc_tsw
22:15:07.0 (196378453)|ENTERING_MANAGED_PKG|tdc_tsw
22:15:07.0 (196717574)|ENTERING_MANAGED_PKG|tdc_tsw
22:15:07.0 (197640726)|ENTERING_MANAGED_PKG|tdc_tsw
22:15:07.0 (198058643)|SOQL_EXECUTE_BEGIN|[200]|Aggregations:0|SELECT Name, NamespacePrefix, SystemModStamp FROM StaticResource WHERE Name LIKE :tmpVar1 LIMIT 10
22:15:07.0 (201305835)|SOQL_EXECUTE_END|[200]|Rows:1
22:15:07.211 (211402697)|USER_INFO|[EXTERNAL]|0051H000009gxp8|chanida.dev2@solvedbysoftwareco.com|Eastern Standard Time|GMT-05:00
22:15:07.211 (213412001)|ENTERING_MANAGED_PKG|tdc_tsw
22:15:07.211 (213721493)|ENTERING_MANAGED_PKG|tdc_tsw
22:15:07.211 (217699394)|SOQL_EXECUTE_BEGIN|[355]|Aggregations:0|SELECT id, name, Disable_Incoming_SMS_Sharing__c FROM User WHERE id = :tmpVar1
22:15:07.211 (223967158)|SOQL_EXECUTE_END|[355]|Rows:1
22:15:07.211 (225253593)|SOQL_EXECUTE_BEGIN|[367]|Aggregations:0|SELECT CreatedDate,Id,LastModifiedDate,Related_Object_Id__c FROM Message__c WHERE Name = 'Incoming' AND Read__c = false ORDER BY CreatedDate Desc limit 100
22:15:07.211 (233131089)|SOQL_EXECUTE_END|[367]|Rows:100
