44.0 APEX_CODE,FINEST;APEX_PROFILING,INFO;CALLOUT,INFO;DB,INFO;NBA,INFO;SYSTEM,DEBUG;VALIDATION,INFO;VISUALFORCE,INFO;WAVE,INFO;WORKFLOW,INFO
17:47:19.0 (128992)|USER_INFO|[EXTERNAL]|0051H000009gxp8|chanida.dev2@solvedbysoftwareco.com|Eastern Standard Time|GMT-05:00
17:47:19.0 (1661188)|ENTERING_MANAGED_PKG|tdc_tsw
17:47:19.0 (2135708)|ENTERING_MANAGED_PKG|tdc_tsw
17:47:19.0 (5693540)|SOQL_EXECUTE_BEGIN|[16]|Aggregations:0|SELECT id, name, Disable_Incoming_SMS_Sharing__c FROM User WHERE id = :tmpVar1
17:47:19.0 (12364344)|SOQL_EXECUTE_END|[16]|Rows:1
17:47:19.0 (17450014)|SOQL_EXECUTE_BEGIN|[37]|Aggregations:0|SELECT CreatedDate,Created_Date__c,Id,LastModifiedDate,MessageId__c,Message_Text_New__c,Name,OwnerId,Read__c,Related_Object_Id__c,Related_Object__c,Sender_Number__c, Sender_Name__c,ToNumber__c,Attachments_Ids__c FROM Message__c WHERE Name = 'Incoming' AND Read__c = false ORDER BY CreatedDate Desc limit 100
17:47:19.0 (73902905)|SOQL_EXECUTE_END|[37]|Rows:62
17:47:19.0 (84686883)|ENTERING_MANAGED_PKG|tdc_tsw
17:47:19.0 (86392509)|ENTERING_MANAGED_PKG|tdc_tsw
17:47:19.0 (86825522)|ENTERING_MANAGED_PKG|tdc_tsw
17:47:19.0 (87482028)|ENTERING_MANAGED_PKG|tdc_tsw
17:47:19.0 (90460866)|ENTERING_MANAGED_PKG|tdc_tsw
17:47:19.0 (91402872)|ENTERING_MANAGED_PKG|tdc_tsw
17:47:19.0 (91705676)|ENTERING_MANAGED_PKG|tdc_tsw
17:47:19.0 (92197509)|ENTERING_MANAGED_PKG|tdc_tsw
17:47:19.0 (93469311)|ENTERING_MANAGED_PKG|tdc_tsw
17:47:19.0 (94374256)|ENTERING_MANAGED_PKG|tdc_tsw
17:47:19.0 (94624575)|ENTERING_MANAGED_PKG|tdc_tsw
17:47:19.0 (95114375)|ENTERING_MANAGED_PKG|tdc_tsw
17:47:19.0 (96382649)|ENTERING_MANAGED_PKG|tdc_tsw
17:47:19.0 (97274917)|ENTERING_MANAGED_PKG|tdc_tsw
17:47:19.0 (97516101)|ENTERING_MANAGED_PKG|tdc_tsw
17:47:19.0 (97998209)|ENTERING_MANAGED_PKG|tdc_tsw
17:47:19.0 (99250006)|ENTERING_MANAGED_PKG|tdc_tsw
17:47:19.0 (100147503)|ENTERING_MANAGED_PKG|tdc_tsw
17:47:19.0 (100422054)|ENTERING_MANAGED_PKG|tdc_tsw
17:47:19.0 (100900633)|ENTERING_MANAGED_PKG|tdc_tsw
17:47:19.0 (102158427)|ENTERING_MANAGED_PKG|tdc_tsw
17:47:19.0 (103051110)|ENTERING_MANAGED_PKG|tdc_tsw
17:47:19.0 (103325230)|ENTERING_MANAGED_PKG|tdc_tsw
17:47:19.0 (104079808)|ENTERING_MANAGED_PKG|tdc_tsw
17:47:19.0 (105580792)|ENTERING_MANAGED_PKG|tdc_tsw
17:47:19.0 (106311000)|ENTERING_MANAGED_PKG|tdc_tsw
17:47:19.0 (106390199)|ENTERING_MANAGED_PKG|tdc_tsw
17:47:19.0 (107097835)|SOQL_EXECUTE_BEGIN|[200]|Aggregations:0|SELECT Name, NamespacePrefix, SystemModStamp FROM StaticResource WHERE Name LIKE :tmpVar1 LIMIT 10
17:47:19.0 (112623085)|SOQL_EXECUTE_END|[200]|Rows:1
17:47:19.0 (113425108)|ENTERING_MANAGED_PKG|tdc_tsw
17:47:19.0 (113781738)|SOQL_EXECUTE_BEGIN|[200]|Aggregations:0|SELECT Name, NamespacePrefix, SystemModStamp FROM StaticResource WHERE Name LIKE :tmpVar1 LIMIT 10
17:47:19.0 (116045778)|SOQL_EXECUTE_END|[200]|Rows:1
17:47:19.0 (116423563)|ENTERING_MANAGED_PKG|tdc_tsw
17:47:19.0 (120034842)|ENTERING_MANAGED_PKG|tdc_tsw
17:47:19.0 (121558113)|ENTERING_MANAGED_PKG|tdc_tsw
17:47:19.0 (121867906)|ENTERING_MANAGED_PKG|tdc_tsw
17:47:19.0 (122684057)|ENTERING_MANAGED_PKG|tdc_tsw
17:47:19.0 (123058838)|SOQL_EXECUTE_BEGIN|[200]|Aggregations:0|SELECT Name, NamespacePrefix, SystemModStamp FROM StaticResource WHERE Name LIKE :tmpVar1 LIMIT 10
17:47:19.0 (125349651)|SOQL_EXECUTE_END|[200]|Rows:1
17:47:19.130 (130643287)|USER_INFO|[EXTERNAL]|0051H000009gxp8|chanida.dev2@solvedbysoftwareco.com|Eastern Standard Time|GMT-05:00
17:47:19.130 (132169169)|ENTERING_MANAGED_PKG|tdc_tsw
17:47:19.130 (132330229)|ENTERING_MANAGED_PKG|tdc_tsw
17:47:19.130 (134600164)|SOQL_EXECUTE_BEGIN|[355]|Aggregations:0|SELECT id, name, Disable_Incoming_SMS_Sharing__c FROM User WHERE id = :tmpVar1
17:47:19.130 (140324036)|SOQL_EXECUTE_END|[355]|Rows:1
17:47:19.130 (141222356)|SOQL_EXECUTE_BEGIN|[367]|Aggregations:0|SELECT CreatedDate,Id,LastModifiedDate,Related_Object_Id__c FROM Message__c WHERE Name = 'Incoming' AND Read__c = false ORDER BY CreatedDate Desc limit 100
17:47:19.130 (147915310)|SOQL_EXECUTE_END|[367]|Rows:62
