44.0 APEX_CODE,FINEST;APEX_PROFILING,INFO;CALLOUT,INFO;DB,INFO;NBA,INFO;SYSTEM,DEBUG;VALIDATION,INFO;VISUALFORCE,INFO;WAVE,INFO;WORKFLOW,INFO
21:05:43.0 (156954)|USER_INFO|[EXTERNAL]|0051H000009gxp8|chanida.dev2@solvedbysoftwareco.com|Eastern Standard Time|GMT-05:00
21:05:43.0 (1734330)|ENTERING_MANAGED_PKG|tdc_tsw
21:05:43.0 (2341453)|ENTERING_MANAGED_PKG|tdc_tsw
21:05:43.0 (11500032)|SOQL_EXECUTE_BEGIN|[16]|Aggregations:0|SELECT id, name, Disable_Incoming_SMS_Sharing__c FROM User WHERE id = :tmpVar1
21:05:43.0 (18900691)|SOQL_EXECUTE_END|[16]|Rows:1
21:05:43.0 (29229531)|SOQL_EXECUTE_BEGIN|[37]|Aggregations:0|SELECT CreatedDate,Created_Date__c,Id,LastModifiedDate,MessageId__c,Message_Text_New__c,Name,OwnerId,Read__c,Related_Object_Id__c,Related_Object__c,Sender_Number__c, Sender_Name__c,ToNumber__c,Attachments_Ids__c FROM Message__c WHERE Name = 'Incoming' AND Read__c = false ORDER BY CreatedDate Desc limit 100
21:05:43.0 (44476120)|SOQL_EXECUTE_END|[37]|Rows:16
21:05:43.0 (51993328)|ENTERING_MANAGED_PKG|tdc_tsw
21:05:43.0 (55124456)|ENTERING_MANAGED_PKG|tdc_tsw
21:05:43.0 (55851769)|ENTERING_MANAGED_PKG|tdc_tsw
21:05:43.0 (57047296)|ENTERING_MANAGED_PKG|tdc_tsw
21:05:43.0 (60650897)|ENTERING_MANAGED_PKG|tdc_tsw
21:05:43.0 (61615655)|ENTERING_MANAGED_PKG|tdc_tsw
21:05:43.0 (61939434)|ENTERING_MANAGED_PKG|tdc_tsw
21:05:43.0 (62439056)|ENTERING_MANAGED_PKG|tdc_tsw
21:05:43.0 (63794937)|ENTERING_MANAGED_PKG|tdc_tsw
21:05:43.0 (64726200)|ENTERING_MANAGED_PKG|tdc_tsw
21:05:43.0 (65010508)|ENTERING_MANAGED_PKG|tdc_tsw
21:05:43.0 (65501050)|ENTERING_MANAGED_PKG|tdc_tsw
21:05:43.0 (66975375)|ENTERING_MANAGED_PKG|tdc_tsw
21:05:43.0 (67722973)|ENTERING_MANAGED_PKG|tdc_tsw
21:05:43.0 (67805595)|ENTERING_MANAGED_PKG|tdc_tsw
21:05:43.0 (68517144)|SOQL_EXECUTE_BEGIN|[200]|Aggregations:0|SELECT Name, NamespacePrefix, SystemModStamp FROM StaticResource WHERE Name LIKE :tmpVar1 LIMIT 10
21:05:43.0 (71874438)|SOQL_EXECUTE_END|[200]|Rows:1
21:05:43.0 (73080085)|ENTERING_MANAGED_PKG|tdc_tsw
21:05:43.0 (73822481)|SOQL_EXECUTE_BEGIN|[200]|Aggregations:0|SELECT Name, NamespacePrefix, SystemModStamp FROM StaticResource WHERE Name LIKE :tmpVar1 LIMIT 10
21:05:43.0 (77081301)|SOQL_EXECUTE_END|[200]|Rows:1
21:05:43.0 (77766409)|ENTERING_MANAGED_PKG|tdc_tsw
21:05:43.0 (83481250)|ENTERING_MANAGED_PKG|tdc_tsw
21:05:43.0 (86522636)|ENTERING_MANAGED_PKG|tdc_tsw
21:05:43.0 (87058518)|ENTERING_MANAGED_PKG|tdc_tsw
21:05:43.0 (88406217)|ENTERING_MANAGED_PKG|tdc_tsw
21:05:43.0 (89251572)|SOQL_EXECUTE_BEGIN|[200]|Aggregations:0|SELECT Name, NamespacePrefix, SystemModStamp FROM StaticResource WHERE Name LIKE :tmpVar1 LIMIT 10
21:05:43.0 (92972650)|SOQL_EXECUTE_END|[200]|Rows:1
21:05:43.98 (98702494)|USER_INFO|[EXTERNAL]|0051H000009gxp8|chanida.dev2@solvedbysoftwareco.com|Eastern Standard Time|GMT-05:00
21:05:43.98 (100566705)|ENTERING_MANAGED_PKG|tdc_tsw
21:05:43.98 (100844289)|ENTERING_MANAGED_PKG|tdc_tsw
21:05:43.98 (105059305)|SOQL_EXECUTE_BEGIN|[355]|Aggregations:0|SELECT id, name, Disable_Incoming_SMS_Sharing__c FROM User WHERE id = :tmpVar1
21:05:43.98 (115290309)|SOQL_EXECUTE_END|[355]|Rows:1
21:05:43.98 (117153736)|SOQL_EXECUTE_BEGIN|[367]|Aggregations:0|SELECT CreatedDate,Id,LastModifiedDate,Related_Object_Id__c FROM Message__c WHERE Name = 'Incoming' AND Read__c = false ORDER BY CreatedDate Desc limit 100
21:05:43.98 (125900869)|SOQL_EXECUTE_END|[367]|Rows:16
