38.0 APEX_CODE,FINEST;APEX_PROFILING,INFO;CALLOUT,INFO;DB,INFO;NBA,INFO;SYSTEM,DEBUG;VALIDATION,INFO;VISUALFORCE,INFO;WAVE,INFO;WORKFLOW,INFO
23:33:52.16 (16714272)|ENTERING_MANAGED_PKG|tdc_tsw
23:33:52.16 (17382068)|ENTERING_MANAGED_PKG|tdc_tsw
23:33:52.16 (18341535)|ENTERING_MANAGED_PKG|tdc_tsw
23:33:52.16 (132581157)|ENTERING_MANAGED_PKG|tdc_tsw
23:33:52.16 (132751813)|ENTERING_MANAGED_PKG|tdc_tsw
23:33:52.16 (136442007)|SOQL_EXECUTE_BEGIN|[19]|Aggregations:0|SELECT id, name, Default__c, Next_Question__c, Possible_Answers__c, Question__c FROM Answer__c WHERE Question__c = :tmpVar1
23:33:52.16 (143244239)|SOQL_EXECUTE_END|[19]|Rows:1
23:33:52.16 (146281665)|SOQL_EXECUTE_BEGIN|[60]|Aggregations:0|SELECT id, name, Possible_Answers__c, Next_Question__c, Question__c, Default__c FROM Answer__c WHERE (Default__c = TRUE AND Question__c = :tmpVar1)
23:33:52.16 (149974255)|SOQL_EXECUTE_END|[60]|Rows:1
23:33:52.16 (150441708)|ENTERING_MANAGED_PKG|tdc_tsw
23:33:52.16 (153161618)|SOQL_EXECUTE_BEGIN|[95]|Aggregations:0|SELECT id, name, Question_Text__c, First_Question__c, Question__c, Question_Label__c, Object__c, tdc_tsw__Survey__c, Survey__r.name FROM Question__c WHERE id = :tmpVar1 LIMIT 1
23:33:52.16 (160047952)|SOQL_EXECUTE_END|[95]|Rows:1
23:33:52.16 (160913722)|SOQL_EXECUTE_BEGIN|[103]|Aggregations:0|SELECT id, name, Question_Text__c, First_Question__c, Question__c, Question_Label__c, Object__c, Survey__c FROM Question__c WHERE id = :tmpVar1 LIMIT 1
23:33:52.16 (164292681)|SOQL_EXECUTE_END|[103]|Rows:1
23:33:52.16 (164746213)|ENTERING_MANAGED_PKG|tdc_tsw
23:33:52.16 (164811021)|ENTERING_MANAGED_PKG|tdc_tsw
23:33:52.16 (231758123)|ENTERING_MANAGED_PKG|tdc_tsw
23:33:52.16 (245693612)|ENTERING_MANAGED_PKG|tdc_tsw
23:33:52.16 (246337102)|ENTERING_MANAGED_PKG|tdc_tsw
23:33:52.16 (259145588)|ENTERING_MANAGED_PKG|tdc_tsw
23:33:52.16 (259232257)|ENTERING_MANAGED_PKG|tdc_tsw
23:33:52.16 (260257122)|ENTERING_MANAGED_PKG|tdc_tsw
23:33:52.16 (261473813)|ENTERING_MANAGED_PKG|tdc_tsw
23:33:52.16 (264042655)|ENTERING_MANAGED_PKG|tdc_tsw
23:33:52.16 (268622248)|ENTERING_MANAGED_PKG|tdc_tsw
23:33:52.16 (273885934)|ENTERING_MANAGED_PKG|tdc_tsw
23:33:52.16 (273974923)|ENTERING_MANAGED_PKG|tdc_tsw
23:33:52.16 (274149950)|ENTERING_MANAGED_PKG|tdc_tsw
23:33:52.16 (274321689)|ENTERING_MANAGED_PKG|tdc_tsw
23:33:52.16 (274533877)|ENTERING_MANAGED_PKG|tdc_tsw
23:33:52.16 (274607039)|ENTERING_MANAGED_PKG|tdc_tsw
23:33:52.16 (274760298)|ENTERING_MANAGED_PKG|tdc_tsw
23:33:52.16 (274905683)|ENTERING_MANAGED_PKG|tdc_tsw
23:33:52.16 (274937373)|ENTERING_MANAGED_PKG|tdc_tsw
23:33:52.16 (275171791)|ENTERING_MANAGED_PKG|tdc_tsw
23:33:52.16 (275308457)|ENTERING_MANAGED_PKG|tdc_tsw
23:33:52.16 (275501756)|ENTERING_MANAGED_PKG|tdc_tsw
23:33:52.16 (275740441)|ENTERING_MANAGED_PKG|tdc_tsw
23:33:52.16 (275817531)|ENTERING_MANAGED_PKG|tdc_tsw
23:33:52.16 (278110016)|ENTERING_MANAGED_PKG|tdc_tsw
23:33:52.16 (278228629)|ENTERING_MANAGED_PKG|tdc_tsw
23:33:52.16 (278296823)|ENTERING_MANAGED_PKG|tdc_tsw
23:33:52.16 (280639778)|ENTERING_MANAGED_PKG|tdc_tsw
23:33:52.16 (280742969)|ENTERING_MANAGED_PKG|tdc_tsw
23:33:52.16 (280844533)|ENTERING_MANAGED_PKG|tdc_tsw
23:33:52.16 (280913093)|ENTERING_MANAGED_PKG|tdc_tsw
23:33:52.16 (281053296)|ENTERING_MANAGED_PKG|tdc_tsw
23:33:52.16 (281186207)|ENTERING_MANAGED_PKG|tdc_tsw
23:33:52.16 (281259320)|ENTERING_MANAGED_PKG|tdc_tsw
23:33:52.16 (281324809)|ENTERING_MANAGED_PKG|tdc_tsw
23:33:52.16 (281379297)|ENTERING_MANAGED_PKG|tdc_tsw
23:33:52.16 (281444320)|ENTERING_MANAGED_PKG|tdc_tsw
23:33:52.16 (281550898)|ENTERING_MANAGED_PKG|tdc_tsw
23:33:52.16 (281679198)|ENTERING_MANAGED_PKG|tdc_tsw
23:33:52.16 (281812774)|ENTERING_MANAGED_PKG|tdc_tsw
23:33:52.16 (283621284)|ENTERING_MANAGED_PKG|tdc_tsw
23:33:52.16 (283715526)|ENTERING_MANAGED_PKG|tdc_tsw
23:33:52.16 (283967715)|ENTERING_MANAGED_PKG|tdc_tsw
23:33:52.16 (284152479)|ENTERING_MANAGED_PKG|tdc_tsw
23:33:52.16 (284323792)|ENTERING_MANAGED_PKG|tdc_tsw
23:33:52.16 (284399514)|ENTERING_MANAGED_PKG|tdc_tsw
23:33:52.16 (284561616)|ENTERING_MANAGED_PKG|tdc_tsw
23:33:52.16 (284915004)|ENTERING_MANAGED_PKG|tdc_tsw
23:33:52.16 (632447320)|ENTERING_MANAGED_PKG|tdc_tsw
23:33:52.16 (632612090)|ENTERING_MANAGED_PKG|tdc_tsw
23:33:52.16 (633759654)|ENTERING_MANAGED_PKG|tdc_tsw
23:33:52.16 (633852979)|ENTERING_MANAGED_PKG|tdc_tsw
23:33:52.16 (633967711)|ENTERING_MANAGED_PKG|tdc_tsw
23:33:52.16 (634069129)|ENTERING_MANAGED_PKG|tdc_tsw
23:33:52.16 (634137236)|ENTERING_MANAGED_PKG|tdc_tsw
23:33:52.16 (634195618)|ENTERING_MANAGED_PKG|tdc_tsw
23:33:52.16 (634267120)|ENTERING_MANAGED_PKG|tdc_tsw
23:33:52.16 (634341444)|ENTERING_MANAGED_PKG|tdc_tsw
23:33:52.16 (634382365)|ENTERING_MANAGED_PKG|tdc_tsw
23:33:52.16 (634447125)|ENTERING_MANAGED_PKG|tdc_tsw
23:33:52.16 (634498875)|ENTERING_MANAGED_PKG|tdc_tsw
23:33:52.16 (634551747)|ENTERING_MANAGED_PKG|tdc_tsw
23:33:52.16 (638624773)|ENTERING_MANAGED_PKG|tdc_tsw
23:33:52.16 (639020291)|ENTERING_MANAGED_PKG|tdc_tsw
23:33:52.16 (641319986)|ENTERING_MANAGED_PKG|tdc_tsw
23:33:52.16 (649658027)|ENTERING_MANAGED_PKG|tdc_tsw
23:33:52.16 (650505995)|ENTERING_MANAGED_PKG|tdc_tsw
23:33:52.16 (650596312)|ENTERING_MANAGED_PKG|tdc_tsw
23:33:52.16 (650660056)|ENTERING_MANAGED_PKG|tdc_tsw
23:33:52.16 (650744969)|ENTERING_MANAGED_PKG|tdc_tsw
23:33:52.16 (650815748)|ENTERING_MANAGED_PKG|tdc_tsw
23:33:52.16 (650993436)|ENTERING_MANAGED_PKG|tdc_tsw
23:33:52.16 (651745024)|ENTERING_MANAGED_PKG|tdc_tsw
23:33:52.16 (651813075)|ENTERING_MANAGED_PKG|tdc_tsw
23:33:52.16 (652115179)|ENTERING_MANAGED_PKG|tdc_tsw
23:33:52.16 (652186307)|ENTERING_MANAGED_PKG|tdc_tsw
23:33:52.16 (652449789)|ENTERING_MANAGED_PKG|tdc_tsw
23:33:52.16 (652512875)|ENTERING_MANAGED_PKG|tdc_tsw
23:33:52.16 (652560569)|ENTERING_MANAGED_PKG|tdc_tsw
23:33:52.16 (652600526)|ENTERING_MANAGED_PKG|tdc_tsw
23:33:52.16 (652645351)|ENTERING_MANAGED_PKG|tdc_tsw
23:33:52.16 (652714216)|ENTERING_MANAGED_PKG|tdc_tsw
23:33:52.16 (652802466)|ENTERING_MANAGED_PKG|tdc_tsw
23:33:52.16 (652835795)|ENTERING_MANAGED_PKG|tdc_tsw
23:33:52.16 (652885391)|ENTERING_MANAGED_PKG|tdc_tsw
23:33:52.16 (653061755)|ENTERING_MANAGED_PKG|tdc_tsw
23:33:52.16 (653121759)|ENTERING_MANAGED_PKG|tdc_tsw
23:33:52.16 (653181096)|ENTERING_MANAGED_PKG|tdc_tsw
23:33:52.16 (653246400)|ENTERING_MANAGED_PKG|tdc_tsw
23:33:52.16 (653295448)|ENTERING_MANAGED_PKG|tdc_tsw
23:33:52.16 (653353151)|ENTERING_MANAGED_PKG|tdc_tsw
23:33:52.16 (653398693)|ENTERING_MANAGED_PKG|tdc_tsw
23:33:52.16 (653459892)|ENTERING_MANAGED_PKG|tdc_tsw
23:33:52.16 (653502141)|ENTERING_MANAGED_PKG|tdc_tsw
23:33:52.16 (653621597)|ENTERING_MANAGED_PKG|tdc_tsw
23:33:52.16 (653712916)|ENTERING_MANAGED_PKG|tdc_tsw
23:33:52.16 (653786648)|ENTERING_MANAGED_PKG|tdc_tsw
23:33:52.16 (653858892)|ENTERING_MANAGED_PKG|tdc_tsw
23:33:52.16 (653947715)|ENTERING_MANAGED_PKG|tdc_tsw
23:33:52.16 (943934893)|ENTERING_MANAGED_PKG|tdc_tsw
23:33:52.16 (944384412)|ENTERING_MANAGED_PKG|tdc_tsw
23:33:52.16 (944430579)|ENTERING_MANAGED_PKG|tdc_tsw
23:33:52.16 (944484962)|ENTERING_MANAGED_PKG|tdc_tsw
23:33:52.16 (944543507)|ENTERING_MANAGED_PKG|tdc_tsw
23:33:52.16 (944576213)|ENTERING_MANAGED_PKG|tdc_tsw
23:33:52.16 (944606202)|ENTERING_MANAGED_PKG|tdc_tsw
23:33:52.16 (944677933)|ENTERING_MANAGED_PKG|tdc_tsw
23:33:52.16 (944710492)|ENTERING_MANAGED_PKG|tdc_tsw
23:33:52.16 (944738775)|ENTERING_MANAGED_PKG|tdc_tsw
23:33:52.16 (944815326)|ENTERING_MANAGED_PKG|tdc_tsw
23:33:52.16 (944929939)|ENTERING_MANAGED_PKG|tdc_tsw
23:33:52.16 (944993577)|ENTERING_MANAGED_PKG|tdc_tsw
23:33:52.16 (945075373)|ENTERING_MANAGED_PKG|tdc_tsw
23:33:52.16 (945189096)|ENTERING_MANAGED_PKG|tdc_tsw
23:33:52.16 (948916955)|ENTERING_MANAGED_PKG|tdc_tsw
23:33:52.16 (949802350)|ENTERING_MANAGED_PKG|tdc_tsw
23:33:52.16 (958197678)|ENTERING_MANAGED_PKG|tdc_tsw
23:33:52.16 (959360134)|ENTERING_MANAGED_PKG|tdc_tsw
23:33:52.16 (967469104)|ENTERING_MANAGED_PKG|tdc_tsw
23:33:52.16 (968456074)|ENTERING_MANAGED_PKG|tdc_tsw
23:33:52.16 (975413039)|ENTERING_MANAGED_PKG|tdc_tsw
23:33:52.16 (976735272)|ENTERING_MANAGED_PKG|tdc_tsw
23:33:52.16 (984219373)|ENTERING_MANAGED_PKG|tdc_tsw
23:33:52.16 (985155617)|ENTERING_MANAGED_PKG|tdc_tsw
23:33:52.16 (991505149)|ENTERING_MANAGED_PKG|tdc_tsw
23:33:52.16 (992438256)|ENTERING_MANAGED_PKG|tdc_tsw
23:33:52.16 (998765909)|ENTERING_MANAGED_PKG|tdc_tsw
23:33:52.16 (999703611)|ENTERING_MANAGED_PKG|tdc_tsw
23:33:52.16 (1007185449)|ENTERING_MANAGED_PKG|tdc_tsw
23:33:52.16 (1008155127)|ENTERING_MANAGED_PKG|tdc_tsw
23:33:52.16 (1014672636)|ENTERING_MANAGED_PKG|tdc_tsw
23:33:52.16 (1015597695)|ENTERING_MANAGED_PKG|tdc_tsw
23:33:53.21 (1021845110)|ENTERING_MANAGED_PKG|tdc_tsw
23:33:53.21 (1022782435)|ENTERING_MANAGED_PKG|tdc_tsw
23:33:53.21 (1028903546)|ENTERING_MANAGED_PKG|tdc_tsw
23:33:53.21 (1029830005)|ENTERING_MANAGED_PKG|tdc_tsw
23:33:53.21 (1036054266)|ENTERING_MANAGED_PKG|tdc_tsw
23:33:53.21 (1036963567)|ENTERING_MANAGED_PKG|tdc_tsw
23:33:53.21 (1043115913)|ENTERING_MANAGED_PKG|tdc_tsw
23:33:53.21 (1044019548)|ENTERING_MANAGED_PKG|tdc_tsw
23:33:53.21 (1050157158)|ENTERING_MANAGED_PKG|tdc_tsw
23:33:53.21 (1051272206)|ENTERING_MANAGED_PKG|tdc_tsw
23:33:53.21 (1057401712)|ENTERING_MANAGED_PKG|tdc_tsw
23:33:53.21 (1058341649)|ENTERING_MANAGED_PKG|tdc_tsw
23:33:53.21 (1064447774)|ENTERING_MANAGED_PKG|tdc_tsw
23:33:53.21 (1066218407)|ENTERING_MANAGED_PKG|tdc_tsw
23:33:53.21 (1072329227)|ENTERING_MANAGED_PKG|tdc_tsw
23:33:53.21 (1073357193)|ENTERING_MANAGED_PKG|tdc_tsw
23:33:53.21 (1079819451)|ENTERING_MANAGED_PKG|tdc_tsw
23:33:53.21 (1080727542)|ENTERING_MANAGED_PKG|tdc_tsw
23:33:53.21 (1086959045)|ENTERING_MANAGED_PKG|tdc_tsw
23:33:53.21 (1087904058)|ENTERING_MANAGED_PKG|tdc_tsw
23:33:53.21 (1094119241)|ENTERING_MANAGED_PKG|tdc_tsw
23:33:53.21 (1095037857)|ENTERING_MANAGED_PKG|tdc_tsw
23:33:53.21 (1101177826)|ENTERING_MANAGED_PKG|tdc_tsw
23:33:53.21 (1102132044)|ENTERING_MANAGED_PKG|tdc_tsw
23:33:53.21 (1108264122)|ENTERING_MANAGED_PKG|tdc_tsw
23:33:53.21 (1109174960)|ENTERING_MANAGED_PKG|tdc_tsw
23:33:53.21 (1115726214)|ENTERING_MANAGED_PKG|tdc_tsw
23:33:53.21 (1116641234)|ENTERING_MANAGED_PKG|tdc_tsw
23:33:53.21 (1123204203)|ENTERING_MANAGED_PKG|tdc_tsw
23:33:53.21 (1124192420)|ENTERING_MANAGED_PKG|tdc_tsw
23:33:53.21 (1131415775)|ENTERING_MANAGED_PKG|tdc_tsw
23:33:53.21 (1132838139)|ENTERING_MANAGED_PKG|tdc_tsw
23:33:53.21 (1143405309)|ENTERING_MANAGED_PKG|tdc_tsw
23:33:53.21 (1144901643)|ENTERING_MANAGED_PKG|tdc_tsw
23:33:53.21 (1155510351)|ENTERING_MANAGED_PKG|tdc_tsw
23:33:53.21 (1157017321)|ENTERING_MANAGED_PKG|tdc_tsw
23:33:53.21 (1167717146)|ENTERING_MANAGED_PKG|tdc_tsw
23:33:53.21 (1169255862)|ENTERING_MANAGED_PKG|tdc_tsw
23:33:53.21 (1179037933)|ENTERING_MANAGED_PKG|tdc_tsw
23:33:53.21 (1180327028)|ENTERING_MANAGED_PKG|tdc_tsw
23:33:53.21 (1188004747)|ENTERING_MANAGED_PKG|tdc_tsw
23:33:53.21 (1189138528)|ENTERING_MANAGED_PKG|tdc_tsw
23:33:53.21 (1197835158)|ENTERING_MANAGED_PKG|tdc_tsw
23:33:53.21 (1199178813)|ENTERING_MANAGED_PKG|tdc_tsw
23:33:53.21 (1206196414)|ENTERING_MANAGED_PKG|tdc_tsw
23:33:53.21 (1207190413)|ENTERING_MANAGED_PKG|tdc_tsw
23:33:53.21 (1213315893)|ENTERING_MANAGED_PKG|tdc_tsw
23:33:53.21 (1214300561)|ENTERING_MANAGED_PKG|tdc_tsw
23:33:53.21 (1222334045)|ENTERING_MANAGED_PKG|tdc_tsw
23:33:53.21 (1223513958)|ENTERING_MANAGED_PKG|tdc_tsw
23:33:53.21 (1232591055)|ENTERING_MANAGED_PKG|tdc_tsw
23:33:53.21 (1233611573)|ENTERING_MANAGED_PKG|tdc_tsw
23:33:53.21 (1240077019)|ENTERING_MANAGED_PKG|tdc_tsw
23:33:53.21 (1241314920)|ENTERING_MANAGED_PKG|tdc_tsw
23:33:53.21 (1248368186)|ENTERING_MANAGED_PKG|tdc_tsw
23:33:53.21 (1249277060)|ENTERING_MANAGED_PKG|tdc_tsw
23:33:53.21 (1255403284)|ENTERING_MANAGED_PKG|tdc_tsw
23:33:53.21 (1256307328)|ENTERING_MANAGED_PKG|tdc_tsw
23:33:53.21 (1262834612)|ENTERING_MANAGED_PKG|tdc_tsw
23:33:53.21 (1263756523)|ENTERING_MANAGED_PKG|tdc_tsw
23:33:53.21 (1269908938)|ENTERING_MANAGED_PKG|tdc_tsw
23:33:53.21 (1270812272)|ENTERING_MANAGED_PKG|tdc_tsw
23:33:53.21 (1276926796)|ENTERING_MANAGED_PKG|tdc_tsw
23:33:53.21 (1277828100)|ENTERING_MANAGED_PKG|tdc_tsw
23:33:53.21 (1284085354)|ENTERING_MANAGED_PKG|tdc_tsw
23:33:53.21 (1284999116)|ENTERING_MANAGED_PKG|tdc_tsw
23:33:53.21 (1291282161)|ENTERING_MANAGED_PKG|tdc_tsw
23:33:53.21 (1292207395)|ENTERING_MANAGED_PKG|tdc_tsw
23:33:53.21 (1298435035)|ENTERING_MANAGED_PKG|tdc_tsw
23:33:53.21 (1299448820)|ENTERING_MANAGED_PKG|tdc_tsw
23:33:53.21 (1305587628)|ENTERING_MANAGED_PKG|tdc_tsw
23:33:53.21 (1306490370)|ENTERING_MANAGED_PKG|tdc_tsw
23:33:53.21 (1312789665)|ENTERING_MANAGED_PKG|tdc_tsw
23:33:53.21 (1317597562)|ENTERING_MANAGED_PKG|tdc_tsw
23:33:53.21 (1324244656)|ENTERING_MANAGED_PKG|tdc_tsw
23:33:53.21 (1325160036)|ENTERING_MANAGED_PKG|tdc_tsw
23:33:53.21 (1331707582)|ENTERING_MANAGED_PKG|tdc_tsw
23:33:53.21 (1332802466)|ENTERING_MANAGED_PKG|tdc_tsw
23:33:53.21 (1338950537)|ENTERING_MANAGED_PKG|tdc_tsw
23:33:53.21 (1339856132)|ENTERING_MANAGED_PKG|tdc_tsw
23:33:53.21 (1346916509)|ENTERING_MANAGED_PKG|tdc_tsw
23:33:53.21 (1347902812)|ENTERING_MANAGED_PKG|tdc_tsw
23:33:53.21 (1354838573)|ENTERING_MANAGED_PKG|tdc_tsw
23:33:53.21 (1357606520)|ENTERING_MANAGED_PKG|tdc_tsw
23:33:53.21 (1358234043)|ENTERING_MANAGED_PKG|tdc_tsw
23:33:53.21 (1358365663)|ENTERING_MANAGED_PKG|tdc_tsw
23:33:53.21 (1358492386)|ENTERING_MANAGED_PKG|tdc_tsw
23:33:53.21 (1358640673)|ENTERING_MANAGED_PKG|tdc_tsw
23:33:53.21 (1358699939)|ENTERING_MANAGED_PKG|tdc_tsw
23:33:53.21 (1358861985)|ENTERING_MANAGED_PKG|tdc_tsw
23:33:53.21 (1358914630)|ENTERING_MANAGED_PKG|tdc_tsw
23:33:53.21 (1358991873)|ENTERING_MANAGED_PKG|tdc_tsw
23:33:53.21 (1359126128)|ENTERING_MANAGED_PKG|tdc_tsw
23:33:53.21 (1360480031)|ENTERING_MANAGED_PKG|tdc_tsw
23:33:53.21 (1360825321)|ENTERING_MANAGED_PKG|tdc_tsw
23:33:53.21 (1367054761)|ENTERING_MANAGED_PKG|tdc_tsw
23:33:53.21 (1367968387)|ENTERING_MANAGED_PKG|tdc_tsw
23:33:53.21 (1374076213)|ENTERING_MANAGED_PKG|tdc_tsw
23:33:53.21 (1374975956)|ENTERING_MANAGED_PKG|tdc_tsw
23:33:53.21 (1381117632)|ENTERING_MANAGED_PKG|tdc_tsw
23:33:53.21 (1382013313)|ENTERING_MANAGED_PKG|tdc_tsw
23:33:53.21 (1388771880)|ENTERING_MANAGED_PKG|tdc_tsw
23:33:53.21 (1389684369)|ENTERING_MANAGED_PKG|tdc_tsw
23:33:53.21 (1396102417)|ENTERING_MANAGED_PKG|tdc_tsw
23:33:53.21 (1397001984)|ENTERING_MANAGED_PKG|tdc_tsw
23:33:53.21 (1403187533)|ENTERING_MANAGED_PKG|tdc_tsw
23:33:53.21 (1404113404)|ENTERING_MANAGED_PKG|tdc_tsw
23:33:53.21 (1410324600)|ENTERING_MANAGED_PKG|tdc_tsw
23:33:53.21 (1411231087)|ENTERING_MANAGED_PKG|tdc_tsw
23:33:53.21 (1418275408)|ENTERING_MANAGED_PKG|tdc_tsw
23:33:53.21 (1419199805)|ENTERING_MANAGED_PKG|tdc_tsw
23:33:53.21 (1425354201)|ENTERING_MANAGED_PKG|tdc_tsw
23:33:53.21 (1426266948)|ENTERING_MANAGED_PKG|tdc_tsw
23:33:53.21 (1432402678)|ENTERING_MANAGED_PKG|tdc_tsw
23:33:53.21 (1433308221)|ENTERING_MANAGED_PKG|tdc_tsw
23:33:53.21 (1439664630)|ENTERING_MANAGED_PKG|tdc_tsw
23:33:53.21 (1440580289)|ENTERING_MANAGED_PKG|tdc_tsw
23:33:53.21 (1447233551)|ENTERING_MANAGED_PKG|tdc_tsw
23:33:53.21 (1448532774)|ENTERING_MANAGED_PKG|tdc_tsw
23:33:53.21 (1454772390)|ENTERING_MANAGED_PKG|tdc_tsw
23:33:53.21 (1455685214)|ENTERING_MANAGED_PKG|tdc_tsw
23:33:53.21 (1461875697)|ENTERING_MANAGED_PKG|tdc_tsw
23:33:53.21 (1462829084)|ENTERING_MANAGED_PKG|tdc_tsw
23:33:53.21 (1469170263)|ENTERING_MANAGED_PKG|tdc_tsw
23:33:53.21 (1470071496)|ENTERING_MANAGED_PKG|tdc_tsw
23:33:53.21 (1476251303)|ENTERING_MANAGED_PKG|tdc_tsw
23:33:53.21 (1477203704)|ENTERING_MANAGED_PKG|tdc_tsw
23:33:53.21 (1483385070)|ENTERING_MANAGED_PKG|tdc_tsw
23:33:53.21 (1484294524)|ENTERING_MANAGED_PKG|tdc_tsw
23:33:53.21 (1490796096)|ENTERING_MANAGED_PKG|tdc_tsw
23:33:53.21 (1491716584)|ENTERING_MANAGED_PKG|tdc_tsw
23:33:53.21 (1497945046)|ENTERING_MANAGED_PKG|tdc_tsw
23:33:53.21 (1498856670)|ENTERING_MANAGED_PKG|tdc_tsw
23:33:53.21 (1505427102)|ENTERING_MANAGED_PKG|tdc_tsw
23:33:53.21 (1506438615)|ENTERING_MANAGED_PKG|tdc_tsw
23:33:53.21 (1513409369)|ENTERING_MANAGED_PKG|tdc_tsw
23:33:53.21 (1514320851)|ENTERING_MANAGED_PKG|tdc_tsw
23:33:53.21 (1520853271)|ENTERING_MANAGED_PKG|tdc_tsw
23:33:53.21 (1521765923)|ENTERING_MANAGED_PKG|tdc_tsw
23:33:53.21 (1529062257)|ENTERING_MANAGED_PKG|tdc_tsw
23:33:53.21 (1530039710)|ENTERING_MANAGED_PKG|tdc_tsw
23:33:53.21 (1536489999)|ENTERING_MANAGED_PKG|tdc_tsw
23:33:53.21 (1537513780)|ENTERING_MANAGED_PKG|tdc_tsw
23:33:53.21 (1543658798)|ENTERING_MANAGED_PKG|tdc_tsw
23:33:53.21 (1544561645)|ENTERING_MANAGED_PKG|tdc_tsw
23:33:53.21 (1550662099)|ENTERING_MANAGED_PKG|tdc_tsw
23:33:53.21 (1551560902)|ENTERING_MANAGED_PKG|tdc_tsw
23:33:53.21 (1557706083)|ENTERING_MANAGED_PKG|tdc_tsw
23:33:53.21 (1558607759)|ENTERING_MANAGED_PKG|tdc_tsw
23:33:53.21 (1564964228)|ENTERING_MANAGED_PKG|tdc_tsw
23:33:53.21 (1565870470)|ENTERING_MANAGED_PKG|tdc_tsw
23:33:53.21 (1572023718)|ENTERING_MANAGED_PKG|tdc_tsw
23:33:53.21 (1572934944)|ENTERING_MANAGED_PKG|tdc_tsw
23:33:53.21 (1579087855)|ENTERING_MANAGED_PKG|tdc_tsw
23:33:53.21 (1579988083)|ENTERING_MANAGED_PKG|tdc_tsw
23:33:53.21 (1587146477)|ENTERING_MANAGED_PKG|tdc_tsw
23:33:53.21 (1588580273)|ENTERING_MANAGED_PKG|tdc_tsw
23:33:53.21 (1595171025)|ENTERING_MANAGED_PKG|tdc_tsw
23:33:53.21 (1596070412)|ENTERING_MANAGED_PKG|tdc_tsw
23:33:53.21 (1616802230)|ENTERING_MANAGED_PKG|tdc_tsw
23:33:53.21 (1617807768)|ENTERING_MANAGED_PKG|tdc_tsw
23:33:53.21 (1624422946)|ENTERING_MANAGED_PKG|tdc_tsw
23:33:53.21 (1625337230)|ENTERING_MANAGED_PKG|tdc_tsw
23:33:53.21 (1631587524)|ENTERING_MANAGED_PKG|tdc_tsw
23:33:53.21 (1632507046)|ENTERING_MANAGED_PKG|tdc_tsw
23:33:53.21 (1639069839)|ENTERING_MANAGED_PKG|tdc_tsw
23:33:53.21 (1639977207)|ENTERING_MANAGED_PKG|tdc_tsw
23:33:53.21 (1646152191)|ENTERING_MANAGED_PKG|tdc_tsw
23:33:53.21 (1647050810)|ENTERING_MANAGED_PKG|tdc_tsw
23:33:53.21 (1653220266)|ENTERING_MANAGED_PKG|tdc_tsw
23:33:53.21 (1654127143)|ENTERING_MANAGED_PKG|tdc_tsw
23:33:53.21 (1660257725)|ENTERING_MANAGED_PKG|tdc_tsw
23:33:53.21 (1661161383)|ENTERING_MANAGED_PKG|tdc_tsw
23:33:53.21 (1667292748)|ENTERING_MANAGED_PKG|tdc_tsw
23:33:53.21 (1668227825)|ENTERING_MANAGED_PKG|tdc_tsw
23:33:53.21 (1674415564)|ENTERING_MANAGED_PKG|tdc_tsw
23:33:53.21 (1675324238)|ENTERING_MANAGED_PKG|tdc_tsw
23:33:53.21 (1681424735)|ENTERING_MANAGED_PKG|tdc_tsw
23:33:53.21 (1682404586)|ENTERING_MANAGED_PKG|tdc_tsw
23:33:53.21 (1688560811)|ENTERING_MANAGED_PKG|tdc_tsw
23:33:53.21 (1689463789)|ENTERING_MANAGED_PKG|tdc_tsw
23:33:53.21 (1695795891)|ENTERING_MANAGED_PKG|tdc_tsw
23:33:53.21 (1696702538)|ENTERING_MANAGED_PKG|tdc_tsw
23:33:53.21 (1703081214)|ENTERING_MANAGED_PKG|tdc_tsw
23:33:53.21 (1703999972)|ENTERING_MANAGED_PKG|tdc_tsw
23:33:53.21 (1710147486)|ENTERING_MANAGED_PKG|tdc_tsw
23:33:53.21 (1711109949)|ENTERING_MANAGED_PKG|tdc_tsw
23:33:53.21 (1717345027)|ENTERING_MANAGED_PKG|tdc_tsw
23:33:53.21 (1718249703)|ENTERING_MANAGED_PKG|tdc_tsw
23:33:53.21 (1725332250)|ENTERING_MANAGED_PKG|tdc_tsw
23:33:53.21 (1726255976)|ENTERING_MANAGED_PKG|tdc_tsw
23:33:53.21 (1733072479)|ENTERING_MANAGED_PKG|tdc_tsw
23:33:53.21 (1734112681)|ENTERING_MANAGED_PKG|tdc_tsw
23:33:53.21 (1741791615)|ENTERING_MANAGED_PKG|tdc_tsw
23:33:53.21 (1746020457)|ENTERING_MANAGED_PKG|tdc_tsw
23:33:53.21 (1746285461)|ENTERING_MANAGED_PKG|tdc_tsw
23:33:53.21 (1746618806)|ENTERING_MANAGED_PKG|tdc_tsw
23:33:53.21 (1746693850)|ENTERING_MANAGED_PKG|tdc_tsw
23:33:53.21 (1746760654)|ENTERING_MANAGED_PKG|tdc_tsw
23:33:53.21 (1746807715)|ENTERING_MANAGED_PKG|tdc_tsw
23:33:53.21 (1746845520)|ENTERING_MANAGED_PKG|tdc_tsw
23:33:53.21 (1746974811)|ENTERING_MANAGED_PKG|tdc_tsw
23:33:53.21 (1747343770)|ENTERING_MANAGED_PKG|tdc_tsw
23:33:53.21 (1747381392)|ENTERING_MANAGED_PKG|tdc_tsw
23:33:53.21 (1747425308)|ENTERING_MANAGED_PKG|tdc_tsw
23:33:53.21 (1747491979)|ENTERING_MANAGED_PKG|tdc_tsw
23:33:53.21 (1747569240)|ENTERING_MANAGED_PKG|tdc_tsw
23:33:53.21 (1747676099)|ENTERING_MANAGED_PKG|tdc_tsw
23:33:53.21 (1747860217)|ENTERING_MANAGED_PKG|tdc_tsw
23:33:53.21 (1747895391)|ENTERING_MANAGED_PKG|tdc_tsw
23:33:53.21 (1747935476)|ENTERING_MANAGED_PKG|tdc_tsw
23:33:53.21 (1747973407)|ENTERING_MANAGED_PKG|tdc_tsw
23:33:53.21 (1748004613)|ENTERING_MANAGED_PKG|tdc_tsw
23:33:53.21 (1748104582)|ENTERING_MANAGED_PKG|tdc_tsw
23:33:53.21 (1748353809)|ENTERING_MANAGED_PKG|tdc_tsw
23:33:53.21 (1748416335)|ENTERING_MANAGED_PKG|tdc_tsw
23:33:53.21 (1748484992)|ENTERING_MANAGED_PKG|tdc_tsw
23:33:53.21 (1748553717)|ENTERING_MANAGED_PKG|tdc_tsw
23:33:53.21 (1748609395)|ENTERING_MANAGED_PKG|tdc_tsw
23:33:53.21 (1748770850)|ENTERING_MANAGED_PKG|tdc_tsw
23:33:53.21 (1749100351)|ENTERING_MANAGED_PKG|tdc_tsw
23:33:53.21 (1749157944)|ENTERING_MANAGED_PKG|tdc_tsw
23:33:53.21 (1749229883)|ENTERING_MANAGED_PKG|tdc_tsw
23:33:53.21 (1749295879)|ENTERING_MANAGED_PKG|tdc_tsw
23:33:53.21 (1749348702)|ENTERING_MANAGED_PKG|tdc_tsw
23:33:53.21 (1749522977)|ENTERING_MANAGED_PKG|tdc_tsw
23:33:53.21 (1749822177)|ENTERING_MANAGED_PKG|tdc_tsw
23:33:53.21 (1749887757)|ENTERING_MANAGED_PKG|tdc_tsw
23:33:53.21 (1749962603)|ENTERING_MANAGED_PKG|tdc_tsw
23:33:53.21 (1750017788)|ENTERING_MANAGED_PKG|tdc_tsw
23:33:53.21 (1750053092)|ENTERING_MANAGED_PKG|tdc_tsw
23:33:53.21 (1750154397)|ENTERING_MANAGED_PKG|tdc_tsw
23:33:53.21 (1750360899)|ENTERING_MANAGED_PKG|tdc_tsw
23:33:53.21 (1750396425)|ENTERING_MANAGED_PKG|tdc_tsw
23:33:53.21 (1750436297)|ENTERING_MANAGED_PKG|tdc_tsw
23:33:53.21 (1750498791)|ENTERING_MANAGED_PKG|tdc_tsw
23:33:53.21 (1750553255)|ENTERING_MANAGED_PKG|tdc_tsw
23:33:53.21 (1750679062)|ENTERING_MANAGED_PKG|tdc_tsw
23:33:53.21 (1750941834)|ENTERING_MANAGED_PKG|tdc_tsw
23:33:53.21 (1750999445)|ENTERING_MANAGED_PKG|tdc_tsw
23:33:53.21 (1751055600)|ENTERING_MANAGED_PKG|tdc_tsw
23:33:53.21 (1751103501)|ENTERING_MANAGED_PKG|tdc_tsw
23:33:53.21 (1751137021)|ENTERING_MANAGED_PKG|tdc_tsw
23:33:53.21 (1751282854)|ENTERING_MANAGED_PKG|tdc_tsw
23:33:53.21 (1751579005)|ENTERING_MANAGED_PKG|tdc_tsw
23:33:53.21 (1751633089)|ENTERING_MANAGED_PKG|tdc_tsw
23:33:53.21 (1751693262)|ENTERING_MANAGED_PKG|tdc_tsw
23:33:53.21 (1751760414)|ENTERING_MANAGED_PKG|tdc_tsw
23:33:53.21 (1751815053)|ENTERING_MANAGED_PKG|tdc_tsw
23:33:53.21 (1751976619)|ENTERING_MANAGED_PKG|tdc_tsw
23:33:53.21 (1752291354)|ENTERING_MANAGED_PKG|tdc_tsw
23:33:53.21 (1752350053)|ENTERING_MANAGED_PKG|tdc_tsw
23:33:53.21 (1752414732)|ENTERING_MANAGED_PKG|tdc_tsw
23:33:53.21 (1752480356)|ENTERING_MANAGED_PKG|tdc_tsw
23:33:53.21 (1752532242)|ENTERING_MANAGED_PKG|tdc_tsw
23:33:53.21 (1752686387)|ENTERING_MANAGED_PKG|tdc_tsw
23:33:53.21 (1753009097)|ENTERING_MANAGED_PKG|tdc_tsw
23:33:53.21 (1753072648)|ENTERING_MANAGED_PKG|tdc_tsw
23:33:53.21 (1753145554)|ENTERING_MANAGED_PKG|tdc_tsw
23:33:53.21 (1753220922)|ENTERING_MANAGED_PKG|tdc_tsw
23:33:53.21 (1753276598)|ENTERING_MANAGED_PKG|tdc_tsw
23:33:53.21 (1753439600)|ENTERING_MANAGED_PKG|tdc_tsw
23:33:53.21 (1753782955)|ENTERING_MANAGED_PKG|tdc_tsw
23:33:53.21 (1753844677)|ENTERING_MANAGED_PKG|tdc_tsw
23:33:53.21 (1753912390)|ENTERING_MANAGED_PKG|tdc_tsw
23:33:53.21 (1753980576)|ENTERING_MANAGED_PKG|tdc_tsw
23:33:53.21 (1754036511)|ENTERING_MANAGED_PKG|tdc_tsw
23:33:53.21 (1754206074)|ENTERING_MANAGED_PKG|tdc_tsw
23:33:53.21 (1754517923)|ENTERING_MANAGED_PKG|tdc_tsw
23:33:53.21 (1754580435)|ENTERING_MANAGED_PKG|tdc_tsw
23:33:53.21 (1754648312)|ENTERING_MANAGED_PKG|tdc_tsw
23:33:53.21 (1754711157)|ENTERING_MANAGED_PKG|tdc_tsw
23:33:53.21 (1754760168)|ENTERING_MANAGED_PKG|tdc_tsw
23:33:53.21 (1754910724)|ENTERING_MANAGED_PKG|tdc_tsw
23:33:53.21 (1755205184)|ENTERING_MANAGED_PKG|tdc_tsw
23:33:53.21 (1755259163)|ENTERING_MANAGED_PKG|tdc_tsw
23:33:53.21 (1755323670)|ENTERING_MANAGED_PKG|tdc_tsw
23:33:53.21 (1755385560)|ENTERING_MANAGED_PKG|tdc_tsw
23:33:53.21 (1755433527)|ENTERING_MANAGED_PKG|tdc_tsw
23:33:53.21 (1755581868)|ENTERING_MANAGED_PKG|tdc_tsw
23:33:53.21 (1755845713)|ENTERING_MANAGED_PKG|tdc_tsw
23:33:53.21 (1755894677)|ENTERING_MANAGED_PKG|tdc_tsw
23:33:53.21 (1755947022)|ENTERING_MANAGED_PKG|tdc_tsw
23:33:53.21 (1755997062)|ENTERING_MANAGED_PKG|tdc_tsw
23:33:53.21 (1756040674)|ENTERING_MANAGED_PKG|tdc_tsw
23:33:53.21 (1756183589)|ENTERING_MANAGED_PKG|tdc_tsw
23:33:53.21 (1756475063)|ENTERING_MANAGED_PKG|tdc_tsw
23:33:53.21 (1756559265)|ENTERING_MANAGED_PKG|tdc_tsw
23:33:53.21 (1756619382)|ENTERING_MANAGED_PKG|tdc_tsw
23:33:53.21 (1756689025)|ENTERING_MANAGED_PKG|tdc_tsw
23:33:53.21 (1756738492)|ENTERING_MANAGED_PKG|tdc_tsw
23:33:53.21 (1756865887)|ENTERING_MANAGED_PKG|tdc_tsw
23:33:53.21 (1757128356)|ENTERING_MANAGED_PKG|tdc_tsw
23:33:53.21 (1757187443)|ENTERING_MANAGED_PKG|tdc_tsw
23:33:53.21 (1757253944)|ENTERING_MANAGED_PKG|tdc_tsw
23:33:53.21 (1757319606)|ENTERING_MANAGED_PKG|tdc_tsw
23:33:53.21 (1757375344)|ENTERING_MANAGED_PKG|tdc_tsw
23:33:53.21 (1757528485)|ENTERING_MANAGED_PKG|tdc_tsw
23:33:53.21 (1757805370)|ENTERING_MANAGED_PKG|tdc_tsw
23:33:53.21 (1757854851)|ENTERING_MANAGED_PKG|tdc_tsw
23:33:53.21 (1757912652)|ENTERING_MANAGED_PKG|tdc_tsw
23:33:53.21 (1757966681)|ENTERING_MANAGED_PKG|tdc_tsw
23:33:53.21 (1758009827)|ENTERING_MANAGED_PKG|tdc_tsw
23:33:53.21 (1758145218)|ENTERING_MANAGED_PKG|tdc_tsw
23:33:53.21 (1758387003)|ENTERING_MANAGED_PKG|tdc_tsw
23:33:53.21 (1758439394)|ENTERING_MANAGED_PKG|tdc_tsw
23:33:53.21 (1758495704)|ENTERING_MANAGED_PKG|tdc_tsw
23:33:53.21 (1758559249)|ENTERING_MANAGED_PKG|tdc_tsw
23:33:53.21 (1758613928)|ENTERING_MANAGED_PKG|tdc_tsw
23:33:53.21 (1758769825)|ENTERING_MANAGED_PKG|tdc_tsw
23:33:53.21 (1759064646)|ENTERING_MANAGED_PKG|tdc_tsw
23:33:53.21 (1759131815)|ENTERING_MANAGED_PKG|tdc_tsw
23:33:53.21 (1759198733)|ENTERING_MANAGED_PKG|tdc_tsw
23:33:53.21 (1759266715)|ENTERING_MANAGED_PKG|tdc_tsw
23:33:53.21 (1759318493)|ENTERING_MANAGED_PKG|tdc_tsw
23:33:53.21 (1759475200)|ENTERING_MANAGED_PKG|tdc_tsw
23:33:53.21 (1760095552)|ENTERING_MANAGED_PKG|tdc_tsw
23:33:53.21 (1760156119)|ENTERING_MANAGED_PKG|tdc_tsw
23:33:53.21 (1760221159)|ENTERING_MANAGED_PKG|tdc_tsw
23:33:53.21 (1760284205)|ENTERING_MANAGED_PKG|tdc_tsw
23:33:53.21 (1760334409)|ENTERING_MANAGED_PKG|tdc_tsw
23:33:53.21 (1760492223)|ENTERING_MANAGED_PKG|tdc_tsw
23:33:53.21 (1760781184)|ENTERING_MANAGED_PKG|tdc_tsw
23:33:53.21 (1760836571)|ENTERING_MANAGED_PKG|tdc_tsw
23:33:53.21 (1760880532)|ENTERING_MANAGED_PKG|tdc_tsw
23:33:53.21 (1760920405)|ENTERING_MANAGED_PKG|tdc_tsw
23:33:53.21 (1760974555)|ENTERING_MANAGED_PKG|tdc_tsw
23:33:53.21 (1761133012)|ENTERING_MANAGED_PKG|tdc_tsw
23:33:53.21 (1761393215)|ENTERING_MANAGED_PKG|tdc_tsw
23:33:53.21 (1761429684)|ENTERING_MANAGED_PKG|tdc_tsw
23:33:53.21 (1761469733)|ENTERING_MANAGED_PKG|tdc_tsw
23:33:53.21 (1761507557)|ENTERING_MANAGED_PKG|tdc_tsw
23:33:53.21 (1761538809)|ENTERING_MANAGED_PKG|tdc_tsw
23:33:53.21 (1761649427)|ENTERING_MANAGED_PKG|tdc_tsw
23:33:53.21 (1761926577)|ENTERING_MANAGED_PKG|tdc_tsw
23:33:53.21 (1761981269)|ENTERING_MANAGED_PKG|tdc_tsw
23:33:53.21 (1762029721)|ENTERING_MANAGED_PKG|tdc_tsw
23:33:53.21 (1762068965)|ENTERING_MANAGED_PKG|tdc_tsw
23:33:53.21 (1762107697)|ENTERING_MANAGED_PKG|tdc_tsw
23:33:53.21 (1762203540)|ENTERING_MANAGED_PKG|tdc_tsw
23:33:53.21 (1762433293)|ENTERING_MANAGED_PKG|tdc_tsw
23:33:53.21 (1762479651)|ENTERING_MANAGED_PKG|tdc_tsw
23:33:53.21 (1762521412)|ENTERING_MANAGED_PKG|tdc_tsw
23:33:53.21 (1762568464)|ENTERING_MANAGED_PKG|tdc_tsw
23:33:53.21 (1762622012)|ENTERING_MANAGED_PKG|tdc_tsw
23:33:53.21 (1762773410)|ENTERING_MANAGED_PKG|tdc_tsw
23:33:53.21 (1763086517)|ENTERING_MANAGED_PKG|tdc_tsw
23:33:53.21 (1763154932)|ENTERING_MANAGED_PKG|tdc_tsw
23:33:53.21 (1763216116)|ENTERING_MANAGED_PKG|tdc_tsw
23:33:53.21 (1763280248)|ENTERING_MANAGED_PKG|tdc_tsw
23:33:53.21 (1763333787)|ENTERING_MANAGED_PKG|tdc_tsw
23:33:53.21 (1763490551)|ENTERING_MANAGED_PKG|tdc_tsw
23:33:53.21 (1763790498)|ENTERING_MANAGED_PKG|tdc_tsw
23:33:53.21 (1763848072)|ENTERING_MANAGED_PKG|tdc_tsw
23:33:53.21 (1763914853)|ENTERING_MANAGED_PKG|tdc_tsw
23:33:53.21 (1763972412)|ENTERING_MANAGED_PKG|tdc_tsw
23:33:53.21 (1764023040)|ENTERING_MANAGED_PKG|tdc_tsw
23:33:53.21 (1764164646)|ENTERING_MANAGED_PKG|tdc_tsw
23:33:53.21 (1764438675)|ENTERING_MANAGED_PKG|tdc_tsw
23:33:53.21 (1764487696)|ENTERING_MANAGED_PKG|tdc_tsw
23:33:53.21 (1764541985)|ENTERING_MANAGED_PKG|tdc_tsw
23:33:53.21 (1764581429)|ENTERING_MANAGED_PKG|tdc_tsw
23:33:53.21 (1764612295)|ENTERING_MANAGED_PKG|tdc_tsw
23:33:53.21 (1764703282)|ENTERING_MANAGED_PKG|tdc_tsw
23:33:53.21 (1764882687)|ENTERING_MANAGED_PKG|tdc_tsw
23:33:53.21 (1764917108)|ENTERING_MANAGED_PKG|tdc_tsw
23:33:53.21 (1764956379)|ENTERING_MANAGED_PKG|tdc_tsw
23:33:53.21 (1764993322)|ENTERING_MANAGED_PKG|tdc_tsw
23:33:53.21 (1765024271)|ENTERING_MANAGED_PKG|tdc_tsw
23:33:53.21 (1765122913)|ENTERING_MANAGED_PKG|tdc_tsw
23:33:53.21 (1765328467)|ENTERING_MANAGED_PKG|tdc_tsw
23:33:53.21 (1765363043)|ENTERING_MANAGED_PKG|tdc_tsw
23:33:53.21 (1765402272)|ENTERING_MANAGED_PKG|tdc_tsw
23:33:53.21 (1765439583)|ENTERING_MANAGED_PKG|tdc_tsw
23:33:53.21 (1765470594)|ENTERING_MANAGED_PKG|tdc_tsw
23:33:53.21 (1765560223)|ENTERING_MANAGED_PKG|tdc_tsw
23:33:53.21 (1765735720)|ENTERING_MANAGED_PKG|tdc_tsw
23:33:53.21 (1765769504)|ENTERING_MANAGED_PKG|tdc_tsw
23:33:53.21 (1765808346)|ENTERING_MANAGED_PKG|tdc_tsw
23:33:53.21 (1765845267)|ENTERING_MANAGED_PKG|tdc_tsw
23:33:53.21 (1765876406)|ENTERING_MANAGED_PKG|tdc_tsw
23:33:53.21 (1765964799)|ENTERING_MANAGED_PKG|tdc_tsw
23:33:53.21 (1766162861)|ENTERING_MANAGED_PKG|tdc_tsw
23:33:53.21 (1766222647)|ENTERING_MANAGED_PKG|tdc_tsw
23:33:53.21 (1766289585)|ENTERING_MANAGED_PKG|tdc_tsw
23:33:53.21 (1766359221)|ENTERING_MANAGED_PKG|tdc_tsw
23:33:53.21 (1766410953)|ENTERING_MANAGED_PKG|tdc_tsw
23:33:53.21 (1766560906)|ENTERING_MANAGED_PKG|tdc_tsw
23:33:53.21 (1766841111)|ENTERING_MANAGED_PKG|tdc_tsw
23:33:53.21 (1766900664)|ENTERING_MANAGED_PKG|tdc_tsw
23:33:53.21 (1766965684)|ENTERING_MANAGED_PKG|tdc_tsw
23:33:53.21 (1767033207)|ENTERING_MANAGED_PKG|tdc_tsw
23:33:53.21 (1767084430)|ENTERING_MANAGED_PKG|tdc_tsw
23:33:53.21 (1767250567)|ENTERING_MANAGED_PKG|tdc_tsw
23:33:53.21 (1767509167)|ENTERING_MANAGED_PKG|tdc_tsw
23:33:53.21 (1767546396)|ENTERING_MANAGED_PKG|tdc_tsw
23:33:53.21 (1767608922)|ENTERING_MANAGED_PKG|tdc_tsw
23:33:53.21 (1767674958)|ENTERING_MANAGED_PKG|tdc_tsw
23:33:53.21 (1767719440)|ENTERING_MANAGED_PKG|tdc_tsw
23:33:53.21 (1767815832)|ENTERING_MANAGED_PKG|tdc_tsw
23:33:53.21 (1767994855)|ENTERING_MANAGED_PKG|tdc_tsw
23:33:53.21 (1768029511)|ENTERING_MANAGED_PKG|tdc_tsw
23:33:53.21 (1768070030)|ENTERING_MANAGED_PKG|tdc_tsw
23:33:53.21 (1768118099)|ENTERING_MANAGED_PKG|tdc_tsw
23:33:53.21 (1768151625)|ENTERING_MANAGED_PKG|tdc_tsw
23:33:53.21 (1768242161)|ENTERING_MANAGED_PKG|tdc_tsw
23:33:53.21 (1768460935)|ENTERING_MANAGED_PKG|tdc_tsw
23:33:53.21 (1768495841)|ENTERING_MANAGED_PKG|tdc_tsw
23:33:53.21 (1768541988)|ENTERING_MANAGED_PKG|tdc_tsw
23:33:53.21 (1768607145)|ENTERING_MANAGED_PKG|tdc_tsw
23:33:53.21 (1768656592)|ENTERING_MANAGED_PKG|tdc_tsw
23:33:53.21 (1768753847)|ENTERING_MANAGED_PKG|tdc_tsw
23:33:53.21 (1768932705)|ENTERING_MANAGED_PKG|tdc_tsw
23:33:53.21 (1768967694)|ENTERING_MANAGED_PKG|tdc_tsw
23:33:53.21 (1769007522)|ENTERING_MANAGED_PKG|tdc_tsw
23:33:53.21 (1769048695)|ENTERING_MANAGED_PKG|tdc_tsw
23:33:53.21 (1769109176)|ENTERING_MANAGED_PKG|tdc_tsw
23:33:53.21 (1769238117)|ENTERING_MANAGED_PKG|tdc_tsw
23:33:53.21 (1769465598)|ENTERING_MANAGED_PKG|tdc_tsw
23:33:53.21 (1769505121)|ENTERING_MANAGED_PKG|tdc_tsw
23:33:53.21 (1769552606)|ENTERING_MANAGED_PKG|tdc_tsw
23:33:53.21 (1769609590)|ENTERING_MANAGED_PKG|tdc_tsw
23:33:53.21 (1769644014)|ENTERING_MANAGED_PKG|tdc_tsw
23:33:53.21 (1769754510)|ENTERING_MANAGED_PKG|tdc_tsw
23:33:53.21 (1769933038)|ENTERING_MANAGED_PKG|tdc_tsw
23:33:53.21 (1769967589)|ENTERING_MANAGED_PKG|tdc_tsw
23:33:53.21 (1770007062)|ENTERING_MANAGED_PKG|tdc_tsw
23:33:53.21 (1770045888)|ENTERING_MANAGED_PKG|tdc_tsw
23:33:53.21 (1770085613)|ENTERING_MANAGED_PKG|tdc_tsw
23:33:53.21 (1770212078)|ENTERING_MANAGED_PKG|tdc_tsw
23:33:53.21 (1770415231)|ENTERING_MANAGED_PKG|tdc_tsw
23:33:53.21 (1770450199)|ENTERING_MANAGED_PKG|tdc_tsw
23:33:53.21 (1770489867)|ENTERING_MANAGED_PKG|tdc_tsw
23:33:53.21 (1770528049)|ENTERING_MANAGED_PKG|tdc_tsw
23:33:53.21 (1770563464)|ENTERING_MANAGED_PKG|tdc_tsw
23:33:53.21 (1770654417)|ENTERING_MANAGED_PKG|tdc_tsw
23:33:53.21 (1770829110)|ENTERING_MANAGED_PKG|tdc_tsw
23:33:53.21 (1770863078)|ENTERING_MANAGED_PKG|tdc_tsw
23:33:53.21 (1770902155)|ENTERING_MANAGED_PKG|tdc_tsw
23:33:53.21 (1770939389)|ENTERING_MANAGED_PKG|tdc_tsw
23:33:53.21 (1770970385)|ENTERING_MANAGED_PKG|tdc_tsw
23:33:53.21 (1771063789)|ENTERING_MANAGED_PKG|tdc_tsw
23:33:53.21 (1771254379)|ENTERING_MANAGED_PKG|tdc_tsw
23:33:53.21 (1771288444)|ENTERING_MANAGED_PKG|tdc_tsw
23:33:53.21 (1771327090)|ENTERING_MANAGED_PKG|tdc_tsw
23:33:53.21 (1771364141)|ENTERING_MANAGED_PKG|tdc_tsw
23:33:53.21 (1771394826)|ENTERING_MANAGED_PKG|tdc_tsw
23:33:53.21 (1771482637)|ENTERING_MANAGED_PKG|tdc_tsw
23:33:53.21 (1771662114)|ENTERING_MANAGED_PKG|tdc_tsw
23:33:53.21 (1771695754)|ENTERING_MANAGED_PKG|tdc_tsw
23:33:53.21 (1771743573)|ENTERING_MANAGED_PKG|tdc_tsw
23:33:53.21 (1771806327)|ENTERING_MANAGED_PKG|tdc_tsw
23:33:53.21 (1771842783)|ENTERING_MANAGED_PKG|tdc_tsw
23:33:53.21 (1771932665)|ENTERING_MANAGED_PKG|tdc_tsw
23:33:53.21 (1772220471)|ENTERING_MANAGED_PKG|tdc_tsw
23:33:53.21 (1772279083)|ENTERING_MANAGED_PKG|tdc_tsw
23:33:53.21 (1772344383)|ENTERING_MANAGED_PKG|tdc_tsw
23:33:53.21 (1772410643)|ENTERING_MANAGED_PKG|tdc_tsw
23:33:53.21 (1772462419)|ENTERING_MANAGED_PKG|tdc_tsw
23:33:53.21 (1772620266)|ENTERING_MANAGED_PKG|tdc_tsw
23:33:53.21 (1772906610)|ENTERING_MANAGED_PKG|tdc_tsw
23:33:53.21 (1772964459)|ENTERING_MANAGED_PKG|tdc_tsw
23:33:53.21 (1773029297)|ENTERING_MANAGED_PKG|tdc_tsw
23:33:53.21 (1773100410)|ENTERING_MANAGED_PKG|tdc_tsw
23:33:53.21 (1773152417)|ENTERING_MANAGED_PKG|tdc_tsw
23:33:53.21 (1773258372)|ENTERING_MANAGED_PKG|tdc_tsw
23:33:53.21 (1773443365)|ENTERING_MANAGED_PKG|tdc_tsw
23:33:53.21 (1773482273)|ENTERING_MANAGED_PKG|tdc_tsw
23:33:53.21 (1773522632)|ENTERING_MANAGED_PKG|tdc_tsw
23:33:53.21 (1773559576)|ENTERING_MANAGED_PKG|tdc_tsw
23:33:53.21 (1773590179)|ENTERING_MANAGED_PKG|tdc_tsw
23:33:53.21 (1773679436)|ENTERING_MANAGED_PKG|tdc_tsw
23:33:53.21 (1773854141)|ENTERING_MANAGED_PKG|tdc_tsw
23:33:53.21 (1773887782)|ENTERING_MANAGED_PKG|tdc_tsw
23:33:53.21 (1773927110)|ENTERING_MANAGED_PKG|tdc_tsw
23:33:53.21 (1773963973)|ENTERING_MANAGED_PKG|tdc_tsw
23:33:53.21 (1773994735)|ENTERING_MANAGED_PKG|tdc_tsw
23:33:53.21 (1774082559)|ENTERING_MANAGED_PKG|tdc_tsw
23:33:53.21 (1774266146)|ENTERING_MANAGED_PKG|tdc_tsw
23:33:53.21 (1774300017)|ENTERING_MANAGED_PKG|tdc_tsw
23:33:53.21 (1774338857)|ENTERING_MANAGED_PKG|tdc_tsw
23:33:53.21 (1774375714)|ENTERING_MANAGED_PKG|tdc_tsw
23:33:53.21 (1774406239)|ENTERING_MANAGED_PKG|tdc_tsw
23:33:53.21 (1774493556)|ENTERING_MANAGED_PKG|tdc_tsw
23:33:53.21 (1774666366)|ENTERING_MANAGED_PKG|tdc_tsw
23:33:53.21 (1774700383)|ENTERING_MANAGED_PKG|tdc_tsw
23:33:53.21 (1774739139)|ENTERING_MANAGED_PKG|tdc_tsw
23:33:53.21 (1774776269)|ENTERING_MANAGED_PKG|tdc_tsw
23:33:53.21 (1774807218)|ENTERING_MANAGED_PKG|tdc_tsw
23:33:53.21 (1774894360)|ENTERING_MANAGED_PKG|tdc_tsw
23:33:53.21 (1775067103)|ENTERING_MANAGED_PKG|tdc_tsw
23:33:53.21 (1775106901)|ENTERING_MANAGED_PKG|tdc_tsw
23:33:53.21 (1775146813)|ENTERING_MANAGED_PKG|tdc_tsw
23:33:53.21 (1775184030)|ENTERING_MANAGED_PKG|tdc_tsw
23:33:53.21 (1775214964)|ENTERING_MANAGED_PKG|tdc_tsw
23:33:53.21 (1775302856)|ENTERING_MANAGED_PKG|tdc_tsw
23:33:53.21 (1779803669)|ENTERING_MANAGED_PKG|tdc_tsw
23:33:53.21 (1779891368)|ENTERING_MANAGED_PKG|tdc_tsw
23:33:53.21 (1779982516)|ENTERING_MANAGED_PKG|tdc_tsw
23:33:53.21 (1780048786)|ENTERING_MANAGED_PKG|tdc_tsw
23:33:53.21 (1780172758)|ENTERING_MANAGED_PKG|tdc_tsw
23:33:53.21 (1780236114)|ENTERING_MANAGED_PKG|tdc_tsw
23:33:53.21 (1780385709)|ENTERING_MANAGED_PKG|tdc_tsw
23:33:53.21 (1780553978)|ENTERING_MANAGED_PKG|tdc_tsw
23:33:53.21 (1780739024)|ENTERING_MANAGED_PKG|tdc_tsw
23:33:53.21 (1798432305)|SOQL_EXECUTE_BEGIN|[1842]|Aggregations:0|SELECT Id, name FROM RecordType WHERE (sObjectType = :tmpVar1 AND name = :tmpVar2) LIMIT 1
23:33:53.21 (1807068357)|SOQL_EXECUTE_END|[1842]|Rows:1
23:33:53.21 (1810690055)|ENTERING_MANAGED_PKG|tdc_tsw
23:33:53.21 (1815723147)|DML_BEGIN|[719]|Op:Insert|Type:tdc_tsw__Message__c|Rows:1
23:33:53.21 (1821920194)|ENTERING_MANAGED_PKG|tdc_tsw
23:33:53.823 (1823511635)|CUMULATIVE_LIMIT_USAGE
23:33:53.823 (1823511635)|LIMIT_USAGE_FOR_NS|(default)|
  Number of SOQL queries: 0 out of 200
  Number of query rows: 0 out of 50000
  Number of SOSL queries: 0 out of 20
  Number of DML statements: 0 out of 150
  Number of DML rows: 0 out of 10000
  Maximum CPU time: 828 out of 60000
  Maximum heap size: 0 out of 12000000
  Number of callouts: 0 out of 100
  Number of Email Invocations: 0 out of 10
  Number of future calls: 0 out of 50
  Number of queueable jobs added to the queue: 0 out of 1
  Number of Mobile Apex push calls: 0 out of 10

23:33:53.823 (1823511635)|LIMIT_USAGE_FOR_NS|tdc_tsw|
  Number of SOQL queries: 5 out of 200
  Number of query rows: 5 out of 50000
  Number of SOSL queries: 0 out of 20
  Number of DML statements: 1 out of 150
  Number of DML rows: 1 out of 10000
  Maximum CPU time: 0 out of 60000
  Maximum heap size: 0 out of 12000000
  Number of callouts: 2 out of 100
  Number of Email Invocations: 0 out of 10
  Number of future calls: 0 out of 50
  Number of queueable jobs added to the queue: 0 out of 1
  Number of Mobile Apex push calls: 0 out of 10

23:33:53.823 (1823511635)|CUMULATIVE_LIMIT_USAGE_END

23:33:53.827 (1827690969)|CODE_UNIT_STARTED|[EXTERNAL]|01q3B000000BSJB|IncomingSMS on Message trigger event BeforeInsert|__sfdc_trigger/IncomingSMS
23:33:53.827 (1827740811)|HEAP_ALLOCATE|[EXTERNAL]|Bytes:8
23:33:53.827 (1827787522)|HEAP_ALLOCATE|[EXTERNAL]|Bytes:1
23:33:53.827 (1827803481)|HEAP_ALLOCATE|[EXTERNAL]|Bytes:4
23:33:53.827 (1827811636)|VARIABLE_SCOPE_BEGIN|[1]|this|IncomingSMS|true|false
23:33:53.827 (1827890804)|VARIABLE_ASSIGNMENT|[1]|this|{}|0x5ad95a04
23:33:53.827 (1827946158)|HEAP_ALLOCATE|[EXTERNAL]|Bytes:4
23:33:53.827 (1827958840)|VARIABLE_SCOPE_BEGIN|[1]|this|IncomingSMS|true|false
23:33:53.827 (1827989963)|VARIABLE_ASSIGNMENT|[1]|this|{}|0x5ad95a04
23:33:53.827 (1828010549)|STATEMENT_EXECUTE|[1]
23:33:53.827 (1828040715)|STATEMENT_EXECUTE|[2]
23:33:53.827 (1828274680)|HEAP_ALLOCATE|[3]|Bytes:5
23:33:53.827 (1828307735)|HEAP_ALLOCATE|[3]|Bytes:4
23:33:53.827 (1828323874)|VARIABLE_SCOPE_BEGIN|[3]|sms|tdc_tsw__Message__c|true|false
23:33:53.827 (1835116267)|VARIABLE_ASSIGNMENT|[3]|sms|{"tdc_tsw__ToNumber__c":"+13038816946","tdc_tsw__Sender_Number__c":"17065037067","tdc_tsw__Read__c":false,"tdc_tsw__Message_Segment__c":1,"tdc_tsw__Read_Status__c":"Unread","tdc_tsw__Task_Created__c":false,"Name":"Outgoing","tdc_tsw__Event_Created__c":false,"tdc_tsw__Message_Text_New__c":"Email Address?","tdc_tsw__MessageId__c":"SMc737418ea7d5464a82 (14 more) ...","tdc_tsw__Is_Keyword_Based__c":false,"OwnerId":"0051H000009gxp8QAA","tdc_tsw__Related_Object_Id_URL__c":"_HL_ENCODED_https:// (97 more) ...","RecordTypeId":"0121H000001Ie7gQAC","tdc_tsw__Question__c":"a1K3B000001eOHeUAM","tdc_tsw__Delivered_SMS__c":"_IM1_/resource/tdc_t (27 more) ...","tdc_tsw__Important__c":false,"tdc_tsw__Delivered__c":false,"tdc_tsw__Related_Object__c":"tdc_tsw__Message__c","IsDeleted":false,"tdc_tsw__Incoming_Status__c":"Not Read","tdc_tsw__isCaseCreated__c":false,"tdc_tsw__Message__c":"a173B000000seBiQAI","tdc_tsw__Related_Object_Id__c":"a173B000000seBiQAI","tdc_tsw__isLeadCreated__c":false,"tdc_tsw__Template_Parse_Id__c":"a173B000000seBiQAI","tdc_tsw__Delivery_Status__c":"Sent"}|0x15f35805
23:33:53.827 (1835147293)|STATEMENT_EXECUTE|[3]
23:33:53.827 (1835209344)|HEAP_ALLOCATE|[4]|Bytes:8
23:33:53.827 (1835239449)|STATEMENT_EXECUTE|[4]
23:33:53.827 (1835258367)|HEAP_ALLOCATE|[3]|Bytes:5
23:33:53.827 (1835287052)|VARIABLE_ASSIGNMENT|[3]|sms|null|
23:33:53.835 (1835304438)|CUMULATIVE_LIMIT_USAGE
23:33:53.835 (1835304438)|LIMIT_USAGE_FOR_NS|(default)|
  Number of SOQL queries: 0 out of 200
  Number of query rows: 0 out of 50000
  Number of SOSL queries: 0 out of 20
  Number of DML statements: 0 out of 150
  Number of DML rows: 0 out of 10000
  Maximum CPU time: 828 out of 60000
  Maximum heap size: 0 out of 12000000
  Number of callouts: 0 out of 100
  Number of Email Invocations: 0 out of 10
  Number of future calls: 0 out of 50
  Number of queueable jobs added to the queue: 0 out of 1
  Number of Mobile Apex push calls: 0 out of 10

23:33:53.835 (1835304438)|LIMIT_USAGE_FOR_NS|tdc_tsw|
  Number of SOQL queries: 5 out of 200
  Number of query rows: 5 out of 50000
  Number of SOSL queries: 0 out of 20
  Number of DML statements: 1 out of 150
  Number of DML rows: 1 out of 10000
  Maximum CPU time: 0 out of 60000
  Maximum heap size: 0 out of 12000000
  Number of callouts: 2 out of 100
  Number of Email Invocations: 0 out of 10
  Number of future calls: 0 out of 50
  Number of queueable jobs added to the queue: 0 out of 1
  Number of Mobile Apex push calls: 0 out of 10

23:33:53.835 (1835304438)|CUMULATIVE_LIMIT_USAGE_END

23:33:53.21 (1929457477)|ENTERING_MANAGED_PKG|tdc_tsw
23:33:53.21 (1929895186)|ENTERING_MANAGED_PKG|tdc_tsw
23:33:53.21 (1930400026)|ENTERING_MANAGED_PKG|tdc_tsw
23:33:53.21 (1930569058)|ENTERING_MANAGED_PKG|tdc_tsw
23:33:53.21 (1935357069)|SOQL_EXECUTE_BEGIN|[15]|Aggregations:0|SELECT Id, Email FROM User WHERE isActive = TRUE LIMIT 10000
23:33:53.21 (1941191674)|SOQL_EXECUTE_END|[15]|Rows:9
23:33:53.21 (1943922791)|ENTERING_MANAGED_PKG|tdc_tsw
23:33:53.21 (1948029809)|SOQL_EXECUTE_BEGIN|[434]|Aggregations:0|SELECT id, name, First_Question__c, Question_Text__c, Question__c, Question_Label__c, Object__c, tdc_tsw__Survey__c, Survey__r.name FROM Question__c WHERE id = :tmpVar1
23:33:53.21 (1954115812)|SOQL_EXECUTE_END|[434]|Rows:1
23:33:53.21 (1955723382)|ENTERING_MANAGED_PKG|tdc_tsw
23:33:53.21 (1964796798)|ENTERING_MANAGED_PKG|tdc_tsw
23:33:53.21 (1965502506)|ENTERING_MANAGED_PKG|tdc_tsw
23:33:53.21 (1965600261)|ENTERING_MANAGED_PKG|tdc_tsw
23:33:53.21 (1967307337)|DML_BEGIN|[467]|Op:Insert|Type:tdc_tsw__Survey_Response__c|Rows:1
23:33:53.21 (1993014149)|DML_END|[467]
23:33:53.21 (1994223483)|DML_BEGIN|[487]|Op:Update|Type:tdc_tsw__Message__c|Rows:1
23:33:54.21 (2021855928)|DML_END|[487]
23:33:54.21 (2022322858)|ENTERING_MANAGED_PKG|tdc_tsw
23:33:54.21 (2024118317)|SOQL_EXECUTE_BEGIN|[628]|Aggregations:0|Select id, leadId, contactId from CampaignMember where Id In : Ids
23:33:54.21 (2027753011)|SOQL_EXECUTE_END|[628]|Rows:0
23:33:54.28 (2028745826)|CUMULATIVE_LIMIT_USAGE
23:33:54.28 (2028745826)|LIMIT_USAGE_FOR_NS|(default)|
  Number of SOQL queries: 0 out of 200
  Number of query rows: 0 out of 50000
  Number of SOSL queries: 0 out of 20
  Number of DML statements: 0 out of 150
  Number of DML rows: 0 out of 10000
  Maximum CPU time: 964 out of 60000
  Maximum heap size: 0 out of 12000000
  Number of callouts: 0 out of 100
  Number of Email Invocations: 0 out of 10
  Number of future calls: 0 out of 50
  Number of queueable jobs added to the queue: 0 out of 1
  Number of Mobile Apex push calls: 0 out of 10

23:33:54.28 (2028745826)|LIMIT_USAGE_FOR_NS|tdc_tsw|
  Number of SOQL queries: 8 out of 200
  Number of query rows: 15 out of 50000
  Number of SOSL queries: 0 out of 20
  Number of DML statements: 3 out of 150
  Number of DML rows: 3 out of 10000
  Maximum CPU time: 0 out of 60000
  Maximum heap size: 0 out of 12000000
  Number of callouts: 2 out of 100
  Number of Email Invocations: 0 out of 10
  Number of future calls: 0 out of 50
  Number of queueable jobs added to the queue: 0 out of 1
  Number of Mobile Apex push calls: 0 out of 10

23:33:54.28 (2028745826)|CUMULATIVE_LIMIT_USAGE_END

23:33:54.21 (2070692356)|DML_END|[719]
23:33:54.21 (2070970540)|ENTERING_MANAGED_PKG|tdc_tsw
23:33:54.21 (2073471826)|DML_BEGIN|[1467]|Op:Update|Type:tdc_tsw__OrgSMSConfig__c|Rows:1
23:33:54.21 (2098429604)|DML_END|[1467]
