44.0 APEX_CODE,FINEST;APEX_PROFILING,INFO;CALLOUT,INFO;DB,INFO;NBA,INFO;SYSTEM,DEBUG;VALIDATION,INFO;VISUALFORCE,INFO;WAVE,INFO;WORKFLOW,INFO
20:16:32.0 (136031)|USER_INFO|[EXTERNAL]|0051H000009gxp8|chanida.dev2@solvedbysoftwareco.com|Eastern Standard Time|GMT-05:00
20:16:32.0 (2133336)|ENTERING_MANAGED_PKG|tdc_tsw
20:16:32.0 (2662346)|ENTERING_MANAGED_PKG|tdc_tsw
20:16:32.0 (6786829)|SOQL_EXECUTE_BEGIN|[16]|Aggregations:0|SELECT id, name, Disable_Incoming_SMS_Sharing__c FROM User WHERE id = :tmpVar1
20:16:32.0 (14235912)|SOQL_EXECUTE_END|[16]|Rows:1
20:16:32.0 (19915087)|SOQL_EXECUTE_BEGIN|[37]|Aggregations:0|SELECT CreatedDate,Created_Date__c,Id,LastModifiedDate,MessageId__c,Message_Text_New__c,Name,OwnerId,Read__c,Related_Object_Id__c,Related_Object__c,Sender_Number__c, Sender_Name__c,ToNumber__c,Attachments_Ids__c FROM Message__c WHERE Name = 'Incoming' AND Read__c = false ORDER BY CreatedDate Desc limit 100
20:16:32.0 (37042266)|SOQL_EXECUTE_END|[37]|Rows:86
20:16:32.0 (54331473)|ENTERING_MANAGED_PKG|tdc_tsw
20:16:32.0 (56197293)|ENTERING_MANAGED_PKG|tdc_tsw
20:16:32.0 (56700820)|ENTERING_MANAGED_PKG|tdc_tsw
20:16:32.0 (57445721)|ENTERING_MANAGED_PKG|tdc_tsw
20:16:32.0 (60511966)|ENTERING_MANAGED_PKG|tdc_tsw
20:16:32.0 (61332263)|ENTERING_MANAGED_PKG|tdc_tsw
20:16:32.0 (61575536)|ENTERING_MANAGED_PKG|tdc_tsw
20:16:32.0 (61991479)|ENTERING_MANAGED_PKG|tdc_tsw
20:16:32.0 (63130656)|ENTERING_MANAGED_PKG|tdc_tsw
20:16:32.0 (63913081)|ENTERING_MANAGED_PKG|tdc_tsw
20:16:32.0 (64151218)|ENTERING_MANAGED_PKG|tdc_tsw
20:16:32.0 (64564610)|ENTERING_MANAGED_PKG|tdc_tsw
20:16:32.0 (65675133)|ENTERING_MANAGED_PKG|tdc_tsw
20:16:32.0 (66448600)|ENTERING_MANAGED_PKG|tdc_tsw
20:16:32.0 (66684221)|ENTERING_MANAGED_PKG|tdc_tsw
20:16:32.0 (67087425)|ENTERING_MANAGED_PKG|tdc_tsw
20:16:32.0 (68202367)|ENTERING_MANAGED_PKG|tdc_tsw
20:16:32.0 (68969502)|ENTERING_MANAGED_PKG|tdc_tsw
20:16:32.0 (69209601)|ENTERING_MANAGED_PKG|tdc_tsw
20:16:32.0 (69609270)|ENTERING_MANAGED_PKG|tdc_tsw
20:16:32.0 (70730950)|ENTERING_MANAGED_PKG|tdc_tsw
20:16:32.0 (71501105)|ENTERING_MANAGED_PKG|tdc_tsw
20:16:32.0 (71715303)|ENTERING_MANAGED_PKG|tdc_tsw
20:16:32.0 (72108558)|ENTERING_MANAGED_PKG|tdc_tsw
20:16:32.0 (73222130)|ENTERING_MANAGED_PKG|tdc_tsw
20:16:32.0 (73986150)|ENTERING_MANAGED_PKG|tdc_tsw
20:16:32.0 (74230075)|ENTERING_MANAGED_PKG|tdc_tsw
20:16:32.0 (74633723)|ENTERING_MANAGED_PKG|tdc_tsw
20:16:32.0 (75749640)|ENTERING_MANAGED_PKG|tdc_tsw
20:16:32.0 (76524979)|ENTERING_MANAGED_PKG|tdc_tsw
20:16:32.0 (76734016)|ENTERING_MANAGED_PKG|tdc_tsw
20:16:32.0 (77135574)|ENTERING_MANAGED_PKG|tdc_tsw
20:16:32.0 (78258832)|ENTERING_MANAGED_PKG|tdc_tsw
20:16:32.0 (79023502)|ENTERING_MANAGED_PKG|tdc_tsw
20:16:32.0 (79241543)|ENTERING_MANAGED_PKG|tdc_tsw
20:16:32.0 (79922711)|ENTERING_MANAGED_PKG|tdc_tsw
20:16:32.0 (81145195)|ENTERING_MANAGED_PKG|tdc_tsw
20:16:32.0 (81917894)|ENTERING_MANAGED_PKG|tdc_tsw
20:16:32.0 (82154240)|ENTERING_MANAGED_PKG|tdc_tsw
20:16:32.0 (82671396)|ENTERING_MANAGED_PKG|tdc_tsw
20:16:32.0 (83876833)|ENTERING_MANAGED_PKG|tdc_tsw
20:16:32.0 (84656814)|ENTERING_MANAGED_PKG|tdc_tsw
20:16:32.0 (84894181)|ENTERING_MANAGED_PKG|tdc_tsw
20:16:32.0 (85403244)|ENTERING_MANAGED_PKG|tdc_tsw
20:16:32.0 (86801414)|ENTERING_MANAGED_PKG|tdc_tsw
20:16:32.0 (87656953)|ENTERING_MANAGED_PKG|tdc_tsw
20:16:32.0 (87734902)|ENTERING_MANAGED_PKG|tdc_tsw
20:16:32.0 (88395141)|SOQL_EXECUTE_BEGIN|[200]|Aggregations:0|SELECT Name, NamespacePrefix, SystemModStamp FROM StaticResource WHERE Name LIKE :tmpVar1 LIMIT 10
20:16:32.0 (92256377)|SOQL_EXECUTE_END|[200]|Rows:1
20:16:32.0 (93213761)|ENTERING_MANAGED_PKG|tdc_tsw
20:16:32.0 (93651405)|SOQL_EXECUTE_BEGIN|[200]|Aggregations:0|SELECT Name, NamespacePrefix, SystemModStamp FROM StaticResource WHERE Name LIKE :tmpVar1 LIMIT 10
20:16:32.0 (96460503)|SOQL_EXECUTE_END|[200]|Rows:1
20:16:32.0 (96892618)|ENTERING_MANAGED_PKG|tdc_tsw
20:16:32.0 (100450432)|ENTERING_MANAGED_PKG|tdc_tsw
20:16:32.0 (101954706)|ENTERING_MANAGED_PKG|tdc_tsw
20:16:32.0 (102272162)|ENTERING_MANAGED_PKG|tdc_tsw
20:16:32.0 (103126558)|ENTERING_MANAGED_PKG|tdc_tsw
20:16:32.0 (103572955)|SOQL_EXECUTE_BEGIN|[200]|Aggregations:0|SELECT Name, NamespacePrefix, SystemModStamp FROM StaticResource WHERE Name LIKE :tmpVar1 LIMIT 10
20:16:32.0 (106623417)|SOQL_EXECUTE_END|[200]|Rows:1
20:16:32.132 (132673573)|USER_INFO|[EXTERNAL]|0051H000009gxp8|chanida.dev2@solvedbysoftwareco.com|Eastern Standard Time|GMT-05:00
20:16:32.132 (134065691)|ENTERING_MANAGED_PKG|tdc_tsw
20:16:32.132 (134305915)|ENTERING_MANAGED_PKG|tdc_tsw
20:16:32.132 (177830739)|SOQL_EXECUTE_BEGIN|[355]|Aggregations:0|SELECT id, name, Disable_Incoming_SMS_Sharing__c FROM User WHERE id = :tmpVar1
20:16:32.132 (188083977)|SOQL_EXECUTE_END|[355]|Rows:1
20:16:32.132 (190070568)|SOQL_EXECUTE_BEGIN|[367]|Aggregations:0|SELECT CreatedDate,Id,LastModifiedDate,Related_Object_Id__c FROM Message__c WHERE Name = 'Incoming' AND Read__c = false ORDER BY CreatedDate Desc limit 100
20:16:32.132 (202947081)|SOQL_EXECUTE_END|[367]|Rows:86
