44.0 APEX_CODE,FINEST;APEX_PROFILING,INFO;CALLOUT,INFO;DB,INFO;NBA,INFO;SYSTEM,DEBUG;VALIDATION,INFO;VISUALFORCE,INFO;WAVE,INFO;WORKFLOW,INFO
22:18:07.0 (188668)|USER_INFO|[EXTERNAL]|0051H000009gxp8|chanida.dev2@solvedbysoftwareco.com|Eastern Standard Time|GMT-05:00
22:18:07.0 (2051296)|ENTERING_MANAGED_PKG|tdc_tsw
22:18:07.0 (2699541)|ENTERING_MANAGED_PKG|tdc_tsw
22:18:07.0 (6560704)|SOQL_EXECUTE_BEGIN|[16]|Aggregations:0|SELECT id, name, Disable_Incoming_SMS_Sharing__c FROM User WHERE id = :tmpVar1
22:18:07.0 (13728685)|SOQL_EXECUTE_END|[16]|Rows:1
22:18:07.0 (19547999)|SOQL_EXECUTE_BEGIN|[37]|Aggregations:0|SELECT CreatedDate,Created_Date__c,Id,LastModifiedDate,MessageId__c,Message_Text_New__c,Name,OwnerId,Read__c,Related_Object_Id__c,Related_Object__c,Sender_Number__c, Sender_Name__c,ToNumber__c,Attachments_Ids__c FROM Message__c WHERE Name = 'Incoming' AND Read__c = false ORDER BY CreatedDate Desc limit 100
22:18:07.0 (36836977)|SOQL_EXECUTE_END|[37]|Rows:100
22:18:07.0 (54289752)|ENTERING_MANAGED_PKG|tdc_tsw
22:18:07.0 (56345402)|ENTERING_MANAGED_PKG|tdc_tsw
22:18:07.0 (56880935)|ENTERING_MANAGED_PKG|tdc_tsw
22:18:07.0 (57600599)|ENTERING_MANAGED_PKG|tdc_tsw
22:18:07.0 (60260242)|ENTERING_MANAGED_PKG|tdc_tsw
22:18:07.0 (61083914)|ENTERING_MANAGED_PKG|tdc_tsw
22:18:07.0 (61322224)|ENTERING_MANAGED_PKG|tdc_tsw
22:18:07.0 (62060101)|ENTERING_MANAGED_PKG|tdc_tsw
22:18:07.0 (63179429)|ENTERING_MANAGED_PKG|tdc_tsw
22:18:07.0 (63961875)|ENTERING_MANAGED_PKG|tdc_tsw
22:18:07.0 (64197196)|ENTERING_MANAGED_PKG|tdc_tsw
22:18:07.0 (64633315)|ENTERING_MANAGED_PKG|tdc_tsw
22:18:07.0 (65786455)|ENTERING_MANAGED_PKG|tdc_tsw
22:18:07.0 (66588627)|ENTERING_MANAGED_PKG|tdc_tsw
22:18:07.0 (66832409)|ENTERING_MANAGED_PKG|tdc_tsw
22:18:07.0 (67248696)|ENTERING_MANAGED_PKG|tdc_tsw
22:18:07.0 (68403836)|ENTERING_MANAGED_PKG|tdc_tsw
22:18:07.0 (69211063)|ENTERING_MANAGED_PKG|tdc_tsw
22:18:07.0 (69455846)|ENTERING_MANAGED_PKG|tdc_tsw
22:18:07.0 (69894556)|ENTERING_MANAGED_PKG|tdc_tsw
22:18:07.0 (71026228)|ENTERING_MANAGED_PKG|tdc_tsw
22:18:07.0 (71796664)|ENTERING_MANAGED_PKG|tdc_tsw
22:18:07.0 (72033931)|ENTERING_MANAGED_PKG|tdc_tsw
22:18:07.0 (72446714)|ENTERING_MANAGED_PKG|tdc_tsw
22:18:07.0 (73567736)|ENTERING_MANAGED_PKG|tdc_tsw
22:18:07.0 (74333786)|ENTERING_MANAGED_PKG|tdc_tsw
22:18:07.0 (74574017)|ENTERING_MANAGED_PKG|tdc_tsw
22:18:07.0 (74984287)|ENTERING_MANAGED_PKG|tdc_tsw
22:18:07.0 (76128985)|ENTERING_MANAGED_PKG|tdc_tsw
22:18:07.0 (76893954)|ENTERING_MANAGED_PKG|tdc_tsw
22:18:07.0 (77124599)|ENTERING_MANAGED_PKG|tdc_tsw
22:18:07.0 (77534972)|ENTERING_MANAGED_PKG|tdc_tsw
22:18:07.0 (78637603)|ENTERING_MANAGED_PKG|tdc_tsw
22:18:07.0 (79426958)|ENTERING_MANAGED_PKG|tdc_tsw
22:18:07.0 (79676554)|ENTERING_MANAGED_PKG|tdc_tsw
22:18:07.0 (80098031)|ENTERING_MANAGED_PKG|tdc_tsw
22:18:07.0 (81182371)|ENTERING_MANAGED_PKG|tdc_tsw
22:18:07.0 (81943235)|ENTERING_MANAGED_PKG|tdc_tsw
22:18:07.0 (82172936)|ENTERING_MANAGED_PKG|tdc_tsw
22:18:07.0 (82597558)|ENTERING_MANAGED_PKG|tdc_tsw
22:18:07.0 (83675420)|ENTERING_MANAGED_PKG|tdc_tsw
22:18:07.0 (84426652)|ENTERING_MANAGED_PKG|tdc_tsw
22:18:07.0 (84665225)|ENTERING_MANAGED_PKG|tdc_tsw
22:18:07.0 (85058459)|ENTERING_MANAGED_PKG|tdc_tsw
22:18:07.0 (86179848)|ENTERING_MANAGED_PKG|tdc_tsw
22:18:07.0 (86947706)|ENTERING_MANAGED_PKG|tdc_tsw
22:18:07.0 (87177086)|ENTERING_MANAGED_PKG|tdc_tsw
22:18:07.0 (87581798)|ENTERING_MANAGED_PKG|tdc_tsw
22:18:07.0 (88657319)|ENTERING_MANAGED_PKG|tdc_tsw
22:18:07.0 (89406605)|ENTERING_MANAGED_PKG|tdc_tsw
22:18:07.0 (89643291)|ENTERING_MANAGED_PKG|tdc_tsw
22:18:07.0 (90038243)|ENTERING_MANAGED_PKG|tdc_tsw
22:18:07.0 (91113143)|ENTERING_MANAGED_PKG|tdc_tsw
22:18:07.0 (91872046)|ENTERING_MANAGED_PKG|tdc_tsw
22:18:07.0 (92100073)|ENTERING_MANAGED_PKG|tdc_tsw
22:18:07.0 (92501666)|ENTERING_MANAGED_PKG|tdc_tsw
22:18:07.0 (93576397)|ENTERING_MANAGED_PKG|tdc_tsw
22:18:07.0 (94323103)|ENTERING_MANAGED_PKG|tdc_tsw
22:18:07.0 (94563528)|ENTERING_MANAGED_PKG|tdc_tsw
22:18:07.0 (94969881)|ENTERING_MANAGED_PKG|tdc_tsw
22:18:07.0 (96048725)|ENTERING_MANAGED_PKG|tdc_tsw
22:18:07.0 (96805295)|ENTERING_MANAGED_PKG|tdc_tsw
22:18:07.0 (97034258)|ENTERING_MANAGED_PKG|tdc_tsw
22:18:07.0 (97425651)|ENTERING_MANAGED_PKG|tdc_tsw
22:18:07.0 (98513138)|ENTERING_MANAGED_PKG|tdc_tsw
22:18:07.0 (99260384)|ENTERING_MANAGED_PKG|tdc_tsw
22:18:07.0 (99498764)|ENTERING_MANAGED_PKG|tdc_tsw
22:18:07.0 (99926964)|ENTERING_MANAGED_PKG|tdc_tsw
22:18:07.0 (101007299)|ENTERING_MANAGED_PKG|tdc_tsw
22:18:07.0 (101764412)|ENTERING_MANAGED_PKG|tdc_tsw
22:18:07.0 (101994768)|ENTERING_MANAGED_PKG|tdc_tsw
22:18:07.0 (102395371)|ENTERING_MANAGED_PKG|tdc_tsw
22:18:07.0 (103478560)|ENTERING_MANAGED_PKG|tdc_tsw
22:18:07.0 (104220623)|ENTERING_MANAGED_PKG|tdc_tsw
22:18:07.0 (104457570)|ENTERING_MANAGED_PKG|tdc_tsw
22:18:07.0 (104852119)|ENTERING_MANAGED_PKG|tdc_tsw
22:18:07.0 (105924474)|ENTERING_MANAGED_PKG|tdc_tsw
22:18:07.0 (109967485)|ENTERING_MANAGED_PKG|tdc_tsw
22:18:07.0 (110209825)|ENTERING_MANAGED_PKG|tdc_tsw
22:18:07.0 (110626763)|ENTERING_MANAGED_PKG|tdc_tsw
22:18:07.0 (111744961)|ENTERING_MANAGED_PKG|tdc_tsw
22:18:07.0 (112560048)|ENTERING_MANAGED_PKG|tdc_tsw
22:18:07.0 (112792259)|ENTERING_MANAGED_PKG|tdc_tsw
22:18:07.0 (113184140)|ENTERING_MANAGED_PKG|tdc_tsw
22:18:07.0 (114271299)|ENTERING_MANAGED_PKG|tdc_tsw
22:18:07.0 (115029140)|ENTERING_MANAGED_PKG|tdc_tsw
22:18:07.0 (115257305)|ENTERING_MANAGED_PKG|tdc_tsw
22:18:07.0 (115659163)|ENTERING_MANAGED_PKG|tdc_tsw
22:18:07.0 (116736165)|ENTERING_MANAGED_PKG|tdc_tsw
22:18:07.0 (117491040)|ENTERING_MANAGED_PKG|tdc_tsw
22:18:07.0 (117721559)|ENTERING_MANAGED_PKG|tdc_tsw
22:18:07.0 (118124594)|ENTERING_MANAGED_PKG|tdc_tsw
22:18:07.0 (119221460)|ENTERING_MANAGED_PKG|tdc_tsw
22:18:07.0 (119981625)|ENTERING_MANAGED_PKG|tdc_tsw
22:18:07.0 (120209482)|ENTERING_MANAGED_PKG|tdc_tsw
22:18:07.0 (120613559)|ENTERING_MANAGED_PKG|tdc_tsw
22:18:07.0 (121694853)|ENTERING_MANAGED_PKG|tdc_tsw
22:18:07.0 (122450481)|ENTERING_MANAGED_PKG|tdc_tsw
22:18:07.0 (122681744)|ENTERING_MANAGED_PKG|tdc_tsw
22:18:07.0 (123081299)|ENTERING_MANAGED_PKG|tdc_tsw
22:18:07.0 (124156371)|ENTERING_MANAGED_PKG|tdc_tsw
22:18:07.0 (124914984)|ENTERING_MANAGED_PKG|tdc_tsw
22:18:07.0 (125144402)|ENTERING_MANAGED_PKG|tdc_tsw
22:18:07.0 (125548356)|ENTERING_MANAGED_PKG|tdc_tsw
22:18:07.0 (126820385)|ENTERING_MANAGED_PKG|tdc_tsw
22:18:07.0 (127866363)|ENTERING_MANAGED_PKG|tdc_tsw
22:18:07.0 (128154195)|ENTERING_MANAGED_PKG|tdc_tsw
22:18:07.0 (128615051)|ENTERING_MANAGED_PKG|tdc_tsw
22:18:07.0 (129817187)|ENTERING_MANAGED_PKG|tdc_tsw
22:18:07.0 (130591108)|ENTERING_MANAGED_PKG|tdc_tsw
22:18:07.0 (130802682)|ENTERING_MANAGED_PKG|tdc_tsw
22:18:07.0 (131209094)|ENTERING_MANAGED_PKG|tdc_tsw
22:18:07.0 (132309815)|ENTERING_MANAGED_PKG|tdc_tsw
22:18:07.0 (133082025)|ENTERING_MANAGED_PKG|tdc_tsw
22:18:07.0 (133313188)|ENTERING_MANAGED_PKG|tdc_tsw
22:18:07.0 (133725056)|ENTERING_MANAGED_PKG|tdc_tsw
22:18:07.0 (134819578)|ENTERING_MANAGED_PKG|tdc_tsw
22:18:07.0 (135587646)|ENTERING_MANAGED_PKG|tdc_tsw
22:18:07.0 (135798427)|ENTERING_MANAGED_PKG|tdc_tsw
22:18:07.0 (136202235)|ENTERING_MANAGED_PKG|tdc_tsw
22:18:07.0 (137298202)|ENTERING_MANAGED_PKG|tdc_tsw
22:18:07.0 (138065840)|ENTERING_MANAGED_PKG|tdc_tsw
22:18:07.0 (138297507)|ENTERING_MANAGED_PKG|tdc_tsw
22:18:07.0 (139063871)|ENTERING_MANAGED_PKG|tdc_tsw
22:18:07.0 (140257766)|ENTERING_MANAGED_PKG|tdc_tsw
22:18:07.0 (141055988)|ENTERING_MANAGED_PKG|tdc_tsw
22:18:07.0 (141289232)|ENTERING_MANAGED_PKG|tdc_tsw
22:18:07.0 (141794111)|ENTERING_MANAGED_PKG|tdc_tsw
22:18:07.0 (142981623)|ENTERING_MANAGED_PKG|tdc_tsw
22:18:07.0 (143750717)|ENTERING_MANAGED_PKG|tdc_tsw
22:18:07.0 (143983729)|ENTERING_MANAGED_PKG|tdc_tsw
22:18:07.0 (144492640)|ENTERING_MANAGED_PKG|tdc_tsw
22:18:07.0 (145944014)|ENTERING_MANAGED_PKG|tdc_tsw
22:18:07.0 (146970793)|ENTERING_MANAGED_PKG|tdc_tsw
22:18:07.0 (147075121)|ENTERING_MANAGED_PKG|tdc_tsw
22:18:07.0 (147759776)|SOQL_EXECUTE_BEGIN|[200]|Aggregations:0|SELECT Name, NamespacePrefix, SystemModStamp FROM StaticResource WHERE Name LIKE :tmpVar1 LIMIT 10
22:18:07.0 (151470544)|SOQL_EXECUTE_END|[200]|Rows:1
22:18:07.0 (152675943)|ENTERING_MANAGED_PKG|tdc_tsw
22:18:07.0 (153184393)|SOQL_EXECUTE_BEGIN|[200]|Aggregations:0|SELECT Name, NamespacePrefix, SystemModStamp FROM StaticResource WHERE Name LIKE :tmpVar1 LIMIT 10
22:18:07.0 (156132371)|SOQL_EXECUTE_END|[200]|Rows:1
22:18:07.0 (156605688)|ENTERING_MANAGED_PKG|tdc_tsw
22:18:07.0 (160940475)|ENTERING_MANAGED_PKG|tdc_tsw
22:18:07.0 (162639285)|ENTERING_MANAGED_PKG|tdc_tsw
22:18:07.0 (162962876)|ENTERING_MANAGED_PKG|tdc_tsw
22:18:07.0 (164166055)|ENTERING_MANAGED_PKG|tdc_tsw
22:18:07.0 (164923592)|SOQL_EXECUTE_BEGIN|[200]|Aggregations:0|SELECT Name, NamespacePrefix, SystemModStamp FROM StaticResource WHERE Name LIKE :tmpVar1 LIMIT 10
22:18:07.0 (168565798)|SOQL_EXECUTE_END|[200]|Rows:1
22:18:07.179 (179901643)|USER_INFO|[EXTERNAL]|0051H000009gxp8|chanida.dev2@solvedbysoftwareco.com|Eastern Standard Time|GMT-05:00
22:18:07.179 (181676055)|ENTERING_MANAGED_PKG|tdc_tsw
22:18:07.179 (181933956)|ENTERING_MANAGED_PKG|tdc_tsw
22:18:07.179 (187825360)|SOQL_EXECUTE_BEGIN|[355]|Aggregations:0|SELECT id, name, Disable_Incoming_SMS_Sharing__c FROM User WHERE id = :tmpVar1
22:18:07.179 (199280426)|SOQL_EXECUTE_END|[355]|Rows:1
22:18:07.179 (200500449)|SOQL_EXECUTE_BEGIN|[367]|Aggregations:0|SELECT CreatedDate,Id,LastModifiedDate,Related_Object_Id__c FROM Message__c WHERE Name = 'Incoming' AND Read__c = false ORDER BY CreatedDate Desc limit 100
22:18:07.179 (209072305)|SOQL_EXECUTE_END|[367]|Rows:100
