44.0 APEX_CODE,FINEST;APEX_PROFILING,INFO;CALLOUT,INFO;DB,INFO;NBA,INFO;SYSTEM,DEBUG;VALIDATION,INFO;VISUALFORCE,INFO;WAVE,INFO;WORKFLOW,INFO
17:44:20.0 (199723)|USER_INFO|[EXTERNAL]|0051H000009gxp8|chanida.dev2@solvedbysoftwareco.com|Eastern Standard Time|GMT-05:00
17:44:20.0 (2070495)|ENTERING_MANAGED_PKG|tdc_tsw
17:44:20.0 (2540619)|ENTERING_MANAGED_PKG|tdc_tsw
17:44:20.0 (6270721)|SOQL_EXECUTE_BEGIN|[16]|Aggregations:0|SELECT id, name, Disable_Incoming_SMS_Sharing__c FROM User WHERE id = :tmpVar1
17:44:20.0 (13616449)|SOQL_EXECUTE_END|[16]|Rows:1
17:44:20.0 (18952294)|SOQL_EXECUTE_BEGIN|[37]|Aggregations:0|SELECT CreatedDate,Created_Date__c,Id,LastModifiedDate,MessageId__c,Message_Text_New__c,Name,OwnerId,Read__c,Related_Object_Id__c,Related_Object__c,Sender_Number__c, Sender_Name__c,ToNumber__c,Attachments_Ids__c FROM Message__c WHERE Name = 'Incoming' AND Read__c = false ORDER BY CreatedDate Desc limit 100
17:44:20.0 (33299201)|SOQL_EXECUTE_END|[37]|Rows:62
17:44:20.0 (44617170)|ENTERING_MANAGED_PKG|tdc_tsw
17:44:20.0 (46341929)|ENTERING_MANAGED_PKG|tdc_tsw
17:44:20.0 (46790503)|ENTERING_MANAGED_PKG|tdc_tsw
17:44:20.0 (47470957)|ENTERING_MANAGED_PKG|tdc_tsw
17:44:20.0 (50506837)|ENTERING_MANAGED_PKG|tdc_tsw
17:44:20.0 (51316663)|ENTERING_MANAGED_PKG|tdc_tsw
17:44:20.0 (51583046)|ENTERING_MANAGED_PKG|tdc_tsw
17:44:20.0 (52041675)|ENTERING_MANAGED_PKG|tdc_tsw
17:44:20.0 (53166972)|ENTERING_MANAGED_PKG|tdc_tsw
17:44:20.0 (53936775)|ENTERING_MANAGED_PKG|tdc_tsw
17:44:20.0 (54157403)|ENTERING_MANAGED_PKG|tdc_tsw
17:44:20.0 (54567146)|ENTERING_MANAGED_PKG|tdc_tsw
17:44:20.0 (55679300)|ENTERING_MANAGED_PKG|tdc_tsw
17:44:20.0 (56454386)|ENTERING_MANAGED_PKG|tdc_tsw
17:44:20.0 (56665580)|ENTERING_MANAGED_PKG|tdc_tsw
17:44:20.0 (57076338)|ENTERING_MANAGED_PKG|tdc_tsw
17:44:20.0 (58228228)|ENTERING_MANAGED_PKG|tdc_tsw
17:44:20.0 (59001862)|ENTERING_MANAGED_PKG|tdc_tsw
17:44:20.0 (59284419)|ENTERING_MANAGED_PKG|tdc_tsw
17:44:20.0 (59690682)|ENTERING_MANAGED_PKG|tdc_tsw
17:44:20.0 (60808779)|ENTERING_MANAGED_PKG|tdc_tsw
17:44:20.0 (61592242)|ENTERING_MANAGED_PKG|tdc_tsw
17:44:20.0 (61827600)|ENTERING_MANAGED_PKG|tdc_tsw
17:44:20.0 (62494711)|ENTERING_MANAGED_PKG|tdc_tsw
17:44:20.0 (63810308)|ENTERING_MANAGED_PKG|tdc_tsw
17:44:20.0 (64560024)|ENTERING_MANAGED_PKG|tdc_tsw
17:44:20.0 (64635440)|ENTERING_MANAGED_PKG|tdc_tsw
17:44:20.0 (65249720)|SOQL_EXECUTE_BEGIN|[200]|Aggregations:0|SELECT Name, NamespacePrefix, SystemModStamp FROM StaticResource WHERE Name LIKE :tmpVar1 LIMIT 10
17:44:20.0 (68452278)|SOQL_EXECUTE_END|[200]|Rows:1
17:44:20.0 (69233940)|ENTERING_MANAGED_PKG|tdc_tsw
17:44:20.0 (69595290)|SOQL_EXECUTE_BEGIN|[200]|Aggregations:0|SELECT Name, NamespacePrefix, SystemModStamp FROM StaticResource WHERE Name LIKE :tmpVar1 LIMIT 10
17:44:20.0 (71937670)|SOQL_EXECUTE_END|[200]|Rows:1
17:44:20.0 (72333531)|ENTERING_MANAGED_PKG|tdc_tsw
17:44:20.0 (75596547)|ENTERING_MANAGED_PKG|tdc_tsw
17:44:20.0 (77136183)|ENTERING_MANAGED_PKG|tdc_tsw
17:44:20.0 (77442025)|ENTERING_MANAGED_PKG|tdc_tsw
17:44:20.0 (78308743)|ENTERING_MANAGED_PKG|tdc_tsw
17:44:20.0 (78684658)|SOQL_EXECUTE_BEGIN|[200]|Aggregations:0|SELECT Name, NamespacePrefix, SystemModStamp FROM StaticResource WHERE Name LIKE :tmpVar1 LIMIT 10
17:44:20.0 (81077875)|SOQL_EXECUTE_END|[200]|Rows:1
17:44:20.98 (98897711)|USER_INFO|[EXTERNAL]|0051H000009gxp8|chanida.dev2@solvedbysoftwareco.com|Eastern Standard Time|GMT-05:00
17:44:20.98 (100306073)|ENTERING_MANAGED_PKG|tdc_tsw
17:44:20.98 (100530978)|ENTERING_MANAGED_PKG|tdc_tsw
17:44:20.98 (103104481)|SOQL_EXECUTE_BEGIN|[355]|Aggregations:0|SELECT id, name, Disable_Incoming_SMS_Sharing__c FROM User WHERE id = :tmpVar1
17:44:20.98 (109573091)|SOQL_EXECUTE_END|[355]|Rows:1
17:44:20.98 (110544992)|SOQL_EXECUTE_BEGIN|[367]|Aggregations:0|SELECT CreatedDate,Id,LastModifiedDate,Related_Object_Id__c FROM Message__c WHERE Name = 'Incoming' AND Read__c = false ORDER BY CreatedDate Desc limit 100
17:44:20.98 (117469388)|SOQL_EXECUTE_END|[367]|Rows:62
