44.0 APEX_CODE,FINEST;APEX_PROFILING,INFO;CALLOUT,INFO;DB,INFO;NBA,INFO;SYSTEM,DEBUG;VALIDATION,INFO;VISUALFORCE,INFO;WAVE,INFO;WORKFLOW,INFO
20:40:47.0 (146396)|USER_INFO|[EXTERNAL]|0051H000009gxp8|chanida.dev2@solvedbysoftwareco.com|Eastern Standard Time|GMT-05:00
20:40:47.0 (1602525)|ENTERING_MANAGED_PKG|tdc_tsw
20:40:47.0 (2024687)|ENTERING_MANAGED_PKG|tdc_tsw
20:40:47.0 (5657801)|SOQL_EXECUTE_BEGIN|[16]|Aggregations:0|SELECT id, name, Disable_Incoming_SMS_Sharing__c FROM User WHERE id = :tmpVar1
20:40:47.0 (12202206)|SOQL_EXECUTE_END|[16]|Rows:1
20:40:47.0 (17391899)|SOQL_EXECUTE_BEGIN|[37]|Aggregations:0|SELECT CreatedDate,Created_Date__c,Id,LastModifiedDate,MessageId__c,Message_Text_New__c,Name,OwnerId,Read__c,Related_Object_Id__c,Related_Object__c,Sender_Number__c, Sender_Name__c,ToNumber__c,Attachments_Ids__c FROM Message__c WHERE Name = 'Incoming' AND Read__c = false ORDER BY CreatedDate Desc limit 100
20:40:47.0 (69697227)|SOQL_EXECUTE_END|[37]|Rows:16
20:40:47.0 (74680906)|ENTERING_MANAGED_PKG|tdc_tsw
20:40:47.0 (77037937)|ENTERING_MANAGED_PKG|tdc_tsw
20:40:47.0 (77661750)|ENTERING_MANAGED_PKG|tdc_tsw
20:40:47.0 (78589886)|ENTERING_MANAGED_PKG|tdc_tsw
20:40:47.0 (82186376)|ENTERING_MANAGED_PKG|tdc_tsw
20:40:47.0 (83356416)|ENTERING_MANAGED_PKG|tdc_tsw
20:40:47.0 (83733460)|ENTERING_MANAGED_PKG|tdc_tsw
20:40:47.0 (84448461)|ENTERING_MANAGED_PKG|tdc_tsw
20:40:47.0 (86120709)|ENTERING_MANAGED_PKG|tdc_tsw
20:40:47.0 (86910306)|ENTERING_MANAGED_PKG|tdc_tsw
20:40:47.0 (87147048)|ENTERING_MANAGED_PKG|tdc_tsw
20:40:47.0 (87536499)|ENTERING_MANAGED_PKG|tdc_tsw
20:40:47.0 (88795455)|ENTERING_MANAGED_PKG|tdc_tsw
20:40:47.0 (89503593)|ENTERING_MANAGED_PKG|tdc_tsw
20:40:47.0 (89583693)|ENTERING_MANAGED_PKG|tdc_tsw
20:40:47.0 (90187141)|SOQL_EXECUTE_BEGIN|[200]|Aggregations:0|SELECT Name, NamespacePrefix, SystemModStamp FROM StaticResource WHERE Name LIKE :tmpVar1 LIMIT 10
20:40:47.0 (93488087)|SOQL_EXECUTE_END|[200]|Rows:1
20:40:47.0 (94280915)|ENTERING_MANAGED_PKG|tdc_tsw
20:40:47.0 (94656707)|SOQL_EXECUTE_BEGIN|[200]|Aggregations:0|SELECT Name, NamespacePrefix, SystemModStamp FROM StaticResource WHERE Name LIKE :tmpVar1 LIMIT 10
20:40:47.0 (96795233)|SOQL_EXECUTE_END|[200]|Rows:1
20:40:47.0 (97191016)|ENTERING_MANAGED_PKG|tdc_tsw
20:40:47.0 (101186211)|ENTERING_MANAGED_PKG|tdc_tsw
20:40:47.0 (102751853)|ENTERING_MANAGED_PKG|tdc_tsw
20:40:47.0 (103061524)|ENTERING_MANAGED_PKG|tdc_tsw
20:40:47.0 (104051711)|ENTERING_MANAGED_PKG|tdc_tsw
20:40:47.0 (104543161)|SOQL_EXECUTE_BEGIN|[200]|Aggregations:0|SELECT Name, NamespacePrefix, SystemModStamp FROM StaticResource WHERE Name LIKE :tmpVar1 LIMIT 10
20:40:47.0 (107535510)|SOQL_EXECUTE_END|[200]|Rows:1
20:40:47.127 (127433806)|USER_INFO|[EXTERNAL]|0051H000009gxp8|chanida.dev2@solvedbysoftwareco.com|Eastern Standard Time|GMT-05:00
20:40:47.127 (128910201)|ENTERING_MANAGED_PKG|tdc_tsw
20:40:47.127 (129159142)|ENTERING_MANAGED_PKG|tdc_tsw
20:40:47.127 (131771657)|SOQL_EXECUTE_BEGIN|[355]|Aggregations:0|SELECT id, name, Disable_Incoming_SMS_Sharing__c FROM User WHERE id = :tmpVar1
20:40:47.127 (139092202)|SOQL_EXECUTE_END|[355]|Rows:1
20:40:47.127 (140231966)|SOQL_EXECUTE_BEGIN|[367]|Aggregations:0|SELECT CreatedDate,Id,LastModifiedDate,Related_Object_Id__c FROM Message__c WHERE Name = 'Incoming' AND Read__c = false ORDER BY CreatedDate Desc limit 100
20:40:47.127 (145716966)|SOQL_EXECUTE_END|[367]|Rows:16
