44.0 APEX_CODE,FINEST;APEX_PROFILING,INFO;CALLOUT,INFO;DB,INFO;NBA,INFO;SYSTEM,DEBUG;VALIDATION,INFO;VISUALFORCE,INFO;WAVE,INFO;WORKFLOW,INFO
20:49:23.0 (114532)|USER_INFO|[EXTERNAL]|0051H000009gxp8|chanida.dev2@solvedbysoftwareco.com|Eastern Standard Time|GMT-05:00
20:49:23.0 (1580746)|ENTERING_MANAGED_PKG|tdc_tsw
20:49:23.0 (2029817)|ENTERING_MANAGED_PKG|tdc_tsw
20:49:23.0 (29442254)|SOQL_EXECUTE_BEGIN|[16]|Aggregations:0|SELECT id, name, Disable_Incoming_SMS_Sharing__c FROM User WHERE id = :tmpVar1
20:49:23.0 (36077998)|SOQL_EXECUTE_END|[16]|Rows:1
20:49:23.0 (60333110)|SOQL_EXECUTE_BEGIN|[37]|Aggregations:0|SELECT CreatedDate,Created_Date__c,Id,LastModifiedDate,MessageId__c,Message_Text_New__c,Name,OwnerId,Read__c,Related_Object_Id__c,Related_Object__c,Sender_Number__c, Sender_Name__c,ToNumber__c,Attachments_Ids__c FROM Message__c WHERE Name = 'Incoming' AND Read__c = false ORDER BY CreatedDate Desc limit 100
20:49:23.0 (73793854)|SOQL_EXECUTE_END|[37]|Rows:16
20:49:23.0 (80475381)|ENTERING_MANAGED_PKG|tdc_tsw
20:49:23.0 (83205709)|ENTERING_MANAGED_PKG|tdc_tsw
20:49:23.0 (83961772)|ENTERING_MANAGED_PKG|tdc_tsw
20:49:23.0 (85205304)|ENTERING_MANAGED_PKG|tdc_tsw
20:49:23.0 (89072276)|ENTERING_MANAGED_PKG|tdc_tsw
20:49:23.0 (90030828)|ENTERING_MANAGED_PKG|tdc_tsw
20:49:23.0 (90352548)|ENTERING_MANAGED_PKG|tdc_tsw
20:49:23.0 (90851221)|ENTERING_MANAGED_PKG|tdc_tsw
20:49:23.0 (92189625)|ENTERING_MANAGED_PKG|tdc_tsw
20:49:23.0 (93110107)|ENTERING_MANAGED_PKG|tdc_tsw
20:49:23.0 (93395982)|ENTERING_MANAGED_PKG|tdc_tsw
20:49:23.0 (93885943)|ENTERING_MANAGED_PKG|tdc_tsw
20:49:23.0 (95611247)|ENTERING_MANAGED_PKG|tdc_tsw
20:49:23.0 (96334686)|ENTERING_MANAGED_PKG|tdc_tsw
20:49:23.0 (96419279)|ENTERING_MANAGED_PKG|tdc_tsw
20:49:23.0 (97110106)|SOQL_EXECUTE_BEGIN|[200]|Aggregations:0|SELECT Name, NamespacePrefix, SystemModStamp FROM StaticResource WHERE Name LIKE :tmpVar1 LIMIT 10
20:49:23.0 (100908712)|SOQL_EXECUTE_END|[200]|Rows:1
20:49:23.0 (102015082)|ENTERING_MANAGED_PKG|tdc_tsw
20:49:23.0 (102703986)|SOQL_EXECUTE_BEGIN|[200]|Aggregations:0|SELECT Name, NamespacePrefix, SystemModStamp FROM StaticResource WHERE Name LIKE :tmpVar1 LIMIT 10
20:49:23.0 (105612218)|SOQL_EXECUTE_END|[200]|Rows:1
20:49:23.0 (106292095)|ENTERING_MANAGED_PKG|tdc_tsw
20:49:23.0 (119555120)|ENTERING_MANAGED_PKG|tdc_tsw
20:49:23.0 (121369262)|ENTERING_MANAGED_PKG|tdc_tsw
20:49:23.0 (121727312)|ENTERING_MANAGED_PKG|tdc_tsw
20:49:23.0 (122797602)|ENTERING_MANAGED_PKG|tdc_tsw
20:49:23.0 (123347196)|SOQL_EXECUTE_BEGIN|[200]|Aggregations:0|SELECT Name, NamespacePrefix, SystemModStamp FROM StaticResource WHERE Name LIKE :tmpVar1 LIMIT 10
20:49:23.0 (126726021)|SOQL_EXECUTE_END|[200]|Rows:1
20:49:23.132 (132957755)|USER_INFO|[EXTERNAL]|0051H000009gxp8|chanida.dev2@solvedbysoftwareco.com|Eastern Standard Time|GMT-05:00
20:49:23.132 (134508433)|ENTERING_MANAGED_PKG|tdc_tsw
20:49:23.132 (134716280)|ENTERING_MANAGED_PKG|tdc_tsw
20:49:23.132 (138594511)|SOQL_EXECUTE_BEGIN|[355]|Aggregations:0|SELECT id, name, Disable_Incoming_SMS_Sharing__c FROM User WHERE id = :tmpVar1
20:49:23.132 (147699149)|SOQL_EXECUTE_END|[355]|Rows:1
20:49:23.132 (148707703)|SOQL_EXECUTE_BEGIN|[367]|Aggregations:0|SELECT CreatedDate,Id,LastModifiedDate,Related_Object_Id__c FROM Message__c WHERE Name = 'Incoming' AND Read__c = false ORDER BY CreatedDate Desc limit 100
20:49:23.132 (155534767)|SOQL_EXECUTE_END|[367]|Rows:16
