38.0 APEX_CODE,FINEST;APEX_PROFILING,INFO;CALLOUT,INFO;DB,INFO;NBA,INFO;SYSTEM,DEBUG;VALIDATION,INFO;VISUALFORCE,INFO;WAVE,INFO;WORKFLOW,INFO
23:50:17.3 (3454927)|ENTERING_MANAGED_PKG|tdc_tsw
23:50:17.3 (4146852)|ENTERING_MANAGED_PKG|tdc_tsw
23:50:17.3 (5886381)|SOQL_EXECUTE_BEGIN|[66]|Aggregations:0|SELECT Id FROM Folder WHERE DeveloperName = 'SMS_APP' LIMIT 1
23:50:17.3 (10477950)|SOQL_EXECUTE_END|[66]|Rows:1
23:50:17.3 (10709161)|ENTERING_MANAGED_PKG|tdc_tsw
23:50:17.3 (11467265)|ENTERING_MANAGED_PKG|tdc_tsw
23:50:17.3 (11799292)|ENTERING_MANAGED_PKG|tdc_tsw
23:50:17.3 (20893607)|ENTERING_MANAGED_PKG|tdc_tsw
23:50:17.3 (20952858)|ENTERING_MANAGED_PKG|tdc_tsw
23:50:17.3 (80806921)|SOQL_EXECUTE_BEGIN|[1842]|Aggregations:0|SELECT Id, name FROM RecordType WHERE (sObjectType = :tmpVar1 AND name = :tmpVar2) LIMIT 1
23:50:17.3 (88900838)|SOQL_EXECUTE_END|[1842]|Rows:1
23:50:17.3 (95211152)|ENTERING_MANAGED_PKG|tdc_tsw
23:50:17.3 (133834946)|SOQL_EXECUTE_BEGIN|[275]|Aggregations:0|Select Id, tdc_tsw__account__c, tdc_tsw__campaign__c, tdc_tsw__case__c, tdc_tsw__contact__c, tdc_tsw__lead__c, tdc_tsw__message__c, tdc_tsw__opportunity__c, tdc_tsw__sms_template__c, tdc_tsw__question__c, tdc_tsw__survey_response__c, OwnerId, Related_Object__c,Is_Keyword_Based__c,Sender_Number__c,ToNumber__c, Related_Object_Id__c from Message__c where Name = 'Outgoing' and (Sender_Number__c =: cleantoNumber  OR Sender_Number__c LIKE : toNumberWithoutSymbol )  and (ToNumber__c =: cleanFromNumber  OR ToNumber__c LIKE : fromNumberWithoutSymbol )  Order By CreatedDate Desc Limit 1
23:50:17.3 (142395695)|SOQL_EXECUTE_END|[275]|Rows:1
23:50:17.3 (143477774)|SOQL_EXECUTE_BEGIN|[299]|Aggregations:0|SELECT Id FROM tdc_tsw__Message__c WHERE id =: relatedObjId
23:50:17.3 (146693752)|SOQL_EXECUTE_END|[299]|Rows:1
23:50:17.3 (146931833)|ENTERING_MANAGED_PKG|tdc_tsw
23:50:17.3 (149637338)|SOQL_EXECUTE_BEGIN|[923]|Aggregations:0|SELECT id, isActive FROM User WHERE id = :tmpVar1 LIMIT 1
23:50:17.3 (156331327)|SOQL_EXECUTE_END|[923]|Rows:1
23:50:17.3 (157593967)|ENTERING_MANAGED_PKG|tdc_tsw
23:50:17.3 (160935667)|ENTERING_MANAGED_PKG|tdc_tsw
23:50:17.3 (164675306)|SOQL_EXECUTE_BEGIN|[1234]|Aggregations:0|SELECT id, name, Default__c, Next_Question__c, Possible_Answers__c, Question__c FROM Answer__c WHERE Question__c = :tmpVar1 LIMIT 1
23:50:17.3 (168787249)|SOQL_EXECUTE_END|[1234]|Rows:0
23:50:17.3 (169000107)|ENTERING_MANAGED_PKG|tdc_tsw
23:50:17.3 (187982842)|DML_BEGIN|[557]|Op:Insert|Type:tdc_tsw__Message__c|Rows:1
23:50:17.3 (196020267)|ENTERING_MANAGED_PKG|tdc_tsw
23:50:17.197 (197821157)|CUMULATIVE_LIMIT_USAGE
23:50:17.197 (197821157)|LIMIT_USAGE_FOR_NS|(default)|
  Number of SOQL queries: 0 out of 100
  Number of query rows: 0 out of 50000
  Number of SOSL queries: 0 out of 20
  Number of DML statements: 0 out of 150
  Number of DML rows: 0 out of 10000
  Maximum CPU time: 0 out of 10000
  Maximum heap size: 0 out of 6000000
  Number of callouts: 0 out of 100
  Number of Email Invocations: 0 out of 10
  Number of future calls: 0 out of 50
  Number of queueable jobs added to the queue: 0 out of 50
  Number of Mobile Apex push calls: 0 out of 10

23:50:17.197 (197821157)|LIMIT_USAGE_FOR_NS|tdc_tsw|
  Number of SOQL queries: 6 out of 100
  Number of query rows: 5 out of 50000
  Number of SOSL queries: 0 out of 20
  Number of DML statements: 1 out of 150
  Number of DML rows: 1 out of 10000
  Maximum CPU time: 0 out of 10000
  Maximum heap size: 0 out of 6000000
  Number of callouts: 0 out of 100
  Number of Email Invocations: 0 out of 10
  Number of future calls: 0 out of 50
  Number of queueable jobs added to the queue: 0 out of 50
  Number of Mobile Apex push calls: 0 out of 10

23:50:17.197 (197821157)|CUMULATIVE_LIMIT_USAGE_END

23:50:17.201 (201679349)|CODE_UNIT_STARTED|[EXTERNAL]|01q3B000000BSJB|IncomingSMS on Message trigger event BeforeInsert|__sfdc_trigger/IncomingSMS
23:50:17.201 (201730809)|HEAP_ALLOCATE|[EXTERNAL]|Bytes:8
23:50:17.201 (201769510)|HEAP_ALLOCATE|[EXTERNAL]|Bytes:1
23:50:17.201 (201799859)|HEAP_ALLOCATE|[EXTERNAL]|Bytes:4
23:50:17.201 (201809999)|VARIABLE_SCOPE_BEGIN|[1]|this|IncomingSMS|true|false
23:50:17.201 (201897367)|VARIABLE_ASSIGNMENT|[1]|this|{}|0x33858b53
23:50:17.201 (201944623)|HEAP_ALLOCATE|[EXTERNAL]|Bytes:4
23:50:17.201 (201955909)|VARIABLE_SCOPE_BEGIN|[1]|this|IncomingSMS|true|false
23:50:17.201 (201984922)|VARIABLE_ASSIGNMENT|[1]|this|{}|0x33858b53
23:50:17.201 (201998424)|STATEMENT_EXECUTE|[1]
23:50:17.201 (202023194)|STATEMENT_EXECUTE|[2]
23:50:17.201 (202208687)|HEAP_ALLOCATE|[3]|Bytes:5
23:50:17.201 (202237324)|HEAP_ALLOCATE|[3]|Bytes:4
23:50:17.201 (202250400)|VARIABLE_SCOPE_BEGIN|[3]|sms|tdc_tsw__Message__c|true|false
23:50:17.201 (207862203)|VARIABLE_ASSIGNMENT|[3]|sms|{"tdc_tsw__Related_Object__c":"tdc_tsw__Message__c","tdc_tsw__ToNumber__c":"+17065037067","IsDeleted":false,"tdc_tsw__Sender_Number__c":"+13038816946","tdc_tsw__Incoming_Status__c":"Not Read","tdc_tsw__isCaseCreated__c":false,"tdc_tsw__Read__c":false,"tdc_tsw__Message__c":"a173B000000seDZQAY","tdc_tsw__Read_Status__c":"Unread","tdc_tsw__Task_Created__c":false,"tdc_tsw__Related_Object_Id__c":"a173B000000seDFQAY","Name":"Incoming","tdc_tsw__Event_Created__c":false,"tdc_tsw__Message_Text_New__c":"Test","tdc_tsw__Is_Keyword_Based__c":false,"OwnerId":"0051H000009gxp8QAA","tdc_tsw__Related_Object_Id_URL__c":"_HL_ENCODED_https:// (97 more) ...","tdc_tsw__isLeadCreated__c":false,"RecordTypeId":"0121H000001Ie7fQAC","tdc_tsw__Question__c":"a1K3B000001eOHoUAM","tdc_tsw__Delivered_SMS__c":"_IM1_/resource/tdc_t (27 more) ...","tdc_tsw__Important__c":false,"tdc_tsw__Delivered__c":false,"tdc_tsw__Delivery_Status__c":"Sent"}|0x4dd5db27
23:50:17.201 (207896292)|STATEMENT_EXECUTE|[3]
23:50:17.201 (208043987)|HEAP_ALLOCATE|[4]|Bytes:1
23:50:17.201 (208066440)|STATEMENT_EXECUTE|[4]
23:50:17.201 (208084969)|HEAP_ALLOCATE|[3]|Bytes:5
23:50:17.201 (208109592)|VARIABLE_ASSIGNMENT|[3]|sms|null|
23:50:17.208 (208127979)|CUMULATIVE_LIMIT_USAGE
23:50:17.208 (208127979)|LIMIT_USAGE_FOR_NS|(default)|
  Number of SOQL queries: 0 out of 100
  Number of query rows: 0 out of 50000
  Number of SOSL queries: 0 out of 20
  Number of DML statements: 0 out of 150
  Number of DML rows: 0 out of 10000
  Maximum CPU time: 0 out of 10000
  Maximum heap size: 0 out of 6000000
  Number of callouts: 0 out of 100
  Number of Email Invocations: 0 out of 10
  Number of future calls: 0 out of 50
  Number of queueable jobs added to the queue: 0 out of 50
  Number of Mobile Apex push calls: 0 out of 10

23:50:17.208 (208127979)|LIMIT_USAGE_FOR_NS|tdc_tsw|
  Number of SOQL queries: 6 out of 100
  Number of query rows: 5 out of 50000
  Number of SOSL queries: 0 out of 20
  Number of DML statements: 1 out of 150
  Number of DML rows: 1 out of 10000
  Maximum CPU time: 0 out of 10000
  Maximum heap size: 0 out of 6000000
  Number of callouts: 0 out of 100
  Number of Email Invocations: 0 out of 10
  Number of future calls: 0 out of 50
  Number of queueable jobs added to the queue: 0 out of 50
  Number of Mobile Apex push calls: 0 out of 10

23:50:17.208 (208127979)|CUMULATIVE_LIMIT_USAGE_END

23:50:17.3 (273649014)|ENTERING_MANAGED_PKG|tdc_tsw
23:50:17.3 (274856530)|ENTERING_MANAGED_PKG|tdc_tsw
23:50:17.3 (275473701)|ENTERING_MANAGED_PKG|tdc_tsw
23:50:17.3 (275648597)|ENTERING_MANAGED_PKG|tdc_tsw
23:50:17.3 (279974551)|SOQL_EXECUTE_BEGIN|[15]|Aggregations:0|SELECT Id, Email FROM User WHERE isActive = TRUE LIMIT 10000
23:50:17.3 (286180393)|SOQL_EXECUTE_END|[15]|Rows:9
23:50:17.3 (287843441)|SOQL_EXECUTE_BEGIN|[42]|Aggregations:0|SELECT Id, Sender_Name__c, Sender_Number__c FROM Message__c WHERE id = :tmpVar1
23:50:17.3 (291570385)|SOQL_EXECUTE_END|[42]|Rows:1
23:50:17.3 (293228125)|SOQL_EXECUTE_BEGIN|[70]|Aggregations:0|select Name from tdc_tsw__Message__c where id = 'a173B000000seDFQAY'
23:50:17.3 (296525585)|SOQL_EXECUTE_END|[70]|Rows:1
23:50:17.3 (297433494)|DML_BEGIN|[97]|Op:Update|Type:tdc_tsw__Message__c|Rows:1
23:50:17.3 (327057889)|DML_END|[97]
23:50:17.3 (333624297)|SOQL_EXECUTE_BEGIN|[236]|Aggregations:0|SELECT id, subject, developername, htmlValue, body FROM EmailTemplate WHERE developername = 'Incoming_Message_Alert' LIMIT 1
23:50:17.3 (392007812)|SOQL_EXECUTE_END|[236]|Rows:1
23:50:17.3 (393638620)|ENTERING_MANAGED_PKG|tdc_tsw
23:50:17.3 (393699775)|ENTERING_MANAGED_PKG|tdc_tsw
23:50:17.3 (423819934)|SOQL_EXECUTE_BEGIN|[758]|Aggregations:0|select tdc_tsw__ToNumber__c, tdc_tsw__Sender_Number__c, tdc_tsw__Sender_Name__c, Id, tdc_tsw__Related_Object_Id_URL__c, tdc_tsw__Message_Text_New__c from tdc_tsw__Message__c where id ='a173B000000seDeQAI' Limit 1
23:50:17.3 (435334247)|SOQL_EXECUTE_END|[758]|Rows:1
23:50:17.3 (436547076)|ENTERING_MANAGED_PKG|tdc_tsw
23:50:17.3 (437625323)|ENTERING_MANAGED_PKG|tdc_tsw
23:50:17.3 (438496483)|ENTERING_MANAGED_PKG|tdc_tsw
23:50:17.3 (439406488)|ENTERING_MANAGED_PKG|tdc_tsw
23:50:17.3 (440372009)|ENTERING_MANAGED_PKG|tdc_tsw
23:50:17.3 (441317142)|ENTERING_MANAGED_PKG|tdc_tsw
23:50:17.3 (442200174)|ENTERING_MANAGED_PKG|tdc_tsw
23:50:17.3 (467002032)|SOQL_EXECUTE_BEGIN|[758]|Aggregations:0|select tdc_tsw__ToNumber__c, tdc_tsw__Sender_Number__c, tdc_tsw__Sender_Name__c, tdc_tsw__Related_Object_Id_URL__c, tdc_tsw__Message_Text_New__c from tdc_tsw__Message__c where id ='a173B000000seDeQAI' Limit 1
23:50:17.3 (476978483)|SOQL_EXECUTE_END|[758]|Rows:1
23:50:17.3 (477644500)|ENTERING_MANAGED_PKG|tdc_tsw
23:50:17.3 (478407744)|ENTERING_MANAGED_PKG|tdc_tsw
23:50:17.3 (479125424)|ENTERING_MANAGED_PKG|tdc_tsw
23:50:17.3 (479840293)|ENTERING_MANAGED_PKG|tdc_tsw
23:50:17.3 (480553404)|ENTERING_MANAGED_PKG|tdc_tsw
23:50:17.3 (481406170)|SOQL_EXECUTE_BEGIN|[248]|Aggregations:0|SELECT Id, IsSandbox, Name FROM Organization LIMIT 1
23:50:17.3 (485842355)|SOQL_EXECUTE_END|[248]|Rows:1
23:50:17.3 (487276824)|ENTERING_MANAGED_PKG|tdc_tsw
23:50:17.3 (491275509)|SOQL_EXECUTE_BEGIN|[434]|Aggregations:0|SELECT id, name, First_Question__c, Question_Text__c, Question__c, Question_Label__c, Object__c, tdc_tsw__Survey__c, Survey__r.name FROM Question__c WHERE id = :tmpVar1
23:50:17.3 (495189993)|SOQL_EXECUTE_END|[434]|Rows:0
23:50:17.3 (496550241)|SOQL_EXECUTE_BEGIN|[504]|Aggregations:0|SELECT Id, Survey_Response__c FROM Message__c WHERE (id = :tmpVar1 AND Survey_Response__c != NULL) LIMIT 1
23:50:17.3 (500745707)|SOQL_EXECUTE_END|[504]|Rows:1
23:50:17.3 (501848606)|SOQL_EXECUTE_BEGIN|[509]|Aggregations:0|SELECT id FROM Survey_Response__c WHERE id = :tmpVar1 LIMIT 1
23:50:17.3 (505028990)|SOQL_EXECUTE_END|[509]|Rows:1
23:50:17.3 (505855398)|SOQL_EXECUTE_BEGIN|[516]|Aggregations:0|SELECT id, name, Default__c, Next_Question__c, Possible_Answers__c, Question__c FROM Answer__c WHERE Question__c = :tmpVar1
23:50:17.3 (509127757)|SOQL_EXECUTE_END|[516]|Rows:0
23:50:17.3 (509351756)|ENTERING_MANAGED_PKG|tdc_tsw
23:50:17.3 (510675341)|SOQL_EXECUTE_BEGIN|[628]|Aggregations:0|Select id, leadId, contactId from CampaignMember where Id In : Ids
23:50:17.3 (513249228)|SOQL_EXECUTE_END|[628]|Rows:0
23:50:17.513 (513861819)|CUMULATIVE_LIMIT_USAGE
23:50:17.513 (513861819)|LIMIT_USAGE_FOR_NS|(default)|
  Number of SOQL queries: 0 out of 100
  Number of query rows: 0 out of 50000
  Number of SOSL queries: 0 out of 20
  Number of DML statements: 0 out of 150
  Number of DML rows: 0 out of 10000
  Maximum CPU time: 155 out of 10000
  Maximum heap size: 0 out of 6000000
  Number of callouts: 0 out of 100
  Number of Email Invocations: 0 out of 10
  Number of future calls: 0 out of 50
  Number of queueable jobs added to the queue: 0 out of 50
  Number of Mobile Apex push calls: 0 out of 10

23:50:17.513 (513861819)|LIMIT_USAGE_FOR_NS|tdc_tsw|
  Number of SOQL queries: 18 out of 100
  Number of query rows: 22 out of 50000
  Number of SOSL queries: 0 out of 20
  Number of DML statements: 2 out of 150
  Number of DML rows: 2 out of 10000
  Maximum CPU time: 0 out of 10000
  Maximum heap size: 0 out of 6000000
  Number of callouts: 0 out of 100
  Number of Email Invocations: 0 out of 10
  Number of future calls: 0 out of 50
  Number of queueable jobs added to the queue: 0 out of 50
  Number of Mobile Apex push calls: 0 out of 10

23:50:17.513 (513861819)|CUMULATIVE_LIMIT_USAGE_END

23:50:17.534 (534994058)|PUSH_TRACE_FLAGS|[EXTERNAL]|01p3B000001izES|PhoneMatcher|APEX_CODE,FINEST;APEX_PROFILING,INFO;CALLOUT,INFO;DB,INFO;NBA,INFO;SYSTEM,DEBUG;VALIDATION,INFO;VISUALFORCE,INFO;WAVE,INFO;WORKFLOW,INFO
23:50:17.534 (535136787)|CODE_UNIT_STARTED|[EXTERNAL]|01p3B000001izES|PhoneMatcher.MatchContactOnPhoneNunber(List<tdc_tsw__Message__c>)
23:50:17.534 (535180750)|HEAP_ALLOCATE|[EXTERNAL]|Bytes:8
23:50:17.534 (535293516)|HEAP_ALLOCATE|[EXTERNAL]|Bytes:1
23:50:17.534 (535340091)|METHOD_ENTRY|[5]|01p3B000001izES|PhoneMatcher.PhoneMatcher()
23:50:17.534 (535352337)|STATEMENT_EXECUTE|[5]
23:50:17.534 (535358231)|STATEMENT_EXECUTE|[5]
23:50:17.534 (535370326)|METHOD_EXIT|[5]|PhoneMatcher
23:50:17.534 (535411637)|HEAP_ALLOCATE|[EXTERNAL]|Bytes:8
23:50:17.534 (535433807)|VARIABLE_SCOPE_BEGIN|[8]|messages|List<tdc_tsw__Message__c>|true|false
23:50:17.534 (537578461)|VARIABLE_ASSIGNMENT|[8]|messages|[{"LastModifiedDate":"2019-01-22T04:50:17.000Z","tdc_tsw__ToNumber__c":"+17065037067","tdc_tsw__Sender_Number__c":"+13038816946","tdc_tsw__Read__c":false,"tdc_tsw__Read_Status__c":"Unread","tdc_tsw__Task_Created__c":false,"Name":"Incoming","tdc_tsw__Event_Created__c":false,"tdc_tsw__Message_Text_New__c":"Test","tdc_tsw__Created_Date__c":"2019-01-22T04:50:17.000Z","CreatedById":"0051H000009gxp8QAA","tdc_tsw__Is_Keyword_Based__c":false,"OwnerId":"0051H000009gxp8QAA","tdc_tsw__Related_Object_Id_URL__c":"_HL_ENCODED_https:// (97 more) ...","RecordTypeId":"0121H000001Ie7fQAC","tdc_tsw__Question__c":"a1K3B000001eOHoUAM","tdc_tsw__Delivered_SMS__c":"_IM1_/resource/tdc_t (27 more) ...","tdc_tsw__Important__c":false,"tdc_tsw__Delivered__c":false,"tdc_tsw__Related_Object__c":"tdc_tsw__Message__c","IsDeleted":false,"tdc_tsw__Incoming_Status__c":"Not Read","tdc_tsw__isCaseCreated__c":false,"tdc_tsw__Message__c":"a173B000000seDZQAY","tdc_tsw__Related_Object_Id__c":"a173B000000seDFQAY","SystemModstamp":"2019-01-22T04:50:17.000Z","tdc_tsw__Sender_Name__c":"Incoming","tdc_tsw__isLeadCreated__c":false,"CreatedDate":"2019-01-22T04:50:17.000Z","Id":"a173B000000seDeQAI","LastModifiedById":"0051H000009gxp8QAA","tdc_tsw__Delivery_Status__c":"Sent"}]|0x1c75bd3f
23:50:17.534 (537624962)|STATEMENT_EXECUTE|[8]
23:50:17.534 (537627685)|STATEMENT_EXECUTE|[9]
23:50:17.534 (537697128)|HEAP_ALLOCATE|[9]|Bytes:4
23:50:17.534 (537903359)|VARIABLE_SCOPE_BEGIN|[9]|results|List<LookupResult__c>|true|false
23:50:17.534 (537925564)|HEAP_ALLOCATE|[EXTERNAL]|Bytes:4
23:50:17.534 (537947638)|VARIABLE_ASSIGNMENT|[9]|results|[]|0x38e0097f
23:50:17.534 (537958794)|STATEMENT_EXECUTE|[10]
23:50:17.534 (538040369)|HEAP_ALLOCATE|[10]|Bytes:4
23:50:17.534 (538176875)|VARIABLE_SCOPE_BEGIN|[10]|template|tdc_tsw__Message_Template__c|true|false
23:50:17.534 (538205551)|VARIABLE_ASSIGNMENT|[10]|template|{}|0x74b15626
23:50:17.534 (538216681)|STATEMENT_EXECUTE|[11]
23:50:17.534 (538304211)|HEAP_ALLOCATE|[11]|Bytes:18
23:50:17.534 (539044918)|VARIABLE_ASSIGNMENT|[11]|this.Name|"a173B000000seDeQAI"|0x74b15626
23:50:17.534 (539061434)|STATEMENT_EXECUTE|[12]
23:50:17.534 (539068474)|VARIABLE_SCOPE_BEGIN|[12]|authorized|Boolean|false|false
23:50:17.534 (539084635)|HEAP_ALLOCATE|[12]|Bytes:5
23:50:17.534 (539098021)|VARIABLE_ASSIGNMENT|[12]|authorized|false
23:50:17.534 (539105020)|STATEMENT_EXECUTE|[13]
23:50:17.534 (539111067)|VARIABLE_SCOPE_BEGIN|[13]|requestingNumber|String|false|false
23:50:17.534 (539127320)|VARIABLE_ASSIGNMENT|[13]|requestingNumber|""
23:50:17.534 (539134249)|STATEMENT_EXECUTE|[14]
23:50:17.534 (539140587)|HEAP_ALLOCATE|[14]|Bytes:18
23:50:17.534 (539152207)|HEAP_ALLOCATE|[14]|Bytes:4
23:50:17.534 (539161436)|VARIABLE_SCOPE_BEGIN|[14]|responseTemplateId|Id|false|false
23:50:17.534 (539448202)|VARIABLE_ASSIGNMENT|[14]|responseTemplateId|"a1K3B000001eOHjUAM"
23:50:17.534 (539462099)|STATEMENT_EXECUTE|[15]
23:50:17.534 (539569023)|VARIABLE_ASSIGNMENT|[15]|requestingNumber|"+13038816946"
23:50:17.534 (539581319)|STATEMENT_EXECUTE|[16]
23:50:17.534 (539585259)|STATEMENT_EXECUTE|[17]
23:50:17.534 (539644571)|HEAP_ALLOCATE|[17]|Bytes:11
23:50:17.534 (539676636)|VARIABLE_ASSIGNMENT|[17]|requestingNumber|"13038816946"
23:50:17.534 (539686007)|STATEMENT_EXECUTE|[18]
23:50:17.534 (539737793)|HEAP_ALLOCATE|[18]|Bytes:10
23:50:17.534 (539766489)|VARIABLE_ASSIGNMENT|[18]|requestingNumber|"3038816946"
23:50:17.534 (539775798)|STATEMENT_EXECUTE|[21]
23:50:17.534 (539782088)|HEAP_ALLOCATE|[21]|Bytes:144
23:50:17.534 (539804941)|HEAP_ALLOCATE|[21]|Bytes:4
23:50:17.534 (541864411)|SOQL_EXECUTE_BEGIN|[21]|Aggregations:0|SELECT ID, SMS_Lookup_Access__c FROM Contact WHERE ((PhoneNumeric__c = :tmpVar1 OR MobileNumeric__c = :tmpVar2) AND SMS_Lookup_Access__c = TRUE)
23:50:17.534 (544981704)|SOQL_EXECUTE_END|[21]|Rows:1
23:50:17.534 (545013679)|HEAP_ALLOCATE|[21]|Bytes:8
23:50:17.534 (545035812)|HEAP_ALLOCATE|[21]|Bytes:57
23:50:17.534 (545106375)|HEAP_ALLOCATE|[21]|Bytes:8
23:50:17.534 (545122766)|VARIABLE_SCOPE_BEGIN|[21]|requestingContacts|List<Contact>|true|false
23:50:17.534 (545156769)|VARIABLE_ASSIGNMENT|[21]|requestingContacts|[{"Id":"0033B00000Q9yz1QAB","SMS_Lookup_Access__c":true}]|0x25fad0f7
23:50:17.534 (545168928)|STATEMENT_EXECUTE|[24]
23:50:17.534 (545175891)|HEAP_ALLOCATE|[24]|Bytes:99
23:50:17.534 (545194108)|HEAP_ALLOCATE|[24]|Bytes:4
23:50:17.534 (545957795)|SOQL_EXECUTE_BEGIN|[24]|Aggregations:0|SELECT ResponseTemplate__c, tdc_tsw__Related_Object__c FROM tdc_tsw__Message__c WHERE ID = :tmpVar1
23:50:17.534 (548570730)|SOQL_EXECUTE_END|[24]|Rows:1
23:50:17.534 (548609326)|HEAP_ALLOCATE|[24]|Bytes:8
23:50:17.534 (548628348)|HEAP_ALLOCATE|[24]|Bytes:78
23:50:17.534 (548663126)|HEAP_ALLOCATE|[24]|Bytes:8
23:50:17.534 (548697122)|HEAP_ALLOCATE|[24]|Bytes:12
23:50:17.534 (548710978)|VARIABLE_SCOPE_BEGIN|[24]|updateSMS|tdc_tsw__Message__c|true|false
23:50:17.534 (548741675)|VARIABLE_ASSIGNMENT|[24]|updateSMS|{"tdc_tsw__Related_Object__c":"tdc_tsw__Message__c","Id":"a173B000000seDeQAI"}|0x3ef75de9
23:50:17.534 (548815665)|STATEMENT_EXECUTE|[29]
23:50:17.534 (548819246)|STATEMENT_EXECUTE|[30]
23:50:17.534 (548823441)|VARIABLE_SCOPE_BEGIN|[30]|counter|Integer|false|false
23:50:17.534 (548837677)|HEAP_ALLOCATE|[30]|Bytes:4
23:50:17.534 (548850382)|VARIABLE_ASSIGNMENT|[30]|counter|1
23:50:17.534 (548859421)|STATEMENT_EXECUTE|[31]
23:50:17.534 (548889624)|HEAP_ALLOCATE|[31]|Bytes:6
23:50:17.534 (548901439)|VARIABLE_SCOPE_BEGIN|[31]|inMessage|String|false|false
23:50:17.534 (548918952)|VARIABLE_ASSIGNMENT|[31]|inMessage|"%Test%"
23:50:17.534 (548926339)|STATEMENT_EXECUTE|[32]
23:50:17.534 (548930284)|VARIABLE_SCOPE_BEGIN|[32]|outMessage|String|false|false
23:50:17.534 (548945473)|VARIABLE_ASSIGNMENT|[32]|outMessage|""
23:50:17.534 (548952219)|STATEMENT_EXECUTE|[33]
23:50:17.534 (548955501)|VARIABLE_SCOPE_BEGIN|[33]|phoneWithPrefix|String|false|false
23:50:17.534 (548969723)|VARIABLE_ASSIGNMENT|[33]|phoneWithPrefix|""
23:50:17.534 (548976204)|STATEMENT_EXECUTE|[34]
23:50:17.534 (548979661)|VARIABLE_SCOPE_BEGIN|[34]|phone|String|false|false
23:50:17.534 (548992654)|VARIABLE_ASSIGNMENT|[34]|phone|""
23:50:17.534 (549000612)|STATEMENT_EXECUTE|[35]
23:50:17.534 (549005061)|VARIABLE_SCOPE_BEGIN|[35]|key|Integer|false|false
23:50:17.534 (549015591)|HEAP_ALLOCATE|[35]|Bytes:4
23:50:17.534 (549025733)|VARIABLE_ASSIGNMENT|[35]|key|0
23:50:17.534 (549033246)|STATEMENT_EXECUTE|[36]
23:50:17.534 (549047381)|HEAP_ALLOCATE|[36]|Bytes:4
23:50:17.534 (549077624)|VARIABLE_SCOPE_BEGIN|[36]|lookupResult|List<LookupResult__c>|true|false
23:50:17.534 (549093286)|HEAP_ALLOCATE|[EXTERNAL]|Bytes:4
23:50:17.534 (549107383)|VARIABLE_ASSIGNMENT|[36]|lookupResult|[]|0x19939b23
23:50:17.534 (549271658)|STATEMENT_EXECUTE|[37]
23:50:17.534 (549275168)|STATEMENT_EXECUTE|[38]
23:50:17.534 (549276716)|STATEMENT_EXECUTE|[38]
23:50:17.534 (549278410)|STATEMENT_EXECUTE|[39]
23:50:17.534 (549633604)|HEAP_ALLOCATE|[39]|Bytes:25
23:50:17.534 (549692737)|VARIABLE_SCOPE_BEGIN|[40]|ex|Exception|true|false
23:50:17.534 (549804688)|VARIABLE_ASSIGNMENT|[40]|ex|"common.apex.runtime.impl.ExecutionException: Invalid integer: Test"|0x63b5fd14
23:50:17.534 (549819722)|STATEMENT_EXECUTE|[40]
23:50:17.534 (549822775)|STATEMENT_EXECUTE|[43]
23:50:17.534 (549829827)|HEAP_ALLOCATE|[43]|Bytes:103
23:50:17.534 (549849009)|HEAP_ALLOCATE|[43]|Bytes:4
23:50:17.534 (549965096)|HEAP_ALLOCATE|[43]|Bytes:4
23:50:17.534 (551171362)|SOQL_EXECUTE_BEGIN|[43]|Aggregations:0|SELECT Key__C, ObjectId__c FROM LookupResult__c WHERE (SMS_History__c = :tmpVar1 AND Key__c = :tmpVar2)
23:50:17.534 (554437255)|SOQL_EXECUTE_END|[43]|Rows:0
23:50:17.534 (554469761)|HEAP_ALLOCATE|[43]|Bytes:4
23:50:17.534 (554485433)|HEAP_ALLOCATE|[43]|Bytes:0
23:50:17.534 (554519422)|HEAP_ALLOCATE|[43]|Bytes:4
23:50:17.534 (554544551)|VARIABLE_ASSIGNMENT|[43]|lookupResult|[]|0x469566d3
23:50:17.534 (554589395)|STATEMENT_EXECUTE|[47]
23:50:17.534 (554593386)|STATEMENT_EXECUTE|[52]
23:50:17.534 (554726019)|HEAP_ALLOCATE|[52]|Bytes:4
23:50:17.534 (554748559)|VARIABLE_SCOPE_BEGIN|[52]|prefix|String|false|false
23:50:17.534 (554772973)|VARIABLE_ASSIGNMENT|[52]|prefix|"tdc_"
23:50:17.534 (554809146)|STATEMENT_EXECUTE|[53]
23:50:17.534 (554812254)|STATEMENT_EXECUTE|[54]
23:50:17.534 (554828032)|HEAP_ALLOCATE|[54]|Bytes:18
23:50:17.534 (554984192)|HEAP_ALLOCATE|[54]|Bytes:-4
23:50:17.534 (555024069)|VARIABLE_ASSIGNMENT|[54]|this.tdc_tsw__Related_Object_Id__c|"a173B000000seDeQAI"|0x3ef75de9
23:50:17.534 (555038843)|STATEMENT_EXECUTE|[55]
23:50:17.534 (555051521)|VARIABLE_ASSIGNMENT|[55]|responseTemplateId|null
23:50:17.534 (555079174)|STATEMENT_EXECUTE|[56]
23:50:17.534 (555084325)|STATEMENT_EXECUTE|[57]
23:50:17.534 (555129381)|HEAP_ALLOCATE|[57]|Bytes:4
23:50:17.534 (555160006)|VARIABLE_ASSIGNMENT|[57]|phone|"Test"
23:50:17.534 (555169426)|STATEMENT_EXECUTE|[58]
23:50:17.534 (555218378)|HEAP_ALLOCATE|[58]|Bytes:4
23:50:17.534 (555244965)|HEAP_ALLOCATE|[58]|Bytes:5
23:50:17.534 (555261827)|VARIABLE_ASSIGNMENT|[58]|phoneWithPrefix|"1Test"
23:50:17.534 (555271715)|STATEMENT_EXECUTE|[60]
23:50:17.534 (555276242)|HEAP_ALLOCATE|[60]|Bytes:61
23:50:17.534 (555294397)|HEAP_ALLOCATE|[60]|Bytes:4
23:50:17.534 (557462297)|SOQL_EXECUTE_BEGIN|[60]|Aggregations:0|SELECT Name, Sent_Us__c FROM Account WHERE Name LIKE :tmpVar1
23:50:17.534 (564734659)|SOQL_EXECUTE_END|[60]|Rows:0
23:50:17.534 (564765243)|HEAP_ALLOCATE|[60]|Bytes:4
23:50:17.534 (564780030)|HEAP_ALLOCATE|[60]|Bytes:0
23:50:17.534 (564853784)|HEAP_ALLOCATE|[60]|Bytes:4
23:50:17.534 (564878951)|VARIABLE_SCOPE_BEGIN|[60]|accounts|List<Account>|true|false
23:50:17.534 (564903412)|VARIABLE_ASSIGNMENT|[60]|accounts|[]|0x2db7d7a1
23:50:17.534 (565086689)|HEAP_ALLOCATE|[63]|Bytes:5
23:50:17.534 (565128794)|VARIABLE_ASSIGNMENT|[63]|account|null|
23:50:17.534 (565142000)|STATEMENT_EXECUTE|[63]
23:50:17.534 (565144756)|STATEMENT_EXECUTE|[78]
23:50:17.534 (565151008)|HEAP_ALLOCATE|[78]|Bytes:215
23:50:17.534 (565169539)|HEAP_ALLOCATE|[78]|Bytes:4
23:50:17.534 (565193813)|HEAP_ALLOCATE|[78]|Bytes:7
23:50:17.534 (565206652)|HEAP_ALLOCATE|[78]|Bytes:7
23:50:17.534 (565218337)|HEAP_ALLOCATE|[78]|Bytes:7
23:50:17.534 (565673430)|SOQL_EXECUTE_BEGIN|[78]|Aggregations:0|SELECT ID, Phone, MobilePhone, Name, Email, AccountId FROM Contact WHERE (PhoneNumeric__c = :tmpVar1 OR MobileNumeric__c = :tmpVar2 OR PhoneNumeric__c = :tmpVar3 OR MobileNumeric__c = :tmpVar4 OR Name LIKE :tmpVar5)
23:50:17.534 (569259543)|SOQL_EXECUTE_END|[78]|Rows:0
23:50:17.534 (569288880)|HEAP_ALLOCATE|[78]|Bytes:4
23:50:17.534 (569303120)|HEAP_ALLOCATE|[78]|Bytes:0
23:50:17.534 (569341383)|HEAP_ALLOCATE|[78]|Bytes:4
23:50:17.534 (569356309)|VARIABLE_SCOPE_BEGIN|[78]|contacts|List<Contact>|true|false
23:50:17.534 (569378751)|VARIABLE_ASSIGNMENT|[78]|contacts|[]|0x388091cf
23:50:17.534 (569423858)|STATEMENT_EXECUTE|[83]
23:50:17.534 (569471502)|STATEMENT_EXECUTE|[100]
23:50:17.534 (569474818)|STATEMENT_EXECUTE|[103]
23:50:17.534 (569480433)|HEAP_ALLOCATE|[103]|Bytes:201
23:50:17.534 (569502142)|HEAP_ALLOCATE|[103]|Bytes:4
23:50:17.534 (571750891)|SOQL_EXECUTE_BEGIN|[103]|Aggregations:0|SELECT ID, Phone, MobilePhone, Name, Email FROM Lead WHERE (PhoneNumeric__c = :tmpVar1 OR MobileNumeric__c = :tmpVar2 OR PhoneNumeric__c = :tmpVar3 OR MobileNumeric__c = :tmpVar4 OR Name LIKE :tmpVar5)
23:50:17.534 (575109741)|SOQL_EXECUTE_END|[103]|Rows:2
23:50:17.534 (575138885)|HEAP_ALLOCATE|[103]|Bytes:12
23:50:17.534 (575158781)|HEAP_ALLOCATE|[103]|Bytes:121
23:50:17.534 (575225400)|HEAP_ALLOCATE|[103]|Bytes:12
23:50:17.534 (575243097)|VARIABLE_SCOPE_BEGIN|[103]|leads|List<Lead>|true|false
23:50:17.534 (575283622)|VARIABLE_ASSIGNMENT|[103]|leads|[{"Id":"00Q3B000005aQ27UAE","Phone":"3038816946","Name":"Test2"},{"Id":"00Q3B000005aQ22UAE","Phone":"3038816946","Name":"Test"}]|0x1a0fc69b
23:50:17.534 (575357281)|STATEMENT_EXECUTE|[108]
23:50:17.534 (575465860)|HEAP_ALLOCATE|[109]|Bytes:5
23:50:17.534 (575509100)|HEAP_ALLOCATE|[109]|Bytes:16
23:50:17.534 (575526052)|VARIABLE_SCOPE_BEGIN|[109]|lead|Lead|true|false
23:50:17.534 (575555088)|VARIABLE_ASSIGNMENT|[109]|lead|{"Id":"00Q3B000005aQ27UAE","Phone":"3038816946","Name":"Test2"}|0x731c7246
23:50:17.534 (575567048)|STATEMENT_EXECUTE|[109]
23:50:17.534 (575569455)|STATEMENT_EXECUTE|[110]
23:50:17.534 (575605978)|VARIABLE_SCOPE_BEGIN|[110]|lPhone|String|false|false
23:50:17.534 (575627897)|VARIABLE_ASSIGNMENT|[110]|lPhone|"3038816946"
23:50:17.534 (575636786)|STATEMENT_EXECUTE|[111]
23:50:17.534 (575645352)|VARIABLE_SCOPE_BEGIN|[111]|lMobilePhone|String|false|false
23:50:17.534 (575660372)|VARIABLE_ASSIGNMENT|[111]|lMobilePhone|""
23:50:17.534 (575667193)|STATEMENT_EXECUTE|[112]
23:50:17.534 (575672969)|HEAP_ALLOCATE|[112]|Bytes:12
23:50:17.534 (575699536)|HEAP_ALLOCATE|[112]|Bytes:8
23:50:17.534 (575709662)|HEAP_ALLOCATE|[112]|Bytes:9
23:50:17.534 (575723235)|HEAP_ALLOCATE|[112]|Bytes:44
23:50:17.534 (575731347)|HEAP_ALLOCATE|[112]|Bytes:8
23:50:17.534 (575742808)|HEAP_ALLOCATE|[112]|Bytes:12
23:50:17.534 (575750056)|HEAP_ALLOCATE|[112]|Bytes:56
23:50:17.534 (575758085)|HEAP_ALLOCATE|[112]|Bytes:56
23:50:17.534 (575776415)|VARIABLE_ASSIGNMENT|[112]|outMessage|"\nLead\nName: Test2\nPh (36 more) ..."
23:50:17.534 (575786643)|STATEMENT_EXECUTE|[113]
23:50:17.534 (575816137)|HEAP_ALLOCATE|[113]|Bytes:4
23:50:17.534 (576056399)|VARIABLE_ASSIGNMENT|[113]|this.SMS_History__c|"a173B000000seDeQAI"|0x174359a0
23:50:17.534 (576208780)|VARIABLE_ASSIGNMENT|[113]|this.SMS_Template__c|null|0x174359a0
23:50:17.534 (576255411)|HEAP_ALLOCATE|[113]|Bytes:28
23:50:17.534 (576265558)|HEAP_ALLOCATE|[113]|Bytes:28
23:50:17.534 (576313582)|VARIABLE_ASSIGNMENT|[113]|this.Key__c|1|0x174359a0
23:50:17.534 (576362221)|HEAP_ALLOCATE|[113]|Bytes:18
23:50:17.534 (576410570)|VARIABLE_ASSIGNMENT|[113]|this.ObjectId__c|"00Q3B000005aQ27UAE"|0x174359a0
23:50:17.534 (576472404)|VARIABLE_ASSIGNMENT|[113]|this.Name|"Test2"|0x174359a0
23:50:17.534 (576554840)|HEAP_ALLOCATE|[EXTERNAL]|Bytes:4
23:50:17.534 (576571519)|STATEMENT_EXECUTE|[114]
23:50:17.534 (576576084)|HEAP_ALLOCATE|[114]|Bytes:4
23:50:17.534 (576590798)|VARIABLE_ASSIGNMENT|[114]|counter|2
23:50:17.534 (576610745)|HEAP_ALLOCATE|[109]|Bytes:5
23:50:17.534 (576631575)|HEAP_ALLOCATE|[109]|Bytes:16
23:50:17.534 (576645087)|VARIABLE_SCOPE_BEGIN|[109]|lead|Lead|true|false
23:50:17.534 (576673099)|VARIABLE_ASSIGNMENT|[109]|lead|{"Id":"00Q3B000005aQ22UAE","Phone":"3038816946","Name":"Test"}|0x2efa518a
23:50:17.534 (576682857)|STATEMENT_EXECUTE|[109]
23:50:17.534 (576686530)|STATEMENT_EXECUTE|[110]
23:50:17.534 (576699656)|VARIABLE_SCOPE_BEGIN|[110]|lPhone|String|false|false
23:50:17.534 (576716948)|VARIABLE_ASSIGNMENT|[110]|lPhone|"3038816946"
23:50:17.534 (576725349)|STATEMENT_EXECUTE|[111]
23:50:17.534 (576732095)|VARIABLE_SCOPE_BEGIN|[111]|lMobilePhone|String|false|false
23:50:17.534 (576746946)|VARIABLE_ASSIGNMENT|[111]|lMobilePhone|""
23:50:17.534 (576753604)|STATEMENT_EXECUTE|[112]
23:50:17.534 (576767113)|HEAP_ALLOCATE|[112]|Bytes:43
23:50:17.534 (576778428)|HEAP_ALLOCATE|[112]|Bytes:12
23:50:17.534 (576786804)|HEAP_ALLOCATE|[112]|Bytes:55
23:50:17.534 (576794617)|HEAP_ALLOCATE|[112]|Bytes:111
23:50:17.534 (576810375)|VARIABLE_ASSIGNMENT|[112]|outMessage|"\nLead\nName: Test2\nPh (91 more) ..."
23:50:17.534 (576820593)|STATEMENT_EXECUTE|[113]
23:50:17.534 (576845252)|HEAP_ALLOCATE|[113]|Bytes:4
23:50:17.534 (576968760)|VARIABLE_ASSIGNMENT|[113]|this.SMS_History__c|"a173B000000seDeQAI"|0x6aefd5f0
23:50:17.534 (577073178)|VARIABLE_ASSIGNMENT|[113]|this.SMS_Template__c|null|0x6aefd5f0
23:50:17.534 (577099836)|HEAP_ALLOCATE|[113]|Bytes:28
23:50:17.534 (577108655)|HEAP_ALLOCATE|[113]|Bytes:28
23:50:17.534 (577153573)|VARIABLE_ASSIGNMENT|[113]|this.Key__c|2|0x6aefd5f0
23:50:17.534 (577177050)|HEAP_ALLOCATE|[113]|Bytes:18
23:50:17.534 (577219030)|VARIABLE_ASSIGNMENT|[113]|this.ObjectId__c|"00Q3B000005aQ22UAE"|0x6aefd5f0
23:50:17.534 (577277286)|VARIABLE_ASSIGNMENT|[113]|this.Name|"Test"|0x6aefd5f0
23:50:17.534 (577307437)|HEAP_ALLOCATE|[EXTERNAL]|Bytes:4
23:50:17.534 (577316820)|STATEMENT_EXECUTE|[114]
23:50:17.534 (577321929)|HEAP_ALLOCATE|[114]|Bytes:4
23:50:17.534 (577340583)|VARIABLE_ASSIGNMENT|[114]|counter|3
23:50:17.534 (577360988)|HEAP_ALLOCATE|[109]|Bytes:5
23:50:17.534 (577382594)|VARIABLE_ASSIGNMENT|[109]|lead|null|
23:50:17.534 (577436902)|STATEMENT_EXECUTE|[117]
23:50:17.534 (577440008)|STATEMENT_EXECUTE|[118]
23:50:17.534 (577445984)|HEAP_ALLOCATE|[118]|Bytes:46
23:50:17.534 (577458015)|HEAP_ALLOCATE|[118]|Bytes:157
23:50:17.534 (577477951)|VARIABLE_ASSIGNMENT|[118]|outMessage|"\nLead\nName: Test2\nPh (137 more) ..."
23:50:17.534 (577588688)|HEAP_ALLOCATE|[119]|Bytes:5
23:50:17.534 (577613178)|HEAP_ALLOCATE|[119]|Bytes:24
23:50:17.534 (577628333)|VARIABLE_SCOPE_BEGIN|[119]|result|LookupResult__c|true|false
23:50:17.534 (577663414)|VARIABLE_ASSIGNMENT|[119]|result|{"SMS_History__c":"a173B000000seDeQAI","Key__c":1,"ObjectId__c":"00Q3B000005aQ27UAE","Name":"Test2"}|0x174359a0
23:50:17.534 (577674534)|STATEMENT_EXECUTE|[119]
23:50:17.534 (577678223)|STATEMENT_EXECUTE|[120]
23:50:17.534 (577682720)|HEAP_ALLOCATE|[120]|Bytes:1
23:50:17.534 (577719106)|HEAP_ALLOCATE|[120]|Bytes:28
23:50:17.534 (577767967)|HEAP_ALLOCATE|[120]|Bytes:1
23:50:17.534 (577789690)|HEAP_ALLOCATE|[120]|Bytes:2
23:50:17.534 (577828177)|HEAP_ALLOCATE|[120]|Bytes:9
23:50:17.534 (577841046)|HEAP_ALLOCATE|[120]|Bytes:166
23:50:17.534 (577859518)|VARIABLE_ASSIGNMENT|[120]|outMessage|"\nLead\nName: Test2\nPh (146 more) ..."
23:50:17.534 (577882056)|HEAP_ALLOCATE|[119]|Bytes:5
23:50:17.534 (577900594)|HEAP_ALLOCATE|[119]|Bytes:24
23:50:17.534 (577914659)|VARIABLE_SCOPE_BEGIN|[119]|result|LookupResult__c|true|false
23:50:17.534 (577944701)|VARIABLE_ASSIGNMENT|[119]|result|{"SMS_History__c":"a173B000000seDeQAI","Key__c":2,"ObjectId__c":"00Q3B000005aQ22UAE","Name":"Test"}|0x6aefd5f0
23:50:17.534 (577955869)|STATEMENT_EXECUTE|[119]
23:50:17.534 (577957924)|STATEMENT_EXECUTE|[120]
23:50:17.534 (577974872)|HEAP_ALLOCATE|[120]|Bytes:28
23:50:17.534 (577999640)|HEAP_ALLOCATE|[120]|Bytes:1
23:50:17.534 (578024178)|HEAP_ALLOCATE|[120]|Bytes:8
23:50:17.534 (578035591)|HEAP_ALLOCATE|[120]|Bytes:174
23:50:17.534 (578053202)|VARIABLE_ASSIGNMENT|[120]|outMessage|"\nLead\nName: Test2\nPh (154 more) ..."
23:50:17.534 (578072867)|HEAP_ALLOCATE|[119]|Bytes:5
23:50:17.534 (578093574)|VARIABLE_ASSIGNMENT|[119]|result|null|
23:50:17.534 (578102899)|STATEMENT_EXECUTE|[122]
23:50:17.534 (578291462)|VARIABLE_ASSIGNMENT|[122]|this.tdc_tsw__SMSBodyNew__c|"\nLead\nName: Test2\nPh (154 more) ..."|0x74b15626
23:50:17.534 (578306912)|STATEMENT_EXECUTE|[126]
23:50:17.534 (578353525)|HEAP_ALLOCATE|[126]|Bytes:8
23:50:17.534 (578374823)|DML_BEGIN|[126]|Op:Insert|Type:tdc_tsw__Message_Template__c|Rows:1
23:50:17.534 (578424084)|HEAP_ALLOCATE|[EXTERNAL]|Bytes:8
23:50:17.534 (603674790)|DML_END|[126]
23:50:17.534 (603818536)|HEAP_ALLOCATE|[127]|Bytes:5
23:50:17.534 (603867783)|HEAP_ALLOCATE|[127]|Bytes:24
23:50:17.534 (603901144)|VARIABLE_SCOPE_BEGIN|[127]|lookup|LookupResult__c|true|false
23:50:17.534 (603992487)|VARIABLE_ASSIGNMENT|[127]|lookup|{"SMS_History__c":"a173B000000seDeQAI","Key__c":1,"ObjectId__c":"00Q3B000005aQ27UAE","Name":"Test2"}|0x174359a0
23:50:17.534 (604018540)|STATEMENT_EXECUTE|[127]
23:50:17.534 (604024237)|STATEMENT_EXECUTE|[128]
23:50:17.534 (604399046)|VARIABLE_ASSIGNMENT|[128]|this.SMS_Template__c|"a153B000000pOkrQAE"|0x174359a0
23:50:17.534 (604442935)|HEAP_ALLOCATE|[127]|Bytes:5
23:50:17.534 (604482875)|HEAP_ALLOCATE|[127]|Bytes:24
23:50:17.534 (604506750)|VARIABLE_SCOPE_BEGIN|[127]|lookup|LookupResult__c|true|false
23:50:17.534 (604561897)|VARIABLE_ASSIGNMENT|[127]|lookup|{"SMS_History__c":"a173B000000seDeQAI","Key__c":2,"ObjectId__c":"00Q3B000005aQ22UAE","Name":"Test"}|0x6aefd5f0
23:50:17.534 (604583949)|STATEMENT_EXECUTE|[127]
23:50:17.534 (604589706)|STATEMENT_EXECUTE|[128]
23:50:17.534 (604781695)|VARIABLE_ASSIGNMENT|[128]|this.SMS_Template__c|"a153B000000pOkrQAE"|0x6aefd5f0
23:50:17.534 (604822153)|HEAP_ALLOCATE|[127]|Bytes:5
23:50:17.534 (604862642)|VARIABLE_ASSIGNMENT|[127]|lookup|null|
23:50:17.534 (604880982)|STATEMENT_EXECUTE|[130]
23:50:17.534 (604984964)|DML_BEGIN|[130]|Op:Insert|Type:LookupResult__c|Rows:2
23:50:17.534 (605074640)|HEAP_ALLOCATE|[EXTERNAL]|Bytes:12
23:50:17.534 (672486589)|DML_END|[130]
23:50:17.534 (672613790)|HEAP_ALLOCATE|[EXTERNAL]|Bytes:12
23:50:17.534 (672642500)|STATEMENT_EXECUTE|[131]
23:50:17.534 (672860499)|VARIABLE_ASSIGNMENT|[131]|responseTemplateId|"a153B000000pOkrQAE"
23:50:17.534 (672881017)|STATEMENT_EXECUTE|[135]
23:50:17.534 (672903846)|HEAP_ALLOCATE|[135]|Bytes:18
23:50:17.534 (673142361)|HEAP_ALLOCATE|[135]|Bytes:-4
23:50:17.534 (673201028)|VARIABLE_ASSIGNMENT|[135]|this.ResponseTemplate__c|"a153B000000pOkrQAE"|0x3ef75de9
23:50:17.534 (673225464)|STATEMENT_EXECUTE|[136]
23:50:17.534 (673352015)|HEAP_ALLOCATE|[136]|Bytes:8
23:50:17.534 (673381036)|DML_BEGIN|[136]|Op:Update|Type:tdc_tsw__Message__c|Rows:1
23:50:17.534 (673471311)|HEAP_ALLOCATE|[EXTERNAL]|Bytes:8
23:50:17.534 (704794577)|DML_END|[136]
23:50:17.704 (704842408)|CUMULATIVE_LIMIT_USAGE
23:50:17.704 (704842408)|LIMIT_USAGE_FOR_NS|(default)|
  Number of SOQL queries: 6 out of 100
  Number of query rows: 4 out of 50000
  Number of SOSL queries: 0 out of 20
  Number of DML statements: 3 out of 150
  Number of DML rows: 4 out of 10000
  Maximum CPU time: 360 out of 10000
  Maximum heap size: 0 out of 6000000
  Number of callouts: 0 out of 100
  Number of Email Invocations: 0 out of 10
  Number of future calls: 0 out of 50
  Number of queueable jobs added to the queue: 0 out of 50
  Number of Mobile Apex push calls: 0 out of 10

23:50:17.704 (704842408)|LIMIT_USAGE_FOR_NS|tdc_tsw|
  Number of SOQL queries: 18 out of 100
  Number of query rows: 22 out of 50000
  Number of SOSL queries: 0 out of 20
  Number of DML statements: 2 out of 150
  Number of DML rows: 2 out of 10000
  Maximum CPU time: 0 out of 10000
  Maximum heap size: 0 out of 6000000
  Number of callouts: 0 out of 100
  Number of Email Invocations: 0 out of 10
  Number of future calls: 0 out of 50
  Number of queueable jobs added to the queue: 0 out of 50
  Number of Mobile Apex push calls: 0 out of 10

23:50:17.704 (704842408)|CUMULATIVE_LIMIT_USAGE_END

23:50:17.534 (704970386)|CODE_UNIT_FINISHED|PhoneMatcher.MatchContactOnPhoneNunber(List<tdc_tsw__Message__c>)
23:50:17.534 (705028643)|POP_TRACE_FLAGS|[EXTERNAL]|01p3B000001izES|PhoneMatcher|APEX_CODE,FINEST;APEX_PROFILING,INFO;CALLOUT,INFO;DB,INFO;NBA,INFO;SYSTEM,DEBUG;VALIDATION,INFO;VISUALFORCE,INFO;WAVE,INFO;WORKFLOW,INFO
23:50:17.710 (710629589)|ENTERING_MANAGED_PKG|tdc_tsw
23:50:17.710 (710823580)|ENTERING_MANAGED_PKG|tdc_tsw
23:50:17.710 (712601175)|ENTERING_MANAGED_PKG|tdc_tsw
23:50:17.710 (712821129)|ENTERING_MANAGED_PKG|tdc_tsw
23:50:17.710 (713745479)|ENTERING_MANAGED_PKG|tdc_tsw
23:50:17.710 (718349776)|SOQL_EXECUTE_BEGIN|[420]|Aggregations:0|SELECT SMSBodyNew__c FROM Message_Template__c WHERE id = :tmpVar1
23:50:17.710 (724145195)|SOQL_EXECUTE_END|[420]|Rows:1
23:50:17.710 (724516263)|ENTERING_MANAGED_PKG|tdc_tsw
23:50:17.710 (752663444)|ENTERING_MANAGED_PKG|tdc_tsw
23:50:17.710 (753610466)|ENTERING_MANAGED_PKG|tdc_tsw
23:50:17.3 (867123599)|DML_END|[557]
23:50:17.3 (867322104)|ENTERING_MANAGED_PKG|tdc_tsw
23:50:17.3 (870251509)|SOQL_EXECUTE_BEGIN|[1091]|Aggregations:0|SELECT id, name, Brief_Description__c, Keywords__c, Active__c FROM Survey__c WHERE (Active__c = TRUE AND Keywords__c != NULL) LIMIT 999
23:50:17.3 (874999708)|SOQL_EXECUTE_END|[1091]|Rows:0
23:50:17.3 (876443673)|ENTERING_MANAGED_PKG|tdc_tsw
23:50:17.3 (876496507)|ENTERING_MANAGED_PKG|tdc_tsw
23:50:17.3 (876544508)|ENTERING_MANAGED_PKG|tdc_tsw
23:50:17.3 (877846483)|ENTERING_MANAGED_PKG|tdc_tsw
23:50:17.3 (877950009)|ENTERING_MANAGED_PKG|tdc_tsw
23:50:17.3 (877992804)|ENTERING_MANAGED_PKG|tdc_tsw
23:50:17.3 (878103056)|ENTERING_MANAGED_PKG|tdc_tsw
23:50:17.3 (878143371)|ENTERING_MANAGED_PKG|tdc_tsw
23:50:17.3 (879290571)|ENTERING_MANAGED_PKG|tdc_tsw
23:50:17.3 (880548443)|ENTERING_MANAGED_PKG|tdc_tsw
23:50:17.3 (880604110)|ENTERING_MANAGED_PKG|tdc_tsw
23:50:17.3 (880645433)|ENTERING_MANAGED_PKG|tdc_tsw
23:50:17.3 (880752931)|ENTERING_MANAGED_PKG|tdc_tsw
23:50:17.3 (880830243)|ENTERING_MANAGED_PKG|tdc_tsw
23:50:17.3 (880870309)|ENTERING_MANAGED_PKG|tdc_tsw
23:50:17.3 (880971215)|ENTERING_MANAGED_PKG|tdc_tsw
23:50:17.3 (881972302)|ENTERING_MANAGED_PKG|tdc_tsw
23:50:17.3 (883384058)|ENTERING_MANAGED_PKG|tdc_tsw
