36.0 APEX_CODE,FINEST;APEX_PROFILING,INFO;CALLOUT,INFO;DB,INFO;NBA,INFO;SYSTEM,DEBUG;VALIDATION,INFO;VISUALFORCE,INFO;WAVE,INFO;WORKFLOW,INFO
17:40:43.13 (13592663)|ENTERING_MANAGED_PKG|tdc_tsw
17:40:43.13 (14117412)|ENTERING_MANAGED_PKG|tdc_tsw
17:40:43.13 (14962168)|ENTERING_MANAGED_PKG|tdc_tsw
17:40:43.13 (15334160)|ENTERING_MANAGED_PKG|tdc_tsw
17:40:43.13 (15374675)|ENTERING_MANAGED_PKG|tdc_tsw
17:40:43.13 (19732552)|ENTERING_MANAGED_PKG|tdc_tsw
17:40:43.13 (21792308)|ENTERING_MANAGED_PKG|tdc_tsw
17:40:43.13 (21836162)|ENTERING_MANAGED_PKG|tdc_tsw
17:40:43.13 (21893307)|ENTERING_MANAGED_PKG|tdc_tsw
17:40:43.13 (22522310)|ENTERING_MANAGED_PKG|tdc_tsw
17:40:43.13 (22859741)|ENTERING_MANAGED_PKG|tdc_tsw
17:40:43.13 (23166257)|ENTERING_MANAGED_PKG|tdc_tsw
17:40:43.13 (25040648)|ENTERING_MANAGED_PKG|tdc_tsw
17:40:43.13 (25087142)|ENTERING_MANAGED_PKG|tdc_tsw
17:40:43.13 (25484066)|ENTERING_MANAGED_PKG|tdc_tsw
17:40:43.13 (27700753)|ENTERING_MANAGED_PKG|tdc_tsw
17:40:43.13 (35285808)|ENTERING_MANAGED_PKG|tdc_tsw
17:40:43.13 (46631674)|ENTERING_MANAGED_PKG|tdc_tsw
17:40:43.13 (46761289)|ENTERING_MANAGED_PKG|tdc_tsw
17:40:43.13 (46957249)|ENTERING_MANAGED_PKG|tdc_tsw
17:40:43.13 (47190245)|ENTERING_MANAGED_PKG|tdc_tsw
17:40:43.13 (47430341)|ENTERING_MANAGED_PKG|tdc_tsw
17:40:43.13 (47500599)|ENTERING_MANAGED_PKG|tdc_tsw
17:40:43.13 (47590793)|ENTERING_MANAGED_PKG|tdc_tsw
17:40:43.13 (47669620)|ENTERING_MANAGED_PKG|tdc_tsw
17:40:43.13 (47700251)|ENTERING_MANAGED_PKG|tdc_tsw
17:40:43.13 (47960245)|ENTERING_MANAGED_PKG|tdc_tsw
17:40:43.13 (48055547)|ENTERING_MANAGED_PKG|tdc_tsw
17:40:43.13 (48148698)|ENTERING_MANAGED_PKG|tdc_tsw
17:40:43.13 (48322750)|ENTERING_MANAGED_PKG|tdc_tsw
17:40:43.13 (48404802)|ENTERING_MANAGED_PKG|tdc_tsw
17:40:43.13 (52842507)|ENTERING_MANAGED_PKG|tdc_tsw
17:40:43.13 (52925103)|ENTERING_MANAGED_PKG|tdc_tsw
17:40:43.13 (52995902)|ENTERING_MANAGED_PKG|tdc_tsw
17:40:43.13 (58248640)|ENTERING_MANAGED_PKG|tdc_tsw
17:40:43.13 (58317853)|ENTERING_MANAGED_PKG|tdc_tsw
17:40:43.13 (58386279)|ENTERING_MANAGED_PKG|tdc_tsw
17:40:43.13 (58471293)|ENTERING_MANAGED_PKG|tdc_tsw
17:40:43.13 (58619412)|ENTERING_MANAGED_PKG|tdc_tsw
17:40:43.13 (58753733)|ENTERING_MANAGED_PKG|tdc_tsw
17:40:43.13 (58831944)|ENTERING_MANAGED_PKG|tdc_tsw
17:40:43.13 (58895137)|ENTERING_MANAGED_PKG|tdc_tsw
17:40:43.13 (58943690)|ENTERING_MANAGED_PKG|tdc_tsw
17:40:43.13 (59011193)|ENTERING_MANAGED_PKG|tdc_tsw
17:40:43.13 (59062435)|ENTERING_MANAGED_PKG|tdc_tsw
17:40:43.13 (59315506)|ENTERING_MANAGED_PKG|tdc_tsw
17:40:43.13 (59403731)|ENTERING_MANAGED_PKG|tdc_tsw
17:40:43.13 (64207782)|ENTERING_MANAGED_PKG|tdc_tsw
17:40:43.13 (64315483)|ENTERING_MANAGED_PKG|tdc_tsw
17:40:43.13 (64585477)|ENTERING_MANAGED_PKG|tdc_tsw
17:40:43.13 (64730980)|ENTERING_MANAGED_PKG|tdc_tsw
17:40:43.13 (64889380)|ENTERING_MANAGED_PKG|tdc_tsw
17:40:43.13 (64960923)|ENTERING_MANAGED_PKG|tdc_tsw
17:40:43.13 (65130855)|ENTERING_MANAGED_PKG|tdc_tsw
17:40:43.13 (65488146)|ENTERING_MANAGED_PKG|tdc_tsw
17:40:43.13 (418212913)|ENTERING_MANAGED_PKG|tdc_tsw
17:40:43.13 (418330560)|ENTERING_MANAGED_PKG|tdc_tsw
17:40:43.13 (419375267)|ENTERING_MANAGED_PKG|tdc_tsw
17:40:43.13 (419465871)|ENTERING_MANAGED_PKG|tdc_tsw
17:40:43.13 (419595897)|ENTERING_MANAGED_PKG|tdc_tsw
17:40:43.13 (419714037)|ENTERING_MANAGED_PKG|tdc_tsw
17:40:43.13 (419789715)|ENTERING_MANAGED_PKG|tdc_tsw
17:40:43.13 (419845323)|ENTERING_MANAGED_PKG|tdc_tsw
17:40:43.13 (419932638)|ENTERING_MANAGED_PKG|tdc_tsw
17:40:43.13 (419986051)|ENTERING_MANAGED_PKG|tdc_tsw
17:40:43.13 (420046604)|ENTERING_MANAGED_PKG|tdc_tsw
17:40:43.13 (420151314)|ENTERING_MANAGED_PKG|tdc_tsw
17:40:43.13 (420205380)|ENTERING_MANAGED_PKG|tdc_tsw
17:40:43.13 (420254818)|ENTERING_MANAGED_PKG|tdc_tsw
17:40:43.13 (431723134)|ENTERING_MANAGED_PKG|tdc_tsw
17:40:43.13 (432087778)|ENTERING_MANAGED_PKG|tdc_tsw
17:40:43.13 (434548096)|ENTERING_MANAGED_PKG|tdc_tsw
17:40:43.13 (442650150)|ENTERING_MANAGED_PKG|tdc_tsw
17:40:43.13 (443555645)|ENTERING_MANAGED_PKG|tdc_tsw
17:40:43.13 (443638230)|ENTERING_MANAGED_PKG|tdc_tsw
17:40:43.13 (443695384)|ENTERING_MANAGED_PKG|tdc_tsw
17:40:43.13 (443778099)|ENTERING_MANAGED_PKG|tdc_tsw
17:40:43.13 (443842651)|ENTERING_MANAGED_PKG|tdc_tsw
17:40:43.13 (443994362)|ENTERING_MANAGED_PKG|tdc_tsw
17:40:43.13 (444793579)|ENTERING_MANAGED_PKG|tdc_tsw
17:40:43.13 (444857849)|ENTERING_MANAGED_PKG|tdc_tsw
17:40:43.13 (445128625)|ENTERING_MANAGED_PKG|tdc_tsw
17:40:43.13 (445195981)|ENTERING_MANAGED_PKG|tdc_tsw
17:40:43.13 (445458530)|ENTERING_MANAGED_PKG|tdc_tsw
17:40:43.13 (445517645)|ENTERING_MANAGED_PKG|tdc_tsw
17:40:43.13 (445562825)|ENTERING_MANAGED_PKG|tdc_tsw
17:40:43.13 (445601607)|ENTERING_MANAGED_PKG|tdc_tsw
17:40:43.13 (445643237)|ENTERING_MANAGED_PKG|tdc_tsw
17:40:43.13 (445708630)|ENTERING_MANAGED_PKG|tdc_tsw
17:40:43.13 (445792566)|ENTERING_MANAGED_PKG|tdc_tsw
17:40:43.13 (445847523)|ENTERING_MANAGED_PKG|tdc_tsw
17:40:43.13 (445905560)|ENTERING_MANAGED_PKG|tdc_tsw
17:40:43.13 (446114481)|ENTERING_MANAGED_PKG|tdc_tsw
17:40:43.13 (446162389)|ENTERING_MANAGED_PKG|tdc_tsw
17:40:43.13 (446224782)|ENTERING_MANAGED_PKG|tdc_tsw
17:40:43.13 (446290906)|ENTERING_MANAGED_PKG|tdc_tsw
17:40:43.13 (446344836)|ENTERING_MANAGED_PKG|tdc_tsw
17:40:43.13 (446410550)|ENTERING_MANAGED_PKG|tdc_tsw
17:40:43.13 (446453763)|ENTERING_MANAGED_PKG|tdc_tsw
17:40:43.13 (446516722)|ENTERING_MANAGED_PKG|tdc_tsw
17:40:43.13 (446553343)|ENTERING_MANAGED_PKG|tdc_tsw
17:40:43.13 (446683457)|ENTERING_MANAGED_PKG|tdc_tsw
17:40:43.13 (446777382)|ENTERING_MANAGED_PKG|tdc_tsw
17:40:43.13 (446849838)|ENTERING_MANAGED_PKG|tdc_tsw
17:40:43.13 (446920712)|ENTERING_MANAGED_PKG|tdc_tsw
17:40:43.13 (447021994)|ENTERING_MANAGED_PKG|tdc_tsw
17:40:43.13 (706665897)|ENTERING_MANAGED_PKG|tdc_tsw
17:40:43.13 (707115757)|ENTERING_MANAGED_PKG|tdc_tsw
17:40:43.13 (707158026)|ENTERING_MANAGED_PKG|tdc_tsw
17:40:43.13 (707208620)|ENTERING_MANAGED_PKG|tdc_tsw
17:40:43.13 (707266860)|ENTERING_MANAGED_PKG|tdc_tsw
17:40:43.13 (707296190)|ENTERING_MANAGED_PKG|tdc_tsw
17:40:43.13 (707322273)|ENTERING_MANAGED_PKG|tdc_tsw
17:40:43.13 (707361409)|ENTERING_MANAGED_PKG|tdc_tsw
17:40:43.13 (707388896)|ENTERING_MANAGED_PKG|tdc_tsw
17:40:43.13 (707413478)|ENTERING_MANAGED_PKG|tdc_tsw
17:40:43.13 (707492959)|ENTERING_MANAGED_PKG|tdc_tsw
17:40:43.13 (707602163)|ENTERING_MANAGED_PKG|tdc_tsw
17:40:43.13 (707664320)|ENTERING_MANAGED_PKG|tdc_tsw
17:40:43.13 (707747403)|ENTERING_MANAGED_PKG|tdc_tsw
17:40:43.13 (707852779)|ENTERING_MANAGED_PKG|tdc_tsw
17:40:43.13 (712200234)|ENTERING_MANAGED_PKG|tdc_tsw
17:40:43.13 (712855251)|ENTERING_MANAGED_PKG|tdc_tsw
17:40:43.13 (719928301)|ENTERING_MANAGED_PKG|tdc_tsw
17:40:43.13 (721018291)|ENTERING_MANAGED_PKG|tdc_tsw
17:40:43.13 (727905161)|ENTERING_MANAGED_PKG|tdc_tsw
17:40:43.13 (729219728)|ENTERING_MANAGED_PKG|tdc_tsw
17:40:43.13 (736139998)|ENTERING_MANAGED_PKG|tdc_tsw
17:40:43.13 (737170531)|ENTERING_MANAGED_PKG|tdc_tsw
17:40:43.13 (744019568)|ENTERING_MANAGED_PKG|tdc_tsw
17:40:43.13 (745023520)|ENTERING_MANAGED_PKG|tdc_tsw
17:40:43.13 (751911627)|ENTERING_MANAGED_PKG|tdc_tsw
17:40:43.13 (752913892)|ENTERING_MANAGED_PKG|tdc_tsw
17:40:43.13 (759721315)|ENTERING_MANAGED_PKG|tdc_tsw
17:40:43.13 (760722372)|ENTERING_MANAGED_PKG|tdc_tsw
17:40:43.13 (768744750)|ENTERING_MANAGED_PKG|tdc_tsw
17:40:43.13 (769770883)|ENTERING_MANAGED_PKG|tdc_tsw
17:40:43.13 (776703042)|ENTERING_MANAGED_PKG|tdc_tsw
17:40:43.13 (777702862)|ENTERING_MANAGED_PKG|tdc_tsw
17:40:43.13 (785374121)|ENTERING_MANAGED_PKG|tdc_tsw
17:40:43.13 (786641527)|ENTERING_MANAGED_PKG|tdc_tsw
17:40:43.13 (794497053)|ENTERING_MANAGED_PKG|tdc_tsw
17:40:43.13 (796078146)|ENTERING_MANAGED_PKG|tdc_tsw
17:40:43.13 (805491269)|ENTERING_MANAGED_PKG|tdc_tsw
17:40:43.13 (806825297)|ENTERING_MANAGED_PKG|tdc_tsw
17:40:43.13 (814752843)|ENTERING_MANAGED_PKG|tdc_tsw
17:40:43.13 (815997794)|ENTERING_MANAGED_PKG|tdc_tsw
17:40:43.13 (824173780)|ENTERING_MANAGED_PKG|tdc_tsw
17:40:43.13 (825363591)|ENTERING_MANAGED_PKG|tdc_tsw
17:40:43.13 (832374324)|ENTERING_MANAGED_PKG|tdc_tsw
17:40:43.13 (833388955)|ENTERING_MANAGED_PKG|tdc_tsw
17:40:43.13 (840354934)|ENTERING_MANAGED_PKG|tdc_tsw
17:40:43.13 (841361692)|ENTERING_MANAGED_PKG|tdc_tsw
17:40:43.13 (848249518)|ENTERING_MANAGED_PKG|tdc_tsw
17:40:43.13 (849254890)|ENTERING_MANAGED_PKG|tdc_tsw
17:40:43.13 (856474077)|ENTERING_MANAGED_PKG|tdc_tsw
17:40:43.13 (857484919)|ENTERING_MANAGED_PKG|tdc_tsw
17:40:43.13 (864397170)|ENTERING_MANAGED_PKG|tdc_tsw
17:40:43.13 (865403661)|ENTERING_MANAGED_PKG|tdc_tsw
17:40:43.13 (872293775)|ENTERING_MANAGED_PKG|tdc_tsw
17:40:43.13 (873301757)|ENTERING_MANAGED_PKG|tdc_tsw
17:40:43.13 (880213632)|ENTERING_MANAGED_PKG|tdc_tsw
17:40:43.13 (881225638)|ENTERING_MANAGED_PKG|tdc_tsw
17:40:43.13 (888118492)|ENTERING_MANAGED_PKG|tdc_tsw
17:40:43.13 (889129741)|ENTERING_MANAGED_PKG|tdc_tsw
17:40:43.13 (895999684)|ENTERING_MANAGED_PKG|tdc_tsw
17:40:43.13 (897008377)|ENTERING_MANAGED_PKG|tdc_tsw
17:40:43.13 (903903200)|ENTERING_MANAGED_PKG|tdc_tsw
17:40:43.13 (904906476)|ENTERING_MANAGED_PKG|tdc_tsw
17:40:43.13 (911855938)|ENTERING_MANAGED_PKG|tdc_tsw
17:40:43.13 (912862042)|ENTERING_MANAGED_PKG|tdc_tsw
17:40:43.13 (919752922)|ENTERING_MANAGED_PKG|tdc_tsw
17:40:43.13 (920756946)|ENTERING_MANAGED_PKG|tdc_tsw
17:40:43.13 (927686188)|ENTERING_MANAGED_PKG|tdc_tsw
17:40:43.13 (928695033)|ENTERING_MANAGED_PKG|tdc_tsw
17:40:43.13 (935588958)|ENTERING_MANAGED_PKG|tdc_tsw
17:40:43.13 (936617094)|ENTERING_MANAGED_PKG|tdc_tsw
17:40:43.13 (943580619)|ENTERING_MANAGED_PKG|tdc_tsw
17:40:43.13 (944593688)|ENTERING_MANAGED_PKG|tdc_tsw
17:40:43.13 (951518678)|ENTERING_MANAGED_PKG|tdc_tsw
17:40:43.13 (952528689)|ENTERING_MANAGED_PKG|tdc_tsw
17:40:43.13 (959430192)|ENTERING_MANAGED_PKG|tdc_tsw
17:40:43.13 (960443896)|ENTERING_MANAGED_PKG|tdc_tsw
17:40:43.13 (967368710)|ENTERING_MANAGED_PKG|tdc_tsw
17:40:43.13 (968377463)|ENTERING_MANAGED_PKG|tdc_tsw
17:40:43.13 (975271981)|ENTERING_MANAGED_PKG|tdc_tsw
17:40:43.13 (976301865)|ENTERING_MANAGED_PKG|tdc_tsw
17:40:43.13 (983521801)|ENTERING_MANAGED_PKG|tdc_tsw
17:40:43.13 (984529415)|ENTERING_MANAGED_PKG|tdc_tsw
17:40:43.13 (991427874)|ENTERING_MANAGED_PKG|tdc_tsw
17:40:43.13 (992439431)|ENTERING_MANAGED_PKG|tdc_tsw
17:40:43.13 (999520015)|ENTERING_MANAGED_PKG|tdc_tsw
17:40:43.13 (1000523167)|ENTERING_MANAGED_PKG|tdc_tsw
17:40:43.13 (1007404578)|ENTERING_MANAGED_PKG|tdc_tsw
17:40:43.13 (1008407377)|ENTERING_MANAGED_PKG|tdc_tsw
17:40:44.15 (1015346270)|ENTERING_MANAGED_PKG|tdc_tsw
17:40:44.15 (1016364258)|ENTERING_MANAGED_PKG|tdc_tsw
17:40:44.15 (1023257421)|ENTERING_MANAGED_PKG|tdc_tsw
17:40:44.15 (1024265688)|ENTERING_MANAGED_PKG|tdc_tsw
17:40:44.15 (1031199077)|ENTERING_MANAGED_PKG|tdc_tsw
17:40:44.15 (1032202041)|ENTERING_MANAGED_PKG|tdc_tsw
17:40:44.15 (1039124719)|ENTERING_MANAGED_PKG|tdc_tsw
17:40:44.15 (1040144747)|ENTERING_MANAGED_PKG|tdc_tsw
17:40:44.15 (1047045259)|ENTERING_MANAGED_PKG|tdc_tsw
17:40:44.15 (1048050140)|ENTERING_MANAGED_PKG|tdc_tsw
17:40:44.15 (1054918326)|ENTERING_MANAGED_PKG|tdc_tsw
17:40:44.15 (1055922585)|ENTERING_MANAGED_PKG|tdc_tsw
17:40:44.15 (1062793992)|ENTERING_MANAGED_PKG|tdc_tsw
17:40:44.15 (1063797711)|ENTERING_MANAGED_PKG|tdc_tsw
17:40:44.15 (1070721471)|ENTERING_MANAGED_PKG|tdc_tsw
17:40:44.15 (1071736294)|ENTERING_MANAGED_PKG|tdc_tsw
17:40:44.15 (1078662490)|ENTERING_MANAGED_PKG|tdc_tsw
17:40:44.15 (1079672676)|ENTERING_MANAGED_PKG|tdc_tsw
17:40:44.15 (1086634503)|ENTERING_MANAGED_PKG|tdc_tsw
17:40:44.15 (1087648280)|ENTERING_MANAGED_PKG|tdc_tsw
17:40:44.15 (1094559113)|ENTERING_MANAGED_PKG|tdc_tsw
17:40:44.15 (1095570354)|ENTERING_MANAGED_PKG|tdc_tsw
17:40:44.15 (1102441158)|ENTERING_MANAGED_PKG|tdc_tsw
17:40:44.15 (1103758811)|ENTERING_MANAGED_PKG|tdc_tsw
17:40:44.15 (1110666569)|ENTERING_MANAGED_PKG|tdc_tsw
17:40:44.15 (1111696213)|ENTERING_MANAGED_PKG|tdc_tsw
17:40:44.15 (1118632336)|ENTERING_MANAGED_PKG|tdc_tsw
17:40:44.15 (1121716845)|ENTERING_MANAGED_PKG|tdc_tsw
17:40:44.15 (1121950709)|ENTERING_MANAGED_PKG|tdc_tsw
17:40:44.15 (1122096389)|ENTERING_MANAGED_PKG|tdc_tsw
17:40:44.15 (1122233700)|ENTERING_MANAGED_PKG|tdc_tsw
17:40:44.15 (1122326615)|ENTERING_MANAGED_PKG|tdc_tsw
17:40:44.15 (1122392539)|ENTERING_MANAGED_PKG|tdc_tsw
17:40:44.15 (1122547045)|ENTERING_MANAGED_PKG|tdc_tsw
17:40:44.15 (1122602631)|ENTERING_MANAGED_PKG|tdc_tsw
17:40:44.15 (1122691164)|ENTERING_MANAGED_PKG|tdc_tsw
17:40:44.15 (1122818182)|ENTERING_MANAGED_PKG|tdc_tsw
17:40:44.15 (1124948701)|ENTERING_MANAGED_PKG|tdc_tsw
17:40:44.15 (1125629728)|ENTERING_MANAGED_PKG|tdc_tsw
17:40:44.15 (1134539238)|ENTERING_MANAGED_PKG|tdc_tsw
17:40:44.15 (1136065441)|ENTERING_MANAGED_PKG|tdc_tsw
17:40:44.15 (1145785588)|ENTERING_MANAGED_PKG|tdc_tsw
17:40:44.15 (1146851900)|ENTERING_MANAGED_PKG|tdc_tsw
17:40:44.15 (1153768578)|ENTERING_MANAGED_PKG|tdc_tsw
17:40:44.15 (1154837877)|ENTERING_MANAGED_PKG|tdc_tsw
17:40:44.15 (1161780874)|ENTERING_MANAGED_PKG|tdc_tsw
17:40:44.15 (1162825779)|ENTERING_MANAGED_PKG|tdc_tsw
17:40:44.15 (1169712869)|ENTERING_MANAGED_PKG|tdc_tsw
17:40:44.15 (1170763152)|ENTERING_MANAGED_PKG|tdc_tsw
17:40:44.15 (1177643446)|ENTERING_MANAGED_PKG|tdc_tsw
17:40:44.15 (1178654302)|ENTERING_MANAGED_PKG|tdc_tsw
17:40:44.15 (1185590059)|ENTERING_MANAGED_PKG|tdc_tsw
17:40:44.15 (1186615390)|ENTERING_MANAGED_PKG|tdc_tsw
17:40:44.15 (1193657218)|ENTERING_MANAGED_PKG|tdc_tsw
17:40:44.15 (1197980067)|ENTERING_MANAGED_PKG|tdc_tsw
17:40:44.15 (1204891554)|ENTERING_MANAGED_PKG|tdc_tsw
17:40:44.15 (1205911809)|ENTERING_MANAGED_PKG|tdc_tsw
17:40:44.15 (1212818564)|ENTERING_MANAGED_PKG|tdc_tsw
17:40:44.15 (1213844952)|ENTERING_MANAGED_PKG|tdc_tsw
17:40:44.15 (1220907249)|ENTERING_MANAGED_PKG|tdc_tsw
17:40:44.15 (1221981296)|ENTERING_MANAGED_PKG|tdc_tsw
17:40:44.15 (1244633148)|ENTERING_MANAGED_PKG|tdc_tsw
17:40:44.15 (1245923891)|ENTERING_MANAGED_PKG|tdc_tsw
17:40:44.15 (1254320878)|ENTERING_MANAGED_PKG|tdc_tsw
17:40:44.15 (1255601339)|ENTERING_MANAGED_PKG|tdc_tsw
17:40:44.15 (1264172350)|ENTERING_MANAGED_PKG|tdc_tsw
17:40:44.15 (1265459515)|ENTERING_MANAGED_PKG|tdc_tsw
17:40:44.15 (1273865157)|ENTERING_MANAGED_PKG|tdc_tsw
17:40:44.15 (1275256017)|ENTERING_MANAGED_PKG|tdc_tsw
17:40:44.15 (1283713686)|ENTERING_MANAGED_PKG|tdc_tsw
17:40:44.15 (1284931108)|ENTERING_MANAGED_PKG|tdc_tsw
17:40:44.15 (1293450718)|ENTERING_MANAGED_PKG|tdc_tsw
17:40:44.15 (1294695869)|ENTERING_MANAGED_PKG|tdc_tsw
17:40:44.15 (1303639927)|ENTERING_MANAGED_PKG|tdc_tsw
17:40:44.15 (1304918745)|ENTERING_MANAGED_PKG|tdc_tsw
17:40:44.15 (1313377534)|ENTERING_MANAGED_PKG|tdc_tsw
17:40:44.15 (1314470384)|ENTERING_MANAGED_PKG|tdc_tsw
17:40:44.15 (1321599427)|ENTERING_MANAGED_PKG|tdc_tsw
17:40:44.15 (1322655434)|ENTERING_MANAGED_PKG|tdc_tsw
17:40:44.15 (1330022947)|ENTERING_MANAGED_PKG|tdc_tsw
17:40:44.15 (1331084460)|ENTERING_MANAGED_PKG|tdc_tsw
17:40:44.15 (1338115232)|ENTERING_MANAGED_PKG|tdc_tsw
17:40:44.15 (1339136257)|ENTERING_MANAGED_PKG|tdc_tsw
17:40:44.15 (1346273219)|ENTERING_MANAGED_PKG|tdc_tsw
17:40:44.15 (1347509575)|ENTERING_MANAGED_PKG|tdc_tsw
17:40:44.15 (1354938295)|ENTERING_MANAGED_PKG|tdc_tsw
17:40:44.15 (1356021322)|ENTERING_MANAGED_PKG|tdc_tsw
17:40:44.15 (1363264065)|ENTERING_MANAGED_PKG|tdc_tsw
17:40:44.15 (1364352118)|ENTERING_MANAGED_PKG|tdc_tsw
17:40:44.15 (1371494348)|ENTERING_MANAGED_PKG|tdc_tsw
17:40:44.15 (1372557143)|ENTERING_MANAGED_PKG|tdc_tsw
17:40:44.15 (1379526792)|ENTERING_MANAGED_PKG|tdc_tsw
17:40:44.15 (1380568393)|ENTERING_MANAGED_PKG|tdc_tsw
17:40:44.15 (1388200519)|ENTERING_MANAGED_PKG|tdc_tsw
17:40:44.15 (1389242030)|ENTERING_MANAGED_PKG|tdc_tsw
17:40:44.15 (1396227669)|ENTERING_MANAGED_PKG|tdc_tsw
17:40:44.15 (1397330985)|ENTERING_MANAGED_PKG|tdc_tsw
17:40:44.15 (1404327643)|ENTERING_MANAGED_PKG|tdc_tsw
17:40:44.15 (1405427523)|ENTERING_MANAGED_PKG|tdc_tsw
17:40:44.15 (1412372205)|ENTERING_MANAGED_PKG|tdc_tsw
17:40:44.15 (1413450935)|ENTERING_MANAGED_PKG|tdc_tsw
17:40:44.15 (1420414579)|ENTERING_MANAGED_PKG|tdc_tsw
17:40:44.15 (1421510202)|ENTERING_MANAGED_PKG|tdc_tsw
17:40:44.15 (1428522767)|ENTERING_MANAGED_PKG|tdc_tsw
17:40:44.15 (1429556965)|ENTERING_MANAGED_PKG|tdc_tsw
17:40:44.15 (1436521491)|ENTERING_MANAGED_PKG|tdc_tsw
17:40:44.15 (1437557987)|ENTERING_MANAGED_PKG|tdc_tsw
17:40:44.15 (1444662811)|ENTERING_MANAGED_PKG|tdc_tsw
17:40:44.15 (1445755268)|ENTERING_MANAGED_PKG|tdc_tsw
17:40:44.15 (1452834389)|ENTERING_MANAGED_PKG|tdc_tsw
17:40:44.15 (1453861844)|ENTERING_MANAGED_PKG|tdc_tsw
17:40:44.15 (1460827090)|ENTERING_MANAGED_PKG|tdc_tsw
17:40:44.15 (1461868248)|ENTERING_MANAGED_PKG|tdc_tsw
17:40:44.15 (1468830698)|ENTERING_MANAGED_PKG|tdc_tsw
17:40:44.15 (1469886352)|ENTERING_MANAGED_PKG|tdc_tsw
17:40:44.15 (1477031412)|ENTERING_MANAGED_PKG|tdc_tsw
17:40:44.15 (1478383079)|ENTERING_MANAGED_PKG|tdc_tsw
17:40:44.15 (1485339385)|ENTERING_MANAGED_PKG|tdc_tsw
17:40:44.15 (1486416461)|ENTERING_MANAGED_PKG|tdc_tsw
17:40:44.15 (1493572376)|ENTERING_MANAGED_PKG|tdc_tsw
17:40:44.15 (1494619383)|ENTERING_MANAGED_PKG|tdc_tsw
17:40:44.15 (1501627128)|ENTERING_MANAGED_PKG|tdc_tsw
17:40:44.15 (1502670379)|ENTERING_MANAGED_PKG|tdc_tsw
17:40:44.15 (1509592348)|ENTERING_MANAGED_PKG|tdc_tsw
17:40:44.15 (1510631333)|ENTERING_MANAGED_PKG|tdc_tsw
17:40:44.15 (1517684711)|ENTERING_MANAGED_PKG|tdc_tsw
17:40:44.15 (1518718228)|ENTERING_MANAGED_PKG|tdc_tsw
17:40:44.15 (1525617277)|ENTERING_MANAGED_PKG|tdc_tsw
17:40:44.15 (1526639544)|ENTERING_MANAGED_PKG|tdc_tsw
17:40:44.15 (1533825953)|ENTERING_MANAGED_PKG|tdc_tsw
17:40:44.15 (1534838562)|ENTERING_MANAGED_PKG|tdc_tsw
17:40:44.15 (1541898660)|ENTERING_MANAGED_PKG|tdc_tsw
17:40:44.15 (1542923093)|ENTERING_MANAGED_PKG|tdc_tsw
17:40:44.15 (1549966317)|ENTERING_MANAGED_PKG|tdc_tsw
17:40:44.15 (1551092163)|ENTERING_MANAGED_PKG|tdc_tsw
17:40:44.15 (1558442669)|ENTERING_MANAGED_PKG|tdc_tsw
17:40:44.15 (1559527840)|ENTERING_MANAGED_PKG|tdc_tsw
17:40:44.15 (1566569044)|ENTERING_MANAGED_PKG|tdc_tsw
17:40:44.15 (1569520881)|ENTERING_MANAGED_PKG|tdc_tsw
17:40:44.15 (1569709648)|ENTERING_MANAGED_PKG|tdc_tsw
17:40:44.15 (1569962188)|ENTERING_MANAGED_PKG|tdc_tsw
17:40:44.15 (1570017962)|ENTERING_MANAGED_PKG|tdc_tsw
17:40:44.15 (1570076743)|ENTERING_MANAGED_PKG|tdc_tsw
17:40:44.15 (1570121373)|ENTERING_MANAGED_PKG|tdc_tsw
17:40:44.15 (1570163687)|ENTERING_MANAGED_PKG|tdc_tsw
17:40:44.15 (1570273511)|ENTERING_MANAGED_PKG|tdc_tsw
17:40:44.15 (1570501665)|ENTERING_MANAGED_PKG|tdc_tsw
17:40:44.15 (1570538511)|ENTERING_MANAGED_PKG|tdc_tsw
17:40:44.15 (1570580636)|ENTERING_MANAGED_PKG|tdc_tsw
17:40:44.15 (1570619321)|ENTERING_MANAGED_PKG|tdc_tsw
17:40:44.15 (1570650479)|ENTERING_MANAGED_PKG|tdc_tsw
17:40:44.15 (1570740109)|ENTERING_MANAGED_PKG|tdc_tsw
17:40:44.15 (1570925411)|ENTERING_MANAGED_PKG|tdc_tsw
17:40:44.15 (1570961504)|ENTERING_MANAGED_PKG|tdc_tsw
17:40:44.15 (1571002363)|ENTERING_MANAGED_PKG|tdc_tsw
17:40:44.15 (1571050885)|ENTERING_MANAGED_PKG|tdc_tsw
17:40:44.15 (1571084579)|ENTERING_MANAGED_PKG|tdc_tsw
17:40:44.15 (1571181549)|ENTERING_MANAGED_PKG|tdc_tsw
17:40:44.15 (1571365632)|ENTERING_MANAGED_PKG|tdc_tsw
17:40:44.15 (1571401479)|ENTERING_MANAGED_PKG|tdc_tsw
17:40:44.15 (1571442572)|ENTERING_MANAGED_PKG|tdc_tsw
17:40:44.15 (1571481160)|ENTERING_MANAGED_PKG|tdc_tsw
17:40:44.15 (1571512820)|ENTERING_MANAGED_PKG|tdc_tsw
17:40:44.15 (1571600132)|ENTERING_MANAGED_PKG|tdc_tsw
17:40:44.15 (1571784117)|ENTERING_MANAGED_PKG|tdc_tsw
17:40:44.15 (1571820239)|ENTERING_MANAGED_PKG|tdc_tsw
17:40:44.15 (1571860813)|ENTERING_MANAGED_PKG|tdc_tsw
17:40:44.15 (1571899326)|ENTERING_MANAGED_PKG|tdc_tsw
17:40:44.15 (1571930573)|ENTERING_MANAGED_PKG|tdc_tsw
17:40:44.15 (1572018593)|ENTERING_MANAGED_PKG|tdc_tsw
17:40:44.15 (1572214076)|ENTERING_MANAGED_PKG|tdc_tsw
17:40:44.15 (1572250239)|ENTERING_MANAGED_PKG|tdc_tsw
17:40:44.15 (1572290331)|ENTERING_MANAGED_PKG|tdc_tsw
17:40:44.15 (1572328562)|ENTERING_MANAGED_PKG|tdc_tsw
17:40:44.15 (1572360252)|ENTERING_MANAGED_PKG|tdc_tsw
17:40:44.15 (1572448859)|ENTERING_MANAGED_PKG|tdc_tsw
17:40:44.15 (1572636051)|ENTERING_MANAGED_PKG|tdc_tsw
17:40:44.15 (1572671412)|ENTERING_MANAGED_PKG|tdc_tsw
17:40:44.15 (1572711697)|ENTERING_MANAGED_PKG|tdc_tsw
17:40:44.15 (1572749616)|ENTERING_MANAGED_PKG|tdc_tsw
17:40:44.15 (1572780455)|ENTERING_MANAGED_PKG|tdc_tsw
17:40:44.15 (1572866459)|ENTERING_MANAGED_PKG|tdc_tsw
17:40:44.15 (1573056710)|ENTERING_MANAGED_PKG|tdc_tsw
17:40:44.15 (1573093872)|ENTERING_MANAGED_PKG|tdc_tsw
17:40:44.15 (1573134718)|ENTERING_MANAGED_PKG|tdc_tsw
17:40:44.15 (1573172643)|ENTERING_MANAGED_PKG|tdc_tsw
17:40:44.15 (1573204080)|ENTERING_MANAGED_PKG|tdc_tsw
17:40:44.15 (1573292168)|ENTERING_MANAGED_PKG|tdc_tsw
17:40:44.15 (1573472650)|ENTERING_MANAGED_PKG|tdc_tsw
17:40:44.15 (1573508799)|ENTERING_MANAGED_PKG|tdc_tsw
17:40:44.15 (1573549626)|ENTERING_MANAGED_PKG|tdc_tsw
17:40:44.15 (1573592666)|ENTERING_MANAGED_PKG|tdc_tsw
17:40:44.15 (1573652875)|ENTERING_MANAGED_PKG|tdc_tsw
17:40:44.15 (1573747878)|ENTERING_MANAGED_PKG|tdc_tsw
17:40:44.15 (1573955133)|ENTERING_MANAGED_PKG|tdc_tsw
17:40:44.15 (1573989204)|ENTERING_MANAGED_PKG|tdc_tsw
17:40:44.15 (1574031180)|ENTERING_MANAGED_PKG|tdc_tsw
17:40:44.15 (1574077714)|ENTERING_MANAGED_PKG|tdc_tsw
17:40:44.15 (1574107058)|ENTERING_MANAGED_PKG|tdc_tsw
17:40:44.15 (1574195516)|ENTERING_MANAGED_PKG|tdc_tsw
17:40:44.15 (1574376386)|ENTERING_MANAGED_PKG|tdc_tsw
17:40:44.15 (1574411687)|ENTERING_MANAGED_PKG|tdc_tsw
17:40:44.15 (1574451603)|ENTERING_MANAGED_PKG|tdc_tsw
17:40:44.15 (1574489139)|ENTERING_MANAGED_PKG|tdc_tsw
17:40:44.15 (1574520366)|ENTERING_MANAGED_PKG|tdc_tsw
17:40:44.15 (1574606668)|ENTERING_MANAGED_PKG|tdc_tsw
17:40:44.15 (1574789575)|ENTERING_MANAGED_PKG|tdc_tsw
17:40:44.15 (1574824999)|ENTERING_MANAGED_PKG|tdc_tsw
17:40:44.15 (1574865126)|ENTERING_MANAGED_PKG|tdc_tsw
17:40:44.15 (1574903023)|ENTERING_MANAGED_PKG|tdc_tsw
17:40:44.15 (1574934115)|ENTERING_MANAGED_PKG|tdc_tsw
17:40:44.15 (1575019560)|ENTERING_MANAGED_PKG|tdc_tsw
17:40:44.15 (1575231835)|ENTERING_MANAGED_PKG|tdc_tsw
17:40:44.15 (1575268497)|ENTERING_MANAGED_PKG|tdc_tsw
17:40:44.15 (1575309617)|ENTERING_MANAGED_PKG|tdc_tsw
17:40:44.15 (1575353610)|ENTERING_MANAGED_PKG|tdc_tsw
17:40:44.15 (1575404565)|ENTERING_MANAGED_PKG|tdc_tsw
17:40:44.15 (1575497516)|ENTERING_MANAGED_PKG|tdc_tsw
17:40:44.15 (1575679517)|ENTERING_MANAGED_PKG|tdc_tsw
17:40:44.15 (1575715674)|ENTERING_MANAGED_PKG|tdc_tsw
17:40:44.15 (1575756790)|ENTERING_MANAGED_PKG|tdc_tsw
17:40:44.15 (1575794585)|ENTERING_MANAGED_PKG|tdc_tsw
17:40:44.15 (1575825663)|ENTERING_MANAGED_PKG|tdc_tsw
17:40:44.15 (1575911431)|ENTERING_MANAGED_PKG|tdc_tsw
17:40:44.15 (1576104960)|ENTERING_MANAGED_PKG|tdc_tsw
17:40:44.15 (1576142023)|ENTERING_MANAGED_PKG|tdc_tsw
17:40:44.15 (1576182558)|ENTERING_MANAGED_PKG|tdc_tsw
17:40:44.15 (1576223361)|ENTERING_MANAGED_PKG|tdc_tsw
17:40:44.15 (1576254276)|ENTERING_MANAGED_PKG|tdc_tsw
17:40:44.15 (1576340026)|ENTERING_MANAGED_PKG|tdc_tsw
17:40:44.15 (1576518750)|ENTERING_MANAGED_PKG|tdc_tsw
17:40:44.15 (1576554307)|ENTERING_MANAGED_PKG|tdc_tsw
17:40:44.15 (1576594611)|ENTERING_MANAGED_PKG|tdc_tsw
17:40:44.15 (1576632843)|ENTERING_MANAGED_PKG|tdc_tsw
17:40:44.15 (1576663894)|ENTERING_MANAGED_PKG|tdc_tsw
17:40:44.15 (1576749885)|ENTERING_MANAGED_PKG|tdc_tsw
17:40:44.15 (1576930370)|ENTERING_MANAGED_PKG|tdc_tsw
17:40:44.15 (1576965348)|ENTERING_MANAGED_PKG|tdc_tsw
17:40:44.15 (1577005236)|ENTERING_MANAGED_PKG|tdc_tsw
17:40:44.15 (1577050553)|ENTERING_MANAGED_PKG|tdc_tsw
17:40:44.15 (1577083201)|ENTERING_MANAGED_PKG|tdc_tsw
17:40:44.15 (1577168739)|ENTERING_MANAGED_PKG|tdc_tsw
17:40:44.15 (1577347926)|ENTERING_MANAGED_PKG|tdc_tsw
17:40:44.15 (1577383710)|ENTERING_MANAGED_PKG|tdc_tsw
17:40:44.15 (1577423770)|ENTERING_MANAGED_PKG|tdc_tsw
17:40:44.15 (1577461499)|ENTERING_MANAGED_PKG|tdc_tsw
17:40:44.15 (1577493690)|ENTERING_MANAGED_PKG|tdc_tsw
17:40:44.15 (1577580510)|ENTERING_MANAGED_PKG|tdc_tsw
17:40:44.15 (1577759040)|ENTERING_MANAGED_PKG|tdc_tsw
17:40:44.15 (1577794313)|ENTERING_MANAGED_PKG|tdc_tsw
17:40:44.15 (1577833793)|ENTERING_MANAGED_PKG|tdc_tsw
17:40:44.15 (1577871102)|ENTERING_MANAGED_PKG|tdc_tsw
17:40:44.15 (1577901900)|ENTERING_MANAGED_PKG|tdc_tsw
17:40:44.15 (1577986856)|ENTERING_MANAGED_PKG|tdc_tsw
17:40:44.15 (1578175066)|ENTERING_MANAGED_PKG|tdc_tsw
17:40:44.15 (1578210957)|ENTERING_MANAGED_PKG|tdc_tsw
17:40:44.15 (1578251208)|ENTERING_MANAGED_PKG|tdc_tsw
17:40:44.15 (1578289039)|ENTERING_MANAGED_PKG|tdc_tsw
17:40:44.15 (1578319852)|ENTERING_MANAGED_PKG|tdc_tsw
17:40:44.15 (1578405340)|ENTERING_MANAGED_PKG|tdc_tsw
17:40:44.15 (1578589297)|ENTERING_MANAGED_PKG|tdc_tsw
17:40:44.15 (1578625001)|ENTERING_MANAGED_PKG|tdc_tsw
17:40:44.15 (1578664752)|ENTERING_MANAGED_PKG|tdc_tsw
17:40:44.15 (1578702826)|ENTERING_MANAGED_PKG|tdc_tsw
17:40:44.15 (1578734243)|ENTERING_MANAGED_PKG|tdc_tsw
17:40:44.15 (1578850656)|ENTERING_MANAGED_PKG|tdc_tsw
17:40:44.15 (1579038897)|ENTERING_MANAGED_PKG|tdc_tsw
17:40:44.15 (1579076355)|ENTERING_MANAGED_PKG|tdc_tsw
17:40:44.15 (1579116968)|ENTERING_MANAGED_PKG|tdc_tsw
17:40:44.15 (1579155181)|ENTERING_MANAGED_PKG|tdc_tsw
17:40:44.15 (1579186098)|ENTERING_MANAGED_PKG|tdc_tsw
17:40:44.15 (1579270601)|ENTERING_MANAGED_PKG|tdc_tsw
17:40:44.15 (1579450059)|ENTERING_MANAGED_PKG|tdc_tsw
17:40:44.15 (1579485380)|ENTERING_MANAGED_PKG|tdc_tsw
17:40:44.15 (1579525295)|ENTERING_MANAGED_PKG|tdc_tsw
17:40:44.15 (1579562981)|ENTERING_MANAGED_PKG|tdc_tsw
17:40:44.15 (1579594323)|ENTERING_MANAGED_PKG|tdc_tsw
17:40:44.15 (1579681183)|ENTERING_MANAGED_PKG|tdc_tsw
17:40:44.15 (1579860424)|ENTERING_MANAGED_PKG|tdc_tsw
17:40:44.15 (1579895255)|ENTERING_MANAGED_PKG|tdc_tsw
17:40:44.15 (1579935319)|ENTERING_MANAGED_PKG|tdc_tsw
17:40:44.15 (1579973071)|ENTERING_MANAGED_PKG|tdc_tsw
17:40:44.15 (1580004121)|ENTERING_MANAGED_PKG|tdc_tsw
17:40:44.15 (1580096488)|ENTERING_MANAGED_PKG|tdc_tsw
17:40:44.15 (1580275933)|ENTERING_MANAGED_PKG|tdc_tsw
17:40:44.15 (1580311938)|ENTERING_MANAGED_PKG|tdc_tsw
17:40:44.15 (1580351726)|ENTERING_MANAGED_PKG|tdc_tsw
17:40:44.15 (1580391629)|ENTERING_MANAGED_PKG|tdc_tsw
17:40:44.15 (1580420456)|ENTERING_MANAGED_PKG|tdc_tsw
17:40:44.15 (1580507127)|ENTERING_MANAGED_PKG|tdc_tsw
17:40:44.15 (1580685654)|ENTERING_MANAGED_PKG|tdc_tsw
17:40:44.15 (1580721237)|ENTERING_MANAGED_PKG|tdc_tsw
17:40:44.15 (1580761466)|ENTERING_MANAGED_PKG|tdc_tsw
17:40:44.15 (1580799510)|ENTERING_MANAGED_PKG|tdc_tsw
17:40:44.15 (1580830692)|ENTERING_MANAGED_PKG|tdc_tsw
17:40:44.15 (1580916061)|ENTERING_MANAGED_PKG|tdc_tsw
17:40:44.15 (1581104255)|ENTERING_MANAGED_PKG|tdc_tsw
17:40:44.15 (1581138473)|ENTERING_MANAGED_PKG|tdc_tsw
17:40:44.15 (1581180133)|ENTERING_MANAGED_PKG|tdc_tsw
17:40:44.15 (1581217858)|ENTERING_MANAGED_PKG|tdc_tsw
17:40:44.15 (1581246892)|ENTERING_MANAGED_PKG|tdc_tsw
17:40:44.15 (1581335008)|ENTERING_MANAGED_PKG|tdc_tsw
17:40:44.15 (1581515191)|ENTERING_MANAGED_PKG|tdc_tsw
17:40:44.15 (1581551147)|ENTERING_MANAGED_PKG|tdc_tsw
17:40:44.15 (1581590755)|ENTERING_MANAGED_PKG|tdc_tsw
17:40:44.15 (1581629152)|ENTERING_MANAGED_PKG|tdc_tsw
17:40:44.15 (1581660056)|ENTERING_MANAGED_PKG|tdc_tsw
17:40:44.15 (1581746783)|ENTERING_MANAGED_PKG|tdc_tsw
17:40:44.15 (1581927242)|ENTERING_MANAGED_PKG|tdc_tsw
17:40:44.15 (1581962661)|ENTERING_MANAGED_PKG|tdc_tsw
17:40:44.15 (1582022704)|ENTERING_MANAGED_PKG|tdc_tsw
17:40:44.15 (1582072766)|ENTERING_MANAGED_PKG|tdc_tsw
17:40:44.15 (1582105604)|ENTERING_MANAGED_PKG|tdc_tsw
17:40:44.15 (1582191470)|ENTERING_MANAGED_PKG|tdc_tsw
17:40:44.15 (1582394383)|ENTERING_MANAGED_PKG|tdc_tsw
17:40:44.15 (1582430706)|ENTERING_MANAGED_PKG|tdc_tsw
17:40:44.15 (1582470821)|ENTERING_MANAGED_PKG|tdc_tsw
17:40:44.15 (1582509163)|ENTERING_MANAGED_PKG|tdc_tsw
17:40:44.15 (1582540191)|ENTERING_MANAGED_PKG|tdc_tsw
17:40:44.15 (1582649152)|ENTERING_MANAGED_PKG|tdc_tsw
17:40:44.15 (1582831074)|ENTERING_MANAGED_PKG|tdc_tsw
17:40:44.15 (1582866440)|ENTERING_MANAGED_PKG|tdc_tsw
17:40:44.15 (1582906942)|ENTERING_MANAGED_PKG|tdc_tsw
17:40:44.15 (1582944427)|ENTERING_MANAGED_PKG|tdc_tsw
17:40:44.15 (1582975670)|ENTERING_MANAGED_PKG|tdc_tsw
17:40:44.15 (1583068572)|ENTERING_MANAGED_PKG|tdc_tsw
17:40:44.15 (1583249823)|ENTERING_MANAGED_PKG|tdc_tsw
17:40:44.15 (1583285242)|ENTERING_MANAGED_PKG|tdc_tsw
17:40:44.15 (1583325205)|ENTERING_MANAGED_PKG|tdc_tsw
17:40:44.15 (1583363293)|ENTERING_MANAGED_PKG|tdc_tsw
17:40:44.15 (1583394427)|ENTERING_MANAGED_PKG|tdc_tsw
17:40:44.15 (1583480008)|ENTERING_MANAGED_PKG|tdc_tsw
17:40:44.15 (1583659856)|ENTERING_MANAGED_PKG|tdc_tsw
17:40:44.15 (1583695200)|ENTERING_MANAGED_PKG|tdc_tsw
17:40:44.15 (1583735025)|ENTERING_MANAGED_PKG|tdc_tsw
17:40:44.15 (1583772998)|ENTERING_MANAGED_PKG|tdc_tsw
17:40:44.15 (1583804483)|ENTERING_MANAGED_PKG|tdc_tsw
17:40:44.15 (1583890889)|ENTERING_MANAGED_PKG|tdc_tsw
17:40:44.15 (1584080113)|ENTERING_MANAGED_PKG|tdc_tsw
17:40:44.15 (1584116613)|ENTERING_MANAGED_PKG|tdc_tsw
17:40:44.15 (1584157166)|ENTERING_MANAGED_PKG|tdc_tsw
17:40:44.15 (1584195418)|ENTERING_MANAGED_PKG|tdc_tsw
17:40:44.15 (1584226694)|ENTERING_MANAGED_PKG|tdc_tsw
17:40:44.15 (1584313114)|ENTERING_MANAGED_PKG|tdc_tsw
17:40:44.15 (1584495260)|ENTERING_MANAGED_PKG|tdc_tsw
17:40:44.15 (1584528615)|ENTERING_MANAGED_PKG|tdc_tsw
17:40:44.15 (1584569839)|ENTERING_MANAGED_PKG|tdc_tsw
17:40:44.15 (1584607674)|ENTERING_MANAGED_PKG|tdc_tsw
17:40:44.15 (1584636731)|ENTERING_MANAGED_PKG|tdc_tsw
17:40:44.15 (1584724594)|ENTERING_MANAGED_PKG|tdc_tsw
17:40:44.15 (1584904219)|ENTERING_MANAGED_PKG|tdc_tsw
17:40:44.15 (1584939545)|ENTERING_MANAGED_PKG|tdc_tsw
17:40:44.15 (1584979512)|ENTERING_MANAGED_PKG|tdc_tsw
17:40:44.15 (1585022291)|ENTERING_MANAGED_PKG|tdc_tsw
17:40:44.15 (1585064716)|ENTERING_MANAGED_PKG|tdc_tsw
17:40:44.15 (1585152505)|ENTERING_MANAGED_PKG|tdc_tsw
17:40:44.15 (1585334925)|ENTERING_MANAGED_PKG|tdc_tsw
17:40:44.15 (1585370208)|ENTERING_MANAGED_PKG|tdc_tsw
17:40:44.15 (1585410287)|ENTERING_MANAGED_PKG|tdc_tsw
17:40:44.15 (1585448549)|ENTERING_MANAGED_PKG|tdc_tsw
17:40:44.15 (1585479983)|ENTERING_MANAGED_PKG|tdc_tsw
17:40:44.15 (1585564827)|ENTERING_MANAGED_PKG|tdc_tsw
17:40:44.15 (1585745112)|ENTERING_MANAGED_PKG|tdc_tsw
17:40:44.15 (1585780946)|ENTERING_MANAGED_PKG|tdc_tsw
17:40:44.15 (1585820932)|ENTERING_MANAGED_PKG|tdc_tsw
17:40:44.15 (1585859259)|ENTERING_MANAGED_PKG|tdc_tsw
17:40:44.15 (1585895302)|ENTERING_MANAGED_PKG|tdc_tsw
17:40:44.15 (1585985070)|ENTERING_MANAGED_PKG|tdc_tsw
17:40:44.15 (1586178890)|ENTERING_MANAGED_PKG|tdc_tsw
17:40:44.15 (1586214984)|ENTERING_MANAGED_PKG|tdc_tsw
17:40:44.15 (1586255142)|ENTERING_MANAGED_PKG|tdc_tsw
17:40:44.15 (1586293239)|ENTERING_MANAGED_PKG|tdc_tsw
17:40:44.15 (1586324574)|ENTERING_MANAGED_PKG|tdc_tsw
17:40:44.15 (1586409295)|ENTERING_MANAGED_PKG|tdc_tsw
17:40:44.15 (1586589451)|ENTERING_MANAGED_PKG|tdc_tsw
17:40:44.15 (1586625151)|ENTERING_MANAGED_PKG|tdc_tsw
17:40:44.15 (1586665713)|ENTERING_MANAGED_PKG|tdc_tsw
17:40:44.15 (1586703977)|ENTERING_MANAGED_PKG|tdc_tsw
17:40:44.15 (1586735294)|ENTERING_MANAGED_PKG|tdc_tsw
17:40:44.15 (1586823793)|ENTERING_MANAGED_PKG|tdc_tsw
17:40:44.15 (1587002653)|ENTERING_MANAGED_PKG|tdc_tsw
17:40:44.15 (1587044193)|ENTERING_MANAGED_PKG|tdc_tsw
17:40:44.15 (1587084980)|ENTERING_MANAGED_PKG|tdc_tsw
17:40:44.15 (1587122922)|ENTERING_MANAGED_PKG|tdc_tsw
17:40:44.15 (1587154233)|ENTERING_MANAGED_PKG|tdc_tsw
17:40:44.15 (1587240121)|ENTERING_MANAGED_PKG|tdc_tsw
17:40:44.15 (1587420448)|ENTERING_MANAGED_PKG|tdc_tsw
17:40:44.15 (1587455380)|ENTERING_MANAGED_PKG|tdc_tsw
17:40:44.15 (1587496069)|ENTERING_MANAGED_PKG|tdc_tsw
17:40:44.15 (1587534271)|ENTERING_MANAGED_PKG|tdc_tsw
17:40:44.15 (1587564889)|ENTERING_MANAGED_PKG|tdc_tsw
17:40:44.15 (1587649367)|ENTERING_MANAGED_PKG|tdc_tsw
17:40:44.15 (1587829439)|ENTERING_MANAGED_PKG|tdc_tsw
17:40:44.15 (1587865302)|ENTERING_MANAGED_PKG|tdc_tsw
17:40:44.15 (1587905078)|ENTERING_MANAGED_PKG|tdc_tsw
17:40:44.15 (1587943124)|ENTERING_MANAGED_PKG|tdc_tsw
17:40:44.15 (1587974621)|ENTERING_MANAGED_PKG|tdc_tsw
17:40:44.15 (1588067139)|ENTERING_MANAGED_PKG|tdc_tsw
17:40:44.15 (1588248669)|ENTERING_MANAGED_PKG|tdc_tsw
17:40:44.15 (1588284243)|ENTERING_MANAGED_PKG|tdc_tsw
17:40:44.15 (1588324079)|ENTERING_MANAGED_PKG|tdc_tsw
17:40:44.15 (1588362040)|ENTERING_MANAGED_PKG|tdc_tsw
17:40:44.15 (1588393349)|ENTERING_MANAGED_PKG|tdc_tsw
17:40:44.15 (1588478540)|ENTERING_MANAGED_PKG|tdc_tsw
17:40:44.15 (1588657951)|ENTERING_MANAGED_PKG|tdc_tsw
17:40:44.15 (1588693473)|ENTERING_MANAGED_PKG|tdc_tsw
17:40:44.15 (1588733321)|ENTERING_MANAGED_PKG|tdc_tsw
17:40:44.15 (1588773389)|ENTERING_MANAGED_PKG|tdc_tsw
17:40:44.15 (1588802404)|ENTERING_MANAGED_PKG|tdc_tsw
17:40:44.15 (1588889000)|ENTERING_MANAGED_PKG|tdc_tsw
17:40:44.15 (1589077980)|ENTERING_MANAGED_PKG|tdc_tsw
17:40:44.15 (1589114504)|ENTERING_MANAGED_PKG|tdc_tsw
17:40:44.15 (1589154735)|ENTERING_MANAGED_PKG|tdc_tsw
17:40:44.15 (1589192304)|ENTERING_MANAGED_PKG|tdc_tsw
17:40:44.15 (1589223201)|ENTERING_MANAGED_PKG|tdc_tsw
17:40:44.15 (1589308788)|ENTERING_MANAGED_PKG|tdc_tsw
17:40:44.15 (1589488364)|ENTERING_MANAGED_PKG|tdc_tsw
17:40:44.15 (1589525581)|ENTERING_MANAGED_PKG|tdc_tsw
17:40:44.15 (1589565159)|ENTERING_MANAGED_PKG|tdc_tsw
17:40:44.15 (1589602949)|ENTERING_MANAGED_PKG|tdc_tsw
17:40:44.15 (1589633881)|ENTERING_MANAGED_PKG|tdc_tsw
17:40:44.15 (1589718546)|ENTERING_MANAGED_PKG|tdc_tsw
17:40:44.15 (1589898500)|ENTERING_MANAGED_PKG|tdc_tsw
17:40:44.15 (1589934143)|ENTERING_MANAGED_PKG|tdc_tsw
17:40:44.15 (1589974219)|ENTERING_MANAGED_PKG|tdc_tsw
17:40:44.15 (1590012446)|ENTERING_MANAGED_PKG|tdc_tsw
17:40:44.15 (1590050313)|ENTERING_MANAGED_PKG|tdc_tsw
17:40:44.15 (1590139211)|ENTERING_MANAGED_PKG|tdc_tsw
17:40:44.15 (1590318848)|ENTERING_MANAGED_PKG|tdc_tsw
17:40:44.15 (1590353921)|ENTERING_MANAGED_PKG|tdc_tsw
17:40:44.15 (1590393243)|ENTERING_MANAGED_PKG|tdc_tsw
17:40:44.15 (1590431248)|ENTERING_MANAGED_PKG|tdc_tsw
17:40:44.15 (1590462214)|ENTERING_MANAGED_PKG|tdc_tsw
17:40:44.15 (1590546463)|ENTERING_MANAGED_PKG|tdc_tsw
17:40:44.15 (1590725089)|ENTERING_MANAGED_PKG|tdc_tsw
17:40:44.15 (1590760965)|ENTERING_MANAGED_PKG|tdc_tsw
17:40:44.15 (1590802786)|ENTERING_MANAGED_PKG|tdc_tsw
17:40:44.15 (1590840355)|ENTERING_MANAGED_PKG|tdc_tsw
17:40:44.15 (1590870931)|ENTERING_MANAGED_PKG|tdc_tsw
17:40:44.15 (1590957043)|ENTERING_MANAGED_PKG|tdc_tsw
17:40:44.15 (1595659812)|ENTERING_MANAGED_PKG|tdc_tsw
17:40:44.15 (1595756364)|ENTERING_MANAGED_PKG|tdc_tsw
17:40:44.15 (1595853230)|ENTERING_MANAGED_PKG|tdc_tsw
17:40:44.15 (1595944359)|ENTERING_MANAGED_PKG|tdc_tsw
17:40:44.15 (1596104619)|ENTERING_MANAGED_PKG|tdc_tsw
17:40:44.15 (1596190441)|ENTERING_MANAGED_PKG|tdc_tsw
17:40:44.15 (1596364800)|ENTERING_MANAGED_PKG|tdc_tsw
17:40:44.15 (1596426492)|ENTERING_MANAGED_PKG|tdc_tsw
17:40:44.15 (1596618975)|ENTERING_MANAGED_PKG|tdc_tsw
17:40:44.15 (1644456718)|SOQL_EXECUTE_BEGIN|[1842]|Aggregations:0|SELECT Id, name FROM RecordType WHERE (sObjectType = :tmpVar1 AND name = :tmpVar2) LIMIT 1
17:40:44.15 (1656624997)|SOQL_EXECUTE_END|[1842]|Rows:1
17:40:44.15 (1660229052)|ENTERING_MANAGED_PKG|tdc_tsw
17:40:44.15 (1666140641)|DML_BEGIN|[719]|Op:Insert|Type:tdc_tsw__Message__c|Rows:1
17:40:44.15 (1672861366)|ENTERING_MANAGED_PKG|tdc_tsw
17:40:44.674 (1674703410)|CUMULATIVE_LIMIT_USAGE
17:40:44.674 (1674703410)|LIMIT_USAGE_FOR_NS|(default)|
  Number of SOQL queries: 0 out of 200
  Number of query rows: 0 out of 50000
  Number of SOSL queries: 0 out of 20
  Number of DML statements: 0 out of 150
  Number of DML rows: 0 out of 10000
  Maximum CPU time: 686 out of 60000
  Maximum heap size: 0 out of 12000000
  Number of callouts: 0 out of 100
  Number of Email Invocations: 0 out of 10
  Number of future calls: 0 out of 50
  Number of queueable jobs added to the queue: 0 out of 1
  Number of Mobile Apex push calls: 0 out of 10

17:40:44.674 (1674703410)|LIMIT_USAGE_FOR_NS|tdc_tsw|
  Number of SOQL queries: 1 out of 200
  Number of query rows: 1 out of 50000
  Number of SOSL queries: 0 out of 20
  Number of DML statements: 1 out of 150
  Number of DML rows: 1 out of 10000
  Maximum CPU time: 0 out of 60000
  Maximum heap size: 0 out of 12000000
  Number of callouts: 2 out of 100
  Number of Email Invocations: 0 out of 10
  Number of future calls: 0 out of 50
  Number of queueable jobs added to the queue: 0 out of 1
  Number of Mobile Apex push calls: 0 out of 10

17:40:44.674 (1674703410)|CUMULATIVE_LIMIT_USAGE_END

17:40:44.15 (1683547407)|DML_END|[719]
