44.0 APEX_CODE,FINEST;APEX_PROFILING,INFO;CALLOUT,INFO;DB,INFO;NBA,INFO;SYSTEM,DEBUG;VALIDATION,INFO;VISUALFORCE,INFO;WAVE,INFO;WORKFLOW,INFO
13:51:33.0 (134097)|USER_INFO|[EXTERNAL]|0051H000009gxp8|chanida.dev2@solvedbysoftwareco.com|Eastern Standard Time|GMT-05:00
13:51:33.0 (2998342)|ENTERING_MANAGED_PKG|tdc_tsw
13:51:33.0 (3156266)|ENTERING_MANAGED_PKG|tdc_tsw
13:51:33.0 (3660626)|ENTERING_MANAGED_PKG|tdc_tsw
13:51:33.0 (3703729)|ENTERING_MANAGED_PKG|tdc_tsw
13:51:33.0 (4431634)|ENTERING_MANAGED_PKG|tdc_tsw
13:51:33.0 (5102948)|ENTERING_MANAGED_PKG|tdc_tsw
13:51:33.0 (6685317)|ENTERING_MANAGED_PKG|tdc_tsw
13:51:33.0 (6760176)|ENTERING_MANAGED_PKG|tdc_tsw
13:51:33.0 (8022664)|ENTERING_MANAGED_PKG|tdc_tsw
13:51:33.0 (14650643)|SOQL_EXECUTE_BEGIN|[82]|Aggregations:0|SELECT CreatedDate, Id,Task_Created__c,Event_Created__c,isCaseCreated__c,Task_Id__c,Event_Id__c,Case__c, Important__c, Delivered__c, Message_Text_New__c, Name, Owner.Name, Read__c,MessageId__c, ToNumber__c, Related_Object_Id__c, Related_Object__c, Sender_Number__c, LastModifiedDate, Attachments_Ids__c FROM Message__c WHERE Contact__c =: recordId ORDER BY CreatedDate Desc limit 200
13:51:33.0 (27424028)|SOQL_EXECUTE_END|[82]|Rows:2
13:51:33.0 (28927068)|ENTERING_MANAGED_PKG|tdc_tsw
13:51:33.0 (29225711)|ENTERING_MANAGED_PKG|tdc_tsw
13:51:33.0 (29302859)|ENTERING_MANAGED_PKG|tdc_tsw
13:51:33.0 (29910354)|SOQL_EXECUTE_BEGIN|[200]|Aggregations:0|SELECT Name, NamespacePrefix, SystemModStamp FROM StaticResource WHERE Name LIKE :tmpVar1 LIMIT 10
13:51:33.0 (32998836)|SOQL_EXECUTE_END|[200]|Rows:1
13:51:33.0 (34946885)|ENTERING_MANAGED_PKG|tdc_tsw
13:51:33.0 (37282249)|ENTERING_MANAGED_PKG|tdc_tsw
13:51:33.0 (37365534)|ENTERING_MANAGED_PKG|tdc_tsw
13:51:33.0 (40798956)|ENTERING_MANAGED_PKG|tdc_tsw
13:51:33.0 (42232355)|ENTERING_MANAGED_PKG|tdc_tsw
13:51:33.0 (49697056)|SOQL_EXECUTE_BEGIN|[172]|Aggregations:0|SELECT id, name FROM ChatTranscript__c WHERE (Chat_Active__c = TRUE AND (Related_Object_Id__c = :tmpVar1 OR Related_Object_Id__c = :tmpVar2)) LIMIT 1
13:51:33.0 (54532957)|SOQL_EXECUTE_END|[172]|Rows:0
13:51:33.0 (54964135)|ENTERING_MANAGED_PKG|tdc_tsw
13:51:33.0 (55003828)|ENTERING_MANAGED_PKG|tdc_tsw
