44.0 APEX_CODE,FINEST;APEX_PROFILING,INFO;CALLOUT,INFO;DB,INFO;NBA,INFO;SYSTEM,DEBUG;VALIDATION,INFO;VISUALFORCE,INFO;WAVE,INFO;WORKFLOW,INFO
20:32:03.0 (135307)|USER_INFO|[EXTERNAL]|0051H000009gxp8|chanida.dev2@solvedbysoftwareco.com|Eastern Standard Time|GMT-05:00
20:32:03.0 (1668374)|ENTERING_MANAGED_PKG|tdc_tsw
20:32:03.0 (2130689)|ENTERING_MANAGED_PKG|tdc_tsw
20:32:03.0 (5903374)|SOQL_EXECUTE_BEGIN|[16]|Aggregations:0|SELECT id, name, Disable_Incoming_SMS_Sharing__c FROM User WHERE id = :tmpVar1
20:32:03.0 (13440396)|SOQL_EXECUTE_END|[16]|Rows:1
20:32:03.0 (18785793)|SOQL_EXECUTE_BEGIN|[37]|Aggregations:0|SELECT CreatedDate,Created_Date__c,Id,LastModifiedDate,MessageId__c,Message_Text_New__c,Name,OwnerId,Read__c,Related_Object_Id__c,Related_Object__c,Sender_Number__c, Sender_Name__c,ToNumber__c,Attachments_Ids__c FROM Message__c WHERE Name = 'Incoming' AND Read__c = false ORDER BY CreatedDate Desc limit 100
20:32:03.0 (29778303)|SOQL_EXECUTE_END|[37]|Rows:16
20:32:03.0 (33494681)|ENTERING_MANAGED_PKG|tdc_tsw
20:32:03.0 (35157540)|ENTERING_MANAGED_PKG|tdc_tsw
20:32:03.0 (35639316)|ENTERING_MANAGED_PKG|tdc_tsw
20:32:03.0 (36338729)|ENTERING_MANAGED_PKG|tdc_tsw
20:32:03.0 (39038542)|ENTERING_MANAGED_PKG|tdc_tsw
20:32:03.0 (39863772)|ENTERING_MANAGED_PKG|tdc_tsw
20:32:03.0 (40141367)|ENTERING_MANAGED_PKG|tdc_tsw
20:32:03.0 (40572549)|ENTERING_MANAGED_PKG|tdc_tsw
20:32:03.0 (41708852)|ENTERING_MANAGED_PKG|tdc_tsw
20:32:03.0 (42521898)|ENTERING_MANAGED_PKG|tdc_tsw
20:32:03.0 (42768822)|ENTERING_MANAGED_PKG|tdc_tsw
20:32:03.0 (43175502)|ENTERING_MANAGED_PKG|tdc_tsw
20:32:03.0 (44398499)|ENTERING_MANAGED_PKG|tdc_tsw
20:32:03.0 (45068981)|ENTERING_MANAGED_PKG|tdc_tsw
20:32:03.0 (45140752)|ENTERING_MANAGED_PKG|tdc_tsw
20:32:03.0 (45734495)|SOQL_EXECUTE_BEGIN|[200]|Aggregations:0|SELECT Name, NamespacePrefix, SystemModStamp FROM StaticResource WHERE Name LIKE :tmpVar1 LIMIT 10
20:32:03.0 (48604711)|SOQL_EXECUTE_END|[200]|Rows:1
20:32:03.0 (49470376)|ENTERING_MANAGED_PKG|tdc_tsw
20:32:03.0 (49971290)|SOQL_EXECUTE_BEGIN|[200]|Aggregations:0|SELECT Name, NamespacePrefix, SystemModStamp FROM StaticResource WHERE Name LIKE :tmpVar1 LIMIT 10
20:32:03.0 (52246849)|SOQL_EXECUTE_END|[200]|Rows:1
20:32:03.0 (52659272)|ENTERING_MANAGED_PKG|tdc_tsw
20:32:03.0 (55975667)|ENTERING_MANAGED_PKG|tdc_tsw
20:32:03.0 (57551171)|ENTERING_MANAGED_PKG|tdc_tsw
20:32:03.0 (57855779)|ENTERING_MANAGED_PKG|tdc_tsw
20:32:03.0 (58739610)|ENTERING_MANAGED_PKG|tdc_tsw
20:32:03.0 (59167745)|SOQL_EXECUTE_BEGIN|[200]|Aggregations:0|SELECT Name, NamespacePrefix, SystemModStamp FROM StaticResource WHERE Name LIKE :tmpVar1 LIMIT 10
20:32:03.0 (61620964)|SOQL_EXECUTE_END|[200]|Rows:1
20:32:03.76 (76220147)|USER_INFO|[EXTERNAL]|0051H000009gxp8|chanida.dev2@solvedbysoftwareco.com|Eastern Standard Time|GMT-05:00
20:32:03.76 (77607279)|ENTERING_MANAGED_PKG|tdc_tsw
20:32:03.76 (77804563)|ENTERING_MANAGED_PKG|tdc_tsw
20:32:03.76 (80229741)|SOQL_EXECUTE_BEGIN|[355]|Aggregations:0|SELECT id, name, Disable_Incoming_SMS_Sharing__c FROM User WHERE id = :tmpVar1
20:32:03.76 (86409986)|SOQL_EXECUTE_END|[355]|Rows:1
20:32:03.76 (87394843)|SOQL_EXECUTE_BEGIN|[367]|Aggregations:0|SELECT CreatedDate,Id,LastModifiedDate,Related_Object_Id__c FROM Message__c WHERE Name = 'Incoming' AND Read__c = false ORDER BY CreatedDate Desc limit 100
20:32:03.76 (93160987)|SOQL_EXECUTE_END|[367]|Rows:16
