44.0 APEX_CODE,FINEST;APEX_PROFILING,INFO;CALLOUT,INFO;DB,INFO;NBA,INFO;SYSTEM,DEBUG;VALIDATION,INFO;VISUALFORCE,INFO;WAVE,INFO;WORKFLOW,INFO
18:23:37.0 (135155)|USER_INFO|[EXTERNAL]|0051H000009gxp8|chanida.dev2@solvedbysoftwareco.com|Eastern Standard Time|GMT-05:00
18:23:37.0 (1841284)|ENTERING_MANAGED_PKG|tdc_tsw
18:23:37.0 (2310690)|ENTERING_MANAGED_PKG|tdc_tsw
18:23:37.0 (6776962)|SOQL_EXECUTE_BEGIN|[16]|Aggregations:0|SELECT id, name, Disable_Incoming_SMS_Sharing__c FROM User WHERE id = :tmpVar1
18:23:37.0 (16085646)|SOQL_EXECUTE_END|[16]|Rows:1
18:23:37.0 (23588283)|SOQL_EXECUTE_BEGIN|[37]|Aggregations:0|SELECT CreatedDate,Created_Date__c,Id,LastModifiedDate,MessageId__c,Message_Text_New__c,Name,OwnerId,Read__c,Related_Object_Id__c,Related_Object__c,Sender_Number__c, Sender_Name__c,ToNumber__c,Attachments_Ids__c FROM Message__c WHERE Name = 'Incoming' AND Read__c = false ORDER BY CreatedDate Desc limit 100
18:23:37.0 (39689021)|SOQL_EXECUTE_END|[37]|Rows:75
18:23:37.0 (55382707)|ENTERING_MANAGED_PKG|tdc_tsw
18:23:37.0 (57224089)|ENTERING_MANAGED_PKG|tdc_tsw
18:23:37.0 (57753838)|ENTERING_MANAGED_PKG|tdc_tsw
18:23:37.0 (58453744)|ENTERING_MANAGED_PKG|tdc_tsw
18:23:37.0 (61503458)|ENTERING_MANAGED_PKG|tdc_tsw
18:23:37.0 (62350311)|ENTERING_MANAGED_PKG|tdc_tsw
18:23:37.0 (62586099)|ENTERING_MANAGED_PKG|tdc_tsw
18:23:37.0 (63004723)|ENTERING_MANAGED_PKG|tdc_tsw
18:23:37.0 (64158273)|ENTERING_MANAGED_PKG|tdc_tsw
18:23:37.0 (64960082)|ENTERING_MANAGED_PKG|tdc_tsw
18:23:37.0 (65202700)|ENTERING_MANAGED_PKG|tdc_tsw
18:23:37.0 (65640976)|ENTERING_MANAGED_PKG|tdc_tsw
18:23:37.0 (66805751)|ENTERING_MANAGED_PKG|tdc_tsw
18:23:37.0 (67604002)|ENTERING_MANAGED_PKG|tdc_tsw
18:23:37.0 (67848314)|ENTERING_MANAGED_PKG|tdc_tsw
18:23:37.0 (68271119)|ENTERING_MANAGED_PKG|tdc_tsw
18:23:37.0 (69439493)|ENTERING_MANAGED_PKG|tdc_tsw
18:23:37.0 (70268188)|ENTERING_MANAGED_PKG|tdc_tsw
18:23:37.0 (70493615)|ENTERING_MANAGED_PKG|tdc_tsw
18:23:37.0 (70908932)|ENTERING_MANAGED_PKG|tdc_tsw
18:23:37.0 (72053585)|ENTERING_MANAGED_PKG|tdc_tsw
18:23:37.0 (72842936)|ENTERING_MANAGED_PKG|tdc_tsw
18:23:37.0 (73085411)|ENTERING_MANAGED_PKG|tdc_tsw
18:23:37.0 (73804648)|ENTERING_MANAGED_PKG|tdc_tsw
18:23:37.0 (75061382)|ENTERING_MANAGED_PKG|tdc_tsw
18:23:37.0 (75853039)|ENTERING_MANAGED_PKG|tdc_tsw
18:23:37.0 (76105898)|ENTERING_MANAGED_PKG|tdc_tsw
18:23:37.0 (76631064)|ENTERING_MANAGED_PKG|tdc_tsw
18:23:37.0 (78135655)|ENTERING_MANAGED_PKG|tdc_tsw
18:23:37.0 (79106660)|ENTERING_MANAGED_PKG|tdc_tsw
18:23:37.0 (79186043)|ENTERING_MANAGED_PKG|tdc_tsw
18:23:37.0 (79830365)|SOQL_EXECUTE_BEGIN|[200]|Aggregations:0|SELECT Name, NamespacePrefix, SystemModStamp FROM StaticResource WHERE Name LIKE :tmpVar1 LIMIT 10
18:23:37.0 (83229451)|SOQL_EXECUTE_END|[200]|Rows:1
18:23:37.0 (84342147)|ENTERING_MANAGED_PKG|tdc_tsw
18:23:37.0 (84867970)|SOQL_EXECUTE_BEGIN|[200]|Aggregations:0|SELECT Name, NamespacePrefix, SystemModStamp FROM StaticResource WHERE Name LIKE :tmpVar1 LIMIT 10
18:23:37.0 (88172185)|SOQL_EXECUTE_END|[200]|Rows:1
18:23:37.0 (88663036)|ENTERING_MANAGED_PKG|tdc_tsw
18:23:37.0 (92489590)|ENTERING_MANAGED_PKG|tdc_tsw
18:23:37.0 (94322420)|ENTERING_MANAGED_PKG|tdc_tsw
18:23:37.0 (94657150)|ENTERING_MANAGED_PKG|tdc_tsw
18:23:37.0 (95636805)|ENTERING_MANAGED_PKG|tdc_tsw
18:23:37.0 (96134672)|SOQL_EXECUTE_BEGIN|[200]|Aggregations:0|SELECT Name, NamespacePrefix, SystemModStamp FROM StaticResource WHERE Name LIKE :tmpVar1 LIMIT 10
18:23:37.0 (99365828)|SOQL_EXECUTE_END|[200]|Rows:1
18:23:37.116 (116261862)|USER_INFO|[EXTERNAL]|0051H000009gxp8|chanida.dev2@solvedbysoftwareco.com|Eastern Standard Time|GMT-05:00
18:23:37.116 (117796397)|ENTERING_MANAGED_PKG|tdc_tsw
18:23:37.116 (118090265)|ENTERING_MANAGED_PKG|tdc_tsw
18:23:37.116 (121296748)|SOQL_EXECUTE_BEGIN|[355]|Aggregations:0|SELECT id, name, Disable_Incoming_SMS_Sharing__c FROM User WHERE id = :tmpVar1
18:23:37.116 (129263058)|SOQL_EXECUTE_END|[355]|Rows:1
18:23:37.116 (130879595)|SOQL_EXECUTE_BEGIN|[367]|Aggregations:0|SELECT CreatedDate,Id,LastModifiedDate,Related_Object_Id__c FROM Message__c WHERE Name = 'Incoming' AND Read__c = false ORDER BY CreatedDate Desc limit 100
18:23:37.116 (140970015)|SOQL_EXECUTE_END|[367]|Rows:75
