44.0 APEX_CODE,FINEST;APEX_PROFILING,INFO;CALLOUT,INFO;DB,INFO;NBA,INFO;SYSTEM,DEBUG;VALIDATION,INFO;VISUALFORCE,INFO;WAVE,INFO;WORKFLOW,INFO
17:23:19.0 (159471)|USER_INFO|[EXTERNAL]|0051H000009gxp8|chanida.dev2@solvedbysoftwareco.com|Eastern Standard Time|GMT-05:00
17:23:19.0 (1879409)|ENTERING_MANAGED_PKG|tdc_tsw
17:23:19.0 (2407863)|ENTERING_MANAGED_PKG|tdc_tsw
17:23:19.0 (6726231)|SOQL_EXECUTE_BEGIN|[16]|Aggregations:0|SELECT id, name, Disable_Incoming_SMS_Sharing__c FROM User WHERE id = :tmpVar1
17:23:19.0 (14580178)|SOQL_EXECUTE_END|[16]|Rows:1
17:23:19.0 (20207991)|SOQL_EXECUTE_BEGIN|[37]|Aggregations:0|SELECT CreatedDate,Created_Date__c,Id,LastModifiedDate,MessageId__c,Message_Text_New__c,Name,OwnerId,Read__c,Related_Object_Id__c,Related_Object__c,Sender_Number__c, Sender_Name__c,ToNumber__c,Attachments_Ids__c FROM Message__c WHERE Name = 'Incoming' AND Read__c = false ORDER BY CreatedDate Desc limit 100
17:23:19.0 (35243970)|SOQL_EXECUTE_END|[37]|Rows:57
17:23:19.0 (45835461)|ENTERING_MANAGED_PKG|tdc_tsw
17:23:19.0 (47904534)|ENTERING_MANAGED_PKG|tdc_tsw
17:23:19.0 (48564442)|ENTERING_MANAGED_PKG|tdc_tsw
17:23:19.0 (49854961)|ENTERING_MANAGED_PKG|tdc_tsw
17:23:19.0 (53700427)|ENTERING_MANAGED_PKG|tdc_tsw
17:23:19.0 (54565838)|ENTERING_MANAGED_PKG|tdc_tsw
17:23:19.0 (54841535)|ENTERING_MANAGED_PKG|tdc_tsw
17:23:19.0 (55268689)|ENTERING_MANAGED_PKG|tdc_tsw
17:23:19.0 (56414140)|ENTERING_MANAGED_PKG|tdc_tsw
17:23:19.0 (57213146)|ENTERING_MANAGED_PKG|tdc_tsw
17:23:19.0 (57436765)|ENTERING_MANAGED_PKG|tdc_tsw
17:23:19.0 (57850878)|ENTERING_MANAGED_PKG|tdc_tsw
17:23:19.0 (59015791)|ENTERING_MANAGED_PKG|tdc_tsw
17:23:19.0 (59799014)|ENTERING_MANAGED_PKG|tdc_tsw
17:23:19.0 (60022534)|ENTERING_MANAGED_PKG|tdc_tsw
17:23:19.0 (60434354)|ENTERING_MANAGED_PKG|tdc_tsw
17:23:19.0 (61557952)|ENTERING_MANAGED_PKG|tdc_tsw
17:23:19.0 (62350314)|ENTERING_MANAGED_PKG|tdc_tsw
17:23:19.0 (62594442)|ENTERING_MANAGED_PKG|tdc_tsw
17:23:19.0 (63010540)|ENTERING_MANAGED_PKG|tdc_tsw
17:23:19.0 (64133477)|ENTERING_MANAGED_PKG|tdc_tsw
17:23:19.0 (64910011)|ENTERING_MANAGED_PKG|tdc_tsw
17:23:19.0 (65159811)|ENTERING_MANAGED_PKG|tdc_tsw
17:23:19.0 (65841812)|ENTERING_MANAGED_PKG|tdc_tsw
17:23:19.0 (67258910)|ENTERING_MANAGED_PKG|tdc_tsw
17:23:19.0 (68270557)|ENTERING_MANAGED_PKG|tdc_tsw
17:23:19.0 (68347289)|ENTERING_MANAGED_PKG|tdc_tsw
17:23:19.0 (68983903)|SOQL_EXECUTE_BEGIN|[200]|Aggregations:0|SELECT Name, NamespacePrefix, SystemModStamp FROM StaticResource WHERE Name LIKE :tmpVar1 LIMIT 10
17:23:19.0 (72410969)|SOQL_EXECUTE_END|[200]|Rows:1
17:23:19.0 (73345278)|ENTERING_MANAGED_PKG|tdc_tsw
17:23:19.0 (73801746)|SOQL_EXECUTE_BEGIN|[200]|Aggregations:0|SELECT Name, NamespacePrefix, SystemModStamp FROM StaticResource WHERE Name LIKE :tmpVar1 LIMIT 10
17:23:19.0 (76291503)|SOQL_EXECUTE_END|[200]|Rows:1
17:23:19.0 (76755493)|ENTERING_MANAGED_PKG|tdc_tsw
17:23:19.0 (80767856)|ENTERING_MANAGED_PKG|tdc_tsw
17:23:19.0 (82644072)|ENTERING_MANAGED_PKG|tdc_tsw
17:23:19.0 (83054134)|ENTERING_MANAGED_PKG|tdc_tsw
17:23:19.0 (84049282)|ENTERING_MANAGED_PKG|tdc_tsw
17:23:19.0 (84519718)|SOQL_EXECUTE_BEGIN|[200]|Aggregations:0|SELECT Name, NamespacePrefix, SystemModStamp FROM StaticResource WHERE Name LIKE :tmpVar1 LIMIT 10
17:23:19.0 (87378617)|SOQL_EXECUTE_END|[200]|Rows:1
17:23:19.93 (93731934)|USER_INFO|[EXTERNAL]|0051H000009gxp8|chanida.dev2@solvedbysoftwareco.com|Eastern Standard Time|GMT-05:00
17:23:19.93 (95141906)|ENTERING_MANAGED_PKG|tdc_tsw
17:23:19.93 (95418388)|ENTERING_MANAGED_PKG|tdc_tsw
17:23:19.93 (98312009)|SOQL_EXECUTE_BEGIN|[355]|Aggregations:0|SELECT id, name, Disable_Incoming_SMS_Sharing__c FROM User WHERE id = :tmpVar1
17:23:19.93 (105375121)|SOQL_EXECUTE_END|[355]|Rows:1
17:23:19.93 (106543480)|SOQL_EXECUTE_BEGIN|[367]|Aggregations:0|SELECT CreatedDate,Id,LastModifiedDate,Related_Object_Id__c FROM Message__c WHERE Name = 'Incoming' AND Read__c = false ORDER BY CreatedDate Desc limit 100
17:23:19.93 (114214640)|SOQL_EXECUTE_END|[367]|Rows:57
