38.0 APEX_CODE,FINEST;APEX_PROFILING,INFO;CALLOUT,INFO;DB,INFO;NBA,INFO;SYSTEM,DEBUG;VALIDATION,INFO;VISUALFORCE,INFO;WAVE,INFO;WORKFLOW,INFO
10:45:10.5 (5902368)|ENTERING_MANAGED_PKG|tdc_tsw
10:45:10.5 (6670807)|ENTERING_MANAGED_PKG|tdc_tsw
10:45:10.5 (8809436)|SOQL_EXECUTE_BEGIN|[66]|Aggregations:0|SELECT Id FROM Folder WHERE DeveloperName = 'SMS_APP' LIMIT 1
10:45:10.5 (13107867)|SOQL_EXECUTE_END|[66]|Rows:1
10:45:10.5 (13414907)|ENTERING_MANAGED_PKG|tdc_tsw
10:45:10.5 (14250646)|ENTERING_MANAGED_PKG|tdc_tsw
10:45:10.5 (14823487)|ENTERING_MANAGED_PKG|tdc_tsw
10:45:10.5 (40405240)|ENTERING_MANAGED_PKG|tdc_tsw
10:45:10.5 (40490350)|ENTERING_MANAGED_PKG|tdc_tsw
10:45:10.5 (102727839)|SOQL_EXECUTE_BEGIN|[1842]|Aggregations:0|SELECT Id, name FROM RecordType WHERE (sObjectType = :tmpVar1 AND name = :tmpVar2) LIMIT 1
10:45:10.5 (114523045)|SOQL_EXECUTE_END|[1842]|Rows:1
10:45:10.5 (124025301)|ENTERING_MANAGED_PKG|tdc_tsw
10:45:10.5 (170556677)|SOQL_EXECUTE_BEGIN|[275]|Aggregations:0|Select Id, tdc_tsw__account__c, tdc_tsw__campaign__c, tdc_tsw__case__c, tdc_tsw__contact__c, tdc_tsw__lead__c, tdc_tsw__message__c, tdc_tsw__opportunity__c, tdc_tsw__sms_template__c, tdc_tsw__question__c, tdc_tsw__survey_response__c, OwnerId, Related_Object__c,Is_Keyword_Based__c,Sender_Number__c,ToNumber__c, Related_Object_Id__c from Message__c where Name = 'Outgoing' and (Sender_Number__c =: cleantoNumber  OR Sender_Number__c LIKE : toNumberWithoutSymbol )  and (ToNumber__c =: cleanFromNumber  OR ToNumber__c LIKE : fromNumberWithoutSymbol )  Order By CreatedDate Desc Limit 1
10:45:10.5 (179393103)|SOQL_EXECUTE_END|[275]|Rows:1
10:45:10.5 (181031187)|SOQL_EXECUTE_BEGIN|[299]|Aggregations:0|SELECT Id FROM tdc_tsw__Message__c WHERE id =: relatedObjId
10:45:10.5 (185892228)|SOQL_EXECUTE_END|[299]|Rows:1
10:45:10.5 (186309431)|ENTERING_MANAGED_PKG|tdc_tsw
10:45:10.5 (190076859)|SOQL_EXECUTE_BEGIN|[923]|Aggregations:0|SELECT id, isActive FROM User WHERE id = :tmpVar1 LIMIT 1
10:45:10.5 (200642562)|SOQL_EXECUTE_END|[923]|Rows:1
10:45:10.5 (202705026)|ENTERING_MANAGED_PKG|tdc_tsw
10:45:10.5 (207924060)|ENTERING_MANAGED_PKG|tdc_tsw
10:45:10.5 (233671776)|DML_BEGIN|[557]|Op:Insert|Type:tdc_tsw__Message__c|Rows:1
10:45:10.5 (262823658)|ENTERING_MANAGED_PKG|tdc_tsw
10:45:10.265 (265504593)|CUMULATIVE_LIMIT_USAGE
10:45:10.265 (265504593)|LIMIT_USAGE_FOR_NS|(default)|
  Number of SOQL queries: 0 out of 100
  Number of query rows: 0 out of 50000
  Number of SOSL queries: 0 out of 20
  Number of DML statements: 0 out of 150
  Number of DML rows: 0 out of 10000
  Maximum CPU time: 0 out of 10000
  Maximum heap size: 0 out of 6000000
  Number of callouts: 0 out of 100
  Number of Email Invocations: 0 out of 10
  Number of future calls: 0 out of 50
  Number of queueable jobs added to the queue: 0 out of 50
  Number of Mobile Apex push calls: 0 out of 10

10:45:10.265 (265504593)|LIMIT_USAGE_FOR_NS|tdc_tsw|
  Number of SOQL queries: 5 out of 100
  Number of query rows: 5 out of 50000
  Number of SOSL queries: 0 out of 20
  Number of DML statements: 1 out of 150
  Number of DML rows: 1 out of 10000
  Maximum CPU time: 0 out of 10000
  Maximum heap size: 0 out of 6000000
  Number of callouts: 0 out of 100
  Number of Email Invocations: 0 out of 10
  Number of future calls: 0 out of 50
  Number of queueable jobs added to the queue: 0 out of 50
  Number of Mobile Apex push calls: 0 out of 10

10:45:10.265 (265504593)|CUMULATIVE_LIMIT_USAGE_END

10:45:10.271 (271085930)|CODE_UNIT_STARTED|[EXTERNAL]|01q3B000000BSJB|IncomingSMS on Message trigger event BeforeInsert|__sfdc_trigger/IncomingSMS
10:45:10.271 (271159186)|HEAP_ALLOCATE|[EXTERNAL]|Bytes:8
10:45:10.271 (271230584)|HEAP_ALLOCATE|[EXTERNAL]|Bytes:1
10:45:10.271 (271264560)|HEAP_ALLOCATE|[EXTERNAL]|Bytes:4
10:45:10.271 (271289741)|VARIABLE_SCOPE_BEGIN|[1]|this|IncomingSMS|true|false
10:45:10.271 (271382013)|VARIABLE_ASSIGNMENT|[1]|this|{}|0x1baf9a06
10:45:10.271 (271450095)|HEAP_ALLOCATE|[EXTERNAL]|Bytes:4
10:45:10.271 (271464254)|VARIABLE_SCOPE_BEGIN|[1]|this|IncomingSMS|true|false
10:45:10.271 (271490631)|VARIABLE_ASSIGNMENT|[1]|this|{}|0x1baf9a06
10:45:10.271 (271515059)|STATEMENT_EXECUTE|[1]
10:45:10.271 (271550234)|STATEMENT_EXECUTE|[2]
10:45:10.271 (271822076)|HEAP_ALLOCATE|[3]|Bytes:5
10:45:10.271 (271904319)|HEAP_ALLOCATE|[3]|Bytes:4
10:45:10.271 (271922852)|VARIABLE_SCOPE_BEGIN|[3]|sms|tdc_tsw__Message__c|true|false
10:45:10.271 (278113758)|VARIABLE_ASSIGNMENT|[3]|sms|{"tdc_tsw__Related_Object__c":"tdc_tsw__Message__c","tdc_tsw__ToNumber__c":"+17065037067","IsDeleted":false,"tdc_tsw__Sender_Number__c":"+13038816946","tdc_tsw__Incoming_Status__c":"Not Read","tdc_tsw__isCaseCreated__c":false,"tdc_tsw__Read__c":false,"tdc_tsw__Message__c":"a173B000000seEIQAY","tdc_tsw__Read_Status__c":"Unread","tdc_tsw__Task_Created__c":false,"tdc_tsw__Related_Object_Id__c":"a173B000000seDyQAI","Name":"Incoming","tdc_tsw__Event_Created__c":false,"tdc_tsw__Message_Text_New__c":"Test","tdc_tsw__Is_Keyword_Based__c":false,"OwnerId":"0051H000009gxp8QAA","tdc_tsw__Related_Object_Id_URL__c":"_HL_ENCODED_https:// (97 more) ...","tdc_tsw__isLeadCreated__c":false,"RecordTypeId":"0121H000001Ie7fQAC","tdc_tsw__Delivered_SMS__c":"_IM1_/resource/tdc_t (27 more) ...","tdc_tsw__Important__c":false,"tdc_tsw__Delivered__c":false,"tdc_tsw__Delivery_Status__c":"Sent"}|0x1e385d5
10:45:10.271 (278151105)|STATEMENT_EXECUTE|[3]
10:45:10.271 (278344347)|HEAP_ALLOCATE|[4]|Bytes:1
10:45:10.271 (278373305)|STATEMENT_EXECUTE|[4]
10:45:10.271 (278395875)|HEAP_ALLOCATE|[3]|Bytes:5
10:45:10.271 (278421629)|VARIABLE_ASSIGNMENT|[3]|sms|null|
10:45:10.278 (278437033)|CUMULATIVE_LIMIT_USAGE
10:45:10.278 (278437033)|LIMIT_USAGE_FOR_NS|(default)|
  Number of SOQL queries: 0 out of 100
  Number of query rows: 0 out of 50000
  Number of SOSL queries: 0 out of 20
  Number of DML statements: 0 out of 150
  Number of DML rows: 0 out of 10000
  Maximum CPU time: 0 out of 10000
  Maximum heap size: 0 out of 6000000
  Number of callouts: 0 out of 100
  Number of Email Invocations: 0 out of 10
  Number of future calls: 0 out of 50
  Number of queueable jobs added to the queue: 0 out of 50
  Number of Mobile Apex push calls: 0 out of 10

10:45:10.278 (278437033)|LIMIT_USAGE_FOR_NS|tdc_tsw|
  Number of SOQL queries: 5 out of 100
  Number of query rows: 5 out of 50000
  Number of SOSL queries: 0 out of 20
  Number of DML statements: 1 out of 150
  Number of DML rows: 1 out of 10000
  Maximum CPU time: 0 out of 10000
  Maximum heap size: 0 out of 6000000
  Number of callouts: 0 out of 100
  Number of Email Invocations: 0 out of 10
  Number of future calls: 0 out of 50
  Number of queueable jobs added to the queue: 0 out of 50
  Number of Mobile Apex push calls: 0 out of 10

10:45:10.278 (278437033)|CUMULATIVE_LIMIT_USAGE_END

10:45:10.5 (350395370)|ENTERING_MANAGED_PKG|tdc_tsw
10:45:10.5 (365505329)|ENTERING_MANAGED_PKG|tdc_tsw
10:45:10.5 (366505994)|ENTERING_MANAGED_PKG|tdc_tsw
10:45:10.5 (366811643)|ENTERING_MANAGED_PKG|tdc_tsw
10:45:10.5 (374021203)|SOQL_EXECUTE_BEGIN|[15]|Aggregations:0|SELECT Id, Email FROM User WHERE isActive = TRUE LIMIT 10000
10:45:10.5 (381806354)|SOQL_EXECUTE_END|[15]|Rows:9
10:45:10.5 (383933673)|SOQL_EXECUTE_BEGIN|[42]|Aggregations:0|SELECT Id, Sender_Name__c, Sender_Number__c FROM Message__c WHERE id = :tmpVar1
10:45:10.5 (388480289)|SOQL_EXECUTE_END|[42]|Rows:1
10:45:10.5 (390345129)|SOQL_EXECUTE_BEGIN|[70]|Aggregations:0|select Name from tdc_tsw__Message__c where id = 'a173B000000seDyQAI'
10:45:10.5 (393838038)|SOQL_EXECUTE_END|[70]|Rows:1
10:45:10.5 (394716274)|DML_BEGIN|[97]|Op:Update|Type:tdc_tsw__Message__c|Rows:1
10:45:10.5 (424123049)|DML_END|[97]
10:45:10.5 (429270179)|SOQL_EXECUTE_BEGIN|[236]|Aggregations:0|SELECT id, subject, developername, htmlValue, body FROM EmailTemplate WHERE developername = 'Incoming_Message_Alert' LIMIT 1
10:45:10.5 (536176340)|SOQL_EXECUTE_END|[236]|Rows:1
10:45:10.5 (556396298)|ENTERING_MANAGED_PKG|tdc_tsw
10:45:10.5 (556481271)|ENTERING_MANAGED_PKG|tdc_tsw
10:45:10.5 (592430455)|SOQL_EXECUTE_BEGIN|[758]|Aggregations:0|select tdc_tsw__ToNumber__c, tdc_tsw__Sender_Number__c, tdc_tsw__Sender_Name__c, Id, tdc_tsw__Related_Object_Id_URL__c, tdc_tsw__Message_Text_New__c from tdc_tsw__Message__c where id ='a173B000000sei0QAA' Limit 1
10:45:10.5 (609717460)|SOQL_EXECUTE_END|[758]|Rows:1
10:45:10.5 (610832502)|ENTERING_MANAGED_PKG|tdc_tsw
10:45:10.5 (611735774)|ENTERING_MANAGED_PKG|tdc_tsw
10:45:10.5 (612546939)|ENTERING_MANAGED_PKG|tdc_tsw
10:45:10.5 (613304920)|ENTERING_MANAGED_PKG|tdc_tsw
10:45:10.5 (614036172)|ENTERING_MANAGED_PKG|tdc_tsw
10:45:10.5 (614772497)|ENTERING_MANAGED_PKG|tdc_tsw
10:45:10.5 (615439879)|ENTERING_MANAGED_PKG|tdc_tsw
10:45:10.5 (639391291)|SOQL_EXECUTE_BEGIN|[758]|Aggregations:0|select tdc_tsw__ToNumber__c, tdc_tsw__Sender_Number__c, tdc_tsw__Sender_Name__c, tdc_tsw__Related_Object_Id_URL__c, tdc_tsw__Message_Text_New__c from tdc_tsw__Message__c where id ='a173B000000sei0QAA' Limit 1
10:45:10.5 (650668382)|SOQL_EXECUTE_END|[758]|Rows:1
10:45:10.5 (651532741)|ENTERING_MANAGED_PKG|tdc_tsw
10:45:10.5 (652499358)|ENTERING_MANAGED_PKG|tdc_tsw
10:45:10.5 (653415761)|ENTERING_MANAGED_PKG|tdc_tsw
10:45:10.5 (654273060)|ENTERING_MANAGED_PKG|tdc_tsw
10:45:10.5 (655471701)|ENTERING_MANAGED_PKG|tdc_tsw
10:45:10.5 (656632728)|SOQL_EXECUTE_BEGIN|[248]|Aggregations:0|SELECT Id, IsSandbox, Name FROM Organization LIMIT 1
10:45:10.5 (662088247)|SOQL_EXECUTE_END|[248]|Rows:1
10:45:10.5 (663591939)|ENTERING_MANAGED_PKG|tdc_tsw
10:45:10.5 (667949308)|SOQL_EXECUTE_BEGIN|[434]|Aggregations:0|SELECT id, name, First_Question__c, Question_Text__c, Question__c, Question_Label__c, Object__c, tdc_tsw__Survey__c, Survey__r.name FROM Question__c WHERE id = :tmpVar1
10:45:10.5 (672429706)|SOQL_EXECUTE_END|[434]|Rows:0
10:45:10.5 (673229183)|ENTERING_MANAGED_PKG|tdc_tsw
10:45:10.5 (674840142)|SOQL_EXECUTE_BEGIN|[628]|Aggregations:0|Select id, leadId, contactId from CampaignMember where Id In : Ids
10:45:10.5 (677861444)|SOQL_EXECUTE_END|[628]|Rows:0
10:45:10.678 (678535906)|CUMULATIVE_LIMIT_USAGE
10:45:10.678 (678535906)|LIMIT_USAGE_FOR_NS|(default)|
  Number of SOQL queries: 0 out of 100
  Number of query rows: 0 out of 50000
  Number of SOSL queries: 0 out of 20
  Number of DML statements: 0 out of 150
  Number of DML rows: 0 out of 10000
  Maximum CPU time: 325 out of 10000
  Maximum heap size: 0 out of 6000000
  Number of callouts: 0 out of 100
  Number of Email Invocations: 0 out of 10
  Number of future calls: 0 out of 50
  Number of queueable jobs added to the queue: 0 out of 50
  Number of Mobile Apex push calls: 0 out of 10

10:45:10.678 (678535906)|LIMIT_USAGE_FOR_NS|tdc_tsw|
  Number of SOQL queries: 14 out of 100
  Number of query rows: 20 out of 50000
  Number of SOSL queries: 0 out of 20
  Number of DML statements: 2 out of 150
  Number of DML rows: 2 out of 10000
  Maximum CPU time: 0 out of 10000
  Maximum heap size: 0 out of 6000000
  Number of callouts: 0 out of 100
  Number of Email Invocations: 0 out of 10
  Number of future calls: 0 out of 50
  Number of queueable jobs added to the queue: 0 out of 50
  Number of Mobile Apex push calls: 0 out of 10

10:45:10.678 (678535906)|CUMULATIVE_LIMIT_USAGE_END

10:45:10.5 (801935348)|DML_END|[557]
10:45:10.5 (802192988)|ENTERING_MANAGED_PKG|tdc_tsw
10:45:10.5 (804965026)|SOQL_EXECUTE_BEGIN|[1091]|Aggregations:0|SELECT id, name, Brief_Description__c, Keywords__c, Active__c FROM Survey__c WHERE (Active__c = TRUE AND Keywords__c != NULL) LIMIT 999
10:45:10.5 (810297634)|SOQL_EXECUTE_END|[1091]|Rows:0
10:45:10.5 (817512585)|ENTERING_MANAGED_PKG|tdc_tsw
10:45:10.5 (817579623)|ENTERING_MANAGED_PKG|tdc_tsw
10:45:10.5 (817658402)|ENTERING_MANAGED_PKG|tdc_tsw
10:45:10.5 (819094487)|ENTERING_MANAGED_PKG|tdc_tsw
10:45:10.5 (819209604)|ENTERING_MANAGED_PKG|tdc_tsw
10:45:10.5 (819255618)|ENTERING_MANAGED_PKG|tdc_tsw
10:45:10.5 (819368233)|ENTERING_MANAGED_PKG|tdc_tsw
10:45:10.5 (819409726)|ENTERING_MANAGED_PKG|tdc_tsw
10:45:10.5 (820717455)|ENTERING_MANAGED_PKG|tdc_tsw
10:45:10.5 (821959880)|ENTERING_MANAGED_PKG|tdc_tsw
10:45:10.5 (822022313)|ENTERING_MANAGED_PKG|tdc_tsw
10:45:10.5 (822063646)|ENTERING_MANAGED_PKG|tdc_tsw
10:45:10.5 (822167240)|ENTERING_MANAGED_PKG|tdc_tsw
10:45:10.5 (822245539)|ENTERING_MANAGED_PKG|tdc_tsw
10:45:10.5 (822287920)|ENTERING_MANAGED_PKG|tdc_tsw
10:45:10.5 (822389087)|ENTERING_MANAGED_PKG|tdc_tsw
10:45:10.5 (823412445)|ENTERING_MANAGED_PKG|tdc_tsw
10:45:10.5 (824816318)|ENTERING_MANAGED_PKG|tdc_tsw
