44.0 APEX_CODE,FINEST;APEX_PROFILING,INFO;CALLOUT,INFO;DB,INFO;NBA,INFO;SYSTEM,DEBUG;VALIDATION,INFO;VISUALFORCE,INFO;WAVE,INFO;WORKFLOW,INFO
20:01:02.0 (113562)|USER_INFO|[EXTERNAL]|0051H000009gxp8|chanida.dev2@solvedbysoftwareco.com|Eastern Standard Time|GMT-05:00
20:01:02.0 (1689264)|ENTERING_MANAGED_PKG|tdc_tsw
20:01:02.0 (2105006)|ENTERING_MANAGED_PKG|tdc_tsw
20:01:02.0 (6284403)|SOQL_EXECUTE_BEGIN|[16]|Aggregations:0|SELECT id, name, Disable_Incoming_SMS_Sharing__c FROM User WHERE id = :tmpVar1
20:01:02.0 (14367600)|SOQL_EXECUTE_END|[16]|Rows:1
20:01:02.0 (20243601)|SOQL_EXECUTE_BEGIN|[37]|Aggregations:0|SELECT CreatedDate,Created_Date__c,Id,LastModifiedDate,MessageId__c,Message_Text_New__c,Name,OwnerId,Read__c,Related_Object_Id__c,Related_Object__c,Sender_Number__c, Sender_Name__c,ToNumber__c,Attachments_Ids__c FROM Message__c WHERE Name = 'Incoming' AND Read__c = false ORDER BY CreatedDate Desc limit 100
20:01:02.0 (36670478)|SOQL_EXECUTE_END|[37]|Rows:84
20:01:02.0 (52721147)|ENTERING_MANAGED_PKG|tdc_tsw
20:01:02.0 (54616124)|ENTERING_MANAGED_PKG|tdc_tsw
20:01:02.0 (55141038)|ENTERING_MANAGED_PKG|tdc_tsw
20:01:02.0 (55880941)|ENTERING_MANAGED_PKG|tdc_tsw
20:01:02.0 (58669235)|ENTERING_MANAGED_PKG|tdc_tsw
20:01:02.0 (59501041)|ENTERING_MANAGED_PKG|tdc_tsw
20:01:02.0 (59759008)|ENTERING_MANAGED_PKG|tdc_tsw
20:01:02.0 (60200168)|ENTERING_MANAGED_PKG|tdc_tsw
20:01:02.0 (61445947)|ENTERING_MANAGED_PKG|tdc_tsw
20:01:02.0 (62277725)|ENTERING_MANAGED_PKG|tdc_tsw
20:01:02.0 (62528660)|ENTERING_MANAGED_PKG|tdc_tsw
20:01:02.0 (62978553)|ENTERING_MANAGED_PKG|tdc_tsw
20:01:02.0 (64183714)|ENTERING_MANAGED_PKG|tdc_tsw
20:01:02.0 (64990531)|ENTERING_MANAGED_PKG|tdc_tsw
20:01:02.0 (65237724)|ENTERING_MANAGED_PKG|tdc_tsw
20:01:02.0 (65719862)|ENTERING_MANAGED_PKG|tdc_tsw
20:01:02.0 (66927676)|ENTERING_MANAGED_PKG|tdc_tsw
20:01:02.0 (67749924)|ENTERING_MANAGED_PKG|tdc_tsw
20:01:02.0 (67973289)|ENTERING_MANAGED_PKG|tdc_tsw
20:01:02.0 (68399230)|ENTERING_MANAGED_PKG|tdc_tsw
20:01:02.0 (69628460)|ENTERING_MANAGED_PKG|tdc_tsw
20:01:02.0 (70467021)|ENTERING_MANAGED_PKG|tdc_tsw
20:01:02.0 (70721959)|ENTERING_MANAGED_PKG|tdc_tsw
20:01:02.0 (71167033)|ENTERING_MANAGED_PKG|tdc_tsw
20:01:02.0 (72731263)|ENTERING_MANAGED_PKG|tdc_tsw
20:01:02.0 (73561838)|ENTERING_MANAGED_PKG|tdc_tsw
20:01:02.0 (73812762)|ENTERING_MANAGED_PKG|tdc_tsw
20:01:02.0 (74244289)|ENTERING_MANAGED_PKG|tdc_tsw
20:01:02.0 (75462267)|ENTERING_MANAGED_PKG|tdc_tsw
20:01:02.0 (76653443)|ENTERING_MANAGED_PKG|tdc_tsw
20:01:02.0 (76874021)|ENTERING_MANAGED_PKG|tdc_tsw
20:01:02.0 (77314856)|ENTERING_MANAGED_PKG|tdc_tsw
20:01:02.0 (78587213)|ENTERING_MANAGED_PKG|tdc_tsw
20:01:02.0 (79417908)|ENTERING_MANAGED_PKG|tdc_tsw
20:01:02.0 (79694157)|ENTERING_MANAGED_PKG|tdc_tsw
20:01:02.0 (80459038)|ENTERING_MANAGED_PKG|tdc_tsw
20:01:02.0 (81895934)|ENTERING_MANAGED_PKG|tdc_tsw
20:01:02.0 (82815710)|ENTERING_MANAGED_PKG|tdc_tsw
20:01:02.0 (83065230)|ENTERING_MANAGED_PKG|tdc_tsw
20:01:02.0 (83624920)|ENTERING_MANAGED_PKG|tdc_tsw
20:01:02.0 (85075254)|ENTERING_MANAGED_PKG|tdc_tsw
20:01:02.0 (85936049)|ENTERING_MANAGED_PKG|tdc_tsw
20:01:02.0 (86018211)|ENTERING_MANAGED_PKG|tdc_tsw
20:01:02.0 (86686165)|SOQL_EXECUTE_BEGIN|[200]|Aggregations:0|SELECT Name, NamespacePrefix, SystemModStamp FROM StaticResource WHERE Name LIKE :tmpVar1 LIMIT 10
20:01:02.0 (90197327)|SOQL_EXECUTE_END|[200]|Rows:1
20:01:02.0 (91088023)|ENTERING_MANAGED_PKG|tdc_tsw
20:01:02.0 (91521936)|SOQL_EXECUTE_BEGIN|[200]|Aggregations:0|SELECT Name, NamespacePrefix, SystemModStamp FROM StaticResource WHERE Name LIKE :tmpVar1 LIMIT 10
20:01:02.0 (94280206)|SOQL_EXECUTE_END|[200]|Rows:1
20:01:02.0 (94721693)|ENTERING_MANAGED_PKG|tdc_tsw
20:01:02.0 (98956348)|ENTERING_MANAGED_PKG|tdc_tsw
20:01:02.0 (100698331)|ENTERING_MANAGED_PKG|tdc_tsw
20:01:02.0 (101027995)|ENTERING_MANAGED_PKG|tdc_tsw
20:01:02.0 (102006487)|ENTERING_MANAGED_PKG|tdc_tsw
20:01:02.0 (102550060)|SOQL_EXECUTE_BEGIN|[200]|Aggregations:0|SELECT Name, NamespacePrefix, SystemModStamp FROM StaticResource WHERE Name LIKE :tmpVar1 LIMIT 10
20:01:02.0 (106033473)|SOQL_EXECUTE_END|[200]|Rows:1
20:01:02.112 (112994046)|USER_INFO|[EXTERNAL]|0051H000009gxp8|chanida.dev2@solvedbysoftwareco.com|Eastern Standard Time|GMT-05:00
20:01:02.112 (115225041)|ENTERING_MANAGED_PKG|tdc_tsw
20:01:02.112 (115477431)|ENTERING_MANAGED_PKG|tdc_tsw
20:01:02.112 (118234399)|SOQL_EXECUTE_BEGIN|[355]|Aggregations:0|SELECT id, name, Disable_Incoming_SMS_Sharing__c FROM User WHERE id = :tmpVar1
20:01:02.112 (125095999)|SOQL_EXECUTE_END|[355]|Rows:1
20:01:02.112 (126723434)|SOQL_EXECUTE_BEGIN|[367]|Aggregations:0|SELECT CreatedDate,Id,LastModifiedDate,Related_Object_Id__c FROM Message__c WHERE Name = 'Incoming' AND Read__c = false ORDER BY CreatedDate Desc limit 100
20:01:02.112 (135791930)|SOQL_EXECUTE_END|[367]|Rows:84
