44.0 APEX_CODE,FINEST;APEX_PROFILING,INFO;CALLOUT,INFO;DB,INFO;NBA,INFO;SYSTEM,DEBUG;VALIDATION,INFO;VISUALFORCE,INFO;WAVE,INFO;WORKFLOW,INFO
10:59:45.0 (128311)|USER_INFO|[EXTERNAL]|0051H000009gxp8|chanida.dev2@solvedbysoftwareco.com|Eastern Standard Time|GMT-05:00
10:59:45.0 (2069110)|ENTERING_MANAGED_PKG|tdc_tsw
10:59:45.0 (2505374)|ENTERING_MANAGED_PKG|tdc_tsw
10:59:45.0 (6651906)|SOQL_EXECUTE_BEGIN|[16]|Aggregations:0|SELECT id, name, Disable_Incoming_SMS_Sharing__c FROM User WHERE id = :tmpVar1
10:59:45.0 (15328037)|SOQL_EXECUTE_END|[16]|Rows:1
10:59:45.0 (21494294)|SOQL_EXECUTE_BEGIN|[37]|Aggregations:0|SELECT CreatedDate,Created_Date__c,Id,LastModifiedDate,MessageId__c,Message_Text_New__c,Name,OwnerId,Read__c,Related_Object_Id__c,Related_Object__c,Sender_Number__c, Sender_Name__c,ToNumber__c,Attachments_Ids__c FROM Message__c WHERE Name = 'Incoming' AND Read__c = false ORDER BY CreatedDate Desc limit 100
10:59:45.0 (46467341)|SOQL_EXECUTE_END|[37]|Rows:100
10:59:45.0 (71398637)|ENTERING_MANAGED_PKG|tdc_tsw
10:59:45.0 (73695240)|ENTERING_MANAGED_PKG|tdc_tsw
10:59:45.0 (74168378)|ENTERING_MANAGED_PKG|tdc_tsw
10:59:45.0 (74812729)|ENTERING_MANAGED_PKG|tdc_tsw
10:59:45.0 (77723597)|ENTERING_MANAGED_PKG|tdc_tsw
10:59:45.0 (78495049)|ENTERING_MANAGED_PKG|tdc_tsw
10:59:45.0 (78748444)|ENTERING_MANAGED_PKG|tdc_tsw
10:59:45.0 (79242571)|ENTERING_MANAGED_PKG|tdc_tsw
10:59:45.0 (81034766)|ENTERING_MANAGED_PKG|tdc_tsw
10:59:45.0 (82071841)|ENTERING_MANAGED_PKG|tdc_tsw
10:59:45.0 (82297663)|ENTERING_MANAGED_PKG|tdc_tsw
10:59:45.0 (82720365)|ENTERING_MANAGED_PKG|tdc_tsw
10:59:45.0 (84161272)|ENTERING_MANAGED_PKG|tdc_tsw
10:59:45.0 (85244465)|ENTERING_MANAGED_PKG|tdc_tsw
10:59:45.0 (85521977)|ENTERING_MANAGED_PKG|tdc_tsw
10:59:45.0 (86088063)|ENTERING_MANAGED_PKG|tdc_tsw
10:59:45.0 (87273318)|ENTERING_MANAGED_PKG|tdc_tsw
10:59:45.0 (88278381)|ENTERING_MANAGED_PKG|tdc_tsw
10:59:45.0 (88513018)|ENTERING_MANAGED_PKG|tdc_tsw
10:59:45.0 (88945500)|ENTERING_MANAGED_PKG|tdc_tsw
10:59:45.0 (90380392)|ENTERING_MANAGED_PKG|tdc_tsw
10:59:45.0 (91816805)|ENTERING_MANAGED_PKG|tdc_tsw
10:59:45.0 (92279956)|ENTERING_MANAGED_PKG|tdc_tsw
10:59:45.0 (92936355)|ENTERING_MANAGED_PKG|tdc_tsw
10:59:45.0 (94796683)|ENTERING_MANAGED_PKG|tdc_tsw
10:59:45.0 (95993528)|ENTERING_MANAGED_PKG|tdc_tsw
10:59:45.0 (96376186)|ENTERING_MANAGED_PKG|tdc_tsw
10:59:45.0 (97104663)|ENTERING_MANAGED_PKG|tdc_tsw
10:59:45.0 (98709958)|ENTERING_MANAGED_PKG|tdc_tsw
10:59:45.0 (99818649)|ENTERING_MANAGED_PKG|tdc_tsw
10:59:45.0 (100114527)|ENTERING_MANAGED_PKG|tdc_tsw
10:59:45.0 (100661240)|ENTERING_MANAGED_PKG|tdc_tsw
10:59:45.0 (101942057)|ENTERING_MANAGED_PKG|tdc_tsw
10:59:45.0 (102994662)|ENTERING_MANAGED_PKG|tdc_tsw
10:59:45.0 (103315162)|ENTERING_MANAGED_PKG|tdc_tsw
10:59:45.0 (103852522)|ENTERING_MANAGED_PKG|tdc_tsw
10:59:45.0 (105335966)|ENTERING_MANAGED_PKG|tdc_tsw
10:59:45.0 (106280963)|ENTERING_MANAGED_PKG|tdc_tsw
10:59:45.0 (106659275)|ENTERING_MANAGED_PKG|tdc_tsw
10:59:45.0 (107426014)|ENTERING_MANAGED_PKG|tdc_tsw
10:59:45.0 (109578650)|ENTERING_MANAGED_PKG|tdc_tsw
10:59:45.0 (110954106)|ENTERING_MANAGED_PKG|tdc_tsw
10:59:45.0 (111403331)|ENTERING_MANAGED_PKG|tdc_tsw
10:59:45.0 (112143399)|ENTERING_MANAGED_PKG|tdc_tsw
10:59:45.0 (113747775)|ENTERING_MANAGED_PKG|tdc_tsw
10:59:45.0 (114785689)|ENTERING_MANAGED_PKG|tdc_tsw
10:59:45.0 (115122012)|ENTERING_MANAGED_PKG|tdc_tsw
10:59:45.0 (115746916)|ENTERING_MANAGED_PKG|tdc_tsw
10:59:45.0 (117453095)|ENTERING_MANAGED_PKG|tdc_tsw
10:59:45.0 (118580232)|ENTERING_MANAGED_PKG|tdc_tsw
10:59:45.0 (118897126)|ENTERING_MANAGED_PKG|tdc_tsw
10:59:45.0 (119475101)|ENTERING_MANAGED_PKG|tdc_tsw
10:59:45.0 (121340241)|ENTERING_MANAGED_PKG|tdc_tsw
10:59:45.0 (122760905)|ENTERING_MANAGED_PKG|tdc_tsw
10:59:45.0 (123040037)|ENTERING_MANAGED_PKG|tdc_tsw
10:59:45.0 (123530758)|ENTERING_MANAGED_PKG|tdc_tsw
10:59:45.0 (124976125)|ENTERING_MANAGED_PKG|tdc_tsw
10:59:45.0 (125984683)|ENTERING_MANAGED_PKG|tdc_tsw
10:59:45.0 (126273913)|ENTERING_MANAGED_PKG|tdc_tsw
10:59:45.0 (126873208)|ENTERING_MANAGED_PKG|tdc_tsw
10:59:45.0 (128298241)|ENTERING_MANAGED_PKG|tdc_tsw
10:59:45.0 (129412664)|ENTERING_MANAGED_PKG|tdc_tsw
10:59:45.0 (129719923)|ENTERING_MANAGED_PKG|tdc_tsw
10:59:45.0 (130250935)|ENTERING_MANAGED_PKG|tdc_tsw
10:59:45.0 (131490237)|ENTERING_MANAGED_PKG|tdc_tsw
10:59:45.0 (132436711)|ENTERING_MANAGED_PKG|tdc_tsw
10:59:45.0 (132687369)|ENTERING_MANAGED_PKG|tdc_tsw
10:59:45.0 (133136449)|ENTERING_MANAGED_PKG|tdc_tsw
10:59:45.0 (135067700)|ENTERING_MANAGED_PKG|tdc_tsw
10:59:45.0 (136132102)|ENTERING_MANAGED_PKG|tdc_tsw
10:59:45.0 (136495027)|ENTERING_MANAGED_PKG|tdc_tsw
10:59:45.0 (140097422)|ENTERING_MANAGED_PKG|tdc_tsw
10:59:45.0 (141390672)|ENTERING_MANAGED_PKG|tdc_tsw
10:59:45.0 (142326627)|ENTERING_MANAGED_PKG|tdc_tsw
10:59:45.0 (142574626)|ENTERING_MANAGED_PKG|tdc_tsw
10:59:45.0 (143046787)|ENTERING_MANAGED_PKG|tdc_tsw
10:59:45.0 (144385197)|ENTERING_MANAGED_PKG|tdc_tsw
10:59:45.0 (145341828)|ENTERING_MANAGED_PKG|tdc_tsw
10:59:45.0 (145738530)|ENTERING_MANAGED_PKG|tdc_tsw
10:59:45.0 (146290037)|ENTERING_MANAGED_PKG|tdc_tsw
10:59:45.0 (147459671)|ENTERING_MANAGED_PKG|tdc_tsw
10:59:45.0 (148378788)|ENTERING_MANAGED_PKG|tdc_tsw
10:59:45.0 (148646407)|ENTERING_MANAGED_PKG|tdc_tsw
10:59:45.0 (149434754)|ENTERING_MANAGED_PKG|tdc_tsw
10:59:45.0 (151574722)|ENTERING_MANAGED_PKG|tdc_tsw
10:59:45.0 (153017679)|ENTERING_MANAGED_PKG|tdc_tsw
10:59:45.0 (153482487)|ENTERING_MANAGED_PKG|tdc_tsw
10:59:45.0 (154085745)|ENTERING_MANAGED_PKG|tdc_tsw
10:59:45.0 (155886131)|ENTERING_MANAGED_PKG|tdc_tsw
10:59:45.0 (156789447)|ENTERING_MANAGED_PKG|tdc_tsw
10:59:45.0 (157028391)|ENTERING_MANAGED_PKG|tdc_tsw
10:59:45.0 (157720648)|ENTERING_MANAGED_PKG|tdc_tsw
10:59:45.0 (159127918)|ENTERING_MANAGED_PKG|tdc_tsw
10:59:45.0 (160178662)|ENTERING_MANAGED_PKG|tdc_tsw
10:59:45.0 (160603583)|ENTERING_MANAGED_PKG|tdc_tsw
10:59:45.0 (161382712)|ENTERING_MANAGED_PKG|tdc_tsw
10:59:45.0 (163278033)|ENTERING_MANAGED_PKG|tdc_tsw
10:59:45.0 (164425785)|ENTERING_MANAGED_PKG|tdc_tsw
10:59:45.0 (164694395)|ENTERING_MANAGED_PKG|tdc_tsw
10:59:45.0 (165119172)|ENTERING_MANAGED_PKG|tdc_tsw
10:59:45.0 (166619541)|ENTERING_MANAGED_PKG|tdc_tsw
10:59:45.0 (167955693)|ENTERING_MANAGED_PKG|tdc_tsw
10:59:45.0 (168429511)|ENTERING_MANAGED_PKG|tdc_tsw
10:59:45.0 (169210424)|ENTERING_MANAGED_PKG|tdc_tsw
10:59:45.0 (171041176)|ENTERING_MANAGED_PKG|tdc_tsw
10:59:45.0 (172039166)|ENTERING_MANAGED_PKG|tdc_tsw
10:59:45.0 (172558898)|ENTERING_MANAGED_PKG|tdc_tsw
10:59:45.0 (173053762)|ENTERING_MANAGED_PKG|tdc_tsw
10:59:45.0 (174284606)|ENTERING_MANAGED_PKG|tdc_tsw
10:59:45.0 (175117546)|ENTERING_MANAGED_PKG|tdc_tsw
10:59:45.0 (175371767)|ENTERING_MANAGED_PKG|tdc_tsw
10:59:45.0 (175849542)|ENTERING_MANAGED_PKG|tdc_tsw
10:59:45.0 (177081248)|ENTERING_MANAGED_PKG|tdc_tsw
10:59:45.0 (177931101)|ENTERING_MANAGED_PKG|tdc_tsw
10:59:45.0 (178184247)|ENTERING_MANAGED_PKG|tdc_tsw
10:59:45.0 (178654949)|ENTERING_MANAGED_PKG|tdc_tsw
10:59:45.0 (179938312)|ENTERING_MANAGED_PKG|tdc_tsw
10:59:45.0 (180749195)|ENTERING_MANAGED_PKG|tdc_tsw
10:59:45.0 (181002887)|ENTERING_MANAGED_PKG|tdc_tsw
10:59:45.0 (181493479)|ENTERING_MANAGED_PKG|tdc_tsw
10:59:45.0 (182667821)|ENTERING_MANAGED_PKG|tdc_tsw
10:59:45.0 (183422709)|ENTERING_MANAGED_PKG|tdc_tsw
10:59:45.0 (183670597)|ENTERING_MANAGED_PKG|tdc_tsw
10:59:45.0 (184109579)|ENTERING_MANAGED_PKG|tdc_tsw
10:59:45.0 (185254929)|ENTERING_MANAGED_PKG|tdc_tsw
10:59:45.0 (186026250)|ENTERING_MANAGED_PKG|tdc_tsw
10:59:45.0 (186264971)|ENTERING_MANAGED_PKG|tdc_tsw
10:59:45.0 (186744310)|ENTERING_MANAGED_PKG|tdc_tsw
10:59:45.0 (187983402)|ENTERING_MANAGED_PKG|tdc_tsw
10:59:45.0 (188755054)|ENTERING_MANAGED_PKG|tdc_tsw
10:59:45.0 (188993331)|ENTERING_MANAGED_PKG|tdc_tsw
10:59:45.0 (189401958)|ENTERING_MANAGED_PKG|tdc_tsw
10:59:45.0 (190552861)|ENTERING_MANAGED_PKG|tdc_tsw
10:59:45.0 (191365203)|ENTERING_MANAGED_PKG|tdc_tsw
10:59:45.0 (191611102)|ENTERING_MANAGED_PKG|tdc_tsw
10:59:45.0 (192010217)|ENTERING_MANAGED_PKG|tdc_tsw
10:59:45.0 (193181410)|ENTERING_MANAGED_PKG|tdc_tsw
10:59:45.0 (194026924)|ENTERING_MANAGED_PKG|tdc_tsw
10:59:45.0 (194265419)|ENTERING_MANAGED_PKG|tdc_tsw
10:59:45.0 (194677048)|ENTERING_MANAGED_PKG|tdc_tsw
10:59:45.0 (195831980)|ENTERING_MANAGED_PKG|tdc_tsw
10:59:45.0 (196674976)|ENTERING_MANAGED_PKG|tdc_tsw
10:59:45.0 (196923287)|ENTERING_MANAGED_PKG|tdc_tsw
10:59:45.0 (197322879)|ENTERING_MANAGED_PKG|tdc_tsw
10:59:45.0 (198463996)|ENTERING_MANAGED_PKG|tdc_tsw
10:59:45.0 (199256389)|ENTERING_MANAGED_PKG|tdc_tsw
10:59:45.0 (199501168)|ENTERING_MANAGED_PKG|tdc_tsw
10:59:45.0 (199933991)|ENTERING_MANAGED_PKG|tdc_tsw
10:59:45.0 (201082349)|ENTERING_MANAGED_PKG|tdc_tsw
10:59:45.0 (201848145)|ENTERING_MANAGED_PKG|tdc_tsw
10:59:45.0 (202085379)|ENTERING_MANAGED_PKG|tdc_tsw
10:59:45.0 (202484461)|ENTERING_MANAGED_PKG|tdc_tsw
10:59:45.0 (203764105)|ENTERING_MANAGED_PKG|tdc_tsw
10:59:45.0 (204527552)|ENTERING_MANAGED_PKG|tdc_tsw
10:59:45.0 (204803192)|ENTERING_MANAGED_PKG|tdc_tsw
10:59:45.0 (205222259)|ENTERING_MANAGED_PKG|tdc_tsw
10:59:45.0 (206417435)|ENTERING_MANAGED_PKG|tdc_tsw
10:59:45.0 (207196671)|ENTERING_MANAGED_PKG|tdc_tsw
10:59:45.0 (207436181)|ENTERING_MANAGED_PKG|tdc_tsw
10:59:45.0 (207842863)|ENTERING_MANAGED_PKG|tdc_tsw
10:59:45.0 (209042426)|ENTERING_MANAGED_PKG|tdc_tsw
10:59:45.0 (209827048)|ENTERING_MANAGED_PKG|tdc_tsw
10:59:45.0 (210061909)|ENTERING_MANAGED_PKG|tdc_tsw
10:59:45.0 (210457303)|ENTERING_MANAGED_PKG|tdc_tsw
10:59:45.0 (211647462)|ENTERING_MANAGED_PKG|tdc_tsw
10:59:45.0 (212523092)|ENTERING_MANAGED_PKG|tdc_tsw
10:59:45.0 (212763617)|ENTERING_MANAGED_PKG|tdc_tsw
10:59:45.0 (213244955)|ENTERING_MANAGED_PKG|tdc_tsw
10:59:45.0 (214496194)|ENTERING_MANAGED_PKG|tdc_tsw
10:59:45.0 (215274856)|ENTERING_MANAGED_PKG|tdc_tsw
10:59:45.0 (215514731)|ENTERING_MANAGED_PKG|tdc_tsw
10:59:45.0 (215945794)|ENTERING_MANAGED_PKG|tdc_tsw
10:59:45.0 (217100190)|ENTERING_MANAGED_PKG|tdc_tsw
10:59:45.0 (217875248)|ENTERING_MANAGED_PKG|tdc_tsw
10:59:45.0 (218110154)|ENTERING_MANAGED_PKG|tdc_tsw
10:59:45.0 (218585890)|ENTERING_MANAGED_PKG|tdc_tsw
10:59:45.0 (220081141)|ENTERING_MANAGED_PKG|tdc_tsw
10:59:45.0 (220852842)|ENTERING_MANAGED_PKG|tdc_tsw
10:59:45.0 (221117301)|ENTERING_MANAGED_PKG|tdc_tsw
10:59:45.0 (221515622)|ENTERING_MANAGED_PKG|tdc_tsw
10:59:45.0 (222696153)|ENTERING_MANAGED_PKG|tdc_tsw
10:59:45.0 (223500891)|ENTERING_MANAGED_PKG|tdc_tsw
10:59:45.0 (223754298)|ENTERING_MANAGED_PKG|tdc_tsw
10:59:45.0 (224184713)|ENTERING_MANAGED_PKG|tdc_tsw
10:59:45.0 (225426497)|ENTERING_MANAGED_PKG|tdc_tsw
10:59:45.0 (226249027)|ENTERING_MANAGED_PKG|tdc_tsw
10:59:45.0 (226503293)|ENTERING_MANAGED_PKG|tdc_tsw
10:59:45.0 (226935343)|ENTERING_MANAGED_PKG|tdc_tsw
10:59:45.0 (228147715)|ENTERING_MANAGED_PKG|tdc_tsw
10:59:45.0 (228989570)|ENTERING_MANAGED_PKG|tdc_tsw
10:59:45.0 (229240327)|ENTERING_MANAGED_PKG|tdc_tsw
10:59:45.0 (229675126)|ENTERING_MANAGED_PKG|tdc_tsw
10:59:45.0 (230893965)|ENTERING_MANAGED_PKG|tdc_tsw
10:59:45.0 (231716213)|ENTERING_MANAGED_PKG|tdc_tsw
10:59:45.0 (231992618)|ENTERING_MANAGED_PKG|tdc_tsw
10:59:45.0 (232422178)|ENTERING_MANAGED_PKG|tdc_tsw
10:59:45.0 (233631547)|ENTERING_MANAGED_PKG|tdc_tsw
10:59:45.0 (234436004)|ENTERING_MANAGED_PKG|tdc_tsw
10:59:45.0 (234689512)|ENTERING_MANAGED_PKG|tdc_tsw
10:59:45.0 (235146528)|ENTERING_MANAGED_PKG|tdc_tsw
10:59:45.0 (236366196)|ENTERING_MANAGED_PKG|tdc_tsw
10:59:45.0 (237188009)|ENTERING_MANAGED_PKG|tdc_tsw
10:59:45.0 (237439016)|ENTERING_MANAGED_PKG|tdc_tsw
10:59:45.0 (237919048)|ENTERING_MANAGED_PKG|tdc_tsw
10:59:45.0 (239121854)|ENTERING_MANAGED_PKG|tdc_tsw
10:59:45.0 (239927213)|ENTERING_MANAGED_PKG|tdc_tsw
10:59:45.0 (240173322)|ENTERING_MANAGED_PKG|tdc_tsw
10:59:45.0 (240606823)|ENTERING_MANAGED_PKG|tdc_tsw
10:59:45.0 (241929835)|ENTERING_MANAGED_PKG|tdc_tsw
10:59:45.0 (242796920)|ENTERING_MANAGED_PKG|tdc_tsw
10:59:45.0 (243088173)|ENTERING_MANAGED_PKG|tdc_tsw
10:59:45.0 (243509476)|ENTERING_MANAGED_PKG|tdc_tsw
10:59:45.0 (244761630)|ENTERING_MANAGED_PKG|tdc_tsw
10:59:45.0 (245580460)|ENTERING_MANAGED_PKG|tdc_tsw
10:59:45.0 (245826184)|ENTERING_MANAGED_PKG|tdc_tsw
10:59:45.0 (246245185)|ENTERING_MANAGED_PKG|tdc_tsw
10:59:45.0 (247496530)|ENTERING_MANAGED_PKG|tdc_tsw
10:59:45.0 (248310359)|ENTERING_MANAGED_PKG|tdc_tsw
10:59:45.0 (248566734)|ENTERING_MANAGED_PKG|tdc_tsw
10:59:45.0 (249017117)|ENTERING_MANAGED_PKG|tdc_tsw
10:59:45.0 (250226864)|ENTERING_MANAGED_PKG|tdc_tsw
10:59:45.0 (251029777)|ENTERING_MANAGED_PKG|tdc_tsw
10:59:45.0 (251342324)|ENTERING_MANAGED_PKG|tdc_tsw
10:59:45.0 (251782865)|ENTERING_MANAGED_PKG|tdc_tsw
10:59:45.0 (252935086)|ENTERING_MANAGED_PKG|tdc_tsw
10:59:45.0 (253701559)|ENTERING_MANAGED_PKG|tdc_tsw
10:59:45.0 (253940397)|ENTERING_MANAGED_PKG|tdc_tsw
10:59:45.0 (254340733)|ENTERING_MANAGED_PKG|tdc_tsw
10:59:45.0 (255468737)|ENTERING_MANAGED_PKG|tdc_tsw
10:59:45.0 (256230957)|ENTERING_MANAGED_PKG|tdc_tsw
10:59:45.0 (256445101)|ENTERING_MANAGED_PKG|tdc_tsw
10:59:45.0 (256853492)|ENTERING_MANAGED_PKG|tdc_tsw
10:59:45.0 (258007026)|ENTERING_MANAGED_PKG|tdc_tsw
10:59:45.0 (258698043)|ENTERING_MANAGED_PKG|tdc_tsw
10:59:45.0 (259067863)|ENTERING_MANAGED_PKG|tdc_tsw
10:59:45.0 (259531116)|SOQL_EXECUTE_BEGIN|[200]|Aggregations:0|SELECT Name, NamespacePrefix, SystemModStamp FROM StaticResource WHERE Name LIKE :tmpVar1 LIMIT 10
10:59:45.0 (262126786)|SOQL_EXECUTE_END|[200]|Rows:1
10:59:45.0 (263031547)|ENTERING_MANAGED_PKG|tdc_tsw
10:59:45.0 (263687661)|SOQL_EXECUTE_BEGIN|[200]|Aggregations:0|SELECT Name, NamespacePrefix, SystemModStamp FROM StaticResource WHERE Name LIKE :tmpVar1 LIMIT 10
10:59:45.0 (267059624)|SOQL_EXECUTE_END|[200]|Rows:1
10:59:45.0 (267672258)|ENTERING_MANAGED_PKG|tdc_tsw
10:59:45.0 (270832682)|ENTERING_MANAGED_PKG|tdc_tsw
10:59:45.0 (272261378)|ENTERING_MANAGED_PKG|tdc_tsw
10:59:45.0 (272517217)|ENTERING_MANAGED_PKG|tdc_tsw
10:59:45.0 (273368732)|ENTERING_MANAGED_PKG|tdc_tsw
10:59:45.0 (273802068)|SOQL_EXECUTE_BEGIN|[200]|Aggregations:0|SELECT Name, NamespacePrefix, SystemModStamp FROM StaticResource WHERE Name LIKE :tmpVar1 LIMIT 10
10:59:45.0 (276209655)|SOQL_EXECUTE_END|[200]|Rows:1
10:59:45.289 (289437668)|USER_INFO|[EXTERNAL]|0051H000009gxp8|chanida.dev2@solvedbysoftwareco.com|Eastern Standard Time|GMT-05:00
10:59:45.289 (291098466)|ENTERING_MANAGED_PKG|tdc_tsw
10:59:45.289 (291299126)|ENTERING_MANAGED_PKG|tdc_tsw
10:59:45.289 (295162858)|SOQL_EXECUTE_BEGIN|[355]|Aggregations:0|SELECT id, name, Disable_Incoming_SMS_Sharing__c FROM User WHERE id = :tmpVar1
10:59:45.289 (336785066)|SOQL_EXECUTE_END|[355]|Rows:1
10:59:45.289 (338631163)|SOQL_EXECUTE_BEGIN|[367]|Aggregations:0|SELECT CreatedDate,Id,LastModifiedDate,Related_Object_Id__c FROM Message__c WHERE Name = 'Incoming' AND Read__c = false ORDER BY CreatedDate Desc limit 100
10:59:45.289 (353051122)|SOQL_EXECUTE_END|[367]|Rows:100
