44.0 APEX_CODE,FINEST;APEX_PROFILING,INFO;CALLOUT,INFO;DB,INFO;NBA,INFO;SYSTEM,DEBUG;VALIDATION,INFO;VISUALFORCE,INFO;WAVE,INFO;WORKFLOW,INFO
22:42:06.0 (211552)|USER_INFO|[EXTERNAL]|0051H000009gxp8|chanida.dev2@solvedbysoftwareco.com|Eastern Standard Time|GMT-05:00
22:42:06.0 (1890635)|ENTERING_MANAGED_PKG|tdc_tsw
22:42:06.0 (2271374)|ENTERING_MANAGED_PKG|tdc_tsw
22:42:06.0 (5606577)|SOQL_EXECUTE_BEGIN|[16]|Aggregations:0|SELECT id, name, Disable_Incoming_SMS_Sharing__c FROM User WHERE id = :tmpVar1
22:42:06.0 (11689121)|SOQL_EXECUTE_END|[16]|Rows:1
22:42:06.0 (16579483)|SOQL_EXECUTE_BEGIN|[37]|Aggregations:0|SELECT CreatedDate,Created_Date__c,Id,LastModifiedDate,MessageId__c,Message_Text_New__c,Name,OwnerId,Read__c,Related_Object_Id__c,Related_Object__c,Sender_Number__c, Sender_Name__c,ToNumber__c,Attachments_Ids__c FROM Message__c WHERE Name = 'Incoming' AND Read__c = false ORDER BY CreatedDate Desc limit 100
22:42:06.0 (30998430)|SOQL_EXECUTE_END|[37]|Rows:100
22:42:06.0 (46502908)|ENTERING_MANAGED_PKG|tdc_tsw
22:42:06.0 (48293135)|ENTERING_MANAGED_PKG|tdc_tsw
22:42:06.0 (48781308)|ENTERING_MANAGED_PKG|tdc_tsw
22:42:06.0 (49517603)|ENTERING_MANAGED_PKG|tdc_tsw
22:42:06.0 (52118625)|ENTERING_MANAGED_PKG|tdc_tsw
22:42:06.0 (52843361)|ENTERING_MANAGED_PKG|tdc_tsw
22:42:06.0 (53055772)|ENTERING_MANAGED_PKG|tdc_tsw
22:42:06.0 (53428123)|ENTERING_MANAGED_PKG|tdc_tsw
22:42:06.0 (54425233)|ENTERING_MANAGED_PKG|tdc_tsw
22:42:06.0 (55164989)|ENTERING_MANAGED_PKG|tdc_tsw
22:42:06.0 (55377276)|ENTERING_MANAGED_PKG|tdc_tsw
22:42:06.0 (55739083)|ENTERING_MANAGED_PKG|tdc_tsw
22:42:06.0 (56721724)|ENTERING_MANAGED_PKG|tdc_tsw
22:42:06.0 (57431285)|ENTERING_MANAGED_PKG|tdc_tsw
22:42:06.0 (57640647)|ENTERING_MANAGED_PKG|tdc_tsw
22:42:06.0 (58000280)|ENTERING_MANAGED_PKG|tdc_tsw
22:42:06.0 (58991174)|ENTERING_MANAGED_PKG|tdc_tsw
22:42:06.0 (59697549)|ENTERING_MANAGED_PKG|tdc_tsw
22:42:06.0 (59907179)|ENTERING_MANAGED_PKG|tdc_tsw
22:42:06.0 (60279352)|ENTERING_MANAGED_PKG|tdc_tsw
22:42:06.0 (61256692)|ENTERING_MANAGED_PKG|tdc_tsw
22:42:06.0 (61990980)|ENTERING_MANAGED_PKG|tdc_tsw
22:42:06.0 (62208318)|ENTERING_MANAGED_PKG|tdc_tsw
22:42:06.0 (62578034)|ENTERING_MANAGED_PKG|tdc_tsw
22:42:06.0 (63610221)|ENTERING_MANAGED_PKG|tdc_tsw
22:42:06.0 (64305146)|ENTERING_MANAGED_PKG|tdc_tsw
22:42:06.0 (64514040)|ENTERING_MANAGED_PKG|tdc_tsw
22:42:06.0 (64926652)|ENTERING_MANAGED_PKG|tdc_tsw
22:42:06.0 (65907962)|ENTERING_MANAGED_PKG|tdc_tsw
22:42:06.0 (66665435)|ENTERING_MANAGED_PKG|tdc_tsw
22:42:06.0 (66887866)|ENTERING_MANAGED_PKG|tdc_tsw
22:42:06.0 (67261218)|ENTERING_MANAGED_PKG|tdc_tsw
22:42:06.0 (68241445)|ENTERING_MANAGED_PKG|tdc_tsw
22:42:06.0 (68961130)|ENTERING_MANAGED_PKG|tdc_tsw
22:42:06.0 (69199795)|ENTERING_MANAGED_PKG|tdc_tsw
22:42:06.0 (69564438)|ENTERING_MANAGED_PKG|tdc_tsw
22:42:06.0 (70569433)|ENTERING_MANAGED_PKG|tdc_tsw
22:42:06.0 (71285512)|ENTERING_MANAGED_PKG|tdc_tsw
22:42:06.0 (71496005)|ENTERING_MANAGED_PKG|tdc_tsw
22:42:06.0 (71865136)|ENTERING_MANAGED_PKG|tdc_tsw
22:42:06.0 (72880202)|ENTERING_MANAGED_PKG|tdc_tsw
22:42:06.0 (73573668)|ENTERING_MANAGED_PKG|tdc_tsw
22:42:06.0 (73782332)|ENTERING_MANAGED_PKG|tdc_tsw
22:42:06.0 (74148633)|ENTERING_MANAGED_PKG|tdc_tsw
22:42:06.0 (75238307)|ENTERING_MANAGED_PKG|tdc_tsw
22:42:06.0 (75926303)|ENTERING_MANAGED_PKG|tdc_tsw
22:42:06.0 (76141118)|ENTERING_MANAGED_PKG|tdc_tsw
22:42:06.0 (76502125)|ENTERING_MANAGED_PKG|tdc_tsw
22:42:06.0 (77480388)|ENTERING_MANAGED_PKG|tdc_tsw
22:42:06.0 (78285850)|ENTERING_MANAGED_PKG|tdc_tsw
22:42:06.0 (78497120)|ENTERING_MANAGED_PKG|tdc_tsw
22:42:06.0 (78893598)|ENTERING_MANAGED_PKG|tdc_tsw
22:42:06.0 (79918713)|ENTERING_MANAGED_PKG|tdc_tsw
22:42:06.0 (80626158)|ENTERING_MANAGED_PKG|tdc_tsw
22:42:06.0 (80836413)|ENTERING_MANAGED_PKG|tdc_tsw
22:42:06.0 (81203906)|ENTERING_MANAGED_PKG|tdc_tsw
22:42:06.0 (82250676)|ENTERING_MANAGED_PKG|tdc_tsw
22:42:06.0 (82977205)|ENTERING_MANAGED_PKG|tdc_tsw
22:42:06.0 (83192525)|ENTERING_MANAGED_PKG|tdc_tsw
22:42:06.0 (83551255)|ENTERING_MANAGED_PKG|tdc_tsw
22:42:06.0 (84525086)|ENTERING_MANAGED_PKG|tdc_tsw
22:42:06.0 (85220298)|ENTERING_MANAGED_PKG|tdc_tsw
22:42:06.0 (85459165)|ENTERING_MANAGED_PKG|tdc_tsw
22:42:06.0 (85834081)|ENTERING_MANAGED_PKG|tdc_tsw
22:42:06.0 (86814624)|ENTERING_MANAGED_PKG|tdc_tsw
22:42:06.0 (87535853)|ENTERING_MANAGED_PKG|tdc_tsw
22:42:06.0 (87745295)|ENTERING_MANAGED_PKG|tdc_tsw
22:42:06.0 (88110603)|ENTERING_MANAGED_PKG|tdc_tsw
22:42:06.0 (89079562)|ENTERING_MANAGED_PKG|tdc_tsw
22:42:06.0 (89783022)|ENTERING_MANAGED_PKG|tdc_tsw
22:42:06.0 (90041213)|ENTERING_MANAGED_PKG|tdc_tsw
22:42:06.0 (90423706)|ENTERING_MANAGED_PKG|tdc_tsw
22:42:06.0 (91400953)|ENTERING_MANAGED_PKG|tdc_tsw
22:42:06.0 (92090237)|ENTERING_MANAGED_PKG|tdc_tsw
22:42:06.0 (92308469)|ENTERING_MANAGED_PKG|tdc_tsw
22:42:06.0 (92664095)|ENTERING_MANAGED_PKG|tdc_tsw
22:42:06.0 (93658086)|ENTERING_MANAGED_PKG|tdc_tsw
22:42:06.0 (94353495)|ENTERING_MANAGED_PKG|tdc_tsw
22:42:06.0 (94561884)|ENTERING_MANAGED_PKG|tdc_tsw
22:42:06.0 (94917464)|ENTERING_MANAGED_PKG|tdc_tsw
22:42:06.0 (95896489)|ENTERING_MANAGED_PKG|tdc_tsw
22:42:06.0 (96623888)|ENTERING_MANAGED_PKG|tdc_tsw
22:42:06.0 (96832728)|ENTERING_MANAGED_PKG|tdc_tsw
22:42:06.0 (97208822)|ENTERING_MANAGED_PKG|tdc_tsw
22:42:06.0 (98190892)|ENTERING_MANAGED_PKG|tdc_tsw
22:42:06.0 (98878660)|ENTERING_MANAGED_PKG|tdc_tsw
22:42:06.0 (99086099)|ENTERING_MANAGED_PKG|tdc_tsw
22:42:06.0 (99451740)|ENTERING_MANAGED_PKG|tdc_tsw
22:42:06.0 (100426729)|ENTERING_MANAGED_PKG|tdc_tsw
22:42:06.0 (101116343)|ENTERING_MANAGED_PKG|tdc_tsw
22:42:06.0 (101325553)|ENTERING_MANAGED_PKG|tdc_tsw
22:42:06.0 (101685143)|ENTERING_MANAGED_PKG|tdc_tsw
22:42:06.0 (102659245)|ENTERING_MANAGED_PKG|tdc_tsw
22:42:06.0 (103350102)|ENTERING_MANAGED_PKG|tdc_tsw
22:42:06.0 (103559560)|ENTERING_MANAGED_PKG|tdc_tsw
22:42:06.0 (103919106)|ENTERING_MANAGED_PKG|tdc_tsw
22:42:06.0 (104924262)|ENTERING_MANAGED_PKG|tdc_tsw
22:42:06.0 (105617943)|ENTERING_MANAGED_PKG|tdc_tsw
22:42:06.0 (105826828)|ENTERING_MANAGED_PKG|tdc_tsw
22:42:06.0 (106196317)|ENTERING_MANAGED_PKG|tdc_tsw
22:42:06.0 (107285320)|ENTERING_MANAGED_PKG|tdc_tsw
22:42:06.0 (107973650)|ENTERING_MANAGED_PKG|tdc_tsw
22:42:06.0 (108193891)|ENTERING_MANAGED_PKG|tdc_tsw
22:42:06.0 (108553018)|ENTERING_MANAGED_PKG|tdc_tsw
22:42:06.0 (109613051)|ENTERING_MANAGED_PKG|tdc_tsw
22:42:06.0 (110594721)|ENTERING_MANAGED_PKG|tdc_tsw
22:42:06.0 (110807555)|ENTERING_MANAGED_PKG|tdc_tsw
22:42:06.0 (111280652)|ENTERING_MANAGED_PKG|tdc_tsw
22:42:06.0 (112313316)|ENTERING_MANAGED_PKG|tdc_tsw
22:42:06.0 (113013448)|ENTERING_MANAGED_PKG|tdc_tsw
22:42:06.0 (113231822)|ENTERING_MANAGED_PKG|tdc_tsw
22:42:06.0 (113602374)|ENTERING_MANAGED_PKG|tdc_tsw
22:42:06.0 (114596005)|ENTERING_MANAGED_PKG|tdc_tsw
22:42:06.0 (115298812)|ENTERING_MANAGED_PKG|tdc_tsw
22:42:06.0 (115508986)|ENTERING_MANAGED_PKG|tdc_tsw
22:42:06.0 (115869812)|ENTERING_MANAGED_PKG|tdc_tsw
22:42:06.0 (116849317)|ENTERING_MANAGED_PKG|tdc_tsw
22:42:06.0 (117544698)|ENTERING_MANAGED_PKG|tdc_tsw
22:42:06.0 (117831453)|ENTERING_MANAGED_PKG|tdc_tsw
22:42:06.0 (118247865)|ENTERING_MANAGED_PKG|tdc_tsw
22:42:06.0 (119239843)|ENTERING_MANAGED_PKG|tdc_tsw
22:42:06.0 (119936868)|ENTERING_MANAGED_PKG|tdc_tsw
22:42:06.0 (120154235)|ENTERING_MANAGED_PKG|tdc_tsw
22:42:06.0 (120517257)|ENTERING_MANAGED_PKG|tdc_tsw
22:42:06.0 (121537445)|ENTERING_MANAGED_PKG|tdc_tsw
22:42:06.0 (122233526)|ENTERING_MANAGED_PKG|tdc_tsw
22:42:06.0 (122447964)|ENTERING_MANAGED_PKG|tdc_tsw
22:42:06.0 (122865228)|ENTERING_MANAGED_PKG|tdc_tsw
22:42:06.0 (123889971)|ENTERING_MANAGED_PKG|tdc_tsw
22:42:06.0 (124582065)|ENTERING_MANAGED_PKG|tdc_tsw
22:42:06.0 (124796327)|ENTERING_MANAGED_PKG|tdc_tsw
22:42:06.0 (125164860)|ENTERING_MANAGED_PKG|tdc_tsw
22:42:06.0 (126228671)|ENTERING_MANAGED_PKG|tdc_tsw
22:42:06.0 (126928239)|ENTERING_MANAGED_PKG|tdc_tsw
22:42:06.0 (127125598)|ENTERING_MANAGED_PKG|tdc_tsw
22:42:06.0 (127487756)|ENTERING_MANAGED_PKG|tdc_tsw
22:42:06.0 (128469045)|ENTERING_MANAGED_PKG|tdc_tsw
22:42:06.0 (129169457)|ENTERING_MANAGED_PKG|tdc_tsw
22:42:06.0 (129391629)|ENTERING_MANAGED_PKG|tdc_tsw
22:42:06.0 (129752430)|ENTERING_MANAGED_PKG|tdc_tsw
22:42:06.0 (130792848)|ENTERING_MANAGED_PKG|tdc_tsw
22:42:06.0 (131569096)|ENTERING_MANAGED_PKG|tdc_tsw
22:42:06.0 (131764728)|ENTERING_MANAGED_PKG|tdc_tsw
22:42:06.0 (132147935)|ENTERING_MANAGED_PKG|tdc_tsw
22:42:06.0 (133155412)|ENTERING_MANAGED_PKG|tdc_tsw
22:42:06.0 (133873986)|ENTERING_MANAGED_PKG|tdc_tsw
22:42:06.0 (134114801)|ENTERING_MANAGED_PKG|tdc_tsw
22:42:06.0 (134828138)|ENTERING_MANAGED_PKG|tdc_tsw
22:42:06.0 (136215134)|ENTERING_MANAGED_PKG|tdc_tsw
22:42:06.0 (136973172)|ENTERING_MANAGED_PKG|tdc_tsw
22:42:06.0 (137053167)|ENTERING_MANAGED_PKG|tdc_tsw
22:42:06.0 (137658991)|SOQL_EXECUTE_BEGIN|[200]|Aggregations:0|SELECT Name, NamespacePrefix, SystemModStamp FROM StaticResource WHERE Name LIKE :tmpVar1 LIMIT 10
22:42:06.0 (140898768)|SOQL_EXECUTE_END|[200]|Rows:1
22:42:06.0 (141666830)|ENTERING_MANAGED_PKG|tdc_tsw
22:42:06.0 (141987348)|SOQL_EXECUTE_BEGIN|[200]|Aggregations:0|SELECT Name, NamespacePrefix, SystemModStamp FROM StaticResource WHERE Name LIKE :tmpVar1 LIMIT 10
22:42:06.0 (143907372)|SOQL_EXECUTE_END|[200]|Rows:1
22:42:06.0 (144269036)|ENTERING_MANAGED_PKG|tdc_tsw
22:42:06.0 (147349604)|ENTERING_MANAGED_PKG|tdc_tsw
22:42:06.0 (148727171)|ENTERING_MANAGED_PKG|tdc_tsw
22:42:06.0 (149003072)|ENTERING_MANAGED_PKG|tdc_tsw
22:42:06.0 (149811826)|ENTERING_MANAGED_PKG|tdc_tsw
22:42:06.0 (150166513)|SOQL_EXECUTE_BEGIN|[200]|Aggregations:0|SELECT Name, NamespacePrefix, SystemModStamp FROM StaticResource WHERE Name LIKE :tmpVar1 LIMIT 10
22:42:06.0 (152232607)|SOQL_EXECUTE_END|[200]|Rows:1
22:42:06.160 (160440243)|USER_INFO|[EXTERNAL]|0051H000009gxp8|chanida.dev2@solvedbysoftwareco.com|Eastern Standard Time|GMT-05:00
22:42:06.160 (161969354)|ENTERING_MANAGED_PKG|tdc_tsw
22:42:06.160 (162152049)|ENTERING_MANAGED_PKG|tdc_tsw
22:42:06.160 (164354025)|SOQL_EXECUTE_BEGIN|[355]|Aggregations:0|SELECT id, name, Disable_Incoming_SMS_Sharing__c FROM User WHERE id = :tmpVar1
22:42:06.160 (169958339)|SOQL_EXECUTE_END|[355]|Rows:1
22:42:06.160 (170783217)|SOQL_EXECUTE_BEGIN|[367]|Aggregations:0|SELECT CreatedDate,Id,LastModifiedDate,Related_Object_Id__c FROM Message__c WHERE Name = 'Incoming' AND Read__c = false ORDER BY CreatedDate Desc limit 100
22:42:06.160 (178240955)|SOQL_EXECUTE_END|[367]|Rows:100
