44.0 APEX_CODE,FINEST;APEX_PROFILING,INFO;CALLOUT,INFO;DB,INFO;NBA,INFO;SYSTEM,DEBUG;VALIDATION,INFO;VISUALFORCE,INFO;WAVE,INFO;WORKFLOW,INFO
10:33:15.0 (105662)|USER_INFO|[EXTERNAL]|0051H000009gxp8|chanida.dev2@solvedbysoftwareco.com|Eastern Standard Time|GMT-05:00
10:33:15.0 (2010316)|ENTERING_MANAGED_PKG|tdc_tsw
10:33:15.0 (2320520)|ENTERING_MANAGED_PKG|tdc_tsw
10:33:15.0 (5276137)|SOQL_EXECUTE_BEGIN|[16]|Aggregations:0|SELECT id, name, Disable_Incoming_SMS_Sharing__c FROM User WHERE id = :tmpVar1
10:33:15.0 (11983235)|SOQL_EXECUTE_END|[16]|Rows:1
10:33:15.0 (17453821)|SOQL_EXECUTE_BEGIN|[37]|Aggregations:0|SELECT CreatedDate,Created_Date__c,Id,LastModifiedDate,MessageId__c,Message_Text_New__c,Name,OwnerId,Read__c,Related_Object_Id__c,Related_Object__c,Sender_Number__c, Sender_Name__c,ToNumber__c,Attachments_Ids__c FROM Message__c WHERE Name = 'Incoming' AND Read__c = false ORDER BY CreatedDate Desc limit 100
10:33:15.0 (33439940)|SOQL_EXECUTE_END|[37]|Rows:100
10:33:15.0 (51740627)|ENTERING_MANAGED_PKG|tdc_tsw
10:33:15.0 (53411547)|ENTERING_MANAGED_PKG|tdc_tsw
10:33:15.0 (53931484)|ENTERING_MANAGED_PKG|tdc_tsw
10:33:15.0 (54576808)|ENTERING_MANAGED_PKG|tdc_tsw
10:33:15.0 (57372827)|ENTERING_MANAGED_PKG|tdc_tsw
10:33:15.0 (58182367)|ENTERING_MANAGED_PKG|tdc_tsw
10:33:15.0 (58415910)|ENTERING_MANAGED_PKG|tdc_tsw
10:33:15.0 (58822701)|ENTERING_MANAGED_PKG|tdc_tsw
10:33:15.0 (60034368)|ENTERING_MANAGED_PKG|tdc_tsw
10:33:15.0 (60794213)|ENTERING_MANAGED_PKG|tdc_tsw
10:33:15.0 (61053156)|ENTERING_MANAGED_PKG|tdc_tsw
10:33:15.0 (61476780)|ENTERING_MANAGED_PKG|tdc_tsw
10:33:15.0 (62643576)|ENTERING_MANAGED_PKG|tdc_tsw
10:33:15.0 (63442446)|ENTERING_MANAGED_PKG|tdc_tsw
10:33:15.0 (63699875)|ENTERING_MANAGED_PKG|tdc_tsw
10:33:15.0 (64084618)|ENTERING_MANAGED_PKG|tdc_tsw
10:33:15.0 (65193602)|ENTERING_MANAGED_PKG|tdc_tsw
10:33:15.0 (65997150)|ENTERING_MANAGED_PKG|tdc_tsw
10:33:15.0 (66228525)|ENTERING_MANAGED_PKG|tdc_tsw
10:33:15.0 (66625646)|ENTERING_MANAGED_PKG|tdc_tsw
10:33:15.0 (67824090)|ENTERING_MANAGED_PKG|tdc_tsw
10:33:15.0 (68656983)|ENTERING_MANAGED_PKG|tdc_tsw
10:33:15.0 (68914504)|ENTERING_MANAGED_PKG|tdc_tsw
10:33:15.0 (69304534)|ENTERING_MANAGED_PKG|tdc_tsw
10:33:15.0 (70515055)|ENTERING_MANAGED_PKG|tdc_tsw
10:33:15.0 (71610312)|ENTERING_MANAGED_PKG|tdc_tsw
10:33:15.0 (71887514)|ENTERING_MANAGED_PKG|tdc_tsw
10:33:15.0 (72273103)|ENTERING_MANAGED_PKG|tdc_tsw
10:33:15.0 (73422530)|ENTERING_MANAGED_PKG|tdc_tsw
10:33:15.0 (74164131)|ENTERING_MANAGED_PKG|tdc_tsw
10:33:15.0 (74395317)|ENTERING_MANAGED_PKG|tdc_tsw
10:33:15.0 (74812449)|ENTERING_MANAGED_PKG|tdc_tsw
10:33:15.0 (75917880)|ENTERING_MANAGED_PKG|tdc_tsw
10:33:15.0 (76665160)|ENTERING_MANAGED_PKG|tdc_tsw
10:33:15.0 (76899654)|ENTERING_MANAGED_PKG|tdc_tsw
10:33:15.0 (77288771)|ENTERING_MANAGED_PKG|tdc_tsw
10:33:15.0 (78362943)|ENTERING_MANAGED_PKG|tdc_tsw
10:33:15.0 (79253471)|ENTERING_MANAGED_PKG|tdc_tsw
10:33:15.0 (79502600)|ENTERING_MANAGED_PKG|tdc_tsw
10:33:15.0 (79925875)|ENTERING_MANAGED_PKG|tdc_tsw
10:33:15.0 (81037176)|ENTERING_MANAGED_PKG|tdc_tsw
10:33:15.0 (81806878)|ENTERING_MANAGED_PKG|tdc_tsw
10:33:15.0 (82057607)|ENTERING_MANAGED_PKG|tdc_tsw
10:33:15.0 (82444601)|ENTERING_MANAGED_PKG|tdc_tsw
10:33:15.0 (83564275)|ENTERING_MANAGED_PKG|tdc_tsw
10:33:15.0 (84298253)|ENTERING_MANAGED_PKG|tdc_tsw
10:33:15.0 (84539414)|ENTERING_MANAGED_PKG|tdc_tsw
10:33:15.0 (84920772)|ENTERING_MANAGED_PKG|tdc_tsw
10:33:15.0 (85994375)|ENTERING_MANAGED_PKG|tdc_tsw
10:33:15.0 (86891641)|ENTERING_MANAGED_PKG|tdc_tsw
10:33:15.0 (87206065)|ENTERING_MANAGED_PKG|tdc_tsw
10:33:15.0 (87680687)|ENTERING_MANAGED_PKG|tdc_tsw
10:33:15.0 (88791607)|ENTERING_MANAGED_PKG|tdc_tsw
10:33:15.0 (89523096)|ENTERING_MANAGED_PKG|tdc_tsw
10:33:15.0 (89753132)|ENTERING_MANAGED_PKG|tdc_tsw
10:33:15.0 (90133364)|ENTERING_MANAGED_PKG|tdc_tsw
10:33:15.0 (91216182)|ENTERING_MANAGED_PKG|tdc_tsw
10:33:15.0 (91948947)|ENTERING_MANAGED_PKG|tdc_tsw
10:33:15.0 (92177369)|ENTERING_MANAGED_PKG|tdc_tsw
10:33:15.0 (92605606)|ENTERING_MANAGED_PKG|tdc_tsw
10:33:15.0 (93713861)|ENTERING_MANAGED_PKG|tdc_tsw
10:33:15.0 (94502839)|ENTERING_MANAGED_PKG|tdc_tsw
10:33:15.0 (94732425)|ENTERING_MANAGED_PKG|tdc_tsw
10:33:15.0 (95159327)|ENTERING_MANAGED_PKG|tdc_tsw
10:33:15.0 (96251074)|ENTERING_MANAGED_PKG|tdc_tsw
10:33:15.0 (97005731)|ENTERING_MANAGED_PKG|tdc_tsw
10:33:15.0 (97262562)|ENTERING_MANAGED_PKG|tdc_tsw
10:33:15.0 (97678408)|ENTERING_MANAGED_PKG|tdc_tsw
10:33:15.0 (98780416)|ENTERING_MANAGED_PKG|tdc_tsw
10:33:15.0 (111862627)|ENTERING_MANAGED_PKG|tdc_tsw
10:33:15.0 (112107619)|ENTERING_MANAGED_PKG|tdc_tsw
10:33:15.0 (112546101)|ENTERING_MANAGED_PKG|tdc_tsw
10:33:15.0 (113693837)|ENTERING_MANAGED_PKG|tdc_tsw
10:33:15.0 (114485022)|ENTERING_MANAGED_PKG|tdc_tsw
10:33:15.0 (114725188)|ENTERING_MANAGED_PKG|tdc_tsw
10:33:15.0 (115166621)|ENTERING_MANAGED_PKG|tdc_tsw
10:33:15.0 (116252968)|ENTERING_MANAGED_PKG|tdc_tsw
10:33:15.0 (126620857)|ENTERING_MANAGED_PKG|tdc_tsw
10:33:15.0 (126863959)|ENTERING_MANAGED_PKG|tdc_tsw
10:33:15.0 (127256646)|ENTERING_MANAGED_PKG|tdc_tsw
10:33:15.0 (128375164)|ENTERING_MANAGED_PKG|tdc_tsw
10:33:15.0 (138265108)|ENTERING_MANAGED_PKG|tdc_tsw
10:33:15.0 (138533633)|ENTERING_MANAGED_PKG|tdc_tsw
10:33:15.0 (138930538)|ENTERING_MANAGED_PKG|tdc_tsw
10:33:15.0 (140027323)|ENTERING_MANAGED_PKG|tdc_tsw
10:33:15.0 (140786550)|ENTERING_MANAGED_PKG|tdc_tsw
10:33:15.0 (141016828)|ENTERING_MANAGED_PKG|tdc_tsw
10:33:15.0 (150505221)|ENTERING_MANAGED_PKG|tdc_tsw
10:33:15.0 (151627499)|ENTERING_MANAGED_PKG|tdc_tsw
10:33:15.0 (152369833)|ENTERING_MANAGED_PKG|tdc_tsw
10:33:15.0 (152611198)|ENTERING_MANAGED_PKG|tdc_tsw
10:33:15.0 (152994721)|ENTERING_MANAGED_PKG|tdc_tsw
10:33:15.0 (163791749)|ENTERING_MANAGED_PKG|tdc_tsw
10:33:15.0 (164541763)|ENTERING_MANAGED_PKG|tdc_tsw
10:33:15.0 (164778836)|ENTERING_MANAGED_PKG|tdc_tsw
10:33:15.0 (165165254)|ENTERING_MANAGED_PKG|tdc_tsw
10:33:15.0 (166230845)|ENTERING_MANAGED_PKG|tdc_tsw
10:33:15.0 (166968361)|ENTERING_MANAGED_PKG|tdc_tsw
10:33:15.0 (167199958)|ENTERING_MANAGED_PKG|tdc_tsw
10:33:15.0 (167589837)|ENTERING_MANAGED_PKG|tdc_tsw
10:33:15.0 (168653560)|ENTERING_MANAGED_PKG|tdc_tsw
10:33:15.0 (169392051)|ENTERING_MANAGED_PKG|tdc_tsw
10:33:15.0 (169628623)|ENTERING_MANAGED_PKG|tdc_tsw
10:33:15.0 (170009769)|ENTERING_MANAGED_PKG|tdc_tsw
10:33:15.0 (171065053)|ENTERING_MANAGED_PKG|tdc_tsw
10:33:15.0 (171801488)|ENTERING_MANAGED_PKG|tdc_tsw
10:33:15.0 (172029874)|ENTERING_MANAGED_PKG|tdc_tsw
10:33:15.0 (172412897)|ENTERING_MANAGED_PKG|tdc_tsw
10:33:15.0 (173480522)|ENTERING_MANAGED_PKG|tdc_tsw
10:33:15.0 (174212257)|ENTERING_MANAGED_PKG|tdc_tsw
10:33:15.0 (174442405)|ENTERING_MANAGED_PKG|tdc_tsw
10:33:15.0 (174832696)|ENTERING_MANAGED_PKG|tdc_tsw
10:33:15.0 (175894243)|ENTERING_MANAGED_PKG|tdc_tsw
10:33:15.0 (176628071)|ENTERING_MANAGED_PKG|tdc_tsw
10:33:15.0 (176857296)|ENTERING_MANAGED_PKG|tdc_tsw
10:33:15.0 (177240135)|ENTERING_MANAGED_PKG|tdc_tsw
10:33:15.0 (178303385)|ENTERING_MANAGED_PKG|tdc_tsw
10:33:15.0 (179041208)|ENTERING_MANAGED_PKG|tdc_tsw
10:33:15.0 (179270237)|ENTERING_MANAGED_PKG|tdc_tsw
10:33:15.0 (179665203)|ENTERING_MANAGED_PKG|tdc_tsw
10:33:15.0 (180740437)|ENTERING_MANAGED_PKG|tdc_tsw
10:33:15.0 (181472567)|ENTERING_MANAGED_PKG|tdc_tsw
10:33:15.0 (181701683)|ENTERING_MANAGED_PKG|tdc_tsw
10:33:15.0 (182080642)|ENTERING_MANAGED_PKG|tdc_tsw
10:33:15.0 (183136512)|ENTERING_MANAGED_PKG|tdc_tsw
10:33:15.0 (183872056)|ENTERING_MANAGED_PKG|tdc_tsw
10:33:15.0 (184100703)|ENTERING_MANAGED_PKG|tdc_tsw
10:33:15.0 (184488452)|ENTERING_MANAGED_PKG|tdc_tsw
10:33:15.0 (185546281)|ENTERING_MANAGED_PKG|tdc_tsw
10:33:15.0 (186312181)|ENTERING_MANAGED_PKG|tdc_tsw
10:33:15.0 (186554368)|ENTERING_MANAGED_PKG|tdc_tsw
10:33:15.0 (186936585)|ENTERING_MANAGED_PKG|tdc_tsw
10:33:15.0 (187994638)|ENTERING_MANAGED_PKG|tdc_tsw
10:33:15.0 (188729391)|ENTERING_MANAGED_PKG|tdc_tsw
10:33:15.0 (188959838)|ENTERING_MANAGED_PKG|tdc_tsw
10:33:15.0 (189341515)|ENTERING_MANAGED_PKG|tdc_tsw
10:33:15.0 (190404144)|ENTERING_MANAGED_PKG|tdc_tsw
10:33:15.0 (191137817)|ENTERING_MANAGED_PKG|tdc_tsw
10:33:15.0 (191367679)|ENTERING_MANAGED_PKG|tdc_tsw
10:33:15.0 (191756713)|ENTERING_MANAGED_PKG|tdc_tsw
10:33:15.0 (192825195)|ENTERING_MANAGED_PKG|tdc_tsw
10:33:15.0 (193564009)|ENTERING_MANAGED_PKG|tdc_tsw
10:33:15.0 (193794316)|ENTERING_MANAGED_PKG|tdc_tsw
10:33:15.0 (194177567)|ENTERING_MANAGED_PKG|tdc_tsw
10:33:15.0 (195250712)|ENTERING_MANAGED_PKG|tdc_tsw
10:33:15.0 (195985021)|ENTERING_MANAGED_PKG|tdc_tsw
10:33:15.0 (196213530)|ENTERING_MANAGED_PKG|tdc_tsw
10:33:15.0 (196603986)|ENTERING_MANAGED_PKG|tdc_tsw
10:33:15.0 (197668871)|ENTERING_MANAGED_PKG|tdc_tsw
10:33:15.0 (198397000)|ENTERING_MANAGED_PKG|tdc_tsw
10:33:15.0 (198633993)|ENTERING_MANAGED_PKG|tdc_tsw
10:33:15.0 (199014282)|ENTERING_MANAGED_PKG|tdc_tsw
10:33:15.0 (200073543)|ENTERING_MANAGED_PKG|tdc_tsw
10:33:15.0 (200816841)|ENTERING_MANAGED_PKG|tdc_tsw
10:33:15.0 (201046013)|ENTERING_MANAGED_PKG|tdc_tsw
10:33:15.0 (201426742)|ENTERING_MANAGED_PKG|tdc_tsw
10:33:15.0 (202491640)|ENTERING_MANAGED_PKG|tdc_tsw
10:33:15.0 (203220815)|ENTERING_MANAGED_PKG|tdc_tsw
10:33:15.0 (203457863)|ENTERING_MANAGED_PKG|tdc_tsw
10:33:15.0 (203840093)|ENTERING_MANAGED_PKG|tdc_tsw
10:33:15.0 (204899365)|ENTERING_MANAGED_PKG|tdc_tsw
10:33:15.0 (205636459)|ENTERING_MANAGED_PKG|tdc_tsw
10:33:15.0 (205867173)|ENTERING_MANAGED_PKG|tdc_tsw
10:33:15.0 (206252428)|ENTERING_MANAGED_PKG|tdc_tsw
10:33:15.0 (207366532)|ENTERING_MANAGED_PKG|tdc_tsw
10:33:15.0 (208108036)|ENTERING_MANAGED_PKG|tdc_tsw
10:33:15.0 (208336550)|ENTERING_MANAGED_PKG|tdc_tsw
10:33:15.0 (208791903)|ENTERING_MANAGED_PKG|tdc_tsw
10:33:15.0 (209890594)|ENTERING_MANAGED_PKG|tdc_tsw
10:33:15.0 (210625465)|ENTERING_MANAGED_PKG|tdc_tsw
10:33:15.0 (210892155)|ENTERING_MANAGED_PKG|tdc_tsw
10:33:15.0 (211274725)|ENTERING_MANAGED_PKG|tdc_tsw
10:33:15.0 (212350730)|ENTERING_MANAGED_PKG|tdc_tsw
10:33:15.0 (213113263)|ENTERING_MANAGED_PKG|tdc_tsw
10:33:15.0 (213342433)|ENTERING_MANAGED_PKG|tdc_tsw
10:33:15.0 (213729250)|ENTERING_MANAGED_PKG|tdc_tsw
10:33:15.0 (214839467)|ENTERING_MANAGED_PKG|tdc_tsw
10:33:15.0 (215576309)|ENTERING_MANAGED_PKG|tdc_tsw
10:33:15.0 (215805660)|ENTERING_MANAGED_PKG|tdc_tsw
10:33:15.0 (216206195)|ENTERING_MANAGED_PKG|tdc_tsw
10:33:15.0 (217269992)|ENTERING_MANAGED_PKG|tdc_tsw
10:33:15.0 (218006612)|ENTERING_MANAGED_PKG|tdc_tsw
10:33:15.0 (218234796)|ENTERING_MANAGED_PKG|tdc_tsw
10:33:15.0 (218626315)|ENTERING_MANAGED_PKG|tdc_tsw
10:33:15.0 (219686946)|ENTERING_MANAGED_PKG|tdc_tsw
10:33:15.0 (220408428)|ENTERING_MANAGED_PKG|tdc_tsw
10:33:15.0 (220645976)|ENTERING_MANAGED_PKG|tdc_tsw
10:33:15.0 (221029168)|ENTERING_MANAGED_PKG|tdc_tsw
10:33:15.0 (222085037)|ENTERING_MANAGED_PKG|tdc_tsw
10:33:15.0 (222819704)|ENTERING_MANAGED_PKG|tdc_tsw
10:33:15.0 (223047819)|ENTERING_MANAGED_PKG|tdc_tsw
10:33:15.0 (223429621)|ENTERING_MANAGED_PKG|tdc_tsw
10:33:15.0 (224498143)|ENTERING_MANAGED_PKG|tdc_tsw
10:33:15.0 (225219628)|ENTERING_MANAGED_PKG|tdc_tsw
10:33:15.0 (225455353)|ENTERING_MANAGED_PKG|tdc_tsw
10:33:15.0 (225839497)|ENTERING_MANAGED_PKG|tdc_tsw
10:33:15.0 (226900036)|ENTERING_MANAGED_PKG|tdc_tsw
10:33:15.0 (227672719)|ENTERING_MANAGED_PKG|tdc_tsw
10:33:15.0 (227901159)|ENTERING_MANAGED_PKG|tdc_tsw
10:33:15.0 (228284534)|ENTERING_MANAGED_PKG|tdc_tsw
10:33:15.0 (229347634)|ENTERING_MANAGED_PKG|tdc_tsw
10:33:15.0 (230082054)|ENTERING_MANAGED_PKG|tdc_tsw
10:33:15.0 (230312178)|ENTERING_MANAGED_PKG|tdc_tsw
10:33:15.0 (230701041)|ENTERING_MANAGED_PKG|tdc_tsw
10:33:15.0 (231757813)|ENTERING_MANAGED_PKG|tdc_tsw
10:33:15.0 (232492332)|ENTERING_MANAGED_PKG|tdc_tsw
10:33:15.0 (232720214)|ENTERING_MANAGED_PKG|tdc_tsw
10:33:15.0 (233101115)|ENTERING_MANAGED_PKG|tdc_tsw
10:33:15.0 (234156995)|ENTERING_MANAGED_PKG|tdc_tsw
10:33:15.0 (234920065)|ENTERING_MANAGED_PKG|tdc_tsw
10:33:15.0 (235147937)|ENTERING_MANAGED_PKG|tdc_tsw
10:33:15.0 (235541905)|ENTERING_MANAGED_PKG|tdc_tsw
10:33:15.0 (236604268)|ENTERING_MANAGED_PKG|tdc_tsw
10:33:15.0 (237329514)|ENTERING_MANAGED_PKG|tdc_tsw
10:33:15.0 (237566682)|ENTERING_MANAGED_PKG|tdc_tsw
10:33:15.0 (237949442)|ENTERING_MANAGED_PKG|tdc_tsw
10:33:15.0 (239008780)|ENTERING_MANAGED_PKG|tdc_tsw
10:33:15.0 (239747484)|ENTERING_MANAGED_PKG|tdc_tsw
10:33:15.0 (239974523)|ENTERING_MANAGED_PKG|tdc_tsw
10:33:15.0 (240354518)|ENTERING_MANAGED_PKG|tdc_tsw
10:33:15.0 (241411553)|ENTERING_MANAGED_PKG|tdc_tsw
10:33:15.0 (242140289)|ENTERING_MANAGED_PKG|tdc_tsw
10:33:15.0 (242367309)|ENTERING_MANAGED_PKG|tdc_tsw
10:33:15.0 (242757004)|ENTERING_MANAGED_PKG|tdc_tsw
10:33:15.0 (243808250)|ENTERING_MANAGED_PKG|tdc_tsw
10:33:15.0 (244536995)|ENTERING_MANAGED_PKG|tdc_tsw
10:33:15.0 (244763623)|ENTERING_MANAGED_PKG|tdc_tsw
10:33:15.0 (245142929)|ENTERING_MANAGED_PKG|tdc_tsw
10:33:15.0 (246259239)|ENTERING_MANAGED_PKG|tdc_tsw
10:33:15.0 (246996896)|ENTERING_MANAGED_PKG|tdc_tsw
10:33:15.0 (247202218)|ENTERING_MANAGED_PKG|tdc_tsw
10:33:15.0 (247593503)|ENTERING_MANAGED_PKG|tdc_tsw
10:33:15.0 (248646856)|ENTERING_MANAGED_PKG|tdc_tsw
10:33:15.0 (249380449)|ENTERING_MANAGED_PKG|tdc_tsw
10:33:15.0 (249619368)|ENTERING_MANAGED_PKG|tdc_tsw
10:33:15.0 (250000953)|ENTERING_MANAGED_PKG|tdc_tsw
10:33:15.0 (251204270)|ENTERING_MANAGED_PKG|tdc_tsw
10:33:15.0 (252171186)|ENTERING_MANAGED_PKG|tdc_tsw
10:33:15.0 (252240095)|ENTERING_MANAGED_PKG|tdc_tsw
10:33:15.0 (252832718)|SOQL_EXECUTE_BEGIN|[200]|Aggregations:0|SELECT Name, NamespacePrefix, SystemModStamp FROM StaticResource WHERE Name LIKE :tmpVar1 LIMIT 10
10:33:15.0 (256011838)|SOQL_EXECUTE_END|[200]|Rows:1
10:33:15.0 (256794875)|ENTERING_MANAGED_PKG|tdc_tsw
10:33:15.0 (257139052)|SOQL_EXECUTE_BEGIN|[200]|Aggregations:0|SELECT Name, NamespacePrefix, SystemModStamp FROM StaticResource WHERE Name LIKE :tmpVar1 LIMIT 10
10:33:15.0 (259163379)|SOQL_EXECUTE_END|[200]|Rows:1
10:33:15.0 (259550684)|ENTERING_MANAGED_PKG|tdc_tsw
10:33:15.0 (262248703)|ENTERING_MANAGED_PKG|tdc_tsw
10:33:15.0 (263428854)|ENTERING_MANAGED_PKG|tdc_tsw
10:33:15.0 (263683918)|ENTERING_MANAGED_PKG|tdc_tsw
10:33:15.0 (264469103)|ENTERING_MANAGED_PKG|tdc_tsw
10:33:15.0 (264857653)|SOQL_EXECUTE_BEGIN|[200]|Aggregations:0|SELECT Name, NamespacePrefix, SystemModStamp FROM StaticResource WHERE Name LIKE :tmpVar1 LIMIT 10
10:33:15.0 (268480256)|SOQL_EXECUTE_END|[200]|Rows:1
10:33:15.278 (278653805)|USER_INFO|[EXTERNAL]|0051H000009gxp8|chanida.dev2@solvedbysoftwareco.com|Eastern Standard Time|GMT-05:00
10:33:15.278 (280170588)|ENTERING_MANAGED_PKG|tdc_tsw
10:33:15.278 (280366928)|ENTERING_MANAGED_PKG|tdc_tsw
10:33:15.278 (282758538)|SOQL_EXECUTE_BEGIN|[355]|Aggregations:0|SELECT id, name, Disable_Incoming_SMS_Sharing__c FROM User WHERE id = :tmpVar1
10:33:15.278 (289009095)|SOQL_EXECUTE_END|[355]|Rows:1
10:33:15.278 (290080735)|SOQL_EXECUTE_BEGIN|[367]|Aggregations:0|SELECT CreatedDate,Id,LastModifiedDate,Related_Object_Id__c FROM Message__c WHERE Name = 'Incoming' AND Read__c = false ORDER BY CreatedDate Desc limit 100
10:33:15.278 (298401818)|SOQL_EXECUTE_END|[367]|Rows:100
