44.0 APEX_CODE,FINEST;APEX_PROFILING,INFO;CALLOUT,INFO;DB,INFO;NBA,INFO;SYSTEM,DEBUG;VALIDATION,INFO;VISUALFORCE,INFO;WAVE,INFO;WORKFLOW,INFO
20:39:53.0 (112291)|USER_INFO|[EXTERNAL]|0051H000009gxp8|chanida.dev2@solvedbysoftwareco.com|Eastern Standard Time|GMT-05:00
20:39:53.0 (1588006)|ENTERING_MANAGED_PKG|tdc_tsw
20:39:53.0 (2028093)|ENTERING_MANAGED_PKG|tdc_tsw
20:39:53.0 (5664120)|SOQL_EXECUTE_BEGIN|[16]|Aggregations:0|SELECT id, name, Disable_Incoming_SMS_Sharing__c FROM User WHERE id = :tmpVar1
20:39:53.0 (14318097)|SOQL_EXECUTE_END|[16]|Rows:1
20:39:53.0 (19699987)|SOQL_EXECUTE_BEGIN|[37]|Aggregations:0|SELECT CreatedDate,Created_Date__c,Id,LastModifiedDate,MessageId__c,Message_Text_New__c,Name,OwnerId,Read__c,Related_Object_Id__c,Related_Object__c,Sender_Number__c, Sender_Name__c,ToNumber__c,Attachments_Ids__c FROM Message__c WHERE Name = 'Incoming' AND Read__c = false ORDER BY CreatedDate Desc limit 100
20:39:53.0 (30697287)|SOQL_EXECUTE_END|[37]|Rows:16
20:39:53.0 (34436542)|ENTERING_MANAGED_PKG|tdc_tsw
20:39:53.0 (36127231)|ENTERING_MANAGED_PKG|tdc_tsw
20:39:53.0 (36579099)|ENTERING_MANAGED_PKG|tdc_tsw
20:39:53.0 (37312388)|ENTERING_MANAGED_PKG|tdc_tsw
20:39:53.0 (40154599)|ENTERING_MANAGED_PKG|tdc_tsw
20:39:53.0 (40992972)|ENTERING_MANAGED_PKG|tdc_tsw
20:39:53.0 (41270948)|ENTERING_MANAGED_PKG|tdc_tsw
20:39:53.0 (41702479)|ENTERING_MANAGED_PKG|tdc_tsw
20:39:53.0 (42854888)|ENTERING_MANAGED_PKG|tdc_tsw
20:39:53.0 (43645454)|ENTERING_MANAGED_PKG|tdc_tsw
20:39:53.0 (43895315)|ENTERING_MANAGED_PKG|tdc_tsw
20:39:53.0 (44311415)|ENTERING_MANAGED_PKG|tdc_tsw
20:39:53.0 (45527744)|ENTERING_MANAGED_PKG|tdc_tsw
20:39:53.0 (46229976)|ENTERING_MANAGED_PKG|tdc_tsw
20:39:53.0 (46307325)|ENTERING_MANAGED_PKG|tdc_tsw
20:39:53.0 (46923199)|SOQL_EXECUTE_BEGIN|[200]|Aggregations:0|SELECT Name, NamespacePrefix, SystemModStamp FROM StaticResource WHERE Name LIKE :tmpVar1 LIMIT 10
20:39:53.0 (49732490)|SOQL_EXECUTE_END|[200]|Rows:1
20:39:53.0 (50615996)|ENTERING_MANAGED_PKG|tdc_tsw
20:39:53.0 (51078014)|SOQL_EXECUTE_BEGIN|[200]|Aggregations:0|SELECT Name, NamespacePrefix, SystemModStamp FROM StaticResource WHERE Name LIKE :tmpVar1 LIMIT 10
20:39:53.0 (53465905)|SOQL_EXECUTE_END|[200]|Rows:1
20:39:53.0 (53950662)|ENTERING_MANAGED_PKG|tdc_tsw
20:39:53.0 (57689316)|ENTERING_MANAGED_PKG|tdc_tsw
20:39:53.0 (59522706)|ENTERING_MANAGED_PKG|tdc_tsw
20:39:53.0 (59886837)|ENTERING_MANAGED_PKG|tdc_tsw
20:39:53.0 (60830953)|ENTERING_MANAGED_PKG|tdc_tsw
20:39:53.0 (61265410)|SOQL_EXECUTE_BEGIN|[200]|Aggregations:0|SELECT Name, NamespacePrefix, SystemModStamp FROM StaticResource WHERE Name LIKE :tmpVar1 LIMIT 10
20:39:53.0 (63560354)|SOQL_EXECUTE_END|[200]|Rows:1
20:39:53.69 (69198523)|USER_INFO|[EXTERNAL]|0051H000009gxp8|chanida.dev2@solvedbysoftwareco.com|Eastern Standard Time|GMT-05:00
20:39:53.69 (70688922)|ENTERING_MANAGED_PKG|tdc_tsw
20:39:53.69 (70848288)|ENTERING_MANAGED_PKG|tdc_tsw
20:39:53.69 (73228949)|SOQL_EXECUTE_BEGIN|[355]|Aggregations:0|SELECT id, name, Disable_Incoming_SMS_Sharing__c FROM User WHERE id = :tmpVar1
20:39:53.69 (79121040)|SOQL_EXECUTE_END|[355]|Rows:1
20:39:53.69 (80069157)|SOQL_EXECUTE_BEGIN|[367]|Aggregations:0|SELECT CreatedDate,Id,LastModifiedDate,Related_Object_Id__c FROM Message__c WHERE Name = 'Incoming' AND Read__c = false ORDER BY CreatedDate Desc limit 100
20:39:53.69 (85631913)|SOQL_EXECUTE_END|[367]|Rows:16
