44.0 APEX_CODE,FINEST;APEX_PROFILING,INFO;CALLOUT,INFO;DB,INFO;NBA,INFO;SYSTEM,DEBUG;VALIDATION,INFO;VISUALFORCE,INFO;WAVE,INFO;WORKFLOW,INFO
17:58:56.0 (513132)|USER_INFO|[EXTERNAL]|0051H000009gxp8|chanida.dev2@solvedbysoftwareco.com|Eastern Standard Time|GMT-05:00
17:58:56.0 (2584848)|ENTERING_MANAGED_PKG|tdc_tsw
17:58:56.0 (3100075)|ENTERING_MANAGED_PKG|tdc_tsw
17:58:56.0 (8381093)|SOQL_EXECUTE_BEGIN|[16]|Aggregations:0|SELECT id, name, Disable_Incoming_SMS_Sharing__c FROM User WHERE id = :tmpVar1
17:58:56.0 (16674029)|SOQL_EXECUTE_END|[16]|Rows:1
17:58:56.0 (26251175)|SOQL_EXECUTE_BEGIN|[37]|Aggregations:0|SELECT CreatedDate,Created_Date__c,Id,LastModifiedDate,MessageId__c,Message_Text_New__c,Name,OwnerId,Read__c,Related_Object_Id__c,Related_Object__c,Sender_Number__c, Sender_Name__c,ToNumber__c,Attachments_Ids__c FROM Message__c WHERE Name = 'Incoming' AND Read__c = false ORDER BY CreatedDate Desc limit 100
17:58:56.0 (41320353)|SOQL_EXECUTE_END|[37]|Rows:63
17:58:56.0 (54542924)|ENTERING_MANAGED_PKG|tdc_tsw
17:58:56.0 (56923117)|ENTERING_MANAGED_PKG|tdc_tsw
17:58:56.0 (57639556)|ENTERING_MANAGED_PKG|tdc_tsw
17:58:56.0 (58379124)|ENTERING_MANAGED_PKG|tdc_tsw
17:58:56.0 (61483009)|ENTERING_MANAGED_PKG|tdc_tsw
17:58:56.0 (62292270)|ENTERING_MANAGED_PKG|tdc_tsw
17:58:56.0 (62556291)|ENTERING_MANAGED_PKG|tdc_tsw
17:58:56.0 (62968700)|ENTERING_MANAGED_PKG|tdc_tsw
17:58:56.0 (64095368)|ENTERING_MANAGED_PKG|tdc_tsw
17:58:56.0 (64984459)|ENTERING_MANAGED_PKG|tdc_tsw
17:58:56.0 (65208521)|ENTERING_MANAGED_PKG|tdc_tsw
17:58:56.0 (65620702)|ENTERING_MANAGED_PKG|tdc_tsw
17:58:56.0 (66767129)|ENTERING_MANAGED_PKG|tdc_tsw
17:58:56.0 (67545348)|ENTERING_MANAGED_PKG|tdc_tsw
17:58:56.0 (67757222)|ENTERING_MANAGED_PKG|tdc_tsw
17:58:56.0 (68170175)|ENTERING_MANAGED_PKG|tdc_tsw
17:58:56.0 (69338704)|ENTERING_MANAGED_PKG|tdc_tsw
17:58:56.0 (70198889)|ENTERING_MANAGED_PKG|tdc_tsw
17:58:56.0 (70438834)|ENTERING_MANAGED_PKG|tdc_tsw
17:58:56.0 (70843302)|ENTERING_MANAGED_PKG|tdc_tsw
17:58:56.0 (71952288)|ENTERING_MANAGED_PKG|tdc_tsw
17:58:56.0 (72729271)|ENTERING_MANAGED_PKG|tdc_tsw
17:58:56.0 (72965697)|ENTERING_MANAGED_PKG|tdc_tsw
17:58:56.0 (73644501)|ENTERING_MANAGED_PKG|tdc_tsw
17:58:56.0 (75708182)|ENTERING_MANAGED_PKG|tdc_tsw
17:58:56.0 (76463869)|ENTERING_MANAGED_PKG|tdc_tsw
17:58:56.0 (76544975)|ENTERING_MANAGED_PKG|tdc_tsw
17:58:56.0 (77161744)|SOQL_EXECUTE_BEGIN|[200]|Aggregations:0|SELECT Name, NamespacePrefix, SystemModStamp FROM StaticResource WHERE Name LIKE :tmpVar1 LIMIT 10
17:58:56.0 (80383566)|SOQL_EXECUTE_END|[200]|Rows:1
17:58:56.0 (81658475)|ENTERING_MANAGED_PKG|tdc_tsw
17:58:56.0 (82101390)|SOQL_EXECUTE_BEGIN|[200]|Aggregations:0|SELECT Name, NamespacePrefix, SystemModStamp FROM StaticResource WHERE Name LIKE :tmpVar1 LIMIT 10
17:58:56.0 (84501073)|SOQL_EXECUTE_END|[200]|Rows:1
17:58:56.0 (84948774)|ENTERING_MANAGED_PKG|tdc_tsw
17:58:56.0 (89404863)|ENTERING_MANAGED_PKG|tdc_tsw
17:58:56.0 (91197869)|ENTERING_MANAGED_PKG|tdc_tsw
17:58:56.0 (91558452)|ENTERING_MANAGED_PKG|tdc_tsw
17:58:56.0 (92509575)|ENTERING_MANAGED_PKG|tdc_tsw
17:58:56.0 (92924582)|SOQL_EXECUTE_BEGIN|[200]|Aggregations:0|SELECT Name, NamespacePrefix, SystemModStamp FROM StaticResource WHERE Name LIKE :tmpVar1 LIMIT 10
17:58:56.0 (95301992)|SOQL_EXECUTE_END|[200]|Rows:1
17:58:56.109 (109870861)|USER_INFO|[EXTERNAL]|0051H000009gxp8|chanida.dev2@solvedbysoftwareco.com|Eastern Standard Time|GMT-05:00
17:58:56.109 (111359801)|ENTERING_MANAGED_PKG|tdc_tsw
17:58:56.109 (111567757)|ENTERING_MANAGED_PKG|tdc_tsw
17:58:56.109 (114114448)|SOQL_EXECUTE_BEGIN|[355]|Aggregations:0|SELECT id, name, Disable_Incoming_SMS_Sharing__c FROM User WHERE id = :tmpVar1
17:58:56.109 (120259826)|SOQL_EXECUTE_END|[355]|Rows:1
17:58:56.109 (121289859)|SOQL_EXECUTE_BEGIN|[367]|Aggregations:0|SELECT CreatedDate,Id,LastModifiedDate,Related_Object_Id__c FROM Message__c WHERE Name = 'Incoming' AND Read__c = false ORDER BY CreatedDate Desc limit 100
17:58:56.109 (127937784)|SOQL_EXECUTE_END|[367]|Rows:63
