38.0 APEX_CODE,FINEST;APEX_PROFILING,INFO;CALLOUT,INFO;DB,INFO;NBA,INFO;SYSTEM,DEBUG;VALIDATION,INFO;VISUALFORCE,INFO;WAVE,INFO;WORKFLOW,INFO
22:10:32.14 (14626011)|ENTERING_MANAGED_PKG|tdc_tsw
22:10:32.14 (15837120)|ENTERING_MANAGED_PKG|tdc_tsw
22:10:32.14 (19152891)|SOQL_EXECUTE_BEGIN|[66]|Aggregations:0|SELECT Id FROM Folder WHERE DeveloperName = 'SMS_APP' LIMIT 1
22:10:32.14 (23913402)|SOQL_EXECUTE_END|[66]|Rows:1
22:10:32.14 (24523638)|ENTERING_MANAGED_PKG|tdc_tsw
22:10:32.14 (25801876)|ENTERING_MANAGED_PKG|tdc_tsw
22:10:32.14 (26573038)|ENTERING_MANAGED_PKG|tdc_tsw
22:10:32.14 (74889551)|ENTERING_MANAGED_PKG|tdc_tsw
22:10:32.14 (75072485)|ENTERING_MANAGED_PKG|tdc_tsw
22:10:32.14 (249238531)|SOQL_EXECUTE_BEGIN|[1842]|Aggregations:0|SELECT Id, name FROM RecordType WHERE (sObjectType = :tmpVar1 AND name = :tmpVar2) LIMIT 1
22:10:32.14 (262430314)|SOQL_EXECUTE_END|[1842]|Rows:1
22:10:32.14 (282319605)|ENTERING_MANAGED_PKG|tdc_tsw
22:10:32.14 (345751716)|SOQL_EXECUTE_BEGIN|[275]|Aggregations:0|Select Id, tdc_tsw__account__c, tdc_tsw__campaign__c, tdc_tsw__case__c, tdc_tsw__contact__c, tdc_tsw__lead__c, tdc_tsw__message__c, tdc_tsw__opportunity__c, tdc_tsw__sms_template__c, tdc_tsw__question__c, tdc_tsw__survey_response__c, OwnerId, Related_Object__c,Is_Keyword_Based__c,Sender_Number__c,ToNumber__c, Related_Object_Id__c from Message__c where Name = 'Outgoing' and (Sender_Number__c =: cleantoNumber  OR Sender_Number__c LIKE : toNumberWithoutSymbol )  and (ToNumber__c =: cleanFromNumber  OR ToNumber__c LIKE : fromNumberWithoutSymbol )  Order By CreatedDate Desc Limit 1
22:10:32.14 (354140784)|SOQL_EXECUTE_END|[275]|Rows:1
22:10:32.14 (355789268)|SOQL_EXECUTE_BEGIN|[299]|Aggregations:0|SELECT Id FROM tdc_tsw__Message__c WHERE id =: relatedObjId
22:10:32.14 (358962626)|SOQL_EXECUTE_END|[299]|Rows:1
22:10:32.14 (359460928)|ENTERING_MANAGED_PKG|tdc_tsw
22:10:32.14 (369809988)|SOQL_EXECUTE_BEGIN|[923]|Aggregations:0|SELECT id, isActive FROM User WHERE id = :tmpVar1 LIMIT 1
22:10:32.14 (377726674)|SOQL_EXECUTE_END|[923]|Rows:1
22:10:32.14 (380324846)|ENTERING_MANAGED_PKG|tdc_tsw
22:10:32.14 (386319554)|ENTERING_MANAGED_PKG|tdc_tsw
22:10:32.14 (421362321)|DML_BEGIN|[557]|Op:Insert|Type:tdc_tsw__Message__c|Rows:1
22:10:32.14 (445470526)|ENTERING_MANAGED_PKG|tdc_tsw
22:10:32.454 (454316091)|CUMULATIVE_LIMIT_USAGE
22:10:32.454 (454316091)|LIMIT_USAGE_FOR_NS|(default)|
  Number of SOQL queries: 0 out of 100
  Number of query rows: 0 out of 50000
  Number of SOSL queries: 0 out of 20
  Number of DML statements: 0 out of 150
  Number of DML rows: 0 out of 10000
  Maximum CPU time: 93 out of 10000
  Maximum heap size: 0 out of 6000000
  Number of callouts: 0 out of 100
  Number of Email Invocations: 0 out of 10
  Number of future calls: 0 out of 50
  Number of queueable jobs added to the queue: 0 out of 50
  Number of Mobile Apex push calls: 0 out of 10

22:10:32.454 (454316091)|LIMIT_USAGE_FOR_NS|tdc_tsw|
  Number of SOQL queries: 5 out of 100
  Number of query rows: 5 out of 50000
  Number of SOSL queries: 0 out of 20
  Number of DML statements: 1 out of 150
  Number of DML rows: 1 out of 10000
  Maximum CPU time: 0 out of 10000
  Maximum heap size: 0 out of 6000000
  Number of callouts: 0 out of 100
  Number of Email Invocations: 0 out of 10
  Number of future calls: 0 out of 50
  Number of queueable jobs added to the queue: 0 out of 50
  Number of Mobile Apex push calls: 0 out of 10

22:10:32.454 (454316091)|CUMULATIVE_LIMIT_USAGE_END

22:10:32.460 (460368659)|CODE_UNIT_STARTED|[EXTERNAL]|01q3B000000BSJB|IncomingSMS on Message trigger event BeforeInsert|__sfdc_trigger/IncomingSMS
22:10:32.460 (460499551)|HEAP_ALLOCATE|[EXTERNAL]|Bytes:8
22:10:32.460 (460634516)|HEAP_ALLOCATE|[EXTERNAL]|Bytes:1
22:10:32.460 (460748949)|HEAP_ALLOCATE|[EXTERNAL]|Bytes:4
22:10:32.460 (460881236)|VARIABLE_SCOPE_BEGIN|[1]|this|IncomingSMS|true|false
22:10:32.460 (461130700)|VARIABLE_ASSIGNMENT|[1]|this|{}|0x25917644
22:10:32.460 (461219603)|HEAP_ALLOCATE|[EXTERNAL]|Bytes:4
22:10:32.460 (461248225)|VARIABLE_SCOPE_BEGIN|[1]|this|IncomingSMS|true|false
22:10:32.460 (461297048)|VARIABLE_ASSIGNMENT|[1]|this|{}|0x25917644
22:10:32.460 (461348470)|STATEMENT_EXECUTE|[1]
22:10:32.460 (461396517)|STATEMENT_EXECUTE|[2]
22:10:32.460 (461777493)|HEAP_ALLOCATE|[3]|Bytes:5
22:10:32.460 (461836924)|HEAP_ALLOCATE|[3]|Bytes:4
22:10:32.460 (461870019)|VARIABLE_SCOPE_BEGIN|[3]|sms|tdc_tsw__Message__c|true|false
22:10:32.460 (468394125)|VARIABLE_ASSIGNMENT|[3]|sms|{"tdc_tsw__Related_Object__c":"tdc_tsw__Message__c","tdc_tsw__ToNumber__c":"+17065037067","IsDeleted":false,"tdc_tsw__Sender_Number__c":"+13038816946","tdc_tsw__Incoming_Status__c":"Not Read","tdc_tsw__isCaseCreated__c":false,"tdc_tsw__Read__c":false,"tdc_tsw__Message__c":"a173B000000se7vQAA","tdc_tsw__Read_Status__c":"Unread","tdc_tsw__Task_Created__c":false,"tdc_tsw__Related_Object_Id__c":"a173B000000se7qQAA","Name":"Incoming","tdc_tsw__Event_Created__c":false,"tdc_tsw__Message_Text_New__c":"Test","tdc_tsw__Is_Keyword_Based__c":false,"OwnerId":"0051H000009gxp8QAA","tdc_tsw__Related_Object_Id_URL__c":"_HL_ENCODED_https:// (97 more) ...","tdc_tsw__isLeadCreated__c":false,"RecordTypeId":"0121H000001Ie7fQAC","tdc_tsw__Delivered_SMS__c":"_IM1_/resource/tdc_t (27 more) ...","tdc_tsw__Important__c":false,"tdc_tsw__Delivered__c":false,"tdc_tsw__Delivery_Status__c":"Sent"}|0x12dd01d9
22:10:32.460 (468511242)|STATEMENT_EXECUTE|[3]
22:10:32.460 (468622545)|STATEMENT_EXECUTE|[4]
22:10:32.460 (468629786)|STATEMENT_EXECUTE|[5]
22:10:32.460 (472940497)|USER_DEBUG|[5]|DEBUG|tdc_tsw__Message__c:{Id=null, OwnerId=0051H000009gxp8QAA, IsDeleted=false, Name=Incoming, RecordTypeId=0121H000001Ie7fQAC, CreatedDate=null, CreatedById=null, LastModifiedDate=null, LastModifiedById=null, SystemModstamp=null, LastActivityDate=null, LastViewedDate=null, LastReferencedDate=null, tdc_tsw__Account__c=null, tdc_tsw__Attached_Files_c__c=null, tdc_tsw__Attachments_Ids__c=null, tdc_tsw__Campaign__c=null, tdc_tsw__Case__c=null, tdc_tsw__Contact__c=null, tdc_tsw__Created_Date__c=null, tdc_tsw__Delivered_SMS__c=_IM1_/resource/tdc_tsw__imageCancel1_IM2_ _IM3_, tdc_tsw__Delivered__c=false, tdc_tsw__Delivery_Status__c=Sent, tdc_tsw__Error_Code__c=null, tdc_tsw__Error_Message__c=null, tdc_tsw__FeedElementId__c=null, tdc_tsw__Incoming_Status__c=Not Read, tdc_tsw__Lead__c=null, tdc_tsw__MessageId__c=null, tdc_tsw__Message_Segment__c=null, tdc_tsw__Message_Text_New__c=Test, tdc_tsw__Message__c=a173B000000se7vQAA, tdc_tsw__Opportunity__c=null, tdc_tsw__Read_Status__c=Unread, tdc_tsw__Read__c=false, tdc_tsw__Related_Object_Id_URL__c=_HL_ENCODED_https://hurricanedamage--lookup.my.salesforce.com/a173B000000se7qQAA_HL_tdc_tsw__Message__c_HL__blank_HL_, tdc_tsw__Related_Object_Id__c=a173B000000se7qQAA, tdc_tsw__Related_Object__c=tdc_tsw__Message__c, tdc_tsw__SMS_Template__c=null, tdc_tsw__Sender_Name__c=null, tdc_tsw__Sender_Number__c=+13038816946, tdc_tsw__Short_Text__c=null, tdc_tsw__Source__c=null, tdc_tsw__Status__c=null, tdc_tsw__Template_Parse_Id__c=null, tdc_tsw__ToNumber__c=+17065037067, tdc_tsw__isCaseCreated__c=false, tdc_tsw__isLeadCreated__c=false, tdc_tsw__Event_Created__c=false, tdc_tsw__Event_Id__c=null, tdc_tsw__Important__c=false, tdc_tsw__Is_Keyword_Based__c=false, tdc_tsw__Question__c=null, tdc_tsw__Survey_Response__c=null, tdc_tsw__Task_Created__c=false, tdc_tsw__Task_Id__c=null, ResponseTemplate__c=null}
22:10:32.460 (473086762)|HEAP_ALLOCATE|[3]|Bytes:5
22:10:32.460 (473178036)|VARIABLE_ASSIGNMENT|[3]|sms|null|
22:10:32.473 (473206639)|CUMULATIVE_LIMIT_USAGE
22:10:32.473 (473206639)|LIMIT_USAGE_FOR_NS|(default)|
  Number of SOQL queries: 0 out of 100
  Number of query rows: 0 out of 50000
  Number of SOSL queries: 0 out of 20
  Number of DML statements: 0 out of 150
  Number of DML rows: 0 out of 10000
  Maximum CPU time: 93 out of 10000
  Maximum heap size: 0 out of 6000000
  Number of callouts: 0 out of 100
  Number of Email Invocations: 0 out of 10
  Number of future calls: 0 out of 50
  Number of queueable jobs added to the queue: 0 out of 50
  Number of Mobile Apex push calls: 0 out of 10

22:10:32.473 (473206639)|LIMIT_USAGE_FOR_NS|tdc_tsw|
  Number of SOQL queries: 5 out of 100
  Number of query rows: 5 out of 50000
  Number of SOSL queries: 0 out of 20
  Number of DML statements: 1 out of 150
  Number of DML rows: 1 out of 10000
  Maximum CPU time: 0 out of 10000
  Maximum heap size: 0 out of 6000000
  Number of callouts: 0 out of 100
  Number of Email Invocations: 0 out of 10
  Number of future calls: 0 out of 50
  Number of queueable jobs added to the queue: 0 out of 50
  Number of Mobile Apex push calls: 0 out of 10

22:10:32.473 (473206639)|CUMULATIVE_LIMIT_USAGE_END

22:10:32.14 (564330288)|ENTERING_MANAGED_PKG|tdc_tsw
22:10:32.14 (571505230)|ENTERING_MANAGED_PKG|tdc_tsw
22:10:32.14 (572261851)|ENTERING_MANAGED_PKG|tdc_tsw
22:10:32.14 (572602497)|ENTERING_MANAGED_PKG|tdc_tsw
22:10:32.14 (578003636)|SOQL_EXECUTE_BEGIN|[15]|Aggregations:0|SELECT Id, Email FROM User WHERE isActive = TRUE LIMIT 10000
22:10:32.14 (584503877)|SOQL_EXECUTE_END|[15]|Rows:9
22:10:32.14 (587160430)|SOQL_EXECUTE_BEGIN|[42]|Aggregations:0|SELECT Id, Sender_Name__c, Sender_Number__c FROM Message__c WHERE id = :tmpVar1
22:10:32.14 (591229504)|SOQL_EXECUTE_END|[42]|Rows:1
22:10:32.14 (593809633)|SOQL_EXECUTE_BEGIN|[70]|Aggregations:0|select Name from tdc_tsw__Message__c where id = 'a173B000000se7qQAA'
22:10:32.14 (597287964)|SOQL_EXECUTE_END|[70]|Rows:1
22:10:32.14 (598938556)|DML_BEGIN|[97]|Op:Update|Type:tdc_tsw__Message__c|Rows:1
22:10:32.14 (626770306)|DML_END|[97]
22:10:32.14 (633537546)|SOQL_EXECUTE_BEGIN|[236]|Aggregations:0|SELECT id, subject, developername, htmlValue, body FROM EmailTemplate WHERE developername = 'Incoming_Message_Alert' LIMIT 1
22:10:32.14 (709914365)|SOQL_EXECUTE_END|[236]|Rows:1
22:10:32.14 (724726730)|ENTERING_MANAGED_PKG|tdc_tsw
22:10:32.14 (724891900)|ENTERING_MANAGED_PKG|tdc_tsw
22:10:32.14 (761159081)|SOQL_EXECUTE_BEGIN|[758]|Aggregations:0|select tdc_tsw__ToNumber__c, tdc_tsw__Sender_Number__c, tdc_tsw__Sender_Name__c, Id, tdc_tsw__Related_Object_Id_URL__c, tdc_tsw__Message_Text_New__c from tdc_tsw__Message__c where id ='a173B000000se80QAA' Limit 1
22:10:32.14 (772716247)|SOQL_EXECUTE_END|[758]|Rows:1
22:10:32.14 (776332080)|ENTERING_MANAGED_PKG|tdc_tsw
22:10:32.14 (778109256)|ENTERING_MANAGED_PKG|tdc_tsw
22:10:32.14 (779620974)|ENTERING_MANAGED_PKG|tdc_tsw
22:10:32.14 (780996612)|ENTERING_MANAGED_PKG|tdc_tsw
22:10:32.14 (782597587)|ENTERING_MANAGED_PKG|tdc_tsw
22:10:32.14 (784427962)|ENTERING_MANAGED_PKG|tdc_tsw
22:10:32.14 (786051582)|ENTERING_MANAGED_PKG|tdc_tsw
22:10:32.14 (817402086)|SOQL_EXECUTE_BEGIN|[758]|Aggregations:0|select tdc_tsw__ToNumber__c, tdc_tsw__Sender_Number__c, tdc_tsw__Sender_Name__c, tdc_tsw__Related_Object_Id_URL__c, tdc_tsw__Message_Text_New__c from tdc_tsw__Message__c where id ='a173B000000se80QAA' Limit 1
22:10:32.14 (829082425)|SOQL_EXECUTE_END|[758]|Rows:1
22:10:32.14 (830329213)|ENTERING_MANAGED_PKG|tdc_tsw
22:10:32.14 (831465024)|ENTERING_MANAGED_PKG|tdc_tsw
22:10:32.14 (832492518)|ENTERING_MANAGED_PKG|tdc_tsw
22:10:32.14 (833523916)|ENTERING_MANAGED_PKG|tdc_tsw
22:10:32.14 (834541358)|ENTERING_MANAGED_PKG|tdc_tsw
22:10:32.14 (836052523)|SOQL_EXECUTE_BEGIN|[248]|Aggregations:0|SELECT Id, IsSandbox, Name FROM Organization LIMIT 1
22:10:32.14 (840488873)|SOQL_EXECUTE_END|[248]|Rows:1
22:10:32.14 (842565268)|ENTERING_MANAGED_PKG|tdc_tsw
22:10:32.14 (860802801)|SOQL_EXECUTE_BEGIN|[434]|Aggregations:0|SELECT id, name, First_Question__c, Question_Text__c, Question__c, Question_Label__c, Object__c, tdc_tsw__Survey__c, Survey__r.name FROM Question__c WHERE id = :tmpVar1
22:10:32.14 (865371296)|SOQL_EXECUTE_END|[434]|Rows:0
22:10:32.14 (867601237)|ENTERING_MANAGED_PKG|tdc_tsw
22:10:32.14 (876485144)|SOQL_EXECUTE_BEGIN|[628]|Aggregations:0|Select id, leadId, contactId from CampaignMember where Id In : Ids
22:10:32.14 (880065988)|SOQL_EXECUTE_END|[628]|Rows:0
22:10:32.881 (881269399)|CUMULATIVE_LIMIT_USAGE
22:10:32.881 (881269399)|LIMIT_USAGE_FOR_NS|(default)|
  Number of SOQL queries: 0 out of 100
  Number of query rows: 0 out of 50000
  Number of SOSL queries: 0 out of 20
  Number of DML statements: 0 out of 150
  Number of DML rows: 0 out of 10000
  Maximum CPU time: 406 out of 10000
  Maximum heap size: 0 out of 6000000
  Number of callouts: 0 out of 100
  Number of Email Invocations: 0 out of 10
  Number of future calls: 0 out of 50
  Number of queueable jobs added to the queue: 0 out of 50
  Number of Mobile Apex push calls: 0 out of 10

22:10:32.881 (881269399)|LIMIT_USAGE_FOR_NS|tdc_tsw|
  Number of SOQL queries: 14 out of 100
  Number of query rows: 20 out of 50000
  Number of SOSL queries: 0 out of 20
  Number of DML statements: 2 out of 150
  Number of DML rows: 2 out of 10000
  Maximum CPU time: 0 out of 10000
  Maximum heap size: 0 out of 6000000
  Number of callouts: 0 out of 100
  Number of Email Invocations: 0 out of 10
  Number of future calls: 0 out of 50
  Number of queueable jobs added to the queue: 0 out of 50
  Number of Mobile Apex push calls: 0 out of 10

22:10:32.881 (881269399)|CUMULATIVE_LIMIT_USAGE_END

22:10:33.242 (1242287929)|PUSH_TRACE_FLAGS|[EXTERNAL]|01p3B000001izES|PhoneMatcher|APEX_CODE,FINEST;APEX_PROFILING,INFO;CALLOUT,INFO;DB,INFO;NBA,INFO;SYSTEM,DEBUG;VALIDATION,INFO;VISUALFORCE,INFO;WAVE,INFO;WORKFLOW,INFO
22:10:33.242 (1242387011)|CODE_UNIT_STARTED|[EXTERNAL]|01p3B000001izES|PhoneMatcher.MatchContactOnPhoneNunber(List<tdc_tsw__Message__c>)
22:10:33.242 (1243311296)|HEAP_ALLOCATE|[EXTERNAL]|Bytes:8
22:10:33.242 (1243459511)|HEAP_ALLOCATE|[EXTERNAL]|Bytes:1
22:10:33.242 (1243490554)|HEAP_ALLOCATE|[EXTERNAL]|Bytes:2
22:10:33.242 (1243638366)|METHOD_ENTRY|[5]|01p3B000001izES|PhoneMatcher.PhoneMatcher()
22:10:33.242 (1243661091)|STATEMENT_EXECUTE|[5]
22:10:33.242 (1243674050)|STATEMENT_EXECUTE|[5]
22:10:33.242 (1243731359)|METHOD_EXIT|[5]|PhoneMatcher
22:10:33.242 (1243798900)|HEAP_ALLOCATE|[EXTERNAL]|Bytes:8
22:10:33.242 (1243840392)|VARIABLE_SCOPE_BEGIN|[8]|messages|List<tdc_tsw__Message__c>|true|false
22:10:33.242 (1246008591)|VARIABLE_ASSIGNMENT|[8]|messages|[{"LastModifiedDate":"2019-01-22T03:10:32.000Z","tdc_tsw__ToNumber__c":"+17065037067","tdc_tsw__Sender_Number__c":"+13038816946","tdc_tsw__Read__c":false,"tdc_tsw__Read_Status__c":"Unread","tdc_tsw__Task_Created__c":false,"Name":"Incoming","tdc_tsw__Event_Created__c":false,"tdc_tsw__Message_Text_New__c":"Test","tdc_tsw__Created_Date__c":"2019-01-22T03:10:32.000Z","CreatedById":"0051H000009gxp8QAA","tdc_tsw__Is_Keyword_Based__c":false,"OwnerId":"0051H000009gxp8QAA","tdc_tsw__Related_Object_Id_URL__c":"_HL_ENCODED_https:// (97 more) ...","RecordTypeId":"0121H000001Ie7fQAC","tdc_tsw__Delivered_SMS__c":"_IM1_/resource/tdc_t (27 more) ...","tdc_tsw__Important__c":false,"tdc_tsw__Delivered__c":false,"tdc_tsw__Related_Object__c":"tdc_tsw__Message__c","IsDeleted":false,"tdc_tsw__Incoming_Status__c":"Not Read","tdc_tsw__isCaseCreated__c":false,"tdc_tsw__Message__c":"a173B000000se7vQAA","tdc_tsw__Related_Object_Id__c":"a173B000000se7qQAA","SystemModstamp":"2019-01-22T03:10:32.000Z","tdc_tsw__Sender_Name__c":"Incoming","tdc_tsw__isLeadCreated__c":false,"CreatedDate":"2019-01-22T03:10:32.000Z","Id":"a173B000000se80QAA","LastModifiedById":"0051H000009gxp8QAA","tdc_tsw__Delivery_Status__c":"Sent"}]|0x37e9f970
22:10:33.242 (1246056492)|STATEMENT_EXECUTE|[8]
22:10:33.242 (1246061521)|STATEMENT_EXECUTE|[9]
22:10:33.242 (1246152364)|HEAP_ALLOCATE|[9]|Bytes:4
22:10:33.242 (1246443382)|VARIABLE_SCOPE_BEGIN|[9]|results|List<LookupResult__c>|true|false
22:10:33.242 (1246476727)|HEAP_ALLOCATE|[EXTERNAL]|Bytes:4
22:10:33.242 (1246513089)|VARIABLE_ASSIGNMENT|[9]|results|[]|0x6f8701e2
22:10:33.242 (1246526596)|STATEMENT_EXECUTE|[10]
22:10:33.242 (1246604626)|HEAP_ALLOCATE|[10]|Bytes:4
22:10:33.242 (1246818560)|VARIABLE_SCOPE_BEGIN|[10]|template|tdc_tsw__Message_Template__c|true|false
22:10:33.242 (1246862195)|VARIABLE_ASSIGNMENT|[10]|template|{}|0x139eadb8
22:10:33.242 (1246876399)|STATEMENT_EXECUTE|[11]
22:10:33.242 (1246979746)|HEAP_ALLOCATE|[11]|Bytes:18
22:10:33.242 (1247161563)|VARIABLE_ASSIGNMENT|[11]|this.Name|"a173B000000se80QAA"|0x139eadb8
22:10:33.242 (1247180651)|STATEMENT_EXECUTE|[12]
22:10:33.242 (1247195018)|VARIABLE_SCOPE_BEGIN|[12]|authorized|Boolean|false|false
22:10:33.242 (1247212876)|HEAP_ALLOCATE|[12]|Bytes:5
22:10:33.242 (1247285904)|VARIABLE_ASSIGNMENT|[12]|authorized|false
22:10:33.242 (1247300355)|STATEMENT_EXECUTE|[13]
22:10:33.242 (1247313807)|VARIABLE_SCOPE_BEGIN|[13]|requestingNumber|String|false|false
22:10:33.242 (1247341853)|VARIABLE_ASSIGNMENT|[13]|requestingNumber|""
22:10:33.242 (1247352689)|STATEMENT_EXECUTE|[14]
22:10:33.242 (1247460478)|VARIABLE_ASSIGNMENT|[14]|requestingNumber|"+13038816946"
22:10:33.242 (1247475414)|STATEMENT_EXECUTE|[15]
22:10:33.242 (1247479121)|STATEMENT_EXECUTE|[16]
22:10:33.242 (1247619874)|HEAP_ALLOCATE|[16]|Bytes:11
22:10:33.242 (1247681242)|VARIABLE_ASSIGNMENT|[16]|requestingNumber|"13038816946"
22:10:33.242 (1247694786)|STATEMENT_EXECUTE|[17]
22:10:33.242 (1247775742)|HEAP_ALLOCATE|[17]|Bytes:10
22:10:33.242 (1247837965)|VARIABLE_ASSIGNMENT|[17]|requestingNumber|"3038816946"
22:10:33.242 (1247851847)|STATEMENT_EXECUTE|[20]
22:10:33.242 (1247860509)|HEAP_ALLOCATE|[20]|Bytes:144
22:10:33.242 (1247890488)|HEAP_ALLOCATE|[20]|Bytes:4
22:10:33.242 (1263811196)|SOQL_EXECUTE_BEGIN|[20]|Aggregations:0|SELECT ID, SMS_Lookup_Access__c FROM Contact WHERE ((PhoneNumeric__c = :tmpVar1 OR MobileNumeric__c = :tmpVar2) AND SMS_Lookup_Access__c = TRUE)
22:10:33.242 (1268524449)|SOQL_EXECUTE_END|[20]|Rows:1
22:10:33.242 (1268582433)|HEAP_ALLOCATE|[20]|Bytes:8
22:10:33.242 (1268615979)|HEAP_ALLOCATE|[20]|Bytes:57
22:10:33.242 (1268727144)|HEAP_ALLOCATE|[20]|Bytes:8
22:10:33.242 (1268819037)|VARIABLE_SCOPE_BEGIN|[20]|requestingContacts|List<Contact>|true|false
22:10:33.242 (1268948064)|VARIABLE_ASSIGNMENT|[20]|requestingContacts|[{"Id":"0033B00000Q9yz1QAB","SMS_Lookup_Access__c":true}]|0x39c13efd
22:10:33.242 (1269159172)|STATEMENT_EXECUTE|[25]
22:10:33.242 (1269168131)|STATEMENT_EXECUTE|[26]
22:10:33.242 (1269179784)|VARIABLE_SCOPE_BEGIN|[26]|counter|Integer|false|false
22:10:33.242 (1269197488)|HEAP_ALLOCATE|[26]|Bytes:4
22:10:33.242 (1269229951)|VARIABLE_ASSIGNMENT|[26]|counter|1
22:10:33.242 (1269241435)|STATEMENT_EXECUTE|[27]
22:10:33.242 (1269400799)|HEAP_ALLOCATE|[27]|Bytes:6
22:10:33.242 (1269429352)|VARIABLE_SCOPE_BEGIN|[27]|inMessage|String|false|false
22:10:33.242 (1269461978)|VARIABLE_ASSIGNMENT|[27]|inMessage|"%Test%"
22:10:33.242 (1269473898)|STATEMENT_EXECUTE|[28]
22:10:33.242 (1269484246)|VARIABLE_SCOPE_BEGIN|[28]|outMessage|String|false|false
22:10:33.242 (1269510470)|VARIABLE_ASSIGNMENT|[28]|outMessage|""
22:10:33.242 (1269521055)|STATEMENT_EXECUTE|[29]
22:10:33.242 (1269529939)|VARIABLE_SCOPE_BEGIN|[29]|phoneWithPrefix|String|false|false
22:10:33.242 (1269553917)|VARIABLE_ASSIGNMENT|[29]|phoneWithPrefix|""
22:10:33.242 (1269564025)|STATEMENT_EXECUTE|[30]
22:10:33.242 (1269573046)|VARIABLE_SCOPE_BEGIN|[30]|phone|String|false|false
22:10:33.242 (1269596993)|VARIABLE_ASSIGNMENT|[30]|phone|""
22:10:33.242 (1269607607)|STATEMENT_EXECUTE|[31]
22:10:33.242 (1269616917)|VARIABLE_SCOPE_BEGIN|[31]|key|Integer|false|false
22:10:33.242 (1269630247)|HEAP_ALLOCATE|[31]|Bytes:4
22:10:33.242 (1269655483)|VARIABLE_ASSIGNMENT|[31]|key|0
22:10:33.242 (1269771650)|STATEMENT_EXECUTE|[32]
22:10:33.242 (1269785381)|STATEMENT_EXECUTE|[47]
22:10:33.242 (1269818018)|STATEMENT_EXECUTE|[48]
22:10:33.242 (1269823376)|STATEMENT_EXECUTE|[49]
22:10:33.242 (1269931047)|HEAP_ALLOCATE|[49]|Bytes:4
22:10:33.242 (1269987764)|VARIABLE_ASSIGNMENT|[49]|phone|"Test"
22:10:33.242 (1270001014)|STATEMENT_EXECUTE|[50]
22:10:33.242 (1270009950)|HEAP_ALLOCATE|[50]|Bytes:1
22:10:33.242 (1270102250)|HEAP_ALLOCATE|[50]|Bytes:4
22:10:33.242 (1270146042)|HEAP_ALLOCATE|[50]|Bytes:5
22:10:33.242 (1270181445)|VARIABLE_ASSIGNMENT|[50]|phoneWithPrefix|"1Test"
22:10:33.242 (1270194018)|STATEMENT_EXECUTE|[52]
22:10:33.242 (1270201956)|HEAP_ALLOCATE|[52]|Bytes:61
22:10:33.242 (1270229113)|HEAP_ALLOCATE|[52]|Bytes:4
22:10:33.242 (1270639448)|SOQL_EXECUTE_BEGIN|[52]|Aggregations:0|SELECT Name, Sent_Us__c FROM Account WHERE Name LIKE :tmpVar1
22:10:33.242 (1281482447)|SOQL_EXECUTE_END|[52]|Rows:0
22:10:33.242 (1281575565)|HEAP_ALLOCATE|[52]|Bytes:4
22:10:33.242 (1281612427)|HEAP_ALLOCATE|[52]|Bytes:0
22:10:33.242 (1281753306)|HEAP_ALLOCATE|[52]|Bytes:4
22:10:33.242 (1281820790)|VARIABLE_SCOPE_BEGIN|[52]|accounts|List<Account>|true|false
22:10:33.242 (1281902795)|VARIABLE_ASSIGNMENT|[52]|accounts|[]|0x29c2174f
22:10:33.242 (1282259213)|HEAP_ALLOCATE|[55]|Bytes:5
22:10:33.242 (1282332193)|VARIABLE_ASSIGNMENT|[55]|account|null|
22:10:33.242 (1282351115)|STATEMENT_EXECUTE|[55]
22:10:33.242 (1282356037)|STATEMENT_EXECUTE|[71]
22:10:33.242 (1282364550)|HEAP_ALLOCATE|[71]|Bytes:215
22:10:33.242 (1282396801)|HEAP_ALLOCATE|[71]|Bytes:4
22:10:33.242 (1282447930)|HEAP_ALLOCATE|[71]|Bytes:7
22:10:33.242 (1282473837)|HEAP_ALLOCATE|[71]|Bytes:7
22:10:33.242 (1282516570)|HEAP_ALLOCATE|[71]|Bytes:7
22:10:33.242 (1283522018)|SOQL_EXECUTE_BEGIN|[71]|Aggregations:0|SELECT ID, Phone, MobilePhone, Name, Email, AccountId FROM Contact WHERE (PhoneNumeric__c = :tmpVar1 OR MobileNumeric__c = :tmpVar2 OR PhoneNumeric__c = :tmpVar3 OR MobileNumeric__c = :tmpVar4 OR Name LIKE :tmpVar5)
22:10:33.242 (1291404067)|SOQL_EXECUTE_END|[71]|Rows:0
22:10:33.242 (1291495815)|HEAP_ALLOCATE|[71]|Bytes:4
22:10:33.242 (1291532552)|HEAP_ALLOCATE|[71]|Bytes:0
22:10:33.242 (1291603888)|HEAP_ALLOCATE|[71]|Bytes:4
22:10:33.242 (1291663192)|VARIABLE_SCOPE_BEGIN|[71]|contacts|List<Contact>|true|false
22:10:33.242 (1291745633)|VARIABLE_ASSIGNMENT|[71]|contacts|[]|0x16f907ef
22:10:33.242 (1291897605)|STATEMENT_EXECUTE|[76]
22:10:33.242 (1291995299)|STATEMENT_EXECUTE|[94]
22:10:33.242 (1292002603)|STATEMENT_EXECUTE|[97]
22:10:33.242 (1292013926)|HEAP_ALLOCATE|[97]|Bytes:201
22:10:33.242 (1292050001)|HEAP_ALLOCATE|[97]|Bytes:4
22:10:33.242 (1307278804)|SOQL_EXECUTE_BEGIN|[97]|Aggregations:0|SELECT ID, Phone, MobilePhone, Name, Email FROM Lead WHERE (PhoneNumeric__c = :tmpVar1 OR MobileNumeric__c = :tmpVar2 OR PhoneNumeric__c = :tmpVar3 OR MobileNumeric__c = :tmpVar4 OR Name LIKE :tmpVar5)
22:10:33.242 (1313481083)|SOQL_EXECUTE_END|[97]|Rows:2
22:10:33.242 (1313543739)|HEAP_ALLOCATE|[97]|Bytes:12
22:10:33.242 (1313580337)|HEAP_ALLOCATE|[97]|Bytes:121
22:10:33.242 (1313714175)|HEAP_ALLOCATE|[97]|Bytes:12
22:10:33.242 (1313825046)|VARIABLE_SCOPE_BEGIN|[97]|leads|List<Lead>|true|false
22:10:33.242 (1313932278)|VARIABLE_ASSIGNMENT|[97]|leads|[{"Id":"00Q3B000005aQ27UAE","Phone":"3038816946","Name":"Test2"},{"Id":"00Q3B000005aQ22UAE","Phone":"3038816946","Name":"Test"}]|0xe0db547
22:10:33.242 (1314149081)|STATEMENT_EXECUTE|[102]
22:10:33.242 (1314382667)|HEAP_ALLOCATE|[103]|Bytes:5
22:10:33.242 (1314456087)|HEAP_ALLOCATE|[103]|Bytes:16
22:10:33.242 (1314488752)|VARIABLE_SCOPE_BEGIN|[103]|lead|Lead|true|false
22:10:33.242 (1314552380)|VARIABLE_ASSIGNMENT|[103]|lead|{"Id":"00Q3B000005aQ27UAE","Phone":"3038816946","Name":"Test2"}|0x48f71eec
22:10:33.242 (1314568713)|STATEMENT_EXECUTE|[103]
22:10:33.242 (1314572751)|STATEMENT_EXECUTE|[104]
22:10:33.242 (1314624456)|VARIABLE_SCOPE_BEGIN|[104]|lPhone|String|false|false
22:10:33.242 (1314660749)|VARIABLE_ASSIGNMENT|[104]|lPhone|"3038816946"
22:10:33.242 (1314672157)|STATEMENT_EXECUTE|[105]
22:10:33.242 (1314983446)|VARIABLE_SCOPE_BEGIN|[105]|lMobilePhone|String|false|false
22:10:33.242 (1315019867)|VARIABLE_ASSIGNMENT|[105]|lMobilePhone|""
22:10:33.242 (1315032859)|STATEMENT_EXECUTE|[106]
22:10:33.242 (1315041863)|HEAP_ALLOCATE|[106]|Bytes:12
22:10:33.242 (1315125809)|HEAP_ALLOCATE|[106]|Bytes:8
22:10:33.242 (1315142316)|HEAP_ALLOCATE|[106]|Bytes:9
22:10:33.242 (1315164650)|HEAP_ALLOCATE|[106]|Bytes:44
22:10:33.242 (1315180248)|HEAP_ALLOCATE|[106]|Bytes:8
22:10:33.242 (1315200535)|HEAP_ALLOCATE|[106]|Bytes:12
22:10:33.242 (1315217067)|HEAP_ALLOCATE|[106]|Bytes:56
22:10:33.242 (1315240832)|HEAP_ALLOCATE|[106]|Bytes:56
22:10:33.242 (1315304208)|VARIABLE_ASSIGNMENT|[106]|outMessage|"\nLead\nName: Test2\nPh (36 more) ..."
22:10:33.242 (1315318617)|STATEMENT_EXECUTE|[107]
22:10:33.242 (1315355134)|HEAP_ALLOCATE|[107]|Bytes:4
22:10:33.242 (1323943939)|VARIABLE_ASSIGNMENT|[107]|this.SMS_History__c|"a173B000000se80QAA"|0x58f679a4
22:10:33.242 (1324129500)|VARIABLE_ASSIGNMENT|[107]|this.SMS_Template__c|null|0x58f679a4
22:10:33.242 (1324209545)|HEAP_ALLOCATE|[107]|Bytes:28
22:10:33.242 (1324256952)|HEAP_ALLOCATE|[107]|Bytes:28
22:10:33.242 (1324399647)|VARIABLE_ASSIGNMENT|[107]|this.Key__c|1|0x58f679a4
22:10:33.242 (1324456742)|HEAP_ALLOCATE|[107]|Bytes:18
22:10:33.242 (1324535219)|VARIABLE_ASSIGNMENT|[107]|this.ObjectId__c|"00Q3B000005aQ27UAE"|0x58f679a4
22:10:33.242 (1324710024)|VARIABLE_ASSIGNMENT|[107]|this.Name|"Test2"|0x58f679a4
22:10:33.242 (1324901446)|HEAP_ALLOCATE|[EXTERNAL]|Bytes:4
22:10:33.242 (1324964593)|STATEMENT_EXECUTE|[108]
22:10:33.242 (1324974863)|HEAP_ALLOCATE|[108]|Bytes:4
22:10:33.242 (1325038333)|VARIABLE_ASSIGNMENT|[108]|counter|2
22:10:33.242 (1325079450)|HEAP_ALLOCATE|[103]|Bytes:5
22:10:33.242 (1325120495)|HEAP_ALLOCATE|[103]|Bytes:16
22:10:33.242 (1325178463)|VARIABLE_SCOPE_BEGIN|[103]|lead|Lead|true|false
22:10:33.242 (1325248954)|VARIABLE_ASSIGNMENT|[103]|lead|{"Id":"00Q3B000005aQ22UAE","Phone":"3038816946","Name":"Test"}|0x37ffd8ce
22:10:33.242 (1325264641)|STATEMENT_EXECUTE|[103]
22:10:33.242 (1325268551)|STATEMENT_EXECUTE|[104]
22:10:33.242 (1325291581)|VARIABLE_SCOPE_BEGIN|[104]|lPhone|String|false|false
22:10:33.242 (1325321353)|VARIABLE_ASSIGNMENT|[104]|lPhone|"3038816946"
22:10:33.242 (1325332220)|STATEMENT_EXECUTE|[105]
22:10:33.242 (1325347029)|VARIABLE_SCOPE_BEGIN|[105]|lMobilePhone|String|false|false
22:10:33.242 (1325372758)|VARIABLE_ASSIGNMENT|[105]|lMobilePhone|""
22:10:33.242 (1325383385)|STATEMENT_EXECUTE|[106]
22:10:33.242 (1326111304)|HEAP_ALLOCATE|[106]|Bytes:43
22:10:33.242 (1326142877)|HEAP_ALLOCATE|[106]|Bytes:12
22:10:33.242 (1326159440)|HEAP_ALLOCATE|[106]|Bytes:55
22:10:33.242 (1326173836)|HEAP_ALLOCATE|[106]|Bytes:111
22:10:33.242 (1326209757)|VARIABLE_ASSIGNMENT|[106]|outMessage|"\nLead\nName: Test2\nPh (91 more) ..."
22:10:33.242 (1326222595)|STATEMENT_EXECUTE|[107]
22:10:33.242 (1326259016)|HEAP_ALLOCATE|[107]|Bytes:4
22:10:33.242 (1326430509)|VARIABLE_ASSIGNMENT|[107]|this.SMS_History__c|"a173B000000se80QAA"|0x6471f16f
22:10:33.242 (1326544513)|VARIABLE_ASSIGNMENT|[107]|this.SMS_Template__c|null|0x6471f16f
22:10:33.242 (1326573355)|HEAP_ALLOCATE|[107]|Bytes:28
22:10:33.242 (1326587049)|HEAP_ALLOCATE|[107]|Bytes:28
22:10:33.242 (1326650633)|VARIABLE_ASSIGNMENT|[107]|this.Key__c|2|0x6471f16f
22:10:33.242 (1326676956)|HEAP_ALLOCATE|[107]|Bytes:18
22:10:33.242 (1326743594)|VARIABLE_ASSIGNMENT|[107]|this.ObjectId__c|"00Q3B000005aQ22UAE"|0x6471f16f
22:10:33.242 (1326821801)|VARIABLE_ASSIGNMENT|[107]|this.Name|"Test"|0x6471f16f
22:10:33.242 (1326861635)|HEAP_ALLOCATE|[EXTERNAL]|Bytes:4
22:10:33.242 (1326883771)|STATEMENT_EXECUTE|[108]
22:10:33.242 (1326890872)|HEAP_ALLOCATE|[108]|Bytes:4
22:10:33.242 (1326920148)|VARIABLE_ASSIGNMENT|[108]|counter|3
22:10:33.242 (1326951249)|HEAP_ALLOCATE|[103]|Bytes:5
22:10:33.242 (1327006532)|VARIABLE_ASSIGNMENT|[103]|lead|null|
22:10:33.242 (1327109295)|STATEMENT_EXECUTE|[111]
22:10:33.242 (1327116681)|STATEMENT_EXECUTE|[112]
22:10:33.242 (1327124927)|HEAP_ALLOCATE|[112]|Bytes:46
22:10:33.242 (1327145459)|HEAP_ALLOCATE|[112]|Bytes:157
22:10:33.242 (1327179527)|VARIABLE_ASSIGNMENT|[112]|outMessage|"\nLead\nName: Test2\nPh (137 more) ..."
22:10:33.242 (1327459837)|HEAP_ALLOCATE|[113]|Bytes:5
22:10:33.242 (1327501750)|HEAP_ALLOCATE|[113]|Bytes:24
22:10:33.242 (1327530566)|VARIABLE_SCOPE_BEGIN|[113]|result|LookupResult__c|true|false
22:10:33.242 (1327579945)|VARIABLE_ASSIGNMENT|[113]|result|{"SMS_History__c":"a173B000000se80QAA","Key__c":1,"ObjectId__c":"00Q3B000005aQ27UAE","Name":"Test2"}|0x58f679a4
22:10:33.242 (1327594455)|STATEMENT_EXECUTE|[113]
22:10:33.242 (1327598283)|STATEMENT_EXECUTE|[114]
22:10:33.242 (1327604960)|HEAP_ALLOCATE|[114]|Bytes:1
22:10:33.242 (1327649399)|HEAP_ALLOCATE|[114]|Bytes:28
22:10:33.242 (1327729701)|HEAP_ALLOCATE|[114]|Bytes:1
22:10:33.242 (1327766151)|HEAP_ALLOCATE|[114]|Bytes:2
22:10:33.242 (1327818858)|HEAP_ALLOCATE|[114]|Bytes:9
22:10:33.242 (1327841724)|HEAP_ALLOCATE|[114]|Bytes:166
22:10:33.242 (1327876019)|VARIABLE_ASSIGNMENT|[114]|outMessage|"\nLead\nName: Test2\nPh (146 more) ..."
22:10:33.242 (1327908146)|HEAP_ALLOCATE|[113]|Bytes:5
22:10:33.242 (1327942779)|HEAP_ALLOCATE|[113]|Bytes:24
22:10:33.242 (1327968080)|VARIABLE_SCOPE_BEGIN|[113]|result|LookupResult__c|true|false
22:10:33.242 (1328012531)|VARIABLE_ASSIGNMENT|[113]|result|{"SMS_History__c":"a173B000000se80QAA","Key__c":2,"ObjectId__c":"00Q3B000005aQ22UAE","Name":"Test"}|0x6471f16f
22:10:33.242 (1328028189)|STATEMENT_EXECUTE|[113]
22:10:33.242 (1328031807)|STATEMENT_EXECUTE|[114]
22:10:33.242 (1328050029)|HEAP_ALLOCATE|[114]|Bytes:28
22:10:33.242 (1328087601)|HEAP_ALLOCATE|[114]|Bytes:1
22:10:33.242 (1328126382)|HEAP_ALLOCATE|[114]|Bytes:8
22:10:33.242 (1328145497)|HEAP_ALLOCATE|[114]|Bytes:174
22:10:33.242 (1328178106)|VARIABLE_ASSIGNMENT|[114]|outMessage|"\nLead\nName: Test2\nPh (154 more) ..."
22:10:33.242 (1328209105)|HEAP_ALLOCATE|[113]|Bytes:5
22:10:33.242 (1328252757)|VARIABLE_ASSIGNMENT|[113]|result|null|
22:10:33.242 (1328266038)|STATEMENT_EXECUTE|[116]
22:10:33.242 (1328476141)|VARIABLE_ASSIGNMENT|[116]|this.tdc_tsw__SMSBodyNew__c|"\nLead\nName: Test2\nPh (154 more) ..."|0x139eadb8
22:10:33.242 (1328493408)|STATEMENT_EXECUTE|[122]
22:10:33.242 (1328820724)|HEAP_ALLOCATE|[122]|Bytes:8
22:10:33.242 (1328852537)|DML_BEGIN|[122]|Op:Insert|Type:tdc_tsw__Message_Template__c|Rows:1
22:10:33.242 (1328943979)|HEAP_ALLOCATE|[EXTERNAL]|Bytes:8
22:10:33.242 (1362194977)|DML_END|[122]
22:10:33.242 (1362417376)|HEAP_ALLOCATE|[123]|Bytes:5
22:10:33.242 (1362476090)|HEAP_ALLOCATE|[123]|Bytes:24
22:10:33.242 (1362519466)|VARIABLE_SCOPE_BEGIN|[123]|lookup|LookupResult__c|true|false
22:10:33.242 (1362621567)|VARIABLE_ASSIGNMENT|[123]|lookup|{"SMS_History__c":"a173B000000se80QAA","Key__c":1,"ObjectId__c":"00Q3B000005aQ27UAE","Name":"Test2"}|0x58f679a4
22:10:33.242 (1362640959)|STATEMENT_EXECUTE|[123]
22:10:33.242 (1362645211)|STATEMENT_EXECUTE|[124]
22:10:33.242 (1362906377)|VARIABLE_ASSIGNMENT|[124]|this.SMS_Template__c|"a153B000000pOibQAE"|0x58f679a4
22:10:33.242 (1362945979)|HEAP_ALLOCATE|[123]|Bytes:5
22:10:33.242 (1362984986)|HEAP_ALLOCATE|[123]|Bytes:24
22:10:33.242 (1363011253)|VARIABLE_SCOPE_BEGIN|[123]|lookup|LookupResult__c|true|false
22:10:33.242 (1363060620)|VARIABLE_ASSIGNMENT|[123]|lookup|{"SMS_History__c":"a173B000000se80QAA","Key__c":2,"ObjectId__c":"00Q3B000005aQ22UAE","Name":"Test"}|0x6471f16f
22:10:33.242 (1363075741)|STATEMENT_EXECUTE|[123]
22:10:33.242 (1363079299)|STATEMENT_EXECUTE|[124]
22:10:33.242 (1363200462)|VARIABLE_ASSIGNMENT|[124]|this.SMS_Template__c|"a153B000000pOibQAE"|0x6471f16f
22:10:33.242 (1363238530)|HEAP_ALLOCATE|[123]|Bytes:5
22:10:33.242 (1363285064)|VARIABLE_ASSIGNMENT|[123]|lookup|null|
22:10:33.242 (1363298572)|STATEMENT_EXECUTE|[126]
22:10:33.242 (1363406390)|DML_BEGIN|[126]|Op:Insert|Type:LookupResult__c|Rows:2
22:10:33.242 (1363498219)|HEAP_ALLOCATE|[EXTERNAL]|Bytes:12
22:10:33.242 (1396176538)|DML_END|[126]
22:10:33.242 (1396339951)|HEAP_ALLOCATE|[EXTERNAL]|Bytes:12
22:10:33.242 (1396399955)|STATEMENT_EXECUTE|[127]
22:10:33.242 (1396418455)|HEAP_ALLOCATE|[127]|Bytes:71
22:10:33.242 (1396466793)|HEAP_ALLOCATE|[127]|Bytes:4
22:10:33.242 (1397232189)|SOQL_EXECUTE_BEGIN|[127]|Aggregations:0|SELECT ResponseTemplate__c FROM tdc_tsw__Message__c WHERE ID = :tmpVar1
22:10:33.242 (1400683277)|SOQL_EXECUTE_END|[127]|Rows:1
22:10:33.242 (1400738337)|HEAP_ALLOCATE|[127]|Bytes:8
22:10:33.242 (1400771396)|HEAP_ALLOCATE|[127]|Bytes:29
22:10:33.242 (1400832573)|HEAP_ALLOCATE|[127]|Bytes:8
22:10:33.242 (1400890678)|HEAP_ALLOCATE|[127]|Bytes:8
22:10:33.242 (1400931944)|VARIABLE_SCOPE_BEGIN|[127]|updateSMS|tdc_tsw__Message__c|true|false
22:10:33.242 (1401015350)|VARIABLE_ASSIGNMENT|[127]|updateSMS|{"Id":"a173B000000se80QAA"}|0x2ab6a700
22:10:33.242 (1401032825)|STATEMENT_EXECUTE|[131]
22:10:33.242 (1401059426)|HEAP_ALLOCATE|[131]|Bytes:18
22:10:33.242 (1401198014)|HEAP_ALLOCATE|[131]|Bytes:-4
22:10:33.242 (1401265018)|VARIABLE_ASSIGNMENT|[131]|this.ResponseTemplate__c|"a153B000000pOibQAE"|0x2ab6a700
22:10:33.242 (1401280331)|STATEMENT_EXECUTE|[132]
22:10:33.242 (1401356120)|HEAP_ALLOCATE|[132]|Bytes:8
22:10:33.242 (1401385112)|DML_BEGIN|[132]|Op:Update|Type:tdc_tsw__Message__c|Rows:1
22:10:33.242 (1401455648)|HEAP_ALLOCATE|[EXTERNAL]|Bytes:8
22:10:33.242 (1428413158)|DML_END|[132]
22:10:33.428 (1428578366)|CUMULATIVE_LIMIT_USAGE
22:10:33.428 (1428578366)|LIMIT_USAGE_FOR_NS|(default)|
  Number of SOQL queries: 5 out of 100
  Number of query rows: 4 out of 50000
  Number of SOSL queries: 0 out of 20
  Number of DML statements: 3 out of 150
  Number of DML rows: 4 out of 10000
  Maximum CPU time: 463 out of 10000
  Maximum heap size: 0 out of 6000000
  Number of callouts: 0 out of 100
  Number of Email Invocations: 0 out of 10
  Number of future calls: 0 out of 50
  Number of queueable jobs added to the queue: 0 out of 50
  Number of Mobile Apex push calls: 0 out of 10

22:10:33.428 (1428578366)|LIMIT_USAGE_FOR_NS|tdc_tsw|
  Number of SOQL queries: 14 out of 100
  Number of query rows: 20 out of 50000
  Number of SOSL queries: 0 out of 20
  Number of DML statements: 2 out of 150
  Number of DML rows: 2 out of 10000
  Maximum CPU time: 0 out of 10000
  Maximum heap size: 0 out of 6000000
  Number of callouts: 0 out of 100
  Number of Email Invocations: 0 out of 10
  Number of future calls: 0 out of 50
  Number of queueable jobs added to the queue: 0 out of 50
  Number of Mobile Apex push calls: 0 out of 10

22:10:33.428 (1428578366)|CUMULATIVE_LIMIT_USAGE_END

22:10:33.242 (1428738661)|CODE_UNIT_FINISHED|PhoneMatcher.MatchContactOnPhoneNunber(List<tdc_tsw__Message__c>)
22:10:33.242 (1428884098)|POP_TRACE_FLAGS|[EXTERNAL]|01p3B000001izES|PhoneMatcher|APEX_CODE,FINEST;APEX_PROFILING,INFO;CALLOUT,INFO;DB,INFO;NBA,INFO;SYSTEM,DEBUG;VALIDATION,INFO;VISUALFORCE,INFO;WAVE,INFO;WORKFLOW,INFO
22:10:33.432 (1432848547)|ENTERING_MANAGED_PKG|tdc_tsw
22:10:33.432 (1433217012)|ENTERING_MANAGED_PKG|tdc_tsw
22:10:33.432 (1436073696)|ENTERING_MANAGED_PKG|tdc_tsw
22:10:33.432 (1436334777)|ENTERING_MANAGED_PKG|tdc_tsw
22:10:33.432 (1437138189)|ENTERING_MANAGED_PKG|tdc_tsw
22:10:33.432 (1446279549)|SOQL_EXECUTE_BEGIN|[420]|Aggregations:0|SELECT SMSBodyNew__c FROM Message_Template__c WHERE id = :tmpVar1
22:10:33.432 (1464292201)|SOQL_EXECUTE_END|[420]|Rows:1
22:10:33.432 (1464870519)|ENTERING_MANAGED_PKG|tdc_tsw
22:10:33.432 (1483025575)|ENTERING_MANAGED_PKG|tdc_tsw
22:10:33.432 (1484302012)|ENTERING_MANAGED_PKG|tdc_tsw
22:10:33.657 (1657500263)|DML_END|[557]
22:10:33.657 (1658335950)|ENTERING_MANAGED_PKG|tdc_tsw
22:10:33.657 (1661980408)|SOQL_EXECUTE_BEGIN|[1091]|Aggregations:0|SELECT id, name, Brief_Description__c, Keywords__c, Active__c FROM Survey__c WHERE (Active__c = TRUE AND Keywords__c != NULL) LIMIT 999
22:10:33.657 (1666779778)|SOQL_EXECUTE_END|[1091]|Rows:0
22:10:33.657 (1670190244)|ENTERING_MANAGED_PKG|tdc_tsw
22:10:33.657 (1670288452)|ENTERING_MANAGED_PKG|tdc_tsw
22:10:33.657 (1670405014)|ENTERING_MANAGED_PKG|tdc_tsw
22:10:33.657 (1678812892)|ENTERING_MANAGED_PKG|tdc_tsw
22:10:33.657 (1679038606)|ENTERING_MANAGED_PKG|tdc_tsw
22:10:33.657 (1679125151)|ENTERING_MANAGED_PKG|tdc_tsw
22:10:33.657 (1679380433)|ENTERING_MANAGED_PKG|tdc_tsw
22:10:33.657 (1679445193)|ENTERING_MANAGED_PKG|tdc_tsw
22:10:33.657 (1681269145)|ENTERING_MANAGED_PKG|tdc_tsw
22:10:33.657 (1683057634)|ENTERING_MANAGED_PKG|tdc_tsw
22:10:33.657 (1683170270)|ENTERING_MANAGED_PKG|tdc_tsw
22:10:33.657 (1683237117)|ENTERING_MANAGED_PKG|tdc_tsw
22:10:33.657 (1683442423)|ENTERING_MANAGED_PKG|tdc_tsw
22:10:33.657 (1683563769)|ENTERING_MANAGED_PKG|tdc_tsw
22:10:33.657 (1683629720)|ENTERING_MANAGED_PKG|tdc_tsw
22:10:33.657 (1683785859)|ENTERING_MANAGED_PKG|tdc_tsw
22:10:33.657 (1685096461)|ENTERING_MANAGED_PKG|tdc_tsw
22:10:33.657 (1687471270)|ENTERING_MANAGED_PKG|tdc_tsw
