44.0 APEX_CODE,FINEST;APEX_PROFILING,INFO;CALLOUT,INFO;DB,INFO;NBA,INFO;SYSTEM,DEBUG;VALIDATION,INFO;VISUALFORCE,INFO;WAVE,INFO;WORKFLOW,INFO
17:39:49.0 (150451)|USER_INFO|[EXTERNAL]|0051H000009gxp8|chanida.dev2@solvedbysoftwareco.com|Eastern Standard Time|GMT-05:00
17:39:49.0 (1621631)|ENTERING_MANAGED_PKG|tdc_tsw
17:39:49.0 (2212405)|ENTERING_MANAGED_PKG|tdc_tsw
17:39:49.0 (5988796)|SOQL_EXECUTE_BEGIN|[16]|Aggregations:0|SELECT id, name, Disable_Incoming_SMS_Sharing__c FROM User WHERE id = :tmpVar1
17:39:49.0 (12459883)|SOQL_EXECUTE_END|[16]|Rows:1
17:39:49.0 (17943367)|SOQL_EXECUTE_BEGIN|[37]|Aggregations:0|SELECT CreatedDate,Created_Date__c,Id,LastModifiedDate,MessageId__c,Message_Text_New__c,Name,OwnerId,Read__c,Related_Object_Id__c,Related_Object__c,Sender_Number__c, Sender_Name__c,ToNumber__c,Attachments_Ids__c FROM Message__c WHERE Name = 'Incoming' AND Read__c = false ORDER BY CreatedDate Desc limit 100
17:39:49.0 (30224893)|SOQL_EXECUTE_END|[37]|Rows:58
17:39:49.0 (40100195)|ENTERING_MANAGED_PKG|tdc_tsw
17:39:49.0 (41994126)|ENTERING_MANAGED_PKG|tdc_tsw
17:39:49.0 (42511783)|ENTERING_MANAGED_PKG|tdc_tsw
17:39:49.0 (43215107)|ENTERING_MANAGED_PKG|tdc_tsw
17:39:49.0 (45986652)|ENTERING_MANAGED_PKG|tdc_tsw
17:39:49.0 (46748768)|ENTERING_MANAGED_PKG|tdc_tsw
17:39:49.0 (46998245)|ENTERING_MANAGED_PKG|tdc_tsw
17:39:49.0 (47384730)|ENTERING_MANAGED_PKG|tdc_tsw
17:39:49.0 (48440758)|ENTERING_MANAGED_PKG|tdc_tsw
17:39:49.0 (49182460)|ENTERING_MANAGED_PKG|tdc_tsw
17:39:49.0 (49385277)|ENTERING_MANAGED_PKG|tdc_tsw
17:39:49.0 (49777204)|ENTERING_MANAGED_PKG|tdc_tsw
17:39:49.0 (50852541)|ENTERING_MANAGED_PKG|tdc_tsw
17:39:49.0 (51614624)|ENTERING_MANAGED_PKG|tdc_tsw
17:39:49.0 (51816368)|ENTERING_MANAGED_PKG|tdc_tsw
17:39:49.0 (52195475)|ENTERING_MANAGED_PKG|tdc_tsw
17:39:49.0 (53234912)|ENTERING_MANAGED_PKG|tdc_tsw
17:39:49.0 (53991258)|ENTERING_MANAGED_PKG|tdc_tsw
17:39:49.0 (54238861)|ENTERING_MANAGED_PKG|tdc_tsw
17:39:49.0 (54645946)|ENTERING_MANAGED_PKG|tdc_tsw
17:39:49.0 (55717100)|ENTERING_MANAGED_PKG|tdc_tsw
17:39:49.0 (56449595)|ENTERING_MANAGED_PKG|tdc_tsw
17:39:49.0 (56682313)|ENTERING_MANAGED_PKG|tdc_tsw
17:39:49.0 (57291046)|ENTERING_MANAGED_PKG|tdc_tsw
17:39:49.0 (58621518)|ENTERING_MANAGED_PKG|tdc_tsw
17:39:49.0 (59262544)|ENTERING_MANAGED_PKG|tdc_tsw
17:39:49.0 (59340295)|ENTERING_MANAGED_PKG|tdc_tsw
17:39:49.0 (59893600)|SOQL_EXECUTE_BEGIN|[200]|Aggregations:0|SELECT Name, NamespacePrefix, SystemModStamp FROM StaticResource WHERE Name LIKE :tmpVar1 LIMIT 10
17:39:49.0 (62892497)|SOQL_EXECUTE_END|[200]|Rows:1
17:39:49.0 (63616791)|ENTERING_MANAGED_PKG|tdc_tsw
17:39:49.0 (63942896)|SOQL_EXECUTE_BEGIN|[200]|Aggregations:0|SELECT Name, NamespacePrefix, SystemModStamp FROM StaticResource WHERE Name LIKE :tmpVar1 LIMIT 10
17:39:49.0 (65931937)|SOQL_EXECUTE_END|[200]|Rows:1
17:39:49.0 (66299031)|ENTERING_MANAGED_PKG|tdc_tsw
17:39:49.0 (69348694)|ENTERING_MANAGED_PKG|tdc_tsw
17:39:49.0 (70751518)|ENTERING_MANAGED_PKG|tdc_tsw
17:39:49.0 (71065811)|ENTERING_MANAGED_PKG|tdc_tsw
17:39:49.0 (71875792)|ENTERING_MANAGED_PKG|tdc_tsw
17:39:49.0 (72202913)|SOQL_EXECUTE_BEGIN|[200]|Aggregations:0|SELECT Name, NamespacePrefix, SystemModStamp FROM StaticResource WHERE Name LIKE :tmpVar1 LIMIT 10
17:39:49.0 (74223366)|SOQL_EXECUTE_END|[200]|Rows:1
17:39:49.79 (79560817)|USER_INFO|[EXTERNAL]|0051H000009gxp8|chanida.dev2@solvedbysoftwareco.com|Eastern Standard Time|GMT-05:00
17:39:49.79 (80929230)|ENTERING_MANAGED_PKG|tdc_tsw
17:39:49.79 (81084787)|ENTERING_MANAGED_PKG|tdc_tsw
17:39:49.79 (83209377)|SOQL_EXECUTE_BEGIN|[355]|Aggregations:0|SELECT id, name, Disable_Incoming_SMS_Sharing__c FROM User WHERE id = :tmpVar1
17:39:49.79 (88572062)|SOQL_EXECUTE_END|[355]|Rows:1
17:39:49.79 (89414135)|SOQL_EXECUTE_BEGIN|[367]|Aggregations:0|SELECT CreatedDate,Id,LastModifiedDate,Related_Object_Id__c FROM Message__c WHERE Name = 'Incoming' AND Read__c = false ORDER BY CreatedDate Desc limit 100
17:39:49.79 (95343469)|SOQL_EXECUTE_END|[367]|Rows:58
