44.0 APEX_CODE,FINEST;APEX_PROFILING,INFO;CALLOUT,INFO;DB,INFO;NBA,INFO;SYSTEM,DEBUG;VALIDATION,INFO;VISUALFORCE,INFO;WAVE,INFO;WORKFLOW,INFO
22:53:36.0 (129431)|USER_INFO|[EXTERNAL]|0051H000009gxp8|chanida.dev2@solvedbysoftwareco.com|Eastern Standard Time|GMT-05:00
22:53:36.0 (1701518)|ENTERING_MANAGED_PKG|tdc_tsw
22:53:36.0 (2130444)|ENTERING_MANAGED_PKG|tdc_tsw
22:53:36.0 (5649806)|SOQL_EXECUTE_BEGIN|[16]|Aggregations:0|SELECT id, name, Disable_Incoming_SMS_Sharing__c FROM User WHERE id = :tmpVar1
22:53:36.0 (12919854)|SOQL_EXECUTE_END|[16]|Rows:1
22:53:36.0 (18304128)|SOQL_EXECUTE_BEGIN|[37]|Aggregations:0|SELECT CreatedDate,Created_Date__c,Id,LastModifiedDate,MessageId__c,Message_Text_New__c,Name,OwnerId,Read__c,Related_Object_Id__c,Related_Object__c,Sender_Number__c, Sender_Name__c,ToNumber__c,Attachments_Ids__c FROM Message__c WHERE Name = 'Incoming' AND Read__c = false ORDER BY CreatedDate Desc limit 100
22:53:36.0 (34387726)|SOQL_EXECUTE_END|[37]|Rows:100
22:53:36.0 (50932871)|ENTERING_MANAGED_PKG|tdc_tsw
22:53:36.0 (52753395)|ENTERING_MANAGED_PKG|tdc_tsw
22:53:36.0 (53239050)|ENTERING_MANAGED_PKG|tdc_tsw
22:53:36.0 (53989494)|ENTERING_MANAGED_PKG|tdc_tsw
22:53:36.0 (56735206)|ENTERING_MANAGED_PKG|tdc_tsw
22:53:36.0 (57519504)|ENTERING_MANAGED_PKG|tdc_tsw
22:53:36.0 (57781250)|ENTERING_MANAGED_PKG|tdc_tsw
22:53:36.0 (58215033)|ENTERING_MANAGED_PKG|tdc_tsw
22:53:36.0 (59332955)|ENTERING_MANAGED_PKG|tdc_tsw
22:53:36.0 (60094369)|ENTERING_MANAGED_PKG|tdc_tsw
22:53:36.0 (60325651)|ENTERING_MANAGED_PKG|tdc_tsw
22:53:36.0 (60728121)|ENTERING_MANAGED_PKG|tdc_tsw
22:53:36.0 (61827741)|ENTERING_MANAGED_PKG|tdc_tsw
22:53:36.0 (62585023)|ENTERING_MANAGED_PKG|tdc_tsw
22:53:36.0 (62816063)|ENTERING_MANAGED_PKG|tdc_tsw
22:53:36.0 (63286280)|ENTERING_MANAGED_PKG|tdc_tsw
22:53:36.0 (64392395)|ENTERING_MANAGED_PKG|tdc_tsw
22:53:36.0 (65152268)|ENTERING_MANAGED_PKG|tdc_tsw
22:53:36.0 (65382810)|ENTERING_MANAGED_PKG|tdc_tsw
22:53:36.0 (66099442)|ENTERING_MANAGED_PKG|tdc_tsw
22:53:36.0 (67222122)|ENTERING_MANAGED_PKG|tdc_tsw
22:53:36.0 (67977178)|ENTERING_MANAGED_PKG|tdc_tsw
22:53:36.0 (68207273)|ENTERING_MANAGED_PKG|tdc_tsw
22:53:36.0 (68610308)|ENTERING_MANAGED_PKG|tdc_tsw
22:53:36.0 (69740029)|ENTERING_MANAGED_PKG|tdc_tsw
22:53:36.0 (70493457)|ENTERING_MANAGED_PKG|tdc_tsw
22:53:36.0 (70721804)|ENTERING_MANAGED_PKG|tdc_tsw
22:53:36.0 (71117423)|ENTERING_MANAGED_PKG|tdc_tsw
22:53:36.0 (72205135)|ENTERING_MANAGED_PKG|tdc_tsw
22:53:36.0 (72968419)|ENTERING_MANAGED_PKG|tdc_tsw
22:53:36.0 (73198078)|ENTERING_MANAGED_PKG|tdc_tsw
22:53:36.0 (73602099)|ENTERING_MANAGED_PKG|tdc_tsw
22:53:36.0 (74688586)|ENTERING_MANAGED_PKG|tdc_tsw
22:53:36.0 (75481029)|ENTERING_MANAGED_PKG|tdc_tsw
22:53:36.0 (75713574)|ENTERING_MANAGED_PKG|tdc_tsw
22:53:36.0 (76108815)|ENTERING_MANAGED_PKG|tdc_tsw
22:53:36.0 (77253040)|ENTERING_MANAGED_PKG|tdc_tsw
22:53:36.0 (78010841)|ENTERING_MANAGED_PKG|tdc_tsw
22:53:36.0 (78242582)|ENTERING_MANAGED_PKG|tdc_tsw
22:53:36.0 (78668281)|ENTERING_MANAGED_PKG|tdc_tsw
22:53:36.0 (80008267)|ENTERING_MANAGED_PKG|tdc_tsw
22:53:36.0 (80772929)|ENTERING_MANAGED_PKG|tdc_tsw
22:53:36.0 (81001069)|ENTERING_MANAGED_PKG|tdc_tsw
22:53:36.0 (81436203)|ENTERING_MANAGED_PKG|tdc_tsw
22:53:36.0 (82767817)|ENTERING_MANAGED_PKG|tdc_tsw
22:53:36.0 (83560283)|ENTERING_MANAGED_PKG|tdc_tsw
22:53:36.0 (83792838)|ENTERING_MANAGED_PKG|tdc_tsw
22:53:36.0 (84197357)|ENTERING_MANAGED_PKG|tdc_tsw
22:53:36.0 (109583980)|ENTERING_MANAGED_PKG|tdc_tsw
22:53:36.0 (110463630)|ENTERING_MANAGED_PKG|tdc_tsw
22:53:36.0 (110710954)|ENTERING_MANAGED_PKG|tdc_tsw
22:53:36.0 (111159574)|ENTERING_MANAGED_PKG|tdc_tsw
22:53:36.0 (112280505)|ENTERING_MANAGED_PKG|tdc_tsw
22:53:36.0 (113049486)|ENTERING_MANAGED_PKG|tdc_tsw
22:53:36.0 (113288789)|ENTERING_MANAGED_PKG|tdc_tsw
22:53:36.0 (113710357)|ENTERING_MANAGED_PKG|tdc_tsw
22:53:36.0 (114842147)|ENTERING_MANAGED_PKG|tdc_tsw
22:53:36.0 (115636823)|ENTERING_MANAGED_PKG|tdc_tsw
22:53:36.0 (115868753)|ENTERING_MANAGED_PKG|tdc_tsw
22:53:36.0 (116264475)|ENTERING_MANAGED_PKG|tdc_tsw
22:53:36.0 (117368148)|ENTERING_MANAGED_PKG|tdc_tsw
22:53:36.0 (118123514)|ENTERING_MANAGED_PKG|tdc_tsw
22:53:36.0 (118353560)|ENTERING_MANAGED_PKG|tdc_tsw
22:53:36.0 (118754229)|ENTERING_MANAGED_PKG|tdc_tsw
22:53:36.0 (119854288)|ENTERING_MANAGED_PKG|tdc_tsw
22:53:36.0 (120611955)|ENTERING_MANAGED_PKG|tdc_tsw
22:53:36.0 (120841282)|ENTERING_MANAGED_PKG|tdc_tsw
22:53:36.0 (121235527)|ENTERING_MANAGED_PKG|tdc_tsw
22:53:36.0 (122399107)|ENTERING_MANAGED_PKG|tdc_tsw
22:53:36.0 (123236981)|ENTERING_MANAGED_PKG|tdc_tsw
22:53:36.0 (123475144)|ENTERING_MANAGED_PKG|tdc_tsw
22:53:36.0 (123873227)|ENTERING_MANAGED_PKG|tdc_tsw
22:53:36.0 (124979876)|ENTERING_MANAGED_PKG|tdc_tsw
22:53:36.0 (125751441)|ENTERING_MANAGED_PKG|tdc_tsw
22:53:36.0 (125980283)|ENTERING_MANAGED_PKG|tdc_tsw
22:53:36.0 (126386946)|ENTERING_MANAGED_PKG|tdc_tsw
22:53:36.0 (127491850)|ENTERING_MANAGED_PKG|tdc_tsw
22:53:36.0 (128432124)|ENTERING_MANAGED_PKG|tdc_tsw
22:53:36.0 (128676577)|ENTERING_MANAGED_PKG|tdc_tsw
22:53:36.0 (129073068)|ENTERING_MANAGED_PKG|tdc_tsw
22:53:36.0 (130183289)|ENTERING_MANAGED_PKG|tdc_tsw
22:53:36.0 (130978939)|ENTERING_MANAGED_PKG|tdc_tsw
22:53:36.0 (131206858)|ENTERING_MANAGED_PKG|tdc_tsw
22:53:36.0 (131665203)|ENTERING_MANAGED_PKG|tdc_tsw
22:53:36.0 (132774199)|ENTERING_MANAGED_PKG|tdc_tsw
22:53:36.0 (133535574)|ENTERING_MANAGED_PKG|tdc_tsw
22:53:36.0 (133772521)|ENTERING_MANAGED_PKG|tdc_tsw
22:53:36.0 (134198154)|ENTERING_MANAGED_PKG|tdc_tsw
22:53:36.0 (135309672)|ENTERING_MANAGED_PKG|tdc_tsw
22:53:36.0 (136172626)|ENTERING_MANAGED_PKG|tdc_tsw
22:53:36.0 (136514547)|ENTERING_MANAGED_PKG|tdc_tsw
22:53:36.0 (136969107)|ENTERING_MANAGED_PKG|tdc_tsw
22:53:36.0 (138245744)|ENTERING_MANAGED_PKG|tdc_tsw
22:53:36.0 (139066773)|ENTERING_MANAGED_PKG|tdc_tsw
22:53:36.0 (139355099)|ENTERING_MANAGED_PKG|tdc_tsw
22:53:36.0 (139776412)|ENTERING_MANAGED_PKG|tdc_tsw
22:53:36.0 (140886949)|ENTERING_MANAGED_PKG|tdc_tsw
22:53:36.0 (141650020)|ENTERING_MANAGED_PKG|tdc_tsw
22:53:36.0 (141882131)|ENTERING_MANAGED_PKG|tdc_tsw
22:53:36.0 (142278431)|ENTERING_MANAGED_PKG|tdc_tsw
22:53:36.0 (143375139)|ENTERING_MANAGED_PKG|tdc_tsw
22:53:36.0 (144146056)|ENTERING_MANAGED_PKG|tdc_tsw
22:53:36.0 (144378521)|ENTERING_MANAGED_PKG|tdc_tsw
22:53:36.0 (144812886)|ENTERING_MANAGED_PKG|tdc_tsw
22:53:36.0 (146208672)|ENTERING_MANAGED_PKG|tdc_tsw
22:53:36.0 (147542621)|ENTERING_MANAGED_PKG|tdc_tsw
22:53:36.0 (147810825)|ENTERING_MANAGED_PKG|tdc_tsw
22:53:36.0 (148279220)|ENTERING_MANAGED_PKG|tdc_tsw
22:53:36.0 (149408614)|ENTERING_MANAGED_PKG|tdc_tsw
22:53:36.0 (150345767)|ENTERING_MANAGED_PKG|tdc_tsw
22:53:36.0 (150593436)|ENTERING_MANAGED_PKG|tdc_tsw
22:53:36.0 (151022946)|ENTERING_MANAGED_PKG|tdc_tsw
22:53:36.0 (152128600)|ENTERING_MANAGED_PKG|tdc_tsw
22:53:36.0 (152895873)|ENTERING_MANAGED_PKG|tdc_tsw
22:53:36.0 (153125911)|ENTERING_MANAGED_PKG|tdc_tsw
22:53:36.0 (153589122)|ENTERING_MANAGED_PKG|tdc_tsw
22:53:36.0 (158071858)|ENTERING_MANAGED_PKG|tdc_tsw
22:53:36.0 (158877751)|ENTERING_MANAGED_PKG|tdc_tsw
22:53:36.0 (159112270)|ENTERING_MANAGED_PKG|tdc_tsw
22:53:36.0 (159545399)|ENTERING_MANAGED_PKG|tdc_tsw
22:53:36.0 (160910711)|ENTERING_MANAGED_PKG|tdc_tsw
22:53:36.0 (161679148)|ENTERING_MANAGED_PKG|tdc_tsw
22:53:36.0 (162044849)|ENTERING_MANAGED_PKG|tdc_tsw
22:53:36.0 (162723525)|ENTERING_MANAGED_PKG|tdc_tsw
22:53:36.0 (164295671)|ENTERING_MANAGED_PKG|tdc_tsw
22:53:36.0 (165200993)|ENTERING_MANAGED_PKG|tdc_tsw
22:53:36.0 (165441101)|ENTERING_MANAGED_PKG|tdc_tsw
22:53:36.0 (165857881)|ENTERING_MANAGED_PKG|tdc_tsw
22:53:36.0 (167289122)|ENTERING_MANAGED_PKG|tdc_tsw
22:53:36.0 (168581512)|ENTERING_MANAGED_PKG|tdc_tsw
22:53:36.0 (168984386)|ENTERING_MANAGED_PKG|tdc_tsw
22:53:36.0 (169455704)|ENTERING_MANAGED_PKG|tdc_tsw
22:53:36.0 (171061866)|ENTERING_MANAGED_PKG|tdc_tsw
22:53:36.0 (171972421)|ENTERING_MANAGED_PKG|tdc_tsw
22:53:36.0 (172207144)|ENTERING_MANAGED_PKG|tdc_tsw
22:53:36.0 (172829794)|ENTERING_MANAGED_PKG|tdc_tsw
22:53:36.0 (174862377)|ENTERING_MANAGED_PKG|tdc_tsw
22:53:36.0 (175891415)|ENTERING_MANAGED_PKG|tdc_tsw
22:53:36.0 (176123758)|ENTERING_MANAGED_PKG|tdc_tsw
22:53:36.0 (176544860)|ENTERING_MANAGED_PKG|tdc_tsw
22:53:36.0 (177721789)|ENTERING_MANAGED_PKG|tdc_tsw
22:53:36.0 (178945929)|ENTERING_MANAGED_PKG|tdc_tsw
22:53:36.0 (179351545)|ENTERING_MANAGED_PKG|tdc_tsw
22:53:36.0 (180082560)|ENTERING_MANAGED_PKG|tdc_tsw
22:53:36.0 (181590398)|ENTERING_MANAGED_PKG|tdc_tsw
22:53:36.0 (182455815)|ENTERING_MANAGED_PKG|tdc_tsw
22:53:36.0 (182702084)|ENTERING_MANAGED_PKG|tdc_tsw
22:53:36.0 (183112306)|ENTERING_MANAGED_PKG|tdc_tsw
22:53:36.0 (184324955)|ENTERING_MANAGED_PKG|tdc_tsw
22:53:36.0 (185431064)|ENTERING_MANAGED_PKG|tdc_tsw
22:53:36.0 (185798506)|ENTERING_MANAGED_PKG|tdc_tsw
22:53:36.0 (186369134)|ENTERING_MANAGED_PKG|tdc_tsw
22:53:36.0 (187571570)|ENTERING_MANAGED_PKG|tdc_tsw
22:53:36.0 (188336700)|ENTERING_MANAGED_PKG|tdc_tsw
22:53:36.0 (188580642)|ENTERING_MANAGED_PKG|tdc_tsw
22:53:36.0 (188992207)|ENTERING_MANAGED_PKG|tdc_tsw
22:53:36.0 (190165402)|ENTERING_MANAGED_PKG|tdc_tsw
22:53:36.0 (191276610)|ENTERING_MANAGED_PKG|tdc_tsw
22:53:36.0 (191500096)|ENTERING_MANAGED_PKG|tdc_tsw
22:53:36.0 (191916158)|ENTERING_MANAGED_PKG|tdc_tsw
22:53:36.0 (193201486)|ENTERING_MANAGED_PKG|tdc_tsw
22:53:36.0 (193981387)|ENTERING_MANAGED_PKG|tdc_tsw
22:53:36.0 (194060222)|ENTERING_MANAGED_PKG|tdc_tsw
22:53:36.0 (194614344)|SOQL_EXECUTE_BEGIN|[200]|Aggregations:0|SELECT Name, NamespacePrefix, SystemModStamp FROM StaticResource WHERE Name LIKE :tmpVar1 LIMIT 10
22:53:36.0 (197503483)|SOQL_EXECUTE_END|[200]|Rows:1
22:53:36.0 (198357695)|ENTERING_MANAGED_PKG|tdc_tsw
22:53:36.0 (198759805)|SOQL_EXECUTE_BEGIN|[200]|Aggregations:0|SELECT Name, NamespacePrefix, SystemModStamp FROM StaticResource WHERE Name LIKE :tmpVar1 LIMIT 10
22:53:36.0 (201146477)|SOQL_EXECUTE_END|[200]|Rows:1
22:53:36.0 (201585726)|ENTERING_MANAGED_PKG|tdc_tsw
22:53:36.0 (205145414)|ENTERING_MANAGED_PKG|tdc_tsw
22:53:36.0 (207556856)|ENTERING_MANAGED_PKG|tdc_tsw
22:53:36.0 (208053972)|ENTERING_MANAGED_PKG|tdc_tsw
22:53:36.0 (209339916)|ENTERING_MANAGED_PKG|tdc_tsw
22:53:36.0 (209890169)|SOQL_EXECUTE_BEGIN|[200]|Aggregations:0|SELECT Name, NamespacePrefix, SystemModStamp FROM StaticResource WHERE Name LIKE :tmpVar1 LIMIT 10
22:53:36.0 (212771665)|SOQL_EXECUTE_END|[200]|Rows:1
22:53:36.226 (226511470)|USER_INFO|[EXTERNAL]|0051H000009gxp8|chanida.dev2@solvedbysoftwareco.com|Eastern Standard Time|GMT-05:00
22:53:36.226 (228396571)|ENTERING_MANAGED_PKG|tdc_tsw
22:53:36.226 (228697120)|ENTERING_MANAGED_PKG|tdc_tsw
22:53:36.226 (232229265)|SOQL_EXECUTE_BEGIN|[355]|Aggregations:0|SELECT id, name, Disable_Incoming_SMS_Sharing__c FROM User WHERE id = :tmpVar1
22:53:36.226 (242116219)|SOQL_EXECUTE_END|[355]|Rows:1
22:53:36.226 (243730033)|SOQL_EXECUTE_BEGIN|[367]|Aggregations:0|SELECT CreatedDate,Id,LastModifiedDate,Related_Object_Id__c FROM Message__c WHERE Name = 'Incoming' AND Read__c = false ORDER BY CreatedDate Desc limit 100
22:53:36.226 (255351812)|SOQL_EXECUTE_END|[367]|Rows:100
