44.0 APEX_CODE,FINEST;APEX_PROFILING,INFO;CALLOUT,INFO;DB,INFO;NBA,INFO;SYSTEM,DEBUG;VALIDATION,INFO;VISUALFORCE,INFO;WAVE,INFO;WORKFLOW,INFO
20:09:53.0 (133769)|USER_INFO|[EXTERNAL]|0051H000009gxp8|chanida.dev2@solvedbysoftwareco.com|Eastern Standard Time|GMT-05:00
20:09:53.0 (1654111)|ENTERING_MANAGED_PKG|tdc_tsw
20:09:53.0 (2093410)|ENTERING_MANAGED_PKG|tdc_tsw
20:09:53.0 (5751878)|SOQL_EXECUTE_BEGIN|[16]|Aggregations:0|SELECT id, name, Disable_Incoming_SMS_Sharing__c FROM User WHERE id = :tmpVar1
20:09:53.0 (14239510)|SOQL_EXECUTE_END|[16]|Rows:1
20:09:53.0 (19708952)|SOQL_EXECUTE_BEGIN|[37]|Aggregations:0|SELECT CreatedDate,Created_Date__c,Id,LastModifiedDate,MessageId__c,Message_Text_New__c,Name,OwnerId,Read__c,Related_Object_Id__c,Related_Object__c,Sender_Number__c, Sender_Name__c,ToNumber__c,Attachments_Ids__c FROM Message__c WHERE Name = 'Incoming' AND Read__c = false ORDER BY CreatedDate Desc limit 100
20:09:53.0 (30103255)|SOQL_EXECUTE_END|[37]|Rows:16
20:09:53.0 (33789933)|ENTERING_MANAGED_PKG|tdc_tsw
20:09:53.0 (35436835)|ENTERING_MANAGED_PKG|tdc_tsw
20:09:53.0 (35880280)|ENTERING_MANAGED_PKG|tdc_tsw
20:09:53.0 (36580467)|ENTERING_MANAGED_PKG|tdc_tsw
20:09:53.0 (39365106)|ENTERING_MANAGED_PKG|tdc_tsw
20:09:53.0 (40158520)|ENTERING_MANAGED_PKG|tdc_tsw
20:09:53.0 (40416275)|ENTERING_MANAGED_PKG|tdc_tsw
20:09:53.0 (40831002)|ENTERING_MANAGED_PKG|tdc_tsw
20:09:53.0 (41944687)|ENTERING_MANAGED_PKG|tdc_tsw
20:09:53.0 (42718859)|ENTERING_MANAGED_PKG|tdc_tsw
20:09:53.0 (42954729)|ENTERING_MANAGED_PKG|tdc_tsw
20:09:53.0 (43360332)|ENTERING_MANAGED_PKG|tdc_tsw
20:09:53.0 (44566707)|ENTERING_MANAGED_PKG|tdc_tsw
20:09:53.0 (45210632)|ENTERING_MANAGED_PKG|tdc_tsw
20:09:53.0 (45279006)|ENTERING_MANAGED_PKG|tdc_tsw
20:09:53.0 (45858509)|SOQL_EXECUTE_BEGIN|[200]|Aggregations:0|SELECT Name, NamespacePrefix, SystemModStamp FROM StaticResource WHERE Name LIKE :tmpVar1 LIMIT 10
20:09:53.0 (48517390)|SOQL_EXECUTE_END|[200]|Rows:1
20:09:53.0 (49226567)|ENTERING_MANAGED_PKG|tdc_tsw
20:09:53.0 (49596645)|SOQL_EXECUTE_BEGIN|[200]|Aggregations:0|SELECT Name, NamespacePrefix, SystemModStamp FROM StaticResource WHERE Name LIKE :tmpVar1 LIMIT 10
20:09:53.0 (51762872)|SOQL_EXECUTE_END|[200]|Rows:1
20:09:53.0 (52174911)|ENTERING_MANAGED_PKG|tdc_tsw
20:09:53.0 (55541140)|ENTERING_MANAGED_PKG|tdc_tsw
20:09:53.0 (57174789)|ENTERING_MANAGED_PKG|tdc_tsw
20:09:53.0 (57478172)|ENTERING_MANAGED_PKG|tdc_tsw
20:09:53.0 (58355095)|ENTERING_MANAGED_PKG|tdc_tsw
20:09:53.0 (58750841)|SOQL_EXECUTE_BEGIN|[200]|Aggregations:0|SELECT Name, NamespacePrefix, SystemModStamp FROM StaticResource WHERE Name LIKE :tmpVar1 LIMIT 10
20:09:53.0 (60979084)|SOQL_EXECUTE_END|[200]|Rows:1
20:09:53.80 (80297271)|USER_INFO|[EXTERNAL]|0051H000009gxp8|chanida.dev2@solvedbysoftwareco.com|Eastern Standard Time|GMT-05:00
20:09:53.80 (81744034)|ENTERING_MANAGED_PKG|tdc_tsw
20:09:53.80 (81941061)|ENTERING_MANAGED_PKG|tdc_tsw
20:09:53.80 (84486130)|SOQL_EXECUTE_BEGIN|[355]|Aggregations:0|SELECT id, name, Disable_Incoming_SMS_Sharing__c FROM User WHERE id = :tmpVar1
20:09:53.80 (91530690)|SOQL_EXECUTE_END|[355]|Rows:1
20:09:53.80 (92550165)|SOQL_EXECUTE_BEGIN|[367]|Aggregations:0|SELECT CreatedDate,Id,LastModifiedDate,Related_Object_Id__c FROM Message__c WHERE Name = 'Incoming' AND Read__c = false ORDER BY CreatedDate Desc limit 100
20:09:53.80 (98672383)|SOQL_EXECUTE_END|[367]|Rows:16
