44.0 APEX_CODE,FINEST;APEX_PROFILING,INFO;CALLOUT,INFO;DB,INFO;NBA,INFO;SYSTEM,DEBUG;VALIDATION,INFO;VISUALFORCE,INFO;WAVE,INFO;WORKFLOW,INFO
13:45:40.0 (126928)|USER_INFO|[EXTERNAL]|0051H000009gxp8|chanida.dev2@solvedbysoftwareco.com|Eastern Standard Time|GMT-05:00
13:45:40.0 (2370436)|ENTERING_MANAGED_PKG|tdc_tsw
13:45:40.0 (2588865)|ENTERING_MANAGED_PKG|tdc_tsw
13:45:40.0 (3264562)|ENTERING_MANAGED_PKG|tdc_tsw
13:45:40.0 (3323493)|ENTERING_MANAGED_PKG|tdc_tsw
13:45:40.0 (4296995)|ENTERING_MANAGED_PKG|tdc_tsw
13:45:40.0 (5468692)|ENTERING_MANAGED_PKG|tdc_tsw
13:45:40.0 (7135548)|ENTERING_MANAGED_PKG|tdc_tsw
13:45:40.0 (7202221)|ENTERING_MANAGED_PKG|tdc_tsw
13:45:40.0 (8362997)|ENTERING_MANAGED_PKG|tdc_tsw
13:45:40.0 (14263635)|SOQL_EXECUTE_BEGIN|[82]|Aggregations:0|SELECT CreatedDate, Id,Task_Created__c,Event_Created__c,isCaseCreated__c,Task_Id__c,Event_Id__c,Case__c, Important__c, Delivered__c, Message_Text_New__c, Name, Owner.Name, Read__c,MessageId__c, ToNumber__c, Related_Object_Id__c, Related_Object__c, Sender_Number__c, LastModifiedDate, Attachments_Ids__c FROM Message__c WHERE Lead__c =: recordId ORDER BY CreatedDate Desc limit 200
13:45:40.0 (26464787)|SOQL_EXECUTE_END|[82]|Rows:7
13:45:40.0 (27833077)|ENTERING_MANAGED_PKG|tdc_tsw
13:45:40.0 (28148088)|ENTERING_MANAGED_PKG|tdc_tsw
13:45:40.0 (28220267)|ENTERING_MANAGED_PKG|tdc_tsw
13:45:40.0 (28778385)|SOQL_EXECUTE_BEGIN|[200]|Aggregations:0|SELECT Name, NamespacePrefix, SystemModStamp FROM StaticResource WHERE Name LIKE :tmpVar1 LIMIT 10
13:45:40.0 (31327164)|SOQL_EXECUTE_END|[200]|Rows:1
13:45:40.0 (33355176)|ENTERING_MANAGED_PKG|tdc_tsw
13:45:40.0 (34767924)|ENTERING_MANAGED_PKG|tdc_tsw
13:45:40.0 (34813945)|ENTERING_MANAGED_PKG|tdc_tsw
13:45:40.0 (36780169)|ENTERING_MANAGED_PKG|tdc_tsw
13:45:40.0 (37540744)|ENTERING_MANAGED_PKG|tdc_tsw
13:45:40.0 (39055964)|ENTERING_MANAGED_PKG|tdc_tsw
13:45:40.0 (39829419)|ENTERING_MANAGED_PKG|tdc_tsw
13:45:40.0 (40926023)|ENTERING_MANAGED_PKG|tdc_tsw
13:45:40.0 (41666006)|ENTERING_MANAGED_PKG|tdc_tsw
13:45:40.0 (42760350)|ENTERING_MANAGED_PKG|tdc_tsw
13:45:40.0 (43502551)|ENTERING_MANAGED_PKG|tdc_tsw
13:45:40.0 (44934285)|ENTERING_MANAGED_PKG|tdc_tsw
13:45:40.0 (45720415)|ENTERING_MANAGED_PKG|tdc_tsw
13:45:40.0 (46883228)|ENTERING_MANAGED_PKG|tdc_tsw
13:45:40.0 (47709597)|ENTERING_MANAGED_PKG|tdc_tsw
13:45:40.0 (53096964)|SOQL_EXECUTE_BEGIN|[172]|Aggregations:0|SELECT id, name FROM ChatTranscript__c WHERE (Chat_Active__c = TRUE AND (Related_Object_Id__c = :tmpVar1 OR Related_Object_Id__c = :tmpVar2)) LIMIT 1
13:45:40.0 (56604274)|SOQL_EXECUTE_END|[172]|Rows:0
13:45:40.0 (56974914)|ENTERING_MANAGED_PKG|tdc_tsw
13:45:40.0 (57011845)|ENTERING_MANAGED_PKG|tdc_tsw
