44.0 APEX_CODE,FINEST;APEX_PROFILING,INFO;CALLOUT,INFO;DB,INFO;NBA,INFO;SYSTEM,DEBUG;VALIDATION,INFO;VISUALFORCE,INFO;WAVE,INFO;WORKFLOW,INFO
22:43:06.0 (137917)|USER_INFO|[EXTERNAL]|0051H000009gxp8|chanida.dev2@solvedbysoftwareco.com|Eastern Standard Time|GMT-05:00
22:43:06.0 (1811172)|ENTERING_MANAGED_PKG|tdc_tsw
22:43:06.0 (2247679)|ENTERING_MANAGED_PKG|tdc_tsw
22:43:06.0 (5911770)|SOQL_EXECUTE_BEGIN|[16]|Aggregations:0|SELECT id, name, Disable_Incoming_SMS_Sharing__c FROM User WHERE id = :tmpVar1
22:43:06.0 (13173340)|SOQL_EXECUTE_END|[16]|Rows:1
22:43:06.0 (18876173)|SOQL_EXECUTE_BEGIN|[37]|Aggregations:0|SELECT CreatedDate,Created_Date__c,Id,LastModifiedDate,MessageId__c,Message_Text_New__c,Name,OwnerId,Read__c,Related_Object_Id__c,Related_Object__c,Sender_Number__c, Sender_Name__c,ToNumber__c,Attachments_Ids__c FROM Message__c WHERE Name = 'Incoming' AND Read__c = false ORDER BY CreatedDate Desc limit 100
22:43:06.0 (34602264)|SOQL_EXECUTE_END|[37]|Rows:100
22:43:06.0 (51935448)|ENTERING_MANAGED_PKG|tdc_tsw
22:43:06.0 (53822887)|ENTERING_MANAGED_PKG|tdc_tsw
22:43:06.0 (54336823)|ENTERING_MANAGED_PKG|tdc_tsw
22:43:06.0 (55033906)|ENTERING_MANAGED_PKG|tdc_tsw
22:43:06.0 (57803089)|ENTERING_MANAGED_PKG|tdc_tsw
22:43:06.0 (58577174)|ENTERING_MANAGED_PKG|tdc_tsw
22:43:06.0 (58809781)|ENTERING_MANAGED_PKG|tdc_tsw
22:43:06.0 (59208839)|ENTERING_MANAGED_PKG|tdc_tsw
22:43:06.0 (60295848)|ENTERING_MANAGED_PKG|tdc_tsw
22:43:06.0 (61050471)|ENTERING_MANAGED_PKG|tdc_tsw
22:43:06.0 (61278296)|ENTERING_MANAGED_PKG|tdc_tsw
22:43:06.0 (61680151)|ENTERING_MANAGED_PKG|tdc_tsw
22:43:06.0 (62764125)|ENTERING_MANAGED_PKG|tdc_tsw
22:43:06.0 (63517933)|ENTERING_MANAGED_PKG|tdc_tsw
22:43:06.0 (63747356)|ENTERING_MANAGED_PKG|tdc_tsw
22:43:06.0 (64140373)|ENTERING_MANAGED_PKG|tdc_tsw
22:43:06.0 (65217417)|ENTERING_MANAGED_PKG|tdc_tsw
22:43:06.0 (65976240)|ENTERING_MANAGED_PKG|tdc_tsw
22:43:06.0 (66203994)|ENTERING_MANAGED_PKG|tdc_tsw
22:43:06.0 (66603484)|ENTERING_MANAGED_PKG|tdc_tsw
22:43:06.0 (67692025)|ENTERING_MANAGED_PKG|tdc_tsw
22:43:06.0 (68450640)|ENTERING_MANAGED_PKG|tdc_tsw
22:43:06.0 (68679113)|ENTERING_MANAGED_PKG|tdc_tsw
22:43:06.0 (69069563)|ENTERING_MANAGED_PKG|tdc_tsw
22:43:06.0 (70155536)|ENTERING_MANAGED_PKG|tdc_tsw
22:43:06.0 (70900192)|ENTERING_MANAGED_PKG|tdc_tsw
22:43:06.0 (71126660)|ENTERING_MANAGED_PKG|tdc_tsw
22:43:06.0 (71527990)|ENTERING_MANAGED_PKG|tdc_tsw
22:43:06.0 (72605534)|ENTERING_MANAGED_PKG|tdc_tsw
22:43:06.0 (73378093)|ENTERING_MANAGED_PKG|tdc_tsw
22:43:06.0 (73607015)|ENTERING_MANAGED_PKG|tdc_tsw
22:43:06.0 (73999207)|ENTERING_MANAGED_PKG|tdc_tsw
22:43:06.0 (75076314)|ENTERING_MANAGED_PKG|tdc_tsw
22:43:06.0 (75843366)|ENTERING_MANAGED_PKG|tdc_tsw
22:43:06.0 (76071498)|ENTERING_MANAGED_PKG|tdc_tsw
22:43:06.0 (76476448)|ENTERING_MANAGED_PKG|tdc_tsw
22:43:06.0 (77551357)|ENTERING_MANAGED_PKG|tdc_tsw
22:43:06.0 (78291830)|ENTERING_MANAGED_PKG|tdc_tsw
22:43:06.0 (78526489)|ENTERING_MANAGED_PKG|tdc_tsw
22:43:06.0 (78933414)|ENTERING_MANAGED_PKG|tdc_tsw
22:43:06.0 (80011876)|ENTERING_MANAGED_PKG|tdc_tsw
22:43:06.0 (80755817)|ENTERING_MANAGED_PKG|tdc_tsw
22:43:06.0 (80983697)|ENTERING_MANAGED_PKG|tdc_tsw
22:43:06.0 (81382097)|ENTERING_MANAGED_PKG|tdc_tsw
22:43:06.0 (82459790)|ENTERING_MANAGED_PKG|tdc_tsw
22:43:06.0 (83526028)|ENTERING_MANAGED_PKG|tdc_tsw
22:43:06.0 (84289370)|ENTERING_MANAGED_PKG|tdc_tsw
22:43:06.0 (84732227)|ENTERING_MANAGED_PKG|tdc_tsw
22:43:06.0 (85855268)|ENTERING_MANAGED_PKG|tdc_tsw
22:43:06.0 (86624753)|ENTERING_MANAGED_PKG|tdc_tsw
22:43:06.0 (86858038)|ENTERING_MANAGED_PKG|tdc_tsw
22:43:06.0 (87253780)|ENTERING_MANAGED_PKG|tdc_tsw
22:43:06.0 (88900388)|ENTERING_MANAGED_PKG|tdc_tsw
22:43:06.0 (89730174)|ENTERING_MANAGED_PKG|tdc_tsw
22:43:06.0 (89981810)|ENTERING_MANAGED_PKG|tdc_tsw
22:43:06.0 (90477674)|ENTERING_MANAGED_PKG|tdc_tsw
22:43:06.0 (91680320)|ENTERING_MANAGED_PKG|tdc_tsw
22:43:06.0 (92436740)|ENTERING_MANAGED_PKG|tdc_tsw
22:43:06.0 (92713688)|ENTERING_MANAGED_PKG|tdc_tsw
22:43:06.0 (93107437)|ENTERING_MANAGED_PKG|tdc_tsw
22:43:06.0 (94187968)|ENTERING_MANAGED_PKG|tdc_tsw
22:43:06.0 (94937609)|ENTERING_MANAGED_PKG|tdc_tsw
22:43:06.0 (95172520)|ENTERING_MANAGED_PKG|tdc_tsw
22:43:06.0 (95588786)|ENTERING_MANAGED_PKG|tdc_tsw
22:43:06.0 (96671433)|ENTERING_MANAGED_PKG|tdc_tsw
22:43:06.0 (97424688)|ENTERING_MANAGED_PKG|tdc_tsw
22:43:06.0 (97656178)|ENTERING_MANAGED_PKG|tdc_tsw
22:43:06.0 (98049249)|ENTERING_MANAGED_PKG|tdc_tsw
22:43:06.0 (99132449)|ENTERING_MANAGED_PKG|tdc_tsw
22:43:06.0 (99878803)|ENTERING_MANAGED_PKG|tdc_tsw
22:43:06.0 (100107771)|ENTERING_MANAGED_PKG|tdc_tsw
22:43:06.0 (100506430)|ENTERING_MANAGED_PKG|tdc_tsw
22:43:06.0 (101578801)|ENTERING_MANAGED_PKG|tdc_tsw
22:43:06.0 (102327248)|ENTERING_MANAGED_PKG|tdc_tsw
22:43:06.0 (102556850)|ENTERING_MANAGED_PKG|tdc_tsw
22:43:06.0 (102946827)|ENTERING_MANAGED_PKG|tdc_tsw
22:43:06.0 (104035376)|ENTERING_MANAGED_PKG|tdc_tsw
22:43:06.0 (104792840)|ENTERING_MANAGED_PKG|tdc_tsw
22:43:06.0 (105023016)|ENTERING_MANAGED_PKG|tdc_tsw
22:43:06.0 (105419951)|ENTERING_MANAGED_PKG|tdc_tsw
22:43:06.0 (106495713)|ENTERING_MANAGED_PKG|tdc_tsw
22:43:06.0 (107261886)|ENTERING_MANAGED_PKG|tdc_tsw
22:43:06.0 (107495365)|ENTERING_MANAGED_PKG|tdc_tsw
22:43:06.0 (107893248)|ENTERING_MANAGED_PKG|tdc_tsw
22:43:06.0 (108977753)|ENTERING_MANAGED_PKG|tdc_tsw
22:43:06.0 (109727399)|ENTERING_MANAGED_PKG|tdc_tsw
22:43:06.0 (109956923)|ENTERING_MANAGED_PKG|tdc_tsw
22:43:06.0 (110354967)|ENTERING_MANAGED_PKG|tdc_tsw
22:43:06.0 (111442528)|ENTERING_MANAGED_PKG|tdc_tsw
22:43:06.0 (112182695)|ENTERING_MANAGED_PKG|tdc_tsw
22:43:06.0 (112425258)|ENTERING_MANAGED_PKG|tdc_tsw
22:43:06.0 (112818986)|ENTERING_MANAGED_PKG|tdc_tsw
22:43:06.0 (113892648)|ENTERING_MANAGED_PKG|tdc_tsw
22:43:06.0 (114642301)|ENTERING_MANAGED_PKG|tdc_tsw
22:43:06.0 (114871843)|ENTERING_MANAGED_PKG|tdc_tsw
22:43:06.0 (115265102)|ENTERING_MANAGED_PKG|tdc_tsw
22:43:06.0 (116348802)|ENTERING_MANAGED_PKG|tdc_tsw
22:43:06.0 (117085998)|ENTERING_MANAGED_PKG|tdc_tsw
22:43:06.0 (117313942)|ENTERING_MANAGED_PKG|tdc_tsw
22:43:06.0 (117714468)|ENTERING_MANAGED_PKG|tdc_tsw
22:43:06.0 (118815637)|ENTERING_MANAGED_PKG|tdc_tsw
22:43:06.0 (119565872)|ENTERING_MANAGED_PKG|tdc_tsw
22:43:06.0 (119803184)|ENTERING_MANAGED_PKG|tdc_tsw
22:43:06.0 (120194329)|ENTERING_MANAGED_PKG|tdc_tsw
22:43:06.0 (121268354)|ENTERING_MANAGED_PKG|tdc_tsw
22:43:06.0 (122012324)|ENTERING_MANAGED_PKG|tdc_tsw
22:43:06.0 (122242316)|ENTERING_MANAGED_PKG|tdc_tsw
22:43:06.0 (122642081)|ENTERING_MANAGED_PKG|tdc_tsw
22:43:06.0 (123717739)|ENTERING_MANAGED_PKG|tdc_tsw
22:43:06.0 (124470010)|ENTERING_MANAGED_PKG|tdc_tsw
22:43:06.0 (124695896)|ENTERING_MANAGED_PKG|tdc_tsw
22:43:06.0 (125088233)|ENTERING_MANAGED_PKG|tdc_tsw
22:43:06.0 (126168005)|ENTERING_MANAGED_PKG|tdc_tsw
22:43:06.0 (126912709)|ENTERING_MANAGED_PKG|tdc_tsw
22:43:06.0 (127141193)|ENTERING_MANAGED_PKG|tdc_tsw
22:43:06.0 (127539817)|ENTERING_MANAGED_PKG|tdc_tsw
22:43:06.0 (128641607)|ENTERING_MANAGED_PKG|tdc_tsw
22:43:06.0 (129413586)|ENTERING_MANAGED_PKG|tdc_tsw
22:43:06.0 (129642722)|ENTERING_MANAGED_PKG|tdc_tsw
22:43:06.0 (130034163)|ENTERING_MANAGED_PKG|tdc_tsw
22:43:06.0 (131111198)|ENTERING_MANAGED_PKG|tdc_tsw
22:43:06.0 (131860337)|ENTERING_MANAGED_PKG|tdc_tsw
22:43:06.0 (132090088)|ENTERING_MANAGED_PKG|tdc_tsw
22:43:06.0 (132489777)|ENTERING_MANAGED_PKG|tdc_tsw
22:43:06.0 (133570639)|ENTERING_MANAGED_PKG|tdc_tsw
22:43:06.0 (134310619)|ENTERING_MANAGED_PKG|tdc_tsw
22:43:06.0 (134559314)|ENTERING_MANAGED_PKG|tdc_tsw
22:43:06.0 (134982256)|ENTERING_MANAGED_PKG|tdc_tsw
22:43:06.0 (136419808)|ENTERING_MANAGED_PKG|tdc_tsw
22:43:06.0 (137160821)|ENTERING_MANAGED_PKG|tdc_tsw
22:43:06.0 (137397450)|ENTERING_MANAGED_PKG|tdc_tsw
22:43:06.0 (137789847)|ENTERING_MANAGED_PKG|tdc_tsw
22:43:06.0 (138890906)|ENTERING_MANAGED_PKG|tdc_tsw
22:43:06.0 (139656094)|ENTERING_MANAGED_PKG|tdc_tsw
22:43:06.0 (139861177)|ENTERING_MANAGED_PKG|tdc_tsw
22:43:06.0 (140253181)|ENTERING_MANAGED_PKG|tdc_tsw
22:43:06.0 (141438025)|ENTERING_MANAGED_PKG|tdc_tsw
22:43:06.0 (142190772)|ENTERING_MANAGED_PKG|tdc_tsw
22:43:06.0 (142427691)|ENTERING_MANAGED_PKG|tdc_tsw
22:43:06.0 (142820247)|ENTERING_MANAGED_PKG|tdc_tsw
22:43:06.0 (143896298)|ENTERING_MANAGED_PKG|tdc_tsw
22:43:06.0 (144677733)|ENTERING_MANAGED_PKG|tdc_tsw
22:43:06.0 (144880644)|ENTERING_MANAGED_PKG|tdc_tsw
22:43:06.0 (145274979)|ENTERING_MANAGED_PKG|tdc_tsw
22:43:06.0 (146359350)|ENTERING_MANAGED_PKG|tdc_tsw
22:43:06.0 (147108624)|ENTERING_MANAGED_PKG|tdc_tsw
22:43:06.0 (147342674)|ENTERING_MANAGED_PKG|tdc_tsw
22:43:06.0 (148028862)|ENTERING_MANAGED_PKG|tdc_tsw
22:43:06.0 (153009129)|ENTERING_MANAGED_PKG|tdc_tsw
22:43:06.0 (153842880)|ENTERING_MANAGED_PKG|tdc_tsw
22:43:06.0 (153923205)|ENTERING_MANAGED_PKG|tdc_tsw
22:43:06.0 (154572821)|SOQL_EXECUTE_BEGIN|[200]|Aggregations:0|SELECT Name, NamespacePrefix, SystemModStamp FROM StaticResource WHERE Name LIKE :tmpVar1 LIMIT 10
22:43:06.0 (157930838)|SOQL_EXECUTE_END|[200]|Rows:1
22:43:06.0 (158720970)|ENTERING_MANAGED_PKG|tdc_tsw
22:43:06.0 (159071088)|SOQL_EXECUTE_BEGIN|[200]|Aggregations:0|SELECT Name, NamespacePrefix, SystemModStamp FROM StaticResource WHERE Name LIKE :tmpVar1 LIMIT 10
22:43:06.0 (161196158)|SOQL_EXECUTE_END|[200]|Rows:1
22:43:06.0 (161597344)|ENTERING_MANAGED_PKG|tdc_tsw
22:43:06.0 (164917793)|ENTERING_MANAGED_PKG|tdc_tsw
22:43:06.0 (166472578)|ENTERING_MANAGED_PKG|tdc_tsw
22:43:06.0 (166761881)|ENTERING_MANAGED_PKG|tdc_tsw
22:43:06.0 (167557786)|ENTERING_MANAGED_PKG|tdc_tsw
22:43:06.0 (167919493)|SOQL_EXECUTE_BEGIN|[200]|Aggregations:0|SELECT Name, NamespacePrefix, SystemModStamp FROM StaticResource WHERE Name LIKE :tmpVar1 LIMIT 10
22:43:06.0 (170022735)|SOQL_EXECUTE_END|[200]|Rows:1
22:43:06.185 (185235301)|USER_INFO|[EXTERNAL]|0051H000009gxp8|chanida.dev2@solvedbysoftwareco.com|Eastern Standard Time|GMT-05:00
22:43:06.185 (186790450)|ENTERING_MANAGED_PKG|tdc_tsw
22:43:06.185 (186949201)|ENTERING_MANAGED_PKG|tdc_tsw
22:43:06.185 (189229793)|SOQL_EXECUTE_BEGIN|[355]|Aggregations:0|SELECT id, name, Disable_Incoming_SMS_Sharing__c FROM User WHERE id = :tmpVar1
22:43:06.185 (195190311)|SOQL_EXECUTE_END|[355]|Rows:1
22:43:06.185 (196112923)|SOQL_EXECUTE_BEGIN|[367]|Aggregations:0|SELECT CreatedDate,Id,LastModifiedDate,Related_Object_Id__c FROM Message__c WHERE Name = 'Incoming' AND Read__c = false ORDER BY CreatedDate Desc limit 100
22:43:06.185 (203970801)|SOQL_EXECUTE_END|[367]|Rows:100
