44.0 APEX_CODE,FINEST;APEX_PROFILING,INFO;CALLOUT,INFO;DB,INFO;NBA,INFO;SYSTEM,DEBUG;VALIDATION,INFO;VISUALFORCE,INFO;WAVE,INFO;WORKFLOW,INFO
11:16:01.0 (136838)|USER_INFO|[EXTERNAL]|0051H000009gxp8|chanida.dev2@solvedbysoftwareco.com|Eastern Standard Time|GMT-05:00
11:16:01.0 (2039893)|ENTERING_MANAGED_PKG|tdc_tsw
11:16:01.0 (2497177)|ENTERING_MANAGED_PKG|tdc_tsw
11:16:01.0 (6307757)|SOQL_EXECUTE_BEGIN|[16]|Aggregations:0|SELECT id, name, Disable_Incoming_SMS_Sharing__c FROM User WHERE id = :tmpVar1
11:16:01.0 (14576471)|SOQL_EXECUTE_END|[16]|Rows:1
11:16:01.0 (20787896)|SOQL_EXECUTE_BEGIN|[37]|Aggregations:0|SELECT CreatedDate,Created_Date__c,Id,LastModifiedDate,MessageId__c,Message_Text_New__c,Name,OwnerId,Read__c,Related_Object_Id__c,Related_Object__c,Sender_Number__c, Sender_Name__c,ToNumber__c,Attachments_Ids__c FROM Message__c WHERE Name = 'Incoming' AND Read__c = false ORDER BY CreatedDate Desc limit 100
11:16:01.0 (41995607)|SOQL_EXECUTE_END|[37]|Rows:100
11:16:01.0 (60993787)|ENTERING_MANAGED_PKG|tdc_tsw
11:16:01.0 (62884529)|ENTERING_MANAGED_PKG|tdc_tsw
11:16:01.0 (63369889)|ENTERING_MANAGED_PKG|tdc_tsw
11:16:01.0 (64134115)|ENTERING_MANAGED_PKG|tdc_tsw
11:16:01.0 (66973666)|ENTERING_MANAGED_PKG|tdc_tsw
11:16:01.0 (67878302)|ENTERING_MANAGED_PKG|tdc_tsw
11:16:01.0 (68154421)|ENTERING_MANAGED_PKG|tdc_tsw
11:16:01.0 (68586667)|ENTERING_MANAGED_PKG|tdc_tsw
11:16:01.0 (69764732)|ENTERING_MANAGED_PKG|tdc_tsw
11:16:01.0 (70599025)|ENTERING_MANAGED_PKG|tdc_tsw
11:16:01.0 (70839284)|ENTERING_MANAGED_PKG|tdc_tsw
11:16:01.0 (71267522)|ENTERING_MANAGED_PKG|tdc_tsw
11:16:01.0 (72468660)|ENTERING_MANAGED_PKG|tdc_tsw
11:16:01.0 (73256588)|ENTERING_MANAGED_PKG|tdc_tsw
11:16:01.0 (73545373)|ENTERING_MANAGED_PKG|tdc_tsw
11:16:01.0 (73953458)|ENTERING_MANAGED_PKG|tdc_tsw
11:16:01.0 (75088443)|ENTERING_MANAGED_PKG|tdc_tsw
11:16:01.0 (75896375)|ENTERING_MANAGED_PKG|tdc_tsw
11:16:01.0 (76136920)|ENTERING_MANAGED_PKG|tdc_tsw
11:16:01.0 (76548466)|ENTERING_MANAGED_PKG|tdc_tsw
11:16:01.0 (77735445)|ENTERING_MANAGED_PKG|tdc_tsw
11:16:01.0 (78525867)|ENTERING_MANAGED_PKG|tdc_tsw
11:16:01.0 (78761636)|ENTERING_MANAGED_PKG|tdc_tsw
11:16:01.0 (79182793)|ENTERING_MANAGED_PKG|tdc_tsw
11:16:01.0 (80338892)|ENTERING_MANAGED_PKG|tdc_tsw
11:16:01.0 (81171404)|ENTERING_MANAGED_PKG|tdc_tsw
11:16:01.0 (81444169)|ENTERING_MANAGED_PKG|tdc_tsw
11:16:01.0 (81893824)|ENTERING_MANAGED_PKG|tdc_tsw
11:16:01.0 (83026860)|ENTERING_MANAGED_PKG|tdc_tsw
11:16:01.0 (83819859)|ENTERING_MANAGED_PKG|tdc_tsw
11:16:01.0 (84063295)|ENTERING_MANAGED_PKG|tdc_tsw
11:16:01.0 (84519021)|ENTERING_MANAGED_PKG|tdc_tsw
11:16:01.0 (85755445)|ENTERING_MANAGED_PKG|tdc_tsw
11:16:01.0 (86549854)|ENTERING_MANAGED_PKG|tdc_tsw
11:16:01.0 (86852846)|ENTERING_MANAGED_PKG|tdc_tsw
11:16:01.0 (87299926)|ENTERING_MANAGED_PKG|tdc_tsw
11:16:01.0 (88479467)|ENTERING_MANAGED_PKG|tdc_tsw
11:16:01.0 (89247575)|ENTERING_MANAGED_PKG|tdc_tsw
11:16:01.0 (89494167)|ENTERING_MANAGED_PKG|tdc_tsw
11:16:01.0 (89911111)|ENTERING_MANAGED_PKG|tdc_tsw
11:16:01.0 (91467264)|ENTERING_MANAGED_PKG|tdc_tsw
11:16:01.0 (92239128)|ENTERING_MANAGED_PKG|tdc_tsw
11:16:01.0 (92512874)|ENTERING_MANAGED_PKG|tdc_tsw
11:16:01.0 (92943812)|ENTERING_MANAGED_PKG|tdc_tsw
11:16:01.0 (94119842)|ENTERING_MANAGED_PKG|tdc_tsw
11:16:01.0 (94917586)|ENTERING_MANAGED_PKG|tdc_tsw
11:16:01.0 (95157087)|ENTERING_MANAGED_PKG|tdc_tsw
11:16:01.0 (95572459)|ENTERING_MANAGED_PKG|tdc_tsw
11:16:01.0 (96751372)|ENTERING_MANAGED_PKG|tdc_tsw
11:16:01.0 (97624829)|ENTERING_MANAGED_PKG|tdc_tsw
11:16:01.0 (97864240)|ENTERING_MANAGED_PKG|tdc_tsw
11:16:01.0 (98267300)|ENTERING_MANAGED_PKG|tdc_tsw
11:16:01.0 (99479343)|ENTERING_MANAGED_PKG|tdc_tsw
11:16:01.0 (100247566)|ENTERING_MANAGED_PKG|tdc_tsw
11:16:01.0 (100495124)|ENTERING_MANAGED_PKG|tdc_tsw
11:16:01.0 (100896157)|ENTERING_MANAGED_PKG|tdc_tsw
11:16:01.0 (102033595)|ENTERING_MANAGED_PKG|tdc_tsw
11:16:01.0 (102870035)|ENTERING_MANAGED_PKG|tdc_tsw
11:16:01.0 (103120661)|ENTERING_MANAGED_PKG|tdc_tsw
11:16:01.0 (103581701)|ENTERING_MANAGED_PKG|tdc_tsw
11:16:01.0 (104780202)|ENTERING_MANAGED_PKG|tdc_tsw
11:16:01.0 (105601459)|ENTERING_MANAGED_PKG|tdc_tsw
11:16:01.0 (105882043)|ENTERING_MANAGED_PKG|tdc_tsw
11:16:01.0 (106357997)|ENTERING_MANAGED_PKG|tdc_tsw
11:16:01.0 (107552478)|ENTERING_MANAGED_PKG|tdc_tsw
11:16:01.0 (108340427)|ENTERING_MANAGED_PKG|tdc_tsw
11:16:01.0 (108586027)|ENTERING_MANAGED_PKG|tdc_tsw
11:16:01.0 (108988893)|ENTERING_MANAGED_PKG|tdc_tsw
11:16:01.0 (110141702)|ENTERING_MANAGED_PKG|tdc_tsw
11:16:01.0 (110910668)|ENTERING_MANAGED_PKG|tdc_tsw
11:16:01.0 (111149625)|ENTERING_MANAGED_PKG|tdc_tsw
11:16:01.0 (111591383)|ENTERING_MANAGED_PKG|tdc_tsw
11:16:01.0 (112720826)|ENTERING_MANAGED_PKG|tdc_tsw
11:16:01.0 (113492273)|ENTERING_MANAGED_PKG|tdc_tsw
11:16:01.0 (113732015)|ENTERING_MANAGED_PKG|tdc_tsw
11:16:01.0 (114132790)|ENTERING_MANAGED_PKG|tdc_tsw
11:16:01.0 (115252288)|ENTERING_MANAGED_PKG|tdc_tsw
11:16:01.0 (116027840)|ENTERING_MANAGED_PKG|tdc_tsw
11:16:01.0 (116266818)|ENTERING_MANAGED_PKG|tdc_tsw
11:16:01.0 (116680071)|ENTERING_MANAGED_PKG|tdc_tsw
11:16:01.0 (117907980)|ENTERING_MANAGED_PKG|tdc_tsw
11:16:01.0 (118722246)|ENTERING_MANAGED_PKG|tdc_tsw
11:16:01.0 (118960266)|ENTERING_MANAGED_PKG|tdc_tsw
11:16:01.0 (119370437)|ENTERING_MANAGED_PKG|tdc_tsw
11:16:01.0 (120532708)|ENTERING_MANAGED_PKG|tdc_tsw
11:16:01.0 (121325073)|ENTERING_MANAGED_PKG|tdc_tsw
11:16:01.0 (121592210)|ENTERING_MANAGED_PKG|tdc_tsw
11:16:01.0 (122033913)|ENTERING_MANAGED_PKG|tdc_tsw
11:16:01.0 (123188468)|ENTERING_MANAGED_PKG|tdc_tsw
11:16:01.0 (123983990)|ENTERING_MANAGED_PKG|tdc_tsw
11:16:01.0 (124228295)|ENTERING_MANAGED_PKG|tdc_tsw
11:16:01.0 (124646889)|ENTERING_MANAGED_PKG|tdc_tsw
11:16:01.0 (125795093)|ENTERING_MANAGED_PKG|tdc_tsw
11:16:01.0 (126567486)|ENTERING_MANAGED_PKG|tdc_tsw
11:16:01.0 (126806637)|ENTERING_MANAGED_PKG|tdc_tsw
11:16:01.0 (127258837)|ENTERING_MANAGED_PKG|tdc_tsw
11:16:01.0 (128404646)|ENTERING_MANAGED_PKG|tdc_tsw
11:16:01.0 (129163296)|ENTERING_MANAGED_PKG|tdc_tsw
11:16:01.0 (129411008)|ENTERING_MANAGED_PKG|tdc_tsw
11:16:01.0 (129811502)|ENTERING_MANAGED_PKG|tdc_tsw
11:16:01.0 (130933087)|ENTERING_MANAGED_PKG|tdc_tsw
11:16:01.0 (131696773)|ENTERING_MANAGED_PKG|tdc_tsw
11:16:01.0 (131935919)|ENTERING_MANAGED_PKG|tdc_tsw
11:16:01.0 (132339137)|ENTERING_MANAGED_PKG|tdc_tsw
11:16:01.0 (133546368)|ENTERING_MANAGED_PKG|tdc_tsw
11:16:01.0 (134305891)|ENTERING_MANAGED_PKG|tdc_tsw
11:16:01.0 (134551830)|ENTERING_MANAGED_PKG|tdc_tsw
11:16:01.0 (134952341)|ENTERING_MANAGED_PKG|tdc_tsw
11:16:01.0 (136150134)|ENTERING_MANAGED_PKG|tdc_tsw
11:16:01.0 (136924178)|ENTERING_MANAGED_PKG|tdc_tsw
11:16:01.0 (137227749)|ENTERING_MANAGED_PKG|tdc_tsw
11:16:01.0 (137645709)|ENTERING_MANAGED_PKG|tdc_tsw
11:16:01.0 (138778814)|ENTERING_MANAGED_PKG|tdc_tsw
11:16:01.0 (139570222)|ENTERING_MANAGED_PKG|tdc_tsw
11:16:01.0 (139808788)|ENTERING_MANAGED_PKG|tdc_tsw
11:16:01.0 (140208957)|ENTERING_MANAGED_PKG|tdc_tsw
11:16:01.0 (141404598)|ENTERING_MANAGED_PKG|tdc_tsw
11:16:01.0 (142234609)|ENTERING_MANAGED_PKG|tdc_tsw
11:16:01.0 (142481110)|ENTERING_MANAGED_PKG|tdc_tsw
11:16:01.0 (142931407)|ENTERING_MANAGED_PKG|tdc_tsw
11:16:01.0 (144094011)|ENTERING_MANAGED_PKG|tdc_tsw
11:16:01.0 (144864248)|ENTERING_MANAGED_PKG|tdc_tsw
11:16:01.0 (145118022)|ENTERING_MANAGED_PKG|tdc_tsw
11:16:01.0 (145569563)|ENTERING_MANAGED_PKG|tdc_tsw
11:16:01.0 (146737117)|ENTERING_MANAGED_PKG|tdc_tsw
11:16:01.0 (147615529)|ENTERING_MANAGED_PKG|tdc_tsw
11:16:01.0 (147855160)|ENTERING_MANAGED_PKG|tdc_tsw
11:16:01.0 (148291588)|ENTERING_MANAGED_PKG|tdc_tsw
11:16:01.0 (149493511)|ENTERING_MANAGED_PKG|tdc_tsw
11:16:01.0 (150302504)|ENTERING_MANAGED_PKG|tdc_tsw
11:16:01.0 (150574234)|ENTERING_MANAGED_PKG|tdc_tsw
11:16:01.0 (150975830)|ENTERING_MANAGED_PKG|tdc_tsw
11:16:01.0 (152146734)|ENTERING_MANAGED_PKG|tdc_tsw
11:16:01.0 (152968133)|ENTERING_MANAGED_PKG|tdc_tsw
11:16:01.0 (153226669)|ENTERING_MANAGED_PKG|tdc_tsw
11:16:01.0 (153637206)|ENTERING_MANAGED_PKG|tdc_tsw
11:16:01.0 (154817711)|ENTERING_MANAGED_PKG|tdc_tsw
11:16:01.0 (155586530)|ENTERING_MANAGED_PKG|tdc_tsw
11:16:01.0 (155824858)|ENTERING_MANAGED_PKG|tdc_tsw
11:16:01.0 (156230770)|ENTERING_MANAGED_PKG|tdc_tsw
11:16:01.0 (157402241)|ENTERING_MANAGED_PKG|tdc_tsw
11:16:01.0 (158288975)|ENTERING_MANAGED_PKG|tdc_tsw
11:16:01.0 (158540870)|ENTERING_MANAGED_PKG|tdc_tsw
11:16:01.0 (158944037)|ENTERING_MANAGED_PKG|tdc_tsw
11:16:01.0 (160073118)|ENTERING_MANAGED_PKG|tdc_tsw
11:16:01.0 (160839251)|ENTERING_MANAGED_PKG|tdc_tsw
11:16:01.0 (161074165)|ENTERING_MANAGED_PKG|tdc_tsw
11:16:01.0 (161485427)|ENTERING_MANAGED_PKG|tdc_tsw
11:16:01.0 (162671539)|ENTERING_MANAGED_PKG|tdc_tsw
11:16:01.0 (163459590)|ENTERING_MANAGED_PKG|tdc_tsw
11:16:01.0 (163696766)|ENTERING_MANAGED_PKG|tdc_tsw
11:16:01.0 (164095934)|ENTERING_MANAGED_PKG|tdc_tsw
11:16:01.0 (165292131)|ENTERING_MANAGED_PKG|tdc_tsw
11:16:01.0 (166062971)|ENTERING_MANAGED_PKG|tdc_tsw
11:16:01.0 (166300364)|ENTERING_MANAGED_PKG|tdc_tsw
11:16:01.0 (166733674)|ENTERING_MANAGED_PKG|tdc_tsw
11:16:01.0 (167903817)|ENTERING_MANAGED_PKG|tdc_tsw
11:16:01.0 (168674053)|ENTERING_MANAGED_PKG|tdc_tsw
11:16:01.0 (168911720)|ENTERING_MANAGED_PKG|tdc_tsw
11:16:01.0 (169309211)|ENTERING_MANAGED_PKG|tdc_tsw
11:16:01.0 (170513419)|ENTERING_MANAGED_PKG|tdc_tsw
11:16:01.0 (171275167)|ENTERING_MANAGED_PKG|tdc_tsw
11:16:01.0 (171540727)|ENTERING_MANAGED_PKG|tdc_tsw
11:16:01.0 (171961464)|ENTERING_MANAGED_PKG|tdc_tsw
11:16:01.0 (173135134)|ENTERING_MANAGED_PKG|tdc_tsw
11:16:01.0 (173953657)|ENTERING_MANAGED_PKG|tdc_tsw
11:16:01.0 (174216142)|ENTERING_MANAGED_PKG|tdc_tsw
11:16:01.0 (174693208)|ENTERING_MANAGED_PKG|tdc_tsw
11:16:01.0 (175815717)|ENTERING_MANAGED_PKG|tdc_tsw
11:16:01.0 (176582213)|ENTERING_MANAGED_PKG|tdc_tsw
11:16:01.0 (176827584)|ENTERING_MANAGED_PKG|tdc_tsw
11:16:01.0 (177228081)|ENTERING_MANAGED_PKG|tdc_tsw
11:16:01.0 (178411614)|ENTERING_MANAGED_PKG|tdc_tsw
11:16:01.0 (179176537)|ENTERING_MANAGED_PKG|tdc_tsw
11:16:01.0 (179422264)|ENTERING_MANAGED_PKG|tdc_tsw
11:16:01.0 (179833664)|ENTERING_MANAGED_PKG|tdc_tsw
11:16:01.0 (181285397)|ENTERING_MANAGED_PKG|tdc_tsw
11:16:01.0 (182078697)|ENTERING_MANAGED_PKG|tdc_tsw
11:16:01.0 (182333303)|ENTERING_MANAGED_PKG|tdc_tsw
11:16:01.0 (182741057)|ENTERING_MANAGED_PKG|tdc_tsw
11:16:01.0 (183909310)|ENTERING_MANAGED_PKG|tdc_tsw
11:16:01.0 (184674332)|ENTERING_MANAGED_PKG|tdc_tsw
11:16:01.0 (184912918)|ENTERING_MANAGED_PKG|tdc_tsw
11:16:01.0 (185335098)|ENTERING_MANAGED_PKG|tdc_tsw
11:16:01.0 (186464128)|ENTERING_MANAGED_PKG|tdc_tsw
11:16:01.0 (187217098)|ENTERING_MANAGED_PKG|tdc_tsw
11:16:01.0 (187464188)|ENTERING_MANAGED_PKG|tdc_tsw
11:16:01.0 (187900437)|ENTERING_MANAGED_PKG|tdc_tsw
11:16:01.0 (192306404)|ENTERING_MANAGED_PKG|tdc_tsw
11:16:01.0 (193155964)|ENTERING_MANAGED_PKG|tdc_tsw
11:16:01.0 (193414773)|ENTERING_MANAGED_PKG|tdc_tsw
11:16:01.0 (193843790)|ENTERING_MANAGED_PKG|tdc_tsw
11:16:01.0 (195049364)|ENTERING_MANAGED_PKG|tdc_tsw
11:16:01.0 (195857843)|ENTERING_MANAGED_PKG|tdc_tsw
11:16:01.0 (196098522)|ENTERING_MANAGED_PKG|tdc_tsw
11:16:01.0 (196511499)|ENTERING_MANAGED_PKG|tdc_tsw
11:16:01.0 (197785718)|ENTERING_MANAGED_PKG|tdc_tsw
11:16:01.0 (198592426)|ENTERING_MANAGED_PKG|tdc_tsw
11:16:01.0 (198832977)|ENTERING_MANAGED_PKG|tdc_tsw
11:16:01.0 (199232422)|ENTERING_MANAGED_PKG|tdc_tsw
11:16:01.0 (200393547)|ENTERING_MANAGED_PKG|tdc_tsw
11:16:01.0 (201181362)|ENTERING_MANAGED_PKG|tdc_tsw
11:16:01.0 (201431102)|ENTERING_MANAGED_PKG|tdc_tsw
11:16:01.0 (201831647)|ENTERING_MANAGED_PKG|tdc_tsw
11:16:01.0 (239320609)|ENTERING_MANAGED_PKG|tdc_tsw
11:16:01.0 (240260656)|ENTERING_MANAGED_PKG|tdc_tsw
11:16:01.0 (240537016)|ENTERING_MANAGED_PKG|tdc_tsw
11:16:01.0 (240968685)|ENTERING_MANAGED_PKG|tdc_tsw
11:16:01.0 (242096789)|ENTERING_MANAGED_PKG|tdc_tsw
11:16:01.0 (242863017)|ENTERING_MANAGED_PKG|tdc_tsw
11:16:01.0 (243097639)|ENTERING_MANAGED_PKG|tdc_tsw
11:16:01.0 (243508443)|ENTERING_MANAGED_PKG|tdc_tsw
11:16:01.0 (244630587)|ENTERING_MANAGED_PKG|tdc_tsw
11:16:01.0 (245397474)|ENTERING_MANAGED_PKG|tdc_tsw
11:16:01.0 (245637469)|ENTERING_MANAGED_PKG|tdc_tsw
11:16:01.0 (246039788)|ENTERING_MANAGED_PKG|tdc_tsw
11:16:01.0 (247157916)|ENTERING_MANAGED_PKG|tdc_tsw
11:16:01.0 (247929229)|ENTERING_MANAGED_PKG|tdc_tsw
11:16:01.0 (248163896)|ENTERING_MANAGED_PKG|tdc_tsw
11:16:01.0 (248574537)|ENTERING_MANAGED_PKG|tdc_tsw
11:16:01.0 (249688701)|ENTERING_MANAGED_PKG|tdc_tsw
11:16:01.0 (250453499)|ENTERING_MANAGED_PKG|tdc_tsw
11:16:01.0 (250691148)|ENTERING_MANAGED_PKG|tdc_tsw
11:16:01.0 (251088910)|ENTERING_MANAGED_PKG|tdc_tsw
11:16:01.0 (252218048)|ENTERING_MANAGED_PKG|tdc_tsw
11:16:01.0 (252990434)|ENTERING_MANAGED_PKG|tdc_tsw
11:16:01.0 (253237166)|ENTERING_MANAGED_PKG|tdc_tsw
11:16:01.0 (253650568)|ENTERING_MANAGED_PKG|tdc_tsw
11:16:01.0 (254764815)|ENTERING_MANAGED_PKG|tdc_tsw
11:16:01.0 (255526187)|ENTERING_MANAGED_PKG|tdc_tsw
11:16:01.0 (255736446)|ENTERING_MANAGED_PKG|tdc_tsw
11:16:01.0 (256134949)|ENTERING_MANAGED_PKG|tdc_tsw
11:16:01.0 (257540188)|ENTERING_MANAGED_PKG|tdc_tsw
11:16:01.0 (258632728)|ENTERING_MANAGED_PKG|tdc_tsw
11:16:01.0 (258727400)|ENTERING_MANAGED_PKG|tdc_tsw
11:16:01.0 (259534720)|SOQL_EXECUTE_BEGIN|[200]|Aggregations:0|SELECT Name, NamespacePrefix, SystemModStamp FROM StaticResource WHERE Name LIKE :tmpVar1 LIMIT 10
11:16:01.0 (263741897)|SOQL_EXECUTE_END|[200]|Rows:1
11:16:01.0 (265285514)|ENTERING_MANAGED_PKG|tdc_tsw
11:16:01.0 (266121528)|SOQL_EXECUTE_BEGIN|[200]|Aggregations:0|SELECT Name, NamespacePrefix, SystemModStamp FROM StaticResource WHERE Name LIKE :tmpVar1 LIMIT 10
11:16:01.0 (270349897)|SOQL_EXECUTE_END|[200]|Rows:1
11:16:01.0 (271164182)|ENTERING_MANAGED_PKG|tdc_tsw
11:16:01.0 (276311751)|ENTERING_MANAGED_PKG|tdc_tsw
11:16:01.0 (278648310)|ENTERING_MANAGED_PKG|tdc_tsw
11:16:01.0 (279134960)|ENTERING_MANAGED_PKG|tdc_tsw
11:16:01.0 (280217130)|ENTERING_MANAGED_PKG|tdc_tsw
11:16:01.0 (280729947)|SOQL_EXECUTE_BEGIN|[200]|Aggregations:0|SELECT Name, NamespacePrefix, SystemModStamp FROM StaticResource WHERE Name LIKE :tmpVar1 LIMIT 10
11:16:01.0 (284233638)|SOQL_EXECUTE_END|[200]|Rows:1
11:16:01.297 (297292749)|USER_INFO|[EXTERNAL]|0051H000009gxp8|chanida.dev2@solvedbysoftwareco.com|Eastern Standard Time|GMT-05:00
11:16:01.297 (299426706)|ENTERING_MANAGED_PKG|tdc_tsw
11:16:01.297 (299676292)|ENTERING_MANAGED_PKG|tdc_tsw
11:16:01.297 (302508262)|SOQL_EXECUTE_BEGIN|[355]|Aggregations:0|SELECT id, name, Disable_Incoming_SMS_Sharing__c FROM User WHERE id = :tmpVar1
11:16:01.297 (310651832)|SOQL_EXECUTE_END|[355]|Rows:1
11:16:01.297 (311868382)|SOQL_EXECUTE_BEGIN|[367]|Aggregations:0|SELECT CreatedDate,Id,LastModifiedDate,Related_Object_Id__c FROM Message__c WHERE Name = 'Incoming' AND Read__c = false ORDER BY CreatedDate Desc limit 100
11:16:01.297 (320830961)|SOQL_EXECUTE_END|[367]|Rows:100
