44.0 APEX_CODE,FINEST;APEX_PROFILING,INFO;CALLOUT,INFO;DB,INFO;NBA,INFO;SYSTEM,DEBUG;VALIDATION,INFO;VISUALFORCE,INFO;WAVE,INFO;WORKFLOW,INFO
14:10:03.0 (127734)|USER_INFO|[EXTERNAL]|0051H000009gxp8|chanida.dev2@solvedbysoftwareco.com|Eastern Standard Time|GMT-05:00
14:10:03.0 (2373064)|ENTERING_MANAGED_PKG|tdc_tsw
14:10:03.0 (2530191)|ENTERING_MANAGED_PKG|tdc_tsw
14:10:03.0 (3025136)|ENTERING_MANAGED_PKG|tdc_tsw
14:10:03.0 (3071030)|ENTERING_MANAGED_PKG|tdc_tsw
14:10:03.0 (3846443)|ENTERING_MANAGED_PKG|tdc_tsw
14:10:03.0 (4591860)|ENTERING_MANAGED_PKG|tdc_tsw
14:10:03.0 (6005096)|ENTERING_MANAGED_PKG|tdc_tsw
14:10:03.0 (6077584)|ENTERING_MANAGED_PKG|tdc_tsw
14:10:03.0 (7327482)|ENTERING_MANAGED_PKG|tdc_tsw
14:10:03.0 (13777935)|SOQL_EXECUTE_BEGIN|[82]|Aggregations:0|SELECT CreatedDate, Id,Task_Created__c,Event_Created__c,isCaseCreated__c,Task_Id__c,Event_Id__c,Case__c, Important__c, Delivered__c, Message_Text_New__c, Name, Owner.Name, Read__c,MessageId__c, ToNumber__c, Related_Object_Id__c, Related_Object__c, Sender_Number__c, LastModifiedDate, Attachments_Ids__c FROM Message__c WHERE Contact__c =: recordId ORDER BY CreatedDate Desc limit 200
14:10:03.0 (43127302)|SOQL_EXECUTE_END|[82]|Rows:7
14:10:03.0 (44663015)|ENTERING_MANAGED_PKG|tdc_tsw
14:10:03.0 (44957474)|ENTERING_MANAGED_PKG|tdc_tsw
14:10:03.0 (45034316)|ENTERING_MANAGED_PKG|tdc_tsw
14:10:03.0 (45628054)|SOQL_EXECUTE_BEGIN|[200]|Aggregations:0|SELECT Name, NamespacePrefix, SystemModStamp FROM StaticResource WHERE Name LIKE :tmpVar1 LIMIT 10
14:10:03.0 (48870883)|SOQL_EXECUTE_END|[200]|Rows:1
14:10:03.0 (50802670)|ENTERING_MANAGED_PKG|tdc_tsw
14:10:03.0 (52513520)|ENTERING_MANAGED_PKG|tdc_tsw
14:10:03.0 (52570871)|ENTERING_MANAGED_PKG|tdc_tsw
14:10:03.0 (55051239)|ENTERING_MANAGED_PKG|tdc_tsw
14:10:03.0 (55961858)|ENTERING_MANAGED_PKG|tdc_tsw
14:10:03.0 (57420026)|ENTERING_MANAGED_PKG|tdc_tsw
14:10:03.0 (58311218)|ENTERING_MANAGED_PKG|tdc_tsw
14:10:03.0 (59866829)|ENTERING_MANAGED_PKG|tdc_tsw
14:10:03.0 (60771786)|ENTERING_MANAGED_PKG|tdc_tsw
14:10:03.0 (62080621)|ENTERING_MANAGED_PKG|tdc_tsw
14:10:03.0 (63056017)|ENTERING_MANAGED_PKG|tdc_tsw
14:10:03.0 (64511926)|ENTERING_MANAGED_PKG|tdc_tsw
14:10:03.0 (65388706)|ENTERING_MANAGED_PKG|tdc_tsw
14:10:03.0 (66675834)|ENTERING_MANAGED_PKG|tdc_tsw
14:10:03.0 (67581314)|ENTERING_MANAGED_PKG|tdc_tsw
14:10:03.0 (74142576)|SOQL_EXECUTE_BEGIN|[172]|Aggregations:0|SELECT id, name FROM ChatTranscript__c WHERE (Chat_Active__c = TRUE AND (Related_Object_Id__c = :tmpVar1 OR Related_Object_Id__c = :tmpVar2)) LIMIT 1
14:10:03.0 (78258080)|SOQL_EXECUTE_END|[172]|Rows:0
14:10:03.0 (78776570)|ENTERING_MANAGED_PKG|tdc_tsw
14:10:03.0 (78831998)|ENTERING_MANAGED_PKG|tdc_tsw
