44.0 APEX_CODE,FINEST;APEX_PROFILING,INFO;CALLOUT,INFO;DB,INFO;NBA,INFO;SYSTEM,DEBUG;VALIDATION,INFO;VISUALFORCE,INFO;WAVE,INFO;WORKFLOW,INFO
10:36:31.0 (171653)|USER_INFO|[EXTERNAL]|0051H000009gxp8|chanida.dev2@solvedbysoftwareco.com|Eastern Standard Time|GMT-05:00
10:36:31.0 (1960236)|ENTERING_MANAGED_PKG|tdc_tsw
10:36:31.0 (2545418)|ENTERING_MANAGED_PKG|tdc_tsw
10:36:31.0 (8139662)|SOQL_EXECUTE_BEGIN|[16]|Aggregations:0|SELECT id, name, Disable_Incoming_SMS_Sharing__c FROM User WHERE id = :tmpVar1
10:36:31.0 (20678976)|SOQL_EXECUTE_END|[16]|Rows:1
10:36:31.0 (30752049)|SOQL_EXECUTE_BEGIN|[37]|Aggregations:0|SELECT CreatedDate,Created_Date__c,Id,LastModifiedDate,MessageId__c,Message_Text_New__c,Name,OwnerId,Read__c,Related_Object_Id__c,Related_Object__c,Sender_Number__c, Sender_Name__c,ToNumber__c,Attachments_Ids__c FROM Message__c WHERE Name = 'Incoming' AND Read__c = false ORDER BY CreatedDate Desc limit 100
10:36:31.0 (56718540)|SOQL_EXECUTE_END|[37]|Rows:100
10:36:31.0 (81597262)|ENTERING_MANAGED_PKG|tdc_tsw
10:36:31.0 (83549652)|ENTERING_MANAGED_PKG|tdc_tsw
10:36:31.0 (84171540)|ENTERING_MANAGED_PKG|tdc_tsw
10:36:31.0 (84852993)|ENTERING_MANAGED_PKG|tdc_tsw
10:36:31.0 (87666496)|ENTERING_MANAGED_PKG|tdc_tsw
10:36:31.0 (88490429)|ENTERING_MANAGED_PKG|tdc_tsw
10:36:31.0 (88738016)|ENTERING_MANAGED_PKG|tdc_tsw
10:36:31.0 (89211763)|ENTERING_MANAGED_PKG|tdc_tsw
10:36:31.0 (90384788)|ENTERING_MANAGED_PKG|tdc_tsw
10:36:31.0 (91174169)|ENTERING_MANAGED_PKG|tdc_tsw
10:36:31.0 (91424668)|ENTERING_MANAGED_PKG|tdc_tsw
10:36:31.0 (92064689)|ENTERING_MANAGED_PKG|tdc_tsw
10:36:31.0 (93671090)|ENTERING_MANAGED_PKG|tdc_tsw
10:36:31.0 (94482060)|ENTERING_MANAGED_PKG|tdc_tsw
10:36:31.0 (94733921)|ENTERING_MANAGED_PKG|tdc_tsw
10:36:31.0 (95178459)|ENTERING_MANAGED_PKG|tdc_tsw
10:36:31.0 (96442604)|ENTERING_MANAGED_PKG|tdc_tsw
10:36:31.0 (97255850)|ENTERING_MANAGED_PKG|tdc_tsw
10:36:31.0 (97504776)|ENTERING_MANAGED_PKG|tdc_tsw
10:36:31.0 (97956343)|ENTERING_MANAGED_PKG|tdc_tsw
10:36:31.0 (99197438)|ENTERING_MANAGED_PKG|tdc_tsw
10:36:31.0 (99982984)|ENTERING_MANAGED_PKG|tdc_tsw
10:36:31.0 (100231175)|ENTERING_MANAGED_PKG|tdc_tsw
10:36:31.0 (100647981)|ENTERING_MANAGED_PKG|tdc_tsw
10:36:31.0 (102887622)|ENTERING_MANAGED_PKG|tdc_tsw
10:36:31.0 (104410137)|ENTERING_MANAGED_PKG|tdc_tsw
10:36:31.0 (104899766)|ENTERING_MANAGED_PKG|tdc_tsw
10:36:31.0 (105790977)|ENTERING_MANAGED_PKG|tdc_tsw
10:36:31.0 (108151966)|ENTERING_MANAGED_PKG|tdc_tsw
10:36:31.0 (109701866)|ENTERING_MANAGED_PKG|tdc_tsw
10:36:31.0 (110190003)|ENTERING_MANAGED_PKG|tdc_tsw
10:36:31.0 (111064010)|ENTERING_MANAGED_PKG|tdc_tsw
10:36:31.0 (113422157)|ENTERING_MANAGED_PKG|tdc_tsw
10:36:31.0 (114942233)|ENTERING_MANAGED_PKG|tdc_tsw
10:36:31.0 (115415971)|ENTERING_MANAGED_PKG|tdc_tsw
10:36:31.0 (116206625)|ENTERING_MANAGED_PKG|tdc_tsw
10:36:31.0 (117860571)|ENTERING_MANAGED_PKG|tdc_tsw
10:36:31.0 (119425394)|ENTERING_MANAGED_PKG|tdc_tsw
10:36:31.0 (119911183)|ENTERING_MANAGED_PKG|tdc_tsw
10:36:31.0 (120835484)|ENTERING_MANAGED_PKG|tdc_tsw
10:36:31.0 (123124025)|ENTERING_MANAGED_PKG|tdc_tsw
10:36:31.0 (124645350)|ENTERING_MANAGED_PKG|tdc_tsw
10:36:31.0 (125128517)|ENTERING_MANAGED_PKG|tdc_tsw
10:36:31.0 (125996427)|ENTERING_MANAGED_PKG|tdc_tsw
10:36:31.0 (128304437)|ENTERING_MANAGED_PKG|tdc_tsw
10:36:31.0 (129825362)|ENTERING_MANAGED_PKG|tdc_tsw
10:36:31.0 (130302364)|ENTERING_MANAGED_PKG|tdc_tsw
10:36:31.0 (131165180)|ENTERING_MANAGED_PKG|tdc_tsw
10:36:31.0 (132949920)|ENTERING_MANAGED_PKG|tdc_tsw
10:36:31.0 (134093717)|ENTERING_MANAGED_PKG|tdc_tsw
10:36:31.0 (134447829)|ENTERING_MANAGED_PKG|tdc_tsw
10:36:31.0 (135075957)|ENTERING_MANAGED_PKG|tdc_tsw
10:36:31.0 (136701100)|ENTERING_MANAGED_PKG|tdc_tsw
10:36:31.0 (137588251)|ENTERING_MANAGED_PKG|tdc_tsw
10:36:31.0 (137851673)|ENTERING_MANAGED_PKG|tdc_tsw
10:36:31.0 (138330664)|ENTERING_MANAGED_PKG|tdc_tsw
10:36:31.0 (139506554)|ENTERING_MANAGED_PKG|tdc_tsw
10:36:31.0 (140312004)|ENTERING_MANAGED_PKG|tdc_tsw
10:36:31.0 (140558334)|ENTERING_MANAGED_PKG|tdc_tsw
10:36:31.0 (141005279)|ENTERING_MANAGED_PKG|tdc_tsw
10:36:31.0 (142452164)|ENTERING_MANAGED_PKG|tdc_tsw
10:36:31.0 (143538395)|ENTERING_MANAGED_PKG|tdc_tsw
10:36:31.0 (143796535)|ENTERING_MANAGED_PKG|tdc_tsw
10:36:31.0 (144228950)|ENTERING_MANAGED_PKG|tdc_tsw
10:36:31.0 (145393118)|ENTERING_MANAGED_PKG|tdc_tsw
10:36:31.0 (146183856)|ENTERING_MANAGED_PKG|tdc_tsw
10:36:31.0 (146429720)|ENTERING_MANAGED_PKG|tdc_tsw
10:36:31.0 (146857556)|ENTERING_MANAGED_PKG|tdc_tsw
10:36:31.0 (148015803)|ENTERING_MANAGED_PKG|tdc_tsw
10:36:31.0 (148794615)|ENTERING_MANAGED_PKG|tdc_tsw
10:36:31.0 (149037285)|ENTERING_MANAGED_PKG|tdc_tsw
10:36:31.0 (149450785)|ENTERING_MANAGED_PKG|tdc_tsw
10:36:31.0 (150627587)|ENTERING_MANAGED_PKG|tdc_tsw
10:36:31.0 (151445982)|ENTERING_MANAGED_PKG|tdc_tsw
10:36:31.0 (151722722)|ENTERING_MANAGED_PKG|tdc_tsw
10:36:31.0 (152147761)|ENTERING_MANAGED_PKG|tdc_tsw
10:36:31.0 (153289690)|ENTERING_MANAGED_PKG|tdc_tsw
10:36:31.0 (154068048)|ENTERING_MANAGED_PKG|tdc_tsw
10:36:31.0 (154332864)|ENTERING_MANAGED_PKG|tdc_tsw
10:36:31.0 (154759878)|ENTERING_MANAGED_PKG|tdc_tsw
10:36:31.0 (156110972)|ENTERING_MANAGED_PKG|tdc_tsw
10:36:31.0 (156934861)|ENTERING_MANAGED_PKG|tdc_tsw
10:36:31.0 (157188701)|ENTERING_MANAGED_PKG|tdc_tsw
10:36:31.0 (157614089)|ENTERING_MANAGED_PKG|tdc_tsw
10:36:31.0 (158766522)|ENTERING_MANAGED_PKG|tdc_tsw
10:36:31.0 (159535409)|ENTERING_MANAGED_PKG|tdc_tsw
10:36:31.0 (159783076)|ENTERING_MANAGED_PKG|tdc_tsw
10:36:31.0 (160196228)|ENTERING_MANAGED_PKG|tdc_tsw
10:36:31.0 (161744730)|ENTERING_MANAGED_PKG|tdc_tsw
10:36:31.0 (162708087)|ENTERING_MANAGED_PKG|tdc_tsw
10:36:31.0 (163031290)|ENTERING_MANAGED_PKG|tdc_tsw
10:36:31.0 (163446618)|ENTERING_MANAGED_PKG|tdc_tsw
10:36:31.0 (164642883)|ENTERING_MANAGED_PKG|tdc_tsw
10:36:31.0 (165498972)|ENTERING_MANAGED_PKG|tdc_tsw
10:36:31.0 (165754236)|ENTERING_MANAGED_PKG|tdc_tsw
10:36:31.0 (166178292)|ENTERING_MANAGED_PKG|tdc_tsw
10:36:31.0 (167498128)|ENTERING_MANAGED_PKG|tdc_tsw
10:36:31.0 (168364072)|ENTERING_MANAGED_PKG|tdc_tsw
10:36:31.0 (168634247)|ENTERING_MANAGED_PKG|tdc_tsw
10:36:31.0 (169092382)|ENTERING_MANAGED_PKG|tdc_tsw
10:36:31.0 (170333263)|ENTERING_MANAGED_PKG|tdc_tsw
10:36:31.0 (171182518)|ENTERING_MANAGED_PKG|tdc_tsw
10:36:31.0 (171441134)|ENTERING_MANAGED_PKG|tdc_tsw
10:36:31.0 (171904158)|ENTERING_MANAGED_PKG|tdc_tsw
10:36:31.0 (173173978)|ENTERING_MANAGED_PKG|tdc_tsw
10:36:31.0 (174003775)|ENTERING_MANAGED_PKG|tdc_tsw
10:36:31.0 (174259717)|ENTERING_MANAGED_PKG|tdc_tsw
10:36:31.0 (174909023)|ENTERING_MANAGED_PKG|tdc_tsw
10:36:31.0 (176202176)|ENTERING_MANAGED_PKG|tdc_tsw
10:36:31.0 (177046638)|ENTERING_MANAGED_PKG|tdc_tsw
10:36:31.0 (177310170)|ENTERING_MANAGED_PKG|tdc_tsw
10:36:31.0 (177769133)|ENTERING_MANAGED_PKG|tdc_tsw
10:36:31.0 (179020680)|ENTERING_MANAGED_PKG|tdc_tsw
10:36:31.0 (180164864)|ENTERING_MANAGED_PKG|tdc_tsw
10:36:31.0 (180432087)|ENTERING_MANAGED_PKG|tdc_tsw
10:36:31.0 (180883754)|ENTERING_MANAGED_PKG|tdc_tsw
10:36:31.0 (182123077)|ENTERING_MANAGED_PKG|tdc_tsw
10:36:31.0 (183309694)|ENTERING_MANAGED_PKG|tdc_tsw
10:36:31.0 (183693408)|ENTERING_MANAGED_PKG|tdc_tsw
10:36:31.0 (184569045)|ENTERING_MANAGED_PKG|tdc_tsw
10:36:31.0 (186809676)|ENTERING_MANAGED_PKG|tdc_tsw
10:36:31.0 (188181703)|ENTERING_MANAGED_PKG|tdc_tsw
10:36:31.0 (188598311)|ENTERING_MANAGED_PKG|tdc_tsw
10:36:31.0 (189266308)|ENTERING_MANAGED_PKG|tdc_tsw
10:36:31.0 (191058673)|ENTERING_MANAGED_PKG|tdc_tsw
10:36:31.0 (192252277)|ENTERING_MANAGED_PKG|tdc_tsw
10:36:31.0 (192527454)|ENTERING_MANAGED_PKG|tdc_tsw
10:36:31.0 (192960912)|ENTERING_MANAGED_PKG|tdc_tsw
10:36:31.0 (194125596)|ENTERING_MANAGED_PKG|tdc_tsw
10:36:31.0 (194981359)|ENTERING_MANAGED_PKG|tdc_tsw
10:36:31.0 (195230136)|ENTERING_MANAGED_PKG|tdc_tsw
10:36:31.0 (195643926)|ENTERING_MANAGED_PKG|tdc_tsw
10:36:31.0 (196797964)|ENTERING_MANAGED_PKG|tdc_tsw
10:36:31.0 (197641866)|ENTERING_MANAGED_PKG|tdc_tsw
10:36:31.0 (197899384)|ENTERING_MANAGED_PKG|tdc_tsw
10:36:31.0 (198331527)|ENTERING_MANAGED_PKG|tdc_tsw
10:36:31.0 (199496192)|ENTERING_MANAGED_PKG|tdc_tsw
10:36:31.0 (200329050)|ENTERING_MANAGED_PKG|tdc_tsw
10:36:31.0 (200593630)|ENTERING_MANAGED_PKG|tdc_tsw
10:36:31.0 (201033373)|ENTERING_MANAGED_PKG|tdc_tsw
10:36:31.0 (202465304)|ENTERING_MANAGED_PKG|tdc_tsw
10:36:31.0 (203716410)|ENTERING_MANAGED_PKG|tdc_tsw
10:36:31.0 (204062724)|ENTERING_MANAGED_PKG|tdc_tsw
10:36:31.0 (204574744)|ENTERING_MANAGED_PKG|tdc_tsw
10:36:31.0 (205893392)|ENTERING_MANAGED_PKG|tdc_tsw
10:36:31.0 (206665336)|ENTERING_MANAGED_PKG|tdc_tsw
10:36:31.0 (206929936)|ENTERING_MANAGED_PKG|tdc_tsw
10:36:31.0 (207343619)|ENTERING_MANAGED_PKG|tdc_tsw
10:36:31.0 (208546131)|ENTERING_MANAGED_PKG|tdc_tsw
10:36:31.0 (209358744)|ENTERING_MANAGED_PKG|tdc_tsw
10:36:31.0 (209620107)|ENTERING_MANAGED_PKG|tdc_tsw
10:36:31.0 (210067490)|ENTERING_MANAGED_PKG|tdc_tsw
10:36:31.0 (211312338)|ENTERING_MANAGED_PKG|tdc_tsw
10:36:31.0 (212137547)|ENTERING_MANAGED_PKG|tdc_tsw
10:36:31.0 (212466209)|ENTERING_MANAGED_PKG|tdc_tsw
10:36:31.0 (213224243)|ENTERING_MANAGED_PKG|tdc_tsw
10:36:31.0 (214960283)|ENTERING_MANAGED_PKG|tdc_tsw
10:36:31.0 (216267649)|ENTERING_MANAGED_PKG|tdc_tsw
10:36:31.0 (216710737)|ENTERING_MANAGED_PKG|tdc_tsw
10:36:31.0 (217245252)|ENTERING_MANAGED_PKG|tdc_tsw
10:36:31.0 (218676219)|ENTERING_MANAGED_PKG|tdc_tsw
10:36:31.0 (219513641)|ENTERING_MANAGED_PKG|tdc_tsw
10:36:31.0 (219764674)|ENTERING_MANAGED_PKG|tdc_tsw
10:36:31.0 (220185989)|ENTERING_MANAGED_PKG|tdc_tsw
10:36:31.0 (221352192)|ENTERING_MANAGED_PKG|tdc_tsw
10:36:31.0 (222152297)|ENTERING_MANAGED_PKG|tdc_tsw
10:36:31.0 (222394506)|ENTERING_MANAGED_PKG|tdc_tsw
10:36:31.0 (222889548)|ENTERING_MANAGED_PKG|tdc_tsw
10:36:31.0 (224044698)|ENTERING_MANAGED_PKG|tdc_tsw
10:36:31.0 (224828583)|ENTERING_MANAGED_PKG|tdc_tsw
10:36:31.0 (225073879)|ENTERING_MANAGED_PKG|tdc_tsw
10:36:31.0 (225489658)|ENTERING_MANAGED_PKG|tdc_tsw
10:36:31.0 (226654724)|ENTERING_MANAGED_PKG|tdc_tsw
10:36:31.0 (227440113)|ENTERING_MANAGED_PKG|tdc_tsw
10:36:31.0 (227684654)|ENTERING_MANAGED_PKG|tdc_tsw
10:36:31.0 (228198280)|ENTERING_MANAGED_PKG|tdc_tsw
10:36:31.0 (229368948)|ENTERING_MANAGED_PKG|tdc_tsw
10:36:31.0 (230156448)|ENTERING_MANAGED_PKG|tdc_tsw
10:36:31.0 (230400990)|ENTERING_MANAGED_PKG|tdc_tsw
10:36:31.0 (230835232)|ENTERING_MANAGED_PKG|tdc_tsw
10:36:31.0 (231994036)|ENTERING_MANAGED_PKG|tdc_tsw
10:36:31.0 (232788750)|ENTERING_MANAGED_PKG|tdc_tsw
10:36:31.0 (233036804)|ENTERING_MANAGED_PKG|tdc_tsw
10:36:31.0 (233751420)|ENTERING_MANAGED_PKG|tdc_tsw
10:36:31.0 (235893364)|ENTERING_MANAGED_PKG|tdc_tsw
10:36:31.0 (237559846)|ENTERING_MANAGED_PKG|tdc_tsw
10:36:31.0 (238129083)|ENTERING_MANAGED_PKG|tdc_tsw
10:36:31.0 (239060777)|ENTERING_MANAGED_PKG|tdc_tsw
10:36:31.0 (241359327)|ENTERING_MANAGED_PKG|tdc_tsw
10:36:31.0 (242898404)|ENTERING_MANAGED_PKG|tdc_tsw
10:36:31.0 (243378715)|ENTERING_MANAGED_PKG|tdc_tsw
10:36:31.0 (244253194)|ENTERING_MANAGED_PKG|tdc_tsw
10:36:31.0 (246609001)|ENTERING_MANAGED_PKG|tdc_tsw
10:36:31.0 (248190956)|ENTERING_MANAGED_PKG|tdc_tsw
10:36:31.0 (248676040)|ENTERING_MANAGED_PKG|tdc_tsw
10:36:31.0 (249555376)|ENTERING_MANAGED_PKG|tdc_tsw
10:36:31.0 (251842618)|ENTERING_MANAGED_PKG|tdc_tsw
10:36:31.0 (252944021)|ENTERING_MANAGED_PKG|tdc_tsw
10:36:31.0 (253339909)|ENTERING_MANAGED_PKG|tdc_tsw
10:36:31.0 (254187698)|ENTERING_MANAGED_PKG|tdc_tsw
10:36:31.0 (256539890)|ENTERING_MANAGED_PKG|tdc_tsw
10:36:31.0 (258074944)|ENTERING_MANAGED_PKG|tdc_tsw
10:36:31.0 (258564945)|ENTERING_MANAGED_PKG|tdc_tsw
10:36:31.0 (259445332)|ENTERING_MANAGED_PKG|tdc_tsw
10:36:31.0 (261758870)|ENTERING_MANAGED_PKG|tdc_tsw
10:36:31.0 (262838752)|ENTERING_MANAGED_PKG|tdc_tsw
10:36:31.0 (263089025)|ENTERING_MANAGED_PKG|tdc_tsw
10:36:31.0 (263508994)|ENTERING_MANAGED_PKG|tdc_tsw
10:36:31.0 (264720866)|ENTERING_MANAGED_PKG|tdc_tsw
10:36:31.0 (265540552)|ENTERING_MANAGED_PKG|tdc_tsw
10:36:31.0 (265801798)|ENTERING_MANAGED_PKG|tdc_tsw
10:36:31.0 (266238453)|ENTERING_MANAGED_PKG|tdc_tsw
10:36:31.0 (267594940)|ENTERING_MANAGED_PKG|tdc_tsw
10:36:31.0 (269096330)|ENTERING_MANAGED_PKG|tdc_tsw
10:36:31.0 (269567421)|ENTERING_MANAGED_PKG|tdc_tsw
10:36:31.0 (270438960)|ENTERING_MANAGED_PKG|tdc_tsw
10:36:31.0 (272724745)|ENTERING_MANAGED_PKG|tdc_tsw
10:36:31.0 (274250471)|ENTERING_MANAGED_PKG|tdc_tsw
10:36:31.0 (274733451)|ENTERING_MANAGED_PKG|tdc_tsw
10:36:31.0 (275610229)|ENTERING_MANAGED_PKG|tdc_tsw
10:36:31.0 (277909181)|ENTERING_MANAGED_PKG|tdc_tsw
10:36:31.0 (279414446)|ENTERING_MANAGED_PKG|tdc_tsw
10:36:31.0 (279904951)|ENTERING_MANAGED_PKG|tdc_tsw
10:36:31.0 (280778899)|ENTERING_MANAGED_PKG|tdc_tsw
10:36:31.0 (283075285)|ENTERING_MANAGED_PKG|tdc_tsw
10:36:31.0 (284840377)|ENTERING_MANAGED_PKG|tdc_tsw
10:36:31.0 (285384908)|ENTERING_MANAGED_PKG|tdc_tsw
10:36:31.0 (286050105)|ENTERING_MANAGED_PKG|tdc_tsw
10:36:31.0 (288040118)|ENTERING_MANAGED_PKG|tdc_tsw
10:36:31.0 (289574914)|ENTERING_MANAGED_PKG|tdc_tsw
10:36:31.0 (290005566)|ENTERING_MANAGED_PKG|tdc_tsw
10:36:31.0 (290939000)|ENTERING_MANAGED_PKG|tdc_tsw
10:36:31.0 (293264850)|ENTERING_MANAGED_PKG|tdc_tsw
10:36:31.0 (294797475)|ENTERING_MANAGED_PKG|tdc_tsw
10:36:31.0 (295270033)|ENTERING_MANAGED_PKG|tdc_tsw
10:36:31.0 (296142601)|ENTERING_MANAGED_PKG|tdc_tsw
10:36:31.0 (298258866)|ENTERING_MANAGED_PKG|tdc_tsw
10:36:31.0 (299009314)|ENTERING_MANAGED_PKG|tdc_tsw
10:36:31.0 (299087742)|ENTERING_MANAGED_PKG|tdc_tsw
10:36:31.0 (299678009)|SOQL_EXECUTE_BEGIN|[200]|Aggregations:0|SELECT Name, NamespacePrefix, SystemModStamp FROM StaticResource WHERE Name LIKE :tmpVar1 LIMIT 10
10:36:31.0 (303307083)|SOQL_EXECUTE_END|[200]|Rows:1
10:36:31.0 (305119755)|ENTERING_MANAGED_PKG|tdc_tsw
10:36:31.0 (306022166)|SOQL_EXECUTE_BEGIN|[200]|Aggregations:0|SELECT Name, NamespacePrefix, SystemModStamp FROM StaticResource WHERE Name LIKE :tmpVar1 LIMIT 10
10:36:31.0 (309947052)|SOQL_EXECUTE_END|[200]|Rows:1
10:36:31.0 (310725986)|ENTERING_MANAGED_PKG|tdc_tsw
10:36:31.0 (315806691)|ENTERING_MANAGED_PKG|tdc_tsw
10:36:31.0 (318346057)|ENTERING_MANAGED_PKG|tdc_tsw
10:36:31.0 (318676509)|ENTERING_MANAGED_PKG|tdc_tsw
10:36:31.0 (319997974)|ENTERING_MANAGED_PKG|tdc_tsw
10:36:31.0 (320811913)|SOQL_EXECUTE_BEGIN|[200]|Aggregations:0|SELECT Name, NamespacePrefix, SystemModStamp FROM StaticResource WHERE Name LIKE :tmpVar1 LIMIT 10
10:36:31.0 (324213615)|SOQL_EXECUTE_END|[200]|Rows:1
10:36:31.335 (335675650)|USER_INFO|[EXTERNAL]|0051H000009gxp8|chanida.dev2@solvedbysoftwareco.com|Eastern Standard Time|GMT-05:00
10:36:31.335 (337140165)|ENTERING_MANAGED_PKG|tdc_tsw
10:36:31.335 (337356656)|ENTERING_MANAGED_PKG|tdc_tsw
10:36:31.335 (339976464)|SOQL_EXECUTE_BEGIN|[355]|Aggregations:0|SELECT id, name, Disable_Incoming_SMS_Sharing__c FROM User WHERE id = :tmpVar1
10:36:31.335 (346571331)|SOQL_EXECUTE_END|[355]|Rows:1
10:36:31.335 (347628551)|SOQL_EXECUTE_BEGIN|[367]|Aggregations:0|SELECT CreatedDate,Id,LastModifiedDate,Related_Object_Id__c FROM Message__c WHERE Name = 'Incoming' AND Read__c = false ORDER BY CreatedDate Desc limit 100
10:36:31.335 (357926787)|SOQL_EXECUTE_END|[367]|Rows:100
