44.0 APEX_CODE,FINEST;APEX_PROFILING,INFO;CALLOUT,INFO;DB,INFO;NBA,INFO;SYSTEM,DEBUG;VALIDATION,INFO;VISUALFORCE,INFO;WAVE,INFO;WORKFLOW,INFO
13:56:02.0 (149678)|USER_INFO|[EXTERNAL]|0051H000009gxp8|chanida.dev2@solvedbysoftwareco.com|Eastern Standard Time|GMT-05:00
13:56:02.0 (1794432)|ENTERING_MANAGED_PKG|tdc_tsw
13:56:02.0 (2213656)|ENTERING_MANAGED_PKG|tdc_tsw
13:56:02.0 (6156534)|SOQL_EXECUTE_BEGIN|[16]|Aggregations:0|SELECT id, name, Disable_Incoming_SMS_Sharing__c FROM User WHERE id = :tmpVar1
13:56:02.0 (13882129)|SOQL_EXECUTE_END|[16]|Rows:1
13:56:02.0 (19906471)|SOQL_EXECUTE_BEGIN|[37]|Aggregations:0|SELECT CreatedDate,Created_Date__c,Id,LastModifiedDate,MessageId__c,Message_Text_New__c,Name,OwnerId,Read__c,Related_Object_Id__c,Related_Object__c,Sender_Number__c, Sender_Name__c,ToNumber__c,Attachments_Ids__c FROM Message__c WHERE Name = 'Incoming' AND Read__c = false ORDER BY CreatedDate Desc limit 100
13:56:02.0 (38742032)|SOQL_EXECUTE_END|[37]|Rows:100
13:56:02.0 (56861663)|ENTERING_MANAGED_PKG|tdc_tsw
13:56:02.0 (58839531)|ENTERING_MANAGED_PKG|tdc_tsw
13:56:02.0 (59366920)|ENTERING_MANAGED_PKG|tdc_tsw
13:56:02.0 (60086306)|ENTERING_MANAGED_PKG|tdc_tsw
13:56:02.0 (63060473)|ENTERING_MANAGED_PKG|tdc_tsw
13:56:02.0 (63864866)|ENTERING_MANAGED_PKG|tdc_tsw
13:56:02.0 (64107529)|ENTERING_MANAGED_PKG|tdc_tsw
13:56:02.0 (64565003)|ENTERING_MANAGED_PKG|tdc_tsw
13:56:02.0 (65762649)|ENTERING_MANAGED_PKG|tdc_tsw
13:56:02.0 (66583176)|ENTERING_MANAGED_PKG|tdc_tsw
13:56:02.0 (66824017)|ENTERING_MANAGED_PKG|tdc_tsw
13:56:02.0 (67363700)|ENTERING_MANAGED_PKG|tdc_tsw
13:56:02.0 (68779044)|ENTERING_MANAGED_PKG|tdc_tsw
13:56:02.0 (69576018)|ENTERING_MANAGED_PKG|tdc_tsw
13:56:02.0 (69796184)|ENTERING_MANAGED_PKG|tdc_tsw
13:56:02.0 (70223101)|ENTERING_MANAGED_PKG|tdc_tsw
13:56:02.0 (71395371)|ENTERING_MANAGED_PKG|tdc_tsw
13:56:02.0 (72218697)|ENTERING_MANAGED_PKG|tdc_tsw
13:56:02.0 (72463930)|ENTERING_MANAGED_PKG|tdc_tsw
13:56:02.0 (72910080)|ENTERING_MANAGED_PKG|tdc_tsw
13:56:02.0 (74072491)|ENTERING_MANAGED_PKG|tdc_tsw
13:56:02.0 (74856855)|ENTERING_MANAGED_PKG|tdc_tsw
13:56:02.0 (75096406)|ENTERING_MANAGED_PKG|tdc_tsw
13:56:02.0 (75568755)|ENTERING_MANAGED_PKG|tdc_tsw
13:56:02.0 (76759226)|ENTERING_MANAGED_PKG|tdc_tsw
13:56:02.0 (77548661)|ENTERING_MANAGED_PKG|tdc_tsw
13:56:02.0 (77794620)|ENTERING_MANAGED_PKG|tdc_tsw
13:56:02.0 (78205639)|ENTERING_MANAGED_PKG|tdc_tsw
13:56:02.0 (79356850)|ENTERING_MANAGED_PKG|tdc_tsw
13:56:02.0 (80166835)|ENTERING_MANAGED_PKG|tdc_tsw
13:56:02.0 (80446617)|ENTERING_MANAGED_PKG|tdc_tsw
13:56:02.0 (80854657)|ENTERING_MANAGED_PKG|tdc_tsw
13:56:02.0 (82063333)|ENTERING_MANAGED_PKG|tdc_tsw
13:56:02.0 (83161286)|ENTERING_MANAGED_PKG|tdc_tsw
13:56:02.0 (83416189)|ENTERING_MANAGED_PKG|tdc_tsw
13:56:02.0 (83836310)|ENTERING_MANAGED_PKG|tdc_tsw
13:56:02.0 (84996822)|ENTERING_MANAGED_PKG|tdc_tsw
13:56:02.0 (85794586)|ENTERING_MANAGED_PKG|tdc_tsw
13:56:02.0 (86035190)|ENTERING_MANAGED_PKG|tdc_tsw
13:56:02.0 (86515107)|ENTERING_MANAGED_PKG|tdc_tsw
13:56:02.0 (87741012)|ENTERING_MANAGED_PKG|tdc_tsw
13:56:02.0 (88534980)|ENTERING_MANAGED_PKG|tdc_tsw
13:56:02.0 (88779049)|ENTERING_MANAGED_PKG|tdc_tsw
13:56:02.0 (89208956)|ENTERING_MANAGED_PKG|tdc_tsw
13:56:02.0 (90388475)|ENTERING_MANAGED_PKG|tdc_tsw
13:56:02.0 (91156635)|ENTERING_MANAGED_PKG|tdc_tsw
13:56:02.0 (91421080)|ENTERING_MANAGED_PKG|tdc_tsw
13:56:02.0 (91881958)|ENTERING_MANAGED_PKG|tdc_tsw
13:56:02.0 (93053027)|ENTERING_MANAGED_PKG|tdc_tsw
13:56:02.0 (93831636)|ENTERING_MANAGED_PKG|tdc_tsw
13:56:02.0 (94104532)|ENTERING_MANAGED_PKG|tdc_tsw
13:56:02.0 (94553866)|ENTERING_MANAGED_PKG|tdc_tsw
13:56:02.0 (95696633)|ENTERING_MANAGED_PKG|tdc_tsw
13:56:02.0 (96491746)|ENTERING_MANAGED_PKG|tdc_tsw
13:56:02.0 (96734854)|ENTERING_MANAGED_PKG|tdc_tsw
13:56:02.0 (97138100)|ENTERING_MANAGED_PKG|tdc_tsw
13:56:02.0 (98310073)|ENTERING_MANAGED_PKG|tdc_tsw
13:56:02.0 (99068688)|ENTERING_MANAGED_PKG|tdc_tsw
13:56:02.0 (99322721)|ENTERING_MANAGED_PKG|tdc_tsw
13:56:02.0 (99731926)|ENTERING_MANAGED_PKG|tdc_tsw
13:56:02.0 (100876872)|ENTERING_MANAGED_PKG|tdc_tsw
13:56:02.0 (101642974)|ENTERING_MANAGED_PKG|tdc_tsw
13:56:02.0 (101935212)|ENTERING_MANAGED_PKG|tdc_tsw
13:56:02.0 (102391546)|ENTERING_MANAGED_PKG|tdc_tsw
13:56:02.0 (103542624)|ENTERING_MANAGED_PKG|tdc_tsw
13:56:02.0 (104318965)|ENTERING_MANAGED_PKG|tdc_tsw
13:56:02.0 (104580384)|ENTERING_MANAGED_PKG|tdc_tsw
13:56:02.0 (104984007)|ENTERING_MANAGED_PKG|tdc_tsw
13:56:02.0 (106146215)|ENTERING_MANAGED_PKG|tdc_tsw
13:56:02.0 (106912712)|ENTERING_MANAGED_PKG|tdc_tsw
13:56:02.0 (107201338)|ENTERING_MANAGED_PKG|tdc_tsw
13:56:02.0 (107617626)|ENTERING_MANAGED_PKG|tdc_tsw
13:56:02.0 (108762511)|ENTERING_MANAGED_PKG|tdc_tsw
13:56:02.0 (109541078)|ENTERING_MANAGED_PKG|tdc_tsw
13:56:02.0 (109778527)|ENTERING_MANAGED_PKG|tdc_tsw
13:56:02.0 (110178879)|ENTERING_MANAGED_PKG|tdc_tsw
13:56:02.0 (111386232)|ENTERING_MANAGED_PKG|tdc_tsw
13:56:02.0 (112185136)|ENTERING_MANAGED_PKG|tdc_tsw
13:56:02.0 (112462212)|ENTERING_MANAGED_PKG|tdc_tsw
13:56:02.0 (112872892)|ENTERING_MANAGED_PKG|tdc_tsw
13:56:02.0 (114020993)|ENTERING_MANAGED_PKG|tdc_tsw
13:56:02.0 (114843643)|ENTERING_MANAGED_PKG|tdc_tsw
13:56:02.0 (115084129)|ENTERING_MANAGED_PKG|tdc_tsw
13:56:02.0 (115544522)|ENTERING_MANAGED_PKG|tdc_tsw
13:56:02.0 (116689602)|ENTERING_MANAGED_PKG|tdc_tsw
13:56:02.0 (117465743)|ENTERING_MANAGED_PKG|tdc_tsw
13:56:02.0 (117706220)|ENTERING_MANAGED_PKG|tdc_tsw
13:56:02.0 (118111774)|ENTERING_MANAGED_PKG|tdc_tsw
13:56:02.0 (119300948)|ENTERING_MANAGED_PKG|tdc_tsw
13:56:02.0 (120059355)|ENTERING_MANAGED_PKG|tdc_tsw
13:56:02.0 (120317429)|ENTERING_MANAGED_PKG|tdc_tsw
13:56:02.0 (120727581)|ENTERING_MANAGED_PKG|tdc_tsw
13:56:02.0 (121929382)|ENTERING_MANAGED_PKG|tdc_tsw
13:56:02.0 (122798878)|ENTERING_MANAGED_PKG|tdc_tsw
13:56:02.0 (123041618)|ENTERING_MANAGED_PKG|tdc_tsw
13:56:02.0 (123471609)|ENTERING_MANAGED_PKG|tdc_tsw
13:56:02.0 (124660372)|ENTERING_MANAGED_PKG|tdc_tsw
13:56:02.0 (125485753)|ENTERING_MANAGED_PKG|tdc_tsw
13:56:02.0 (125724834)|ENTERING_MANAGED_PKG|tdc_tsw
13:56:02.0 (126131825)|ENTERING_MANAGED_PKG|tdc_tsw
13:56:02.0 (127293153)|ENTERING_MANAGED_PKG|tdc_tsw
13:56:02.0 (128045801)|ENTERING_MANAGED_PKG|tdc_tsw
13:56:02.0 (128303961)|ENTERING_MANAGED_PKG|tdc_tsw
13:56:02.0 (128719095)|ENTERING_MANAGED_PKG|tdc_tsw
13:56:02.0 (129878673)|ENTERING_MANAGED_PKG|tdc_tsw
13:56:02.0 (130674439)|ENTERING_MANAGED_PKG|tdc_tsw
13:56:02.0 (130916798)|ENTERING_MANAGED_PKG|tdc_tsw
13:56:02.0 (131346838)|ENTERING_MANAGED_PKG|tdc_tsw
13:56:02.0 (132571082)|ENTERING_MANAGED_PKG|tdc_tsw
13:56:02.0 (133356236)|ENTERING_MANAGED_PKG|tdc_tsw
13:56:02.0 (133594170)|ENTERING_MANAGED_PKG|tdc_tsw
13:56:02.0 (134002121)|ENTERING_MANAGED_PKG|tdc_tsw
13:56:02.0 (135156002)|ENTERING_MANAGED_PKG|tdc_tsw
13:56:02.0 (135909523)|ENTERING_MANAGED_PKG|tdc_tsw
13:56:02.0 (136153178)|ENTERING_MANAGED_PKG|tdc_tsw
13:56:02.0 (136579146)|ENTERING_MANAGED_PKG|tdc_tsw
13:56:02.0 (137746348)|ENTERING_MANAGED_PKG|tdc_tsw
13:56:02.0 (138540634)|ENTERING_MANAGED_PKG|tdc_tsw
13:56:02.0 (138777648)|ENTERING_MANAGED_PKG|tdc_tsw
13:56:02.0 (139187962)|ENTERING_MANAGED_PKG|tdc_tsw
13:56:02.0 (140355584)|ENTERING_MANAGED_PKG|tdc_tsw
13:56:02.0 (141107847)|ENTERING_MANAGED_PKG|tdc_tsw
13:56:02.0 (141366672)|ENTERING_MANAGED_PKG|tdc_tsw
13:56:02.0 (141776697)|ENTERING_MANAGED_PKG|tdc_tsw
13:56:02.0 (142974713)|ENTERING_MANAGED_PKG|tdc_tsw
13:56:02.0 (143748420)|ENTERING_MANAGED_PKG|tdc_tsw
13:56:02.0 (143990908)|ENTERING_MANAGED_PKG|tdc_tsw
13:56:02.0 (144415987)|ENTERING_MANAGED_PKG|tdc_tsw
13:56:02.0 (145570583)|ENTERING_MANAGED_PKG|tdc_tsw
13:56:02.0 (146366381)|ENTERING_MANAGED_PKG|tdc_tsw
13:56:02.0 (146614298)|ENTERING_MANAGED_PKG|tdc_tsw
13:56:02.0 (147033248)|ENTERING_MANAGED_PKG|tdc_tsw
13:56:02.0 (148217703)|ENTERING_MANAGED_PKG|tdc_tsw
13:56:02.0 (148975343)|ENTERING_MANAGED_PKG|tdc_tsw
13:56:02.0 (149217596)|ENTERING_MANAGED_PKG|tdc_tsw
13:56:02.0 (149629471)|ENTERING_MANAGED_PKG|tdc_tsw
13:56:02.0 (150798351)|ENTERING_MANAGED_PKG|tdc_tsw
13:56:02.0 (151556810)|ENTERING_MANAGED_PKG|tdc_tsw
13:56:02.0 (151836813)|ENTERING_MANAGED_PKG|tdc_tsw
13:56:02.0 (152301629)|ENTERING_MANAGED_PKG|tdc_tsw
13:56:02.0 (153469213)|ENTERING_MANAGED_PKG|tdc_tsw
13:56:02.0 (154227962)|ENTERING_MANAGED_PKG|tdc_tsw
13:56:02.0 (154469631)|ENTERING_MANAGED_PKG|tdc_tsw
13:56:02.0 (154873655)|ENTERING_MANAGED_PKG|tdc_tsw
13:56:02.0 (172358710)|ENTERING_MANAGED_PKG|tdc_tsw
13:56:02.0 (173267206)|ENTERING_MANAGED_PKG|tdc_tsw
13:56:02.0 (173525860)|ENTERING_MANAGED_PKG|tdc_tsw
13:56:02.0 (173969083)|ENTERING_MANAGED_PKG|tdc_tsw
13:56:02.0 (175120565)|ENTERING_MANAGED_PKG|tdc_tsw
13:56:02.0 (175914827)|ENTERING_MANAGED_PKG|tdc_tsw
13:56:02.0 (176155827)|ENTERING_MANAGED_PKG|tdc_tsw
13:56:02.0 (176573717)|ENTERING_MANAGED_PKG|tdc_tsw
13:56:02.0 (177717070)|ENTERING_MANAGED_PKG|tdc_tsw
13:56:02.0 (178479107)|ENTERING_MANAGED_PKG|tdc_tsw
13:56:02.0 (178718721)|ENTERING_MANAGED_PKG|tdc_tsw
13:56:02.0 (179132116)|ENTERING_MANAGED_PKG|tdc_tsw
13:56:02.0 (180399130)|ENTERING_MANAGED_PKG|tdc_tsw
13:56:02.0 (181200145)|ENTERING_MANAGED_PKG|tdc_tsw
13:56:02.0 (181458063)|ENTERING_MANAGED_PKG|tdc_tsw
13:56:02.0 (181866642)|ENTERING_MANAGED_PKG|tdc_tsw
13:56:02.0 (183017487)|ENTERING_MANAGED_PKG|tdc_tsw
13:56:02.0 (183774642)|ENTERING_MANAGED_PKG|tdc_tsw
13:56:02.0 (184017177)|ENTERING_MANAGED_PKG|tdc_tsw
13:56:02.0 (184428098)|ENTERING_MANAGED_PKG|tdc_tsw
13:56:02.0 (185568664)|ENTERING_MANAGED_PKG|tdc_tsw
13:56:02.0 (186331417)|ENTERING_MANAGED_PKG|tdc_tsw
13:56:02.0 (186572074)|ENTERING_MANAGED_PKG|tdc_tsw
13:56:02.0 (187045791)|ENTERING_MANAGED_PKG|tdc_tsw
13:56:02.0 (188199572)|ENTERING_MANAGED_PKG|tdc_tsw
13:56:02.0 (188955463)|ENTERING_MANAGED_PKG|tdc_tsw
13:56:02.0 (189201114)|ENTERING_MANAGED_PKG|tdc_tsw
13:56:02.0 (189639956)|ENTERING_MANAGED_PKG|tdc_tsw
13:56:02.0 (190792499)|ENTERING_MANAGED_PKG|tdc_tsw
13:56:02.0 (191594369)|ENTERING_MANAGED_PKG|tdc_tsw
13:56:02.0 (191832806)|ENTERING_MANAGED_PKG|tdc_tsw
13:56:02.0 (192246289)|ENTERING_MANAGED_PKG|tdc_tsw
13:56:02.0 (193385248)|ENTERING_MANAGED_PKG|tdc_tsw
13:56:02.0 (194142883)|ENTERING_MANAGED_PKG|tdc_tsw
13:56:02.0 (194389991)|ENTERING_MANAGED_PKG|tdc_tsw
13:56:02.0 (194797516)|ENTERING_MANAGED_PKG|tdc_tsw
13:56:02.0 (195972506)|ENTERING_MANAGED_PKG|tdc_tsw
13:56:02.0 (196746832)|ENTERING_MANAGED_PKG|tdc_tsw
13:56:02.0 (196991364)|ENTERING_MANAGED_PKG|tdc_tsw
13:56:02.0 (197406387)|ENTERING_MANAGED_PKG|tdc_tsw
13:56:02.0 (198642638)|ENTERING_MANAGED_PKG|tdc_tsw
13:56:02.0 (199400579)|ENTERING_MANAGED_PKG|tdc_tsw
13:56:02.0 (199643797)|ENTERING_MANAGED_PKG|tdc_tsw
13:56:02.0 (200052291)|ENTERING_MANAGED_PKG|tdc_tsw
13:56:02.0 (201239402)|ENTERING_MANAGED_PKG|tdc_tsw
13:56:02.0 (202011584)|ENTERING_MANAGED_PKG|tdc_tsw
13:56:02.0 (202266048)|ENTERING_MANAGED_PKG|tdc_tsw
13:56:02.0 (202675821)|ENTERING_MANAGED_PKG|tdc_tsw
13:56:02.0 (203875790)|ENTERING_MANAGED_PKG|tdc_tsw
13:56:02.0 (204654838)|ENTERING_MANAGED_PKG|tdc_tsw
13:56:02.0 (204893029)|ENTERING_MANAGED_PKG|tdc_tsw
13:56:02.0 (205317024)|ENTERING_MANAGED_PKG|tdc_tsw
13:56:02.0 (206533328)|ENTERING_MANAGED_PKG|tdc_tsw
13:56:02.0 (207332197)|ENTERING_MANAGED_PKG|tdc_tsw
13:56:02.0 (207574386)|ENTERING_MANAGED_PKG|tdc_tsw
13:56:02.0 (208318355)|ENTERING_MANAGED_PKG|tdc_tsw
13:56:02.0 (209467911)|ENTERING_MANAGED_PKG|tdc_tsw
13:56:02.0 (210254384)|ENTERING_MANAGED_PKG|tdc_tsw
13:56:02.0 (210493267)|ENTERING_MANAGED_PKG|tdc_tsw
13:56:02.0 (210899549)|ENTERING_MANAGED_PKG|tdc_tsw
13:56:02.0 (212140957)|ENTERING_MANAGED_PKG|tdc_tsw
13:56:02.0 (212930111)|ENTERING_MANAGED_PKG|tdc_tsw
13:56:02.0 (213167178)|ENTERING_MANAGED_PKG|tdc_tsw
13:56:02.0 (213616898)|ENTERING_MANAGED_PKG|tdc_tsw
13:56:02.0 (214797183)|ENTERING_MANAGED_PKG|tdc_tsw
13:56:02.0 (215611755)|ENTERING_MANAGED_PKG|tdc_tsw
13:56:02.0 (215877448)|ENTERING_MANAGED_PKG|tdc_tsw
13:56:02.0 (216334384)|ENTERING_MANAGED_PKG|tdc_tsw
13:56:02.0 (217582070)|ENTERING_MANAGED_PKG|tdc_tsw
13:56:02.0 (218372815)|ENTERING_MANAGED_PKG|tdc_tsw
13:56:02.0 (218614422)|ENTERING_MANAGED_PKG|tdc_tsw
13:56:02.0 (219041969)|ENTERING_MANAGED_PKG|tdc_tsw
13:56:02.0 (220556591)|ENTERING_MANAGED_PKG|tdc_tsw
13:56:02.0 (221389600)|ENTERING_MANAGED_PKG|tdc_tsw
13:56:02.0 (221632837)|ENTERING_MANAGED_PKG|tdc_tsw
13:56:02.0 (222042731)|ENTERING_MANAGED_PKG|tdc_tsw
13:56:02.0 (223257954)|ENTERING_MANAGED_PKG|tdc_tsw
13:56:02.0 (224026427)|ENTERING_MANAGED_PKG|tdc_tsw
13:56:02.0 (224319887)|ENTERING_MANAGED_PKG|tdc_tsw
13:56:02.0 (224722857)|ENTERING_MANAGED_PKG|tdc_tsw
13:56:02.0 (225873920)|ENTERING_MANAGED_PKG|tdc_tsw
13:56:02.0 (226660782)|ENTERING_MANAGED_PKG|tdc_tsw
13:56:02.0 (226903247)|ENTERING_MANAGED_PKG|tdc_tsw
13:56:02.0 (227327254)|ENTERING_MANAGED_PKG|tdc_tsw
13:56:02.0 (228512968)|ENTERING_MANAGED_PKG|tdc_tsw
13:56:02.0 (229314807)|ENTERING_MANAGED_PKG|tdc_tsw
13:56:02.0 (229568598)|ENTERING_MANAGED_PKG|tdc_tsw
13:56:02.0 (229987554)|ENTERING_MANAGED_PKG|tdc_tsw
13:56:02.0 (231136919)|ENTERING_MANAGED_PKG|tdc_tsw
13:56:02.0 (231994393)|ENTERING_MANAGED_PKG|tdc_tsw
13:56:02.0 (232244590)|ENTERING_MANAGED_PKG|tdc_tsw
13:56:02.0 (232659647)|ENTERING_MANAGED_PKG|tdc_tsw
13:56:02.0 (233812672)|ENTERING_MANAGED_PKG|tdc_tsw
13:56:02.0 (234579943)|ENTERING_MANAGED_PKG|tdc_tsw
13:56:02.0 (234794410)|ENTERING_MANAGED_PKG|tdc_tsw
13:56:02.0 (235199916)|ENTERING_MANAGED_PKG|tdc_tsw
13:56:02.0 (236478649)|ENTERING_MANAGED_PKG|tdc_tsw
13:56:02.0 (237423869)|ENTERING_MANAGED_PKG|tdc_tsw
13:56:02.0 (237501104)|ENTERING_MANAGED_PKG|tdc_tsw
13:56:02.0 (238142265)|SOQL_EXECUTE_BEGIN|[200]|Aggregations:0|SELECT Name, NamespacePrefix, SystemModStamp FROM StaticResource WHERE Name LIKE :tmpVar1 LIMIT 10
13:56:02.0 (241841591)|SOQL_EXECUTE_END|[200]|Rows:1
13:56:02.0 (243205580)|ENTERING_MANAGED_PKG|tdc_tsw
13:56:02.0 (243916029)|SOQL_EXECUTE_BEGIN|[200]|Aggregations:0|SELECT Name, NamespacePrefix, SystemModStamp FROM StaticResource WHERE Name LIKE :tmpVar1 LIMIT 10
13:56:02.0 (246813344)|SOQL_EXECUTE_END|[200]|Rows:1
13:56:02.0 (247264999)|ENTERING_MANAGED_PKG|tdc_tsw
13:56:02.0 (250998510)|ENTERING_MANAGED_PKG|tdc_tsw
13:56:02.0 (252685717)|ENTERING_MANAGED_PKG|tdc_tsw
13:56:02.0 (253001908)|ENTERING_MANAGED_PKG|tdc_tsw
13:56:02.0 (253904063)|ENTERING_MANAGED_PKG|tdc_tsw
13:56:02.0 (254403278)|SOQL_EXECUTE_BEGIN|[200]|Aggregations:0|SELECT Name, NamespacePrefix, SystemModStamp FROM StaticResource WHERE Name LIKE :tmpVar1 LIMIT 10
13:56:02.0 (257542120)|SOQL_EXECUTE_END|[200]|Rows:1
13:56:02.271 (271617648)|USER_INFO|[EXTERNAL]|0051H000009gxp8|chanida.dev2@solvedbysoftwareco.com|Eastern Standard Time|GMT-05:00
13:56:02.271 (273349920)|ENTERING_MANAGED_PKG|tdc_tsw
13:56:02.271 (273580296)|ENTERING_MANAGED_PKG|tdc_tsw
13:56:02.271 (276311260)|SOQL_EXECUTE_BEGIN|[355]|Aggregations:0|SELECT id, name, Disable_Incoming_SMS_Sharing__c FROM User WHERE id = :tmpVar1
13:56:02.271 (283077646)|SOQL_EXECUTE_END|[355]|Rows:1
13:56:02.271 (284242863)|SOQL_EXECUTE_BEGIN|[367]|Aggregations:0|SELECT CreatedDate,Id,LastModifiedDate,Related_Object_Id__c FROM Message__c WHERE Name = 'Incoming' AND Read__c = false ORDER BY CreatedDate Desc limit 100
13:56:02.271 (293247609)|SOQL_EXECUTE_END|[367]|Rows:100
