36.0 APEX_CODE,FINEST;APEX_PROFILING,INFO;CALLOUT,INFO;DB,INFO;NBA,INFO;SYSTEM,DEBUG;VALIDATION,INFO;VISUALFORCE,INFO;WAVE,INFO;WORKFLOW,INFO
23:13:14.29 (29267331)|ENTERING_MANAGED_PKG|tdc_tsw
23:13:14.29 (30002186)|ENTERING_MANAGED_PKG|tdc_tsw
23:13:14.29 (31217237)|ENTERING_MANAGED_PKG|tdc_tsw
23:13:14.29 (31805550)|ENTERING_MANAGED_PKG|tdc_tsw
23:13:14.29 (31852121)|ENTERING_MANAGED_PKG|tdc_tsw
23:13:14.29 (53708350)|ENTERING_MANAGED_PKG|tdc_tsw
23:13:14.29 (56648284)|ENTERING_MANAGED_PKG|tdc_tsw
23:13:14.29 (56698017)|ENTERING_MANAGED_PKG|tdc_tsw
23:13:14.29 (56749793)|ENTERING_MANAGED_PKG|tdc_tsw
23:13:14.29 (57449326)|ENTERING_MANAGED_PKG|tdc_tsw
23:13:14.29 (57805090)|ENTERING_MANAGED_PKG|tdc_tsw
23:13:14.29 (58181125)|ENTERING_MANAGED_PKG|tdc_tsw
23:13:14.29 (60228753)|ENTERING_MANAGED_PKG|tdc_tsw
23:13:14.29 (60270235)|ENTERING_MANAGED_PKG|tdc_tsw
23:13:14.29 (60659594)|ENTERING_MANAGED_PKG|tdc_tsw
23:13:14.29 (62951315)|ENTERING_MANAGED_PKG|tdc_tsw
23:13:14.29 (68009254)|ENTERING_MANAGED_PKG|tdc_tsw
23:13:14.29 (73348112)|ENTERING_MANAGED_PKG|tdc_tsw
23:13:14.29 (73435790)|ENTERING_MANAGED_PKG|tdc_tsw
23:13:14.29 (73608076)|ENTERING_MANAGED_PKG|tdc_tsw
23:13:14.29 (73789901)|ENTERING_MANAGED_PKG|tdc_tsw
23:13:14.29 (74006840)|ENTERING_MANAGED_PKG|tdc_tsw
23:13:14.29 (74079049)|ENTERING_MANAGED_PKG|tdc_tsw
23:13:14.29 (74195706)|ENTERING_MANAGED_PKG|tdc_tsw
23:13:14.29 (74271165)|ENTERING_MANAGED_PKG|tdc_tsw
23:13:14.29 (74294813)|ENTERING_MANAGED_PKG|tdc_tsw
23:13:14.29 (74522912)|ENTERING_MANAGED_PKG|tdc_tsw
23:13:14.29 (74601025)|ENTERING_MANAGED_PKG|tdc_tsw
23:13:14.29 (74680036)|ENTERING_MANAGED_PKG|tdc_tsw
23:13:14.29 (74823700)|ENTERING_MANAGED_PKG|tdc_tsw
23:13:14.29 (74893229)|ENTERING_MANAGED_PKG|tdc_tsw
23:13:14.29 (77070916)|ENTERING_MANAGED_PKG|tdc_tsw
23:13:14.29 (77211070)|ENTERING_MANAGED_PKG|tdc_tsw
23:13:14.29 (77308280)|ENTERING_MANAGED_PKG|tdc_tsw
23:13:14.29 (80437119)|ENTERING_MANAGED_PKG|tdc_tsw
23:13:14.29 (80542050)|ENTERING_MANAGED_PKG|tdc_tsw
23:13:14.29 (80635418)|ENTERING_MANAGED_PKG|tdc_tsw
23:13:14.29 (80736898)|ENTERING_MANAGED_PKG|tdc_tsw
23:13:14.29 (80938025)|ENTERING_MANAGED_PKG|tdc_tsw
23:13:14.29 (81124363)|ENTERING_MANAGED_PKG|tdc_tsw
23:13:14.29 (81235646)|ENTERING_MANAGED_PKG|tdc_tsw
23:13:14.29 (81329391)|ENTERING_MANAGED_PKG|tdc_tsw
23:13:14.29 (81405301)|ENTERING_MANAGED_PKG|tdc_tsw
23:13:14.29 (81497067)|ENTERING_MANAGED_PKG|tdc_tsw
23:13:14.29 (81559060)|ENTERING_MANAGED_PKG|tdc_tsw
23:13:14.29 (81646624)|ENTERING_MANAGED_PKG|tdc_tsw
23:13:14.29 (81766857)|ENTERING_MANAGED_PKG|tdc_tsw
23:13:14.29 (84142537)|ENTERING_MANAGED_PKG|tdc_tsw
23:13:14.29 (84275741)|ENTERING_MANAGED_PKG|tdc_tsw
23:13:14.29 (84710019)|ENTERING_MANAGED_PKG|tdc_tsw
23:13:14.29 (84926040)|ENTERING_MANAGED_PKG|tdc_tsw
23:13:14.29 (85217877)|ENTERING_MANAGED_PKG|tdc_tsw
23:13:14.29 (85340724)|ENTERING_MANAGED_PKG|tdc_tsw
23:13:14.29 (85597377)|ENTERING_MANAGED_PKG|tdc_tsw
23:13:14.29 (86421546)|ENTERING_MANAGED_PKG|tdc_tsw
23:13:14.29 (483582098)|ENTERING_MANAGED_PKG|tdc_tsw
23:13:14.29 (483769737)|ENTERING_MANAGED_PKG|tdc_tsw
23:13:14.29 (485056396)|ENTERING_MANAGED_PKG|tdc_tsw
23:13:14.29 (485180261)|ENTERING_MANAGED_PKG|tdc_tsw
23:13:14.29 (485324907)|ENTERING_MANAGED_PKG|tdc_tsw
23:13:14.29 (485464445)|ENTERING_MANAGED_PKG|tdc_tsw
23:13:14.29 (485546761)|ENTERING_MANAGED_PKG|tdc_tsw
23:13:14.29 (485624115)|ENTERING_MANAGED_PKG|tdc_tsw
23:13:14.29 (485702728)|ENTERING_MANAGED_PKG|tdc_tsw
23:13:14.29 (485780459)|ENTERING_MANAGED_PKG|tdc_tsw
23:13:14.29 (485835453)|ENTERING_MANAGED_PKG|tdc_tsw
23:13:14.29 (485937249)|ENTERING_MANAGED_PKG|tdc_tsw
23:13:14.29 (486013330)|ENTERING_MANAGED_PKG|tdc_tsw
23:13:14.29 (486066820)|ENTERING_MANAGED_PKG|tdc_tsw
23:13:14.29 (490746199)|ENTERING_MANAGED_PKG|tdc_tsw
23:13:14.29 (491305884)|ENTERING_MANAGED_PKG|tdc_tsw
23:13:14.29 (494686186)|ENTERING_MANAGED_PKG|tdc_tsw
23:13:14.29 (503415283)|ENTERING_MANAGED_PKG|tdc_tsw
23:13:14.29 (504421810)|ENTERING_MANAGED_PKG|tdc_tsw
23:13:14.29 (504518287)|ENTERING_MANAGED_PKG|tdc_tsw
23:13:14.29 (504582105)|ENTERING_MANAGED_PKG|tdc_tsw
23:13:14.29 (504671199)|ENTERING_MANAGED_PKG|tdc_tsw
23:13:14.29 (504741538)|ENTERING_MANAGED_PKG|tdc_tsw
23:13:14.29 (504941861)|ENTERING_MANAGED_PKG|tdc_tsw
23:13:14.29 (505803361)|ENTERING_MANAGED_PKG|tdc_tsw
23:13:14.29 (505870082)|ENTERING_MANAGED_PKG|tdc_tsw
23:13:14.29 (506156064)|ENTERING_MANAGED_PKG|tdc_tsw
23:13:14.29 (506224831)|ENTERING_MANAGED_PKG|tdc_tsw
23:13:14.29 (506502243)|ENTERING_MANAGED_PKG|tdc_tsw
23:13:14.29 (506561252)|ENTERING_MANAGED_PKG|tdc_tsw
23:13:14.29 (506605254)|ENTERING_MANAGED_PKG|tdc_tsw
23:13:14.29 (506642926)|ENTERING_MANAGED_PKG|tdc_tsw
23:13:14.29 (506684755)|ENTERING_MANAGED_PKG|tdc_tsw
23:13:14.29 (506750356)|ENTERING_MANAGED_PKG|tdc_tsw
23:13:14.29 (506857943)|ENTERING_MANAGED_PKG|tdc_tsw
23:13:14.29 (506888316)|ENTERING_MANAGED_PKG|tdc_tsw
23:13:14.29 (506941226)|ENTERING_MANAGED_PKG|tdc_tsw
23:13:14.29 (507139752)|ENTERING_MANAGED_PKG|tdc_tsw
23:13:14.29 (507204950)|ENTERING_MANAGED_PKG|tdc_tsw
23:13:14.29 (507265379)|ENTERING_MANAGED_PKG|tdc_tsw
23:13:14.29 (507329707)|ENTERING_MANAGED_PKG|tdc_tsw
23:13:14.29 (507374299)|ENTERING_MANAGED_PKG|tdc_tsw
23:13:14.29 (507434400)|ENTERING_MANAGED_PKG|tdc_tsw
23:13:14.29 (507476988)|ENTERING_MANAGED_PKG|tdc_tsw
23:13:14.29 (507538113)|ENTERING_MANAGED_PKG|tdc_tsw
23:13:14.29 (507594690)|ENTERING_MANAGED_PKG|tdc_tsw
23:13:14.29 (507723527)|ENTERING_MANAGED_PKG|tdc_tsw
23:13:14.29 (507813383)|ENTERING_MANAGED_PKG|tdc_tsw
23:13:14.29 (507884227)|ENTERING_MANAGED_PKG|tdc_tsw
23:13:14.29 (507978181)|ENTERING_MANAGED_PKG|tdc_tsw
23:13:14.29 (508073452)|ENTERING_MANAGED_PKG|tdc_tsw
23:13:14.29 (859777511)|ENTERING_MANAGED_PKG|tdc_tsw
23:13:14.29 (860217281)|ENTERING_MANAGED_PKG|tdc_tsw
23:13:14.29 (860258346)|ENTERING_MANAGED_PKG|tdc_tsw
23:13:14.29 (860307330)|ENTERING_MANAGED_PKG|tdc_tsw
23:13:14.29 (860369486)|ENTERING_MANAGED_PKG|tdc_tsw
23:13:14.29 (860399617)|ENTERING_MANAGED_PKG|tdc_tsw
23:13:14.29 (860424518)|ENTERING_MANAGED_PKG|tdc_tsw
23:13:14.29 (860462031)|ENTERING_MANAGED_PKG|tdc_tsw
23:13:14.29 (860497156)|ENTERING_MANAGED_PKG|tdc_tsw
23:13:14.29 (860541952)|ENTERING_MANAGED_PKG|tdc_tsw
23:13:14.29 (860674428)|ENTERING_MANAGED_PKG|tdc_tsw
23:13:14.29 (860869004)|ENTERING_MANAGED_PKG|tdc_tsw
23:13:14.29 (860932995)|ENTERING_MANAGED_PKG|tdc_tsw
23:13:14.29 (861024094)|ENTERING_MANAGED_PKG|tdc_tsw
23:13:14.29 (861134212)|ENTERING_MANAGED_PKG|tdc_tsw
23:13:14.29 (865261874)|ENTERING_MANAGED_PKG|tdc_tsw
23:13:14.29 (865994196)|ENTERING_MANAGED_PKG|tdc_tsw
23:13:14.29 (873405969)|ENTERING_MANAGED_PKG|tdc_tsw
23:13:14.29 (874528208)|ENTERING_MANAGED_PKG|tdc_tsw
23:13:14.29 (881559314)|ENTERING_MANAGED_PKG|tdc_tsw
23:13:14.29 (882746889)|ENTERING_MANAGED_PKG|tdc_tsw
23:13:14.29 (890500463)|ENTERING_MANAGED_PKG|tdc_tsw
23:13:14.29 (891624182)|ENTERING_MANAGED_PKG|tdc_tsw
23:13:14.29 (898665496)|ENTERING_MANAGED_PKG|tdc_tsw
23:13:14.29 (899773462)|ENTERING_MANAGED_PKG|tdc_tsw
23:13:14.29 (906750632)|ENTERING_MANAGED_PKG|tdc_tsw
23:13:14.29 (907791838)|ENTERING_MANAGED_PKG|tdc_tsw
23:13:14.29 (915054674)|ENTERING_MANAGED_PKG|tdc_tsw
23:13:14.29 (916121485)|ENTERING_MANAGED_PKG|tdc_tsw
23:13:14.29 (923608233)|ENTERING_MANAGED_PKG|tdc_tsw
23:13:14.29 (924707597)|ENTERING_MANAGED_PKG|tdc_tsw
23:13:14.29 (932396176)|ENTERING_MANAGED_PKG|tdc_tsw
23:13:14.29 (933631651)|ENTERING_MANAGED_PKG|tdc_tsw
23:13:14.29 (940807617)|ENTERING_MANAGED_PKG|tdc_tsw
23:13:14.29 (941865289)|ENTERING_MANAGED_PKG|tdc_tsw
23:13:14.29 (948816812)|ENTERING_MANAGED_PKG|tdc_tsw
23:13:14.29 (949846555)|ENTERING_MANAGED_PKG|tdc_tsw
23:13:14.29 (956697042)|ENTERING_MANAGED_PKG|tdc_tsw
23:13:14.29 (957776930)|ENTERING_MANAGED_PKG|tdc_tsw
23:13:14.29 (964689474)|ENTERING_MANAGED_PKG|tdc_tsw
23:13:14.29 (965714218)|ENTERING_MANAGED_PKG|tdc_tsw
23:13:14.29 (972520323)|ENTERING_MANAGED_PKG|tdc_tsw
23:13:14.29 (973532140)|ENTERING_MANAGED_PKG|tdc_tsw
23:13:14.29 (980399551)|ENTERING_MANAGED_PKG|tdc_tsw
23:13:14.29 (981469592)|ENTERING_MANAGED_PKG|tdc_tsw
23:13:14.29 (988257111)|ENTERING_MANAGED_PKG|tdc_tsw
23:13:14.29 (989751177)|ENTERING_MANAGED_PKG|tdc_tsw
23:13:14.29 (996770461)|ENTERING_MANAGED_PKG|tdc_tsw
23:13:14.29 (997957980)|ENTERING_MANAGED_PKG|tdc_tsw
23:13:14.29 (1004795143)|ENTERING_MANAGED_PKG|tdc_tsw
23:13:14.29 (1005805602)|ENTERING_MANAGED_PKG|tdc_tsw
23:13:14.29 (1013071631)|ENTERING_MANAGED_PKG|tdc_tsw
23:13:14.29 (1014078903)|ENTERING_MANAGED_PKG|tdc_tsw
23:13:14.29 (1021024935)|ENTERING_MANAGED_PKG|tdc_tsw
23:13:14.29 (1022025524)|ENTERING_MANAGED_PKG|tdc_tsw
23:13:15.29 (1029457186)|ENTERING_MANAGED_PKG|tdc_tsw
23:13:15.29 (1030467746)|ENTERING_MANAGED_PKG|tdc_tsw
23:13:15.29 (1037418848)|ENTERING_MANAGED_PKG|tdc_tsw
23:13:15.29 (1038428674)|ENTERING_MANAGED_PKG|tdc_tsw
23:13:15.29 (1045412204)|ENTERING_MANAGED_PKG|tdc_tsw
23:13:15.29 (1046410348)|ENTERING_MANAGED_PKG|tdc_tsw
23:13:15.29 (1053313033)|ENTERING_MANAGED_PKG|tdc_tsw
23:13:15.29 (1054311389)|ENTERING_MANAGED_PKG|tdc_tsw
23:13:15.29 (1061341559)|ENTERING_MANAGED_PKG|tdc_tsw
23:13:15.29 (1062347124)|ENTERING_MANAGED_PKG|tdc_tsw
23:13:15.29 (1069480931)|ENTERING_MANAGED_PKG|tdc_tsw
23:13:15.29 (1070524974)|ENTERING_MANAGED_PKG|tdc_tsw
23:13:15.29 (1077378930)|ENTERING_MANAGED_PKG|tdc_tsw
23:13:15.29 (1078422907)|ENTERING_MANAGED_PKG|tdc_tsw
23:13:15.29 (1085270883)|ENTERING_MANAGED_PKG|tdc_tsw
23:13:15.29 (1086266213)|ENTERING_MANAGED_PKG|tdc_tsw
23:13:15.29 (1093832220)|ENTERING_MANAGED_PKG|tdc_tsw
23:13:15.29 (1094831802)|ENTERING_MANAGED_PKG|tdc_tsw
23:13:15.29 (1101873805)|ENTERING_MANAGED_PKG|tdc_tsw
23:13:15.29 (1102890917)|ENTERING_MANAGED_PKG|tdc_tsw
23:13:15.29 (1109815275)|ENTERING_MANAGED_PKG|tdc_tsw
23:13:15.29 (1110856674)|ENTERING_MANAGED_PKG|tdc_tsw
23:13:15.29 (1118047368)|ENTERING_MANAGED_PKG|tdc_tsw
23:13:15.29 (1119067616)|ENTERING_MANAGED_PKG|tdc_tsw
23:13:15.29 (1125929861)|ENTERING_MANAGED_PKG|tdc_tsw
23:13:15.29 (1127002186)|ENTERING_MANAGED_PKG|tdc_tsw
23:13:15.29 (1134389102)|ENTERING_MANAGED_PKG|tdc_tsw
23:13:15.29 (1135404875)|ENTERING_MANAGED_PKG|tdc_tsw
23:13:15.29 (1142305686)|ENTERING_MANAGED_PKG|tdc_tsw
23:13:15.29 (1143302541)|ENTERING_MANAGED_PKG|tdc_tsw
23:13:15.29 (1150180813)|ENTERING_MANAGED_PKG|tdc_tsw
23:13:15.29 (1151195466)|ENTERING_MANAGED_PKG|tdc_tsw
23:13:15.29 (1158052568)|ENTERING_MANAGED_PKG|tdc_tsw
23:13:15.29 (1159042106)|ENTERING_MANAGED_PKG|tdc_tsw
23:13:15.29 (1165853808)|ENTERING_MANAGED_PKG|tdc_tsw
23:13:15.29 (1166862901)|ENTERING_MANAGED_PKG|tdc_tsw
23:13:15.29 (1173804312)|ENTERING_MANAGED_PKG|tdc_tsw
23:13:15.29 (1174829922)|ENTERING_MANAGED_PKG|tdc_tsw
23:13:15.29 (1181732655)|ENTERING_MANAGED_PKG|tdc_tsw
23:13:15.29 (1182733257)|ENTERING_MANAGED_PKG|tdc_tsw
23:13:15.29 (1189627911)|ENTERING_MANAGED_PKG|tdc_tsw
23:13:15.29 (1190635612)|ENTERING_MANAGED_PKG|tdc_tsw
23:13:15.29 (1197435252)|ENTERING_MANAGED_PKG|tdc_tsw
23:13:15.29 (1198439691)|ENTERING_MANAGED_PKG|tdc_tsw
23:13:15.29 (1206897019)|ENTERING_MANAGED_PKG|tdc_tsw
23:13:15.29 (1207904910)|ENTERING_MANAGED_PKG|tdc_tsw
23:13:15.29 (1215058929)|ENTERING_MANAGED_PKG|tdc_tsw
23:13:15.29 (1216095750)|ENTERING_MANAGED_PKG|tdc_tsw
23:13:15.29 (1223079678)|ENTERING_MANAGED_PKG|tdc_tsw
23:13:15.29 (1224086726)|ENTERING_MANAGED_PKG|tdc_tsw
23:13:15.29 (1231105111)|ENTERING_MANAGED_PKG|tdc_tsw
23:13:15.29 (1232117340)|ENTERING_MANAGED_PKG|tdc_tsw
23:13:15.29 (1238966608)|ENTERING_MANAGED_PKG|tdc_tsw
23:13:15.29 (1239969850)|ENTERING_MANAGED_PKG|tdc_tsw
23:13:15.29 (1246935133)|ENTERING_MANAGED_PKG|tdc_tsw
23:13:15.29 (1247977544)|ENTERING_MANAGED_PKG|tdc_tsw
23:13:15.29 (1254959235)|ENTERING_MANAGED_PKG|tdc_tsw
23:13:15.29 (1255979856)|ENTERING_MANAGED_PKG|tdc_tsw
23:13:15.29 (1263171137)|ENTERING_MANAGED_PKG|tdc_tsw
23:13:15.29 (1264193788)|ENTERING_MANAGED_PKG|tdc_tsw
23:13:15.29 (1271064268)|ENTERING_MANAGED_PKG|tdc_tsw
23:13:15.29 (1274112824)|ENTERING_MANAGED_PKG|tdc_tsw
23:13:15.29 (1274328038)|ENTERING_MANAGED_PKG|tdc_tsw
23:13:15.29 (1274457342)|ENTERING_MANAGED_PKG|tdc_tsw
23:13:15.29 (1274583276)|ENTERING_MANAGED_PKG|tdc_tsw
23:13:15.29 (1274725357)|ENTERING_MANAGED_PKG|tdc_tsw
23:13:15.29 (1274785642)|ENTERING_MANAGED_PKG|tdc_tsw
23:13:15.29 (1274932299)|ENTERING_MANAGED_PKG|tdc_tsw
23:13:15.29 (1274986020)|ENTERING_MANAGED_PKG|tdc_tsw
23:13:15.29 (1275068331)|ENTERING_MANAGED_PKG|tdc_tsw
23:13:15.29 (1275190629)|ENTERING_MANAGED_PKG|tdc_tsw
23:13:15.29 (1276783905)|ENTERING_MANAGED_PKG|tdc_tsw
23:13:15.29 (1277172695)|ENTERING_MANAGED_PKG|tdc_tsw
23:13:15.29 (1284101309)|ENTERING_MANAGED_PKG|tdc_tsw
23:13:15.29 (1285106055)|ENTERING_MANAGED_PKG|tdc_tsw
23:13:15.29 (1292053790)|ENTERING_MANAGED_PKG|tdc_tsw
23:13:15.29 (1293056388)|ENTERING_MANAGED_PKG|tdc_tsw
23:13:15.29 (1300003764)|ENTERING_MANAGED_PKG|tdc_tsw
23:13:15.29 (1301009619)|ENTERING_MANAGED_PKG|tdc_tsw
23:13:15.29 (1307971845)|ENTERING_MANAGED_PKG|tdc_tsw
23:13:15.29 (1309008642)|ENTERING_MANAGED_PKG|tdc_tsw
23:13:15.29 (1315985361)|ENTERING_MANAGED_PKG|tdc_tsw
23:13:15.29 (1317013886)|ENTERING_MANAGED_PKG|tdc_tsw
23:13:15.29 (1324245860)|ENTERING_MANAGED_PKG|tdc_tsw
23:13:15.29 (1325288985)|ENTERING_MANAGED_PKG|tdc_tsw
23:13:15.29 (1332298118)|ENTERING_MANAGED_PKG|tdc_tsw
23:13:15.29 (1333387860)|ENTERING_MANAGED_PKG|tdc_tsw
23:13:15.29 (1340443928)|ENTERING_MANAGED_PKG|tdc_tsw
23:13:15.29 (1341516290)|ENTERING_MANAGED_PKG|tdc_tsw
23:13:15.29 (1348609726)|ENTERING_MANAGED_PKG|tdc_tsw
23:13:15.29 (1349627821)|ENTERING_MANAGED_PKG|tdc_tsw
23:13:15.29 (1356905900)|ENTERING_MANAGED_PKG|tdc_tsw
23:13:15.29 (1358017902)|ENTERING_MANAGED_PKG|tdc_tsw
23:13:15.29 (1364985363)|ENTERING_MANAGED_PKG|tdc_tsw
23:13:15.29 (1365989986)|ENTERING_MANAGED_PKG|tdc_tsw
23:13:15.29 (1372922426)|ENTERING_MANAGED_PKG|tdc_tsw
23:13:15.29 (1373938336)|ENTERING_MANAGED_PKG|tdc_tsw
23:13:15.29 (1380925965)|ENTERING_MANAGED_PKG|tdc_tsw
23:13:15.29 (1381926624)|ENTERING_MANAGED_PKG|tdc_tsw
23:13:15.29 (1389376061)|ENTERING_MANAGED_PKG|tdc_tsw
23:13:15.29 (1390383922)|ENTERING_MANAGED_PKG|tdc_tsw
23:13:15.29 (1397346560)|ENTERING_MANAGED_PKG|tdc_tsw
23:13:15.29 (1398366693)|ENTERING_MANAGED_PKG|tdc_tsw
23:13:15.29 (1405367470)|ENTERING_MANAGED_PKG|tdc_tsw
23:13:15.29 (1406396690)|ENTERING_MANAGED_PKG|tdc_tsw
23:13:15.29 (1413400302)|ENTERING_MANAGED_PKG|tdc_tsw
23:13:15.29 (1414453607)|ENTERING_MANAGED_PKG|tdc_tsw
23:13:15.29 (1421372714)|ENTERING_MANAGED_PKG|tdc_tsw
23:13:15.29 (1422426546)|ENTERING_MANAGED_PKG|tdc_tsw
23:13:15.29 (1429503568)|ENTERING_MANAGED_PKG|tdc_tsw
23:13:15.29 (1430510708)|ENTERING_MANAGED_PKG|tdc_tsw
23:13:15.29 (1437420679)|ENTERING_MANAGED_PKG|tdc_tsw
23:13:15.29 (1438431330)|ENTERING_MANAGED_PKG|tdc_tsw
23:13:15.29 (1445493612)|ENTERING_MANAGED_PKG|tdc_tsw
23:13:15.29 (1446539138)|ENTERING_MANAGED_PKG|tdc_tsw
23:13:15.29 (1453669242)|ENTERING_MANAGED_PKG|tdc_tsw
23:13:15.29 (1454670537)|ENTERING_MANAGED_PKG|tdc_tsw
23:13:15.29 (1462294708)|ENTERING_MANAGED_PKG|tdc_tsw
23:13:15.29 (1463342413)|ENTERING_MANAGED_PKG|tdc_tsw
23:13:15.29 (1470450058)|ENTERING_MANAGED_PKG|tdc_tsw
23:13:15.29 (1471490744)|ENTERING_MANAGED_PKG|tdc_tsw
23:13:15.29 (1478700970)|ENTERING_MANAGED_PKG|tdc_tsw
23:13:15.29 (1479761478)|ENTERING_MANAGED_PKG|tdc_tsw
23:13:15.29 (1494204635)|ENTERING_MANAGED_PKG|tdc_tsw
23:13:15.29 (1495330867)|ENTERING_MANAGED_PKG|tdc_tsw
23:13:15.29 (1503170960)|ENTERING_MANAGED_PKG|tdc_tsw
23:13:15.29 (1504200635)|ENTERING_MANAGED_PKG|tdc_tsw
23:13:15.29 (1511336288)|ENTERING_MANAGED_PKG|tdc_tsw
23:13:15.29 (1512343944)|ENTERING_MANAGED_PKG|tdc_tsw
23:13:15.29 (1519461202)|ENTERING_MANAGED_PKG|tdc_tsw
23:13:15.29 (1520473648)|ENTERING_MANAGED_PKG|tdc_tsw
23:13:15.29 (1527826208)|ENTERING_MANAGED_PKG|tdc_tsw
23:13:15.29 (1529003352)|ENTERING_MANAGED_PKG|tdc_tsw
23:13:15.29 (1537960399)|ENTERING_MANAGED_PKG|tdc_tsw
23:13:15.29 (1539022750)|ENTERING_MANAGED_PKG|tdc_tsw
23:13:15.29 (1545960667)|ENTERING_MANAGED_PKG|tdc_tsw
23:13:15.29 (1547120893)|ENTERING_MANAGED_PKG|tdc_tsw
23:13:15.29 (1554495664)|ENTERING_MANAGED_PKG|tdc_tsw
23:13:15.29 (1555924080)|ENTERING_MANAGED_PKG|tdc_tsw
23:13:15.29 (1563032474)|ENTERING_MANAGED_PKG|tdc_tsw
23:13:15.29 (1564185023)|ENTERING_MANAGED_PKG|tdc_tsw
23:13:15.29 (1571201802)|ENTERING_MANAGED_PKG|tdc_tsw
23:13:15.29 (1572259563)|ENTERING_MANAGED_PKG|tdc_tsw
23:13:15.29 (1579306755)|ENTERING_MANAGED_PKG|tdc_tsw
23:13:15.29 (1580327811)|ENTERING_MANAGED_PKG|tdc_tsw
23:13:15.29 (1587230851)|ENTERING_MANAGED_PKG|tdc_tsw
23:13:15.29 (1588263784)|ENTERING_MANAGED_PKG|tdc_tsw
23:13:15.29 (1595106934)|ENTERING_MANAGED_PKG|tdc_tsw
23:13:15.29 (1596168870)|ENTERING_MANAGED_PKG|tdc_tsw
23:13:15.29 (1603310106)|ENTERING_MANAGED_PKG|tdc_tsw
23:13:15.29 (1604424973)|ENTERING_MANAGED_PKG|tdc_tsw
23:13:15.29 (1611695448)|ENTERING_MANAGED_PKG|tdc_tsw
23:13:15.29 (1612734583)|ENTERING_MANAGED_PKG|tdc_tsw
23:13:15.29 (1619617785)|ENTERING_MANAGED_PKG|tdc_tsw
23:13:15.29 (1620688713)|ENTERING_MANAGED_PKG|tdc_tsw
23:13:15.29 (1627657483)|ENTERING_MANAGED_PKG|tdc_tsw
23:13:15.29 (1628733783)|ENTERING_MANAGED_PKG|tdc_tsw
23:13:15.29 (1636341475)|ENTERING_MANAGED_PKG|tdc_tsw
23:13:15.29 (1637421223)|ENTERING_MANAGED_PKG|tdc_tsw
23:13:15.29 (1644357083)|ENTERING_MANAGED_PKG|tdc_tsw
23:13:15.29 (1645415909)|ENTERING_MANAGED_PKG|tdc_tsw
23:13:15.29 (1652268061)|ENTERING_MANAGED_PKG|tdc_tsw
23:13:15.29 (1653318307)|ENTERING_MANAGED_PKG|tdc_tsw
23:13:15.29 (1660305432)|ENTERING_MANAGED_PKG|tdc_tsw
23:13:15.29 (1661362056)|ENTERING_MANAGED_PKG|tdc_tsw
23:13:15.29 (1668357843)|ENTERING_MANAGED_PKG|tdc_tsw
23:13:15.29 (1669430566)|ENTERING_MANAGED_PKG|tdc_tsw
23:13:15.29 (1677697707)|ENTERING_MANAGED_PKG|tdc_tsw
23:13:15.29 (1678923435)|ENTERING_MANAGED_PKG|tdc_tsw
23:13:15.29 (1686647565)|ENTERING_MANAGED_PKG|tdc_tsw
23:13:15.29 (1687724491)|ENTERING_MANAGED_PKG|tdc_tsw
23:13:15.29 (1694844851)|ENTERING_MANAGED_PKG|tdc_tsw
23:13:15.29 (1697899470)|ENTERING_MANAGED_PKG|tdc_tsw
23:13:15.29 (1698141072)|ENTERING_MANAGED_PKG|tdc_tsw
23:13:15.29 (1698405733)|ENTERING_MANAGED_PKG|tdc_tsw
23:13:15.29 (1698473051)|ENTERING_MANAGED_PKG|tdc_tsw
23:13:15.29 (1698544778)|ENTERING_MANAGED_PKG|tdc_tsw
23:13:15.29 (1698665016)|ENTERING_MANAGED_PKG|tdc_tsw
23:13:15.29 (1698721450)|ENTERING_MANAGED_PKG|tdc_tsw
23:13:15.29 (1698845146)|ENTERING_MANAGED_PKG|tdc_tsw
23:13:15.29 (1699089410)|ENTERING_MANAGED_PKG|tdc_tsw
23:13:15.29 (1699126801)|ENTERING_MANAGED_PKG|tdc_tsw
23:13:15.29 (1699168819)|ENTERING_MANAGED_PKG|tdc_tsw
23:13:15.29 (1699206831)|ENTERING_MANAGED_PKG|tdc_tsw
23:13:15.29 (1699238412)|ENTERING_MANAGED_PKG|tdc_tsw
23:13:15.29 (1699333187)|ENTERING_MANAGED_PKG|tdc_tsw
23:13:15.29 (1699525446)|ENTERING_MANAGED_PKG|tdc_tsw
23:13:15.29 (1699560969)|ENTERING_MANAGED_PKG|tdc_tsw
23:13:15.29 (1699601715)|ENTERING_MANAGED_PKG|tdc_tsw
23:13:15.29 (1699638475)|ENTERING_MANAGED_PKG|tdc_tsw
23:13:15.29 (1699669591)|ENTERING_MANAGED_PKG|tdc_tsw
23:13:15.29 (1699762243)|ENTERING_MANAGED_PKG|tdc_tsw
23:13:15.29 (1699959172)|ENTERING_MANAGED_PKG|tdc_tsw
23:13:15.29 (1699995561)|ENTERING_MANAGED_PKG|tdc_tsw
23:13:15.29 (1700035817)|ENTERING_MANAGED_PKG|tdc_tsw
23:13:15.29 (1700073917)|ENTERING_MANAGED_PKG|tdc_tsw
23:13:15.29 (1700104535)|ENTERING_MANAGED_PKG|tdc_tsw
23:13:15.29 (1700195584)|ENTERING_MANAGED_PKG|tdc_tsw
23:13:15.29 (1700384801)|ENTERING_MANAGED_PKG|tdc_tsw
23:13:15.29 (1700420149)|ENTERING_MANAGED_PKG|tdc_tsw
23:13:15.29 (1700459703)|ENTERING_MANAGED_PKG|tdc_tsw
23:13:15.29 (1700496831)|ENTERING_MANAGED_PKG|tdc_tsw
23:13:15.29 (1700527521)|ENTERING_MANAGED_PKG|tdc_tsw
23:13:15.29 (1700617663)|ENTERING_MANAGED_PKG|tdc_tsw
23:13:15.29 (1700805149)|ENTERING_MANAGED_PKG|tdc_tsw
23:13:15.29 (1700840419)|ENTERING_MANAGED_PKG|tdc_tsw
23:13:15.29 (1700880509)|ENTERING_MANAGED_PKG|tdc_tsw
23:13:15.29 (1700918740)|ENTERING_MANAGED_PKG|tdc_tsw
23:13:15.29 (1700949359)|ENTERING_MANAGED_PKG|tdc_tsw
23:13:15.29 (1701049273)|ENTERING_MANAGED_PKG|tdc_tsw
23:13:15.29 (1701235802)|ENTERING_MANAGED_PKG|tdc_tsw
23:13:15.29 (1701270320)|ENTERING_MANAGED_PKG|tdc_tsw
23:13:15.29 (1701310424)|ENTERING_MANAGED_PKG|tdc_tsw
23:13:15.29 (1701349171)|ENTERING_MANAGED_PKG|tdc_tsw
23:13:15.29 (1701377822)|ENTERING_MANAGED_PKG|tdc_tsw
23:13:15.29 (1701468045)|ENTERING_MANAGED_PKG|tdc_tsw
23:13:15.29 (1701653021)|ENTERING_MANAGED_PKG|tdc_tsw
23:13:15.29 (1701687462)|ENTERING_MANAGED_PKG|tdc_tsw
23:13:15.29 (1701727003)|ENTERING_MANAGED_PKG|tdc_tsw
23:13:15.29 (1701763476)|ENTERING_MANAGED_PKG|tdc_tsw
23:13:15.29 (1701794029)|ENTERING_MANAGED_PKG|tdc_tsw
23:13:15.29 (1701882080)|ENTERING_MANAGED_PKG|tdc_tsw
23:13:15.29 (1702072835)|ENTERING_MANAGED_PKG|tdc_tsw
23:13:15.29 (1702110724)|ENTERING_MANAGED_PKG|tdc_tsw
23:13:15.29 (1702149832)|ENTERING_MANAGED_PKG|tdc_tsw
23:13:15.29 (1702185676)|ENTERING_MANAGED_PKG|tdc_tsw
23:13:15.29 (1702215952)|ENTERING_MANAGED_PKG|tdc_tsw
23:13:15.29 (1702304042)|ENTERING_MANAGED_PKG|tdc_tsw
23:13:15.29 (1702488046)|ENTERING_MANAGED_PKG|tdc_tsw
23:13:15.29 (1702522446)|ENTERING_MANAGED_PKG|tdc_tsw
23:13:15.29 (1702562570)|ENTERING_MANAGED_PKG|tdc_tsw
23:13:15.29 (1702599031)|ENTERING_MANAGED_PKG|tdc_tsw
23:13:15.29 (1702630100)|ENTERING_MANAGED_PKG|tdc_tsw
23:13:15.29 (1702720142)|ENTERING_MANAGED_PKG|tdc_tsw
23:13:15.29 (1702905292)|ENTERING_MANAGED_PKG|tdc_tsw
23:13:15.29 (1702940009)|ENTERING_MANAGED_PKG|tdc_tsw
23:13:15.29 (1702985299)|ENTERING_MANAGED_PKG|tdc_tsw
23:13:15.29 (1703022562)|ENTERING_MANAGED_PKG|tdc_tsw
23:13:15.29 (1703054141)|ENTERING_MANAGED_PKG|tdc_tsw
23:13:15.29 (1703141439)|ENTERING_MANAGED_PKG|tdc_tsw
23:13:15.29 (1703328054)|ENTERING_MANAGED_PKG|tdc_tsw
23:13:15.29 (1703363522)|ENTERING_MANAGED_PKG|tdc_tsw
23:13:15.29 (1703405429)|ENTERING_MANAGED_PKG|tdc_tsw
23:13:15.29 (1703441922)|ENTERING_MANAGED_PKG|tdc_tsw
23:13:15.29 (1703472130)|ENTERING_MANAGED_PKG|tdc_tsw
23:13:15.29 (1703561308)|ENTERING_MANAGED_PKG|tdc_tsw
23:13:15.29 (1703744182)|ENTERING_MANAGED_PKG|tdc_tsw
23:13:15.29 (1703778654)|ENTERING_MANAGED_PKG|tdc_tsw
23:13:15.29 (1703818715)|ENTERING_MANAGED_PKG|tdc_tsw
23:13:15.29 (1703854911)|ENTERING_MANAGED_PKG|tdc_tsw
23:13:15.29 (1703885364)|ENTERING_MANAGED_PKG|tdc_tsw
23:13:15.29 (1703981138)|ENTERING_MANAGED_PKG|tdc_tsw
23:13:15.29 (1704165967)|ENTERING_MANAGED_PKG|tdc_tsw
23:13:15.29 (1704201302)|ENTERING_MANAGED_PKG|tdc_tsw
23:13:15.29 (1704241478)|ENTERING_MANAGED_PKG|tdc_tsw
23:13:15.29 (1704278460)|ENTERING_MANAGED_PKG|tdc_tsw
23:13:15.29 (1704308525)|ENTERING_MANAGED_PKG|tdc_tsw
23:13:15.29 (1704396439)|ENTERING_MANAGED_PKG|tdc_tsw
23:13:15.29 (1704580121)|ENTERING_MANAGED_PKG|tdc_tsw
23:13:15.29 (1704614872)|ENTERING_MANAGED_PKG|tdc_tsw
23:13:15.29 (1704654355)|ENTERING_MANAGED_PKG|tdc_tsw
23:13:15.29 (1704693129)|ENTERING_MANAGED_PKG|tdc_tsw
23:13:15.29 (1704722353)|ENTERING_MANAGED_PKG|tdc_tsw
23:13:15.29 (1704810865)|ENTERING_MANAGED_PKG|tdc_tsw
23:13:15.29 (1705005452)|ENTERING_MANAGED_PKG|tdc_tsw
23:13:15.29 (1705041638)|ENTERING_MANAGED_PKG|tdc_tsw
23:13:15.29 (1705081897)|ENTERING_MANAGED_PKG|tdc_tsw
23:13:15.29 (1705118988)|ENTERING_MANAGED_PKG|tdc_tsw
23:13:15.29 (1705149686)|ENTERING_MANAGED_PKG|tdc_tsw
23:13:15.29 (1705238197)|ENTERING_MANAGED_PKG|tdc_tsw
23:13:15.29 (1705424841)|ENTERING_MANAGED_PKG|tdc_tsw
23:13:15.29 (1705457996)|ENTERING_MANAGED_PKG|tdc_tsw
23:13:15.29 (1705499736)|ENTERING_MANAGED_PKG|tdc_tsw
23:13:15.29 (1705537103)|ENTERING_MANAGED_PKG|tdc_tsw
23:13:15.29 (1705565909)|ENTERING_MANAGED_PKG|tdc_tsw
23:13:15.29 (1705655160)|ENTERING_MANAGED_PKG|tdc_tsw
23:13:15.29 (1705875216)|ENTERING_MANAGED_PKG|tdc_tsw
23:13:15.29 (1705910887)|ENTERING_MANAGED_PKG|tdc_tsw
23:13:15.29 (1705963891)|ENTERING_MANAGED_PKG|tdc_tsw
23:13:15.29 (1706002430)|ENTERING_MANAGED_PKG|tdc_tsw
23:13:15.29 (1706035148)|ENTERING_MANAGED_PKG|tdc_tsw
23:13:15.29 (1706126374)|ENTERING_MANAGED_PKG|tdc_tsw
23:13:15.29 (1706316693)|ENTERING_MANAGED_PKG|tdc_tsw
23:13:15.29 (1706351915)|ENTERING_MANAGED_PKG|tdc_tsw
23:13:15.29 (1706391481)|ENTERING_MANAGED_PKG|tdc_tsw
23:13:15.29 (1706428501)|ENTERING_MANAGED_PKG|tdc_tsw
23:13:15.29 (1706459233)|ENTERING_MANAGED_PKG|tdc_tsw
23:13:15.29 (1706546724)|ENTERING_MANAGED_PKG|tdc_tsw
23:13:15.29 (1706730531)|ENTERING_MANAGED_PKG|tdc_tsw
23:13:15.29 (1706765594)|ENTERING_MANAGED_PKG|tdc_tsw
23:13:15.29 (1706805161)|ENTERING_MANAGED_PKG|tdc_tsw
23:13:15.29 (1706842363)|ENTERING_MANAGED_PKG|tdc_tsw
23:13:15.29 (1706872754)|ENTERING_MANAGED_PKG|tdc_tsw
23:13:15.29 (1706970128)|ENTERING_MANAGED_PKG|tdc_tsw
23:13:15.29 (1707156831)|ENTERING_MANAGED_PKG|tdc_tsw
23:13:15.29 (1707192232)|ENTERING_MANAGED_PKG|tdc_tsw
23:13:15.29 (1707232053)|ENTERING_MANAGED_PKG|tdc_tsw
23:13:15.29 (1707269012)|ENTERING_MANAGED_PKG|tdc_tsw
23:13:15.29 (1707299675)|ENTERING_MANAGED_PKG|tdc_tsw
23:13:15.29 (1707390352)|ENTERING_MANAGED_PKG|tdc_tsw
23:13:15.29 (1707574512)|ENTERING_MANAGED_PKG|tdc_tsw
23:13:15.29 (1707609661)|ENTERING_MANAGED_PKG|tdc_tsw
23:13:15.29 (1707649117)|ENTERING_MANAGED_PKG|tdc_tsw
23:13:15.29 (1707685522)|ENTERING_MANAGED_PKG|tdc_tsw
23:13:15.29 (1707720470)|ENTERING_MANAGED_PKG|tdc_tsw
23:13:15.29 (1707810442)|ENTERING_MANAGED_PKG|tdc_tsw
23:13:15.29 (1708007037)|ENTERING_MANAGED_PKG|tdc_tsw
23:13:15.29 (1708042921)|ENTERING_MANAGED_PKG|tdc_tsw
23:13:15.29 (1708082726)|ENTERING_MANAGED_PKG|tdc_tsw
23:13:15.29 (1708118696)|ENTERING_MANAGED_PKG|tdc_tsw
23:13:15.29 (1708149704)|ENTERING_MANAGED_PKG|tdc_tsw
23:13:15.29 (1708239756)|ENTERING_MANAGED_PKG|tdc_tsw
23:13:15.29 (1708423921)|ENTERING_MANAGED_PKG|tdc_tsw
23:13:15.29 (1708459243)|ENTERING_MANAGED_PKG|tdc_tsw
23:13:15.29 (1708498703)|ENTERING_MANAGED_PKG|tdc_tsw
23:13:15.29 (1708535668)|ENTERING_MANAGED_PKG|tdc_tsw
23:13:15.29 (1708566436)|ENTERING_MANAGED_PKG|tdc_tsw
23:13:15.29 (1708654795)|ENTERING_MANAGED_PKG|tdc_tsw
23:13:15.29 (1708845556)|ENTERING_MANAGED_PKG|tdc_tsw
23:13:15.29 (1708879435)|ENTERING_MANAGED_PKG|tdc_tsw
23:13:15.29 (1708921096)|ENTERING_MANAGED_PKG|tdc_tsw
23:13:15.29 (1708965628)|ENTERING_MANAGED_PKG|tdc_tsw
23:13:15.29 (1708995986)|ENTERING_MANAGED_PKG|tdc_tsw
23:13:15.29 (1709086880)|ENTERING_MANAGED_PKG|tdc_tsw
23:13:15.29 (1709272595)|ENTERING_MANAGED_PKG|tdc_tsw
23:13:15.29 (1709307548)|ENTERING_MANAGED_PKG|tdc_tsw
23:13:15.29 (1709347176)|ENTERING_MANAGED_PKG|tdc_tsw
23:13:15.29 (1709387848)|ENTERING_MANAGED_PKG|tdc_tsw
23:13:15.29 (1709418240)|ENTERING_MANAGED_PKG|tdc_tsw
23:13:15.29 (1709505274)|ENTERING_MANAGED_PKG|tdc_tsw
23:13:15.29 (1709689147)|ENTERING_MANAGED_PKG|tdc_tsw
23:13:15.29 (1709721679)|ENTERING_MANAGED_PKG|tdc_tsw
23:13:15.29 (1709762977)|ENTERING_MANAGED_PKG|tdc_tsw
23:13:15.29 (1709798954)|ENTERING_MANAGED_PKG|tdc_tsw
23:13:15.29 (1709827429)|ENTERING_MANAGED_PKG|tdc_tsw
23:13:15.29 (1709916644)|ENTERING_MANAGED_PKG|tdc_tsw
23:13:15.29 (1710106149)|ENTERING_MANAGED_PKG|tdc_tsw
23:13:15.29 (1710142165)|ENTERING_MANAGED_PKG|tdc_tsw
23:13:15.29 (1710181479)|ENTERING_MANAGED_PKG|tdc_tsw
23:13:15.29 (1710217793)|ENTERING_MANAGED_PKG|tdc_tsw
23:13:15.29 (1710248481)|ENTERING_MANAGED_PKG|tdc_tsw
23:13:15.29 (1710337928)|ENTERING_MANAGED_PKG|tdc_tsw
23:13:15.29 (1710521793)|ENTERING_MANAGED_PKG|tdc_tsw
23:13:15.29 (1710556251)|ENTERING_MANAGED_PKG|tdc_tsw
23:13:15.29 (1710596978)|ENTERING_MANAGED_PKG|tdc_tsw
23:13:15.29 (1710637592)|ENTERING_MANAGED_PKG|tdc_tsw
23:13:15.29 (1710667759)|ENTERING_MANAGED_PKG|tdc_tsw
23:13:15.29 (1710754908)|ENTERING_MANAGED_PKG|tdc_tsw
23:13:15.29 (1710937348)|ENTERING_MANAGED_PKG|tdc_tsw
23:13:15.29 (1710978597)|ENTERING_MANAGED_PKG|tdc_tsw
23:13:15.29 (1711019094)|ENTERING_MANAGED_PKG|tdc_tsw
23:13:15.29 (1711056647)|ENTERING_MANAGED_PKG|tdc_tsw
23:13:15.29 (1711087350)|ENTERING_MANAGED_PKG|tdc_tsw
23:13:15.29 (1711176896)|ENTERING_MANAGED_PKG|tdc_tsw
23:13:15.29 (1711359042)|ENTERING_MANAGED_PKG|tdc_tsw
23:13:15.29 (1711393481)|ENTERING_MANAGED_PKG|tdc_tsw
23:13:15.29 (1711432604)|ENTERING_MANAGED_PKG|tdc_tsw
23:13:15.29 (1711468068)|ENTERING_MANAGED_PKG|tdc_tsw
23:13:15.29 (1711498381)|ENTERING_MANAGED_PKG|tdc_tsw
23:13:15.29 (1711587277)|ENTERING_MANAGED_PKG|tdc_tsw
23:13:15.29 (1711769490)|ENTERING_MANAGED_PKG|tdc_tsw
23:13:15.29 (1711803814)|ENTERING_MANAGED_PKG|tdc_tsw
23:13:15.29 (1711850606)|ENTERING_MANAGED_PKG|tdc_tsw
23:13:15.29 (1711914706)|ENTERING_MANAGED_PKG|tdc_tsw
23:13:15.29 (1711957883)|ENTERING_MANAGED_PKG|tdc_tsw
23:13:15.29 (1712054706)|ENTERING_MANAGED_PKG|tdc_tsw
23:13:15.29 (1712272189)|ENTERING_MANAGED_PKG|tdc_tsw
23:13:15.29 (1712307786)|ENTERING_MANAGED_PKG|tdc_tsw
23:13:15.29 (1712354414)|ENTERING_MANAGED_PKG|tdc_tsw
23:13:15.29 (1712409653)|ENTERING_MANAGED_PKG|tdc_tsw
23:13:15.29 (1712457346)|ENTERING_MANAGED_PKG|tdc_tsw
23:13:15.29 (1712589960)|ENTERING_MANAGED_PKG|tdc_tsw
23:13:15.29 (1712778274)|ENTERING_MANAGED_PKG|tdc_tsw
23:13:15.29 (1712834056)|ENTERING_MANAGED_PKG|tdc_tsw
23:13:15.29 (1712877937)|ENTERING_MANAGED_PKG|tdc_tsw
23:13:15.29 (1712914688)|ENTERING_MANAGED_PKG|tdc_tsw
23:13:15.29 (1712945335)|ENTERING_MANAGED_PKG|tdc_tsw
23:13:15.29 (1713044000)|ENTERING_MANAGED_PKG|tdc_tsw
23:13:15.29 (1713231159)|ENTERING_MANAGED_PKG|tdc_tsw
23:13:15.29 (1713263527)|ENTERING_MANAGED_PKG|tdc_tsw
23:13:15.29 (1713304281)|ENTERING_MANAGED_PKG|tdc_tsw
23:13:15.29 (1713340498)|ENTERING_MANAGED_PKG|tdc_tsw
23:13:15.29 (1713369153)|ENTERING_MANAGED_PKG|tdc_tsw
23:13:15.29 (1713459222)|ENTERING_MANAGED_PKG|tdc_tsw
23:13:15.29 (1713641812)|ENTERING_MANAGED_PKG|tdc_tsw
23:13:15.29 (1713676616)|ENTERING_MANAGED_PKG|tdc_tsw
23:13:15.29 (1713716285)|ENTERING_MANAGED_PKG|tdc_tsw
23:13:15.29 (1713752419)|ENTERING_MANAGED_PKG|tdc_tsw
23:13:15.29 (1713782371)|ENTERING_MANAGED_PKG|tdc_tsw
23:13:15.29 (1713871259)|ENTERING_MANAGED_PKG|tdc_tsw
23:13:15.29 (1714061609)|ENTERING_MANAGED_PKG|tdc_tsw
23:13:15.29 (1714096599)|ENTERING_MANAGED_PKG|tdc_tsw
23:13:15.29 (1714136272)|ENTERING_MANAGED_PKG|tdc_tsw
23:13:15.29 (1714172063)|ENTERING_MANAGED_PKG|tdc_tsw
23:13:15.29 (1714202304)|ENTERING_MANAGED_PKG|tdc_tsw
23:13:15.29 (1714290553)|ENTERING_MANAGED_PKG|tdc_tsw
23:13:15.29 (1714473843)|ENTERING_MANAGED_PKG|tdc_tsw
23:13:15.29 (1714508474)|ENTERING_MANAGED_PKG|tdc_tsw
23:13:15.29 (1714547918)|ENTERING_MANAGED_PKG|tdc_tsw
23:13:15.29 (1714583904)|ENTERING_MANAGED_PKG|tdc_tsw
23:13:15.29 (1714614959)|ENTERING_MANAGED_PKG|tdc_tsw
23:13:15.29 (1714705342)|ENTERING_MANAGED_PKG|tdc_tsw
23:13:15.29 (1714887501)|ENTERING_MANAGED_PKG|tdc_tsw
23:13:15.29 (1714922113)|ENTERING_MANAGED_PKG|tdc_tsw
23:13:15.29 (1714967861)|ENTERING_MANAGED_PKG|tdc_tsw
23:13:15.29 (1715005465)|ENTERING_MANAGED_PKG|tdc_tsw
23:13:15.29 (1715037073)|ENTERING_MANAGED_PKG|tdc_tsw
23:13:15.29 (1715125241)|ENTERING_MANAGED_PKG|tdc_tsw
23:13:15.29 (1715308933)|ENTERING_MANAGED_PKG|tdc_tsw
23:13:15.29 (1715368449)|ENTERING_MANAGED_PKG|tdc_tsw
23:13:15.29 (1715413773)|ENTERING_MANAGED_PKG|tdc_tsw
23:13:15.29 (1715454710)|ENTERING_MANAGED_PKG|tdc_tsw
23:13:15.29 (1715487622)|ENTERING_MANAGED_PKG|tdc_tsw
23:13:15.29 (1715577177)|ENTERING_MANAGED_PKG|tdc_tsw
23:13:15.29 (1715762325)|ENTERING_MANAGED_PKG|tdc_tsw
23:13:15.29 (1715797020)|ENTERING_MANAGED_PKG|tdc_tsw
23:13:15.29 (1715836594)|ENTERING_MANAGED_PKG|tdc_tsw
23:13:15.29 (1715872881)|ENTERING_MANAGED_PKG|tdc_tsw
23:13:15.29 (1715903220)|ENTERING_MANAGED_PKG|tdc_tsw
23:13:15.29 (1716001765)|ENTERING_MANAGED_PKG|tdc_tsw
23:13:15.29 (1716187223)|ENTERING_MANAGED_PKG|tdc_tsw
23:13:15.29 (1716221216)|ENTERING_MANAGED_PKG|tdc_tsw
23:13:15.29 (1716260592)|ENTERING_MANAGED_PKG|tdc_tsw
23:13:15.29 (1716297021)|ENTERING_MANAGED_PKG|tdc_tsw
23:13:15.29 (1716327109)|ENTERING_MANAGED_PKG|tdc_tsw
23:13:15.29 (1716415546)|ENTERING_MANAGED_PKG|tdc_tsw
23:13:15.29 (1716598280)|ENTERING_MANAGED_PKG|tdc_tsw
23:13:15.29 (1716632929)|ENTERING_MANAGED_PKG|tdc_tsw
23:13:15.29 (1716671982)|ENTERING_MANAGED_PKG|tdc_tsw
23:13:15.29 (1716708471)|ENTERING_MANAGED_PKG|tdc_tsw
23:13:15.29 (1716738501)|ENTERING_MANAGED_PKG|tdc_tsw
23:13:15.29 (1716878349)|ENTERING_MANAGED_PKG|tdc_tsw
23:13:15.29 (1717099644)|ENTERING_MANAGED_PKG|tdc_tsw
23:13:15.29 (1717135859)|ENTERING_MANAGED_PKG|tdc_tsw
23:13:15.29 (1717176023)|ENTERING_MANAGED_PKG|tdc_tsw
23:13:15.29 (1717212714)|ENTERING_MANAGED_PKG|tdc_tsw
23:13:15.29 (1717242579)|ENTERING_MANAGED_PKG|tdc_tsw
23:13:15.29 (1717332644)|ENTERING_MANAGED_PKG|tdc_tsw
23:13:15.29 (1717524029)|ENTERING_MANAGED_PKG|tdc_tsw
23:13:15.29 (1717576278)|ENTERING_MANAGED_PKG|tdc_tsw
23:13:15.29 (1717619446)|ENTERING_MANAGED_PKG|tdc_tsw
23:13:15.29 (1717657915)|ENTERING_MANAGED_PKG|tdc_tsw
23:13:15.29 (1717686846)|ENTERING_MANAGED_PKG|tdc_tsw
23:13:15.29 (1717778441)|ENTERING_MANAGED_PKG|tdc_tsw
23:13:15.29 (1717968649)|ENTERING_MANAGED_PKG|tdc_tsw
23:13:15.29 (1718023286)|ENTERING_MANAGED_PKG|tdc_tsw
23:13:15.29 (1718072250)|ENTERING_MANAGED_PKG|tdc_tsw
23:13:15.29 (1718109132)|ENTERING_MANAGED_PKG|tdc_tsw
23:13:15.29 (1718139916)|ENTERING_MANAGED_PKG|tdc_tsw
23:13:15.29 (1718253612)|ENTERING_MANAGED_PKG|tdc_tsw
23:13:15.29 (1718442915)|ENTERING_MANAGED_PKG|tdc_tsw
23:13:15.29 (1718477423)|ENTERING_MANAGED_PKG|tdc_tsw
23:13:15.29 (1718517270)|ENTERING_MANAGED_PKG|tdc_tsw
23:13:15.29 (1718553833)|ENTERING_MANAGED_PKG|tdc_tsw
23:13:15.29 (1718583812)|ENTERING_MANAGED_PKG|tdc_tsw
23:13:15.29 (1718671518)|ENTERING_MANAGED_PKG|tdc_tsw
23:13:15.29 (1718853670)|ENTERING_MANAGED_PKG|tdc_tsw
23:13:15.29 (1718887971)|ENTERING_MANAGED_PKG|tdc_tsw
23:13:15.29 (1718927470)|ENTERING_MANAGED_PKG|tdc_tsw
23:13:15.29 (1718971814)|ENTERING_MANAGED_PKG|tdc_tsw
23:13:15.29 (1719004184)|ENTERING_MANAGED_PKG|tdc_tsw
23:13:15.29 (1719095411)|ENTERING_MANAGED_PKG|tdc_tsw
23:13:15.29 (1719278006)|ENTERING_MANAGED_PKG|tdc_tsw
23:13:15.29 (1719312619)|ENTERING_MANAGED_PKG|tdc_tsw
23:13:15.29 (1719356918)|ENTERING_MANAGED_PKG|tdc_tsw
23:13:15.29 (1719394465)|ENTERING_MANAGED_PKG|tdc_tsw
23:13:15.29 (1719425400)|ENTERING_MANAGED_PKG|tdc_tsw
23:13:15.29 (1719513472)|ENTERING_MANAGED_PKG|tdc_tsw
23:13:15.29 (1719696779)|ENTERING_MANAGED_PKG|tdc_tsw
23:13:15.29 (1719733960)|ENTERING_MANAGED_PKG|tdc_tsw
23:13:15.29 (1719773234)|ENTERING_MANAGED_PKG|tdc_tsw
23:13:15.29 (1719809682)|ENTERING_MANAGED_PKG|tdc_tsw
23:13:15.29 (1719839663)|ENTERING_MANAGED_PKG|tdc_tsw
23:13:15.29 (1719956534)|ENTERING_MANAGED_PKG|tdc_tsw
23:13:15.29 (1724773411)|ENTERING_MANAGED_PKG|tdc_tsw
23:13:15.29 (1724859826)|ENTERING_MANAGED_PKG|tdc_tsw
23:13:15.29 (1724950263)|ENTERING_MANAGED_PKG|tdc_tsw
23:13:15.29 (1725022713)|ENTERING_MANAGED_PKG|tdc_tsw
23:13:15.29 (1725143965)|ENTERING_MANAGED_PKG|tdc_tsw
23:13:15.29 (1725209829)|ENTERING_MANAGED_PKG|tdc_tsw
23:13:15.29 (1725370750)|ENTERING_MANAGED_PKG|tdc_tsw
23:13:15.29 (1725430267)|ENTERING_MANAGED_PKG|tdc_tsw
23:13:15.29 (1725620833)|ENTERING_MANAGED_PKG|tdc_tsw
23:13:15.29 (1786509619)|SOQL_EXECUTE_BEGIN|[1842]|Aggregations:0|SELECT Id, name FROM RecordType WHERE (sObjectType = :tmpVar1 AND name = :tmpVar2) LIMIT 1
23:13:15.29 (1795743099)|SOQL_EXECUTE_END|[1842]|Rows:1
23:13:15.29 (1799808300)|ENTERING_MANAGED_PKG|tdc_tsw
23:13:15.29 (1806999613)|DML_BEGIN|[719]|Op:Insert|Type:tdc_tsw__Message__c|Rows:1
23:13:15.29 (1815934312)|ENTERING_MANAGED_PKG|tdc_tsw
23:13:15.817 (1817380280)|CUMULATIVE_LIMIT_USAGE
23:13:15.817 (1817380280)|LIMIT_USAGE_FOR_NS|(default)|
  Number of SOQL queries: 0 out of 200
  Number of query rows: 0 out of 50000
  Number of SOSL queries: 0 out of 20
  Number of DML statements: 0 out of 150
  Number of DML rows: 0 out of 10000
  Maximum CPU time: 719 out of 60000
  Maximum heap size: 0 out of 12000000
  Number of callouts: 0 out of 100
  Number of Email Invocations: 0 out of 10
  Number of future calls: 0 out of 50
  Number of queueable jobs added to the queue: 0 out of 1
  Number of Mobile Apex push calls: 0 out of 10

23:13:15.817 (1817380280)|LIMIT_USAGE_FOR_NS|tdc_tsw|
  Number of SOQL queries: 1 out of 200
  Number of query rows: 1 out of 50000
  Number of SOSL queries: 0 out of 20
  Number of DML statements: 1 out of 150
  Number of DML rows: 1 out of 10000
  Maximum CPU time: 0 out of 60000
  Maximum heap size: 0 out of 12000000
  Number of callouts: 2 out of 100
  Number of Email Invocations: 0 out of 10
  Number of future calls: 0 out of 50
  Number of queueable jobs added to the queue: 0 out of 1
  Number of Mobile Apex push calls: 0 out of 10

23:13:15.817 (1817380280)|CUMULATIVE_LIMIT_USAGE_END

23:13:15.823 (1823771748)|CODE_UNIT_STARTED|[EXTERNAL]|01q3B000000BSJB|IncomingSMS on Message trigger event BeforeInsert|__sfdc_trigger/IncomingSMS
23:13:15.823 (1823835359)|HEAP_ALLOCATE|[EXTERNAL]|Bytes:8
23:13:15.823 (1823923714)|HEAP_ALLOCATE|[EXTERNAL]|Bytes:1
23:13:15.823 (1823974333)|HEAP_ALLOCATE|[EXTERNAL]|Bytes:4
23:13:15.823 (1823998638)|VARIABLE_SCOPE_BEGIN|[1]|this|IncomingSMS|true|false
23:13:15.823 (1824108979)|VARIABLE_ASSIGNMENT|[1]|this|{}|0x693490e8
23:13:15.823 (1824179813)|HEAP_ALLOCATE|[EXTERNAL]|Bytes:4
23:13:15.823 (1824194830)|VARIABLE_SCOPE_BEGIN|[1]|this|IncomingSMS|true|false
23:13:15.823 (1824218583)|VARIABLE_ASSIGNMENT|[1]|this|{}|0x693490e8
23:13:15.823 (1824229998)|STATEMENT_EXECUTE|[1]
23:13:15.823 (1824254455)|STATEMENT_EXECUTE|[2]
23:13:15.823 (1824455508)|HEAP_ALLOCATE|[3]|Bytes:5
23:13:15.823 (1824501867)|HEAP_ALLOCATE|[3]|Bytes:4
23:13:15.823 (1824527319)|VARIABLE_SCOPE_BEGIN|[3]|sms|tdc_tsw__Message__c|true|false
23:13:15.823 (1832517613)|VARIABLE_ASSIGNMENT|[3]|sms|{"tdc_tsw__ToNumber__c":"+13038816946","tdc_tsw__Sender_Number__c":"17065037067","tdc_tsw__Read__c":false,"tdc_tsw__Message_Segment__c":1,"tdc_tsw__Read_Status__c":"Unread","tdc_tsw__Task_Created__c":false,"Name":"Outgoing","tdc_tsw__Event_Created__c":false,"tdc_tsw__Message_Text_New__c":"First name?","tdc_tsw__MessageId__c":"SM8fe6511be2f644738a (14 more) ...","tdc_tsw__Is_Keyword_Based__c":false,"OwnerId":"0051H000009gxp8QAA","tdc_tsw__Related_Object_Id_URL__c":"_HL_ENCODED_https:// (97 more) ...","RecordTypeId":"0121H000001Ie7gQAC","tdc_tsw__Question__c":"a1K3B000001eOHPUA2","tdc_tsw__Delivered_SMS__c":"_IM1_/resource/tdc_t (27 more) ...","tdc_tsw__Important__c":false,"tdc_tsw__Delivered__c":false,"tdc_tsw__Related_Object__c":"tdc_tsw__Message__c","IsDeleted":false,"tdc_tsw__Incoming_Status__c":"Not Read","tdc_tsw__isCaseCreated__c":false,"tdc_tsw__Message__c":"a173B000000seBiQAI","tdc_tsw__Related_Object_Id__c":"a173B000000seBiQAI","tdc_tsw__isLeadCreated__c":false,"tdc_tsw__Template_Parse_Id__c":"a173B000000seBiQAI","tdc_tsw__Delivery_Status__c":"Sent"}|0x106deaea
23:13:15.823 (1832554940)|STATEMENT_EXECUTE|[3]
23:13:15.823 (1832600277)|HEAP_ALLOCATE|[4]|Bytes:8
23:13:15.823 (1832634566)|STATEMENT_EXECUTE|[4]
23:13:15.823 (1832658169)|HEAP_ALLOCATE|[3]|Bytes:5
23:13:15.823 (1832684216)|VARIABLE_ASSIGNMENT|[3]|sms|null|
23:13:15.832 (1832706665)|CUMULATIVE_LIMIT_USAGE
23:13:15.832 (1832706665)|LIMIT_USAGE_FOR_NS|(default)|
  Number of SOQL queries: 0 out of 200
  Number of query rows: 0 out of 50000
  Number of SOSL queries: 0 out of 20
  Number of DML statements: 0 out of 150
  Number of DML rows: 0 out of 10000
  Maximum CPU time: 719 out of 60000
  Maximum heap size: 0 out of 12000000
  Number of callouts: 0 out of 100
  Number of Email Invocations: 0 out of 10
  Number of future calls: 0 out of 50
  Number of queueable jobs added to the queue: 0 out of 1
  Number of Mobile Apex push calls: 0 out of 10

23:13:15.832 (1832706665)|LIMIT_USAGE_FOR_NS|tdc_tsw|
  Number of SOQL queries: 1 out of 200
  Number of query rows: 1 out of 50000
  Number of SOSL queries: 0 out of 20
  Number of DML statements: 1 out of 150
  Number of DML rows: 1 out of 10000
  Maximum CPU time: 0 out of 60000
  Maximum heap size: 0 out of 12000000
  Number of callouts: 2 out of 100
  Number of Email Invocations: 0 out of 10
  Number of future calls: 0 out of 50
  Number of queueable jobs added to the queue: 0 out of 1
  Number of Mobile Apex push calls: 0 out of 10

23:13:15.832 (1832706665)|CUMULATIVE_LIMIT_USAGE_END

23:13:15.29 (1913166161)|ENTERING_MANAGED_PKG|tdc_tsw
23:13:15.29 (1914480971)|ENTERING_MANAGED_PKG|tdc_tsw
23:13:15.29 (1915025994)|ENTERING_MANAGED_PKG|tdc_tsw
23:13:15.29 (1915213672)|ENTERING_MANAGED_PKG|tdc_tsw
23:13:15.29 (1921150360)|SOQL_EXECUTE_BEGIN|[15]|Aggregations:0|SELECT Id, Email FROM User WHERE isActive = TRUE LIMIT 10000
23:13:15.29 (1927697067)|SOQL_EXECUTE_END|[15]|Rows:9
23:13:15.29 (1930612042)|ENTERING_MANAGED_PKG|tdc_tsw
23:13:15.29 (1936019430)|SOQL_EXECUTE_BEGIN|[434]|Aggregations:0|SELECT id, name, First_Question__c, Question_Text__c, Question__c, Question_Label__c, Object__c, tdc_tsw__Survey__c, Survey__r.name FROM Question__c WHERE id = :tmpVar1
23:13:15.29 (1945073807)|SOQL_EXECUTE_END|[434]|Rows:1
23:13:15.29 (1948178639)|ENTERING_MANAGED_PKG|tdc_tsw
23:13:15.29 (1959978915)|ENTERING_MANAGED_PKG|tdc_tsw
23:13:15.29 (1961057972)|ENTERING_MANAGED_PKG|tdc_tsw
23:13:15.29 (1961198155)|ENTERING_MANAGED_PKG|tdc_tsw
23:13:15.29 (1963223502)|DML_BEGIN|[467]|Op:Insert|Type:tdc_tsw__Survey_Response__c|Rows:1
23:13:15.29 (1998730368)|DML_END|[467]
23:13:15.29 (1999510970)|DML_BEGIN|[487]|Op:Update|Type:tdc_tsw__Message__c|Rows:1
23:13:16.29 (2029949525)|DML_END|[487]
23:13:16.29 (2030268510)|ENTERING_MANAGED_PKG|tdc_tsw
23:13:16.29 (2031593710)|SOQL_EXECUTE_BEGIN|[628]|Aggregations:0|Select id, leadId, contactId from CampaignMember where Id In : Ids
23:13:16.29 (2035328595)|SOQL_EXECUTE_END|[628]|Rows:0
23:13:16.36 (2036019151)|CUMULATIVE_LIMIT_USAGE
23:13:16.36 (2036019151)|LIMIT_USAGE_FOR_NS|(default)|
  Number of SOQL queries: 0 out of 200
  Number of query rows: 0 out of 50000
  Number of SOSL queries: 0 out of 20
  Number of DML statements: 0 out of 150
  Number of DML rows: 0 out of 10000
  Maximum CPU time: 917 out of 60000
  Maximum heap size: 0 out of 12000000
  Number of callouts: 0 out of 100
  Number of Email Invocations: 0 out of 10
  Number of future calls: 0 out of 50
  Number of queueable jobs added to the queue: 0 out of 1
  Number of Mobile Apex push calls: 0 out of 10

23:13:16.36 (2036019151)|LIMIT_USAGE_FOR_NS|tdc_tsw|
  Number of SOQL queries: 4 out of 200
  Number of query rows: 11 out of 50000
  Number of SOSL queries: 0 out of 20
  Number of DML statements: 3 out of 150
  Number of DML rows: 3 out of 10000
  Maximum CPU time: 0 out of 60000
  Maximum heap size: 0 out of 12000000
  Number of callouts: 2 out of 100
  Number of Email Invocations: 0 out of 10
  Number of future calls: 0 out of 50
  Number of queueable jobs added to the queue: 0 out of 1
  Number of Mobile Apex push calls: 0 out of 10

23:13:16.36 (2036019151)|CUMULATIVE_LIMIT_USAGE_END

23:13:16.29 (2083689994)|DML_END|[719]
23:13:16.29 (2083909250)|ENTERING_MANAGED_PKG|tdc_tsw
23:13:16.29 (2086628401)|DML_BEGIN|[1467]|Op:Update|Type:tdc_tsw__OrgSMSConfig__c|Rows:1
23:13:16.29 (2111206629)|DML_END|[1467]
