44.0 APEX_CODE,FINEST;APEX_PROFILING,INFO;CALLOUT,INFO;DB,INFO;NBA,INFO;SYSTEM,DEBUG;VALIDATION,INFO;VISUALFORCE,INFO;WAVE,INFO;WORKFLOW,INFO
11:23:31.0 (118341)|USER_INFO|[EXTERNAL]|0051H000009gxp8|chanida.dev2@solvedbysoftwareco.com|Eastern Standard Time|GMT-05:00
11:23:31.0 (1838253)|ENTERING_MANAGED_PKG|tdc_tsw
11:23:31.0 (2290480)|ENTERING_MANAGED_PKG|tdc_tsw
11:23:31.0 (6055510)|SOQL_EXECUTE_BEGIN|[16]|Aggregations:0|SELECT id, name, Disable_Incoming_SMS_Sharing__c FROM User WHERE id = :tmpVar1
11:23:31.0 (17974982)|SOQL_EXECUTE_END|[16]|Rows:1
11:23:31.0 (23869380)|SOQL_EXECUTE_BEGIN|[37]|Aggregations:0|SELECT CreatedDate,Created_Date__c,Id,LastModifiedDate,MessageId__c,Message_Text_New__c,Name,OwnerId,Read__c,Related_Object_Id__c,Related_Object__c,Sender_Number__c, Sender_Name__c,ToNumber__c,Attachments_Ids__c FROM Message__c WHERE Name = 'Incoming' AND Read__c = false ORDER BY CreatedDate Desc limit 100
11:23:31.0 (43276436)|SOQL_EXECUTE_END|[37]|Rows:100
11:23:31.0 (62011340)|ENTERING_MANAGED_PKG|tdc_tsw
11:23:31.0 (63759337)|ENTERING_MANAGED_PKG|tdc_tsw
11:23:31.0 (64232863)|ENTERING_MANAGED_PKG|tdc_tsw
11:23:31.0 (64923204)|ENTERING_MANAGED_PKG|tdc_tsw
11:23:31.0 (68365242)|ENTERING_MANAGED_PKG|tdc_tsw
11:23:31.0 (69357743)|ENTERING_MANAGED_PKG|tdc_tsw
11:23:31.0 (69638613)|ENTERING_MANAGED_PKG|tdc_tsw
11:23:31.0 (70079282)|ENTERING_MANAGED_PKG|tdc_tsw
11:23:31.0 (71327200)|ENTERING_MANAGED_PKG|tdc_tsw
11:23:31.0 (72137372)|ENTERING_MANAGED_PKG|tdc_tsw
11:23:31.0 (72387609)|ENTERING_MANAGED_PKG|tdc_tsw
11:23:31.0 (72872137)|ENTERING_MANAGED_PKG|tdc_tsw
11:23:31.0 (74095767)|ENTERING_MANAGED_PKG|tdc_tsw
11:23:31.0 (74919122)|ENTERING_MANAGED_PKG|tdc_tsw
11:23:31.0 (75215748)|ENTERING_MANAGED_PKG|tdc_tsw
11:23:31.0 (75689101)|ENTERING_MANAGED_PKG|tdc_tsw
11:23:31.0 (76904742)|ENTERING_MANAGED_PKG|tdc_tsw
11:23:31.0 (78179217)|ENTERING_MANAGED_PKG|tdc_tsw
11:23:31.0 (78627153)|ENTERING_MANAGED_PKG|tdc_tsw
11:23:31.0 (79291639)|ENTERING_MANAGED_PKG|tdc_tsw
11:23:31.0 (81138433)|ENTERING_MANAGED_PKG|tdc_tsw
11:23:31.0 (81980843)|ENTERING_MANAGED_PKG|tdc_tsw
11:23:31.0 (82257161)|ENTERING_MANAGED_PKG|tdc_tsw
11:23:31.0 (82713173)|ENTERING_MANAGED_PKG|tdc_tsw
11:23:31.0 (83932117)|ENTERING_MANAGED_PKG|tdc_tsw
11:23:31.0 (84808551)|ENTERING_MANAGED_PKG|tdc_tsw
11:23:31.0 (85181361)|ENTERING_MANAGED_PKG|tdc_tsw
11:23:31.0 (85674278)|ENTERING_MANAGED_PKG|tdc_tsw
11:23:31.0 (87006039)|ENTERING_MANAGED_PKG|tdc_tsw
11:23:31.0 (87821480)|ENTERING_MANAGED_PKG|tdc_tsw
11:23:31.0 (88107652)|ENTERING_MANAGED_PKG|tdc_tsw
11:23:31.0 (88667641)|ENTERING_MANAGED_PKG|tdc_tsw
11:23:31.0 (90671841)|ENTERING_MANAGED_PKG|tdc_tsw
11:23:31.0 (91476532)|ENTERING_MANAGED_PKG|tdc_tsw
11:23:31.0 (91723492)|ENTERING_MANAGED_PKG|tdc_tsw
11:23:31.0 (92167869)|ENTERING_MANAGED_PKG|tdc_tsw
11:23:31.0 (93377684)|ENTERING_MANAGED_PKG|tdc_tsw
11:23:31.0 (94261512)|ENTERING_MANAGED_PKG|tdc_tsw
11:23:31.0 (94507672)|ENTERING_MANAGED_PKG|tdc_tsw
11:23:31.0 (94973310)|ENTERING_MANAGED_PKG|tdc_tsw
11:23:31.0 (96141905)|ENTERING_MANAGED_PKG|tdc_tsw
11:23:31.0 (96914263)|ENTERING_MANAGED_PKG|tdc_tsw
11:23:31.0 (97166242)|ENTERING_MANAGED_PKG|tdc_tsw
11:23:31.0 (97604089)|ENTERING_MANAGED_PKG|tdc_tsw
11:23:31.0 (98753894)|ENTERING_MANAGED_PKG|tdc_tsw
11:23:31.0 (99553110)|ENTERING_MANAGED_PKG|tdc_tsw
11:23:31.0 (99809391)|ENTERING_MANAGED_PKG|tdc_tsw
11:23:31.0 (100230825)|ENTERING_MANAGED_PKG|tdc_tsw
11:23:31.0 (101427346)|ENTERING_MANAGED_PKG|tdc_tsw
11:23:31.0 (102212928)|ENTERING_MANAGED_PKG|tdc_tsw
11:23:31.0 (102504147)|ENTERING_MANAGED_PKG|tdc_tsw
11:23:31.0 (103006835)|ENTERING_MANAGED_PKG|tdc_tsw
11:23:31.0 (104313485)|ENTERING_MANAGED_PKG|tdc_tsw
11:23:31.0 (105177744)|ENTERING_MANAGED_PKG|tdc_tsw
11:23:31.0 (105486845)|ENTERING_MANAGED_PKG|tdc_tsw
11:23:31.0 (105949301)|ENTERING_MANAGED_PKG|tdc_tsw
11:23:31.0 (107338519)|ENTERING_MANAGED_PKG|tdc_tsw
11:23:31.0 (108323019)|ENTERING_MANAGED_PKG|tdc_tsw
11:23:31.0 (108569808)|ENTERING_MANAGED_PKG|tdc_tsw
11:23:31.0 (109044442)|ENTERING_MANAGED_PKG|tdc_tsw
11:23:31.0 (110257697)|ENTERING_MANAGED_PKG|tdc_tsw
11:23:31.0 (111308796)|ENTERING_MANAGED_PKG|tdc_tsw
11:23:31.0 (111557087)|ENTERING_MANAGED_PKG|tdc_tsw
11:23:31.0 (111971299)|ENTERING_MANAGED_PKG|tdc_tsw
11:23:31.0 (113165203)|ENTERING_MANAGED_PKG|tdc_tsw
11:23:31.0 (114342178)|ENTERING_MANAGED_PKG|tdc_tsw
11:23:31.0 (114726945)|ENTERING_MANAGED_PKG|tdc_tsw
11:23:31.0 (115421539)|ENTERING_MANAGED_PKG|tdc_tsw
11:23:31.0 (117327967)|ENTERING_MANAGED_PKG|tdc_tsw
11:23:31.0 (118575823)|ENTERING_MANAGED_PKG|tdc_tsw
11:23:31.0 (118952879)|ENTERING_MANAGED_PKG|tdc_tsw
11:23:31.0 (119635976)|ENTERING_MANAGED_PKG|tdc_tsw
11:23:31.0 (121046057)|ENTERING_MANAGED_PKG|tdc_tsw
11:23:31.0 (122345501)|ENTERING_MANAGED_PKG|tdc_tsw
11:23:31.0 (122625929)|ENTERING_MANAGED_PKG|tdc_tsw
11:23:31.0 (123159947)|ENTERING_MANAGED_PKG|tdc_tsw
11:23:31.0 (124333694)|ENTERING_MANAGED_PKG|tdc_tsw
11:23:31.0 (125203093)|ENTERING_MANAGED_PKG|tdc_tsw
11:23:31.0 (125450310)|ENTERING_MANAGED_PKG|tdc_tsw
11:23:31.0 (125872548)|ENTERING_MANAGED_PKG|tdc_tsw
11:23:31.0 (127220315)|ENTERING_MANAGED_PKG|tdc_tsw
11:23:31.0 (128237127)|ENTERING_MANAGED_PKG|tdc_tsw
11:23:31.0 (128488840)|ENTERING_MANAGED_PKG|tdc_tsw
11:23:31.0 (128904722)|ENTERING_MANAGED_PKG|tdc_tsw
11:23:31.0 (130127838)|ENTERING_MANAGED_PKG|tdc_tsw
11:23:31.0 (130916791)|ENTERING_MANAGED_PKG|tdc_tsw
11:23:31.0 (131200762)|ENTERING_MANAGED_PKG|tdc_tsw
11:23:31.0 (131849474)|ENTERING_MANAGED_PKG|tdc_tsw
11:23:31.0 (133167579)|ENTERING_MANAGED_PKG|tdc_tsw
11:23:31.0 (134141709)|ENTERING_MANAGED_PKG|tdc_tsw
11:23:31.0 (134388382)|ENTERING_MANAGED_PKG|tdc_tsw
11:23:31.0 (134860557)|ENTERING_MANAGED_PKG|tdc_tsw
11:23:31.0 (136245778)|ENTERING_MANAGED_PKG|tdc_tsw
11:23:31.0 (137080784)|ENTERING_MANAGED_PKG|tdc_tsw
11:23:31.0 (137330579)|ENTERING_MANAGED_PKG|tdc_tsw
11:23:31.0 (137813705)|ENTERING_MANAGED_PKG|tdc_tsw
11:23:31.0 (139267964)|ENTERING_MANAGED_PKG|tdc_tsw
11:23:31.0 (140077634)|ENTERING_MANAGED_PKG|tdc_tsw
11:23:31.0 (140416227)|ENTERING_MANAGED_PKG|tdc_tsw
11:23:31.0 (140846457)|ENTERING_MANAGED_PKG|tdc_tsw
11:23:31.0 (142232213)|ENTERING_MANAGED_PKG|tdc_tsw
11:23:31.0 (143142008)|ENTERING_MANAGED_PKG|tdc_tsw
11:23:31.0 (143415103)|ENTERING_MANAGED_PKG|tdc_tsw
11:23:31.0 (143832686)|ENTERING_MANAGED_PKG|tdc_tsw
11:23:31.0 (145082366)|ENTERING_MANAGED_PKG|tdc_tsw
11:23:31.0 (145875324)|ENTERING_MANAGED_PKG|tdc_tsw
11:23:31.0 (146143230)|ENTERING_MANAGED_PKG|tdc_tsw
11:23:31.0 (146575374)|ENTERING_MANAGED_PKG|tdc_tsw
11:23:31.0 (147812764)|ENTERING_MANAGED_PKG|tdc_tsw
11:23:31.0 (148657104)|ENTERING_MANAGED_PKG|tdc_tsw
11:23:31.0 (148929823)|ENTERING_MANAGED_PKG|tdc_tsw
11:23:31.0 (149436015)|ENTERING_MANAGED_PKG|tdc_tsw
11:23:31.0 (150604056)|ENTERING_MANAGED_PKG|tdc_tsw
11:23:31.0 (151388276)|ENTERING_MANAGED_PKG|tdc_tsw
11:23:31.0 (151632384)|ENTERING_MANAGED_PKG|tdc_tsw
11:23:31.0 (152067948)|ENTERING_MANAGED_PKG|tdc_tsw
11:23:31.0 (153326081)|ENTERING_MANAGED_PKG|tdc_tsw
11:23:31.0 (154186816)|ENTERING_MANAGED_PKG|tdc_tsw
11:23:31.0 (154432563)|ENTERING_MANAGED_PKG|tdc_tsw
11:23:31.0 (154844709)|ENTERING_MANAGED_PKG|tdc_tsw
11:23:31.0 (156104153)|ENTERING_MANAGED_PKG|tdc_tsw
11:23:31.0 (156880654)|ENTERING_MANAGED_PKG|tdc_tsw
11:23:31.0 (157232679)|ENTERING_MANAGED_PKG|tdc_tsw
11:23:31.0 (157788170)|ENTERING_MANAGED_PKG|tdc_tsw
11:23:31.0 (159179996)|ENTERING_MANAGED_PKG|tdc_tsw
11:23:31.0 (160138450)|ENTERING_MANAGED_PKG|tdc_tsw
11:23:31.0 (160567627)|ENTERING_MANAGED_PKG|tdc_tsw
11:23:31.0 (161079977)|ENTERING_MANAGED_PKG|tdc_tsw
11:23:31.0 (162538992)|ENTERING_MANAGED_PKG|tdc_tsw
11:23:31.0 (163760365)|ENTERING_MANAGED_PKG|tdc_tsw
11:23:31.0 (164067147)|ENTERING_MANAGED_PKG|tdc_tsw
11:23:31.0 (164764086)|ENTERING_MANAGED_PKG|tdc_tsw
11:23:31.0 (165971536)|ENTERING_MANAGED_PKG|tdc_tsw
11:23:31.0 (166806113)|ENTERING_MANAGED_PKG|tdc_tsw
11:23:31.0 (167148280)|ENTERING_MANAGED_PKG|tdc_tsw
11:23:31.0 (167609996)|ENTERING_MANAGED_PKG|tdc_tsw
11:23:31.0 (168928987)|ENTERING_MANAGED_PKG|tdc_tsw
11:23:31.0 (169751433)|ENTERING_MANAGED_PKG|tdc_tsw
11:23:31.0 (170116523)|ENTERING_MANAGED_PKG|tdc_tsw
11:23:31.0 (170757625)|ENTERING_MANAGED_PKG|tdc_tsw
11:23:31.0 (172610257)|ENTERING_MANAGED_PKG|tdc_tsw
11:23:31.0 (173896049)|ENTERING_MANAGED_PKG|tdc_tsw
11:23:31.0 (174326124)|ENTERING_MANAGED_PKG|tdc_tsw
11:23:31.0 (174992724)|ENTERING_MANAGED_PKG|tdc_tsw
11:23:31.0 (176746001)|ENTERING_MANAGED_PKG|tdc_tsw
11:23:31.0 (177556231)|ENTERING_MANAGED_PKG|tdc_tsw
11:23:31.0 (178001191)|ENTERING_MANAGED_PKG|tdc_tsw
11:23:31.0 (178738619)|ENTERING_MANAGED_PKG|tdc_tsw
11:23:31.0 (179982687)|ENTERING_MANAGED_PKG|tdc_tsw
11:23:31.0 (180811042)|ENTERING_MANAGED_PKG|tdc_tsw
11:23:31.0 (181067638)|ENTERING_MANAGED_PKG|tdc_tsw
11:23:31.0 (181481514)|ENTERING_MANAGED_PKG|tdc_tsw
11:23:31.0 (182664069)|ENTERING_MANAGED_PKG|tdc_tsw
11:23:31.0 (183458125)|ENTERING_MANAGED_PKG|tdc_tsw
11:23:31.0 (183748664)|ENTERING_MANAGED_PKG|tdc_tsw
11:23:31.0 (184425264)|ENTERING_MANAGED_PKG|tdc_tsw
11:23:31.0 (185599420)|ENTERING_MANAGED_PKG|tdc_tsw
11:23:31.0 (186385971)|ENTERING_MANAGED_PKG|tdc_tsw
11:23:31.0 (186631899)|ENTERING_MANAGED_PKG|tdc_tsw
11:23:31.0 (187050386)|ENTERING_MANAGED_PKG|tdc_tsw
11:23:31.0 (188240035)|ENTERING_MANAGED_PKG|tdc_tsw
11:23:31.0 (189035029)|ENTERING_MANAGED_PKG|tdc_tsw
11:23:31.0 (189278356)|ENTERING_MANAGED_PKG|tdc_tsw
11:23:31.0 (189691265)|ENTERING_MANAGED_PKG|tdc_tsw
11:23:31.0 (190851829)|ENTERING_MANAGED_PKG|tdc_tsw
11:23:31.0 (191642382)|ENTERING_MANAGED_PKG|tdc_tsw
11:23:31.0 (191889502)|ENTERING_MANAGED_PKG|tdc_tsw
11:23:31.0 (192533943)|ENTERING_MANAGED_PKG|tdc_tsw
11:23:31.0 (193720982)|ENTERING_MANAGED_PKG|tdc_tsw
11:23:31.0 (194528718)|ENTERING_MANAGED_PKG|tdc_tsw
11:23:31.0 (194772808)|ENTERING_MANAGED_PKG|tdc_tsw
11:23:31.0 (195196182)|ENTERING_MANAGED_PKG|tdc_tsw
11:23:31.0 (196354885)|ENTERING_MANAGED_PKG|tdc_tsw
11:23:31.0 (197140465)|ENTERING_MANAGED_PKG|tdc_tsw
11:23:31.0 (197384884)|ENTERING_MANAGED_PKG|tdc_tsw
11:23:31.0 (197816803)|ENTERING_MANAGED_PKG|tdc_tsw
11:23:31.0 (198978312)|ENTERING_MANAGED_PKG|tdc_tsw
11:23:31.0 (199761628)|ENTERING_MANAGED_PKG|tdc_tsw
11:23:31.0 (200140918)|ENTERING_MANAGED_PKG|tdc_tsw
11:23:31.0 (200556889)|ENTERING_MANAGED_PKG|tdc_tsw
11:23:31.0 (202258937)|ENTERING_MANAGED_PKG|tdc_tsw
11:23:31.0 (203073313)|ENTERING_MANAGED_PKG|tdc_tsw
11:23:31.0 (203322760)|ENTERING_MANAGED_PKG|tdc_tsw
11:23:31.0 (204065358)|ENTERING_MANAGED_PKG|tdc_tsw
11:23:31.0 (205994395)|ENTERING_MANAGED_PKG|tdc_tsw
11:23:31.0 (207110405)|ENTERING_MANAGED_PKG|tdc_tsw
11:23:31.0 (207358369)|ENTERING_MANAGED_PKG|tdc_tsw
11:23:31.0 (207774772)|ENTERING_MANAGED_PKG|tdc_tsw
11:23:31.0 (209086093)|ENTERING_MANAGED_PKG|tdc_tsw
11:23:31.0 (209866066)|ENTERING_MANAGED_PKG|tdc_tsw
11:23:31.0 (210122235)|ENTERING_MANAGED_PKG|tdc_tsw
11:23:31.0 (210538135)|ENTERING_MANAGED_PKG|tdc_tsw
11:23:31.0 (211733421)|ENTERING_MANAGED_PKG|tdc_tsw
11:23:31.0 (212539603)|ENTERING_MANAGED_PKG|tdc_tsw
11:23:31.0 (212793637)|ENTERING_MANAGED_PKG|tdc_tsw
11:23:31.0 (213241781)|ENTERING_MANAGED_PKG|tdc_tsw
11:23:31.0 (214472539)|ENTERING_MANAGED_PKG|tdc_tsw
11:23:31.0 (215479508)|ENTERING_MANAGED_PKG|tdc_tsw
11:23:31.0 (215726280)|ENTERING_MANAGED_PKG|tdc_tsw
11:23:31.0 (216155655)|ENTERING_MANAGED_PKG|tdc_tsw
11:23:31.0 (217395316)|ENTERING_MANAGED_PKG|tdc_tsw
11:23:31.0 (218238840)|ENTERING_MANAGED_PKG|tdc_tsw
11:23:31.0 (218521489)|ENTERING_MANAGED_PKG|tdc_tsw
11:23:31.0 (218937436)|ENTERING_MANAGED_PKG|tdc_tsw
11:23:31.0 (220109599)|ENTERING_MANAGED_PKG|tdc_tsw
11:23:31.0 (220930702)|ENTERING_MANAGED_PKG|tdc_tsw
11:23:31.0 (221184002)|ENTERING_MANAGED_PKG|tdc_tsw
11:23:31.0 (221674040)|ENTERING_MANAGED_PKG|tdc_tsw
11:23:31.0 (222860920)|ENTERING_MANAGED_PKG|tdc_tsw
11:23:31.0 (223683134)|ENTERING_MANAGED_PKG|tdc_tsw
11:23:31.0 (223929455)|ENTERING_MANAGED_PKG|tdc_tsw
11:23:31.0 (224389557)|ENTERING_MANAGED_PKG|tdc_tsw
11:23:31.0 (225561787)|ENTERING_MANAGED_PKG|tdc_tsw
11:23:31.0 (226393218)|ENTERING_MANAGED_PKG|tdc_tsw
11:23:31.0 (226638849)|ENTERING_MANAGED_PKG|tdc_tsw
11:23:31.0 (227083084)|ENTERING_MANAGED_PKG|tdc_tsw
11:23:31.0 (228285423)|ENTERING_MANAGED_PKG|tdc_tsw
11:23:31.0 (229089189)|ENTERING_MANAGED_PKG|tdc_tsw
11:23:31.0 (229340208)|ENTERING_MANAGED_PKG|tdc_tsw
11:23:31.0 (230108266)|ENTERING_MANAGED_PKG|tdc_tsw
11:23:31.0 (231889116)|ENTERING_MANAGED_PKG|tdc_tsw
11:23:31.0 (232726628)|ENTERING_MANAGED_PKG|tdc_tsw
11:23:31.0 (233066664)|ENTERING_MANAGED_PKG|tdc_tsw
11:23:31.0 (233487994)|ENTERING_MANAGED_PKG|tdc_tsw
11:23:31.0 (234724969)|ENTERING_MANAGED_PKG|tdc_tsw
11:23:31.0 (235679260)|ENTERING_MANAGED_PKG|tdc_tsw
11:23:31.0 (235985580)|ENTERING_MANAGED_PKG|tdc_tsw
11:23:31.0 (236511813)|ENTERING_MANAGED_PKG|tdc_tsw
11:23:31.0 (237670738)|ENTERING_MANAGED_PKG|tdc_tsw
11:23:31.0 (238461444)|ENTERING_MANAGED_PKG|tdc_tsw
11:23:31.0 (238721583)|ENTERING_MANAGED_PKG|tdc_tsw
11:23:31.0 (239211623)|ENTERING_MANAGED_PKG|tdc_tsw
11:23:31.0 (240520956)|ENTERING_MANAGED_PKG|tdc_tsw
11:23:31.0 (241522312)|ENTERING_MANAGED_PKG|tdc_tsw
11:23:31.0 (241597526)|ENTERING_MANAGED_PKG|tdc_tsw
11:23:31.0 (242270199)|SOQL_EXECUTE_BEGIN|[200]|Aggregations:0|SELECT Name, NamespacePrefix, SystemModStamp FROM StaticResource WHERE Name LIKE :tmpVar1 LIMIT 10
11:23:31.0 (248713152)|SOQL_EXECUTE_END|[200]|Rows:1
11:23:31.0 (249647086)|ENTERING_MANAGED_PKG|tdc_tsw
11:23:31.0 (250103008)|SOQL_EXECUTE_BEGIN|[200]|Aggregations:0|SELECT Name, NamespacePrefix, SystemModStamp FROM StaticResource WHERE Name LIKE :tmpVar1 LIMIT 10
11:23:31.0 (253055924)|SOQL_EXECUTE_END|[200]|Rows:1
11:23:31.0 (253456651)|ENTERING_MANAGED_PKG|tdc_tsw
11:23:31.0 (256473590)|ENTERING_MANAGED_PKG|tdc_tsw
11:23:31.0 (257749530)|ENTERING_MANAGED_PKG|tdc_tsw
11:23:31.0 (258021925)|ENTERING_MANAGED_PKG|tdc_tsw
11:23:31.0 (258849092)|ENTERING_MANAGED_PKG|tdc_tsw
11:23:31.0 (259259322)|SOQL_EXECUTE_BEGIN|[200]|Aggregations:0|SELECT Name, NamespacePrefix, SystemModStamp FROM StaticResource WHERE Name LIKE :tmpVar1 LIMIT 10
11:23:31.0 (261995684)|SOQL_EXECUTE_END|[200]|Rows:1
11:23:31.273 (273956868)|USER_INFO|[EXTERNAL]|0051H000009gxp8|chanida.dev2@solvedbysoftwareco.com|Eastern Standard Time|GMT-05:00
11:23:31.273 (275381491)|ENTERING_MANAGED_PKG|tdc_tsw
11:23:31.273 (275575729)|ENTERING_MANAGED_PKG|tdc_tsw
11:23:31.273 (278138541)|SOQL_EXECUTE_BEGIN|[355]|Aggregations:0|SELECT id, name, Disable_Incoming_SMS_Sharing__c FROM User WHERE id = :tmpVar1
11:23:31.273 (284692855)|SOQL_EXECUTE_END|[355]|Rows:1
11:23:31.273 (285861582)|SOQL_EXECUTE_BEGIN|[367]|Aggregations:0|SELECT CreatedDate,Id,LastModifiedDate,Related_Object_Id__c FROM Message__c WHERE Name = 'Incoming' AND Read__c = false ORDER BY CreatedDate Desc limit 100
11:23:31.273 (294469466)|SOQL_EXECUTE_END|[367]|Rows:100
