44.0 APEX_CODE,FINEST;APEX_PROFILING,INFO;CALLOUT,INFO;DB,INFO;NBA,INFO;SYSTEM,DEBUG;VALIDATION,INFO;VISUALFORCE,INFO;WAVE,INFO;WORKFLOW,INFO
10:48:31.0 (142497)|USER_INFO|[EXTERNAL]|0051H000009gxp8|chanida.dev2@solvedbysoftwareco.com|Eastern Standard Time|GMT-05:00
10:48:31.0 (2239848)|ENTERING_MANAGED_PKG|tdc_tsw
10:48:31.0 (2658935)|ENTERING_MANAGED_PKG|tdc_tsw
10:48:31.0 (6322028)|SOQL_EXECUTE_BEGIN|[16]|Aggregations:0|SELECT id, name, Disable_Incoming_SMS_Sharing__c FROM User WHERE id = :tmpVar1
10:48:31.0 (13955914)|SOQL_EXECUTE_END|[16]|Rows:1
10:48:31.0 (19750187)|SOQL_EXECUTE_BEGIN|[37]|Aggregations:0|SELECT CreatedDate,Created_Date__c,Id,LastModifiedDate,MessageId__c,Message_Text_New__c,Name,OwnerId,Read__c,Related_Object_Id__c,Related_Object__c,Sender_Number__c, Sender_Name__c,ToNumber__c,Attachments_Ids__c FROM Message__c WHERE Name = 'Incoming' AND Read__c = false ORDER BY CreatedDate Desc limit 100
10:48:31.0 (39097582)|SOQL_EXECUTE_END|[37]|Rows:100
10:48:31.0 (57544675)|ENTERING_MANAGED_PKG|tdc_tsw
10:48:31.0 (59610813)|ENTERING_MANAGED_PKG|tdc_tsw
10:48:31.0 (60254944)|ENTERING_MANAGED_PKG|tdc_tsw
10:48:31.0 (61066148)|ENTERING_MANAGED_PKG|tdc_tsw
10:48:31.0 (64039005)|ENTERING_MANAGED_PKG|tdc_tsw
10:48:31.0 (64834967)|ENTERING_MANAGED_PKG|tdc_tsw
10:48:31.0 (65075884)|ENTERING_MANAGED_PKG|tdc_tsw
10:48:31.0 (65487482)|ENTERING_MANAGED_PKG|tdc_tsw
10:48:31.0 (66602848)|ENTERING_MANAGED_PKG|tdc_tsw
10:48:31.0 (67362346)|ENTERING_MANAGED_PKG|tdc_tsw
10:48:31.0 (67599712)|ENTERING_MANAGED_PKG|tdc_tsw
10:48:31.0 (68008989)|ENTERING_MANAGED_PKG|tdc_tsw
10:48:31.0 (69115653)|ENTERING_MANAGED_PKG|tdc_tsw
10:48:31.0 (69975333)|ENTERING_MANAGED_PKG|tdc_tsw
10:48:31.0 (70211216)|ENTERING_MANAGED_PKG|tdc_tsw
10:48:31.0 (70612269)|ENTERING_MANAGED_PKG|tdc_tsw
10:48:31.0 (71737933)|ENTERING_MANAGED_PKG|tdc_tsw
10:48:31.0 (72494661)|ENTERING_MANAGED_PKG|tdc_tsw
10:48:31.0 (72741200)|ENTERING_MANAGED_PKG|tdc_tsw
10:48:31.0 (73136879)|ENTERING_MANAGED_PKG|tdc_tsw
10:48:31.0 (74545346)|ENTERING_MANAGED_PKG|tdc_tsw
10:48:31.0 (75634243)|ENTERING_MANAGED_PKG|tdc_tsw
10:48:31.0 (75926614)|ENTERING_MANAGED_PKG|tdc_tsw
10:48:31.0 (76322437)|ENTERING_MANAGED_PKG|tdc_tsw
10:48:31.0 (77436622)|ENTERING_MANAGED_PKG|tdc_tsw
10:48:31.0 (78258808)|ENTERING_MANAGED_PKG|tdc_tsw
10:48:31.0 (78497206)|ENTERING_MANAGED_PKG|tdc_tsw
10:48:31.0 (78905957)|ENTERING_MANAGED_PKG|tdc_tsw
10:48:31.0 (80066587)|ENTERING_MANAGED_PKG|tdc_tsw
10:48:31.0 (80831074)|ENTERING_MANAGED_PKG|tdc_tsw
10:48:31.0 (81065771)|ENTERING_MANAGED_PKG|tdc_tsw
10:48:31.0 (81463252)|ENTERING_MANAGED_PKG|tdc_tsw
10:48:31.0 (82647191)|ENTERING_MANAGED_PKG|tdc_tsw
10:48:31.0 (83438313)|ENTERING_MANAGED_PKG|tdc_tsw
10:48:31.0 (83685249)|ENTERING_MANAGED_PKG|tdc_tsw
10:48:31.0 (84092446)|ENTERING_MANAGED_PKG|tdc_tsw
10:48:31.0 (85206969)|ENTERING_MANAGED_PKG|tdc_tsw
10:48:31.0 (85978844)|ENTERING_MANAGED_PKG|tdc_tsw
10:48:31.0 (86214005)|ENTERING_MANAGED_PKG|tdc_tsw
10:48:31.0 (86624914)|ENTERING_MANAGED_PKG|tdc_tsw
10:48:31.0 (87771617)|ENTERING_MANAGED_PKG|tdc_tsw
10:48:31.0 (88511413)|ENTERING_MANAGED_PKG|tdc_tsw
10:48:31.0 (88757870)|ENTERING_MANAGED_PKG|tdc_tsw
10:48:31.0 (89152672)|ENTERING_MANAGED_PKG|tdc_tsw
10:48:31.0 (90251099)|ENTERING_MANAGED_PKG|tdc_tsw
10:48:31.0 (91008501)|ENTERING_MANAGED_PKG|tdc_tsw
10:48:31.0 (91244363)|ENTERING_MANAGED_PKG|tdc_tsw
10:48:31.0 (91648712)|ENTERING_MANAGED_PKG|tdc_tsw
10:48:31.0 (92762989)|ENTERING_MANAGED_PKG|tdc_tsw
10:48:31.0 (93568149)|ENTERING_MANAGED_PKG|tdc_tsw
10:48:31.0 (93863411)|ENTERING_MANAGED_PKG|tdc_tsw
10:48:31.0 (94259363)|ENTERING_MANAGED_PKG|tdc_tsw
10:48:31.0 (95373009)|ENTERING_MANAGED_PKG|tdc_tsw
10:48:31.0 (96161489)|ENTERING_MANAGED_PKG|tdc_tsw
10:48:31.0 (96395151)|ENTERING_MANAGED_PKG|tdc_tsw
10:48:31.0 (96803610)|ENTERING_MANAGED_PKG|tdc_tsw
10:48:31.0 (97910288)|ENTERING_MANAGED_PKG|tdc_tsw
10:48:31.0 (98816629)|ENTERING_MANAGED_PKG|tdc_tsw
10:48:31.0 (99054086)|ENTERING_MANAGED_PKG|tdc_tsw
10:48:31.0 (99450697)|ENTERING_MANAGED_PKG|tdc_tsw
10:48:31.0 (100583533)|ENTERING_MANAGED_PKG|tdc_tsw
10:48:31.0 (101359500)|ENTERING_MANAGED_PKG|tdc_tsw
10:48:31.0 (101597147)|ENTERING_MANAGED_PKG|tdc_tsw
10:48:31.0 (102003364)|ENTERING_MANAGED_PKG|tdc_tsw
10:48:31.0 (103101949)|ENTERING_MANAGED_PKG|tdc_tsw
10:48:31.0 (103858988)|ENTERING_MANAGED_PKG|tdc_tsw
10:48:31.0 (104091690)|ENTERING_MANAGED_PKG|tdc_tsw
10:48:31.0 (104492906)|ENTERING_MANAGED_PKG|tdc_tsw
10:48:31.0 (105675756)|ENTERING_MANAGED_PKG|tdc_tsw
10:48:31.0 (106464565)|ENTERING_MANAGED_PKG|tdc_tsw
10:48:31.0 (106709753)|ENTERING_MANAGED_PKG|tdc_tsw
10:48:31.0 (107108550)|ENTERING_MANAGED_PKG|tdc_tsw
10:48:31.0 (108213743)|ENTERING_MANAGED_PKG|tdc_tsw
10:48:31.0 (108972549)|ENTERING_MANAGED_PKG|tdc_tsw
10:48:31.0 (109206674)|ENTERING_MANAGED_PKG|tdc_tsw
10:48:31.0 (109927524)|ENTERING_MANAGED_PKG|tdc_tsw
10:48:31.0 (111032983)|ENTERING_MANAGED_PKG|tdc_tsw
10:48:31.0 (111824532)|ENTERING_MANAGED_PKG|tdc_tsw
10:48:31.0 (112058096)|ENTERING_MANAGED_PKG|tdc_tsw
10:48:31.0 (112492761)|ENTERING_MANAGED_PKG|tdc_tsw
10:48:31.0 (113625011)|ENTERING_MANAGED_PKG|tdc_tsw
10:48:31.0 (114422099)|ENTERING_MANAGED_PKG|tdc_tsw
10:48:31.0 (114663133)|ENTERING_MANAGED_PKG|tdc_tsw
10:48:31.0 (115076077)|ENTERING_MANAGED_PKG|tdc_tsw
10:48:31.0 (116172512)|ENTERING_MANAGED_PKG|tdc_tsw
10:48:31.0 (116919610)|ENTERING_MANAGED_PKG|tdc_tsw
10:48:31.0 (117158762)|ENTERING_MANAGED_PKG|tdc_tsw
10:48:31.0 (117555385)|ENTERING_MANAGED_PKG|tdc_tsw
10:48:31.0 (118660359)|ENTERING_MANAGED_PKG|tdc_tsw
10:48:31.0 (119416029)|ENTERING_MANAGED_PKG|tdc_tsw
10:48:31.0 (119678817)|ENTERING_MANAGED_PKG|tdc_tsw
10:48:31.0 (120081551)|ENTERING_MANAGED_PKG|tdc_tsw
10:48:31.0 (121176838)|ENTERING_MANAGED_PKG|tdc_tsw
10:48:31.0 (121922404)|ENTERING_MANAGED_PKG|tdc_tsw
10:48:31.0 (122158291)|ENTERING_MANAGED_PKG|tdc_tsw
10:48:31.0 (122553029)|ENTERING_MANAGED_PKG|tdc_tsw
10:48:31.0 (123781978)|ENTERING_MANAGED_PKG|tdc_tsw
10:48:31.0 (124926163)|ENTERING_MANAGED_PKG|tdc_tsw
10:48:31.0 (125314743)|ENTERING_MANAGED_PKG|tdc_tsw
10:48:31.0 (126157695)|ENTERING_MANAGED_PKG|tdc_tsw
10:48:31.0 (128010608)|ENTERING_MANAGED_PKG|tdc_tsw
10:48:31.0 (128876952)|ENTERING_MANAGED_PKG|tdc_tsw
10:48:31.0 (129125995)|ENTERING_MANAGED_PKG|tdc_tsw
10:48:31.0 (129560746)|ENTERING_MANAGED_PKG|tdc_tsw
10:48:31.0 (130750905)|ENTERING_MANAGED_PKG|tdc_tsw
10:48:31.0 (131500949)|ENTERING_MANAGED_PKG|tdc_tsw
10:48:31.0 (131747958)|ENTERING_MANAGED_PKG|tdc_tsw
10:48:31.0 (132159470)|ENTERING_MANAGED_PKG|tdc_tsw
10:48:31.0 (133332960)|ENTERING_MANAGED_PKG|tdc_tsw
10:48:31.0 (134126562)|ENTERING_MANAGED_PKG|tdc_tsw
10:48:31.0 (134384451)|ENTERING_MANAGED_PKG|tdc_tsw
10:48:31.0 (134819074)|ENTERING_MANAGED_PKG|tdc_tsw
10:48:31.0 (136131597)|ENTERING_MANAGED_PKG|tdc_tsw
10:48:31.0 (136963646)|ENTERING_MANAGED_PKG|tdc_tsw
10:48:31.0 (137264838)|ENTERING_MANAGED_PKG|tdc_tsw
10:48:31.0 (137977215)|ENTERING_MANAGED_PKG|tdc_tsw
10:48:31.0 (140176187)|ENTERING_MANAGED_PKG|tdc_tsw
10:48:31.0 (141738612)|ENTERING_MANAGED_PKG|tdc_tsw
10:48:31.0 (142239935)|ENTERING_MANAGED_PKG|tdc_tsw
10:48:31.0 (143206118)|ENTERING_MANAGED_PKG|tdc_tsw
10:48:31.0 (145206338)|ENTERING_MANAGED_PKG|tdc_tsw
10:48:31.0 (146451446)|ENTERING_MANAGED_PKG|tdc_tsw
10:48:31.0 (146953168)|ENTERING_MANAGED_PKG|tdc_tsw
10:48:31.0 (147836171)|ENTERING_MANAGED_PKG|tdc_tsw
10:48:31.0 (149533171)|ENTERING_MANAGED_PKG|tdc_tsw
10:48:31.0 (150395286)|ENTERING_MANAGED_PKG|tdc_tsw
10:48:31.0 (150656883)|ENTERING_MANAGED_PKG|tdc_tsw
10:48:31.0 (151111125)|ENTERING_MANAGED_PKG|tdc_tsw
10:48:31.0 (152306286)|ENTERING_MANAGED_PKG|tdc_tsw
10:48:31.0 (153108398)|ENTERING_MANAGED_PKG|tdc_tsw
10:48:31.0 (153356245)|ENTERING_MANAGED_PKG|tdc_tsw
10:48:31.0 (153790607)|ENTERING_MANAGED_PKG|tdc_tsw
10:48:31.0 (154913946)|ENTERING_MANAGED_PKG|tdc_tsw
10:48:31.0 (155670726)|ENTERING_MANAGED_PKG|tdc_tsw
10:48:31.0 (155917842)|ENTERING_MANAGED_PKG|tdc_tsw
10:48:31.0 (156318782)|ENTERING_MANAGED_PKG|tdc_tsw
10:48:31.0 (157434431)|ENTERING_MANAGED_PKG|tdc_tsw
10:48:31.0 (158194620)|ENTERING_MANAGED_PKG|tdc_tsw
10:48:31.0 (158435488)|ENTERING_MANAGED_PKG|tdc_tsw
10:48:31.0 (158844644)|ENTERING_MANAGED_PKG|tdc_tsw
10:48:31.0 (159955200)|ENTERING_MANAGED_PKG|tdc_tsw
10:48:31.0 (160782693)|ENTERING_MANAGED_PKG|tdc_tsw
10:48:31.0 (161031813)|ENTERING_MANAGED_PKG|tdc_tsw
10:48:31.0 (161450446)|ENTERING_MANAGED_PKG|tdc_tsw
10:48:31.0 (162634500)|ENTERING_MANAGED_PKG|tdc_tsw
10:48:31.0 (163430505)|ENTERING_MANAGED_PKG|tdc_tsw
10:48:31.0 (163679533)|ENTERING_MANAGED_PKG|tdc_tsw
10:48:31.0 (164101906)|ENTERING_MANAGED_PKG|tdc_tsw
10:48:31.0 (165225950)|ENTERING_MANAGED_PKG|tdc_tsw
10:48:31.0 (165991177)|ENTERING_MANAGED_PKG|tdc_tsw
10:48:31.0 (166227548)|ENTERING_MANAGED_PKG|tdc_tsw
10:48:31.0 (166630574)|ENTERING_MANAGED_PKG|tdc_tsw
10:48:31.0 (167764974)|ENTERING_MANAGED_PKG|tdc_tsw
10:48:31.0 (168518976)|ENTERING_MANAGED_PKG|tdc_tsw
10:48:31.0 (168785393)|ENTERING_MANAGED_PKG|tdc_tsw
10:48:31.0 (169183645)|ENTERING_MANAGED_PKG|tdc_tsw
10:48:31.0 (170301539)|ENTERING_MANAGED_PKG|tdc_tsw
10:48:31.0 (171083741)|ENTERING_MANAGED_PKG|tdc_tsw
10:48:31.0 (171322752)|ENTERING_MANAGED_PKG|tdc_tsw
10:48:31.0 (171725449)|ENTERING_MANAGED_PKG|tdc_tsw
10:48:31.0 (172833743)|ENTERING_MANAGED_PKG|tdc_tsw
10:48:31.0 (173588013)|ENTERING_MANAGED_PKG|tdc_tsw
10:48:31.0 (173836428)|ENTERING_MANAGED_PKG|tdc_tsw
10:48:31.0 (174235514)|ENTERING_MANAGED_PKG|tdc_tsw
10:48:31.0 (175346012)|ENTERING_MANAGED_PKG|tdc_tsw
10:48:31.0 (176106800)|ENTERING_MANAGED_PKG|tdc_tsw
10:48:31.0 (176343304)|ENTERING_MANAGED_PKG|tdc_tsw
10:48:31.0 (176849306)|ENTERING_MANAGED_PKG|tdc_tsw
10:48:31.0 (177963592)|ENTERING_MANAGED_PKG|tdc_tsw
10:48:31.0 (178729070)|ENTERING_MANAGED_PKG|tdc_tsw
10:48:31.0 (178968392)|ENTERING_MANAGED_PKG|tdc_tsw
10:48:31.0 (179365930)|ENTERING_MANAGED_PKG|tdc_tsw
10:48:31.0 (180502035)|ENTERING_MANAGED_PKG|tdc_tsw
10:48:31.0 (181264441)|ENTERING_MANAGED_PKG|tdc_tsw
10:48:31.0 (181503264)|ENTERING_MANAGED_PKG|tdc_tsw
10:48:31.0 (181908480)|ENTERING_MANAGED_PKG|tdc_tsw
10:48:31.0 (183018095)|ENTERING_MANAGED_PKG|tdc_tsw
10:48:31.0 (183773607)|ENTERING_MANAGED_PKG|tdc_tsw
10:48:31.0 (184010957)|ENTERING_MANAGED_PKG|tdc_tsw
10:48:31.0 (184410414)|ENTERING_MANAGED_PKG|tdc_tsw
10:48:31.0 (185520127)|ENTERING_MANAGED_PKG|tdc_tsw
10:48:31.0 (186274522)|ENTERING_MANAGED_PKG|tdc_tsw
10:48:31.0 (186512445)|ENTERING_MANAGED_PKG|tdc_tsw
10:48:31.0 (186917963)|ENTERING_MANAGED_PKG|tdc_tsw
10:48:31.0 (188051670)|ENTERING_MANAGED_PKG|tdc_tsw
10:48:31.0 (188816649)|ENTERING_MANAGED_PKG|tdc_tsw
10:48:31.0 (189054872)|ENTERING_MANAGED_PKG|tdc_tsw
10:48:31.0 (189453431)|ENTERING_MANAGED_PKG|tdc_tsw
10:48:31.0 (190588927)|ENTERING_MANAGED_PKG|tdc_tsw
10:48:31.0 (191349938)|ENTERING_MANAGED_PKG|tdc_tsw
10:48:31.0 (191586562)|ENTERING_MANAGED_PKG|tdc_tsw
10:48:31.0 (192023380)|ENTERING_MANAGED_PKG|tdc_tsw
10:48:31.0 (193151273)|ENTERING_MANAGED_PKG|tdc_tsw
10:48:31.0 (193917830)|ENTERING_MANAGED_PKG|tdc_tsw
10:48:31.0 (194154198)|ENTERING_MANAGED_PKG|tdc_tsw
10:48:31.0 (194553137)|ENTERING_MANAGED_PKG|tdc_tsw
10:48:31.0 (195658156)|ENTERING_MANAGED_PKG|tdc_tsw
10:48:31.0 (196418040)|ENTERING_MANAGED_PKG|tdc_tsw
10:48:31.0 (196656629)|ENTERING_MANAGED_PKG|tdc_tsw
10:48:31.0 (197068037)|ENTERING_MANAGED_PKG|tdc_tsw
10:48:31.0 (198173199)|ENTERING_MANAGED_PKG|tdc_tsw
10:48:31.0 (198930523)|ENTERING_MANAGED_PKG|tdc_tsw
10:48:31.0 (199167557)|ENTERING_MANAGED_PKG|tdc_tsw
10:48:31.0 (199567375)|ENTERING_MANAGED_PKG|tdc_tsw
10:48:31.0 (200701096)|ENTERING_MANAGED_PKG|tdc_tsw
10:48:31.0 (201459014)|ENTERING_MANAGED_PKG|tdc_tsw
10:48:31.0 (201705568)|ENTERING_MANAGED_PKG|tdc_tsw
10:48:31.0 (202105627)|ENTERING_MANAGED_PKG|tdc_tsw
10:48:31.0 (203273327)|ENTERING_MANAGED_PKG|tdc_tsw
10:48:31.0 (204063698)|ENTERING_MANAGED_PKG|tdc_tsw
10:48:31.0 (204298487)|ENTERING_MANAGED_PKG|tdc_tsw
10:48:31.0 (204706098)|ENTERING_MANAGED_PKG|tdc_tsw
10:48:31.0 (205817674)|ENTERING_MANAGED_PKG|tdc_tsw
10:48:31.0 (206565589)|ENTERING_MANAGED_PKG|tdc_tsw
10:48:31.0 (206812653)|ENTERING_MANAGED_PKG|tdc_tsw
10:48:31.0 (207213367)|ENTERING_MANAGED_PKG|tdc_tsw
10:48:31.0 (208346087)|ENTERING_MANAGED_PKG|tdc_tsw
10:48:31.0 (209111882)|ENTERING_MANAGED_PKG|tdc_tsw
10:48:31.0 (209350911)|ENTERING_MANAGED_PKG|tdc_tsw
10:48:31.0 (209795033)|ENTERING_MANAGED_PKG|tdc_tsw
10:48:31.0 (210926871)|ENTERING_MANAGED_PKG|tdc_tsw
10:48:31.0 (211679503)|ENTERING_MANAGED_PKG|tdc_tsw
10:48:31.0 (211924923)|ENTERING_MANAGED_PKG|tdc_tsw
10:48:31.0 (212325315)|ENTERING_MANAGED_PKG|tdc_tsw
10:48:31.0 (213429123)|ENTERING_MANAGED_PKG|tdc_tsw
10:48:31.0 (214188432)|ENTERING_MANAGED_PKG|tdc_tsw
10:48:31.0 (214426304)|ENTERING_MANAGED_PKG|tdc_tsw
10:48:31.0 (214833351)|ENTERING_MANAGED_PKG|tdc_tsw
10:48:31.0 (215941449)|ENTERING_MANAGED_PKG|tdc_tsw
10:48:31.0 (216700320)|ENTERING_MANAGED_PKG|tdc_tsw
10:48:31.0 (216916595)|ENTERING_MANAGED_PKG|tdc_tsw
10:48:31.0 (217318272)|ENTERING_MANAGED_PKG|tdc_tsw
10:48:31.0 (218424499)|ENTERING_MANAGED_PKG|tdc_tsw
10:48:31.0 (219186018)|ENTERING_MANAGED_PKG|tdc_tsw
10:48:31.0 (219425544)|ENTERING_MANAGED_PKG|tdc_tsw
10:48:31.0 (219858410)|ENTERING_MANAGED_PKG|tdc_tsw
10:48:31.0 (221088001)|ENTERING_MANAGED_PKG|tdc_tsw
10:48:31.0 (222007856)|ENTERING_MANAGED_PKG|tdc_tsw
10:48:31.0 (222080465)|ENTERING_MANAGED_PKG|tdc_tsw
10:48:31.0 (222704293)|SOQL_EXECUTE_BEGIN|[200]|Aggregations:0|SELECT Name, NamespacePrefix, SystemModStamp FROM StaticResource WHERE Name LIKE :tmpVar1 LIMIT 10
10:48:31.0 (227095105)|SOQL_EXECUTE_END|[200]|Rows:1
10:48:31.0 (228257468)|ENTERING_MANAGED_PKG|tdc_tsw
10:48:31.0 (228888209)|SOQL_EXECUTE_BEGIN|[200]|Aggregations:0|SELECT Name, NamespacePrefix, SystemModStamp FROM StaticResource WHERE Name LIKE :tmpVar1 LIMIT 10
10:48:31.0 (232479899)|SOQL_EXECUTE_END|[200]|Rows:1
10:48:31.0 (233070371)|ENTERING_MANAGED_PKG|tdc_tsw
10:48:31.0 (237772481)|ENTERING_MANAGED_PKG|tdc_tsw
10:48:31.0 (239751326)|ENTERING_MANAGED_PKG|tdc_tsw
10:48:31.0 (240146870)|ENTERING_MANAGED_PKG|tdc_tsw
10:48:31.0 (241363120)|ENTERING_MANAGED_PKG|tdc_tsw
10:48:31.0 (242067030)|SOQL_EXECUTE_BEGIN|[200]|Aggregations:0|SELECT Name, NamespacePrefix, SystemModStamp FROM StaticResource WHERE Name LIKE :tmpVar1 LIMIT 10
10:48:31.0 (246310714)|SOQL_EXECUTE_END|[200]|Rows:1
10:48:31.263 (263250712)|USER_INFO|[EXTERNAL]|0051H000009gxp8|chanida.dev2@solvedbysoftwareco.com|Eastern Standard Time|GMT-05:00
10:48:31.263 (265420726)|ENTERING_MANAGED_PKG|tdc_tsw
10:48:31.263 (265721006)|ENTERING_MANAGED_PKG|tdc_tsw
10:48:31.263 (269597022)|SOQL_EXECUTE_BEGIN|[355]|Aggregations:0|SELECT id, name, Disable_Incoming_SMS_Sharing__c FROM User WHERE id = :tmpVar1
10:48:31.263 (279147361)|SOQL_EXECUTE_END|[355]|Rows:1
10:48:31.263 (280288555)|SOQL_EXECUTE_BEGIN|[367]|Aggregations:0|SELECT CreatedDate,Id,LastModifiedDate,Related_Object_Id__c FROM Message__c WHERE Name = 'Incoming' AND Read__c = false ORDER BY CreatedDate Desc limit 100
10:48:31.263 (291724726)|SOQL_EXECUTE_END|[367]|Rows:100
