44.0 APEX_CODE,FINEST;APEX_PROFILING,INFO;CALLOUT,INFO;DB,INFO;NBA,INFO;SYSTEM,DEBUG;VALIDATION,INFO;VISUALFORCE,INFO;WAVE,INFO;WORKFLOW,INFO
11:15:43.0 (111738)|USER_INFO|[EXTERNAL]|0051H000009gxp8|chanida.dev2@solvedbysoftwareco.com|Eastern Standard Time|GMT-05:00
11:15:43.0 (1722635)|ENTERING_MANAGED_PKG|tdc_tsw
11:15:43.0 (2110506)|ENTERING_MANAGED_PKG|tdc_tsw
11:15:43.0 (5709103)|SOQL_EXECUTE_BEGIN|[16]|Aggregations:0|SELECT id, name, Disable_Incoming_SMS_Sharing__c FROM User WHERE id = :tmpVar1
11:15:43.0 (12794136)|SOQL_EXECUTE_END|[16]|Rows:1
11:15:43.0 (18256743)|SOQL_EXECUTE_BEGIN|[37]|Aggregations:0|SELECT CreatedDate,Created_Date__c,Id,LastModifiedDate,MessageId__c,Message_Text_New__c,Name,OwnerId,Read__c,Related_Object_Id__c,Related_Object__c,Sender_Number__c, Sender_Name__c,ToNumber__c,Attachments_Ids__c FROM Message__c WHERE Name = 'Incoming' AND Read__c = false ORDER BY CreatedDate Desc limit 100
11:15:43.0 (37675298)|SOQL_EXECUTE_END|[37]|Rows:100
11:15:43.0 (55422930)|ENTERING_MANAGED_PKG|tdc_tsw
11:15:43.0 (57024108)|ENTERING_MANAGED_PKG|tdc_tsw
11:15:43.0 (57449375)|ENTERING_MANAGED_PKG|tdc_tsw
11:15:43.0 (58105481)|ENTERING_MANAGED_PKG|tdc_tsw
11:15:43.0 (60911658)|ENTERING_MANAGED_PKG|tdc_tsw
11:15:43.0 (61686489)|ENTERING_MANAGED_PKG|tdc_tsw
11:15:43.0 (61939993)|ENTERING_MANAGED_PKG|tdc_tsw
11:15:43.0 (62348496)|ENTERING_MANAGED_PKG|tdc_tsw
11:15:43.0 (63811691)|ENTERING_MANAGED_PKG|tdc_tsw
11:15:43.0 (64571986)|ENTERING_MANAGED_PKG|tdc_tsw
11:15:43.0 (64811900)|ENTERING_MANAGED_PKG|tdc_tsw
11:15:43.0 (65210602)|ENTERING_MANAGED_PKG|tdc_tsw
11:15:43.0 (66498603)|ENTERING_MANAGED_PKG|tdc_tsw
11:15:43.0 (67241310)|ENTERING_MANAGED_PKG|tdc_tsw
11:15:43.0 (67484610)|ENTERING_MANAGED_PKG|tdc_tsw
11:15:43.0 (67879227)|ENTERING_MANAGED_PKG|tdc_tsw
11:15:43.0 (68998755)|ENTERING_MANAGED_PKG|tdc_tsw
11:15:43.0 (69760711)|ENTERING_MANAGED_PKG|tdc_tsw
11:15:43.0 (69993836)|ENTERING_MANAGED_PKG|tdc_tsw
11:15:43.0 (70388754)|ENTERING_MANAGED_PKG|tdc_tsw
11:15:43.0 (71498947)|ENTERING_MANAGED_PKG|tdc_tsw
11:15:43.0 (72230609)|ENTERING_MANAGED_PKG|tdc_tsw
11:15:43.0 (72471407)|ENTERING_MANAGED_PKG|tdc_tsw
11:15:43.0 (72866125)|ENTERING_MANAGED_PKG|tdc_tsw
11:15:43.0 (73979763)|ENTERING_MANAGED_PKG|tdc_tsw
11:15:43.0 (74736190)|ENTERING_MANAGED_PKG|tdc_tsw
11:15:43.0 (74969999)|ENTERING_MANAGED_PKG|tdc_tsw
11:15:43.0 (75364224)|ENTERING_MANAGED_PKG|tdc_tsw
11:15:43.0 (76604000)|ENTERING_MANAGED_PKG|tdc_tsw
11:15:43.0 (77358035)|ENTERING_MANAGED_PKG|tdc_tsw
11:15:43.0 (77602102)|ENTERING_MANAGED_PKG|tdc_tsw
11:15:43.0 (77996630)|ENTERING_MANAGED_PKG|tdc_tsw
11:15:43.0 (79102273)|ENTERING_MANAGED_PKG|tdc_tsw
11:15:43.0 (79851948)|ENTERING_MANAGED_PKG|tdc_tsw
11:15:43.0 (80089580)|ENTERING_MANAGED_PKG|tdc_tsw
11:15:43.0 (80531757)|ENTERING_MANAGED_PKG|tdc_tsw
11:15:43.0 (81634906)|ENTERING_MANAGED_PKG|tdc_tsw
11:15:43.0 (82373986)|ENTERING_MANAGED_PKG|tdc_tsw
11:15:43.0 (82620607)|ENTERING_MANAGED_PKG|tdc_tsw
11:15:43.0 (83026029)|ENTERING_MANAGED_PKG|tdc_tsw
11:15:43.0 (84122619)|ENTERING_MANAGED_PKG|tdc_tsw
11:15:43.0 (84864727)|ENTERING_MANAGED_PKG|tdc_tsw
11:15:43.0 (85211944)|ENTERING_MANAGED_PKG|tdc_tsw
11:15:43.0 (85623100)|ENTERING_MANAGED_PKG|tdc_tsw
11:15:43.0 (86778678)|ENTERING_MANAGED_PKG|tdc_tsw
11:15:43.0 (87537602)|ENTERING_MANAGED_PKG|tdc_tsw
11:15:43.0 (87771815)|ENTERING_MANAGED_PKG|tdc_tsw
11:15:43.0 (88165692)|ENTERING_MANAGED_PKG|tdc_tsw
11:15:43.0 (89268662)|ENTERING_MANAGED_PKG|tdc_tsw
11:15:43.0 (90016272)|ENTERING_MANAGED_PKG|tdc_tsw
11:15:43.0 (90257875)|ENTERING_MANAGED_PKG|tdc_tsw
11:15:43.0 (90667258)|ENTERING_MANAGED_PKG|tdc_tsw
11:15:43.0 (92236781)|ENTERING_MANAGED_PKG|tdc_tsw
11:15:43.0 (93148141)|ENTERING_MANAGED_PKG|tdc_tsw
11:15:43.0 (93391463)|ENTERING_MANAGED_PKG|tdc_tsw
11:15:43.0 (93986199)|ENTERING_MANAGED_PKG|tdc_tsw
11:15:43.0 (95295612)|ENTERING_MANAGED_PKG|tdc_tsw
11:15:43.0 (96154050)|ENTERING_MANAGED_PKG|tdc_tsw
11:15:43.0 (96478781)|ENTERING_MANAGED_PKG|tdc_tsw
11:15:43.0 (97093381)|ENTERING_MANAGED_PKG|tdc_tsw
11:15:43.0 (98478467)|ENTERING_MANAGED_PKG|tdc_tsw
11:15:43.0 (99408003)|ENTERING_MANAGED_PKG|tdc_tsw
11:15:43.0 (99783068)|ENTERING_MANAGED_PKG|tdc_tsw
11:15:43.0 (100201647)|ENTERING_MANAGED_PKG|tdc_tsw
11:15:43.0 (101669108)|ENTERING_MANAGED_PKG|tdc_tsw
11:15:43.0 (102567038)|ENTERING_MANAGED_PKG|tdc_tsw
11:15:43.0 (102804602)|ENTERING_MANAGED_PKG|tdc_tsw
11:15:43.0 (103241968)|ENTERING_MANAGED_PKG|tdc_tsw
11:15:43.0 (104363498)|ENTERING_MANAGED_PKG|tdc_tsw
11:15:43.0 (105153893)|ENTERING_MANAGED_PKG|tdc_tsw
11:15:43.0 (105413996)|ENTERING_MANAGED_PKG|tdc_tsw
11:15:43.0 (105875502)|ENTERING_MANAGED_PKG|tdc_tsw
11:15:43.0 (107027685)|ENTERING_MANAGED_PKG|tdc_tsw
11:15:43.0 (107831242)|ENTERING_MANAGED_PKG|tdc_tsw
11:15:43.0 (108066047)|ENTERING_MANAGED_PKG|tdc_tsw
11:15:43.0 (108782988)|ENTERING_MANAGED_PKG|tdc_tsw
11:15:43.0 (109982669)|ENTERING_MANAGED_PKG|tdc_tsw
11:15:43.0 (110737684)|ENTERING_MANAGED_PKG|tdc_tsw
11:15:43.0 (110971297)|ENTERING_MANAGED_PKG|tdc_tsw
11:15:43.0 (111414060)|ENTERING_MANAGED_PKG|tdc_tsw
11:15:43.0 (112534690)|ENTERING_MANAGED_PKG|tdc_tsw
11:15:43.0 (113304817)|ENTERING_MANAGED_PKG|tdc_tsw
11:15:43.0 (113551619)|ENTERING_MANAGED_PKG|tdc_tsw
11:15:43.0 (113946557)|ENTERING_MANAGED_PKG|tdc_tsw
11:15:43.0 (115380992)|ENTERING_MANAGED_PKG|tdc_tsw
11:15:43.0 (116253117)|ENTERING_MANAGED_PKG|tdc_tsw
11:15:43.0 (116522967)|ENTERING_MANAGED_PKG|tdc_tsw
11:15:43.0 (116951140)|ENTERING_MANAGED_PKG|tdc_tsw
11:15:43.0 (118358744)|ENTERING_MANAGED_PKG|tdc_tsw
11:15:43.0 (119207810)|ENTERING_MANAGED_PKG|tdc_tsw
11:15:43.0 (119444015)|ENTERING_MANAGED_PKG|tdc_tsw
11:15:43.0 (120191893)|ENTERING_MANAGED_PKG|tdc_tsw
11:15:43.0 (121420006)|ENTERING_MANAGED_PKG|tdc_tsw
11:15:43.0 (122894105)|ENTERING_MANAGED_PKG|tdc_tsw
11:15:43.0 (123330867)|ENTERING_MANAGED_PKG|tdc_tsw
11:15:43.0 (123765129)|ENTERING_MANAGED_PKG|tdc_tsw
11:15:43.0 (124943778)|ENTERING_MANAGED_PKG|tdc_tsw
11:15:43.0 (125740326)|ENTERING_MANAGED_PKG|tdc_tsw
11:15:43.0 (125976838)|ENTERING_MANAGED_PKG|tdc_tsw
11:15:43.0 (126372804)|ENTERING_MANAGED_PKG|tdc_tsw
11:15:43.0 (127551922)|ENTERING_MANAGED_PKG|tdc_tsw
11:15:43.0 (128339874)|ENTERING_MANAGED_PKG|tdc_tsw
11:15:43.0 (128594081)|ENTERING_MANAGED_PKG|tdc_tsw
11:15:43.0 (129012398)|ENTERING_MANAGED_PKG|tdc_tsw
11:15:43.0 (130141442)|ENTERING_MANAGED_PKG|tdc_tsw
11:15:43.0 (130890151)|ENTERING_MANAGED_PKG|tdc_tsw
11:15:43.0 (131123677)|ENTERING_MANAGED_PKG|tdc_tsw
11:15:43.0 (131530762)|ENTERING_MANAGED_PKG|tdc_tsw
11:15:43.0 (132633099)|ENTERING_MANAGED_PKG|tdc_tsw
11:15:43.0 (133379719)|ENTERING_MANAGED_PKG|tdc_tsw
11:15:43.0 (133643021)|ENTERING_MANAGED_PKG|tdc_tsw
11:15:43.0 (134044425)|ENTERING_MANAGED_PKG|tdc_tsw
11:15:43.0 (135180365)|ENTERING_MANAGED_PKG|tdc_tsw
11:15:43.0 (135982226)|ENTERING_MANAGED_PKG|tdc_tsw
11:15:43.0 (136216557)|ENTERING_MANAGED_PKG|tdc_tsw
11:15:43.0 (136624665)|ENTERING_MANAGED_PKG|tdc_tsw
11:15:43.0 (137723226)|ENTERING_MANAGED_PKG|tdc_tsw
11:15:43.0 (138477413)|ENTERING_MANAGED_PKG|tdc_tsw
11:15:43.0 (138718628)|ENTERING_MANAGED_PKG|tdc_tsw
11:15:43.0 (139110556)|ENTERING_MANAGED_PKG|tdc_tsw
11:15:43.0 (140222355)|ENTERING_MANAGED_PKG|tdc_tsw
11:15:43.0 (141006877)|ENTERING_MANAGED_PKG|tdc_tsw
11:15:43.0 (141248248)|ENTERING_MANAGED_PKG|tdc_tsw
11:15:43.0 (141708349)|ENTERING_MANAGED_PKG|tdc_tsw
11:15:43.0 (142881507)|ENTERING_MANAGED_PKG|tdc_tsw
11:15:43.0 (143632338)|ENTERING_MANAGED_PKG|tdc_tsw
11:15:43.0 (143866141)|ENTERING_MANAGED_PKG|tdc_tsw
11:15:43.0 (144258836)|ENTERING_MANAGED_PKG|tdc_tsw
11:15:43.0 (145389216)|ENTERING_MANAGED_PKG|tdc_tsw
11:15:43.0 (146132063)|ENTERING_MANAGED_PKG|tdc_tsw
11:15:43.0 (146363340)|ENTERING_MANAGED_PKG|tdc_tsw
11:15:43.0 (146767990)|ENTERING_MANAGED_PKG|tdc_tsw
11:15:43.0 (147930071)|ENTERING_MANAGED_PKG|tdc_tsw
11:15:43.0 (148677242)|ENTERING_MANAGED_PKG|tdc_tsw
11:15:43.0 (148933251)|ENTERING_MANAGED_PKG|tdc_tsw
11:15:43.0 (149334951)|ENTERING_MANAGED_PKG|tdc_tsw
11:15:43.0 (150448466)|ENTERING_MANAGED_PKG|tdc_tsw
11:15:43.0 (151208767)|ENTERING_MANAGED_PKG|tdc_tsw
11:15:43.0 (151455900)|ENTERING_MANAGED_PKG|tdc_tsw
11:15:43.0 (151916325)|ENTERING_MANAGED_PKG|tdc_tsw
11:15:43.0 (153019265)|ENTERING_MANAGED_PKG|tdc_tsw
11:15:43.0 (153770247)|ENTERING_MANAGED_PKG|tdc_tsw
11:15:43.0 (154002405)|ENTERING_MANAGED_PKG|tdc_tsw
11:15:43.0 (154429644)|ENTERING_MANAGED_PKG|tdc_tsw
11:15:43.0 (155534977)|ENTERING_MANAGED_PKG|tdc_tsw
11:15:43.0 (156307074)|ENTERING_MANAGED_PKG|tdc_tsw
11:15:43.0 (156556097)|ENTERING_MANAGED_PKG|tdc_tsw
11:15:43.0 (156950386)|ENTERING_MANAGED_PKG|tdc_tsw
11:15:43.0 (158057953)|ENTERING_MANAGED_PKG|tdc_tsw
11:15:43.0 (158801227)|ENTERING_MANAGED_PKG|tdc_tsw
11:15:43.0 (159030243)|ENTERING_MANAGED_PKG|tdc_tsw
11:15:43.0 (159464396)|ENTERING_MANAGED_PKG|tdc_tsw
11:15:43.0 (160667340)|ENTERING_MANAGED_PKG|tdc_tsw
11:15:43.0 (161406496)|ENTERING_MANAGED_PKG|tdc_tsw
11:15:43.0 (161666008)|ENTERING_MANAGED_PKG|tdc_tsw
11:15:43.0 (162066024)|ENTERING_MANAGED_PKG|tdc_tsw
11:15:43.0 (163193362)|ENTERING_MANAGED_PKG|tdc_tsw
11:15:43.0 (164009456)|ENTERING_MANAGED_PKG|tdc_tsw
11:15:43.0 (164248747)|ENTERING_MANAGED_PKG|tdc_tsw
11:15:43.0 (164675875)|ENTERING_MANAGED_PKG|tdc_tsw
11:15:43.0 (165833476)|ENTERING_MANAGED_PKG|tdc_tsw
11:15:43.0 (166582931)|ENTERING_MANAGED_PKG|tdc_tsw
11:15:43.0 (166816500)|ENTERING_MANAGED_PKG|tdc_tsw
11:15:43.0 (167207400)|ENTERING_MANAGED_PKG|tdc_tsw
11:15:43.0 (168309879)|ENTERING_MANAGED_PKG|tdc_tsw
11:15:43.0 (169056973)|ENTERING_MANAGED_PKG|tdc_tsw
11:15:43.0 (169292308)|ENTERING_MANAGED_PKG|tdc_tsw
11:15:43.0 (169756418)|ENTERING_MANAGED_PKG|tdc_tsw
11:15:43.0 (170930292)|ENTERING_MANAGED_PKG|tdc_tsw
11:15:43.0 (171729498)|ENTERING_MANAGED_PKG|tdc_tsw
11:15:43.0 (171965099)|ENTERING_MANAGED_PKG|tdc_tsw
11:15:43.0 (172356663)|ENTERING_MANAGED_PKG|tdc_tsw
11:15:43.0 (173535676)|ENTERING_MANAGED_PKG|tdc_tsw
11:15:43.0 (174271172)|ENTERING_MANAGED_PKG|tdc_tsw
11:15:43.0 (174513888)|ENTERING_MANAGED_PKG|tdc_tsw
11:15:43.0 (174985727)|ENTERING_MANAGED_PKG|tdc_tsw
11:15:43.0 (176085713)|ENTERING_MANAGED_PKG|tdc_tsw
11:15:43.0 (176838606)|ENTERING_MANAGED_PKG|tdc_tsw
11:15:43.0 (177071052)|ENTERING_MANAGED_PKG|tdc_tsw
11:15:43.0 (177474410)|ENTERING_MANAGED_PKG|tdc_tsw
11:15:43.0 (178601030)|ENTERING_MANAGED_PKG|tdc_tsw
11:15:43.0 (179336469)|ENTERING_MANAGED_PKG|tdc_tsw
11:15:43.0 (179580257)|ENTERING_MANAGED_PKG|tdc_tsw
11:15:43.0 (179973808)|ENTERING_MANAGED_PKG|tdc_tsw
11:15:43.0 (181071819)|ENTERING_MANAGED_PKG|tdc_tsw
11:15:43.0 (181829358)|ENTERING_MANAGED_PKG|tdc_tsw
11:15:43.0 (182061756)|ENTERING_MANAGED_PKG|tdc_tsw
11:15:43.0 (182453896)|ENTERING_MANAGED_PKG|tdc_tsw
11:15:43.0 (183653636)|ENTERING_MANAGED_PKG|tdc_tsw
11:15:43.0 (184390746)|ENTERING_MANAGED_PKG|tdc_tsw
11:15:43.0 (184647825)|ENTERING_MANAGED_PKG|tdc_tsw
11:15:43.0 (185058796)|ENTERING_MANAGED_PKG|tdc_tsw
11:15:43.0 (186157750)|ENTERING_MANAGED_PKG|tdc_tsw
11:15:43.0 (186901809)|ENTERING_MANAGED_PKG|tdc_tsw
11:15:43.0 (187140491)|ENTERING_MANAGED_PKG|tdc_tsw
11:15:43.0 (187576791)|ENTERING_MANAGED_PKG|tdc_tsw
11:15:43.0 (189141674)|ENTERING_MANAGED_PKG|tdc_tsw
11:15:43.0 (190059635)|ENTERING_MANAGED_PKG|tdc_tsw
11:15:43.0 (190314295)|ENTERING_MANAGED_PKG|tdc_tsw
11:15:43.0 (190745986)|ENTERING_MANAGED_PKG|tdc_tsw
11:15:43.0 (191877419)|ENTERING_MANAGED_PKG|tdc_tsw
11:15:43.0 (192705203)|ENTERING_MANAGED_PKG|tdc_tsw
11:15:43.0 (192964310)|ENTERING_MANAGED_PKG|tdc_tsw
11:15:43.0 (193357456)|ENTERING_MANAGED_PKG|tdc_tsw
11:15:43.0 (194525821)|ENTERING_MANAGED_PKG|tdc_tsw
11:15:43.0 (195282578)|ENTERING_MANAGED_PKG|tdc_tsw
11:15:43.0 (195529077)|ENTERING_MANAGED_PKG|tdc_tsw
11:15:43.0 (195923640)|ENTERING_MANAGED_PKG|tdc_tsw
11:15:43.0 (197072688)|ENTERING_MANAGED_PKG|tdc_tsw
11:15:43.0 (197821007)|ENTERING_MANAGED_PKG|tdc_tsw
11:15:43.0 (198050300)|ENTERING_MANAGED_PKG|tdc_tsw
11:15:43.0 (198443385)|ENTERING_MANAGED_PKG|tdc_tsw
11:15:43.0 (199598364)|ENTERING_MANAGED_PKG|tdc_tsw
11:15:43.0 (200395138)|ENTERING_MANAGED_PKG|tdc_tsw
11:15:43.0 (200637283)|ENTERING_MANAGED_PKG|tdc_tsw
11:15:43.0 (201048025)|ENTERING_MANAGED_PKG|tdc_tsw
11:15:43.0 (202196816)|ENTERING_MANAGED_PKG|tdc_tsw
11:15:43.0 (203008871)|ENTERING_MANAGED_PKG|tdc_tsw
11:15:43.0 (203242121)|ENTERING_MANAGED_PKG|tdc_tsw
11:15:43.0 (203687267)|ENTERING_MANAGED_PKG|tdc_tsw
11:15:43.0 (204805083)|ENTERING_MANAGED_PKG|tdc_tsw
11:15:43.0 (205558350)|ENTERING_MANAGED_PKG|tdc_tsw
11:15:43.0 (205804270)|ENTERING_MANAGED_PKG|tdc_tsw
11:15:43.0 (206223842)|ENTERING_MANAGED_PKG|tdc_tsw
11:15:43.0 (207415245)|ENTERING_MANAGED_PKG|tdc_tsw
11:15:43.0 (208200015)|ENTERING_MANAGED_PKG|tdc_tsw
11:15:43.0 (208437968)|ENTERING_MANAGED_PKG|tdc_tsw
11:15:43.0 (208855471)|ENTERING_MANAGED_PKG|tdc_tsw
11:15:43.0 (210065521)|ENTERING_MANAGED_PKG|tdc_tsw
11:15:43.0 (210829698)|ENTERING_MANAGED_PKG|tdc_tsw
11:15:43.0 (211049229)|ENTERING_MANAGED_PKG|tdc_tsw
11:15:43.0 (211490030)|ENTERING_MANAGED_PKG|tdc_tsw
11:15:43.0 (212901155)|ENTERING_MANAGED_PKG|tdc_tsw
11:15:43.0 (213703319)|ENTERING_MANAGED_PKG|tdc_tsw
11:15:43.0 (213777034)|ENTERING_MANAGED_PKG|tdc_tsw
11:15:43.0 (214376018)|SOQL_EXECUTE_BEGIN|[200]|Aggregations:0|SELECT Name, NamespacePrefix, SystemModStamp FROM StaticResource WHERE Name LIKE :tmpVar1 LIMIT 10
11:15:43.0 (228573750)|SOQL_EXECUTE_END|[200]|Rows:1
11:15:43.0 (229412785)|ENTERING_MANAGED_PKG|tdc_tsw
11:15:43.0 (229871387)|SOQL_EXECUTE_BEGIN|[200]|Aggregations:0|SELECT Name, NamespacePrefix, SystemModStamp FROM StaticResource WHERE Name LIKE :tmpVar1 LIMIT 10
11:15:43.0 (232598717)|SOQL_EXECUTE_END|[200]|Rows:1
11:15:43.0 (232984268)|ENTERING_MANAGED_PKG|tdc_tsw
11:15:43.0 (251152029)|ENTERING_MANAGED_PKG|tdc_tsw
11:15:43.0 (252509713)|ENTERING_MANAGED_PKG|tdc_tsw
11:15:43.0 (252774546)|ENTERING_MANAGED_PKG|tdc_tsw
11:15:43.0 (253854383)|ENTERING_MANAGED_PKG|tdc_tsw
11:15:43.0 (254844649)|SOQL_EXECUTE_BEGIN|[200]|Aggregations:0|SELECT Name, NamespacePrefix, SystemModStamp FROM StaticResource WHERE Name LIKE :tmpVar1 LIMIT 10
11:15:43.0 (258611837)|SOQL_EXECUTE_END|[200]|Rows:1
11:15:43.270 (270358163)|USER_INFO|[EXTERNAL]|0051H000009gxp8|chanida.dev2@solvedbysoftwareco.com|Eastern Standard Time|GMT-05:00
11:15:43.270 (272280109)|ENTERING_MANAGED_PKG|tdc_tsw
11:15:43.270 (272508374)|ENTERING_MANAGED_PKG|tdc_tsw
11:15:43.270 (275116108)|SOQL_EXECUTE_BEGIN|[355]|Aggregations:0|SELECT id, name, Disable_Incoming_SMS_Sharing__c FROM User WHERE id = :tmpVar1
11:15:43.270 (281788121)|SOQL_EXECUTE_END|[355]|Rows:1
11:15:43.270 (282806332)|SOQL_EXECUTE_BEGIN|[367]|Aggregations:0|SELECT CreatedDate,Id,LastModifiedDate,Related_Object_Id__c FROM Message__c WHERE Name = 'Incoming' AND Read__c = false ORDER BY CreatedDate Desc limit 100
11:15:43.270 (292133824)|SOQL_EXECUTE_END|[367]|Rows:100
