44.0 APEX_CODE,FINEST;APEX_PROFILING,INFO;CALLOUT,INFO;DB,INFO;NBA,INFO;SYSTEM,DEBUG;VALIDATION,INFO;VISUALFORCE,INFO;WAVE,INFO;WORKFLOW,INFO
20:59:43.0 (167033)|USER_INFO|[EXTERNAL]|0051H000009gxp8|chanida.dev2@solvedbysoftwareco.com|Eastern Standard Time|GMT-05:00
20:59:43.0 (1694005)|ENTERING_MANAGED_PKG|tdc_tsw
20:59:43.0 (2239987)|ENTERING_MANAGED_PKG|tdc_tsw
20:59:43.0 (6140880)|SOQL_EXECUTE_BEGIN|[16]|Aggregations:0|SELECT id, name, Disable_Incoming_SMS_Sharing__c FROM User WHERE id = :tmpVar1
20:59:43.0 (13471862)|SOQL_EXECUTE_END|[16]|Rows:1
20:59:43.0 (18863867)|SOQL_EXECUTE_BEGIN|[37]|Aggregations:0|SELECT CreatedDate,Created_Date__c,Id,LastModifiedDate,MessageId__c,Message_Text_New__c,Name,OwnerId,Read__c,Related_Object_Id__c,Related_Object__c,Sender_Number__c, Sender_Name__c,ToNumber__c,Attachments_Ids__c FROM Message__c WHERE Name = 'Incoming' AND Read__c = false ORDER BY CreatedDate Desc limit 100
20:59:43.0 (29269495)|SOQL_EXECUTE_END|[37]|Rows:16
20:59:43.0 (32932404)|ENTERING_MANAGED_PKG|tdc_tsw
20:59:43.0 (34593963)|ENTERING_MANAGED_PKG|tdc_tsw
20:59:43.0 (35015115)|ENTERING_MANAGED_PKG|tdc_tsw
20:59:43.0 (35688326)|ENTERING_MANAGED_PKG|tdc_tsw
20:59:43.0 (38285815)|ENTERING_MANAGED_PKG|tdc_tsw
20:59:43.0 (39090124)|ENTERING_MANAGED_PKG|tdc_tsw
20:59:43.0 (39390761)|ENTERING_MANAGED_PKG|tdc_tsw
20:59:43.0 (39803664)|ENTERING_MANAGED_PKG|tdc_tsw
20:59:43.0 (40946458)|ENTERING_MANAGED_PKG|tdc_tsw
20:59:43.0 (41735065)|ENTERING_MANAGED_PKG|tdc_tsw
20:59:43.0 (41971453)|ENTERING_MANAGED_PKG|tdc_tsw
20:59:43.0 (42374154)|ENTERING_MANAGED_PKG|tdc_tsw
20:59:43.0 (43581905)|ENTERING_MANAGED_PKG|tdc_tsw
20:59:43.0 (44235219)|ENTERING_MANAGED_PKG|tdc_tsw
20:59:43.0 (44309200)|ENTERING_MANAGED_PKG|tdc_tsw
20:59:43.0 (44884953)|SOQL_EXECUTE_BEGIN|[200]|Aggregations:0|SELECT Name, NamespacePrefix, SystemModStamp FROM StaticResource WHERE Name LIKE :tmpVar1 LIMIT 10
20:59:43.0 (47542508)|SOQL_EXECUTE_END|[200]|Rows:1
20:59:43.0 (48264087)|ENTERING_MANAGED_PKG|tdc_tsw
20:59:43.0 (48623107)|SOQL_EXECUTE_BEGIN|[200]|Aggregations:0|SELECT Name, NamespacePrefix, SystemModStamp FROM StaticResource WHERE Name LIKE :tmpVar1 LIMIT 10
20:59:43.0 (50666977)|SOQL_EXECUTE_END|[200]|Rows:1
20:59:43.0 (51045697)|ENTERING_MANAGED_PKG|tdc_tsw
20:59:43.0 (54069686)|ENTERING_MANAGED_PKG|tdc_tsw
20:59:43.0 (55581167)|ENTERING_MANAGED_PKG|tdc_tsw
20:59:43.0 (55892608)|ENTERING_MANAGED_PKG|tdc_tsw
20:59:43.0 (56723851)|ENTERING_MANAGED_PKG|tdc_tsw
20:59:43.0 (57111788)|SOQL_EXECUTE_BEGIN|[200]|Aggregations:0|SELECT Name, NamespacePrefix, SystemModStamp FROM StaticResource WHERE Name LIKE :tmpVar1 LIMIT 10
20:59:43.0 (59633047)|SOQL_EXECUTE_END|[200]|Rows:1
20:59:43.64 (64921607)|USER_INFO|[EXTERNAL]|0051H000009gxp8|chanida.dev2@solvedbysoftwareco.com|Eastern Standard Time|GMT-05:00
20:59:43.64 (66245513)|ENTERING_MANAGED_PKG|tdc_tsw
20:59:43.64 (66398154)|ENTERING_MANAGED_PKG|tdc_tsw
20:59:43.64 (68733083)|SOQL_EXECUTE_BEGIN|[355]|Aggregations:0|SELECT id, name, Disable_Incoming_SMS_Sharing__c FROM User WHERE id = :tmpVar1
20:59:43.64 (74516981)|SOQL_EXECUTE_END|[355]|Rows:1
20:59:43.64 (75458114)|SOQL_EXECUTE_BEGIN|[367]|Aggregations:0|SELECT CreatedDate,Id,LastModifiedDate,Related_Object_Id__c FROM Message__c WHERE Name = 'Incoming' AND Read__c = false ORDER BY CreatedDate Desc limit 100
20:59:43.64 (80849628)|SOQL_EXECUTE_END|[367]|Rows:16
