44.0 APEX_CODE,FINEST;APEX_PROFILING,INFO;CALLOUT,INFO;DB,INFO;NBA,INFO;SYSTEM,DEBUG;VALIDATION,INFO;VISUALFORCE,INFO;WAVE,INFO;WORKFLOW,INFO
22:13:56.1 (1003856)|USER_INFO|[EXTERNAL]|0051H000009gxp8|chanida.dev2@solvedbysoftwareco.com|Eastern Standard Time|GMT-05:00
22:13:56.1 (6022658)|ENTERING_MANAGED_PKG|tdc_tsw
22:13:56.1 (6333996)|ENTERING_MANAGED_PKG|tdc_tsw
22:13:56.1 (8653608)|ENTERING_MANAGED_PKG|tdc_tsw
22:13:56.1 (8737116)|ENTERING_MANAGED_PKG|tdc_tsw
22:13:56.1 (11005333)|ENTERING_MANAGED_PKG|tdc_tsw
22:13:56.1 (13432554)|ENTERING_MANAGED_PKG|tdc_tsw
22:13:56.1 (15279881)|ENTERING_MANAGED_PKG|tdc_tsw
22:13:56.1 (15396319)|ENTERING_MANAGED_PKG|tdc_tsw
22:13:56.1 (17984365)|ENTERING_MANAGED_PKG|tdc_tsw
22:13:56.1 (29957234)|SOQL_EXECUTE_BEGIN|[82]|Aggregations:0|SELECT CreatedDate, Id,Task_Created__c,Event_Created__c,isCaseCreated__c,Task_Id__c,Event_Id__c,Case__c, Important__c, Delivered__c, Message_Text_New__c, Name, Owner.Name, Read__c,MessageId__c, ToNumber__c, Related_Object_Id__c, Related_Object__c, Sender_Number__c, LastModifiedDate, Attachments_Ids__c FROM Message__c WHERE Contact__c =: recordId ORDER BY CreatedDate Desc limit 200
22:13:56.1 (44517129)|SOQL_EXECUTE_END|[82]|Rows:2
22:13:56.1 (47797805)|ENTERING_MANAGED_PKG|tdc_tsw
22:13:56.1 (48310362)|ENTERING_MANAGED_PKG|tdc_tsw
22:13:56.1 (48774319)|ENTERING_MANAGED_PKG|tdc_tsw
22:13:56.1 (49842894)|SOQL_EXECUTE_BEGIN|[200]|Aggregations:0|SELECT Name, NamespacePrefix, SystemModStamp FROM StaticResource WHERE Name LIKE :tmpVar1 LIMIT 10
22:13:56.1 (54044965)|SOQL_EXECUTE_END|[200]|Rows:1
22:13:56.1 (58018526)|ENTERING_MANAGED_PKG|tdc_tsw
22:13:56.1 (61362880)|ENTERING_MANAGED_PKG|tdc_tsw
22:13:56.1 (61462742)|ENTERING_MANAGED_PKG|tdc_tsw
22:13:56.1 (65304302)|ENTERING_MANAGED_PKG|tdc_tsw
22:13:56.1 (67149032)|ENTERING_MANAGED_PKG|tdc_tsw
22:13:56.1 (77647437)|SOQL_EXECUTE_BEGIN|[172]|Aggregations:0|SELECT id, name FROM ChatTranscript__c WHERE (Chat_Active__c = TRUE AND (Related_Object_Id__c = :tmpVar1 OR Related_Object_Id__c = :tmpVar2)) LIMIT 1
22:13:56.1 (82986148)|SOQL_EXECUTE_END|[172]|Rows:0
22:13:56.1 (84653166)|ENTERING_MANAGED_PKG|tdc_tsw
22:13:56.1 (84743864)|ENTERING_MANAGED_PKG|tdc_tsw
