44.0 APEX_CODE,FINEST;APEX_PROFILING,INFO;CALLOUT,INFO;DB,INFO;NBA,INFO;SYSTEM,DEBUG;VALIDATION,INFO;VISUALFORCE,INFO;WAVE,INFO;WORKFLOW,INFO
21:03:02.0 (148285)|USER_INFO|[EXTERNAL]|0051H000009gxp8|chanida.dev2@solvedbysoftwareco.com|Eastern Standard Time|GMT-05:00
21:03:02.0 (2080716)|ENTERING_MANAGED_PKG|tdc_tsw
21:03:02.0 (2528218)|ENTERING_MANAGED_PKG|tdc_tsw
21:03:02.0 (6189842)|SOQL_EXECUTE_BEGIN|[16]|Aggregations:0|SELECT id, name, Disable_Incoming_SMS_Sharing__c FROM User WHERE id = :tmpVar1
21:03:02.0 (12985440)|SOQL_EXECUTE_END|[16]|Rows:1
21:03:02.0 (18469107)|SOQL_EXECUTE_BEGIN|[37]|Aggregations:0|SELECT CreatedDate,Created_Date__c,Id,LastModifiedDate,MessageId__c,Message_Text_New__c,Name,OwnerId,Read__c,Related_Object_Id__c,Related_Object__c,Sender_Number__c, Sender_Name__c,ToNumber__c,Attachments_Ids__c FROM Message__c WHERE Name = 'Incoming' AND Read__c = false ORDER BY CreatedDate Desc limit 100
21:03:02.0 (34809623)|SOQL_EXECUTE_END|[37]|Rows:98
21:03:02.0 (53730020)|ENTERING_MANAGED_PKG|tdc_tsw
21:03:02.0 (55677394)|ENTERING_MANAGED_PKG|tdc_tsw
21:03:02.0 (56201343)|ENTERING_MANAGED_PKG|tdc_tsw
21:03:02.0 (56896226)|ENTERING_MANAGED_PKG|tdc_tsw
21:03:02.0 (60544962)|ENTERING_MANAGED_PKG|tdc_tsw
21:03:02.0 (61337741)|ENTERING_MANAGED_PKG|tdc_tsw
21:03:02.0 (61569960)|ENTERING_MANAGED_PKG|tdc_tsw
21:03:02.0 (61960096)|ENTERING_MANAGED_PKG|tdc_tsw
21:03:02.0 (63043761)|ENTERING_MANAGED_PKG|tdc_tsw
21:03:02.0 (64050593)|ENTERING_MANAGED_PKG|tdc_tsw
21:03:02.0 (64291971)|ENTERING_MANAGED_PKG|tdc_tsw
21:03:02.0 (64714492)|ENTERING_MANAGED_PKG|tdc_tsw
21:03:02.0 (65791024)|ENTERING_MANAGED_PKG|tdc_tsw
21:03:02.0 (66588344)|ENTERING_MANAGED_PKG|tdc_tsw
21:03:02.0 (66814487)|ENTERING_MANAGED_PKG|tdc_tsw
21:03:02.0 (67224536)|ENTERING_MANAGED_PKG|tdc_tsw
21:03:02.0 (68327888)|ENTERING_MANAGED_PKG|tdc_tsw
21:03:02.0 (69071528)|ENTERING_MANAGED_PKG|tdc_tsw
21:03:02.0 (69314818)|ENTERING_MANAGED_PKG|tdc_tsw
21:03:02.0 (69696607)|ENTERING_MANAGED_PKG|tdc_tsw
21:03:02.0 (70742420)|ENTERING_MANAGED_PKG|tdc_tsw
21:03:02.0 (71484284)|ENTERING_MANAGED_PKG|tdc_tsw
21:03:02.0 (71707340)|ENTERING_MANAGED_PKG|tdc_tsw
21:03:02.0 (72085530)|ENTERING_MANAGED_PKG|tdc_tsw
21:03:02.0 (73160362)|ENTERING_MANAGED_PKG|tdc_tsw
21:03:02.0 (73911043)|ENTERING_MANAGED_PKG|tdc_tsw
21:03:02.0 (74137188)|ENTERING_MANAGED_PKG|tdc_tsw
21:03:02.0 (74527090)|ENTERING_MANAGED_PKG|tdc_tsw
21:03:02.0 (75572601)|ENTERING_MANAGED_PKG|tdc_tsw
21:03:02.0 (76310021)|ENTERING_MANAGED_PKG|tdc_tsw
21:03:02.0 (76533390)|ENTERING_MANAGED_PKG|tdc_tsw
21:03:02.0 (76911239)|ENTERING_MANAGED_PKG|tdc_tsw
21:03:02.0 (78559331)|ENTERING_MANAGED_PKG|tdc_tsw
21:03:02.0 (79364727)|ENTERING_MANAGED_PKG|tdc_tsw
21:03:02.0 (79590889)|ENTERING_MANAGED_PKG|tdc_tsw
21:03:02.0 (80009367)|ENTERING_MANAGED_PKG|tdc_tsw
21:03:02.0 (81174133)|ENTERING_MANAGED_PKG|tdc_tsw
21:03:02.0 (81935440)|ENTERING_MANAGED_PKG|tdc_tsw
21:03:02.0 (82160980)|ENTERING_MANAGED_PKG|tdc_tsw
21:03:02.0 (82581530)|ENTERING_MANAGED_PKG|tdc_tsw
21:03:02.0 (83630451)|ENTERING_MANAGED_PKG|tdc_tsw
21:03:02.0 (84371852)|ENTERING_MANAGED_PKG|tdc_tsw
21:03:02.0 (84595511)|ENTERING_MANAGED_PKG|tdc_tsw
21:03:02.0 (84973013)|ENTERING_MANAGED_PKG|tdc_tsw
21:03:02.0 (86052303)|ENTERING_MANAGED_PKG|tdc_tsw
21:03:02.0 (86797329)|ENTERING_MANAGED_PKG|tdc_tsw
21:03:02.0 (87022407)|ENTERING_MANAGED_PKG|tdc_tsw
21:03:02.0 (87449276)|ENTERING_MANAGED_PKG|tdc_tsw
21:03:02.0 (88525331)|ENTERING_MANAGED_PKG|tdc_tsw
21:03:02.0 (89267528)|ENTERING_MANAGED_PKG|tdc_tsw
21:03:02.0 (89491383)|ENTERING_MANAGED_PKG|tdc_tsw
21:03:02.0 (89867690)|ENTERING_MANAGED_PKG|tdc_tsw
21:03:02.0 (90912625)|ENTERING_MANAGED_PKG|tdc_tsw
21:03:02.0 (91668230)|ENTERING_MANAGED_PKG|tdc_tsw
21:03:02.0 (91892397)|ENTERING_MANAGED_PKG|tdc_tsw
21:03:02.0 (92278360)|ENTERING_MANAGED_PKG|tdc_tsw
21:03:02.0 (93327333)|ENTERING_MANAGED_PKG|tdc_tsw
21:03:02.0 (94090424)|ENTERING_MANAGED_PKG|tdc_tsw
21:03:02.0 (94325055)|ENTERING_MANAGED_PKG|tdc_tsw
21:03:02.0 (94703732)|ENTERING_MANAGED_PKG|tdc_tsw
21:03:02.0 (95744740)|ENTERING_MANAGED_PKG|tdc_tsw
21:03:02.0 (96500101)|ENTERING_MANAGED_PKG|tdc_tsw
21:03:02.0 (96724238)|ENTERING_MANAGED_PKG|tdc_tsw
21:03:02.0 (97097011)|ENTERING_MANAGED_PKG|tdc_tsw
21:03:02.0 (98215104)|ENTERING_MANAGED_PKG|tdc_tsw
21:03:02.0 (98944691)|ENTERING_MANAGED_PKG|tdc_tsw
21:03:02.0 (99168569)|ENTERING_MANAGED_PKG|tdc_tsw
21:03:02.0 (99561247)|ENTERING_MANAGED_PKG|tdc_tsw
21:03:02.0 (100947290)|ENTERING_MANAGED_PKG|tdc_tsw
21:03:02.0 (101688310)|ENTERING_MANAGED_PKG|tdc_tsw
21:03:02.0 (101891798)|ENTERING_MANAGED_PKG|tdc_tsw
21:03:02.0 (102279664)|ENTERING_MANAGED_PKG|tdc_tsw
21:03:02.0 (103325454)|ENTERING_MANAGED_PKG|tdc_tsw
21:03:02.0 (104081662)|ENTERING_MANAGED_PKG|tdc_tsw
21:03:02.0 (104315059)|ENTERING_MANAGED_PKG|tdc_tsw
21:03:02.0 (104694242)|ENTERING_MANAGED_PKG|tdc_tsw
21:03:02.0 (105759864)|ENTERING_MANAGED_PKG|tdc_tsw
21:03:02.0 (106514185)|ENTERING_MANAGED_PKG|tdc_tsw
21:03:02.0 (106713518)|ENTERING_MANAGED_PKG|tdc_tsw
21:03:02.0 (107094271)|ENTERING_MANAGED_PKG|tdc_tsw
21:03:02.0 (108251419)|ENTERING_MANAGED_PKG|tdc_tsw
21:03:02.0 (109022436)|ENTERING_MANAGED_PKG|tdc_tsw
21:03:02.0 (109229505)|ENTERING_MANAGED_PKG|tdc_tsw
21:03:02.0 (109898074)|ENTERING_MANAGED_PKG|tdc_tsw
21:03:02.0 (111079649)|ENTERING_MANAGED_PKG|tdc_tsw
21:03:02.0 (111831847)|ENTERING_MANAGED_PKG|tdc_tsw
21:03:02.0 (112055761)|ENTERING_MANAGED_PKG|tdc_tsw
21:03:02.0 (112531153)|ENTERING_MANAGED_PKG|tdc_tsw
21:03:02.0 (113746530)|ENTERING_MANAGED_PKG|tdc_tsw
21:03:02.0 (114495672)|ENTERING_MANAGED_PKG|tdc_tsw
21:03:02.0 (114719100)|ENTERING_MANAGED_PKG|tdc_tsw
21:03:02.0 (115192445)|ENTERING_MANAGED_PKG|tdc_tsw
21:03:02.0 (116597684)|ENTERING_MANAGED_PKG|tdc_tsw
21:03:02.0 (117409392)|ENTERING_MANAGED_PKG|tdc_tsw
21:03:02.0 (117509721)|ENTERING_MANAGED_PKG|tdc_tsw
21:03:02.0 (118113278)|SOQL_EXECUTE_BEGIN|[200]|Aggregations:0|SELECT Name, NamespacePrefix, SystemModStamp FROM StaticResource WHERE Name LIKE :tmpVar1 LIMIT 10
21:03:02.0 (121431199)|SOQL_EXECUTE_END|[200]|Rows:1
21:03:02.0 (122330484)|ENTERING_MANAGED_PKG|tdc_tsw
21:03:02.0 (122712224)|SOQL_EXECUTE_BEGIN|[200]|Aggregations:0|SELECT Name, NamespacePrefix, SystemModStamp FROM StaticResource WHERE Name LIKE :tmpVar1 LIMIT 10
21:03:02.0 (124923849)|SOQL_EXECUTE_END|[200]|Rows:1
21:03:02.0 (125325581)|ENTERING_MANAGED_PKG|tdc_tsw
21:03:02.0 (128812831)|ENTERING_MANAGED_PKG|tdc_tsw
21:03:02.0 (130311065)|ENTERING_MANAGED_PKG|tdc_tsw
21:03:02.0 (130648064)|ENTERING_MANAGED_PKG|tdc_tsw
21:03:02.0 (131538522)|ENTERING_MANAGED_PKG|tdc_tsw
21:03:02.0 (131942231)|SOQL_EXECUTE_BEGIN|[200]|Aggregations:0|SELECT Name, NamespacePrefix, SystemModStamp FROM StaticResource WHERE Name LIKE :tmpVar1 LIMIT 10
21:03:02.0 (134663715)|SOQL_EXECUTE_END|[200]|Rows:1
21:03:02.150 (150020295)|USER_INFO|[EXTERNAL]|0051H000009gxp8|chanida.dev2@solvedbysoftwareco.com|Eastern Standard Time|GMT-05:00
21:03:02.150 (151425836)|ENTERING_MANAGED_PKG|tdc_tsw
21:03:02.150 (151671167)|ENTERING_MANAGED_PKG|tdc_tsw
21:03:02.150 (154198202)|SOQL_EXECUTE_BEGIN|[355]|Aggregations:0|SELECT id, name, Disable_Incoming_SMS_Sharing__c FROM User WHERE id = :tmpVar1
21:03:02.150 (159979765)|SOQL_EXECUTE_END|[355]|Rows:1
21:03:02.150 (160974776)|SOQL_EXECUTE_BEGIN|[367]|Aggregations:0|SELECT CreatedDate,Id,LastModifiedDate,Related_Object_Id__c FROM Message__c WHERE Name = 'Incoming' AND Read__c = false ORDER BY CreatedDate Desc limit 100
21:03:02.150 (174685068)|SOQL_EXECUTE_END|[367]|Rows:98
