44.0 APEX_CODE,FINEST;APEX_PROFILING,INFO;CALLOUT,INFO;DB,INFO;NBA,INFO;SYSTEM,DEBUG;VALIDATION,INFO;VISUALFORCE,INFO;WAVE,INFO;WORKFLOW,INFO
17:25:19.0 (138338)|USER_INFO|[EXTERNAL]|0051H000009gxp8|chanida.dev2@solvedbysoftwareco.com|Eastern Standard Time|GMT-05:00
17:25:19.0 (2175003)|ENTERING_MANAGED_PKG|tdc_tsw
17:25:19.0 (2703889)|ENTERING_MANAGED_PKG|tdc_tsw
17:25:19.0 (6956602)|SOQL_EXECUTE_BEGIN|[16]|Aggregations:0|SELECT id, name, Disable_Incoming_SMS_Sharing__c FROM User WHERE id = :tmpVar1
17:25:19.0 (15319102)|SOQL_EXECUTE_END|[16]|Rows:1
17:25:19.0 (21639668)|SOQL_EXECUTE_BEGIN|[37]|Aggregations:0|SELECT CreatedDate,Created_Date__c,Id,LastModifiedDate,MessageId__c,Message_Text_New__c,Name,OwnerId,Read__c,Related_Object_Id__c,Related_Object__c,Sender_Number__c, Sender_Name__c,ToNumber__c,Attachments_Ids__c FROM Message__c WHERE Name = 'Incoming' AND Read__c = false ORDER BY CreatedDate Desc limit 100
17:25:19.0 (37979382)|SOQL_EXECUTE_END|[37]|Rows:57
17:25:19.0 (50177754)|ENTERING_MANAGED_PKG|tdc_tsw
17:25:19.0 (52366335)|ENTERING_MANAGED_PKG|tdc_tsw
17:25:19.0 (52936663)|ENTERING_MANAGED_PKG|tdc_tsw
17:25:19.0 (53756648)|ENTERING_MANAGED_PKG|tdc_tsw
17:25:19.0 (57004256)|ENTERING_MANAGED_PKG|tdc_tsw
17:25:19.0 (58007598)|ENTERING_MANAGED_PKG|tdc_tsw
17:25:19.0 (58327580)|ENTERING_MANAGED_PKG|tdc_tsw
17:25:19.0 (58845779)|ENTERING_MANAGED_PKG|tdc_tsw
17:25:19.0 (60190617)|ENTERING_MANAGED_PKG|tdc_tsw
17:25:19.0 (61253094)|ENTERING_MANAGED_PKG|tdc_tsw
17:25:19.0 (61515248)|ENTERING_MANAGED_PKG|tdc_tsw
17:25:19.0 (62026980)|ENTERING_MANAGED_PKG|tdc_tsw
17:25:19.0 (63374919)|ENTERING_MANAGED_PKG|tdc_tsw
17:25:19.0 (64318031)|ENTERING_MANAGED_PKG|tdc_tsw
17:25:19.0 (64576174)|ENTERING_MANAGED_PKG|tdc_tsw
17:25:19.0 (65086992)|ENTERING_MANAGED_PKG|tdc_tsw
17:25:19.0 (66424292)|ENTERING_MANAGED_PKG|tdc_tsw
17:25:19.0 (67375303)|ENTERING_MANAGED_PKG|tdc_tsw
17:25:19.0 (67659957)|ENTERING_MANAGED_PKG|tdc_tsw
17:25:19.0 (68182641)|ENTERING_MANAGED_PKG|tdc_tsw
17:25:19.0 (69529348)|ENTERING_MANAGED_PKG|tdc_tsw
17:25:19.0 (70468187)|ENTERING_MANAGED_PKG|tdc_tsw
17:25:19.0 (70753866)|ENTERING_MANAGED_PKG|tdc_tsw
17:25:19.0 (71570843)|ENTERING_MANAGED_PKG|tdc_tsw
17:25:19.0 (73300606)|ENTERING_MANAGED_PKG|tdc_tsw
17:25:19.0 (74166107)|ENTERING_MANAGED_PKG|tdc_tsw
17:25:19.0 (74256812)|ENTERING_MANAGED_PKG|tdc_tsw
17:25:19.0 (74961901)|SOQL_EXECUTE_BEGIN|[200]|Aggregations:0|SELECT Name, NamespacePrefix, SystemModStamp FROM StaticResource WHERE Name LIKE :tmpVar1 LIMIT 10
17:25:19.0 (79013330)|SOQL_EXECUTE_END|[200]|Rows:1
17:25:19.0 (79974534)|ENTERING_MANAGED_PKG|tdc_tsw
17:25:19.0 (80421159)|SOQL_EXECUTE_BEGIN|[200]|Aggregations:0|SELECT Name, NamespacePrefix, SystemModStamp FROM StaticResource WHERE Name LIKE :tmpVar1 LIMIT 10
17:25:19.0 (83233844)|SOQL_EXECUTE_END|[200]|Rows:1
17:25:19.0 (83697900)|ENTERING_MANAGED_PKG|tdc_tsw
17:25:19.0 (87919912)|ENTERING_MANAGED_PKG|tdc_tsw
17:25:19.0 (89767938)|ENTERING_MANAGED_PKG|tdc_tsw
17:25:19.0 (90159973)|ENTERING_MANAGED_PKG|tdc_tsw
17:25:19.0 (91246103)|ENTERING_MANAGED_PKG|tdc_tsw
17:25:19.0 (91811855)|SOQL_EXECUTE_BEGIN|[200]|Aggregations:0|SELECT Name, NamespacePrefix, SystemModStamp FROM StaticResource WHERE Name LIKE :tmpVar1 LIMIT 10
17:25:19.0 (95466457)|SOQL_EXECUTE_END|[200]|Rows:1
17:25:19.102 (102976010)|USER_INFO|[EXTERNAL]|0051H000009gxp8|chanida.dev2@solvedbysoftwareco.com|Eastern Standard Time|GMT-05:00
17:25:19.102 (104929438)|ENTERING_MANAGED_PKG|tdc_tsw
17:25:19.102 (105173484)|ENTERING_MANAGED_PKG|tdc_tsw
17:25:19.102 (108076047)|SOQL_EXECUTE_BEGIN|[355]|Aggregations:0|SELECT id, name, Disable_Incoming_SMS_Sharing__c FROM User WHERE id = :tmpVar1
17:25:19.102 (115852861)|SOQL_EXECUTE_END|[355]|Rows:1
17:25:19.102 (117106002)|SOQL_EXECUTE_BEGIN|[367]|Aggregations:0|SELECT CreatedDate,Id,LastModifiedDate,Related_Object_Id__c FROM Message__c WHERE Name = 'Incoming' AND Read__c = false ORDER BY CreatedDate Desc limit 100
17:25:19.102 (125410780)|SOQL_EXECUTE_END|[367]|Rows:57
