44.0 APEX_CODE,FINEST;APEX_PROFILING,INFO;CALLOUT,INFO;DB,INFO;NBA,INFO;SYSTEM,DEBUG;VALIDATION,INFO;VISUALFORCE,INFO;WAVE,INFO;WORKFLOW,INFO
Execute Anonymous: tdc_tsw__Scheduled_Sms__c outSMS = new tdc_tsw__Scheduled_Sms__c();
Execute Anonymous: outSMS.tdc_tsw__message_text__c = 'XXXXXX';
Execute Anonymous: outSMS.tdc_tsw__object_name__c = 'User';
Execute Anonymous: outSMS.tdc_tsw__phone_api__c = 'mobilephone';
Execute Anonymous: outSMS.Name = '0051H000009gxp8QAA';
Execute Anonymous: outSMS.tdc_tsw__scheduled_time__c = datetime.now().addminutes(1);
Execute Anonymous: outSMS.tdc_tsw__sender_number_key__c = '0051H000009gxp8QAA17065037067';
Execute Anonymous: outSMS.tdc_tsw__scheduled_jobid__c = '08e3B00000GZKeD';
Execute Anonymous: insert outSMS;
21:29:25.1 (1710756)|USER_INFO|[EXTERNAL]|0051H000009gxp8|chanida.dev2@solvedbysoftwareco.com|Eastern Standard Time|GMT-05:00
21:29:25.1 (1752196)|EXECUTION_STARTED
21:29:25.1 (1760078)|CODE_UNIT_STARTED|[EXTERNAL]|execute_anonymous_apex
21:29:25.1 (2010226)|VARIABLE_SCOPE_BEGIN|[1]|outSMS|tdc_tsw__Scheduled_Sms__c|true|false
21:29:25.1 (2238006)|HEAP_ALLOCATE|[72]|Bytes:3
21:29:25.1 (2305729)|HEAP_ALLOCATE|[77]|Bytes:152
21:29:25.1 (2335056)|HEAP_ALLOCATE|[342]|Bytes:408
21:29:25.1 (2361346)|HEAP_ALLOCATE|[355]|Bytes:408
21:29:25.1 (2391404)|HEAP_ALLOCATE|[467]|Bytes:48
21:29:25.1 (2433593)|HEAP_ALLOCATE|[139]|Bytes:6
21:29:25.1 (2486454)|HEAP_ALLOCATE|[EXTERNAL]|Bytes:17
21:29:25.1 (2762465)|STATEMENT_EXECUTE|[1]
21:29:25.1 (2770650)|STATEMENT_EXECUTE|[1]
21:29:25.1 (2813748)|HEAP_ALLOCATE|[1]|Bytes:4
21:29:25.1 (3036674)|VARIABLE_ASSIGNMENT|[1]|outSMS|{}|0xd98f646
21:29:25.1 (3050677)|STATEMENT_EXECUTE|[2]
21:29:25.1 (3055903)|HEAP_ALLOCATE|[2]|Bytes:6
21:29:25.1 (3264521)|VARIABLE_ASSIGNMENT|[2]|this.tdc_tsw__Message_Text__c|"XXXXXX"|0xd98f646
21:29:25.1 (3279250)|STATEMENT_EXECUTE|[3]
21:29:25.1 (3284303)|HEAP_ALLOCATE|[3]|Bytes:4
21:29:25.1 (3372014)|VARIABLE_ASSIGNMENT|[3]|this.tdc_tsw__Object_Name__c|"User"|0xd98f646
21:29:25.1 (3388473)|STATEMENT_EXECUTE|[4]
21:29:25.1 (3393558)|HEAP_ALLOCATE|[4]|Bytes:11
21:29:25.1 (3477769)|VARIABLE_ASSIGNMENT|[4]|this.tdc_tsw__Phone_Api__c|"mobilephone"|0xd98f646
21:29:25.1 (3493195)|STATEMENT_EXECUTE|[5]
21:29:25.1 (3500053)|HEAP_ALLOCATE|[5]|Bytes:18
21:29:25.1 (3573903)|VARIABLE_ASSIGNMENT|[5]|this.Name|"0051H000009gxp8QAA"|0xd98f646
21:29:25.1 (3585231)|STATEMENT_EXECUTE|[6]
21:29:25.1 (3676155)|HEAP_ALLOCATE|[6]|Bytes:56
21:29:25.1 (3721296)|HEAP_ALLOCATE|[6]|Bytes:56
21:29:25.1 (3848093)|VARIABLE_ASSIGNMENT|[6]|this.tdc_tsw__Scheduled_Time__c|"2019-01-21T02:30:25.828Z"|0xd98f646
21:29:25.1 (3860782)|STATEMENT_EXECUTE|[7]
21:29:25.1 (3867643)|HEAP_ALLOCATE|[7]|Bytes:29
21:29:25.1 (3957010)|VARIABLE_ASSIGNMENT|[7]|this.tdc_tsw__Sender_Number_Key__c|"0051H000009gxp8QAA17 (9 more) ..."|0xd98f646
21:29:25.1 (3972260)|STATEMENT_EXECUTE|[8]
21:29:25.1 (3977687)|HEAP_ALLOCATE|[8]|Bytes:15
21:29:25.1 (4061124)|VARIABLE_ASSIGNMENT|[8]|this.tdc_tsw__Scheduled_JobId__c|"08e3B00000GZKeD"|0xd98f646
21:29:25.1 (4083819)|STATEMENT_EXECUTE|[9]
21:29:25.1 (4146567)|HEAP_ALLOCATE|[50]|Bytes:5
21:29:25.1 (4182486)|HEAP_ALLOCATE|[56]|Bytes:5
21:29:25.1 (4200060)|HEAP_ALLOCATE|[64]|Bytes:7
21:29:25.1 (4258934)|HEAP_ALLOCATE|[9]|Bytes:8
21:29:25.1 (4282028)|DML_BEGIN|[9]|Op:Insert|Type:tdc_tsw__Scheduled_Sms__c|Rows:1
21:29:25.1 (4334708)|HEAP_ALLOCATE|[EXTERNAL]|Bytes:8
21:29:25.65 (65437583)|ENTERING_MANAGED_PKG|tdc_tsw
21:29:25.65 (66743693)|ENTERING_MANAGED_PKG|tdc_tsw
21:29:25.65 (67298724)|ENTERING_MANAGED_PKG|tdc_tsw
21:29:25.65 (67366713)|ENTERING_MANAGED_PKG|tdc_tsw
21:29:25.68 (68665825)|CUMULATIVE_LIMIT_USAGE
21:29:25.68 (68665825)|LIMIT_USAGE_FOR_NS|(default)|
  Number of SOQL queries: 0 out of 100
  Number of query rows: 0 out of 50000
  Number of SOSL queries: 0 out of 20
  Number of DML statements: 1 out of 150
  Number of DML rows: 1 out of 10000
  Maximum CPU time: 0 out of 10000
  Maximum heap size: 0 out of 6000000
  Number of callouts: 0 out of 100
  Number of Email Invocations: 0 out of 10
  Number of future calls: 0 out of 50
  Number of queueable jobs added to the queue: 0 out of 50
  Number of Mobile Apex push calls: 0 out of 10

21:29:25.68 (68665825)|CUMULATIVE_LIMIT_USAGE_END

21:29:25.1 (76427431)|DML_END|[9]
21:29:25.79 (79697814)|CUMULATIVE_LIMIT_USAGE
21:29:25.79 (79697814)|LIMIT_USAGE_FOR_NS|(default)|
  Number of SOQL queries: 0 out of 100
  Number of query rows: 0 out of 50000
  Number of SOSL queries: 0 out of 20
  Number of DML statements: 1 out of 150
  Number of DML rows: 1 out of 10000
  Maximum CPU time: 0 out of 10000
  Maximum heap size: 0 out of 6000000
  Number of callouts: 0 out of 100
  Number of Email Invocations: 0 out of 10
  Number of future calls: 0 out of 50
  Number of queueable jobs added to the queue: 0 out of 50
  Number of Mobile Apex push calls: 0 out of 10

21:29:25.79 (79697814)|CUMULATIVE_LIMIT_USAGE_END

21:29:25.1 (79740416)|CODE_UNIT_FINISHED|execute_anonymous_apex
21:29:25.1 (80815696)|EXECUTION_FINISHED
