44.0 APEX_CODE,FINEST;APEX_PROFILING,INFO;CALLOUT,INFO;DB,INFO;NBA,INFO;SYSTEM,DEBUG;VALIDATION,INFO;VISUALFORCE,INFO;WAVE,INFO;WORKFLOW,INFO
20:52:53.0 (149597)|USER_INFO|[EXTERNAL]|0051H000009gxp8|chanida.dev2@solvedbysoftwareco.com|Eastern Standard Time|GMT-05:00
20:52:53.0 (2177405)|ENTERING_MANAGED_PKG|tdc_tsw
20:52:53.0 (2666078)|ENTERING_MANAGED_PKG|tdc_tsw
20:52:53.0 (6534221)|SOQL_EXECUTE_BEGIN|[16]|Aggregations:0|SELECT id, name, Disable_Incoming_SMS_Sharing__c FROM User WHERE id = :tmpVar1
20:52:53.0 (13708778)|SOQL_EXECUTE_END|[16]|Rows:1
20:52:53.0 (18969671)|SOQL_EXECUTE_BEGIN|[37]|Aggregations:0|SELECT CreatedDate,Created_Date__c,Id,LastModifiedDate,MessageId__c,Message_Text_New__c,Name,OwnerId,Read__c,Related_Object_Id__c,Related_Object__c,Sender_Number__c, Sender_Name__c,ToNumber__c,Attachments_Ids__c FROM Message__c WHERE Name = 'Incoming' AND Read__c = false ORDER BY CreatedDate Desc limit 100
20:52:53.0 (29448072)|SOQL_EXECUTE_END|[37]|Rows:16
20:52:53.0 (32998484)|ENTERING_MANAGED_PKG|tdc_tsw
20:52:53.0 (34621326)|ENTERING_MANAGED_PKG|tdc_tsw
20:52:53.0 (35049428)|ENTERING_MANAGED_PKG|tdc_tsw
20:52:53.0 (35717251)|ENTERING_MANAGED_PKG|tdc_tsw
20:52:53.0 (38634866)|ENTERING_MANAGED_PKG|tdc_tsw
20:52:53.0 (39440826)|ENTERING_MANAGED_PKG|tdc_tsw
20:52:53.0 (39704745)|ENTERING_MANAGED_PKG|tdc_tsw
20:52:53.0 (40111729)|ENTERING_MANAGED_PKG|tdc_tsw
20:52:53.0 (41237411)|ENTERING_MANAGED_PKG|tdc_tsw
20:52:53.0 (42002737)|ENTERING_MANAGED_PKG|tdc_tsw
20:52:53.0 (42244719)|ENTERING_MANAGED_PKG|tdc_tsw
20:52:53.0 (42641017)|ENTERING_MANAGED_PKG|tdc_tsw
20:52:53.0 (43833830)|ENTERING_MANAGED_PKG|tdc_tsw
20:52:53.0 (44499900)|ENTERING_MANAGED_PKG|tdc_tsw
20:52:53.0 (44573310)|ENTERING_MANAGED_PKG|tdc_tsw
20:52:53.0 (45124705)|SOQL_EXECUTE_BEGIN|[200]|Aggregations:0|SELECT Name, NamespacePrefix, SystemModStamp FROM StaticResource WHERE Name LIKE :tmpVar1 LIMIT 10
20:52:53.0 (47810538)|SOQL_EXECUTE_END|[200]|Rows:1
20:52:53.0 (48529157)|ENTERING_MANAGED_PKG|tdc_tsw
20:52:53.0 (48886687)|SOQL_EXECUTE_BEGIN|[200]|Aggregations:0|SELECT Name, NamespacePrefix, SystemModStamp FROM StaticResource WHERE Name LIKE :tmpVar1 LIMIT 10
20:52:53.0 (51043816)|SOQL_EXECUTE_END|[200]|Rows:1
20:52:53.0 (51435551)|ENTERING_MANAGED_PKG|tdc_tsw
20:52:53.0 (54525298)|ENTERING_MANAGED_PKG|tdc_tsw
20:52:53.0 (56048141)|ENTERING_MANAGED_PKG|tdc_tsw
20:52:53.0 (56336863)|ENTERING_MANAGED_PKG|tdc_tsw
20:52:53.0 (57138590)|ENTERING_MANAGED_PKG|tdc_tsw
20:52:53.0 (57507491)|SOQL_EXECUTE_BEGIN|[200]|Aggregations:0|SELECT Name, NamespacePrefix, SystemModStamp FROM StaticResource WHERE Name LIKE :tmpVar1 LIMIT 10
20:52:53.0 (59630198)|SOQL_EXECUTE_END|[200]|Rows:1
20:52:53.64 (64724632)|USER_INFO|[EXTERNAL]|0051H000009gxp8|chanida.dev2@solvedbysoftwareco.com|Eastern Standard Time|GMT-05:00
20:52:53.64 (66034793)|ENTERING_MANAGED_PKG|tdc_tsw
20:52:53.64 (66202648)|ENTERING_MANAGED_PKG|tdc_tsw
20:52:53.64 (68479434)|SOQL_EXECUTE_BEGIN|[355]|Aggregations:0|SELECT id, name, Disable_Incoming_SMS_Sharing__c FROM User WHERE id = :tmpVar1
20:52:53.64 (74410961)|SOQL_EXECUTE_END|[355]|Rows:1
20:52:53.64 (75330458)|SOQL_EXECUTE_BEGIN|[367]|Aggregations:0|SELECT CreatedDate,Id,LastModifiedDate,Related_Object_Id__c FROM Message__c WHERE Name = 'Incoming' AND Read__c = false ORDER BY CreatedDate Desc limit 100
20:52:53.64 (80718079)|SOQL_EXECUTE_END|[367]|Rows:16
