44.0 APEX_CODE,FINEST;APEX_PROFILING,INFO;CALLOUT,INFO;DB,INFO;NBA,INFO;SYSTEM,DEBUG;VALIDATION,INFO;VISUALFORCE,INFO;WAVE,INFO;WORKFLOW,INFO
21:53:20.0 (118183)|USER_INFO|[EXTERNAL]|0051H000009gxp8|chanida.dev2@solvedbysoftwareco.com|Eastern Standard Time|GMT-05:00
21:53:20.0 (2210347)|ENTERING_MANAGED_PKG|tdc_tsw
21:53:20.0 (2781530)|ENTERING_MANAGED_PKG|tdc_tsw
21:53:20.0 (6954628)|SOQL_EXECUTE_BEGIN|[16]|Aggregations:0|SELECT id, name, Disable_Incoming_SMS_Sharing__c FROM User WHERE id = :tmpVar1
21:53:20.0 (15434801)|SOQL_EXECUTE_END|[16]|Rows:1
21:53:20.0 (21939741)|SOQL_EXECUTE_BEGIN|[37]|Aggregations:0|SELECT CreatedDate,Created_Date__c,Id,LastModifiedDate,MessageId__c,Message_Text_New__c,Name,OwnerId,Read__c,Related_Object_Id__c,Related_Object__c,Sender_Number__c, Sender_Name__c,ToNumber__c,Attachments_Ids__c FROM Message__c WHERE Name = 'Incoming' AND Read__c = false ORDER BY CreatedDate Desc limit 100
21:53:20.0 (33719707)|SOQL_EXECUTE_END|[37]|Rows:16
21:53:20.0 (38173798)|ENTERING_MANAGED_PKG|tdc_tsw
21:53:20.0 (40146115)|ENTERING_MANAGED_PKG|tdc_tsw
21:53:20.0 (40652048)|ENTERING_MANAGED_PKG|tdc_tsw
21:53:20.0 (41457789)|ENTERING_MANAGED_PKG|tdc_tsw
21:53:20.0 (44729068)|ENTERING_MANAGED_PKG|tdc_tsw
21:53:20.0 (45705093)|ENTERING_MANAGED_PKG|tdc_tsw
21:53:20.0 (46021217)|ENTERING_MANAGED_PKG|tdc_tsw
21:53:20.0 (46532623)|ENTERING_MANAGED_PKG|tdc_tsw
21:53:20.0 (47898334)|ENTERING_MANAGED_PKG|tdc_tsw
21:53:20.0 (48836354)|ENTERING_MANAGED_PKG|tdc_tsw
21:53:20.0 (49121557)|ENTERING_MANAGED_PKG|tdc_tsw
21:53:20.0 (49621621)|ENTERING_MANAGED_PKG|tdc_tsw
21:53:20.0 (51082789)|ENTERING_MANAGED_PKG|tdc_tsw
21:53:20.0 (51888359)|ENTERING_MANAGED_PKG|tdc_tsw
21:53:20.0 (51973236)|ENTERING_MANAGED_PKG|tdc_tsw
21:53:20.0 (52670915)|SOQL_EXECUTE_BEGIN|[200]|Aggregations:0|SELECT Name, NamespacePrefix, SystemModStamp FROM StaticResource WHERE Name LIKE :tmpVar1 LIMIT 10
21:53:20.0 (56232721)|SOQL_EXECUTE_END|[200]|Rows:1
21:53:20.0 (57150144)|ENTERING_MANAGED_PKG|tdc_tsw
21:53:20.0 (57574864)|SOQL_EXECUTE_BEGIN|[200]|Aggregations:0|SELECT Name, NamespacePrefix, SystemModStamp FROM StaticResource WHERE Name LIKE :tmpVar1 LIMIT 10
21:53:20.0 (59954941)|SOQL_EXECUTE_END|[200]|Rows:1
21:53:20.0 (60417316)|ENTERING_MANAGED_PKG|tdc_tsw
21:53:20.0 (64247346)|ENTERING_MANAGED_PKG|tdc_tsw
21:53:20.0 (66085653)|ENTERING_MANAGED_PKG|tdc_tsw
21:53:20.0 (66443344)|ENTERING_MANAGED_PKG|tdc_tsw
21:53:20.0 (67431809)|ENTERING_MANAGED_PKG|tdc_tsw
21:53:20.0 (67934713)|SOQL_EXECUTE_BEGIN|[200]|Aggregations:0|SELECT Name, NamespacePrefix, SystemModStamp FROM StaticResource WHERE Name LIKE :tmpVar1 LIMIT 10
21:53:20.0 (70795741)|SOQL_EXECUTE_END|[200]|Rows:1
21:53:20.76 (76336616)|USER_INFO|[EXTERNAL]|0051H000009gxp8|chanida.dev2@solvedbysoftwareco.com|Eastern Standard Time|GMT-05:00
21:53:20.76 (77801740)|ENTERING_MANAGED_PKG|tdc_tsw
21:53:20.76 (78026175)|ENTERING_MANAGED_PKG|tdc_tsw
21:53:20.76 (80823748)|SOQL_EXECUTE_BEGIN|[355]|Aggregations:0|SELECT id, name, Disable_Incoming_SMS_Sharing__c FROM User WHERE id = :tmpVar1
21:53:20.76 (87568231)|SOQL_EXECUTE_END|[355]|Rows:1
21:53:20.76 (88862925)|SOQL_EXECUTE_BEGIN|[367]|Aggregations:0|SELECT CreatedDate,Id,LastModifiedDate,Related_Object_Id__c FROM Message__c WHERE Name = 'Incoming' AND Read__c = false ORDER BY CreatedDate Desc limit 100
21:53:20.76 (96978141)|SOQL_EXECUTE_END|[367]|Rows:16
