44.0 APEX_CODE,FINEST;APEX_PROFILING,INFO;CALLOUT,INFO;DB,INFO;NBA,INFO;SYSTEM,DEBUG;VALIDATION,INFO;VISUALFORCE,INFO;WAVE,INFO;WORKFLOW,INFO
23:29:16.0 (511901)|USER_INFO|[EXTERNAL]|0051H000009gxp8|chanida.dev2@solvedbysoftwareco.com|Eastern Standard Time|GMT-05:00
23:29:16.0 (3511142)|ENTERING_MANAGED_PKG|tdc_tsw
23:29:16.0 (3721563)|ENTERING_MANAGED_PKG|tdc_tsw
23:29:16.0 (5181796)|ENTERING_MANAGED_PKG|tdc_tsw
23:29:16.0 (5226925)|ENTERING_MANAGED_PKG|tdc_tsw
23:29:16.0 (6419740)|ENTERING_MANAGED_PKG|tdc_tsw
23:29:16.0 (7853263)|ENTERING_MANAGED_PKG|tdc_tsw
23:29:16.0 (9557361)|ENTERING_MANAGED_PKG|tdc_tsw
23:29:16.0 (9633158)|ENTERING_MANAGED_PKG|tdc_tsw
23:29:16.0 (10994467)|ENTERING_MANAGED_PKG|tdc_tsw
23:29:16.0 (21558881)|SOQL_EXECUTE_BEGIN|[82]|Aggregations:0|SELECT CreatedDate, Id,Task_Created__c,Event_Created__c,isCaseCreated__c,Task_Id__c,Event_Id__c,Case__c, Important__c, Delivered__c, Message_Text_New__c, Name, Owner.Name, Read__c,MessageId__c, ToNumber__c, Related_Object_Id__c, Related_Object__c, Sender_Number__c, LastModifiedDate, Attachments_Ids__c FROM Message__c WHERE Contact__c =: recordId ORDER BY CreatedDate Desc limit 200
23:29:16.0 (34479364)|SOQL_EXECUTE_END|[82]|Rows:2
23:29:16.0 (36393367)|ENTERING_MANAGED_PKG|tdc_tsw
23:29:16.0 (36663482)|ENTERING_MANAGED_PKG|tdc_tsw
23:29:16.0 (36740820)|ENTERING_MANAGED_PKG|tdc_tsw
23:29:16.0 (37272153)|SOQL_EXECUTE_BEGIN|[200]|Aggregations:0|SELECT Name, NamespacePrefix, SystemModStamp FROM StaticResource WHERE Name LIKE :tmpVar1 LIMIT 10
23:29:16.0 (39773410)|SOQL_EXECUTE_END|[200]|Rows:1
23:29:16.0 (41668797)|ENTERING_MANAGED_PKG|tdc_tsw
23:29:16.0 (43211456)|ENTERING_MANAGED_PKG|tdc_tsw
23:29:16.0 (43255924)|ENTERING_MANAGED_PKG|tdc_tsw
23:29:16.0 (44974271)|ENTERING_MANAGED_PKG|tdc_tsw
23:29:16.0 (45683880)|ENTERING_MANAGED_PKG|tdc_tsw
23:29:16.0 (52221962)|SOQL_EXECUTE_BEGIN|[172]|Aggregations:0|SELECT id, name FROM ChatTranscript__c WHERE (Chat_Active__c = TRUE AND (Related_Object_Id__c = :tmpVar1 OR Related_Object_Id__c = :tmpVar2)) LIMIT 1
23:29:16.0 (55368792)|SOQL_EXECUTE_END|[172]|Rows:0
23:29:16.0 (56427367)|ENTERING_MANAGED_PKG|tdc_tsw
23:29:16.0 (56471965)|ENTERING_MANAGED_PKG|tdc_tsw
