44.0 APEX_CODE,FINEST;APEX_PROFILING,INFO;CALLOUT,INFO;DB,INFO;NBA,INFO;SYSTEM,DEBUG;VALIDATION,INFO;VISUALFORCE,INFO;WAVE,INFO;WORKFLOW,INFO
21:36:03.0 (118596)|USER_INFO|[EXTERNAL]|0051H000009gxp8|chanida.dev2@solvedbysoftwareco.com|Eastern Standard Time|GMT-05:00
21:36:03.0 (1585293)|ENTERING_MANAGED_PKG|tdc_tsw
21:36:03.0 (1990745)|ENTERING_MANAGED_PKG|tdc_tsw
21:36:03.0 (5730623)|SOQL_EXECUTE_BEGIN|[16]|Aggregations:0|SELECT id, name, Disable_Incoming_SMS_Sharing__c FROM User WHERE id = :tmpVar1
21:36:03.0 (13100355)|SOQL_EXECUTE_END|[16]|Rows:1
21:36:03.0 (19293136)|SOQL_EXECUTE_BEGIN|[37]|Aggregations:0|SELECT CreatedDate,Created_Date__c,Id,LastModifiedDate,MessageId__c,Message_Text_New__c,Name,OwnerId,Read__c,Related_Object_Id__c,Related_Object__c,Sender_Number__c, Sender_Name__c,ToNumber__c,Attachments_Ids__c FROM Message__c WHERE Name = 'Incoming' AND Read__c = false ORDER BY CreatedDate Desc limit 100
21:36:03.0 (31404057)|SOQL_EXECUTE_END|[37]|Rows:16
21:36:03.0 (35301374)|ENTERING_MANAGED_PKG|tdc_tsw
21:36:03.0 (36917137)|ENTERING_MANAGED_PKG|tdc_tsw
21:36:03.0 (37357629)|ENTERING_MANAGED_PKG|tdc_tsw
21:36:03.0 (38022763)|ENTERING_MANAGED_PKG|tdc_tsw
21:36:03.0 (40905122)|ENTERING_MANAGED_PKG|tdc_tsw
21:36:03.0 (41701717)|ENTERING_MANAGED_PKG|tdc_tsw
21:36:03.0 (41963687)|ENTERING_MANAGED_PKG|tdc_tsw
21:36:03.0 (42392184)|ENTERING_MANAGED_PKG|tdc_tsw
21:36:03.0 (43515826)|ENTERING_MANAGED_PKG|tdc_tsw
21:36:03.0 (44293662)|ENTERING_MANAGED_PKG|tdc_tsw
21:36:03.0 (44529038)|ENTERING_MANAGED_PKG|tdc_tsw
21:36:03.0 (44930701)|ENTERING_MANAGED_PKG|tdc_tsw
21:36:03.0 (46188416)|ENTERING_MANAGED_PKG|tdc_tsw
21:36:03.0 (46958561)|ENTERING_MANAGED_PKG|tdc_tsw
21:36:03.0 (47030849)|ENTERING_MANAGED_PKG|tdc_tsw
21:36:03.0 (47601326)|SOQL_EXECUTE_BEGIN|[200]|Aggregations:0|SELECT Name, NamespacePrefix, SystemModStamp FROM StaticResource WHERE Name LIKE :tmpVar1 LIMIT 10
21:36:03.0 (50907169)|SOQL_EXECUTE_END|[200]|Rows:1
21:36:03.0 (51780894)|ENTERING_MANAGED_PKG|tdc_tsw
21:36:03.0 (52170791)|SOQL_EXECUTE_BEGIN|[200]|Aggregations:0|SELECT Name, NamespacePrefix, SystemModStamp FROM StaticResource WHERE Name LIKE :tmpVar1 LIMIT 10
21:36:03.0 (54423815)|SOQL_EXECUTE_END|[200]|Rows:1
21:36:03.0 (54829885)|ENTERING_MANAGED_PKG|tdc_tsw
21:36:03.0 (58320223)|ENTERING_MANAGED_PKG|tdc_tsw
21:36:03.0 (59897525)|ENTERING_MANAGED_PKG|tdc_tsw
21:36:03.0 (60244916)|ENTERING_MANAGED_PKG|tdc_tsw
21:36:03.0 (61206004)|ENTERING_MANAGED_PKG|tdc_tsw
21:36:03.0 (61674343)|SOQL_EXECUTE_BEGIN|[200]|Aggregations:0|SELECT Name, NamespacePrefix, SystemModStamp FROM StaticResource WHERE Name LIKE :tmpVar1 LIMIT 10
21:36:03.0 (64306749)|SOQL_EXECUTE_END|[200]|Rows:1
21:36:03.69 (69664000)|USER_INFO|[EXTERNAL]|0051H000009gxp8|chanida.dev2@solvedbysoftwareco.com|Eastern Standard Time|GMT-05:00
21:36:03.69 (71096507)|ENTERING_MANAGED_PKG|tdc_tsw
21:36:03.69 (71277029)|ENTERING_MANAGED_PKG|tdc_tsw
21:36:03.69 (73672031)|SOQL_EXECUTE_BEGIN|[355]|Aggregations:0|SELECT id, name, Disable_Incoming_SMS_Sharing__c FROM User WHERE id = :tmpVar1
21:36:03.69 (79643621)|SOQL_EXECUTE_END|[355]|Rows:1
21:36:03.69 (80784305)|SOQL_EXECUTE_BEGIN|[367]|Aggregations:0|SELECT CreatedDate,Id,LastModifiedDate,Related_Object_Id__c FROM Message__c WHERE Name = 'Incoming' AND Read__c = false ORDER BY CreatedDate Desc limit 100
21:36:03.69 (86830662)|SOQL_EXECUTE_END|[367]|Rows:16
